1526400004.35 69.8
1526400014.37 69.3
1526400024.39 68.8
1526400034.4 68.2
1526400044.43 69.3
1526400054.44 68.8
1526400064.46 68.2
1526400074.48 67.7
1526400084.49 67.7
1526400094.51 68.8
1526400104.53 67.7
1526400114.54 68.8
1526400124.56 68.8
1526400134.57 68.8
1526400144.59 68.8
1526400154.61 68.8
1526400164.62 68.2
1526400174.64 68.8
1526400184.66 68.8
1526400194.68 68.8
1526400204.69 68.8
1526400214.71 69.3
1526400224.73 68.8
1526400234.74 68.2
1526400244.76 68.8
1526400254.77 68.8
1526400264.79 69.3
1526400274.81 68.8
1526400284.84 68.8
1526400294.85 68.8
1526400304.87 68.8
1526400314.89 69.3
1526400324.91 68.2
1526400334.93 69.3
1526400344.95 68.8
1526400354.96 68.8
1526400364.98 68.8
1526400374.99 68.2
1526400385.01 68.8
1526400395.03 68.8
1526400405.05 68.8
1526400415.06 69.3
1526400425.08 69.3
1526400435.09 69.3
1526400445.11 69.3
1526400455.13 68.8
1526400465.15 68.8
1526400475.17 69.8
1526400485.18 69.3
1526400495.19 69.3
1526400505.22 68.8
1526400515.23 68.8
1526400525.25 69.3
1526400535.27 69.8
1526400545.29 69.8
1526400555.31 69.3
1526400565.32 68.8
1526400575.33 69.3
1526400585.34 69.8
1526400595.35 70.4
1526400605.37 69.8
1526400615.39 68.8
1526400625.4 69.3
1526400635.42 69.3
1526400645.44 68.8
1526400655.45 68.8
1526400665.47 68.8
1526400675.49 69.3
1526400685.5 68.8
1526400695.52 68.8
1526400705.54 69.3
1526400715.56 68.8
1526400725.57 69.3
1526400735.59 69.3
1526400745.6 70.4
1526400755.62 69.3
1526400765.64 69.3
1526400775.65 69.3
1526400785.67 69.8
1526400795.69 68.8
1526400805.71 68.8
1526400815.72 69.3
1526400825.74 69.8
1526400835.76 70.4
1526400845.77 69.8
1526400855.78 69.3
1526400865.81 69.3
1526400875.82 69.8
1526400885.83 69.3
1526400895.85 69.8
1526400905.86 69.8
1526400915.88 69.8
1526400925.9 69.8
1526400935.91 69.8
1526400945.93 69.8
1526400955.95 69.8
1526400965.97 69.8
1526400975.98 70.4
1526400986.0 69.8
1526400996.01 69.8
1526401006.03 69.8
1526401016.05 69.3
1526401026.06 69.3
1526401036.08 69.3
1526401046.1 69.3
1526401056.11 69.8
1526401066.13 69.3
1526401076.15 69.3
1526401086.16 69.8
1526401096.18 69.3
1526401106.19 69.3
1526401116.22 68.8
1526401126.23 69.3
1526401136.25 69.8
1526401146.27 68.8
1526401156.29 69.8
1526401166.31 69.3
1526401176.32 68.8
1526401186.33 69.3
1526401196.36 68.8
1526401206.38 69.3
1526401216.39 68.8
1526401226.41 69.3
1526401236.43 68.8
1526401246.44 68.8
1526401256.45 68.8
1526401266.47 68.8
1526401276.48 69.3
1526401286.5 68.8
1526401296.52 68.8
1526401306.54 69.3
1526401316.55 69.8
1526401326.57 69.3
1526401336.59 69.3
1526401346.6 69.8
1526401356.62 69.3
1526401366.64 69.3
1526401376.65 69.3
1526401386.67 69.3
1526401396.69 69.3
1526401406.71 69.3
1526401416.72 69.3
1526401426.74 69.8
1526401436.75 69.8
1526401446.76 70.4
1526401456.78 69.8
1526401466.79 69.8
1526401476.81 69.8
1526401486.83 69.8
1526401496.85 69.8
1526401506.87 69.8
1526401516.88 69.8
1526401526.89 69.8
1526401536.9 69.8
1526401546.92 69.8
1526401556.94 70.9
1526401566.95 70.4
1526401576.97 69.3
1526401586.99 70.4
1526401597.0 69.8
1526401607.02 69.3
1526401617.04 69.8
1526401627.06 69.8
1526401637.07 69.3
1526401647.09 69.3
1526401657.1 69.8
1526401667.12 69.8
1526401677.14 69.3
1526401687.15 69.8
1526401697.17 69.3
1526401707.19 69.3
1526401717.21 68.8
1526401727.22 69.3
1526401737.24 69.3
1526401747.26 69.3
1526401757.28 69.3
1526401767.29 68.8
1526401777.3 69.3
1526401787.33 69.8
1526401797.35 68.8
1526401807.38 68.8
1526401817.4 69.8
1526401827.41 69.3
1526401837.43 68.8
1526401847.45 68.8
1526401857.47 68.8
1526401867.49 68.8
1526401877.51 68.8
1526401887.52 69.3
1526401897.53 68.8
1526401907.56 67.7
1526401917.57 68.8
1526401927.59 68.8
1526401937.6 68.8
1526401947.61 68.8
1526401957.63 68.8
1526401967.65 68.8
1526401977.66 68.8
1526401987.68 67.7
1526401997.7 68.8
1526402007.72 67.7
1526402017.74 67.7
1526402027.75 67.7
1526402037.77 67.7
1526402047.79 68.2
1526402057.81 68.2
1526402067.83 67.7
1526402077.84 67.1
1526402087.86 67.7
1526402097.87 68.2
1526402107.89 67.1
1526402117.91 67.7
1526402127.93 67.7
1526402137.94 67.7
1526402147.96 67.7
1526402157.97 67.7
1526402167.99 67.7
1526402178.01 67.7
1526402188.02 67.7
1526402198.04 67.7
1526402208.06 67.1
1526402218.08 66.6
1526402228.09 66.6
1526402238.11 66.6
1526402248.13 67.1
1526402258.14 66.6
1526402268.16 67.1
1526402278.18 66.6
1526402288.21 66.6
1526402298.23 66.6
1526402308.24 66.6
1526402318.26 65.5
1526402328.28 66.6
1526402338.29 67.1
1526402348.31 67.1
1526402358.33 66.6
1526402368.35 66.6
1526402378.37 66.6
1526402388.38 66.6
1526402398.4 66.6
1526402408.42 66.6
1526402418.44 66.6
1526402428.45 65.5
1526402438.48 66.6
1526402448.49 66.6
1526402458.51 65.5
1526402468.53 66.1
1526402478.55 65.5
1526402488.56 66.1
1526402498.58 65.5
1526402508.6 65.5
1526402518.62 64.5
1526402528.64 66.1
1526402538.65 65.5
1526402548.67 65.5
1526402558.69 66.1
1526402568.7 65.5
1526402578.72 65.5
1526402588.73 65.5
1526402598.75 66.1
1526402608.77 65.5
1526402618.79 65.5
1526402628.8 66.1
1526402638.82 66.1
1526402648.83 65.5
1526402658.85 66.1
1526402668.87 66.6
1526402678.88 66.1
1526402688.9 65.5
1526402698.91 65.5
1526402708.93 66.1
1526402718.95 66.1
1526402728.96 66.1
1526402739.05 66.1
1526402749.06 65.5
1526402759.07 65.5
1526402769.09 65.5
1526402779.1 65.0
1526402789.12 65.5
1526402799.14 66.1
1526402809.15 65.0
1526402819.17 66.6
1526402829.19 66.6
1526402839.21 65.5
1526402849.23 65.5
1526402859.25 66.1
1526402869.27 65.5
1526402879.28 66.1
1526402889.3 66.6
1526402899.31 66.6
1526402909.32 66.1
1526402919.33 66.6
1526402929.35 66.6
1526402939.37 66.6
1526402949.38 66.6
1526402959.4 65.5
1526402969.42 66.1
1526402979.43 66.6
1526402989.45 64.5
1526402999.47 66.1
1526403009.51 65.5
1526403019.52 65.0
1526403029.54 66.1
1526403039.56 65.5
1526403049.58 65.5
1526403059.6 65.0
1526403069.62 66.1
1526403079.64 65.5
1526403089.66 65.0
1526403099.67 66.1
1526403109.69 66.6
1526403119.71 66.1
1526403129.73 65.5
1526403139.74 66.1
1526403149.76 66.6
1526403159.78 66.6
1526403169.8 66.1
1526403179.81 65.5
1526403189.83 66.6
1526403199.84 66.6
1526403209.86 66.6
1526403219.88 66.6
1526403229.89 66.6
1526403239.91 66.6
1526403249.92 66.6
1526403259.95 66.6
1526403269.96 66.6
1526403279.98 66.6
1526403289.99 66.6
1526403300.0 66.6
1526403310.02 67.1
1526403320.04 66.1
1526403330.06 65.5
1526403340.07 66.6
1526403350.09 65.5
1526403360.11 66.1
1526403370.12 66.6
1526403380.14 66.6
1526403390.15 66.1
1526403400.16 66.6
1526403410.19 66.6
1526403420.2 66.6
1526403430.22 67.1
1526403440.24 66.6
1526403450.26 66.6
1526403460.27 67.1
1526403470.29 67.1
1526403480.31 66.6
1526403490.33 67.1
1526403500.35 67.1
1526403510.36 67.7
1526403520.38 67.1
1526403530.39 67.7
1526403540.43 68.8
1526403550.45 67.7
1526403560.46 67.7
1526403570.48 68.2
1526403580.5 67.7
1526403590.51 67.1
1526403600.53 67.1
