1526600007.06 59.1
1526600017.08 59.6
1526600027.1 59.6
1526600037.12 58.5
1526600047.14 59.1
1526600057.15 59.6
1526600067.17 59.1
1526600077.18 59.1
1526600087.2 59.1
1526600097.21 59.1
1526600107.26 58.5
1526600117.28 59.1
1526600127.3 58.5
1526600137.31 59.1
1526600147.33 58.0
1526600157.35 59.1
1526600167.36 59.1
1526600177.39 59.1
1526600187.4 59.1
1526600197.41 58.5
1526600207.43 58.0
1526600217.44 59.1
1526600227.46 59.1
1526600237.48 58.5
1526600247.49 59.1
1526600257.51 59.1
1526600267.53 58.5
1526600277.55 58.5
1526600287.56 59.1
1526600297.58 58.0
1526600307.59 58.5
1526600317.62 58.0
1526600327.63 58.0
1526600337.65 57.5
1526600347.67 57.5
1526600357.68 58.0
1526600367.7 58.0
1526600377.72 57.5
1526600387.73 58.0
1526600397.75 58.0
1526600407.77 58.0
1526600417.78 58.0
1526600427.8 58.0
1526600437.82 58.0
1526600447.84 58.0
1526600457.86 58.0
1526600467.87 58.0
1526600477.89 58.0
1526600487.91 58.5
1526600497.93 58.0
1526600507.94 58.5
1526600517.95 58.5
1526600527.97 58.0
1526600537.99 59.1
1526600548.0 58.0
1526600558.01 58.5
1526600568.03 58.0
1526600578.04 58.5
1526600588.06 58.0
1526600598.08 58.0
1526600608.09 58.0
1526600618.1 58.0
1526600628.12 58.0
1526600638.13 58.0
1526600648.15 58.5
1526600658.17 58.0
1526600668.18 58.0
1526600678.2 58.0
1526600688.22 58.0
1526600698.24 58.0
1526600708.25 58.0
1526600718.29 58.0
1526600728.3 58.0
1526600738.31 58.0
1526600748.32 58.5
1526600758.33 58.0
1526600768.35 58.0
1526600778.36 58.0
1526600788.38 58.0
1526600798.4 58.0
1526600808.41 58.5
1526600818.43 58.0
1526600828.45 59.1
1526600838.47 58.0
1526600848.49 58.0
1526600858.5 58.0
1526600868.52 58.5
1526600878.54 58.5
1526600888.56 58.0
1526600898.58 58.0
1526600908.6 59.1
1526600918.62 58.0
1526600928.64 58.0
1526600938.66 58.0
1526600948.67 58.0
1526600958.69 58.0
1526600968.71 57.5
1526600978.72 58.0
1526600988.74 58.0
1526600998.76 58.0
1526601008.78 58.0
1526601018.8 58.0
1526601028.82 58.0
1526601038.84 57.5
1526601048.86 58.5
1526601058.87 58.5
1526601068.89 58.5
1526601078.91 58.5
1526601088.93 58.0
1526601098.95 59.1
1526601108.97 58.0
1526601118.99 59.1
1526601129.0 58.5
1526601139.02 58.5
1526601149.04 58.5
1526601159.05 58.0
1526601169.07 58.0
1526601179.08 58.0
1526601189.11 58.0
1526601199.12 58.5
1526601209.14 58.0
1526601219.15 58.5
1526601229.17 58.0
1526601239.19 58.0
1526601249.2 58.0
1526601259.22 56.9
1526601269.24 58.0
1526601279.26 57.5
1526601289.28 58.0
1526601299.29 58.0
1526601309.31 57.5
1526601319.33 58.0
1526601329.35 58.0
1526601339.37 57.5
1526601349.39 58.0
1526601359.4 58.0
1526601369.42 58.0
1526601379.44 57.5
1526601389.45 58.0
1526601399.47 58.0
1526601409.49 57.5
1526601419.5 58.0
1526601429.53 56.9
1526601439.55 58.0
1526601449.56 56.9
1526601459.57 57.5
1526601469.59 58.0
1526601479.6 56.9
1526601489.62 56.9
1526601499.64 58.0
1526601509.66 56.9
1526601519.67 58.0
1526601529.68 56.9
1526601539.7 56.9
1526601549.71 58.0
1526601559.72 58.0
1526601569.73 58.0
1526601579.74 57.5
1526601589.76 56.9
1526601599.78 58.0
1526601609.79 59.1
1526601619.81 58.5
1526601629.83 58.0
1526601639.85 58.0
1526601649.86 56.9
1526601659.88 57.5
1526601669.9 58.0
1526601679.91 58.0
1526601689.93 58.0
1526601699.95 58.0
1526601709.96 58.5
1526601719.98 57.5
1526601730.0 58.0
1526601740.01 58.0
1526601750.03 58.0
1526601760.04 58.0
1526601770.05 58.0
1526601780.07 57.5
1526601790.08 56.9
1526601800.1 58.0
1526601810.12 56.9
1526601820.13 58.0
1526601830.15 57.5
1526601840.16 57.5
1526601850.17 56.4
1526601860.19 56.9
1526601870.21 56.9
1526601880.23 56.9
1526601890.25 56.4
1526601900.26 56.9
1526601910.28 55.8
1526601920.29 56.4
1526601930.31 56.9
1526601940.33 55.8
1526601950.34 56.4
1526601960.36 55.8
1526601970.37 56.9
1526601980.38 56.4
1526601990.39 56.9
1526602000.4 56.9
1526602010.42 55.8
1526602020.43 56.9
1526602030.44 56.4
1526602040.46 56.4
1526602050.48 56.9
1526602060.49 57.5
1526602070.5 56.9
1526602080.51 56.4
1526602090.52 56.9
1526602100.53 56.9
1526602110.54 56.9
1526602120.55 56.9
1526602130.57 56.9
1526602140.58 55.8
1526602150.59 56.9
1526602160.61 56.9
1526602170.62 57.5
1526602180.64 56.9
1526602190.66 56.9
1526602200.68 56.4
1526602210.69 56.9
1526602220.71 57.5
1526602230.72 56.9
1526602240.73 57.5
1526602250.75 56.9
1526602260.77 56.4
1526602270.78 55.8
1526602280.8 56.4
1526602290.82 56.9
1526602300.83 56.9
1526602310.85 56.9
1526602320.87 56.9
1526602330.88 56.9
1526602340.9 56.9
1526602350.92 56.4
1526602360.94 56.9
1526602370.95 56.9
1526602380.97 58.0
1526602390.98 58.5
1526602401.0 56.9
1526602411.02 58.0
1526602421.03 57.5
1526602431.05 56.9
1526602441.06 57.5
1526602451.07 56.9
1526602461.09 56.9
1526602471.1 56.4
1526602481.12 56.4
1526602491.13 56.9
1526602501.14 56.4
1526602511.16 56.9
1526602521.17 57.5
1526602531.18 56.9
1526602541.19 55.8
1526602551.21 55.8
1526602561.22 56.4
1526602571.23 55.8
1526602581.24 56.4
1526602591.26 56.4
1526602601.28 55.8
1526602611.29 55.8
1526602621.31 56.9
1526602631.33 55.8
1526602641.34 56.4
1526602651.36 55.8
1526602661.37 56.4
1526602671.39 55.8
1526602681.41 56.4
1526602691.44 54.8
1526602701.45 55.8
1526602711.47 55.3
1526602721.49 55.8
1526602731.51 55.8
1526602741.53 55.8
1526602751.55 55.8
1526602761.56 55.8
1526602771.58 55.8
1526602781.6 56.9
1526602791.61 55.8
1526602801.63 55.8
1526602811.66 55.8
1526602821.67 56.4
1526602831.69 55.8
1526602841.71 55.8
1526602851.72 55.8
1526602861.73 56.4
1526602871.75 55.3
1526602881.78 55.3
1526602891.8 55.8
1526602901.83 54.8
1526602911.85 55.3
1526602921.86 55.8
1526602931.88 55.8
1526602941.9 55.3
1526602951.91 55.3
1526602961.93 55.8
1526602971.95 55.8
1526602981.97 55.8
1526602991.99 54.8
1526603002.01 55.3
1526603012.03 54.8
1526603022.04 55.3
1526603032.05 55.8
1526603042.07 55.3
1526603052.09 54.8
1526603062.11 55.8
1526603072.13 55.8
1526603082.14 54.8
1526603092.16 55.8
1526603102.18 54.8
1526603112.19 55.8
1526603122.21 55.3
1526603132.23 55.8
1526603142.25 55.3
1526603152.26 55.8
1526603162.28 54.8
1526603172.3 55.3
1526603182.31 55.8
1526603192.33 55.3
1526603202.34 55.8
1526603212.37 56.4
1526603222.38 54.8
1526603232.4 54.8
1526603242.42 55.8
1526603252.44 55.8
1526603262.45 55.8
1526603272.47 54.8
1526603282.49 55.8
1526603292.51 55.3
1526603302.53 55.3
1526603312.54 55.3
1526603322.56 55.8
1526603332.58 54.8
1526603342.6 55.3
1526603352.62 54.8
1526603362.64 54.8
1526603372.66 54.8
1526603382.67 55.8
1526603392.69 55.3
1526603402.71 55.8
1526603412.72 55.8
1526603422.74 55.8
1526603432.75 55.8
1526603442.77 55.8
1526603452.78 55.3
1526603462.8 54.8
1526603472.82 55.3
1526603482.83 55.3
1526603492.84 55.3
1526603502.86 54.8
1526603512.87 55.3
1526603522.88 54.8
1526603532.9 54.8
1526603542.92 54.8
1526603552.93 54.8
1526603562.95 55.3
1526603572.96 54.8
1526603582.98 54.2
1526603592.99 54.8
1526603603.01 55.3
1526603613.03 53.7
1526603623.05 54.8
1526603633.08 54.2
1526603643.09 54.2
1526603653.12 53.7
1526603663.14 53.7
1526603673.16 54.2
1526603683.18 53.7
1526603693.2 53.7
1526603703.22 53.7
1526603713.25 54.8
1526603723.27 54.8
1526603733.28 54.8
1526603743.3 53.7
1526603753.33 54.8
1526603763.35 55.3
1526603773.37 54.8
1526603783.39 54.8
1526603793.41 54.2
1526603803.43 55.3
1526603813.44 54.2
1526603823.46 55.3
1526603833.48 54.8
1526603843.5 54.8
1526603853.52 54.2
1526603863.53 55.3
1526603873.54 54.2
1526603883.55 55.8
1526603893.57 55.3
1526603903.59 54.8
1526603913.6 54.8
1526603923.62 55.8
1526603933.64 54.8
1526603943.65 55.8
1526603953.68 54.2
1526603963.69 54.8
1526603973.7 54.8
1526603983.71 55.3
1526603993.72 55.8
1526604003.74 54.8
1526604013.76 55.8
1526604023.77 55.8
1526604033.8 54.8
1526604043.81 55.3
1526604053.83 55.8
1526604063.85 54.8
1526604073.87 54.8
1526604083.89 55.3
1526604093.91 55.3
1526604103.93 54.8
1526604113.95 55.8
1526604123.96 54.8
1526604133.98 55.8
1526604143.99 55.3
1526604154.01 54.8
1526604164.02 55.8
1526604174.04 55.8
1526604184.06 56.4
1526604194.07 55.8
1526604204.09 55.8
1526604214.11 56.4
1526604224.12 56.4
1526604234.14 55.8
1526604244.15 56.4
1526604254.17 56.4
1526604264.18 55.8
1526604274.2 55.8
1526604284.22 56.4
1526604294.23 55.8
1526604304.25 56.4
1526604314.26 56.4
1526604324.28 55.8
1526604334.3 56.4
1526604344.31 56.9
1526604354.32 56.4
1526604364.34 56.4
1526604374.35 56.4
1526604384.37 55.8
1526604394.39 56.4
1526604404.41 55.8
1526604414.43 55.8
1526604424.45 56.4
1526604434.47 56.4
1526604444.48 56.4
1526604454.5 56.9
1526604464.52 56.9
1526604474.53 56.9
1526604484.55 56.9
1526604494.56 56.9
1526604504.57 55.8
1526604514.59 56.9
1526604524.61 56.4
1526604534.63 56.4
1526604544.66 55.8
1526604554.68 56.4
1526604564.7 56.4
1526604574.71 56.9
1526604584.73 56.4
1526604594.76 56.4
1526604604.78 56.4
1526604614.8 56.9
1526604624.81 56.9
1526604634.83 56.9
1526604644.84 56.9
1526604654.86 56.4
1526604664.88 56.4
1526604674.89 56.4
1526604684.92 55.8
1526604694.93 56.4
1526604704.95 55.8
1526604714.97 56.4
1526604724.99 56.4
1526604735.0 55.8
1526604745.03 55.8
1526604755.04 55.8
1526604765.06 55.8
1526604775.08 55.8
1526604785.1 56.9
1526604795.12 56.9
1526604805.14 55.8
1526604815.15 55.8
1526604825.17 55.8
1526604835.19 55.8
1526604845.2 56.4
1526604855.22 56.9
1526604865.23 55.8
1526604875.25 55.8
1526604885.27 55.3
1526604895.28 56.4
1526604905.3 55.3
1526604915.31 55.8
1526604925.33 54.8
1526604935.35 55.3
1526604945.37 55.8
1526604955.39 54.8
1526604965.41 55.3
1526604975.42 55.8
1526604985.44 55.3
1526604995.46 55.8
1526605005.48 55.8
1526605015.51 55.3
1526605025.52 54.8
1526605035.54 54.8
1526605045.55 55.3
1526605055.57 54.8
1526605065.59 55.3
1526605075.61 55.8
1526605085.63 54.8
1526605095.64 54.8
1526605105.66 55.8
1526605115.67 55.3
1526605125.69 54.2
1526605135.71 55.8
1526605145.73 54.8
1526605155.75 55.8
1526605165.77 53.7
1526605175.79 54.8
1526605185.8 54.8
1526605195.82 54.8
1526605205.84 55.3
1526605215.85 54.8
1526605225.87 54.8
1526605235.89 54.8
1526605245.91 54.8
1526605255.92 54.2
1526605265.94 54.2
1526605275.96 53.7
1526605285.97 53.7
1526605295.99 54.2
1526605306.01 53.7
1526605316.03 53.7
1526605326.05 54.2
1526605336.07 53.7
1526605346.08 53.7
1526605356.1 53.7
1526605366.11 54.8
1526605376.13 53.7
1526605386.15 53.7
1526605396.17 54.2
1526605406.2 53.7
1526605416.21 53.7
1526605426.23 53.7
1526605436.25 54.8
1526605446.26 54.2
1526605456.28 54.2
1526605466.3 54.8
1526605476.31 54.2
1526605486.33 54.8
1526605496.34 54.8
1526605506.36 53.7
1526605516.38 54.8
1526605526.39 53.7
1526605536.41 54.2
1526605546.42 53.7
1526605556.44 53.7
1526605566.46 53.7
1526605576.47 54.2
1526605586.48 53.7
1526605596.5 53.2
1526605606.52 53.7
1526605616.53 54.2
1526605626.55 53.7
1526605636.57 54.2
1526605646.59 53.2
1526605656.61 53.7
1526605666.63 54.2
1526605676.64 54.2
1526605686.66 53.7
1526605696.68 53.7
1526605706.69 53.7
1526605716.71 53.7
1526605726.73 53.7
1526605736.75 53.2
1526605746.76 53.7
1526605756.78 53.7
1526605766.81 53.7
1526605776.83 52.6
1526605786.84 53.2
1526605796.85 52.6
1526605806.87 53.7
1526605816.89 52.6
1526605826.9 53.7
1526605836.92 53.7
1526605846.94 53.7
1526605856.96 52.1
1526605866.98 53.2
1526605876.99 53.7
1526605887.02 53.2
1526605897.03 53.7
1526605907.05 53.7
1526605917.06 53.7
1526605927.08 53.7
1526605937.09 53.7
1526605947.11 53.7
1526605957.13 53.7
1526605967.14 54.2
1526605977.15 53.7
1526605987.18 54.2
1526605997.21 54.2
1526606007.23 53.7
1526606017.24 54.8
1526606027.26 54.8
1526606037.28 54.2
1526606047.29 54.8
1526606057.31 54.2
1526606067.33 54.8
1526606077.34 55.3
1526606087.36 54.2
1526606097.37 54.8
1526606107.38 54.8
1526606117.4 54.8
1526606127.42 54.8
1526606137.44 54.8
1526606147.46 54.2
1526606157.48 54.2
1526606167.5 54.8
1526606177.52 53.7
1526606187.53 54.2
1526606197.55 54.2
1526606207.57 54.8
1526606217.59 54.2
1526606227.61 54.8
1526606237.62 54.8
1526606247.64 54.8
1526606257.65 54.2
1526606267.66 54.8
1526606277.67 54.8
1526606287.69 54.8
1526606297.71 55.8
1526606307.72 54.8
1526606317.74 54.8
1526606327.76 55.3
1526606337.77 55.3
1526606347.78 55.3
1526606357.8 54.8
1526606367.82 55.3
1526606377.84 55.3
1526606387.85 55.3
1526606397.87 54.8
1526606407.88 55.8
1526606417.9 55.8
1526606427.92 55.8
1526606437.93 55.3
1526606447.95 54.8
1526606457.96 54.8
1526606467.98 54.8
1526606477.99 55.3
1526606488.0 54.8
1526606498.02 54.8
1526606508.04 55.3
1526606518.16 54.8
1526606528.18 54.8
1526606538.2 54.8
1526606548.21 55.3
1526606558.22 55.3
1526606568.24 55.3
1526606578.25 55.8
1526606588.26 54.8
1526606598.28 54.2
1526606608.29 54.8
1526606618.31 55.3
1526606628.32 54.8
1526606638.34 54.8
1526606648.35 55.8
1526606658.37 54.8
1526606668.39 55.3
1526606678.4 54.8
1526606688.42 54.8
1526606698.44 54.8
1526606708.46 54.2
1526606718.48 54.8
1526606728.49 54.8
1526606738.51 54.8
1526606748.52 54.2
1526606758.54 55.3
1526606768.56 54.8
1526606778.57 54.2
1526606788.59 54.8
1526606798.61 54.8
1526606808.63 54.8
1526606818.64 55.3
1526606828.67 54.8
1526606838.68 54.2
1526606848.7 54.2
1526606858.72 54.8
1526606868.73 54.2
1526606878.75 54.8
1526606888.76 54.8
1526606898.78 54.8
1526606908.8 54.8
1526606918.82 54.8
1526606928.84 54.8
1526606938.85 54.8
1526606948.87 54.8
1526606958.89 54.8
1526606968.91 53.7
1526606978.92 54.2
1526606988.94 54.2
1526606998.96 55.3
1526607008.98 54.2
1526607019.0 54.2
1526607029.01 54.2
1526607039.03 54.2
1526607049.05 53.7
1526607059.07 53.7
1526607069.09 54.8
1526607079.1 54.8
1526607089.12 54.2
1526607099.14 53.7
1526607109.16 53.7
1526607119.18 53.7
1526607129.19 54.2
1526607139.21 54.8
1526607149.23 55.3
1526607159.24 54.2
1526607169.26 54.8
1526607179.27 53.7
1526607189.29 54.2
1526607199.3 54.2
1526607209.32 54.8
1526607219.33 54.2
1526607229.35 54.2
1526607239.37 53.7
1526607249.38 54.2
1526607259.4 53.7
1526607269.42 54.8
1526607279.44 54.2
1526607289.46 54.8
1526607299.48 54.8
1526607309.5 54.8
1526607319.51 54.8
1526607329.53 54.8
1526607339.55 54.2
1526607349.56 54.2
1526607359.58 54.8
1526607369.59 54.2
1526607379.61 54.2
1526607389.62 53.7
1526607399.64 54.2
1526607409.65 54.8
1526607419.68 53.7
1526607429.69 54.2
1526607439.71 54.2
1526607449.72 54.2
1526607459.74 54.2
1526607469.75 53.7
1526607479.77 54.8
1526607489.78 54.2
1526607499.8 54.8
1526607509.81 54.2
1526607519.83 54.8
1526607529.84 54.8
1526607539.86 54.2
1526607549.88 54.2
1526607559.89 54.8
1526607569.91 53.7
1526607579.93 55.3
1526607589.94 54.2
1526607599.95 54.8
1526607609.96 54.2
1526607619.98 54.8
1526607630.0 55.3
1526607640.01 53.7
1526607650.03 54.2
1526607660.05 53.7
1526607670.07 54.2
1526607680.08 54.8
1526607690.1 54.8
1526607700.11 54.8
1526607710.12 54.2
1526607720.14 53.7
1526607730.15 54.8
1526607740.16 54.2
1526607750.18 54.2
1526607760.19 54.8
1526607770.21 54.2
1526607780.22 54.2
1526607790.23 54.2
1526607800.25 54.2
1526607810.27 54.2
1526607820.29 53.7
1526607830.31 53.7
1526607840.33 53.7
1526607850.35 53.7
1526607860.37 53.7
1526607870.39 53.7
1526607880.41 53.7
1526607890.43 53.7
1526607900.44 54.2
1526607910.46 53.7
1526607920.48 53.7
1526607930.5 53.7
1526607940.51 53.7
1526607950.54 53.7
1526607960.55 53.7
1526607970.56 54.2
1526607980.58 53.7
1526607990.6 54.2
1526608000.61 53.7
1526608010.63 54.2
1526608020.64 54.8
1526608030.66 54.2
1526608040.68 53.7
1526608050.7 53.7
1526608060.71 54.2
1526608070.73 53.7
1526608080.75 53.7
1526608090.76 53.7
1526608100.78 54.2
1526608110.8 53.7
1526608120.81 53.7
1526608130.83 53.7
1526608140.84 54.8
1526608150.86 54.8
1526608160.88 53.7
1526608170.89 53.7
1526608180.91 54.2
1526608190.92 54.2
1526608200.94 53.7
1526608210.96 53.7
1526608220.97 54.2
1526608230.99 54.2
1526608241.01 54.2
1526608251.03 54.8
1526608261.04 54.8
1526608271.06 54.8
1526608281.08 54.8
1526608291.1 54.2
1526608301.11 53.7
1526608311.13 54.8
1526608321.14 54.2
1526608331.16 53.2
1526608341.18 52.6
1526608351.2 53.2
1526608361.23 53.7
1526608371.25 52.6
1526608381.27 52.6
1526608391.29 53.7
1526608401.3 53.2
1526608411.32 53.2
1526608421.34 52.6
1526608431.36 53.7
1526608441.38 52.6
1526608451.4 52.6
1526608461.42 52.6
1526608471.44 52.6
1526608481.46 53.7
1526608491.48 53.7
1526608501.49 53.7
1526608511.51 53.7
1526608521.52 53.7
1526608531.54 53.7
1526608541.55 53.7
1526608551.57 53.7
1526608561.59 52.6
1526608571.61 53.7
1526608581.63 53.7
1526608591.64 53.7
1526608601.66 54.2
1526608611.68 53.7
1526608621.7 54.2
1526608631.71 53.7
1526608641.72 54.2
1526608651.74 54.2
1526608661.76 53.7
1526608671.78 54.2
1526608681.79 53.7
1526608691.81 53.7
1526608701.82 53.7
1526608711.84 53.7
1526608721.85 54.2
1526608731.87 54.2
1526608741.89 54.2
1526608751.91 54.2
1526608761.92 53.7
1526608771.94 54.2
1526608781.95 54.8
1526608791.97 54.2
1526608801.98 54.8
