1526500008.24 52.6
1526500018.26 52.6
1526500028.27 53.2
1526500038.29 53.7
1526500048.31 53.7
1526500058.32 53.2
1526500068.34 53.7
1526500078.36 52.6
1526500088.38 53.2
1526500098.4 52.6
1526500108.41 52.6
1526500118.43 53.2
1526500128.44 52.6
1526500138.45 53.2
1526500148.48 52.6
1526500158.49 52.6
1526500168.51 51.5
1526500178.53 52.1
1526500188.55 52.6
1526500198.56 52.1
1526500208.57 51.5
1526500218.59 52.1
1526500228.61 52.6
1526500238.62 52.6
1526500248.64 52.6
1526500258.66 52.1
1526500268.68 52.6
1526500278.69 51.5
1526500288.71 52.6
1526500298.73 52.6
1526500308.75 52.1
1526500318.77 52.6
1526500328.78 52.6
1526500338.8 52.6
1526500348.82 53.2
1526500358.83 53.2
1526500368.85 52.6
1526500378.87 52.6
1526500388.89 53.2
1526500398.91 52.6
1526500408.92 53.7
1526500418.94 53.7
1526500428.96 53.2
1526500438.98 53.7
1526500448.99 53.7
1526500459.01 52.6
1526500469.03 53.2
1526500479.04 53.7
1526500489.06 53.2
1526500499.07 53.7
1526500509.1 52.6
1526500519.12 52.6
1526500529.14 52.6
1526500539.16 53.2
1526500549.17 52.6
1526500559.19 53.7
1526500569.2 53.7
1526500579.22 53.2
1526500589.24 53.2
1526500599.26 53.7
1526500609.28 52.6
1526500619.29 53.7
1526500629.31 53.7
1526500639.32 53.2
1526500649.34 52.6
1526500659.36 53.2
1526500669.38 53.2
1526500679.4 53.7
1526500689.41 53.7
1526500699.42 53.7
1526500709.45 52.6
1526500719.47 52.6
1526500729.49 53.2
1526500739.5 52.6
1526500749.52 53.2
1526500759.53 52.6
1526500769.54 53.7
1526500779.56 53.2
1526500789.57 52.6
1526500799.58 52.6
