1526336356.12 65.5
1526336556.71 66.6
1526336566.73 66.6
1526336576.74 66.1
1526336586.76 66.6
1526336596.79 66.1
1526336606.8 66.6
1526336616.82 66.6
1526336626.83 66.6
1526336636.85 66.1
1526336646.86 66.6
1526336656.87 65.5
1526336666.9 65.5
1526336676.91 66.1
1526336686.92 65.5
1526336696.94 65.5
1526336706.95 65.5
1526336716.97 66.1
1526336726.99 66.6
1526336737.0 65.5
1526336747.01 65.5
1526336757.03 65.5
1526336767.05 66.1
1526336777.06 66.6
1526336787.07 66.6
1526336797.09 65.5
1526336807.1 65.5
1526336817.12 65.5
1526336827.14 65.0
1526336837.16 65.5
1526336847.18 65.5
1526336857.19 65.0
1526336867.21 65.5
1526336877.22 65.5
1526336887.24 64.5
1526336897.26 65.0
1526336907.27 65.5
1526336917.28 65.0
1526336927.3 64.5
1526336937.32 65.0
1526336947.34 65.0
1526336957.35 64.5
1526336967.36 65.0
1526336977.38 65.0
1526336987.39 65.0
1526336997.41 65.5
1526337007.42 65.0
1526337017.44 65.0
1526337027.46 64.5
1526337037.47 64.5
1526337047.49 64.5
1526337057.51 64.5
1526337067.53 64.5
1526337077.54 65.0
1526337087.56 63.9
1526337097.58 64.5
1526337107.6 64.5
1526337117.62 63.9
1526337127.64 64.5
1526337137.66 63.9
1526337147.68 64.5
1526337157.69 64.5
1526337167.71 63.4
1526337177.72 63.4
1526337187.74 64.5
1526337197.75 64.5
1526337207.77 63.4
1526337217.8 64.5
1526337227.81 63.9
1526337237.83 64.5
1526337247.84 63.4
1526337257.86 64.5
1526337267.88 64.5
1526337277.9 63.4
1526337287.91 63.9
1526337297.92 64.5
1526337307.94 63.9
1526337317.96 63.4
1526337327.97 63.4
1526337337.99 63.4
1526337348.01 63.4
1526337358.02 63.4
1526337368.04 63.4
1526337378.06 63.4
1526337388.08 63.4
1526337398.09 63.4
1526337408.11 63.4
1526337418.13 63.4
1526337428.14 62.8
1526337438.16 63.9
1526337448.18 62.8
1526337458.2 63.4
1526337468.22 63.4
1526337478.23 63.4
1526337488.26 63.4
1526337498.27 63.4
1526337508.29 62.8
1526337518.3 62.8
1526337528.32 62.3
1526337538.34 62.3
1526337548.35 62.3
1526337558.37 62.8
1526337568.39 62.3
1526337578.41 62.3
1526337588.43 62.8
1526337598.44 62.3
1526337608.46 62.3
1526337618.48 62.3
1526337628.5 62.3
1526337638.51 62.3
1526337648.53 62.8
1526337658.55 62.3
1526337668.57 62.3
1526337678.58 61.8
1526337688.6 62.3
1526337698.62 62.3
1526337708.64 62.3
1526337718.66 62.3
1526337729.08 62.3
1526337739.1 61.8
1526337749.12 62.3
1526337759.13 61.2
1526337769.15 62.3
1526337779.17 62.3
1526337789.19 62.3
1526337799.2 62.3
1526337809.21 62.3
1526337819.22 61.2
1526337829.23 61.8
1526337839.25 62.3
1526337849.26 62.3
1526337859.28 61.8
1526337869.3 61.8
1526337879.31 61.8
1526337889.34 62.3
1526337899.35 62.3
1526337909.37 61.2
1526337919.38 61.8
1526337929.39 62.3
1526337939.41 62.3
1526337949.42 62.3
1526337959.44 62.3
1526337969.46 61.8
1526337979.47 62.3
1526337989.49 60.7
1526337999.51 61.2
1526338009.54 60.7
1526338019.56 61.2
1526338029.58 61.8
1526338039.6 61.8
1526338049.61 61.2
1526338059.63 61.8
1526338069.65 62.3
1526338079.67 61.8
1526338089.69 61.2
1526338099.7 62.3
1526338109.72 61.8
1526338119.74 62.3
1526338129.75 62.8
1526338139.77 62.3
1526338149.78 61.8
1526338159.8 62.3
1526338169.82 62.3
1526338179.83 61.8
1526338189.86 62.3
1526338199.87 62.3
1526338209.89 61.8
1526338219.9 61.2
1526338229.92 61.8
1526338239.94 61.2
1526338249.96 62.3
1526338259.98 61.2
1526338270.0 61.8
1526338280.02 61.8
1526338290.05 61.8
1526338300.07 61.2
1526338310.08 61.2
1526338320.1 61.8
1526338330.12 61.2
1526338340.14 61.2
1526338350.15 61.8
1526338360.17 61.2
1526338370.19 61.2
1526338380.2 61.8
1526338390.22 62.3
1526338400.24 61.8
1526338410.26 61.2
1526338420.28 62.3
1526338430.29 62.3
1526338440.3 61.8
1526338450.32 62.3
1526338460.34 61.8
1526338470.36 61.2
1526338480.37 61.2
1526338490.39 61.8
1526338500.41 62.3
1526338510.43 60.7
1526338520.44 62.3
1526338530.47 61.2
1526338540.48 61.8
1526338550.5 61.8
1526338560.52 61.8
1526338570.53 61.2
1526338580.55 61.2
1526338590.57 60.1
1526338600.58 61.2
1526338610.6 61.2
1526338620.62 60.7
1526338630.63 60.1
1526338640.65 60.7
1526338650.67 61.2
1526338660.68 60.7
1526338670.69 61.2
1526338680.71 61.2
1526338690.73 61.2
1526338700.75 60.7
1526338710.77 60.1
1526338720.78 60.1
1526338730.79 60.1
1526338740.82 60.7
1526338750.83 61.2
1526338760.85 60.7
1526338770.87 59.6
1526338780.89 60.7
1526338790.91 60.7
1526338800.92 60.1
1526338810.94 60.1
1526338820.97 60.1
1526338830.99 60.1
1526338841.01 60.1
1526338851.02 60.1
1526338861.04 59.1
1526338871.06 60.7
1526338881.08 60.1
1526338891.09 60.1
1526338901.11 60.1
1526338911.13 60.1
1526338921.15 60.1
1526338931.16 60.7
1526338941.18 59.6
1526338951.2 60.7
1526338961.22 60.7
1526338971.23 60.1
1526338981.25 60.1
1526338991.27 59.6
1526339001.29 60.1
1526339011.31 59.6
1526339021.32 59.6
1526339031.33 60.1
1526339041.35 59.1
1526339051.37 59.1
1526339061.38 59.1
1526339071.4 59.1
1526339081.42 58.5
1526339091.44 59.1
1526339101.45 59.1
1526339111.47 59.1
1526339121.49 59.1
1526339131.51 59.6
1526339141.53 59.1
1526339151.54 59.6
1526339161.56 59.6
1526339171.58 59.1
1526339181.59 59.1
1526339191.61 59.1
1526339201.63 59.1
1526339211.65 59.6
1526339221.66 60.1
1526339231.68 59.1
1526339241.7 59.6
1526339251.71 60.1
1526339261.73 60.1
1526339271.74 60.7
1526339281.76 60.1
1526339291.79 59.1
1526339301.81 59.1
1526339311.82 59.1
1526339321.84 59.1
1526339331.86 59.1
1526339341.88 59.1
1526339351.89 59.1
1526339361.91 58.5
1526339371.92 60.1
1526339381.94 59.1
1526339391.96 59.1
1526339401.98 59.6
1526339412.0 59.1
1526339422.01 59.1
1526339432.02 60.1
1526339442.04 59.1
1526339452.06 59.1
1526339462.07 59.1
1526339472.09 58.5
1526339482.11 59.1
1526339492.15 58.5
1526339502.16 59.1
1526339512.19 58.0
1526339522.2 58.5
1526339532.22 58.5
1526339542.24 58.0
1526339552.26 59.1
1526339562.28 58.0
1526339572.3 58.0
1526339582.31 58.0
1526339592.33 58.0
1526339602.34 58.5
1526339612.36 59.1
1526339622.38 58.5
1526339632.4 59.1
1526339642.41 59.1
1526339652.43 59.1
1526339662.45 58.5
1526339672.47 58.5
1526339682.48 58.5
1526339692.5 59.1
1526339702.51 59.1
1526339712.52 59.1
1526339722.54 58.5
1526339732.56 58.5
1526339742.58 58.5
1526339752.59 58.5
1526339762.61 58.0
1526339772.64 58.0
1526339782.65 58.0
1526339792.68 59.1
1526339802.7 58.0
1526339812.71 58.0
1526339822.73 58.0
1526339832.75 57.5
1526339842.77 58.0
1526339852.79 57.5
1526339862.82 58.0
1526339872.84 58.5
1526339882.85 58.0
1526339892.87 58.0
1526339902.89 58.5
1526339912.9 58.0
1526339922.92 58.0
1526339932.94 58.0
1526339942.96 58.0
1526339952.98 58.5
1526339962.99 58.0
1526339973.01 58.5
1526339983.03 57.5
1526339993.05 58.0
1526340003.06 57.5
1526340013.09 58.0
1526340023.1 58.0
1526340033.12 58.0
1526340043.14 58.5
1526340053.16 58.5
1526340063.18 58.5
1526340073.19 58.5
1526340083.21 58.0
1526340093.23 58.5
1526340103.25 58.0
1526340113.27 59.1
1526340123.28 58.5
1526340133.31 58.0
1526340143.32 58.0
1526340153.33 58.0
1526340163.36 58.0
1526340173.38 58.0
1526340183.4 58.0
1526340193.41 58.5
1526340203.43 58.0
1526340213.45 58.0
1526340223.46 58.5
1526340233.48 58.0
1526340243.51 58.5
1526340253.53 58.5
1526340263.55 59.1
1526340273.56 59.1
1526340283.58 58.5
1526340293.6 58.5
1526340303.62 58.5
1526340313.63 59.1
1526340323.65 58.5
1526340333.67 58.0
1526340343.69 58.0
1526340353.71 58.0
1526340363.73 58.0
1526340373.75 58.0
1526340383.77 58.5
1526340393.79 58.0
1526340403.81 58.0
1526340413.82 57.5
1526340423.84 58.0
1526340433.86 58.0
1526340443.87 58.0
1526340453.89 58.0
1526340463.91 58.0
1526340473.93 58.0
1526340483.95 58.0
1526340493.97 57.5
1526340504.0 58.0
1526340514.03 58.0
1526340524.05 57.5
1526340534.07 58.0
1526340544.08 58.0
1526340554.1 58.0
1526340564.12 58.0
1526340574.14 58.0
1526340584.16 58.0
1526340594.17 58.0
1526340604.19 58.0
1526340614.2 58.0
1526340624.22 58.0
1526340634.24 58.0
1526340644.26 58.0
1526340654.27 58.0
1526340664.29 57.5
1526340674.31 57.5
1526340684.32 58.0
1526340694.33 58.0
1526340704.35 58.0
1526340714.37 56.4
1526340724.39 57.5
1526340734.4 56.9
1526340744.42 56.9
1526340754.44 56.9
1526340764.46 57.5
1526340774.48 56.9
1526340784.5 57.5
1526340794.51 58.0
1526340804.53 58.0
1526340814.54 58.0
1526340824.57 58.0
1526340834.58 58.0
1526340844.6 57.5
1526340854.62 56.9
1526340864.64 56.9
1526340874.65 57.5
1526340884.67 58.0
1526340894.69 58.0
1526340904.7 58.0
1526340914.71 56.9
1526340924.73 58.0
1526340934.74 58.0
1526340944.76 58.0
1526340954.78 58.0
1526340964.79 58.0
1526340974.81 58.0
1526340984.83 58.0
1526340994.85 58.0
1526341004.86 57.5
1526341014.88 58.0
1526341024.89 57.5
1526341034.91 56.9
1526341044.93 58.0
1526341054.95 57.5
1526341064.97 58.0
1526341074.99 58.0
1526341085.01 58.0
1526341095.03 56.9
1526341105.05 58.0
1526341115.07 58.0
1526341125.09 58.0
1526341135.11 57.5
1526341145.13 58.5
1526341155.14 58.0
1526341165.16 58.0
1526341175.18 58.0
1526341185.2 58.0
1526341195.21 58.0
1526341205.23 56.9
1526341215.25 58.0
1526341225.26 58.0
1526341235.28 58.0
1526341245.3 58.0
1526341255.31 57.5
1526341265.32 57.5
1526341275.34 58.0
1526341285.36 57.5
1526341295.38 57.5
1526341305.4 56.9
1526341315.42 57.5
1526341325.44 56.9
1526341335.45 56.9
1526341345.47 57.5
1526341355.48 56.9
1526341365.5 56.9
1526341375.52 56.4
1526341385.54 56.9
1526341395.55 56.9
1526341405.57 55.8
1526341415.58 56.9
1526341425.61 56.4
1526341435.62 56.9
1526341445.64 56.9
1526341455.66 55.8
1526341465.68 55.8
1526341475.7 56.4
1526341485.71 56.9
1526341495.73 56.9
1526341505.75 56.9
1526341515.77 56.9
1526341525.78 56.4
1526341535.8 56.9
1526341545.82 56.4
1526341555.84 56.9
1526341565.85 56.9
1526341575.88 56.4
1526341585.89 56.9
1526341595.91 56.9
1526341605.92 56.9
1526341615.94 57.5
1526341625.96 56.9
1526341635.98 57.5
1526341646.0 56.9
1526341656.02 56.4
1526341666.04 56.9
1526341676.06 57.5
1526341686.07 56.9
1526341696.08 56.9
1526341706.1 56.9
1526341716.12 56.4
1526341726.14 56.4
1526341736.15 56.9
1526341746.17 56.9
1526341756.19 57.5
1526341766.21 56.9
1526341776.23 56.9
1526341786.26 56.4
1526341796.27 56.9
1526341806.29 56.9
1526341816.31 55.8
1526341826.32 56.4
1526341836.34 56.9
1526341846.35 56.9
1526341856.37 56.9
1526341866.39 56.9
1526341876.41 55.8
1526341886.42 56.4
1526341896.44 56.4
1526341906.46 56.9
1526341916.47 56.4
1526341926.49 56.4
1526341936.52 56.4
1526341946.53 56.9
1526341956.54 56.4
1526341966.56 56.4
1526341976.57 56.4
1526341986.58 56.4
1526341996.6 56.4
1526342006.62 55.8
1526342016.63 55.8
1526342026.64 56.4
1526342036.66 55.8
1526342046.67 55.8
1526342056.69 55.3
1526342066.71 56.4
1526342076.73 55.8
1526342086.74 55.8
1526342096.76 56.4
1526342106.77 56.4
1526342116.78 56.4
1526342126.8 56.4
1526342136.82 55.8
1526342146.84 55.8
1526342156.86 55.8
1526342166.88 56.4
1526342176.89 56.4
1526342186.91 56.9
1526342196.93 55.8
1526342206.95 55.3
1526342216.97 56.4
1526342226.98 55.8
1526342237.0 55.8
1526342247.02 55.8
1526342257.04 56.4
1526342267.05 56.4
1526342277.07 56.4
1526342287.08 55.8
1526342297.1 55.8
1526342307.13 55.8
1526342317.15 56.4
1526342327.16 55.8
1526342337.17 56.4
1526342347.2 56.4
1526342357.22 55.8
1526342367.23 55.8
1526342377.25 56.4
1526342387.27 55.8
1526342397.29 56.4
