1526900009.83 47.8
1526900019.85 47.2
1526900029.87 48.3
1526900039.89 48.3
1526900049.91 48.3
1526900059.92 48.3
1526900069.94 49.4
1526900079.96 48.3
1526900089.99 48.3
1526900100.01 48.3
1526900110.03 48.3
1526900120.05 48.3
1526900130.06 49.4
1526900140.08 47.8
1526900150.11 48.3
1526900160.12 48.3
1526900170.13 47.8
1526900180.15 48.3
1526900190.17 48.9
1526900200.19 48.9
1526900210.2 48.9
1526900220.22 48.3
1526900230.24 48.3
1526900240.26 48.3
1526900250.28 48.9
1526900260.3 48.3
1526900270.32 47.8
1526900280.33 48.3
1526900290.34 49.4
1526900300.35 49.4
1526900310.37 49.4
1526900320.39 48.3
1526900330.41 48.9
1526900340.43 48.3
1526900350.45 48.9
1526900360.47 47.8
1526900370.48 48.9
1526900380.49 47.8
1526900390.51 49.4
1526900400.53 48.9
1526900410.55 49.4
1526900420.57 48.3
1526900430.59 48.9
1526900440.61 48.3
1526900450.63 49.4
1526900460.65 49.4
1526900470.66 49.4
1526900480.68 48.9
1526900490.7 48.9
1526900500.72 49.4
1526900510.74 49.4
1526900520.76 49.4
1526900530.78 48.9
1526900540.8 48.3
1526900550.82 48.3
1526900560.84 49.4
1526900570.86 48.9
1526900580.88 49.4
1526900590.9 49.4
1526900600.91 49.4
1526900610.93 49.4
1526900620.94 49.4
1526900630.96 48.9
1526900640.99 49.4
1526900651.01 49.4
1526900661.02 49.4
1526900671.03 49.4
1526900681.05 49.4
1526900691.08 48.3
1526900701.09 49.4
1526900711.11 49.9
1526900721.12 49.4
1526900731.14 49.4
1526900741.16 49.4
1526900751.18 49.4
1526900761.2 49.4
1526900771.22 49.9
1526900781.23 49.9
1526900791.25 49.4
1526900801.27 48.9
1526900811.28 49.4
1526900821.31 49.4
1526900831.33 48.3
1526900841.35 49.4
1526900851.37 49.4
1526900861.38 49.4
1526900871.4 48.9
1526900881.43 49.4
1526900891.45 48.9
1526900901.46 49.4
1526900911.49 48.3
1526900921.51 48.3
1526900931.53 49.4
1526900941.54 48.3
1526900951.56 48.3
1526900961.58 48.3
1526900971.6 48.3
1526900981.62 48.3
1526900991.64 48.9
1526901001.65 49.4
1526901011.67 48.3
1526901021.69 48.3
1526901031.71 48.9
1526901041.74 48.3
1526901051.76 48.3
1526901061.78 49.4
1526901071.8 49.4
1526901081.82 49.4
1526901091.83 49.4
1526901101.85 48.9
1526901111.87 49.4
1526901121.88 48.9
1526901131.89 49.4
1526901141.91 48.9
1526901151.93 49.4
1526901161.94 49.4
1526901171.96 48.3
1526901181.98 49.4
1526901192.0 48.9
1526901202.02 49.4
1526901212.03 49.4
1526901222.06 49.4
1526901232.09 49.4
1526901242.11 49.9
1526901252.13 49.4
1526901262.15 48.9
1526901272.17 49.4
1526901282.19 49.4
1526901292.21 49.4
1526901302.23 49.4
1526901312.25 49.4
1526901322.28 49.4
1526901332.3 49.4
1526901342.32 50.5
1526901352.35 50.5
1526901362.36 49.4
1526901372.39 49.9
1526901382.4 49.4
1526901392.42 50.5
1526901402.44 50.5
1526901412.46 50.5
1526901422.48 49.4
1526901432.5 49.9
1526901442.52 49.9
1526901452.54 49.9
1526901462.56 49.9
1526901472.59 49.4
1526901482.6 50.5
1526901492.62 49.9
1526901502.64 50.5
1526901512.66 51.0
1526901522.69 49.9
1526901532.71 50.5
1526901542.73 50.5
1526901552.75 49.9
1526901562.77 50.5
1526901572.79 50.5
1526901582.81 50.5
1526901592.82 50.5
1526901602.84 49.4
1526901612.86 49.9
1526901622.88 50.5
1526901632.9 49.4
1526901642.92 50.5
1526901652.95 49.9
1526901662.96 50.5
1526901672.97 50.5
1526901683.0 50.5
1526901693.02 49.9
1526901703.04 50.5
1526901713.06 50.5
1526901723.08 49.4
1526901733.09 50.5
1526901743.11 50.5
1526901753.13 49.9
1526901763.14 50.5
1526901773.17 49.9
1526901783.19 50.5
1526901793.21 49.9
1526901803.23 49.9
1526901813.25 50.5
1526901823.27 50.5
1526901833.29 51.0
1526901843.3 50.5
1526901853.32 50.5
1526901863.34 50.5
1526901873.36 50.5
1526901883.37 50.5
1526901893.39 50.5
1526901903.42 50.5
1526901913.44 50.5
1526901923.46 50.5
1526901933.48 51.0
1526901943.49 51.5
1526901953.51 51.5
1526901963.53 50.5
1526901973.55 51.0
1526901983.56 51.5
1526901993.58 50.5
1526902003.59 51.5
1526902013.61 51.5
1526902023.63 50.5
1526902033.64 51.0
1526902043.66 51.5
1526902053.69 51.0
1526902063.7 50.5
1526902073.72 50.5
1526902083.74 49.4
1526902093.76 49.9
1526902103.78 51.0
1526902113.8 49.4
1526902123.82 49.4
1526902133.84 51.0
1526902143.86 49.4
1526902153.88 49.9
1526902163.9 50.5
1526902173.93 50.5
1526902183.95 49.4
1526902193.97 49.4
1526902204.0 50.5
1526902214.03 50.5
1526902224.04 49.9
1526902234.05 49.9
1526902244.07 50.5
1526902254.09 49.9
1526902264.11 49.4
1526902274.13 49.9
1526902284.15 49.4
1526902294.17 50.5
1526902304.19 49.9
1526902314.2 51.0
1526902324.21 50.5
1526902334.24 49.9
1526902344.25 50.5
1526902354.27 49.4
1526902364.29 49.9
1526902374.31 50.5
1526902384.33 50.5
1526902394.34 49.9
1526902404.36 50.5
1526902414.39 50.5
1526902424.41 49.4
1526902434.43 50.5
1526902444.45 51.5
1526902454.47 51.5
1526902464.48 50.5
1526902474.5 51.5
1526902484.52 50.5
1526902494.54 51.5
1526902504.56 51.0
1526902514.59 51.5
1526902524.61 50.5
1526902534.63 51.5
1526902544.65 51.5
1526902554.68 51.5
1526902564.7 51.0
1526902574.72 51.5
1526902584.74 51.5
1526902594.76 51.5
1526902604.78 51.5
1526902614.8 51.5
1526902624.82 51.0
1526902634.84 51.5
1526902644.87 51.5
1526902654.89 51.5
1526902664.91 52.1
1526902674.92 52.1
1526902684.94 51.5
1526902694.96 51.5
1526902704.98 51.0
1526902715.0 51.5
1526902725.02 51.5
1526902735.05 51.5
1526902745.07 51.5
1526902755.09 51.5
1526902765.1 51.5
1526902775.12 52.1
1526902785.15 52.1
1526902795.17 52.1
1526902805.19 51.5
1526902815.21 52.1
1526902825.23 51.5
1526902835.25 51.5
1526902845.27 51.5
1526902855.29 51.5
1526902865.3 52.1
1526902875.32 52.1
1526902885.34 51.5
1526902895.36 52.1
1526902905.38 52.1
1526902915.4 52.6
1526902925.42 52.1
1526902935.44 53.2
1526902945.47 52.1
1526902955.49 51.5
1526902965.51 52.1
1526902975.53 52.1
1526902985.55 52.1
1526902995.58 51.5
1526903005.59 52.1
1526903015.61 51.5
1526903006.21 51.5
1526903016.23 51.5
1526903026.25 51.5
1526903036.27 52.1
1526903046.28 51.5
1526903056.3 51.5
1526903066.32 52.1
1526903076.33 52.1
1526903086.35 52.1
1526903096.37 51.5
1526903106.4 52.1
1526903116.41 52.6
1526903126.43 53.2
1526903136.45 52.6
1526903146.46 52.1
1526903156.48 51.5
1526903166.5 52.6
1526903176.52 52.6
1526903186.54 53.2
1526903196.55 53.2
1526903206.57 52.6
1526903216.58 53.2
1526903226.61 52.6
1526903236.62 53.7
1526903246.64 53.7
1526903256.66 53.2
1526903266.68 53.7
1526903276.7 53.7
1526903286.72 53.7
1526903296.74 53.7
1526903306.77 53.7
1526903316.78 54.2
1526903326.79 53.7
1526903336.81 53.7
1526903346.83 53.7
1526903356.85 53.7
1526903366.87 54.2
1526903376.88 53.7
1526903386.9 54.2
1526903396.92 53.7
1526903406.93 53.7
1526903416.95 54.2
1526903426.97 53.7
1526903436.99 53.7
1526903447.0 53.7
1526903457.02 53.7
1526903467.03 54.8
1526903477.05 53.7
1526903487.07 54.2
1526903497.08 54.8
1526903507.1 54.2
1526903517.12 53.7
1526903527.14 54.2
1526903537.16 54.2
1526903547.17 54.8
1526903557.18 54.8
1526903567.19 54.8
1526903577.21 54.8
1526903587.22 54.8
1526903597.24 54.8
1526903607.26 53.7
1526903617.28 54.8
1526903627.3 54.8
1526903637.32 54.8
1526903647.33 54.8
1526903657.35 55.3
1526903667.37 54.2
1526903677.39 54.8
1526903687.4 54.2
1526903697.41 54.8
1526903707.43 54.8
1526903717.44 53.7
1526903727.45 55.3
1526903737.46 54.8
1526903747.48 54.8
1526903757.49 54.8
1526903767.51 54.8
1526903777.52 55.8
1526903787.53 55.3
1526903797.55 54.8
1526903807.57 54.8
1526903817.58 54.8
1526903827.59 55.3
1526903837.61 54.2
1526903847.63 54.2
1526903857.65 54.2
1526903867.67 54.2
1526903877.68 54.2
1526903887.7 54.8
1526903897.72 54.8
1526903907.74 54.2
1526903917.76 54.2
1526903927.78 53.7
1526903937.8 54.2
1526903947.81 54.8
1526903957.83 54.8
1526903967.84 55.3
1526903977.86 54.8
1526903987.88 55.3
1526903997.89 55.3
1526904007.91 55.8
1526904017.93 54.8
1526904027.95 54.2
1526904037.97 55.3
1526904047.99 55.3
1526904058.0 54.8
1526904068.02 55.8
1526904078.04 54.8
1526904088.06 54.8
1526904098.08 54.8
1526904108.1 55.8
1526904118.12 55.3
1526904128.14 55.8
1526904138.15 54.8
1526904148.17 55.8
1526904158.19 54.8
1526904168.2 55.8
1526904178.22 54.8
1526904188.24 55.8
1526904198.27 55.3
1526904208.28 54.8
1526904218.3 54.8
1526904228.32 54.2
1526904238.34 54.8
1526904248.36 53.7
1526904258.38 55.3
1526904268.39 55.3
1526904278.41 55.3
1526904288.43 54.8
1526904298.45 54.2
1526904308.47 54.8
1526904318.49 54.8
1526904328.51 54.8
1526904338.53 54.8
1526904348.55 54.2
1526904358.57 55.3
1526904368.59 54.8
1526904378.6 54.8
1526904388.62 54.8
1526904398.64 53.7
1526904408.66 54.2
1526904418.68 54.8
1526904428.7 54.8
1526904438.72 54.8
1526904448.74 53.7
1526904458.76 53.7
1526904468.78 54.8
1526904478.8 54.2
1526904488.82 54.2
1526904498.84 53.7
1526904508.86 54.2
1526904518.88 53.7
1526904528.89 53.7
1526904538.91 53.7
1526904548.93 53.7
1526904558.95 53.7
1526904568.97 54.2
1526904578.99 53.7
1526904589.01 53.7
1526904599.03 53.7
1526904609.05 54.8
1526904619.07 54.2
1526904629.08 54.2
1526904639.1 54.2
1526904649.12 54.2
1526904659.14 54.2
1526904669.17 53.7
1526904679.18 53.7
1526904689.19 53.7
1526904699.21 53.7
1526904709.23 53.7
1526904719.25 53.7
1526904729.27 54.2
1526904739.28 54.2
1526904749.3 54.2
1526904759.32 53.7
1526904769.33 54.2
1526904779.35 54.8
1526904789.37 54.8
1526904799.38 54.8
1526904809.4 53.7
1526904819.43 53.7
1526904829.44 54.2
1526904839.46 54.2
1526904849.47 54.8
1526904859.5 54.2
1526904869.52 54.8
1526904879.53 54.8
1526904889.55 53.7
1526904899.57 54.2
1526904909.59 54.2
1526904919.6 54.2
1526904929.62 54.2
1526904939.64 54.8
1526904949.65 54.8
1526904959.67 53.7
1526904969.69 53.7
1526904979.71 54.8
1526904989.72 53.7
1526904999.74 54.8
1526905009.76 54.2
1526905019.77 54.8
1526905029.79 54.8
1526905039.81 54.8
1526905049.83 55.3
1526905059.84 55.3
1526905069.86 54.8
1526905079.88 54.8
1526905089.89 55.3
1526905099.91 54.8
1526905109.93 54.8
1526905119.95 54.2
1526905129.97 55.8
1526905139.98 55.3
1526905150.0 54.8
1526905160.03 54.8
1526905170.04 55.8
1526905180.06 55.8
1526905190.08 55.8
1526905200.09 55.8
1526905210.11 55.3
1526905220.13 56.4
1526905230.14 56.4
1526905240.16 55.8
1526905250.17 56.4
1526905260.19 56.4
1526905270.21 56.9
1526905280.22 56.9
1526905290.24 56.9
1526905300.25 56.9
1526905310.27 56.9
1526905320.29 56.9
1526905330.31 56.4
1526905340.32 56.9
1526905350.35 56.4
1526905360.37 56.9
1526905370.38 56.9
1526905380.4 56.9
1526905390.42 56.9
1526905400.43 56.9
1526905410.44 57.5
1526905420.46 56.9
1526905430.47 56.9
1526905440.48 57.5
1526905450.5 57.5
1526905460.51 58.0
1526905470.53 56.4
1526905480.54 58.0
1526905490.56 57.5
1526905500.58 58.0
1526905510.6 57.5
1526905520.61 58.0
1526905530.64 56.9
1526905540.66 58.0
1526905550.68 58.0
1526905560.69 57.5
1526905570.71 57.5
1526905580.73 57.5
1526905590.74 58.0
1526905600.75 57.5
1526905610.77 57.5
1526905620.79 56.9
1526905630.81 58.0
1526905640.83 58.0
1526905650.84 56.9
1526905660.86 58.0
1526905670.87 58.0
1526905680.89 58.0
1526905690.9 58.0
1526905700.93 58.0
1526905710.94 58.0
1526905720.96 58.0
1526905730.98 58.0
1526905740.99 58.0
1526905751.0 58.0
1526905761.01 58.0
1526905771.03 58.0
1526905781.04 58.0
1526905791.05 58.0
1526905801.07 58.0
1526905811.08 58.0
1526905821.1 58.0
1526905831.12 58.0
1526905841.14 56.9
1526905851.15 57.5
1526905861.17 57.5
1526905871.19 57.5
1526905881.2 56.9
1526905891.22 56.9
1526905901.24 56.9
1526905911.26 56.9
1526905921.28 58.0
1526905931.29 58.0
1526905941.3 58.0
1526905951.31 58.0
1526905961.33 58.0
1526905971.35 58.5
1526905981.37 58.5
1526905991.38 58.0
1526906001.4 58.0
1526906011.42 58.0
1526906021.44 58.5
1526906031.46 58.0
1526906041.47 58.0
1526906051.49 58.5
1526906061.5 58.5
1526906071.52 59.1
1526906081.54 59.1
1526906091.55 59.1
1526906101.57 58.5
1526906111.58 59.1
1526906121.6 58.0
1526906131.62 59.1
1526906141.63 59.1
1526906151.65 59.1
1526906161.67 59.1
1526906171.68 59.1
1526906181.7 59.1
1526906191.72 59.1
1526906201.73 59.1
1526906211.75 59.1
1526906221.78 58.5
1526906231.79 59.1
1526906241.81 59.1
1526906251.82 59.1
1526906261.85 58.5
1526906271.87 59.1
1526906281.89 58.5
1526906291.9 59.1
1526906301.92 58.5
1526906311.94 59.1
1526906321.96 59.1
1526906331.98 59.6
1526906342.0 59.1
1526906352.01 59.1
1526906362.03 59.6
1526906372.04 59.1
1526906382.06 58.5
1526906392.08 58.5
1526906402.09 59.1
1526906412.11 59.1
1526906422.13 59.6
1526906432.15 59.1
1526906442.16 59.6
1526906452.18 59.1
1526906462.2 59.1
1526906472.21 58.5
1526906482.23 58.5
1526906492.25 59.1
1526906502.26 59.1
1526906512.28 59.6
1526906522.31 59.1
1526906532.33 58.5
1526906542.35 58.5
1526906552.37 58.5
1526906562.39 59.1
1526906572.4 59.1
1526906582.42 59.1
1526906592.44 59.1
1526906602.46 59.1
1526906612.47 59.6
1526906622.5 59.1
1526906632.51 59.1
1526906642.53 58.5
1526906652.55 59.1
1526906662.57 59.6
1526906672.58 59.1
1526906682.6 59.1
1526906692.62 59.6
1526906702.63 59.1
1526906712.65 58.5
1526906722.67 59.6
1526906732.68 59.6
1526906742.69 59.1
1526906752.71 59.1
1526906762.72 59.1
1526906772.73 59.1
1526906782.75 59.6
1526906792.77 58.0
1526906802.79 58.5
1526906812.8 59.1
1526906822.82 59.1
1526906832.84 59.1
1526906842.85 59.1
1526906852.87 59.1
1526906862.89 59.1
1526906872.9 58.5
1526906882.92 59.1
1526906892.93 59.1
1526906902.95 59.6
1526906912.97 59.1
1526906922.99 59.1
1526906933.0 59.1
1526906943.02 58.5
1526906953.04 59.1
1526906963.05 59.1
1526906973.08 58.5
1526906983.1 58.0
1526906993.12 58.5
1526907003.14 58.5
1526907013.16 58.5
1526907023.18 58.5
1526907033.19 58.0
1526907043.21 58.5
1526907053.23 58.5
1526907063.25 58.0
1526907073.27 58.0
1526907083.29 58.5
1526907093.31 58.0
1526907103.33 57.5
1526907113.36 58.0
1526907123.38 57.5
1526907133.4 58.0
1526907143.42 58.0
1526907153.44 58.0
1526907163.46 58.0
1526907173.48 58.5
1526907183.49 58.0
1526907193.51 58.0
1526907203.52 58.0
1526907213.54 58.0
1526907223.56 58.0
1526907233.58 58.0
1526907243.59 59.1
1526907253.61 58.5
1526907263.63 58.0
1526907273.65 58.0
1526907283.67 58.5
1526907293.68 58.0
1526907303.7 58.5
1526907313.73 58.0
1526907323.75 58.5
1526907333.76 58.5
1526907343.78 58.0
1526907353.79 59.1
1526907363.82 58.0
1526907373.83 59.1
1526907383.85 58.0
1526907393.86 58.5
1526907403.88 58.0
1526907413.9 59.1
1526907423.92 58.5
1526907433.94 59.6
1526907443.96 58.5
1526907453.99 58.0
1526907464.01 59.1
1526907474.03 59.1
1526907484.04 59.1
1526907494.06 59.1
1526907504.08 59.1
1526907514.1 59.1
1526907524.12 59.1
1526907534.14 59.6
1526907544.16 59.1
1526907554.18 59.1
1526907564.2 60.1
1526907574.22 58.5
1526907584.23 59.1
1526907594.25 59.1
