1526800007.28 44.0
1526800017.3 44.0
1526800027.32 45.1
1526800037.35 44.0
1526800047.37 44.5
1526800057.39 44.5
1526800067.41 44.0
1526800077.43 45.1
1526800087.45 44.0
1526800097.48 44.5
1526800107.5 44.0
1526800117.52 44.0
1526800127.54 44.5
1526800137.55 44.0
1526800147.57 44.0
1526800157.59 44.0
1526800167.61 44.5
1526800177.64 44.0
1526800187.66 44.0
1526800197.67 44.0
1526800207.69 44.0
1526800217.71 45.1
1526800227.73 44.0
1526800237.75 44.5
1526800247.77 44.0
1526800257.79 44.0
1526800267.81 44.0
1526800277.84 44.5
1526800287.86 44.5
1526800297.87 44.0
1526800307.89 44.5
1526800317.91 44.0
1526800327.94 45.1
1526800337.96 44.0
1526800347.98 44.5
1526800358.0 44.0
1526800368.02 44.0
1526800378.04 45.1
1526800388.06 44.0
1526800398.08 44.5
1526800408.1 44.5
1526800418.12 44.0
1526800428.14 44.0
1526800438.16 44.0
1526800448.18 44.0
1526800458.2 45.1
1526800468.23 45.1
1526800478.24 45.1
1526800488.26 45.1
1526800498.29 44.0
1526800508.31 44.0
1526800518.33 44.0
1526800528.35 44.5
1526800538.37 44.0
1526800548.39 45.1
1526800558.41 44.5
1526800568.43 44.0
1526800578.44 44.5
1526800588.47 44.0
1526800598.49 44.0
1526800608.51 44.5
1526800618.53 45.1
1526800628.55 44.0
1526800638.57 44.0
1526800648.59 44.5
1526800658.61 44.5
1526800668.63 44.5
1526800678.65 44.0
1526800688.67 44.5
1526800698.69 44.5
1526800708.71 45.1
1526800718.73 44.5
1526800728.75 44.5
1526800738.77 45.1
1526800748.79 44.5
1526800758.81 44.5
1526800768.83 45.1
1526800778.85 44.0
1526800788.86 45.1
1526800798.89 45.1
1526800808.91 44.5
1526800818.93 44.0
1526800828.95 45.1
1526800838.97 44.0
1526800848.99 44.0
1526800859.01 44.0
1526800869.03 44.5
1526800879.06 44.0
1526800889.08 44.5
1526800899.1 44.0
1526800909.12 44.0
1526800919.14 44.0
1526800929.16 45.1
1526800939.18 44.5
1526800949.2 44.0
1526800959.22 44.5
1526800969.24 44.5
1526800979.27 44.0
1526800989.28 44.5
1526800999.3 44.5
1526801009.32 45.1
1526801019.34 44.0
1526801029.36 44.0
1526801039.38 44.0
1526801049.4 44.5
1526801059.42 44.5
1526801069.45 45.1
1526801079.47 44.5
1526801089.49 44.5
1526801099.51 45.1
1526801109.53 44.5
1526801119.55 44.5
1526801129.57 44.5
1526801139.59 44.5
1526801149.61 44.0
1526801159.63 44.5
1526801169.66 44.0
1526801179.68 44.0
1526801189.7 44.5
1526801199.72 44.0
1526801209.74 44.0
1526801219.76 44.0
1526801229.78 44.0
1526801239.8 44.5
1526801249.82 44.0
1526801259.85 44.0
1526801269.87 44.0
1526801279.89 44.0
1526801289.91 44.5
1526801299.93 44.0
1526801309.95 44.0
1526801319.97 44.0
1526801329.99 44.5
1526801340.02 44.0
1526801350.04 44.0
1526801360.04 45.1
1526801370.07 44.0
1526801380.09 44.5
1526801390.11 45.1
1526801400.13 44.5
1526801410.15 44.0
1526801420.17 44.5
1526801430.19 44.0
1526801440.21 44.0
1526801450.24 45.1
1526801460.26 44.5
1526801470.28 44.5
1526801480.3 45.1
1526801490.32 44.5
1526801500.34 45.1
1526801510.36 44.0
1526801520.39 44.5
1526801530.41 45.1
1526801540.43 44.5
1526801550.45 44.0
1526801560.47 44.0
1526801570.49 44.0
1526801580.51 44.0
1526801590.53 44.5
1526801600.55 44.0
1526801610.57 44.5
1526801620.59 44.5
1526801630.61 44.0
1526801640.63 44.5
1526801650.65 44.5
1526801660.68 44.5
1526801670.7 44.5
1526801680.72 44.0
1526801690.74 44.5
1526801700.77 44.0
1526801710.79 44.0
1526801720.81 44.0
1526801730.83 44.0
1526801740.85 44.0
1526801750.87 45.6
1526801760.89 45.1
1526801770.91 45.1
1526801780.93 44.0
1526801790.96 44.0
1526801800.98 45.1
1526801811.0 44.5
1526801821.02 44.0
1526801831.04 45.1
1526801841.06 44.5
1526801851.08 44.5
1526801861.1 44.5
1526801871.12 44.5
1526801881.15 45.1
1526801891.17 44.5
1526801901.19 45.1
1526801911.21 45.1
1526801921.23 44.5
1526801931.25 44.5
1526801941.27 45.1
1526801951.29 45.1
1526801961.31 44.5
1526801971.34 45.1
1526801981.36 44.5
1526801991.38 45.1
1526802001.4 44.5
1526802011.42 44.5
1526802021.44 45.1
1526802031.47 44.0
1526802041.49 45.1
1526802051.51 45.1
1526802061.53 45.1
1526802071.55 45.1
1526802081.57 45.1
1526802091.59 44.5
1526802101.61 44.5
1526802111.63 44.5
1526802121.65 44.0
1526802131.68 44.5
1526802141.7 45.1
1526802151.72 44.5
1526802161.74 45.1
1526802171.76 44.5
1526802181.79 45.1
1526802191.81 45.1
1526802201.83 45.1
1526802211.85 45.1
1526802221.87 44.0
1526802231.89 45.1
1526802241.91 44.5
1526802251.93 45.1
1526802261.95 44.5
1526802271.97 44.5
1526802281.99 45.1
1526802292.01 44.5
1526802302.03 45.1
1526802312.05 45.1
1526802322.07 44.5
1526802332.1 45.1
1526802342.12 45.1
1526802352.14 45.1
1526802362.15 45.1
1526802372.17 45.1
1526802382.19 45.6
1526802392.21 45.1
1526802402.23 45.1
1526802412.25 45.1
1526802422.27 44.5
1526802432.29 45.1
1526802442.31 44.5
1526802452.33 45.1
1526802462.35 45.1
1526802472.37 45.1
1526802482.4 45.1
1526802492.42 45.1
1526802502.44 45.1
1526802512.47 45.1
1526802522.49 45.1
1526802532.5 45.1
1526802542.52 45.1
1526802552.55 45.1
1526802562.57 45.1
1526802572.6 45.1
1526802582.62 44.5
1526802592.64 45.1
1526802602.66 45.1
1526802612.68 45.1
1526802622.7 44.5
1526802632.72 45.1
1526802642.75 45.1
1526802652.77 45.1
1526802662.79 45.1
1526802672.81 45.1
1526802682.83 45.6
1526802692.85 45.6
1526802702.87 45.1
1526802712.89 45.6
1526802722.92 44.5
1526802732.94 44.0
1526802742.96 45.1
1526802752.98 45.1
1526802763.0 45.1
1526802773.02 45.1
1526802783.04 45.1
1526802793.06 45.1
1526802803.08 45.1
1526802813.11 45.1
1526802823.14 45.6
1526802833.17 45.1
1526802843.19 45.1
1526802853.21 45.1
1526802863.23 45.1
1526802873.26 45.1
1526802883.27 45.1
1526802893.3 45.1
1526802903.32 45.6
1526802913.34 45.1
1526802923.36 45.1
1526802933.38 45.6
1526802943.4 45.1
1526802953.42 45.1
1526802963.44 45.1
1526802973.46 46.2
1526802983.48 45.1
1526802993.5 45.1
1526803003.52 45.1
1526803013.54 45.1
1526803023.56 45.1
1526803033.58 45.1
1526803043.61 45.1
1526803053.62 45.1
1526803063.64 45.1
1526803073.66 45.1
1526803083.68 45.1
1526803093.7 45.6
1526803103.73 45.1
1526803113.74 46.2
1526803123.76 45.1
1526803133.78 45.1
1526803143.81 45.1
1526803153.82 45.1
1526803163.84 45.1
1526803173.86 45.1
1526803183.89 45.1
1526803193.91 45.1
