1527800004.69 66.6
1527800014.7 67.1
1527800024.72 67.1
1527800034.74 66.6
1527800044.77 67.1
1527800054.79 67.1
1527800064.81 66.6
1527800074.82 67.7
1527800084.84 67.1
1527800094.85 67.1
1527800104.87 67.1
1527800114.9 67.1
1527800124.92 66.6
1527800134.93 67.7
1527800144.95 67.7
1527800154.97 67.7
1527800164.99 67.7
1527800175.0 67.7
1527800185.02 67.1
1527800195.03 67.7
1527800205.05 67.1
1527800215.06 67.1
1527800225.09 66.6
1527800235.11 67.7
1527800245.12 68.2
1527800255.14 67.1
1527800265.16 67.7
1527800275.17 68.8
1527800285.19 67.7
1527800295.21 67.7
1527800305.22 68.2
1527800315.24 68.8
1527800325.26 67.7
1527800335.27 67.7
1527800345.29 67.7
1527800355.31 67.1
1527800365.33 67.7
1527800375.35 67.7
1527800385.37 67.7
1527800395.39 67.7
1527800405.4 69.8
1527800415.41 68.8
1527800425.42 68.8
1527800435.44 68.8
1527800445.46 68.8
1527800455.48 67.7
1527800465.5 68.2
1527800475.51 68.2
1527800485.53 67.7
1527800495.54 68.2
1527800505.56 68.2
1527800515.57 67.7
1527800525.59 67.7
1527800535.61 67.1
1527800545.63 67.7
1527800555.65 67.7
1527800565.67 68.2
1527800575.69 67.1
1527800585.71 67.7
1527800595.73 67.1
1527800605.76 66.6
1527800615.78 67.7
1527800625.8 67.7
1527800635.82 66.6
1527800645.84 67.7
1527800655.86 67.1
1527800665.88 66.6
1527800675.9 67.1
1527800685.92 66.6
1527800695.95 66.6
1527800705.97 66.6
1527800715.98 67.1
1527800726.0 67.1
1527800736.02 66.6
1527800746.04 66.6
1527800756.06 66.6
1527800766.08 66.6
1527800776.1 67.1
1527800786.12 67.1
1527800796.14 67.7
1527800806.16 67.7
1527800816.18 67.1
1527800826.2 67.1
1527800836.22 67.7
1527800846.25 67.1
1527800856.27 67.7
1527800866.29 67.1
1527800876.31 66.6
1527800886.33 67.7
1527800896.35 67.7
1527800906.37 67.7
1527800916.39 67.1
1527800926.4 67.7
1527800936.42 67.7
1527800946.44 67.1
1527800956.46 67.7
1527800966.48 68.2
1527800976.49 67.7
1527800986.51 67.7
1527800996.54 67.7
1527801006.55 68.2
1527801016.57 67.7
1527801026.59 67.1
1527801036.61 67.7
1527801046.63 67.7
1527801056.65 67.7
1527801066.67 67.1
1527801076.69 67.7
1527801086.71 67.7
1527801096.73 67.7
1527801106.75 67.7
1527801116.77 67.7
1527801126.79 68.8
1527801136.8 68.8
1527801146.82 68.2
1527801156.83 68.2
1527801166.86 67.7
1527801176.88 67.7
1527801186.9 67.7
1527801196.91 67.7
1527801206.93 67.7
1527801216.95 68.8
1527801226.97 68.2
1527801236.99 68.2
1527801247.0 68.2
1527801257.02 67.7
1527801267.03 67.7
1527801277.05 67.7
1527801287.07 68.2
1527801297.09 68.2
1527801307.1 68.8
1527801317.12 68.8
1527801327.14 67.7
1527801337.15 67.7
1527801347.17 67.7
1527801357.18 67.1
1527801367.2 67.7
1527801377.22 67.7
1527801387.24 68.8
1527801397.25 68.8
1527801407.27 67.7
1527801417.29 68.2
1527801427.31 67.7
1527801437.32 67.7
1527801447.34 67.7
1527801457.36 68.8
1527801467.39 67.7
1527801477.41 67.7
1527801487.43 68.8
1527801497.46 68.8
1527801507.49 67.1
1527801517.51 68.2
1527801527.53 67.7
1527801537.54 67.1
1527801547.56 67.1
1527801557.58 67.1
1527801567.6 67.1
1527801577.62 66.6
1527801587.64 67.1
1527801597.66 66.6
1527801607.68 66.6
1527801617.7 66.6
1527801627.72 66.6
1527801637.73 66.6
1527801647.75 65.5
1527801657.77 67.1
1527801667.8 66.1
1527801677.82 66.6
1527801687.84 67.1
1527801697.86 65.5
1527801707.87 66.6
1527801717.89 66.6
1527801727.91 65.5
1527801737.93 67.1
1527801747.95 66.6
1527801757.96 66.6
1527801767.98 66.6
1527801778.01 66.1
1527801788.03 66.6
1527801798.05 66.1
1527801808.06 66.1
1527801818.08 66.6
1527801828.1 65.5
1527801838.12 66.6
1527801848.13 66.1
1527801858.15 66.6
1527801868.17 66.6
1527801878.19 66.6
1527801888.21 67.1
1527801898.23 66.6
1527801908.25 66.6
1527801918.28 66.6
1527801928.3 66.6
1527801938.31 67.7
1527801948.33 66.1
1527801958.36 67.1
1527801968.38 67.1
1527801978.4 67.1
1527801988.42 66.6
1527801998.44 66.1
1527802008.46 66.1
1527802018.48 66.6
1527802028.49 67.1
1527802038.51 66.6
1527802048.54 65.5
1527802058.55 66.6
1527802068.57 66.6
1527802078.58 66.6
1527802088.6 66.6
1527802098.62 66.6
1527802108.63 66.6
1527802118.65 67.7
1527802128.67 66.6
1527802138.69 66.6
1527802148.71 66.6
1527802158.73 66.6
1527802168.75 67.1
1527802178.76 67.7
1527802188.79 66.6
1527802198.81 66.6
1527802208.82 67.1
1527802218.84 67.1
1527802228.86 67.7
1527802238.87 67.1
1527802248.89 67.7
1527802258.91 67.7
1527802268.93 67.1
1527802278.94 67.1
1527802288.96 67.7
1527802298.98 67.7
1527802309.0 67.1
1527802319.02 67.7
1527802329.04 67.1
1527802339.06 67.7
1527802349.08 67.7
1527802359.09 67.7
1527802369.11 66.6
1527802379.13 67.1
1527802389.14 67.7
1527802399.16 67.7
1527802409.18 67.1
1527802419.2 67.7
1527802429.22 67.7
1527802439.24 66.6
1527802449.25 66.6
1527802459.28 67.1
1527802469.29 66.6
1527802479.3 67.1
1527802489.32 67.1
1527802499.34 66.6
1527802509.37 67.1
1527802519.39 67.7
1527802529.41 66.6
1527802539.42 67.7
1527802549.44 67.1
1527802559.46 66.6
1527802569.49 67.1
1527802579.51 66.6
1527802589.53 67.7
1527802599.55 67.1
1527802609.56 67.1
1527802619.58 67.7
1527802629.6 67.1
1527802639.62 67.1
1527802649.63 67.7
1527802659.65 67.1
1527802669.67 67.7
1527802679.68 67.7
1527802689.7 67.7
1527802699.72 67.1
1527802709.74 67.1
1527802719.76 67.1
1527802729.77 68.8
1527802739.79 68.2
1527802749.81 68.2
1527802759.83 68.2
1527802769.84 68.2
1527802779.85 67.7
1527802789.87 68.8
1527802799.89 67.7
1527802809.9 67.7
1527802819.92 67.1
1527802829.93 67.7
1527802839.95 67.1
1527802849.97 67.1
1527802859.99 66.6
1527802870.01 66.6
1527802880.03 66.6
1527802890.05 66.6
1527802900.06 66.6
1527802910.08 66.6
1527802920.09 66.6
1527802930.11 66.6
1527802940.13 67.1
1527802950.14 66.6
1527802960.16 66.6
1527802970.18 67.1
1527802980.2 67.1
1527802990.22 66.6
1527803000.24 66.6
1527803010.25 66.6
1527803020.27 66.6
1527803030.29 66.6
1527803040.31 66.6
1527803050.33 66.6
1527803060.35 67.1
1527803070.37 66.6
1527803080.38 67.1
1527803090.4 66.6
1527803100.43 67.1
1527803110.45 66.6
1527803120.47 67.1
1527803130.49 67.1
1527803140.51 66.6
1527803150.53 67.1
1527803160.56 67.7
1527803170.57 67.1
1527803180.59 67.7
1527803190.6 67.7
1527803200.61 67.1
1527803210.64 67.1
1527803220.65 66.6
1527803230.66 67.1
1527803240.68 67.7
1527803250.7 67.1
1527803260.71 67.1
1527803270.72 67.1
1527803280.74 67.7
1527803290.77 67.1
1527803300.79 66.6
1527803310.81 67.7
1527803320.82 67.1
1527803330.84 67.1
1527803340.86 67.1
1527803350.88 66.6
1527803360.9 67.1
1527803370.91 67.7
1527803380.92 67.7
1527803390.94 67.1
1527803400.96 67.1
1527803410.97 67.1
1527803420.98 67.1
1527803430.99 66.6
1527803441.01 67.1
1527803451.03 67.1
1527803461.05 67.1
1527803471.07 66.6
1527803481.08 67.7
1527803491.1 67.1
1527803501.11 67.7
1527803511.13 67.1
1527803521.15 66.6
1527803531.16 67.1
1527803541.18 67.1
1527803551.19 67.7
1527803561.21 66.6
1527803571.22 67.1
1527803581.24 67.1
1527803591.26 66.6
1527803601.28 67.1
1527803611.3 66.6
1527803621.32 66.1
1527803631.34 66.6
1527803641.36 66.6
1527803651.38 66.6
1527803661.4 66.1
1527803671.42 66.6
1527803681.43 66.1
1527803691.45 65.5
1527803701.46 66.6
1527803711.48 65.5
1527803721.5 65.5
1527803731.52 66.1
1527803741.54 65.5
1527803751.56 65.5
1527803761.58 65.5
1527803771.6 66.1
1527803781.62 66.1
1527803791.63 66.1
1527803801.65 66.1
1527803811.67 66.6
1527803821.69 66.1
1527803831.7 65.5
1527803841.72 65.5
1527803851.74 65.5
1527803861.76 66.1
1527803871.77 66.1
1527803881.8 66.1
1527803891.82 65.5
1527803901.84 65.5
1527803911.85 65.5
1527803921.88 65.0
1527803931.89 65.5
1527803941.91 65.5
1527803951.93 65.5
1527803961.94 65.5
1527803971.96 66.6
1527803981.98 65.0
1527803991.99 65.5
1527804002.01 65.5
1527804012.03 66.1
1527804022.04 66.1
1527804032.06 66.1
1527804042.08 66.6
1527804052.09 66.6
1527804062.11 66.1
1527804072.13 66.6
1527804082.14 66.6
1527804092.16 65.5
1527804102.18 66.1
1527804112.19 66.6
1527804122.21 65.5
1527804132.22 65.5
1527804142.24 66.1
1527804152.26 66.1
1527804162.27 66.1
1527804172.29 66.6
1527804182.31 66.1
1527804192.32 66.1
1527804202.34 65.0
1527804212.36 65.5
1527804222.38 65.0
1527804232.39 66.1
1527804242.41 65.5
1527804252.43 65.5
1527804262.44 65.5
1527804272.46 65.5
1527804282.48 65.5
1527804292.5 65.5
1527804302.52 65.5
1527804312.53 66.6
1527804322.55 65.5
1527804332.58 65.0
1527804342.6 65.5
1527804352.61 65.0
1527804362.63 65.0
1527804372.65 65.5
1527804382.67 64.5
1527804392.68 64.5
1527804402.7 63.4
1527804412.72 64.5
1527804422.74 64.5
1527804432.76 64.5
1527804442.78 63.9
1527804452.8 63.4
1527804462.82 64.5
1527804472.84 64.5
1527804482.86 63.9
1527804492.87 64.5
1527804502.89 63.9
1527804512.91 65.0
1527804522.93 65.0
1527804532.94 65.5
1527804542.95 65.0
1527804552.96 65.0
1527804562.98 65.0
1527804572.99 65.5
1527804583.01 65.0
1527804593.03 65.5
1527804603.04 65.0
1527804613.06 65.0
1527804623.08 64.5
1527804633.1 63.4
1527804643.12 64.5
1527804653.13 64.5
1527804663.15 64.5
1527804673.17 65.0
1527804683.18 64.5
1527804693.19 64.5
1527804703.21 64.5
1527804713.23 65.0
1527804723.24 64.5
1527804733.26 64.5
1527804743.28 64.5
1527804753.3 64.5
1527804763.32 65.0
1527804773.34 64.5
1527804783.35 65.0
1527804793.37 64.5
1527804803.39 64.5
1527804813.41 64.5
1527804823.42 65.0
1527804833.44 64.5
1527804843.45 64.5
1527804853.47 64.5
1527804863.49 64.5
1527804873.51 65.0
1527804883.52 64.5
1527804893.54 63.9
1527804903.55 64.5
1527804913.58 63.9
1527804923.59 64.5
1527804933.61 65.0
1527804943.63 64.5
1527804953.65 65.0
1527804963.66 65.0
1527804973.68 64.5
1527804983.7 65.5
1527804993.72 65.0
1527805003.74 65.0
1527805013.76 64.5
1527805023.77 64.5
1527805033.79 64.5
1527805043.81 64.5
1527805053.83 64.5
1527805063.84 64.5
1527805073.86 65.0
1527805083.88 64.5
1527805093.89 65.5
1527805103.91 64.5
1527805113.93 65.0
1527805123.95 65.5
1527805133.96 64.5
1527805143.98 65.0
1527805154.0 65.5
1527805164.01 65.5
1527805174.03 65.5
1527805184.05 65.5
1527805194.07 65.0
1527805204.08 65.0
1527805214.1 65.0
1527805224.12 65.5
1527805234.13 65.0
1527805244.15 65.0
1527805254.16 65.5
1527805264.18 65.0
1527805274.19 65.0
1527805284.21 65.5
1527805294.22 65.0
1527805304.24 65.0
1527805314.25 65.0
1527805324.27 65.5
1527805334.29 65.5
1527805344.32 66.1
1527805354.34 65.0
1527805364.35 65.0
1527805374.37 65.0
1527805384.39 65.5
1527805394.41 65.0
1527805404.42 65.5
1527805414.44 65.0
1527805424.45 65.0
1527805434.47 65.0
1527805444.49 65.5
1527805454.5 65.5
1527805464.52 64.5
1527805474.54 64.5
1527805484.56 65.0
1527805494.58 64.5
1527805504.6 64.5
1527805514.61 64.5
1527805524.63 65.0
1527805534.64 64.5
1527805544.66 65.0
1527805554.67 65.5
1527805564.69 65.0
1527805574.71 65.0
1527805584.73 65.5
1527805594.74 65.0
1527805604.76 65.5
1527805614.77 65.0
1527805624.79 65.0
1527805634.81 65.0
1527805644.83 65.5
1527805654.84 65.0
1527805664.86 65.0
1527805674.88 65.5
1527805684.9 65.5
1527805694.91 65.5
1527805704.94 65.5
1527805714.96 65.0
1527805724.98 65.0
1527805734.99 65.0
1527805745.01 65.5
1527805755.03 65.0
1527805765.04 65.0
1527805775.05 64.5
1527805785.07 64.5
1527805795.08 64.5
1527805805.1 64.5
1527805815.12 64.5
1527805825.13 64.5
1527805835.15 64.5
1527805845.17 63.9
1527805855.19 64.5
1527805865.21 63.4
1527805875.23 63.9
1527805885.24 64.5
1527805895.25 63.9
1527805905.27 64.5
1527805915.29 63.4
1527805925.31 63.4
1527805935.33 63.4
1527805945.35 63.4
1527805955.36 64.5
1527805965.38 63.9
1527805975.41 62.8
1527805985.42 64.5
1527805995.44 63.4
1527806005.46 63.4
1527806015.47 62.3
1527806025.49 63.9
1527806035.5 63.4
1527806045.53 63.4
1527806055.55 62.3
1527806065.57 63.4
1527806075.58 62.8
1527806085.59 63.4
1527806095.61 62.8
1527806105.63 62.8
1527806115.66 63.4
1527806125.68 62.8
1527806135.7 63.4
1527806145.71 62.8
1527806155.73 63.4
1527806165.75 62.8
1527806175.77 62.8
1527806185.79 62.3
1527806195.81 62.8
1527806205.82 62.8
1527806215.84 63.4
1527806225.86 62.8
1527806235.88 63.4
1527806245.89 63.4
1527806255.91 62.3
1527806265.93 62.3
1527806275.95 62.8
1527806285.97 62.3
1527806295.99 62.8
1527806306.02 63.4
1527806316.03 62.8
1527806326.04 63.4
1527806336.06 62.8
1527806346.09 62.3
1527806356.1 62.3
1527806366.12 62.8
1527806376.14 62.8
1527806386.16 62.3
1527806396.18 62.3
1527806406.2 62.3
1527806416.22 63.4
1527806426.24 63.4
1527806436.25 62.8
1527806446.27 63.4
1527806456.29 62.8
1527806466.31 62.8
1527806476.32 63.4
1527806486.34 63.4
1527806496.36 63.4
1527806506.37 63.4
1527806516.39 62.8
1527806526.41 62.8
1527806536.43 63.4
1527806546.44 63.4
1527806556.46 62.8
1527806566.47 63.4
1527806576.49 63.4
1527806586.51 63.4
1527806596.52 63.9
1527806606.54 63.4
1527806616.56 62.3
1527806626.57 62.8
1527806636.59 63.4
1527806646.61 62.8
1527806656.63 63.4
1527806666.64 63.9
1527806676.66 63.4
1527806686.68 63.4
1527806696.69 63.4
1527806706.71 63.4
1527806716.73 63.4
1527806726.75 63.4
1527806736.77 63.4
1527806746.78 63.4
1527806756.8 63.4
1527806766.83 62.3
1527806776.85 63.4
1527806786.86 63.4
1527806796.88 63.4
1527806806.89 63.4
1527806816.91 62.8
1527806826.93 63.4
1527806836.95 63.4
1527806846.96 63.9
1527806856.98 63.4
1527806867.0 63.4
1527806877.01 63.4
1527806887.03 63.4
1527806897.05 63.4
1527806907.07 62.8
1527806917.08 63.4
1527806927.1 63.4
1527806937.12 62.3
1527806947.14 63.4
1527806957.15 62.8
1527806967.17 62.8
1527806977.19 62.3
1527806987.2 62.3
1527806997.21 62.8
1527807007.22 62.8
1527807017.23 62.3
1527807027.24 62.3
1527807037.25 62.3
1527807047.27 62.8
1527807057.28 63.4
1527807067.3 62.8
1527807077.31 62.3
1527807087.32 62.8
1527807097.33 62.8
1527807107.34 62.3
1527807117.36 62.8
1527807127.37 62.3
1527807137.39 62.8
1527807147.41 62.8
1527807157.43 62.8
1527807167.45 62.8
1527807177.47 63.4
1527807187.49 62.8
1527807197.5 62.8
1527807207.52 62.8
1527807217.54 62.3
1527807227.56 62.8
1527807237.58 62.3
1527807247.6 62.8
1527807257.62 62.3
1527807267.64 62.8
1527807277.66 62.8
1527807287.68 62.3
1527807297.69 62.8
1527807307.71 63.4
1527807317.73 62.3
1527807327.76 61.8
1527807337.78 62.3
1527807347.8 62.3
1527807357.82 62.3
1527807367.84 62.3
1527807377.86 62.3
1527807387.88 62.3
1527807397.89 62.3
1527807407.91 62.3
1527807417.93 62.8
1527807427.95 62.3
1527807437.97 62.3
1527807447.99 62.3
1527807458.01 62.3
1527807468.03 62.3
1527807478.05 62.3
1527807488.07 61.8
1527807498.09 62.3
1527807508.12 62.8
1527807518.14 62.3
1527807528.15 62.3
1527807538.17 62.3
1527807548.19 62.8
1527807558.2 62.3
1527807568.22 62.3
1527807578.23 62.3
1527807588.25 63.4
1527807598.27 62.8
