1527500003.26 44.0
1527500013.28 44.5
1527500023.29 44.0
1527500033.31 44.0
1527500043.33 44.0
1527500053.35 44.0
1527500063.37 44.5
1527500073.39 44.5
1527500083.4 44.0
1527500093.42 44.0
1527500103.45 44.5
1527500113.48 44.0
1527500123.5 45.1
1527500133.52 44.0
1527500143.54 44.0
1527500153.56 44.0
1527500163.58 44.0
1527500173.61 44.0
1527500183.63 43.5
1527500193.65 43.5
1527500203.67 44.0
1527500213.69 43.5
1527500223.71 43.5
1527500233.74 42.9
1527500243.75 44.0
1527500253.78 44.0
1527500263.79 43.5
1527500273.81 43.5
1527500283.83 44.0
1527500293.85 43.5
1527500303.87 43.5
1527500313.9 43.5
1527500323.92 44.0
1527500333.93 44.5
1527500343.96 44.5
1527500353.97 44.0
1527500363.99 44.5
1527500374.01 44.0
1527500384.04 44.5
1527500394.06 44.0
1527500404.08 43.5
1527500414.11 44.0
1527500424.13 44.5
1527500434.15 44.0
1527500444.17 44.0
1527500454.19 43.5
1527500464.21 45.1
1527500474.22 45.1
1527500484.24 45.1
1527500494.26 45.1
1527500504.27 45.1
1527500514.29 45.1
1527500524.32 44.5
1527500534.34 45.1
1527500544.37 44.5
1527500554.39 44.5
1527500564.41 45.1
1527500574.43 44.5
1527500584.44 44.5
1527500594.45 45.1
1527500604.47 44.5
1527500614.49 44.0
1527500624.51 44.0
1527500634.52 44.5
1527500644.54 44.0
1527500654.56 44.0
1527500664.58 43.5
1527500674.6 44.0
1527500684.62 44.0
1527500694.64 43.5
1527500704.67 43.5
1527500714.69 44.5
1527500724.71 44.0
1527500734.73 44.0
1527500744.75 43.5
1527500754.77 44.0
1527500764.79 43.5
1527500774.8 44.0
1527500784.82 43.5
1527500794.84 44.0
1527500804.85 44.0
1527500814.87 43.5
1527500824.89 43.5
1527500834.91 44.0
1527500844.93 43.5
1527500854.95 42.9
1527500864.96 44.5
1527500874.98 42.9
1527500884.99 43.5
1527500895.01 42.9
1527500905.04 43.5
1527500915.06 42.9
1527500925.08 42.9
1527500935.1 43.5
1527500945.11 42.9
1527500955.13 42.9
1527500965.15 42.9
1527500975.18 43.5
1527500985.2 42.9
1527500995.22 42.9
1527501005.24 43.5
1527501015.26 42.9
1527501025.29 42.9
1527501035.3 43.5
1527501045.32 43.5
1527501055.35 43.5
1527501065.36 43.5
1527501075.39 43.5
1527501085.4 43.5
1527501095.42 43.5
1527501105.43 44.0
1527501115.46 43.5
1527501125.47 42.9
1527501135.49 42.9
1527501145.51 42.9
1527501155.53 43.5
1527501165.55 42.9
1527501175.57 42.4
1527501185.59 42.9
1527501195.61 42.9
1527501205.63 42.9
1527501215.65 43.5
1527501225.67 42.9
1527501235.69 42.9
1527501245.71 42.9
1527501255.73 42.9
1527501265.75 42.9
1527501275.77 42.9
1527501285.79 42.9
1527501295.81 42.9
1527501305.83 43.5
1527501315.85 42.4
1527501325.88 42.4
1527501335.9 42.9
1527501345.92 43.5
1527501355.94 42.9
1527501365.96 42.4
1527501375.98 42.9
1527501386.0 42.9
1527501396.01 43.5
1527501406.03 42.9
1527501416.05 43.5
1527501426.07 43.5
1527501436.09 42.9
1527501446.11 42.4
1527501456.14 42.9
1527501466.16 42.9
1527501476.18 42.9
1527501486.2 42.9
1527501496.21 43.5
1527501506.23 43.5
1527501516.24 44.0
1527501526.26 43.5
1527501536.28 42.9
1527501546.3 42.9
1527501556.32 42.9
1527501566.36 43.5
1527501576.38 42.9
1527501586.39 43.5
1527501596.41 43.5
1527501606.42 46.2
1527501616.44 44.5
1527501626.46 44.0
1527501636.48 43.5
1527501646.5 45.1
1527501656.52 42.9
1527501666.54 42.9
1527501676.56 42.9
1527501686.58 42.9
1527501696.6 43.5
1527501706.63 42.9
1527501716.64 43.5
1527501726.66 42.9
1527501736.68 42.9
1527501746.71 42.9
1527501756.72 44.0
1527501766.74 42.9
1527501776.77 43.5
1527501786.79 42.9
1527501796.81 43.5
1527501806.82 43.5
1527501816.85 43.5
1527501826.87 42.9
1527501836.89 43.5
1527501846.91 44.0
1527501856.93 42.9
1527501866.94 43.5
1527501876.97 42.9
1527501886.99 42.9
1527501897.01 42.9
1527501907.03 43.5
1527501917.05 43.5
1527501927.07 44.0
1527501937.09 42.9
1527501947.1 44.0
1527501957.12 42.9
1527501967.14 44.0
1527501977.16 43.5
1527501987.18 44.0
1527501997.2 42.9
1527502007.22 42.4
1527502017.24 43.5
1527502027.25 43.5
1527502037.27 42.9
1527502047.29 43.5
1527502057.31 42.9
1527502067.34 44.0
1527502077.36 43.5
1527502087.38 42.9
1527502097.41 44.0
1527502107.43 42.9
1527502117.45 42.9
1527502127.46 43.5
1527502137.48 42.9
1527502147.5 43.5
1527502157.52 44.0
1527502167.54 42.9
1527502177.56 44.0
1527502187.58 42.9
1527502197.6 43.5
1527502207.62 42.9
1527502217.64 42.9
1527502227.67 42.9
1527502237.69 43.5
1527502247.71 43.5
1527502257.74 42.9
1527502267.76 42.9
1527502277.78 42.9
1527502287.8 43.5
1527502297.82 42.9
1527502307.84 42.9
1527502317.86 42.9
1527502327.89 42.9
1527502337.91 43.5
1527502347.93 44.5
1527502357.95 44.0
1527502367.97 44.5
1527502377.99 43.5
1527502388.01 44.0
1527502398.03 44.0
1527502408.05 44.5
1527502418.07 43.5
1527502428.1 42.9
1527502438.11 43.5
1527502448.13 43.5
1527502458.15 42.9
1527502468.17 44.0
1527502478.2 43.5
1527502488.22 43.5
1527502498.24 43.5
1527502508.26 42.9
1527502518.29 43.5
1527502528.3 43.5
1527502538.32 43.5
1527502548.34 43.5
1527502558.36 42.9
1527502568.38 42.9
1527502578.4 43.5
1527502588.41 43.5
1527502598.43 42.9
1527502608.45 42.9
1527502618.46 44.0
1527502628.48 43.5
1527502638.5 43.5
1527502648.52 44.0
1527502658.54 44.0
1527502668.56 43.5
1527502678.58 42.9
1527502688.6 43.5
1527502698.62 44.5
1527502708.65 44.0
1527502718.67 43.5
1527502728.69 42.9
1527502738.72 43.5
1527502748.74 44.5
1527502758.76 44.0
1527502768.78 44.0
1527502778.81 44.0
1527502788.83 43.5
1527502798.86 43.5
1527502808.89 43.5
1527502818.9 44.0
1527502828.92 44.0
1527502838.94 44.0
1527502848.96 42.9
1527502858.98 42.9
1527502869.0 44.0
1527502879.02 43.5
1527502889.04 43.5
1527502899.07 42.9
1527502909.09 42.9
1527502919.11 43.5
1527502929.14 42.9
1527502939.16 44.0
1527502949.17 44.0
1527502959.19 44.5
1527502969.21 43.5
1527502979.23 44.0
1527502989.25 44.0
1527502999.27 43.5
1527503009.29 44.0
1527503019.3 44.0
1527503029.33 43.5
1527503039.34 44.5
1527503049.36 44.5
1527503059.37 44.0
1527503069.39 44.5
1527503079.41 44.0
1527503089.43 44.0
1527503099.44 44.0
1527503109.45 44.0
1527503119.47 44.5
1527503129.49 44.5
1527503139.51 44.0
1527503149.53 44.0
1527503159.54 44.5
1527503169.56 44.0
1527503179.58 44.0
1527503189.6 43.5
1527503199.63 44.0
1527503209.65 44.0
1527503219.67 44.0
1527503229.69 44.0
1527503239.72 43.5
1527503249.74 44.0
1527503259.76 44.0
1527503269.78 44.0
1527503279.8 44.0
1527503289.82 43.5
1527503299.84 44.0
1527503309.85 44.0
1527503319.88 44.0
1527503329.9 44.0
1527503339.92 44.5
1527503349.94 45.1
1527503359.96 44.5
1527503369.98 44.0
1527503379.99 44.5
1527503390.02 44.0
1527503400.04 44.0
1527503410.07 43.5
1527503420.09 44.0
1527503430.11 44.5
1527503440.13 44.5
1527503450.15 44.5
1527503460.16 45.1
1527503470.18 44.5
1527503480.21 43.5
1527503490.23 44.0
1527503500.25 44.0
1527503510.28 44.0
1527503520.3 44.0
1527503530.33 44.0
1527503540.35 44.0
1527503550.37 43.5
1527503560.39 43.5
1527503570.41 44.0
1527503580.43 44.0
1527503590.44 44.0
1527503600.46 44.5
1527503610.48 44.0
1527503620.5 44.5
1527503630.52 44.5
1527503640.54 45.1
1527503650.56 44.0
1527503660.58 44.0
1527503670.61 44.0
1527503680.62 45.1
1527503690.65 44.0
1527503700.67 44.0
1527503710.7 44.5
1527503720.72 44.0
1527503730.74 45.1
1527503740.76 44.5
1527503750.78 45.1
1527503760.81 45.1
1527503770.83 45.1
1527503780.86 44.0
1527503790.88 45.1
1527503800.91 44.0
1527503810.93 44.0
1527503820.95 44.5
1527503830.97 44.0
1527503841.0 44.0
1527503851.03 44.0
1527503861.05 44.0
1527503871.07 45.1
1527503881.09 44.5
1527503891.12 44.5
1527503901.14 44.0
1527503911.16 44.5
1527503921.18 45.1
1527503931.2 45.1
1527503941.23 45.6
1527503951.25 45.1
1527503961.27 45.6
1527503971.28 45.1
1527503981.31 44.5
1527503991.33 45.1
1527504001.36 45.1
1527504011.37 45.1
1527504021.39 45.1
1527504031.4 45.1
1527504041.43 45.1
1527504051.45 44.0
1527504061.47 45.1
1527504071.49 45.1
1527504081.5 45.1
1527504091.52 44.0
1527504101.54 44.5
1527504111.55 45.1
1527504121.58 45.1
1527504131.59 44.5
1527504141.62 45.1
1527504151.64 45.1
1527504161.66 44.5
1527504171.68 44.5
1527504181.7 44.0
1527504191.72 44.5
1527504201.74 45.1
1527504211.76 44.5
1527504221.78 44.5
1527504231.81 44.0
1527504241.83 44.5
1527504251.84 45.1
1527504261.86 44.0
1527504271.89 44.5
1527504281.91 44.0
1527504291.93 44.5
1527504301.94 45.1
1527504311.97 44.5
1527504321.99 45.1
1527504332.0 45.1
1527504342.03 44.0
1527504352.04 45.1
1527504362.06 45.1
1527504372.07 45.1
1527504382.09 44.5
1527504392.11 45.1
1527504402.13 44.0
1527504412.15 44.5
1527504422.17 44.0
1527504432.2 44.0
1527504442.22 44.0
1527504452.24 44.0
1527504462.26 44.0
1527504472.28 44.0
1527504482.3 44.5
1527504492.32 45.1
1527504502.34 45.1
1527504512.36 44.0
1527504522.38 44.5
1527504532.39 44.5
1527504542.41 45.6
1527504552.43 44.5
1527504562.45 44.0
1527504572.47 44.0
1527504582.48 44.0
1527504592.52 44.0
1527504602.54 45.1
1527504612.56 44.0
1527504622.58 43.5
1527504632.6 44.0
1527504642.62 43.5
1527504652.64 44.0
1527504662.66 44.0
1527504672.68 44.0
1527504682.7 44.5
1527504692.73 44.0
1527504702.75 44.0
1527504712.77 45.1
1527504722.79 45.1
1527504732.8 45.1
1527504742.82 45.1
1527504752.84 45.1
1527504762.86 44.5
1527504772.88 44.0
1527504782.9 44.0
1527504792.91 45.1
1527504802.93 44.5
1527504812.96 44.0
1527504822.98 44.0
1527504833.0 43.5
1527504843.02 44.5
1527504853.04 44.0
1527504863.06 44.5
1527504873.08 44.0
1527504883.1 44.0
1527504893.12 43.5
1527504903.14 44.0
1527504913.16 44.0
1527504923.17 44.5
1527504933.19 44.0
1527504943.21 44.5
1527504953.24 44.0
1527504963.26 44.0
1527504973.28 44.0
1527504983.3 44.0
1527504993.32 44.0
1527505003.34 45.1
1527505013.36 44.0
1527505023.37 44.5
1527505033.39 44.5
1527505043.41 44.0
1527505053.43 44.0
1527505063.45 44.0
1527505073.47 43.5
1527505083.49 44.0
1527505093.51 44.0
1527505103.53 44.0
1527505113.55 44.0
1527505123.57 44.0
1527505133.59 42.9
1527505143.61 44.5
1527505153.63 44.0
1527505163.65 43.5
1527505173.67 42.9
1527505183.69 43.5
1527505193.71 43.5
