1527900002.36 58.0
1527900012.37 60.1
1527900022.39 59.1
1527900032.41 59.1
1527900042.43 58.5
1527900052.44 59.1
1527900062.46 58.5
1527900072.49 58.5
1527900082.5 59.1
1527900092.52 59.1
1527900102.54 58.5
1527900112.56 58.0
1527900122.58 58.5
1527900132.59 58.5
1527900142.61 59.6
1527900152.63 58.0
1527900162.65 58.5
1527900172.67 58.0
1527900182.69 59.1
1527900192.7 58.5
1527900202.72 58.0
1527900212.73 59.1
1527900222.76 58.5
1527900232.77 58.0
1527900242.79 58.0
1527900252.81 58.0
1527900262.83 58.5
1527900272.84 59.1
1527900282.86 58.0
1527900292.89 58.5
1527900302.9 58.0
1527900312.91 58.0
1527900322.94 57.5
1527900332.96 58.0
1527900342.97 58.0
1527900352.99 56.9
1527900363.02 58.0
1527900373.03 58.0
1527900383.05 57.5
1527900393.08 57.5
1527900403.09 57.5
1527900413.11 56.9
1527900423.13 56.9
1527900433.15 56.9
1527900443.17 58.0
1527900453.19 57.5
1527900463.21 56.9
1527900473.23 56.9
1527900483.26 56.4
1527900493.28 56.9
1527900503.3 56.4
1527900513.32 56.4
1527900523.34 56.4
1527900533.36 56.4
1527900543.38 56.9
1527900553.4 56.4
1527900563.43 56.9
1527900573.44 55.8
1527900583.47 56.4
1527900593.5 56.4
1527900603.51 56.9
1527900613.53 56.4
1527900623.55 57.5
1527900633.56 55.8
1527900643.58 56.4
1527900653.6 56.4
1527900663.63 55.8
1527900673.65 56.4
1527900683.67 56.4
1527900693.69 56.4
1527900703.71 56.9
1527900713.73 56.9
1527900723.75 56.9
1527900733.77 55.8
1527900743.78 56.9
1527900753.79 57.5
1527900763.82 56.9
1527900773.84 56.9
1527900783.86 56.9
1527900793.88 56.9
1527900803.9 56.9
1527900813.92 56.9
1527900823.93 58.0
1527900833.95 56.9
1527900843.97 56.9
1527900853.99 57.5
1527900864.02 56.9
1527900874.04 56.9
1527900884.06 56.9
1527900894.07 56.9
1527900904.09 58.0
1527900914.1 58.0
1527900924.13 56.9
1527900934.14 56.9
1527900944.15 58.0
1527900954.17 57.5
1527900964.18 58.0
1527900974.2 56.9
1527900984.23 57.5
1527900994.24 56.9
1527901004.25 58.0
1527901014.27 58.0
1527901024.29 58.0
1527901034.31 57.5
1527901044.33 56.9
1527901054.34 58.0
1527901064.35 58.0
1527901074.36 57.5
1527901084.39 56.9
1527901094.4 58.0
1527901104.42 56.9
1527901114.44 57.5
1527901124.45 58.0
1527901134.47 56.9
1527901144.49 58.0
1527901154.51 57.5
1527901164.53 58.0
1527901174.54 58.0
1527901184.56 57.5
1527901194.57 58.0
