1527600002.03 63.4
1527600012.04 63.9
1527600022.06 64.5
1527600032.08 63.9
1527600042.1 63.4
1527600052.11 62.3
1527600062.13 63.4
1527600072.16 64.5
1527600082.18 63.9
1527600092.19 63.9
1527600102.21 64.5
1527600112.23 64.5
1527600122.24 64.5
1527600132.26 64.5
1527600142.28 65.0
1527600152.29 64.5
1527600162.31 65.0
1527600172.33 65.5
1527600182.34 65.0
1527600192.36 65.0
1527600202.38 65.0
1527600212.4 65.0
1527600222.42 65.0
1527600232.43 65.5
1527600242.45 65.0
1527600252.47 65.0
1527600262.49 65.0
1527600272.5 65.5
1527600282.53 65.5
1527600292.55 65.0
1527600302.56 65.0
1527600312.58 64.5
1527600322.59 65.5
1527600332.61 65.0
1527600342.63 65.5
1527600352.65 65.5
1527600362.67 65.0
1527600372.69 64.5
1527600382.7 65.0
1527600392.72 64.5
1527600402.73 65.0
1527600412.74 65.0
1527600422.75 64.5
1527600432.77 64.5
1527600442.78 65.0
1527600452.8 65.5
1527600462.82 64.5
1527600472.84 65.0
1527600482.86 65.0
1527600492.88 65.0
1527600502.9 65.0
1527600512.92 65.0
1527600522.94 65.0
1527600532.96 65.5
1527600542.97 65.5
1527600552.99 65.5
1527600563.01 65.5
1527600573.03 65.0
1527600583.05 65.0
1527600593.07 65.5
1527600603.08 65.0
1527600613.1 65.5
1527600623.12 65.5
1527600633.14 65.5
1527600643.15 65.5
1527600653.18 65.0
1527600663.19 65.5
1527600673.21 65.5
1527600683.23 65.0
1527600693.25 66.6
1527600703.27 65.5
1527600713.28 65.5
1527600723.3 66.1
1527600733.32 65.5
1527600743.33 65.5
1527600753.35 65.0
1527600763.37 64.5
1527600773.39 64.5
1527600783.41 65.5
1527600793.43 65.0
1527600803.44 65.5
1527600813.46 65.5
1527600823.48 65.5
1527600833.5 65.0
1527600843.51 65.0
1527600853.53 65.5
1527600863.54 65.0
1527600873.56 65.5
1527600883.58 65.5
1527600893.6 66.6
1527600903.62 65.5
1527600913.63 66.6
1527600923.64 66.6
1527600933.66 66.6
1527600943.68 66.6
1527600953.7 67.1
1527600963.71 66.6
1527600973.73 67.1
1527600983.75 67.1
1527600993.76 67.1
1527601003.78 67.7
1527601013.8 67.7
1527601023.82 67.7
1527601033.84 66.6
1527601043.86 67.1
1527601053.88 67.7
1527601063.89 67.7
1527601073.92 67.1
1527601083.94 67.7
1527601093.96 68.2
1527601103.97 68.2
1527601113.98 67.7
1527601124.0 67.7
1527601134.01 67.7
1527601144.03 67.7
1527601154.05 67.7
1527601164.07 67.7
1527601174.09 67.7
1527601184.11 67.7
1527601194.13 67.1
1527601204.15 68.8
1527601214.17 67.7
1527601224.19 67.7
1527601234.22 67.7
1527601244.24 68.8
1527601254.25 68.8
1527601264.27 67.7
1527601274.29 68.8
1527601284.3 68.2
1527601294.32 67.7
1527601304.34 68.2
1527601314.35 68.8
1527601324.37 68.8
1527601334.39 68.2
1527601344.41 68.2
1527601354.42 68.8
1527601364.44 68.2
1527601374.46 68.8
1527601384.48 68.8
1527601394.5 68.8
1527601404.51 68.8
1527601414.53 68.8
1527601424.54 69.3
1527601434.56 68.8
1527601444.58 68.8
1527601454.6 69.3
1527601464.61 69.3
1527601474.63 68.8
1527601484.65 69.3
1527601494.67 67.7
1527601504.69 68.8
1527601514.71 68.8
1527601524.73 68.8
1527601534.74 68.8
1527601544.76 68.8
1527601554.78 68.2
1527601564.8 68.8
1527601574.82 67.7
1527601584.84 67.7
1527601594.86 68.8
1527601604.87 68.2
1527601614.9 67.7
1527601624.91 68.8
1527601634.94 67.7
1527601644.95 67.7
1527601654.96 67.7
1527601664.98 67.1
1527601675.0 68.2
1527601685.02 67.7
1527601695.04 67.7
1527601705.06 67.7
1527601715.08 67.1
1527601725.1 67.1
1527601735.12 66.6
1527601745.14 67.1
1527601755.15 67.7
1527601765.18 67.7
1527601775.19 67.7
1527601785.21 67.1
1527601795.23 68.2
1527601805.25 67.7
1527601815.27 67.7
1527601825.28 67.7
1527601835.31 67.1
1527601845.32 67.7
1527601855.34 67.7
1527601865.36 67.1
1527601875.39 66.6
1527601885.41 67.1
1527601895.43 66.6
1527601905.45 67.1
1527601915.47 67.7
1527601925.49 67.7
1527601935.52 67.7
1527601945.54 67.7
1527601955.56 67.1
1527601965.58 67.1
1527601975.61 66.6
1527601985.62 66.6
1527601995.65 66.6
1527602005.67 66.6
1527602015.69 67.1
1527602025.71 66.6
1527602035.73 66.1
1527602045.75 66.6
1527602055.78 66.6
1527602065.8 66.1
1527602075.83 66.6
1527602085.85 65.5
1527602095.87 66.6
1527602105.89 66.1
1527602115.91 66.6
1527602125.93 66.6
1527602135.95 66.1
1527602145.96 67.1
1527602155.98 66.6
1527602166.0 67.1
1527602176.02 66.6
1527602186.04 67.1
1527602196.06 67.1
1527602206.08 67.1
1527602216.09 67.7
1527602226.11 67.1
1527602236.14 67.1
1527602246.15 67.7
1527602256.18 67.7
1527602266.19 67.7
1527602276.21 67.7
1527602286.23 67.7
1527602296.25 67.7
1527602306.28 68.2
1527602316.29 67.7
1527602326.31 67.7
1527602336.33 68.2
1527602346.34 68.8
1527602356.36 67.7
1527602366.37 68.8
1527602376.39 67.7
1527602386.4 67.7
1527602396.42 68.8
