1527200006.8 62.3
1527200016.81 62.3
1527200026.83 62.3
1527200036.84 62.3
1527200046.85 61.8
1527200056.86 62.8
1527200066.88 62.3
1527200076.9 62.3
1527200086.91 62.8
1527200096.93 62.8
1527200106.95 62.8
1527200116.96 62.8
1527200126.98 62.3
1527200137.0 62.3
1527200147.02 62.3
1527200157.04 62.3
1527200167.05 62.3
1527200177.07 62.3
1527200187.09 62.8
1527200197.11 62.3
1527200207.12 62.3
1527200217.15 62.3
1527200227.16 62.3
1527200237.17 62.3
1527200247.19 62.8
1527200257.2 62.8
1527200267.22 62.8
1527200277.24 62.8
1527200287.25 62.8
1527200297.27 62.8
1527200307.28 62.3
1527200317.3 62.8
1527200327.31 62.3
1527200337.33 62.8
1527200347.34 62.3
1527200357.36 62.3
1527200367.38 62.3
1527200377.39 62.3
1527200387.41 62.3
1527200397.42 62.3
1527200407.44 61.8
1527200417.46 61.8
1527200427.48 61.8
1527200437.5 62.3
1527200447.51 61.2
1527200457.53 61.2
1527200467.55 61.8
1527200477.57 61.2
1527200487.58 61.8
1527200497.6 62.3
1527200507.62 60.7
1527200517.64 61.2
1527200527.65 61.2
1527200537.67 61.2
1527200547.68 61.2
1527200557.7 61.2
1527200567.72 61.2
1527200577.74 60.1
1527200587.77 61.8
1527200597.79 61.2
1527200607.81 61.2
1527200617.82 61.2
1527200627.85 61.2
1527200637.86 61.8
1527200647.88 61.2
1527200657.9 61.2
1527200667.92 60.7
1527200677.94 60.1
1527200687.95 61.2
1527200697.97 60.7
1527200707.98 60.7
1527200718.01 60.7
1527200728.03 60.7
1527200738.05 60.1
1527200748.07 60.1
1527200758.09 60.7
1527200768.11 61.2
1527200778.12 60.7
1527200788.14 61.2
1527200798.16 61.2
1527200808.18 61.8
1527200818.19 61.2
1527200828.21 61.2
1527200838.22 60.7
1527200848.25 60.7
1527200858.26 61.8
1527200868.28 61.8
1527200878.29 61.8
1527200888.31 61.2
1527200898.35 61.2
1527200908.38 60.7
1527200918.4 61.2
1527200928.41 61.2
1527200938.43 61.2
1527200948.45 61.2
1527200958.46 61.8
1527200968.48 61.8
1527200978.49 61.2
1527200988.51 61.2
1527200998.53 60.7
1527201008.54 60.7
1527201018.56 61.2
1527201028.58 61.8
1527201038.59 60.7
1527201048.61 61.2
1527201058.62 61.2
1527201068.64 61.2
1527201078.65 60.1
1527201088.67 61.8
1527201098.69 61.2
1527201108.7 61.8
1527201118.71 61.8
1527201128.72 61.2
1527201138.73 61.2
1527201148.75 61.8
1527201158.77 61.8
1527201168.78 61.2
1527201178.8 60.7
1527201188.81 60.7
1527201198.83 60.7
1527201208.84 60.7
1527201218.86 60.7
1527201228.88 60.1
1527201238.89 60.7
1527201248.91 61.2
1527201258.93 60.7
1527201268.94 59.6
1527201278.96 60.1
1527201288.98 60.7
1527201299.0 59.1
1527201309.02 60.7
1527201319.04 60.7
1527201329.06 60.7
1527201339.08 60.7
1527201349.09 60.7
1527201359.11 60.1
1527201369.12 60.1
1527201379.14 60.1
1527201389.16 60.1
1527201399.18 60.1
1527201409.2 60.1
1527201419.22 60.1
1527201429.23 60.1
1527201439.25 60.1
1527201449.27 60.1
1527201459.28 60.1
1527201469.29 60.1
1527201479.31 60.1
1527201489.32 59.6
1527201499.35 59.1
1527201509.36 59.6
1527201519.38 60.1
1527201529.4 59.1
1527201539.42 59.1
1527201549.44 60.1
1527201559.46 59.1
1527201569.48 59.6
1527201579.49 59.1
1527201589.5 59.1
1527201599.52 58.5
1527201609.54 59.1
1527201619.56 58.5
1527201629.58 59.1
1527201639.6 59.1
1527201649.61 59.1
1527201659.63 58.5
1527201669.65 59.1
1527201679.67 59.1
1527201689.68 59.1
1527201699.7 59.6
1527201709.72 59.1
1527201719.74 59.6
1527201729.76 59.1
1527201739.78 59.1
1527201749.79 60.1
1527201759.81 59.6
1527201769.83 60.1
1527201779.84 60.1
1527201789.85 59.6
1527201799.88 59.1
1527201809.89 60.1
1527201819.9 59.1
1527201829.92 59.1
1527201839.94 60.1
1527201849.95 59.1
1527201859.97 59.6
1527201869.99 59.1
1527201880.0 59.1
1527201890.02 59.1
1527201900.04 59.1
1527201910.05 60.1
1527201920.06 59.6
1527201930.08 59.1
1527201940.1 60.1
1527201950.12 59.6
1527201960.13 59.1
1527201970.15 60.1
1527201980.16 59.1
1527201990.17 59.1
1527202000.19 59.1
1527202010.21 59.1
1527202020.23 59.1
1527202030.24 60.1
1527202040.25 59.1
1527202050.27 59.6
1527202060.29 60.1
1527202070.31 60.1
1527202080.33 60.1
1527202090.34 59.6
1527202100.36 60.1
1527202110.38 60.1
1527202120.39 60.1
1527202130.41 59.6
1527202140.43 59.1
1527202150.45 59.1
1527202160.47 59.1
1527202170.49 60.1
1527202180.5 60.1
1527202190.51 60.1
1527202200.53 60.1
1527202210.54 60.1
1527202220.55 60.1
1527202230.57 60.1
1527202240.58 60.1
1527202250.6 60.1
1527202260.62 59.1
1527202270.63 59.1
1527202280.65 59.6
1527202290.67 59.6
1527202300.68 59.6
1527202310.7 60.1
1527202320.72 59.1
1527202330.74 60.1
1527202340.75 60.1
1527202350.77 60.1
1527202360.79 60.1
1527202370.81 60.1
1527202380.82 60.1
1527202390.84 59.1
1527202400.86 59.6
1527202410.88 59.6
1527202420.9 59.1
1527202430.91 59.1
1527202440.92 59.1
1527202450.94 59.1
1527202460.96 59.1
1527202470.98 59.1
1527202480.99 59.1
1527202491.01 60.1
1527202501.03 59.1
1527202511.05 59.1
1527202521.07 60.1
1527202531.08 59.6
1527202541.11 60.1
1527202551.12 60.1
1527202561.14 59.6
1527202571.16 59.6
1527202581.17 59.1
1527202591.19 59.6
1527202601.2 60.1
1527202611.22 60.1
1527202621.24 60.1
1527202631.26 59.1
1527202641.28 59.6
1527202651.29 59.1
1527202661.31 59.1
1527202671.33 59.1
1527202681.34 59.1
1527202691.36 58.5
1527202701.38 59.6
1527202711.4 59.1
1527202721.41 59.1
1527202731.43 59.1
1527202741.45 58.5
1527202751.46 59.1
1527202761.48 59.1
1527202771.5 59.1
1527202781.51 59.1
1527202791.53 59.1
1527202801.55 58.0
