1527700006.16 68.2
1527700016.17 68.8
1527700026.19 69.3
1527700036.22 67.7
1527700046.24 68.8
1527700056.26 68.8
1527700066.27 68.8
1527700076.29 68.8
1527700086.31 68.8
1527700096.33 68.8
1527700106.35 68.8
1527700116.36 69.3
1527700126.38 68.8
1527700136.39 69.3
1527700146.41 69.3
1527700156.43 68.8
1527700166.44 68.8
1527700176.46 69.3
1527700186.48 68.8
1527700196.5 69.3
1527700206.52 68.8
1527700216.54 69.3
1527700226.56 68.8
1527700236.58 69.3
1527700246.6 69.3
1527700256.62 69.3
1527700266.64 69.3
1527700276.66 69.3
1527700286.68 68.8
1527700296.69 68.8
1527700306.71 69.3
1527700316.73 68.8
1527700326.75 69.3
1527700336.77 69.3
1527700346.79 67.7
1527700356.8 69.8
1527700366.83 69.3
1527700376.85 68.8
1527700386.87 69.3
1527700396.89 68.8
1527700406.91 68.8
1527700416.93 69.3
1527700426.94 68.8
1527700436.95 69.3
1527700446.96 68.8
1527700456.98 69.3
1527700467.0 68.8
1527700477.02 69.3
1527700487.04 68.8
1527700497.05 68.8
1527700507.08 69.3
1527700517.09 69.3
1527700527.11 68.8
1527700537.13 69.3
1527700547.15 68.8
1527700557.17 68.8
1527700567.19 68.8
1527700577.21 69.3
1527700587.23 69.3
1527700597.25 68.8
1527700607.27 68.8
1527700617.29 68.8
1527700627.31 68.8
1527700637.33 68.8
1527700647.36 68.2
1527700657.37 68.2
1527700667.4 67.7
1527700677.42 67.7
1527700687.44 67.7
1527700697.46 67.7
1527700707.48 67.7
1527700717.49 68.2
1527700727.51 68.2
1527700737.53 67.7
1527700747.54 68.2
1527700757.56 67.1
1527700767.58 67.7
1527700777.6 67.7
1527700787.62 67.7
1527700797.64 68.2
1527700807.65 67.1
1527700817.67 67.1
1527700827.69 67.7
1527700837.7 67.7
1527700847.72 68.8
1527700857.73 67.7
1527700867.75 68.8
1527700877.76 67.7
1527700887.78 67.7
1527700897.79 68.8
1527700907.81 67.7
1527700917.83 67.7
1527700927.85 67.1
1527700937.87 67.7
1527700947.89 67.1
1527700957.9 67.7
1527700967.92 67.7
1527700977.94 67.7
1527700987.96 66.6
1527700997.97 67.1
1527701007.99 67.7
1527701018.0 68.2
1527701028.02 68.2
1527701038.04 68.2
1527701048.05 67.1
1527701058.06 67.7
1527701068.08 67.1
1527701078.1 67.7
1527701088.11 67.7
1527701098.13 68.2
1527701108.15 67.7
1527701118.16 68.2
1527701128.18 67.7
1527701138.2 68.2
1527701148.21 67.7
1527701158.23 67.1
1527701168.26 67.7
1527701178.28 67.7
1527701188.29 67.7
1527701198.31 67.7
1527701208.33 66.6
1527701218.35 67.7
1527701228.36 67.1
1527701238.38 67.1
1527701248.4 67.1
1527701258.42 66.6
1527701268.45 66.6
1527701278.47 66.6
1527701288.49 66.6
1527701298.5 66.6
1527701308.52 66.6
1527701318.54 66.6
1527701328.55 66.6
1527701338.57 66.6
1527701348.59 67.7
1527701358.6 66.6
1527701368.62 67.1
1527701378.64 66.6
1527701388.65 66.6
1527701398.67 67.1
1527701408.69 66.6
1527701418.71 66.1
1527701428.72 66.6
1527701438.75 66.6
1527701448.76 66.6
1527701458.78 66.6
1527701468.79 67.1
1527701478.81 66.6
1527701488.83 67.1
1527701498.85 67.7
1527701508.87 67.1
1527701518.88 67.1
1527701528.89 66.6
1527701538.91 66.6
1527701548.93 67.7
1527701558.94 67.7
1527701568.96 68.2
1527701578.97 67.1
1527701589.0 67.1
1527701599.02 66.6
1527701609.04 66.6
1527701619.05 67.7
1527701629.07 67.1
1527701639.09 67.1
1527701649.11 67.1
1527701659.12 67.1
1527701669.14 67.1
1527701679.15 66.6
1527701689.17 66.6
1527701699.19 66.6
1527701709.21 67.1
1527701719.23 67.7
1527701729.24 67.7
1527701739.26 67.7
1527701749.28 67.1
1527701759.29 67.7
1527701769.32 67.1
1527701779.33 67.7
1527701789.34 67.1
1527701799.35 67.7
1527701809.38 67.7
1527701819.39 67.7
1527701829.41 67.1
1527701839.43 67.7
1527701849.44 67.7
1527701859.46 67.7
1527701869.48 67.7
1527701879.49 68.2
1527701889.5 68.2
1527701899.51 68.2
1527701909.53 67.7
1527701919.55 67.7
1527701929.56 67.7
1527701939.58 67.7
1527701949.59 67.7
1527701959.61 67.7
1527701969.63 67.7
1527701979.65 67.7
1527701989.67 67.7
1527701999.68 67.7
1527702009.7 67.7
1527702019.71 67.7
1527702029.73 67.7
1527702039.74 67.1
1527702049.76 67.7
1527702059.78 67.7
1527702069.8 67.7
1527702079.82 67.1
1527702089.84 67.7
1527702099.86 67.7
1527702109.87 68.2
1527702119.89 67.7
1527702129.91 68.2
1527702139.93 67.7
1527702149.95 68.2
1527702159.97 68.8
1527702169.98 68.2
1527702180.0 67.1
1527702190.02 67.7
1527702200.03 67.1
1527702210.06 67.7
1527702220.07 68.2
1527702230.09 67.1
1527702240.11 68.2
1527702250.12 67.1
1527702260.14 67.7
1527702270.16 67.7
1527702280.17 67.7
1527702290.19 67.7
1527702300.21 67.1
1527702310.23 67.7
1527702320.25 67.7
1527702330.27 67.7
1527702340.29 67.7
1527702350.31 67.7
1527702360.33 67.7
1527702370.35 68.2
1527702380.36 67.7
1527702390.38 68.2
1527702400.39 68.2
1527702410.41 67.7
1527702420.43 68.8
1527702430.44 67.7
1527702440.46 68.8
1527702450.48 68.2
1527702460.49 67.7
1527702470.51 67.7
1527702480.53 67.7
1527702490.55 67.7
1527702500.56 68.8
1527702510.57 68.8
1527702520.59 67.7
1527702530.61 68.8
1527702540.62 67.7
1527702550.64 68.2
1527702560.66 68.2
1527702570.67 67.1
1527702580.68 67.7
1527702590.7 68.2
1527702600.72 67.1
1527702610.73 67.7
1527702620.75 68.2
1527702630.77 67.7
1527702640.79 67.7
1527702650.81 67.7
1527702660.83 67.7
1527702670.85 67.7
1527702680.87 67.7
1527702690.89 68.2
1527702700.9 67.1
1527702710.93 68.2
1527702720.94 67.7
1527702730.96 67.7
1527702740.97 67.7
1527702750.99 67.1
1527702761.0 67.7
1527702771.02 67.7
1527702781.04 67.7
1527702791.06 68.2
1527702801.07 68.2
1527702811.09 67.7
1527702821.1 68.8
1527702831.12 67.7
1527702841.14 68.8
1527702851.15 68.8
1527702861.17 68.8
1527702871.19 68.2
1527702881.2 68.8
1527702891.22 67.7
1527702901.24 67.1
1527702911.26 67.7
1527702921.28 67.7
1527702931.29 67.7
1527702941.31 68.2
1527702951.33 68.2
1527702961.35 68.2
1527702971.37 68.2
1527702981.39 67.1
1527702991.42 67.7
1527703001.44 67.7
1527703011.46 68.2
1527703021.48 68.8
1527703031.49 68.8
1527703041.51 67.7
1527703051.53 68.2
1527703061.55 67.1
1527703071.56 67.7
1527703081.58 68.8
1527703091.59 67.7
1527703101.61 67.7
1527703111.63 67.7
1527703121.64 68.2
1527703131.66 68.2
1527703141.68 67.7
1527703151.7 68.2
1527703161.72 67.1
1527703171.73 67.1
1527703181.76 67.1
1527703191.78 67.1
1527703201.79 67.7
1527703211.81 68.8
1527703221.83 68.2
1527703231.84 68.2
1527703241.87 67.1
1527703251.88 67.7
1527703261.89 67.7
1527703271.9 67.7
1527703281.92 67.1
1527703291.94 67.1
1527703301.95 67.7
1527703311.97 67.7
1527703321.99 67.7
1527703332.01 67.1
1527703342.03 67.1
1527703352.04 67.7
1527703362.06 67.1
1527703372.08 67.1
1527703382.1 67.1
1527703392.12 67.7
1527703402.14 66.6
1527703412.16 67.1
1527703422.18 67.7
1527703432.2 67.7
1527703442.21 68.2
1527703452.23 68.8
1527703462.24 68.2
1527703472.27 67.7
1527703482.28 68.2
1527703492.3 68.2
1527703502.32 68.8
1527703512.33 68.8
1527703522.36 68.2
1527703532.37 68.2
1527703542.39 68.8
1527703552.41 68.2
1527703562.43 68.8
1527703572.45 67.7
1527703582.47 67.7
1527703592.49 67.7
1527703602.51 68.2
1527703612.53 67.7
1527703622.56 68.8
1527703632.57 67.7
1527703642.59 68.8
1527703652.61 68.8
1527703662.62 68.8
1527703672.64 67.7
1527703682.66 67.7
1527703692.67 68.2
1527703702.7 67.7
1527703712.71 67.7
1527703722.73 67.7
1527703732.75 67.7
1527703742.77 68.8
1527703752.78 68.8
1527703762.79 67.7
1527703772.81 68.8
1527703782.83 67.7
1527703792.85 68.2
1527703802.86 68.8
1527703812.88 68.8
1527703822.9 67.7
1527703832.91 67.1
1527703842.93 67.1
1527703852.95 66.6
1527703862.97 66.6
1527703872.99 67.1
1527703883.02 67.1
1527703893.03 67.7
1527703903.05 67.1
1527703913.07 67.7
1527703923.09 67.1
1527703933.11 66.6
1527703943.12 67.7
1527703953.13 67.7
1527703963.15 67.7
1527703973.16 67.1
1527703983.18 67.7
1527703993.19 68.2
1527704003.21 67.7
1527704013.23 67.1
1527704023.24 66.6
1527704033.26 67.7
1527704043.28 67.7
1527704053.3 67.7
1527704063.32 67.7
1527704073.34 67.7
1527704083.35 67.7
1527704093.37 67.7
1527704103.39 67.7
1527704113.4 67.7
1527704123.42 67.7
1527704133.44 67.7
1527704143.46 67.7
1527704153.48 67.7
1527704163.49 67.7
1527704173.51 67.7
1527704183.53 67.7
1527704193.54 67.7
1527704203.56 67.7
1527704213.57 67.7
1527704223.59 67.7
1527704233.6 68.2
1527704243.62 68.2
1527704253.64 67.1
1527704263.66 68.8
1527704273.68 67.7
1527704283.69 67.7
1527704293.71 67.7
1527704303.73 67.7
1527704313.74 68.2
1527704323.77 67.1
1527704333.78 67.7
1527704343.8 67.7
1527704353.81 67.7
1527704363.84 67.1
1527704373.86 67.7
1527704383.87 67.7
1527704393.89 68.8
1527704403.9 67.7
1527704413.92 67.7
1527704423.94 67.7
1527704433.95 67.7
1527704443.97 67.7
1527704453.99 67.7
1527704464.01 67.7
1527704474.02 67.7
1527704484.04 67.7
1527704494.06 68.8
1527704504.07 68.2
1527704514.09 67.7
1527704524.11 68.2
1527704534.12 68.2
1527704544.14 68.2
1527704554.16 67.7
1527704564.18 67.7
1527704574.19 67.7
1527704584.21 67.7
1527704594.23 68.2
1527704604.24 67.7
1527704614.26 67.7
1527704624.27 68.2
1527704634.29 68.8
1527704644.31 68.8
1527704654.33 68.2
1527704664.34 67.7
1527704674.36 68.8
1527704684.38 68.8
1527704694.4 68.2
1527704704.41 68.8
1527704714.43 68.8
1527704724.45 68.8
1527704734.47 68.8
1527704744.49 68.8
1527704754.5 68.2
1527704764.52 68.8
1527704774.53 68.2
1527704784.56 68.8
1527704794.57 69.3
1527704804.59 69.3
1527704814.6 69.3
1527704824.62 69.3
1527704834.63 68.2
1527704844.66 69.3
1527704854.67 68.8
1527704864.69 68.8
1527704874.71 69.3
1527704884.73 68.8
1527704894.75 68.8
1527704904.78 68.2
1527704914.79 68.8
1527704924.81 68.8
1527704934.83 68.2
1527704944.85 68.2
1527704954.86 67.7
1527704964.89 67.7
1527704974.91 67.1
1527704984.92 67.7
1527704994.94 67.7
1527705004.97 67.7
1527705014.99 67.7
1527705025.0 68.8
1527705035.03 68.2
1527705045.05 67.7
1527705055.07 68.2
1527705065.09 66.6
1527705075.1 67.7
1527705085.12 67.7
1527705095.14 68.2
1527705105.15 68.2
1527705115.17 67.7
1527705125.19 68.8
1527705135.21 68.2
1527705145.23 67.7
1527705155.25 67.7
1527705165.26 68.2
1527705175.28 68.8
1527705185.29 67.7
1527705195.31 67.7
1527705205.32 67.1
1527705215.35 67.7
1527705225.37 68.2
1527705235.39 67.7
1527705245.41 67.7
1527705255.43 68.8
1527705265.44 68.8
1527705275.46 68.8
1527705285.48 68.8
1527705295.49 68.2
1527705305.51 68.8
1527705315.53 68.8
1527705325.55 69.3
1527705335.56 68.8
1527705345.58 68.2
1527705355.6 69.3
1527705365.62 69.3
1527705375.63 68.8
1527705385.65 68.2
1527705395.67 68.8
1527705405.7 68.8
1527705415.72 68.8
1527705425.73 68.8
1527705435.75 68.8
1527705445.77 68.8
1527705455.78 68.8
1527705465.8 69.3
1527705475.82 68.8
1527705485.84 69.3
1527705495.85 68.8
1527705505.87 69.3
1527705515.89 68.8
1527705525.9 69.8
1527705535.92 69.8
1527705545.95 69.3
1527705555.96 69.3
1527705565.98 69.3
1527705576.0 69.3
1527705586.01 69.3
1527705596.03 69.8
1527705606.05 69.8
1527705616.06 69.3
1527705626.08 69.8
1527705636.1 69.3
1527705646.12 68.8
1527705656.13 68.8
1527705666.15 69.8
1527705676.17 69.8
1527705686.18 69.8
1527705696.2 69.8
1527705706.22 69.3
1527705716.24 69.8
1527705726.25 69.3
1527705736.27 69.8
1527705746.29 69.3
1527705756.31 69.3
1527705766.32 69.3
1527705776.34 69.3
1527705786.36 69.3
1527705796.38 69.3
1527705806.4 69.3
1527705816.41 69.8
1527705826.43 69.3
1527705836.45 69.8
1527705846.47 68.8
1527705856.49 68.8
1527705866.5 69.8
1527705876.52 69.3
1527705886.54 69.3
1527705896.56 68.8
1527705906.57 69.8
1527705916.6 68.8
1527705926.61 69.8
1527705936.63 69.3
1527705946.65 68.8
1527705956.67 68.8
1527705966.69 68.8
1527705976.72 69.3
1527705986.73 70.4
1527705996.75 68.8
1527706006.76 69.8
1527706016.78 69.8
1527706026.81 68.8
1527706036.82 69.8
1527706046.84 69.8
1527706056.85 69.3
1527706066.87 69.8
1527706076.93 69.3
1527706086.94 69.8
1527706096.96 68.8
1527706106.98 68.8
1527706116.99 69.3
1527706127.01 69.3
1527706137.03 69.3
1527706147.05 69.3
1527706157.06 69.3
1527706167.08 69.3
1527706177.1 68.8
1527706187.11 68.8
1527706197.13 69.3
1527706207.15 68.8
1527706217.16 68.8
1527706227.18 68.8
1527706237.2 68.8
1527706247.21 68.8
1527706257.23 68.8
1527706267.24 69.3
1527706277.26 69.8
1527706287.28 68.8
1527706297.29 69.3
1527706307.31 69.3
1527706317.33 69.3
1527706327.34 68.8
1527706337.35 69.3
1527706347.36 69.3
1527706357.38 69.3
1527706367.39 69.3
1527706377.4 69.3
1527706387.42 68.8
1527706397.44 68.8
1527706407.45 69.3
1527706417.47 69.3
1527706427.49 68.8
1527706437.5 69.3
1527706447.52 69.3
1527706457.53 68.8
1527706467.55 68.8
1527706477.57 68.8
1527706487.59 68.8
1527706497.6 68.8
1527706507.62 69.3
1527706517.65 69.3
1527706527.67 69.3
1527706537.69 68.8
1527706547.71 69.3
1527706557.73 68.8
1527706567.74 68.8
1527706577.76 69.3
1527706587.78 68.8
1527706597.79 68.8
1527706607.81 68.8
1527706617.83 67.7
1527706627.84 68.8
1527706637.87 68.2
1527706647.88 68.8
1527706657.9 68.8
1527706667.92 68.8
1527706677.93 68.2
1527706687.95 68.8
1527706697.96 68.8
1527706707.98 68.8
1527706718.0 68.2
1527706728.02 68.8
1527706738.04 68.8
1527706748.06 67.7
1527706758.08 67.1
1527706768.09 67.7
1527706778.11 67.7
1527706788.13 68.2
1527706798.14 67.7
