1527300004.56 61.2
1527300014.57 60.7
1527300024.59 60.7
1527300034.62 60.1
1527300044.63 60.7
1527300054.65 60.7
1527300064.67 60.7
1527300074.69 60.1
1527300084.71 60.1
1527300094.73 60.1
1527300104.75 60.1
1527300114.77 60.1
1527300124.78 59.6
1527300134.8 60.7
1527300144.83 59.1
1527300154.84 60.1
1527300164.87 59.1
1527300174.88 60.1
1527300184.9 60.1
1527300194.92 60.1
1527300204.93 60.1
1527300214.95 59.1
1527300224.97 60.1
1527300234.99 60.1
1527300245.01 59.6
1527300255.03 60.1
1527300265.05 60.1
1527300275.07 60.1
1527300285.08 60.1
1527300295.1 59.6
1527300305.12 60.7
1527300315.14 60.1
1527300325.15 60.1
1527300335.17 60.1
1527300345.19 60.1
1527300355.2 60.1
1527300365.22 60.1
1527300375.24 60.1
1527300385.26 59.6
1527300395.27 60.1
1527300405.3 60.1
1527300415.32 59.1
1527300425.33 59.1
1527300435.35 59.6
1527300445.37 59.1
1527300455.39 59.6
1527300465.42 59.6
1527300475.44 59.6
1527300485.45 59.6
1527300495.48 60.1
1527300505.5 59.1
1527300515.52 60.1
1527300525.54 60.1
1527300535.56 60.1
1527300545.58 60.1
1527300555.6 59.6
1527300565.62 60.1
1527300575.63 59.6
1527300585.64 59.6
1527300595.66 59.1
1527300605.67 60.7
1527300615.69 59.6
1527300625.71 59.1
1527300635.72 59.1
1527300645.76 59.1
1527300655.78 59.1
1527300665.81 58.5
1527300675.83 58.0
1527300685.84 59.1
1527300695.85 59.1
1527300705.87 58.5
1527300715.89 59.6
1527300725.9 59.1
1527300735.92 59.6
1527300745.94 59.1
1527300755.95 58.5
1527300765.97 58.5
1527300775.99 59.1
1527300786.01 59.1
1527300796.03 58.5
1527300806.05 58.0
1527300816.07 59.1
1527300826.09 59.1
1527300836.1 59.1
1527300846.13 58.5
1527300856.15 58.0
1527300866.16 59.1
1527300876.18 59.1
1527300886.2 59.1
1527300896.21 58.5
1527300906.23 58.5
1527300916.25 59.1
1527300926.26 59.1
1527300936.28 58.0
1527300946.3 59.1
1527300956.32 58.0
1527300966.34 58.0
1527300976.36 58.5
1527300986.38 58.5
1527300996.39 59.1
1527301006.41 58.5
1527301016.43 58.0
1527301026.44 58.0
1527301036.46 58.5
1527301046.48 58.5
1527301056.49 57.5
1527301066.51 58.0
1527301076.53 56.9
1527301086.54 58.0
1527301096.56 58.0
1527301106.58 58.0
1527301116.6 58.5
1527301126.62 58.0
1527301136.64 58.0
1527301146.66 58.5
1527301156.67 58.0
1527301166.7 58.0
1527301176.71 58.0
1527301186.73 58.5
1527301196.75 58.0
1527301206.77 58.0
1527301216.79 56.9
1527301226.8 57.5
1527301236.84 56.9
1527301246.85 58.0
1527301256.87 57.5
1527301266.9 56.4
1527301276.92 56.4
1527301286.94 56.9
1527301296.96 57.5
1527301306.97 58.0
1527301316.99 57.5
1527301327.01 56.9
1527301337.03 56.9
1527301347.05 57.5
1527301357.07 56.4
1527301367.09 56.4
1527301377.11 56.9
1527301387.13 56.9
1527301397.16 56.9
1527301407.17 56.9
1527301417.2 56.9
1527301427.21 55.8
1527301437.24 56.9
1527301447.25 56.4
1527301457.27 56.4
1527301467.3 56.4
1527301477.32 55.8
1527301487.34 55.8
1527301497.36 56.4
1527301507.38 56.9
1527301517.39 57.5
1527301527.4 56.9
1527301537.42 56.9
1527301547.44 56.9
1527301557.47 56.9
1527301567.49 56.9
1527301577.5 58.0
1527301587.53 57.5
1527301597.56 56.9
1527301607.58 57.5
1527301617.6 58.0
1527301627.62 56.9
1527301637.64 58.0
1527301647.66 56.9
1527301657.68 57.5
1527301667.7 57.5
1527301677.72 56.4
1527301687.74 56.9
1527301697.76 57.5
1527301707.78 57.5
1527301717.8 58.0
1527301727.81 56.9
1527301737.84 58.0
1527301747.87 56.9
1527301757.89 56.9
1527301767.9 57.5
1527301777.93 56.9
1527301787.94 57.5
1527301797.96 56.9
1527301807.99 57.5
1527301818.01 56.9
1527301828.03 56.9
1527301838.05 56.9
1527301848.06 57.5
1527301858.08 56.9
1527301868.1 58.0
1527301878.13 58.0
1527301888.14 56.9
1527301898.16 58.0
1527301908.18 58.0
1527301918.2 58.0
1527301928.22 58.0
1527301938.23 58.5
1527301948.25 58.0
1527301958.27 56.9
1527301968.29 57.5
1527301978.31 58.0
1527301988.33 58.0
1527301998.35 58.0
1527302008.37 58.0
1527302018.38 58.0
1527302028.4 58.0
1527302038.42 58.0
1527302048.43 58.5
1527302058.45 58.0
1527302068.47 58.0
1527302078.49 58.0
1527302088.5 58.0
1527302098.52 58.0
1527302108.53 58.5
1527302118.56 58.0
1527302128.58 58.0
1527302138.6 58.0
1527302148.61 58.0
1527302158.64 58.0
1527302168.65 58.0
1527302178.66 58.0
1527302188.68 58.0
1527302198.69 58.0
1527302208.71 58.0
1527302218.73 58.0
1527302228.74 58.0
1527302238.76 58.0
1527302248.78 59.1
1527302258.8 58.0
1527302268.81 58.5
1527302278.82 58.0
1527302288.85 58.0
1527302298.86 58.0
1527302308.88 58.5
1527302318.9 58.0
1527302328.91 59.1
1527302338.93 58.0
1527302348.95 58.0
1527302358.97 58.0
1527302368.98 58.0
1527302379.0 58.0
1527302389.02 58.0
1527302399.03 58.0
1527302409.05 58.0
1527302419.07 58.0
1527302429.1 58.0
1527302439.12 58.0
1527302449.13 58.0
1527302459.15 58.0
1527302469.17 56.9
1527302479.19 58.0
1527302489.21 56.9
1527302499.23 56.4
1527302509.25 56.9
1527302519.28 56.9
1527302529.3 56.9
1527302539.32 56.4
1527302549.33 56.4
1527302559.36 56.4
1527302569.38 55.8
1527302579.4 56.9
1527302589.42 56.4
1527302599.44 55.8
1527302609.46 56.9
1527302619.47 56.9
1527302629.49 56.9
1527302639.51 56.9
1527302649.53 56.9
1527302659.54 56.9
1527302669.57 56.9
1527302679.58 56.9
1527302689.6 56.4
1527302699.62 56.4
1527302709.66 55.8
1527302719.68 56.4
1527302729.7 56.4
1527302739.72 56.4
1527302749.74 55.8
1527302759.75 56.4
1527302769.77 56.4
1527302779.79 56.4
1527302789.81 56.4
1527302799.83 55.8
1527302809.85 55.8
1527302819.89 55.8
1527302829.91 55.8
1527302839.93 55.8
1527302849.95 54.8
1527302859.97 55.3
1527302869.99 55.8
1527302880.01 55.8
1527302890.03 56.9
1527302900.05 56.4
1527302910.07 55.3
1527302920.09 55.8
1527302930.11 55.8
1527302940.13 56.4
1527302950.14 56.4
1527302960.16 56.9
1527302970.18 56.9
1527302980.19 56.9
1527302990.21 56.9
1527303000.23 56.9
1527303010.24 56.9
1527303020.26 56.9
1527303030.28 56.4
1527303040.3 56.4
1527303050.32 55.8
1527303060.34 56.4
1527303070.35 56.4
1527303080.37 56.4
1527303090.39 56.4
1527303100.41 56.4
1527303110.43 56.9
1527303120.45 56.4
1527303130.47 57.5
1527303140.49 56.9
1527303150.5 56.9
1527303160.52 56.9
1527303170.54 56.4
1527303180.55 56.4
1527303190.57 56.4
1527303200.58 56.4
1527303210.61 56.4
1527303220.63 56.9
1527303230.65 55.8
1527303240.67 55.8
1527303250.68 56.4
1527303260.71 55.8
1527303270.73 55.8
1527303280.75 55.8
1527303290.77 55.3
1527303300.79 55.8
1527303310.81 55.8
1527303320.82 55.8
1527303330.84 56.4
1527303340.86 55.8
1527303350.9 54.8
1527303360.92 55.3
1527303370.94 55.8
1527303380.96 55.8
1527303390.97 55.3
1527303400.99 56.4
1527303411.01 55.8
1527303421.02 56.4
1527303431.04 55.8
1527303441.07 56.4
1527303451.08 56.4
1527303461.11 55.8
1527303471.13 55.8
1527303481.14 56.4
1527303491.15 56.4
1527303501.17 55.8
1527303511.19 56.4
1527303521.2 56.4
1527303531.21 56.9
1527303541.23 56.4
1527303551.25 57.5
1527303561.27 56.9
1527303571.29 56.4
1527303581.3 56.4
1527303591.32 56.9
1527303601.34 56.9
