1527000008.99 53.2
1527000019.01 52.6
1527000029.03 53.7
1527000039.05 53.7
1527000049.07 53.7
1527000059.1 53.7
1527000069.12 52.6
1527000079.13 52.6
1527000089.16 52.6
1527000099.18 53.2
1527000109.19 53.7
1527000119.21 53.7
1527000129.23 52.6
1527000139.25 52.6
1527000149.27 53.2
1527000159.28 52.6
1527000169.3 52.6
1527000179.33 52.6
1527000189.35 52.6
1527000199.37 53.2
1527000209.39 52.6
1527000219.4 52.6
1527000229.43 52.1
1527000239.44 53.2
1527000249.46 53.2
1527000259.48 53.7
1527000269.5 53.7
1527000279.52 53.7
1527000289.54 54.2
1527000299.55 53.7
1527000309.57 53.7
1527000319.6 53.7
1527000329.62 52.6
1527000339.64 53.2
1527000349.65 53.2
1527000359.67 53.7
1527000369.69 53.2
1527000379.7 53.2
1527000389.72 53.2
1527000399.74 53.7
1527000409.76 52.6
1527000419.77 53.7
1527000429.8 52.6
1527000439.82 53.7
1527000449.84 53.7
1527000459.86 53.7
1527000469.87 53.7
1527000479.89 53.7
1527000489.91 53.2
1527000499.93 53.7
1527000509.94 53.7
1527000519.96 53.7
1527000529.98 53.7
1527000539.99 53.7
1527000550.02 53.7
1527000560.04 53.7
1527000570.06 53.7
1527000580.08 53.7
1527000590.1 53.7
1527000600.11 54.8
1527000610.13 54.8
1527000620.15 54.2
1527000630.17 54.8
1527000640.18 54.8
1527000650.21 54.2
1527000660.23 54.2
1527000670.24 55.8
1527000680.26 54.8
1527000690.28 54.8
1527000700.3 55.3
1527000710.31 54.8
1527000720.33 55.3
1527000730.35 54.8
1527000740.36 54.8
1527000750.38 55.3
1527000760.4 55.3
1527000770.42 54.8
1527000780.43 55.3
1527000790.46 54.8
1527000800.47 55.8
1527000810.49 54.8
1527000820.51 55.8
1527000830.52 55.3
1527000840.54 54.8
1527000850.55 55.8
1527000860.57 55.8
1527000870.59 55.8
1527000880.61 55.8
1527000890.63 54.8
1527000900.65 55.8
1527000910.67 54.8
1527000920.68 55.8
1527000930.7 54.8
1527000940.72 55.8
1527000950.74 55.3
1527000960.75 55.8
1527000970.77 55.8
1527000980.79 54.8
1527000990.81 55.3
1527001000.82 54.8
1527001010.84 55.8
1527001020.87 55.3
1527001030.88 54.8
1527001040.9 55.8
1527001050.92 54.8
1527001060.93 55.3
1527001070.95 54.8
1527001080.97 55.3
1527001090.99 54.8
1527001101.01 53.7
1527001111.02 54.8
1527001121.03 54.8
1527001131.05 53.7
1527001141.08 54.2
1527001151.09 54.8
1527001161.11 54.2
1527001171.14 54.2
1527001181.16 53.7
1527001191.17 54.8
1527001201.18 53.7
1527001211.2 55.8
1527001221.21 54.8
1527001231.23 54.8
1527001241.25 55.3
1527001251.26 54.8
1527001261.28 54.8
1527001271.3 54.8
1527001281.31 53.7
1527001291.33 54.2
1527001301.35 53.7
1527001311.37 53.2
1527001321.39 53.7
1527001331.41 53.7
1527001341.43 53.7
1527001351.45 53.7
1527001361.47 52.6
1527001371.5 53.2
1527001381.52 53.2
1527001391.55 53.7
1527001401.56 53.7
1527001411.59 53.7
1527001421.6 54.2
1527001431.63 53.7
1527001441.64 53.7
1527001451.66 53.7
1527001461.68 53.7
1527001471.7 54.2
1527001481.72 54.2
1527001491.74 53.7
1527001501.76 53.7
1527001511.78 54.2
1527001521.8 53.7
1527001531.82 54.8
1527001541.84 54.8
1527001551.86 54.2
1527001561.88 55.3
1527001571.91 55.3
1527001581.93 53.7
1527001591.95 54.8
1527001601.97 55.3
1527001611.99 54.2
1527001622.01 54.8
1527001632.03 54.8
1527001642.04 54.8
1527001652.06 55.3
1527001662.08 54.8
1527001672.1 55.8
1527001682.13 54.8
1527001692.15 54.8
1527001702.16 55.3
1527001712.18 55.3
1527001722.2 55.3
1527001732.22 54.8
1527001742.24 55.3
1527001752.26 55.3
1527001762.28 55.3
1527001772.3 55.8
1527001782.32 54.8
1527001792.34 55.8
1527001802.36 55.8
1527001812.38 56.4
1527001822.4 55.3
1527001832.42 55.3
1527001842.43 55.8
1527001852.45 55.8
1527001862.47 55.3
1527001872.49 55.8
1527001882.51 55.8
1527001892.52 55.8
1527001902.55 55.3
1527001912.56 55.3
1527001922.58 55.8
1527001932.6 55.3
1527001942.62 55.3
1527001952.64 54.8
1527001962.67 55.8
1527001972.68 55.8
1527001982.7 55.3
1527001992.72 54.8
1527002002.74 55.8
1527002012.76 55.8
1527002022.77 55.8
1527002032.79 55.8
1527002042.81 56.4
1527002052.83 55.8
1527002062.85 55.8
1527002072.86 55.8
1527002082.88 55.8
1527002092.9 54.8
1527002102.92 55.8
1527002112.94 55.8
1527002122.96 55.3
1527002132.98 55.3
1527002143.0 55.3
1527002153.02 55.8
1527002163.05 55.8
1527002173.07 55.8
1527002183.08 55.8
1527002193.11 55.8
1527002203.12 55.8
1527002213.14 55.8
1527002223.16 55.8
1527002233.18 55.8
1527002243.2 55.8
1527002253.22 56.4
1527002263.23 54.8
1527002273.25 55.8
1527002283.27 56.4
1527002293.29 55.8
1527002303.3 55.8
1527002313.33 56.4
1527002323.34 55.8
1527002333.37 55.3
1527002343.38 55.8
1527002353.41 56.4
1527002363.44 55.8
1527002373.45 55.8
1527002383.47 56.4
1527002393.49 55.8
1527002403.51 55.8
1527002413.52 56.4
1527002423.54 54.8
1527002433.56 55.8
1527002443.57 56.4
1527002453.59 56.4
1527002463.61 55.8
1527002473.63 55.8
1527002483.64 55.8
1527002493.66 55.8
1527002503.68 55.8
1527002513.7 56.4
1527002523.72 55.3
1527002533.73 55.8
1527002543.75 55.3
1527002553.77 55.8
1527002563.79 55.3
1527002573.81 54.8
1527002583.82 55.8
1527002593.83 55.3
1527002603.85 55.8
1527002613.87 55.3
1527002623.89 54.8
1527002633.91 54.8
1527002643.93 54.8
1527002653.94 55.8
1527002663.97 55.3
1527002673.98 55.3
1527002684.0 55.8
1527002694.02 55.3
1527002704.04 55.8
1527002714.06 55.8
1527002724.08 55.8
1527002734.1 55.8
1527002744.12 55.8
1527002754.14 54.2
1527002764.16 54.8
1527002774.17 55.3
1527002784.19 55.8
1527002794.21 55.8
1527002804.23 54.8
1527002814.25 55.8
1527002824.27 55.3
1527002834.28 55.8
1527002844.3 56.4
1527002854.31 55.8
1527002864.32 54.8
1527002874.34 55.3
1527002884.36 55.8
1527002894.39 55.3
1527002904.4 55.8
1527002914.42 55.8
1527002924.43 55.3
1527002934.45 54.8
1527002944.47 55.8
1527002954.49 55.3
1527002964.51 55.3
1527002974.52 55.3
1527002984.54 55.8
1527002994.56 55.8
1527003004.57 56.4
1527003014.6 54.8
1527003024.61 55.8
1527003034.63 55.8
1527003044.65 55.8
1527003054.66 55.8
1527003064.68 55.3
1527003074.7 55.8
1527003084.72 55.8
1527003094.74 55.8
1527003104.75 55.8
1527003114.78 55.8
1527003124.79 55.8
1527003134.81 55.3
1527003144.84 55.3
1527003154.85 55.8
1527003164.88 54.8
1527003174.89 55.8
1527003184.92 55.8
1527003194.93 55.8
1527003204.96 54.2
1527003214.97 54.8
1527003224.99 55.3
1527003235.0 54.8
1527003245.03 55.3
1527003255.04 56.4
1527003265.07 55.8
1527003275.09 55.8
1527003285.1 55.8
1527003295.12 56.4
1527003305.14 55.8
1527003315.15 55.8
1527003325.16 55.8
1527003335.19 54.8
1527003345.2 55.8
1527003355.23 55.3
1527003365.24 55.3
1527003375.27 55.3
1527003385.29 55.3
1527003395.31 54.8
1527003405.32 54.8
1527003415.35 54.2
1527003425.38 54.2
1527003435.4 54.2
1527003445.41 55.8
1527003455.43 54.2
1527003465.46 54.2
1527003475.47 54.2
1527003485.49 53.7
1527003495.52 54.8
1527003505.53 54.2
1527003515.55 53.7
1527003525.57 53.7
1527003535.59 53.7
1527003545.61 53.7
1527003555.63 53.7
1527003565.65 54.2
1527003575.67 54.2
1527003585.69 54.2
1527003595.71 54.8
1527003605.73 54.8
1527003615.75 54.8
1527003625.76 54.8
1527003635.78 55.3
1527003645.8 55.8
1527003655.82 55.3
1527003665.84 54.2
1527003675.86 55.3
1527003685.88 54.8
1527003695.9 55.3
1527003705.92 54.8
1527003715.93 54.8
1527003725.95 54.2
1527003735.98 54.2
1527003745.99 54.8
1527003756.0 54.8
1527003766.02 54.8
1527003776.04 54.8
1527003786.05 54.8
1527003796.07 55.3
1527003806.09 54.8
1527003816.11 55.8
1527003826.13 55.3
1527003836.15 54.8
1527003846.16 55.8
1527003856.18 55.8
1527003866.2 55.8
1527003876.22 55.3
1527003886.23 56.9
1527003896.25 55.8
1527003906.26 56.4
1527003916.28 55.8
1527003926.3 55.8
1527003936.32 56.4
1527003946.34 55.8
1527003956.35 55.8
1527003966.37 55.8
1527003976.39 55.8
1527003986.41 56.4
1527003996.43 56.4
1527004006.44 55.8
1527004016.46 55.8
1527004026.48 55.8
1527004036.5 55.8
1527004046.52 56.4
1527004056.54 55.8
1527004066.55 55.8
1527004076.57 56.4
1527004086.58 56.4
1527004096.6 55.8
1527004106.62 55.8
1527004116.64 55.8
1527004126.66 55.8
1527004136.68 55.8
1527004146.69 55.8
1527004156.71 55.8
1527004166.73 55.3
1527004176.75 55.8
1527004186.76 56.4
1527004196.78 55.8
1527004206.8 55.8
1527004216.82 55.8
1527004226.85 55.8
1527004236.86 55.8
1527004246.88 55.8
1527004256.91 55.8
1527004266.93 55.8
1527004276.95 55.8
1527004286.97 55.8
1527004296.99 55.3
1527004307.01 54.8
1527004317.03 55.3
1527004327.05 54.8
1527004337.07 56.4
1527004347.1 55.3
1527004357.12 55.8
1527004367.15 55.8
1527004377.17 55.3
1527004387.2 55.8
1527004397.23 55.8
1527004407.25 55.8
1527004417.28 55.3
1527004427.3 54.8
1527004437.32 55.8
1527004447.34 55.8
1527004457.36 56.4
1527004467.37 55.8
1527004477.38 55.8
1527004487.41 56.4
1527004497.42 56.4
1527004507.43 55.8
1527004517.46 56.9
1527004527.47 56.4
1527004537.5 55.8
1527004547.52 56.4
1527004557.53 56.4
1527004567.55 55.8
1527004577.56 55.8
1527004587.58 56.4
1527004597.6 55.8
1527004607.61 56.9
1527004617.63 55.8
1527004627.65 56.4
1527004637.67 56.4
1527004647.69 55.8
1527004657.7 56.9
1527004667.72 56.9
1527004677.74 56.4
1527004687.76 56.4
1527004697.78 56.4
1527004707.79 56.4
1527004717.81 56.4
1527004727.83 55.8
1527004737.85 55.8
1527004747.87 56.9
1527004757.89 55.8
1527004767.9 56.4
1527004777.92 55.8
1527004787.94 56.9
1527004797.96 55.8
