1527400009.99 47.8
1527400020.01 47.2
1527400030.03 47.2
1527400040.05 47.8
1527400050.07 47.2
1527400060.09 47.2
1527400070.11 47.2
1527400080.13 48.3
1527400090.15 47.2
1527400100.17 47.8
1527400110.19 47.8
1527400120.21 47.8
1527400130.23 47.2
1527400140.26 47.2
1527400150.28 47.2
1527400160.3 47.2
1527400170.32 47.2
1527400180.34 47.2
1527400190.36 47.2
1527400200.38 47.2
1527400210.4 47.2
1527400220.42 47.2
1527400230.44 47.2
1527400240.47 47.2
1527400250.49 47.2
1527400260.51 47.2
1527400270.53 47.8
1527400280.55 47.8
1527400290.56 47.8
1527400300.59 47.8
1527400310.6 47.2
1527400320.62 47.2
1527400330.64 47.2
1527400340.66 46.2
1527400350.69 47.2
1527400360.7 47.2
1527400370.72 48.3
1527400380.74 47.2
1527400390.76 46.7
1527400400.78 47.2
1527400410.81 47.2
1527400420.83 46.7
1527400430.85 47.2
1527400440.87 47.2
1527400450.89 47.8
1527400460.91 48.3
1527400470.93 47.2
1527400480.95 47.2
1527400490.97 47.8
1527400500.99 47.2
1527400511.01 47.8
1527400521.03 47.8
1527400531.05 47.2
1527400541.07 47.8
1527400551.08 48.3
1527400561.1 47.8
1527400571.12 47.8
1527400581.14 47.2
1527400591.16 47.2
1527400601.18 47.2
1527400611.2 48.3
1527400621.22 47.2
1527400631.24 47.2
1527400641.26 47.8
1527400651.28 47.2
1527400661.3 48.3
1527400671.32 47.8
1527400681.34 47.2
1527400691.36 47.8
1527400701.39 47.8
1527400711.41 48.3
1527400721.43 47.2
1527400731.45 47.2
1527400741.46 47.8
1527400751.48 47.2
1527400761.5 47.2
1527400771.52 47.2
1527400781.54 47.2
1527400791.56 47.2
1527400801.57 47.8
1527400811.59 49.4
1527400821.61 47.8
1527400831.63 48.3
1527400841.65 47.8
1527400851.67 48.3
1527400861.7 47.8
1527400871.72 47.8
1527400881.73 47.2
1527400891.75 47.8
1527400901.77 47.2
1527400911.79 47.8
1527400921.81 47.8
1527400931.83 47.8
1527400941.85 47.2
1527400951.87 47.2
1527400961.9 47.2
1527400971.92 47.8
1527400981.94 47.8
1527400991.96 47.2
1527401001.98 47.2
1527401012.0 47.2
1527401022.02 47.2
1527401032.04 48.3
1527401042.06 48.3
1527401052.08 47.8
1527401062.1 48.3
1527401072.12 47.8
1527401082.14 47.2
1527401092.16 47.2
1527401102.18 47.2
1527401112.2 47.8
1527401122.22 47.8
1527401132.23 47.8
1527401142.25 47.8
1527401152.28 47.2
1527401162.3 47.8
1527401172.32 48.3
1527401182.34 47.2
1527401192.36 47.2
1527401202.38 46.7
1527401212.41 47.8
1527401222.43 47.8
1527401232.45 47.2
1527401242.47 47.2
1527401252.49 48.3
1527401262.51 48.3
1527401272.53 47.8
1527401282.55 47.8
1527401292.57 48.3
1527401302.59 47.2
1527401312.62 47.2
1527401322.64 47.8
1527401332.66 46.7
1527401342.68 47.2
1527401352.7 47.2
1527401362.72 47.2
1527401372.74 47.2
1527401382.76 47.2
1527401392.78 47.2
1527401402.8 47.2
1527401412.83 46.7
1527401422.84 48.3
1527401432.86 47.2
1527401442.88 47.8
1527401452.9 47.2
1527401462.93 47.2
1527401472.95 47.2
1527401482.97 47.2
1527401492.99 47.2
1527401503.01 46.2
1527401513.03 47.2
1527401523.05 47.2
1527401533.07 47.2
1527401543.1 47.2
1527401553.12 46.7
1527401563.14 47.2
1527401573.15 47.8
1527401583.18 46.7
1527401593.2 46.7
1527401603.22 47.2
1527401613.24 47.2
1527401623.26 46.7
1527401633.28 47.2
1527401643.3 46.2
1527401653.32 46.2
1527401663.34 47.2
1527401673.37 47.2
1527401683.38 47.2
1527401693.4 46.7
1527401703.43 47.2
1527401713.45 46.7
1527401723.47 46.7
1527401733.49 47.2
1527401743.51 47.2
1527401753.53 47.2
1527401763.55 47.2
1527401773.57 47.2
1527401783.59 47.2
1527401793.61 47.2
1527401803.63 46.7
1527401813.65 47.2
1527401823.67 47.8
1527401833.69 46.2
1527401843.71 46.7
1527401853.75 46.7
1527401863.77 46.7
1527401873.79 46.2
1527401883.81 46.2
1527401893.82 46.2
1527401903.83 47.2
1527401913.85 47.2
1527401923.86 46.7
1527401933.88 47.2
1527401943.9 47.2
1527401953.92 47.2
1527401963.94 47.2
1527401973.96 47.2
1527401983.98 46.7
1527401993.99 47.8
1527402004.02 47.2
1527402014.04 46.2
1527402024.06 46.7
1527402034.08 46.7
1527402044.1 47.2
1527402054.12 46.7
1527402064.14 46.2
1527402074.16 47.2
1527402084.18 46.7
1527402094.2 46.2
1527402104.22 46.7
1527402114.24 46.7
1527402124.26 47.8
1527402134.28 46.7
1527402144.31 47.2
1527402154.33 47.2
1527402164.35 47.2
1527402174.37 46.7
1527402184.39 46.2
1527402194.41 47.2
1527402204.43 46.7
1527402214.45 46.7
1527402224.47 47.2
1527402234.49 46.2
1527402244.51 46.2
1527402254.53 46.7
1527402264.55 47.2
1527402274.57 46.2
1527402284.59 47.2
1527402294.62 46.7
1527402304.64 47.2
1527402314.66 47.2
1527402324.68 46.2
1527402334.7 46.7
1527402344.72 46.7
1527402354.74 47.2
1527402364.76 47.2
1527402374.78 47.2
1527402384.8 46.7
1527402394.82 46.2
1527402404.84 46.2
1527402414.86 47.2
1527402424.89 47.2
1527402434.9 47.2
1527402444.92 46.7
1527402454.94 46.2
1527402464.97 46.2
1527402474.98 46.2
1527402485.0 46.2
1527402495.02 46.7
1527402505.04 47.2
1527402515.06 46.2
1527402525.08 46.7
1527402535.11 46.2
1527402545.13 46.2
1527402555.15 47.2
1527402565.17 47.2
1527402575.19 46.7
1527402585.21 46.7
1527402595.23 46.7
1527402605.25 46.2
1527402615.27 46.7
1527402625.29 47.2
1527402635.31 47.2
1527402645.33 47.2
1527402655.35 46.2
1527402665.36 47.2
1527402675.39 46.7
1527402685.41 47.2
1527402695.42 47.8
1527402705.44 46.7
1527402715.47 47.2
1527402725.48 46.7
1527402735.5 46.7
1527402745.52 46.7
1527402755.54 46.7
1527402765.56 46.2
1527402775.58 46.7
1527402785.6 46.7
1527402795.62 47.2
1527402805.64 46.2
1527402815.66 46.2
1527402825.68 46.2
1527402835.71 46.2
1527402845.72 46.2
1527402855.74 46.7
1527402865.76 46.2
1527402875.79 46.2
1527402885.81 47.2
1527402895.83 46.7
1527402905.85 47.2
1527402915.87 46.2
1527402925.89 46.2
1527402935.91 46.2
1527402945.93 46.2
1527402955.95 46.2
1527402965.97 46.2
1527402975.99 46.2
1527402986.01 46.7
1527402996.03 46.2
1527403006.06 46.2
1527403016.08 46.2
1527403026.1 46.2
1527403036.12 46.2
1527403046.14 46.2
1527403056.16 46.2
1527403066.19 46.2
1527403076.21 46.2
1527403086.23 46.2
1527403096.25 46.2
1527403106.27 46.2
1527403116.29 46.2
1527403126.32 46.2
1527403136.34 46.2
1527403146.36 46.2
1527403156.38 45.6
1527403166.4 46.7
1527403176.42 46.2
1527403186.44 46.2
1527403196.46 46.2
1527403206.48 46.2
1527403216.5 46.2
1527403226.52 46.2
1527403236.54 47.2
1527403246.56 47.2
1527403256.58 47.2
1527403266.6 46.7
1527403276.62 46.2
1527403286.64 46.2
1527403296.66 46.2
1527403306.69 46.2
1527403316.71 46.2
1527403326.72 47.2
1527403336.74 46.2
1527403346.76 47.2
1527403356.78 46.2
1527403366.8 46.2
1527403376.82 46.2
1527403386.85 46.2
1527403396.87 46.2
1527403406.89 46.2
1527403416.91 46.7
1527403426.93 46.2
1527403436.95 47.2
1527403446.97 46.2
1527403456.99 46.2
1527403467.01 46.2
1527403477.03 46.2
1527403487.05 46.2
1527403497.07 46.2
1527403507.09 46.2
1527403517.11 46.7
1527403527.12 46.2
1527403537.14 47.2
1527403547.17 46.2
1527403557.2 46.2
1527403567.22 46.2
1527403577.24 46.2
1527403587.26 46.2
1527403597.29 46.2
1527403607.3 46.2
1527403617.31 47.2
1527403627.34 46.2
1527403637.35 46.7
1527403647.37 46.2
1527403657.4 46.2
1527403667.42 45.6
1527403677.44 46.2
1527403687.47 45.6
1527403697.48 46.2
1527403707.5 45.6
1527403717.52 46.7
1527403727.54 46.2
1527403737.56 46.2
1527403747.58 45.6
1527403757.6 46.2
1527403767.62 46.2
1527403777.65 46.2
1527403787.67 45.1
1527403797.69 46.2
1527403807.71 46.2
1527403817.73 46.2
1527403827.75 46.2
1527403837.77 45.6
1527403847.79 46.2
1527403857.82 46.2
1527403867.85 46.2
1527403877.87 46.2
1527403887.89 46.2
1527403897.91 46.2
1527403907.93 46.2
1527403917.95 47.2
1527403927.97 46.2
1527403937.99 46.2
1527403948.01 46.7
1527403958.03 46.7
1527403968.05 46.2
1527403978.07 47.2
1527403988.09 46.2
1527403998.11 47.2
1527404008.13 46.2
1527404018.15 46.2
1527404028.17 46.2
1527404038.19 46.2
1527404048.22 46.2
1527404058.24 46.7
1527404068.26 46.2
1527404078.28 46.2
1527404088.3 46.7
1527404098.32 46.7
1527404108.34 47.2
1527404118.36 46.2
1527404128.38 47.2
1527404138.4 46.2
1527404148.42 46.2
1527404158.44 46.2
1527404168.46 45.6
1527404178.48 46.2
1527404188.5 46.2
1527404198.52 46.2
1527404208.54 46.2
1527404218.56 46.2
1527404228.58 46.2
1527404238.6 46.2
1527404248.62 46.2
1527404258.64 46.2
1527404268.65 46.2
1527404278.68 46.2
1527404288.7 46.2
1527404298.71 46.2
1527404308.74 46.2
1527404318.76 46.2
1527404328.78 46.2
1527404338.8 46.2
1527404348.82 46.2
1527404358.84 46.2
1527404368.86 46.2
1527404378.88 45.6
1527404388.9 46.2
1527404398.92 46.2
