1528300008.28 60.1
1528300018.29 60.1
1528300028.31 60.1
1528300038.33 60.1
1528300048.34 60.1
1528300058.36 60.1
1528300068.38 59.6
1528300078.4 59.6
1528300088.41 59.6
1528300098.43 59.6
1528300108.45 60.1
1528300118.46 59.6
1528300128.48 60.1
1528300138.5 60.1
1528300148.52 60.1
1528300158.53 60.1
1528300168.55 60.1
1528300178.57 59.6
1528300188.59 60.1
1528300198.61 60.1
1528300208.63 60.1
1528300218.64 60.1
1528300228.66 60.1
1528300238.67 60.1
1528300248.69 60.1
1528300258.71 60.1
1528300268.73 60.1
1528300278.74 60.1
1528300288.76 60.1
1528300298.78 60.1
1528300308.8 60.1
1528300318.82 60.1
1528300328.84 60.1
1528300338.85 60.1
1528300348.87 60.7
1528300358.88 60.1
1528300368.91 60.1
1528300378.92 60.1
1528300388.94 60.1
1528300398.96 60.1
1528300408.98 60.7
1528300419.0 60.7
1528300429.01 60.1
1528300439.03 60.1
1528300449.05 60.7
1528300459.06 61.2
1528300469.08 60.7
1528300479.1 60.7
1528300489.12 61.2
1528300499.14 60.1
1528300509.15 61.2
1528300519.17 60.7
1528300529.18 60.7
1528300539.2 61.2
1528300549.22 60.7
1528300559.23 60.7
1528300569.25 60.1
1528300579.27 60.1
1528300589.28 60.1
1528300599.3 60.7
1528300609.31 61.2
1528300619.33 60.7
1528300629.35 60.7
1528300639.37 60.7
1528300649.38 61.2
1528300659.4 61.8
1528300669.42 60.7
1528300679.43 61.2
1528300689.45 61.2
1528300699.46 61.2
1528300709.48 61.2
1528300719.5 61.2
1528300729.51 61.8
1528300739.53 61.8
1528300749.55 61.2
1528300759.57 60.7
1528300769.59 61.2
1528300779.61 61.2
1528300789.63 61.2
1528300799.64 61.2
1528300809.66 62.8
1528300819.68 61.8
1528300829.7 61.2
1528300839.71 62.3
1528300849.72 61.2
1528300859.74 61.2
1528300869.76 60.7
1528300879.78 61.2
1528300889.8 61.2
1528300899.81 60.7
1528300909.83 60.7
1528300919.85 60.1
1528300929.87 60.1
1528300939.88 60.7
1528300949.9 60.1
1528300959.91 60.1
1528300969.93 60.1
1528300979.95 60.7
1528300989.96 60.1
1528300999.98 60.1
1528301010.0 60.1
1528301020.01 60.1
1528301030.03 60.1
1528301040.04 60.7
1528301050.07 60.1
1528301060.08 60.1
1528301070.1 60.7
1528301080.11 60.1
1528301090.13 60.7
1528301100.15 60.1
1528301110.16 60.1
1528301120.18 60.1
1528301130.2 59.1
1528301140.22 59.6
1528301150.24 60.1
1528301160.25 60.1
1528301170.27 60.1
1528301180.29 60.1
1528301190.31 60.1
1528301200.33 60.7
1528301210.35 59.6
1528301220.36 60.7
1528301230.38 60.7
1528301240.39 59.6
1528301250.41 60.1
1528301260.44 59.6
1528301270.46 59.1
1528301280.47 59.6
1528301290.49 59.6
1528301300.51 59.6
1528301310.52 60.1
1528301320.54 59.1
1528301330.56 59.6
1528301340.57 60.1
1528301350.59 60.1
1528301360.61 59.1
1528301370.62 59.1
1528301380.64 60.1
1528301390.65 59.1
1528301400.67 59.6
1528301410.69 59.1
1528301420.7 59.6
1528301430.72 59.1
1528301440.73 60.1
1528301450.74 60.1
1528301460.76 59.1
1528301470.78 59.6
1528301480.8 59.1
1528301490.82 60.1
1528301500.84 60.1
1528301510.85 60.1
1528301520.87 60.1
1528301530.88 60.1
1528301540.9 59.1
1528301550.91 60.1
1528301560.93 59.6
1528301570.94 59.1
1528301580.97 59.1
1528301590.99 59.1
1528301601.01 59.1
1528301611.02 59.6
1528301621.04 59.1
1528301631.06 58.5
1528301641.08 59.1
1528301651.1 59.1
1528301661.13 58.5
1528301671.15 59.1
1528301681.17 58.5
1528301691.19 59.1
1528301701.2 59.6
1528301711.22 58.0
1528301721.24 58.5
1528301731.26 59.1
1528301741.28 59.1
1528301751.29 59.6
1528301761.31 59.1
1528301771.33 59.6
1528301781.35 59.6
1528301791.37 59.1
1528301801.39 59.1
1528301811.41 58.0
1528301821.43 59.1
1528301831.45 58.0
1528301841.47 58.5
1528301851.48 58.5
1528301861.5 59.1
1528301871.52 59.1
1528301881.54 59.1
1528301891.56 58.0
1528301901.58 59.1
1528301911.6 58.5
1528301921.62 59.1
1528301931.63 59.1
1528301941.64 59.1
1528301951.66 59.1
1528301961.67 59.1
1528301971.69 59.1
1528301981.7 59.6
1528301991.72 59.1
1528302001.73 59.1
1528302011.74 58.5
1528302021.76 59.1
1528302031.77 59.1
1528302041.79 59.1
1528302051.81 59.1
1528302061.82 59.1
1528302071.84 59.1
1528302081.86 60.1
1528302091.87 59.1
1528302101.89 59.1
1528302111.91 59.1
1528302121.92 59.1
1528302131.94 59.1
1528302141.96 58.5
1528302151.97 59.1
1528302161.99 59.6
1528302172.01 59.1
1528302182.03 58.5
1528302192.05 59.1
1528302202.07 59.1
1528302212.09 58.5
1528302222.11 59.1
1528302232.13 58.5
1528302242.14 59.1
1528302252.16 58.0
1528302262.17 58.5
1528302272.19 58.0
1528302282.21 59.1
1528302292.23 58.5
1528302302.24 58.0
1528302312.26 58.0
1528302322.28 57.5
1528302332.3 58.0
1528302342.32 58.0
1528302352.33 58.0
1528302362.35 58.0
1528302372.36 58.0
1528302382.38 58.0
1528302392.39 57.5
1528302402.41 58.0
1528302412.42 58.0
1528302422.44 58.5
1528302432.45 58.0
1528302442.47 56.9
1528302452.49 58.0
1528302462.51 58.5
1528302472.53 58.5
1528302482.54 58.0
1528302492.56 58.0
1528302502.57 58.0
1528302512.59 58.0
1528302522.6 58.0
1528302532.61 58.0
1528302542.64 58.0
1528302552.65 58.5
1528302562.67 58.5
1528302572.69 58.0
1528302582.71 58.0
1528302592.72 58.0
1528302602.74 58.0
1528302612.75 58.0
1528302622.77 58.0
1528302632.79 58.0
1528302642.81 58.0
1528302652.82 58.0
1528302662.84 58.0
1528302672.85 58.0
1528302682.87 58.0
1528302692.89 58.0
1528302702.91 58.0
1528302712.93 58.0
1528302722.94 58.5
1528302732.96 58.0
1528302742.98 58.5
1528302753.0 58.5
1528302763.01 58.0
1528302773.03 58.5
1528302783.05 58.0
1528302793.06 59.1
1528302803.07 58.5
1528302813.09 58.5
1528302823.1 59.1
1528302833.13 59.1
1528302843.14 59.1
1528302853.16 59.1
1528302863.18 59.1
1528302873.19 59.6
1528302883.2 59.1
1528302893.22 59.1
1528302903.24 59.1
1528302913.26 58.5
1528302923.28 59.1
1528302933.29 59.1
1528302943.31 59.1
1528302953.33 59.1
1528302963.34 59.1
1528302973.36 59.6
1528302983.38 59.6
1528302993.4 59.1
1528303003.41 60.1
1528303013.43 59.1
1528303023.45 59.6
1528303033.46 59.1
1528303043.48 59.6
1528303053.49 60.1
1528303063.51 59.6
1528303073.52 59.1
1528303083.54 59.6
1528303093.56 60.1
1528303103.58 59.1
1528303113.6 59.1
1528303123.61 59.1
1528303133.63 59.1
1528303143.66 59.1
1528303153.67 59.1
1528303163.69 58.5
1528303173.71 60.1
1528303183.73 60.1
1528303193.74 59.1
1528303203.76 60.1
1528303213.78 60.1
1528303223.79 59.1
1528303233.81 59.1
1528303243.82 60.1
1528303253.84 60.1
1528303263.86 59.6
1528303273.87 59.1
1528303283.89 59.1
1528303293.91 59.1
1528303303.93 59.1
1528303313.95 59.1
1528303323.96 59.1
1528303333.98 59.1
1528303344.0 59.1
1528303354.01 59.1
1528303364.03 59.1
1528303374.05 59.1
1528303384.06 59.6
1528303394.08 59.1
1528303404.09 59.1
1528303414.11 59.1
1528303424.13 58.5
1528303434.14 59.1
1528303444.16 58.0
1528303454.17 59.1
1528303464.19 58.0
1528303474.2 59.1
1528303484.22 58.5
1528303494.23 58.5
1528303504.25 58.0
1528303514.26 59.1
1528303524.28 58.5
1528303534.3 59.1
1528303544.31 59.1
1528303554.33 59.1
1528303564.34 58.0
1528303574.36 58.0
1528303584.37 58.5
1528303594.39 58.5
1528303604.4 58.5
1528303614.43 58.5
1528303624.44 58.5
1528303634.46 58.0
1528303644.48 59.1
1528303654.5 58.0
1528303664.51 58.0
1528303674.53 58.5
1528303684.56 58.0
1528303694.57 58.0
1528303704.59 58.0
1528303714.6 58.5
1528303724.62 58.0
1528303734.64 59.1
1528303744.66 57.5
1528303754.68 58.0
1528303764.7 58.0
1528303774.71 58.0
1528303784.73 58.0
1528303794.75 58.5
1528303804.77 58.0
1528303814.78 56.9
1528303824.81 57.5
1528303834.82 58.0
1528303844.84 57.5
1528303854.85 58.0
1528303864.87 58.0
1528303874.89 56.9
1528303884.91 56.9
1528303894.94 56.9
1528303904.95 56.9
1528303914.97 56.9
1528303924.98 56.9
1528303935.0 56.9
1528303945.02 56.9
1528303955.04 56.9
1528303965.06 56.4
1528303975.07 56.4
1528303985.09 56.9
1528303995.11 56.9
1528304005.13 55.8
1528304015.15 55.8
1528304025.17 56.4
1528304035.19 55.8
1528304045.21 56.4
1528304055.23 55.8
1528304065.25 55.8
1528304075.27 54.8
1528304085.28 56.4
1528304095.3 56.9
1528304105.32 54.8
1528304115.33 55.8
1528304125.35 56.4
1528304135.36 56.4
1528304145.38 56.9
1528304155.4 55.8
1528304165.41 55.8
1528304175.43 55.8
1528304185.45 55.8
1528304195.47 56.4
1528304205.48 56.4
1528304215.5 55.8
1528304225.52 56.4
1528304235.54 55.8
1528304245.55 55.8
1528304255.57 55.8
1528304265.59 56.4
1528304275.6 56.4
1528304285.62 55.8
1528304295.64 55.8
1528304305.66 55.3
1528304315.68 55.8
1528304325.7 55.3
1528304335.72 55.8
1528304345.74 56.4
1528304355.75 56.4
1528304365.77 56.4
1528304375.79 55.8
1528304385.8 55.8
1528304395.82 56.4
1528304405.84 56.9
1528304415.86 56.4
1528304425.87 56.4
1528304435.9 56.4
1528304445.91 56.9
1528304455.93 55.8
1528304465.95 56.4
1528304475.96 55.8
1528304485.97 55.8
1528304495.99 55.8
1528304506.01 55.8
1528304516.03 55.8
1528304526.05 55.8
1528304536.06 55.8
1528304546.08 55.8
1528304556.1 55.8
1528304566.11 55.8
1528304576.12 56.4
1528304586.13 55.8
1528304596.16 55.8
1528304606.16 55.8
1528304616.18 56.4
1528304626.19 55.8
1528304636.21 56.4
1528304646.22 56.4
1528304656.23 56.9
1528304666.24 55.8
1528304676.26 56.4
1528304686.28 56.4
1528304696.3 56.4
1528304706.31 55.3
1528304716.33 55.3
1528304726.35 55.8
1528304736.37 56.4
1528304746.39 56.4
1528304756.41 55.8
1528304766.42 55.8
1528304776.45 55.8
1528304786.47 56.9
1528304796.48 56.4
1528304806.49 55.8
1528304816.52 55.3
1528304826.53 55.8
1528304836.56 54.8
1528304846.57 55.8
1528304856.59 55.8
1528304866.61 56.4
1528304876.63 55.8
1528304886.64 55.3
1528304896.66 55.8
1528304906.68 55.8
1528304916.7 55.8
1528304926.72 55.8
1528304936.73 56.4
1528304946.75 56.4
1528304956.77 56.4
1528304966.78 56.9
1528304976.8 55.8
1528304986.82 56.4
1528304996.83 55.8
1528305006.85 56.9
1528305016.87 56.9
1528305026.89 56.9
1528305036.9 56.9
1528305046.92 57.5
1528305056.94 56.9
1528305066.96 56.9
1528305076.97 56.9
1528305086.99 56.9
1528305097.01 56.9
1528305107.03 58.0
1528305117.05 57.5
1528305127.07 56.9
1528305137.08 58.0
1528305147.1 58.0
1528305157.11 56.9
1528305167.13 58.0
1528305177.15 58.0
1528305187.17 58.0
1528305197.18 58.0
1528305207.2 58.0
1528305217.22 58.5
1528305227.24 58.0
1528305237.25 58.0
1528305247.27 58.0
1528305257.29 58.0
1528305267.3 59.1
1528305277.32 58.0
1528305287.33 58.5
1528305297.34 58.5
1528305307.36 58.5
1528305317.37 58.5
1528305327.39 58.0
1528305337.41 59.1
1528305347.43 59.1
1528305357.45 58.5
1528305367.46 58.5
1528305377.48 59.1
1528305387.49 58.5
1528305397.51 59.1
1528305407.52 59.1
1528305417.54 58.5
1528305427.55 58.5
1528305437.57 59.1
1528305447.58 59.6
1528305457.59 59.1
1528305467.61 59.1
1528305477.63 59.1
1528305487.66 59.6
1528305497.67 59.1
1528305507.69 59.6
1528305517.7 59.1
1528305527.72 59.1
1528305537.74 59.1
1528305547.76 59.6
1528305557.77 59.1
1528305567.79 60.7
1528305577.81 60.1
1528305587.82 60.1
1528305597.85 60.1
1528305607.88 60.1
1528305617.89 60.1
1528305627.91 60.1
1528305637.93 60.1
1528305647.94 60.1
1528305657.96 60.1
1528305667.98 60.7
1528305678.0 59.6
1528305688.01 60.1
1528305698.03 60.1
1528305708.04 59.6
1528305718.06 59.1
1528305728.08 60.1
1528305738.1 60.1
1528305748.12 60.7
1528305758.15 59.1
1528305768.16 59.1
1528305778.19 59.6
1528305788.21 59.6
1528305798.22 60.1
1528305808.25 60.7
1528305818.27 60.1
1528305828.28 60.1
1528305838.3 60.1
1528305848.32 60.1
1528305858.34 60.7
1528305868.36 60.1
1528305878.37 60.7
1528305888.39 60.7
1528305898.41 61.2
1528305908.43 60.7
1528305918.44 60.7
1528305928.46 60.7
1528305938.48 60.1
1528305948.49 61.2
1528305958.51 60.7
1528305968.52 61.2
1528305978.54 61.2
1528305988.55 61.2
1528305998.57 61.8
1528306008.59 61.2
1528306018.6 61.2
1528306028.62 61.2
1528306038.64 61.2
1528306048.65 60.7
1528306058.67 60.7
1528306068.69 60.7
1528306078.71 60.7
1528306088.73 60.7
1528306098.75 60.1
1528306108.78 60.7
1528306118.79 60.1
1528306128.81 60.7
1528306138.82 60.7
1528306148.84 60.1
1528306158.86 60.7
1528306168.88 60.1
1528306178.9 60.1
1528306188.91 60.7
1528306198.92 61.2
1528306208.94 60.7
1528306218.96 60.7
1528306228.97 60.1
1528306238.99 60.1
1528306249.01 60.7
1528306259.03 61.2
1528306269.05 60.7
1528306279.07 60.7
1528306289.09 60.7
1528306299.11 60.7
1528306309.13 61.2
1528306319.15 60.1
1528306329.18 60.7
1528306339.2 60.7
1528306349.22 60.1
1528306359.23 60.1
1528306369.25 60.7
1528306379.27 60.7
1528306389.28 61.2
1528306399.3 61.2
1528306409.32 61.2
1528306419.34 62.3
1528306429.35 61.2
1528306439.36 62.3
1528306449.38 62.3
1528306459.4 62.3
1528306469.42 62.3
1528306479.43 62.3
1528306489.44 62.3
1528306499.46 62.3
1528306509.48 61.8
1528306519.5 62.3
1528306529.52 62.3
1528306539.53 62.3
1528306549.56 62.8
1528306559.58 62.3
1528306569.6 62.3
1528306579.62 62.3
1528306589.63 63.4
1528306599.65 62.3
1528306609.67 62.8
1528306619.68 62.8
1528306629.7 62.3
1528306639.72 62.8
1528306649.73 62.8
1528306659.75 62.8
1528306669.76 63.4
1528306679.77 63.4
1528306689.78 63.9
1528306699.8 63.9
1528306709.81 63.4
1528306719.83 63.4
1528306729.86 63.9
1528306739.87 64.5
1528306749.89 64.5
1528306759.91 65.0
1528306769.92 64.5
1528306779.93 64.5
1528306789.94 64.5
1528306799.96 64.5
1528306809.98 65.0
1528306820.0 65.0
1528306830.01 65.0
1528306840.03 65.0
1528306850.04 65.0
1528306860.06 64.5
1528306870.08 65.0
1528306880.09 64.5
1528306890.1 65.5
1528306900.11 65.0
1528306910.13 64.5
1528306920.14 65.0
1528306930.16 64.5
1528306940.17 65.0
1528306950.19 65.0
1528306960.2 65.0
1528306970.22 65.0
1528306980.24 65.5
1528306990.25 65.0
1528307000.26 65.5
1528307010.28 64.5
1528307020.3 65.5
1528307030.31 65.0
1528307040.33 65.5
1528307050.34 65.5
1528307060.36 65.5
1528307070.38 65.5
1528307080.39 65.5
1528307090.41 65.5
1528307100.42 66.1
1528307110.44 65.5
1528307120.46 66.1
1528307130.48 65.5
1528307140.5 65.5
1528307150.52 66.1
1528307160.53 66.6
1528307170.54 66.6
1528307180.55 66.6
1528307190.58 66.1
1528307200.6 66.6
1528307210.61 67.7
1528307220.63 66.6
1528307230.65 66.6
1528307240.67 66.6
1528307250.69 66.6
1528307260.71 66.6
1528307270.73 66.6
1528307280.74 66.6
1528307290.76 66.6
1528307300.78 66.6
1528307310.8 66.6
1528307320.82 66.6
1528307330.84 66.6
1528307340.85 66.6
1528307350.87 67.1
1528307360.88 67.7
1528307370.91 67.1
1528307380.93 67.1
1528307390.94 67.7
1528307400.96 67.1
1528307410.98 66.6
1528307421.0 67.1
1528307431.01 67.7
1528307441.02 67.7
1528307451.04 67.7
1528307461.05 67.7
1528307471.07 66.6
1528307481.08 67.1
1528307491.09 67.7
1528307501.11 67.7
1528307511.12 67.7
1528307521.14 67.7
1528307531.15 67.7
1528307541.17 67.7
1528307551.18 67.7
1528307561.19 67.7
1528307571.21 67.1
1528307581.23 66.6
1528307591.25 66.6
1528307601.26 67.7
1528307611.28 67.7
1528307621.3 67.7
1528307631.32 67.1
1528307641.34 67.7
1528307651.35 67.7
1528307661.37 67.7
1528307671.39 68.8
1528307681.41 67.7
1528307691.42 66.6
1528307701.43 67.1
1528307711.45 67.1
1528307721.47 66.6
1528307731.48 67.7
1528307741.49 68.2
1528307751.51 67.7
1528307761.53 66.6
1528307771.55 67.1
1528307781.57 66.6
1528307791.59 67.1
1528307801.61 67.7
1528307811.62 67.7
1528307821.64 67.7
1528307831.65 67.1
1528307841.67 67.1
1528307851.68 67.1
1528307861.7 66.6
1528307871.73 66.1
1528307881.74 66.6
1528307891.76 66.6
1528307901.78 66.6
1528307911.8 66.6
1528307921.82 65.5
1528307931.84 66.1
1528307941.88 65.5
1528307951.89 66.1
1528307961.9 65.5
1528307971.92 66.6
1528307981.93 66.1
1528307991.95 65.5
1528308001.97 66.6
1528308011.98 66.6
1528308021.99 66.1
1528308032.0 66.1
1528308042.01 66.6
1528308052.03 66.6
1528308062.05 66.6
1528308072.06 66.6
1528308082.07 66.6
1528308092.09 66.6
1528308102.1 66.6
1528308112.12 66.6
1528308122.14 66.6
1528308132.16 66.6
1528308142.18 65.5
1528308152.2 65.5
1528308162.21 65.5
1528308172.23 66.6
1528308182.25 66.1
1528308192.27 66.6
1528308202.29 66.1
1528308212.3 66.6
1528308222.32 66.6
1528308232.33 66.6
1528308242.35 65.5
1528308252.37 66.6
1528308262.39 66.6
1528308272.41 66.1
1528308282.43 66.6
1528308292.45 66.6
1528308302.46 66.1
1528308312.48 66.6
1528308322.49 66.6
1528308332.52 66.6
1528308342.53 66.6
1528308352.56 66.1
1528308362.59 66.6
1528308372.6 66.6
1528308382.63 66.6
1528308392.64 66.1
1528308402.66 66.6
1528308412.68 65.5
1528308422.7 66.6
1528308432.71 65.5
1528308442.73 66.6
1528308452.75 65.5
1528308462.77 66.6
1528308472.8 66.1
1528308482.81 66.6
1528308492.83 66.6
1528308502.84 67.1
1528308512.86 67.1
1528308522.88 67.7
1528308532.9 67.1
1528308542.92 67.1
1528308552.94 66.6
1528308562.96 67.7
1528308572.98 67.7
1528308583.0 67.7
1528308593.02 68.2
1528308603.04 67.7
1528308613.05 68.2
1528308623.06 68.8
1528308633.08 68.2
1528308643.1 68.8
1528308653.11 68.8
1528308663.13 68.8
1528308673.15 68.8
1528308683.16 69.3
1528308693.18 67.7
1528308703.19 68.2
1528308713.21 68.2
1528308723.23 68.8
1528308733.24 68.8
1528308743.26 68.8
1528308753.27 68.8
1528308763.28 67.7
1528308773.3 67.7
1528308783.32 68.2
1528308793.34 68.8
1528308803.35 68.8
1528308813.37 68.2
1528308823.39 68.2
1528308833.41 67.7
1528308843.42 68.8
1528308853.44 68.8
1528308863.45 67.7
1528308873.47 67.7
1528308883.48 68.2
1528308893.49 67.7
1528308903.51 67.7
1528308913.53 66.6
1528308923.55 68.2
1528308933.57 67.7
1528308943.58 67.1
1528308953.6 68.2
1528308963.62 67.7
1528308973.64 67.7
1528308983.66 67.1
1528308993.68 67.7
1528309003.71 66.6
1528309013.72 67.7
1528309023.75 66.6
1528309033.77 67.1
1528309043.79 67.1
1528309053.81 67.1
1528309063.82 67.1
1528309073.84 67.7
1528309083.86 67.7
1528309093.87 66.6
1528309103.88 67.1
1528309113.9 66.6
1528309123.91 67.1
1528309133.92 67.1
1528309143.94 67.1
1528309153.96 67.1
1528309163.98 67.1
1528309173.99 67.7
1528309184.01 67.1
1528309194.03 67.7
1528309204.05 67.1
1528309214.06 66.6
1528309224.08 66.6
1528309234.1 67.7
1528309244.12 67.7
1528309254.13 67.7
1528309264.15 66.6
1528309274.18 67.7
1528309284.19 67.7
1528309294.21 67.7
1528309304.23 67.1
1528309314.24 67.1
1528309324.26 66.6
1528309334.27 67.7
1528309344.29 67.7
1528309354.3 68.2
1528309364.32 67.7
1528309374.34 67.7
1528309384.36 68.2
1528309394.39 67.7
1528309404.4 67.7
1528309414.42 67.7
1528309424.43 68.8
1528309434.45 68.8
1528309444.46 67.7
1528309454.48 68.2
1528309464.5 67.7
1528309474.53 67.7
1528309484.54 68.8
1528309494.56 67.7
1528309504.57 67.7
1528309514.59 67.7
1528309524.61 67.7
1528309534.63 67.7
1528309544.65 67.1
1528309554.66 67.7
1528309564.68 67.7
1528309574.69 68.8
1528309584.71 68.8
1528309594.72 69.3
1528309604.74 68.8
1528309614.75 67.7
1528309624.78 67.7
1528309634.8 67.7
1528309644.82 68.8
1528309654.83 68.8
1528309664.85 69.3
1528309674.87 68.8
1528309684.88 68.8
1528309694.9 68.8
1528309704.91 69.3
1528309714.93 69.3
1528309724.94 68.8
1528309734.95 69.3
1528309744.97 68.8
1528309754.99 69.3
1528309765.01 68.8
1528309775.03 68.8
1528309785.04 68.8
1528309795.06 68.8
1528309805.08 68.8
1528309815.1 68.8
1528309825.11 68.8
1528309835.13 68.8
1528309845.14 69.3
1528309855.16 68.8
1528309865.18 69.3
1528309875.19 69.3
1528309885.21 69.3
1528309895.23 68.8
1528309905.25 69.3
1528309915.26 67.7
1528309925.28 68.8
1528309935.29 68.8
1528309945.31 68.8
1528309955.32 68.8
1528309965.33 68.8
1528309975.36 68.8
1528309985.37 68.8
1528309995.39 68.8
1528310005.4 69.3
1528310015.42 68.8
1528310025.44 68.8
1528310035.46 69.3
1528310045.47 69.8
1528310055.49 69.3
1528310065.5 69.3
1528310075.52 69.3
1528310085.54 68.8
1528310095.55 68.8
1528310105.57 68.8
1528310115.59 69.3
1528310125.6 68.8
1528310135.62 69.3
1528310145.64 68.8
1528310155.66 69.3
1528310165.67 69.3
1528310175.69 68.8
1528310185.71 68.8
1528310195.73 67.7
1528310205.74 68.8
1528310215.76 68.8
1528310225.77 68.8
1528310235.79 68.8
1528310245.81 68.8
1528310255.82 68.8
1528310265.84 68.8
1528310275.85 68.8
1528310285.87 68.8
1528310295.89 68.8
1528310305.9 68.8
1528310315.92 68.8
1528310325.94 68.8
1528310335.96 68.8
1528310345.97 68.8
1528310355.99 68.8
1528310366.0 69.3
1528310376.01 68.8
1528310386.03 68.8
1528310396.04 68.8
1528310406.06 68.8
1528310416.07 69.3
1528310426.08 68.8
1528310436.09 68.8
1528310446.11 69.3
1528310456.13 68.8
1528310466.14 69.3
1528310476.16 68.8
1528310486.18 68.8
1528310496.19 69.3
1528310506.21 69.3
1528310516.22 69.8
1528310526.24 69.3
1528310536.26 69.3
1528310546.28 69.3
1528310556.3 69.8
1528310566.31 69.8
1528310576.33 69.3
1528310586.34 69.3
1528310596.36 70.9
1528310606.38 69.8
1528310616.4 70.9
1528310626.41 70.4
1528310636.43 70.4
1528310646.45 69.8
1528310656.47 68.8
1528310666.48 69.8
1528310676.5 69.8
1528310686.52 69.8
1528310696.54 69.3
1528310706.55 69.8
1528310716.57 69.8
1528310726.59 69.3
1528310736.6 70.4
1528310746.61 68.8
1528310756.67 69.8
1528310766.69 69.8
1528310776.7 69.8
1528310786.72 69.8
1528310796.74 69.8
1528310806.76 69.8
1528310816.77 69.3
1528310826.79 69.3
1528310836.81 69.8
1528310846.83 69.8
1528310856.84 69.8
1528310866.86 68.8
1528310876.88 69.8
1528310886.9 69.8
1528310896.92 69.8
1528310906.94 69.8
1528310916.95 69.8
1528310926.97 69.3
1528310936.99 69.8
1528310947.0 69.8
1528310957.02 69.3
1528310967.03 68.8
1528310977.05 69.8
1528310987.07 69.3
1528310997.09 68.8
1528311007.11 69.3
1528311017.13 69.3
1528311027.15 69.8
1528311037.17 69.8
1528311047.18 69.3
1528311057.2 69.3
1528311067.22 69.3
1528311077.23 68.8
1528311087.25 68.8
1528311097.27 69.8
1528311107.28 69.3
1528311117.3 68.8
1528311127.31 69.3
1528311137.33 69.3
1528311147.35 68.2
1528311157.37 68.8
1528311167.38 68.2
1528311177.4 68.2
1528311187.43 68.8
1528311197.45 68.8
1528311207.47 68.8
1528311217.49 67.7
1528311227.5 68.8
1528311237.52 68.8
1528311247.54 67.1
1528311257.55 68.8
1528311267.57 68.2
1528311277.58 67.7
1528311287.6 68.2
1528311297.62 67.7
1528311307.64 68.2
1528311317.65 67.7
1528311327.67 67.1
1528311337.69 67.7
1528311347.71 68.8
1528311357.73 68.8
1528311367.74 68.2
1528311377.77 68.8
1528311387.79 68.8
1528311397.8 68.8
1528311407.82 68.2
1528311417.84 68.8
1528311427.85 68.8
1528311437.87 68.8
1528311447.89 68.8
1528311457.9 68.8
1528311467.92 69.3
1528311477.93 68.8
1528311487.95 68.8
1528311497.97 69.3
1528311507.98 68.8
1528311518.0 68.8
1528311528.01 68.8
1528311538.03 67.7
1528311548.05 68.8
1528311558.06 68.8
1528311568.07 68.8
1528311578.09 68.8
1528311588.11 68.8
1528311598.13 69.3
