1528900002.11 63.9
1528900012.13 64.5
1528900022.15 64.5
1528900032.16 63.9
1528900042.18 64.5
1528900052.19 64.5
1528900062.2 63.4
1528900072.22 63.4
1528900082.24 63.9
1528900092.25 64.5
1528900102.27 63.4
1528900112.29 63.4
1528900122.31 63.4
1528900132.32 63.4
1528900142.34 63.4
1528900152.36 64.5
1528900162.37 63.9
1528900172.39 64.5
1528900182.41 64.5
1528900192.42 64.5
1528900202.44 63.4
1528900212.46 63.9
1528900222.48 63.4
1528900232.49 63.4
1528900242.51 63.9
1528900252.53 63.9
1528900262.55 63.4
1528900272.57 62.8
1528900282.59 63.9
1528900292.6 63.4
1528900302.62 62.3
1528900312.65 62.3
1528900322.66 62.8
1528900332.68 62.8
1528900342.7 63.4
1528900352.72 62.8
1528900362.73 62.8
1528900372.75 62.3
1528900382.77 63.4
1528900392.78 63.4
1528900402.8 63.4
1528900412.81 62.8
1528900422.83 62.8
1528900432.85 62.3
1528900442.86 62.3
1528900452.88 62.8
1528900462.89 62.3
1528900472.91 62.8
1528900482.92 62.8
1528900492.94 63.4
1528900502.96 62.8
1528900512.98 63.4
1528900522.99 62.8
1528900533.01 62.8
1528900543.03 62.8
1528900553.06 62.3
1528900563.08 62.8
1528900573.1 62.3
1528900583.12 62.8
1528900593.13 62.3
1528900603.15 62.3
1528900613.17 62.3
1528900623.18 62.3
1528900633.2 62.3
1528900643.21 62.8
1528900653.23 62.3
1528900663.25 62.3
1528900673.26 62.3
1528900683.28 62.3
1528900693.3 62.3
1528900703.31 62.3
1528900713.34 61.8
1528900723.36 61.8
1528900733.37 62.8
1528900743.39 61.8
1528900753.41 62.3
1528900763.43 62.3
1528900773.44 62.8
1528900783.45 62.3
1528900793.47 62.8
1528900803.49 61.8
1528900813.5 61.8
1528900823.52 62.3
1528900833.53 62.3
1528900843.55 62.3
1528900853.57 62.3
1528900863.58 62.3
1528900873.6 62.3
1528900883.62 62.3
1528900893.63 62.3
1528900903.65 62.3
1528900913.66 62.3
1528900923.68 62.3
1528900933.7 62.3
1528900943.71 62.3
1528900953.73 62.3
1528900963.75 62.3
1528900973.76 62.3
1528900983.78 61.2
1528900993.8 62.3
1528901003.82 62.3
1528901013.83 62.3
1528901023.85 62.8
1528901033.87 62.3
1528901043.89 62.3
1528901053.91 62.3
1528901063.92 61.8
1528901073.93 62.3
1528901083.95 62.3
1528901093.97 61.8
1528901103.98 61.8
1528901114.01 62.3
1528901124.03 62.3
1528901134.05 62.3
1528901144.07 61.2
1528901154.08 61.8
1528901164.1 62.8
1528901174.11 62.3
1528901184.12 61.8
1528901194.14 61.8
1528901204.15 62.3
1528901214.17 62.3
1528901224.19 61.2
1528901234.21 61.2
1528901244.22 61.8
1528901254.23 61.2
1528901264.25 60.7
1528901274.27 60.7
1528901284.29 60.7
1528901294.31 60.1
1528901304.32 61.2
1528901314.34 60.7
1528901324.36 60.7
1528901334.38 61.2
1528901344.4 60.7
1528901354.42 61.2
1528901364.44 60.1
1528901374.46 60.1
1528901384.47 60.1
1528901394.49 60.1
1528901404.51 60.7
1528901414.52 61.2
1528901424.54 60.7
1528901434.55 61.2
1528901444.57 60.7
1528901454.59 61.2
1528901464.6 60.7
1528901474.62 61.2
1528901484.64 61.2
1528901494.65 61.8
1528901504.67 61.2
1528901514.69 62.3
1528901524.7 61.2
1528901534.72 60.7
1528901544.74 61.2
1528901554.76 60.1
1528901564.78 60.7
1528901574.8 60.1
1528901584.83 61.2
1528901594.84 61.2
1528901604.85 61.2
1528901614.87 61.2
1528901624.89 61.2
1528901634.91 60.7
1528901644.93 60.7
1528901654.95 61.2
1528901664.97 60.7
1528901674.98 61.2
1528901685.01 61.2
1528901695.02 61.2
1528901705.04 61.8
1528901715.07 61.2
1528901725.08 62.3
1528901735.09 61.8
1528901745.11 62.3
1528901755.12 61.8
1528901765.14 61.8
1528901775.15 62.3
1528901785.17 61.8
1528901795.18 62.3
1528901805.21 61.8
1528901815.22 61.8
1528901825.24 61.8
1528901835.33 62.8
1528901845.35 62.3
1528901855.36 62.3
1528901865.37 61.8
1528901875.39 62.3
1528901885.41 62.3
1528901895.43 62.8
1528901905.45 62.3
1528901915.47 62.3
1528901925.48 62.3
1528901935.5 61.8
1528901945.52 62.3
1528901955.53 61.2
1528901965.55 62.8
1528901975.57 62.3
1528901985.58 62.8
1528901995.6 62.3
