1528100007.38 40.8
1528100017.4 40.8
1528100027.42 41.3
1528100037.43 40.8
1528100047.45 40.8
1528100057.47 40.8
1528100067.49 40.8
1528100077.51 40.8
1528100087.53 40.8
1528100097.55 40.8
1528100107.57 40.8
1528100117.6 40.8
1528100127.62 40.8
1528100137.64 40.8
1528100147.66 40.8
1528100157.68 41.3
1528100167.7 40.8
1528100177.72 40.8
1528100187.74 40.8
1528100197.76 41.9
1528100207.78 40.8
1528100217.8 40.8
1528100227.82 40.8
1528100237.84 40.8
1528100247.86 40.8
1528100257.88 40.2
1528100267.9 40.8
1528100277.93 40.8
1528100287.95 40.8
1528100297.97 40.8
1528100307.99 40.8
1528100318.01 40.8
1528100328.03 40.8
1528100338.05 40.8
1528100348.07 40.8
1528100358.09 40.8
1528100368.11 40.8
1528100378.13 40.8
1528100388.15 40.8
1528100398.18 40.8
1528100408.2 40.8
1528100418.22 40.8
1528100428.24 40.8
1528100438.26 41.3
1528100448.28 40.8
1528100458.3 40.8
1528100468.32 40.8
1528100478.34 40.8
1528100488.36 40.8
1528100498.38 41.3
1528100508.4 40.8
1528100518.42 40.8
1528100528.44 41.3
1528100538.46 40.8
1528100548.48 40.8
1528100558.5 40.8
1528100568.52 40.8
1528100578.54 40.8
1528100588.56 40.2
1528100598.58 40.8
1528100608.6 41.3
1528100618.62 40.8
1528100628.64 40.2
1528100638.66 40.2
1528100648.68 40.8
1528100658.7 40.8
1528100668.72 40.8
1528100678.74 40.8
1528100688.76 40.8
1528100698.78 40.8
1528100708.8 40.2
1528100718.82 40.8
1528100728.85 41.3
1528100738.87 40.2
1528100748.89 40.8
1528100758.92 40.8
1528100768.93 40.8
1528100778.95 40.8
1528100788.97 40.8
1528100798.99 40.8
1528100809.01 40.8
1528100819.03 40.2
1528100829.05 40.2
1528100839.07 40.8
1528100849.09 40.2
1528100859.11 40.8
1528100869.13 40.8
1528100879.15 40.8
1528100889.17 40.8
1528100899.19 40.8
1528100909.22 40.8
1528100919.23 40.8
1528100929.25 41.3
1528100939.27 40.2
1528100949.29 39.7
1528100959.31 40.8
1528100969.32 40.2
1528100979.34 40.8
1528100989.36 40.8
1528100999.38 40.8
1528101009.4 40.8
1528101019.42 40.8
1528101029.44 40.8
1528101039.46 40.8
1528101049.48 40.8
1528101059.5 40.8
1528101069.52 40.2
1528101079.54 40.2
1528101089.56 40.2
1528101099.58 40.8
1528101109.6 40.8
1528101119.62 39.7
1528101129.64 40.8
1528101139.66 40.8
1528101149.67 40.8
1528101159.7 40.2
1528101169.71 40.8
1528101179.73 40.8
1528101189.75 40.8
1528101199.77 40.2
1528101209.79 39.7
1528101219.81 40.8
1528101229.83 39.7
1528101239.85 39.7
1528101249.87 40.2
1528101259.89 40.8
1528101269.91 40.2
1528101279.93 40.8
1528101289.95 40.2
1528101299.97 39.7
1528101310.0 40.8
1528101320.01 40.8
1528101330.03 40.8
1528101340.05 40.2
1528101350.07 40.8
1528101360.1 39.7
1528101370.12 39.7
1528101380.14 40.8
1528101390.16 40.8
1528101400.18 39.7
1528101410.2 40.8
1528101420.22 40.8
1528101430.24 40.8
1528101440.26 40.8
1528101450.27 40.8
1528101460.28 41.9
1528101470.31 40.8
1528101480.33 40.8
1528101490.35 40.8
1528101500.37 40.2
1528101510.39 40.8
1528101520.41 40.8
1528101530.43 40.8
1528101540.45 40.8
1528101550.47 40.8
1528101560.49 40.8
1528101570.51 40.8
1528101580.54 40.8
1528101590.56 41.3
1528101600.58 40.8
1528101610.6 40.8
1528101620.62 40.8
1528101630.64 40.8
1528101640.66 41.9
1528101650.68 41.3
1528101660.7 40.8
1528101670.72 41.3
1528101680.74 41.9
1528101690.76 41.3
1528101700.77 41.9
1528101710.79 41.9
1528101720.81 40.8
1528101730.83 41.3
1528101740.85 40.8
1528101750.87 41.3
1528101760.89 40.8
1528101770.91 40.8
1528101780.93 41.3
1528101790.95 40.8
1528101800.97 41.9
1528101811.0 41.3
1528101821.02 40.8
1528101831.04 41.3
1528101841.06 41.3
1528101851.07 40.8
1528101861.09 40.8
1528101871.11 40.8
1528101881.13 40.8
1528101891.15 40.8
1528101901.17 41.9
1528101911.19 40.8
1528101921.21 40.8
1528101931.23 40.8
1528101941.25 41.3
1528101951.27 40.8
1528101961.28 41.9
1528101971.3 40.8
1528101981.32 40.8
1528101991.34 41.9
1528102001.36 40.8
1528102011.38 40.8
1528102021.4 40.8
1528102031.42 41.3
1528102041.44 41.9
1528102051.46 41.3
1528102061.48 41.3
1528102071.5 41.9
1528102081.52 40.8
1528102091.54 41.3
1528102101.55 42.4
1528102111.58 41.9
1528102121.59 41.3
1528102131.61 41.9
1528102141.62 41.9
1528102151.64 41.3
1528102161.67 41.9
1528102171.69 41.3
1528102181.71 41.9
1528102191.73 41.3
1528102201.74 41.9
1528102211.76 41.9
1528102221.78 41.3
1528102231.8 40.8
1528102241.82 40.8
1528102251.84 40.8
1528102261.86 41.3
1528102271.88 41.9
1528102281.9 40.8
1528102291.92 40.8
1528102301.94 41.3
1528102311.96 41.3
1528102321.98 41.9
1528102332.0 41.9
1528102342.01 40.8
1528102352.04 41.3
1528102362.06 40.8
1528102372.08 41.3
1528102382.11 41.3
1528102392.13 40.8
1528102402.15 40.8
1528102412.22 41.3
1528102422.24 40.8
1528102432.26 41.9
1528102442.27 41.9
1528102452.29 41.9
1528102462.31 41.3
1528102472.33 41.9
1528102482.35 40.8
1528102492.37 41.9
1528102502.39 41.3
1528102512.41 40.8
1528102522.43 41.3
1528102532.45 41.3
1528102542.48 41.9
1528102552.5 41.3
1528102562.52 40.8
1528102572.54 41.3
1528102582.56 40.8
1528102592.58 40.8
1528102602.6 41.3
1528102612.62 41.3
1528102622.64 41.9
1528102632.66 40.8
1528102642.68 41.3
1528102652.7 41.3
1528102662.72 40.8
1528102672.74 41.3
1528102682.76 40.8
1528102692.78 40.8
1528102702.8 40.8
1528102712.82 40.8
1528102722.84 40.8
1528102732.86 40.8
1528102742.88 40.8
1528102752.9 40.8
1528102762.92 40.8
1528102772.94 40.8
1528102782.97 40.8
1528102792.99 40.8
1528102803.0 41.9
