1528000004.56 46.2
1528000014.58 46.2
1528000024.6 46.2
1528000034.62 46.2
1528000044.64 45.6
1528000054.66 45.1
1528000064.68 46.2
1528000074.69 46.2
1528000084.7 46.2
1528000094.72 46.2
1528000104.74 47.2
1528000114.75 46.7
1528000124.77 46.2
1528000134.79 46.2
1528000144.8 46.7
1528000154.82 46.2
1528000164.84 46.7
1528000174.86 46.2
1528000184.88 46.2
1528000194.91 47.2
1528000204.94 46.2
1528000214.95 46.2
1528000224.97 46.2
1528000234.99 46.2
1528000245.01 46.2
1528000255.04 46.2
1528000265.05 46.7
1528000275.07 45.6
1528000285.09 45.6
1528000295.11 45.6
1528000305.13 45.6
1528000315.15 45.1
1528000325.17 46.2
1528000335.19 45.6
1528000345.21 45.1
1528000355.23 45.1
1528000365.25 45.1
1528000375.27 46.2
1528000385.29 46.2
1528000395.32 46.2
1528000405.33 46.2
1528000415.35 46.2
1528000425.37 46.2
1528000435.39 46.2
1528000445.4 47.2
1528000455.42 46.7
1528000465.43 47.2
1528000475.45 46.2
1528000485.47 46.7
1528000495.48 47.2
1528000505.5 47.8
1528000515.52 46.2
1528000525.54 47.2
1528000535.56 46.7
1528000545.58 47.2
1528000555.6 47.2
1528000565.62 46.7
1528000575.64 47.2
1528000585.66 46.7
1528000595.68 47.2
1528000605.7 47.8
1528000615.71 46.7
1528000625.73 47.2
1528000635.75 47.8
1528000645.77 46.2
1528000655.78 47.2
1528000665.8 47.2
1528000675.82 46.7
1528000685.84 47.2
1528000695.86 47.8
1528000705.88 46.7
1528000715.9 47.2
1528000725.92 47.2
1528000735.94 47.2
1528000745.96 46.7
1528000755.98 47.8
1528000765.99 47.2
1528000776.02 47.2
1528000786.03 47.2
1528000796.05 47.2
1528000806.07 47.2
1528000816.09 46.2
1528000826.11 46.7
1528000836.13 47.2
1528000846.15 46.7
1528000856.17 47.2
1528000866.19 46.2
1528000876.21 47.2
1528000886.22 47.2
1528000896.24 46.7
1528000906.27 46.7
1528000916.29 47.2
1528000926.31 46.2
1528000936.33 47.2
1528000946.35 46.2
1528000956.37 46.2
1528000966.39 46.2
1528000976.41 47.2
1528000986.42 46.7
1528000996.43 47.2
1528001006.44 46.7
1528001016.45 46.7
1528001026.48 46.2
1528001036.5 46.7
1528001046.52 46.7
1528001056.53 46.7
1528001066.55 46.7
1528001076.57 46.7
1528001086.59 46.2
1528001096.61 47.2
1528001106.64 47.2
1528001116.66 46.2
1528001126.68 46.2
1528001136.7 46.7
1528001146.72 46.2
1528001156.73 47.2
1528001166.75 47.2
1528001176.77 46.7
1528001186.8 46.2
1528001196.82 45.6
1528001206.84 46.2
1528001216.87 46.7
1528001226.9 46.7
1528001236.92 46.2
1528001246.94 46.7
1528001256.96 46.2
1528001266.98 47.2
1528001277.0 47.2
1528001287.02 46.2
1528001297.04 46.7
1528001307.06 46.2
1528001317.1 46.2
1528001327.12 46.2
1528001337.14 47.2
1528001347.16 46.2
1528001357.18 46.2
1528001367.2 46.2
1528001377.22 45.6
1528001387.25 45.1
1528001397.27 45.6
1528001407.29 45.6
1528001417.32 46.2
1528001427.34 45.6
1528001437.36 45.1
1528001447.37 46.2
1528001457.39 45.1
1528001467.42 45.6
1528001477.44 45.1
1528001487.46 45.6
1528001497.48 45.1
1528001507.5 45.6
1528001517.51 45.6
1528001527.53 45.1
1528001537.56 45.1
1528001547.58 45.6
1528001557.6 45.1
1528001567.62 45.1
1528001577.63 45.6
1528001587.65 45.1
1528001597.67 45.1
1528001607.69 45.1
1528001617.71 45.6
1528001627.73 45.6
1528001637.76 45.6
1528001647.78 45.1
1528001657.79 45.6
1528001667.81 45.6
1528001677.83 45.1
1528001687.84 45.1
1528001697.86 45.6
1528001707.87 45.1
1528001717.9 45.6
1528001727.92 45.6
1528001737.93 46.2
1528001747.95 45.6
1528001757.98 45.1
1528001768.0 45.1
1528001778.02 45.6
1528001788.04 45.6
1528001798.05 46.2
1528001808.07 45.1
1528001818.09 45.1
1528001828.11 45.1
1528001838.13 44.5
1528001848.16 45.1
1528001858.18 45.1
1528001868.2 45.1
1528001878.21 45.1
1528001888.23 45.1
1528001898.26 44.5
1528001908.28 44.0
1528001918.3 45.1
1528001928.32 44.5
1528001938.33 45.1
1528001948.35 45.1
1528001958.38 45.1
1528001968.4 44.5
1528001978.42 45.1
1528001988.44 45.1
1528001998.46 44.5
