1528500008.56 62.8
1528500018.57 62.3
1528500028.59 62.3
1528500038.61 62.8
1528500048.62 63.4
1528500058.63 62.3
1528500068.65 62.8
1528500078.66 63.4
1528500088.68 62.8
1528500098.69 63.4
1528500108.71 62.8
1528500118.73 62.3
1528500128.75 63.4
1528500138.76 63.4
1528500148.78 62.3
1528500158.79 62.8
1528500168.81 63.4
1528500178.82 62.8
1528500188.84 63.4
1528500198.85 62.8
1528500208.87 62.8
1528500218.88 62.3
1528500228.9 62.8
1528500238.92 63.4
1528500248.94 62.3
1528500258.96 61.8
1528500268.98 62.3
1528500279.0 62.3
1528500289.01 62.3
1528500299.03 62.3
1528500309.05 62.3
1528500319.07 62.3
1528500329.08 62.3
1528500339.1 62.3
1528500349.12 62.3
1528500359.13 62.3
1528500369.15 62.3
1528500379.16 62.3
1528500389.18 62.3
1528500399.2 62.3
1528500409.22 61.8
1528500419.23 61.2
1528500429.25 62.3
1528500439.27 61.8
1528500449.28 62.3
1528500459.3 61.8
1528500469.31 62.3
1528500479.33 62.3
1528500489.34 61.8
1528500499.36 61.2
1528500509.37 61.8
1528500519.39 61.2
1528500529.41 61.8
1528500539.42 62.3
1528500549.44 62.3
1528500559.45 61.8
1528500569.47 62.3
1528500579.48 62.3
1528500589.5 62.3
1528500599.51 62.3
1528500609.53 62.3
1528500619.55 61.8
1528500629.56 61.2
1528500639.59 62.3
1528500649.61 61.2
1528500659.63 61.2
1528500669.65 62.3
1528500679.67 61.2
1528500689.69 62.3
1528500699.71 61.2
1528500709.74 61.2
1528500719.76 61.2
1528500729.77 61.2
1528500739.78 61.2
1528500749.8 61.2
1528500759.81 61.2
1528500769.83 61.8
1528500779.85 61.8
1528500789.87 61.8
1528500799.89 61.8
1528500809.9 61.2
1528500819.92 61.8
1528500829.94 61.2
1528500839.96 62.3
1528500849.98 61.8
1528500859.99 61.8
1528500870.01 61.8
1528500880.02 61.8
1528500890.03 61.8
1528500900.05 61.2
1528500910.06 61.2
1528500920.08 61.2
1528500930.1 61.2
1528500940.12 60.1
1528500950.14 60.7
1528500960.16 60.7
1528500970.18 61.2
1528500980.2 60.7
1528500990.22 60.1
1528501000.24 60.1
1528501010.25 61.2
1528501020.27 60.1
1528501030.28 61.2
1528501040.3 60.7
1528501050.32 60.7
1528501060.34 60.7
1528501070.36 60.7
1528501080.38 60.7
1528501090.4 60.7
1528501100.42 60.1
1528501110.44 60.7
1528501120.46 60.7
1528501130.48 60.1
1528501140.5 60.1
1528501150.53 60.1
1528501160.54 60.1
1528501170.56 60.7
1528501180.57 60.1
1528501190.59 60.1
1528501200.61 60.1
1528501210.62 60.7
1528501220.64 60.7
1528501230.66 60.1
1528501240.67 60.1
1528501250.69 60.1
1528501260.71 60.7
1528501270.72 60.7
1528501280.74 61.2
1528501290.77 60.7
1528501300.78 60.1
1528501310.8 60.1
1528501320.82 60.1
1528501330.83 60.7
1528501340.85 60.7
1528501350.86 60.7
1528501360.88 60.1
1528501370.89 61.2
1528501380.91 61.2
1528501390.92 60.7
1528501400.94 60.7
1528501410.96 61.2
1528501420.98 60.1
1528501430.99 60.1
1528501441.01 60.1
1528501451.03 60.1
1528501461.05 60.1
1528501471.06 60.1
1528501481.08 61.2
1528501491.09 60.1
1528501501.11 60.7
1528501511.13 60.7
1528501521.14 60.7
1528501531.15 60.7
1528501541.17 61.2
1528501551.18 60.7
1528501561.19 61.2
1528501571.21 60.1
1528501581.22 60.1
1528501591.23 60.1
1528501601.26 60.1
1528501611.27 60.1
1528501621.29 60.1
1528501631.31 60.1
1528501641.33 60.1
1528501651.35 59.6
1528501661.37 59.6
1528501671.39 59.6
1528501681.4 60.7
1528501691.42 60.1
1528501701.43 60.1
1528501711.45 60.1
1528501721.47 60.1
1528501731.49 60.1
1528501741.51 59.6
1528501751.53 60.1
1528501761.55 60.1
1528501771.57 59.1
1528501781.59 59.1
1528501791.6 60.1
1528501801.62 60.1
1528501811.64 59.1
1528501821.66 60.1
1528501831.68 60.1
1528501841.69 59.6
1528501851.71 60.1
1528501861.73 60.1
1528501871.75 59.1
1528501881.76 60.1
1528501891.78 59.1
1528501901.8 59.1
1528501911.81 59.1
1528501921.83 58.5
1528501931.85 59.1
1528501941.87 58.0
1528501951.89 59.1
1528501961.9 59.1
1528501971.92 59.1
1528501981.98 59.1
1528501992.0 58.5
1528502002.02 59.1
1528502012.04 59.1
1528502022.05 60.1
1528502032.07 59.1
1528502042.09 59.1
1528502052.1 59.1
1528502062.12 59.6
1528502072.13 59.1
1528502082.15 59.1
1528502092.16 59.1
1528502102.18 59.1
1528502112.2 59.6
1528502122.21 59.1
1528502132.23 59.1
1528502142.24 60.1
1528502152.25 59.6
1528502162.26 60.1
1528502172.28 59.6
1528502182.3 59.1
1528502192.32 59.6
1528502202.33 59.6
1528502212.35 59.1
1528502222.37 59.1
1528502232.38 59.1
1528502242.4 58.5
1528502252.42 59.1
1528502262.44 59.6
1528502272.46 58.5
1528502282.47 58.5
1528502292.49 58.5
1528502302.51 59.1
1528502312.53 58.5
1528502322.55 58.0
1528502332.56 59.1
1528502342.58 59.1
1528502352.6 58.5
1528502362.61 59.1
1528502372.63 59.1
1528502382.64 60.1
1528502392.66 59.1
1528502402.68 59.1
1528502412.69 60.7
1528502422.71 60.1
1528502432.73 59.6
1528502442.74 59.1
1528502452.75 59.1
1528502462.77 59.1
1528502472.79 58.0
1528502482.81 58.5
1528502492.82 59.1
1528502502.84 59.1
1528502512.86 58.5
1528502522.88 58.5
1528502532.89 59.1
1528502542.91 59.1
1528502552.93 58.0
1528502562.96 58.0
1528502572.98 58.0
1528502582.99 59.1
1528502593.0 58.5
1528502603.02 58.5
1528502613.03 59.1
1528502623.05 59.1
1528502633.07 59.1
1528502643.09 59.6
1528502653.11 59.1
1528502663.13 58.0
1528502673.15 59.1
1528502683.17 59.1
1528502693.18 59.1
1528502703.2 59.1
1528502713.21 59.1
1528502723.22 59.1
1528502733.24 59.1
1528502743.26 58.5
1528502753.27 59.1
1528502763.29 58.5
1528502773.3 59.1
1528502783.32 59.1
1528502793.34 58.0
1528502803.36 58.0
1528502813.38 58.0
1528502823.4 58.0
1528502833.42 58.5
1528502843.44 58.0
1528502853.46 58.0
1528502863.48 59.1
1528502873.49 58.5
1528502883.51 58.0
1528502893.52 58.5
1528502903.54 58.0
1528502913.56 58.0
1528502923.58 58.0
1528502933.6 58.0
1528502943.62 58.0
1528502953.64 58.5
1528502963.66 58.5
1528502973.68 58.0
1528502983.7 58.5
1528502993.72 56.9
1528503003.73 58.0
1528503013.75 58.0
1528503023.76 58.0
1528503033.78 58.0
1528503043.8 57.5
1528503053.81 58.0
1528503063.83 57.5
1528503073.85 56.9
1528503083.86 58.0
1528503093.88 56.9
1528503103.89 58.0
1528503113.91 58.0
1528503123.93 58.0
1528503133.95 58.0
1528503143.96 58.0
1528503153.98 58.5
1528503164.0 58.0
1528503174.01 58.0
1528503184.03 58.0
1528503194.05 59.1
1528503204.06 58.0
1528503214.08 58.0
1528503224.1 56.9
1528503234.13 57.5
1528503244.15 58.0
1528503254.16 58.0
1528503264.18 58.0
1528503274.2 58.5
1528503284.22 59.1
1528503294.24 58.0
1528503304.26 58.5
1528503314.28 58.0
1528503324.3 58.5
1528503334.31 58.0
1528503344.33 58.5
1528503354.34 58.0
1528503364.35 58.0
1528503374.38 58.0
1528503384.4 58.5
1528503394.41 59.1
1528503404.43 59.1
1528503414.45 58.5
1528503424.46 59.1
1528503434.48 59.1
1528503444.5 59.1
1528503454.51 59.6
1528503464.53 59.6
1528503474.54 59.6
1528503484.56 59.1
1528503494.57 59.1
1528503504.59 59.1
1528503514.6 59.6
1528503524.61 59.1
1528503534.63 59.1
1528503544.65 59.6
1528503554.66 59.1
1528503564.68 59.6
1528503574.7 59.1
1528503584.71 60.1
1528503594.73 59.1
1528503604.74 58.5
1528503614.75 60.1
1528503624.77 59.1
1528503634.78 59.1
1528503644.8 59.1
1528503654.82 59.6
1528503664.83 59.6
1528503674.85 59.6
1528503684.87 59.1
1528503694.88 59.1
1528503704.89 59.1
1528503714.92 59.1
1528503724.93 59.1
1528503734.94 59.1
1528503744.96 59.1
1528503754.98 59.1
1528503765.0 59.1
1528503775.01 58.5
1528503785.03 58.5
1528503795.05 58.5
1528503805.06 58.5
1528503815.08 58.5
1528503825.1 58.0
1528503835.11 59.1
1528503845.14 58.0
1528503855.15 59.1
1528503865.17 59.1
1528503875.18 58.5
1528503885.19 59.1
1528503895.21 58.5
1528503905.23 59.1
1528503915.25 59.1
1528503925.26 58.5
1528503935.28 58.5
1528503945.3 58.5
1528503955.31 58.0
1528503965.33 58.5
1528503975.35 58.5
1528503985.37 58.0
1528503995.38 58.5
1528504005.4 58.5
1528504015.42 58.0
1528504025.43 58.5
1528504035.44 59.1
1528504045.46 59.1
1528504055.48 58.0
1528504065.5 58.0
1528504075.52 58.5
1528504085.53 59.1
1528504095.54 58.0
1528504105.55 58.0
1528504115.57 58.0
1528504125.59 59.1
1528504135.6 59.1
1528504145.63 59.1
1528504155.65 59.1
1528504165.67 58.5
1528504175.68 59.1
1528504185.7 59.1
1528504195.71 59.1
1528504205.73 59.1
1528504215.75 58.5
1528504225.77 59.1
1528504235.79 59.1
1528504245.8 59.1
1528504255.82 59.1
1528504265.85 60.1
1528504275.86 59.1
1528504285.88 59.1
1528504295.89 59.6
1528504305.9 59.1
1528504315.92 59.1
1528504325.94 59.1
1528504335.96 59.1
1528504345.98 59.1
1528504356.0 58.5
1528504366.02 58.0
1528504376.04 58.5
1528504386.06 58.0
1528504396.07 59.1
1528504406.09 58.5
1528504416.1 58.0
1528504426.13 58.0
1528504436.14 57.5
1528504446.15 58.0
1528504456.17 58.0
1528504466.18 58.0
1528504476.2 58.0
1528504486.22 57.5
1528504496.24 56.9
1528504506.26 56.4
1528504516.28 56.9
1528504526.3 57.5
1528504536.32 58.0
1528504546.34 58.0
1528504556.36 56.9
1528504566.38 56.9
1528504576.4 57.5
1528504586.41 58.0
1528504596.43 57.5
1528504606.44 57.5
1528504616.47 57.5
1528504626.48 58.0
1528504636.5 56.9
1528504646.52 56.9
1528504656.54 57.5
1528504666.56 58.0
1528504676.57 57.5
1528504686.59 56.9
1528504696.61 58.0
1528504706.62 57.5
1528504716.64 56.9
1528504726.66 57.5
1528504736.68 58.0
1528504746.69 57.5
1528504756.71 58.0
1528504766.73 56.9
1528504776.75 56.9
1528504786.76 56.9
1528504796.78 56.4
1528504806.8 56.9
1528504816.82 56.9
1528504826.83 56.9
1528504836.85 56.4
1528504846.87 56.9
1528504856.88 56.9
1528504866.89 56.9
1528504876.91 56.9
1528504886.93 56.9
1528504896.94 56.9
1528504906.96 56.9
1528504916.97 57.5
1528504926.99 56.9
1528504937.0 56.9
1528504947.02 56.9
1528504957.05 56.9
1528504967.06 56.9
1528504977.08 57.5
1528504987.1 55.8
1528504997.12 56.9
1528505007.14 56.9
1528505017.16 56.9
1528505027.17 56.9
1528505037.2 56.4
1528505047.22 56.9
1528505057.24 56.9
1528505067.25 56.9
1528505077.27 56.9
1528505087.29 56.4
1528505097.31 56.4
1528505107.32 56.9
1528505117.34 56.4
1528505127.36 56.9
1528505137.37 56.9
1528505147.39 56.9
1528505157.41 57.5
1528505167.42 56.9
1528505177.44 56.9
1528505187.46 57.5
1528505197.47 56.4
1528505207.48 56.9
1528505217.5 55.8
1528505227.51 56.4
1528505237.53 56.9
1528505247.54 56.9
1528505257.56 56.4
1528505267.58 56.4
1528505277.6 57.5
1528505287.62 56.4
1528505297.64 56.9
1528505307.65 56.9
1528505317.67 56.9
1528505327.68 56.4
1528505337.7 56.4
1528505347.71 56.9
1528505357.73 56.9
1528505367.74 56.9
1528505377.76 56.9
1528505387.78 56.9
1528505397.81 56.9
1528505407.83 55.8
1528505417.85 55.8
1528505427.87 55.8
1528505437.89 56.9
1528505447.91 56.4
1528505457.92 56.4
1528505467.93 56.4
1528505477.94 57.5
1528505487.96 56.4
1528505497.98 55.8
1528505507.99 56.4
1528505518.0 55.8
1528505528.02 56.4
1528505538.04 56.4
1528505548.05 56.9
1528505558.07 56.9
1528505568.08 56.4
1528505578.1 55.8
1528505588.11 55.8
1528505598.13 56.9
1528505608.15 56.9
1528505618.16 56.4
1528505628.18 56.9
1528505638.2 56.4
1528505648.22 56.9
1528505658.24 56.9
1528505668.25 56.9
1528505678.27 56.9
1528505688.29 56.4
1528505698.3 57.5
1528505708.31 56.4
1528505718.32 57.5
1528505728.33 57.5
1528505738.35 56.9
1528505748.36 56.9
1528505758.38 56.9
1528505768.4 56.9
1528505778.42 56.9
1528505788.43 56.9
1528505798.45 56.9
1528505808.47 56.9
1528505818.49 56.4
1528505828.51 56.9
1528505838.52 56.9
1528505848.54 56.4
1528505858.56 57.5
1528505868.58 56.9
1528505878.6 56.9
1528505888.62 56.4
1528505898.64 57.5
1528505908.65 56.9
1528505918.67 56.4
1528505928.68 56.9
1528505938.71 56.9
1528505948.73 56.4
1528505958.75 56.4
1528505968.76 56.9
1528505978.79 56.4
1528505988.8 56.9
1528505998.82 56.9
