1528600004.1 53.2
1528600014.12 52.6
1528600024.14 52.6
1528600034.16 52.6
1528600044.18 53.7
1528600054.2 53.2
1528600064.22 53.7
1528600074.24 53.7
1528600084.26 53.7
1528600094.27 53.7
1528600104.29 53.7
1528600114.31 53.7
1528600124.33 53.7
1528600134.35 53.2
1528600144.37 53.7
1528600154.38 53.7
1528600164.4 53.7
1528600174.42 53.7
1528600184.44 52.6
1528600194.46 53.7
1528600204.48 53.7
1528600214.5 52.6
1528600224.52 53.2
1528600234.54 53.2
1528600244.56 54.2
1528600254.57 53.7
1528600264.59 53.7
1528600274.6 54.2
1528600284.62 54.2
1528600294.63 55.3
1528600304.65 54.2
1528600314.67 54.2
1528600324.68 54.2
1528600334.71 54.2
1528600344.73 53.7
1528600354.74 54.8
1528600364.76 54.2
1528600374.78 54.2
1528600384.8 54.8
1528600394.82 54.2
1528600404.85 53.7
1528600414.87 53.7
1528600424.88 54.8
1528600434.9 54.8
1528600444.92 54.2
1528600454.94 54.2
1528600464.96 54.2
1528600474.98 54.2
1528600485.0 53.7
1528600495.02 53.2
1528600505.04 53.7
1528600515.06 53.7
1528600525.09 53.7
1528600535.1 53.7
1528600545.12 54.8
1528600555.13 54.2
1528600565.14 54.2
1528600575.16 54.2
1528600585.18 54.2
1528600595.2 54.2
1528600605.22 54.2
1528600615.24 53.7
1528600625.26 53.7
1528600635.27 53.7
1528600645.29 53.7
1528600655.3 54.2
1528600665.33 53.2
1528600675.34 53.7
1528600685.35 54.2
1528600695.37 53.7
1528600705.39 53.7
1528600715.41 53.7
1528600725.43 53.7
1528600735.45 54.2
1528600745.47 53.7
1528600755.49 53.7
1528600765.51 53.7
1528600775.53 53.7
1528600785.55 53.7
1528600795.56 54.8
1528600805.58 54.2
1528600815.6 53.7
1528600825.62 53.7
1528600835.64 54.2
1528600845.66 53.7
1528600855.68 53.7
1528600865.71 54.2
1528600875.73 53.7
1528600885.75 53.2
1528600895.77 52.6
1528600905.79 52.6
1528600915.81 53.2
1528600925.83 53.2
1528600935.85 52.6
1528600945.87 53.2
1528600955.89 53.2
1528600965.9 53.2
1528600975.92 53.7
1528600985.95 53.2
1528600995.97 52.6
1528601005.99 52.6
1528601016.01 53.2
1528601026.03 53.2
1528601036.05 53.7
1528601046.08 52.6
1528601056.09 52.6
1528601066.11 52.6
1528601076.13 52.6
1528601086.15 52.6
1528601096.17 53.2
1528601106.19 52.6
1528601116.2 54.2
1528601126.23 53.7
1528601136.24 53.7
1528601146.26 53.7
1528601156.28 53.7
1528601166.3 53.2
1528601176.32 52.6
1528601186.34 53.2
1528601196.35 52.6
1528601206.37 53.7
1528601216.39 53.7
1528601226.41 52.6
1528601236.43 53.2
1528601246.44 53.7
1528601256.47 52.6
1528601266.49 53.2
1528601276.51 52.6
1528601286.53 52.6
1528601296.55 52.6
1528601306.56 53.7
1528601316.58 53.7
1528601326.6 53.7
1528601336.62 53.2
1528601346.64 52.6
1528601356.66 53.2
1528601366.67 53.2
1528601376.7 52.6
1528601386.71 53.7
1528601396.73 53.7
1528601406.75 52.6
1528601416.77 53.2
1528601426.79 53.7
1528601436.81 52.6
1528601446.83 53.2
1528601456.85 53.2
1528601466.87 53.2
1528601476.89 53.7
1528601486.91 53.7
1528601496.93 53.7
1528601506.94 53.7
1528601516.96 53.7
1528601526.98 53.2
1528601537.0 53.7
1528601547.02 52.6
1528601557.04 53.7
1528601567.05 53.7
1528601577.06 53.2
1528601587.09 53.2
1528601597.1 53.7
1528601607.12 53.7
1528601617.13 54.2
1528601627.15 53.2
1528601637.17 53.2
1528601647.19 53.2
1528601657.22 53.7
1528601667.23 53.7
1528601677.25 54.2
1528601687.27 53.7
1528601697.28 53.7
1528601707.3 53.7
1528601717.33 53.2
1528601727.34 53.7
1528601737.36 53.7
1528601747.37 53.7
1528601757.39 53.2
1528601767.41 53.2
1528601777.43 53.7
1528601787.45 53.2
1528601797.47 53.2
1528601807.48 53.7
1528601817.5 53.7
1528601827.53 53.7
1528601837.55 53.7
1528601847.57 53.2
1528601857.59 53.2
1528601867.61 53.2
1528601877.63 53.7
1528601887.65 53.7
1528601897.67 53.7
1528601907.69 53.7
1528601917.71 53.7
1528601927.72 53.7
1528601937.74 53.7
1528601947.76 53.7
1528601957.78 54.2
1528601967.8 53.7
1528601977.81 53.7
1528601987.83 53.7
1528601997.85 53.7
1528602007.86 53.7
1528602017.87 53.7
1528602027.89 53.7
1528602037.91 53.7
1528602047.92 53.7
1528602057.94 53.7
1528602067.95 54.2
1528602077.97 53.7
1528602087.99 53.7
1528602098.01 53.7
1528602108.03 52.6
1528602118.05 53.7
1528602128.06 53.7
1528602138.08 53.2
1528602148.1 52.6
1528602158.12 52.6
1528602168.14 53.7
1528602178.17 52.6
1528602188.18 53.7
1528602198.21 52.6
1528602208.22 52.6
1528602218.24 52.6
1528602228.26 52.1
1528602238.28 52.1
1528602248.31 52.1
1528602258.33 52.1
1528602268.35 52.6
1528602278.37 52.1
1528602288.39 52.1
1528602298.41 52.6
1528602308.43 52.6
1528602318.45 52.1
1528602328.47 52.1
1528602338.49 52.1
1528602348.51 52.6
1528602358.53 52.1
1528602368.55 52.6
1528602378.57 52.1
1528602388.58 52.6
1528602398.6 53.2
1528602408.62 52.6
1528602418.64 52.1
1528602428.65 51.5
1528602438.67 52.1
1528602448.69 52.1
1528602458.71 51.5
1528602468.73 51.5
1528602478.74 52.1
1528602488.76 52.1
1528602498.78 51.5
1528602508.8 52.1
1528602518.82 52.6
1528602528.84 52.1
1528602538.86 52.1
1528602548.88 52.6
1528602558.9 51.5
1528602568.91 52.6
1528602578.94 52.1
1528602588.96 52.1
1528602598.98 52.6
1528602609.0 52.6
1528602619.01 52.6
1528602629.04 51.5
1528602639.05 52.1
1528602649.07 52.1
1528602659.09 52.6
1528602669.11 52.6
1528602679.13 52.1
1528602689.15 52.6
1528602699.17 52.6
1528602709.19 52.6
1528602719.21 52.1
1528602729.23 52.6
1528602739.25 52.6
1528602749.26 53.2
1528602759.29 53.2
1528602769.31 53.2
1528602779.32 52.6
1528602789.34 53.7
1528602799.35 53.7
1528602809.37 52.6
1528602819.39 53.2
1528602829.41 53.2
1528602839.43 52.6
1528602849.45 53.2
1528602859.47 53.2
1528602869.49 52.6
1528602879.49 53.7
1528602889.51 52.6
1528602899.53 52.6
1528602909.56 52.1
1528602919.58 52.1
1528602929.6 52.1
1528602939.61 51.5
1528602949.63 52.6
1528602959.65 52.1
1528602969.67 51.5
1528602979.69 51.5
1528602989.71 52.1
1528602999.73 52.1
1528603009.74 52.1
1528603019.76 52.1
1528603029.78 51.5
1528603039.8 52.1
1528603049.82 51.5
1528603059.84 52.1
1528603069.86 52.1
1528603079.89 51.5
1528603089.91 51.5
1528603099.93 52.1
1528603109.95 51.5
1528603119.97 52.1
1528603129.99 51.5
1528603140.01 51.5
1528603150.03 51.5
1528603160.05 51.5
1528603170.06 52.1
1528603180.08 52.1
1528603190.1 52.1
1528603200.12 52.1
