1528800000.43 48.3
1528800010.45 48.3
1528800020.46 47.8
1528800030.48 48.3
1528800040.49 48.3
1528800050.51 48.3
1528800060.53 48.3
1528800070.54 48.3
1528800080.55 48.3
1528800090.57 48.3
1528800100.59 48.9
1528800110.6 48.3
1528800120.62 47.8
1528800130.64 48.3
1528800140.66 48.3
1528800150.67 47.8
1528800160.69 47.8
1528800170.71 47.8
1528800180.73 48.3
1528800190.75 47.8
1528800200.76 47.2
1528800210.78 48.3
1528800220.8 48.3
1528800230.82 48.3
1528800240.84 48.3
1528800250.86 48.3
1528800260.87 48.3
1528800270.89 48.3
1528800280.91 48.3
1528800290.92 47.8
1528800300.94 48.3
1528800310.96 48.3
1528800320.97 48.3
1528800330.99 48.3
1528800341.01 48.3
1528800351.02 48.3
1528800361.03 48.3
1528800371.05 48.3
1528800381.06 48.3
1528800391.08 48.3
1528800401.11 48.9
1528800411.12 48.9
1528800421.14 48.9
1528800431.15 48.3
1528800441.17 49.4
1528800451.19 48.3
1528800461.2 48.3
1528800471.22 47.8
1528800481.25 48.3
1528800491.26 47.8
1528800501.28 47.2
1528800511.3 47.2
1528800521.32 47.2
1528800531.34 47.2
1528800541.36 46.7
1528800551.38 47.2
1528800561.4 47.2
1528800571.42 47.2
1528800581.44 47.2
1528800591.45 47.8
1528800601.48 47.8
1528800611.49 47.8
1528800621.51 47.8
1528800631.53 47.2
1528800641.54 47.2
1528800651.55 47.2
1528800661.57 47.2
1528800671.6 46.2
1528800681.61 47.2
1528800691.63 46.7
1528800701.65 47.2
1528800711.67 47.2
1528800721.69 46.2
1528800731.71 46.2
1528800741.73 46.7
1528800751.75 45.6
1528800761.77 47.2
1528800771.78 47.2
1528800781.8 47.2
1528800791.82 47.2
1528800801.84 47.2
1528800811.86 46.2
1528800821.88 46.2
1528800831.9 46.2
1528800841.93 47.2
1528800851.95 47.2
1528800861.98 47.2
1528800872.0 46.7
1528800882.02 46.2
1528800892.04 47.2
1528800902.05 46.7
1528800912.07 47.8
1528800922.09 47.2
1528800932.11 47.2
1528800942.13 46.7
1528800952.15 46.7
1528800962.17 48.3
1528800972.19 47.2
1528800982.21 46.2
1528800992.23 47.2
1528801002.24 46.7
1528801012.26 46.2
1528801022.28 47.2
1528801032.3 47.2
1528801042.32 46.7
1528801052.34 47.2
1528801062.36 47.8
1528801072.38 47.2
1528801082.4 47.2
1528801092.41 47.2
1528801102.44 47.2
1528801112.46 47.2
1528801122.48 47.8
1528801132.49 48.3
1528801142.51 48.3
1528801152.53 48.3
1528801162.55 48.3
1528801172.56 47.8
1528801182.58 48.3
1528801192.6 47.8
1528801202.61 49.4
1528801212.63 48.3
1528801222.65 47.8
1528801232.68 48.3
1528801242.7 47.2
1528801252.72 47.2
1528801262.74 47.8
1528801272.76 47.2
1528801282.78 47.8
1528801292.79 47.2
1528801302.81 47.8
1528801312.83 47.8
1528801322.85 47.2
1528801332.87 47.2
1528801342.89 47.2
1528801352.91 47.8
1528801362.92 47.8
1528801372.94 47.8
1528801382.96 47.2
1528801392.98 47.8
1528801403.0 47.2
1528801413.02 48.3
1528801423.04 48.3
1528801433.05 47.2
1528801443.06 48.3
1528801453.08 47.8
1528801463.1 48.3
1528801473.12 48.3
1528801483.14 47.8
1528801493.15 48.3
1528801503.16 48.3
1528801513.17 48.9
1528801523.2 48.9
1528801533.21 48.9
1528801543.23 49.4
1528801553.24 48.3
1528801563.26 48.9
1528801573.28 48.3
1528801583.3 48.9
1528801593.31 48.3
1528801603.33 48.3
1528801613.34 48.3
1528801623.36 48.9
1528801633.38 47.8
1528801643.41 47.8
1528801653.42 48.9
1528801663.44 48.3
1528801673.46 48.3
1528801683.47 48.3
1528801693.49 49.4
1528801703.5 48.3
1528801713.52 49.4
1528801723.54 49.4
1528801733.56 48.3
1528801743.58 48.3
1528801753.6 48.3
1528801763.62 47.8
1528801773.63 48.3
1528801783.64 48.3
1528801793.66 48.3
1528801803.68 48.3
1528801813.71 48.3
1528801823.73 48.3
1528801833.74 48.3
1528801843.76 48.3
1528801853.77 48.3
1528801863.79 48.9
1528801873.81 47.8
1528801883.83 48.9
1528801893.85 49.4
1528801903.86 48.3
1528801913.88 48.3
1528801923.89 48.3
1528801933.92 48.9
1528801943.94 48.3
1528801953.96 48.3
1528801963.98 48.3
1528801973.99 48.9
1528801984.01 48.9
1528801994.03 48.9
1528802004.05 48.9
1528802014.07 49.4
1528802024.09 48.3
1528802034.1 49.4
1528802044.12 48.3
1528802054.14 49.4
1528802064.15 48.9
1528802074.17 48.9
1528802084.18 49.4
1528802094.2 48.9
1528802104.21 49.4
1528802114.23 49.4
1528802124.25 48.9
1528802134.28 48.3
1528802144.3 49.4
1528802154.31 48.9
1528802164.33 48.9
1528802174.34 49.4
1528802184.36 49.4
1528802194.38 49.9
1528802204.4 49.9
1528802214.41 49.4
1528802224.43 49.9
1528802234.45 49.9
1528802244.47 49.9
1528802254.48 49.9
1528802264.5 48.9
1528802274.51 49.9
1528802284.53 50.5
1528802294.55 49.9
1528802304.56 49.9
1528802314.58 50.5
1528802324.6 50.5
1528802334.62 49.9
1528802344.64 51.0
1528802354.65 51.0
1528802364.67 50.5
1528802374.69 50.5
1528802384.71 49.9
1528802394.72 50.5
1528802404.74 50.5
1528802414.76 50.5
1528802424.78 49.9
1528802434.79 51.0
1528802444.81 50.5
1528802454.83 51.0
1528802464.84 51.0
1528802474.87 50.5
1528802484.88 51.5
1528802494.91 51.0
1528802504.92 51.0
1528802514.94 51.5
1528802524.95 51.5
1528802534.96 51.5
1528802544.98 51.5
1528802555.0 50.5
1528802565.0 51.5
1528802575.02 51.5
1528802585.04 51.5
1528802595.05 51.5
1528802605.07 51.5
1528802615.09 51.5
1528802625.11 51.0
1528802635.13 51.5
1528802645.14 51.5
1528802655.16 52.1
1528802665.18 51.5
1528802675.19 51.5
1528802685.21 51.5
1528802695.23 52.1
1528802705.25 52.1
1528802715.27 51.5
1528802725.28 51.5
1528802735.3 51.5
1528802745.32 51.5
1528802755.34 51.5
1528802765.35 51.5
1528802775.37 51.0
1528802785.39 51.5
1528802795.41 51.5
1528802805.43 51.5
1528802815.44 51.0
1528802825.46 51.5
1528802835.48 50.5
1528802845.5 52.1
1528802855.52 51.5
1528802865.53 51.5
1528802875.55 51.5
1528802885.57 51.5
1528802895.58 51.5
1528802905.6 52.1
1528802915.61 51.5
1528802925.64 52.6
1528802935.64 51.5
1528802945.66 51.5
1528802955.68 52.1
1528802965.68 52.1
1528802975.69 52.1
1528802985.71 51.5
1528802995.73 52.1
1528803005.75 51.5
1528803015.77 51.5
1528803025.78 51.5
1528803035.8 51.5
1528803045.82 52.1
1528803055.83 51.5
1528803065.85 51.5
1528803075.87 52.1
1528803085.89 52.1
1528803095.9 52.1
1528803105.92 52.1
1528803115.94 52.6
1528803125.95 52.1
1528803135.97 52.6
1528803145.99 52.6
1528803156.01 52.6
1528803166.02 51.5
1528803176.04 52.6
1528803186.05 52.1
1528803196.06 51.5
1528803206.08 52.1
1528803216.09 52.6
1528803226.1 52.6
1528803236.11 51.5
1528803246.12 52.1
1528803256.14 51.5
1528803266.15 52.1
1528803276.17 52.1
1528803286.18 51.5
1528803296.2 52.1
1528803306.23 51.5
1528803316.24 51.5
1528803326.26 51.5
1528803336.28 51.0
1528803346.29 51.5
1528803356.32 51.5
1528803366.34 51.5
1528803376.35 52.1
1528803386.37 51.5
1528803396.38 52.6
1528803406.4 52.1
1528803416.42 51.5
1528803426.43 53.2
1528803436.45 52.1
1528803446.46 52.1
1528803456.48 52.6
1528803466.5 52.6
1528803476.51 52.1
1528803486.54 52.1
1528803496.56 52.1
1528803506.58 52.6
1528803516.59 52.1
1528803526.61 52.1
1528803536.63 52.6
1528803546.65 52.6
1528803556.67 51.5
1528803566.69 52.1
1528803576.7 52.1
1528803586.72 52.6
1528803596.74 52.1
1528803606.75 52.6
1528803616.77 52.6
1528803626.78 52.6
1528803636.8 51.5
1528803646.82 52.1
1528803656.84 52.1
1528803666.86 52.1
1528803676.87 52.1
1528803686.88 52.1
1528803696.9 52.6
1528803706.92 51.5
1528803716.94 52.1
1528803726.96 52.6
1528803736.97 52.6
1528803746.99 52.6
1528803757.0 52.6
1528803767.02 52.6
1528803777.03 52.6
1528803787.05 52.6
1528803797.07 52.6
1528803807.08 52.6
1528803817.1 52.6
1528803827.12 52.6
1528803837.13 52.6
1528803847.15 52.6
1528803857.17 52.6
1528803867.18 53.2
1528803877.2 53.2
1528803887.22 53.2
1528803897.24 53.7
1528803907.25 53.2
1528803917.27 52.6
1528803927.28 53.2
1528803937.3 53.2
1528803947.32 53.2
1528803957.34 53.2
1528803967.35 53.2
1528803977.37 53.7
1528803987.39 53.7
1528803997.4 53.7
1528804007.43 53.2
1528804017.45 53.2
1528804027.46 52.6
1528804037.48 52.1
1528804047.5 52.6
1528804057.51 52.6
1528804067.53 52.6
1528804077.55 52.1
1528804087.56 52.6
1528804097.58 52.1
1528804107.59 52.6
1528804117.61 53.2
1528804127.63 52.6
1528804137.65 52.6
1528804147.67 52.6
1528804157.67 53.2
1528804167.69 52.1
1528804177.71 53.7
1528804187.73 53.2
1528804197.75 53.2
1528804207.77 53.7
1528804217.79 53.2
1528804227.81 52.6
1528804237.83 52.1
1528804247.85 52.6
1528804257.87 52.6
1528804267.89 52.6
1528804277.91 52.1
1528804287.93 52.1
1528804297.95 52.6
1528804307.96 53.2
1528804317.98 52.6
1528804328.0 52.6
1528804338.01 52.6
1528804348.04 53.2
1528804358.05 52.6
1528804368.07 52.6
1528804378.08 53.2
1528804388.1 52.6
1528804398.12 53.2
1528804408.14 52.6
1528804418.15 52.1
1528804428.17 53.7
1528804438.19 52.1
1528804448.2 53.7
1528804458.22 52.6
1528804468.24 53.2
1528804478.25 52.6
1528804488.28 52.6
1528804498.28 52.6
1528804508.3 53.2
1528804518.32 52.6
1528804528.33 53.7
1528804538.35 53.7
1528804548.37 53.7
1528804558.38 53.7
1528804568.4 53.7
1528804578.41 53.2
1528804588.43 53.2
1528804598.44 53.2
1528804608.46 53.7
1528804618.48 53.7
1528804628.5 53.7
1528804638.51 52.6
1528804648.53 53.2
1528804658.53 53.7
1528804668.55 53.7
1528804678.57 53.7
1528804688.58 53.7
1528804698.6 53.7
1528804708.61 54.2
1528804718.63 53.7
1528804728.64 53.7
1528804738.66 53.7
1528804748.68 53.7
1528804758.69 53.7
1528804768.71 54.2
1528804778.72 53.7
1528804788.74 53.7
1528804798.76 53.7
1528804808.78 53.7
1528804818.78 54.2
1528804828.81 53.7
1528804838.82 53.7
1528804848.84 54.2
1528804858.85 53.7
1528804868.87 53.7
1528804878.89 54.2
1528804888.9 54.2
1528804898.92 54.2
1528804908.94 53.7
1528804918.95 54.2
1528804928.97 53.7
1528804938.99 54.2
1528804949.01 54.2
1528804959.03 53.7
1528804969.04 54.2
1528804979.06 54.8
1528804989.08 54.8
1528804999.1 54.8
1528805009.12 54.2
1528805019.14 54.2
1528805029.17 53.7
1528805039.18 54.8
1528805049.2 55.3
1528805059.22 54.2
1528805069.23 54.8
1528805079.26 54.8
1528805089.27 54.8
1528805099.28 54.8
1528805109.3 54.2
1528805119.32 54.2
1528805129.33 54.8
1528805139.35 54.8
1528805149.37 54.8
1528805159.38 54.2
1528805169.4 54.8
1528805179.42 54.2
1528805189.44 54.8
1528805199.46 55.3
1528805209.47 55.3
1528805219.5 54.8
1528805229.52 54.8
1528805239.53 55.3
1528805249.55 54.8
1528805259.56 54.8
1528805269.58 55.3
1528805279.6 54.8
1528805289.61 54.8
1528805299.62 54.8
1528805309.64 54.8
1528805319.66 53.7
1528805329.68 54.2
1528805339.7 54.8
1528805349.72 54.2
1528805359.73 54.8
1528805369.75 54.8
1528805379.76 54.8
1528805389.78 54.2
1528805399.8 54.2
1528805409.82 54.8
1528805419.83 55.3
1528805429.85 54.8
1528805439.87 55.3
1528805449.88 54.8
1528805459.89 54.8
1528805469.91 54.8
1528805479.93 54.8
1528805489.95 54.2
1528805499.96 54.2
1528805509.97 54.8
1528805519.99 55.3
1528805530.01 55.3
1528805540.02 54.8
1528805550.04 54.8
1528805560.05 55.3
1528805570.06 55.3
1528805580.08 55.8
1528805590.1 55.8
1528805600.11 55.3
1528805610.13 55.8
1528805620.14 55.3
1528805630.16 55.3
1528805640.18 55.8
1528805650.2 55.3
1528805660.22 56.4
1528805670.23 55.8
1528805680.25 56.4
1528805690.26 55.8
1528805700.28 55.8
1528805710.3 56.4
1528805720.31 55.8
1528805730.33 55.8
1528805740.35 55.8
1528805750.37 55.8
1528805760.38 55.8
1528805770.4 55.8
1528805780.42 56.4
1528805790.43 55.8
1528805800.45 55.8
1528805810.46 55.8
1528805820.48 55.8
1528805830.5 56.4
1528805840.51 56.4
1528805850.53 55.8
1528805860.55 55.8
1528805870.57 54.8
1528805880.59 55.3
1528805890.61 55.8
1528805900.62 55.3
1528805910.64 55.3
1528805920.65 56.4
1528805930.67 55.8
1528805940.69 55.8
1528805950.71 54.8
1528805960.73 55.8
1528805970.75 54.8
1528805980.76 55.8
1528805990.77 55.8
1528806000.79 55.8
1528806010.8 55.8
1528806020.81 55.3
1528806030.83 55.8
1528806040.85 54.8
1528806050.87 55.3
1528806060.89 55.3
1528806070.92 55.3
1528806080.94 54.8
1528806090.96 54.2
1528806100.98 54.8
1528806110.99 55.3
1528806121.01 54.8
1528806131.03 54.8
1528806141.05 54.8
1528806151.06 54.8
1528806161.08 55.3
1528806171.1 55.8
1528806181.11 55.8
1528806191.13 55.3
1528806201.15 55.3
1528806211.17 54.8
1528806221.18 55.8
1528806231.2 54.8
1528806241.22 55.8
1528806251.23 55.8
1528806261.24 55.8
1528806271.26 55.8
1528806281.28 55.8
1528806291.29 55.8
1528806301.32 55.3
1528806311.33 55.8
1528806321.34 55.3
1528806331.36 55.8
1528806341.38 55.8
1528806351.4 55.8
1528806361.42 55.3
1528806371.44 54.8
1528806381.45 55.8
1528806391.47 55.3
1528806401.49 55.3
1528806411.51 55.3
1528806421.52 55.3
1528806431.54 54.8
1528806441.56 53.7
1528806451.58 54.8
1528806461.6 54.2
1528806471.62 54.2
1528806481.64 54.8
1528806491.66 54.8
1528806501.68 55.3
1528806511.7 55.3
1528806521.72 54.2
1528806531.74 55.3
1528806541.76 54.2
1528806551.77 54.8
1528806561.79 54.8
1528806571.81 54.2
1528806581.82 54.8
1528806591.84 55.8
1528806601.86 54.8
1528806611.87 54.8
1528806621.88 54.8
1528806631.9 55.8
1528806641.91 54.8
1528806651.93 55.3
1528806661.95 55.8
1528806671.97 54.8
1528806681.99 55.3
1528806692.01 55.8
1528806702.02 55.3
1528806712.04 54.8
1528806722.05 55.8
1528806732.06 55.8
1528806742.08 56.4
1528806752.09 55.8
1528806762.11 55.8
1528806772.13 55.8
1528806782.14 55.8
1528806792.16 55.8
1528806802.18 55.8
1528806812.2 55.8
1528806822.22 55.8
1528806832.24 55.8
1528806842.26 55.8
1528806852.28 55.8
1528806862.3 54.8
1528806872.31 55.8
1528806882.33 55.8
1528806892.34 56.4
1528806902.36 56.4
1528806912.38 55.8
1528806922.4 54.8
1528806932.41 56.4
1528806942.44 56.4
1528806952.45 56.4
1528806962.47 56.4
1528806972.49 55.8
1528806982.5 56.4
1528806992.52 56.4
1528807002.54 55.8
1528807012.56 55.8
1528807022.57 55.8
1528807032.59 55.3
1528807042.6 56.4
1528807052.62 56.9
1528807062.64 56.4
1528807072.65 56.4
1528807082.67 55.8
1528807092.68 56.4
1528807102.69 56.4
1528807112.71 55.8
1528807122.73 56.4
1528807132.75 56.4
1528807142.76 55.8
1528807152.78 55.8
1528807162.8 56.9
1528807172.8 57.5
1528807182.81 56.9
1528807192.83 56.4
1528807202.85 56.4
1528807212.86 56.9
1528807222.88 56.4
1528807232.89 56.9
1528807242.91 56.9
1528807252.93 56.4
1528807262.95 56.4
1528807272.97 56.4
1528807282.99 56.4
1528807293.01 56.9
1528807303.03 56.4
1528807313.05 55.8
1528807323.07 56.9
1528807333.08 56.9
1528807343.1 56.4
1528807353.12 56.4
1528807363.13 56.4
1528807373.15 56.9
1528807383.17 56.4
1528807393.18 56.9
1528807403.2 56.4
1528807413.22 55.8
1528807423.23 56.4
1528807433.25 56.4
1528807443.27 56.4
1528807453.28 56.4
1528807463.3 56.4
1528807473.31 55.8
1528807483.33 55.8
1528807493.35 55.8
1528807503.36 56.4
1528807513.39 55.8
1528807523.4 56.4
1528807533.42 56.9
1528807543.43 56.9
1528807553.45 56.4
1528807563.47 56.4
1528807573.47 56.4
1528807583.49 56.9
1528807593.51 55.8
1528807603.53 56.9
1528807613.55 56.9
1528807623.58 56.9
1528807633.59 56.9
1528807643.6 56.4
1528807653.62 56.9
1528807663.64 56.9
1528807673.65 56.9
1528807683.67 56.4
1528807693.7 55.8
1528807703.72 55.8
1528807713.73 56.4
1528807723.74 55.8
1528807733.76 56.4
1528807743.78 56.9
1528807753.79 56.9
1528807763.8 56.4
1528807773.82 56.9
1528807783.84 56.9
1528807793.85 56.9
1528807803.86 57.5
1528807813.88 56.9
1528807823.9 58.0
1528807833.91 56.9
1528807843.93 56.9
1528807853.95 56.9
1528807863.96 56.9
1528807873.98 56.4
1528807884.01 56.9
1528807894.03 56.4
1528807904.04 56.9
1528807914.06 57.5
1528807924.07 56.9
1528807934.09 56.9
1528807944.1 56.9
1528807954.13 56.9
1528807964.15 56.9
1528807974.17 56.9
1528807984.19 56.9
1528807994.21 58.0
1528808004.22 57.5
1528808014.24 56.9
1528808024.26 56.9
1528808034.29 56.9
1528808044.31 56.9
1528808054.32 58.0
1528808064.34 56.9
1528808074.35 58.0
1528808084.37 58.0
1528808094.39 58.0
1528808104.4 58.0
1528808114.42 57.5
1528808124.44 58.0
1528808134.45 58.0
1528808144.47 58.0
1528808154.49 58.0
1528808164.51 57.5
1528808174.52 58.0
1528808184.53 58.0
1528808194.55 58.0
1528808204.56 58.0
1528808214.58 58.0
1528808224.6 58.0
1528808234.62 56.9
1528808244.63 58.0
1528808254.65 56.9
1528808264.66 56.9
1528808274.68 56.9
1528808284.7 56.9
1528808294.72 56.9
1528808304.74 56.9
1528808314.76 56.9
1528808324.78 56.9
1528808334.79 56.9
1528808344.81 56.9
1528808354.83 56.9
1528808364.84 56.9
1528808374.86 56.4
1528808384.87 56.9
1528808394.89 56.9
1528808404.9 58.0
1528808414.92 56.9
1528808424.94 56.4
1528808434.96 56.9
1528808444.97 56.9
1528808454.99 56.4
1528808465.01 56.9
1528808475.01 56.9
1528808485.03 56.9
1528808495.04 57.5
1528808505.06 58.0
1528808515.07 56.9
1528808525.09 56.9
1528808535.11 56.9
1528808545.13 56.9
1528808555.15 56.4
1528808565.17 56.9
1528808575.18 56.9
1528808585.2 56.9
1528808595.23 56.9
1528808605.25 56.9
1528808615.27 56.9
1528808625.28 57.5
1528808635.31 56.4
1528808645.33 56.9
1528808655.35 56.4
1528808665.37 56.9
1528808675.38 56.9
1528808685.4 56.9
1528808695.42 56.9
1528808705.44 56.9
1528808715.46 56.9
1528808725.48 56.9
1528808735.49 56.9
1528808745.6 56.4
1528808755.63 56.4
1528808765.65 55.8
1528808775.66 56.4
1528808785.67 56.4
1528808795.69 57.5
1528808805.71 55.8
1528808815.73 56.9
1528808825.74 56.9
1528808835.76 56.9
1528808845.78 56.9
1528808855.8 57.5
1528808865.81 56.9
1528808875.82 56.9
1528808885.84 57.5
1528808895.86 57.5
1528808905.87 57.5
1528808915.89 57.5
1528808925.91 56.4
1528808935.93 56.9
1528808945.95 57.5
1528808955.97 56.9
1528808965.98 58.0
1528808976.0 57.5
1528808986.03 57.5
1528808996.04 57.5
1528809006.06 56.4
1528809016.08 57.5
1528809026.1 56.9
1528809036.12 56.4
1528809046.13 57.5
1528809056.16 56.4
1528809066.17 57.5
1528809076.19 58.0
1528809086.21 58.0
1528809096.22 58.0
1528809106.24 56.9
1528809116.26 56.4
1528809126.27 56.9
1528809136.28 57.5
1528809146.29 56.9
1528809156.31 56.9
1528809166.32 57.5
1528809176.34 56.9
1528809186.36 56.9
1528809196.38 56.9
1528809206.4 56.9
1528809216.42 56.9
1528809226.43 58.0
1528809236.45 58.0
1528809246.47 57.5
1528809256.48 57.5
1528809266.5 58.0
1528809276.52 58.0
1528809286.54 56.9
1528809296.55 58.0
1528809306.57 58.0
1528809316.58 58.0
1528809326.6 58.0
1528809336.61 57.5
1528809346.64 56.9
1528809356.64 58.0
1528809366.66 57.5
1528809376.68 56.9
1528809386.69 58.0
1528809396.72 56.9
1528809406.74 57.5
1528809416.76 57.5
1528809426.77 58.0
1528809436.78 56.9
1528809446.8 56.9
1528809456.82 58.0
1528809466.83 58.0
1528809476.85 58.0
1528809486.87 56.9
1528809496.89 56.9
1528809506.91 56.9
1528809516.92 58.0
1528809526.94 57.5
1528809536.95 58.0
1528809546.97 58.0
1528809556.99 57.5
1528809567.01 56.9
1528809577.04 56.9
1528809587.05 57.5
1528809597.07 57.5
1528809607.08 56.9
1528809617.1 57.5
1528809627.12 57.5
1528809637.14 56.9
1528809647.16 56.9
1528809657.18 56.9
1528809667.2 57.5
1528809677.22 58.0
1528809687.23 58.0
1528809697.24 58.0
1528809707.26 58.0
1528809717.28 58.0
1528809727.29 58.0
1528809737.31 56.9
1528809747.33 57.5
1528809757.34 58.5
1528809767.37 58.5
1528809777.38 58.5
1528809787.4 58.0
1528809797.42 58.5
1528809807.43 58.5
1528809817.45 58.0
1528809827.47 58.0
1528809837.49 58.5
1528809847.51 58.0
1528809857.52 59.1
1528809867.54 58.5
1528809877.55 58.5
1528809887.57 59.1
1528809897.59 58.0
1528809907.61 58.0
1528809917.63 58.0
1528809927.65 58.0
1528809937.66 58.0
1528809947.68 58.5
1528809957.7 58.0
1528809967.71 59.1
1528809977.72 58.5
1528809987.74 58.5
1528809997.76 59.1
1528810007.78 58.0
1528810017.8 58.0
1528810027.82 58.5
1528810037.84 59.1
1528810047.86 58.0
1528810057.87 58.5
1528810067.89 58.5
1528810077.91 59.1
1528810087.93 58.5
1528810097.94 59.1
1528810107.96 59.1
1528810117.98 59.1
1528810127.98 58.0
1528810138.0 59.6
1528810148.02 59.1
1528810158.03 59.6
1528810168.05 58.5
1528810178.06 59.1
1528810188.08 59.1
1528810198.1 59.1
1528810208.11 59.1
1528810218.13 59.1
1528810228.14 59.6
1528810238.16 59.1
1528810248.18 59.1
1528810258.19 59.6
1528810268.21 58.5
1528810278.22 59.1
1528810288.24 58.5
1528810298.27 58.5
1528810308.28 59.1
1528810318.3 58.5
1528810328.31 58.5
1528810338.33 58.5
1528810348.35 58.0
1528810358.37 58.5
1528810368.39 59.1
1528810378.4 59.1
1528810388.42 59.1
1528810398.44 59.1
1528810408.46 59.6
1528810418.47 59.1
1528810428.49 59.6
1528810438.51 59.1
1528810448.52 59.1
1528810458.54 59.1
1528810468.55 59.6
1528810478.56 60.1
1528810488.58 59.1
1528810498.6 60.1
1528810508.61 59.6
1528810518.63 59.6
1528810528.65 59.6
1528810538.67 59.6
1528810548.68 59.1
1528810558.7 59.6
1528810568.72 59.1
1528810578.73 59.6
1528810588.74 60.1
1528810598.76 60.1
1528810608.78 60.1
1528810618.79 60.1
1528810628.8 60.1
1528810638.82 60.1
1528810648.83 60.1
1528810658.85 59.1
1528810668.86 60.1
1528810678.88 60.1
1528810688.89 60.1
1528810698.91 60.1
1528810708.93 60.1
1528810718.95 60.1
1528810728.96 60.1
1528810738.98 60.1
1528810748.99 60.1
1528810759.01 60.1
1528810769.03 59.1
1528810779.04 59.6
1528810789.06 60.1
1528810799.07 59.6
1528810809.09 59.1
1528810819.1 60.1
1528810829.12 60.7
1528810839.14 60.1
1528810849.15 60.7
1528810859.17 60.7
1528810869.18 61.2
1528810879.2 60.7
1528810889.22 60.7
1528810899.22 60.1
1528810909.24 61.2
1528810919.26 60.7
1528810929.27 60.1
1528810939.28 60.1
1528810949.3 60.7
1528810959.32 60.1
1528810969.33 61.2
1528810979.35 60.7
1528810989.36 60.7
1528810999.38 60.7
1528811009.39 61.2
1528811019.41 61.2
1528811029.43 60.7
1528811039.45 60.1
1528811049.46 61.2
1528811059.48 61.2
1528811069.5 61.2
1528811079.51 61.2
1528811089.52 60.7
1528811099.53 60.7
1528811109.55 60.7
1528811119.56 60.7
1528811129.58 60.7
1528811139.59 61.2
1528811149.61 61.2
1528811159.68 61.2
1528811169.69 60.7
1528811179.71 60.7
1528811189.73 60.1
1528811199.75 60.7
1528811209.76 60.7
1528811219.78 61.2
1528811229.81 60.7
1528811239.82 60.7
1528811249.94 60.7
1528811259.96 61.2
1528811269.97 61.2
1528811280.0 60.1
1528811290.01 60.7
1528811300.03 60.1
1528811310.04 60.1
1528811320.05 60.7
1528811330.07 60.1
1528811340.1 60.1
1528811350.11 60.1
1528811360.13 60.1
1528811370.15 60.1
1528811380.17 60.1
1528811390.19 60.1
1528811400.21 60.1
1528811410.23 60.7
1528811420.25 60.7
1528811430.26 60.7
1528811440.28 60.1
1528811450.3 59.6
1528811460.32 59.6
1528811470.34 60.7
1528811480.36 60.1
1528811490.38 60.7
1528811500.39 60.7
1528811510.42 59.1
1528811520.43 59.6
1528811530.45 58.5
1528811540.47 59.1
1528811550.49 59.6
1528811560.51 59.1
1528811570.53 59.6
1528811580.55 59.6
1528811590.57 60.7
1528811600.58 60.1
1528811610.6 60.1
1528811620.62 60.1
1528811630.63 60.1
1528811640.65 60.1
1528811650.67 60.7
1528811660.69 60.7
1528811670.7 60.7
1528811680.72 60.1
1528811690.74 60.1
1528811700.75 60.1
1528811710.78 60.7
1528811720.78 60.7
1528811730.8 60.1
1528811740.82 60.7
1528811750.83 61.2
1528811760.85 61.2
1528811770.86 61.2
1528811780.87 60.1
1528811790.89 60.1
1528811800.91 60.1
1528811810.92 60.7
1528811820.94 60.1
1528811830.96 59.1
1528811840.98 60.1
1528811851.0 60.7
1528811861.02 60.1
1528811871.04 60.1
1528811881.05 60.7
1528811891.07 60.7
1528811901.09 60.7
1528811911.11 60.7
1528811921.13 60.7
1528811931.14 61.2
1528811941.16 61.2
1528811951.18 60.1
1528811961.2 60.7
1528811971.22 61.2
1528811981.23 60.7
1528811991.25 60.1
1528812001.27 60.7
