1528700001.82 45.1
1528700011.84 45.1
1528700021.86 45.1
1528700031.88 45.1
1528700041.9 45.1
1528700051.92 45.1
1528700061.94 45.1
1528700071.96 45.1
1528700081.98 45.1
1528700092.0 45.1
1528700102.02 44.5
1528700112.04 45.1
1528700122.05 45.6
1528700132.07 45.1
1528700142.1 45.1
1528700152.12 45.1
1528700162.14 45.1
1528700172.15 45.6
1528700182.18 45.6
1528700192.21 45.1
1528700202.23 45.1
1528700212.25 45.1
1528700222.27 45.1
1528700232.29 45.1
1528700242.31 45.1
1528700252.33 45.1
1528700262.35 45.1
1528700272.37 45.1
1528700282.39 45.1
1528700292.42 45.1
1528700302.44 44.0
1528700312.47 45.1
1528700322.49 45.1
1528700332.51 45.1
1528700342.54 45.1
1528700352.56 45.1
1528700362.58 45.1
1528700372.59 46.2
1528700382.61 45.1
1528700392.64 44.5
1528700402.66 45.1
1528700412.68 46.2
1528700422.7 46.2
1528700432.72 46.2
1528700442.73 46.2
1528700452.75 45.1
1528700462.77 45.1
1528700472.79 45.1
1528700482.81 45.1
1528700492.83 45.6
1528700502.85 45.6
1528700512.87 45.6
1528700522.89 45.1
1528700532.91 46.2
1528700542.93 45.6
1528700552.94 46.2
1528700562.97 46.2
1528700572.98 45.6
1528700583.0 45.1
1528700593.02 45.1
1528700603.04 45.6
1528700613.06 45.1
1528700623.08 45.6
1528700633.09 45.6
1528700643.11 45.1
1528700653.14 45.1
1528700663.15 45.6
1528700673.18 45.1
1528700683.2 45.1
1528700693.22 45.6
1528700703.24 45.1
1528700713.26 45.1
1528700723.28 45.1
1528700733.3 46.2
1528700743.31 45.6
1528700753.34 45.1
1528700763.36 45.1
1528700773.38 45.1
1528700783.4 45.1
1528700793.42 45.1
1528700803.44 45.1
1528700813.46 45.1
1528700823.48 45.6
1528700833.5 45.1
1528700843.52 45.1
1528700853.54 45.1
1528700863.57 45.1
1528700873.59 45.1
1528700883.61 45.1
1528700893.63 45.1
1528700903.65 45.1
1528700913.67 45.1
1528700923.69 45.1
1528700933.71 44.5
1528700943.73 45.1
1528700953.75 45.6
1528700963.76 45.6
1528700973.78 45.1
1528700983.8 45.1
1528700993.82 45.1
1528701003.84 45.1
1528701013.85 45.1
1528701023.87 45.1
1528701033.89 45.1
1528701043.92 45.1
1528701053.94 45.1
1528701063.96 44.5
1528701073.98 45.1
1528701084.0 45.6
1528701094.02 45.1
1528701104.04 45.1
1528701114.06 45.1
1528701124.08 44.5
1528701134.1 44.5
1528701144.12 45.1
1528701154.14 45.1
1528701164.16 45.1
1528701174.18 45.1
1528701184.2 45.1
1528701194.22 45.1
1528701204.24 44.5
1528701214.26 45.1
1528701224.28 45.1
1528701234.3 45.1
1528701244.32 45.1
1528701254.34 45.1
1528701264.36 45.1
1528701274.38 45.1
1528701284.41 44.5
1528701294.43 45.1
1528701304.45 45.1
1528701314.47 45.1
1528701324.49 45.1
1528701334.51 45.1
1528701344.53 45.1
1528701354.55 45.1
1528701364.57 45.1
1528701374.59 45.1
1528701384.61 45.1
1528701394.63 45.1
1528701404.65 45.1
1528701414.67 45.1
1528701424.69 45.1
1528701434.71 45.1
1528701444.73 45.1
1528701454.75 45.1
1528701464.83 45.1
1528701474.86 45.1
1528701484.89 45.1
1528701494.9 45.1
1528701504.92 45.6
1528701514.94 44.5
1528701524.96 45.1
1528701534.98 45.1
1528701544.99 45.6
1528701555.02 45.1
1528701565.04 45.1
1528701575.05 44.5
1528701585.07 45.1
1528701595.09 45.1
1528701605.11 45.1
1528701615.13 45.1
1528701625.15 45.1
1528701635.17 45.1
1528701645.19 45.1
1528701655.21 45.1
1528701665.23 45.1
1528701675.25 45.1
1528701685.27 45.1
1528701695.29 45.1
1528701705.31 45.1
1528701715.33 45.1
1528701725.35 45.1
1528701735.37 45.1
1528701745.39 45.1
1528701755.4 45.1
1528701765.42 44.0
1528701775.44 44.5
1528701785.46 45.1
1528701795.48 45.1
1528701805.5 45.1
1528701815.52 45.1
1528701825.54 45.1
1528701835.56 45.1
1528701845.58 44.5
1528701855.6 44.0
1528701865.62 45.1
1528701875.64 44.5
1528701885.66 44.5
1528701895.68 44.5
1528701905.7 45.1
1528701915.72 44.5
1528701925.73 45.1
1528701935.75 45.1
1528701945.77 45.1
1528701955.79 45.1
1528701965.81 45.1
1528701975.83 45.1
1528701985.85 45.1
1528701995.87 44.0
1528702005.89 44.5
1528702015.9 45.6
1528702025.92 45.1
1528702035.94 45.1
1528702045.96 44.5
1528702055.98 44.5
1528702065.99 45.1
1528702076.02 45.1
1528702086.04 45.1
1528702096.06 45.1
1528702106.08 45.1
1528702116.1 45.1
1528702126.12 45.1
1528702136.14 45.1
1528702146.16 45.1
1528702156.18 45.1
1528702166.21 45.1
1528702176.23 45.1
1528702186.25 45.1
1528702196.26 45.6
1528702206.28 45.1
1528702216.3 45.1
1528702226.32 44.5
1528702236.34 44.5
1528702246.36 45.1
1528702256.38 45.1
1528702266.4 45.1
1528702276.42 44.5
1528702286.43 45.1
1528702296.45 45.1
1528702306.54 45.1
1528702316.56 45.1
1528702326.57 45.1
1528702336.6 44.5
1528702346.62 44.0
1528702356.64 44.5
1528702366.66 45.1
1528702376.68 45.1
1528702386.7 45.6
1528702396.71 45.1
1528702406.74 45.1
1528702416.76 45.1
1528702426.78 45.1
1528702436.79 45.6
1528702446.81 44.5
1528702456.83 45.1
1528702466.87 45.1
1528702476.89 45.1
1528702486.9 45.1
1528702496.93 45.6
1528702506.95 44.5
1528702516.97 44.5
1528702526.99 45.1
1528702537.01 44.5
1528702547.03 45.1
1528702557.05 45.1
1528702567.07 45.1
1528702577.09 45.1
1528702587.11 45.1
1528702597.13 45.1
1528702607.15 45.1
1528702617.17 44.5
1528702627.19 45.1
1528702637.21 45.1
1528702647.24 45.1
1528702657.25 45.1
1528702667.27 45.6
1528702677.28 45.6
1528702687.3 45.1
1528702697.33 45.1
1528702707.35 44.5
1528702717.37 45.1
1528702727.38 45.6
1528702737.4 45.1
1528702747.42 45.1
1528702757.44 45.1
1528702767.47 44.5
1528702777.48 45.1
1528702787.5 46.2
1528702797.52 44.5
1528702807.54 45.1
1528702817.56 45.1
1528702827.58 45.1
1528702837.6 45.1
1528702847.62 44.5
1528702857.64 45.1
1528702867.66 45.1
1528702877.69 45.1
1528702887.71 45.1
1528702897.73 45.1
1528702907.75 44.5
1528702917.77 45.1
1528702927.79 44.5
1528702937.81 45.1
1528702947.83 45.1
1528702957.85 45.1
1528702967.87 45.1
1528702977.89 45.1
1528702987.91 45.1
1528702997.93 45.1
1528703007.94 45.1
1528703017.97 45.1
1528703027.99 45.1
1528703038.01 44.5
1528703048.03 45.1
1528703058.05 45.1
1528703068.07 45.1
1528703078.09 44.5
1528703088.11 45.1
1528703098.13 45.1
1528703108.15 45.1
1528703118.17 45.1
1528703128.19 45.1
1528703138.21 45.1
1528703148.22 45.6
1528703158.24 45.1
1528703168.25 45.1
1528703178.27 44.5
1528703188.29 45.1
1528703198.32 45.1
1528703208.33 45.6
1528703218.36 45.1
1528703228.38 45.1
1528703238.39 45.1
1528703248.42 44.5
1528703258.44 44.5
1528703268.46 44.5
1528703278.48 45.1
1528703288.5 45.1
1528703298.52 45.1
1528703308.54 44.5
1528703318.56 45.1
1528703328.58 44.5
1528703338.6 44.0
1528703348.62 44.5
1528703358.64 45.1
1528703368.66 45.1
1528703378.68 45.1
1528703388.7 44.5
1528703398.72 45.1
1528703408.74 45.1
1528703418.76 45.1
1528703428.78 45.1
1528703438.8 45.1
1528703448.81 45.1
1528703458.84 45.1
1528703468.86 44.5
1528703478.88 45.1
1528703488.9 45.1
1528703498.92 45.1
1528703508.94 45.1
1528703518.96 45.1
1528703528.98 45.1
1528703539.0 45.1
1528703549.02 45.1
1528703559.04 45.1
1528703569.05 45.1
1528703579.07 45.1
1528703589.1 45.1
1528703599.12 45.1
1528703609.14 45.1
1528703619.16 45.1
1528703629.18 45.1
1528703639.2 45.1
1528703649.22 45.1
1528703659.24 45.1
1528703669.26 45.1
1528703679.28 45.1
1528703689.31 45.6
1528703699.33 45.1
1528703709.36 45.1
1528703719.38 45.1
1528703729.4 44.5
1528703739.42 44.5
1528703749.44 45.1
1528703759.46 44.5
1528703769.48 45.1
1528703779.5 45.1
1528703789.52 45.1
1528703799.54 45.1
1528703809.55 45.1
1528703819.57 45.1
1528703829.59 44.5
1528703839.62 45.1
1528703849.64 44.5
1528703859.66 44.5
1528703869.68 44.5
1528703879.7 45.1
1528703889.72 45.1
1528703899.74 45.1
1528703909.76 44.0
1528703919.77 45.1
1528703929.8 45.1
1528703939.82 45.1
1528703949.84 45.1
1528703959.86 44.0
1528703969.88 44.5
1528703979.9 45.1
1528703989.92 44.5
1528703999.94 45.1
1528704009.96 44.0
1528704019.97 45.1
1528704029.99 44.5
1528704040.01 44.5
1528704050.03 44.5
1528704060.05 45.1
1528704070.07 45.6
1528704080.09 45.1
1528704090.11 45.1
1528704100.13 45.1
1528704110.15 44.5
1528704120.17 45.1
1528704130.19 44.5
1528704140.21 44.0
1528704150.23 44.0
1528704160.25 45.1
1528704170.27 45.1
1528704180.29 44.5
1528704190.32 45.1
1528704200.34 45.1
1528704210.36 45.1
1528704220.38 45.1
1528704230.4 45.1
1528704240.42 45.1
1528704250.44 44.5
1528704260.46 45.1
1528704270.48 45.1
1528704280.5 45.1
1528704290.52 44.5
1528704300.54 45.1
1528704310.56 45.1
1528704320.57 45.6
1528704330.59 45.1
1528704340.61 45.1
1528704350.63 45.1
1528704360.65 45.1
1528704370.67 45.6
1528704380.68 45.6
1528704390.71 45.6
1528704400.73 45.1
1528704410.75 45.1
1528704420.77 45.6
1528704430.79 45.6
1528704440.8 46.2
1528704450.82 46.2
1528704460.85 45.1
1528704470.87 45.6
1528704480.89 46.2
1528704490.9 45.1
1528704500.92 45.6
1528704510.94 46.2
1528704520.96 45.6
1528704530.98 46.2
1528704541.0 46.2
1528704551.01 46.2
1528704561.03 45.6
1528704571.05 46.2
1528704581.06 46.2
1528704591.08 45.6
1528704601.1 46.7
1528704611.11 46.2
1528704621.14 45.6
1528704631.16 45.6
1528704641.18 45.6
1528704651.2 45.1
1528704661.22 45.6
1528704671.23 46.2
1528704681.25 45.1
1528704691.27 45.1
1528704701.28 46.2
1528704711.3 45.1
1528704721.32 45.1
1528704731.34 45.1
1528704741.35 45.1
1528704751.37 45.1
1528704761.39 45.1
1528704771.4 45.6
1528704781.42 46.2
1528704791.44 45.1
1528704801.46 46.2
1528704811.48 46.2
1528704821.49 46.2
1528704831.52 46.2
1528704841.54 46.2
1528704851.56 45.6
1528704861.58 45.1
1528704871.6 46.2
1528704881.63 45.1
1528704891.65 46.2
1528704901.67 45.6
1528704911.69 45.1
1528704921.71 45.1
1528704931.73 45.6
1528704941.75 45.1
1528704951.77 45.6
1528704961.79 45.1
1528704971.81 45.1
1528704981.83 45.1
1528704991.85 46.2
1528705001.86 46.2
1528705011.88 45.1
1528705021.9 45.6
1528705031.92 45.6
1528705041.94 45.1
1528705051.95 46.2
1528705061.97 45.6
1528705071.99 45.1
1528705082.02 45.1
1528705092.04 45.1
1528705102.06 45.1
1528705112.08 45.6
1528705122.1 45.1
1528705132.12 45.1
1528705142.14 45.1
1528705152.16 45.1
1528705162.18 45.1
1528705172.2 45.1
1528705182.22 45.1
1528705192.24 46.2
1528705202.26 45.1
1528705212.28 45.1
1528705222.3 46.7
1528705232.32 45.1
1528705242.34 46.2
1528705252.36 45.1
1528705262.38 45.1
1528705272.4 45.6
1528705282.42 45.1
1528705292.43 46.2
1528705302.45 46.2
1528705312.47 45.6
1528705322.49 45.1
1528705332.51 45.1
1528705342.53 45.1
1528705352.55 45.6
1528705362.57 45.6
1528705372.59 45.6
1528705382.61 45.1
1528705392.63 45.1
1528705402.65 45.6
1528705412.67 45.1
1528705422.69 45.6
1528705432.71 45.6
1528705442.73 45.6
1528705452.75 45.1
1528705462.77 45.1
1528705472.79 45.6
1528705482.8 46.2
1528705492.82 45.6
1528705502.84 46.2
1528705512.86 45.6
1528705522.88 45.1
1528705532.9 46.2
1528705542.92 45.6
1528705552.94 45.1
1528705562.96 45.1
1528705572.98 46.2
1528705583.0 45.6
1528705593.02 46.2
1528705603.04 45.6
1528705613.06 45.1
1528705623.08 45.6
1528705633.1 45.1
1528705643.12 46.2
1528705653.14 46.2
1528705663.15 47.2
1528705673.17 45.1
1528705683.2 46.2
1528705693.22 45.6
1528705703.24 45.1
1528705713.25 46.2
1528705723.27 46.2
1528705733.29 46.2
1528705743.31 46.2
1528705753.33 45.6
1528705763.35 45.1
1528705773.37 45.6
1528705783.39 45.6
1528705793.41 45.6
1528705803.43 45.1
1528705813.45 45.6
1528705823.46 46.2
1528705833.49 46.2
1528705843.51 46.2
1528705853.52 46.2
1528705863.54 45.6
1528705873.56 46.2
1528705883.58 45.6
1528705893.6 46.2
1528705903.61 46.2
1528705913.63 45.6
1528705923.65 45.1
1528705933.67 45.6
1528705943.69 46.2
1528705953.7 46.2
1528705963.72 45.6
1528705973.73 45.1
1528705983.75 46.2
1528705993.77 46.2
1528706003.79 46.7
1528706013.8 46.7
1528706023.82 46.2
1528706033.84 45.6
1528706043.85 46.2
1528706053.87 46.2
1528706063.88 46.2
1528706073.9 47.8
1528706083.93 45.6
1528706093.94 46.2
1528706103.96 45.6
1528706113.98 46.2
1528706124.0 46.2
1528706134.02 46.2
1528706144.03 46.2
1528706154.05 46.2
1528706164.07 46.2
1528706174.09 47.2
1528706184.1 46.2
1528706194.12 45.6
1528706204.14 46.7
1528706214.16 45.6
1528706224.18 46.2
1528706234.2 46.2
1528706244.22 47.2
1528706254.24 47.2
1528706264.25 47.2
1528706274.27 46.2
1528706284.29 46.2
1528706294.31 46.2
1528706304.32 47.2
1528706314.34 46.2
1528706324.36 46.2
1528706334.38 47.2
1528706344.4 47.2
1528706354.41 47.2
1528706364.43 47.2
1528706374.45 47.2
1528706384.47 46.2
1528706394.49 45.6
1528706404.5 46.2
1528706414.52 46.2
1528706424.53 46.2
1528706434.55 46.7
1528706444.57 46.7
1528706454.59 46.2
1528706464.61 46.7
1528706474.63 46.7
1528706484.65 46.2
1528706494.66 46.7
1528706504.68 46.2
1528706514.7 45.1
1528706524.72 45.6
1528706534.74 46.2
1528706544.77 46.2
1528706554.79 47.2
1528706564.81 46.2
1528706574.83 46.7
1528706584.85 46.7
1528706594.87 46.2
1528706604.89 46.2
1528706614.91 46.7
1528706624.93 46.2
1528706634.95 46.7
1528706644.96 46.7
1528706654.97 46.2
1528706664.99 46.2
1528706675.01 46.7
1528706685.03 46.2
1528706695.05 45.6
1528706705.07 46.2
1528706715.09 47.2
1528706725.11 46.2
1528706735.13 46.2
1528706745.15 46.7
1528706755.17 46.2
1528706765.19 46.7
1528706775.21 46.2
1528706785.23 45.6
1528706795.24 46.2
1528706805.27 46.2
1528706815.28 46.7
1528706825.3 46.2
1528706835.32 46.7
1528706845.34 46.2
1528706855.36 46.7
1528706865.38 46.2
1528706875.41 45.6
1528706885.42 46.7
1528706895.44 46.2
1528706905.46 46.2
1528706915.48 46.2
1528706925.5 46.2
1528706935.52 46.2
1528706945.54 46.2
1528706955.56 46.2
1528706965.58 45.6
1528706975.6 46.2
1528706985.62 46.2
1528706995.64 46.2
1528707005.66 45.6
1528707015.68 45.1
1528707025.7 46.2
1528707035.72 46.2
1528707045.73 45.6
1528707055.75 46.2
1528707065.77 45.6
1528707075.81 45.1
1528707085.83 46.2
1528707095.85 45.6
1528707105.87 46.2
1528707115.89 45.6
1528707125.91 45.1
1528707135.93 45.1
1528707145.95 45.6
1528707155.97 45.6
1528707165.99 45.6
1528707176.01 46.2
1528707186.03 45.6
1528707196.05 45.6
1528707206.06 46.2
1528707216.08 45.6
1528707226.1 46.2
1528707236.12 45.6
1528707246.14 45.6
1528707256.15 47.2
1528707266.17 45.6
1528707276.19 46.2
1528707286.21 45.6
1528707296.23 45.6
1528707306.24 46.2
1528707316.26 46.2
1528707326.28 46.2
1528707336.3 45.6
1528707346.32 45.6
1528707356.34 46.2
1528707366.36 45.6
1528707376.38 46.2
1528707386.39 46.2
1528707396.41 46.2
1528707406.43 46.2
1528707416.45 46.7
1528707426.47 46.2
1528707436.49 45.6
1528707446.51 46.2
1528707456.52 46.2
1528707466.54 46.2
1528707476.56 46.2
1528707486.58 47.2
1528707496.6 46.2
1528707506.62 46.2
1528707516.64 46.2
1528707526.66 46.7
1528707536.67 46.7
1528707546.69 46.2
1528707556.71 46.2
1528707566.73 46.2
1528707576.74 46.2
1528707586.76 47.2
1528707596.78 46.7
1528707606.8 46.7
1528707616.82 47.2
1528707626.84 46.2
1528707636.86 46.2
1528707646.87 47.2
1528707656.89 46.2
1528707666.91 46.2
1528707676.93 46.2
1528707686.95 46.2
1528707696.97 45.6
1528707706.99 46.7
1528707717.01 45.6
1528707727.03 47.2
1528707737.05 46.2
1528707747.07 46.2
1528707757.09 45.6
1528707767.11 46.2
1528707777.13 46.2
1528707787.15 46.2
1528707797.17 46.2
1528707807.19 46.2
1528707817.21 46.2
1528707827.23 46.2
1528707837.25 46.2
1528707847.27 46.2
1528707857.29 46.2
1528707867.3 46.2
1528707877.33 46.2
1528707887.35 45.6
1528707897.37 45.6
1528707907.39 45.6
1528707917.41 45.6
1528707927.43 45.1
1528707937.45 46.2
1528707947.47 46.2
1528707957.49 46.2
1528707967.5 46.2
1528707977.52 45.1
1528707987.55 45.6
1528707997.57 46.2
1528708007.59 45.6
1528708017.63 46.2
1528708027.65 45.6
1528708037.67 46.2
1528708047.69 46.7
1528708057.7 46.2
1528708067.72 46.2
1528708077.74 46.2
1528708087.76 47.2
1528708097.78 46.2
1528708107.8 46.2
1528708117.82 46.2
1528708127.84 45.6
1528708137.86 46.7
1528708147.88 46.7
1528708157.9 46.2
1528708167.92 46.2
1528708177.94 46.2
1528708187.96 46.7
1528708197.98 46.2
1528708208.0 46.2
1528708218.02 46.2
1528708228.04 46.2
1528708238.06 46.7
1528708248.08 45.6
1528708258.1 45.6
1528708268.12 46.2
1528708278.14 45.6
1528708288.15 46.2
1528708298.17 46.2
1528708308.18 46.2
1528708318.2 46.2
1528708328.22 46.2
1528708338.24 46.2
1528708348.26 46.2
1528708358.28 46.2
1528708368.3 46.2
1528708378.32 46.2
1528708388.34 46.2
1528708398.36 46.7
1528708408.38 46.2
1528708418.4 46.2
1528708428.41 46.2
1528708438.43 46.2
1528708448.45 46.2
1528708458.47 46.2
1528708468.5 46.2
1528708478.52 46.2
1528708488.54 46.2
1528708498.56 45.6
1528708508.58 46.2
1528708518.6 46.2
1528708528.62 47.2
1528708538.64 46.2
1528708548.65 46.7
1528708558.67 46.2
1528708568.7 45.6
1528708578.72 46.2
1528708588.74 46.2
1528708598.75 46.2
1528708608.77 46.7
1528708618.79 46.2
1528708628.8 47.2
1528708638.82 46.7
1528708648.85 47.2
1528708658.87 46.7
1528708668.89 46.2
1528708678.9 46.7
1528708688.91 46.7
1528708698.93 46.2
1528708708.95 46.7
1528708718.97 46.2
1528708728.99 46.7
1528708739.0 47.8
1528708749.02 47.2
1528708759.03 46.2
1528708769.06 46.7
1528708779.08 46.2
1528708789.1 47.2
1528708799.12 47.2
1528708809.14 46.2
1528708819.16 46.2
1528708829.18 47.2
1528708839.2 46.2
1528708849.22 47.2
1528708859.24 47.8
1528708869.25 47.8
1528708879.26 47.8
1528708889.28 47.8
1528708899.3 47.8
1528708909.31 48.3
1528708919.33 47.8
1528708929.35 48.9
1528708939.36 47.8
1528708949.38 47.8
1528708959.4 47.8
1528708969.42 47.8
1528708979.44 48.3
1528708989.46 47.2
1528708999.48 48.3
1528709009.51 47.2
1528709019.53 47.8
1528709029.54 48.3
1528709039.56 48.9
1528709049.57 48.9
1528709059.6 48.3
1528709069.62 47.8
1528709079.64 48.3
1528709089.65 47.8
1528709099.67 47.8
1528709109.7 47.8
1528709119.71 47.8
1528709129.73 47.2
1528709139.75 47.2
1528709149.76 48.3
1528709159.78 48.3
1528709169.8 48.3
1528709179.81 48.3
1528709189.83 48.9
1528709199.84 48.3
1528709209.86 48.9
1528709219.88 48.9
1528709229.9 48.3
1528709239.92 49.4
1528709249.93 47.8
1528709259.95 48.3
1528709269.97 48.3
1528709279.99 48.3
1528709290.01 47.8
1528709300.03 47.8
1528709310.06 48.3
1528709320.07 48.3
1528709330.09 48.3
1528709340.11 47.8
1528709350.12 48.3
1528709360.14 47.8
1528709370.16 48.3
1528709380.18 47.2
1528709390.2 47.2
1528709400.22 47.8
1528709410.24 47.2
1528709420.26 48.3
1528709430.28 47.2
1528709440.3 47.2
1528709450.32 47.8
1528709460.34 48.3
1528709470.35 47.2
1528709480.37 47.2
1528709490.39 47.2
1528709500.41 46.7
1528709510.43 47.8
1528709520.46 47.2
1528709530.48 47.2
1528709540.5 46.2
1528709550.52 47.2
1528709560.54 46.2
1528709570.55 47.2
1528709580.57 46.2
1528709590.59 47.2
1528709600.6 47.2
1528709610.62 47.8
1528709620.64 47.2
1528709630.66 46.2
1528709640.68 46.2
1528709650.7 46.7
1528709660.72 47.2
1528709670.74 46.7
1528709680.76 47.2
1528709690.78 47.2
1528709700.79 47.2
1528709710.81 47.2
1528709720.83 46.2
1528709730.85 46.7
1528709740.87 46.2
1528709750.88 46.2
1528709760.9 47.2
1528709770.92 46.2
1528709780.94 46.7
1528709790.96 46.2
1528709800.97 46.7
1528709810.99 47.2
1528709821.0 47.2
1528709831.02 46.2
1528709841.03 46.2
1528709851.05 47.2
1528709861.07 46.2
1528709871.09 46.2
1528709881.11 46.2
1528709891.13 46.2
1528709901.14 47.2
1528709911.17 46.2
1528709921.19 46.2
1528709931.21 46.2
1528709941.22 47.2
1528709951.23 47.2
1528709961.25 46.2
1528709971.27 46.2
1528709981.28 46.7
1528709991.3 46.2
1528710001.32 47.2
1528710011.34 47.2
1528710021.36 47.2
1528710031.38 47.8
1528710041.39 47.8
1528710051.41 47.2
1528710061.43 47.2
1528710071.45 47.8
1528710081.47 47.8
1528710091.49 47.8
1528710101.5 47.2
1528710111.53 47.2
1528710121.54 47.8
1528710131.56 47.8
1528710141.58 47.2
1528710151.6 46.7
1528710161.62 47.2
1528710171.64 47.2
1528710181.66 47.8
1528710191.67 48.3
1528710201.69 47.2
1528710211.7 47.8
1528710221.72 47.8
1528710231.73 47.8
1528710241.75 48.3
1528710251.77 47.2
1528710261.79 47.2
1528710271.81 47.2
1528710281.82 47.2
1528710291.84 48.3
1528710301.86 46.7
1528710311.88 47.8
1528710321.9 47.2
1528710331.92 47.8
1528710341.94 47.2
1528710351.96 47.8
1528710361.98 47.2
1528710372.0 47.2
1528710382.01 47.8
1528710392.03 47.2
1528710402.05 48.3
1528710412.07 47.2
1528710422.09 48.3
1528710432.1 48.3
1528710442.12 47.2
1528710452.14 48.3
1528710462.16 48.3
1528710472.17 48.3
1528710482.19 47.8
1528710492.2 48.3
1528710502.22 48.3
1528710512.23 47.8
1528710522.25 48.3
1528710532.26 48.3
1528710542.28 47.8
1528710552.3 47.8
1528710562.32 47.8
1528710572.34 47.2
1528710582.35 47.8
1528710592.37 47.8
1528710602.38 47.8
1528710612.4 47.8
1528710622.41 48.3
1528710632.43 47.2
1528710642.45 47.2
1528710652.47 47.2
1528710662.49 47.8
1528710672.5 48.3
1528710682.52 48.3
1528710692.53 47.8
1528710702.55 47.8
1528710712.57 47.8
1528710722.59 48.3
1528710732.6 48.3
1528710742.62 48.3
1528710752.64 48.3
1528710762.65 47.8
1528710772.67 48.3
1528710782.7 47.2
1528710792.72 47.2
1528710802.74 47.2
1528710812.76 47.8
1528710822.78 47.2
1528710832.79 47.2
1528710842.81 47.2
1528710852.83 47.2
1528710862.85 47.2
1528710872.87 47.8
1528710882.88 48.3
1528710892.9 47.8
1528710902.92 48.3
1528710912.94 47.2
1528710922.95 47.8
1528710932.97 48.3
1528710942.99 47.2
1528710953.02 47.8
1528710963.04 47.2
1528710973.06 47.8
1528710983.08 47.2
1528710993.1 47.2
1528711003.13 47.2
1528711013.15 48.3
1528711023.16 48.9
1528711033.18 48.3
1528711043.2 48.3
1528711053.21 47.8
1528711063.23 48.3
1528711073.24 48.9
1528711083.27 48.3
1528711093.29 47.8
1528711103.31 48.3
1528711113.33 47.8
1528711123.35 48.3
1528711133.37 47.8
1528711143.38 47.8
1528711153.4 47.8
1528711163.42 48.3
1528711173.44 48.9
1528711183.46 48.3
1528711193.48 48.3
