1528400008.25 60.1
1528400018.27 60.1
1528400028.28 60.7
1528400038.3 60.7
1528400048.32 60.1
1528400058.33 59.1
1528400068.35 59.1
1528400078.37 60.1
1528400088.38 59.6
1528400098.4 60.1
1528400108.42 60.7
1528400118.44 61.2
1528400128.46 61.2
1528400138.48 60.7
1528400148.48 60.7
1528400158.49 60.7
1528400168.51 61.2
1528400178.53 60.1
1528400188.55 60.1
1528400198.56 60.1
1528400208.58 60.1
1528400218.6 60.1
1528400228.61 60.1
1528400238.63 60.1
1528400248.65 60.1
1528400258.67 60.1
1528400268.67 60.1
1528400278.69 60.1
1528400288.71 60.1
1528400298.73 59.1
1528400308.75 59.6
1528400318.75 59.1
1528400328.77 60.1
1528400338.79 59.1
1528400348.8 59.6
1528400358.82 59.1
1528400368.83 59.1
1528400378.85 59.1
1528400388.87 59.6
1528400398.88 58.5
1528400408.9 58.5
1528400418.93 58.5
1528400428.95 58.5
1528400438.97 58.5
1528400448.99 58.0
1528400459.0 58.5
1528400469.02 58.0
1528400479.04 58.0
1528400489.06 58.0
1528400499.08 58.5
1528400509.1 57.5
1528400519.11 58.0
1528400529.13 58.0
1528400539.15 58.0
1528400549.17 58.0
1528400559.19 58.0
1528400569.21 58.0
1528400579.23 57.5
1528400589.24 58.0
1528400599.26 58.0
1528400609.27 58.0
1528400619.29 58.0
1528400629.31 57.5
1528400639.32 58.0
1528400649.34 59.1
1528400659.35 58.0
1528400669.37 58.0
1528400679.4 58.5
1528400689.41 58.5
1528400699.43 58.0
1528400709.45 58.0
1528400719.47 58.0
1528400729.48 58.0
1528400739.5 58.0
1528400749.5 58.5
1528400759.52 58.0
1528400769.54 59.1
1528400779.56 59.1
1528400789.57 59.1
1528400799.59 58.5
1528400809.6 59.1
1528400819.62 60.1
1528400829.64 59.6
1528400839.66 59.6
1528400849.68 60.1
1528400859.68 60.1
1528400869.7 60.1
1528400879.72 60.1
1528400889.73 60.1
1528400899.75 60.1
1528400909.77 60.1
1528400919.78 59.6
1528400929.8 60.7
1528400939.82 60.1
1528400949.83 60.1
1528400959.85 59.6
1528400969.87 60.1
1528400979.89 60.1
1528400989.91 60.1
1528400999.93 60.1
1528401009.95 60.1
1528401019.95 60.1
1528401029.97 60.1
1528401039.98 59.6
1528401050.0 60.1
1528401060.01 60.1
1528401070.03 60.7
1528401080.05 60.1
1528401090.05 60.1
1528401100.07 60.1
1528401110.09 59.1
1528401120.11 59.1
1528401130.13 60.1
1528401140.15 60.7
1528401150.16 60.1
1528401160.18 60.7
1528401170.2 60.7
1528401180.22 60.1
1528401190.23 60.1
1528401200.25 60.7
1528401210.27 60.7
1528401220.28 60.7
1528401230.3 60.7
1528401240.32 60.1
1528401250.33 60.7
1528401260.35 61.2
1528401270.37 60.7
1528401280.38 60.7
1528401290.4 60.7
1528401300.41 61.2
1528401310.43 61.2
1528401320.45 61.2
1528401330.46 60.7
1528401340.48 60.7
1528401350.5 60.7
1528401360.52 60.1
1528401370.53 60.7
1528401380.55 61.2
1528401390.56 60.7
1528401400.58 60.1
1528401410.6 61.2
1528401420.62 60.1
1528401430.64 60.7
1528401440.65 61.2
1528401450.67 60.1
1528401460.69 59.6
1528401470.71 59.1
1528401480.72 59.6
1528401490.73 60.1
1528401500.75 59.1
1528401510.76 60.1
1528401520.79 60.1
1528401530.81 59.1
1528401540.82 60.1
1528401550.83 60.1
1528401560.84 60.1
1528401570.86 59.1
1528401580.88 60.1
1528401590.89 60.1
1528401600.91 59.1
1528401610.92 62.3
1528401620.94 60.1
1528401630.95 60.1
1528401640.98 59.1
1528401651.0 59.6
1528401661.01 59.1
1528401671.03 59.1
1528401681.05 58.5
1528401691.06 59.1
1528401701.08 59.1
1528401711.09 58.5
1528401721.1 59.1
1528401731.12 59.1
1528401741.14 58.0
1528401751.15 59.1
1528401761.22 59.1
1528401771.25 59.1
1528401781.25 58.0
1528401791.27 59.1
1528401801.28 59.1
1528401811.3 59.1
1528401821.31 58.5
1528401831.33 58.0
1528401841.35 58.0
1528401851.36 58.0
1528401861.38 58.5
1528401871.39 58.0
1528401881.42 58.5
1528401891.43 58.0
1528401901.44 58.0
1528401911.46 58.5
1528401921.48 58.5
1528401931.5 59.1
1528401941.51 59.1
1528401951.53 59.1
1528401961.55 59.6
1528401971.57 58.5
1528401981.59 59.1
1528401991.6 58.5
1528402001.61 59.1
1528402011.63 59.1
1528402021.65 59.1
1528402031.67 59.1
1528402041.68 59.1
1528402051.7 59.1
1528402061.71 59.6
1528402071.73 59.1
1528402081.74 59.1
1528402091.75 59.1
1528402101.77 59.6
1528402111.79 59.1
1528402121.81 59.1
1528402131.83 59.1
1528402141.84 59.1
1528402151.86 59.1
1528402161.88 59.1
1528402171.89 59.1
1528402181.91 58.5
1528402191.93 59.1
1528402201.95 59.1
1528402211.96 59.1
1528402221.98 59.1
1528402232.0 58.5
1528402242.02 59.1
1528402252.04 58.5
1528402262.05 58.0
1528402272.07 59.1
1528402282.09 59.1
1528402292.1 59.1
1528402302.12 58.5
1528402312.14 58.5
1528402322.16 59.1
1528402332.18 59.1
1528402342.2 58.0
1528402352.22 58.0
1528402362.24 58.0
1528402372.25 58.5
1528402382.27 58.5
1528402392.28 59.1
1528402402.3 59.1
1528402412.32 58.5
1528402422.34 58.5
1528402432.36 58.5
1528402442.38 58.5
1528402452.4 58.5
1528402462.42 58.5
1528402472.42 59.1
1528402482.44 58.0
1528402492.46 58.5
1528402502.48 58.0
1528402512.5 58.5
1528402522.51 58.0
1528402532.54 58.0
1528402542.55 58.5
1528402552.56 58.0
1528402562.59 58.0
1528402572.61 58.0
1528402582.62 58.5
1528402592.64 59.1
1528402602.66 58.5
1528402612.68 59.1
1528402622.68 58.5
1528402632.71 59.1
1528402642.73 58.0
1528402652.75 58.5
1528402662.77 58.0
1528402672.79 58.0
1528402682.82 59.1
1528402692.84 59.1
1528402702.86 58.5
1528402712.88 59.1
1528402722.9 58.5
1528402732.92 59.1
1528402742.93 59.1
1528402752.95 59.1
1528402762.97 59.1
1528402772.98 59.1
1528402783.0 59.1
1528402793.02 59.1
1528402803.04 59.6
1528402813.05 59.1
1528402823.07 59.1
1528402833.09 58.0
1528402843.11 59.1
1528402853.13 58.5
1528402863.15 58.0
1528402873.17 60.1
1528402883.19 59.1
1528402893.2 59.1
1528402903.22 59.1
1528402913.25 58.5
1528402923.27 59.1
1528402933.28 59.6
1528402943.29 59.1
1528402953.31 59.6
1528402963.33 59.1
1528402973.34 59.6
1528402983.36 59.6
1528402993.38 60.1
1528403003.38 60.1
1528403013.4 59.6
1528403023.42 60.1
1528403033.42 59.6
1528403043.44 60.1
1528403053.46 60.1
1528403063.48 59.1
1528403073.49 59.1
1528403083.51 59.1
1528403093.53 59.6
1528403103.55 59.6
1528403113.58 59.1
1528403123.59 60.1
1528403133.61 59.1
1528403143.63 59.6
1528403153.64 60.1
1528403163.65 60.1
1528403173.68 60.7
1528403183.69 60.1
1528403193.72 60.1
1528403203.73 59.6
1528403213.75 59.6
1528403223.76 60.1
1528403233.78 59.6
1528403243.79 60.1
1528403253.8 60.1
1528403263.82 60.7
1528403273.84 60.1
1528403283.86 60.1
1528403293.88 60.1
1528403303.9 60.7
1528403313.91 60.1
1528403323.94 59.6
1528403333.95 60.1
1528403343.97 60.1
1528403353.98 59.6
1528403364.0 60.1
1528403374.02 59.1
1528403384.04 59.1
1528403394.05 60.1
1528403404.07 59.6
1528403414.09 60.1
1528403424.09 59.6
1528403434.11 59.1
1528403444.13 59.1
1528403454.15 59.6
1528403464.16 59.1
1528403474.18 60.1
1528403484.2 59.6
1528403494.21 58.5
1528403504.22 59.6
1528403514.24 59.6
1528403524.26 60.1
1528403534.28 59.1
1528403544.29 59.6
1528403554.31 60.1
1528403564.33 60.1
1528403574.34 59.6
1528403584.36 60.1
1528403594.38 59.6
1528403604.39 59.1
1528403614.41 59.1
1528403624.42 60.1
1528403634.44 59.6
1528403644.46 60.1
1528403654.47 59.1
1528403664.49 58.5
1528403674.51 59.6
1528403684.53 59.1
1528403694.53 59.1
1528403704.55 60.1
1528403714.57 59.1
1528403724.58 59.1
1528403734.6 59.1
1528403744.62 59.1
1528403754.64 59.1
1528403764.66 59.1
1528403774.67 59.1
1528403784.69 59.1
1528403794.71 59.1
1528403804.72 59.6
1528403814.74 59.1
1528403824.76 59.1
1528403834.78 59.6
1528403844.8 59.1
1528403854.82 59.1
1528403864.83 58.0
1528403874.85 59.1
1528403884.87 59.1
1528403894.87 59.1
1528403904.89 59.1
1528403914.91 59.1
1528403924.93 59.1
1528403934.94 58.5
1528403944.97 58.5
1528403954.99 59.1
1528403965.01 59.1
1528403975.02 59.6
1528403985.04 59.1
1528403995.06 59.6
1528404005.08 59.1
1528404015.09 59.1
1528404025.11 59.6
1528404035.12 58.5
1528404045.14 59.1
1528404055.16 59.1
1528404065.17 60.1
1528404075.19 59.1
1528404085.2 58.5
1528404095.22 59.6
1528404105.24 59.1
1528404115.25 59.6
1528404125.27 59.1
1528404135.28 59.1
1528404145.3 59.1
1528404155.31 59.6
1528404165.32 58.5
1528404175.35 58.0
1528404185.37 58.0
1528404195.39 58.5
1528404205.41 58.0
1528404215.42 58.5
1528404225.44 59.1
1528404235.46 58.0
1528404245.48 58.5
1528404255.5 59.1
1528404265.52 58.5
1528404275.54 59.1
1528404285.56 59.1
1528404295.58 59.1
1528404305.59 59.1
1528404315.61 58.0
1528404325.63 58.5
1528404335.65 59.1
1528404345.67 59.1
1528404355.68 59.1
1528404365.7 59.6
1528404375.72 59.1
1528404385.73 59.1
1528404395.75 58.5
1528404405.77 59.1
1528404415.78 59.6
1528404425.8 59.6
1528404435.82 60.1
1528404445.85 59.1
1528404455.88 59.1
1528404465.89 59.1
1528404475.91 59.1
1528404485.91 59.1
1528404495.93 59.1
1528404505.95 58.5
1528404515.95 59.6
1528404525.97 59.1
1528404535.99 59.1
1528404546.01 59.1
1528404556.02 58.5
1528404566.03 59.1
1528404576.05 58.5
1528404586.07 59.1
1528404596.09 59.1
1528404606.1 59.1
1528404616.11 59.1
1528404626.14 58.5
1528404636.15 58.5
1528404646.17 58.0
1528404656.19 58.5
1528404666.21 58.5
1528404676.22 58.5
1528404686.24 59.1
1528404696.25 59.1
1528404706.27 59.1
1528404716.29 58.5
1528404726.3 59.1
1528404736.32 58.5
1528404746.34 58.5
1528404756.36 58.5
1528404766.38 59.1
1528404776.39 58.5
1528404786.41 58.5
1528404796.43 58.5
1528404806.45 58.0
1528404816.47 58.5
1528404826.49 58.0
1528404836.5 58.0
1528404846.52 58.0
1528404856.53 59.1
1528404866.55 58.0
1528404876.57 59.1
1528404886.58 58.5
1528404896.59 59.1
1528404906.61 59.1
1528404916.63 59.1
1528404926.64 59.1
1528404936.66 59.1
1528404946.68 59.1
1528404956.7 59.1
1528404966.72 58.5
1528404976.73 59.1
1528404986.75 59.1
1528404996.77 58.5
1528405006.78 59.1
1528405016.81 59.1
1528405026.82 58.5
1528405036.84 58.0
1528405046.85 59.1
1528405056.88 58.5
1528405066.89 58.5
1528405076.91 59.1
1528405086.92 58.5
1528405096.94 58.0
1528405106.96 58.0
1528405116.98 58.0
1528405126.99 58.0
1528405137.01 56.9
1528405147.03 58.0
1528405157.05 58.5
1528405167.06 58.0
1528405177.08 58.0
1528405187.1 58.0
1528405197.12 58.0
