1528200006.42 49.4
1528200016.44 50.5
1528200026.45 49.4
1528200036.47 49.4
1528200046.49 49.4
1528200056.51 49.4
1528200066.53 49.4
1528200076.55 49.4
1528200086.56 49.4
1528200096.58 49.4
1528200106.6 49.4
1528200116.61 49.4
1528200126.62 48.9
1528200136.63 48.9
1528200146.65 48.9
1528200156.67 49.4
1528200166.69 49.4
1528200176.71 49.4
1528200186.72 49.4
1528200196.74 49.4
1528200206.76 49.4
1528200216.77 49.4
1528200226.79 49.9
1528200236.81 49.4
1528200246.83 49.4
1528200256.84 49.9
1528200266.86 49.4
1528200276.88 49.4
1528200286.89 49.4
1528200296.91 49.4
1528200306.93 50.5
1528200316.95 49.4
1528200326.97 49.9
1528200336.98 49.9
1528200347.0 49.4
1528200357.02 49.9
1528200367.04 49.4
1528200377.05 49.9
1528200387.06 49.4
1528200397.08 50.5
1528200407.09 50.5
1528200417.11 50.5
1528200427.13 49.4
1528200437.15 50.5
1528200447.18 49.4
1528200457.2 50.5
1528200467.21 49.4
1528200477.22 49.4
1528200487.24 49.4
1528200497.26 49.9
1528200507.27 50.5
1528200517.29 49.4
1528200527.31 49.9
1528200537.33 49.4
1528200547.34 49.4
1528200557.35 49.4
1528200567.37 49.4
1528200577.39 49.4
1528200587.41 49.9
1528200597.43 49.4
1528200607.44 49.4
1528200617.46 49.9
1528200627.47 49.4
1528200637.49 49.4
1528200647.5 49.9
1528200657.52 49.9
1528200667.53 49.4
1528200677.55 49.4
1528200687.58 49.4
1528200697.59 49.9
1528200707.61 49.9
1528200717.63 49.4
1528200727.64 50.5
1528200737.66 49.4
1528200747.68 49.9
1528200757.7 49.9
1528200767.72 49.4
1528200777.75 49.9
1528200787.77 49.4
1528200797.79 49.4
1528200807.8 49.9
1528200817.82 49.9
1528200827.84 49.9
1528200837.86 49.4
1528200847.88 50.5
1528200857.9 49.9
1528200867.92 49.9
1528200877.94 50.5
1528200887.95 49.9
1528200897.97 49.9
1528200907.99 50.5
1528200918.01 50.5
1528200928.03 49.4
1528200938.04 49.9
1528200948.06 49.9
1528200958.08 49.4
1528200968.09 49.9
1528200978.1 49.9
1528200988.12 48.9
1528200998.14 49.9
1528201008.15 49.9
1528201018.17 49.9
1528201028.18 51.0
1528201038.21 49.9
1528201048.22 49.9
1528201058.24 49.4
1528201068.26 49.4
1528201078.28 49.4
1528201088.3 50.5
1528201098.31 50.5
1528201108.33 50.5
1528201118.34 50.5
1528201128.36 50.5
1528201138.37 51.0
1528201148.39 50.5
1528201158.41 50.5
1528201168.42 49.9
1528201178.44 49.9
1528201188.47 50.5
1528201198.49 49.4
1528201208.5 50.5
1528201218.52 49.9
1528201228.54 50.5
1528201238.56 49.4
1528201248.58 50.5
1528201258.59 50.5
1528201268.61 50.5
1528201278.62 51.0
1528201288.65 50.5
1528201298.66 51.0
1528201308.68 50.5
1528201318.69 50.5
1528201328.71 51.0
1528201338.73 50.5
1528201348.75 51.0
1528201358.77 51.0
1528201368.79 51.0
1528201378.81 50.5
1528201388.83 50.5
1528201398.84 50.5
1528201408.86 50.5
1528201418.87 51.5
1528201428.89 50.5
1528201438.91 51.5
1528201448.92 50.5
1528201458.94 50.5
1528201468.95 50.5
1528201478.97 50.5
1528201488.98 50.5
1528201499.01 50.5
1528201509.03 49.9
1528201519.05 49.9
1528201529.06 51.0
1528201539.09 50.5
1528201549.1 50.5
1528201559.12 50.5
1528201569.14 50.5
1528201579.16 50.5
1528201589.18 50.5
1528201599.2 50.5
1528201609.22 50.5
1528201619.24 51.0
1528201629.26 50.5
1528201639.27 50.5
1528201649.29 50.5
1528201659.3 51.0
1528201669.32 51.5
1528201679.34 50.5
1528201689.35 50.5
1528201699.37 50.5
1528201709.4 50.5
1528201719.41 50.5
1528201729.43 51.5
1528201739.45 51.0
1528201749.47 51.5
1528201759.48 51.0
1528201769.5 51.0
1528201779.52 51.5
1528201789.53 50.5
1528201799.55 51.5
1528201809.56 50.5
1528201819.57 51.0
1528201829.59 51.5
1528201839.6 50.5
1528201849.62 51.5
1528201859.64 51.5
1528201869.65 51.5
1528201879.67 51.5
1528201889.68 51.5
1528201899.71 51.5
1528201909.72 52.1
1528201919.74 51.5
1528201929.75 51.5
1528201939.77 51.5
1528201949.79 51.5
1528201959.81 51.5
1528201969.82 51.5
1528201979.84 51.5
1528201989.85 51.5
1528201999.87 51.0
1528202009.89 51.5
1528202019.91 50.5
1528202029.92 51.5
1528202039.94 50.5
1528202049.96 52.1
1528202059.98 51.5
1528202070.0 51.5
1528202080.01 51.0
1528202090.03 51.0
1528202100.04 51.5
1528202110.05 51.0
1528202120.07 51.5
1528202130.08 51.5
1528202140.1 49.9
1528202150.11 51.5
1528202160.14 51.5
1528202170.16 51.0
1528202180.18 51.0
1528202190.2 51.5
1528202200.22 50.5
1528202210.23 51.5
1528202220.25 51.5
1528202230.26 50.5
1528202240.27 51.5
1528202250.29 51.0
1528202260.32 50.5
1528202270.34 50.5
1528202280.35 51.0
1528202290.36 50.5
1528202300.37 51.0
1528202310.39 50.5
1528202320.41 49.9
1528202330.42 50.5
1528202340.44 50.5
1528202350.45 51.0
1528202360.47 51.5
1528202370.48 51.5
1528202380.5 50.5
1528202390.52 50.5
1528202400.54 50.5
1528202410.55 51.5
1528202420.57 51.5
1528202430.59 50.5
1528202440.61 50.5
1528202450.62 52.1
1528202460.63 51.5
1528202470.65 51.5
1528202480.66 51.5
1528202490.68 52.1
1528202500.69 51.5
1528202510.71 51.0
1528202520.72 51.5
1528202530.74 51.5
1528202540.76 51.5
1528202550.77 51.5
1528202560.79 51.5
1528202570.81 51.5
1528202580.83 52.1
1528202590.84 52.1
1528202600.86 51.5
1528202610.88 51.0
1528202620.89 51.5
1528202630.9 51.5
1528202640.92 51.5
1528202650.94 51.0
1528202660.96 51.5
1528202670.98 52.1
1528202681.0 51.5
1528202691.02 52.1
1528202701.04 51.5
1528202711.05 52.6
1528202721.07 52.6
1528202731.09 52.6
1528202741.1 52.1
1528202751.11 53.2
1528202761.13 52.6
1528202771.14 52.1
1528202781.16 52.6
1528202791.17 52.1
1528202801.19 52.6
1528202811.21 52.1
1528202821.22 52.1
1528202831.25 52.1
1528202841.26 52.6
1528202851.28 52.6
1528202861.3 52.6
1528202871.32 52.6
1528202881.34 53.2
1528202891.35 52.1
1528202901.36 52.1
1528202911.38 52.1
1528202921.4 51.5
1528202931.42 52.6
1528202941.44 52.6
1528202951.45 52.1
1528202961.47 53.2
1528202971.49 52.6
1528202981.51 52.6
1528202991.53 52.6
1528203001.54 52.6
1528203011.56 52.1
1528203021.58 52.6
1528203031.6 52.6
1528203041.61 52.6
1528203051.63 52.6
1528203061.65 52.6
1528203071.66 52.1
1528203081.67 53.2
1528203091.69 52.1
1528203101.71 52.6
1528203111.73 52.6
1528203121.74 52.6
1528203131.76 52.1
1528203141.78 52.6
1528203151.8 52.1
1528203161.82 52.1
1528203171.83 52.1
1528203181.85 52.1
1528203191.87 52.1
1528203201.89 52.1
1528203211.91 52.1
1528203221.92 52.6
1528203231.95 51.5
1528203241.97 51.5
1528203251.98 52.6
1528203262.0 52.1
1528203272.02 52.1
1528203282.03 52.1
1528203292.05 51.5
1528203302.07 51.5
1528203312.09 52.1
1528203322.11 52.1
1528203332.12 51.5
1528203342.14 52.1
1528203352.16 51.5
1528203362.18 52.1
1528203372.2 52.1
1528203382.22 51.5
1528203392.23 51.5
1528203402.25 52.1
1528203412.26 52.1
1528203422.28 52.1
1528203432.31 52.1
1528203442.32 52.6
1528203452.34 52.6
1528203462.36 52.6
1528203472.37 52.6
1528203482.39 52.6
1528203492.4 53.2
1528203502.41 52.6
1528203512.43 52.6
1528203522.44 52.6
1528203532.46 53.2
1528203542.47 52.6
1528203552.49 52.6
1528203562.51 52.6
1528203572.53 53.7
1528203582.55 52.6
1528203592.57 53.2
1528203602.59 53.7
1528203612.61 53.7
1528203622.63 53.7
1528203632.64 53.7
1528203642.66 53.7
1528203652.68 53.7
1528203662.7 53.7
1528203672.71 53.7
1528203682.73 54.2
1528203692.75 54.2
1528203702.76 53.7
1528203712.78 53.7
1528203722.8 53.2
1528203732.82 53.2
1528203742.83 53.7
1528203752.86 53.7
1528203762.88 53.7
1528203772.9 53.7
1528203782.92 53.7
1528203792.94 53.7
1528203802.95 53.7
1528203812.97 53.7
1528203822.99 53.2
1528203833.01 53.7
1528203843.02 53.7
1528203853.04 53.2
1528203863.05 53.7
1528203873.07 53.7
1528203883.09 53.7
1528203893.11 53.2
1528203903.13 53.2
1528203913.14 53.7
1528203923.16 53.7
1528203933.18 53.7
1528203943.19 54.2
1528203953.21 53.2
1528203963.22 54.2
1528203973.24 54.2
1528203983.25 53.7
1528203993.27 53.7
1528204003.28 53.7
1528204013.3 54.8
1528204023.32 54.2
1528204033.33 53.7
1528204043.35 53.7
1528204053.36 53.7
1528204063.38 53.7
1528204073.39 53.7
1528204083.41 53.7
1528204093.43 53.7
1528204103.44 54.2
1528204113.46 53.7
1528204123.48 53.7
1528204133.5 53.7
1528204143.52 53.7
1528204153.53 53.7
1528204163.55 53.7
1528204173.57 53.7
1528204183.59 53.7
1528204193.61 53.7
1528204203.63 53.7
1528204213.65 52.6
1528204223.66 53.7
1528204233.68 54.2
1528204243.7 53.7
1528204253.72 53.7
1528204263.74 53.7
1528204273.76 54.2
1528204283.78 53.2
1528204293.8 53.7
1528204303.82 54.8
1528204313.84 53.7
1528204323.86 54.2
1528204333.87 54.8
1528204343.89 53.7
1528204353.9 54.8
1528204363.91 54.8
1528204373.93 54.8
1528204383.95 54.2
1528204393.97 54.8
1528204403.99 53.7
1528204414.0 54.2
1528204424.02 54.8
1528204434.04 54.8
1528204444.06 53.7
1528204454.08 55.3
1528204464.11 54.8
1528204474.12 54.8
1528204484.13 55.8
1528204494.15 55.3
1528204504.17 55.8
1528204514.18 55.8
1528204524.21 55.8
1528204534.23 55.3
1528204544.25 55.8
1528204554.26 55.3
1528204564.27 55.8
1528204574.29 55.8
1528204584.3 54.8
1528204594.32 55.3
1528204604.33 55.8
1528204614.35 55.8
1528204624.37 55.8
1528204634.39 54.8
1528204644.41 55.8
1528204654.42 55.8
1528204664.44 54.8
1528204674.46 55.8
1528204684.47 55.8
1528204694.49 55.8
1528204704.51 54.8
1528204714.53 55.3
1528204724.54 55.8
1528204734.56 54.8
1528204744.57 54.8
1528204754.59 55.8
1528204764.6 55.8
1528204774.62 55.8
1528204784.64 55.3
1528204794.66 54.8
1528204804.68 55.8
1528204814.7 55.3
1528204824.72 55.8
1528204834.73 55.8
1528204844.75 54.8
1528204854.77 55.8
1528204864.79 55.3
1528204874.81 54.8
1528204884.83 55.8
1528204894.84 55.3
1528204904.86 55.3
1528204914.87 55.3
1528204924.89 55.3
1528204934.91 55.3
1528204944.92 56.4
1528204954.94 55.8
1528204964.96 55.8
1528204974.98 55.8
1528204984.99 55.8
1528204995.01 55.8
1528205005.03 56.4
1528205015.05 56.4
1528205025.06 56.4
1528205035.09 56.9
1528205045.1 56.9
1528205055.12 56.9
1528205065.13 56.9
1528205075.15 56.9
1528205085.17 56.9
1528205095.18 56.9
1528205105.2 56.9
1528205115.22 56.9
1528205125.24 56.9
1528205135.26 56.9
1528205145.27 56.9
1528205155.28 56.4
1528205165.29 56.9
1528205175.31 56.4
1528205185.32 56.9
1528205195.35 56.4
1528205205.36 56.9
1528205215.38 56.4
1528205225.4 56.9
1528205235.42 58.0
1528205245.43 56.9
1528205255.45 56.9
1528205265.46 57.5
1528205275.48 58.0
1528205285.5 57.5
1528205295.52 58.0
1528205305.53 56.9
1528205315.55 58.0
1528205325.57 58.5
1528205335.59 57.5
1528205345.61 57.5
1528205355.63 58.0
1528205365.64 58.0
1528205375.66 56.9
1528205385.67 57.5
1528205395.69 56.9
1528205405.71 56.9
1528205415.72 56.9
1528205425.74 56.9
1528205435.75 57.5
1528205445.77 56.9
1528205455.79 56.9
1528205465.81 58.0
1528205475.83 56.4
1528205485.84 57.5
1528205495.85 58.0
1528205505.87 58.0
1528205515.89 56.9
1528205525.91 57.5
1528205535.93 56.9
1528205545.95 56.9
1528205555.96 56.9
1528205565.98 58.0
1528205576.0 58.0
1528205586.01 58.0
1528205596.03 58.0
1528205606.04 57.5
1528205616.06 58.0
1528205626.08 57.5
1528205636.09 56.9
1528205646.11 58.0
1528205656.12 58.0
1528205666.14 58.0
1528205676.16 57.5
1528205686.18 56.9
1528205696.2 56.9
1528205706.22 58.0
1528205716.24 57.5
1528205726.26 58.0
1528205736.28 58.0
1528205746.3 58.0
1528205756.31 58.0
1528205766.33 58.5
1528205776.34 58.0
1528205786.35 58.0
1528205796.37 58.0
1528205806.39 58.0
1528205816.41 58.0
1528205826.42 58.0
1528205836.44 57.5
1528205846.45 58.0
1528205856.46 58.0
1528205866.48 58.0
1528205876.49 58.0
1528205886.51 56.9
1528205896.52 58.0
1528205906.54 58.0
1528205916.55 58.0
1528205926.57 58.0
1528205936.58 58.5
1528205946.6 58.0
1528205956.62 58.0
1528205966.63 58.0
1528205976.65 58.5
1528205986.66 59.1
1528205996.67 58.0
1528206006.69 58.5
1528206016.71 58.5
1528206026.73 58.5
1528206036.74 58.0
1528206046.76 58.0
1528206056.78 58.5
1528206066.79 56.9
1528206076.81 58.0
1528206086.82 58.0
1528206096.84 58.0
1528206106.86 58.0
1528206116.87 58.5
1528206126.89 58.0
1528206136.91 58.0
1528206146.92 58.5
1528206156.94 58.5
1528206166.96 58.5
1528206176.98 58.0
1528206186.99 59.1
1528206197.0 58.5
1528206207.02 59.1
1528206217.04 59.1
1528206227.05 59.1
1528206237.06 59.1
1528206247.07 58.5
1528206257.09 58.0
1528206267.11 58.0
1528206277.12 58.5
1528206287.14 58.5
1528206297.16 58.5
1528206307.17 58.5
1528206317.19 58.0
1528206327.21 58.0
1528206337.22 58.5
1528206347.24 58.5
1528206357.25 59.1
1528206367.27 58.5
1528206377.29 58.5
1528206387.3 59.1
1528206397.32 59.1
1528206407.34 59.1
1528206417.36 59.1
1528206427.37 59.1
1528206437.39 58.5
1528206447.41 58.5
1528206457.42 58.5
1528206467.44 58.5
1528206477.46 58.0
1528206487.47 58.0
1528206497.49 58.0
1528206507.5 58.0
1528206517.52 58.0
1528206527.54 58.0
1528206537.56 58.0
1528206547.57 57.5
1528206557.58 58.0
1528206567.6 58.0
1528206577.62 58.0
1528206587.63 58.0
1528206597.64 57.5
1528206607.66 58.0
1528206617.68 56.9
1528206627.7 58.0
1528206637.71 58.0
1528206647.73 58.0
1528206657.75 56.9
1528206667.77 58.0
1528206677.78 58.0
1528206687.8 58.0
1528206697.82 58.0
1528206707.84 58.0
1528206717.86 56.9
1528206727.87 56.4
1528206737.89 58.0
1528206747.91 58.0
1528206757.93 58.0
1528206767.94 58.0
1528206777.96 57.5
1528206787.99 58.0
1528206798.0 58.0
1528206808.02 58.0
1528206818.03 58.5
1528206828.05 58.0
1528206838.07 58.0
1528206848.08 58.0
1528206858.09 58.0
1528206868.11 58.0
1528206878.13 58.0
1528206888.14 56.9
1528206898.15 59.1
1528206908.17 58.0
1528206918.19 58.0
1528206928.2 58.0
1528206938.22 58.0
1528206948.23 58.5
1528206958.25 59.6
1528206968.27 58.5
1528206978.28 59.1
1528206988.3 58.0
1528206998.32 59.1
1528207008.33 59.1
1528207018.35 58.0
1528207028.36 58.5
1528207038.38 58.5
1528207048.39 58.5
1528207058.41 58.5
1528207068.42 59.1
1528207078.45 58.5
1528207088.46 59.1
1528207098.48 59.1
1528207108.49 59.1
1528207118.5 59.1
1528207128.51 59.1
1528207138.53 59.1
1528207148.54 59.1
1528207158.56 59.1
1528207168.59 58.5
1528207178.61 58.5
1528207188.62 58.5
1528207198.64 58.0
