1529600007.87 67.1
1529600017.89 67.1
1529600027.91 67.1
1529600037.92 67.1
1529600047.94 66.6
1529600057.96 67.1
1529600067.98 67.1
1529600078.0 67.1
1529600088.02 66.6
1529600098.03 66.1
1529600108.05 66.1
1529600118.07 66.6
1529600128.09 67.1
1529600138.1 67.1
1529600148.12 67.1
1529600158.13 66.6
1529600168.15 66.6
1529600178.17 66.1
1529600188.19 66.6
1529600198.21 66.6
1529600208.23 67.1
1529600218.24 66.6
1529600228.26 67.1
1529600238.28 66.6
1529600248.3 67.1
1529600258.32 67.1
1529600268.34 67.7
1529600278.36 66.6
1529600288.38 67.1
1529600298.39 67.1
1529600308.41 66.6
1529600318.44 66.6
1529600328.45 67.1
1529600338.46 67.1
1529600348.48 67.1
1529600358.49 67.7
1529600368.51 67.1
1529600378.53 66.6
1529600388.54 66.6
1529600398.56 67.7
