1529500006.57 63.9
1529500016.59 64.5
1529500026.61 63.4
1529500036.62 63.4
1529500046.64 63.4
1529500056.66 63.9
1529500066.67 63.4
1529500076.69 63.4
1529500086.71 62.8
1529500096.73 62.3
1529500106.75 62.3
1529500116.77 62.8
1529500126.79 62.3
1529500136.81 62.8
1529500146.82 63.4
1529500156.84 63.4
1529500166.86 63.4
1529500176.88 63.9
1529500186.89 63.4
1529500196.91 63.4
1529500206.93 63.4
1529500216.95 63.4
1529500226.97 63.9
1529500236.99 63.9
1529500247.0 64.5
1529500257.02 63.4
1529500267.04 63.4
1529500277.06 63.4
1529500287.07 63.9
1529500297.09 63.4
1529500307.11 63.4
1529500317.13 64.5
1529500327.14 63.4
1529500337.15 63.9
1529500347.17 63.4
1529500357.19 64.5
1529500367.21 64.5
1529500377.22 65.0
1529500387.24 64.5
1529500397.27 63.9
1529500407.28 64.5
1529500417.3 65.0
1529500427.32 64.5
1529500437.33 64.5
1529500447.34 64.5
1529500457.35 64.5
1529500467.37 64.5
1529500477.38 64.5
1529500487.4 63.4
1529500497.42 63.9
1529500507.44 63.9
1529500517.46 63.9
1529500527.48 64.5
1529500537.49 64.5
1529500547.52 63.4
1529500557.53 64.5
1529500567.55 63.9
1529500577.57 63.4
1529500587.58 64.5
1529500597.59 65.0
1529500607.61 64.5
1529500617.63 64.5
1529500627.65 64.5
1529500637.66 64.5
1529500647.68 64.5
1529500657.7 65.0
1529500667.72 64.5
1529500677.73 65.0
1529500687.76 64.5
1529500697.77 65.0
1529500707.79 65.0
1529500717.81 64.5
1529500727.83 64.5
1529500737.84 65.0
1529500747.85 65.0
1529500757.86 64.5
1529500767.88 65.0
1529500777.9 64.5
1529500787.92 64.5
1529500797.94 63.4
1529500807.97 64.5
1529500817.98 63.4
1529500828.0 63.4
1529500838.02 64.5
1529500848.04 63.4
1529500858.06 63.9
1529500868.08 64.5
1529500878.1 63.4
1529500888.13 64.5
1529500898.15 63.9
1529500908.16 64.5
1529500918.18 64.5
1529500928.2 64.5
1529500938.22 65.0
1529500948.24 64.5
1529500958.26 65.0
1529500968.28 64.5
1529500978.3 64.5
1529500988.32 65.0
1529500998.34 64.5
1529501008.36 64.5
1529501018.38 64.5
1529501028.39 65.0
1529501038.41 65.5
1529501048.42 65.0
1529501058.45 65.0
1529501068.47 65.5
1529501078.49 65.0
1529501088.51 64.5
1529501098.53 65.0
1529501108.54 65.5
1529501118.56 65.0
1529501128.58 64.5
1529501138.61 65.0
1529501148.62 65.0
1529501158.65 64.5
1529501168.66 65.0
1529501178.68 65.0
1529501188.7 65.0
1529501198.72 65.5
1529501208.73 65.5
1529501218.75 66.1
1529501228.77 65.5
1529501238.78 65.5
1529501248.8 66.1
1529501258.82 65.5
1529501268.84 65.5
1529501278.86 65.5
1529501288.88 65.5
1529501298.91 65.5
1529501308.93 66.6
1529501318.95 65.5
1529501328.97 66.1
1529501338.99 65.5
1529501349.01 65.5
1529501359.03 66.6
1529501369.05 66.1
1529501379.07 66.6
1529501389.09 65.0
1529501399.12 65.5
1529501409.13 65.5
1529501419.15 65.5
1529501429.18 65.5
1529501439.19 66.1
1529501449.22 65.5
1529501459.24 65.5
1529501469.26 65.5
1529501479.28 65.0
1529501489.29 65.5
1529501499.31 65.5
1529501509.33 65.5
1529501519.35 65.5
1529501529.37 65.5
1529501539.39 65.5
1529501549.41 66.1
1529501559.42 65.5
1529501569.43 66.1
1529501579.46 65.5
1529501589.48 65.0
1529501599.5 65.5
1529501609.51 65.5
1529501619.53 65.5
1529501629.55 66.1
1529501639.57 66.1
1529501649.58 65.5
1529501659.6 66.1
1529501669.62 66.6
1529501679.63 65.5
1529501689.65 65.5
1529501699.67 65.5
1529501709.7 65.5
1529501719.71 66.1
1529501729.72 65.0
1529501739.74 65.5
1529501749.76 65.5
1529501759.78 65.5
1529501769.79 65.5
1529501779.81 64.5
1529501789.84 65.5
1529501799.86 65.5
1529501809.89 65.5
1529501819.9 65.5
1529501829.92 65.5
1529501839.94 66.1
1529501849.96 66.1
1529501859.98 65.5
1529501869.99 65.5
1529501880.0 65.5
1529501890.02 66.1
1529501900.03 66.1
1529501910.04 66.1
1529501920.07 66.6
1529501930.08 66.1
1529501940.1 66.6
1529501950.12 66.6
1529501960.14 67.1
1529501970.16 66.6
1529501980.17 66.6
1529501990.19 66.6
1529502000.21 66.6
1529502010.23 66.6
1529502020.24 66.6
1529502030.26 66.6
1529502040.27 67.1
1529502050.29 67.7
1529502060.3 66.6
1529502070.31 67.1
1529502080.33 67.1
1529502090.34 66.6
1529502100.36 67.7
1529502110.37 67.1
1529502120.39 66.6
1529502130.41 66.6
1529502140.42 67.1
1529502150.44 66.6
1529502160.46 66.6
1529502170.48 66.6
1529502180.49 66.6
1529502190.51 66.6
1529502200.54 66.6
1529502210.55 66.1
1529502220.57 66.6
1529502230.59 66.6
1529502240.61 66.6
1529502250.63 66.6
1529502260.65 65.5
1529502270.67 65.5
1529502280.69 66.1
1529502290.7 66.6
1529502300.73 66.6
1529502310.75 66.6
1529502320.77 66.1
1529502330.8 66.6
1529502340.82 67.1
1529502350.84 66.6
1529502360.86 66.6
1529502370.89 66.6
1529502380.9 66.6
1529502390.92 66.6
1529502400.95 66.6
1529502410.96 67.1
1529502420.99 66.6
1529502431.01 67.1
1529502441.03 66.6
1529502451.06 66.6
1529502461.07 67.1
1529502471.09 66.6
1529502481.11 66.6
1529502491.13 65.5
1529502501.16 66.1
1529502511.17 66.6
1529502521.19 65.5
1529502531.21 66.1
1529502541.23 66.6
1529502551.25 66.1
1529502561.28 66.1
1529502571.33 66.6
1529502581.34 66.6
1529502591.37 66.6
1529502601.39 66.1
1529502611.4 66.1
1529502621.42 65.5
1529502631.45 66.1
1529502641.46 66.1
1529502651.48 66.6
1529502661.5 65.5
1529502671.53 66.1
1529502681.55 65.5
1529502691.57 65.5
1529502701.59 65.0
1529502711.62 65.5
1529502721.64 65.0
1529502731.65 65.5
1529502741.67 65.5
1529502751.68 66.6
1529502761.71 65.5
1529502771.72 66.1
1529502781.74 66.1
1529502791.77 65.5
1529502801.79 65.5
1529502811.81 66.6
1529502821.83 66.1
1529502831.85 66.6
1529502841.87 66.6
1529502851.9 66.1
1529502861.92 66.6
1529502871.94 67.1
1529502881.97 66.6
1529502891.99 66.6
1529502902.0 66.1
1529502912.02 67.1
1529502922.03 67.1
1529502932.05 65.5
1529502942.07 66.6
1529502952.08 66.6
1529502962.1 66.6
1529502972.11 66.6
1529502982.14 66.6
1529502992.16 66.6
1529503002.17 66.6
1529503012.19 66.6
1529503022.21 66.6
1529503032.22 66.6
1529503042.23 66.6
1529503052.25 67.1
1529503062.27 66.6
1529503072.29 66.6
1529503082.31 66.6
1529503092.33 66.1
1529503102.35 66.6
1529503112.36 66.1
1529503122.38 66.6
1529503132.39 66.6
1529503142.41 66.6
1529503152.43 66.6
1529503162.45 66.1
1529503172.47 66.1
1529503182.49 66.6
1529503192.51 66.6
1529503202.53 67.1
