1529200005.02 55.8
1529200015.05 55.3
1529200025.06 55.3
1529200035.08 55.8
1529200045.1 55.3
1529200055.12 55.8
1529200065.13 55.8
1529200075.15 55.8
1529200085.17 54.8
1529200095.19 55.8
1529200105.22 55.3
1529200115.23 55.8
1529200125.25 55.3
1529200135.26 55.8
1529200145.28 54.8
1529200155.3 54.8
1529200165.32 55.3
1529200175.34 55.3
1529200185.36 55.3
1529200195.38 54.8
1529200205.4 54.2
1529200203.85 53.7
1529200213.87 53.7
1529200223.89 54.2
1529200233.91 53.7
1529200243.93 54.8
1529200253.95 55.3
1529200263.97 54.8
1529200273.99 54.8
1529200284.0 55.3
1529200294.02 54.8
1529200304.03 55.3
1529200314.05 55.3
1529200324.07 53.7
1529200334.09 55.3
1529200344.11 54.8
1529200354.13 54.2
1529200364.15 54.8
1529200374.16 54.2
1529200384.19 54.2
1529200394.21 53.7
1529200404.23 53.7
1529200414.25 53.7
1529200424.27 54.8
1529200434.29 53.7
1529200444.31 54.8
1529200454.33 54.2
1529200464.35 55.8
1529200474.36 54.8
1529200484.38 54.8
1529200494.4 54.2
1529200504.42 54.8
1529200514.44 54.8
1529200524.45 54.8
1529200534.47 55.3
1529200544.48 54.2
1529200554.52 54.8
1529200564.53 55.8
1529200574.54 55.8
1529200584.56 55.3
1529200594.57 55.3
1529200604.59 54.8
1529200614.61 55.3
1529200624.63 54.8
1529200634.65 54.2
1529200644.67 54.8
1529200654.69 55.8
1529200664.7 54.8
1529200674.72 55.8
1529200684.73 55.8
1529200694.76 55.8
1529200704.78 55.8
1529200714.8 55.3
1529200724.82 55.3
1529200734.83 55.8
1529200744.85 55.3
1529200754.86 55.8
1529200764.88 55.8
1529200774.9 55.8
1529200784.92 55.3
1529200794.94 55.8
1529200804.96 57.5
1529200814.98 56.4
1529200825.0 55.8
1529200835.01 55.8
1529200845.03 55.8
1529200855.05 55.8
1529200865.07 56.4
1529200875.09 55.8
1529200885.11 55.8
1529200895.12 56.4
1529200905.14 56.4
1529200915.16 56.4
1529200925.17 55.8
1529200935.19 56.4
1529200945.2 56.4
1529200955.22 55.8
1529200965.23 56.4
1529200975.25 56.4
1529200985.27 55.8
1529200995.28 55.8
1529201005.3 55.8
1529201015.32 55.3
1529201025.33 55.8
1529201035.35 55.3
1529201045.37 55.3
1529201055.39 55.8
1529201065.4 55.8
1529201075.42 55.3
1529201085.45 55.3
1529201095.46 55.3
1529201105.48 55.3
1529201115.5 55.8
1529201125.52 55.8
1529201135.54 55.8
1529201145.56 54.8
1529201155.58 55.3
1529201165.6 54.8
1529201175.61 55.3
1529201185.63 54.8
1529201195.65 55.3
1529201205.67 54.8
1529201215.69 54.8
1529201225.71 54.8
1529201235.73 54.8
1529201245.75 54.8
1529201255.76 54.8
1529201265.78 54.8
1529201275.79 55.3
1529201285.81 54.8
1529201295.83 54.8
1529201305.85 54.8
1529201315.87 55.8
1529201325.89 54.8
1529201335.9 55.8
1529201345.92 55.3
1529201355.94 54.8
1529201365.96 54.8
1529201375.98 54.8
1529201386.0 54.8
1529201396.02 54.8
1529201406.04 54.8
1529201416.06 54.8
1529201426.08 54.8
1529201436.1 55.3
1529201446.12 54.8
1529201456.13 55.3
1529201466.15 55.8
1529201476.17 54.2
1529201486.19 54.8
1529201496.21 54.8
1529201506.24 53.7
1529201516.26 54.8
1529201526.28 54.8
1529201536.3 54.2
1529201546.32 54.2
1529201556.33 53.7
1529201566.35 54.2
1529201576.37 55.3
1529201586.38 54.8
1529201596.4 54.8
1529201606.42 54.8
1529201616.44 54.8
1529201626.46 55.3
1529201636.48 54.8
1529201646.49 55.3
1529201656.51 54.8
1529201666.53 53.7
1529201676.55 54.8
1529201686.57 54.2
1529201696.59 54.8
1529201706.61 54.2
1529201716.63 54.8
1529201726.65 54.8
1529201736.66 55.3
1529201746.68 54.8
1529201756.69 54.8
1529201766.71 55.3
1529201776.73 54.2
1529201786.84 54.8
1529201796.86 55.8
1529201806.87 55.3
1529201816.89 55.3
1529201826.9 54.8
1529201836.91 55.3
1529201846.93 54.8
1529201856.95 55.8
1529201866.97 55.8
1529201876.99 54.8
1529201887.01 55.8
1529201897.03 55.3
1529201907.05 55.8
1529201917.07 55.8
1529201927.09 55.8
1529201937.11 55.8
1529201947.12 55.3
1529201957.14 55.8
1529201967.16 55.3
1529201977.18 55.8
1529201987.2 55.8
1529201997.21 55.8
1529202007.23 55.3
1529202017.25 55.3
1529202027.27 54.8
1529202037.29 55.3
1529202047.31 54.8
1529202057.33 55.3
1529202067.35 55.3
1529202077.37 55.8
1529202087.39 54.8
1529202097.4 55.8
1529202107.43 55.3
1529202117.44 55.8
1529202127.46 55.8
1529202137.48 55.3
1529202147.5 55.8
1529202157.51 55.8
1529202167.53 55.8
1529202177.55 54.8
1529202187.56 55.8
1529202197.58 55.8
1529202207.6 55.8
1529202217.62 55.8
1529202227.63 55.8
1529202237.65 55.3
1529202247.67 55.8
1529202257.68 55.8
1529202267.7 56.4
1529202277.72 55.8
1529202287.74 55.3
1529202297.76 55.3
1529202307.78 56.4
1529202317.8 55.8
1529202327.82 55.3
1529202337.83 56.4
1529202347.85 55.8
1529202357.87 55.8
1529202367.89 55.8
1529202377.9 55.8
1529202387.92 55.8
1529202397.94 55.3
1529202407.96 56.4
1529202417.98 55.8
1529202428.0 55.3
1529202438.01 55.8
1529202448.03 55.8
1529202458.05 54.8
1529202468.06 54.8
1529202478.08 55.3
1529202488.09 55.3
1529202498.11 54.8
1529202508.14 55.3
1529202518.16 54.8
1529202528.19 54.2
1529202538.21 55.8
1529202548.23 54.8
1529202558.24 55.3
1529202568.28 54.8
1529202578.29 54.8
1529202588.31 55.3
1529202598.34 54.2
1529202608.36 53.7
1529202618.39 54.8
1529202628.41 54.8
1529202638.42 54.8
1529202648.44 54.8
1529202658.46 54.8
1529202668.47 54.8
1529202678.5 54.8
1529202688.52 53.7
1529202698.53 54.2
1529202708.55 53.7
1529202718.57 54.2
1529202728.59 53.7
1529202738.61 53.7
1529202748.63 54.8
1529202758.65 54.8
1529202768.68 53.7
1529202778.7 54.2
1529202788.72 54.8
1529202798.74 54.8
1529202808.77 54.2
1529202818.78 54.8
1529202828.8 54.8
1529202838.81 54.8
1529202848.83 55.3
1529202858.85 54.8
1529202868.87 55.3
1529202878.88 54.8
1529202888.9 54.2
1529202898.92 54.8
1529202908.94 54.2
1529202918.96 53.7
1529202928.97 53.7
1529202938.99 55.3
1529202949.01 53.2
1529202959.02 54.2
1529202969.05 53.7
1529202979.07 53.7
1529202989.09 53.7
1529202999.11 53.7
1529203009.13 53.7
1529203019.15 54.8
1529203029.17 53.7
1529203039.19 53.7
1529203049.21 54.2
1529203059.22 54.2
1529203069.23 54.8
1529203079.25 53.7
1529203089.27 53.7
1529203099.29 54.8
1529203109.3 54.2
1529203119.32 53.7
1529203129.33 54.8
1529203139.35 54.2
1529203149.37 53.7
1529203159.39 53.7
1529203169.42 53.7
1529203179.44 53.7
1529203189.46 53.7
1529203199.48 53.7
1529203209.5 53.7
1529203219.51 53.7
1529203229.54 54.2
1529203239.56 54.2
1529203249.58 53.7
1529203259.6 53.2
1529203269.62 53.7
1529203279.63 53.7
1529203289.65 53.2
1529203299.67 54.2
1529203309.68 54.2
1529203319.71 53.7
1529203329.73 53.7
1529203339.76 53.7
1529203349.78 53.2
1529203359.81 53.7
1529203369.84 53.7
1529203379.86 53.2
1529203389.88 53.2
1529203399.9 53.7
1529203409.92 53.7
1529203419.94 53.7
1529203429.95 54.2
1529203439.98 54.2
1529203449.99 53.7
1529203460.01 53.7
1529203470.03 53.2
1529203480.05 53.7
1529203490.07 53.7
1529203500.09 53.7
1529203510.11 53.7
1529203520.13 53.2
1529203530.15 53.7
1529203540.17 53.7
1529203550.19 54.2
1529203560.2 54.2
1529203570.22 53.7
1529203580.24 53.2
1529203590.26 52.6
1529203600.28 53.7
1529203610.3 53.7
1529203620.32 53.2
1529203630.34 52.6
1529203640.36 52.6
1529203650.38 53.7
1529203660.39 53.2
1529203670.41 52.6
1529203680.43 52.6
1529203690.45 53.7
1529203700.47 52.6
1529203710.49 52.6
1529203720.51 52.6
1529203730.53 52.1
1529203740.55 51.5
1529203750.57 51.5
1529203760.58 52.6
1529203770.6 52.1
1529203780.62 53.2
1529203790.64 52.1
1529203800.66 52.1
1529203810.68 52.1
1529203820.7 52.6
1529203830.72 52.6
1529203840.74 52.6
1529203850.75 53.2
1529203860.78 52.1
1529203870.8 52.1
1529203880.82 52.1
1529203890.84 52.1
1529203900.86 51.5
1529203910.88 52.1
1529203920.9 52.1
1529203930.92 52.1
1529203940.94 51.5
1529203950.95 52.1
1529203960.97 52.1
1529203970.99 51.5
1529203981.02 51.5
1529203991.04 52.1
1529204001.06 51.5
1529204011.08 51.5
1529204021.1 52.1
1529204031.12 52.1
1529204041.14 51.5
1529204051.15 52.6
1529204061.18 51.5
1529204071.2 51.5
1529204081.22 52.1
1529204091.24 51.5
1529204101.26 52.1
1529204111.28 51.5
1529204121.3 51.5
1529204131.32 51.5
1529204141.33 52.6
1529204151.35 52.6
1529204161.36 52.6
1529204171.38 52.6
1529204181.4 52.6
1529204191.41 52.1
1529204201.43 52.1
1529204211.45 53.2
1529204221.47 53.2
1529204231.49 51.5
1529204241.5 52.6
1529204251.52 52.1
1529204261.54 52.1
1529204271.56 52.6
1529204281.58 52.1
1529204291.6 52.1
1529204301.62 51.5
1529204311.64 52.1
1529204321.66 52.1
1529204331.68 52.1
1529204341.7 51.5
1529204351.71 52.1
1529204361.73 52.6
1529204371.75 51.5
1529204381.78 52.1
1529204391.8 51.5
1529204401.81 52.6
