1529100004.77 62.3
1529100014.79 65.0
1529100024.81 62.3
1529100034.82 63.9
1529100044.84 62.8
1529100054.86 62.3
1529100064.88 63.4
1529100074.89 63.4
1529100084.91 62.8
1529100094.93 63.4
1529100104.95 62.3
1529100114.96 62.3
1529100124.98 62.8
1529100134.99 62.8
1529100145.01 63.4
1529100155.02 62.3
1529100165.04 63.4
1529100175.06 62.8
1529100185.08 63.4
1529100195.09 63.4
1529100205.11 63.4
1529100215.13 63.4
1529100225.15 63.4
1529100235.16 63.4
1529100245.18 63.4
1529100255.2 62.8
1529100265.22 62.8
1529100275.23 63.4
1529100285.25 63.4
1529100295.27 63.4
1529100305.28 63.4
1529100315.29 63.4
1529100325.31 63.4
1529100335.32 62.8
1529100345.34 62.3
1529100355.35 62.3
1529100365.37 62.8
1529100375.38 62.3
1529100385.4 62.8
1529100395.42 62.3
1529100405.43 62.8
1529100415.45 62.8
1529100425.47 62.8
1529100435.49 62.8
1529100445.5 62.3
1529100455.52 62.8
1529100465.54 62.8
1529100475.56 62.8
1529100485.57 62.8
1529100495.59 62.3
1529100505.6 62.3
1529100515.62 61.8
1529100525.64 62.3
1529100535.66 62.3
1529100545.67 62.3
1529100555.69 62.3
1529100565.7 61.8
1529100575.72 62.3
1529100585.74 62.3
1529100595.76 61.8
1529100605.77 61.2
1529100615.8 61.8
1529100625.82 62.3
1529100635.83 62.3
1529100645.85 61.2
1529100655.87 62.3
1529100665.88 61.2
1529100675.89 61.8
1529100685.91 61.8
1529100695.92 61.2
1529100705.94 61.8
1529100715.96 61.2
1529100725.98 61.2
1529100735.99 61.2
1529100746.01 61.2
1529100756.03 60.7
1529100766.05 61.2
1529100776.07 61.2
1529100786.09 61.2
1529100796.1 61.8
1529100806.12 61.2
1529100816.13 61.2
1529100826.15 61.8
1529100836.17 61.2
1529100846.18 61.2
1529100856.2 61.2
1529100866.21 61.8
1529100876.23 61.2
1529100886.24 61.2
1529100896.26 61.2
1529100906.28 61.2
1529100916.29 61.2
1529100926.31 62.3
1529100936.33 61.2
1529100946.34 61.8
1529100956.35 61.8
1529100966.37 62.3
1529100976.38 61.8
1529100986.41 61.8
1529100996.43 61.2
1529101006.44 62.3
1529101016.46 61.8
1529101026.48 62.3
1529101036.49 61.8
1529101046.51 61.8
1529101056.53 61.2
1529101066.54 61.2
1529101076.56 61.2
1529101086.57 61.8
1529101096.59 60.7
1529101106.61 61.2
1529101116.62 61.2
1529101126.64 61.2
1529101136.65 61.2
1529101146.67 61.2
1529101156.69 60.7
1529101166.7 61.2
1529101176.71 61.8
1529101186.72 61.2
1529101196.73 61.8
1529101206.75 61.8
1529101216.77 61.2
1529101226.79 61.8
1529101236.8 62.3
1529101246.82 61.2
1529101256.84 61.2
1529101266.86 61.8
1529101276.87 62.3
1529101286.89 61.2
1529101296.9 61.2
1529101306.92 61.2
1529101316.93 61.8
1529101326.95 61.2
1529101336.97 60.7
1529101346.98 61.2
1529101357.0 61.8
1529101367.02 61.2
1529101377.04 62.3
1529101387.06 61.8
1529101397.08 61.2
1529101407.09 61.8
1529101417.11 62.3
1529101427.12 61.8
1529101437.13 61.8
1529101447.15 62.3
1529101457.16 61.8
1529101467.17 61.2
1529101477.19 61.8
1529101487.21 61.8
1529101497.23 61.8
1529101507.24 61.8
1529101517.26 61.8
1529101527.27 61.2
1529101537.28 61.8
1529101547.3 61.2
1529101557.32 61.2
1529101567.33 61.2
1529101577.35 61.2
1529101587.37 61.8
1529101597.39 61.2
1529101607.41 61.2
1529101617.43 61.8
1529101627.45 60.7
1529101637.47 61.8
1529101647.49 61.2
1529101657.51 61.8
1529101667.52 62.3
1529101677.54 62.3
1529101687.55 62.3
1529101697.57 61.2
1529101707.58 62.3
1529101717.6 62.3
1529101727.61 62.3
1529101737.63 61.8
1529101747.65 61.8
1529101757.67 62.3
1529101767.68 61.2
1529101777.7 61.2
1529101787.71 61.2
1529101797.72 61.2
1529101807.74 61.8
1529101817.76 60.7
1529101827.78 61.2
1529101837.8 60.7
1529101847.82 60.1
1529101857.83 60.7
1529101867.85 60.1
1529101877.87 60.1
1529101887.89 60.7
1529101897.91 60.7
1529101907.93 60.7
1529101917.94 59.6
1529101927.96 60.1
1529101937.98 60.1
1529101948.0 60.1
1529101958.01 60.7
1529101968.03 60.1
1529101978.05 60.7
1529101988.07 60.7
1529101998.09 60.7
1529102008.11 60.7
1529102018.12 60.1
1529102028.14 60.1
1529102038.16 60.1
1529102048.18 60.7
1529102058.2 60.1
1529102068.22 59.6
1529102078.23 60.1
1529102088.25 60.1
1529102098.27 60.1
1529102108.28 60.1
1529102118.3 60.1
1529102128.31 60.7
1529102138.34 60.1
1529102148.35 60.1
1529102158.37 59.1
1529102168.38 59.1
1529102178.39 59.1
1529102188.41 59.1
1529102198.43 59.1
1529102208.45 59.1
1529102218.47 59.1
1529102228.49 59.1
1529102238.51 59.1
1529102248.52 59.6
1529102258.54 59.6
1529102268.56 59.1
1529102278.58 58.5
1529102288.6 59.1
1529102298.62 59.6
1529102308.64 59.1
1529102318.65 59.1
1529102328.68 59.1
1529102338.69 59.1
1529102348.71 59.1
1529102358.73 59.1
1529102368.74 60.1
1529102378.76 60.1
1529102388.77 59.6
1529102398.79 60.1
1529102408.8 60.1
1529102418.83 60.1
1529102428.84 60.1
1529102438.86 60.1
1529102448.88 60.7
1529102458.89 60.1
1529102468.91 60.1
1529102478.93 60.1
1529102488.94 60.7
1529102498.96 61.2
1529102508.98 61.2
1529102518.99 60.1
1529102529.01 60.1
1529102539.02 60.1
1529102549.04 60.7
1529102559.06 60.7
1529102569.07 60.7
1529102579.08 60.7
1529102589.1 60.7
1529102599.11 60.1
1529102609.13 61.2
1529102619.14 60.1
1529102629.16 61.2
1529102639.17 60.7
1529102649.18 60.7
1529102659.19 61.2
1529102669.21 61.2
1529102679.22 61.2
1529102689.23 60.7
1529102699.24 61.2
1529102709.26 61.2
1529102719.28 60.7
1529102729.3 61.2
1529102739.31 61.2
1529102749.33 60.7
1529102759.34 60.7
1529102769.36 61.2
1529102779.38 60.1
1529102789.39 61.2
1529102799.41 60.7
1529102809.42 61.2
1529102819.44 60.7
1529102829.46 60.7
1529102839.48 61.2
1529102849.5 61.2
1529102859.51 60.1
1529102869.53 60.1
1529102879.55 60.7
1529102889.56 60.1
1529102899.58 60.1
1529102909.6 60.7
1529102919.61 60.1
1529102929.63 60.7
1529102939.64 60.1
1529102949.66 60.7
1529102959.67 60.1
1529102969.69 60.1
1529102979.7 60.7
1529102989.72 61.2
1529102999.73 60.1
1529103009.75 61.2
1529103019.76 61.8
1529103029.77 60.7
1529103039.79 60.1
1529103049.81 61.2
1529103059.82 61.2
1529103069.84 61.2
1529103079.85 61.8
1529103089.87 60.7
1529103099.89 61.2
1529103109.9 61.2
1529103119.92 60.7
1529103129.94 60.7
1529103139.95 60.1
1529103149.97 61.8
1529103159.98 60.7
1529103170.0 61.2
1529103180.02 60.7
1529103190.03 61.2
1529103200.05 60.7
1529103210.07 60.1
1529103220.09 60.1
1529103230.1 60.7
1529103240.12 60.1
1529103250.14 59.6
1529103260.15 60.7
1529103270.17 60.1
1529103280.2 60.1
1529103290.21 60.1
1529103300.23 60.7
1529103310.25 60.7
1529103320.26 60.1
1529103330.28 60.7
1529103340.3 60.7
1529103350.31 60.7
1529103360.33 60.1
1529103370.35 60.1
1529103380.37 60.7
1529103390.39 60.7
1529103400.41 60.7
1529103410.42 60.1
1529103420.44 60.1
1529103430.45 60.7
1529103440.47 60.7
1529103450.48 60.7
1529103460.49 60.7
1529103470.51 60.1
1529103480.52 60.7
1529103490.54 60.1
1529103500.56 60.1
1529103510.57 60.1
1529103520.59 60.1
1529103530.61 60.7
1529103540.62 59.1
1529103550.63 60.1
1529103560.64 60.1
1529103570.66 60.7
1529103580.67 60.1
1529103590.68 60.7
1529103600.69 60.1
