1529300004.6 49.9
1529300014.63 50.5
1529300024.64 50.5
1529300034.66 50.5
1529300044.68 50.5
1529300054.7 50.5
1529300064.71 51.5
1529300074.73 51.0
1529300084.75 49.9
1529300094.77 50.5
1529300104.78 51.5
1529300114.8 50.5
1529300124.82 50.5
1529300134.85 51.0
1529300144.86 49.4
1529300154.88 49.9
1529300164.91 50.5
1529300174.92 50.5
1529300184.94 50.5
1529300194.96 50.5
1529300204.98 50.5
1529300215.01 49.4
1529300225.03 49.9
1529300235.04 51.5
1529300245.06 50.5
1529300255.08 50.5
1529300265.1 49.9
1529300275.12 49.9
1529300285.14 50.5
1529300295.16 51.0
1529300305.18 50.5
1529300315.2 50.5
1529300325.22 50.5
1529300335.25 49.4
1529300345.27 50.5
1529300355.29 50.5
1529300365.31 50.5
1529300375.33 50.5
1529300385.35 50.5
1529300395.38 50.5
1529300405.41 50.5
1529300415.43 50.5
1529300425.45 50.5
1529300435.46 50.5
1529300445.49 51.0
1529300455.5 51.5
1529300465.52 50.5
1529300475.54 50.5
1529300485.57 50.5
1529300495.59 50.5
1529300505.61 49.9
1529300515.62 51.5
1529300525.64 50.5
1529300535.66 51.5
1529300545.68 51.5
1529300555.7 50.5
1529300565.72 51.0
1529300575.74 50.5
1529300585.76 51.5
1529300595.79 51.0
1529300605.81 50.5
1529300615.82 50.5
1529300625.84 51.0
1529300635.86 51.0
1529300645.88 50.5
1529300655.91 51.5
1529300665.93 50.5
1529300675.96 51.0
1529300685.98 51.0
1529300696.01 50.5
1529300706.03 51.5
1529300716.05 50.5
1529300726.07 51.0
1529300736.09 51.5
1529300746.11 51.5
1529300756.13 51.5
1529300766.15 51.0
1529300776.16 51.5
1529300786.19 51.5
1529300796.21 51.5
1529300806.22 51.5
1529300816.24 51.5
1529300826.27 51.0
1529300836.29 51.5
1529300846.31 52.1
1529300856.32 52.1
1529300866.34 51.5
1529300876.35 52.1
1529300886.37 51.5
1529300896.39 51.5
1529300906.4 51.0
1529300916.43 51.5
1529300926.44 51.5
1529300936.46 52.1
1529300946.47 51.5
1529300956.49 51.5
1529300966.51 52.1
1529300976.52 51.5
1529300986.54 51.0
1529300996.56 50.5
1529301006.58 52.1
1529301016.6 50.5
1529301026.63 51.5
1529301036.65 51.5
1529301046.67 51.5
1529301056.69 51.5
1529301066.71 51.5
1529301076.73 51.5
1529301086.76 51.0
1529301096.77 51.5
1529301106.78 51.5
1529301116.8 51.0
1529301126.82 51.5
1529301136.85 51.5
1529301146.87 51.5
1529301156.88 52.1
1529301166.9 51.5
1529301176.92 52.1
1529301186.94 51.5
1529301196.96 50.5
1529301206.98 50.5
1529301217.0 51.0
1529301227.02 50.5
1529301237.05 50.5
1529301247.07 50.5
1529301257.08 51.0
1529301267.11 50.5
1529301277.13 52.1
1529301287.15 50.5
1529301297.17 50.5
1529301307.19 50.5
1529301317.22 50.5
1529301327.24 50.5
1529301337.25 51.5
1529301347.27 51.5
1529301357.28 51.0
1529301367.3 51.0
1529301377.32 51.0
1529301387.34 50.5
1529301397.37 50.5
1529301407.39 50.5
1529301417.41 51.0
1529301427.43 50.5
1529301437.46 49.9
1529301447.48 50.5
1529301457.49 49.9
1529301467.51 50.5
1529301477.53 49.9
1529301487.55 49.9
1529301497.57 50.5
1529301507.6 50.5
1529301517.62 49.9
1529301527.63 51.0
1529301537.65 51.0
1529301547.67 50.5
1529301557.68 52.1
1529301567.71 50.5
1529301577.73 50.5
1529301587.75 50.5
1529301597.76 50.5
1529301607.79 52.6
1529301617.81 51.0
1529301627.83 51.5
1529301637.85 51.0
1529301647.87 50.5
1529301657.89 51.5
1529301667.91 51.0
1529301677.93 50.5
1529301687.95 51.0
1529301697.97 50.5
1529301707.99 51.0
1529301718.0 49.9
1529301728.02 49.4
1529301738.05 49.9
1529301748.07 49.9
1529301758.09 50.5
1529301768.1 50.5
1529301778.12 50.5
1529301788.15 50.5
1529301798.17 50.5
1529301808.19 50.5
1529301818.21 50.5
1529301828.22 49.9
1529301838.24 50.5
1529301848.26 49.9
1529301858.28 50.5
1529301868.3 49.4
1529301878.32 50.5
1529301888.35 50.5
1529301898.37 49.9
1529301908.39 50.5
1529301918.41 49.9
1529301928.43 49.9
1529301938.44 49.9
1529301948.46 50.5
1529301958.48 50.5
1529301968.5 49.4
1529301978.52 49.9
1529301988.54 51.0
1529301998.56 50.5
1529302008.58 50.5
1529302018.6 50.5
1529302028.62 49.9
1529302038.64 51.0
1529302048.66 49.9
1529302058.67 49.9
1529302068.7 49.9
1529302078.71 50.5
1529302088.73 50.5
1529302098.76 49.4
1529302108.78 49.9
1529302118.8 49.9
1529302128.82 50.5
1529302138.84 49.9
1529302148.85 49.9
1529302158.88 49.9
1529302168.9 50.5
1529302178.92 49.9
1529302188.94 49.4
1529302198.96 49.9
1529302208.98 50.5
1529302219.01 50.5
1529302229.03 49.9
1529302239.04 49.9
1529302249.07 49.4
1529302259.08 50.5
1529302269.11 50.5
1529302279.13 49.9
1529302289.15 50.5
1529302299.17 50.5
1529302309.19 50.5
1529302319.21 50.5
1529302329.23 50.5
1529302339.26 49.4
1529302349.28 50.5
1529302359.29 49.9
1529302369.32 50.5
1529302379.34 50.5
1529302389.36 50.5
1529302399.38 50.5
1529302409.41 49.9
1529302419.42 50.5
1529302429.44 50.5
1529302439.46 49.4
1529302449.48 50.5
1529302459.5 49.9
1529302469.52 50.5
1529302479.54 50.5
1529302489.56 49.9
1529302499.58 50.5
1529302509.6 50.5
1529302519.61 51.0
1529302529.64 49.9
1529302539.66 50.5
1529302549.69 50.5
1529302559.71 50.5
1529302569.73 49.9
1529302579.76 49.9
1529302589.77 50.5
1529302599.79 49.9
1529302609.81 50.5
1529302619.83 50.5
1529302629.84 51.0
1529302639.85 49.4
1529302649.88 49.9
1529302659.9 49.4
1529302669.92 49.9
1529302679.94 50.5
1529302689.95 49.9
1529302699.98 49.4
1529302710.0 49.9
1529302720.02 49.4
1529302730.04 50.5
1529302740.06 49.4
1529302750.09 49.9
1529302760.11 49.9
1529302770.13 49.4
1529302780.15 50.5
1529302790.17 50.5
1529302800.19 51.0
1529302810.21 50.5
1529302820.23 50.5
1529302830.25 49.9
1529302840.27 50.5
1529302850.28 50.5
1529302860.3 50.5
1529302870.32 50.5
1529302880.35 49.4
1529302890.37 49.9
1529302900.4 49.9
1529302910.41 50.5
1529302920.43 50.5
1529302930.45 50.5
1529302940.47 49.9
1529302950.49 51.5
1529302960.51 50.5
1529302970.52 51.5
1529302980.54 49.9
1529302990.56 50.5
1529303000.58 50.5
1529303010.6 51.5
1529303020.61 51.5
1529303030.63 49.9
1529303040.66 50.5
1529303050.68 50.5
1529303060.7 50.5
1529303070.71 50.5
1529303080.74 51.0
1529303090.76 50.5
1529303100.77 50.5
1529303110.79 51.5
1529303120.81 50.5
1529303130.83 51.0
1529303140.85 50.5
1529303150.86 50.5
1529303160.88 50.5
1529303170.91 51.0
1529303180.92 51.5
1529303190.94 50.5
1529303200.97 51.5
1529303210.99 50.5
1529303221.01 50.5
1529303231.03 50.5
1529303241.05 50.5
1529303251.07 49.9
1529303261.09 50.5
1529303271.11 51.0
1529303281.13 50.5
1529303291.15 50.5
1529303301.17 51.5
1529303311.18 51.5
1529303321.2 51.0
1529303331.22 51.5
1529303341.24 51.5
1529303351.25 51.5
1529303361.27 52.1
1529303371.29 50.5
1529303381.31 50.5
1529303391.34 50.5
1529303401.37 49.9
1529303411.38 51.0
1529303421.4 51.5
1529303431.42 50.5
1529303441.44 51.5
1529303451.45 50.5
1529303461.47 50.5
1529303471.49 50.5
1529303481.51 50.5
1529303491.53 50.5
1529303501.54 50.5
1529303511.56 50.5
1529303521.58 51.0
1529303531.59 50.5
1529303541.61 51.0
1529303551.64 50.5
1529303561.66 50.5
1529303571.67 49.9
1529303581.7 49.9
1529303591.72 50.5
1529303601.73 50.5
1529303611.75 50.5
1529303621.76 50.5
1529303631.79 49.9
1529303641.81 49.4
1529303651.83 49.4
1529303661.85 50.5
1529303671.86 50.5
1529303681.9 49.9
1529303691.92 51.5
1529303701.94 50.5
1529303711.97 49.9
1529303721.98 49.9
1529303732.0 49.9
1529303742.03 50.5
1529303752.04 51.0
1529303762.06 49.9
1529303772.08 49.9
1529303782.11 49.9
1529303792.13 49.4
1529303802.14 50.5
1529303812.16 49.9
1529303822.18 50.5
1529303832.2 50.5
1529303842.22 50.5
1529303852.24 50.5
1529303862.27 50.5
1529303872.29 51.0
1529303882.31 50.5
1529303892.33 51.5
1529303902.35 50.5
1529303912.37 50.5
1529303922.39 49.4
1529303932.41 49.9
1529303942.43 49.9
1529303952.46 49.9
1529303962.48 49.9
1529303972.49 50.5
1529303982.53 49.9
1529303992.55 49.9
1529304002.57 50.5
1529304012.59 49.4
1529304022.6 49.9
1529304032.63 49.9
1529304042.65 49.9
1529304052.67 49.4
1529304062.69 49.4
1529304072.71 49.4
1529304082.73 49.4
1529304092.75 49.4
1529304102.77 49.4
1529304112.79 49.4
1529304122.82 49.9
1529304132.84 49.4
1529304142.85 50.5
1529304152.86 49.4
1529304162.89 49.4
1529304172.92 49.4
1529304182.94 49.9
1529304192.96 49.4
1529304202.97 51.5
1529304212.99 49.4
1529304223.01 49.9
1529304233.03 49.4
1529304243.05 50.5
1529304253.07 49.4
1529304263.09 49.9
1529304273.11 49.4
1529304283.12 49.9
1529304293.14 49.9
1529304303.15 49.4
1529304313.17 50.5
1529304323.19 49.4
1529304333.21 49.4
1529304343.23 49.4
1529304353.25 49.4
1529304363.28 49.4
1529304373.3 50.5
1529304383.32 49.9
1529304393.34 49.9
1529304403.36 49.4
1529304413.38 50.5
1529304423.4 49.9
1529304433.42 49.4
1529304443.43 50.5
1529304453.46 49.9
1529304463.47 50.5
1529304473.48 49.4
1529304483.51 49.4
1529304493.53 49.4
1529304503.55 49.4
1529304513.57 49.4
1529304523.59 49.4
1529304533.61 49.4
1529304543.63 49.4
1529304553.65 49.4
1529304563.67 49.9
1529304573.69 49.4
1529304583.7 49.4
1529304593.73 49.4
1529304603.75 49.4
1529304613.77 49.4
1529304623.79 49.9
1529304633.8 49.4
1529304643.82 49.9
1529304653.84 49.4
1529304663.86 49.4
1529304673.87 49.4
1529304683.89 49.4
1529304693.92 49.4
1529304703.94 49.4
1529304713.95 49.4
1529304723.96 49.4
1529304733.98 49.4
1529304744.0 48.9
1529304754.03 49.4
1529304764.05 49.4
1529304774.07 49.9
1529304784.09 49.4
1529304794.11 49.4
1529304804.14 48.3
1529304814.15 48.9
1529304824.18 49.4
1529304834.2 49.4
1529304844.21 49.4
1529304854.24 49.4
1529304864.26 49.4
1529304874.28 49.4
1529304884.3 49.4
1529304894.32 49.4
1529304904.34 48.9
1529304914.36 49.4
1529304924.38 49.4
1529304934.39 49.4
1529304944.42 49.4
1529304954.43 49.9
1529304964.45 49.4
1529304974.48 49.4
1529304984.51 49.4
1529304994.53 49.4
1529305004.55 49.4
1529305014.57 49.4
1529305024.59 48.9
1529305034.61 49.4
1529305044.64 49.4
1529305054.66 49.4
1529305064.68 49.4
1529305074.7 49.4
1529305084.72 49.4
1529305094.74 49.4
1529305104.77 49.4
1529305114.79 48.9
1529305124.81 48.9
1529305134.82 49.4
1529305144.84 49.4
1529305154.87 49.4
1529305164.89 49.4
1529305174.91 48.9
1529305184.93 49.4
1529305194.94 50.5
1529305204.96 49.9
1529305214.98 49.4
1529305224.99 49.4
1529305235.02 49.4
1529305245.04 49.4
1529305255.06 49.4
1529305265.08 49.4
1529305275.1 49.4
1529305285.12 49.4
1529305295.14 49.4
1529305305.16 49.4
1529305315.18 49.4
1529305325.2 49.9
1529305335.22 48.9
1529305345.24 49.9
1529305355.26 49.4
1529305365.27 49.4
1529305375.29 49.4
1529305385.32 49.4
1529305395.34 49.4
1529305405.36 49.4
1529305415.38 49.4
1529305425.4 49.4
1529305435.42 49.4
1529305445.44 49.4
1529305455.46 49.9
1529305465.48 49.4
1529305475.51 49.4
1529305485.53 49.4
1529305495.55 49.4
1529305505.57 49.4
1529305515.6 48.3
1529305525.62 49.4
1529305535.64 49.4
1529305545.67 49.4
1529305555.69 49.4
1529305565.7 49.4
1529305575.72 49.4
1529305585.75 48.9
1529305595.76 49.4
1529305605.78 48.3
1529305615.81 48.3
1529305625.83 48.3
1529305635.84 49.4
1529305645.86 49.9
1529305655.88 48.9
1529305665.9 49.4
1529305675.92 49.4
1529305685.95 49.4
1529305695.97 48.9
1529305705.99 49.4
1529305716.01 49.4
1529305726.03 48.9
1529305736.04 48.3
1529305746.07 48.9
1529305756.09 49.4
1529305766.11 48.9
1529305776.13 49.4
1529305786.15 49.9
1529305796.16 49.4
1529305806.19 49.4
1529305816.21 49.4
1529305826.23 49.4
1529305836.25 48.9
1529305846.27 48.3
1529305856.29 48.9
1529305866.32 48.9
1529305876.33 49.9
1529305886.35 49.4
1529305896.37 49.4
1529305906.39 48.9
1529305916.41 49.4
1529305926.44 49.4
1529305936.46 49.4
1529305946.47 49.4
1529305956.49 49.9
1529305966.52 49.4
1529305976.54 49.4
1529305986.56 48.9
1529305996.58 49.4
1529306006.6 48.3
1529306016.62 49.4
1529306026.64 48.9
1529306036.66 48.9
1529306046.69 49.4
1529306056.7 49.4
1529306066.72 49.9
1529306076.74 49.4
1529306086.76 49.4
1529306096.78 48.9
1529306106.8 49.4
1529306116.82 49.4
1529306126.84 48.3
1529306136.86 49.4
1529306146.87 49.4
1529306156.9 49.4
1529306166.91 49.4
1529306176.93 48.9
1529306186.95 48.9
1529306196.97 49.4
1529306207.0 49.4
1529306217.02 48.3
1529306227.04 49.4
1529306237.05 49.4
1529306247.07 49.4
1529306257.1 49.4
1529306267.12 49.4
1529306277.14 48.9
1529306287.16 49.4
1529306297.18 48.3
1529306307.2 48.3
1529306317.22 49.4
1529306327.24 49.4
1529306337.26 49.4
1529306347.27 49.4
1529306357.29 49.4
1529306367.32 49.4
1529306377.34 49.4
1529306387.36 49.4
1529306397.38 48.3
1529306407.4 48.9
1529306417.42 48.3
1529306427.44 49.4
1529306437.47 49.4
1529306447.49 48.9
1529306457.51 48.9
1529306467.53 49.4
1529306477.55 49.4
1529306487.56 48.9
1529306497.59 48.3
1529306507.61 48.9
1529306517.63 49.4
1529306527.65 48.9
1529306537.67 49.4
1529306547.69 49.4
1529306557.71 49.4
1529306567.73 49.4
1529306577.76 49.4
1529306587.78 48.9
1529306597.8 48.3
1529306607.81 49.4
1529306617.84 49.4
1529306627.86 48.9
1529306637.88 49.4
1529306647.9 48.3
1529306657.92 48.9
1529306667.94 49.4
1529306677.96 49.4
1529306687.98 49.4
1529306698.0 49.4
1529306708.02 49.4
1529306718.04 48.9
1529306728.06 48.9
1529306738.09 49.4
1529306748.1 48.9
1529306758.12 48.9
1529306768.14 49.4
1529306778.17 49.4
1529306788.19 49.4
1529306798.21 48.9
1529306808.23 48.9
1529306818.25 48.9
1529306828.27 49.4
1529306838.29 48.9
1529306848.32 49.4
1529306858.34 49.4
1529306868.37 49.4
1529306878.39 49.4
1529306888.41 49.4
1529306898.43 49.4
1529306908.46 49.4
1529306918.48 49.4
1529306928.5 49.4
1529306938.52 49.4
1529306948.54 49.4
1529306958.56 49.4
1529306968.59 49.4
1529306978.61 49.4
1529306988.63 48.9
1529306998.65 48.3
1529307008.67 49.4
1529307018.7 49.4
1529307028.72 48.9
1529307038.74 49.4
1529307048.75 49.4
1529307058.78 49.4
1529307068.81 49.4
1529307078.83 49.4
1529307088.85 49.4
1529307098.87 49.4
1529307108.89 49.4
1529307118.91 49.4
1529307128.94 48.9
1529307138.96 49.4
1529307148.98 49.4
1529307159.0 49.4
1529307169.02 49.4
1529307179.04 49.4
1529307189.06 49.4
1529307199.09 49.4
1529307209.11 49.4
1529307219.12 49.4
1529307229.15 49.4
1529307239.17 49.4
1529307249.19 49.4
1529307259.21 49.4
1529307269.23 49.9
1529307279.25 49.4
1529307289.27 49.4
1529307299.29 48.9
1529307309.31 49.4
1529307319.33 49.4
1529307329.36 48.3
1529307339.38 49.4
1529307349.4 49.4
1529307359.41 49.9
1529307369.44 49.4
1529307379.45 49.4
1529307389.46 49.4
1529307399.48 49.4
1529307409.5 49.4
1529307419.52 49.4
1529307429.53 49.9
1529307439.56 49.4
1529307449.58 49.4
1529307459.6 49.4
1529307469.62 49.4
1529307479.64 49.4
1529307489.66 49.4
1529307499.68 48.9
1529307509.7 48.9
1529307519.72 49.4
1529307529.75 49.4
1529307539.77 49.4
1529307549.79 49.4
1529307559.81 49.4
1529307569.83 50.5
1529307579.84 49.9
1529307589.86 49.9
1529307599.88 49.4
1529307609.9 49.4
1529307619.92 49.4
1529307629.94 49.4
1529307639.96 49.4
1529307649.99 49.4
1529307660.01 48.9
1529307670.03 49.4
1529307680.05 49.4
1529307690.07 49.4
1529307700.08 49.9
1529307710.1 49.4
1529307720.13 49.4
1529307730.14 50.5
1529307740.16 49.4
1529307750.18 48.9
1529307760.21 49.4
1529307770.23 49.4
1529307780.25 49.4
1529307790.27 49.4
1529307800.29 49.4
1529307810.31 49.4
1529307820.33 49.4
1529307830.35 49.4
1529307840.37 49.9
1529307850.39 49.9
1529307860.41 49.4
1529307870.42 49.4
1529307880.45 49.4
1529307890.47 49.4
1529307900.49 49.4
1529307910.51 49.4
1529307920.54 49.9
1529307930.57 49.4
1529307940.59 49.4
1529307950.61 49.4
1529307960.63 49.4
1529307970.65 49.4
1529307980.67 49.4
1529307990.7 49.4
1529308000.72 49.9
1529308010.74 49.9
1529308020.76 49.4
1529308030.78 49.4
1529308040.81 48.9
1529308050.83 49.4
1529308060.85 49.4
1529308070.87 49.4
1529308080.9 48.3
1529308090.92 49.4
1529308100.93 49.9
1529308110.95 49.4
1529308120.97 48.9
1529308130.99 49.4
1529308141.02 48.3
1529308151.04 48.3
1529308161.07 49.4
1529308171.09 49.4
1529308181.11 49.4
1529308191.13 48.9
1529308201.15 49.4
1529308211.17 49.4
1529308221.2 49.4
1529308231.21 49.9
1529308241.23 49.4
1529308251.26 49.4
1529308261.28 49.9
1529308271.3 49.4
1529308281.32 49.4
1529308291.34 49.4
1529308301.36 49.4
1529308311.38 49.4
1529308321.41 49.4
1529308331.43 49.4
1529308341.45 49.4
1529308351.47 49.9
1529308361.5 49.4
1529308371.51 49.4
1529308381.53 49.4
1529308391.56 49.4
1529308401.58 49.4
1529308411.6 49.4
1529308421.62 50.5
1529308431.64 49.4
1529308441.66 49.4
1529308451.68 49.4
1529308461.7 49.9
1529308471.72 49.9
1529308481.74 49.4
1529308491.76 49.4
1529308501.78 49.4
1529308511.81 49.9
1529308521.83 49.4
1529308531.85 49.4
1529308541.87 49.9
1529308551.89 49.4
1529308561.91 49.4
1529308571.93 49.4
1529308581.95 49.4
1529308591.97 49.9
1529308601.99 49.4
1529308612.01 49.9
1529308622.03 49.9
1529308632.05 49.4
1529308642.08 49.4
1529308652.1 49.4
1529308662.12 49.4
1529308672.14 49.9
1529308682.16 49.4
1529308692.18 49.4
1529308702.2 49.4
1529308712.22 49.4
1529308722.25 49.4
1529308732.27 49.4
1529308742.28 49.9
1529308752.3 49.9
1529308762.32 49.4
1529308772.35 49.4
1529308782.36 50.5
1529308792.38 49.9
1529308802.4 51.0
1529308812.42 50.5
1529308822.44 50.5
1529308832.46 49.4
1529308842.48 49.4
1529308852.5 50.5
1529308862.52 49.9
1529308872.55 49.9
1529308882.57 49.9
1529308892.59 49.9
1529308902.62 49.4
1529308912.64 50.5
1529308922.66 49.9
1529308932.68 49.4
1529308942.71 49.4
1529308952.73 49.9
1529308962.75 49.4
1529308972.77 49.9
1529308982.79 49.4
1529308992.81 49.4
1529309002.83 49.9
1529309012.84 49.4
1529309022.86 49.4
1529309032.88 49.4
1529309042.9 49.9
1529309052.92 49.9
1529309062.95 49.4
1529309072.96 49.9
1529309082.98 49.4
1529309093.01 49.4
1529309103.03 49.4
1529309113.05 49.4
1529309123.07 49.9
1529309133.09 49.4
1529309143.11 49.4
1529309153.13 50.5
1529309163.15 49.4
1529309173.17 49.4
1529309183.18 49.4
1529309193.2 49.4
1529309203.23 49.4
1529309213.25 49.4
1529309223.27 49.4
1529309233.29 49.4
1529309243.31 49.4
1529309253.32 48.3
1529309263.35 49.4
1529309273.37 49.4
1529309283.39 49.4
1529309293.41 49.4
1529309303.43 49.4
1529309313.45 49.4
1529309323.47 49.4
1529309333.49 49.4
1529309343.52 49.4
1529309353.54 49.4
1529309363.56 49.4
1529309373.58 49.4
1529309383.6 48.9
1529309393.63 49.4
1529309403.65 48.9
1529309413.66 49.9
1529309423.69 49.4
1529309433.71 49.4
1529309443.72 50.5
1529309453.74 49.4
1529309463.76 49.4
1529309473.78 49.9
1529309483.8 49.4
1529309493.81 49.4
1529309503.83 49.9
1529309513.85 49.4
1529309523.87 49.4
1529309533.88 49.4
1529309543.9 49.4
1529309553.93 49.4
1529309563.95 49.4
1529309573.96 49.4
1529309583.99 49.4
1529309594.0 49.4
1529309604.02 49.4
1529309614.05 49.4
1529309624.07 49.4
1529309634.09 49.4
1529309644.11 48.9
1529309654.13 49.4
1529309664.15 49.4
1529309674.16 49.4
1529309684.18 49.4
1529309694.2 49.4
1529309704.22 48.9
1529309714.24 49.4
1529309724.26 49.4
1529309734.29 49.4
1529309744.31 49.4
1529309754.33 49.4
1529309764.35 49.4
1529309774.37 49.4
1529309784.39 49.4
1529309794.41 49.4
1529309804.42 49.4
1529309814.44 49.4
1529309824.46 49.4
1529309834.48 50.5
1529309844.49 49.4
1529309854.51 50.5
1529309864.53 49.4
1529309874.55 49.4
1529309884.56 49.9
1529309894.58 49.4
1529309904.6 49.9
1529309914.62 49.4
1529309924.64 49.4
1529309934.66 49.9
1529309944.68 49.9
1529309954.7 49.4
1529309964.72 49.9
1529309974.73 49.4
1529309984.76 49.4
1529309994.78 49.4
1529310004.8 49.9
1529310014.82 49.4
1529310024.84 49.4
1529310034.87 49.4
1529310044.89 49.4
1529310054.91 49.4
1529310064.93 49.4
1529310074.95 49.9
1529310084.97 49.4
1529310094.99 49.4
1529310105.01 49.4
1529310115.04 49.4
1529310125.06 49.9
1529310135.08 50.5
1529310145.1 49.9
1529310155.11 49.4
1529310165.14 49.4
1529310175.16 49.9
1529310185.18 49.4
1529310195.2 49.4
1529310205.21 49.4
1529310215.24 49.4
1529310225.25 50.5
1529310235.27 49.4
1529310245.29 49.4
1529310255.32 49.4
1529310265.34 49.4
1529310275.36 49.4
1529310285.38 49.4
1529310295.4 49.4
1529310305.42 49.4
1529310315.44 49.4
1529310325.47 49.4
1529310335.48 49.4
1529310345.51 49.4
1529310355.53 49.4
1529310365.55 49.9
1529310375.57 49.4
1529310385.59 49.9
1529310395.61 48.9
1529310405.63 49.9
1529310415.65 49.9
1529310425.67 49.4
1529310435.68 49.4
1529310445.7 49.4
1529310455.73 49.4
1529310465.75 49.4
1529310475.77 50.5
1529310485.78 49.9
1529310495.81 49.9
1529310505.83 49.4
1529310515.85 49.4
1529310525.86 49.9
1529310535.88 49.4
1529310545.9 49.4
1529310555.92 49.4
1529310565.94 49.4
1529310575.96 49.4
1529310585.98 49.4
1529310595.99 49.4
1529310606.02 49.4
1529310616.03 49.4
1529310626.04 49.4
1529310636.06 49.4
1529310646.08 49.9
1529310656.09 49.4
1529310666.12 49.4
1529310676.14 49.4
1529310686.16 49.4
1529310696.17 49.4
1529310706.2 49.4
1529310716.22 48.9
1529310726.24 49.4
1529310736.26 49.4
1529310746.28 49.4
1529310756.3 49.4
1529310766.33 49.4
1529310776.34 49.4
1529310786.36 48.9
1529310796.38 49.9
1529310806.4 49.4
1529310816.42 49.4
1529310826.44 50.5
1529310836.46 49.4
1529310846.49 49.9
1529310856.5 50.5
1529310866.52 49.4
1529310876.54 49.4
1529310886.57 49.4
1529310896.59 49.4
1529310906.61 49.4
1529310916.63 49.4
1529310926.65 49.4
1529310936.66 49.4
1529310946.69 49.4
1529310956.71 49.4
1529310966.73 49.4
1529310976.75 49.4
1529310986.76 49.4
1529310996.79 49.4
1529311006.81 48.9
1529311016.82 49.9
1529311026.84 49.4
1529311036.87 49.4
1529311046.89 48.9
1529311056.91 49.4
1529311066.93 49.4
1529311076.95 49.4
1529311086.96 49.4
1529311096.99 49.4
1529311107.01 49.4
1529311117.02 49.4
1529311127.05 49.4
1529311137.07 49.4
1529311147.09 49.4
1529311157.11 48.9
1529311167.13 49.4
1529311177.15 49.4
1529311187.18 49.4
1529311197.2 49.4
1529311207.22 49.4
1529311217.24 49.4
1529311227.25 49.4
1529311237.27 49.4
1529311247.29 49.4
1529311257.31 49.4
1529311267.33 49.9
1529311277.35 48.9
1529311287.38 48.9
1529311297.39 49.4
1529311307.41 49.4
1529311317.43 49.4
1529311327.45 49.4
1529311337.48 49.4
1529311347.49 49.9
1529311357.51 49.4
1529311367.53 49.4
1529311377.55 49.4
1529311387.57 49.4
1529311397.6 49.9
1529311407.61 50.5
1529311417.63 49.4
1529311427.66 49.4
1529311437.68 48.9
1529311447.7 49.4
1529311457.72 49.4
1529311467.75 50.5
1529311477.77 49.4
1529311487.78 49.4
1529311497.81 49.9
1529311507.83 49.4
1529311517.85 49.4
1529311527.87 49.4
1529311537.89 49.4
1529311547.91 49.4
1529311557.93 49.4
1529311567.95 49.4
1529311577.97 49.4
1529311587.99 49.4
1529311598.01 50.5
1529311608.03 49.4
1529311618.05 49.4
1529311628.07 49.4
1529311638.09 49.4
1529311648.11 49.4
1529311658.13 49.4
1529311668.15 49.4
1529311678.17 49.4
1529311688.19 49.4
1529311698.2 49.9
1529311708.21 49.4
1529311718.23 48.9
1529311728.26 49.4
1529311738.28 49.4
1529311748.29 49.9
1529311758.31 49.4
1529311768.34 49.4
1529311778.36 49.4
1529311788.37 49.4
1529311798.39 49.4
1529311808.42 49.4
1529311818.44 49.4
1529311828.46 49.4
1529311838.48 49.4
1529311848.49 49.9
1529311858.51 49.4
1529311868.53 50.5
1529311878.56 49.9
1529311888.58 49.4
1529311898.59 50.5
1529311908.62 50.5
1529311918.64 49.9
1529311928.66 49.4
1529311938.7 51.0
1529311948.72 50.5
1529311958.74 49.4
1529311968.76 49.9
1529311978.77 49.4
1529311988.79 49.4
1529311998.82 50.5
1529312008.84 49.4
1529312018.85 50.5
1529312028.87 50.5
1529312038.89 49.4
1529312048.92 49.4
1529312058.95 49.4
1529312068.97 49.9
1529312078.99 49.4
1529312089.02 49.9
1529312099.04 50.5
1529312109.06 49.4
1529312119.08 49.4
1529312129.1 49.9
1529312139.12 49.4
1529312149.15 49.4
1529312159.17 49.9
1529312169.19 49.9
1529312179.21 49.4
1529312189.23 49.9
1529312199.25 49.4
1529312209.27 49.4
1529312219.29 49.4
1529312229.32 49.4
1529312239.34 49.4
1529312249.36 49.9
1529312259.38 50.5
1529312269.4 49.4
1529312279.42 49.9
1529312289.44 49.4
1529312299.46 49.9
1529312309.48 49.4
1529312319.5 49.4
1529312329.53 49.9
1529312339.54 50.5
1529312349.56 49.9
1529312359.58 50.5
1529312369.6 51.5
1529312379.62 51.0
1529312389.64 50.5
1529312399.66 49.4
1529312409.68 50.5
1529312419.7 50.5
1529312429.72 50.5
1529312439.75 49.4
1529312449.77 49.4
1529312459.78 50.5
1529312469.8 49.9
1529312479.83 49.4
1529312489.84 50.5
1529312499.86 49.9
1529312509.88 49.9
1529312519.9 49.4
1529312529.92 49.9
1529312539.94 50.5
1529312549.96 50.5
1529312559.98 49.9
1529312570.0 49.4
1529312580.02 49.9
1529312590.04 49.9
1529312600.06 49.9
1529312610.08 50.5
1529312620.1 50.5
1529312630.12 50.5
1529312640.14 49.4
1529312650.16 49.4
1529312660.18 49.9
1529312670.2 50.5
1529312680.22 50.5
1529312690.25 49.9
1529312700.26 50.5
1529312710.28 49.4
1529312720.3 50.5
1529312730.32 50.5
1529312740.34 49.9
1529312750.36 50.5
1529312760.38 50.5
1529312770.4 51.0
1529312780.42 51.0
1529312790.44 50.5
1529312800.45 51.0
1529312810.48 51.0
1529312820.5 50.5
1529312830.52 51.5
1529312840.53 51.5
1529312850.56 51.0
1529312860.58 51.5
1529312870.59 51.5
1529312880.61 51.5
1529312890.62 51.5
1529312900.64 51.0
1529312910.66 51.5
1529312920.68 51.5
1529312930.7 51.5
1529312940.72 51.5
1529312950.74 51.5
1529312960.76 51.5
1529312970.78 51.5
1529312980.8 51.5
1529312990.82 51.5
1529313000.84 51.5
1529313010.85 51.0
1529313020.87 52.1
1529313030.89 51.5
1529313040.9 51.5
1529313050.92 52.1
1529313060.94 52.1
1529313070.96 52.1
1529313080.98 51.5
1529313091.0 51.5
1529313101.01 52.1
1529313111.03 51.5
1529313121.05 51.5
1529313131.06 51.5
1529313141.08 52.1
1529313151.11 51.5
1529313161.12 50.5
1529313171.14 51.5
1529313181.16 51.0
1529313191.17 50.5
1529313201.19 52.1
1529313211.21 51.5
1529313221.23 51.5
1529313231.25 51.5
1529313241.27 52.1
1529313251.29 52.6
1529313261.31 51.5
1529313271.34 52.1
1529313281.36 51.5
1529313291.38 51.5
1529313301.4 52.1
1529313311.42 50.5
1529313321.44 52.1
1529313331.46 51.5
1529313341.47 51.5
1529313351.5 51.5
1529313361.51 52.6
1529313371.54 51.5
1529313381.55 52.6
1529313391.57 51.5
1529313401.59 52.1
1529313411.6 51.5
1529313421.62 51.5
1529313431.64 51.5
1529313441.66 52.1
1529313451.67 52.1
1529313461.69 52.1
1529313471.71 51.5
1529313481.73 52.6
1529313491.75 51.5
1529313501.77 51.0
1529313511.79 51.5
1529313521.81 51.5
1529313531.83 52.1
1529313541.85 52.1
1529313551.87 52.1
1529313561.88 52.6
1529313571.9 52.6
1529313581.92 52.6
1529313591.93 52.6
1529313601.95 52.6
1529313611.97 53.2
1529313621.99 52.6
1529313632.0 52.6
1529313642.02 52.1
1529313652.03 52.6
1529313662.06 52.6
1529313672.08 52.1
1529313682.1 52.6
1529313692.12 52.6
1529313702.14 52.6
1529313712.16 52.6
1529313722.18 52.6
1529313732.2 52.6
1529313742.22 51.5
1529313752.24 52.1
1529313762.26 51.5
1529313772.28 51.5
1529313782.3 52.6
1529313792.32 52.6
1529313802.34 51.5
1529313812.36 52.1
1529313822.37 52.6
1529313832.4 51.5
1529313842.41 52.6
1529313852.43 52.1
1529313862.45 52.6
1529313872.47 52.1
1529313882.48 52.1
1529313892.5 51.5
1529313902.52 51.5
1529313912.55 52.6
1529313922.57 51.5
1529313932.58 52.1
1529313942.6 52.1
1529313952.62 52.1
1529313962.64 52.6
1529313972.66 51.5
1529313982.67 52.1
1529313992.69 52.6
1529314002.71 52.6
1529314012.73 52.1
1529314022.75 51.5
1529314032.77 52.1
1529314042.78 52.6
1529314052.8 53.7
1529314062.82 52.1
1529314072.84 51.5
1529314082.86 52.1
1529314092.88 52.1
1529314102.9 51.5
1529314112.92 51.5
1529314122.94 52.1
1529314132.96 51.5
1529314142.98 52.1
1529314153.0 52.1
1529314163.02 52.1
1529314173.04 51.5
1529314183.05 52.1
1529314193.07 51.5
1529314203.1 51.5
1529314213.12 51.5
1529314223.13 52.1
1529314233.16 50.5
1529314243.18 51.5
1529314253.21 50.5
1529314263.22 51.5
1529314273.24 51.5
1529314283.27 51.0
1529314293.29 51.0
1529314303.31 51.0
1529314313.33 50.5
1529314323.35 50.5
1529314333.37 50.5
1529314343.39 51.5
1529314353.41 50.5
1529314363.44 51.5
1529314373.46 51.5
1529314383.48 52.6
1529314393.56 50.5
1529314403.58 51.5
1529314413.6 51.0
1529314423.61 51.5
1529314433.63 51.5
1529314443.65 51.5
1529314453.67 51.0
1529314463.7 51.5
1529314473.71 52.1
1529314483.74 51.5
1529314493.77 51.0
1529314503.79 50.5
1529314513.81 50.5
1529314523.82 52.6
1529314533.85 51.5
1529314543.86 51.5
1529314553.88 52.1
1529314563.9 51.5
1529314573.92 51.5
1529314583.93 52.6
1529314593.96 51.0
1529314603.97 51.5
1529314613.99 51.5
1529314624.01 51.5
1529314634.03 51.0
1529314644.06 51.0
1529314654.07 50.5
1529314664.1 51.0
1529314674.11 51.5
1529314684.12 51.5
1529314694.14 52.1
1529314704.16 51.5
1529314714.18 52.1
1529314724.2 51.5
1529314734.21 52.1
1529314744.23 51.5
1529314754.25 52.1
1529314764.27 52.1
1529314774.29 51.5
1529314784.3 52.1
1529314794.33 51.5
1529314804.35 51.5
1529314814.36 52.1
1529314824.38 51.5
1529314834.4 52.1
1529314844.42 52.1
1529314854.44 51.5
1529314864.47 52.6
1529314874.48 53.7
1529314884.5 52.6
1529314894.52 52.1
1529314904.54 52.1
1529314914.56 52.6
1529314924.57 52.1
1529314934.59 52.6
1529314944.61 52.1
1529314954.64 52.6
1529314964.65 53.2
1529314974.67 53.2
1529314984.69 52.6
1529314994.71 52.6
1529315004.73 52.6
1529315014.75 52.6
1529315024.77 52.6
1529315034.79 52.6
1529315044.81 52.6
1529315054.83 53.2
1529315064.84 53.7
1529315074.86 53.2
1529315084.88 53.2
1529315094.89 52.6
1529315104.91 53.7
1529315114.93 53.7
1529315124.95 53.7
1529315134.96 53.2
1529315144.99 53.7
1529315155.01 53.7
1529315165.03 53.2
1529315175.05 53.7
1529315185.07 53.7
1529315195.09 53.2
1529315205.1 52.6
1529315215.13 52.6
1529315225.14 53.2
1529315235.16 53.7
1529315245.18 52.1
1529315255.2 53.2
1529315265.21 52.6
1529315275.23 52.6
1529315285.24 52.1
1529315295.26 53.2
1529315305.28 53.2
1529315315.3 52.1
1529315325.32 52.6
1529315335.34 52.6
1529315345.35 53.2
1529315355.37 53.2
1529315365.39 52.6
1529315375.41 52.6
1529315385.43 53.2
1529315395.45 53.2
1529315405.47 53.7
1529315415.5 53.2
1529315425.53 53.7
1529315435.55 53.7
1529315445.57 52.6
1529315455.59 52.6
1529315465.61 53.2
1529315475.62 53.7
1529315485.65 52.6
1529315495.66 53.2
1529315505.68 52.6
1529315515.7 53.2
1529315525.71 53.2
1529315535.73 53.7
1529315545.75 52.6
1529315555.76 52.1
1529315565.78 52.6
1529315575.8 52.6
1529315585.82 52.6
1529315595.84 52.6
1529315605.86 53.2
1529315615.88 53.2
1529315625.9 52.6
1529315635.91 53.7
1529315645.93 52.6
1529315655.96 53.2
1529315665.97 53.7
1529315675.99 53.2
1529315686.01 53.2
1529315696.03 53.7
1529315706.04 53.7
1529315716.06 52.6
1529315726.08 52.6
1529315736.11 52.6
1529315746.13 53.7
1529315756.14 53.7
1529315766.16 53.2
1529315776.18 52.6
1529315786.2 53.2
1529315796.22 53.2
1529315806.25 53.2
1529315816.27 52.6
1529315826.29 53.2
1529315836.3 53.7
1529315846.33 52.6
1529315856.35 52.6
1529315866.36 53.7
1529315876.38 53.2
1529315886.4 53.7
1529315896.42 53.7
1529315906.44 53.2
1529315916.45 53.7
1529315926.48 53.2
1529315936.49 53.7
1529315946.51 53.7
1529315956.53 53.2
1529315966.55 52.6
1529315976.57 52.6
1529315986.59 52.6
1529315996.61 52.6
