1529900005.05 54.2
1529900015.07 54.2
1529900025.08 53.7
1529900035.1 54.2
1529900045.11 53.7
1529900055.14 53.7
1529900065.16 53.7
1529900075.18 53.7
1529900085.2 53.7
1529900095.21 53.7
1529900105.22 54.8
1529900115.24 53.7
1529900125.26 53.7
1529900135.28 53.7
1529900145.29 53.7
1529900155.31 53.7
1529900165.33 53.7
1529900175.35 53.7
1529900185.37 53.7
1529900195.39 53.7
1529900205.4 53.7
1529900215.42 53.7
1529900225.44 52.6
1529900235.46 52.6
1529900245.48 53.2
1529900255.5 53.2
1529900265.52 52.6
1529900275.54 52.6
1529900285.56 53.7
1529900295.58 52.6
1529900305.6 52.1
1529900315.62 52.6
1529900325.64 52.6
1529900335.66 53.2
1529900345.68 53.2
1529900355.7 52.6
1529900365.73 52.6
1529900375.75 52.6
1529900385.77 53.2
1529900395.79 53.7
1529900405.81 53.7
1529900415.83 53.7
1529900425.84 53.7
1529900435.86 53.2
1529900445.87 53.7
1529900455.89 53.7
1529900465.91 54.2
1529900475.93 53.7
1529900485.94 53.7
1529900495.96 53.7
1529900505.98 53.7
1529900516.0 53.7
1529900526.02 53.2
1529900536.04 52.6
1529900546.06 53.2
1529900556.09 53.2
1529900566.11 53.2
1529900576.13 53.7
1529900586.15 52.6
1529900596.17 53.2
1529900606.19 52.6
1529900616.21 53.7
1529900626.23 53.2
1529900636.24 53.7
1529900646.26 53.7
1529900656.28 52.6
1529900666.31 53.7
1529900676.33 53.7
1529900686.35 53.2
1529900696.36 53.2
1529900706.38 53.7
1529900716.4 53.7
1529900726.41 53.7
1529900736.43 53.7
1529900746.45 53.7
1529900756.46 53.7
1529900766.47 53.7
1529900776.49 53.7
1529900786.51 53.7
1529900796.53 53.2
1529900806.54 53.7
1529900816.56 53.7
1529900826.59 53.7
1529900836.61 53.7
1529900846.62 53.2
1529900856.64 53.7
1529900866.67 52.6
1529900876.68 52.6
1529900886.7 53.7
1529900896.72 52.6
1529900906.74 53.2
1529900916.76 52.6
1529900926.79 52.6
1529900936.81 52.6
1529900946.83 53.2
1529900956.85 52.6
1529900966.87 52.6
1529900976.89 52.6
1529900986.91 52.6
1529900996.93 52.1
1529901006.95 53.7
1529901016.97 52.6
1529901026.99 52.6
1529901037.01 53.2
1529901047.03 52.1
1529901057.05 53.2
1529901067.07 52.6
1529901077.09 52.6
1529901087.11 52.6
1529901097.13 53.7
1529901107.14 53.2
1529901117.16 52.6
1529901127.18 53.2
1529901137.19 53.7
1529901147.21 52.6
1529901157.23 52.6
1529901167.25 52.6
1529901177.27 53.2
1529901187.3 52.6
1529901197.32 52.6
1529901207.34 53.2
1529901217.36 52.6
1529901227.38 53.2
1529901237.39 53.2
1529901247.41 53.2
1529901257.43 53.7
1529901267.45 52.6
1529901277.47 53.7
1529901287.49 52.1
1529901297.51 53.7
1529901307.53 52.6
1529901317.55 53.7
1529901327.56 52.1
1529901337.58 52.6
1529901347.6 52.6
1529901357.63 53.2
1529901367.65 53.7
1529901377.67 53.2
1529901387.68 52.6
1529901397.7 52.6
1529901407.71 53.2
1529901417.73 52.6
1529901427.75 52.1
1529901437.77 52.1
1529901447.78 52.6
1529901457.8 52.6
1529901467.82 52.6
1529901477.84 51.5
1529901487.85 52.1
1529901497.87 52.1
1529901507.89 53.2
1529901517.91 53.2
1529901527.93 53.2
1529901537.95 52.1
1529901547.98 52.6
1529901558.0 52.6
1529901568.01 52.6
1529901578.03 52.6
1529901588.05 53.2
1529901598.07 52.6
1529901608.09 52.6
1529901618.12 52.6
1529901628.14 51.5
1529901638.16 52.1
1529901648.18 52.1
1529901658.2 52.6
1529901668.22 52.1
1529901678.25 52.6
1529901688.26 53.7
1529901698.29 51.5
1529901708.31 52.6
1529901718.32 53.2
1529901728.34 53.2
1529901738.36 52.6
1529901748.39 52.1
1529901758.41 52.6
1529901768.43 52.1
1529901778.45 52.6
1529901788.46 52.6
1529901798.48 52.1
1529901808.5 52.1
1529901818.52 52.1
1529901828.54 51.5
1529901838.57 52.1
1529901848.59 52.1
1529901858.6 51.5
1529901868.63 52.1
1529901878.64 53.2
1529901888.66 53.2
1529901898.68 52.1
1529901908.7 52.6
1529901918.72 52.6
1529901928.74 52.6
1529901938.75 52.1
1529901948.78 52.6
1529901958.8 52.1
1529901968.82 52.6
1529901978.83 52.6
1529901988.86 52.1
1529901998.87 52.6
1529902008.89 52.6
1529902018.91 52.1
1529902028.93 51.5
1529902038.95 51.5
1529902048.97 51.5
1529902058.99 51.5
1529902069.01 52.6
1529902079.03 52.1
1529902089.05 52.6
1529902099.06 52.1
1529902109.08 52.1
1529902119.1 51.5
1529902129.13 52.1
1529902139.15 52.1
1529902149.16 51.5
1529902159.19 51.5
1529902169.2 52.1
1529902179.22 52.1
1529902189.25 51.5
1529902199.27 51.5
1529902209.29 52.1
1529902219.31 51.5
1529902229.33 51.5
1529902239.36 52.1
1529902249.38 52.6
1529902259.41 51.5
1529902269.43 51.5
1529902279.45 52.1
1529902289.47 51.5
1529902299.49 52.6
1529902309.52 52.6
1529902319.54 51.5
1529902329.57 52.1
1529902339.59 51.5
1529902349.61 52.1
1529902359.63 52.6
1529902369.65 52.1
1529902379.67 51.5
1529902389.69 51.5
1529902399.72 52.1
1529902409.74 52.1
1529902419.76 52.1
1529902429.78 51.5
1529902439.8 51.5
1529902449.83 51.5
1529902459.85 52.1
1529902469.87 52.1
1529902479.9 52.1
1529902489.91 52.1
1529902499.94 52.1
1529902509.96 52.1
1529902519.98 51.5
1529902530.0 52.1
1529902540.02 52.1
1529902550.05 52.1
1529902560.06 53.2
1529902570.09 52.6
1529902580.11 52.6
1529902590.13 52.6
1529902600.15 52.1
1529902610.17 52.1
1529902620.19 52.1
1529902630.21 52.1
1529902640.23 51.5
1529902650.25 52.6
1529902660.27 52.6
1529902670.29 52.6
1529902680.31 52.6
1529902690.35 52.6
1529902700.37 53.2
1529902710.39 52.6
1529902720.41 52.6
1529902730.43 52.6
1529902740.45 52.6
1529902750.48 53.2
1529902760.5 52.6
1529902770.51 53.2
1529902780.53 52.6
1529902790.56 53.2
1529902800.58 52.6
