1529700005.92 66.6
1529700015.93 66.6
1529700025.96 66.6
1529700035.98 66.1
1529700046.0 66.1
1529700056.02 66.1
1529700066.04 66.6
1529700076.06 66.6
1529700086.08 65.5
1529700096.09 66.6
1529700106.12 66.6
1529700116.13 66.6
1529700126.15 66.6
1529700136.17 65.5
1529700146.19 66.1
1529700156.21 66.6
1529700166.23 66.6
1529700176.25 66.6
1529700186.26 66.1
1529700196.27 66.6
1529700206.28 66.1
1529700216.31 66.6
1529700226.32 66.1
1529700236.34 65.5
1529700246.36 66.6
1529700256.37 66.6
1529700266.39 66.1
1529700276.42 66.6
1529700286.43 65.5
1529700296.45 66.6
1529700306.48 66.6
1529700316.5 66.6
1529700326.52 66.6
1529700336.53 66.6
1529700346.54 66.6
1529700356.56 65.5
1529700366.58 66.1
1529700376.6 65.5
1529700386.62 66.1
1529700396.64 66.1
1529700406.66 66.6
1529700416.68 66.1
1529700426.7 65.5
1529700436.71 65.5
1529700446.72 66.1
1529700456.73 66.1
1529700466.75 65.0
1529700476.77 65.5
1529700486.79 65.5
1529700496.81 65.5
1529700506.83 65.0
1529700516.85 65.5
1529700526.86 65.0
1529700536.88 65.5
1529700546.91 65.5
1529700556.93 65.5
1529700566.94 66.1
1529700576.96 65.5
1529700586.97 65.5
1529700596.99 65.0
1529700607.01 65.5
1529700617.03 66.1
1529700627.05 66.1
1529700637.06 65.5
1529700647.08 65.5
1529700657.1 65.0
1529700667.11 65.5
1529700677.13 65.5
1529700687.15 66.1
1529700697.17 65.5
1529700707.19 65.5
1529700717.2 66.1
1529700727.21 65.5
1529700737.23 65.5
1529700747.26 65.0
1529700757.27 65.5
1529700767.29 65.5
1529700777.3 65.5
1529700787.33 65.0
1529700797.34 65.0
1529700807.36 65.0
1529700817.37 65.5
1529700827.39 65.5
1529700837.41 65.0
1529700847.43 65.5
1529700857.44 65.0
1529700867.46 64.5
1529700877.48 65.0
1529700887.5 64.5
1529700897.51 64.5
1529700907.53 64.5
1529700917.55 65.0
1529700927.57 64.5
1529700937.59 64.5
1529700947.61 64.5
1529700957.63 63.9
1529700967.65 64.5
1529700977.67 63.9
1529700987.68 64.5
1529700997.7 64.5
1529701007.72 63.4
1529701017.74 64.5
1529701027.75 64.5
1529701037.77 63.4
1529701047.79 64.5
1529701057.81 64.5
1529701067.83 64.5
1529701077.85 63.9
1529701087.87 64.5
1529701097.89 64.5
1529701107.91 63.4
1529701117.94 63.9
1529701127.96 63.4
1529701137.98 63.9
1529701148.01 63.4
1529701158.02 63.4
1529701168.04 63.4
1529701178.05 63.4
1529701188.07 63.4
1529701198.08 63.4
