1529400003.44 56.4
1529400013.46 54.8
1529400023.48 55.3
1529400033.51 55.8
1529400043.53 56.4
1529400053.55 55.8
1529400063.57 55.3
1529400073.59 55.8
1529400083.6 55.8
1529400093.62 55.8
1529400103.64 55.8
1529400113.66 55.3
1529400123.67 55.8
1529400133.7 54.8
1529400143.72 56.4
1529400153.73 56.4
1529400163.75 55.3
1529400173.77 55.8
1529400183.78 55.3
1529400193.8 55.3
1529400203.83 54.8
1529400213.85 55.3
1529400223.87 55.3
1529400233.89 54.8
1529400243.92 55.8
1529400253.93 55.8
1529400263.95 55.8
1529400273.97 54.8
1529400284.0 54.8
1529400294.02 55.8
1529400304.04 55.8
1529400314.06 55.8
1529400324.07 56.4
1529400334.09 55.8
1529400344.11 55.8
1529400354.13 54.8
1529400364.15 54.8
1529400374.18 54.8
1529400384.19 55.3
1529400394.21 55.3
1529400404.23 54.8
1529400414.25 54.8
1529400424.27 54.8
1529400434.29 54.2
1529400444.3 54.8
1529400454.32 55.3
1529400464.35 55.3
1529400474.37 54.8
1529400484.38 55.3
1529400494.4 55.3
1529400504.41 55.8
1529400514.43 54.8
1529400524.45 55.8
1529400534.47 55.8
1529400544.48 54.8
1529400554.51 54.8
1529400564.53 55.8
1529400574.55 55.3
1529400584.57 55.8
1529400594.59 55.3
1529400604.61 55.3
1529400614.63 54.8
1529400624.65 55.8
1529400634.67 55.3
1529400644.69 54.8
1529400654.71 54.8
1529400664.73 54.8
1529400674.76 54.2
1529400684.78 54.8
1529400694.8 54.8
1529400704.81 55.3
1529400714.83 55.8
1529400724.85 55.8
1529400734.87 55.3
1529400744.89 54.2
1529400754.91 54.8
1529400764.94 54.8
1529400774.96 54.8
1529400784.97 55.8
1529400794.99 54.8
1529400805.01 55.8
1529400815.03 55.8
1529400825.04 55.8
1529400835.06 55.8
1529400845.08 55.3
1529400855.1 54.8
1529400865.13 53.7
1529400875.15 54.8
1529400885.17 54.8
1529400895.19 54.8
1529400905.23 55.3
1529400915.25 55.8
1529400925.27 55.3
1529400935.29 54.2
1529400945.3 55.8
1529400955.32 56.4
1529400965.34 54.8
1529400975.36 56.4
1529400985.38 55.8
1529400995.4 54.8
1529401005.41 55.3
1529401015.43 54.8
1529401025.44 55.8
1529401035.46 56.4
1529401045.48 56.9
1529401055.5 56.4
1529401065.51 56.9
1529401075.53 56.4
1529401085.55 56.9
1529401095.57 56.4
1529401105.59 55.8
1529401115.62 56.9
1529401125.63 56.9
1529401135.65 56.9
1529401145.66 56.9
1529401155.68 56.9
1529401165.7 56.9
1529401175.72 56.9
1529401185.74 56.9
1529401195.75 56.4
1529401205.77 56.9
1529401215.78 56.9
1529401225.8 57.5
1529401235.82 56.9
1529401245.85 58.0
1529401255.86 56.9
1529401265.88 56.9
1529401275.9 56.9
1529401285.92 56.4
1529401295.94 56.9
1529401305.96 56.4
1529401315.98 57.5
1529401326.0 56.9
1529401336.02 56.9
1529401346.04 56.9
1529401356.05 56.9
1529401366.07 58.0
1529401376.09 58.0
1529401386.1 56.9
1529401396.12 58.0
1529401406.14 56.9
1529401416.15 58.0
1529401426.17 56.9
1529401436.19 58.0
1529401446.2 58.0
1529401456.22 56.9
1529401466.23 58.0
1529401476.25 56.9
1529401486.27 57.5
1529401496.29 58.0
1529401506.3 57.5
1529401516.31 56.9
1529401526.33 56.9
1529401536.35 56.9
1529401546.37 56.9
1529401556.38 56.9
1529401566.4 56.9
1529401576.42 56.9
1529401586.44 57.5
1529401596.45 56.9
1529401606.47 56.9
1529401616.49 57.5
1529401626.51 57.5
1529401636.53 57.5
1529401646.54 56.9
1529401656.56 56.9
1529401666.57 56.9
1529401676.59 56.9
1529401686.6 57.5
1529401696.62 57.5
1529401706.63 56.9
1529401716.65 56.9
1529401726.67 56.4
1529401736.69 56.4
1529401746.71 58.0
1529401756.73 57.5
1529401766.74 56.9
1529401776.75 57.5
1529401786.77 56.9
1529401796.78 57.5
1529401806.81 56.9
1529401816.83 56.9
1529401826.84 57.5
1529401836.86 57.5
1529401846.88 57.5
1529401856.89 56.9
1529401866.91 56.9
1529401876.93 58.0
1529401886.94 56.9
1529401896.96 56.9
1529401906.99 56.9
1529401916.99 57.5
1529401927.02 56.4
1529401937.04 56.9
1529401947.06 56.9
1529401957.08 56.9
1529401967.1 56.4
1529401977.11 56.9
1529401987.13 56.9
1529401997.15 56.9
1529402007.17 56.9
1529402017.19 56.4
1529402027.22 55.8
1529402037.24 55.8
1529402047.25 56.4
1529402057.27 56.9
1529402067.29 56.4
1529402077.31 56.4
1529402087.33 56.9
1529402097.35 56.9
1529402107.38 56.4
1529402117.4 56.4
1529402127.42 56.9
1529402137.44 55.8
1529402147.45 56.4
1529402157.47 56.9
1529402167.49 55.8
1529402177.51 55.3
1529402187.52 56.4
1529402197.54 56.4
1529402207.56 55.8
1529402217.58 56.4
1529402227.6 56.4
1529402237.62 55.8
1529402247.64 56.4
1529402257.66 55.8
1529402267.68 56.4
1529402277.69 56.4
1529402287.71 55.8
1529402297.74 56.4
1529402307.77 55.8
1529402317.79 56.4
1529402327.81 56.4
1529402337.83 56.4
1529402347.85 55.8
1529402357.87 56.4
1529402367.89 55.8
1529402377.92 56.4
1529402387.94 56.4
1529402397.96 55.8
1529402407.97 57.5
1529402417.99 56.4
1529402428.0 56.4
1529402438.02 56.4
1529402448.04 56.9
1529402458.07 56.9
1529402468.08 56.4
1529402478.1 56.4
1529402488.12 56.9
1529402498.14 55.8
1529402508.15 56.9
1529402518.17 56.9
1529402528.19 56.4
1529402538.21 55.8
1529402548.23 56.4
1529402558.25 55.8
1529402568.27 55.8
1529402578.29 55.8
1529402588.3 55.8
1529402598.33 54.8
1529402608.35 55.3
1529402618.37 54.8
1529402628.39 55.8
1529402638.41 55.8
1529402648.43 55.3
1529402658.45 55.3
1529402668.47 55.8
1529402678.49 54.8
1529402688.51 55.3
1529402698.53 55.8
1529402708.55 55.3
1529402718.57 55.8
1529402728.59 56.4
1529402738.61 55.8
1529402748.63 55.3
1529402758.65 55.8
1529402768.68 55.3
1529402778.7 54.8
1529402788.71 55.8
1529402798.73 54.8
1529402808.75 54.8
1529402818.77 54.8
1529402828.78 55.8
1529402838.8 55.8
1529402848.82 55.8
1529402858.84 54.8
1529402868.87 54.2
1529402878.88 55.8
1529402888.9 54.8
1529402898.92 55.3
1529402908.94 55.8
1529402918.96 55.3
1529402928.98 54.8
1529402939.0 55.8
1529402949.01 56.4
1529402959.03 55.8
1529402969.05 55.8
1529402979.07 55.8
1529402989.09 54.8
1529402999.11 55.8
1529403009.13 55.3
1529403019.15 55.8
1529403029.17 55.8
1529403039.19 55.8
1529403049.21 55.8
1529403059.23 55.3
1529403069.25 56.4
1529403079.26 55.8
1529403089.28 55.8
1529403099.3 56.4
1529403109.32 56.4
1529403119.34 56.4
1529403129.36 55.8
1529403139.37 56.4
1529403149.39 56.4
1529403159.4 56.9
1529403169.42 56.9
1529403179.43 56.9
1529403189.45 56.9
1529403199.47 57.5
1529403209.49 57.5
1529403219.5 56.9
1529403229.52 56.9
1529403239.54 56.9
1529403249.55 57.5
1529403259.58 56.9
1529403269.6 56.9
1529403279.62 57.5
1529403289.63 58.0
1529403299.65 56.9
1529403309.67 58.0
1529403319.69 58.0
1529403329.71 58.0
1529403339.73 58.0
1529403349.75 58.0
1529403359.77 58.0
1529403369.79 57.5
1529403379.81 58.0
1529403389.83 56.9
1529403399.85 58.0
1529403409.88 56.9
1529403419.89 58.0
1529403429.91 58.0
1529403439.93 57.5
1529403449.94 58.0
1529403459.96 58.0
1529403469.98 58.0
1529403480.0 57.5
1529403490.02 58.0
1529403500.04 56.9
1529403510.06 58.0
1529403520.08 58.0
1529403530.09 58.0
1529403540.11 58.0
1529403550.13 56.9
1529403560.16 56.9
1529403570.19 56.9
1529403580.21 58.0
1529403590.23 56.9
1529403600.24 56.4
1529403610.26 57.5
1529403620.28 56.9
1529403630.3 55.8
1529403640.31 56.9
1529403650.33 56.9
1529403660.34 55.8
1529403670.37 56.9
1529403680.38 56.9
1529403690.4 56.9
1529403700.42 56.9
1529403710.44 56.4
1529403720.46 56.4
1529403730.48 55.8
1529403740.5 56.4
1529403750.52 55.8
1529403760.53 56.9
1529403770.55 56.9
1529403780.57 56.4
1529403790.59 56.4
1529403800.6 56.9
1529403810.62 56.9
1529403820.64 55.8
1529403830.66 56.4
1529403840.68 56.9
1529403850.7 57.5
1529403860.72 56.9
1529403870.74 56.9
1529403880.76 56.9
1529403890.79 56.4
1529403900.82 56.4
1529403910.84 56.4
1529403920.86 56.9
1529403930.87 56.9
1529403940.89 55.8
1529403950.91 56.4
1529403960.93 56.4
1529403970.95 56.9
1529403980.97 56.4
1529403990.99 56.4
1529404001.0 56.4
1529404011.02 56.4
1529404021.04 56.9
1529404031.06 55.8
1529404041.08 56.9
1529404051.09 56.9
1529404061.11 56.9
1529404071.13 56.9
1529404081.14 57.5
1529404091.17 58.0
1529404101.19 56.9
1529404111.2 56.9
1529404121.22 56.9
1529404131.23 56.9
1529404141.25 56.9
1529404151.27 56.9
1529404161.29 56.9
1529404171.31 57.5
1529404181.33 57.5
1529404191.34 57.5
1529404201.36 56.9
1529404211.37 56.9
1529404221.39 57.5
1529404231.4 57.5
1529404241.42 56.4
1529404251.44 56.9
1529404261.46 56.9
1529404271.48 56.9
1529404281.5 58.0
1529404291.52 57.5
1529404301.54 56.9
1529404311.56 56.9
1529404321.57 58.0
1529404331.59 56.9
1529404341.61 57.5
1529404351.62 57.5
1529404361.64 58.0
1529404371.65 57.5
1529404381.66 57.5
1529404391.67 56.9
1529404401.69 57.5
1529404411.7 56.9
1529404421.72 58.0
1529404431.73 56.9
1529404441.75 56.9
1529404451.76 56.9
1529404461.78 58.0
1529404471.79 57.5
1529404481.81 58.0
1529404491.83 58.0
1529404501.85 57.5
1529404511.86 58.0
1529404521.88 58.0
1529404531.9 58.0
1529404541.91 58.0
1529404551.93 58.0
1529404561.94 58.0
1529404571.96 58.0
1529404581.99 57.5
1529404592.01 56.9
1529404602.03 58.0
1529404612.05 57.5
1529404622.07 58.0
1529404632.09 58.0
1529404642.11 57.5
1529404652.13 56.9
1529404662.15 56.9
1529404672.17 56.4
1529404682.19 56.9
1529404692.2 57.5
1529404702.22 56.9
1529404712.25 56.9
1529404722.26 56.9
1529404732.28 56.9
1529404742.29 58.0
1529404752.31 58.0
1529404762.32 58.0
1529404772.33 58.0
1529404782.35 58.0
1529404792.36 58.0
1529404802.38 58.0
1529404812.4 58.5
1529404822.42 58.0
1529404832.44 57.5
1529404842.46 57.5
1529404852.48 56.9
1529404862.51 57.5
1529404872.53 56.9
1529404882.54 58.0
1529404892.56 58.0
1529404902.58 58.0
1529404912.6 58.0
1529404922.62 57.5
1529404932.64 58.0
1529404942.66 58.0
1529404952.68 58.0
1529404962.7 58.0
1529404972.72 58.0
1529404982.74 57.5
1529404992.77 56.9
1529405002.79 56.9
1529405012.81 57.5
1529405022.83 56.9
1529405032.84 57.5
1529405042.87 56.9
1529405052.88 58.0
1529405062.91 56.4
1529405072.92 56.9
1529405082.94 56.9
1529405092.96 57.5
1529405102.98 56.4
1529405113.0 56.9
1529405123.02 56.4
1529405133.04 56.9
1529405143.06 56.4
1529405153.08 57.5
1529405163.1 57.5
1529405173.11 58.0
1529405183.13 56.9
1529405193.16 58.0
1529405203.17 58.0
1529405213.19 57.5
1529405223.22 56.9
1529405233.24 56.9
1529405243.26 57.5
1529405253.27 56.9
1529405263.3 56.9
1529405273.31 57.5
1529405283.33 58.0
1529405293.34 57.5
1529405303.36 58.0
1529405313.38 58.0
1529405323.39 58.0
1529405333.41 58.0
1529405343.43 56.9
1529405353.45 56.9
1529405363.46 58.0
1529405373.49 57.5
1529405383.5 58.0
1529405393.52 58.0
1529405403.53 58.0
1529405413.55 58.0
1529405423.57 58.0
1529405433.58 58.5
1529405443.59 58.5
1529405453.61 58.5
1529405463.63 58.0
1529405473.64 59.1
1529405483.66 58.5
1529405493.68 58.5
1529405503.7 58.0
1529405513.71 58.5
1529405523.73 58.0
1529405533.74 58.5
1529405543.76 59.1
1529405553.78 59.1
1529405563.8 58.5
1529405573.82 59.1
1529405583.84 58.0
1529405593.85 58.5
1529405603.87 59.1
1529405613.89 59.1
1529405623.9 59.1
1529405633.92 59.1
1529405643.94 59.1
1529405653.95 59.1
1529405663.97 58.0
1529405673.99 59.1
1529405684.0 58.5
1529405694.02 58.5
1529405704.04 58.5
1529405714.06 58.0
1529405724.08 59.1
1529405734.09 59.1
1529405744.11 58.5
1529405754.13 59.1
1529405764.15 58.0
1529405774.19 58.5
1529405784.21 58.0
1529405794.22 58.0
1529405804.24 58.5
1529405814.25 58.0
1529405824.28 58.0
1529405834.29 58.0
1529405844.31 58.0
1529405854.34 58.0
1529405864.36 57.5
1529405874.38 58.0
1529405884.39 58.0
1529405894.41 58.0
1529405904.43 58.0
1529405914.44 58.0
1529405924.46 58.0
1529405934.48 56.9
1529405944.5 58.0
1529405954.51 58.0
1529405964.53 58.5
1529405974.55 58.5
1529405984.57 58.5
1529405994.59 58.0
1529406004.61 58.0
1529406014.62 59.1
1529406024.74 58.0
1529406034.76 58.0
1529406044.77 58.5
1529406054.79 58.5
1529406064.8 58.0
1529406074.82 58.5
1529406084.85 57.5
1529406094.87 56.9
1529406104.89 58.0
1529406114.91 57.5
1529406124.93 56.9
1529406134.94 58.0
1529406144.96 56.9
1529406154.98 56.4
1529406165.01 57.5
1529406175.03 56.9
1529406185.04 58.0
1529406195.06 56.9
1529406205.08 56.9
1529406215.1 56.9
1529406225.12 56.9
1529406235.13 56.9
1529406245.15 55.8
1529406255.17 56.4
1529406265.19 56.9
1529406275.2 56.4
1529406285.23 56.9
1529406295.24 56.9
1529406305.27 56.4
1529406315.29 56.4
1529406325.31 56.4
1529406335.33 55.8
1529406345.35 56.4
1529406355.36 56.9
1529406365.38 55.8
1529406375.4 56.9
1529406385.41 56.4
1529406395.43 56.9
1529406405.45 55.8
1529406415.47 56.4
1529406425.49 56.4
1529406435.51 56.9
1529406445.53 56.4
1529406455.55 56.9
1529406465.57 58.0
1529406475.59 57.5
1529406485.61 58.0
1529406495.63 58.0
1529406505.65 56.9
1529406515.68 58.0
1529406525.7 58.0
1529406535.71 58.0
1529406545.73 58.5
1529406555.75 58.5
1529406565.77 58.5
1529406575.79 58.0
1529406585.8 58.0
1529406595.82 58.5
1529406605.84 58.0
1529406615.87 58.5
1529406625.89 58.0
1529406635.91 58.0
1529406645.92 58.0
1529406655.94 59.1
1529406665.96 57.5
1529406675.97 58.0
1529406685.99 58.0
1529406696.01 58.0
1529406706.03 58.5
1529406716.05 59.1
1529406726.07 59.1
1529406736.1 58.5
1529406746.12 58.0
1529406756.13 58.5
1529406766.15 58.0
1529406776.17 58.5
1529406786.18 59.1
1529406796.2 58.5
1529406806.22 59.1
1529406816.24 58.0
1529406826.26 58.0
1529406836.27 58.0
1529406846.29 58.5
1529406856.31 59.1
1529406866.33 58.5
1529406876.36 58.0
1529406886.37 59.1
1529406896.4 57.5
1529406906.42 56.9
1529406916.44 58.0
1529406926.45 58.5
1529406936.46 58.0
1529406946.48 58.5
1529406956.5 58.0
1529406966.52 58.5
1529406976.54 58.5
1529406986.56 58.0
1529406996.57 58.5
1529407006.59 58.0
1529407016.62 58.0
1529407026.63 58.5
1529407036.65 58.5
1529407046.67 58.5
1529407056.69 58.0
1529407066.71 59.1
1529407076.73 58.5
1529407086.77 59.1
1529407096.79 59.1
1529407106.81 59.1
1529407116.82 59.1
1529407126.84 59.1
1529407136.86 59.1
1529407146.88 59.1
1529407156.9 59.1
1529407166.91 59.6
1529407176.93 59.6
1529407186.94 59.1
1529407196.96 59.1
1529407206.98 58.0
1529407216.99 59.1
1529407227.01 59.1
1529407237.03 58.5
1529407247.05 58.0
1529407257.07 58.5
1529407267.09 58.5
1529407277.11 59.1
1529407287.14 58.0
1529407297.16 59.1
1529407307.18 58.0
1529407317.21 58.0
1529407327.22 59.1
1529407337.25 59.1
1529407347.27 58.0
1529407357.29 59.1
1529407367.32 58.5
1529407377.34 59.1
1529407387.36 59.1
1529407397.38 59.1
1529407407.4 58.5
1529407417.42 60.1
1529407427.44 60.1
1529407437.46 60.1
1529407447.48 59.6
1529407457.5 60.1
1529407467.52 59.6
1529407477.54 59.1
1529407487.57 59.1
1529407497.59 59.1
1529407507.61 59.1
1529407517.63 60.1
1529407527.65 59.6
1529407537.67 60.1
1529407547.69 60.1
1529407557.71 60.1
1529407567.74 59.6
1529407577.76 60.1
1529407587.78 60.1
1529407597.8 59.1
1529407607.83 60.1
1529407617.86 60.1
1529407627.87 60.7
1529407637.89 60.1
1529407647.91 60.7
1529407657.92 60.1
1529407667.94 60.7
1529407677.96 60.1
1529407687.98 60.1
1529407698.0 60.7
1529407708.02 60.1
1529407718.04 60.1
1529407728.07 60.1
1529407738.09 60.1
1529407748.11 60.1
1529407758.13 60.7
1529407768.15 60.7
1529407778.16 60.1
1529407788.19 59.6
1529407798.21 60.1
1529407808.23 59.1
1529407818.26 60.1
1529407828.28 59.1
1529407838.29 59.1
1529407848.32 59.6
1529407858.34 59.1
1529407868.36 59.1
1529407878.38 59.1
1529407888.4 58.5
1529407898.42 59.1
1529407908.43 59.1
1529407918.45 59.6
1529407928.47 59.1
1529407938.49 58.5
1529407948.5 59.1
1529407958.52 58.5
1529407968.53 59.1
1529407978.55 59.6
1529407988.56 59.6
1529407998.58 59.1
1529408008.59 59.6
1529408018.6 59.1
1529408028.62 58.5
1529408038.64 60.1
1529408048.65 60.1
1529408058.67 60.1
1529408068.68 60.7
1529408078.69 59.1
1529408088.7 60.1
1529408098.71 60.1
1529408108.73 60.1
1529408118.75 59.1
1529408128.76 60.7
1529408138.78 60.7
1529408148.8 60.1
1529408158.82 60.7
1529408168.84 60.1
1529408178.86 60.1
1529408188.88 60.1
1529408198.9 59.6
1529408208.92 60.1
1529408218.94 60.1
1529408228.96 60.1
1529408238.98 60.1
1529408248.99 60.1
1529408259.01 60.7
1529408269.03 60.1
1529408279.05 60.1
1529408289.07 60.1
1529408299.09 60.1
1529408309.1 60.1
1529408319.12 60.7
1529408329.14 60.7
1529408339.15 60.7
1529408349.17 60.1
1529408359.19 60.1
1529408369.21 60.7
1529408379.24 60.1
1529408389.26 60.7
1529408399.27 60.1
1529408409.29 59.1
1529408419.31 60.1
1529408429.33 59.6
1529408439.35 60.1
1529408449.37 60.1
1529408459.4 59.1
1529408469.42 59.1
1529408479.44 60.7
1529408489.47 59.1
1529408499.49 60.1
1529408509.51 59.6
1529408519.54 60.1
1529408529.56 59.6
1529408539.58 60.1
1529408549.61 59.6
1529408559.62 60.1
1529408569.64 60.1
1529408579.66 59.6
1529408589.68 60.1
1529408599.7 60.7
1529408609.73 60.7
1529408619.75 60.7
1529408629.78 60.7
1529408639.8 60.7
1529408649.82 60.1
1529408659.84 60.1
1529408669.86 60.1
1529408679.88 60.7
1529408689.91 60.7
1529408699.92 60.7
1529408709.94 60.7
1529408719.97 60.1
1529408729.99 59.1
1529408740.01 59.1
1529408750.03 60.1
1529408760.05 60.1
1529408770.07 60.1
1529408780.08 60.1
1529408790.1 60.1
1529408800.11 60.1
1529408810.14 60.7
1529408820.16 60.1
1529408830.18 60.1
1529408840.2 60.1
1529408850.22 60.1
1529408860.24 60.1
1529408870.26 59.6
1529408880.28 59.6
1529408890.29 59.6
1529408900.31 60.1
1529408910.33 60.7
1529408920.35 59.1
1529408930.37 60.1
1529408940.39 60.7
1529408950.41 60.7
1529408960.42 60.7
1529408970.44 60.7
1529408980.46 59.6
1529408990.48 60.7
1529409000.49 60.7
1529409010.51 60.7
1529409020.53 60.1
1529409030.54 61.2
1529409040.56 61.2
1529409050.57 60.7
1529409060.6 60.1
1529409070.62 60.1
1529409080.63 60.7
1529409090.65 60.7
1529409100.67 61.2
1529409110.69 60.7
1529409120.71 60.1
1529409130.72 60.7
1529409140.74 60.7
1529409150.76 60.7
1529409160.78 60.7
1529409170.79 61.2
1529409180.81 61.2
1529409190.83 60.7
1529409200.84 60.7
1529409210.85 60.7
1529409220.87 61.2
1529409230.89 60.7
1529409240.9 61.2
1529409250.92 61.2
1529409260.94 61.8
1529409270.95 61.8
1529409280.96 61.2
1529409290.97 61.2
1529409300.99 61.8
1529409311.01 62.3
1529409321.02 62.3
1529409331.05 61.2
1529409341.06 61.8
1529409351.08 61.8
1529409361.1 62.3
1529409371.11 61.8
1529409381.13 62.3
1529409391.14 62.3
1529409401.16 61.8
1529409411.17 61.8
1529409421.19 61.8
1529409431.21 62.3
1529409441.23 62.3
1529409451.24 62.3
1529409461.26 61.2
1529409471.27 62.3
1529409481.29 62.3
1529409491.31 62.3
1529409501.33 62.3
1529409511.34 62.3
1529409521.35 61.8
1529409531.37 61.2
1529409541.38 61.2
1529409551.4 61.2
1529409561.43 61.8
1529409571.44 61.8
1529409581.46 61.2
1529409591.47 61.2
1529409601.5 61.2
1529409611.52 61.8
1529409621.54 61.2
1529409631.56 61.2
1529409641.58 61.2
1529409651.59 62.3
1529409661.61 61.8
1529409671.63 62.3
1529409681.65 61.2
1529409691.67 61.8
1529409701.69 60.1
1529409711.71 61.2
1529409721.72 61.2
1529409731.74 61.2
1529409741.75 61.8
1529409751.78 61.2
1529409761.79 61.2
1529409771.81 61.8
1529409781.83 62.3
1529409791.85 61.2
1529409801.86 62.3
1529409811.88 61.2
1529409821.89 61.2
1529409831.91 61.8
1529409841.93 61.2
1529409851.95 61.8
1529409861.97 60.7
1529409871.99 61.8
1529409882.01 61.8
1529409892.02 62.3
1529409902.04 62.3
1529409912.06 61.8
1529409922.07 61.2
1529409932.08 61.8
1529409942.1 61.8
1529409952.12 61.8
1529409962.14 61.8
1529409972.16 60.7
1529409982.17 62.3
1529409992.19 60.7
1529410002.21 60.1
1529410012.24 61.2
1529410022.25 61.8
1529410032.27 61.8
1529410042.29 61.8
1529410052.31 61.8
1529410062.33 62.3
1529410072.35 61.2
1529410082.36 61.8
1529410092.38 61.2
1529410102.4 61.8
1529410112.43 61.2
1529410122.44 61.8
1529410132.46 61.8
1529410142.48 61.2
1529410152.5 61.8
1529410162.53 61.2
1529410172.55 61.2
1529410182.57 61.2
1529410192.59 61.2
1529410202.61 61.2
1529410212.63 61.2
1529410222.64 61.2
1529410232.67 60.7
1529410242.69 61.2
1529410252.71 61.2
1529410262.73 61.2
1529410272.75 61.2
1529410282.77 61.2
1529410292.79 61.8
1529410302.8 61.8
1529410312.82 61.8
1529410322.84 61.8
1529410332.86 62.3
1529410342.88 62.3
1529410352.9 61.2
1529410362.92 62.3
1529410372.94 61.2
1529410382.96 61.8
1529410392.98 62.3
1529410403.0 61.8
1529410413.02 62.3
1529410423.03 62.3
1529410433.05 62.3
1529410443.07 61.2
1529410453.1 62.3
1529410463.12 62.3
1529410473.14 61.8
1529410483.16 62.3
1529410493.19 62.8
1529410503.21 62.3
1529410513.23 62.3
1529410523.24 62.3
1529410533.26 62.3
1529410543.28 62.3
1529410553.3 62.3
1529410563.32 62.8
1529410573.33 62.3
1529410583.35 62.3
1529410593.37 62.3
1529410603.39 62.3
1529410613.41 61.8
1529410623.43 61.8
1529410633.44 61.2
1529410643.46 61.2
1529410653.48 61.2
1529410663.5 61.8
1529410673.52 62.3
1529410683.54 61.8
1529410693.56 61.2
1529410703.59 61.2
1529410713.61 62.3
1529410723.63 61.2
1529410733.65 61.8
1529410743.68 62.3
1529410753.71 62.3
1529410763.73 61.2
1529410773.75 61.8
1529410783.77 61.2
1529410793.79 61.2
1529410803.81 61.2
1529410813.84 61.8
1529410823.86 61.8
1529410833.88 61.2
1529410843.9 61.8
1529410853.91 61.8
1529410863.93 62.8
1529410873.95 62.8
1529410883.97 61.8
1529410894.0 62.3
1529410904.02 62.3
1529410914.04 62.3
1529410924.06 61.2
1529410934.08 61.8
1529410944.11 62.3
1529410954.13 60.7
1529410964.15 61.8
1529410974.17 60.7
1529410984.19 61.2
1529410994.2 61.8
1529411004.22 61.2
1529411014.25 61.2
1529411024.27 61.8
1529411034.29 61.8
1529411044.31 62.3
1529411054.33 61.8
1529411064.36 62.3
1529411074.38 61.2
1529411084.4 62.3
1529411094.42 61.2
1529411104.44 62.3
1529411114.46 61.8
1529411124.48 62.3
1529411134.5 61.8
1529411144.51 62.8
1529411154.53 62.3
1529411164.55 62.3
1529411174.57 62.8
1529411184.59 62.3
1529411194.61 62.3
1529411204.62 62.3
1529411214.64 62.3
1529411224.66 61.2
1529411234.68 61.2
1529411244.7 61.2
1529411254.72 62.3
1529411264.73 62.3
1529411274.76 61.8
1529411284.77 62.3
1529411294.79 62.3
1529411304.81 62.3
1529411314.83 61.8
1529411324.85 61.8
1529411334.87 62.8
1529411344.89 62.3
1529411354.91 61.8
1529411364.93 61.8
1529411374.94 62.3
1529411384.96 62.3
1529411394.98 62.3
1529411405.0 62.3
1529411415.02 62.3
1529411425.04 62.3
1529411435.06 62.3
1529411445.08 62.3
1529411455.1 62.3
1529411465.11 62.3
1529411475.14 61.2
1529411485.16 62.3
1529411495.17 62.3
1529411505.19 62.3
1529411515.21 62.3
1529411525.23 61.2
1529411535.25 61.8
1529411545.28 61.2
1529411555.3 61.2
1529411565.32 60.7
1529411575.34 60.7
1529411585.36 60.7
1529411595.38 61.2
1529411605.4 61.2
1529411615.43 60.1
1529411625.45 61.2
1529411635.47 60.1
1529411645.49 60.1
1529411655.51 60.7
1529411665.53 61.2
1529411675.54 61.8
1529411685.56 61.8
1529411695.58 60.7
1529411705.59 61.2
1529411715.61 61.2
1529411725.63 61.2
1529411735.64 61.2
1529411745.66 61.8
1529411755.68 61.2
1529411765.7 61.2
1529411775.72 61.8
1529411785.74 60.7
1529411795.76 60.1
1529411805.78 60.7
1529411815.8 61.8
1529411825.81 60.7
1529411835.84 60.1
1529411845.85 61.2
1529411855.87 60.7
1529411865.89 60.1
1529411875.91 60.7
1529411885.93 60.1
1529411895.94 61.2
1529411905.95 61.2
1529411915.97 61.2
1529411925.99 61.2
1529411936.0 61.2
1529411946.02 61.2
1529411956.04 61.8
1529411966.07 61.2
1529411976.09 61.8
1529411986.11 62.3
1529411996.12 62.3
1529412006.14 62.3
1529412016.16 61.8
1529412026.18 62.3
1529412036.19 62.3
1529412046.2 62.3
1529412056.22 62.3
1529412066.23 62.3
1529412076.25 61.2
1529412086.27 62.3
1529412096.29 62.3
1529412106.3 62.3
1529412116.32 62.3
1529412126.34 62.3
1529412136.37 61.8
1529412146.39 62.3
1529412156.4 62.8
1529412166.42 62.3
1529412176.43 62.3
1529412186.45 62.3
1529412196.46 62.8
1529412206.49 62.3
1529412216.5 62.3
1529412226.52 62.8
1529412236.54 62.3
1529412246.56 62.8
1529412256.57 63.4
1529412266.59 63.4
1529412276.61 62.8
1529412286.63 63.4
1529412296.66 62.3
1529412306.68 62.3
1529412316.7 63.4
1529412326.72 62.3
1529412336.74 62.3
1529412346.76 62.3
1529412356.78 62.3
1529412366.8 62.8
1529412376.82 62.3
1529412386.83 63.4
1529412396.85 63.4
1529412406.86 62.8
1529412416.88 62.8
1529412426.9 62.3
1529412436.93 62.3
1529412446.95 62.8
1529412456.97 62.3
1529412466.98 62.8
1529412477.0 62.3
1529412487.02 63.4
1529412497.03 63.4
1529412507.05 62.8
1529412517.07 62.8
1529412527.09 62.3
1529412537.11 63.4
1529412547.13 62.3
1529412557.15 62.8
1529412567.16 63.4
1529412577.19 62.3
1529412587.21 62.3
1529412597.23 62.8
1529412607.25 62.8
1529412617.28 62.3
1529412627.3 62.8
1529412637.32 62.3
1529412647.34 62.3
1529412657.37 62.8
1529412667.39 63.4
1529412677.4 62.3
1529412687.43 62.3
1529412697.45 62.8
1529412707.48 62.3
1529412717.5 62.8
1529412727.52 62.3
1529412737.54 62.3
1529412747.57 62.8
1529412757.59 62.8
1529412767.61 62.3
1529412777.63 62.8
1529412787.64 62.8
1529412797.66 63.4
1529412807.68 63.4
1529412817.69 62.8
1529412827.72 62.3
1529412837.73 62.3
1529412847.74 62.3
1529412857.76 62.3
1529412867.77 62.3
1529412877.79 62.3
1529412887.81 62.8
1529412897.82 62.8
1529412907.84 62.3
1529412917.87 62.3
1529412927.87 62.8
1529412937.89 63.4
1529412947.91 62.8
1529412957.93 62.3
1529412967.94 62.8
1529412977.96 62.3
1529412987.97 62.3
1529412997.98 62.3
1529413008.0 62.3
1529413018.01 62.8
1529413028.03 62.8
1529413038.05 62.3
1529413048.07 62.3
1529413058.09 61.8
1529413068.11 62.8
1529413078.14 62.8
1529413088.18 62.3
1529413098.2 62.3
1529413108.21 62.3
1529413118.23 62.8
1529413128.25 63.4
1529413138.27 62.3
1529413148.28 63.4
1529413158.3 62.8
1529413168.32 62.3
1529413178.33 63.4
1529413188.35 62.8
1529413198.36 62.3
