1529000008.44 62.3
1529000018.45 62.3
1529000028.47 61.2
1529000038.48 62.3
1529000048.5 61.8
1529000058.52 62.3
1529000068.53 62.3
1529000078.55 62.8
1529000088.56 62.8
1529000098.58 62.3
1529000108.6 62.3
1529000118.62 62.3
1529000128.64 62.3
1529000138.66 62.3
1529000148.67 62.8
1529000158.69 62.3
1529000168.71 62.3
1529000178.73 62.3
1529000188.75 62.3
1529000198.76 62.8
1529000208.78 61.8
1529000218.8 62.3
1529000228.81 62.3
1529000238.83 62.3
1529000248.85 62.3
1529000258.86 61.2
1529000268.87 61.2
1529000278.89 61.8
1529000288.91 61.8
1529000298.93 62.3
1529000308.95 62.3
1529000318.98 62.3
1529000328.99 62.3
1529000339.0 62.3
1529000349.02 61.2
1529000359.05 62.3
1529000369.06 62.3
1529000379.08 62.3
1529000389.1 61.8
1529000399.11 62.3
1529000409.13 62.3
1529000419.14 62.8
1529000429.16 62.3
1529000439.17 62.8
1529000449.19 62.3
1529000459.2 62.3
1529000469.22 62.8
1529000479.24 62.3
1529000489.26 62.3
1529000499.27 62.3
1529000509.29 62.3
1529000519.3 62.8
1529000529.32 62.3
1529000539.34 62.3
1529000549.35 62.8
1529000559.38 62.3
1529000569.39 63.4
1529000579.41 62.8
1529000589.43 62.8
1529000599.44 63.4
1529000609.47 62.8
1529000619.48 63.4
1529000629.5 62.8
1529000639.51 62.8
1529000649.53 62.8
1529000659.54 62.3
1529000669.55 62.3
1529000679.56 62.8
1529000689.57 63.4
1529000699.59 62.3
1529000709.6 63.4
1529000719.62 62.8
1529000729.64 63.4
1529000739.65 62.8
1529000749.66 62.8
1529000759.67 63.4
1529000769.69 62.3
1529000779.7 62.8
1529000789.71 63.4
1529000799.73 62.8
1529000809.75 62.8
1529000819.76 63.4
1529000829.78 63.4
1529000839.79 62.8
1529000849.8 62.8
1529000859.82 62.8
1529000869.83 62.8
1529000879.84 63.4
1529000889.86 62.3
1529000899.88 62.3
1529000909.9 62.3
1529000919.91 62.3
1529000929.93 62.8
1529000939.94 62.8
1529000949.96 63.4
1529000959.98 62.8
1529000969.99 64.5
1529000980.01 63.4
1529000990.03 63.4
1529001000.04 63.9
1529001010.06 63.4
1529001020.07 63.4
1529001030.09 63.4
1529001040.11 63.4
1529001050.12 63.4
1529001060.13 63.4
1529001070.15 62.8
1529001080.16 63.4
1529001090.17 63.4
1529001100.18 63.4
1529001110.19 62.8
1529001120.21 62.3
1529001130.22 63.4
1529001140.23 63.4
1529001150.24 63.4
1529001160.27 62.3
1529001170.28 63.4
1529001180.3 62.8
1529001190.32 62.8
1529001200.33 62.8
1529001210.35 62.8
1529001220.36 63.4
1529001230.37 63.4
1529001240.38 63.4
1529001250.4 63.4
1529001260.42 62.8
1529001270.43 63.4
1529001280.45 63.4
1529001290.46 63.4
1529001300.48 63.4
1529001310.5 62.8
1529001320.52 63.4
1529001330.54 62.8
1529001340.55 63.4
1529001350.57 63.4
1529001360.59 63.4
1529001370.61 62.3
1529001380.62 62.8
1529001390.65 63.4
1529001400.67 62.8
1529001410.69 62.3
1529001420.71 62.8
1529001430.73 63.4
1529001440.74 63.4
1529001450.76 63.4
1529001460.77 63.4
1529001470.79 63.4
1529001480.81 63.4
1529001490.82 62.8
1529001500.84 63.4
1529001510.85 62.3
1529001520.87 63.4
1529001530.89 63.4
1529001540.91 63.4
1529001550.93 62.8
1529001560.94 63.4
1529001570.96 63.4
1529001580.98 63.4
1529001591.0 62.8
1529001601.02 62.8
1529001611.04 62.8
1529001621.07 62.8
1529001631.08 62.8
1529001641.1 62.8
1529001651.12 63.4
1529001661.13 62.8
1529001671.15 62.8
1529001681.17 62.3
1529001691.19 63.4
1529001701.2 63.4
1529001711.22 62.8
1529001721.24 63.4
1529001731.25 63.4
1529001741.27 63.4
1529001751.29 63.4
1529001761.31 63.4
1529001771.33 63.4
1529001781.35 63.4
1529001791.37 63.4
1529001801.38 63.4
1529001811.4 63.4
1529001821.41 64.5
1529001831.43 63.4
1529001841.45 63.4
1529001851.47 64.5
1529001861.49 64.5
1529001871.5 64.5
1529001881.52 63.4
1529001891.53 63.9
1529001901.55 64.5
1529001911.57 64.5
1529001921.58 64.5
1529001931.6 64.5
1529001941.62 64.5
1529001951.64 63.4
1529001961.66 64.5
1529001971.68 64.5
1529001981.7 64.5
1529001991.71 63.4
1529002001.73 63.4
1529002011.75 63.9
1529002021.77 64.5
1529002031.79 63.9
1529002041.81 64.5
1529002051.82 63.4
1529002061.84 63.4
1529002071.86 64.5
1529002081.87 64.5
1529002091.88 63.9
1529002101.9 64.5
1529002111.92 63.4
1529002121.94 63.9
1529002131.96 63.9
1529002141.98 64.5
1529002152.0 63.9
1529002162.01 64.5
1529002172.03 63.9
1529002182.04 64.5
1529002192.07 63.4
1529002202.09 64.5
1529002212.1 63.9
1529002222.12 64.5
1529002232.13 64.5
1529002242.15 63.9
1529002252.17 64.5
1529002262.18 64.5
1529002272.2 64.5
1529002282.22 64.5
1529002292.24 64.5
1529002302.25 64.5
1529002312.26 64.5
1529002322.28 65.0
1529002332.3 64.5
1529002342.31 65.5
1529002352.33 64.5
1529002362.35 64.5
1529002372.36 65.0
1529002382.38 64.5
1529002392.4 65.0
1529002402.41 65.0
1529002412.43 64.5
1529002422.44 64.5
1529002432.46 64.5
1529002442.48 64.5
1529002452.5 65.0
1529002462.52 65.0
1529002472.53 65.5
1529002482.55 64.5
1529002492.57 65.0
1529002502.58 65.0
1529002512.6 65.5
1529002522.62 65.5
1529002532.64 65.0
1529002542.66 64.5
1529002552.68 64.5
1529002562.69 64.5
1529002572.71 64.5
1529002582.73 65.0
1529002592.75 65.0
1529002602.77 65.5
1529002612.79 65.0
1529002622.8 65.0
1529002632.82 64.5
1529002642.84 65.0
1529002652.86 64.5
1529002662.88 65.0
1529002672.89 65.0
1529002682.9 65.0
1529002692.92 65.0
1529002702.93 65.5
1529002712.95 65.0
1529002722.97 65.0
1529002732.99 65.0
1529002743.02 64.5
1529002753.03 65.0
1529002763.05 65.0
1529002773.06 65.0
1529002783.08 64.5
1529002793.1 65.0
1529002803.12 66.6
1529002813.13 66.6
1529002823.15 65.5
1529002833.17 65.5
1529002843.19 65.0
1529002853.2 65.0
1529002863.22 65.0
1529002873.24 64.5
1529002883.26 64.5
1529002893.28 64.5
1529002903.3 65.0
1529002913.33 65.0
1529002923.34 64.5
1529002933.36 64.5
1529002943.38 64.5
1529002953.39 64.5
1529002963.4 64.5
1529002973.43 63.9
1529002983.44 64.5
1529002993.46 63.9
1529003003.47 63.4
1529003013.49 65.0
1529003023.51 63.9
1529003033.53 64.5
1529003043.55 65.0
1529003053.57 63.9
1529003063.59 63.4
1529003073.61 64.5
1529003083.63 64.5
1529003093.65 64.5
1529003103.66 64.5
1529003113.68 63.9
1529003123.7 63.4
1529003133.71 64.5
1529003143.73 64.5
1529003153.75 63.4
1529003163.77 64.5
1529003173.79 63.9
1529003183.8 63.4
1529003193.82 63.9
1529003203.83 63.4
1529003213.85 63.4
1529003223.86 63.4
1529003233.88 63.9
1529003243.89 63.4
1529003253.9 64.5
1529003263.92 63.4
1529003273.94 64.5
1529003283.95 64.5
1529003293.97 64.5
1529003303.98 64.5
1529003313.99 63.9
1529003324.01 64.5
1529003334.02 64.5
1529003344.04 64.5
1529003354.06 64.5
1529003364.08 63.9
1529003374.09 64.5
1529003384.1 64.5
1529003394.12 63.9
1529003404.13 64.5
1529003414.15 63.4
1529003424.17 64.5
1529003434.18 64.5
1529003444.2 63.9
1529003454.21 64.5
1529003464.23 63.9
1529003474.24 63.4
1529003484.26 63.4
1529003494.28 64.5
1529003504.29 63.4
1529003514.31 64.5
1529003524.33 63.4
1529003534.34 64.5
1529003544.36 63.4
1529003554.37 63.4
1529003564.38 63.4
1529003574.39 63.4
1529003584.41 63.4
1529003594.42 63.4
1529003604.44 63.4
1529003614.45 62.3
1529003624.47 62.8
1529003634.49 62.8
1529003644.52 62.8
1529003654.54 62.3
1529003664.56 62.8
1529003674.57 62.8
1529003684.6 62.8
1529003694.61 62.8
1529003704.63 62.3
1529003714.64 62.8
1529003724.66 62.8
1529003734.68 61.8
1529003744.69 62.3
1529003754.71 61.2
1529003764.73 61.2
1529003774.75 61.2
1529003784.77 61.2
1529003794.79 61.8
1529003804.81 61.2
1529003814.83 62.3
1529003824.85 61.2
1529003834.87 61.2
1529003844.88 60.7
1529003854.91 61.2
1529003864.93 60.1
1529003874.94 61.2
1529003884.96 61.8
1529003894.98 60.7
1529003905.0 61.8
1529003915.02 61.8
1529003925.04 60.7
1529003935.05 61.2
1529003945.07 62.3
1529003955.08 62.3
1529003965.1 62.3
1529003975.12 62.3
1529003985.14 62.3
1529003995.15 62.3
1529004005.17 61.8
1529004015.18 62.3
1529004025.2 62.3
1529004035.22 62.8
1529004045.24 62.3
1529004055.25 62.3
1529004065.27 62.3
1529004075.29 62.8
1529004085.3 62.8
1529004095.32 62.3
1529004105.34 62.8
1529004115.36 63.4
1529004125.38 62.3
1529004135.39 62.8
1529004145.41 62.8
1529004155.42 63.4
1529004165.44 62.8
1529004175.46 63.9
1529004185.47 62.3
1529004195.49 63.4
1529004205.51 63.4
1529004215.52 63.4
1529004225.54 62.8
1529004235.56 62.8
1529004245.57 62.8
1529004255.59 62.3
1529004265.6 63.4
1529004275.62 63.4
1529004285.64 62.3
1529004295.66 63.4
1529004305.68 62.8
1529004315.69 63.4
1529004325.71 62.8
1529004335.73 62.8
1529004345.75 62.3
1529004355.76 63.4
1529004365.78 63.4
1529004375.8 62.8
1529004385.81 62.8
1529004395.83 62.3
1529004405.84 62.3
1529004415.87 63.4
1529004425.88 62.8
1529004435.9 62.8
1529004445.92 62.3
1529004455.93 62.3
1529004465.95 62.3
1529004475.97 62.3
1529004485.98 62.3
1529004496.0 62.8
1529004506.02 62.8
1529004516.04 62.3
1529004526.05 63.4
1529004536.07 63.4
1529004546.08 62.3
1529004556.1 62.8
1529004566.13 62.3
1529004576.14 62.3
1529004586.16 62.3
1529004596.18 62.3
1529004606.2 61.8
1529004616.21 62.3
1529004626.24 61.8
1529004636.25 62.8
1529004646.27 63.4
1529004656.28 62.8
1529004666.3 62.8
1529004676.31 63.4
1529004686.33 62.8
1529004696.34 62.8
1529004706.36 62.3
1529004716.37 62.3
1529004726.39 63.4
1529004736.41 62.8
1529004746.42 62.8
1529004756.44 62.3
1529004766.45 62.3
1529004776.47 62.3
1529004786.48 62.8
1529004796.5 62.3
1529004806.53 62.3
1529004816.54 62.3
1529004826.55 62.8
1529004836.57 62.8
1529004846.59 62.8
1529004856.61 62.3
1529004866.63 62.8
1529004876.64 63.4
1529004886.65 63.4
1529004896.67 63.4
1529004906.68 63.4
1529004916.7 62.3
1529004926.72 63.4
1529004936.74 63.4
1529004946.75 63.4
1529004956.77 62.3
1529004966.79 63.4
1529004976.8 63.9
1529004986.82 62.8
1529004996.83 63.4
1529005006.85 63.4
1529005016.87 62.8
1529005026.88 62.8
1529005036.89 62.3
1529005046.91 62.3
1529005056.93 62.3
1529005066.94 62.3
1529005076.96 62.3
1529005086.98 62.3
1529005097.0 62.3
1529005107.01 62.3
1529005117.03 62.8
1529005127.05 62.3
1529005137.07 62.8
1529005147.09 62.3
1529005157.1 62.3
1529005167.12 62.3
1529005177.13 62.3
1529005187.15 62.8
1529005197.16 62.8
1529005207.18 62.3
1529005217.19 62.3
1529005227.21 62.3
1529005237.23 62.3
1529005247.24 63.4
1529005257.26 62.3
1529005267.28 62.3
1529005277.3 62.3
1529005287.32 62.3
1529005297.33 62.8
1529005307.35 62.3
1529005317.37 61.8
1529005327.39 61.2
1529005337.4 61.2
1529005347.42 61.2
1529005357.44 62.3
1529005367.46 61.8
1529005377.47 61.8
1529005387.49 61.2
1529005397.5 62.3
1529005407.52 62.3
1529005417.53 61.8
1529005427.55 62.3
1529005437.57 62.3
1529005447.58 62.3
1529005457.6 62.3
1529005467.61 62.3
1529005477.63 62.3
1529005487.66 62.8
1529005497.67 62.8
1529005507.69 62.8
1529005517.7 63.4
1529005527.72 62.3
1529005537.74 62.3
1529005547.76 62.8
1529005557.77 62.3
1529005567.79 62.8
1529005577.81 62.3
1529005587.83 62.3
1529005597.84 63.4
1529005607.86 63.4
1529005617.88 63.4
1529005627.89 62.3
1529005637.91 63.4
1529005647.92 62.8
1529005657.94 62.8
1529005667.96 62.8
1529005677.97 63.9
1529005687.98 62.8
1529005698.0 63.4
1529005708.02 63.4
1529005718.03 63.4
1529005728.04 63.4
1529005738.06 63.4
1529005748.07 62.8
1529005758.08 63.4
1529005768.1 63.4
1529005778.12 62.8
1529005788.14 63.4
1529005798.16 62.3
1529005808.17 63.4
1529005818.19 62.8
1529005828.2 63.4
1529005838.22 62.3
1529005848.23 62.3
1529005858.25 62.3
1529005868.27 61.8
1529005878.29 62.3
1529005888.3 62.3
1529005898.32 62.3
1529005908.33 62.3
1529005918.35 62.8
1529005928.38 62.3
1529005938.39 63.4
1529005948.4 63.4
1529005958.42 62.8
1529005968.44 63.4
1529005978.45 63.9
1529005988.46 63.4
1529005998.48 63.4
1529006008.51 63.4
1529006018.53 63.4
1529006028.54 64.5
1529006038.56 63.4
1529006048.58 63.4
1529006058.6 63.9
1529006068.61 63.9
1529006078.62 64.5
1529006088.64 64.5
1529006098.66 64.5
1529006108.67 64.5
1529006118.69 64.5
1529006128.7 63.4
1529006138.72 63.4
1529006148.74 64.5
1529006158.76 64.5
1529006168.78 64.5
1529006178.79 63.9
1529006188.81 64.5
1529006198.83 64.5
1529006208.84 64.5
1529006218.86 64.5
1529006228.88 65.0
1529006238.89 65.0
1529006248.91 65.0
1529006258.93 65.0
1529006268.94 64.5
1529006278.96 65.5
1529006288.98 65.5
1529006299.0 64.5
1529006309.02 65.5
1529006319.03 65.5
1529006329.05 64.5
1529006339.07 65.0
1529006349.08 64.5
1529006359.09 65.0
1529006369.11 64.5
1529006379.13 64.5
1529006389.15 65.0
1529006399.16 65.0
1529006409.18 65.0
1529006419.2 65.5
1529006429.21 65.0
1529006439.23 65.0
1529006449.25 65.5
1529006459.26 65.0
1529006469.28 65.0
1529006479.3 65.0
1529006489.31 64.5
1529006499.34 65.0
1529006509.35 64.5
1529006519.36 65.0
1529006529.37 65.5
1529006539.39 65.0
1529006549.4 64.5
1529006559.43 65.0
1529006569.44 65.0
1529006579.46 65.5
1529006589.48 65.0
1529006599.48 65.5
1529006609.5 65.5
1529006619.52 65.5
1529006629.53 65.5
1529006639.55 65.5
1529006649.57 65.5
1529006659.59 65.5
1529006669.6 65.5
1529006679.63 65.5
1529006689.64 65.5
1529006699.66 65.5
1529006709.67 65.0
1529006719.7 65.5
1529006729.71 65.5
1529006739.73 66.1
1529006749.75 65.5
1529006759.76 65.5
1529006769.79 65.5
1529006779.8 65.5
1529006789.82 65.5
1529006799.83 65.5
1529006809.85 65.0
1529006819.87 65.5
1529006829.89 65.5
1529006839.91 65.5
1529006849.92 65.5
1529006859.93 65.5
1529006869.95 64.5
1529006879.97 65.5
1529006889.99 65.0
1529006900.01 65.0
1529006910.02 65.5
1529006920.05 64.5
1529006930.06 65.0
1529006940.07 65.0
1529006950.09 64.5
1529006960.12 63.9
1529006970.13 65.0
1529006980.14 64.5
1529006990.16 64.5
1529007000.18 65.0
1529007010.2 65.0
1529007020.22 64.5
1529007030.24 64.5
1529007040.25 65.0
1529007050.27 63.9
1529007060.29 64.5
1529007070.31 63.9
1529007080.32 64.5
1529007090.35 63.4
1529007100.36 63.9
1529007110.39 63.9
1529007120.4 63.4
1529007130.43 63.4
1529007140.45 63.4
1529007150.47 63.4
1529007160.49 62.8
1529007170.5 63.4
1529007180.52 63.9
1529007190.52 63.4
1529007200.53 64.5
1529007210.54 64.5
1529007220.55 65.0
1529007230.57 64.5
1529007240.59 64.5
1529007250.6 64.5
1529007260.62 64.5
1529007270.63 65.0
1529007280.66 64.5
1529007290.67 64.5
1529007300.68 64.5
1529007310.7 64.5
1529007320.72 64.5
1529007330.75 65.0
1529007340.77 64.5
1529007350.78 65.0
1529007360.8 64.5
1529007370.82 64.5
1529007380.83 65.0
1529007390.85 64.5
1529007400.87 64.5
1529007410.89 64.5
1529007420.9 64.5
1529007430.92 62.8
1529007440.94 63.4
1529007450.95 63.4
1529007460.97 63.4
1529007470.99 62.8
1529007481.01 63.4
1529007491.02 63.4
1529007501.05 63.9
1529007511.06 62.8
1529007521.07 63.4
1529007531.09 63.4
1529007541.1 63.4
1529007551.12 63.9
1529007561.14 64.5
1529007571.16 63.4
1529007581.17 63.4
1529007591.19 63.4
1529007601.2 63.4
1529007611.21 63.4
1529007621.23 63.4
1529007631.25 64.5
1529007641.27 63.4
1529007651.28 63.4
1529007661.3 62.8
1529007671.31 63.4
1529007681.34 62.3
1529007691.35 62.3
1529007701.37 62.8
1529007711.39 63.4
1529007721.41 62.3
1529007731.44 63.4
1529007741.45 63.4
1529007751.47 63.4
1529007761.49 62.8
1529007771.51 63.4
1529007781.52 63.4
1529007791.54 63.4
1529007801.55 62.8
1529007811.57 63.4
1529007821.58 63.4
1529007831.6 63.4
1529007841.61 63.4
1529007851.63 63.4
1529007861.64 63.9
1529007871.65 63.9
1529007881.67 63.4
1529007891.69 62.8
1529007901.7 63.4
1529007911.71 62.8
1529007921.74 63.4
1529007931.75 63.4
1529007941.76 63.4
1529007951.77 63.4
1529007961.79 62.3
1529007971.81 63.9
1529007981.82 63.4
1529007991.84 63.4
1529008001.85 63.4
1529008011.86 62.8
1529008021.88 62.8
1529008031.89 62.3
1529008041.91 62.3
1529008051.93 62.8
1529008061.94 62.8
1529008071.96 62.8
1529008081.97 62.3
1529008091.99 62.3
1529008102.0 62.3
1529008112.02 62.3
1529008122.04 62.3
1529008132.06 62.3
1529008142.07 62.3
1529008152.09 62.3
1529008162.1 62.8
1529008172.13 62.3
1529008182.15 62.3
1529008192.16 62.3
1529008202.18 62.3
1529008212.19 62.3
1529008222.2 62.3
1529008232.22 62.3
1529008242.23 62.8
1529008252.25 62.3
1529008262.26 62.3
1529008272.28 62.8
1529008282.3 62.3
1529008292.31 62.3
1529008302.32 63.4
1529008312.35 62.3
1529008322.36 62.3
1529008332.38 62.3
1529008342.39 62.3
1529008352.4 62.3
1529008362.43 62.3
1529008372.44 62.3
1529008382.46 62.3
1529008392.48 61.2
1529008402.5 61.2
1529008412.52 61.8
1529008422.53 61.8
1529008432.55 61.2
1529008442.57 61.2
1529008452.59 61.8
1529008462.6 61.8
1529008472.62 60.7
1529008482.64 61.8
1529008492.66 61.2
1529008502.67 60.7
1529008512.69 60.7
1529008522.71 61.2
1529008532.73 61.2
1529008542.75 61.2
1529008552.76 61.2
1529008562.78 61.8
1529008572.8 61.2
1529008582.82 61.8
1529008592.84 61.2
1529008602.85 60.7
1529008612.88 61.2
1529008622.89 61.2
1529008632.91 61.2
1529008642.93 61.2
1529008652.94 61.8
1529008662.95 61.8
1529008672.96 61.8
1529008682.98 61.2
1529008692.99 61.2
1529008703.01 61.2
1529008713.03 62.3
1529008723.06 61.2
1529008733.08 61.2
1529008743.1 61.2
1529008753.12 61.8
1529008763.13 61.8
1529008773.15 61.2
1529008783.17 61.8
1529008793.19 61.2
1529008803.21 60.7
1529008813.23 61.2
1529008823.24 61.2
1529008833.26 61.2
1529008843.28 61.8
1529008853.29 62.3
1529008863.31 61.8
1529008873.33 61.2
1529008883.35 61.2
1529008893.36 61.2
1529008903.38 60.7
1529008913.4 61.2
1529008923.42 61.2
1529008933.43 61.2
1529008943.45 60.7
1529008953.47 61.2
1529008963.48 61.2
1529008973.5 60.7
1529008983.51 61.2
1529008993.53 61.8
1529009003.54 61.2
1529009013.55 61.2
1529009023.57 61.2
1529009033.6 60.7
1529009043.62 60.7
1529009053.64 60.1
1529009063.66 60.7
1529009073.68 61.2
1529009083.69 61.2
1529009093.71 61.2
1529009103.72 61.2
1529009113.73 61.2
1529009123.75 61.2
1529009133.77 61.2
1529009143.79 61.8
1529009153.8 61.2
1529009163.82 61.8
1529009173.84 61.8
1529009183.85 61.8
1529009193.87 61.2
1529009203.88 61.2
1529009213.9 61.8
1529009223.92 61.2
1529009233.94 62.3
1529009243.96 61.2
1529009253.97 61.2
1529009263.99 60.7
1529009274.0 61.8
1529009284.02 61.2
1529009294.04 61.2
1529009304.06 60.7
1529009314.07 61.2
1529009324.09 60.7
1529009334.11 61.2
1529009344.13 61.2
1529009354.14 61.2
1529009364.16 61.2
1529009374.18 61.2
1529009384.2 61.2
1529009394.22 61.2
1529009404.23 60.7
1529009414.25 61.2
1529009424.27 61.8
1529009434.28 61.8
1529009444.3 61.2
1529009454.31 61.2
1529009464.32 61.8
1529009474.33 61.2
1529009484.35 61.8
1529009494.36 61.2
1529009504.37 61.2
1529009514.38 61.2
1529009524.4 61.2
1529009534.41 61.2
1529009544.43 61.8
1529009554.45 61.8
1529009564.47 61.2
1529009574.48 61.2
1529009584.5 61.2
1529009594.52 60.7
1529009604.54 60.7
1529009614.56 60.7
1529009624.57 61.2
1529009634.59 60.1
1529009644.61 60.7
1529009654.62 61.2
1529009664.63 60.7
1529009674.65 61.2
1529009684.66 60.7
1529009694.68 61.2
1529009704.69 60.7
1529009714.71 60.7
1529009724.73 60.7
1529009734.74 60.7
1529009744.76 60.1
1529009754.78 60.7
1529009764.8 61.2
1529009774.81 60.7
1529009784.83 60.1
1529009794.85 60.7
1529009804.86 60.1
1529009814.88 60.1
1529009824.9 60.1
1529009834.91 60.1
1529009844.92 60.1
1529009854.94 60.1
1529009864.95 60.7
1529009874.96 60.7
1529009884.98 61.2
1529009895.0 60.7
1529009905.02 60.7
1529009915.04 60.1
1529009925.05 60.7
1529009935.06 59.6
1529009945.08 60.1
1529009955.09 60.1
1529009965.11 59.6
1529009975.12 59.6
1529009985.14 60.1
1529009995.16 59.1
