1530300009.55 79.0
1530300019.57 79.5
1530300029.59 79.5
1530300039.6 79.5
1530300049.62 79.5
1530300059.63 79.5
1530300069.64 78.4
1530300079.66 79.5
1530300089.67 79.0
1530300099.69 79.5
1530300109.7 79.0
1530300119.71 78.4
1530300129.73 78.4
1530300139.74 78.4
1530300149.76 78.4
1530300159.77 78.4
1530300169.78 78.4
1530300179.8 78.4
1530300189.82 78.4
1530300199.83 79.0
1530300209.85 77.9
1530300219.87 77.9
1530300229.88 78.4
1530300239.9 78.4
1530300249.92 79.0
1530300259.93 78.4
1530300269.95 78.4
1530300279.97 78.4
1530300289.98 77.9
1530300300.0 77.9
1530300310.02 79.0
1530300320.04 79.0
1530300330.06 78.4
1530300340.08 79.5
1530300350.1 79.5
1530300360.11 79.5
1530300370.13 79.0
1530300380.15 79.5
1530300390.16 79.0
1530300400.18 79.0
1530300410.2 79.5
1530300420.22 79.5
1530300430.24 79.0
1530300440.26 79.5
1530300450.27 79.0
1530300460.28 79.0
1530300470.3 79.5
1530300480.33 79.5
1530300490.35 79.5
1530300500.36 79.5
1530300510.38 79.5
1530300520.4 79.5
1530300530.41 79.5
1530300540.43 79.5
1530300550.44 79.5
1530300560.46 80.6
1530300570.47 80.1
1530300580.48 80.6
1530300590.5 80.1
1530300600.52 80.6
1530300610.53 80.1
1530300620.56 80.6
1530300630.58 80.6
1530300640.59 79.5
1530300650.61 80.6
1530300660.63 80.6
1530300670.64 80.6
1530300680.66 80.1
1530300690.67 80.1
1530300700.69 80.6
1530300710.71 80.6
1530300720.72 80.6
1530300730.73 80.6
1530300740.75 80.6
1530300750.78 80.6
1530300760.79 80.6
1530300770.81 80.6
1530300780.83 80.6
1530300790.84 80.6
1530300800.86 80.6
1530300810.87 80.6
1530300820.89 80.6
1530300830.9 80.6
1530300840.91 81.1
1530300850.93 80.6
1530300860.95 80.6
1530300870.97 80.6
1530300880.98 81.1
1530300891.0 81.1
1530300901.02 81.1
1530300911.03 80.6
1530300921.05 80.6
1530300931.06 80.6
1530300941.07 80.6
1530300951.08 80.6
1530300961.1 81.1
1530300971.12 80.1
1530300981.13 80.1
1530300991.15 80.1
1530301001.17 80.1
1530301011.19 79.5
1530301021.2 80.1
1530301031.22 80.6
1530301041.24 79.5
1530301051.26 79.5
1530301061.27 80.1
1530301071.28 79.5
1530301081.29 80.1
1530301091.3 79.5
1530301101.32 79.0
1530301111.34 79.5
1530301121.35 79.5
1530301131.37 79.0
1530301141.38 79.5
1530301151.4 79.0
1530301161.42 79.0
1530301171.44 79.5
1530301181.45 78.4
1530301191.47 79.0
1530301201.49 78.4
1530301211.51 78.4
1530301221.53 77.9
1530301231.56 78.4
1530301241.57 78.4
1530301251.59 78.4
1530301261.62 78.4
1530301271.63 78.4
1530301281.64 78.4
1530301291.66 79.0
1530301301.68 77.9
1530301311.7 78.4
1530301321.71 77.9
1530301331.73 77.4
1530301341.76 77.4
1530301351.78 77.9
1530301361.79 77.4
1530301371.81 77.9
1530301381.83 77.9
1530301391.85 77.9
1530301401.86 77.9
1530301411.88 78.4
1530301421.89 77.9
1530301431.92 77.9
1530301441.94 77.9
1530301451.96 78.4
1530301461.98 77.4
1530301472.0 77.4
1530301482.02 77.9
1530301492.04 77.9
1530301502.05 77.4
1530301512.07 77.4
1530301522.09 77.4
1530301532.11 77.9
1530301542.13 78.4
1530301552.14 77.9
1530301562.15 77.4
1530301572.17 77.4
1530301582.19 77.4
1530301592.21 77.4
1530301602.22 77.4
1530301612.24 77.4
1530301622.26 77.4
1530301632.28 77.4
1530301642.29 77.9
1530301652.31 77.4
1530301662.32 77.4
1530301672.33 76.8
1530301682.35 77.9
1530301692.36 76.8
1530301702.39 77.4
1530301712.41 76.8
1530301722.43 76.8
1530301732.45 77.4
1530301742.47 77.4
1530301752.48 77.9
1530301762.5 77.9
1530301772.52 77.4
1530301782.54 77.9
1530301792.56 77.9
1530301802.57 77.9
1530301812.58 77.4
1530301822.6 77.9
1530301832.62 77.9
1530301842.63 77.9
1530301852.65 78.4
1530301862.67 77.9
1530301872.68 77.9
1530301882.7 77.9
1530301892.71 77.4
1530301902.73 77.4
1530301912.75 77.4
1530301922.77 77.9
1530301932.79 77.4
1530301942.81 77.4
1530301952.82 77.4
1530301962.84 77.4
1530301972.85 77.4
1530301982.87 77.4
1530301992.89 76.8
1530302002.91 76.8
1530302012.93 76.8
1530302022.95 77.4
1530302032.96 76.8
1530302042.97 76.3
1530302052.99 77.4
1530302063.0 77.4
1530302073.03 77.4
1530302083.04 77.4
1530302093.06 77.4
1530302103.08 77.4
1530302113.1 77.4
1530302123.12 77.4
1530302133.13 77.4
1530302143.15 76.8
1530302153.17 77.4
1530302163.18 77.4
1530302173.2 77.4
1530302183.22 77.4
1530302193.24 76.8
1530302203.26 76.3
1530302213.28 76.3
1530302223.29 77.4
1530302233.31 77.4
1530302243.33 77.4
1530302253.35 77.4
1530302263.37 77.9
1530302273.39 76.3
1530302283.4 77.4
1530302293.42 77.9
1530302303.43 77.4
1530302313.45 77.9
1530302323.47 77.4
1530302333.48 78.4
1530302343.5 76.8
1530302353.52 77.9
1530302363.53 77.4
1530302373.55 77.4
1530302383.57 78.4
1530302393.59 78.4
1530302403.61 79.5
1530302413.62 79.0
1530302423.63 78.4
1530302433.65 78.4
1530302443.67 78.4
1530302453.69 78.4
1530302463.71 77.9
1530302473.73 77.9
1530302483.75 78.4
1530302493.76 79.0
1530302503.78 79.0
1530302513.8 78.4
1530302523.81 78.4
1530302533.83 79.5
1530302543.85 78.4
1530302553.87 77.9
1530302563.89 79.5
1530302573.91 79.0
1530302583.92 78.4
1530302593.94 78.4
1530302603.95 78.4
1530302613.97 78.4
1530302623.98 78.4
1530302633.99 79.5
1530302644.01 79.5
1530302654.02 78.4
1530302664.04 79.0
1530302674.05 79.5
1530302684.07 78.4
1530302694.09 79.0
1530302704.1 78.4
1530302714.12 79.0
1530302724.13 79.0
1530302734.15 79.0
1530302744.16 79.0
1530302754.18 79.0
1530302764.2 77.9
1530302774.22 79.0
1530302784.24 78.4
1530302794.25 78.4
1530302804.27 79.0
1530302814.28 77.9
1530302824.3 78.4
1530302834.32 79.0
1530302844.33 78.4
1530302854.35 79.0
1530302864.37 77.9
1530302874.38 78.4
1530302884.4 79.5
1530302894.41 78.4
1530302904.43 78.4
1530302914.45 78.4
1530302924.46 78.4
1530302934.48 78.4
1530302944.49 77.9
1530302954.51 78.4
1530302964.53 78.4
1530302974.54 77.9
1530302984.55 78.4
1530302994.57 78.4
1530303004.59 77.9
1530303014.61 77.9
1530303024.63 78.4
1530303034.65 77.9
1530303044.66 78.4
1530303054.68 78.4
1530303064.69 77.4
1530303074.71 77.4
1530303084.73 77.9
1530303094.75 77.9
1530303104.77 77.9
1530303114.79 77.4
1530303124.8 77.4
1530303134.83 77.4
1530303144.84 78.4
1530303154.86 77.9
1530303164.88 77.9
1530303174.9 77.9
1530303184.91 77.4
1530303194.93 77.9
1530303204.95 77.9
1530303214.96 77.4
1530303224.98 77.9
1530303234.99 78.4
1530303245.01 77.9
1530303255.03 77.4
1530303265.05 78.4
1530303275.07 77.9
1530303285.09 78.4
1530303295.11 78.4
1530303305.13 77.9
1530303315.15 77.4
1530303325.17 77.4
1530303335.19 77.4
1530303345.21 77.9
1530303355.23 78.4
1530303365.24 78.4
1530303375.26 77.9
1530303385.28 79.0
1530303395.3 77.4
1530303405.32 77.4
1530303415.33 78.4
1530303425.35 77.4
1530303435.36 77.4
1530303445.38 77.9
1530303455.4 77.4
1530303465.41 77.4
1530303475.43 77.9
1530303485.45 77.4
1530303495.46 77.9
1530303505.48 77.9
1530303515.5 77.4
1530303525.52 77.9
1530303535.54 77.4
1530303545.56 77.9
1530303555.58 77.9
1530303565.6 77.4
1530303575.61 77.4
1530303585.63 77.9
1530303595.66 77.9
1530303605.68 77.9
1530303615.69 77.4
1530303625.71 77.9
1530303635.73 77.4
1530303645.74 77.9
1530303655.76 77.9
1530303665.77 77.9
1530303675.78 77.9
1530303685.8 78.4
1530303695.82 78.4
1530303705.83 78.4
1530303715.85 78.4
1530303725.87 78.4
1530303735.89 79.5
1530303745.9 79.0
1530303755.92 79.0
1530303765.93 79.5
1530303775.95 79.5
1530303785.97 79.5
1530303795.98 79.0
1530303806.0 79.5
1530303816.02 79.5
1530303826.03 80.1
1530303836.05 79.5
1530303846.06 79.5
1530303856.08 79.5
1530303866.09 79.5
1530303876.11 79.5
1530303886.13 79.5
1530303896.14 79.5
1530303906.15 79.5
1530303916.17 79.5
1530303926.19 79.5
1530303936.2 79.5
1530303946.22 79.5
1530303956.24 79.5
1530303966.25 79.5
1530303976.27 79.5
1530303986.28 79.5
1530303996.3 79.5
1530304006.32 79.5
1530304016.33 79.5
1530304026.35 79.5
1530304036.37 79.5
1530304046.38 79.5
1530304056.4 79.5
1530304066.42 78.4
1530304076.44 79.0
1530304086.45 79.5
1530304096.48 78.4
1530304106.49 79.0
1530304116.51 79.5
1530304126.53 78.4
1530304136.55 78.4
1530304146.56 78.4
1530304156.58 79.5
1530304166.6 79.0
1530304176.62 79.0
1530304186.63 79.0
1530304196.65 78.4
1530304206.67 78.4
1530304216.69 79.0
1530304226.7 77.9
1530304236.72 78.4
1530304246.74 78.4
1530304256.76 77.9
1530304266.78 77.9
1530304276.79 77.9
1530304286.81 78.4
1530304296.83 78.4
1530304306.85 77.9
1530304316.86 77.9
1530304326.88 77.4
1530304336.89 77.9
1530304346.91 77.9
1530304356.93 78.4
1530304366.95 78.4
1530304376.96 77.9
1530304386.97 77.9
1530304396.99 78.4
1530304407.0 77.9
1530304417.01 77.9
1530304427.02 78.4
1530304437.04 78.4
1530304447.06 78.4
1530304457.08 77.9
1530304467.1 77.9
1530304477.12 78.4
1530304487.13 77.9
1530304497.15 77.4
1530304507.17 77.9
1530304517.19 77.4
1530304527.22 77.9
1530304537.23 77.4
1530304547.25 77.4
1530304557.27 77.9
1530304567.29 77.9
1530304577.3 77.9
1530304587.32 77.4
1530304597.34 78.4
1530304607.35 78.4
1530304617.37 77.9
1530304627.39 78.4
1530304637.4 78.4
1530304647.42 78.4
1530304657.44 77.9
1530304667.45 78.4
1530304677.47 77.9
1530304687.49 78.4
1530304697.5 77.9
1530304707.53 77.9
1530304717.54 77.9
1530304727.56 77.4
1530304737.57 77.4
1530304747.59 77.9
1530304757.61 77.4
1530304767.63 77.4
1530304777.64 77.4
1530304787.65 77.4
1530304797.67 77.4
1530304807.68 77.4
1530304817.7 77.4
1530304827.71 77.9
1530304837.73 77.4
1530304847.74 78.4
1530304857.76 77.4
1530304867.78 77.9
1530304877.8 77.9
1530304887.81 78.4
1530304897.83 78.4
1530304907.84 78.4
1530304917.86 78.4
1530304927.88 78.4
1530304937.89 78.4
1530304947.91 77.9
1530304957.93 78.4
1530304967.94 78.4
1530304977.96 78.4
1530304987.97 77.9
1530304997.99 78.4
1530305008.01 77.9
1530305018.02 77.9
1530305028.04 78.4
1530305038.05 78.4
1530305048.07 79.0
1530305058.08 77.9
1530305068.1 78.4
1530305078.12 78.4
1530305088.14 77.9
1530305098.15 78.4
1530305108.17 78.4
1530305118.19 77.9
1530305128.21 78.4
1530305138.22 78.4
1530305148.24 78.4
1530305158.25 77.9
1530305168.27 77.4
1530305178.29 78.4
1530305188.3 78.4
1530305198.33 78.4
1530305208.35 79.0
1530305218.37 78.4
1530305228.39 78.4
1530305238.4 78.4
1530305248.42 78.4
1530305258.44 78.4
1530305268.46 78.4
1530305278.48 78.4
1530305288.49 78.4
1530305298.5 78.4
1530305308.52 79.5
1530305318.54 79.0
1530305328.55 79.0
1530305338.57 79.0
1530305348.58 78.4
1530305358.6 78.4
1530305368.61 79.0
1530305378.63 77.9
1530305388.65 79.0
1530305398.66 77.9
1530305408.68 77.9
1530305418.69 77.9
1530305428.71 77.4
1530305438.72 77.9
1530305448.74 77.9
1530305458.76 77.9
1530305468.78 77.4
1530305478.8 78.4
1530305488.82 78.4
1530305498.84 78.4
1530305508.86 77.4
1530305518.88 78.4
1530305528.9 78.4
1530305538.91 78.4
1530305548.93 78.4
1530305558.94 78.4
1530305568.96 77.9
1530305578.97 77.4
1530305588.99 77.4
1530305599.01 78.4
1530305609.03 78.4
1530305619.04 78.4
1530305629.06 77.9
1530305639.07 77.4
1530305649.09 77.4
1530305659.11 78.4
1530305669.12 77.9
1530305679.13 78.4
1530305689.15 78.4
1530305699.17 77.4
1530305709.18 78.4
1530305719.29 78.4
1530305729.31 78.4
1530305739.32 77.9
1530305749.34 78.4
1530305759.36 77.9
1530305769.37 78.4
1530305779.39 78.4
1530305789.4 78.4
1530305799.42 77.9
1530305809.44 78.4
1530305819.45 77.9
1530305829.47 77.9
1530305839.58 77.4
1530305849.6 77.4
1530305859.61 77.4
1530305869.63 76.8
1530305879.65 77.9
1530305889.67 76.8
1530305899.69 77.9
1530305909.7 77.4
1530305919.72 77.4
1530305929.73 77.9
1530305939.76 77.9
1530305949.77 77.9
1530305959.79 77.4
1530305969.81 77.4
1530305979.83 77.9
1530305989.85 77.4
1530305999.86 78.4
1530306009.87 77.9
1530306019.89 78.4
1530306029.91 77.4
1530306039.92 77.9
1530306049.94 78.4
1530306059.95 78.4
1530306069.98 77.4
1530306079.99 77.9
1530306090.01 77.4
1530306100.02 77.4
1530306110.04 77.4
1530306120.06 77.9
1530306130.08 78.4
1530306140.09 78.4
1530306150.11 77.9
1530306160.13 77.9
1530306170.14 77.4
1530306180.16 77.4
1530306190.17 77.9
1530306200.19 77.9
1530306210.21 77.4
1530306220.23 77.9
1530306230.24 77.9
1530306240.26 77.9
1530306250.27 77.9
1530306260.29 77.4
1530306270.31 77.4
1530306280.32 77.4
1530306290.34 77.9
1530306300.35 77.9
1530306310.37 77.9
1530306320.39 77.4
1530306330.4 78.4
1530306340.42 77.9
1530306350.44 77.4
1530306360.46 77.9
1530306370.48 77.9
1530306380.5 78.4
1530306390.52 77.4
1530306400.54 78.4
1530306410.56 77.9
1530306420.58 78.4
1530306430.59 78.4
1530306440.61 77.4
1530306450.63 77.9
1530306460.65 77.9
1530306470.67 77.4
1530306480.69 78.4
1530306490.71 77.9
1530306500.73 77.4
1530306510.74 76.8
1530306520.76 77.4
1530306530.78 77.4
1530306540.8 77.9
1530306550.81 77.4
1530306560.82 77.4
1530306570.83 77.4
1530306580.84 77.9
1530306590.86 77.4
1530306600.88 77.9
1530306610.9 77.4
1530306620.91 77.9
1530306630.92 77.4
1530306640.93 78.4
1530306650.94 77.4
1530306660.95 77.4
1530306670.96 76.8
1530306680.98 77.4
1530306691.0 77.4
1530306701.02 77.4
1530306711.04 77.4
1530306721.05 77.4
1530306731.08 76.8
1530306741.09 76.8
1530306751.11 77.4
1530306761.12 76.3
1530306771.14 76.8
1530306781.16 77.4
1530306791.18 76.8
1530306801.2 76.8
1530306811.21 77.4
1530306821.23 77.4
1530306831.25 77.4
1530306841.27 77.4
1530306851.29 77.4
1530306861.31 77.4
1530306871.32 77.4
1530306881.35 76.8
1530306891.36 76.8
1530306901.38 77.4
1530306911.39 77.4
1530306921.41 77.9
1530306931.43 77.4
1530306941.44 77.4
1530306951.47 77.9
1530306961.48 77.4
1530306971.5 77.4
1530306981.51 77.4
1530306991.53 77.4
1530307001.55 77.4
1530307011.56 77.4
1530307021.58 77.4
1530307031.59 77.4
1530307041.61 77.4
1530307051.63 76.3
1530307061.65 76.3
1530307071.67 77.4
1530307081.69 77.4
1530307091.71 77.4
1530307101.72 76.3
1530307111.74 77.4
1530307121.75 77.4
1530307131.77 77.4
1530307141.79 77.4
1530307151.8 76.3
1530307161.82 76.8
1530307171.84 77.4
1530307181.86 77.4
1530307191.88 77.4
1530307201.89 77.4
1530307211.91 77.4
1530307221.93 76.8
1530307231.95 77.4
1530307241.96 77.4
1530307251.98 77.4
1530307262.0 77.4
1530307272.01 77.4
1530307282.02 77.4
1530307292.04 77.9
1530307302.06 78.4
1530307312.07 77.4
1530307322.09 77.9
1530307332.1 77.4
1530307342.12 76.8
1530307352.14 77.4
1530307362.16 77.4
1530307372.17 77.9
1530307382.19 77.4
1530307392.21 77.4
1530307402.23 77.4
1530307412.25 77.4
1530307422.27 77.4
1530307432.29 77.4
1530307442.3 77.9
1530307452.32 77.9
1530307462.34 77.9
1530307472.36 77.4
1530307482.37 77.9
1530307492.39 77.9
1530307502.4 78.4
1530307512.42 78.4
1530307522.43 77.9
1530307532.44 77.9
1530307542.46 76.8
1530307552.48 77.4
1530307562.5 77.4
1530307572.52 76.3
1530307582.53 76.8
1530307592.55 77.4
1530307602.57 76.8
1530307612.59 76.3
1530307622.6 76.3
1530307632.62 76.8
1530307642.64 76.8
1530307652.65 76.3
1530307662.67 76.3
1530307672.68 76.3
1530307682.7 76.3
1530307692.72 75.8
1530307702.73 76.8
1530307712.75 75.8
1530307722.76 76.3
1530307732.78 76.3
1530307742.8 75.8
1530307752.82 76.3
1530307762.83 76.8
1530307772.84 76.3
1530307782.85 75.8
1530307792.87 76.3
1530307802.88 76.3
1530307812.9 76.3
1530307822.92 76.8
1530307832.93 76.3
1530307842.95 76.3
1530307852.96 75.2
1530307862.98 75.2
1530307872.99 75.2
1530307883.01 75.2
1530307893.03 75.2
1530307903.04 75.2
1530307913.05 75.2
1530307923.07 75.2
1530307933.1 75.2
1530307943.12 74.7
1530307953.13 75.2
1530307963.15 74.1
1530307973.17 74.1
1530307983.18 74.7
1530307993.2 75.2
1530308003.21 75.2
1530308013.23 75.2
1530308023.25 75.8
1530308033.26 75.2
1530308043.28 75.2
1530308053.3 75.8
1530308063.32 75.8
1530308073.33 75.2
1530308083.35 75.2
1530308093.37 75.2
1530308103.38 75.2
1530308113.39 75.2
1530308123.41 75.2
1530308133.43 74.1
1530308143.45 74.7
1530308153.46 74.1
1530308163.48 74.1
1530308173.5 75.2
1530308183.52 74.1
1530308193.54 74.7
1530308203.55 74.7
1530308213.57 74.7
1530308223.59 74.1
1530308233.61 74.1
1530308243.62 74.7
1530308253.64 74.1
1530308263.67 73.6
1530308273.68 74.1
1530308283.7 74.1
1530308293.72 74.1
1530308303.74 75.2
1530308313.75 73.6
1530308323.76 73.6
1530308333.77 74.1
1530308343.79 74.7
1530308353.81 73.6
1530308363.83 74.1
1530308373.85 74.1
1530308383.87 74.1
1530308393.89 74.7
1530308403.9 74.1
1530308413.92 74.7
1530308423.93 74.7
1530308433.94 74.7
1530308443.96 74.1
1530308453.98 74.7
1530308463.99 74.1
1530308474.01 74.7
1530308484.03 74.1
1530308494.04 74.7
1530308504.06 74.7
1530308514.08 74.7
1530308524.1 74.1
1530308534.12 75.2
1530308544.14 74.7
1530308554.15 74.1
1530308564.17 74.1
1530308574.19 74.7
1530308584.2 75.2
1530308594.22 75.2
1530308604.23 74.7
1530308614.25 74.7
1530308624.27 74.1
1530308634.29 74.1
1530308644.31 74.1
1530308654.33 74.1
1530308664.34 74.1
1530308674.36 74.7
1530308684.38 74.1
1530308694.39 74.1
1530308704.4 74.1
1530308714.42 74.1
1530308724.44 74.1
1530308734.45 75.2
1530308744.46 74.1
1530308754.48 74.1
1530308764.5 74.1
1530308774.52 75.2
1530308784.53 74.1
1530308794.55 74.1
1530308804.57 74.1
1530308814.58 74.1
1530308824.6 74.1
1530308834.62 73.6
1530308844.64 74.1
1530308854.65 74.7
1530308864.66 74.1
1530308874.68 74.1
1530308884.7 74.1
1530308894.71 73.1
1530308904.73 74.1
1530308914.75 74.1
1530308924.76 74.7
1530308934.78 74.1
1530308944.8 73.6
1530308954.81 74.1
1530308964.83 74.7
1530308974.84 74.1
1530308984.86 74.1
1530308994.88 73.6
1530309004.9 73.6
1530309014.92 73.1
1530309024.94 74.1
1530309034.95 74.1
1530309044.96 73.6
1530309054.98 73.1
1530309065.0 72.5
1530309075.01 73.6
1530309085.03 73.1
1530309095.04 73.1
1530309105.06 73.1
1530309115.08 73.1
1530309125.09 73.1
1530309135.11 72.0
1530309145.14 73.1
1530309155.15 73.1
1530309165.17 73.1
1530309175.18 73.1
1530309185.2 73.1
1530309195.21 73.1
1530309205.23 72.5
1530309215.25 73.1
1530309225.26 73.1
1530309235.27 73.1
1530309245.28 73.1
1530309255.31 73.1
1530309265.32 72.0
1530309275.34 73.1
1530309285.35 73.1
1530309295.37 72.5
1530309305.39 73.1
1530309315.4 72.0
1530309325.42 72.0
1530309335.43 72.0
1530309345.45 72.5
1530309355.47 72.5
1530309365.48 72.0
1530309375.5 72.5
1530309385.51 72.5
1530309395.52 72.5
1530309405.54 72.0
1530309415.55 72.0
1530309425.56 72.5
1530309435.58 72.5
1530309445.59 73.1
1530309455.6 73.1
1530309465.61 73.1
1530309475.63 73.1
1530309485.64 73.6
1530309495.65 73.6
1530309505.67 73.1
1530309515.69 73.1
1530309525.71 73.6
1530309535.72 73.1
1530309545.74 73.1
1530309555.75 73.1
1530309565.78 73.1
1530309575.79 73.1
1530309585.81 73.1
1530309595.82 72.5
