1530100002.76 54.8
1530100012.78 54.2
1530100022.8 55.3
1530100032.82 55.8
1530100042.84 53.7
1530100052.86 54.8
1530100062.89 54.2
1530100072.9 55.3
1530100082.92 54.8
1530100092.93 54.2
1530100102.95 55.3
1530100112.97 54.8
1530100122.98 55.3
1530100133.0 54.8
1530100143.02 55.3
1530100153.04 54.8
1530100163.05 55.3
1530100173.07 53.7
1530100183.09 54.8
1530100193.11 54.8
1530100203.13 54.2
1530100213.15 54.8
1530100223.16 54.8
1530100233.18 54.8
1530100243.2 54.2
1530100253.22 54.2
1530100263.24 54.8
1530100273.25 54.8
1530100283.28 54.8
1530100293.29 54.8
1530100303.32 54.2
1530100313.33 55.3
1530100323.35 54.8
1530100333.36 54.8
1530100343.39 53.7
1530100353.4 54.8
1530100363.42 54.8
1530100373.43 55.3
1530100383.45 54.8
1530100393.46 54.8
1530100403.47 54.2
1530100413.49 54.8
1530100423.51 55.3
1530100433.53 54.8
1530100443.54 54.8
1530100453.56 54.2
1530100463.58 54.8
1530100473.6 54.8
1530100483.62 54.2
1530100493.63 55.8
1530100503.65 54.8
1530100513.67 54.8
1530100523.68 54.8
1530100533.7 54.8
1530100543.71 54.2
1530100553.73 53.7
1530100563.75 54.8
1530100573.77 54.8
1530100583.79 54.8
1530100593.8 54.8
1530100603.82 54.8
1530100613.84 54.8
1530100623.86 55.8
1530100633.87 55.3
1530100643.89 54.8
1530100653.92 54.8
1530100663.94 55.3
1530100673.96 54.8
1530100683.98 55.3
1530100694.0 54.8
1530100704.02 55.8
1530100714.04 55.3
1530100724.06 54.2
1530100734.08 54.8
1530100744.1 54.8
1530100754.11 54.8
1530100764.13 54.8
1530100774.15 54.8
1530100784.17 54.8
1530100794.18 54.8
