1530500004.09 55.8
1530500014.11 56.9
1530500024.13 55.3
1530500034.15 55.3
1530500044.17 56.4
1530500054.18 55.8
1530500064.2 55.8
1530500074.23 55.8
1530500084.25 56.4
1530500094.26 55.8
1530500104.29 55.8
1530500114.32 56.4
1530500124.34 55.8
1530500134.35 54.8
1530500144.37 55.3
1530500154.39 54.8
1530500164.41 55.8
1530500174.43 55.8
1530500184.44 55.8
1530500194.46 55.8
1530500204.48 56.4
1530500214.5 55.8
1530500224.52 55.8
1530500234.54 56.4
1530500244.56 55.3
1530500254.58 55.3
1530500264.6 54.8
1530500274.62 55.8
1530500284.64 56.4
1530500294.65 55.8
1530500304.66 56.4
1530500314.68 55.8
1530500324.7 55.8
1530500334.73 56.4
1530500344.74 56.4
1530500354.76 56.4
1530500364.77 56.4
1530500374.79 55.8
1530500384.81 55.8
1530500394.83 55.8
