1530800003.33 72.5
1530800013.35 72.0
1530800023.37 72.0
1530800033.39 71.4
1530800043.41 72.0
1530800053.42 72.5
1530800063.43 72.0
1530800073.45 72.0
1530800083.46 70.9
1530800093.48 72.0
1530800103.49 71.4
1530800113.51 71.4
1530800123.52 71.4
1530800133.53 72.0
1530800143.55 71.4
1530800153.57 70.9
1530800163.59 71.4
1530800173.6 70.9
1530800183.61 72.0
1530800193.63 71.4
1530800203.65 72.0
1530800213.66 72.0
1530800223.68 72.0
1530800233.7 72.0
1530800243.72 73.1
1530800253.73 73.1
1530800263.74 73.1
1530800273.76 72.0
1530800283.78 72.0
1530800293.8 72.0
1530800303.82 72.0
1530800313.84 72.0
1530800323.85 73.1
1530800333.87 73.1
1530800343.88 72.5
1530800353.9 73.1
1530800363.92 72.5
1530800373.94 72.5
1530800383.96 72.0
1530800393.98 72.0
1530800404.0 72.0
1530800414.03 72.0
1530800424.04 73.1
1530800434.06 72.0
1530800444.08 72.0
1530800454.1 72.0
1530800464.11 72.5
1530800474.13 72.5
1530800484.15 73.1
1530800494.17 73.1
1530800504.19 73.1
1530800514.2 73.1
1530800524.22 73.1
1530800534.23 72.0
1530800544.25 72.5
1530800554.26 73.1
1530800564.28 73.1
1530800574.3 72.0
1530800584.32 73.1
1530800594.33 73.1
1530800604.35 73.1
1530800614.36 73.1
1530800624.38 73.6
1530800634.4 72.0
1530800644.41 72.0
1530800654.43 73.1
1530800664.45 73.1
1530800674.47 73.1
1530800684.49 73.1
1530800694.51 73.1
1530800704.53 73.1
1530800714.55 72.5
1530800724.56 73.1
1530800734.58 73.1
1530800744.6 72.5
1530800754.62 73.1
1530800764.66 73.1
1530800774.67 73.1
1530800784.7 72.0
1530800794.72 73.1
1530800804.74 73.1
1530800814.76 73.6
1530800824.78 72.0
1530800834.8 72.5
1530800844.81 73.1
1530800854.83 72.5
1530800864.84 73.1
1530800874.86 72.5
1530800884.88 73.1
1530800894.89 73.1
1530800904.91 72.5
1530800914.93 72.0
1530800924.94 73.1
1530800934.97 73.1
1530800944.99 73.1
1530800955.0 73.1
1530800965.02 73.1
1530800975.04 73.1
1530800985.06 73.1
1530800995.07 73.1
1530801005.09 72.5
1530801015.11 72.5
1530801025.13 72.5
1530801035.14 73.1
1530801045.16 73.1
1530801055.17 73.1
1530801065.19 73.1
1530801075.21 73.1
1530801085.22 72.5
1530801095.24 72.5
1530801105.25 73.1
1530801115.27 72.5
1530801125.29 73.1
1530801135.31 72.0
1530801145.33 73.1
1530801155.35 71.4
1530801165.36 72.5
1530801175.38 73.1
1530801185.39 72.5
1530801195.41 72.0
1530801205.43 72.0
1530801215.44 73.1
1530801225.46 72.0
1530801235.48 72.5
1530801245.5 73.1
1530801255.51 72.5
1530801265.53 73.6
1530801275.54 73.6
1530801285.56 73.1
1530801295.58 73.1
1530801305.6 73.1
1530801315.61 73.1
1530801325.63 73.1
1530801335.64 73.1
1530801345.66 73.1
1530801355.68 73.1
1530801365.7 73.1
1530801375.72 73.1
1530801385.73 72.0
1530801395.76 73.1
1530801405.77 73.1
1530801415.79 72.0
1530801425.81 73.1
1530801435.82 73.1
1530801445.84 73.1
1530801455.86 72.5
1530801465.88 72.5
1530801475.9 73.1
1530801485.92 72.0
1530801495.94 72.0
1530801505.95 73.1
1530801515.97 72.5
1530801525.99 73.1
1530801536.0 73.1
1530801546.02 73.1
1530801556.04 73.1
1530801566.05 73.1
1530801576.07 73.1
1530801586.09 73.1
1530801596.11 73.1
1530801606.12 73.6
1530801616.14 72.5
1530801626.16 73.6
1530801636.18 72.5
1530801646.19 73.1
1530801656.21 73.6
1530801666.23 73.1
1530801676.24 73.6
1530801686.26 73.6
1530801696.28 73.1
1530801706.29 73.1
1530801716.31 73.1
1530801726.33 73.1
1530801736.35 73.1
1530801746.36 73.1
1530801756.38 73.6
1530801766.4 73.1
1530801776.42 73.1
1530801786.44 73.1
1530801796.46 73.1
1530801806.47 73.6
1530801816.5 73.1
1530801826.51 73.1
1530801836.53 73.1
1530801846.54 74.1
1530801856.56 74.1
1530801866.58 73.6
1530801876.6 73.6
1530801886.62 73.6
1530801896.64 73.6
1530801906.65 74.1
1530801916.67 73.6
1530801926.69 73.1
1530801936.7 73.1
1530801946.72 73.1
1530801956.74 73.1
1530801966.75 73.6
1530801976.77 73.6
1530801986.78 73.1
1530801996.8 73.1
1530802006.82 73.1
1530802016.84 73.1
1530802026.85 73.1
1530802036.87 73.6
1530802046.88 73.1
1530802056.9 72.5
1530802066.91 73.1
1530802076.93 72.5
1530802086.95 73.1
1530802096.97 72.0
1530802106.99 72.0
1530802117.01 73.1
1530802127.02 73.1
1530802137.04 73.6
1530802147.06 73.1
1530802157.07 73.1
1530802167.09 72.0
1530802177.11 73.1
1530802187.13 73.1
1530802197.15 72.5
1530802207.17 72.5
1530802217.19 72.5
1530802227.21 72.0
1530802237.22 73.1
1530802247.24 72.0
1530802257.26 72.0
1530802267.28 72.0
1530802277.29 73.1
1530802287.31 73.1
1530802297.33 72.5
1530802307.35 73.1
1530802317.37 73.1
1530802327.38 73.1
1530802337.4 73.1
1530802347.41 72.5
1530802357.43 73.1
1530802367.45 73.1
1530802377.46 73.6
1530802387.48 73.6
1530802397.49 73.6
1530802407.51 73.1
1530802417.53 74.1
1530802427.54 73.6
1530802437.56 73.6
1530802447.58 74.1
1530802457.6 73.1
1530802467.61 73.6
1530802477.63 73.6
1530802487.65 74.1
1530802497.66 73.1
1530802507.68 73.1
1530802517.7 72.5
1530802527.72 73.6
1530802537.74 73.6
1530802547.76 74.1
1530802557.77 74.1
1530802567.79 74.1
1530802577.81 74.1
1530802587.83 74.7
1530802597.85 73.6
1530802607.87 73.6
1530802617.89 74.1
1530802627.9 74.7
1530802637.92 74.7
1530802647.93 74.7
1530802657.94 74.7
1530802667.96 74.1
1530802677.98 75.2
1530802688.0 74.7
1530802698.02 75.2
1530802708.04 74.7
1530802718.05 74.1
1530802728.07 75.2
1530802738.09 75.2
1530802748.1 75.8
1530802758.12 75.2
1530802768.14 75.2
1530802778.15 75.2
1530802788.17 75.2
1530802798.19 75.2
1530802808.21 77.4
1530802818.23 76.3
1530802828.24 76.3
1530802838.26 75.8
1530802848.28 75.8
1530802858.29 75.8
1530802868.31 76.3
1530802878.32 75.2
1530802888.34 76.3
1530802898.35 75.2
1530802908.37 76.3
1530802918.38 75.2
1530802928.41 75.2
1530802938.43 75.8
1530802948.44 75.2
1530802958.45 76.3
1530802968.47 75.8
1530802978.48 75.8
1530802988.49 75.2
1530802998.51 75.2
1530803008.53 75.8
1530803018.54 75.2
1530803028.55 75.2
1530803038.57 75.8
1530803048.58 75.8
1530803058.6 75.8
1530803068.62 75.2
1530803078.64 76.3
1530803088.65 76.3
1530803098.66 75.8
1530803108.68 75.2
1530803118.69 75.2
1530803128.71 75.2
1530803138.72 75.2
1530803148.73 75.2
1530803158.75 75.2
1530803168.77 75.2
1530803178.79 75.2
1530803188.8 75.2
1530803198.81 76.3
1530803208.83 75.8
1530803218.84 75.2
1530803228.86 76.3
1530803238.87 75.2
1530803248.89 75.2
1530803258.91 75.8
1530803268.93 76.3
1530803278.95 75.8
1530803288.97 76.3
1530803298.99 75.8
1530803309.0 75.2
1530803319.02 75.8
1530803329.04 75.2
1530803339.05 75.8
1530803349.07 75.2
1530803359.08 75.2
1530803369.1 75.8
1530803379.11 75.8
1530803389.13 75.8
1530803399.14 75.2
1530803409.16 74.1
1530803419.18 75.2
1530803429.19 76.3
1530803439.21 75.2
1530803449.22 75.2
1530803459.24 75.2
1530803469.26 75.2
1530803479.27 75.8
1530803489.29 75.2
1530803499.31 75.2
1530803509.33 75.2
1530803519.35 74.1
1530803529.36 75.2
1530803539.38 75.2
1530803549.4 75.2
1530803559.42 75.2
1530803569.45 74.7
1530803579.46 75.2
1530803589.49 74.1
1530803599.51 74.7
1530803609.52 75.2
1530803619.54 74.7
1530803629.56 74.7
1530803639.58 74.1
1530803649.6 75.2
1530803659.62 75.2
1530803669.64 75.2
1530803679.66 74.1
1530803689.68 75.2
1530803699.7 75.2
1530803709.71 75.2
1530803719.72 75.2
1530803729.74 74.7
1530803739.75 75.2
1530803749.76 75.2
1530803759.78 74.7
1530803769.8 75.2
1530803779.81 74.7
1530803789.83 75.2
1530803799.84 74.1
1530803809.85 75.2
1530803819.86 75.2
1530803829.89 74.1
1530803839.91 74.1
1530803849.92 75.2
1530803859.93 75.2
1530803869.95 75.2
1530803879.96 75.2
1530803889.97 75.2
1530803899.99 74.7
1530803910.0 75.2
1530803920.01 75.2
1530803930.03 75.8
1530803940.05 75.2
1530803950.06 75.2
1530803960.07 75.2
1530803970.09 75.8
1530803980.1 75.8
1530803990.12 76.3
1530804000.13 75.8
1530804010.14 76.3
1530804020.16 76.3
1530804030.18 75.2
1530804040.2 75.2
1530804050.22 75.2
1530804060.24 75.8
1530804070.26 75.2
1530804080.27 75.2
1530804090.29 75.2
1530804100.3 75.8
1530804110.33 75.2
1530804120.35 76.3
1530804130.36 75.8
1530804140.38 75.2
1530804150.4 75.8
1530804160.41 75.8
1530804170.43 75.2
1530804180.44 75.2
1530804190.45 75.2
1530804200.49 74.7
1530804210.51 74.1
1530804220.53 75.2
1530804230.55 74.7
1530804240.57 75.2
1530804250.59 74.7
1530804260.61 74.7
1530804270.62 75.2
1530804280.63 75.2
1530804290.65 75.2
1530804300.67 74.1
1530804310.69 74.1
1530804320.71 74.1
1530804330.73 74.1
1530804340.75 75.2
1530804350.77 75.2
1530804360.79 75.2
1530804370.8 74.7
1530804380.82 75.2
1530804390.84 75.2
1530804400.85 75.8
1530804410.86 75.2
1530804420.88 75.2
1530804430.89 75.2
1530804440.9 75.2
1530804450.92 75.2
1530804460.93 75.2
1530804470.95 75.8
1530804480.96 75.8
1530804490.99 75.2
1530804501.0 75.2
1530804511.02 75.2
1530804521.04 75.8
1530804531.05 75.8
1530804541.07 75.2
1530804551.09 75.8
1530804561.1 75.2
1530804571.12 75.8
1530804581.13 76.3
1530804591.14 75.2
1530804601.16 75.2
1530804611.18 76.3
1530804621.19 75.2
1530804631.2 76.3
1530804641.22 75.8
1530804651.23 76.3
1530804661.25 76.8
1530804671.26 76.8
1530804681.28 76.3
1530804691.29 76.3
1530804701.31 77.4
1530804711.32 76.8
1530804721.34 76.8
1530804731.36 77.4
1530804741.38 77.4
1530804751.39 77.4
1530804761.4 77.4
1530804771.42 77.4
1530804781.44 77.4
1530804791.46 77.4
1530804801.47 77.4
1530804811.48 77.4
1530804821.5 77.4
1530804831.51 77.9
1530804841.53 77.4
1530804851.55 76.8
1530804861.57 77.4
1530804871.58 77.4
1530804881.6 76.8
1530804891.62 76.3
1530804901.63 76.3
1530804911.65 76.8
1530804921.67 76.8
1530804931.68 77.4
1530804941.7 76.8
1530804951.71 76.8
1530804961.73 77.4
1530804971.74 77.4
1530804981.76 76.8
1530804991.78 76.3
1530805001.8 77.4
1530805011.82 76.3
1530805021.83 76.3
1530805031.85 76.3
1530805041.87 76.3
1530805051.89 76.8
1530805061.9 76.3
1530805071.92 75.8
1530805081.93 76.3
1530805091.95 76.3
1530805101.96 75.8
1530805111.98 76.3
1530805122.0 75.8
1530805132.01 76.3
1530805142.03 76.3
1530805152.05 76.3
1530805162.07 76.8
1530805172.09 76.3
1530805182.11 76.8
1530805192.13 75.2
1530805202.15 76.3
1530805212.17 76.3
1530805222.18 76.3
1530805232.2 75.2
1530805242.22 75.8
1530805252.23 76.3
1530805262.25 76.3
1530805272.27 75.8
1530805282.29 75.2
1530805292.3 75.8
1530805302.32 75.2
1530805312.33 76.3
1530805322.35 75.8
1530805332.37 75.2
1530805342.39 75.2
1530805352.41 75.2
1530805362.42 75.8
1530805372.44 75.2
1530805382.45 75.2
1530805392.46 75.2
1530805402.48 74.7
1530805412.5 74.7
1530805422.52 74.7
1530805432.54 75.2
1530805442.56 75.2
1530805452.57 75.2
1530805462.59 75.2
1530805472.6 75.2
1530805482.62 74.7
1530805492.64 75.2
1530805502.66 74.7
1530805512.68 75.2
1530805522.69 75.2
1530805532.71 75.8
1530805542.72 75.2
1530805552.74 76.3
1530805562.76 75.8
1530805572.78 75.2
1530805582.8 75.2
1530805592.82 75.2
1530805602.83 75.8
1530805612.85 75.8
1530805622.87 76.3
1530805632.89 76.3
1530805642.91 75.2
1530805652.93 76.3
1530805662.95 75.2
1530805672.97 76.3
1530805682.98 75.8
1530805693.0 76.3
1530805703.02 75.2
1530805713.03 75.2
1530805723.06 75.2
1530805733.08 75.2
1530805743.1 75.8
1530805753.11 75.2
1530805763.13 75.8
1530805773.15 75.2
1530805783.16 75.8
1530805793.18 75.8
1530805803.19 75.8
1530805813.2 74.7
1530805823.22 75.2
1530805833.24 75.2
1530805843.25 75.2
1530805853.27 75.8
1530805863.29 75.2
1530805873.31 75.2
1530805883.34 75.2
1530805893.35 75.2
1530805903.37 74.7
1530805913.39 75.2
1530805923.41 74.1
1530805933.42 75.2
1530805943.44 75.2
1530805953.45 74.7
1530805963.47 74.7
1530805973.48 75.2
1530805983.5 75.2
1530805993.51 75.8
1530806003.53 75.8
1530806013.55 75.8
1530806023.56 75.8
1530806033.58 75.8
1530806043.6 75.8
1530806053.62 76.3
1530806063.64 76.3
1530806073.66 75.2
1530806083.67 75.2
1530806093.69 76.3
1530806103.71 75.2
1530806113.73 75.8
1530806123.75 75.8
1530806133.76 76.3
1530806143.78 76.3
1530806153.8 76.8
1530806163.82 76.3
1530806173.84 76.3
1530806183.85 76.3
1530806193.87 76.3
1530806203.88 75.2
1530806213.9 75.8
1530806223.91 75.8
1530806233.93 76.3
1530806243.94 76.3
1530806253.96 76.8
1530806263.97 75.2
1530806273.99 76.3
1530806284.01 75.8
1530806294.02 76.3
1530806304.03 75.8
1530806314.05 75.8
1530806324.07 75.8
1530806334.09 75.8
1530806344.1 76.3
1530806354.12 76.3
1530806364.13 76.3
1530806374.14 76.3
1530806384.16 76.3
1530806394.17 76.3
1530806404.19 75.8
1530806414.21 76.3
1530806424.23 76.3
1530806434.24 76.8
1530806444.26 76.8
1530806454.28 76.3
1530806464.3 76.3
1530806474.32 77.4
1530806484.34 76.3
1530806494.35 76.3
1530806504.37 76.8
1530806514.38 76.3
1530806524.4 76.8
1530806534.42 76.3
1530806544.43 76.3
1530806554.44 77.4
1530806564.46 76.8
1530806574.48 76.3
1530806584.5 76.3
1530806594.51 76.3
1530806604.54 76.3
1530806614.55 76.8
1530806624.57 76.3
1530806634.59 76.3
1530806644.6 76.3
1530806654.61 76.8
1530806664.63 76.8
1530806674.64 76.8
1530806684.66 76.3
1530806694.67 76.3
1530806704.7 76.3
1530806714.71 76.3
1530806724.73 75.2
1530806734.74 75.8
1530806744.76 76.3
1530806754.78 75.8
1530806764.8 75.2
1530806774.82 76.3
1530806784.83 76.3
1530806794.85 76.3
1530806804.86 75.8
1530806814.88 76.3
1530806824.89 76.8
1530806834.9 76.3
1530806844.92 76.3
1530806854.94 76.3
1530806864.95 76.3
1530806874.97 76.3
1530806884.99 75.8
1530806895.01 76.3
1530806905.03 76.3
1530806915.04 76.3
1530806925.06 75.2
1530806935.08 75.8
1530806945.1 75.2
1530806955.11 75.8
1530806965.13 75.2
1530806975.15 75.8
1530806985.16 76.3
1530806995.18 76.3
1530807005.2 75.2
1530807015.22 75.8
1530807025.24 76.3
1530807035.25 76.3
1530807045.27 76.8
1530807055.29 77.4
1530807065.31 75.8
1530807075.33 76.3
1530807085.35 76.3
1530807095.36 76.3
1530807105.38 76.3
1530807115.4 77.4
1530807125.41 77.4
1530807135.43 77.4
1530807145.45 76.3
1530807155.47 76.3
1530807165.49 76.3
1530807175.51 76.8
1530807185.53 76.3
1530807195.55 76.8
1530807205.57 77.4
1530807215.58 77.4
1530807225.6 77.4
1530807235.62 77.9
1530807245.64 77.4
1530807255.66 77.4
1530807265.68 78.4
1530807275.69 78.4
1530807285.71 78.4
1530807295.73 78.4
1530807305.75 78.4
1530807315.77 78.4
1530807325.78 78.4
1530807335.8 78.4
1530807345.82 78.4
1530807355.84 78.4
1530807365.86 78.4
1530807375.88 78.4
1530807385.9 79.0
1530807395.91 78.4
1530807405.93 79.0
1530807415.94 79.0
1530807425.96 77.9
1530807435.98 78.4
1530807446.0 78.4
1530807456.01 77.9
1530807466.03 78.4
1530807476.04 78.4
1530807486.07 77.9
1530807496.08 77.9
1530807506.09 78.4
1530807516.1 78.4
1530807526.12 77.9
1530807536.14 77.9
1530807546.16 78.4
1530807556.17 78.4
1530807566.19 78.4
1530807576.21 77.9
1530807586.23 78.4
1530807596.24 78.4
1530807606.25 77.9
1530807616.27 77.9
1530807626.29 77.9
1530807636.3 77.9
1530807646.32 78.4
1530807656.34 77.9
1530807666.35 79.0
1530807676.36 78.4
1530807686.38 78.4
1530807696.4 78.4
1530807706.41 79.0
1530807716.42 79.0
1530807726.44 78.4
1530807736.46 79.0
1530807746.47 79.0
1530807756.49 78.4
1530807766.51 79.0
1530807776.53 79.0
1530807786.55 78.4
1530807796.56 79.0
1530807806.58 79.0
1530807816.6 79.0
1530807826.61 78.4
1530807836.63 79.0
1530807846.64 78.4
1530807856.66 79.0
1530807866.68 78.4
1530807876.69 78.4
1530807886.71 79.5
1530807896.72 79.0
1530807906.74 79.0
1530807916.76 78.4
1530807926.78 78.4
1530807936.79 79.0
1530807946.81 79.0
1530807956.82 79.0
1530807966.84 79.5
1530807976.86 79.0
1530807986.88 79.5
1530807996.9 79.5
1530808006.91 79.5
1530808016.93 79.0
1530808026.95 79.5
1530808036.96 79.5
1530808046.98 79.0
1530808057.0 79.5
1530808067.01 79.5
1530808077.02 79.5
1530808087.04 79.5
1530808097.05 79.5
1530808107.06 79.5
1530808117.08 79.5
1530808127.1 80.1
1530808137.11 80.1
1530808147.13 80.1
1530808157.15 79.5
1530808167.17 79.5
1530808177.19 79.5
1530808187.2 79.5
1530808197.22 79.5
1530808207.23 79.5
1530808217.24 80.1
1530808227.25 79.5
1530808237.27 80.1
1530808247.28 79.5
1530808257.3 79.5
1530808267.31 79.5
1530808277.33 79.5
1530808287.35 79.5
1530808297.36 79.5
1530808307.37 79.5
1530808317.4 79.5
1530808327.42 78.4
1530808337.44 79.5
1530808347.45 79.5
1530808357.47 79.5
1530808367.49 78.4
1530808377.5 79.5
1530808387.52 79.0
1530808397.54 79.5
1530808407.56 79.0
1530808417.58 79.0
1530808427.59 79.5
1530808437.61 77.9
1530808447.63 79.0
1530808457.64 78.4
1530808467.66 79.0
1530808477.68 78.4
1530808487.69 78.4
1530808497.71 79.0
1530808507.72 78.4
1530808517.74 79.0
1530808527.76 78.4
1530808537.78 77.9
1530808547.8 77.9
1530808557.81 78.4
1530808567.83 78.4
1530808577.85 77.9
1530808587.87 78.4
1530808597.89 78.4
1530808607.91 78.4
1530808617.92 77.9
1530808627.94 78.4
1530808637.96 78.4
1530808647.97 78.4
1530808657.99 77.9
1530808668.01 78.4
1530808678.03 77.4
1530808688.04 78.4
1530808698.06 78.4
1530808708.08 77.9
1530808718.1 77.9
1530808728.11 77.9
1530808738.13 77.9
1530808748.14 78.4
1530808758.15 78.4
1530808768.17 78.4
1530808778.19 77.9
1530808788.2 77.9
1530808798.22 77.9
1530808808.23 78.4
1530808818.25 77.4
1530808828.27 77.4
1530808838.28 77.9
1530808848.3 77.9
1530808858.31 77.4
1530808868.33 78.4
1530808878.34 77.4
1530808888.36 77.9
1530808898.38 76.8
1530808908.4 77.4
1530808918.42 77.9
1530808928.43 76.8
1530808938.45 77.4
1530808948.46 77.4
1530808958.48 77.4
1530808968.49 77.4
1530808978.51 77.4
1530808988.53 77.9
1530808998.54 76.8
1530809008.56 77.4
1530809018.58 76.8
1530809028.6 76.3
1530809038.61 77.9
1530809048.63 77.4
1530809058.65 77.4
1530809068.66 77.4
1530809078.68 77.4
1530809088.7 76.8
1530809098.71 76.8
1530809108.73 77.4
1530809118.74 77.4
1530809128.76 76.3
1530809138.77 76.3
1530809148.79 76.8
1530809158.8 76.3
1530809168.82 75.2
1530809178.84 75.2
1530809188.86 75.8
1530809198.88 75.2
1530809208.89 75.8
1530809218.91 76.3
1530809228.93 75.8
1530809238.94 75.2
1530809248.96 76.3
1530809258.97 76.8
1530809268.99 76.3
1530809279.02 75.8
1530809289.04 75.2
1530809299.06 76.3
1530809309.08 76.3
1530809319.09 76.3
1530809329.11 76.3
1530809339.13 77.4
1530809349.15 77.4
1530809359.17 76.3
1530809369.18 76.3
1530809379.2 76.3
1530809389.22 75.8
1530809399.25 76.3
1530809409.27 76.3
1530809419.28 76.3
1530809429.3 77.4
1530809439.31 76.3
1530809449.33 76.8
1530809459.35 77.4
1530809469.36 77.4
1530809479.38 76.8
1530809489.39 77.4
1530809499.4 77.4
1530809509.42 77.4
1530809519.43 77.4
1530809529.46 77.4
1530809539.48 77.4
1530809549.5 77.9
1530809559.52 77.9
1530809569.53 77.4
1530809579.55 77.9
1530809589.56 78.4
1530809599.58 78.4
1530809609.59 77.9
1530809619.61 78.4
1530809629.63 77.4
1530809639.65 77.9
1530809649.66 78.4
1530809659.68 77.4
1530809669.69 78.4
1530809679.71 78.4
1530809689.72 77.9
1530809699.74 78.4
1530809709.76 79.0
1530809719.77 78.4
1530809729.79 78.4
1530809739.81 78.4
1530809749.82 77.9
1530809759.84 78.4
1530809769.86 77.4
1530809779.87 78.4
1530809789.89 78.4
1530809799.9 79.0
1530809809.92 78.4
1530809819.94 79.0
1530809829.95 78.4
1530809839.97 79.5
1530809849.98 78.4
1530809860.0 78.4
1530809870.01 79.5
1530809880.03 78.4
1530809890.04 79.0
1530809900.05 79.0
1530809910.06 79.5
1530809920.08 79.0
1530809930.09 78.4
1530809940.11 78.4
1530809950.13 79.0
1530809960.15 79.5
1530809970.17 79.0
1530809980.18 78.4
1530809990.21 78.4
1530810000.22 79.0
