1530900006.97 62.8
1530900016.99 62.8
1530900027.0 62.8
1530900037.02 62.3
1530900047.03 62.8
1530900057.04 62.8
1530900067.06 63.4
1530900077.08 62.8
1530900087.09 63.4
1530900097.11 62.3
1530900107.13 62.8
1530900117.15 62.8
1530900127.16 62.3
1530900137.18 63.4
1530900147.2 62.8
1530900157.22 63.4
1530900167.24 63.9
1530900177.26 63.4
1530900187.27 63.4
1530900197.29 62.8
1530900207.31 63.4
1530900217.32 63.4
1530900227.34 62.8
1530900237.35 63.4
1530900247.37 63.4
1530900257.38 63.4
1530900267.4 63.4
1530900277.42 63.9
1530900287.43 63.9
1530900297.45 63.4
1530900307.47 64.5
1530900317.49 64.5
1530900327.51 64.5
1530900337.52 64.5
1530900347.53 63.4
1530900357.55 63.9
1530900367.57 64.5
1530900377.58 64.5
1530900387.59 65.0
1530900397.6 65.0
1530900407.62 64.5
1530900417.63 64.5
1530900427.65 64.5
1530900437.66 65.0
1530900447.67 64.5
1530900457.69 65.5
1530900467.71 65.0
1530900477.73 65.0
1530900487.75 64.5
1530900497.77 65.0
1530900507.78 65.0
1530900517.79 64.5
1530900527.82 65.0
1530900537.83 65.5
1530900547.85 65.0
1530900557.86 64.5
1530900567.88 64.5
1530900577.89 65.0
1530900587.91 64.5
1530900597.93 64.5
1530900607.94 63.9
1530900617.95 64.5
1530900627.97 64.5
1530900638.0 64.5
1530900648.01 64.5
1530900658.03 64.5
1530900668.04 64.5
1530900678.06 64.5
1530900688.07 64.5
1530900698.09 64.5
1530900708.11 64.5
1530900718.12 64.5
1530900728.14 64.5
1530900738.16 64.5
1530900748.17 64.5
1530900758.19 64.5
1530900768.21 64.5
1530900778.22 64.5
1530900788.24 64.5
1530900798.26 64.5
1530900808.28 64.5
1530900818.29 64.5
1530900828.31 64.5
1530900838.33 63.9
1530900848.35 63.9
1530900858.37 63.4
1530900868.39 64.5
1530900878.4 64.5
1530900888.42 64.5
1530900898.43 65.0
1530900908.45 64.5
1530900918.47 64.5
1530900928.49 64.5
1530900938.51 64.5
1530900948.53 63.9
1530900958.55 65.0
1530900968.56 64.5
1530900978.58 65.5
1530900988.6 64.5
1530900998.62 65.0
1530901008.63 64.5
1530901018.65 64.5
1530901028.67 64.5
1530901038.7 63.9
1530901048.71 65.0
1530901058.72 64.5
1530901068.74 63.9
1530901078.76 64.5
1530901088.78 63.9
1530901098.8 64.5
1530901108.82 64.5
1530901118.84 64.5
1530901128.85 64.5
1530901138.87 65.0
1530901148.89 64.5
1530901158.91 65.0
1530901168.93 65.0
1530901178.94 65.5
1530901188.96 65.5
1530901198.98 65.5
1530901208.99 64.5
1530901219.01 65.0
1530901229.03 64.5
1530901239.05 65.5
1530901249.06 65.5
1530901259.07 65.5
1530901269.09 65.5
1530901279.11 65.5
1530901289.13 65.5
1530901299.15 65.0
1530901309.16 65.0
1530901319.18 65.5
1530901329.19 65.5
1530901339.21 66.1
1530901349.23 65.5
1530901359.24 66.1
1530901369.26 66.1
1530901379.28 65.5
1530901389.29 65.5
1530901399.31 66.6
1530901409.33 65.5
1530901419.34 66.1
1530901429.36 65.5
1530901439.38 65.5
1530901449.4 65.5
1530901459.41 66.1
1530901469.43 65.5
1530901479.45 66.1
1530901489.46 66.6
1530901499.48 66.6
1530901509.49 66.6
1530901519.5 66.6
1530901529.52 66.6
1530901539.55 66.6
1530901549.56 66.6
1530901559.58 66.6
1530901569.6 65.5
1530901579.62 65.5
1530901589.63 66.1
1530901599.65 66.6
1530901609.67 66.6
1530901619.68 66.6
1530901629.7 66.6
1530901639.72 66.6
1530901649.73 66.6
1530901659.74 66.6
1530901669.77 66.1
1530901679.78 66.6
1530901689.8 66.1
1530901699.83 66.6
1530901709.85 66.6
1530901719.86 66.6
1530901729.88 67.7
1530901739.9 67.1
1530901749.91 67.1
1530901759.93 67.1
1530901769.94 67.7
1530901779.96 66.6
1530901789.98 67.7
1530901799.99 67.1
1530901810.01 67.1
1530901820.03 67.7
1530901830.04 67.1
1530901840.05 66.6
1530901850.07 66.6
1530901860.09 67.1
1530901870.1 67.7
1530901880.12 66.6
1530901890.13 67.1
1530901900.15 67.7
1530901910.17 67.7
1530901920.19 67.7
1530901930.2 67.7
1530901940.22 67.7
1530901950.24 67.7
1530901960.25 68.2
1530901970.26 67.7
1530901980.28 67.7
1530901990.29 67.7
1530902000.31 67.7
1530902010.32 67.1
1530902020.34 67.7
1530902030.36 66.6
1530902040.37 68.2
1530902050.39 67.7
1530902060.41 67.7
1530902070.42 67.7
1530902080.44 67.7
1530902090.46 67.7
1530902100.48 67.7
1530902110.49 67.7
1530902120.51 67.7
1530902130.53 67.7
1530902140.55 68.2
1530902150.57 67.7
1530902160.58 67.7
1530902170.6 67.1
1530902180.62 67.7
1530902190.64 67.1
1530902200.66 67.7
1530902210.68 68.2
1530902220.69 67.1
1530902230.7 67.7
1530902240.72 68.2
1530902250.74 68.2
1530902260.75 67.7
1530902270.77 68.8
1530902280.79 67.7
1530902290.8 68.8
1530902300.81 68.8
1530902310.83 67.7
1530902320.84 68.8
1530902330.86 68.8
1530902340.88 68.8
1530902350.89 68.8
1530902360.91 68.8
1530902370.93 69.3
1530902380.94 68.8
1530902390.96 69.3
1530902400.98 68.8
1530902410.99 68.8
1530902421.01 68.8
1530902431.03 69.8
1530902441.05 69.8
1530902451.06 69.8
1530902461.08 68.8
1530902471.09 69.8
1530902481.11 69.8
1530902491.13 69.8
1530902501.14 69.3
1530902511.16 69.3
1530902521.18 69.3
1530902531.2 68.8
1530902541.22 68.8
1530902551.23 68.8
1530902561.25 69.3
1530902571.26 68.8
1530902581.28 69.8
1530902591.3 68.8
1530902601.32 69.8
1530902611.34 68.8
1530902621.36 68.8
1530902631.37 69.3
1530902641.4 68.8
1530902651.41 69.3
1530902661.43 69.3
1530902671.44 69.3
1530902681.45 69.8
1530902691.48 68.8
1530902701.49 69.3
1530902711.51 68.8
1530902721.53 69.3
1530902731.55 68.8
1530902741.57 68.8
1530902751.58 68.8
1530902761.6 69.3
1530902771.62 69.3
1530902781.63 68.8
1530902791.65 69.8
1530902801.66 69.3
1530902811.68 68.8
1530902821.7 68.8
1530902831.71 68.8
1530902841.72 68.8
1530902851.74 68.8
1530902861.76 69.3
1530902871.77 69.3
1530902881.79 68.8
1530902891.8 69.8
1530902901.82 69.3
1530902911.83 69.8
1530902921.85 68.8
1530902931.87 69.8
1530902941.88 69.8
1530902951.9 69.3
1530902961.92 70.4
1530902971.93 69.3
1530902981.95 70.4
1530902991.97 70.4
1530903001.99 69.3
1530903012.01 70.4
1530903022.02 70.4
1530903032.05 69.8
1530903042.06 69.8
1530903052.08 70.4
1530903062.09 69.8
1530903072.11 69.8
1530903082.13 69.3
1530903092.14 69.8
1530903102.16 69.8
1530903112.18 70.4
1530903122.2 69.3
1530903132.21 69.8
1530903142.23 69.8
1530903152.25 69.8
1530903162.27 69.8
1530903172.28 70.4
1530903182.3 69.8
1530903192.32 69.8
1530903202.33 70.9
1530903212.35 70.9
1530903222.36 70.9
1530903232.38 70.4
1530903242.4 69.8
1530903252.42 70.9
1530903262.43 70.4
1530903272.44 70.9
1530903282.45 70.9
1530903292.48 70.4
1530903302.49 70.9
1530903312.51 70.9
1530903322.52 70.9
1530903332.54 70.9
1530903342.55 70.9
1530903352.56 69.8
1530903362.58 70.4
1530903372.59 70.9
1530903382.61 70.4
1530903392.63 70.9
1530903402.65 70.9
1530903412.67 70.4
1530903422.68 70.9
1530903432.7 70.4
1530903442.72 70.9
1530903452.74 70.4
1530903462.76 70.9
1530903472.77 70.9
1530903482.79 70.9
1530903492.8 70.9
1530903502.82 70.9
1530903512.84 70.9
1530903522.85 70.4
1530903532.87 70.4
1530903542.88 69.8
1530903552.91 69.8
1530903562.92 69.3
1530903572.94 69.8
1530903582.96 69.3
1530903592.98 69.8
1530903603.0 69.8
