1530600003.17 52.6
1530600013.19 52.6
1530600023.21 52.6
1530600033.23 52.6
1530600043.25 52.6
1530600053.27 53.2
1530600063.29 52.6
1530600073.31 52.6
1530600083.33 52.6
1530600093.36 52.6
1530600103.38 52.6
1530600113.4 52.6
1530600123.42 53.2
1530600133.44 52.6
1530600143.46 53.2
1530600153.48 52.6
1530600163.5 52.6
1530600173.51 52.6
1530600183.53 53.7
1530600193.54 53.2
1530600203.56 52.6
1530600213.59 52.6
1530600223.6 52.6
1530600233.62 52.6
1530600243.64 53.2
1530600253.66 53.7
1530600263.68 52.6
1530600273.7 53.2
1530600283.72 52.6
1530600293.74 52.1
1530600303.76 52.1
1530600313.78 52.6
1530600323.8 52.6
1530600333.82 52.6
1530600343.84 53.2
1530600353.85 52.6
1530600363.88 53.2
1530600373.89 53.2
1530600383.91 52.6
1530600393.94 53.2
1530600403.96 53.2
1530600413.97 53.2
1530600423.99 53.2
1530600434.01 52.6
1530600444.04 52.6
1530600454.05 53.7
1530600464.07 52.6
1530600474.11 53.2
1530600484.13 52.6
1530600494.15 53.7
1530600504.16 53.2
1530600514.18 52.6
1530600524.21 53.2
1530600534.23 52.6
1530600544.25 52.6
1530600554.27 53.2
1530600564.29 53.7
1530600574.31 52.6
1530600584.33 52.6
1530600594.35 52.6
1530600604.37 53.2
1530600614.39 52.6
1530600624.41 53.2
1530600634.43 53.7
1530600644.45 53.7
1530600654.47 53.7
1530600664.48 53.7
1530600674.51 52.6
1530600684.53 52.6
1530600694.54 52.6
1530600704.56 53.7
1530600714.58 53.2
1530600724.6 54.2
1530600734.62 53.7
1530600744.64 53.2
1530600754.66 53.7
1530600764.68 53.7
1530600774.7 53.2
1530600784.72 53.7
1530600794.74 53.7
1530600804.76 52.6
1530600814.78 53.2
1530600824.79 53.7
1530600834.82 53.7
1530600844.83 53.2
1530600854.85 53.7
1530600864.87 53.7
1530600874.89 53.7
1530600884.9 53.7
1530600894.92 53.7
1530600904.95 53.7
1530600914.97 53.7
1530600924.99 53.7
1530600935.01 53.7
1530600945.03 53.7
1530600955.04 54.8
1530600965.06 53.7
1530600975.08 52.6
1530600985.11 53.2
1530600995.12 53.2
1530601005.14 53.7
1530601015.16 53.2
1530601025.18 53.7
1530601035.2 53.2
1530601045.22 53.7
1530601055.24 53.7
1530601065.26 53.2
1530601075.28 53.7
1530601085.3 53.2
1530601095.32 53.7
1530601105.34 53.7
1530601115.36 53.7
1530601125.38 53.2
1530601135.4 53.7
1530601145.43 53.7
1530601155.45 52.6
1530601165.47 52.6
1530601175.49 53.7
1530601185.51 52.6
1530601195.53 52.6
1530601205.55 54.8
1530601215.56 53.7
1530601225.58 53.7
1530601235.6 53.7
1530601245.62 53.7
1530601255.64 53.7
1530601265.66 53.2
1530601275.68 53.2
1530601285.7 53.7
1530601295.72 53.7
1530601305.74 53.7
1530601315.76 53.7
1530601325.78 52.6
1530601335.8 52.6
1530601345.82 53.2
1530601355.84 53.7
1530601365.86 53.2
1530601375.88 53.2
1530601385.9 53.7
1530601395.93 52.6
1530601405.95 53.2
1530601415.97 53.2
1530601425.99 52.6
1530601436.01 53.2
1530601446.03 52.6
1530601456.05 52.6
1530601466.07 52.6
1530601476.09 52.6
1530601486.11 53.7
1530601496.13 53.2
1530601506.15 53.2
1530601516.17 53.2
1530601526.2 53.7
1530601536.21 52.6
1530601546.23 52.6
1530601556.25 53.2
1530601566.27 53.7
1530601576.29 53.7
1530601586.32 53.2
1530601596.32 53.7
1530601606.35 53.7
1530601616.36 52.6
1530601626.38 53.2
1530601636.4 53.7
1530601646.41 53.7
1530601656.43 54.2
1530601666.45 53.2
1530601676.47 53.7
1530601686.48 53.7
1530601696.5 53.7
1530601706.51 53.7
1530601716.53 54.2
1530601726.55 53.2
1530601736.56 53.2
1530601746.58 53.7
1530601756.6 52.6
1530601766.62 53.2
1530601776.65 53.2
1530601786.67 53.2
1530601796.68 53.7
1530601806.71 52.6
1530601816.72 53.7
1530601826.74 53.7
1530601836.75 53.7
1530601846.78 53.2
1530601856.8 53.7
1530601866.82 53.2
1530601876.84 52.6
1530601886.86 53.2
1530601896.88 52.6
1530601906.9 52.6
1530601916.92 53.2
1530601926.94 52.6
1530601936.97 53.2
1530601946.99 52.6
1530601957.01 53.2
1530601967.02 53.7
1530601977.04 53.2
1530601987.06 52.6
1530601997.08 53.2
1530602007.1 53.2
1530602017.12 53.2
1530602027.14 53.7
1530602037.16 52.6
1530602047.18 53.7
1530602057.2 52.6
1530602067.22 53.7
1530602077.24 52.6
1530602087.26 53.2
1530602097.28 53.2
1530602107.3 52.1
1530602117.32 52.6
1530602127.34 53.7
1530602137.36 52.6
1530602147.38 53.2
1530602157.4 53.2
1530602167.42 52.6
1530602177.43 53.7
1530602187.46 52.6
1530602197.47 52.6
1530602207.49 52.6
1530602217.51 52.1
1530602227.53 53.7
1530602237.55 52.6
1530602247.57 52.6
1530602257.59 52.6
1530602267.61 52.6
1530602277.63 53.2
1530602287.65 53.2
1530602297.67 52.6
1530602307.69 52.6
1530602317.71 52.6
1530602327.73 52.6
1530602337.75 52.1
1530602347.77 53.2
1530602357.79 53.2
1530602367.81 52.6
1530602377.83 52.6
1530602387.85 53.2
1530602397.87 52.6
1530602407.9 52.6
1530602417.92 52.6
1530602427.94 53.2
1530602437.96 52.6
1530602447.98 52.6
1530602458.0 52.6
1530602468.02 53.2
1530602478.04 52.6
1530602488.06 52.6
1530602498.08 52.6
1530602508.1 52.1
1530602518.12 53.2
1530602528.14 52.6
1530602538.16 52.6
1530602548.18 53.2
1530602558.2 52.1
1530602568.23 52.6
1530602578.25 52.6
1530602588.28 52.6
1530602598.3 52.6
1530602608.32 52.1
1530602618.33 52.1
1530602628.35 52.1
1530602638.37 52.6
1530602648.39 52.6
1530602658.41 52.1
1530602668.43 52.6
1530602678.45 52.6
1530602688.46 52.6
1530602698.48 53.2
1530602708.5 52.1
1530602718.51 52.1
1530602728.53 52.1
1530602738.55 53.2
1530602748.57 52.6
1530602758.59 53.2
1530602768.61 52.1
1530602778.63 53.7
1530602788.64 52.6
1530602798.66 52.6
1530602808.68 53.2
1530602818.7 53.2
1530602828.73 52.6
1530602838.75 53.2
1530602848.77 52.6
1530602858.79 52.6
1530602868.81 52.6
1530602878.83 52.6
1530602888.85 53.2
1530602898.87 53.7
1530602908.89 53.2
1530602918.91 53.2
1530602928.94 52.6
1530602938.96 52.6
1530602948.98 52.6
1530602959.0 52.1
1530602969.02 52.1
1530602979.04 53.2
1530602989.06 52.6
1530602999.08 52.6
1530603009.1 52.1
1530603019.12 52.6
1530603029.14 52.6
1530603039.16 52.1
1530603049.18 52.6
1530603059.2 52.6
1530603069.23 52.6
1530603079.25 52.6
1530603089.26 52.6
1530603099.28 52.6
1530603109.3 52.6
1530603119.32 52.6
1530603129.34 52.6
1530603139.36 53.2
1530603149.38 52.6
1530603159.4 51.5
1530603169.42 52.6
1530603179.44 52.6
1530603189.46 52.1
1530603199.48 52.6
1530603209.5 52.6
1530603219.53 52.1
1530603229.55 52.6
1530603239.57 52.6
1530603249.59 52.6
1530603259.61 53.2
1530603269.63 52.6
1530603279.64 52.6
1530603289.66 53.2
1530603299.68 52.6
1530603309.7 53.2
1530603319.72 52.6
1530603329.74 53.7
1530603339.76 52.6
1530603349.78 52.6
1530603359.8 52.6
1530603369.83 52.6
1530603379.85 52.6
1530603389.86 53.7
1530603399.88 52.1
1530603409.91 52.6
1530603419.93 52.6
1530603429.95 52.6
1530603439.97 53.2
1530603449.98 52.6
1530603460.01 52.6
1530603470.03 52.1
1530603480.04 53.7
1530603490.06 52.6
1530603500.08 53.2
1530603510.1 52.6
1530603520.12 52.6
1530603530.13 53.7
1530603540.16 52.6
1530603550.18 53.2
1530603560.19 53.2
1530603570.21 53.2
1530603580.24 52.6
1530603590.26 52.6
1530603600.28 52.6
1530603610.3 52.1
1530603620.32 52.1
1530603630.34 52.6
1530603640.36 52.6
1530603650.38 52.6
1530603660.4 53.2
1530603670.42 52.6
1530603680.44 52.6
1530603690.46 52.6
1530603700.48 52.6
1530603710.51 52.6
1530603720.52 53.2
1530603730.55 52.6
1530603740.56 53.7
1530603750.58 52.6
1530603760.6 52.6
1530603770.63 52.6
1530603780.64 53.2
1530603790.66 52.6
1530603800.68 53.2
1530603810.7 53.2
1530603820.72 53.2
1530603830.74 52.6
1530603840.76 52.6
1530603850.78 52.6
1530603860.8 53.7
1530603870.82 53.2
1530603880.83 53.7
1530603890.85 53.7
1530603900.87 52.6
1530603910.88 54.2
1530603920.9 53.7
1530603930.92 53.7
1530603940.94 53.7
1530603950.96 53.2
1530603960.98 52.6
1530603971.0 53.7
1530603981.02 52.6
1530603991.04 53.7
1530604001.06 52.6
1530604011.08 52.6
1530604021.1 53.2
1530604031.12 53.2
1530604041.14 53.7
1530604051.15 52.6
1530604061.17 53.7
1530604071.19 53.2
1530604081.21 53.2
1530604091.23 53.2
1530604101.25 53.2
1530604111.27 52.6
1530604121.29 53.2
1530604131.31 53.2
1530604141.33 52.6
1530604151.35 52.6
1530604161.38 53.2
1530604171.4 52.6
1530604181.42 53.2
1530604191.44 52.6
1530604201.46 52.1
1530604211.49 52.6
1530604221.51 52.6
1530604231.53 53.2
1530604241.55 52.6
1530604251.57 52.6
1530604261.59 52.6
1530604271.61 53.2
1530604281.63 52.6
1530604291.66 52.6
1530604301.68 53.2
1530604311.7 52.6
1530604321.72 52.6
1530604331.74 52.6
1530604341.76 52.6
1530604351.78 53.7
1530604361.8 52.6
1530604371.82 52.6
1530604381.83 53.7
1530604391.85 52.6
1530604401.88 52.6
1530604411.9 52.6
1530604421.92 53.2
1530604431.94 53.7
1530604441.96 52.6
1530604451.98 52.6
1530604462.0 52.6
1530604472.02 52.6
1530604482.04 53.2
1530604492.05 53.7
1530604502.07 53.7
1530604512.09 52.6
1530604522.11 52.6
1530604532.13 53.2
1530604542.15 52.6
1530604552.18 53.2
1530604562.2 52.6
1530604572.21 52.6
1530604582.23 52.6
1530604592.25 52.6
1530604602.27 53.2
1530604612.3 52.1
1530604622.32 52.6
1530604632.34 53.2
1530604642.36 52.6
1530604652.38 52.6
1530604662.4 53.2
1530604672.42 52.6
1530604682.44 52.6
1530604692.46 52.6
1530604702.48 52.6
1530604712.5 52.6
1530604722.52 52.1
1530604732.54 52.1
1530604742.56 52.1
1530604752.58 53.2
1530604762.6 52.6
1530604772.62 52.6
1530604782.64 52.6
1530604792.67 52.6
1530604802.69 52.6
1530604812.71 52.6
1530604822.73 52.6
1530604832.75 52.6
1530604842.77 53.2
1530604852.79 52.1
1530604862.81 52.1
1530604872.84 52.6
1530604882.86 52.6
1530604892.87 53.2
1530604902.9 52.1
1530604912.92 52.6
1530604922.93 52.1
1530604932.95 53.7
1530604942.97 52.6
1530604952.99 52.1
1530604963.01 52.6
1530604973.03 52.1
1530604983.05 52.1
1530604993.07 52.6
1530605003.09 52.6
1530605013.11 53.7
1530605023.13 52.6
1530605033.15 52.1
1530605043.18 52.6
1530605053.2 51.5
1530605063.23 52.1
1530605073.24 52.1
1530605083.26 52.6
1530605093.28 52.1
1530605103.3 52.6
1530605113.32 52.6
1530605123.34 52.6
1530605133.36 52.1
1530605143.38 52.1
1530605153.4 52.1
1530605163.42 53.7
1530605173.44 52.6
1530605183.46 53.2
1530605193.48 52.6
1530605203.5 53.2
1530605213.52 52.1
1530605223.54 52.6
1530605233.56 52.6
1530605243.58 53.2
1530605253.6 52.6
1530605263.62 52.6
1530605273.64 53.2
1530605283.66 52.6
1530605293.68 52.6
1530605303.7 52.6
1530605313.72 52.6
1530605323.74 53.7
1530605333.76 52.6
1530605343.78 52.6
1530605353.81 52.1
1530605363.83 53.7
1530605373.84 53.2
1530605383.86 52.6
1530605393.88 53.2
1530605403.9 52.6
1530605413.92 52.6
1530605423.95 52.6
1530605433.96 52.6
1530605443.99 53.2
1530605454.01 53.2
1530605464.03 52.6
1530605474.05 53.2
1530605484.07 52.1
1530605494.09 52.6
1530605504.12 52.6
1530605514.13 53.2
1530605524.15 53.7
1530605534.17 53.2
1530605544.18 53.7
1530605554.21 52.6
1530605564.23 52.6
1530605574.25 53.2
1530605584.26 52.6
1530605594.29 53.2
1530605604.3 53.7
1530605614.32 53.2
1530605624.34 53.2
1530605634.36 53.2
1530605644.38 53.2
1530605654.4 52.6
1530605664.42 52.6
1530605674.45 53.2
1530605684.47 52.6
1530605694.49 52.6
1530605704.51 52.6
1530605714.53 52.6
1530605724.55 52.6
1530605734.57 52.6
1530605744.59 53.2
1530605754.61 53.2
1530605764.63 53.2
1530605774.65 52.1
1530605784.67 52.1
1530605794.69 53.2
1530605804.71 53.2
1530605814.73 52.6
1530605824.75 53.2
1530605834.77 52.6
1530605844.8 52.6
1530605854.82 52.6
1530605864.84 52.6
1530605874.86 52.6
1530605884.88 52.6
1530605894.9 52.6
1530605904.92 52.6
1530605914.94 52.6
1530605924.96 53.2
1530605934.98 52.6
1530605945.0 52.6
1530605955.02 52.6
1530605965.04 52.6
1530605975.06 52.6
1530605985.08 52.1
1530605995.11 52.6
1530606005.13 52.1
1530606015.14 52.1
1530606025.16 52.6
1530606035.18 52.6
1530606045.2 51.5
1530606055.22 52.6
1530606065.25 52.1
1530606075.27 52.1
1530606085.29 51.5
1530606095.31 51.5
1530606105.33 52.1
1530606115.35 52.1
1530606125.37 52.1
1530606135.39 52.6
1530606145.42 52.6
1530606155.44 52.1
1530606165.46 52.6
1530606175.48 52.6
1530606185.5 52.6
1530606195.52 53.2
1530606205.54 52.1
1530606215.56 52.6
1530606225.58 52.6
1530606235.6 52.6
1530606245.62 53.7
1530606255.64 52.6
1530606265.66 52.6
1530606275.68 52.6
1530606285.7 53.2
1530606295.72 52.1
1530606305.74 52.6
1530606315.76 53.2
1530606325.78 52.1
1530606335.8 52.1
1530606345.82 52.1
1530606355.83 53.2
1530606365.86 52.1
1530606375.88 51.5
1530606385.88 53.2
1530606395.91 52.6
1530606405.93 52.1
1530606415.95 52.6
1530606425.97 52.6
1530606435.99 51.5
1530606446.01 52.1
1530606456.03 52.6
1530606466.05 51.5
1530606476.08 52.6
1530606486.1 52.6
1530606496.12 52.1
1530606506.14 52.6
1530606516.16 52.1
1530606526.18 52.6
1530606536.2 52.1
1530606546.22 52.6
1530606556.24 52.6
1530606566.26 52.1
1530606576.28 52.6
1530606586.3 52.1
1530606596.31 52.6
1530606606.34 52.6
1530606616.35 52.6
1530606626.37 52.6
1530606636.39 52.1
1530606646.4 53.2
1530606656.43 53.2
1530606666.45 53.2
1530606676.46 52.6
1530606686.48 52.6
1530606696.5 53.2
1530606706.52 52.6
1530606716.54 53.2
1530606726.56 52.6
1530606736.58 52.6
1530606746.6 53.2
1530606756.62 52.1
1530606766.64 53.7
1530606776.64 53.7
1530606786.67 52.6
1530606796.69 52.6
1530606806.69 52.6
1530606816.71 53.7
1530606826.73 52.6
1530606836.75 52.6
1530606846.77 52.1
1530606856.8 52.6
1530606866.82 52.6
1530606876.84 52.6
1530606886.85 52.6
1530606896.87 52.6
1530606906.89 52.6
1530606916.91 53.2
1530606926.93 53.7
1530606936.95 53.2
1530606946.97 53.7
1530606956.99 53.7
1530606967.0 52.6
1530606977.02 53.7
1530606987.04 53.2
1530606997.05 53.7
1530607007.07 53.7
1530607017.09 53.7
1530607027.11 53.7
1530607037.12 53.2
1530607047.15 53.7
1530607057.17 53.2
1530607067.19 53.2
1530607077.21 53.2
1530607087.23 53.7
1530607097.25 53.7
1530607107.27 53.7
1530607117.29 53.7
1530607127.3 54.2
1530607137.32 54.8
1530607147.34 53.7
1530607157.36 53.7
1530607167.38 53.7
1530607177.4 53.7
1530607187.42 53.7
1530607197.44 53.2
1530607207.46 53.7
1530607217.48 53.7
1530607227.5 54.2
1530607237.52 53.7
1530607247.53 53.7
1530607257.56 53.7
1530607267.58 53.7
1530607277.6 53.7
1530607287.62 53.7
1530607297.65 53.2
1530607307.66 53.7
1530607317.68 53.2
1530607327.7 53.7
1530607337.72 53.7
1530607347.74 53.7
1530607357.76 53.2
1530607367.78 53.2
1530607377.8 53.7
1530607387.82 53.7
1530607397.84 53.7
1530607407.86 53.2
1530607417.88 53.7
1530607427.9 53.2
1530607437.92 53.7
1530607447.94 52.6
1530607457.96 53.7
1530607467.98 53.7
1530607478.0 52.6
1530607488.02 53.7
1530607498.04 53.7
1530607508.06 53.7
1530607518.09 53.7
1530607528.09 53.7
1530607538.12 53.7
1530607548.14 53.2
1530607558.16 52.6
1530607568.17 53.7
1530607578.2 52.6
1530607588.2 52.6
1530607598.23 52.6
1530607608.24 53.7
1530607618.26 52.6
1530607628.28 52.6
1530607638.31 52.6
1530607648.33 52.6
1530607658.34 53.7
1530607668.36 52.6
1530607678.38 53.2
1530607688.4 53.7
1530607698.42 53.2
1530607708.44 52.6
1530607718.47 52.6
1530607728.49 52.6
1530607738.52 52.6
1530607748.54 52.6
1530607758.56 52.6
1530607768.59 52.6
1530607778.6 52.6
1530607788.62 53.7
1530607798.64 52.6
1530607808.66 53.7
1530607818.68 52.6
1530607828.7 52.6
1530607838.72 52.6
1530607848.74 52.6
1530607858.76 52.6
1530607868.78 52.6
1530607878.81 52.1
1530607888.83 52.6
1530607898.85 52.6
1530607908.87 52.6
1530607918.89 52.6
1530607928.9 52.6
1530607938.92 52.6
1530607948.94 52.1
1530607958.96 52.6
1530607968.98 52.6
1530607979.0 52.6
1530607989.02 52.6
1530607999.04 52.6
1530608009.07 52.6
1530608019.08 52.6
1530608029.1 52.6
1530608039.12 52.6
1530608049.14 52.6
1530608059.16 52.6
1530608069.18 52.6
1530608079.2 52.6
1530608089.22 52.6
1530608099.24 52.6
1530608109.26 53.7
1530608119.28 53.2
1530608129.3 53.2
1530608139.32 53.7
1530608149.34 52.6
1530608159.35 52.6
1530608169.37 52.6
1530608179.39 53.2
1530608189.41 52.1
1530608199.43 52.6
1530608209.46 52.6
1530608219.47 53.2
1530608229.49 53.7
1530608239.51 53.7
1530608249.53 52.6
1530608259.55 53.7
1530608269.57 53.7
1530608279.58 54.2
1530608289.6 53.2
1530608299.62 53.7
1530608309.64 53.2
1530608319.66 53.7
1530608329.68 53.7
1530608339.7 53.7
1530608349.72 53.7
1530608359.74 53.2
1530608369.76 53.7
1530608379.78 52.6
1530608389.8 53.7
1530608399.82 53.7
