1530400001.51 69.8
1530400011.52 70.9
1530400021.54 70.4
1530400031.55 70.9
1530400041.57 70.9
1530400051.59 70.4
1530400061.61 69.8
1530400071.62 69.8
1530400081.65 69.3
1530400091.66 69.8
1530400101.68 69.8
1530400111.7 69.8
1530400121.72 69.3
1530400131.74 69.3
1530400141.76 68.8
1530400151.78 69.3
1530400161.79 68.8
1530400171.8 69.3
1530400181.82 69.8
1530400191.84 68.8
1530400201.86 68.8
1530400211.88 69.3
1530400221.9 68.8
1530400231.92 68.8
1530400241.94 68.8
1530400251.95 68.8
1530400261.97 69.8
1530400271.99 69.3
1530400282.01 67.7
1530400292.03 68.8
1530400302.04 69.3
1530400312.06 69.3
1530400322.07 68.8
1530400332.09 68.8
1530400342.11 69.3
1530400352.11 69.3
1530400362.13 69.3
1530400372.15 69.8
1530400382.16 69.3
1530400392.18 68.8
1530400402.19 69.3
1530400412.21 69.8
1530400422.23 69.3
1530400432.24 69.3
1530400442.26 68.8
1530400452.28 69.3
1530400462.3 69.8
1530400472.3 69.3
1530400482.32 69.3
1530400492.34 68.8
1530400502.35 68.8
1530400512.37 68.8
1530400522.39 67.7
1530400532.41 67.7
1530400542.43 67.7
1530400552.45 68.8
1530400562.46 68.8
1530400572.48 68.8
1530400582.49 68.8
1530400592.51 68.8
1530400602.53 68.8
1530400612.55 67.7
1530400622.57 68.8
1530400632.59 68.2
1530400642.61 68.2
1530400652.63 67.7
1530400662.65 68.2
1530400672.67 68.8
1530400682.68 68.8
1530400692.69 68.8
1530400702.71 67.7
1530400712.73 68.2
1530400722.74 68.8
1530400732.76 68.8
1530400742.78 68.8
1530400752.8 68.2
1530400762.81 68.8
1530400772.83 67.7
1530400782.84 68.8
1530400792.86 68.8
1530400802.87 68.8
1530400812.9 68.8
1530400822.91 68.2
1530400832.93 68.8
1530400842.95 68.2
1530400852.96 68.8
1530400862.98 68.8
1530400873.0 68.8
1530400883.01 68.8
1530400893.03 68.8
1530400903.04 68.8
1530400913.06 68.8
1530400923.07 68.8
1530400933.09 68.8
1530400943.11 68.8
1530400953.13 68.8
1530400963.14 68.8
1530400973.16 68.8
1530400983.18 68.8
1530400993.19 68.2
1530401003.21 68.8
1530401013.22 68.2
1530401023.24 68.2
1530401033.25 68.2
1530401043.27 67.7
1530401053.28 68.8
1530401063.3 68.8
1530401073.32 68.8
1530401083.32 68.8
1530401093.34 68.8
1530401103.36 68.8
1530401113.37 68.8
1530401123.39 68.2
1530401133.4 68.8
1530401143.43 68.8
1530401153.44 68.8
1530401163.46 68.8
1530401173.47 68.8
1530401183.49 68.8
1530401193.51 68.8
1530401203.53 69.3
1530401213.54 68.8
1530401223.56 68.8
1530401233.58 69.3
1530401243.59 68.8
1530401253.61 68.8
1530401263.63 68.8
1530401273.65 68.8
1530401283.67 68.8
1530401293.69 68.8
1530401303.7 68.8
1530401313.72 68.8
1530401323.73 69.8
1530401333.75 69.3
1530401343.77 69.3
1530401353.78 69.3
1530401363.8 69.3
1530401373.82 69.3
1530401383.84 69.3
1530401393.85 69.3
1530401403.87 68.2
1530401413.9 69.3
1530401423.92 69.3
1530401433.94 68.8
1530401443.95 68.8
1530401453.96 68.8
1530401463.97 69.3
1530401473.98 69.3
1530401483.99 67.7
1530401494.01 68.8
1530401504.03 67.7
1530401514.05 68.8
1530401524.06 68.8
1530401534.08 68.8
1530401544.1 68.2
1530401554.12 67.7
1530401564.14 68.2
1530401574.15 68.8
1530401584.16 68.8
1530401594.18 68.8
1530401604.2 67.7
1530401614.22 67.7
1530401624.24 68.2
1530401634.26 68.8
1530401644.27 68.8
1530401654.29 68.8
1530401664.31 67.7
1530401674.32 68.2
1530401684.34 67.7
1530401694.36 67.7
1530401704.38 67.7
1530401714.39 68.2
1530401724.41 67.7
1530401734.43 67.7
1530401744.45 68.2
1530401754.47 67.7
1530401764.49 68.8
1530401774.51 68.8
1530401784.52 68.8
1530401794.54 68.8
1530401804.56 67.7
1530401814.57 68.2
1530401824.6 68.2
1530401834.62 67.7
1530401844.63 68.8
1530401854.64 68.2
1530401864.66 68.8
1530401874.67 68.8
1530401884.69 67.7
1530401894.7 68.8
1530401904.73 68.2
1530401914.73 68.8
1530401924.74 68.8
1530401934.76 68.8
1530401944.78 67.7
1530401954.8 67.7
1530401964.8 68.8
1530401974.82 68.8
1530401984.84 67.7
1530401994.86 67.7
1530402004.88 67.7
1530402014.9 67.7
1530402024.92 67.7
1530402034.94 67.7
1530402044.95 67.7
1530402054.97 68.2
1530402064.99 68.8
1530402075.0 68.2
1530402085.02 68.8
1530402095.04 68.8
1530402105.06 67.7
1530402115.06 67.7
1530402125.07 67.7
1530402135.09 68.2
1530402145.11 67.7
1530402155.11 68.2
1530402165.13 67.7
1530402175.15 67.7
1530402185.16 67.7
1530402195.19 67.7
1530402205.21 67.7
1530402215.22 67.7
1530402225.24 67.7
1530402235.26 67.1
1530402245.28 66.6
1530402255.29 67.1
1530402265.31 66.6
1530402275.32 67.1
1530402285.35 67.1
1530402295.36 66.6
1530402305.38 67.1
1530402315.4 66.6
1530402325.42 66.6
1530402335.43 67.1
1530402345.45 67.1
1530402355.47 66.6
1530402365.49 66.6
1530402375.51 66.6
1530402385.53 66.6
1530402395.54 66.6
1530402405.56 66.6
1530402415.57 66.6
1530402425.59 66.6
1530402435.61 67.1
1530402445.63 66.6
1530402455.65 66.6
1530402465.68 66.1
1530402475.7 65.5
1530402485.71 66.6
1530402495.73 66.6
1530402505.75 66.6
1530402515.77 66.1
1530402525.79 65.0
1530402535.81 65.0
1530402545.83 65.5
1530402555.85 65.5
1530402565.86 65.5
1530402575.88 65.5
1530402585.9 66.1
1530402595.9 66.6
1530402605.91 66.1
1530402615.93 65.5
1530402625.96 66.1
1530402635.97 66.6
1530402646.0 66.1
1530402656.02 65.5
1530402666.04 65.5
1530402676.06 65.5
1530402686.07 66.6
1530402696.09 66.1
1530402706.11 66.1
1530402716.12 66.6
1530402726.15 66.1
1530402736.17 66.1
1530402746.19 66.6
1530402756.21 65.5
1530402766.23 65.5
1530402776.24 65.5
1530402786.26 66.6
1530402796.28 65.5
1530402806.3 65.5
1530402816.31 66.6
1530402826.32 65.5
1530402836.34 66.1
1530402846.36 66.1
1530402856.38 65.5
1530402866.4 65.5
1530402876.41 66.1
1530402886.43 66.1
1530402896.45 65.5
1530402906.46 65.5
1530402916.48 66.6
1530402926.49 65.5
1530402936.52 66.1
1530402946.54 66.1
1530402956.55 65.5
1530402966.57 66.1
1530402976.59 66.1
1530402986.61 66.1
1530402996.62 66.6
1530403006.65 65.5
1530403016.67 65.5
1530403026.68 65.5
1530403036.71 66.1
1530403046.72 65.5
1530403056.74 65.5
1530403066.76 65.5
1530403076.78 66.1
1530403086.8 65.5
1530403096.81 66.6
1530403106.83 65.0
1530403116.84 66.1
1530403126.86 65.5
1530403136.88 66.6
1530403146.9 65.5
1530403156.91 66.1
1530403166.93 66.1
1530403176.95 66.1
1530403186.96 66.6
1530403196.98 65.5
