1530000002.55 45.1
1530000012.57 44.5
1530000022.59 44.0
1530000032.61 44.0
1530000042.63 44.5
1530000052.65 44.0
1530000062.67 43.5
1530000072.69 43.5
1530000082.71 44.5
1530000092.73 44.0
1530000102.75 43.5
1530000112.76 44.0
1530000122.78 43.5
1530000132.8 44.0
1530000142.82 44.0
1530000152.84 43.5
1530000162.86 43.5
1530000172.88 42.9
1530000182.9 43.5
1530000192.93 44.0
1530000202.95 43.5
1530000212.97 42.9
1530000222.99 42.9
1530000233.01 43.5
1530000243.03 42.9
1530000253.05 42.9
1530000263.07 42.4
1530000273.09 43.5
1530000283.11 42.9
1530000293.14 43.5
1530000303.16 43.5
1530000313.17 43.5
1530000323.2 43.5
1530000333.22 42.9
1530000343.24 42.4
1530000353.26 42.9
1530000363.28 42.9
1530000373.3 42.9
1530000383.32 43.5
1530000393.33 42.9
1530000403.36 42.9
1530000413.38 43.5
1530000423.4 42.9
1530000433.42 42.9
1530000443.44 42.9
1530000453.46 42.9
1530000463.48 42.9
1530000473.5 42.9
1530000483.52 42.9
1530000493.54 42.9
1530000503.56 42.9
1530000513.58 42.9
1530000523.6 42.9
1530000533.62 42.4
1530000543.64 42.9
1530000553.66 42.9
1530000563.68 42.9
1530000573.71 42.9
1530000583.74 42.4
1530000593.76 42.9
1530000603.78 42.9
1530000613.8 42.9
1530000623.82 42.9
1530000633.85 42.9
1530000643.87 42.9
1530000653.89 42.9
1530000663.91 42.9
1530000673.93 42.9
1530000683.95 42.4
1530000693.97 42.4
1530000703.99 42.4
1530000711.3 42.4
1530000721.33 42.9
1530000731.35 41.9
1530000741.37 42.4
1530000751.39 42.9
1530000761.41 42.9
1530000771.43 42.9
1530000781.45 42.4
1530000791.47 42.9
1530000801.49 42.4
1530000811.52 42.9
1530000821.54 42.9
1530000831.55 42.9
1530000841.57 42.4
1530000851.6 42.9
1530000861.62 42.9
1530000871.64 42.4
1530000881.66 42.4
1530000891.69 42.9
1530000901.72 42.9
1530000911.75 42.9
1530000921.76 42.9
1530000931.78 42.9
1530000941.8 42.9
1530000951.82 41.9
1530000961.84 42.4
1530000971.86 42.4
1530000981.88 42.4
1530000991.91 42.9
1530001001.92 42.9
1530001011.94 43.5
1530001021.97 42.9
1530001032.0 42.9
1530001042.02 42.9
1530001052.04 42.9
1530001062.05 42.9
1530001072.08 42.9
1530001082.09 41.9
1530001092.11 42.9
1530001102.14 42.9
1530001112.16 42.9
1530001122.18 42.9
1530001132.19 42.9
1530001142.22 42.9
1530001152.23 44.0
1530001162.25 42.9
1530001172.27 42.9
1530001182.3 42.9
1530001192.32 42.9
1530001202.34 42.9
1530001212.36 42.9
1530001222.37 42.9
1530001232.39 43.5
1530001242.42 42.9
1530001252.44 42.9
1530001262.46 43.5
1530001272.48 42.9
1530001282.49 42.9
1530001292.52 42.9
1530001302.53 43.5
1530001312.56 44.0
1530001322.58 42.9
1530001332.59 44.0
1530001342.61 42.9
1530001352.64 43.5
1530001362.66 42.9
1530001372.68 43.5
1530001382.69 42.9
1530001392.72 42.9
1530001402.74 42.9
1530001412.75 43.5
1530001422.77 43.5
1530001432.78 43.5
1530001442.8 42.9
1530001452.81 42.9
1530001462.84 42.9
1530001472.86 42.9
1530001482.88 42.9
1530001492.9 42.9
1530001502.92 43.5
1530001512.94 42.4
1530001522.96 42.9
1530001532.98 42.9
1530001543.01 41.9
1530001553.03 42.9
1530001563.05 42.4
1530001573.06 42.9
1530001583.09 42.4
1530001593.1 42.9
1530001603.12 42.4
1530001613.14 42.9
1530001623.16 42.9
1530001633.18 42.9
1530001643.2 42.4
1530001653.22 42.4
1530001663.24 42.9
1530001673.26 42.9
1530001683.27 42.9
1530001693.3 42.9
1530001703.32 42.9
1530001713.34 42.4
1530001723.35 42.4
1530001733.38 41.9
1530001743.4 42.9
1530001753.42 42.4
1530001763.45 42.9
1530001773.46 42.9
1530001783.48 42.9
1530001793.49 42.9
1530001803.51 43.5
1530001813.53 42.9
1530001823.55 42.4
1530001833.57 42.9
1530001843.59 41.9
1530001853.6 42.4
1530001863.63 42.4
1530001873.65 42.4
1530001883.67 41.9
1530001893.69 41.9
1530001903.71 42.4
1530001913.73 41.9
1530001923.75 41.9
1530001933.77 42.4
1530001943.79 42.9
1530001953.82 42.4
1530001963.84 42.9
1530001973.86 42.9
1530001983.88 42.4
1530001993.9 42.9
1530002003.92 42.9
1530002013.94 42.4
1530002023.96 42.9
1530002033.98 42.9
1530002044.0 42.9
1530002054.02 42.9
1530002064.04 42.9
1530002074.05 42.9
1530002084.08 42.4
1530002094.09 42.9
1530002104.11 42.9
1530002114.14 42.4
1530002124.15 42.9
1530002134.17 42.9
1530002144.2 42.9
1530002154.23 42.9
1530002164.25 42.9
1530002174.27 42.9
1530002184.29 41.9
1530002194.31 42.9
1530002204.33 42.9
1530002214.35 42.9
1530002224.37 42.9
1530002234.39 42.9
1530002244.41 43.5
1530002254.43 41.9
1530002264.45 42.9
1530002274.47 42.9
1530002284.49 42.9
1530002294.51 42.4
1530002304.53 42.4
1530002314.54 43.5
1530002324.57 42.4
1530002334.59 42.9
1530002344.61 42.4
1530002354.63 42.9
1530002364.65 41.9
1530002374.67 42.4
1530002384.69 42.9
1530002394.71 42.4
1530002404.73 42.4
1530002414.75 42.9
1530002424.77 42.4
1530002434.8 42.9
1530002444.82 41.9
1530002454.83 42.9
1530002464.85 42.4
1530002474.87 41.9
1530002484.9 41.9
1530002494.92 42.4
1530002504.94 41.9
1530002514.96 42.9
1530002524.98 42.4
1530002535.0 42.9
1530002545.02 42.9
1530002555.04 42.9
1530002565.06 42.9
1530002575.08 42.9
1530002585.1 42.9
1530002595.12 42.9
1530002605.14 42.9
1530002615.16 43.5
1530002625.17 43.5
1530002635.19 42.9
1530002645.21 42.4
1530002655.23 42.9
1530002665.26 41.9
1530002675.28 42.9
1530002685.29 43.5
1530002695.31 42.9
1530002705.32 42.9
1530002715.34 43.5
1530002725.36 42.9
1530002735.37 43.5
1530002745.39 42.9
1530002755.42 43.5
1530002765.44 42.9
1530002775.46 42.9
1530002785.48 42.9
1530002795.5 42.9
1530002805.51 42.9
1530002815.53 43.5
1530002825.55 42.9
1530002835.57 42.9
1530002845.59 42.9
1530002855.62 42.9
1530002865.64 42.9
1530002875.66 43.5
1530002885.68 42.9
1530002895.7 42.9
1530002905.72 43.5
1530002915.74 42.9
1530002925.76 42.9
1530002935.77 44.0
1530002945.8 43.5
1530002955.82 43.5
1530002965.84 42.9
1530002975.85 42.9
1530002985.89 43.5
1530002995.91 43.5
1530003005.92 44.0
1530003015.95 42.9
1530003025.97 44.0
1530003035.99 42.9
1530003046.0 43.5
1530003056.02 44.0
1530003066.04 42.9
1530003076.06 43.5
1530003086.07 44.0
1530003096.09 43.5
1530003106.11 44.0
1530003116.13 42.9
1530003126.15 44.0
1530003136.16 44.0
1530003146.19 42.9
1530003156.2 44.0
1530003166.23 43.5
1530003176.25 42.9
1530003186.26 43.5
1530003196.29 44.0
1530003206.3 43.5
1530003216.32 43.5
1530003226.34 43.5
1530003236.36 43.5
1530003246.4 43.5
1530003256.42 44.0
1530003266.44 44.0
1530003276.46 43.5
1530003286.48 43.5
1530003296.5 44.5
1530003306.52 44.0
1530003316.54 43.5
1530003326.56 42.9
1530003336.58 42.9
1530003346.6 44.0
1530003356.62 44.0
1530003366.64 43.5
1530003376.66 43.5
1530003386.68 42.9
1530003396.69 44.0
1530003406.71 44.0
1530003416.74 43.5
1530003426.76 42.9
1530003436.78 42.9
1530003446.81 42.9
1530003456.83 42.9
1530003466.85 43.5
1530003476.86 44.0
1530003486.88 43.5
1530003496.9 43.5
1530003506.92 42.9
1530003516.94 42.9
1530003526.95 43.5
1530003536.98 43.5
1530003547.01 42.9
1530003557.03 43.5
1530003567.05 43.5
1530003577.07 42.9
1530003587.09 43.5
1530003597.11 44.0
1530003607.13 42.9
1530003617.16 42.9
1530003627.18 42.9
1530003637.2 42.9
1530003647.22 42.9
1530003657.24 44.0
1530003667.25 43.5
1530003677.27 44.0
1530003687.28 43.5
1530003697.31 42.9
1530003707.33 42.9
1530003717.35 42.9
1530003727.37 42.9
1530003737.39 42.9
1530003747.41 42.9
1530003757.42 42.9
1530003767.45 42.9
1530003777.47 42.9
1530003787.49 42.9
1530003797.51 42.9
1530003807.53 42.4
1530003817.55 42.9
1530003827.58 42.9
1530003837.6 42.9
1530003847.62 42.9
1530003857.64 42.9
1530003867.66 42.4
1530003877.67 42.9
1530003887.7 42.9
1530003897.72 41.9
1530003907.74 42.4
1530003917.75 43.5
1530003927.78 42.9
1530003937.79 42.9
1530003947.81 42.9
1530003957.84 42.4
1530003967.86 42.9
1530003977.88 42.9
1530003987.9 42.9
1530003997.92 42.4
1530004007.94 42.9
1530004017.97 42.4
1530004027.99 42.4
1530004038.01 42.9
1530004048.03 42.9
1530004058.05 43.5
1530004068.06 42.9
1530004078.08 42.9
1530004088.09 42.9
1530004098.1 42.9
1530004108.12 42.9
1530004118.14 42.9
1530004128.16 41.9
1530004138.18 42.4
1530004148.2 42.9
1530004158.22 42.9
1530004168.24 42.4
1530004178.26 42.4
1530004188.28 42.9
1530004198.3 41.9
1530004208.33 42.9
1530004218.35 42.9
1530004228.37 42.9
1530004238.39 43.5
1530004248.41 43.5
1530004258.43 42.9
1530004268.45 43.5
1530004278.47 44.0
1530004288.49 42.9
1530004298.51 43.5
1530004308.53 42.9
1530004318.55 42.9
1530004328.57 42.9
1530004338.59 42.9
1530004348.61 43.5
1530004358.63 43.5
1530004368.65 44.0
1530004378.67 43.5
1530004388.69 42.9
1530004398.71 43.5
1530004408.73 43.5
1530004418.74 42.9
1530004428.76 42.9
1530004438.78 44.5
1530004448.79 44.0
1530004458.82 44.0
1530004468.83 44.0
1530004478.85 44.5
1530004488.86 44.5
1530004498.88 44.5
1530004508.89 44.5
1530004518.91 44.5
1530004528.93 44.0
1530004538.95 44.0
1530004548.97 45.1
1530004558.99 43.5
1530004569.01 43.5
1530004579.04 43.5
1530004589.06 44.0
1530004599.08 44.0
1530004609.1 43.5
1530004619.12 44.0
1530004629.14 43.5
1530004639.15 43.5
1530004649.17 43.5
1530004659.19 44.5
1530004669.21 44.0
1530004679.23 44.0
1530004689.24 45.1
1530004699.27 45.1
1530004709.29 44.5
1530004719.31 45.1
1530004729.33 44.5
1530004739.35 44.5
1530004749.37 45.1
1530004759.38 45.1
1530004769.4 45.1
1530004779.42 45.1
1530004789.44 45.6
1530004799.45 45.1
1530004809.47 45.6
1530004819.49 45.1
1530004829.5 45.1
1530004839.52 45.1
1530004849.54 45.6
1530004859.56 45.6
1530004869.57 45.1
1530004879.59 46.2
1530004889.61 45.1
1530004899.63 44.5
1530004909.64 45.1
1530004919.66 45.1
1530004929.67 46.2
1530004939.69 45.6
1530004949.71 45.1
1530004959.73 45.6
1530004969.75 45.6
1530004979.77 45.1
1530004989.78 46.2
1530004999.8 45.6
1530005009.83 45.1
1530005019.84 45.6
1530005029.86 45.1
1530005039.88 45.1
1530005049.9 45.6
1530005059.92 44.5
1530005069.94 45.1
1530005079.96 45.1
1530005089.98 44.5
1530005100.0 45.1
1530005110.02 44.5
1530005120.04 45.1
1530005130.06 45.1
1530005140.08 45.1
1530005150.1 45.1
1530005160.12 45.1
1530005170.14 45.1
1530005180.16 45.1
1530005190.19 45.1
1530005200.21 44.0
1530005210.22 45.1
1530005220.24 44.0
1530005230.25 44.0
1530005240.27 44.5
1530005250.3 44.0
1530005260.31 45.1
1530005270.33 45.1
1530005280.35 44.0
1530005290.37 44.0
1530005300.39 45.1
1530005310.41 45.1
1530005320.43 44.5
1530005330.45 45.1
1530005340.47 44.0
1530005350.48 45.1
1530005360.5 44.0
1530005370.52 44.0
1530005380.53 44.5
1530005390.56 45.1
1530005400.58 44.5
1530005410.59 45.1
1530005420.6 44.0
1530005430.62 44.0
1530005440.64 44.0
1530005450.66 44.5
1530005460.68 44.0
1530005470.7 45.1
1530005480.71 45.1
1530005490.73 44.0
1530005500.75 44.0
1530005510.77 45.1
1530005520.79 44.0
1530005530.81 45.1
1530005540.82 44.5
1530005550.84 44.5
1530005560.87 44.5
1530005570.88 45.1
1530005580.9 45.1
1530005590.92 44.5
1530005600.93 44.5
1530005610.95 45.1
1530005620.97 44.0
1530005630.99 44.0
1530005641.01 45.1
1530005651.03 44.0
1530005661.05 44.5
1530005671.07 44.0
1530005681.09 44.0
1530005691.11 44.0
1530005701.13 44.5
1530005711.15 45.1
1530005721.17 45.1
1530005731.19 45.1
1530005741.21 44.5
1530005751.23 44.0
1530005761.25 45.1
1530005771.27 45.1
1530005781.29 45.1
1530005791.3 45.1
1530005801.32 44.0
1530005811.34 45.1
1530005821.36 44.5
1530005831.38 44.5
1530005841.39 44.5
1530005851.41 44.0
1530005861.43 44.5
1530005871.45 44.5
1530005881.46 45.1
1530005891.48 45.1
1530005901.5 44.0
1530005911.52 44.0
1530005921.54 44.0
1530005931.56 45.1
1530005941.57 44.0
1530005951.59 44.0
1530005961.61 44.0
1530005971.63 43.5
1530005981.65 44.0
1530005991.66 44.5
1530006001.68 44.0
1530006011.69 45.1
1530006021.71 44.0
1530006031.73 44.5
1530006041.75 45.1
1530006051.77 45.1
1530006061.79 44.5
1530006071.81 45.1
1530006081.82 44.5
1530006091.84 45.1
1530006101.86 45.1
1530006111.88 44.5
1530006121.9 45.1
1530006131.92 44.0
1530006141.94 45.1
1530006151.96 45.1
1530006161.98 45.1
1530006172.0 45.1
1530006182.01 44.5
1530006192.03 45.6
1530006202.05 45.1
1530006212.07 45.6
1530006222.09 45.1
1530006232.11 45.1
1530006242.12 45.6
1530006252.13 45.1
1530006262.15 45.6
1530006272.17 45.6
1530006282.18 45.6
1530006292.2 45.1
1530006302.22 46.2
1530006312.23 46.2
1530006322.26 45.1
1530006332.28 46.2
1530006342.29 46.2
1530006352.31 46.2
1530006362.33 45.6
1530006372.34 46.2
1530006382.37 45.6
1530006392.38 46.2
1530006402.39 45.6
1530006412.41 46.2
1530006422.43 45.6
1530006432.44 46.2
1530006442.46 46.2
1530006452.48 46.2
1530006462.5 45.6
1530006472.51 45.1
1530006482.53 46.2
1530006492.55 46.2
1530006502.57 45.6
1530006512.59 45.1
1530006522.61 46.2
1530006532.62 46.7
1530006542.65 45.6
1530006552.66 45.6
1530006562.68 46.2
1530006572.7 46.2
1530006582.72 45.6
1530006592.74 45.1
1530006602.76 46.2
1530006612.79 45.6
1530006622.81 45.1
1530006632.83 46.2
1530006642.84 46.2
1530006652.86 46.2
1530006662.88 46.2
1530006672.89 45.6
1530006682.91 46.2
1530006692.93 46.2
1530006702.95 46.2
1530006712.96 46.7
1530006722.98 45.6
1530006733.0 45.6
1530006743.02 46.2
1530006753.04 45.6
1530006763.06 45.6
1530006773.08 46.2
1530006783.09 46.2
1530006793.11 46.2
1530006803.12 46.2
1530006813.14 45.1
1530006823.16 45.6
1530006833.18 45.6
1530006843.2 45.1
1530006853.22 45.6
1530006863.24 46.2
1530006873.26 45.6
1530006883.28 45.6
1530006893.29 45.6
1530006903.31 45.1
1530006913.33 46.2
1530006923.34 46.2
1530006933.36 45.1
1530006943.38 45.6
1530006953.4 45.6
1530006963.43 45.6
1530006973.46 45.6
1530006983.47 45.6
1530006993.49 45.6
1530007003.51 45.1
1530007013.53 46.2
1530007023.55 45.1
1530007033.57 45.1
1530007043.59 45.1
1530007053.61 45.1
1530007063.62 45.1
1530007073.63 46.2
1530007083.64 45.1
1530007093.66 45.6
1530007103.68 45.1
1530007113.7 46.2
1530007123.71 45.1
1530007133.73 45.1
1530007143.76 45.1
1530007153.78 45.1
1530007163.8 45.6
1530007173.82 44.5
1530007183.83 45.1
1530007193.84 45.1
1530007203.87 45.1
1530007213.89 44.5
1530007223.91 45.1
1530007233.93 44.5
1530007243.94 45.6
1530007253.97 45.6
1530007263.98 46.2
1530007274.0 45.1
1530007284.02 45.1
1530007294.05 45.1
1530007304.07 45.1
1530007314.09 45.6
1530007324.11 45.6
1530007334.13 45.6
1530007344.15 46.2
1530007354.17 45.1
1530007364.19 45.6
1530007374.21 45.6
1530007384.23 45.6
1530007394.25 45.1
1530007404.26 46.2
1530007414.27 45.1
1530007424.29 45.6
1530007434.32 45.1
1530007444.34 45.1
1530007454.36 46.2
1530007464.37 46.2
1530007474.39 46.2
1530007484.4 46.2
1530007494.42 45.6
1530007504.45 45.6
1530007514.46 46.2
1530007524.48 45.1
1530007534.5 45.6
1530007544.52 45.6
1530007554.54 45.6
1530007564.56 45.1
1530007574.58 45.1
1530007584.6 45.6
1530007594.62 46.2
1530007604.64 45.6
1530007614.66 45.1
1530007624.67 45.6
1530007634.69 45.1
1530007644.71 45.1
1530007654.73 44.5
1530007664.75 45.1
1530007674.76 45.6
1530007684.78 45.6
1530007694.8 46.2
1530007704.82 45.1
1530007714.83 45.6
1530007724.85 46.2
1530007734.87 45.1
1530007744.89 45.1
1530007754.91 45.6
1530007764.92 45.1
1530007774.95 45.6
1530007784.96 45.6
1530007794.98 45.1
1530007805.01 45.1
1530007815.03 45.1
1530007825.05 45.1
1530007835.07 45.1
1530007845.09 45.1
1530007855.11 45.1
1530007865.14 45.1
1530007875.16 45.1
1530007885.18 45.1
1530007895.2 45.1
1530007905.22 45.1
1530007915.23 45.1
1530007925.25 45.1
1530007935.27 45.6
1530007945.29 45.1
1530007955.31 45.6
1530007965.32 45.6
1530007975.34 46.2
1530007985.36 45.6
1530007995.41 44.5
1530008005.43 46.2
1530008015.45 45.1
1530008025.48 44.5
1530008035.49 46.2
1530008045.51 44.5
1530008055.53 45.6
1530008065.55 45.1
1530008075.57 45.1
1530008085.59 45.6
1530008095.61 45.1
1530008105.64 45.1
1530008115.66 45.1
1530008125.68 45.1
1530008135.7 45.1
1530008145.72 45.6
1530008155.74 46.2
1530008165.76 45.1
1530008175.77 46.7
1530008185.79 46.2
1530008195.81 46.7
1530008205.83 47.2
1530008215.85 47.2
1530008225.87 46.7
1530008235.88 47.2
1530008245.9 46.7
1530008255.92 46.2
1530008265.94 47.2
1530008275.96 47.2
1530008285.98 47.2
1530008295.99 47.2
1530008306.01 47.2
1530008316.03 47.8
1530008326.05 47.2
1530008336.06 47.2
1530008346.08 46.7
1530008356.1 47.8
1530008366.12 47.2
1530008376.13 47.2
1530008386.15 47.2
1530008396.17 46.2
1530008406.18 47.2
1530008416.21 46.2
1530008426.23 46.2
1530008436.25 47.2
1530008446.26 47.2
1530008456.29 46.7
1530008466.31 47.2
1530008476.33 46.2
1530008486.34 46.7
1530008496.36 47.2
1530008506.38 47.2
1530008516.4 46.2
1530008526.42 46.7
1530008536.44 46.7
1530008546.46 46.7
1530008556.49 46.7
1530008566.5 47.2
1530008576.52 47.2
1530008586.54 46.7
1530008596.56 46.7
1530008606.58 47.2
1530008616.59 46.2
1530008626.61 47.2
1530008636.63 46.2
1530008646.65 47.2
1530008656.66 46.2
1530008666.68 46.2
1530008676.71 47.2
1530008686.73 47.2
1530008696.74 46.2
1530008706.76 47.8
1530008716.78 47.2
1530008726.8 47.2
1530008736.81 47.2
1530008746.82 47.2
1530008756.83 47.2
1530008766.86 47.2
1530008776.88 47.2
1530008786.89 47.2
1530008796.91 47.8
1530008806.92 47.2
1530008816.94 47.2
1530008826.96 46.2
1530008836.97 47.2
1530008846.98 47.2
1530008856.99 46.2
1530008867.01 47.2
1530008877.03 47.2
1530008887.05 47.2
1530008897.06 47.2
1530008907.08 47.2
1530008917.1 46.2
1530008927.13 46.2
1530008937.15 46.7
1530008947.17 46.2
1530008957.19 46.2
1530008967.21 47.8
1530008977.23 46.7
1530008987.24 46.2
1530008997.26 46.2
1530009007.28 46.7
1530009017.3 47.2
1530009027.32 47.2
1530009037.34 46.7
1530009047.37 46.2
1530009057.39 46.7
1530009067.4 47.2
1530009077.43 47.2
1530009087.45 47.2
1530009097.47 47.8
1530009107.49 47.2
1530009117.5 47.2
1530009127.52 47.2
1530009137.53 47.8
1530009147.55 47.2
1530009157.57 47.2
1530009167.59 48.3
1530009177.61 47.2
1530009187.62 47.8
1530009197.64 48.3
1530009207.66 48.3
1530009217.68 47.8
1530009227.7 48.3
1530009237.71 47.8
1530009247.73 47.2
1530009257.75 47.8
1530009267.77 47.8
1530009277.79 47.2
1530009287.8 48.3
1530009297.82 47.8
1530009307.84 47.8
1530009317.85 48.3
1530009327.87 47.8
1530009337.88 48.3
1530009347.9 48.3
1530009357.92 47.8
1530009367.94 48.3
1530009377.95 47.8
1530009387.97 48.3
1530009397.99 48.3
1530009408.01 48.3
1530009418.03 48.3
1530009428.05 47.8
1530009438.06 48.3
1530009448.08 48.3
1530009458.09 48.3
1530009468.12 48.3
1530009478.13 48.3
1530009488.15 48.3
1530009498.17 48.3
1530009508.2 47.8
1530009518.22 47.8
1530009528.24 48.3
1530009538.26 48.3
1530009548.28 47.8
1530009558.29 48.3
1530009568.31 48.3
1530009578.33 48.3
1530009588.34 48.3
1530009598.36 48.3
1530009608.38 47.8
1530009618.4 48.3
1530009628.41 48.3
1530009638.43 48.3
1530009648.45 48.3
1530009658.47 47.8
1530009668.49 48.3
1530009678.5 48.3
1530009688.53 48.3
1530009698.54 48.3
1530009708.56 48.3
1530009718.59 47.8
1530009728.61 49.4
1530009738.63 48.9
1530009748.64 48.3
1530009758.66 48.3
1530009768.68 48.3
1530009778.71 48.9
1530009788.72 48.3
1530009798.73 48.3
1530009808.75 47.8
1530009818.76 48.3
1530009828.78 48.3
1530009838.8 48.3
1530009848.82 48.3
1530009858.84 48.9
1530009868.85 49.4
1530009878.87 48.3
1530009888.89 48.9
1530009898.9 48.9
1530009908.92 49.4
1530009918.93 49.4
1530009928.95 49.4
1530009938.97 48.3
1530009948.99 48.3
1530009959.01 49.4
1530009969.03 48.9
1530009979.04 49.4
1530009989.06 49.9
1530009999.08 48.3
1530010009.09 48.3
1530010019.11 49.4
1530010029.12 48.9
1530010039.14 49.4
1530010049.16 49.4
1530010059.17 49.4
1530010069.18 48.9
1530010079.2 49.4
1530010089.22 49.4
1530010099.24 49.4
1530010109.26 49.9
1530010119.27 50.5
1530010129.29 49.4
1530010139.31 49.4
1530010149.32 49.4
1530010159.34 49.4
1530010169.37 49.9
1530010179.38 49.9
1530010189.4 49.4
1530010199.42 49.4
1530010209.43 48.3
1530010219.45 48.3
1530010229.47 49.4
1530010239.48 49.4
1530010249.49 49.4
1530010259.51 48.9
1530010269.52 49.4
1530010279.53 48.3
1530010289.55 49.4
1530010299.58 49.4
1530010309.59 49.4
1530010319.6 48.9
1530010329.62 49.9
1530010339.64 49.4
1530010349.66 49.4
1530010359.67 49.4
1530010369.7 49.4
1530010379.72 49.4
1530010389.73 49.4
1530010399.76 48.9
1530010409.78 48.9
1530010419.79 49.4
1530010429.81 49.9
1530010439.82 49.4
1530010449.84 49.4
1530010459.86 48.3
1530010469.88 48.3
1530010479.9 48.9
1530010489.92 48.9
1530010499.94 48.3
1530010509.96 48.9
1530010519.97 48.9
1530010529.99 48.9
1530010540.01 48.9
1530010550.03 49.4
1530010560.05 49.4
1530010570.07 48.3
1530010580.09 48.9
1530010590.11 48.3
1530010600.13 49.4
1530010610.15 48.3
1530010620.17 48.3
1530010630.19 48.3
1530010640.21 48.9
1530010650.23 48.3
1530010660.25 49.4
1530010670.27 49.4
1530010680.28 49.4
1530010690.31 49.4
1530010700.33 48.9
1530010710.35 49.4
1530010720.37 49.4
1530010730.4 48.9
1530010740.41 49.4
1530010750.43 48.9
1530010760.45 49.4
1530010770.47 48.9
1530010780.48 49.4
1530010790.49 49.4
1530010800.51 48.3
