1530200005.66 55.8
1530200015.68 56.4
1530200025.7 56.4
1530200035.73 56.9
1530200045.75 56.4
1530200055.76 56.9
1530200065.79 56.4
1530200075.8 56.4
1530200085.83 56.4
1530200095.85 56.9
1530200105.87 56.4
1530200115.89 56.9
1530200125.91 56.4
1530200135.93 56.4
1530200145.96 56.9
1530200155.97 56.4
1530200165.98 56.9
1530200176.01 56.9
1530200186.02 56.4
1530200196.04 56.9
1530200206.05 56.9
1530200216.06 56.4
1530200226.08 56.9
1530200236.1 56.9
1530200246.12 56.9
1530200256.14 56.9
1530200266.15 56.9
1530200276.18 56.9
1530200286.19 56.9
1530200296.21 56.9
1530200306.22 57.5
1530200316.25 56.9
1530200326.26 56.9
1530200336.28 56.9
1530200346.29 58.0
1530200356.31 57.5
1530200366.33 58.0
1530200376.35 57.5
1530200386.37 58.0
1530200396.38 57.5
1530200406.41 56.9
1530200416.43 58.0
1530200426.45 57.5
1530200436.47 57.5
1530200446.48 58.0
1530200456.51 56.9
1530200466.52 56.9
1530200476.54 58.0
1530200486.55 56.9
1530200496.57 58.0
1530200506.58 57.5
1530200516.6 56.9
1530200526.61 58.0
1530200536.63 58.0
1530200546.65 58.0
1530200556.67 58.0
1530200566.69 58.0
1530200576.7 58.5
1530200586.72 58.0
1530200596.74 58.5
1530200606.76 58.0
1530200616.78 58.0
1530200626.79 58.0
1530200636.8 58.0
1530200646.82 58.0
1530200656.84 58.0
1530200666.86 58.0
1530200676.88 58.0
1530200686.9 58.0
1530200696.93 58.0
1530200706.95 58.0
1530200716.96 58.0
1530200726.98 58.5
1530200737.0 59.1
1530200747.01 58.0
1530200757.03 58.0
1530200767.05 58.5
1530200777.07 59.1
1530200787.08 58.0
1530200797.1 58.5
1530200807.12 58.0
1530200817.13 58.5
1530200827.15 58.0
1530200837.16 58.5
1530200847.18 58.0
1530200857.2 58.0
1530200867.22 56.9
1530200877.24 58.0
1530200887.26 59.1
1530200897.27 58.0
1530200907.29 58.0
1530200917.31 58.5
1530200927.33 58.0
1530200937.35 58.5
1530200947.36 58.0
1530200957.38 58.0
1530200967.4 58.5
1530200977.41 58.0
1530200987.43 58.5
1530200997.44 58.0
1530201007.46 58.0
1530201017.47 58.0
1530201027.48 58.0
1530201037.5 58.5
1530201047.51 58.5
1530201057.53 58.0
1530201067.55 58.0
1530201077.57 57.5
1530201087.59 58.0
1530201097.6 58.5
1530201107.62 57.5
1530201117.64 57.5
1530201127.66 58.0
1530201137.68 58.0
1530201147.69 58.0
1530201157.7 58.0
1530201167.72 57.5
1530201177.74 58.5
1530201187.76 58.0
1530201197.78 58.0
1530201207.8 58.0
1530201217.82 58.0
1530201227.83 58.0
1530201237.85 58.0
1530201247.87 58.0
1530201257.9 58.0
1530201267.92 58.0
1530201277.94 58.5
1530201287.95 58.0
1530201297.97 58.5
1530201307.98 58.0
1530201318.01 58.0
1530201328.02 58.0
1530201338.04 58.0
1530201348.06 58.0
1530201358.07 57.5
1530201368.09 58.0
1530201378.11 58.0
1530201388.13 57.5
1530201398.14 58.0
1530201408.16 58.0
1530201418.18 58.0
1530201428.2 57.5
1530201438.22 58.0
1530201448.24 58.0
1530201458.26 56.9
1530201468.28 58.0
1530201478.29 58.0
1530201488.31 57.5
1530201498.34 56.9
1530201508.36 56.9
1530201518.37 56.9
1530201528.39 56.9
1530201538.41 56.4
1530201548.43 55.8
1530201558.45 55.8
1530201568.48 56.4
1530201578.5 55.8
1530201588.52 55.8
1530201598.54 55.3
