1531800004.29 58.0
1531800014.3 60.7
1531800024.32 58.5
1531800034.33 59.1
1531800044.35 58.5
1531800054.37 58.0
1531800064.39 58.5
1531800074.41 59.1
1531800084.42 59.1
1531800094.44 58.0
1531800104.45 58.0
1531800114.47 58.5
1531800124.48 58.5
1531800134.5 58.0
1531800144.52 58.5
1531800154.53 58.5
1531800164.55 58.0
1531800174.57 58.0
1531800184.59 58.0
1531800194.62 58.0
1531800204.64 58.0
1531800214.66 58.0
1531800224.67 58.0
1531800234.69 56.9
1531800244.71 56.9
1531800254.73 58.0
1531800264.75 58.0
1531800274.76 58.0
1531800284.78 58.0
1531800294.8 58.0
1531800304.82 58.0
1531800314.84 58.0
1531800324.86 58.0
1531800334.88 56.9
1531800344.89 58.0
1531800354.91 58.0
1531800364.93 58.0
1531800374.94 58.0
1531800384.95 58.0
1531800394.97 57.5
1531800404.99 56.9
1531800415.0 58.5
1531800425.02 58.0
1531800435.04 56.9
1531800445.05 57.5
1531800455.07 57.5
1531800465.09 56.9
1531800475.11 57.5
1531800485.13 56.9
1531800495.15 58.0
1531800505.17 58.0
1531800515.19 58.0
1531800525.2 58.0
1531800535.22 57.5
1531800545.24 58.0
1531800555.25 58.0
1531800565.27 58.0
1531800575.29 56.9
1531800585.31 57.5
1531800595.33 56.9
1531800605.34 58.0
1531800615.36 58.0
1531800625.37 58.0
1531800635.39 58.0
1531800645.41 58.0
1531800655.43 58.0
1531800665.44 58.0
1531800675.47 56.9
1531800685.49 58.0
1531800695.51 58.0
1531800705.53 58.0
1531800715.54 58.0
1531800725.56 57.5
1531800735.57 58.0
1531800745.59 58.0
1531800755.61 58.0
1531800765.63 58.0
1531800775.63 58.0
1531800785.65 58.0
1531800795.67 58.0
1531800805.68 58.5
1531800815.7 58.5
1531800825.72 58.0
1531800835.74 58.0
1531800845.76 59.1
1531800855.78 58.0
1531800865.8 58.0
1531800875.82 58.0
1531800885.83 59.1
1531800895.85 58.5
1531800905.87 59.1
1531800915.88 59.1
1531800925.9 59.1
1531800935.92 59.1
1531800945.93 59.1
1531800955.95 58.5
1531800965.96 58.5
1531800975.98 59.1
1531800985.99 58.0
1531800996.0 58.5
1531801006.02 58.0
1531801016.03 58.5
1531801026.04 59.1
1531801036.05 59.1
1531801046.07 58.5
1531801056.08 58.5
1531801066.09 59.1
1531801076.11 59.1
1531801086.12 58.5
1531801096.14 58.5
1531801106.15 59.1
1531801116.17 59.1
1531801126.18 59.1
1531801136.2 59.1
1531801146.21 59.1
1531801156.23 59.1
1531801166.24 58.0
1531801176.26 58.0
1531801186.27 58.5
1531801196.29 58.5
1531801206.31 58.5
1531801216.32 59.1
1531801226.33 59.1
1531801236.34 59.1
1531801246.36 59.1
1531801256.38 59.1
1531801266.4 58.0
1531801276.42 59.1
1531801286.43 59.6
1531801296.45 59.1
1531801306.46 59.1
1531801316.48 59.1
1531801326.5 59.1
1531801336.52 58.5
1531801346.53 59.1
1531801356.55 59.1
1531801366.56 58.5
1531801376.58 58.5
1531801386.6 59.1
1531801396.61 59.6
1531801406.63 59.1
1531801416.65 59.1
1531801426.66 58.5
1531801436.68 58.5
1531801446.7 58.5
1531801456.72 58.0
1531801466.74 58.5
1531801476.76 58.5
1531801486.78 58.0
1531801496.79 58.0
1531801506.81 59.1
1531801516.83 58.5
1531801526.85 58.0
1531801536.86 58.5
1531801546.88 58.5
1531801556.9 58.5
1531801566.91 59.1
1531801576.93 58.5
1531801586.95 58.5
1531801596.97 59.1
1531801606.98 59.1
1531801617.0 59.1
1531801627.01 58.5
1531801637.03 59.1
1531801647.05 58.5
1531801657.07 58.5
1531801667.08 59.6
1531801677.1 58.5
1531801687.11 59.1
1531801697.13 58.0
1531801707.14 58.5
1531801717.16 58.5
1531801727.18 58.0
1531801737.2 58.0
1531801747.22 58.5
1531801757.24 58.0
1531801767.26 58.0
1531801777.27 58.5
1531801787.29 58.5
1531801797.31 58.0
1531801807.32 58.5
1531801817.34 58.0
1531801827.37 58.0
1531801837.38 58.0
1531801847.4 58.0
1531801857.41 58.0
1531801867.44 56.9
1531801877.46 56.9
1531801887.48 58.5
1531801897.5 57.5
1531801907.51 58.0
1531801917.53 56.9
1531801927.55 57.5
1531801937.58 57.5
1531801947.6 56.9
1531801957.62 56.9
1531801967.64 57.5
1531801977.66 56.9
1531801987.69 56.4
1531801997.71 56.9
1531802007.73 56.9
1531802017.75 56.9
1531802027.77 56.4
1531802037.79 56.4
1531802047.81 56.9
1531802057.84 56.9
1531802067.86 56.4
1531802077.88 56.9
1531802087.9 56.9
1531802097.92 58.0
1531802107.94 56.9
1531802117.95 57.5
1531802127.97 57.5
1531802137.99 58.0
1531802148.0 57.5
1531802158.02 56.9
1531802168.04 56.9
1531802178.06 56.9
1531802188.07 57.5
1531802198.09 56.9
1531802208.11 57.5
1531802218.12 56.4
1531802228.14 56.9
1531802238.16 56.4
1531802248.18 56.9
1531802258.2 55.8
1531802268.22 56.4
1531802278.24 56.9
1531802288.25 56.9
1531802298.27 56.9
1531802308.29 56.9
1531802318.3 56.4
1531802328.32 57.5
1531802338.34 56.9
1531802348.36 56.4
1531802358.38 56.9
1531802368.39 58.0
1531802378.41 56.9
1531802388.43 56.9
1531802398.45 56.9
1531802408.47 56.4
1531802418.48 56.9
1531802428.5 56.9
1531802438.53 56.9
1531802448.55 56.4
1531802458.56 56.9
1531802468.58 56.4
1531802478.59 56.9
1531802488.6 56.9
1531802498.62 56.9
1531802508.63 56.9
1531802518.66 56.9
1531802528.67 57.5
1531802538.68 56.9
1531802548.7 57.5
1531802558.71 56.9
1531802568.73 56.9
1531802578.75 56.9
1531802588.77 57.5
1531802598.78 56.9
1531802608.8 56.9
1531802618.82 56.9
1531802628.84 56.4
1531802638.86 56.9
1531802648.88 56.9
1531802658.89 56.9
1531802668.91 56.4
1531802678.93 56.4
1531802688.95 56.4
1531802698.97 56.4
1531802708.99 55.8
1531802719.01 56.9
1531802729.04 56.9
1531802739.06 56.9
1531802749.07 56.9
1531802759.09 56.9
1531802769.11 56.9
1531802779.13 56.9
1531802789.15 56.4
1531802799.17 57.5
1531802809.18 56.4
1531802819.2 56.9
1531802829.22 56.9
1531802839.24 56.9
1531802849.25 56.9
1531802859.27 56.9
1531802869.29 56.4
1531802879.31 55.8
1531802889.33 56.4
1531802899.34 55.8
1531802909.35 56.4
1531802919.37 56.4
1531802929.38 56.9
1531802939.4 56.4
1531802949.41 55.8
1531802959.43 55.8
1531802969.45 56.4
1531802979.46 55.8
1531802989.48 55.8
1531802999.49 55.8
1531803009.51 55.8
1531803019.53 56.4
1531803029.55 55.8
1531803039.57 55.8
1531803049.59 56.4
1531803059.6 55.8
1531803069.61 56.4
1531803079.63 55.8
1531803089.65 55.3
1531803099.67 55.8
1531803109.69 55.8
1531803119.71 55.8
1531803129.82 55.3
1531803139.84 55.3
1531803149.86 55.3
1531803159.88 55.8
1531803169.89 55.8
1531803179.91 55.8
1531803189.93 55.3
1531803199.95 55.8
1531803209.97 55.8
1531803219.99 55.8
1531803230.01 55.3
1531803240.03 55.8
1531803250.05 55.8
1531803260.07 55.3
1531803270.09 56.4
1531803280.1 56.4
1531803290.12 55.8
1531803300.14 55.8
1531803310.16 55.8
1531803320.18 55.8
1531803330.2 55.8
1531803340.22 55.8
1531803350.24 55.8
1531803360.25 55.8
1531803370.27 55.8
1531803380.3 55.3
1531803390.32 55.3
1531803400.33 55.8
1531803410.35 56.4
1531803420.37 55.8
1531803430.39 56.4
1531803440.41 55.8
1531803450.42 55.8
1531803460.44 56.4
1531803470.46 55.3
1531803480.48 55.8
1531803490.5 56.4
1531803500.52 55.3
1531803510.53 56.4
1531803520.55 56.4
1531803530.57 56.9
1531803540.59 55.8
1531803550.61 55.8
1531803560.63 56.4
1531803570.64 56.4
1531803580.65 56.4
1531803590.67 55.8
1531803600.69 56.4
