1531400008.15 62.3
1531400018.16 62.3
1531400028.18 62.3
1531400038.19 62.8
1531400048.21 62.8
1531400058.23 62.8
1531400068.25 62.8
1531400078.26 62.8
1531400088.28 62.8
1531400098.29 63.4
1531400108.31 62.3
1531400118.33 62.3
1531400128.34 63.4
1531400138.35 62.3
1531400148.36 63.4
1531400158.37 62.8
1531400168.39 62.8
1531400178.4 63.4
1531400188.42 63.4
1531400198.45 63.4
1531400208.46 63.4
1531400218.48 62.8
1531400228.5 63.4
1531400238.52 63.4
1531400248.54 63.4
1531400258.55 63.9
1531400268.57 63.4
1531400278.59 62.8
1531400288.6 63.4
1531400298.62 62.8
1531400308.64 63.4
1531400318.66 62.8
1531400328.67 63.9
1531400338.68 63.9
1531400348.7 63.4
1531400358.71 64.5
1531400368.72 63.9
1531400378.73 63.9
1531400388.75 64.5
1531400398.76 64.5
