1531200003.41 52.1
1531200013.42 51.5
1531200023.45 51.5
1531200033.46 52.6
1531200043.48 52.6
1531200053.5 52.6
1531200063.51 52.1
1531200073.53 51.5
1531200083.55 52.1
1531200093.57 51.5
1531200103.58 51.5
1531200113.61 52.1
1531200123.62 52.1
1531200133.65 51.5
1531200143.67 51.5
1531200153.69 52.1
1531200163.71 51.5
1531200173.73 51.0
1531200183.75 52.1
1531200193.77 52.1
1531200203.79 52.6
1531200213.81 51.5
1531200223.84 51.5
1531200233.86 51.5
1531200243.87 51.5
1531200253.9 52.1
1531200263.92 51.5
1531200273.93 52.6
1531200283.95 52.1
1531200293.97 51.5
1531200304.0 51.5
1531200314.02 52.1
1531200324.04 51.5
1531200334.06 51.5
1531200344.08 51.5
1531200354.09 52.1
1531200364.11 51.5
1531200374.13 51.5
1531200384.16 52.1
1531200394.17 52.1
1531200404.19 52.6
1531200414.2 52.1
1531200424.23 51.5
1531200434.25 51.5
1531200444.27 52.1
1531200454.29 51.5
1531200464.3 52.6
1531200474.32 52.1
1531200484.34 51.5
1531200494.35 51.5
1531200504.38 52.6
1531200514.4 51.5
1531200524.42 51.5
1531200534.44 52.1
1531200544.46 52.1
1531200554.48 51.5
1531200564.5 51.5
1531200574.52 51.5
1531200584.54 51.5
1531200594.56 51.5
1531200604.58 51.5
1531200614.61 51.5
1531200624.62 52.1
1531200634.64 52.6
1531200644.65 52.1
1531200654.67 51.5
1531200664.7 51.5
1531200674.72 51.5
1531200684.73 51.5
1531200694.76 51.5
1531200704.78 51.5
1531200714.8 51.0
1531200724.82 51.5
1531200734.84 50.5
1531200744.85 51.5
1531200754.87 51.5
1531200764.89 51.5
1531200774.91 51.5
1531200784.93 51.5
1531200794.96 52.1
1531200804.98 51.5
1531200815.0 51.5
1531200825.02 51.5
1531200835.04 51.5
1531200845.06 51.5
1531200855.08 51.5
1531200865.1 51.5
1531200875.12 51.5
1531200885.14 51.5
1531200895.15 51.5
1531200905.18 52.1
1531200915.2 51.5
1531200925.22 51.5
1531200935.25 51.5
1531200945.26 51.5
1531200955.28 51.0
1531200965.31 51.0
1531200975.32 51.0
1531200985.35 51.5
1531200995.37 51.5
1531201005.39 51.0
1531201015.4 51.0
1531201025.42 51.0
1531201035.44 51.5
1531201045.46 51.5
1531201055.48 51.5
1531201065.5 51.0
1531201075.53 51.0
1531201085.55 51.5
1531201095.57 51.5
1531201105.59 51.5
1531201115.61 51.0
1531201125.63 50.5
1531201135.65 51.5
1531201145.66 51.5
1531201155.67 51.5
1531201165.7 51.0
1531201175.72 51.0
1531201185.74 52.1
1531201195.75 51.5
1531201205.77 52.1
1531201215.79 51.5
1531201225.81 51.5
1531201235.83 51.5
1531201245.84 51.5
1531201255.87 51.5
1531201265.88 51.0
1531201275.9 51.5
1531201285.92 51.5
1531201295.94 51.0
1531201305.95 51.5
1531201315.97 51.5
1531201325.99 51.0
1531201336.01 51.5
1531201346.03 50.5
1531201356.05 51.5
1531201366.07 51.5
1531201376.1 51.5
1531201386.12 51.5
1531201396.14 51.5
1531201406.16 51.5
1531201416.18 51.5
1531201426.2 50.5
1531201436.22 51.0
1531201446.24 51.5
1531201456.26 51.5
1531201466.28 51.5
1531201476.3 51.5
1531201486.32 51.5
1531201496.35 51.0
1531201506.37 51.5
1531201516.39 50.5
1531201526.41 51.5
1531201536.42 52.1
1531201546.45 51.5
1531201556.46 52.6
1531201566.47 51.0
1531201576.5 50.5
1531201586.52 51.0
1531201596.54 51.0
1531201606.56 51.5
1531201616.58 50.5
1531201626.6 50.5
1531201636.62 51.0
1531201646.64 51.0
1531201656.66 51.0
1531201666.68 50.5
1531201676.7 51.5
1531201686.72 51.0
1531201696.74 51.0
1531201706.76 51.5
1531201716.78 50.5
1531201726.8 51.5
1531201736.82 51.5
1531201746.84 51.5
1531201756.86 51.0
1531201766.88 51.0
1531201776.9 51.0
1531201786.92 51.0
1531201796.94 51.5
1531201806.95 52.1
1531201816.98 51.0
1531201827.0 51.0
1531201837.02 50.5
1531201847.04 50.5
1531201857.06 51.0
1531201867.08 50.5
1531201877.09 51.0
1531201887.12 51.0
1531201897.14 51.5
1531201907.16 50.5
1531201917.18 51.5
1531201927.2 51.0
1531201937.22 51.0
1531201947.24 51.5
1531201957.26 51.5
1531201967.28 51.5
1531201977.29 51.5
1531201987.32 51.0
1531201997.34 51.5
1531202007.36 51.5
1531202017.38 50.5
1531202027.4 50.5
1531202037.42 50.5
1531202047.44 51.5
1531202057.45 51.0
1531202067.47 50.5
1531202077.5 51.0
1531202087.52 50.5
1531202097.54 50.5
1531202107.56 51.5
1531202117.58 51.5
1531202127.6 52.1
1531202137.62 51.5
1531202147.64 51.5
1531202157.66 51.5
1531202167.68 51.5
1531202177.71 50.5
1531202187.72 51.5
1531202197.73 51.5
1531202207.76 51.5
1531202217.78 50.5
1531202227.8 51.5
1531202237.81 51.0
1531202247.82 51.5
1531202257.85 51.5
1531202267.87 51.5
1531202277.89 51.5
1531202287.91 51.0
1531202297.92 51.0
1531202307.95 50.5
1531202317.97 50.5
1531202327.99 50.5
1531202338.01 50.5
1531202348.04 51.0
1531202358.05 51.5
1531202368.08 50.5
1531202378.09 51.5
1531202388.12 51.5
1531202398.14 51.5
