1531900004.03 51.5
1531900014.05 51.5
1531900024.07 51.5
1531900034.08 51.5
1531900044.09 51.5
1531900054.11 51.5
1531900064.13 51.0
1531900074.16 50.5
1531900084.18 51.5
1531900094.2 51.0
1531900104.22 51.5
1531900114.24 51.0
1531900124.26 51.5
1531900134.29 50.5
1531900144.31 51.0
1531900154.33 51.5
1531900164.35 51.5
1531900174.37 51.5
1531900184.39 51.5
1531900194.41 51.0
1531900204.43 50.5
1531900214.45 51.5
1531900224.47 50.5
1531900234.48 51.0
1531900244.51 51.0
1531900254.53 51.5
1531900264.55 51.0
1531900274.56 51.5
1531900284.58 51.5
1531900294.6 50.5
1531900304.62 51.0
1531900314.64 51.0
1531900324.66 50.5
1531900334.68 51.5
1531900344.7 51.5
1531900354.72 51.0
1531900364.74 51.0
1531900374.76 50.5
1531900384.78 51.5
1531900394.8 50.5
1531900404.82 51.5
1531900414.84 51.5
1531900424.86 51.0
1531900434.87 51.5
1531900444.89 51.0
1531900454.91 50.5
1531900464.93 51.5
1531900474.95 51.5
1531900484.97 51.5
1531900494.99 51.0
1531900505.02 50.5
1531900515.04 51.5
1531900525.06 51.5
1531900535.08 51.0
1531900545.11 51.5
1531900555.13 51.5
1531900565.15 50.5
1531900575.17 51.0
1531900585.19 51.5
1531900595.21 52.1
1531900605.23 51.5
1531900615.25 51.5
1531900625.27 51.5
1531900635.3 51.5
1531900645.32 51.5
1531900655.34 51.5
1531900665.36 51.5
1531900675.39 51.5
1531900685.41 51.5
1531900695.43 51.5
1531900705.45 51.5
1531900715.47 51.5
1531900725.49 51.0
1531900735.51 51.5
1531900745.53 51.0
1531900755.55 51.5
1531900765.58 51.5
1531900775.6 51.5
1531900785.62 51.0
1531900795.63 52.1
1531900805.65 51.5
1531900815.67 52.1
1531900825.69 52.6
1531900835.7 52.1
1531900845.72 51.5
1531900855.74 51.5
1531900865.76 51.5
1531900875.78 51.0
1531900885.8 51.5
1531900895.82 51.5
1531900905.84 51.5
1531900915.85 51.5
1531900925.86 51.5
1531900935.88 51.5
1531900945.9 51.5
1531900955.92 51.5
1531900965.95 51.5
1531900975.97 51.5
1531900985.99 51.0
1531900996.01 51.5
1531901006.03 51.5
1531901016.05 51.5
1531901026.07 51.5
1531901036.09 51.5
1531901046.11 51.5
1531901056.13 51.5
1531901066.15 51.5
1531901076.16 51.5
1531901086.18 51.5
1531901096.2 51.5
1531901106.21 51.5
1531901116.23 51.5
1531901126.25 52.6
1531901136.27 51.5
1531901146.29 51.5
1531901156.31 51.5
1531901166.33 51.5
1531901176.35 52.1
1531901186.37 51.5
1531901196.39 51.5
1531901206.4 51.5
1531901216.43 51.5
1531901226.45 51.5
1531901236.47 51.5
1531901246.49 51.0
1531901256.51 51.5
1531901266.54 51.5
1531901276.56 51.5
1531901286.58 51.5
1531901296.6 52.1
1531901306.62 51.5
1531901316.65 51.5
1531901326.66 52.6
1531901336.68 52.1
1531901346.72 52.1
1531901356.74 52.1
1531901366.76 51.5
1531901376.78 51.5
1531901386.8 52.1
1531901396.82 51.5
1531901406.84 52.1
1531901416.85 52.6
1531901426.87 52.1
1531901436.9 51.5
1531901446.91 52.1
1531901456.93 51.5
1531901466.96 52.6
1531901476.98 51.5
1531901487.0 51.5
1531901497.02 51.5
1531901507.04 51.5
1531901517.06 51.0
1531901527.08 52.1
1531901537.1 52.1
1531901547.11 52.1
1531901557.13 51.5
1531901567.15 51.5
1531901577.16 52.1
1531901587.18 51.5
1531901597.2 52.6
1531901607.22 52.1
1531901617.23 52.1
1531901627.26 51.5
1531901637.28 51.5
1531901647.3 52.1
1531901657.32 51.5
1531901667.33 51.5
1531901677.35 51.5
1531901687.37 52.1
1531901697.39 51.5
1531901707.41 51.5
1531901717.42 52.6
1531901727.44 52.1
1531901737.46 51.5
1531901747.49 51.5
1531901757.51 51.5
1531901767.53 52.1
1531901777.54 52.1
1531901787.56 52.6
1531901797.58 51.5
1531901807.6 51.5
1531901817.62 51.5
1531901827.64 51.5
1531901837.66 51.5
1531901847.67 52.1
1531901857.69 51.5
1531901867.71 51.5
1531901877.73 51.5
1531901887.75 51.5
1531901897.77 51.5
1531901907.78 52.1
1531901917.8 51.5
1531901927.82 51.5
1531901937.84 51.5
1531901947.86 51.5
1531901957.88 51.5
1531901967.9 51.5
1531901977.91 52.1
1531901987.93 51.5
1531901997.95 51.5
1531902007.97 51.5
1531902017.99 50.5
1531902028.02 51.5
1531902038.04 51.5
1531902048.06 51.5
1531902058.08 51.5
1531902068.1 51.5
1531902078.12 51.5
1531902088.14 51.5
1531902098.16 51.5
1531902108.18 51.5
1531902118.2 51.5
1531902128.22 51.5
1531902138.24 51.5
1531902148.26 51.5
1531902158.29 51.5
1531902168.3 52.1
1531902178.32 52.6
1531902188.34 51.5
1531902198.36 51.5
1531902208.38 52.6
1531902218.4 50.5
1531902228.42 51.5
1531902238.44 51.5
1531902248.45 52.1
1531902258.47 52.1
1531902268.49 52.1
1531902278.51 51.5
1531902288.53 50.5
1531902298.55 51.5
1531902308.57 52.1
1531902318.58 52.6
1531902328.6 52.1
1531902338.62 51.5
1531902348.63 52.1
1531902358.65 52.6
1531902368.67 52.1
1531902378.69 51.5
1531902388.71 52.6
1531902398.72 52.6
1531902408.74 52.6
1531902418.77 52.1
1531902428.79 51.5
1531902438.8 52.6
1531902448.82 52.1
1531902458.84 51.5
1531902468.86 52.1
1531902478.89 51.5
1531902488.91 51.5
1531902498.93 51.5
1531902508.95 52.1
1531902518.97 52.1
1531902528.98 52.6
1531902539.0 52.6
1531902549.02 51.5
1531902559.05 52.1
1531902569.07 52.1
1531902579.08 51.5
1531902589.1 52.6
1531902599.12 51.5
1531902609.14 52.6
1531902619.16 51.5
1531902629.18 51.5
1531902639.2 51.5
1531902649.22 51.5
1531902659.24 51.5
1531902669.26 51.5
1531902679.28 51.5
1531902689.29 51.5
1531902699.31 51.5
1531902709.33 51.5
1531902719.35 51.5
1531902729.37 51.5
1531902739.39 51.5
1531902749.41 51.5
1531902759.43 51.5
1531902769.46 51.5
1531902779.48 51.5
1531902789.5 51.5
1531902799.52 51.5
1531902809.54 51.5
1531902819.56 51.0
1531902829.58 51.0
1531902839.6 51.5
1531902849.62 51.5
1531902859.64 51.5
1531902869.66 50.5
1531902879.68 51.5
1531902889.7 51.0
1531902899.72 51.5
1531902909.74 51.5
1531902919.76 51.0
1531902929.78 51.0
1531902939.8 51.0
1531902949.83 51.0
1531902959.84 51.5
1531902969.87 51.0
1531902979.88 51.5
1531902989.91 51.0
1531902999.92 52.1
1531903009.94 51.5
1531903019.96 51.5
1531903029.98 51.5
1531903039.99 51.5
1531903050.01 52.1
1531903060.02 52.1
1531903070.05 51.5
1531903080.07 51.5
1531903090.08 52.1
1531903100.1 51.5
1531903110.12 52.1
1531903120.14 51.5
1531903130.16 51.5
1531903140.17 52.1
1531903150.19 52.6
1531903160.21 51.5
1531903170.23 52.1
1531903180.25 51.5
1531903190.27 52.6
1531903200.28 52.6
1531903210.3 52.1
1531903220.32 52.1
1531903230.34 52.1
1531903240.35 52.1
1531903250.37 51.5
1531903260.38 51.5
1531903270.4 52.1
1531903280.42 52.1
1531903290.44 51.0
1531903300.46 52.1
1531903310.48 51.5
1531903320.5 51.5
1531903330.5 52.6
1531903340.53 52.6
1531903350.55 51.5
1531903360.57 52.1
1531903370.59 52.1
1531903380.6 53.2
1531903390.62 51.5
1531903400.64 51.5
1531903410.66 52.1
1531903420.68 51.5
1531903430.7 52.1
1531903440.72 51.5
1531903450.74 51.5
1531903460.76 51.5
1531903470.77 52.6
1531903480.79 52.6
1531903490.8 52.1
1531903500.83 52.6
1531903510.85 52.6
1531903520.86 52.6
1531903530.88 52.6
1531903540.9 52.6
1531903550.92 52.6
1531903560.94 52.1
1531903570.96 52.6
1531903580.98 52.1
1531903591.0 52.6
1531903601.01 52.6
1531903611.03 52.1
1531903621.05 52.6
1531903631.07 52.6
1531903641.08 53.2
1531903651.1 52.6
1531903661.12 52.6
1531903671.14 52.6
1531903681.16 53.2
1531903691.17 52.6
1531903701.19 52.6
1531903711.21 53.2
1531903721.23 52.6
1531903731.25 53.7
1531903741.27 52.1
1531903751.29 52.1
1531903761.31 52.1
1531903771.33 52.6
1531903781.35 52.1
1531903791.36 53.7
1531903801.38 53.2
1531903811.4 52.1
1531903821.42 52.6
1531903831.44 53.2
1531903841.46 53.2
1531903851.48 52.6
1531903861.5 52.6
1531903871.52 52.6
1531903881.54 53.2
1531903891.56 52.6
1531903901.58 52.6
1531903911.59 53.7
1531903921.61 53.2
1531903931.63 52.1
1531903941.65 52.6
1531903951.67 52.6
1531903961.69 52.6
1531903971.7 52.6
1531903981.72 52.6
1531903991.74 52.6
1531904001.75 52.6
1531904011.77 52.6
1531904021.8 52.6
1531904031.81 52.6
1531904041.83 52.1
1531904051.84 52.6
1531904061.85 52.6
1531904071.87 52.6
1531904081.89 52.6
1531904091.91 52.6
1531904101.92 53.7
1531904111.94 53.2
1531904121.96 52.1
1531904131.98 52.1
1531904142.0 52.1
1531904152.02 52.1
1531904162.04 52.1
1531904172.06 52.6
1531904182.07 53.2
1531904192.09 52.6
1531904202.11 52.6
1531904212.13 52.1
1531904222.16 52.1
1531904232.17 52.1
1531904242.18 52.6
1531904252.2 52.1
1531904262.22 51.5
1531904272.23 53.2
1531904282.25 52.1
1531904292.27 52.1
1531904302.29 52.6
1531904312.31 52.1
1531904322.33 52.1
1531904332.35 51.5
1531904342.37 52.6
1531904352.39 52.6
1531904362.4 52.1
1531904372.43 52.6
1531904382.45 52.1
1531904392.47 52.1
1531904402.49 52.6
