1531700003.07 60.1
1531700013.09 60.7
1531700023.1 60.7
1531700033.11 60.1
1531700043.13 60.1
1531700053.14 60.7
1531700063.16 60.7
1531700073.17 60.1
1531700083.18 60.1
1531700093.2 60.1
1531700103.22 60.1
1531700113.23 60.7
1531700123.26 60.1
1531700133.28 60.7
1531700143.3 59.6
1531700153.31 60.1
1531700163.33 60.1
1531700173.35 60.1
1531700183.36 60.1
1531700193.37 60.1
1531700203.38 60.1
1531700213.4 59.6
1531700223.42 60.1
1531700233.44 59.6
1531700243.45 60.1
1531700253.47 60.1
1531700263.49 60.1
1531700273.51 60.1
1531700283.52 60.1
1531700293.54 60.1
1531700303.55 60.7
1531700313.57 60.1
1531700323.59 60.1
1531700333.6 60.1
1531700343.62 60.1
1531700353.64 59.1
1531700363.65 59.6
1531700373.66 60.1
1531700383.68 60.7
1531700393.7 60.1
1531700403.72 60.1
1531700413.73 60.1
1531700423.75 59.6
1531700433.76 60.1
1531700443.78 60.1
1531700453.8 60.1
1531700463.81 59.6
1531700473.83 60.1
1531700483.85 60.1
1531700493.87 60.7
1531700503.88 60.7
1531700513.9 60.1
1531700523.91 60.1
1531700533.93 60.1
1531700543.94 60.1
1531700553.96 60.7
1531700563.98 60.7
1531700574.0 60.1
1531700584.01 60.1
1531700594.02 60.7
1531700604.04 60.1
1531700614.05 60.1
1531700624.07 60.1
1531700634.09 60.1
1531700644.1 60.1
1531700654.12 59.1
1531700664.13 60.7
1531700674.15 59.1
1531700684.17 60.1
1531700694.18 59.6
1531700704.2 60.1
1531700714.21 60.1
1531700724.23 60.1
1531700734.24 59.6
1531700744.26 60.1
1531700754.28 60.1
1531700764.3 59.1
1531700774.32 59.6
1531700784.34 59.1
1531700794.35 59.6
1531700804.37 59.1
1531700814.39 59.6
1531700824.4 60.1
1531700834.42 59.6
1531700844.44 60.1
1531700854.46 60.1
1531700864.47 59.6
1531700874.49 60.1
1531700884.51 60.1
1531700894.53 60.1
1531700904.54 60.1
1531700914.57 59.6
1531700924.59 60.1
1531700934.61 59.6
1531700944.62 59.6
1531700954.64 60.1
1531700964.65 60.1
1531700974.67 59.1
1531700984.69 59.6
1531700994.71 59.6
1531701004.72 60.1
1531701014.74 59.6
1531701024.76 59.6
1531701034.77 60.7
1531701044.79 60.1
1531701054.81 60.1
1531701064.82 60.7
1531701074.84 60.1
1531701084.86 60.1
1531701094.88 60.1
1531701104.89 59.6
1531701114.91 59.1
1531701124.93 59.1
1531701134.95 60.1
1531701144.96 60.1
1531701154.98 60.1
1531701164.99 59.6
1531701175.01 59.6
1531701185.02 60.1
1531701195.04 60.1
1531701205.06 59.6
1531701215.07 60.1
1531701225.09 60.1
1531701235.1 60.1
1531701245.12 60.1
1531701255.14 60.1
1531701265.16 60.7
1531701275.18 60.1
1531701285.19 59.1
1531701295.21 58.5
1531701305.23 59.1
1531701315.25 58.5
1531701325.26 59.1
1531701335.28 59.6
1531701345.29 59.1
1531701355.3 59.1
1531701365.32 59.1
1531701375.33 58.5
1531701385.34 58.5
1531701395.35 58.5
1531701405.37 59.1
1531701415.39 59.1
1531701425.4 59.1
1531701435.42 59.1
1531701445.43 59.1
1531701455.44 59.1
1531701465.45 59.1
1531701475.46 58.5
1531701485.48 58.5
1531701495.5 58.5
1531701505.52 58.5
1531701515.55 58.5
1531701525.56 59.1
1531701535.58 59.1
1531701545.6 58.0
1531701555.61 59.1
1531701565.63 59.1
1531701575.64 59.1
1531701585.66 59.1
1531701595.68 59.1
1531701605.69 58.5
1531701615.71 58.0
1531701625.72 58.5
1531701635.74 58.0
1531701645.76 58.5
1531701655.77 58.5
1531701665.79 58.0
1531701675.81 58.5
1531701685.84 58.0
1531701695.85 58.0
1531701705.87 58.0
1531701715.88 58.0
1531701725.9 58.0
1531701735.92 58.0
1531701745.94 57.5
1531701755.96 58.0
1531701765.98 58.0
1531701775.99 58.0
1531701786.01 58.0
1531701796.03 56.9
1531701806.05 58.0
1531701816.06 58.0
1531701826.08 58.0
1531701836.1 58.5
1531701846.11 58.0
1531701856.13 58.5
1531701866.15 58.0
1531701876.17 58.5
1531701886.18 58.0
1531701896.2 58.0
1531701906.21 58.0
1531701916.22 58.0
1531701926.23 58.0
1531701936.25 58.0
1531701946.26 58.0
1531701956.28 58.5
1531701966.3 58.0
1531701976.32 58.0
1531701986.34 58.5
1531701996.36 58.5
1531702006.38 58.0
1531702016.4 58.0
1531702026.41 58.5
1531702036.44 58.0
1531702046.45 58.5
1531702056.47 58.0
1531702066.48 58.5
1531702076.49 58.5
1531702086.51 58.5
1531702096.53 58.5
1531702106.55 58.5
1531702116.56 58.5
1531702126.58 59.1
1531702136.6 58.5
1531702146.61 59.1
1531702156.63 58.0
1531702166.65 58.5
1531702176.66 58.0
1531702186.68 58.0
1531702196.7 57.5
1531702206.71 58.0
1531702216.73 58.0
1531702226.75 58.0
1531702236.76 59.1
1531702246.78 58.0
1531702256.8 57.5
1531702266.82 58.0
1531702276.83 58.0
1531702286.85 57.5
1531702296.86 58.0
1531702306.88 58.5
1531702316.9 58.0
1531702326.92 57.5
1531702336.93 57.5
1531702346.96 58.0
1531702356.97 58.0
1531702366.99 56.9
1531702377.0 58.0
1531702387.02 56.9
1531702397.03 56.9
1531702407.04 58.0
1531702417.05 56.9
1531702427.07 56.9
1531702437.09 58.0
1531702447.11 56.9
1531702457.12 56.9
1531702467.14 56.9
1531702477.16 57.5
1531702487.18 56.9
1531702497.19 58.0
1531702507.21 58.0
1531702517.23 58.0
1531702527.25 57.5
1531702537.26 58.0
1531702547.28 56.9
1531702557.3 56.9
1531702567.31 56.9
1531702577.33 56.9
1531702587.35 58.0
1531702597.36 57.5
1531702607.37 58.0
1531702617.39 57.5
1531702627.41 56.9
1531702637.43 58.0
1531702647.45 58.0
1531702657.46 58.0
1531702667.48 56.9
1531702677.5 58.0
1531702687.52 57.5
1531702697.53 58.0
1531702707.55 57.5
1531702717.56 58.0
1531702727.58 57.5
1531702737.59 58.0
1531702747.61 58.0
1531702757.62 57.5
1531702767.64 58.0
1531702777.65 58.0
1531702787.67 58.0
1531702797.69 56.9
