1531600004.57 64.5
1531600014.58 64.5
1531600024.59 64.5
1531600034.6 64.5
1531600044.62 63.9
1531600054.64 64.5
1531600064.66 63.4
1531600074.68 65.0
1531600084.69 64.5
1531600094.7 65.0
1531600104.72 65.0
1531600114.73 64.5
1531600124.75 65.0
1531600134.77 64.5
1531600144.78 65.0
1531600154.8 64.5
1531600164.82 64.5
1531600174.84 64.5
1531600184.86 65.0
1531600194.88 64.5
1531600204.89 65.0
1531600214.91 64.5
1531600224.93 64.5
1531600234.95 64.5
1531600244.97 64.5
1531600254.98 64.5
1531600265.0 65.0
1531600275.01 65.0
1531600285.03 65.0
1531600295.04 65.0
1531600305.06 65.0
1531600315.08 64.5
1531600325.1 65.0
1531600335.12 65.0
1531600345.13 65.5
1531600355.15 65.5
1531600365.17 65.0
1531600375.18 65.5
1531600385.19 65.0
1531600395.21 65.5
1531600405.23 65.0
1531600415.25 65.5
1531600425.26 65.5
1531600435.27 65.5
1531600445.29 65.5
1531600455.31 65.5
1531600465.33 65.5
1531600475.34 66.1
1531600485.36 65.5
1531600495.38 65.5
1531600505.39 65.5
1531600515.41 65.0
1531600525.42 65.5
1531600535.44 65.5
1531600545.45 65.5
1531600555.47 65.0
1531600565.48 65.5
1531600575.5 65.5
1531600585.52 65.0
1531600595.53 64.5
1531600605.55 64.5
1531600615.57 65.0
1531600625.58 65.5
1531600635.6 65.0
1531600645.61 64.5
1531600655.62 64.5
1531600665.64 64.5
1531600675.66 65.0
1531600685.67 65.5
1531600695.68 65.0
1531600705.69 65.0
1531600715.7 64.5
1531600725.72 64.5
1531600735.73 65.0
1531600745.75 65.0
1531600755.76 64.5
1531600765.77 65.0
1531600775.79 65.0
1531600785.81 65.0
1531600795.83 64.5
1531600805.85 64.5
1531600815.87 64.5
1531600825.89 64.5
1531600835.91 64.5
1531600845.93 65.0
1531600855.95 63.9
1531600865.97 64.5
1531600875.98 63.4
1531600886.0 63.9
1531600896.01 64.5
1531600906.03 64.5
1531600916.04 65.0
1531600926.07 64.5
1531600936.09 64.5
1531600946.1 65.0
1531600956.12 64.5
1531600966.13 64.5
1531600976.15 63.4
1531600986.17 64.5
1531600996.19 63.9
1531601006.21 64.5
1531601016.23 64.5
1531601026.24 64.5
1531601036.26 63.4
1531601046.27 64.5
1531601056.28 63.9
1531601066.3 63.4
1531601076.31 63.9
1531601086.32 65.0
1531601096.34 64.5
1531601106.35 64.5
1531601116.37 64.5
1531601126.38 65.0
1531601136.4 65.0
1531601146.42 63.9
1531601156.43 64.5
1531601166.44 64.5
1531601176.46 64.5
1531601186.48 64.5
1531601196.5 65.0
1531601206.51 64.5
1531601216.52 64.5
1531601226.54 64.5
1531601236.55 64.5
1531601246.57 63.9
1531601256.59 65.5
1531601266.61 65.0
1531601276.61 64.5
1531601286.63 64.5
1531601296.65 64.5
1531601306.66 64.5
1531601316.68 63.4
1531601326.7 65.0
1531601336.72 63.4
1531601346.74 64.5
1531601356.75 64.5
1531601366.77 64.5
1531601376.79 63.4
1531601386.8 64.5
1531601396.82 64.5
1531601406.84 63.4
1531601416.86 63.9
1531601426.88 64.5
1531601436.89 64.5
1531601446.91 64.5
1531601456.93 63.4
1531601466.95 63.4
1531601476.97 62.8
1531601486.98 63.4
1531601497.01 62.8
1531601507.02 63.9
1531601517.03 63.9
1531601527.04 63.4
1531601537.07 63.9
1531601547.08 63.4
1531601557.1 63.9
1531601567.11 63.4
1531601577.13 63.4
1531601587.15 63.9
1531601597.17 63.9
1531601607.18 64.5
1531601617.2 64.5
1531601627.22 63.9
1531601637.23 63.9
1531601647.25 63.4
1531601657.27 63.9
1531601667.28 63.9
1531601677.3 63.4
1531601687.31 63.4
1531601697.34 63.4
1531601707.34 63.9
1531601717.36 63.4
1531601727.38 63.9
1531601737.4 63.4
1531601747.41 63.9
1531601757.43 63.4
1531601767.44 63.4
1531601777.45 63.9
1531601787.47 63.4
1531601797.49 64.5
1531601807.5 63.4
1531601817.52 64.5
1531601827.53 64.5
1531601837.55 64.5
1531601847.57 64.5
1531601857.58 65.0
1531601867.6 64.5
1531601877.62 64.5
1531601887.63 64.5
1531601897.65 63.9
1531601907.67 64.5
1531601917.69 64.5
1531601927.7 64.5
1531601937.72 64.5
1531601947.73 63.9
1531601957.75 63.4
1531601967.77 63.4
1531601977.79 63.4
1531601987.81 63.9
1531601997.81 63.4
