1531500004.11 69.8
1531500014.13 69.8
1531500024.15 70.9
1531500034.16 70.9
1531500044.17 70.9
1531500054.19 71.4
1531500064.2 71.4
1531500074.22 71.4
1531500084.24 70.9
1531500094.25 72.0
1531500104.26 72.0
1531500114.28 71.4
1531500124.29 71.4
1531500134.32 70.9
1531500144.33 70.9
1531500154.34 71.4
1531500164.36 71.4
1531500174.38 72.0
1531500184.4 71.4
1531500194.41 71.4
1531500204.43 71.4
1531500214.44 71.4
1531500224.46 72.0
1531500234.48 72.0
1531500244.5 72.0
1531500254.51 72.0
1531500264.52 72.0
1531500274.53 72.0
1531500284.54 72.0
1531500294.55 72.0
1531500304.57 71.4
1531500314.58 72.0
1531500324.59 72.0
1531500334.61 71.4
1531500344.62 72.0
1531500354.64 70.9
1531500364.65 72.0
1531500374.67 70.9
1531500384.68 72.0
1531500394.7 72.0
1531500404.71 70.9
1531500414.73 72.0
1531500424.74 72.0
1531500434.76 72.5
1531500444.77 72.0
1531500454.78 72.0
1531500464.8 72.0
1531500474.81 72.0
1531500484.82 72.5
1531500494.84 72.0
1531500504.86 72.5
1531500514.88 72.0
1531500524.89 73.1
1531500534.91 72.0
1531500544.93 71.4
1531500554.95 72.0
1531500564.96 72.0
1531500574.98 72.5
1531500585.0 72.0
1531500595.02 72.0
1531500605.04 72.0
1531500615.05 73.1
1531500625.06 72.5
1531500635.07 72.5
1531500645.09 72.0
1531500655.1 72.0
1531500665.12 72.0
1531500675.14 73.1
1531500685.16 73.1
1531500695.16 73.1
1531500705.19 72.5
1531500715.2 73.1
1531500725.21 73.1
1531500735.23 73.6
1531500745.24 73.1
1531500755.26 72.5
1531500765.27 73.1
1531500775.28 72.0
1531500785.3 73.1
1531500795.31 73.1
1531500805.33 72.5
1531500815.34 72.5
1531500825.35 72.5
1531500835.37 72.5
1531500845.38 73.1
1531500855.4 73.1
1531500865.42 73.6
1531500875.43 73.1
1531500885.45 73.1
1531500895.47 73.1
1531500905.48 73.6
1531500915.5 74.1
1531500925.52 73.6
1531500935.53 74.1
1531500945.54 73.6
1531500955.56 73.1
1531500965.58 73.1
1531500975.59 73.1
1531500985.61 73.6
1531500995.62 74.1
1531501005.63 73.6
1531501015.65 73.6
1531501025.67 73.6
1531501035.69 73.6
1531501045.7 74.1
1531501055.72 74.1
1531501065.74 74.1
1531501075.76 73.6
1531501085.76 74.1
1531501095.78 74.7
1531501105.8 74.1
1531501115.81 74.1
1531501125.83 74.1
1531501135.84 74.1
1531501145.85 74.1
1531501155.86 74.1
1531501165.89 74.1
1531501175.9 74.1
1531501185.92 74.1
1531501195.93 75.2
