1531100003.82 56.4
1531100013.84 56.9
1531100023.86 56.4
1531100033.88 56.4
1531100043.9 56.9
1531100053.91 56.4
1531100063.93 56.4
1531100073.95 55.8
1531100083.97 55.8
1531100093.99 55.8
1531100104.0 56.4
1531100114.03 55.8
1531100124.04 55.8
1531100134.05 55.8
1531100144.07 55.8
1531100154.09 56.4
1531100164.1 55.8
1531100174.12 56.9
1531100184.14 56.9
1531100194.15 56.4
1531100204.17 55.8
1531100214.19 56.9
1531100224.2 55.8
1531100234.21 56.9
1531100244.22 55.8
1531100254.24 56.9
1531100264.25 56.4
1531100274.27 56.9
1531100284.28 56.4
1531100294.28 56.9
1531100304.3 57.5
1531100314.31 56.4
1531100324.32 56.9
1531100334.34 56.9
1531100344.36 56.9
1531100354.38 56.9
1531100364.4 56.9
1531100374.41 56.4
1531100384.43 55.8
1531100394.45 56.4
1531100404.47 56.4
1531100414.48 56.9
1531100424.49 56.4
1531100434.51 56.4
1531100444.53 56.9
1531100454.54 56.9
1531100464.55 56.9
1531100474.57 56.9
1531100484.59 56.4
1531100494.61 56.9
1531100504.63 56.9
1531100514.64 56.9
1531100524.66 56.9
1531100534.67 56.9
1531100544.68 56.9
1531100554.7 56.4
1531100564.71 55.8
1531100574.73 55.3
1531100584.74 55.8
1531100594.75 55.8
1531100604.76 55.8
1531100614.77 56.4
1531100624.79 55.3
1531100634.81 54.8
1531100644.82 55.8
1531100654.84 55.8
1531100664.86 55.8
1531100674.88 54.8
1531100684.9 54.8
1531100694.91 54.8
1531100704.93 55.3
1531100714.95 54.8
1531100724.96 54.8
1531100734.98 54.8
1531100745.0 53.7
1531100755.01 54.8
1531100765.02 54.8
1531100775.04 54.2
1531100785.06 53.7
1531100795.07 54.2
1531100805.08 54.8
1531100815.1 53.7
1531100825.12 53.7
1531100835.14 53.7
1531100845.16 53.7
1531100855.17 53.7
1531100865.19 54.8
1531100875.2 53.7
1531100885.22 53.7
1531100895.23 54.8
1531100905.24 53.7
1531100915.26 54.2
1531100925.28 53.7
1531100935.3 53.7
1531100945.33 53.7
1531100955.35 53.7
1531100965.37 53.7
1531100975.38 54.2
1531100985.4 54.2
1531100995.42 53.7
1531101005.44 54.8
1531101015.46 54.2
1531101025.48 53.7
1531101035.5 53.7
1531101045.52 53.7
1531101055.54 53.7
1531101065.55 53.7
1531101075.57 53.7
1531101085.59 53.7
1531101095.61 54.2
1531101105.63 54.2
1531101115.65 53.7
1531101125.67 53.7
1531101135.69 53.7
1531101145.72 53.2
1531101155.73 53.2
1531101165.74 53.7
1531101175.76 53.2
1531101185.79 53.2
1531101195.81 53.2
1531101205.83 53.2
1531101215.85 53.7
1531101225.86 52.6
1531101235.89 53.7
1531101245.9 53.7
1531101255.92 53.2
1531101265.93 53.2
1531101275.95 53.7
1531101285.97 53.7
1531101295.98 53.7
1531101306.0 54.2
1531101316.02 53.7
1531101326.03 53.7
1531101336.05 53.2
1531101346.07 53.7
1531101356.08 53.7
1531101366.1 53.2
1531101376.12 53.7
1531101386.13 53.7
1531101396.14 53.7
1531101406.16 53.7
1531101416.18 53.7
1531101426.2 53.7
1531101436.22 53.7
1531101446.23 53.7
1531101456.25 53.7
1531101466.26 53.7
1531101476.27 54.2
1531101486.29 53.7
1531101496.31 53.7
1531101506.34 53.2
1531101516.36 53.2
1531101526.38 54.2
1531101536.4 53.7
1531101546.42 54.2
1531101556.43 54.2
1531101566.45 55.3
1531101576.46 54.8
1531101586.48 54.8
1531101596.49 54.8
