1531300000.12 53.7
1531300010.15 53.7
1531300020.17 53.7
1531300030.18 54.8
1531300040.19 53.7
1531300050.21 54.2
1531300060.22 53.7
1531300070.25 53.7
1531300080.27 53.7
1531300090.29 53.7
1531300100.31 53.7
1531300110.33 53.7
1531300120.34 54.2
1531300130.36 54.2
1531300140.38 54.8
1531300150.39 54.8
1531300160.4 54.8
1531300170.42 54.8
1531300180.43 54.8
1531300190.44 54.8
1531300200.46 55.3
1531300210.47 55.8
1531300220.48 54.8
1531300230.49 55.8
1531300240.51 55.8
1531300250.53 54.8
1531300260.54 55.8
1531300270.57 54.8
1531300280.59 55.3
1531300290.6 54.8
1531300300.62 55.3
1531300310.63 55.8
1531300320.64 55.8
1531300330.66 55.3
1531300340.68 55.8
1531300350.7 55.3
1531300360.71 55.8
1531300370.73 55.8
1531300380.75 56.4
1531300390.77 55.8
1531300400.78 55.3
1531300410.8 55.8
1531300420.82 54.8
1531300430.84 55.8
1531300440.87 55.3
1531300450.89 54.8
1531300460.9 55.3
1531300470.92 55.8
1531300480.94 55.3
1531300490.95 55.3
1531300500.97 54.8
1531300510.99 55.8
1531300521.01 54.8
1531300531.03 54.8
1531300541.04 55.8
1531300551.06 55.3
1531300561.07 54.8
1531300571.09 54.8
1531300581.11 55.3
1531300591.14 55.3
1531300601.16 55.3
1531300611.18 55.8
1531300621.2 55.8
1531300631.22 54.8
1531300641.24 55.3
1531300651.25 54.8
1531300661.28 53.7
1531300671.3 54.2
1531300681.32 54.2
1531300691.33 54.8
1531300701.35 54.8
1531300711.37 54.2
1531300721.39 54.8
1531300731.41 54.2
1531300741.42 54.8
1531300751.44 55.3
1531300761.46 54.2
1531300771.48 53.7
1531300781.49 54.8
1531300791.51 53.7
1531300801.54 54.2
1531300811.56 53.7
1531300821.57 54.8
1531300831.59 54.2
1531300841.61 53.7
1531300851.63 53.7
1531300861.66 54.8
1531300871.67 54.8
1531300881.69 53.7
1531300891.7 54.8
1531300901.72 53.7
1531300911.74 53.7
1531300921.76 53.7
1531300931.78 54.2
1531300941.8 54.2
1531300951.82 53.7
1531300961.84 53.2
1531300971.86 53.2
1531300981.88 53.7
1531300991.9 53.7
1531301001.92 53.7
1531301011.94 53.7
1531301021.96 53.7
1531301031.98 52.6
1531301042.01 53.2
1531301052.03 52.6
1531301062.05 53.7
1531301072.06 54.2
1531301082.08 54.2
1531301092.1 53.7
1531301102.11 53.2
1531301112.14 53.2
1531301122.15 53.2
1531301132.17 53.2
1531301142.19 53.2
1531301152.2 53.7
1531301162.22 53.7
1531301172.26 53.7
1531301182.28 53.7
1531301192.29 53.7
1531301202.31 54.2
1531301212.33 54.2
1531301222.34 53.7
1531301232.36 53.7
1531301242.38 53.7
1531301252.4 53.7
1531301262.42 53.7
1531301272.43 53.7
1531301282.45 53.7
1531301292.47 53.7
1531301302.49 53.7
1531301312.51 53.7
1531301322.53 53.2
1531301332.54 53.7
1531301342.56 53.7
1531301352.58 53.7
1531301362.59 53.7
1531301372.61 53.7
1531301382.62 54.2
1531301392.64 53.7
1531301402.65 54.2
1531301412.67 53.2
1531301422.68 53.7
1531301432.7 52.6
1531301442.72 53.7
1531301452.74 53.2
1531301462.76 53.7
1531301472.78 53.7
1531301482.79 53.7
1531301492.81 53.7
1531301502.83 52.6
1531301512.85 53.2
1531301522.87 52.6
1531301532.89 53.2
1531301542.91 52.6
1531301552.93 52.6
1531301562.95 53.7
1531301572.97 53.7
1531301582.99 53.2
1531301593.01 53.7
1531301603.03 53.2
1531301613.05 52.6
1531301623.07 53.7
1531301633.09 53.7
1531301643.11 52.6
1531301653.13 52.6
1531301663.14 53.7
1531301673.16 53.2
1531301683.18 53.2
1531301693.21 53.2
1531301703.23 53.7
1531301713.24 53.7
1531301723.26 53.2
1531301733.28 52.6
1531301743.3 53.2
1531301753.32 53.2
1531301763.34 53.7
1531301773.35 53.7
1531301783.37 53.7
1531301793.39 53.7
1531301803.42 53.2
1531301813.44 53.7
1531301823.45 54.8
1531301833.49 53.7
1531301843.51 53.7
1531301853.53 53.2
1531301863.55 53.7
1531301873.57 53.7
1531301883.59 53.7
1531301893.6 54.2
1531301903.62 53.7
1531301913.64 53.7
1531301923.66 53.7
1531301933.68 53.7
1531301943.69 53.7
1531301953.71 54.2
1531301963.73 54.2
1531301973.75 54.2
1531301983.77 54.2
1531301993.79 53.7
1531302003.8 54.8
1531302013.82 54.8
1531302023.83 54.2
1531302033.85 53.7
1531302043.87 53.7
1531302053.89 53.2
1531302063.91 53.7
1531302073.93 53.7
1531302083.94 53.7
1531302093.96 53.2
1531302103.98 53.7
1531302114.0 53.7
1531302124.01 54.2
1531302134.02 53.7
1531302144.04 54.2
1531302154.05 53.7
1531302164.06 53.7
1531302174.08 54.2
1531302184.1 53.7
1531302194.11 54.8
1531302204.13 54.8
1531302214.14 53.7
1531302224.16 54.8
1531302234.18 54.8
1531302244.19 54.2
1531302254.2 54.8
1531302264.22 54.2
1531302274.24 55.3
1531302284.25 54.8
1531302294.26 54.8
1531302304.28 54.2
1531302314.3 54.8
1531302324.33 54.2
1531302334.35 54.8
1531302344.37 55.3
1531302354.39 54.2
1531302364.4 54.2
1531302374.42 54.8
1531302384.43 55.3
1531302394.45 55.3
1531302404.46 54.8
1531302414.48 54.8
1531302424.49 54.8
1531302434.51 54.2
1531302444.53 55.3
1531302454.55 55.3
1531302464.57 54.8
1531302474.58 55.3
1531302484.59 55.8
1531302494.61 55.3
1531302504.62 54.8
1531302514.64 55.3
1531302524.66 54.8
1531302534.68 54.8
1531302544.7 55.3
1531302554.71 54.8
1531302564.73 53.7
1531302574.74 54.8
1531302584.77 55.3
1531302594.78 55.3
1531302604.79 55.3
1531302614.81 54.8
1531302624.83 54.8
1531302634.84 54.8
1531302644.85 54.8
1531302654.87 54.8
1531302664.9 54.8
1531302674.91 54.2
1531302684.93 54.8
1531302694.95 54.8
1531302704.97 55.3
1531302714.99 54.8
1531302725.01 55.8
1531302735.03 54.8
1531302745.05 55.3
1531302755.07 54.8
1531302765.09 54.8
1531302775.11 55.3
1531302785.12 54.8
1531302795.14 54.8
1531302805.15 54.8
1531302815.16 55.3
1531302825.18 54.8
1531302835.2 53.7
1531302845.22 54.8
1531302855.24 54.8
1531302865.25 54.2
1531302875.27 53.7
1531302885.29 53.7
1531302895.31 53.7
1531302905.32 54.8
1531302915.34 54.2
1531302925.35 54.2
1531302935.38 54.8
1531302945.39 54.8
1531302955.41 53.7
1531302965.43 54.2
1531302975.45 54.2
1531302985.46 54.2
1531302995.48 53.7
1531303005.5 53.7
1531303015.52 53.7
1531303025.54 53.7
1531303035.56 53.7
1531303045.58 53.7
1531303055.6 53.7
1531303065.62 53.7
1531303075.64 53.7
1531303085.66 53.2
1531303095.68 53.2
1531303105.7 53.2
1531303115.72 53.2
1531303125.73 53.7
1531303135.74 52.6
1531303145.76 53.2
1531303155.78 53.7
1531303165.8 53.2
1531303175.82 52.6
1531303185.84 53.7
1531303195.85 53.7
1531303205.87 55.8
1531303215.89 54.8
1531303225.9 54.8
1531303235.91 54.8
1531303245.94 53.7
1531303255.96 54.2
1531303265.98 54.2
1531303276.0 53.7
1531303286.02 53.7
1531303296.04 53.7
1531303306.06 54.2
1531303316.07 54.2
1531303326.09 53.7
1531303336.12 53.7
1531303346.13 54.2
1531303356.14 53.7
1531303366.16 53.7
1531303376.18 52.6
1531303386.2 53.2
1531303396.22 53.7
1531303406.24 53.7
1531303416.26 53.7
1531303426.27 53.7
1531303436.29 53.7
1531303446.31 54.2
1531303456.32 53.7
1531303466.34 53.7
1531303476.36 53.2
1531303486.38 53.2
1531303496.39 53.7
1531303506.41 52.6
1531303516.43 53.7
1531303526.45 53.2
1531303536.47 54.2
1531303546.49 53.7
1531303556.5 53.2
1531303566.52 53.7
1531303576.55 53.2
1531303586.56 53.7
1531303596.58 53.7
1531303606.59 53.7
1531303616.61 53.7
1531303626.63 53.2
1531303636.66 53.2
1531303646.68 53.2
1531303656.7 52.6
1531303666.72 52.6
1531303676.74 52.6
1531303686.75 53.7
1531303696.77 52.6
1531303706.79 53.7
1531303716.8 53.2
1531303726.81 53.7
1531303736.83 53.2
1531303746.84 53.2
1531303756.87 53.7
1531303766.88 53.2
1531303776.9 53.7
1531303786.92 52.6
1531303796.94 53.7
1531303806.95 53.7
1531303816.96 53.7
1531303826.98 52.6
1531303837.0 53.7
1531303847.02 53.7
1531303857.04 54.2
1531303867.06 52.6
1531303877.08 53.7
1531303887.1 53.7
1531303897.11 53.7
1531303907.13 53.7
1531303917.15 52.6
1531303927.16 53.7
1531303937.18 53.7
1531303947.2 53.7
1531303957.21 54.2
1531303967.23 53.7
1531303977.25 54.8
1531303987.27 54.2
1531303997.28 53.7
1531304007.3 54.2
1531304017.31 54.2
1531304027.33 54.8
1531304037.34 54.8
1531304047.35 54.2
1531304057.37 53.7
1531304067.39 54.2
1531304077.41 53.7
1531304087.43 54.8
1531304097.44 54.8
1531304107.46 54.8
1531304117.48 54.8
1531304127.5 54.8
1531304137.52 54.8
1531304147.53 55.3
1531304157.55 55.8
1531304167.57 54.8
1531304177.59 54.8
1531304187.61 54.8
1531304197.63 54.8
1531304207.65 54.2
1531304217.67 54.8
1531304227.69 54.8
1531304237.7 54.8
1531304247.73 54.8
1531304257.75 54.2
1531304267.76 54.8
1531304277.78 54.8
1531304287.79 55.3
1531304297.81 55.3
1531304307.82 54.8
1531304317.84 54.8
1531304327.86 54.8
1531304337.88 55.3
1531304347.89 55.3
1531304357.9 54.8
1531304367.92 55.8
1531304377.93 54.8
1531304387.95 55.8
1531304397.96 55.8
1531304407.98 55.3
1531304418.0 55.8
1531304428.01 55.8
1531304438.03 56.4
1531304448.04 55.8
1531304458.06 55.8
1531304468.07 55.8
1531304478.09 55.8
1531304488.11 55.8
1531304498.13 55.8
1531304508.14 56.4
1531304518.16 56.9
1531304528.17 55.8
1531304538.19 56.4
1531304548.21 55.8
1531304558.23 56.4
1531304568.25 56.4
1531304578.26 55.8
1531304588.28 55.8
1531304598.3 55.8
1531304608.31 55.8
1531304618.33 55.8
1531304628.35 56.4
1531304638.37 55.8
1531304648.38 56.4
1531304658.4 56.4
1531304668.42 55.8
1531304678.44 55.8
1531304688.45 56.4
1531304698.47 55.8
1531304708.49 55.8
1531304718.51 55.8
1531304728.53 56.4
1531304738.54 55.8
1531304748.57 55.8
1531304758.58 55.8
1531304768.6 55.8
1531304778.62 54.8
1531304788.63 54.8
1531304798.66 55.8
1531304808.67 55.8
1531304818.69 56.4
1531304828.71 56.4
1531304838.72 55.8
1531304848.74 56.4
1531304858.76 56.4
1531304868.77 56.4
1531304878.79 55.8
1531304888.8 56.4
1531304898.82 56.4
1531304908.84 55.8
1531304918.86 55.8
1531304986.55 56.4
1531304996.57 55.8
1531305006.59 55.3
1531305016.61 56.4
1531305026.62 55.8
1531305036.64 55.8
1531305046.66 55.8
1531305056.69 54.8
1531305066.71 55.3
1531305076.73 55.8
1531305086.75 54.8
1531305096.77 54.8
1531305106.79 55.3
1531305116.83 54.8
1531305126.85 54.8
1531305136.87 55.3
1531305146.89 55.3
1531305156.91 55.3
1531305166.93 55.3
1531305176.94 55.8
1531305186.96 55.8
1531305196.98 55.8
1531305206.99 55.8
1531305217.01 56.4
1531305227.03 56.4
1531305237.05 56.4
1531305247.06 56.4
1531305257.08 56.9
1531305267.09 56.4
1531305277.11 55.8
1531305287.13 56.9
1531305297.15 56.4
1531305307.17 55.8
1531305317.19 55.8
1531305327.21 55.8
1531305337.23 55.8
1531305347.24 56.4
1531305357.26 55.8
1531305367.28 56.4
1531305377.3 55.8
1531305387.31 55.8
1531305397.33 55.8
1531305407.34 56.4
1531305417.36 55.8
1531305427.38 55.8
1531305437.39 56.4
1531305447.41 56.9
1531305457.42 56.9
1531305467.44 55.8
1531305477.46 56.4
1531305487.47 55.8
1531305497.49 56.4
1531305507.51 54.8
1531305517.53 55.8
1531305527.55 55.3
1531305537.57 55.8
1531305547.59 55.3
1531305557.61 55.3
1531305567.63 55.8
1531305577.66 55.3
1531305587.68 54.2
1531305597.69 55.3
1531305607.71 54.8
1531305617.73 55.3
1531305627.75 55.8
1531305637.76 55.3
1531305647.78 55.3
1531305657.8 55.3
1531305667.82 54.8
1531305677.85 54.8
1531305687.87 55.8
1531305697.88 54.8
1531305707.89 55.8
1531305717.91 55.8
1531305727.92 55.8
1531305737.94 55.8
1531305747.96 55.8
1531305757.98 56.4
1531305767.99 55.8
1531305778.01 55.8
1531305788.03 56.4
1531305798.04 55.8
1531305808.06 55.3
1531305818.08 55.8
1531305828.1 56.4
1531305838.11 55.8
1531305848.13 55.8
1531305858.14 55.8
1531305868.16 55.3
1531305878.18 55.8
1531305888.2 55.8
1531305898.21 55.8
1531305908.23 55.8
1531305918.24 56.4
1531305928.25 55.8
1531305938.26 55.8
1531305948.27 56.4
1531305958.28 56.4
1531305968.3 56.9
1531305978.31 55.8
1531305988.33 55.8
1531305998.35 56.4
1531306008.37 55.8
1531306018.39 56.4
1531306028.4 56.9
1531306038.42 55.8
1531306048.44 56.4
1531306058.47 56.4
1531306068.48 56.4
1531306078.5 56.9
1531306088.52 56.9
1531306098.54 56.9
1531306108.55 56.9
1531306118.57 56.4
1531306128.59 55.8
1531306138.6 55.8
1531306148.61 56.9
1531306158.63 55.3
1531306168.65 55.8
1531306178.66 55.8
1531306188.68 55.8
1531306198.69 56.4
1531306208.72 55.8
1531306218.74 55.8
1531306228.75 56.4
1531306238.77 55.8
1531306248.78 56.4
1531306258.8 56.4
1531306268.82 55.8
1531306278.84 55.8
1531306288.86 55.8
1531306298.88 55.3
1531306308.89 56.4
1531306318.91 56.4
1531306328.93 55.8
1531306338.95 55.8
1531306348.96 56.4
1531306358.98 56.4
1531306369.0 56.4
1531306379.02 56.4
1531306389.04 55.8
1531306399.07 55.8
1531306409.09 56.4
1531306419.11 55.8
1531306429.12 56.4
1531306439.14 55.8
1531306449.16 56.4
1531306459.17 56.4
1531306469.19 56.4
1531306479.21 55.8
1531306489.23 56.4
1531306499.24 55.8
1531306509.26 55.3
1531306519.28 56.4
1531306529.29 56.4
1531306539.31 56.4
1531306549.33 55.8
1531306559.36 55.8
1531306569.38 55.8
1531306579.4 56.4
1531306589.41 56.4
1531306599.43 55.8
1531306609.44 55.8
1531306619.46 55.8
1531306629.48 56.9
1531306639.5 56.9
1531306649.51 56.9
1531306659.53 56.4
1531306669.55 56.4
1531306679.57 57.5
1531306689.59 56.9
1531306699.6 56.9
1531306709.62 57.5
1531306719.64 57.5
1531306729.66 56.9
1531306739.67 56.4
1531306749.69 56.9
1531306759.71 56.4
1531306769.73 56.9
1531306779.75 57.5
1531306789.77 56.9
1531306799.79 56.9
