1531000000.62 66.1
1531000010.63 66.6
1531000020.64 66.1
1531000030.66 65.5
1531000040.68 66.1
1531000050.7 65.5
1531000060.71 66.6
1531000070.73 66.6
1531000080.74 66.1
1531000090.76 66.6
1531000100.77 66.6
1531000110.78 66.6
1531000120.79 66.6
1531000130.81 66.6
1531000140.82 66.6
1531000150.84 67.1
1531000160.85 67.1
1531000170.87 66.6
1531000180.88 66.6
1531000190.89 66.6
1531000200.9 67.1
1531000210.91 67.1
1531000220.93 66.6
1531000230.95 66.6
1531000240.97 67.1
1531000250.99 66.6
1531000261.0 67.1
1531000271.01 67.1
1531000281.02 66.6
1531000291.04 66.6
1531000301.05 67.1
1531000311.07 67.1
1531000321.08 66.6
1531000331.09 67.1
1531000341.11 67.1
1531000351.13 66.6
1531000361.15 66.6
1531000371.16 67.1
1531000381.17 66.6
1531000391.19 67.1
1531000401.21 66.1
1531000411.23 66.6
1531000421.24 66.6
1531000431.26 67.1
1531000441.28 66.6
1531000451.29 66.6
1531000461.31 66.6
1531000471.32 66.6
1531000481.34 66.6
1531000491.35 66.6
1531000501.37 66.6
1531000511.38 67.1
1531000521.4 67.1
1531000531.41 67.7
1531000541.43 67.1
1531000551.44 66.6
1531000561.46 66.6
1531000571.47 67.1
1531000581.48 66.6
1531000591.49 66.6
1531000601.51 66.6
1531000611.53 66.6
1531000621.54 66.6
1531000631.56 67.1
1531000641.58 67.1
1531000651.59 67.1
1531000661.61 66.6
1531000671.62 67.1
1531000681.64 66.6
1531000691.65 67.1
1531000701.66 67.1
1531000711.68 67.7
1531000721.7 66.6
1531000731.72 67.7
1531000741.73 66.6
1531000751.75 67.1
1531000761.77 66.6
1531000771.78 66.6
1531000781.79 66.6
1531000791.8 67.1
1531000801.81 66.6
1531000811.83 67.7
1531000821.85 67.7
1531000831.87 67.1
1531000841.89 67.7
1531000851.92 67.1
1531000861.94 67.1
1531000871.96 66.6
1531000881.98 66.6
1531000892.0 67.7
1531000902.01 67.1
1531000912.03 67.7
1531000922.05 67.1
1531000932.06 67.1
1531000942.08 67.1
1531000952.1 67.1
1531000962.11 67.1
1531000972.13 66.6
1531000982.15 66.6
1531000992.17 66.6
1531001002.18 67.1
1531001012.2 66.6
1531001022.22 66.1
1531001032.24 66.6
1531001042.25 66.6
1531001052.27 66.6
1531001062.28 66.6
1531001072.3 65.5
1531001082.32 66.6
1531001092.33 66.6
1531001102.35 66.1
1531001112.37 65.5
1531001122.39 66.1
1531001132.41 66.6
1531001142.42 66.6
1531001152.44 66.1
1531001162.46 66.6
1531001172.47 66.6
1531001182.48 66.6
1531001192.5 66.1
1531001202.52 66.6
1531001212.53 66.6
1531001222.54 66.6
1531001232.56 66.6
1531001242.57 66.1
1531001252.59 66.6
1531001262.61 66.1
1531001272.63 66.6
1531001282.65 66.6
1531001292.67 66.6
1531001302.68 66.6
1531001312.7 66.6
1531001322.72 66.6
1531001332.73 66.6
1531001342.75 66.6
1531001352.77 66.1
1531001362.78 66.6
1531001372.8 66.6
1531001382.82 66.1
1531001392.83 66.6
1531001402.85 65.5
1531001412.87 65.5
1531001422.88 65.5
1531001432.9 65.5
1531001442.92 65.5
1531001452.93 66.1
1531001462.95 66.1
1531001472.97 66.1
1531001482.98 66.6
1531001492.99 65.5
1531001503.01 66.6
1531001513.02 66.6
1531001523.04 66.6
1531001533.06 66.1
1531001543.08 65.5
1531001553.1 65.5
1531001563.11 65.5
1531001573.13 65.5
1531001583.15 65.5
1531001593.16 65.5
1531001603.18 65.5
1531001613.19 65.5
1531001623.21 65.5
1531001633.23 65.5
1531001643.24 65.5
1531001653.25 65.0
1531001663.27 65.0
1531001673.29 65.5
1531001683.3 65.0
1531001693.31 65.5
1531001703.32 64.5
1531001713.34 65.5
1531001723.36 64.5
1531001733.38 64.5
1531001743.39 65.0
1531001753.4 64.5
1531001763.42 65.0
1531001773.43 65.0
1531001783.44 64.5
1531001793.46 65.0
1531001803.47 65.0
1531001813.48 65.5
1531001823.5 64.5
1531001833.52 65.5
1531001843.54 64.5
1531001853.55 65.5
1531001863.57 65.5
1531001873.58 65.0
1531001883.59 65.5
1531001893.61 65.5
1531001903.62 65.5
1531001913.64 64.5
1531001923.65 64.5
1531001933.67 65.5
1531001943.68 65.5
1531001953.7 65.5
1531001963.71 65.0
1531001973.73 64.5
1531001983.74 64.5
1531001993.76 64.5
1531002003.78 65.0
1531002013.8 64.5
1531002023.82 65.0
1531002033.84 64.5
1531002043.86 64.5
1531002053.87 65.5
1531002063.88 64.5
1531002073.9 65.0
1531002083.92 65.0
1531002093.93 65.0
1531002103.96 64.5
1531002113.98 65.0
1531002123.99 65.0
1531002134.01 64.5
1531002144.03 64.5
1531002154.05 65.0
1531002164.06 63.9
1531002174.08 63.9
1531002184.1 64.5
1531002194.12 65.0
1531002204.13 64.5
1531002214.15 64.5
1531002224.17 64.5
1531002234.19 63.4
1531002244.21 63.9
1531002254.23 64.5
1531002264.24 64.5
1531002274.26 64.5
1531002284.28 64.5
1531002294.3 64.5
1531002304.32 64.5
1531002314.33 63.4
1531002324.35 64.5
1531002334.36 64.5
1531002344.38 63.9
1531002354.39 63.9
1531002364.4 64.5
1531002374.41 63.4
1531002384.43 63.4
1531002394.45 63.4
1531002404.47 63.9
1531002414.49 64.5
1531002424.51 64.5
1531002434.52 63.4
1531002444.53 63.9
1531002454.55 63.9
1531002464.57 64.5
1531002474.58 63.9
1531002484.6 63.9
1531002494.62 64.5
1531002504.64 63.9
1531002514.65 65.0
1531002524.66 65.0
1531002534.68 64.5
1531002544.7 65.0
1531002554.72 64.5
1531002564.74 64.5
1531002574.75 64.5
1531002584.77 64.5
1531002594.78 64.5
1531002604.79 64.5
1531002614.8 64.5
1531002624.82 63.9
1531002634.84 63.4
1531002644.86 64.5
1531002654.88 63.4
1531002664.9 63.4
1531002674.91 64.5
1531002684.93 64.5
1531002694.95 64.5
1531002704.97 63.4
1531002714.99 64.5
1531002725.0 64.5
1531002735.02 64.5
1531002745.03 63.9
1531002755.05 64.5
1531002765.07 64.5
1531002775.08 64.5
1531002785.09 64.5
1531002795.11 64.5
1531002805.13 64.5
1531002815.14 64.5
1531002825.15 64.5
1531002835.17 63.9
1531002845.19 64.5
1531002855.2 64.5
1531002865.22 64.5
1531002875.23 64.5
1531002885.25 64.5
1531002895.27 64.5
1531002905.28 64.5
1531002915.29 64.5
1531002925.31 63.4
1531002935.33 63.9
1531002945.35 64.5
1531002955.37 64.5
1531002965.38 65.0
1531002975.4 63.9
1531002985.41 64.5
1531002995.43 63.9
1531003005.45 64.5
1531003015.46 63.9
1531003025.48 64.5
1531003035.5 64.5
1531003045.51 63.9
1531003055.53 63.9
1531003065.55 63.9
1531003075.56 64.5
1531003085.58 64.5
1531003095.59 63.9
1531003105.61 63.4
1531003115.63 63.9
1531003125.64 63.4
1531003135.66 63.9
1531003145.68 63.4
1531003155.7 63.4
1531003165.73 62.8
1531003175.74 63.4
1531003185.76 62.8
1531003195.77 63.4
1531003205.79 62.8
1531003215.81 63.4
1531003225.82 64.5
1531003235.84 63.9
1531003245.86 63.4
1531003255.88 63.9
1531003265.9 64.5
1531003275.91 63.4
1531003285.93 63.9
1531003295.95 63.4
1531003305.97 63.9
1531003315.99 64.5
1531003326.0 64.5
1531003336.02 64.5
1531003346.03 64.5
1531003356.04 63.9
1531003366.06 64.5
1531003376.08 64.5
1531003386.09 64.5
1531003396.1 64.5
1531003406.12 64.5
1531003416.13 64.5
1531003426.14 63.9
1531003436.17 64.5
1531003446.18 64.5
1531003456.19 64.5
1531003466.21 65.0
1531003476.23 64.5
1531003486.24 64.5
1531003496.26 63.9
1531003506.27 64.5
1531003516.29 64.5
1531003526.3 64.5
1531003536.31 63.9
1531003546.33 64.5
1531003556.34 63.4
1531003566.35 63.4
1531003576.37 63.9
1531003586.38 63.9
1531003596.4 63.4
1531003606.42 64.5
1531003616.44 63.4
1531003626.46 64.5
1531003636.47 63.9
1531003646.49 64.5
1531003656.51 63.9
1531003666.53 65.0
1531003676.54 64.5
1531003686.56 64.5
1531003696.58 63.4
1531003706.59 64.5
1531003716.61 65.0
1531003726.63 64.5
1531003736.65 63.9
1531003746.67 63.9
1531003756.69 64.5
1531003766.71 63.4
1531003776.72 64.5
1531003786.74 64.5
1531003796.75 63.9
1531003806.77 63.4
1531003816.78 63.4
1531003826.8 64.5
1531003836.81 63.9
1531003846.82 63.4
1531003856.84 63.4
1531003866.86 63.9
1531003876.87 63.4
1531003886.9 63.9
1531003896.92 63.4
1531003906.93 63.9
1531003916.94 64.5
1531003926.97 63.9
1531003936.99 63.9
1531003947.0 64.5
1531003957.01 64.5
1531003967.03 63.9
1531003977.04 64.5
1531003987.06 64.5
1531003997.08 64.5
1531004007.09 64.5
1531004017.11 63.9
1531004027.13 65.0
1531004037.16 64.5
1531004047.17 64.5
1531004057.19 64.5
1531004067.2 63.9
1531004077.22 63.4
1531004087.23 64.5
1531004097.24 62.8
1531004107.26 63.9
1531004117.28 63.9
1531004127.29 63.4
1531004137.3 64.5
1531004147.32 64.5
1531004157.33 63.4
1531004167.35 63.4
1531004177.37 64.5
1531004187.39 63.4
1531004197.4 62.8
1531004207.42 63.4
1531004217.43 63.4
1531004227.44 63.4
1531004237.46 62.3
1531004247.47 62.8
1531004257.48 62.8
1531004267.5 63.4
1531004277.51 62.8
1531004287.52 63.4
1531004297.53 63.4
1531004307.55 62.8
1531004317.56 63.4
1531004327.58 62.8
1531004337.6 62.8
1531004347.61 62.8
1531004357.62 63.4
1531004367.63 63.4
1531004377.65 62.8
1531004387.66 63.4
1531004397.68 63.9
1531004407.71 63.4
1531004417.72 63.4
1531004427.74 62.3
1531004437.76 63.4
1531004447.78 62.3
1531004457.8 62.3
1531004467.82 62.8
1531004477.84 62.3
1531004487.86 62.3
1531004497.88 62.3
1531004507.9 62.3
1531004517.91 62.8
1531004527.93 62.3
1531004537.95 62.8
1531004547.96 63.4
1531004557.98 63.4
1531004567.99 62.8
1531004578.01 62.3
1531004588.02 62.3
1531004598.04 62.8
1531004608.06 62.3
1531004618.08 62.3
1531004628.1 62.8
1531004638.12 62.3
1531004648.14 63.4
1531004658.15 62.3
1531004668.17 62.3
1531004678.19 62.3
1531004688.21 62.8
1531004698.23 62.3
1531004708.25 62.3
1531004718.26 62.3
1531004728.28 62.3
1531004738.3 62.8
1531004748.32 62.3
1531004758.34 62.3
1531004768.35 62.3
1531004778.38 62.3
1531004788.4 62.3
1531004798.42 62.8
1531004808.44 62.3
1531004818.46 62.3
1531004828.47 62.3
1531004838.49 62.3
1531004848.51 62.3
1531004858.52 61.8
1531004868.54 62.3
1531004878.56 62.3
1531004888.58 62.3
1531004898.6 62.3
1531004908.62 62.3
1531004918.64 62.3
1531004928.66 62.3
1531004938.67 62.3
1531004948.69 62.3
1531004958.71 62.3
1531004968.73 61.8
1531004978.74 62.3
1531004988.76 61.2
1531004998.78 62.3
1531005008.8 62.8
1531005018.81 62.3
1531005028.83 61.8
1531005038.85 62.3
1531005048.87 62.3
1531005058.89 62.3
1531005068.91 62.3
1531005078.93 61.2
1531005088.94 62.3
1531005098.96 61.2
1531005108.98 62.8
1531005118.99 62.3
1531005129.01 62.3
1531005139.02 62.3
1531005149.04 61.8
1531005159.06 60.7
1531005169.08 62.3
1531005179.09 62.3
1531005189.11 62.3
1531005199.12 62.3
1531005209.14 62.3
1531005219.15 61.2
1531005229.17 61.2
1531005239.19 62.3
1531005249.21 61.2
1531005259.23 61.2
1531005269.24 62.3
1531005279.25 62.3
1531005289.27 62.3
1531005299.29 61.8
1531005309.3 62.3
1531005319.32 61.2
1531005329.34 62.3
1531005339.35 61.8
1531005349.37 62.3
1531005359.39 61.2
1531005369.4 62.3
1531005379.42 61.2
1531005389.44 61.2
1531005399.46 61.2
1531005409.48 61.2
1531005419.49 61.8
1531005429.51 61.2
1531005439.53 61.2
1531005449.54 61.8
1531005459.56 61.2
1531005469.58 61.8
1531005479.6 61.2
1531005489.62 61.2
1531005499.63 61.8
1531005509.65 62.3
1531005519.66 61.2
1531005529.68 62.3
1531005539.7 61.2
1531005549.71 62.3
1531005559.72 62.3
1531005569.74 62.3
1531005579.76 61.8
1531005589.78 61.8
1531005599.79 62.3
1531005609.8 61.2
1531005619.82 61.8
1531005629.84 61.8
1531005639.86 62.3
1531005649.87 61.8
1531005659.89 61.8
1531005669.9 61.8
1531005679.92 62.3
1531005689.93 62.3
1531005699.94 62.3
1531005709.96 62.3
1531005719.98 61.8
1531005730.0 62.3
1531005740.01 62.3
1531005750.03 62.3
1531005760.04 62.3
1531005770.06 61.2
1531005780.08 62.3
1531005790.09 61.8
1531005800.11 62.3
1531005810.13 62.3
1531005820.14 61.2
1531005830.16 61.8
1531005840.18 61.8
1531005850.2 61.8
1531005860.22 62.3
1531005870.24 61.8
1531005880.25 62.3
1531005890.27 61.8
1531005900.28 62.3
1531005910.3 62.8
1531005920.31 62.3
1531005930.33 62.3
1531005940.34 61.8
1531005950.36 61.8
1531005960.38 62.3
1531005970.4 61.2
1531005980.41 62.3
1531005990.43 62.3
1531006000.44 61.8
1531006010.45 61.8
1531006020.46 61.2
1531006030.47 61.2
1531006040.48 61.8
1531006050.49 61.8
1531006060.5 61.2
1531006070.51 60.7
1531006080.53 60.7
1531006090.55 61.2
1531006100.56 61.2
1531006110.58 61.8
1531006120.6 61.2
1531006130.61 61.2
1531006140.63 61.2
1531006150.65 61.2
1531006160.66 61.2
1531006170.67 61.2
1531006180.69 61.8
1531006190.7 61.8
1531006200.72 60.7
1531006210.73 61.2
1531006220.74 61.2
1531006230.76 61.2
1531006240.78 61.2
1531006250.8 61.2
1531006260.81 61.2
1531006270.82 61.2
1531006280.84 60.7
1531006290.85 61.2
1531006300.87 61.2
1531006310.89 61.2
1531006320.9 61.2
1531006330.92 61.2
1531006340.94 60.1
1531006350.96 60.7
1531006360.98 60.7
1531006371.0 60.7
1531006381.01 61.2
1531006391.03 60.7
1531006401.05 61.2
1531006411.07 60.7
1531006421.09 61.2
1531006431.1 61.2
1531006441.12 61.2
1531006451.14 61.2
1531006461.15 60.7
1531006471.17 61.2
1531006481.18 61.2
1531006491.2 61.2
1531006501.22 61.2
1531006511.24 61.2
1531006521.25 61.2
1531006531.26 60.7
1531006541.28 61.2
1531006551.29 61.2
1531006561.31 61.2
1531006571.33 61.8
1531006581.34 61.8
1531006591.36 61.2
1531006601.37 61.2
1531006611.39 60.7
1531006621.4 61.2
1531006631.41 61.2
1531006641.43 60.7
1531006651.44 61.2
1531006661.45 61.2
1531006671.47 61.2
1531006681.49 61.2
1531006691.5 61.2
1531006701.52 61.8
1531006711.54 61.2
1531006721.56 60.7
1531006731.57 61.2
1531006741.58 61.2
1531006751.6 60.7
1531006761.61 61.8
1531006771.63 61.2
1531006781.64 60.7
1531006791.66 61.2
1531006801.67 61.2
1531006811.68 60.7
1531006821.7 61.2
1531006831.71 61.2
1531006841.72 61.2
1531006851.73 60.7
1531006861.74 61.2
1531006871.75 61.2
1531006881.77 60.1
1531006891.78 61.2
1531006901.79 61.2
1531006911.8 60.7
1531006921.82 61.2
1531006931.84 61.2
1531006941.85 61.2
1531006951.87 61.2
1531006961.88 60.7
1531006971.89 61.2
1531006981.9 60.7
1531006991.92 61.2
1531007001.93 60.7
1531007011.94 60.7
1531007021.96 61.2
1531007031.97 61.2
1531007041.99 60.1
1531007052.01 60.7
1531007062.03 61.2
1531007072.04 60.7
1531007082.06 60.1
1531007092.07 60.7
1531007102.09 60.1
1531007112.11 60.1
1531007122.13 60.1
1531007132.15 59.6
1531007142.17 60.1
1531007152.19 59.6
1531007162.21 60.1
1531007172.23 60.1
1531007182.25 60.1
1531007192.26 59.6
1531007202.28 60.1
1531007212.29 59.1
1531007222.32 60.1
1531007232.33 59.1
1531007242.35 60.1
1531007252.37 60.1
1531007262.39 60.7
1531007272.41 59.6
1531007282.42 59.6
1531007292.44 60.1
1531007302.46 59.1
1531007312.47 59.1
1531007322.49 58.5
1531007332.52 59.1
1531007342.53 59.1
1531007352.55 58.5
1531007362.57 59.1
1531007372.58 59.1
1531007382.62 58.5
1531007392.64 58.5
1531007402.66 59.1
1531007412.68 59.1
1531007422.69 59.1
1531007432.71 59.6
1531007442.72 59.1
1531007452.74 58.5
1531007462.76 59.1
1531007472.77 59.6
1531007482.79 59.1
1531007492.81 59.1
1531007502.83 59.1
1531007512.85 58.5
1531007522.86 59.1
1531007532.88 59.6
1531007542.89 59.1
1531007552.91 59.1
1531007562.93 59.1
1531007572.94 59.1
1531007582.96 59.1
1531007592.97 59.1
1531007602.99 59.1
1531007613.0 59.6
1531007623.02 59.1
1531007633.03 59.6
1531007643.05 59.1
1531007653.06 59.6
1531007663.09 59.1
1531007673.11 59.6
1531007683.12 60.1
1531007693.14 59.1
1531007703.16 59.1
1531007713.17 59.6
1531007723.19 59.6
1531007733.21 59.1
1531007743.22 60.1
1531007753.24 59.6
1531007763.26 59.1
1531007773.28 59.1
1531007783.29 59.1
1531007793.31 59.1
1531007803.33 59.1
1531007813.34 59.1
1531007823.35 59.1
1531007833.37 59.1
1531007843.39 59.1
1531007853.4 59.1
1531007863.41 59.1
1531007873.43 59.1
1531007883.46 59.1
1531007893.47 59.1
1531007903.49 59.1
1531007913.5 58.5
1531007923.52 59.1
1531007933.53 58.5
1531007943.55 58.0
1531007953.57 59.1
1531007963.59 59.1
1531007973.6 59.1
1531007983.62 59.1
1531007993.64 59.1
1531008003.65 60.1
1531008013.67 59.6
1531008023.69 60.1
1531008033.71 59.1
1531008043.72 59.6
1531008053.74 59.1
1531008063.76 59.1
1531008073.77 59.1
1531008083.78 59.1
1531008093.8 58.5
1531008103.81 59.1
1531008113.82 59.1
1531008123.84 58.5
1531008133.85 58.5
1531008143.86 58.5
1531008153.88 58.0
1531008163.9 59.1
1531008173.91 58.5
1531008183.92 59.1
1531008193.93 59.1
1531008203.95 58.0
1531008213.96 58.0
1531008223.98 59.1
1531008234.0 58.0
1531008244.01 59.1
1531008254.02 58.5
1531008264.03 58.0
1531008274.05 58.0
1531008284.07 58.0
1531008294.08 58.5
1531008304.09 58.5
1531008314.1 58.5
1531008324.12 58.0
1531008334.14 59.1
1531008344.16 58.0
1531008354.17 58.0
1531008364.19 58.0
1531008374.2 58.5
1531008384.22 58.5
1531008394.23 58.0
1531008404.24 58.0
1531008414.25 58.5
1531008424.27 58.0
1531008434.29 58.0
1531008444.31 58.5
1531008454.33 59.1
1531008464.35 58.0
1531008474.37 58.0
1531008484.38 58.0
1531008494.4 58.5
1531008504.42 58.0
1531008514.44 58.0
1531008524.45 56.9
1531008534.47 56.9
1531008544.49 56.9
1531008554.51 56.9
1531008564.53 56.4
1531008574.55 56.4
1531008584.57 56.9
1531008594.59 56.4
1531008604.61 56.4
1531008614.63 56.9
1531008624.65 57.5
1531008634.67 56.4
1531008644.69 56.9
1531008654.71 55.8
1531008664.73 56.9
1531008674.75 55.8
1531008684.76 56.9
1531008694.78 55.8
1531008704.81 56.4
1531008714.82 56.4
1531008724.84 56.9
1531008734.86 56.9
1531008744.88 55.8
1531008754.9 55.8
1531008764.91 56.9
1531008774.93 55.3
1531008784.95 55.8
1531008794.96 56.4
1531008804.99 55.8
1531008815.0 55.3
1531008825.03 56.9
1531008835.05 55.8
1531008845.07 55.3
1531008855.08 55.3
1531008865.1 55.8
1531008875.12 55.8
1531008885.13 55.8
1531008895.15 55.8
1531008905.16 55.8
1531008915.18 56.4
1531008925.2 54.8
1531008935.22 55.8
1531008945.23 54.8
1531008955.25 55.8
1531008965.27 54.8
1531008975.29 54.8
1531008985.31 54.8
1531008995.33 55.3
1531009005.34 54.8
1531009015.36 54.8
1531009025.38 54.8
1531009035.4 55.8
1531009045.41 55.8
1531009055.42 54.2
1531009065.44 54.8
1531009075.46 53.7
1531009085.48 54.2
1531009095.5 54.8
1531009105.51 54.2
1531009115.53 54.2
1531009125.55 53.7
1531009135.57 54.8
1531009145.6 54.2
1531009155.62 54.8
1531009165.63 54.2
1531009175.65 54.8
1531009185.67 54.8
1531009195.69 54.8
1531009205.71 54.2
1531009215.73 54.8
1531009225.75 54.8
1531009235.77 55.3
1531009245.79 55.8
1531009255.8 55.3
1531009265.82 55.8
1531009275.84 54.8
1531009285.86 54.8
1531009295.87 55.3
1531009305.89 55.3
1531009315.91 55.3
1531009325.93 55.8
1531009335.94 55.8
1531009345.96 55.8
1531009355.98 55.8
1531009365.99 55.8
1531009376.01 55.3
1531009386.03 55.8
1531009396.04 55.3
1531009406.06 55.8
1531009416.07 55.8
1531009426.1 56.4
1531009436.11 56.4
1531009446.13 55.8
1531009456.15 56.4
1531009466.16 55.8
1531009476.18 55.8
1531009486.2 55.8
1531009496.22 55.8
1531009506.23 55.8
1531009516.25 55.8
1531009526.27 55.8
1531009536.28 55.8
1531009546.3 56.4
1531009556.32 56.9
1531009566.34 55.8
1531009576.36 56.4
1531009586.38 55.3
1531009596.39 56.4
1531009606.41 56.4
1531009616.43 55.8
1531009626.45 55.8
1531009636.46 56.4
1531009646.47 55.8
1531009656.49 56.4
1531009666.51 56.4
1531009676.52 56.4
1531009686.54 56.4
1531009696.56 56.9
1531009706.57 56.9
1531009716.6 56.4
1531009726.61 56.9
1531009736.63 56.9
1531009746.64 55.8
1531009756.66 56.9
1531009766.67 56.9
1531009776.7 56.4
1531009786.71 56.9
1531009796.73 56.9
1531009806.74 56.9
1531009816.76 56.4
1531009826.78 55.8
1531009836.79 56.4
1531009846.81 55.8
1531009856.83 56.4
1531009866.85 56.9
1531009876.87 56.4
1531009886.88 56.4
1531009896.89 56.4
1531009906.91 56.4
1531009916.92 56.4
1531009926.94 56.4
1531009936.96 56.4
1531009946.97 56.9
1531009956.99 56.9
1531009967.0 55.8
1531009977.01 56.4
1531009987.03 56.4
1531009997.04 56.4
1531010007.05 56.4
1531010017.07 56.9
1531010027.08 55.3
1531010037.09 55.8
1531010047.11 55.8
1531010057.12 55.8
1531010067.13 56.4
1531010077.15 56.9
1531010087.16 55.8
1531010097.17 55.8
1531010107.19 55.8
1531010117.21 55.8
1531010127.23 55.8
1531010137.24 55.8
1531010147.26 55.3
1531010157.28 55.3
1531010167.3 54.8
1531010177.31 55.3
1531010187.33 55.8
1531010197.34 55.8
1531010207.36 55.8
1531010217.38 55.3
1531010227.39 56.4
1531010237.41 54.8
1531010247.42 55.3
1531010257.44 55.8
1531010267.46 55.8
1531010277.47 55.3
1531010287.49 55.3
1531010297.5 55.8
1531010307.52 56.4
1531010317.53 54.8
1531010327.55 55.3
1531010337.56 54.8
1531010347.58 54.8
1531010357.6 54.8
1531010367.62 54.2
1531010377.64 54.8
1531010387.66 55.3
1531010397.68 55.8
1531010407.69 54.8
1531010417.71 54.8
1531010427.73 54.2
1531010437.75 54.8
1531010447.77 54.2
1531010457.79 53.7
1531010467.8 54.2
1531010477.83 54.2
1531010487.84 54.8
1531010497.86 54.8
1531010507.88 54.2
1531010517.9 54.2
1531010527.91 54.8
1531010537.92 54.8
1531010547.93 55.3
1531010557.95 54.8
1531010567.97 54.2
1531010577.99 54.2
1531010588.01 55.3
1531010598.02 54.8
1531010608.04 54.8
1531010618.06 54.2
1531010628.08 55.3
1531010638.09 55.3
1531010648.11 55.3
1531010658.12 55.8
1531010668.13 55.8
1531010678.15 55.8
1531010688.17 55.3
1531010698.18 55.8
1531010708.19 55.8
1531010718.21 55.8
1531010728.23 55.3
1531010738.24 55.8
1531010748.26 56.4
1531010758.27 54.8
1531010768.3 55.3
1531010778.31 55.8
1531010788.33 54.8
1531010798.34 55.8
1531010808.36 54.8
1531010818.39 54.2
1531010828.41 55.3
1531010838.43 55.8
1531010848.45 54.8
1531010858.47 55.8
1531010868.48 55.8
1531010878.5 54.8
1531010888.52 55.3
1531010898.53 55.3
1531010908.54 55.8
1531010918.56 55.8
1531010928.58 55.3
1531010938.59 55.3
1531010948.61 54.8
1531010958.63 54.8
1531010968.64 54.8
1531011037.5 54.8
1531011047.52 55.3
1531011057.53 54.8
1531011067.55 55.3
1531011077.57 55.3
1531011087.59 55.3
1531011097.61 55.8
1531011107.62 55.8
1531011117.63 55.3
1531011127.65 55.3
1531011137.67 56.4
1531011147.68 55.8
1531011157.7 55.8
1531011167.71 55.8
1531011177.74 55.3
1531011187.75 55.8
1531011197.77 54.8
1531011207.78 55.8
1531011217.8 55.8
1531011227.81 55.8
1531011237.83 56.4
1531011247.85 55.8
1531011257.87 55.8
1531011267.89 55.3
1531011277.9 55.8
1531011287.92 54.8
1531011297.94 54.8
1531011307.95 55.8
1531011317.97 55.8
1531011327.98 55.8
1531011338.0 55.8
1531011348.02 55.3
1531011358.04 55.8
1531011368.06 55.8
1531011378.07 55.8
1531011388.09 55.8
1531011398.1 55.8
1531011408.12 55.3
1531011418.14 54.8
1531011428.16 54.8
1531011438.17 54.8
1531011448.19 54.8
1531011458.2 55.3
1531011468.21 55.3
1531011478.23 55.8
1531011488.24 55.3
1531011498.26 53.7
1531011508.28 54.8
1531011518.3 54.8
1531011528.32 54.8
1531011538.33 54.8
1531011548.36 54.8
1531011558.37 55.8
1531011568.39 55.8
1531011578.4 55.3
1531011588.41 54.8
1531011598.43 54.8
