1532700003.59 70.9
1532700013.6 73.1
1532700023.62 72.0
1532700033.64 72.0
1532700043.66 70.9
1532700053.68 71.4
1532700063.7 72.0
1532700073.71 71.4
1532700083.73 70.9
1532700093.74 70.9
1532700103.76 70.9
1532700113.78 70.9
1532700123.8 70.9
1532700133.82 70.4
1532700143.83 70.9
1532700153.85 70.9
1532700163.87 70.9
1532700173.88 72.0
1532700183.9 70.9
1532700193.92 70.9
1532700203.93 70.9
1532700213.95 71.4
1532700223.97 70.9
1532700233.99 71.4
1532700244.0 71.4
1532700254.02 70.9
1532700264.03 71.4
1532700274.05 71.4
1532700284.07 70.9
1532700294.09 72.0
1532700304.09 71.4
1532700314.1 71.4
1532700324.12 70.9
1532700334.14 71.4
1532700344.15 71.4
1532700354.17 70.9
1532700364.19 70.9
1532700374.21 70.9
1532700384.22 70.9
1532700394.24 70.9
1532700404.26 70.9
1532700414.27 71.4
1532700424.28 71.4
1532700434.3 71.4
1532700444.32 71.4
1532700454.33 71.4
1532700464.35 70.9
1532700474.35 70.9
1532700484.37 71.4
1532700494.38 70.9
1532700504.39 71.4
1532700514.41 70.9
1532700524.42 71.4
1532700534.44 70.9
1532700544.46 70.9
1532700554.48 70.9
1532700564.49 70.9
1532700574.5 70.9
1532700584.52 70.4
1532700594.54 70.9
1532700604.55 70.9
1532700614.57 70.9
1532700624.58 71.4
1532700634.6 72.0
1532700644.62 71.4
1532700654.64 72.0
1532700664.66 72.0
1532700674.67 70.9
1532700684.69 72.0
1532700694.71 70.9
1532700704.72 71.4
1532700714.74 71.4
1532700724.75 71.4
1532700734.77 72.0
1532700744.79 72.0
1532700754.8 72.0
1532700764.82 72.0
1532700774.84 70.9
1532700784.86 72.0
1532700794.87 72.0
1532700804.9 72.0
1532700814.92 72.0
1532700824.94 71.4
1532700834.96 71.4
1532700844.97 72.0
1532700854.99 71.4
1532700865.0 72.0
1532700875.02 72.0
1532700885.03 73.1
1532700895.05 72.0
1532700905.07 72.5
1532700915.07 72.0
1532700925.09 70.9
1532700935.11 72.0
1532700945.13 72.5
1532700955.14 72.0
1532700965.15 71.4
1532700975.17 72.0
1532700985.18 72.0
1532700995.21 72.0
1532701005.21 72.0
1532701015.23 72.5
1532701025.25 72.5
1532701035.27 72.0
1532701045.29 73.1
1532701055.3 72.0
1532701065.32 73.1
1532701075.33 73.1
1532701085.35 72.5
1532701095.36 72.5
1532701105.38 72.5
1532701115.41 72.0
1532701125.42 73.1
1532701135.44 72.5
1532701145.45 72.5
1532701155.47 72.5
1532701165.48 72.0
1532701175.5 72.5
1532701185.51 73.1
1532701195.53 73.1
1532701205.54 73.1
1532701215.56 73.1
1532701225.58 72.0
1532701235.6 73.1
1532701245.61 72.5
1532701255.63 72.0
1532701265.65 72.0
1532701275.67 72.0
1532701285.69 72.0
1532701295.71 72.0
1532701305.72 72.0
1532701315.74 72.5
1532701325.76 72.0
1532701335.78 72.0
1532701345.79 73.1
1532701355.82 70.9
1532701365.84 72.0
1532701375.86 72.5
1532701385.87 72.5
1532701395.89 72.0
1532701405.91 73.1
1532701415.93 72.5
1532701425.94 72.0
1532701435.96 72.0
1532701445.98 72.0
1532701456.0 71.4
1532701466.02 72.5
1532701476.03 72.5
1532701486.05 72.0
1532701496.06 72.0
1532701506.08 72.5
1532701516.1 72.0
1532701526.13 72.0
1532701536.14 72.5
1532701546.15 72.0
1532701556.17 72.5
1532701566.19 72.0
1532701576.21 72.0
1532701586.22 72.0
1532701596.24 72.0
1532701606.26 72.5
1532701616.28 72.0
1532701626.3 72.0
1532701636.31 72.0
1532701646.32 72.0
1532701656.34 72.0
1532701666.37 72.5
1532701676.38 73.1
1532701686.41 72.0
1532701696.42 72.0
1532701706.44 72.0
1532701716.45 72.0
1532701726.47 71.4
1532701736.48 72.0
1532701746.5 72.0
1532701756.52 71.4
1532701766.53 71.4
1532701776.54 72.0
1532701786.56 72.0
1532701796.58 72.0
1532701806.6 72.0
1532701816.62 72.0
1532701826.63 72.0
1532701836.65 72.0
1532701846.67 71.4
1532701856.69 72.0
1532701866.7 72.0
1532701876.72 71.4
1532701886.74 72.0
1532701896.75 72.0
1532701906.77 71.4
1532701916.8 71.4
1532701926.81 72.0
1532701936.83 72.0
1532701946.85 72.0
1532701956.87 71.4
1532701966.88 72.0
1532701976.9 71.4
1532701986.92 72.5
1532701996.93 72.0
1532702006.95 72.5
1532702016.97 73.1
1532702026.98 72.5
1532702037.0 72.0
1532702047.02 72.0
1532702057.03 72.5
1532702067.05 72.0
1532702077.06 72.5
1532702087.08 72.0
1532702097.09 71.4
1532702107.11 72.0
1532702117.12 72.5
1532702127.14 71.4
1532702137.16 72.5
1532702147.17 72.5
1532702157.18 73.1
1532702167.2 72.0
1532702177.22 72.0
1532702187.24 73.1
1532702197.25 72.0
1532702207.27 72.5
1532702217.28 72.5
1532702227.29 72.5
1532702237.31 73.1
1532702247.32 72.5
1532702257.33 73.1
1532702267.35 73.6
1532702277.36 73.1
1532702287.38 73.1
1532702297.39 73.1
1532702307.42 73.6
1532702317.43 73.1
1532702327.44 73.6
1532702337.46 73.6
1532702347.48 73.1
1532702357.5 73.1
1532702367.52 72.5
1532702377.53 73.1
1532702387.55 73.1
1532702397.57 73.6
1532702407.57 73.6
1532702417.58 73.1
1532702427.59 73.6
1532702437.61 73.1
1532702447.63 72.0
1532702457.65 72.0
1532702467.66 72.0
1532702477.67 73.1
1532702487.69 73.1
1532702497.7 73.1
1532702507.72 72.5
1532702517.74 73.1
1532702527.76 73.1
1532702537.78 73.1
1532702547.8 73.6
1532702557.81 73.6
1532702567.83 73.1
1532702577.85 73.1
1532702587.86 73.1
1532702597.87 73.1
1532702607.88 74.1
1532702617.9 73.1
1532702627.93 73.1
1532702637.94 73.1
1532702647.96 73.6
1532702657.97 73.6
1532702668.0 73.1
1532702678.02 74.1
1532702688.03 73.6
1532702698.04 73.6
1532702708.06 73.1
1532702718.07 74.1
1532702728.08 74.1
1532702738.1 74.1
1532702748.12 73.6
1532702758.13 74.1
1532702768.15 73.6
1532702778.17 74.1
1532702788.18 73.6
1532702798.2 73.6
1532702808.21 73.6
1532702818.24 73.6
1532702828.25 73.6
1532702838.26 73.6
1532702848.28 73.1
1532702858.29 73.1
1532702868.31 73.1
1532702878.32 72.5
1532702888.34 73.6
1532702898.35 73.6
1532702908.37 73.1
1532702918.39 73.6
1532702928.4 73.6
1532702938.42 73.6
1532702948.43 73.1
1532702958.44 74.7
1532702968.46 73.6
1532702978.48 74.1
1532702988.48 73.1
1532702998.5 73.6
1532703008.52 74.1
1532703018.53 74.1
1532703028.55 74.1
1532703038.57 73.1
1532703048.58 73.6
1532703058.6 73.6
1532703068.61 74.1
1532703078.63 73.6
1532703088.65 73.6
1532703098.67 73.6
1532703108.69 73.1
1532703118.69 74.1
1532703128.71 73.6
1532703138.73 74.1
1532703148.75 73.6
1532703158.76 73.6
1532703168.78 73.6
1532703178.8 73.6
1532703188.81 73.1
1532703198.83 73.6
1532703208.85 74.1
1532703218.86 73.6
1532703228.88 74.1
1532703238.9 74.1
1532703248.92 74.1
1532703258.94 74.1
1532703268.96 74.1
1532703278.98 73.6
1532703288.99 74.7
1532703299.01 73.6
1532703309.03 74.1
1532703319.04 74.7
1532703329.05 74.1
1532703339.07 75.2
1532703349.09 74.7
1532703359.11 73.6
1532703369.13 74.7
1532703379.15 74.7
1532703389.16 74.7
1532703399.18 74.1
1532703409.2 74.7
1532703419.21 74.1
1532703429.23 75.2
1532703439.24 74.7
1532703449.26 74.1
1532703459.27 74.7
1532703469.29 75.2
1532703479.3 74.1
1532703489.31 74.7
1532703499.33 75.2
1532703509.35 74.1
1532703519.37 73.6
1532703529.38 74.7
1532703539.4 74.7
1532703549.42 74.1
1532703559.44 74.1
1532703569.45 74.1
1532703579.47 74.1
1532703589.48 74.7
1532703599.5 74.7
1532703609.51 74.7
1532703619.53 74.1
1532703629.55 75.2
1532703639.57 75.2
1532703649.58 74.1
1532703659.6 74.1
1532703669.62 74.1
1532703679.63 74.1
1532703689.65 74.1
1532703699.66 75.2
1532703709.68 75.2
1532703719.7 74.1
1532703729.72 74.7
1532703739.73 74.1
1532703749.75 75.2
1532703759.77 75.2
1532703769.78 75.2
1532703779.8 75.2
1532703789.81 75.2
1532703799.83 75.2
1532703809.84 75.2
1532703819.86 75.2
1532703829.88 75.2
1532703839.9 75.2
1532703849.91 75.2
1532703859.92 75.8
1532703869.94 75.8
1532703879.96 75.8
1532703889.97 75.8
1532703899.98 75.8
1532703910.0 75.8
1532703920.01 75.2
1532703930.02 75.2
1532703940.04 75.8
1532703950.06 75.2
1532703960.07 75.2
1532703970.09 75.8
1532703980.11 75.8
1532703990.12 76.3
1532704000.14 76.3
1532704010.16 75.2
1532704020.18 75.8
1532704030.2 75.8
1532704040.21 75.8
1532704050.23 75.2
1532704060.25 75.2
1532704070.26 75.8
1532704080.28 75.8
1532704090.3 76.3
1532704100.31 75.8
1532704110.34 76.3
1532704120.35 76.8
1532704130.37 76.3
1532704140.38 75.8
1532704150.4 75.2
1532704160.42 75.8
1532704170.44 75.8
1532704180.46 75.2
1532704190.47 76.3
1532704200.49 75.8
1532704210.5 76.3
1532704220.51 76.3
1532704230.52 76.3
1532704240.54 76.3
1532704250.56 76.3
1532704260.57 76.8
1532704270.59 76.3
1532704280.6 76.3
1532704290.62 76.3
1532704300.64 76.3
1532704310.64 75.2
1532704320.65 76.3
1532704330.67 76.3
1532704340.69 76.3
1532704350.7 76.3
1532704360.72 76.8
1532704370.73 76.3
1532704380.76 76.3
1532704390.76 76.3
1532704400.77 76.3
1532704410.79 76.3
1532704420.81 76.3
1532704430.82 75.8
1532704440.84 76.3
1532704450.85 76.3
1532704460.87 75.2
1532704470.88 75.8
1532704480.9 76.8
1532704490.91 76.3
1532704500.93 76.3
1532704510.94 75.8
1532704520.96 76.3
1532704530.97 75.8
1532704540.99 76.3
1532704551.01 76.3
1532704561.03 75.8
1532704571.04 76.8
1532704581.06 76.3
1532704591.08 76.8
1532704601.1 75.8
1532704611.11 75.8
1532704621.13 75.8
1532704631.15 76.3
1532704641.16 76.3
1532704651.18 75.2
1532704661.2 75.8
1532704671.21 75.8
1532704681.22 75.2
1532704691.24 75.2
1532704701.25 75.8
1532704711.26 75.8
1532704721.28 76.3
1532704731.3 75.2
1532704741.3 75.2
1532704751.32 76.3
1532704761.35 75.8
1532704771.36 76.3
1532704781.38 75.8
1532704791.39 76.3
1532704801.42 75.8
1532704811.44 75.8
1532704821.46 75.8
1532704831.47 75.8
1532704841.48 75.8
1532704851.51 76.3
1532704861.52 76.3
1532704871.54 76.3
1532704881.55 76.3
1532704891.57 76.3
1532704901.59 76.3
1532704911.6 77.4
1532704921.62 76.3
1532704931.64 76.3
1532704941.65 76.3
1532704951.67 77.4
1532704961.69 76.8
1532704971.71 76.8
1532704981.73 77.4
1532704991.73 76.3
1532705001.75 76.3
1532705011.78 76.3
1532705021.79 76.3
1532705031.81 76.8
1532705041.82 77.4
1532705051.84 76.3
1532705061.86 76.8
1532705071.87 76.8
1532705081.89 77.4
1532705091.91 76.8
1532705101.92 76.3
1532705111.94 76.3
1532705121.96 76.8
1532705131.97 76.3
1532705141.99 77.4
1532705152.01 77.4
1532705162.02 76.3
1532705172.04 76.3
1532705182.05 76.8
1532705192.07 76.8
1532705202.08 76.3
1532705212.11 76.8
1532705222.12 76.8
1532705232.13 76.3
1532705242.15 76.3
1532705252.17 76.3
1532705262.18 76.8
1532705272.2 76.3
1532705282.21 76.3
1532705292.22 75.8
1532705302.24 75.8
1532705312.26 76.3
1532705322.27 75.2
1532705332.29 76.3
1532705342.29 76.3
1532705352.31 76.3
1532705362.33 76.3
1532705372.34 76.3
1532705382.35 76.3
1532705392.36 75.8
1532705402.38 76.3
1532705412.39 76.3
1532705422.41 76.8
1532705432.42 76.3
1532705442.44 76.8
1532705452.45 76.8
1532705462.47 76.3
1532705472.49 76.8
1532705482.5 75.8
1532705492.52 76.3
1532705502.53 76.3
1532705512.55 76.3
1532705522.57 75.8
1532705532.58 76.3
1532705542.6 76.3
1532705552.62 75.8
1532705562.64 76.3
1532705572.65 76.3
1532705582.67 76.3
1532705592.69 76.3
1532705602.71 76.3
1532705612.71 76.3
1532705622.72 76.3
1532705632.73 76.8
1532705642.75 76.8
1532705652.76 76.8
1532705662.78 76.3
1532705672.79 76.3
1532705682.81 77.4
1532705692.83 76.8
1532705702.84 76.3
1532705712.86 76.3
1532705722.87 76.3
1532705732.89 76.3
1532705742.91 76.8
1532705752.92 76.3
1532705762.94 76.8
1532705772.95 76.3
1532705782.97 75.8
1532705792.98 75.8
1532705803.0 75.2
1532705813.01 75.8
1532705823.03 76.3
1532705833.05 75.2
1532705843.07 75.2
1532705853.08 75.8
1532705863.1 75.8
1532705873.11 75.8
1532705883.13 75.2
1532705893.15 75.8
1532705903.16 75.8
1532705913.18 76.3
1532705923.19 75.8
1532705933.21 75.2
1532705943.23 75.2
1532705953.23 75.2
1532705963.26 75.2
1532705973.28 75.2
1532705983.29 75.2
1532705993.31 75.2
1532706003.32 74.1
1532706013.33 75.2
1532706023.34 75.8
1532706033.36 75.8
1532706043.38 75.2
1532706053.4 74.7
1532706063.42 76.3
1532706073.44 75.2
1532706083.45 75.2
1532706093.47 75.2
1532706103.49 75.2
1532706113.5 75.2
1532706123.53 75.2
1532706133.55 75.2
1532706143.56 75.2
1532706153.58 75.2
1532706163.59 75.2
1532706173.61 75.2
1532706183.62 75.2
1532706193.63 75.2
1532706203.65 75.2
1532706213.67 75.2
1532706223.69 75.2
1532706233.7 75.2
1532706243.73 74.1
1532706253.73 75.2
1532706263.75 75.2
1532706273.77 75.2
1532706283.79 74.1
1532706293.81 75.2
1532706303.82 75.2
1532706313.83 75.2
1532706323.85 75.2
1532706333.86 75.8
1532706343.89 75.2
1532706353.91 75.8
1532706363.92 75.8
1532706373.95 76.3
1532706383.97 75.2
1532706393.98 75.2
1532706404.01 75.2
1532706414.02 75.2
1532706424.04 75.2
1532706434.06 75.2
1532706444.07 75.8
1532706454.09 75.2
1532706464.11 75.2
1532706474.12 76.3
1532706484.14 75.2
1532706494.16 76.3
1532706504.17 75.8
1532706514.19 76.3
1532706524.2 76.3
1532706534.22 76.8
1532706544.24 76.3
1532706554.26 75.8
1532706564.28 76.3
1532706574.29 76.3
1532706584.31 76.3
1532706594.31 76.3
1532706604.32 76.3
1532706614.33 76.8
1532706624.35 76.3
1532706634.37 75.8
1532706644.39 75.8
1532706654.41 76.3
1532706664.42 76.3
1532706674.44 75.8
1532706684.45 75.8
1532706694.47 75.2
1532706704.49 75.2
1532706714.5 75.2
1532706724.51 75.8
1532706734.53 75.8
1532706744.55 75.8
1532706754.56 75.2
1532706764.58 75.8
1532706774.59 75.8
1532706784.61 75.2
1532706794.63 74.1
1532706804.65 74.1
1532706814.66 75.2
1532706824.68 75.2
1532706834.7 75.2
1532706844.71 75.2
1532706854.73 75.2
1532706864.74 75.2
1532706874.77 75.2
1532706884.79 75.8
1532706894.8 75.2
1532706904.82 75.8
1532706914.83 75.2
1532706924.85 75.8
1532706934.87 75.2
1532706944.89 75.8
1532706954.91 75.2
1532706964.93 74.1
1532706974.95 75.2
1532706984.97 75.2
1532706994.98 74.7
1532707005.0 74.1
1532707015.03 75.2
1532707025.04 74.1
1532707035.06 74.1
1532707045.07 74.1
1532707055.09 74.1
1532707065.11 75.2
1532707075.13 75.2
1532707085.15 74.1
1532707095.17 74.7
1532707105.18 75.2
1532707115.21 74.1
1532707125.22 75.2
1532707135.24 74.7
1532707145.25 74.7
1532707155.27 74.7
1532707165.28 75.2
1532707175.29 74.7
1532707185.3 75.2
1532707195.33 75.2
1532707205.34 75.8
1532707215.37 75.2
1532707225.39 75.2
1532707235.4 75.8
1532707245.42 75.2
1532707255.44 75.2
1532707265.46 75.2
1532707275.48 75.2
1532707285.49 75.8
1532707295.51 75.8
1532707305.51 76.3
1532707315.52 76.3
1532707325.53 75.8
1532707335.55 76.3
1532707345.58 76.3
1532707355.59 77.4
1532707365.61 76.3
1532707375.62 76.3
1532707385.64 76.3
1532707395.66 76.8
1532707405.67 76.3
1532707415.69 76.8
1532707425.7 76.8
1532707435.72 77.4
1532707445.73 77.4
1532707455.76 77.4
1532707465.76 77.4
1532707475.78 76.8
1532707485.8 77.4
1532707495.81 77.4
1532707505.83 77.4
1532707515.85 77.4
1532707525.86 77.4
1532707535.89 76.3
1532707545.9 77.9
1532707555.91 77.4
1532707565.93 77.4
1532707575.95 77.4
1532707585.96 77.9
1532707595.98 77.4
1532707605.99 77.9
1532707616.02 77.4
1532707626.03 77.4
1532707636.05 76.3
1532707646.07 77.9
1532707656.08 77.4
1532707666.09 78.4
1532707676.11 77.4
1532707686.13 77.9
1532707696.14 77.4
1532707706.15 78.4
1532707716.18 77.9
1532707726.19 77.9
1532707736.2 77.9
1532707746.22 77.9
1532707756.23 78.4
1532707766.25 77.4
1532707776.27 78.4
1532707786.29 77.4
1532707796.31 77.4
1532707806.32 78.4
1532707816.34 79.0
1532707826.36 77.4
1532707836.38 77.4
1532707846.4 77.9
1532707856.41 77.4
1532707866.43 77.9
1532707876.45 77.9
1532707886.46 77.9
1532707896.48 78.4
1532707906.49 77.9
1532707916.51 77.4
1532707926.53 77.4
1532707936.55 77.4
1532707946.57 78.4
1532707956.58 78.4
1532707966.6 77.9
1532707976.62 77.9
1532707986.64 77.9
1532707996.65 77.9
1532708006.67 77.9
1532708016.68 77.9
1532708026.69 77.9
1532708036.71 77.9
1532708046.72 77.9
1532708056.74 78.4
1532708066.75 78.4
1532708076.77 78.4
1532708086.79 78.4
1532708096.81 78.4
1532708106.82 77.9
1532708116.84 79.0
1532708126.84 79.5
1532708136.86 78.4
1532708146.87 77.9
1532708156.89 79.0
1532708166.9 78.4
1532708176.92 78.4
1532708186.94 77.9
1532708196.96 78.4
1532708206.98 77.4
1532708216.99 77.9
1532708227.0 77.4
1532708237.01 78.4
1532708247.03 77.9
1532708257.05 77.4
1532708267.06 77.4
1532708277.09 77.4
1532708287.09 78.4
1532708297.11 77.4
1532708307.13 77.4
1532708317.14 77.9
1532708327.16 77.4
1532708337.18 77.4
1532708347.19 77.9
1532708357.21 77.4
1532708367.23 77.9
1532708377.23 77.4
1532708387.25 77.4
1532708397.27 77.4
1532708407.27 77.4
1532708417.29 77.9
1532708427.31 77.4
1532708437.33 77.4
1532708447.35 76.8
1532708457.37 76.8
1532708467.38 76.3
1532708477.4 77.4
1532708487.41 77.4
1532708497.43 76.3
1532708507.46 76.8
1532708517.47 76.8
1532708527.49 76.8
1532708537.5 77.4
1532708547.52 76.3
1532708557.54 77.4
1532708567.56 76.3
1532708577.57 76.8
1532708587.58 76.8
1532708597.6 76.3
1532708607.61 76.3
1532708617.63 77.4
1532708627.64 76.8
1532708637.65 76.8
1532708647.67 76.3
1532708657.69 77.4
1532708667.72 76.3
1532708677.74 76.3
1532708687.76 76.8
1532708697.78 76.3
1532708707.79 76.8
1532708717.81 76.3
1532708727.82 76.8
1532708737.84 76.3
1532708747.86 76.3
1532708757.87 76.3
1532708767.89 76.3
1532708777.91 75.8
1532708787.93 75.8
1532708797.94 77.4
1532708807.96 76.8
1532708817.97 75.8
1532708827.98 76.3
1532708838.0 76.3
1532708848.02 76.8
1532708858.05 76.3
1532708868.06 76.8
1532708878.07 76.8
1532708888.08 77.4
1532708898.1 76.3
1532708908.11 76.8
1532708918.12 77.4
1532708928.13 77.9
1532708938.14 77.4
1532708948.16 77.4
1532708958.18 77.4
1532708968.19 76.3
1532708978.2 76.8
1532708988.22 77.4
1532708998.24 76.3
1532709008.25 77.4
1532709018.26 77.9
1532709028.28 77.4
1532709038.31 77.4
1532709048.32 77.9
1532709058.34 77.4
1532709068.35 77.4
1532709078.37 77.4
1532709088.38 77.4
1532709098.4 77.4
1532709108.41 77.4
1532709118.43 77.9
1532709128.45 76.8
1532709138.46 76.3
1532709148.48 76.8
1532709158.49 77.4
1532709168.5 77.4
1532709178.51 77.4
1532709188.52 76.3
1532709198.54 76.8
1532709208.55 76.8
1532709218.56 77.4
1532709228.57 76.8
1532709238.59 77.4
1532709248.6 76.8
1532709258.61 76.8
1532709268.62 77.4
1532709278.64 76.3
1532709288.65 76.8
1532709298.67 76.3
1532709308.68 77.9
1532709318.7 77.9
1532709328.72 77.4
1532709338.73 76.8
1532709348.75 76.8
1532709358.76 77.4
1532709368.77 77.4
1532709378.79 77.4
1532709388.82 77.4
1532709398.84 77.4
1532709408.85 77.4
1532709418.86 77.4
1532709428.87 77.4
1532709438.88 77.4
1532709448.89 77.4
1532709458.9 77.4
1532709468.92 77.9
1532709478.93 77.4
1532709488.95 77.4
1532709498.96 77.9
1532709508.98 77.9
1532709518.99 77.9
1532709529.01 77.4
1532709539.02 77.9
1532709549.04 77.4
1532709559.06 77.4
1532709569.08 77.4
1532709579.09 77.4
1532709589.11 77.4
1532709599.13 77.4
1532709609.14 77.4
1532709619.17 77.4
1532709629.19 76.8
1532709639.2 76.8
1532709649.23 76.3
1532709659.24 77.4
1532709669.25 76.8
1532709679.26 76.8
1532709689.28 76.8
1532709699.31 77.4
1532709709.32 76.8
1532709719.34 76.8
1532709729.35 77.4
1532709739.36 77.4
1532709749.39 77.4
1532709759.41 76.8
1532709769.43 77.4
1532709779.44 77.4
1532709789.45 77.4
1532709799.46 76.8
1532709809.48 77.4
1532709819.49 77.4
1532709829.51 77.4
1532709839.52 77.4
1532709849.53 77.4
1532709859.54 77.4
1532709869.56 77.4
1532709879.57 77.4
1532709889.59 77.4
1532709899.61 77.4
1532709909.62 77.4
1532709919.63 77.4
1532709929.65 77.4
1532709939.67 77.4
1532709949.68 77.4
1532709959.7 76.3
1532709969.72 77.9
1532709979.73 77.4
1532709989.75 77.4
1532709999.77 77.4
1532710009.79 76.8
1532710019.8 76.8
1532710029.81 76.3
1532710039.83 77.9
1532710049.85 77.4
1532710059.86 77.4
1532710069.88 77.4
1532710079.89 77.4
1532710089.91 77.9
1532710099.93 77.4
1532710109.95 77.4
1532710119.96 77.4
1532710129.97 77.4
1532710139.98 77.4
1532710150.0 77.4
1532710160.02 77.4
1532710170.04 77.4
1532710180.04 77.9
1532710190.06 77.4
1532710200.08 77.4
1532710210.1 77.4
1532710220.12 77.4
1532710230.12 77.9
1532710240.14 77.4
1532710250.16 77.4
1532710260.18 77.4
1532710270.19 77.9
1532710280.21 78.4
1532710290.23 78.4
1532710300.24 77.9
1532710310.26 77.9
1532710320.28 78.4
1532710330.29 77.9
1532710340.31 77.9
1532710350.32 77.9
1532710360.34 78.4
1532710370.36 77.9
1532710380.38 78.4
1532710390.39 78.4
1532710400.41 78.4
1532710410.43 78.4
1532710420.44 79.0
1532710430.45 78.4
1532710440.47 78.4
1532710450.49 79.0
1532710460.51 78.4
1532710470.52 78.4
1532710480.54 79.0
1532710490.55 79.5
1532710500.57 78.4
1532710510.58 79.0
1532710520.6 78.4
1532710530.61 79.0
1532710540.62 79.5
1532710550.64 79.0
1532710560.65 79.0
1532710570.67 79.0
1532710580.69 79.0
1532710590.72 79.5
1532710600.73 79.5
1532710610.75 79.5
1532710620.76 79.0
1532710630.78 79.5
1532710640.8 79.5
1532710650.82 79.5
1532710660.83 79.5
1532710670.85 79.0
1532710680.87 79.0
1532710690.88 79.5
1532710700.89 79.5
1532710710.91 79.5
1532710720.93 79.0
1532710730.94 79.5
1532710740.96 79.5
1532710750.97 79.5
1532710760.99 79.5
1532710771.0 79.5
1532710781.02 80.1
1532710791.03 79.5
1532710801.05 80.1
1532710811.06 79.5
1532710821.07 80.6
1532710831.08 80.1
1532710841.1 80.1
1532710851.12 80.6
1532710861.14 79.5
1532710871.15 80.6
1532710881.16 80.6
1532710891.18 80.1
1532710901.19 79.5
1532710911.21 79.5
1532710921.22 80.1
1532710931.23 80.1
1532710941.24 80.1
1532710951.26 80.1
1532710961.28 80.6
1532710971.29 80.1
1532710981.31 80.1
1532710991.32 80.6
1532711001.34 80.6
1532711011.34 80.6
1532711021.36 79.5
1532711031.37 79.5
1532711041.38 80.1
1532711051.4 80.6
1532711061.41 80.6
1532711071.42 80.6
1532711081.44 80.6
1532711091.45 80.1
1532711101.46 80.6
1532711111.48 80.6
1532711121.49 79.5
1532711131.5 79.5
1532711141.52 80.6
1532711151.53 80.1
1532711161.54 80.1
1532711171.56 80.1
1532711181.56 80.6
1532711191.57 80.6
1532711201.59 80.6
1532711211.6 80.6
1532711221.62 80.1
1532711231.63 80.1
1532711241.66 79.5
1532711251.68 80.1
1532711261.69 79.5
1532711271.7 80.6
1532711281.72 80.6
1532711291.73 80.6
1532711301.75 80.6
1532711311.77 80.1
1532711321.78 80.6
1532711331.78 80.6
1532711341.8 80.6
1532711351.81 81.1
1532711361.82 80.6
1532711371.83 81.1
1532711381.85 80.6
1532711391.86 80.1
1532711401.87 80.6
1532711411.89 81.1
1532711421.9 81.1
1532711431.92 80.6
1532711441.92 80.1
1532711451.94 81.1
1532711461.96 80.6
1532711471.97 81.1
1532711481.98 80.6
1532711492.0 80.6
1532711502.02 80.6
1532711512.03 80.1
1532711522.05 80.6
1532711532.06 80.6
1532711542.08 80.6
1532711552.09 80.6
1532711562.11 80.1
1532711572.13 80.6
1532711582.14 80.1
1532711592.15 80.6
1532711602.16 80.6
1532711612.17 80.1
1532711622.18 80.6
1532711632.2 80.6
1532711642.22 80.1
1532711652.23 80.6
1532711662.24 80.1
1532711672.26 80.6
1532711682.27 80.1
1532711692.28 80.1
1532711702.29 80.6
1532711712.3 81.7
1532711722.32 81.1
1532711732.34 81.1
1532711742.35 81.1
1532711752.36 81.7
1532711762.38 81.1
1532711772.4 80.6
1532711782.41 80.6
1532711792.42 81.1
1532711802.44 81.1
1532711812.46 81.1
1532711822.48 81.1
1532711832.48 80.6
1532711842.5 80.6
1532711852.52 80.6
1532711862.52 80.6
1532711872.54 80.1
1532711882.56 80.6
1532711892.57 80.6
1532711902.59 80.6
1532711912.61 80.6
1532711922.63 80.6
1532711932.65 80.6
1532711942.67 80.6
1532711952.68 81.1
1532711962.69 80.6
1532711972.71 80.6
1532711982.73 80.6
1532711992.74 80.6
1532712002.75 81.7
1532712012.77 81.1
1532712022.78 81.7
1532712032.8 81.7
1532712042.82 81.7
1532712052.84 81.7
1532712062.86 80.6
1532712072.87 80.6
1532712082.89 80.6
1532712092.91 80.6
1532712102.91 80.6
1532712112.92 81.7
1532712122.94 81.1
1532712132.96 81.7
1532712142.97 81.7
1532712152.98 81.7
1532712162.99 80.6
1532712173.01 81.1
1532712183.03 81.7
1532712193.04 81.1
1532712203.06 81.1
1532712213.07 80.6
1532712223.08 81.1
1532712233.09 80.6
1532712243.11 81.1
1532712253.13 81.7
1532712263.15 82.2
1532712273.16 81.7
1532712283.17 81.7
1532712293.19 81.7
1532712303.21 81.7
1532712313.23 81.7
1532712323.23 81.7
1532712333.26 81.7
1532712343.28 82.2
1532712353.29 81.7
1532712363.31 82.2
1532712373.33 82.7
1532712383.34 82.2
1532712393.36 81.7
1532712403.38 81.7
1532712413.4 81.7
1532712423.41 81.7
1532712433.43 81.7
1532712443.45 81.1
1532712453.46 80.6
1532712463.48 81.1
1532712473.5 82.2
1532712483.51 81.1
1532712493.53 81.1
1532712503.55 82.2
1532712513.56 80.6
1532712523.58 81.7
1532712533.6 81.7
1532712543.62 81.7
1532712553.63 81.7
1532712563.65 81.7
1532712573.67 81.7
1532712583.68 81.7
1532712593.69 82.2
1532712603.71 81.7
1532712613.73 81.7
1532712623.75 81.7
1532712633.76 81.7
1532712643.79 82.2
1532712653.81 81.7
1532712663.81 81.7
1532712673.83 82.2
1532712683.85 81.7
1532712693.87 81.7
1532712703.88 82.7
1532712713.9 81.7
1532712723.92 82.2
1532712733.93 81.7
1532712743.95 82.2
1532712753.97 82.2
1532712763.97 81.1
1532712773.99 81.7
1532712784.01 81.7
1532712794.02 81.7
1532712804.04 81.1
1532712814.06 81.1
1532712824.07 81.1
1532712834.09 81.1
1532712844.1 81.1
1532712854.12 81.7
1532712864.14 80.6
1532712874.15 81.7
1532712884.17 80.6
1532712894.19 80.6
1532712904.21 80.6
1532712914.22 80.6
1532712924.24 81.1
1532712934.26 80.6
1532712944.27 80.6
1532712954.29 81.1
1532712964.31 80.6
1532712974.32 80.6
1532712984.34 79.5
1532712994.35 80.1
1532713004.37 80.6
1532713014.39 80.1
1532713024.4 80.6
1532713034.43 80.1
1532713044.44 80.1
1532713054.46 80.1
1532713064.47 80.1
1532713074.49 80.1
1532713084.51 80.1
1532713094.53 80.1
1532713104.54 80.6
1532713114.56 79.5
1532713124.58 80.1
1532713134.59 80.1
1532713144.61 80.6
1532713154.63 80.1
1532713164.64 80.1
1532713174.66 79.5
1532713184.68 80.6
1532713194.69 80.1
1532713204.71 80.6
1532713214.73 79.5
1532713224.74 80.1
1532713234.76 79.5
1532713244.78 80.1
1532713254.8 79.5
1532713264.81 79.5
1532713274.82 79.5
1532713284.84 79.5
1532713294.86 80.6
1532713304.88 80.1
1532713314.91 80.1
1532713324.93 79.5
1532713334.94 80.1
1532713344.96 80.1
1532713354.97 79.5
1532713364.99 79.5
1532713375.01 80.6
1532713385.03 80.6
1532713395.04 80.6
1532713405.06 80.6
1532713415.07 80.6
1532713425.09 80.6
1532713435.1 81.1
1532713445.12 79.5
1532713455.14 80.6
1532713465.15 80.6
1532713475.17 80.6
1532713485.18 80.6
1532713495.2 80.1
1532713505.22 80.6
1532713515.23 80.1
1532713525.25 80.1
1532713535.27 80.1
1532713545.28 79.5
1532713555.3 80.1
1532713565.32 80.1
1532713575.33 80.1
1532713585.35 79.5
1532713595.38 79.5
1532713605.4 80.1
1532713615.41 79.5
1532713625.43 79.5
1532713635.45 79.5
1532713645.47 79.5
1532713655.49 79.5
1532713665.5 79.5
1532713675.52 79.5
1532713685.53 79.0
1532713695.55 79.0
1532713705.57 79.0
1532713715.59 78.4
1532713725.59 79.5
1532713735.61 79.5
1532713745.64 78.4
1532713755.66 79.5
1532713765.67 78.4
1532713775.69 79.5
1532713785.7 78.4
1532713795.71 79.0
1532713805.73 78.4
1532713815.75 77.4
1532713825.76 77.9
1532713835.77 77.9
1532713845.79 78.4
1532713855.81 79.0
1532713865.83 78.4
1532713875.85 77.9
1532713885.87 77.9
1532713895.89 77.9
1532713905.91 77.9
1532713915.92 78.4
1532713925.94 77.9
1532713935.96 77.9
1532713945.98 77.4
1532713956.0 77.9
1532713966.01 77.4
1532713976.03 77.4
1532713986.04 77.9
1532713996.06 77.9
1532714006.07 77.9
1532714016.09 77.4
1532714026.11 77.4
1532714036.13 77.9
1532714046.15 77.4
1532714056.17 76.8
1532714066.19 76.8
1532714076.2 77.4
1532714086.21 77.4
1532714096.24 77.4
1532714106.25 77.4
1532714116.26 77.4
1532714126.27 77.4
1532714136.29 77.4
1532714146.3 76.3
1532714156.32 77.4
1532714166.34 76.3
1532714176.36 77.9
1532714186.38 77.9
1532714196.38 76.8
1532714206.4 77.4
1532714216.42 77.4
1532714226.44 77.4
1532714236.45 77.4
1532714246.46 77.4
1532714256.47 77.4
1532714266.49 77.4
1532714276.5 77.4
1532714286.53 77.4
1532714296.54 77.4
1532714306.56 77.4
1532714316.57 77.4
1532714326.59 77.9
1532714336.61 77.4
1532714346.62 77.9
1532714356.63 77.9
1532714366.65 76.8
1532714376.67 77.4
1532714386.69 77.4
1532714396.7 77.4
1532714406.72 77.9
1532714416.73 78.4
1532714426.75 77.9
1532714436.77 77.9
1532714446.79 78.4
1532714456.8 77.9
1532714466.82 78.4
1532714476.83 77.4
1532714486.84 78.4
1532714496.85 77.9
1532714506.87 77.9
1532714516.89 78.4
1532714526.91 77.4
1532714536.92 77.9
1532714546.94 77.9
1532714556.96 77.9
1532714566.98 77.9
1532714576.99 77.9
1532714587.01 77.4
1532714597.03 77.4
1532714607.05 77.4
1532714617.06 77.4
1532714627.08 77.9
1532714637.1 76.8
1532714647.12 77.4
1532714657.14 77.4
1532714667.16 77.4
1532714677.17 77.4
1532714687.19 77.4
1532714697.2 77.9
1532714707.22 77.4
1532714717.24 76.8
1532714727.26 76.8
1532714737.27 77.4
1532714747.29 76.8
1532714757.3 77.4
1532714767.32 77.4
1532714777.33 77.4
1532714787.35 77.4
1532714797.36 76.3
1532714807.38 77.4
1532714817.4 76.8
1532714827.42 76.3
1532714837.43 77.4
1532714847.45 77.4
1532714857.47 77.4
1532714867.48 76.8
1532714877.5 76.8
1532714887.52 77.4
1532714897.54 77.4
1532714907.55 76.3
1532714917.58 77.4
1532714927.6 77.4
1532714937.62 76.8
1532714947.64 77.9
1532714957.65 77.4
1532714967.68 77.4
1532714977.7 77.9
1532714987.71 77.4
1532714997.73 78.4
1532715007.75 77.9
1532715017.77 77.9
1532715027.79 77.4
1532715037.8 77.9
1532715047.82 77.9
1532715057.84 76.8
1532715067.86 77.4
1532715077.88 77.9
1532715087.9 77.4
1532715097.92 77.4
1532715107.94 77.4
1532715117.96 77.4
1532715127.97 77.4
1532715137.99 77.9
1532715148.02 76.8
1532715158.04 77.9
1532715168.05 77.4
1532715178.07 77.4
1532715188.08 77.4
1532715198.09 77.4
1532715208.1 78.4
1532715218.12 77.4
1532715228.13 77.9
1532715238.15 77.9
1532715248.17 77.4
1532715258.19 77.4
1532715268.21 77.4
1532715278.22 77.4
1532715288.24 77.4
1532715298.26 77.9
1532715308.28 78.4
1532715318.3 77.4
1532715328.32 78.4
1532715338.33 77.9
1532715348.35 77.9
1532715358.36 77.9
1532715368.38 78.4
1532715378.4 77.9
1532715388.4 78.4
1532715398.42 78.4
1532715408.43 78.4
1532715418.45 77.9
1532715428.47 78.4
1532715438.49 78.4
1532715448.5 78.4
1532715458.52 77.4
1532715468.54 77.9
1532715478.55 78.4
1532715488.57 78.4
1532715498.58 78.4
1532715508.6 77.9
1532715518.62 77.9
1532715528.63 78.4
1532715538.65 77.9
1532715548.67 78.4
1532715558.69 78.4
1532715568.8 78.4
1532715578.82 78.4
1532715588.84 78.4
1532715598.85 77.9
1532715608.87 78.4
1532715618.89 77.9
1532715628.91 77.9
1532715638.93 77.4
1532715648.94 78.4
1532715658.96 78.4
1532715668.97 78.4
1532715678.99 77.9
1532715689.0 79.0
1532715699.02 77.9
1532715709.04 77.9
1532715719.05 78.4
1532715729.07 77.4
1532715739.09 77.4
1532715749.11 78.4
1532715759.12 78.4
1532715769.14 78.4
1532715779.16 77.9
1532715789.17 77.9
1532715799.18 78.4
1532715809.21 77.9
1532715819.22 78.4
1532715829.24 77.9
1532715839.26 77.4
1532715849.27 77.4
1532715859.29 77.9
1532715869.31 77.4
1532715879.33 77.4
1532715889.35 77.4
1532715899.37 77.4
1532715909.38 78.4
1532715919.4 77.4
1532715929.41 77.4
1532715939.43 77.4
1532715949.46 77.9
1532715959.49 77.9
1532715969.51 78.4
1532715979.53 78.4
1532715989.55 78.4
1532715999.57 77.9
1532716009.59 78.4
1532716019.6 77.9
1532716029.62 77.4
1532716039.64 77.9
1532716049.66 77.4
1532716059.67 78.4
1532716069.69 79.0
1532716079.71 77.4
1532716089.73 77.9
1532716099.74 77.9
1532716109.75 78.4
1532716119.77 77.9
1532716129.79 78.4
1532716139.81 78.4
1532716149.83 77.9
1532716159.84 77.9
1532716169.86 78.4
1532716179.88 78.4
1532716189.89 78.4
1532716199.91 78.4
1532716209.92 78.4
1532716219.94 79.0
1532716229.95 78.4
1532716239.96 78.4
1532716249.97 78.4
1532716259.99 78.4
1532716270.0 78.4
1532716280.01 78.4
1532716290.03 78.4
1532716300.05 79.0
1532716310.06 79.0
1532716320.07 79.0
1532716330.09 78.4
1532716340.1 79.0
1532716350.12 78.4
1532716360.13 78.4
1532716370.15 78.4
1532716380.17 79.5
1532716390.18 77.9
1532716400.2 79.0
1532716410.2 79.0
1532716420.22 78.4
1532716430.23 79.0
1532716440.25 78.4
1532716450.27 77.9
1532716460.29 78.4
1532716470.29 78.4
1532716480.32 78.4
1532716490.33 77.9
1532716500.34 78.4
1532716510.35 79.5
1532716520.37 78.4
1532716530.39 78.4
1532716540.4 78.4
1532716550.43 78.4
1532716560.44 78.4
1532716570.46 78.4
1532716580.47 78.4
1532716590.48 79.0
1532716600.5 79.5
1532716610.52 79.5
1532716620.53 79.5
1532716630.54 79.0
1532716640.56 79.5
1532716650.58 79.5
1532716660.6 80.1
1532716670.63 79.5
1532716680.63 79.0
1532716690.65 79.5
1532716700.67 79.5
1532716710.69 79.0
1532716720.71 79.0
1532716730.72 79.5
1532716740.74 78.4
1532716750.75 79.5
1532716760.77 79.5
1532716770.78 79.5
1532716780.79 79.0
1532716790.81 79.0
1532716800.83 79.0
1532716810.84 78.4
1532716820.86 79.0
1532716830.88 79.0
1532716840.89 79.5
1532716850.9 79.5
1532716860.91 79.5
1532716870.93 79.5
1532716880.94 79.5
1532716890.96 79.0
1532716900.97 79.5
1532716910.99 79.5
1532716921.0 79.5
1532716931.02 79.5
1532716941.03 79.5
1532716951.05 79.5
1532716961.06 79.5
1532716971.08 80.6
1532716981.1 80.6
1532716991.12 80.1
1532717001.13 80.6
1532717011.14 80.6
1532717021.15 80.6
1532717031.17 80.6
1532717041.19 79.5
1532717051.2 80.1
1532717061.21 80.6
1532717071.23 80.6
1532717081.25 79.5
1532717091.26 79.5
1532717101.28 80.1
1532717111.29 79.5
1532717121.3 80.1
1532717131.32 79.5
1532717141.33 79.5
1532717151.35 80.1
1532717161.36 80.6
1532717171.38 80.1
1532717181.39 80.6
1532717191.4 80.6
1532717201.42 79.5
1532717211.44 79.5
1532717221.45 79.5
1532717231.46 79.5
1532717241.48 79.5
1532717251.49 79.5
1532717261.51 79.5
1532717271.52 79.5
1532717281.53 80.1
1532717291.55 79.5
1532717301.56 79.5
1532717311.58 79.5
1532717321.6 80.1
1532717331.61 79.5
1532717341.63 79.5
1532717351.64 79.5
1532717361.65 79.0
1532717371.67 79.5
1532717381.69 79.0
1532717391.7 79.0
1532717401.72 79.0
1532717411.73 79.5
1532717421.75 79.5
1532717431.77 79.5
1532717441.78 79.5
1532717451.8 78.4
1532717461.82 79.5
1532717471.83 78.4
1532717481.85 79.5
1532717491.87 79.0
1532717501.89 78.4
1532717511.91 79.0
1532717521.93 78.4
1532717531.95 78.4
1532717541.97 77.9
1532717551.98 78.4
1532717561.99 79.0
1532717572.01 77.9
1532717582.02 77.9
1532717592.04 78.4
1532717602.05 79.0
1532717612.06 77.9
1532717622.09 77.9
1532717632.1 78.4
1532717642.11 78.4
1532717652.13 77.9
1532717662.14 78.4
1532717672.16 78.4
1532717682.17 77.4
1532717692.19 77.9
1532717702.2 78.4
1532717712.22 78.4
1532717722.24 77.4
1532717732.25 77.9
1532717742.27 77.9
1532717752.29 77.9
1532717762.3 78.4
1532717772.32 77.9
1532717782.33 78.4
1532717792.36 77.9
1532717802.37 78.4
1532717812.39 78.4
1532717822.41 78.4
1532717832.43 77.9
1532717842.45 77.9
1532717852.47 77.9
1532717862.49 77.4
1532717872.5 78.4
1532717882.52 78.4
1532717892.53 78.4
1532717902.55 77.9
1532717912.57 79.0
1532717922.59 78.4
1532717932.61 79.0
1532717942.62 79.0
1532717952.64 79.0
1532717962.65 79.0
1532717972.67 78.4
1532717982.69 79.0
1532717992.7 79.5
1532718002.72 78.4
1532718012.74 79.0
1532718022.76 79.5
1532718032.77 79.5
1532718042.78 79.5
1532718052.8 78.4
1532718062.81 79.5
1532718072.83 79.0
1532718082.84 79.5
1532718092.86 79.0
1532718102.88 77.9
1532718112.89 78.4
1532718122.91 79.0
1532718132.93 79.5
1532718142.95 78.4
1532718152.96 79.0
1532718162.98 78.4
1532718172.99 78.4
1532718183.01 78.4
1532718193.03 78.4
1532718203.04 78.4
1532718213.06 78.4
1532718223.07 78.4
1532718233.09 79.0
1532718243.11 78.4
1532718253.12 78.4
1532718263.14 78.4
1532718273.15 78.4
1532718283.17 78.4
1532718293.18 77.4
1532718303.2 77.9
1532718313.22 78.4
1532718323.23 77.4
1532718333.25 77.4
1532718343.26 77.4
1532718353.28 78.4
1532718363.3 77.9
1532718373.32 77.9
1532718383.33 77.9
1532718393.35 77.9
1532718403.37 77.9
1532718413.37 77.4
1532718423.38 77.9
1532718433.4 77.9
1532718443.41 78.4
1532718453.42 77.9
1532718463.44 77.9
1532718473.45 77.4
1532718483.47 76.8
1532718493.49 77.4
1532718503.51 77.4
1532718513.52 77.9
1532718523.54 77.9
1532718533.55 76.8
1532718543.56 77.4
1532718553.58 77.4
1532718563.59 77.4
1532718573.61 76.8
1532718583.62 76.8
1532718593.64 76.8
1532718603.65 76.3
1532718613.67 77.4
1532718623.69 76.3
1532718633.7 76.8
1532718643.72 76.3
1532718653.73 76.3
1532718663.74 76.3
1532718673.77 76.3
1532718683.78 76.3
1532718693.8 76.3
1532718703.82 75.8
1532718713.83 76.3
1532718723.85 76.3
1532718733.86 76.3
1532718743.88 76.3
1532718753.88 76.3
1532718763.9 75.8
1532718773.91 76.3
1532718783.92 76.3
1532718793.94 76.3
1532718803.95 76.3
1532718813.96 75.8
1532718823.97 76.3
1532718833.99 76.3
1532718844.0 76.3
1532718854.02 75.2
1532718864.03 75.8
1532718874.05 75.8
1532718884.07 75.2
1532718894.08 75.2
1532718904.09 75.2
1532718914.11 75.8
1532718924.12 75.8
1532718934.13 75.2
1532718944.15 75.8
1532718954.16 75.2
1532718964.18 75.8
1532718974.19 75.2
1532718984.21 75.2
1532718994.22 75.2
1532719004.23 75.2
1532719014.24 74.7
1532719024.26 73.6
1532719034.27 74.1
1532719044.29 74.1
1532719054.31 74.7
1532719064.32 75.2
1532719074.34 74.1
1532719084.35 74.7
1532719094.37 75.2
1532719104.38 75.2
1532719114.39 74.1
1532719124.41 75.2
1532719134.43 75.2
1532719144.45 75.8
1532719154.46 75.2
1532719164.48 75.2
1532719174.49 75.8
1532719184.5 75.2
1532719194.51 75.2
1532719204.53 75.2
1532719214.55 75.2
1532719224.56 75.2
1532719234.58 75.2
1532719244.59 75.8
1532719254.61 75.8
1532719264.62 75.2
1532719274.64 75.8
1532719284.66 75.2
1532719294.68 75.8
1532719304.7 75.2
1532719314.71 74.1
1532719324.73 75.2
1532719334.74 75.2
1532719344.76 75.2
1532719354.78 75.2
1532719364.8 75.8
1532719374.81 75.2
1532719384.83 75.8
1532719394.84 76.3
1532719404.85 76.3
1532719414.87 76.3
1532719424.89 75.8
1532719434.9 76.3
1532719444.92 75.2
1532719454.93 75.2
1532719464.95 75.2
1532719474.96 76.3
1532719484.99 75.2
1532719495.0 75.8
1532719505.01 77.4
1532719515.03 76.8
1532719525.04 76.8
1532719535.05 76.3
1532719545.06 76.3
1532719555.08 76.8
1532719565.1 76.3
1532719575.11 76.3
1532719585.12 76.8
1532719595.14 77.4
1532719605.15 76.8
1532719615.17 77.4
1532719625.19 76.3
1532719635.21 75.8
1532719645.22 76.3
1532719655.24 75.8
1532719665.25 75.8
1532719675.27 76.3
1532719685.29 75.2
1532719695.3 76.3
1532719705.31 75.8
1532719715.33 76.3
1532719725.34 75.8
1532719735.36 75.8
1532719745.37 76.3
1532719755.39 76.3
1532719765.4 76.3
1532719775.42 76.3
1532719785.43 76.3
1532719795.44 76.3
1532719805.46 76.3
1532719815.47 76.3
1532719825.48 76.3
1532719835.5 75.8
1532719845.52 76.3
1532719855.53 76.3
1532719865.55 76.3
1532719875.57 76.3
1532719885.58 75.8
1532719895.6 75.8
1532719905.62 75.2
1532719915.63 75.2
1532719925.65 75.2
1532719935.67 75.2
1532719945.69 75.2
1532719955.71 75.2
1532719965.72 75.8
1532719975.74 75.8
1532719985.75 75.8
1532719995.78 76.3
1532720005.79 76.8
1532720015.8 76.3
1532720025.83 75.8
1532720035.84 76.3
1532720045.86 75.8
1532720055.88 76.3
1532720065.9 76.3
1532720075.91 75.8
1532720085.93 75.8
1532720095.95 76.8
1532720105.96 75.2
1532720115.98 75.8
1532720126.0 75.2
1532720136.02 75.2
1532720146.04 75.2
1532720156.05 74.7
1532720166.07 75.2
1532720176.08 75.8
1532720186.1 74.7
1532720196.12 75.8
1532720206.14 75.2
1532720216.16 74.7
1532720226.18 75.2
1532720236.2 74.7
1532720246.22 75.2
1532720256.23 75.2
1532720266.25 75.2
1532720276.27 74.1
1532720286.29 74.7
1532720296.31 74.1
1532720306.33 74.1
1532720316.35 74.7
1532720326.36 74.7
1532720336.38 74.1
1532720346.4 74.1
1532720356.42 74.1
1532720366.43 74.7
1532720376.45 74.1
1532720386.47 73.6
1532720396.49 74.1
1532720406.5 73.6
1532720416.51 74.1
1532720426.53 74.1
1532720436.55 75.2
1532720446.57 74.1
1532720456.58 74.1
1532720466.6 74.1
1532720476.61 74.1
1532720486.63 75.2
1532720496.64 75.2
1532720506.66 74.7
1532720516.68 75.2
1532720526.69 74.1
1532720536.71 74.7
1532720546.73 74.1
1532720556.75 74.7
1532720566.76 75.2
1532720576.78 74.1
1532720586.79 74.1
1532720596.81 74.1
1532720606.83 74.7
1532720616.84 74.7
1532720626.86 75.2
1532720636.89 74.1
1532720646.91 73.6
1532720656.92 74.7
1532720666.94 74.1
1532720676.95 75.2
1532720686.97 74.1
1532720696.99 75.2
1532720706.99 74.7
1532720717.01 74.1
1532720727.03 74.1
1532720737.04 74.1
1532720747.06 74.7
1532720757.09 74.7
1532720767.11 74.1
1532720777.13 74.1
1532720787.14 74.1
1532720797.17 74.1
1532720807.18 74.1
1532720817.2 74.1
1532720827.21 74.1
1532720837.23 74.1
1532720847.25 73.1
1532720857.27 73.6
1532720867.28 73.6
1532720877.3 73.1
1532720887.32 73.6
1532720897.34 73.6
1532720907.35 73.6
1532720917.37 73.1
1532720927.38 73.1
1532720937.4 72.5
1532720947.42 73.1
1532720957.44 72.0
1532720967.45 72.5
1532720977.47 73.1
1532720987.49 73.6
1532720997.5 73.1
1532721007.52 73.1
1532721017.53 73.1
1532721027.55 72.5
1532721037.58 72.5
1532721047.6 73.1
1532721057.61 72.5
1532721067.63 72.0
1532721077.65 72.5
1532721087.66 73.1
1532721097.68 72.5
1532721107.7 72.5
1532721117.71 72.0
1532721127.73 72.0
1532721137.74 72.0
1532721147.76 71.4
1532721157.77 72.0
1532721167.78 72.0
1532721177.79 72.0
1532721187.81 72.5
1532721197.83 71.4
1532721207.84 72.0
1532721217.86 72.5
1532721227.87 72.5
1532721237.88 72.0
1532721247.9 72.5
1532721257.92 72.0
1532721267.94 72.5
1532721277.96 72.0
1532721287.97 72.5
1532721297.99 72.5
1532721308.01 72.0
1532721318.03 70.9
1532721328.04 71.4
1532721338.06 70.9
1532721348.07 70.9
1532721358.09 70.9
1532721368.1 71.4
1532721378.12 70.9
1532721388.14 70.9
1532721398.15 70.9
1532721408.17 70.9
1532721418.18 70.9
1532721428.19 71.4
1532721438.2 70.9
1532721448.21 70.4
1532721458.23 70.4
1532721468.25 70.9
1532721478.26 70.9
1532721488.27 70.9
1532721498.28 71.4
1532721508.3 71.4
1532721518.32 72.0
1532721528.34 70.9
1532721538.35 71.4
1532721548.37 70.9
1532721558.39 72.0
1532721568.41 70.9
1532721578.42 70.9
1532721588.44 71.4
1532721598.46 70.9
