1532200005.89 70.4
1532200015.91 69.8
1532200025.92 69.3
1532200035.94 68.8
1532200045.96 68.8
1532200055.98 69.8
1532200065.99 69.3
1532200076.0 68.8
1532200086.02 68.8
1532200096.04 69.8
1532200106.06 69.3
1532200116.08 69.3
1532200126.09 69.8
1532200136.11 69.3
1532200146.12 69.3
1532200156.13 69.8
1532200166.15 69.8
1532200176.17 70.4
1532200186.19 69.8
1532200196.2 69.8
1532200206.22 70.4
1532200216.24 70.4
1532200226.26 69.8
1532200236.28 70.4
1532200246.29 70.4
1532200256.31 70.4
1532200266.33 70.4
1532200276.34 70.4
1532200286.36 69.8
1532200296.37 70.9
1532200306.38 69.8
1532200316.4 70.9
1532200326.42 70.9
1532200336.43 70.4
1532200346.44 70.4
1532200356.45 69.8
1532200366.47 70.4
1532200376.49 69.8
1532200386.5 70.4
1532200396.52 69.3
1532200406.54 69.8
1532200416.55 69.8
1532200426.57 69.8
1532200436.58 69.8
1532200446.6 69.8
1532200456.62 69.8
1532200466.64 69.8
1532200476.65 69.8
1532200486.67 69.8
1532200496.69 69.8
1532200506.71 69.8
1532200516.73 69.8
1532200526.74 69.3
1532200536.77 69.3
1532200546.78 68.8
1532200556.8 69.8
1532200566.81 69.8
1532200576.83 69.8
1532200586.85 70.4
1532200596.87 69.3
1532200606.88 69.8
1532200616.9 70.9
1532200626.92 69.8
1532200636.93 70.4
1532200646.95 69.3
1532200656.96 70.4
1532200666.98 70.4
1532200676.99 70.4
1532200687.01 70.4
1532200697.03 69.8
1532200707.04 69.8
1532200717.05 69.8
1532200727.07 70.4
1532200737.09 69.8
1532200747.11 69.8
1532200757.12 70.4
1532200767.14 70.9
1532200777.16 70.4
1532200787.17 69.8
1532200797.19 69.8
1532200807.2 69.8
1532200817.22 69.3
1532200827.24 69.8
1532200837.26 69.8
1532200847.28 69.8
1532200857.29 69.8
1532200867.31 69.8
1532200877.32 69.8
1532200887.34 70.4
1532200897.36 70.4
1532200907.37 69.8
1532200917.38 69.8
1532200927.4 70.4
1532200937.42 69.8
1532200947.44 69.8
1532200957.45 69.3
1532200967.47 70.4
1532200977.48 69.3
1532200987.5 70.4
1532200997.51 69.3
1532201007.53 69.8
1532201017.55 69.3
1532201027.57 69.8
1532201037.59 69.3
1532201047.61 69.8
1532201057.62 69.3
1532201067.64 69.3
1532201077.66 68.8
1532201087.68 69.3
1532201097.7 68.8
1532201107.71 68.8
1532201117.73 67.7
1532201127.75 69.3
1532201137.77 68.8
1532201147.79 68.8
1532201157.81 69.3
1532201167.83 68.2
1532201177.84 69.3
1532201187.86 68.8
1532201197.88 69.3
1532201207.89 69.3
1532201217.91 69.8
1532201227.92 69.8
1532201237.94 69.8
1532201247.95 69.8
1532201257.97 69.3
1532201267.99 69.8
1532201278.0 69.3
1532201288.03 69.3
1532201298.04 69.8
1532201308.06 69.8
1532201318.09 69.3
1532201328.11 69.3
1532201338.12 69.8
1532201348.13 69.8
1532201358.16 69.8
1532201368.17 69.3
1532201378.18 69.3
1532201388.2 69.3
1532201398.21 69.3
1532201408.24 69.8
1532201418.26 69.3
1532201428.27 68.8
1532201438.29 68.8
1532201448.31 68.8
1532201458.32 67.7
1532201468.34 68.8
1532201478.36 68.8
1532201488.37 67.7
1532201498.39 67.7
1532201508.41 67.7
1532201518.43 67.7
1532201528.44 67.7
1532201538.46 67.1
1532201548.48 67.7
1532201558.5 67.7
1532201568.51 67.7
1532201578.52 68.2
1532201588.54 67.7
1532201598.58 68.2
1532201608.6 67.7
1532201618.62 67.7
1532201628.65 68.8
1532201638.66 67.7
1532201648.68 67.7
1532201658.7 67.7
1532201668.71 67.7
1532201678.73 68.2
1532201688.76 67.7
1532201698.78 68.8
1532201708.79 68.8
1532201718.81 67.7
1532201728.83 68.8
1532201738.84 68.2
1532201748.86 68.8
1532201758.88 68.8
1532201768.89 67.7
1532201778.91 68.8
1532201788.92 69.3
1532201798.94 68.8
1532201808.95 68.8
1532201818.97 68.2
1532201828.99 68.2
1532201839.01 68.2
1532201849.03 68.2
1532201859.05 67.7
1532201869.07 68.8
1532201879.08 67.7
1532201889.1 68.2
1532201899.11 68.2
1532201909.13 67.7
1532201919.15 68.8
1532201929.16 68.8
1532201939.18 68.8
1532201949.2 67.7
1532201959.21 67.7
1532201969.23 67.7
1532201979.24 68.8
1532201989.26 67.7
1532201999.28 68.2
1532202009.29 67.7
1532202019.31 68.2
1532202029.33 68.2
1532202039.35 67.7
1532202049.36 67.7
1532202059.37 67.7
1532202069.38 67.7
1532202079.4 67.7
1532202089.42 66.6
1532202099.44 66.6
1532202109.45 67.1
1532202119.47 67.7
1532202129.48 67.7
1532202139.5 67.1
1532202149.52 67.1
1532202159.54 67.1
1532202169.56 66.6
1532202179.57 66.6
1532202189.59 66.6
1532202199.6 67.1
1532202209.62 67.1
1532202219.64 67.7
1532202229.65 66.6
1532202239.67 67.1
1532202249.69 67.7
1532202259.7 67.7
1532202269.72 67.7
1532202279.74 66.6
1532202289.75 67.7
1532202299.76 67.7
1532202309.78 67.7
1532202319.8 66.6
1532202329.82 67.1
1532202339.84 67.1
1532202349.86 67.7
1532202359.87 67.7
1532202369.88 67.7
1532202379.9 67.7
1532202389.92 67.7
1532202399.94 68.2
1532202409.95 68.8
1532202419.97 68.2
1532202429.98 67.7
1532202440.0 68.2
1532202450.02 67.1
1532202460.04 68.8
1532202470.06 67.7
1532202480.08 67.7
1532202490.09 67.7
1532202500.11 67.7
1532202510.12 68.8
1532202520.13 67.7
1532202530.14 68.8
1532202540.16 67.1
1532202550.18 68.2
1532202560.2 67.1
1532202570.22 68.8
1532202580.24 68.8
1532202590.26 68.8
1532202600.27 67.7
1532202610.29 68.2
1532202620.31 67.7
1532202630.32 67.7
1532202640.33 67.7
1532202650.35 67.1
1532202660.37 68.2
1532202670.39 68.2
1532202680.4 68.2
1532202690.42 68.2
1532202700.44 68.8
1532202710.45 68.8
1532202720.47 67.7
1532202730.49 68.8
1532202740.5 68.8
1532202750.52 68.8
1532202760.54 67.7
1532202770.55 68.2
1532202780.57 67.7
1532202790.59 68.8
1532202800.61 67.7
1532202810.62 67.7
1532202820.65 67.1
1532202830.66 67.1
1532202840.68 68.2
1532202850.69 67.7
1532202860.72 67.7
1532202870.74 67.7
1532202880.75 67.7
1532202890.76 68.2
1532202900.78 67.7
1532202910.8 67.7
1532202920.81 68.8
1532202930.83 67.7
1532202940.85 68.2
1532202950.87 67.7
1532202960.89 67.7
1532202970.91 67.1
1532202980.93 68.2
1532202990.95 67.7
1532203000.97 67.7
1532203010.98 68.8
1532203021.0 68.2
1532203031.02 68.2
1532203041.04 68.8
1532203051.06 68.8
1532203061.08 68.8
1532203071.09 68.8
1532203081.11 67.7
1532203091.13 68.8
1532203101.15 68.8
1532203111.17 68.8
1532203121.18 68.8
1532203131.19 67.7
1532203141.21 68.8
1532203151.22 68.8
1532203161.23 68.8
1532203171.26 68.8
1532203181.27 68.2
1532203191.29 68.2
1532203201.3 67.7
1532203211.32 69.8
1532203221.34 69.3
1532203231.36 68.8
1532203241.38 67.7
1532203251.4 68.2
1532203261.42 68.2
1532203271.43 67.7
1532203281.45 68.2
1532203291.47 67.7
1532203301.49 66.6
1532203311.51 67.1
1532203321.55 67.7
1532203331.57 67.1
1532203341.59 67.1
1532203351.61 67.1
1532203361.62 66.6
1532203371.64 67.7
1532203381.66 67.7
1532203391.67 67.1
1532203401.69 67.7
1532203411.71 67.7
1532203421.72 67.7
1532203431.74 67.7
1532203441.75 67.7
1532203451.78 67.7
1532203461.79 67.7
1532203471.81 67.7
1532203481.83 67.7
1532203491.85 67.7
1532203501.86 67.7
1532203511.88 67.7
1532203521.9 66.6
1532203531.91 67.7
1532203541.93 67.1
1532203551.95 67.1
1532203561.96 67.7
1532203571.98 67.7
1532203581.99 67.7
1532203592.01 67.7
1532203602.03 67.7
1532203612.04 67.7
1532203622.05 67.1
1532203632.07 66.6
1532203642.09 67.7
1532203652.11 66.6
1532203662.12 67.7
1532203672.13 68.8
1532203682.15 67.7
1532203692.16 68.8
1532203702.17 67.7
1532203712.19 67.1
1532203722.22 67.7
1532203732.24 67.7
1532203742.26 67.1
1532203752.27 67.7
1532203762.29 67.7
1532203772.31 67.7
1532203782.32 67.1
1532203792.34 68.2
1532203802.35 67.7
1532203812.37 67.7
1532203822.38 68.2
1532203832.4 67.7
1532203842.42 67.1
1532203852.44 67.1
1532203862.46 66.6
1532203872.48 67.1
1532203882.49 67.7
1532203892.51 67.7
1532203902.54 67.7
1532203912.55 68.2
1532203922.57 67.7
1532203932.59 67.7
1532203942.61 68.8
1532203952.62 67.7
1532203962.63 67.7
1532203972.65 68.2
1532203982.67 68.8
1532203992.68 68.8
1532204002.7 69.3
1532204012.72 68.8
1532204022.74 68.8
1532204032.75 68.8
1532204042.77 68.8
1532204052.79 68.8
1532204062.81 68.8
1532204072.83 68.8
1532204082.85 68.8
1532204092.86 68.8
1532204102.87 68.8
1532204112.88 67.7
1532204122.89 68.8
1532204132.91 68.8
1532204142.93 67.7
1532204152.95 67.7
1532204162.97 67.7
1532204172.99 68.2
1532204183.0 68.8
1532204193.02 67.7
1532204203.04 68.2
1532204213.06 67.7
1532204223.08 67.7
1532204233.1 67.7
1532204243.12 68.2
1532204253.13 67.1
1532204263.15 67.7
1532204273.17 67.7
1532204283.19 66.6
1532204293.21 67.1
1532204303.23 67.1
1532204313.25 66.6
1532204323.27 67.1
1532204333.29 66.6
1532204343.31 66.6
1532204353.33 65.5
1532204363.35 66.1
1532204373.37 66.1
1532204383.38 66.6
1532204393.4 66.6
1532204403.41 66.1
1532204413.43 66.6
1532204423.45 66.6
1532204433.47 66.6
1532204443.49 66.6
1532204453.5 66.6
1532204463.52 66.6
1532204473.53 66.1
1532204483.55 66.1
1532204493.57 66.6
1532204503.59 66.1
1532204513.6 65.5
1532204523.62 66.6
1532204533.63 65.5
1532204543.65 66.1
1532204553.67 66.6
1532204563.7 66.6
1532204573.71 65.5
1532204583.73 65.5
1532204593.75 65.5
1532204603.76 66.1
1532204613.78 66.1
1532204623.8 65.5
1532204633.81 66.6
1532204643.82 66.6
1532204653.83 65.5
1532204663.84 65.5
1532204673.86 66.6
1532204683.87 66.1
1532204693.89 65.5
1532204703.91 66.6
1532204713.92 66.6
1532204723.94 66.6
1532204733.96 65.5
1532204743.97 66.6
1532204753.99 66.1
1532204764.01 65.5
1532204774.02 66.1
1532204784.05 65.5
1532204794.07 66.6
1532204804.09 65.5
1532204814.11 65.5
1532204824.12 66.1
1532204834.14 65.5
1532204844.16 65.5
1532204854.18 66.6
1532204864.19 66.6
1532204874.21 66.6
1532204884.23 66.6
1532204894.25 66.1
1532204904.27 66.6
1532204914.28 67.1
1532204924.3 66.6
1532204934.31 66.6
1532204944.33 66.6
1532204954.35 66.6
1532204964.36 66.1
1532204974.38 66.6
1532204984.39 66.6
1532204994.41 67.1
1532205004.43 66.6
1532205014.44 67.1
1532205024.46 66.6
1532205034.47 67.1
1532205044.48 67.1
1532205054.5 67.1
1532205064.52 67.7
1532205074.53 66.6
1532205084.55 66.6
1532205094.56 66.6
1532205104.58 67.1
1532205114.6 66.6
1532205124.61 66.6
1532205134.63 66.6
1532205144.66 66.6
1532205154.67 67.1
1532205164.69 66.6
1532205174.71 66.6
1532205184.72 66.6
1532205194.73 66.6
1532205204.75 66.6
1532205214.77 66.6
1532205224.79 66.6
1532205234.8 66.6
1532205244.82 66.1
1532205254.83 66.6
1532205264.85 66.6
1532205274.86 66.6
1532205284.87 66.6
1532205294.89 66.6
1532205304.9 66.6
1532205314.92 66.1
1532205324.94 66.6
1532205334.96 66.6
1532205344.97 66.6
1532205354.99 65.5
1532205365.01 65.5
1532205375.02 65.5
1532205385.04 65.5
1532205395.06 66.1
1532205405.08 66.6
1532205415.09 66.6
1532205425.11 65.0
1532205435.13 65.5
1532205445.14 66.6
1532205455.16 65.5
1532205465.18 65.0
1532205475.2 65.5
1532205485.22 65.5
1532205495.24 66.1
1532205505.26 66.1
1532205515.28 65.0
1532205525.29 66.1
1532205535.31 65.0
1532205545.33 65.5
1532205555.35 65.0
1532205565.37 65.5
1532205575.38 65.5
1532205585.4 65.5
1532205595.42 65.5
1532205605.44 65.5
1532205615.45 65.5
1532205625.47 65.5
1532205635.49 65.5
1532205645.51 65.5
1532205655.53 65.5
1532205665.54 65.5
1532205675.56 65.5
1532205685.57 65.5
1532205695.59 65.5
1532205705.61 65.5
1532205715.62 65.5
1532205725.64 65.0
1532205735.65 65.0
1532205745.67 65.0
1532205755.68 65.5
1532205765.7 65.0
1532205775.72 65.0
1532205785.75 65.5
1532205795.77 64.5
1532205805.79 66.1
1532205815.8 65.5
1532205825.82 66.6
1532205835.83 65.5
1532205845.85 66.6
1532205855.87 65.5
1532205865.88 66.1
1532205875.9 66.1
1532205885.91 66.6
1532205895.94 65.5
1532205905.95 65.5
1532205915.97 66.1
1532205925.98 65.5
1532205936.01 65.5
1532205946.02 66.1
1532205956.04 66.6
1532205966.05 65.5
1532205976.06 66.6
1532205986.08 66.6
1532205996.1 66.1
1532206006.11 65.5
1532206016.13 65.5
1532206026.14 66.1
1532206036.16 65.5
1532206046.17 66.1
1532206056.18 65.5
1532206066.19 66.6
1532206076.21 66.1
1532206086.22 65.5
1532206096.24 65.5
1532206106.25 66.6
1532206116.27 66.6
1532206126.28 66.1
1532206136.3 66.1
1532206146.32 65.5
1532206156.33 66.1
1532206166.34 66.1
1532206176.36 66.6
1532206186.37 66.1
1532206196.39 66.1
1532206206.4 65.5
1532206216.41 66.1
1532206226.43 65.5
1532206236.45 65.5
1532206246.47 65.5
1532206256.49 65.5
1532206266.5 65.5
1532206276.51 65.5
1532206286.53 65.5
1532206296.55 64.5
1532206306.56 65.0
1532206316.58 65.0
1532206326.6 64.5
1532206336.62 65.0
1532206346.63 65.5
1532206356.66 65.0
1532206366.68 65.0
1532206376.69 65.0
1532206386.71 65.0
1532206396.74 64.5
1532206406.76 65.0
1532206416.77 65.0
1532206426.79 65.5
1532206436.8 64.5
1532206446.82 65.5
1532206456.84 65.0
1532206466.86 64.5
1532206476.88 65.5
1532206486.89 65.0
1532206496.91 64.5
1532206506.92 65.0
1532206516.94 65.5
1532206526.95 65.0
1532206536.97 65.5
1532206546.99 65.5
1532206557.0 65.5
1532206567.02 64.5
1532206577.04 65.0
1532206587.06 65.0
1532206597.07 65.0
1532206607.09 64.5
1532206617.11 64.5
1532206627.12 65.5
1532206637.14 64.5
1532206647.16 65.0
1532206657.17 64.5
1532206667.19 64.5
1532206677.21 65.0
1532206687.22 65.0
1532206697.24 65.0
1532206707.26 64.5
1532206717.27 64.5
1532206727.29 65.0
1532206737.31 64.5
1532206747.32 65.0
1532206757.34 65.0
1532206767.35 65.5
1532206777.37 65.5
1532206787.38 64.5
1532206797.4 65.0
