1532800006.71 72.5
1532800016.73 72.5
1532800026.75 73.1
1532800036.76 73.6
1532800046.78 73.1
1532800056.8 73.1
1532800066.81 73.1
1532800076.82 73.1
1532800086.85 73.6
1532800096.87 73.6
1532800106.89 73.1
1532800116.91 73.1
1532800126.93 73.6
1532800136.94 73.1
1532800146.96 73.1
1532800156.98 73.1
1532800167.0 72.5
1532800177.02 73.1
1532800187.03 73.1
1532800197.05 73.1
1532800207.07 73.1
1532800217.08 72.0
1532800227.1 73.1
1532800237.12 73.6
1532800247.12 73.6
1532800257.15 73.1
1532800267.16 73.6
1532800277.18 74.1
1532800287.19 73.6
1532800297.21 73.1
1532800307.23 73.6
1532800317.24 74.1
1532800327.26 74.1
1532800337.28 73.6
1532800347.28 73.6
1532800357.3 73.6
1532800367.31 74.1
1532800377.33 73.6
1532800387.35 73.6
1532800397.35 74.1
1532800407.37 74.1
1532800417.39 73.1
1532800427.41 74.1
1532800437.43 73.6
1532800447.45 73.1
1532800457.48 73.1
1532800467.5 73.6
1532800477.51 73.6
1532800487.53 73.6
1532800497.54 74.1
1532800507.56 73.6
1532800517.58 73.6
1532800527.59 74.1
1532800537.61 73.1
1532800547.63 73.1
1532800557.64 73.6
1532800567.67 73.1
1532800577.68 73.6
1532800587.69 74.1
1532800597.71 73.6
1532800607.73 73.6
1532800617.75 74.1
1532800627.76 74.1
1532800637.78 74.1
1532800647.8 73.1
1532800657.82 73.1
1532800667.84 73.6
1532800677.86 73.6
1532800687.87 73.6
1532800697.89 73.6
1532800707.9 73.6
1532800717.92 74.1
1532800727.94 73.6
1532800737.95 73.6
1532800747.97 74.1
1532800757.99 73.6
1532800768.01 73.6
1532800778.03 74.1
1532800788.05 74.1
1532800798.06 74.1
1532800808.08 76.3
1532800818.1 75.8
1532800828.12 75.2
1532800838.13 75.8
1532800848.15 74.7
1532800858.16 75.2
1532800868.18 75.2
1532800878.2 75.2
1532800888.21 74.1
1532800898.22 74.1
1532800908.24 75.2
1532800918.25 75.2
1532800928.26 75.2
1532800938.28 74.1
1532800948.29 75.2
1532800958.3 75.2
1532800968.32 74.1
1532800978.33 75.2
1532800988.35 75.2
1532800998.36 75.2
1532801008.39 74.1
1532801018.41 74.1
1532801028.42 75.2
1532801038.44 74.1
1532801048.46 74.1
1532801058.47 74.7
1532801068.49 75.2
1532801078.5 74.7
1532801088.52 74.1
1532801098.54 73.6
1532801108.55 74.1
1532801118.57 74.1
1532801128.58 74.7
1532801138.6 74.7
1532801148.62 74.7
1532801158.64 73.6
1532801168.65 75.2
1532801178.67 74.1
1532801188.68 75.2
1532801198.7 75.2
1532801208.71 75.2
1532801218.73 75.8
1532801228.75 75.2
1532801238.77 76.3
1532801248.79 75.2
1532801258.8 75.8
1532801268.82 75.8
1532801278.82 75.8
1532801288.83 75.8
1532801298.85 76.3
1532801308.86 76.3
1532801318.87 75.8
1532801328.9 75.2
1532801338.91 76.3
1532801348.94 76.3
1532801358.96 75.2
1532801368.97 75.2
1532801378.99 75.2
1532801389.01 75.2
1532801399.03 75.2
1532801409.05 75.8
1532801419.06 75.2
1532801429.08 76.3
1532801439.09 75.8
1532801449.11 75.8
1532801459.13 76.3
1532801469.14 76.3
1532801479.15 76.3
1532801489.17 76.3
1532801499.19 76.8
1532801509.21 76.3
1532801519.22 76.3
1532801529.24 76.8
1532801539.26 76.3
1532801549.27 76.8
1532801559.29 76.8
1532801569.31 76.3
1532801579.33 77.4
1532801589.34 76.3
1532801599.36 75.8
1532801609.38 76.3
1532801619.4 76.3
1532801629.41 76.3
1532801639.43 76.3
1532801649.45 76.8
1532801659.47 77.4
1532801669.49 75.8
1532801679.5 76.3
1532801689.52 77.4
1532801699.54 77.4
1532801709.55 76.3
1532801719.56 76.8
1532801729.58 77.4
1532801739.6 76.8
1532801749.62 76.3
1532801759.63 76.8
1532801769.65 76.8
1532801779.67 77.4
1532801789.68 76.3
1532801799.7 77.4
1532801809.7 76.8
1532801819.71 77.4
1532801829.73 77.4
1532801839.74 77.9
1532801849.76 77.4
1532801859.78 76.8
1532801869.79 77.4
1532801879.81 76.8
1532801889.82 77.4
1532801899.84 76.8
1532801909.85 77.4
1532801919.86 77.4
1532801929.87 76.3
1532801939.89 76.3
1532801949.9 77.9
1532801959.92 76.8
1532801969.93 77.4
1532801979.95 77.4
1532801989.96 77.4
1532801999.98 76.3
1532802009.99 77.4
1532802020.01 77.4
1532802030.03 77.9
1532802040.05 78.4
1532802050.07 77.4
1532802060.08 77.4
1532802070.1 77.4
1532802080.11 77.9
1532802090.13 77.9
1532802100.14 77.4
1532802110.16 77.9
1532802120.17 77.4
1532802130.19 77.4
1532802140.2 77.9
1532802150.22 78.4
1532802160.23 77.9
1532802170.25 77.9
1532802180.37 77.9
1532802190.38 77.4
1532802200.39 78.4
1532802210.41 78.4
1532802220.42 77.9
1532802230.44 77.9
1532802240.45 78.4
1532802250.47 77.4
1532802260.48 77.9
1532802270.5 77.4
1532802280.52 77.4
1532802290.53 77.4
1532802300.55 77.4
1532802310.56 78.4
1532802320.57 77.9
1532802330.58 77.9
1532802340.6 77.4
1532802350.63 76.8
1532802360.64 77.4
1532802370.65 77.4
1532802380.66 77.4
1532802390.67 77.4
1532802400.68 76.3
1532802410.7 76.3
1532802420.72 76.8
1532802430.73 77.4
1532802440.75 77.4
1532802450.77 77.4
1532802460.78 77.4
1532802470.8 77.4
1532802480.81 75.8
1532802490.83 77.9
1532802500.85 76.3
1532802510.87 77.4
1532802520.89 77.4
1532802530.9 77.4
1532802540.92 77.4
1532802550.93 77.9
1532802560.95 77.4
1532802570.96 77.4
1532802580.98 77.4
1532802591.0 77.4
1532802601.01 77.4
1532802611.03 77.4
1532802621.05 76.3
1532802631.07 77.4
1532802641.09 77.4
1532802651.1 77.4
1532802661.12 77.4
1532802671.14 76.8
1532802681.15 77.4
1532802691.16 77.4
1532802701.18 77.4
1532802711.19 77.4
1532802721.21 77.9
1532802731.23 77.9
1532802741.25 76.8
1532802751.25 77.4
1532802761.26 77.9
1532802771.28 76.8
1532802781.3 77.4
1532802791.32 77.4
1532802801.33 77.4
1532802811.35 76.8
1532802821.38 76.8
1532802831.4 76.8
1532802841.41 77.4
1532802851.43 76.8
1532802861.45 76.8
1532802871.47 76.3
1532802881.49 76.3
1532802891.51 77.4
1532802901.53 76.8
1532802911.54 76.8
1532802921.56 76.3
1532802931.58 76.3
1532802941.6 76.3
1532802951.62 76.8
1532802961.64 75.2
1532802971.65 76.3
1532802981.67 76.8
1532802991.68 76.3
1532803001.7 75.2
1532803011.73 75.2
1532803021.74 76.3
1532803031.76 75.2
1532803041.77 75.2
1532803051.79 75.2
1532803061.81 76.3
1532803071.83 76.3
1532803081.85 76.8
1532803091.87 75.2
1532803101.88 76.3
1532803111.89 76.3
1532803121.9 76.3
1532803131.93 75.8
1532803141.94 75.2
1532803151.96 75.8
1532803161.98 75.8
1532803172.0 75.2
1532803182.02 75.2
1532803192.04 75.2
1532803202.06 75.2
1532803212.08 74.1
1532803222.1 75.2
1532803232.12 74.7
1532803242.14 75.8
1532803252.16 75.2
1532803262.17 75.2
1532803272.18 75.2
1532803282.2 75.8
1532803292.22 75.2
1532803302.24 75.2
1532803312.26 75.2
1532803322.29 75.2
1532803332.31 75.2
1532803342.33 74.7
1532803352.35 75.2
1532803362.37 75.2
1532803372.39 75.2
1532803382.4 75.2
1532803392.42 75.8
1532803402.44 75.8
1532803412.45 75.8
1532803422.47 74.1
1532803432.48 75.2
1532803442.5 75.2
1532803452.52 75.2
1532803462.54 75.2
1532803472.55 75.2
1532803482.57 75.2
1532803492.58 75.2
1532803502.61 75.2
1532803512.62 75.2
1532803522.64 75.2
1532803532.66 75.2
1532803542.68 75.2
1532803552.69 75.2
1532803562.71 75.2
1532803572.72 75.2
1532803582.74 75.2
1532803592.76 75.8
1532803602.76 75.8
1532803612.78 76.3
1532803622.8 75.2
1532803632.81 75.8
1532803642.83 75.2
1532803652.85 75.2
1532803662.86 75.2
1532803672.88 75.8
1532803682.9 75.2
1532803692.92 75.2
1532803702.94 76.3
1532803712.95 75.2
1532803722.97 76.3
1532803732.98 75.8
1532803743.0 75.8
1532803753.02 76.3
1532803763.03 76.3
1532803773.04 75.8
1532803783.06 75.2
1532803793.08 75.2
1532803803.09 75.2
1532803813.1 75.8
1532803823.13 75.2
1532803833.14 75.8
1532803843.16 75.8
1532803853.18 75.8
1532803863.19 75.8
1532803873.21 75.8
1532803883.23 76.3
1532803893.24 76.3
1532803903.26 75.8
1532803913.28 75.8
1532803923.3 75.2
1532803933.32 75.2
1532803943.33 75.2
1532803953.35 75.2
1532803963.37 75.8
1532803973.39 75.8
1532803983.41 75.8
1532803993.42 75.8
1532804003.44 75.2
1532804013.46 75.2
1532804023.48 75.2
1532804033.5 76.3
1532804043.52 75.8
1532804053.52 76.3
1532804063.54 75.8
1532804073.56 75.2
1532804083.58 75.2
1532804093.59 76.3
1532804103.61 76.3
1532804113.63 76.3
1532804123.65 76.3
1532804133.66 75.8
1532804143.68 75.2
1532804153.7 75.8
1532804163.72 76.3
1532804173.72 76.3
1532804183.74 76.3
1532804193.76 75.8
1532804203.78 75.2
1532804213.79 76.3
1532804223.81 75.8
1532804233.83 75.2
1532804243.85 75.2
1532804253.87 75.2
1532804263.9 75.8
1532804273.91 75.8
1532804283.93 76.3
1532804293.95 76.3
1532804303.97 76.3
1532804313.99 76.3
1532804324.0 76.3
1532804334.02 76.3
1532804344.04 75.8
1532804354.06 75.8
1532804364.08 75.2
1532804374.1 76.3
1532804384.12 76.3
1532804394.14 76.3
1532804404.15 77.4
1532804414.18 76.8
1532804424.19 76.8
1532804434.22 76.3
1532804444.23 76.3
1532804454.26 75.8
1532804464.27 76.8
1532804474.3 76.3
1532804484.32 75.2
1532804494.34 75.8
1532804504.36 76.3
1532804514.38 75.8
1532804524.4 75.8
1532804534.42 75.2
1532804544.45 76.3
1532804554.47 76.3
1532804564.49 76.3
1532804574.5 75.8
1532804584.51 76.3
1532804594.53 76.3
1532804604.55 76.3
1532804614.56 76.8
1532804624.59 76.3
1532804634.61 76.3
1532804644.62 77.4
1532804654.64 76.8
1532804664.65 77.4
1532804674.68 77.4
1532804684.69 76.8
1532804694.71 77.9
1532804704.72 77.4
1532804714.75 76.8
1532804724.77 76.8
1532804734.78 77.4
1532804744.8 77.9
1532804754.82 77.9
1532804764.83 77.9
1532804774.85 77.4
1532804784.86 77.4
1532804794.88 77.9
1532804804.91 77.4
1532804814.92 77.4
1532804824.94 77.9
1532804834.95 77.4
1532804844.97 77.4
1532804854.98 77.9
1532804865.0 77.9
1532804875.02 77.9
1532804885.05 77.9
1532804895.07 77.9
1532804905.09 77.9
1532804915.1 77.9
1532804925.12 77.9
1532804935.14 77.9
1532804945.15 77.9
1532804955.17 78.4
1532804965.18 77.9
1532804975.21 77.4
1532804985.22 77.4
1532804995.24 77.9
1532805005.26 77.4
1532805015.27 77.9
1532805025.28 77.9
1532805035.3 77.4
1532805045.32 77.4
1532805055.33 77.9
1532805065.35 78.4
1532805075.37 77.9
1532805085.38 77.4
1532805095.4 77.9
1532805105.41 77.9
1532805115.43 78.4
1532805125.45 77.9
1532805135.46 78.4
1532805145.48 77.4
1532805155.51 77.4
1532805165.53 78.4
1532805175.55 77.4
1532805185.56 77.9
1532805195.58 78.4
1532805205.6 78.4
1532805215.62 78.4
1532805225.65 78.4
1532805235.67 79.0
1532805245.69 78.4
1532805255.7 78.4
1532805265.72 77.9
1532805275.73 78.4
1532805285.74 77.9
1532805295.76 77.9
1532805305.77 78.4
1532805315.78 77.4
1532805325.81 77.4
1532805335.83 77.9
1532805345.84 77.9
1532805355.86 78.4
1532805365.87 77.9
1532805375.89 77.9
1532805385.91 77.9
1532805395.93 77.9
1532805405.95 78.4
1532805415.97 78.4
1532805425.97 78.4
1532805435.99 77.9
1532805446.01 77.9
1532805456.03 77.9
1532805466.05 77.9
1532805476.06 77.4
1532805486.08 77.4
1532805496.09 77.4
1532805506.11 77.4
1532805516.12 77.4
1532805526.15 77.4
1532805536.16 77.4
1532805546.18 77.4
1532805556.19 77.9
1532805566.21 77.9
1532805576.24 77.9
1532805586.25 77.9
1532805596.27 77.9
1532805606.28 77.9
1532805616.31 77.9
1532805626.33 77.4
1532805636.34 77.4
1532805646.36 77.9
1532805656.38 77.9
1532805666.4 77.9
1532805676.41 77.4
1532805686.43 77.4
1532805696.45 77.4
1532805706.47 78.4
1532805716.49 76.3
1532805726.5 77.9
1532805736.52 77.4
1532805746.54 77.4
1532805756.56 76.8
1532805766.58 77.4
1532805776.6 77.4
1532805786.62 77.4
1532805796.64 77.4
1532805806.66 77.9
1532805816.68 77.9
1532805826.69 77.9
1532805836.71 77.9
1532805846.73 79.0
1532805856.74 78.4
1532805866.76 78.4
1532805876.77 78.4
1532805886.79 78.4
1532805896.81 79.0
1532805906.82 78.4
1532805916.83 78.4
1532805926.85 79.5
1532805936.87 78.4
1532805946.88 79.5
1532805956.9 77.9
1532805966.92 78.4
1532805976.93 78.4
1532805986.95 78.4
1532805996.97 78.4
1532806006.99 78.4
1532806017.01 78.4
1532806027.02 78.4
1532806037.03 78.4
1532806047.06 77.9
1532806057.07 78.4
1532806067.08 77.9
1532806077.1 77.9
1532806087.12 77.9
1532806097.13 77.9
1532806107.15 77.9
1532806117.17 77.4
1532806127.18 77.9
1532806137.2 77.4
1532806147.22 76.8
1532806157.25 77.4
1532806167.26 77.4
1532806177.28 76.3
1532806187.3 77.4
1532806197.32 77.4
1532806207.32 77.4
1532806217.34 76.8
1532806227.36 77.4
1532806237.38 77.4
1532806247.39 77.4
1532806257.41 76.3
1532806267.42 77.4
1532806277.44 77.9
1532806287.45 77.9
1532806297.47 77.9
1532806307.49 77.9
1532806317.5 77.4
1532806327.52 77.4
1532806337.54 77.9
1532806347.55 77.9
1532806357.57 77.4
1532806367.59 76.8
1532806377.6 78.4
1532806387.63 77.9
1532806397.65 77.4
1532806407.67 77.4
1532806417.68 77.4
1532806427.7 77.4
1532806437.72 77.4
1532806447.73 76.3
1532806457.75 77.4
1532806467.77 77.4
1532806477.78 77.4
1532806487.8 76.3
1532806497.82 76.8
1532806507.83 76.3
1532806517.85 76.8
1532806527.87 76.3
1532806537.89 76.8
1532806547.91 76.3
1532806557.93 75.8
1532806567.95 76.3
1532806577.97 75.2
1532806587.98 75.8
1532806598.01 75.2
1532806608.02 75.2
1532806618.04 76.3
1532806628.05 75.2
1532806638.07 75.2
1532806648.08 76.3
1532806658.1 75.8
1532806668.12 75.2
1532806678.14 74.7
1532806688.15 75.8
1532806698.17 75.8
1532806708.19 75.8
1532806718.21 75.2
1532806728.22 75.2
1532806738.24 75.2
1532806748.26 74.7
1532806758.28 75.2
1532806768.29 75.2
1532806778.31 74.7
1532806788.33 75.2
1532806798.34 74.1
1532806808.35 75.2
1532806818.37 75.2
1532806828.39 74.1
1532806838.4 74.1
1532806848.42 73.6
1532806858.44 74.1
1532806868.46 74.1
1532806878.48 73.6
1532806888.5 73.6
1532806898.52 74.1
1532806908.54 74.1
1532806918.57 73.6
1532806928.58 74.1
1532806938.59 74.1
1532806948.61 74.1
1532806958.62 74.1
1532806968.64 73.6
1532806978.65 74.1
1532806988.66 74.1
1532806998.68 74.7
1532807008.69 74.1
1532807018.72 73.6
1532807028.73 74.1
1532807038.74 74.1
1532807048.75 74.1
1532807058.77 74.1
1532807068.79 73.6
1532807078.8 73.6
1532807088.81 74.1
1532807098.83 73.6
1532807108.85 74.1
1532807118.86 74.1
1532807128.88 73.6
1532807138.9 74.1
1532807148.92 74.1
1532807158.94 73.6
1532807168.96 74.1
1532807178.98 74.1
1532807188.98 74.1
1532807198.99 74.1
1532807209.01 74.1
1532807219.03 74.1
1532807229.04 74.1
1532807239.06 74.1
1532807249.08 74.1
1532807259.09 73.6
1532807269.11 73.6
1532807279.13 73.6
1532807289.15 73.6
1532807299.16 73.6
1532807309.18 73.1
1532807319.2 73.6
1532807329.22 73.1
1532807339.23 74.1
1532807349.25 74.1
1532807359.26 73.6
1532807369.28 74.1
1532807379.29 74.1
1532807389.31 73.1
1532807399.33 73.1
1532807409.34 73.6
1532807419.36 73.6
1532807429.37 73.6
1532807439.39 74.1
1532807449.4 73.1
1532807459.42 73.6
1532807469.43 74.1
1532807479.45 73.6
1532807489.47 73.6
1532807499.49 73.6
1532807509.51 73.6
1532807519.52 73.6
1532807529.54 73.6
1532807539.56 74.1
1532807549.58 73.6
1532807559.6 73.6
1532807569.61 73.6
1532807579.63 73.1
1532807589.65 73.1
1532807599.67 73.1
1532807609.69 73.1
1532807619.71 73.1
1532807629.73 73.1
1532807639.74 73.6
1532807649.76 73.6
1532807659.78 73.1
1532807669.79 73.6
1532807679.81 73.1
1532807689.83 73.1
1532807699.84 73.1
1532807709.86 73.1
1532807719.88 72.5
1532807729.9 73.1
1532807739.92 72.5
1532807749.93 73.1
1532807759.95 74.1
1532807769.95 73.1
1532807779.97 73.6
1532807789.99 73.6
1532807800.01 73.1
1532807810.03 73.6
1532807820.03 73.6
1532807830.05 73.6
1532807840.07 73.1
1532807850.08 73.6
1532807860.1 73.6
1532807870.11 74.1
1532807880.14 74.1
1532807890.16 74.1
1532807900.17 74.1
1532807910.19 74.1
1532807920.2 74.1
1532807930.22 73.6
1532807940.24 74.1
1532807950.26 74.1
1532807960.27 74.1
1532807970.28 74.1
1532807980.3 74.1
1532807990.32 74.1
1532808000.33 74.1
1532808010.35 74.1
1532808020.36 74.1
1532808030.39 74.1
1532808040.41 74.1
1532808050.42 74.1
1532808060.44 74.1
1532808070.46 74.1
1532808080.47 75.2
1532808090.47 74.1
1532808100.49 74.7
1532808110.5 74.1
1532808120.52 74.1
1532808130.52 74.1
1532808140.54 74.7
1532808150.55 75.2
1532808160.57 75.2
1532808170.59 74.1
1532808180.61 74.7
1532808190.62 74.1
1532808200.63 74.7
1532808210.64 74.1
1532808220.66 74.1
1532808230.67 74.1
1532808240.69 74.1
1532808250.71 73.6
1532808260.72 74.1
1532808270.73 73.6
1532808280.75 74.1
1532808290.76 74.1
1532808300.78 73.6
1532808310.79 74.1
1532808320.8 73.6
1532808330.81 74.1
1532808340.83 73.6
1532808350.85 73.1
1532808360.87 73.6
1532808370.87 74.1
1532808380.89 73.6
1532808390.91 73.1
1532808400.92 74.1
1532808410.94 74.1
1532808420.95 74.1
1532808430.96 74.1
1532808440.98 74.1
1532808451.0 74.1
1532808461.01 74.1
1532808471.03 74.1
1532808481.05 74.1
1532808491.06 73.6
1532808501.07 74.1
1532808511.09 74.1
1532808521.1 74.1
1532808531.12 74.7
1532808541.13 74.1
1532808551.15 74.1
1532808561.17 74.1
1532808571.19 74.1
1532808581.2 74.1
1532808591.22 74.1
1532808601.23 73.1
1532808611.25 73.1
1532808621.27 73.1
1532808631.28 73.1
1532808641.3 73.1
1532808651.32 73.1
1532808661.33 73.1
1532808671.35 73.1
1532808681.36 73.1
1532808691.38 73.1
1532808701.4 73.6
1532808711.41 72.5
1532808721.43 73.1
1532808731.45 73.1
1532808741.46 73.1
1532808751.48 73.1
1532808761.5 72.5
1532808771.52 73.1
1532808781.54 73.1
1532808791.55 72.5
1532808801.57 72.5
1532808811.59 73.1
1532808821.6 73.6
1532808831.62 73.1
1532808841.63 73.1
1532808851.64 73.1
1532808861.66 72.5
1532808871.67 73.1
1532808881.69 72.0
1532808891.7 72.5
1532808901.72 73.1
1532808911.73 73.1
1532808921.75 72.0
1532808931.77 72.0
1532808941.79 72.0
1532808951.8 73.1
1532808961.82 72.0
1532808971.83 72.0
1532808981.85 72.0
1532808991.87 71.4
1532809001.89 72.0
1532809011.91 72.0
1532809021.93 72.0
1532809031.95 71.4
1532809041.96 72.0
1532809051.99 72.0
1532809062.0 71.4
1532809072.02 72.0
1532809082.03 71.4
1532809092.05 71.4
1532809102.07 70.9
1532809112.09 72.0
1532809122.1 70.9
1532809132.12 70.9
1532809142.14 72.0
1532809152.15 72.0
1532809162.17 71.4
1532809172.19 72.0
1532809182.21 70.9
1532809192.22 70.9
1532809202.24 72.0
1532809212.25 72.0
1532809222.27 72.5
1532809232.28 72.5
1532809242.3 72.5
1532809252.31 72.0
1532809262.32 72.0
1532809272.35 72.0
1532809282.37 72.0
1532809292.38 72.0
1532809302.39 72.0
1532809312.41 70.9
1532809322.43 71.4
1532809332.45 71.4
1532809342.47 72.0
1532809352.49 72.0
1532809362.51 72.0
1532809372.54 72.0
1532809382.55 71.4
1532809392.57 72.0
1532809402.58 71.4
1532809412.59 73.1
1532809422.61 72.5
1532809432.63 71.4
1532809442.64 72.0
1532809452.65 72.5
1532809462.67 72.5
1532809472.69 72.5
1532809482.69 73.1
1532809492.71 72.5
1532809502.73 72.0
1532809512.73 72.0
1532809522.75 72.5
1532809532.76 73.1
1532809542.78 73.1
1532809552.8 72.5
1532809562.81 72.0
1532809572.83 72.5
1532809582.85 73.1
1532809592.86 72.5
1532809602.87 72.0
1532809612.89 71.4
1532809622.91 72.5
1532809632.92 72.5
1532809642.93 73.1
1532809652.95 72.5
1532809662.96 73.1
1532809672.99 73.1
1532809683.0 73.1
1532809693.02 72.0
1532809703.03 72.0
1532809713.05 72.0
1532809723.07 72.0
1532809733.08 72.0
1532809743.1 72.0
1532809753.11 72.5
1532809763.13 72.5
1532809773.14 72.0
1532809783.16 72.0
1532809793.17 71.4
1532809803.19 71.4
1532809813.2 70.9
1532809823.21 70.9
1532809833.23 70.9
1532809843.25 72.0
1532809853.26 70.9
1532809863.29 70.9
1532809873.31 71.4
1532809883.33 70.9
1532809893.35 71.4
1532809903.37 71.4
1532809913.4 70.9
1532809923.41 72.0
1532809933.43 71.4
1532809943.45 70.9
1532809953.45 72.0
1532809963.48 71.4
1532809973.5 70.9
1532809983.51 70.9
1532809993.53 72.0
1532810003.54 72.0
1532810013.56 72.0
1532810023.56 72.0
1532810033.58 72.0
1532810043.6 72.0
1532810053.61 72.5
1532810063.62 72.5
1532810073.64 72.5
1532810083.65 73.1
1532810093.67 72.0
1532810103.69 72.0
1532810113.7 73.1
1532810123.72 73.1
1532810133.73 73.1
1532810143.75 72.0
1532810153.76 73.1
1532810163.77 73.1
1532810173.79 72.5
1532810183.8 72.5
1532810193.82 72.0
1532810203.83 73.1
1532810213.86 72.0
1532810223.87 71.4
1532810233.89 72.5
1532810243.9 73.1
1532810253.91 73.1
1532810263.92 72.5
1532810273.94 72.0
1532810283.95 72.0
1532810293.96 72.5
1532810303.97 73.1
1532810313.99 73.1
1532810324.0 72.5
1532810334.01 72.5
1532810344.03 71.4
1532810354.05 72.0
1532810364.05 72.5
1532810374.07 72.5
1532810384.09 72.0
1532810394.11 72.0
1532810404.22 72.5
1532810414.24 72.0
1532810424.25 72.0
1532810434.26 72.5
1532810444.29 72.0
1532810454.29 72.0
1532810464.32 71.4
1532810474.33 72.0
1532810484.34 72.0
1532810494.37 72.0
1532810504.38 72.0
1532810514.4 71.4
1532810524.42 72.0
1532810534.44 72.0
1532810544.45 70.9
1532810554.47 70.4
1532810564.49 71.4
1532810574.51 71.4
1532810584.53 72.0
1532810594.55 72.0
1532810604.56 71.4
1532810614.58 71.4
1532810624.6 72.0
1532810634.61 71.4
1532810644.63 71.4
1532810654.65 72.0
1532810664.67 72.5
1532810674.69 72.0
1532810684.7 72.5
1532810694.71 72.0
1532810704.73 72.0
1532810714.75 72.0
1532810724.77 72.0
1532810734.79 71.4
1532810744.8 71.4
1532810754.82 71.4
1532810764.84 70.9
1532810774.86 70.9
1532810784.87 71.4
1532810794.88 71.4
1532810804.9 71.4
1532810814.92 71.4
1532810824.93 72.0
1532810834.96 72.0
1532810844.97 72.0
1532810854.99 71.4
1532810865.0 72.0
1532810875.02 72.0
1532810885.04 71.4
1532810895.06 72.0
1532810905.08 72.0
1532810915.1 72.0
1532810925.11 72.5
1532810935.13 70.9
1532810945.15 70.9
1532810955.16 72.0
1532810965.17 71.4
1532810975.19 71.4
1532810985.21 70.9
1532810995.23 71.4
1532811005.24 72.0
1532811015.26 72.0
1532811025.28 71.4
1532811035.29 71.4
1532811045.31 72.0
1532811055.33 71.4
1532811065.34 71.4
1532811075.36 71.4
1532811085.38 72.0
1532811095.39 71.4
1532811105.41 72.0
1532811115.43 71.4
1532811125.44 70.9
1532811135.46 70.9
1532811145.48 71.4
1532811155.5 70.9
1532811165.51 71.4
1532811175.53 70.9
1532811185.55 70.9
1532811195.56 70.9
1532811205.58 71.4
1532811215.6 71.4
1532811225.61 71.4
1532811235.63 71.4
1532811245.64 71.4
1532811255.66 71.4
1532811265.68 70.9
1532811275.69 70.9
1532811285.71 71.4
1532811295.73 71.4
1532811305.75 70.9
1532811315.77 70.9
1532811325.79 70.9
1532811335.81 70.9
1532811345.82 71.4
1532811355.84 70.9
1532811365.85 70.9
1532811375.88 70.9
1532811385.9 70.4
1532811395.91 70.4
1532811405.93 70.9
1532811415.95 70.9
1532811425.97 70.4
1532811435.98 69.8
1532811446.01 70.4
1532811456.02 70.9
1532811466.04 70.9
1532811476.06 69.8
1532811486.07 70.9
1532811496.09 70.4
1532811506.11 70.4
1532811516.12 70.9
1532811526.14 70.4
1532811536.17 69.8
1532811546.18 70.9
1532811556.21 69.8
1532811566.23 69.8
1532811576.25 69.3
1532811586.26 69.8
1532811596.28 69.8
1532811606.29 70.9
1532811616.3 70.9
1532811626.31 70.9
1532811636.32 70.4
1532811646.34 69.8
1532811656.35 70.4
1532811666.37 69.8
1532811676.38 70.4
1532811686.4 69.8
1532811696.42 69.8
1532811706.44 70.4
1532811716.46 70.4
1532811726.48 70.4
1532811736.5 70.9
1532811746.51 70.4
1532811756.53 70.9
1532811766.55 70.9
1532811776.57 69.8
1532811786.59 70.9
1532811796.62 70.4
1532811806.64 70.4
1532811816.66 70.4
1532811826.67 70.4
1532811836.69 70.4
1532811846.71 69.3
1532811856.73 69.8
1532811866.75 69.8
1532811876.77 69.8
1532811886.79 69.8
1532811896.81 69.8
1532811906.82 68.8
1532811916.84 69.3
1532811926.86 69.8
1532811936.88 69.8
1532811946.9 69.8
1532811956.91 70.4
1532811966.93 69.8
1532811976.95 69.8
1532811986.96 70.4
1532811996.98 69.8
1532812007.0 70.4
1532812017.03 70.4
1532812027.05 69.8
1532812037.07 70.4
1532812047.09 70.4
1532812057.1 69.8
1532812067.11 70.4
1532812077.12 69.8
1532812087.13 69.8
1532812097.15 70.4
1532812107.17 69.8
1532812117.19 70.4
1532812127.2 70.4
1532812137.22 70.9
1532812147.23 70.9
1532812157.25 70.4
1532812167.27 70.9
1532812177.28 69.8
1532812187.3 70.9
1532812197.32 70.9
1532812207.33 70.4
1532812217.35 70.4
1532812227.36 70.4
1532812237.38 69.8
1532812247.4 69.8
1532812257.42 70.4
1532812267.44 69.3
1532812277.45 70.4
1532812287.47 70.4
1532812297.49 70.9
1532812307.49 70.9
1532812317.51 70.4
1532812327.52 70.9
1532812337.54 70.9
1532812347.56 70.4
1532812357.58 70.4
1532812367.6 70.9
1532812377.62 70.9
1532812387.64 70.9
1532812397.65 70.9
1532812407.67 69.8
1532812417.69 70.4
1532812427.7 69.8
1532812437.72 70.4
1532812447.74 69.8
1532812457.75 70.4
1532812467.77 69.8
1532812477.78 69.8
1532812487.81 69.8
1532812497.82 70.4
1532812507.84 69.8
1532812517.86 69.3
1532812527.88 68.8
1532812537.9 69.8
1532812547.92 68.8
1532812557.94 69.8
1532812567.96 69.3
1532812577.98 68.8
1532812587.99 68.8
1532812598.0 69.3
1532812608.01 69.3
1532812618.03 69.8
1532812628.05 69.8
1532812638.07 69.3
1532812648.08 69.3
1532812658.09 69.8
1532812668.1 69.8
1532812678.12 70.4
1532812688.14 69.8
1532812698.15 69.8
1532812708.16 69.8
1532812718.17 70.9
1532812728.19 70.4
1532812738.2 70.4
1532812748.21 70.4
1532812758.23 69.8
1532812768.25 69.8
1532812778.26 70.9
1532812788.29 69.8
1532812798.3 69.8
1532812808.32 69.8
1532812818.33 69.8
1532812828.35 69.8
1532812838.38 69.3
1532812848.39 69.8
1532812858.41 69.8
1532812868.43 69.8
1532812878.44 69.8
1532812888.46 70.4
1532812898.48 69.8
1532812908.49 69.8
1532812918.51 69.8
1532812928.52 70.4
1532812938.54 69.8
1532812948.56 69.8
1532812958.56 69.8
1532812968.58 69.3
1532812978.59 69.8
1532812988.61 69.8
1532812998.63 69.8
1532813008.65 70.9
1532813018.66 70.4
1532813028.68 70.4
1532813038.69 70.9
1532813048.71 69.8
1532813058.72 69.8
1532813068.73 69.8
1532813078.75 69.8
1532813088.76 69.8
1532813098.78 69.8
1532813108.8 70.4
1532813118.8 69.3
1532813128.82 69.8
1532813138.84 69.8
1532813148.86 69.8
1532813158.88 69.8
1532813168.89 69.8
1532813178.91 70.4
1532813188.93 69.3
1532813198.94 69.3
1532813208.96 68.8
1532813218.98 69.8
1532813228.98 69.3
1532813238.99 69.3
1532813249.01 69.3
1532813259.03 69.3
1532813269.04 69.3
1532813279.06 69.8
1532813289.08 68.8
1532813299.09 69.8
1532813309.11 69.8
1532813319.13 69.8
1532813329.15 69.3
1532813339.17 69.3
1532813349.19 69.8
1532813359.2 69.3
1532813369.22 69.3
1532813379.23 69.8
1532813389.26 69.3
1532813399.27 69.3
1532813409.28 69.3
1532813419.3 68.8
1532813429.32 69.3
1532813439.34 67.7
1532813449.35 69.3
1532813459.37 69.3
1532813469.38 68.8
1532813479.4 69.3
1532813489.42 68.8
1532813499.43 68.8
1532813509.45 68.2
1532813519.47 68.8
1532813529.49 67.7
1532813539.51 68.2
1532813549.52 68.8
1532813559.54 68.8
1532813569.55 68.8
1532813579.57 68.8
1532813589.58 68.2
1532813599.6 68.8
1532813609.61 68.2
1532813619.62 68.2
1532813629.64 69.3
1532813639.66 68.8
1532813649.68 68.8
1532813659.69 69.3
1532813669.71 68.8
1532813679.73 67.7
1532813689.75 67.7
1532813699.77 68.2
1532813709.79 68.8
1532813719.8 68.8
1532813729.82 68.2
1532813739.84 67.7
1532813749.86 68.8
1532813759.88 67.7
1532813769.9 67.7
1532813779.91 67.7
1532813789.92 67.1
1532813799.94 67.7
1532813809.96 67.7
1532813819.97 69.3
1532813829.99 68.8
1532813840.01 67.7
1532813850.02 67.7
1532813860.05 67.7
1532813870.06 68.2
1532813880.08 68.2
1532813890.09 67.7
1532813900.11 68.2
1532813910.12 68.8
1532813920.13 68.8
1532813930.15 68.2
1532813940.17 68.2
1532813950.19 67.7
1532813960.2 68.8
1532813970.22 68.8
1532813980.24 67.7
1532813990.26 67.1
1532814000.27 68.2
1532814010.29 67.1
1532814020.31 67.7
1532814030.33 67.7
1532814040.34 67.1
1532814050.36 67.7
1532814060.38 67.7
1532814070.39 67.7
1532814080.41 67.7
1532814090.43 67.7
1532814100.45 67.1
1532814110.46 67.7
1532814120.48 66.6
1532814130.49 67.1
1532814140.51 67.1
1532814150.53 67.1
1532814160.54 66.6
1532814170.56 66.6
1532814180.57 67.1
1532814190.6 67.1
1532814200.61 67.7
1532814210.63 66.6
1532814220.66 66.6
1532814230.67 66.6
1532814240.69 66.6
1532814250.7 66.6
1532814260.72 66.6
1532814270.74 66.6
1532814280.75 66.6
1532814290.77 66.6
1532814300.79 66.6
1532814310.8 66.6
1532814320.81 67.1
1532814330.83 67.1
1532814340.85 66.6
1532814350.86 67.1
1532814360.88 66.6
1532814370.9 66.6
1532814380.92 67.1
1532814390.94 66.6
1532814400.96 66.6
1532814410.98 66.6
1532814421.0 67.1
1532814431.01 66.6
1532814441.03 66.6
1532814451.04 66.6
1532814461.06 66.6
1532814471.08 66.1
1532814481.1 66.6
1532814491.12 67.1
1532814501.13 67.1
1532814511.15 67.1
1532814521.17 66.6
1532814531.19 66.6
1532814541.2 66.6
1532814551.22 66.6
1532814561.24 66.6
1532814571.26 67.1
1532814581.28 67.1
1532814591.3 67.1
1532814601.31 66.6
1532814611.33 66.6
1532814621.34 66.6
1532814631.36 66.6
1532814641.38 67.1
1532814651.4 66.6
1532814661.41 66.6
1532814671.43 67.7
1532814681.45 67.1
1532814691.46 66.6
1532814701.48 67.1
1532814711.5 66.6
1532814721.52 67.1
1532814731.53 66.6
1532814741.55 67.1
1532814751.57 66.6
1532814761.58 67.1
1532814771.6 67.1
1532814781.6 67.7
1532814791.63 67.1
1532814801.64 67.7
1532814811.66 67.1
1532814821.67 67.7
1532814831.69 67.1
1532814841.71 67.1
1532814851.73 67.7
1532814861.74 67.7
1532814871.76 67.7
1532814881.78 67.7
1532814891.8 67.7
1532814901.8 67.1
1532814911.82 67.1
1532814921.83 67.1
1532814931.86 67.1
1532814941.87 67.7
1532814951.89 67.7
1532814961.91 67.1
1532814971.93 67.1
1532814981.95 67.7
1532814991.97 67.1
1532815001.99 67.7
1532815012.0 67.7
1532815022.01 67.1
1532815032.03 67.7
1532815042.04 67.7
1532815052.05 68.2
1532815062.08 67.7
1532815072.08 67.1
1532815082.1 67.7
1532815092.12 68.2
1532815102.14 67.1
1532815112.16 67.1
1532815122.18 67.7
1532815132.2 67.7
1532815142.22 67.7
1532815152.23 67.7
1532815162.24 67.7
1532815172.25 67.1
1532815182.27 66.6
1532815192.28 66.6
1532815202.3 67.1
1532815212.32 67.7
1532815222.32 67.1
1532815232.34 67.1
1532815242.36 67.7
1532815252.37 67.1
1532815262.39 67.1
1532815272.4 67.1
1532815282.42 67.1
1532815292.44 67.7
1532815302.45 67.7
1532815312.46 66.6
1532815322.48 66.6
1532815332.49 67.7
1532815342.51 67.1
1532815352.53 67.1
1532815362.54 67.1
1532815372.55 66.6
1532815382.57 67.7
1532815392.59 67.7
1532815402.6 67.7
1532815412.61 67.1
1532815422.63 67.7
1532815432.65 67.7
1532815442.66 67.7
1532815452.68 67.7
1532815462.69 67.7
1532815472.7 67.7
1532815482.72 67.7
1532815492.73 67.7
1532815502.74 67.7
1532815512.76 67.7
1532815522.77 67.7
1532815532.79 67.7
1532815542.81 67.7
1532815552.82 67.7
1532815562.83 67.7
1532815572.83 66.6
1532815582.85 66.6
1532815592.87 66.6
1532815602.89 66.6
1532815612.9 67.1
1532815622.92 66.6
1532815632.94 67.7
1532815642.96 66.6
1532815652.98 67.1
1532815662.99 67.1
1532815673.01 67.1
1532815683.03 66.6
1532815693.04 66.6
1532815703.06 66.6
1532815713.07 67.1
1532815723.09 66.6
1532815733.11 67.1
1532815743.12 67.7
1532815753.14 66.6
1532815763.16 67.1
1532815773.18 66.6
1532815783.2 66.6
1532815793.21 66.6
1532815803.23 66.1
1532815813.25 66.6
1532815823.26 66.6
1532815833.28 66.6
1532815843.3 66.6
1532815853.31 67.1
1532815863.33 66.6
1532815873.35 66.6
1532815883.36 66.6
1532815893.38 67.1
1532815903.4 66.6
1532815913.42 66.6
1532815923.43 66.6
1532815933.45 66.6
1532815943.47 66.6
1532815953.49 67.1
1532815963.5 66.6
1532815973.52 66.6
1532815983.54 67.1
1532815993.56 66.6
1532816003.57 66.6
1532816013.58 66.6
1532816023.6 66.6
1532816033.6 67.1
1532816043.62 66.6
1532816053.63 66.6
1532816063.65 67.1
1532816073.66 67.7
1532816083.68 66.6
1532816093.69 66.6
1532816103.71 67.1
1532816113.73 67.1
1532816123.74 66.6
1532816133.76 66.1
1532816143.77 66.6
1532816153.79 67.1
1532816163.81 66.6
1532816173.82 67.1
1532816183.84 67.1
1532816193.85 66.6
1532816203.86 66.6
1532816213.88 66.6
1532816223.9 67.1
1532816233.91 67.1
1532816243.92 66.6
1532816253.94 66.6
1532816263.96 66.6
1532816273.97 66.6
1532816283.98 66.6
1532816294.0 66.6
1532816304.01 66.6
1532816314.03 66.6
1532816324.04 66.6
1532816334.06 66.6
1532816344.07 66.6
1532816354.09 67.1
1532816364.11 66.6
1532816374.13 67.1
1532816384.14 67.1
1532816394.16 67.7
1532816404.17 66.6
1532816414.19 66.6
1532816424.2 67.7
1532816434.22 66.6
1532816444.23 67.1
1532816454.25 67.7
1532816464.26 66.6
1532816474.29 67.1
1532816484.3 67.7
1532816494.32 67.1
1532816504.34 67.1
1532816514.35 67.1
1532816524.37 66.6
1532816534.38 66.6
1532816544.4 67.1
1532816554.42 67.7
1532816564.43 67.1
1532816574.45 67.1
1532816584.47 67.1
1532816594.48 66.6
1532816604.5 66.6
1532816614.52 66.6
1532816624.53 65.5
1532816634.55 65.5
1532816644.57 66.1
1532816654.58 66.6
1532816664.6 66.1
1532816674.61 65.5
1532816684.63 65.5
1532816694.64 65.5
1532816704.66 66.6
1532816714.68 66.6
1532816724.69 66.1
1532816734.71 66.1
1532816744.73 66.6
1532816754.74 66.1
1532816764.76 66.6
1532816774.78 65.5
1532816784.79 66.1
1532816794.81 65.5
1532816804.83 65.5
1532816814.85 66.1
1532816824.86 65.5
1532816834.88 65.5
1532816844.88 65.5
1532816854.91 65.5
1532816864.92 66.1
1532816874.94 65.5
1532816884.95 65.5
1532816894.97 65.5
1532816904.98 65.5
1532816915.0 65.0
1532816925.01 65.5
1532816935.03 66.1
1532816945.05 65.5
1532816955.06 65.5
1532816965.07 66.1
1532816975.09 66.1
1532816985.11 65.5
1532816995.13 65.5
1532817005.15 65.5
1532817015.16 66.1
1532817025.17 65.5
1532817035.18 65.5
1532817045.2 65.5
1532817055.21 65.0
1532817065.23 65.5
1532817075.23 65.5
1532817085.24 65.5
1532817095.26 65.5
1532817105.27 65.5
1532817115.28 65.5
1532817125.31 65.5
1532817135.32 66.6
1532817145.33 65.0
1532817155.35 65.5
1532817165.37 65.0
1532817175.38 65.0
1532817185.4 65.0
1532817195.41 65.5
1532817205.43 65.5
1532817215.44 65.5
1532817225.45 65.5
1532817235.47 65.0
1532817245.49 65.5
1532817255.5 65.0
1532817265.52 65.5
1532817275.54 65.5
1532817285.56 65.5
1532817295.57 65.5
1532817305.59 64.5
1532817315.61 65.0
1532817325.62 65.5
1532817335.64 65.5
1532817345.66 65.0
1532817355.67 65.0
1532817365.68 65.0
1532817375.69 65.0
1532817385.71 64.5
1532817395.73 65.0
1532817405.74 65.0
1532817415.76 65.5
1532817425.76 65.0
1532817435.78 64.5
1532817445.79 64.5
1532817455.8 65.0
1532817465.83 65.0
1532817475.84 65.5
1532817485.86 65.0
1532817495.87 65.5
1532817505.89 65.0
1532817515.9 65.5
1532817525.92 65.0
1532817535.94 64.5
1532817545.95 64.5
1532817555.97 64.5
1532817565.98 63.9
1532817576.01 63.9
1532817586.03 64.5
1532817596.04 64.5
1532817606.06 63.9
1532817616.08 63.4
1532817626.09 63.9
1532817636.11 63.9
1532817646.13 63.4
1532817656.14 64.5
1532817666.16 63.4
1532817676.18 63.4
1532817686.19 64.5
1532817696.2 63.4
1532817706.22 64.5
1532817716.23 63.9
1532817726.25 62.8
1532817736.27 63.4
1532817746.29 63.9
1532817756.3 64.5
1532817766.31 63.4
1532817776.33 64.5
1532817786.35 63.9
1532817796.36 63.4
1532817806.38 63.4
1532817816.4 64.5
1532817826.41 63.9
1532817836.44 64.5
1532817846.46 63.9
1532817856.47 64.5
1532817866.49 63.4
1532817876.5 64.5
1532817886.52 63.4
1532817896.54 63.9
1532817906.56 63.4
1532817916.58 63.4
1532817926.6 63.4
1532817936.62 63.9
1532817946.63 64.5
1532817956.65 64.5
1532817966.67 63.4
1532817976.68 63.4
1532817986.7 64.5
1532817996.71 63.4
1532818006.73 63.4
1532818016.75 63.4
1532818026.75 63.9
1532818036.77 64.5
1532818046.79 63.4
1532818056.8 65.0
1532818066.82 63.9
1532818076.84 63.9
1532818086.85 63.9
1532818096.86 64.5
1532818106.87 64.5
1532818116.89 63.4
1532818126.9 63.9
1532818136.92 64.5
1532818146.93 63.4
1532818156.95 63.4
1532818166.95 64.5
1532818176.97 63.4
1532818186.99 63.9
1532818197.0 62.8
1532818207.02 63.9
1532818217.04 63.4
1532818227.06 63.4
1532818237.08 63.4
1532818247.09 63.4
1532818257.11 63.4
1532818267.12 63.4
1532818277.14 62.8
1532818287.15 63.9
1532818297.16 63.9
1532818307.18 63.4
1532818317.19 63.9
1532818327.21 63.4
1532818337.22 64.5
1532818347.23 63.9
1532818357.25 63.4
1532818367.26 63.4
1532818377.27 63.4
1532818387.28 63.4
1532818397.3 63.4
1532818407.31 63.9
1532818417.33 63.4
1532818427.34 63.4
1532818437.35 64.5
1532818447.37 64.5
1532818457.39 64.5
1532818467.41 63.4
1532818477.43 63.4
1532818487.45 62.8
1532818497.46 63.4
1532818507.48 63.4
1532818517.49 64.5
1532818527.51 64.5
1532818537.52 63.9
1532818547.53 64.5
1532818557.55 63.4
1532818567.56 63.9
1532818577.57 64.5
1532818587.58 64.5
1532818597.6 63.4
1532818607.61 63.4
1532818617.62 64.5
1532818627.63 63.9
1532818637.65 63.4
1532818647.66 62.8
1532818657.68 62.8
1532818667.7 63.4
1532818677.71 63.4
1532818687.73 63.4
1532818697.75 63.4
1532818707.76 63.4
1532818717.78 63.4
1532818727.8 63.4
1532818737.81 63.4
1532818747.83 63.4
1532818757.84 63.4
1532818767.86 63.4
1532818777.88 63.9
1532818787.89 63.9
1532818797.91 63.9
1532818807.93 63.4
1532818817.95 63.4
1532818827.96 63.4
1532818837.98 63.9
1532818847.99 64.5
1532818858.0 64.5
1532818868.02 64.5
1532818878.03 64.5
1532818888.05 63.9
1532818898.06 64.5
1532818908.08 63.9
1532818918.09 64.5
1532818928.1 63.4
1532818938.12 63.4
1532818948.13 63.4
1532818958.15 64.5
1532818968.16 63.9
1532818978.17 63.4
1532818988.19 63.9
1532818998.21 63.9
1532819008.22 63.9
1532819018.23 63.4
1532819028.24 63.4
1532819038.25 64.5
1532819048.27 63.9
1532819058.28 63.9
1532819068.29 63.4
1532819078.31 63.4
1532819088.32 63.4
1532819098.34 63.4
1532819108.36 63.4
1532819118.37 63.4
1532819128.39 63.4
1532819138.4 63.4
1532819148.41 63.4
1532819158.42 63.9
1532819168.44 63.4
1532819178.45 63.4
1532819188.46 64.5
1532819198.48 64.5
1532819208.5 64.5
1532819218.52 64.5
1532819228.53 63.4
1532819238.55 63.4
1532819248.56 64.5
1532819258.58 63.9
1532819268.59 63.4
1532819278.61 63.4
1532819288.63 63.4
1532819298.65 63.4
1532819308.67 63.4
1532819318.69 63.4
1532819328.7 62.8
1532819338.72 62.8
1532819348.73 62.8
1532819358.75 62.3
1532819368.77 62.3
1532819378.78 62.8
1532819388.79 62.3
1532819398.8 62.3
1532819408.82 62.3
1532819418.84 61.2
1532819428.86 62.3
1532819438.87 62.3
1532819448.88 62.3
1532819458.9 62.3
1532819468.91 62.3
1532819478.93 61.8
1532819488.96 62.3
1532819498.98 61.2
1532819509.0 62.3
1532819519.02 62.8
1532819529.04 62.3
1532819539.05 62.8
1532819549.07 62.3
1532819559.08 63.4
1532819569.1 62.3
1532819579.12 62.8
1532819589.14 62.3
1532819599.15 62.8
1532819609.17 62.3
1532819619.19 62.8
1532819629.2 62.8
1532819639.22 62.3
1532819649.23 62.3
1532819659.25 62.3
1532819669.26 63.4
1532819679.27 62.8
1532819689.29 62.8
1532819699.31 62.8
1532819709.33 62.3
1532819719.34 62.8
1532819729.36 63.4
1532819739.37 62.3
1532819749.4 63.4
1532819759.42 62.8
1532819769.43 62.3
1532819779.45 61.2
1532819789.46 62.8
1532819799.47 63.4
1532819809.49 63.4
1532819819.51 62.8
1532819829.52 63.4
1532819839.54 63.4
1532819849.55 63.4
1532819859.57 63.4
1532819869.59 62.8
1532819879.59 62.8
1532819889.62 62.8
1532819899.64 63.4
1532819909.65 62.8
1532819919.67 63.4
1532819929.68 63.4
1532819939.7 63.4
1532819949.71 63.4
1532819959.72 63.4
1532819969.74 63.4
1532819979.75 63.4
1532819989.77 63.4
1532819999.78 63.4
1532820009.8 62.8
1532820019.82 63.4
1532820029.83 63.4
1532820039.85 63.4
1532820049.86 63.4
1532820059.88 63.4
1532820069.89 62.8
1532820079.9 63.4
1532820089.95 63.4
1532820099.97 63.4
1532820109.98 63.4
1532820120.0 62.3
1532820130.02 63.4
1532820140.03 62.8
1532820150.05 62.3
1532820160.07 62.8
1532820170.09 63.4
1532820180.11 62.3
1532820190.12 63.4
1532820200.13 62.8
1532820210.15 63.4
1532820220.16 63.4
1532820230.18 62.8
1532820240.2 62.8
1532820250.22 62.8
1532820260.24 62.3
1532820270.25 62.8
1532820280.27 62.3
1532820290.28 63.4
1532820300.29 63.9
1532820310.31 63.4
1532820320.33 63.4
1532820330.34 63.4
1532820340.36 63.4
1532820350.38 63.9
1532820360.4 63.9
1532820370.41 63.4
1532820380.43 64.5
1532820390.43 63.9
1532820400.45 63.9
1532820410.47 63.4
1532820420.49 63.4
1532820430.5 63.4
1532820440.52 64.5
1532820450.53 64.5
1532820460.54 63.4
1532820470.56 63.4
1532820480.57 63.4
1532820490.59 64.5
1532820500.6 64.5
1532820510.62 64.5
1532820520.63 64.5
1532820530.64 64.5
1532820540.66 63.4
1532820550.67 64.5
1532820560.68 63.4
1532820570.7 63.9
1532820580.71 65.0
1532820590.73 64.5
1532820600.75 63.9
1532820610.75 64.5
1532820620.77 63.9
1532820630.77 64.5
1532820640.79 64.5
1532820650.8 65.0
1532820660.82 65.0
1532820670.84 64.5
1532820680.85 65.0
1532820690.87 64.5
1532820700.88 64.5
1532820710.9 64.5
1532820720.9 65.0
1532820730.92 65.0
1532820740.93 65.0
1532820750.95 64.5
1532820760.96 64.5
1532820770.98 65.0
1532820781.0 64.5
1532820791.01 64.5
1532820801.02 64.5
1532820811.04 64.5
1532820821.06 64.5
1532820831.07 64.5
1532820841.09 63.9
1532820851.1 64.5
1532820861.13 63.4
1532820871.14 64.5
1532820881.15 63.9
1532820891.17 63.9
1532820901.17 65.0
1532820911.19 64.5
1532820921.21 63.9
1532820931.22 64.5
1532820941.24 63.9
1532820951.25 64.5
1532820961.27 63.9
1532820971.29 64.5
1532820981.31 64.5
1532820991.33 64.5
1532821001.34 64.5
1532821011.36 64.5
1532821021.38 63.9
1532821031.39 64.5
1532821041.41 63.4
1532821051.43 63.9
1532821061.44 63.9
1532821071.46 63.9
1532821081.48 63.9
1532821091.49 64.5
1532821101.52 63.9
1532821111.54 63.9
1532821121.56 63.9
1532821131.57 64.5
1532821141.59 64.5
1532821151.6 64.5
1532821161.62 64.5
1532821171.63 64.5
1532821181.65 63.4
1532821191.66 63.9
1532821201.68 63.4
1532821211.7 64.5
1532821221.71 63.4
1532821231.72 64.5
1532821241.74 63.4
1532821251.76 63.9
1532821261.78 63.4
1532821271.79 63.4
1532821281.81 63.4
1532821291.83 63.9
1532821301.84 64.5
1532821311.85 63.9
1532821321.87 63.4
1532821331.88 63.4
1532821341.91 63.9
1532821351.92 63.9
1532821361.93 63.9
1532821371.95 63.4
1532821381.98 63.4
1532821391.99 63.4
1532821402.01 62.3
1532821412.03 63.4
1532821422.04 62.8
1532821432.06 63.4
1532821442.07 63.4
1532821452.08 62.8
1532821462.1 62.8
1532821472.12 62.3
1532821482.14 62.8
1532821492.15 62.8
1532821502.17 62.3
1532821512.18 62.3
1532821522.2 62.3
1532821532.21 62.3
1532821542.23 62.3
1532821552.25 62.3
1532821562.27 62.3
1532821572.29 62.3
1532821582.31 62.3
1532821592.33 62.8
1532821602.35 62.8
1532821612.36 63.4
1532821622.38 62.8
1532821632.4 62.8
1532821642.41 62.8
1532821652.43 62.3
1532821662.45 62.8
1532821672.47 63.4
1532821682.49 62.8
1532821692.5 62.8
1532821702.52 62.8
1532821712.54 62.8
1532821722.55 62.3
1532821732.57 62.3
1532821742.59 62.3
1532821752.6 62.3
1532821762.62 63.4
1532821772.64 62.8
1532821782.66 62.3
1532821792.68 62.3
1532821802.69 62.3
1532821812.71 62.3
1532821822.73 62.3
1532821832.75 62.8
1532821842.76 62.3
1532821852.77 62.3
1532821862.79 62.3
1532821872.8 62.3
1532821882.82 62.3
1532821892.84 63.4
1532821902.86 62.3
1532821912.88 61.2
1532821922.9 61.8
1532821932.91 62.3
1532821942.92 62.3
1532821952.94 62.3
1532821962.96 61.8
1532821972.98 62.3
1532821982.99 62.3
1532821993.01 62.8
1532822003.03 62.3
1532822013.05 62.8
1532822023.06 62.3
1532822033.08 61.2
1532822043.1 61.2
1532822053.12 61.2
1532822063.14 61.2
1532822073.16 61.2
1532822083.17 61.8
1532822093.19 61.2
1532822103.21 61.8
1532822113.22 61.2
1532822123.23 62.3
1532822133.25 61.2
1532822143.27 61.8
1532822153.28 61.8
1532822163.3 61.2
1532822173.32 61.2
1532822183.34 61.2
1532822193.36 61.8
1532822203.38 61.2
1532822213.4 62.3
1532822223.4 61.2
1532822233.43 61.2
1532822243.44 61.8
1532822253.46 61.2
1532822263.47 61.8
1532822273.49 61.2
1532822283.52 61.2
1532822293.54 61.2
1532822303.54 61.2
1532822313.56 61.2
1532822323.58 61.2
1532822333.6 61.8
1532822343.61 61.2
1532822353.62 62.3
1532822363.64 62.3
1532822373.66 62.3
1532822383.67 62.3
1532822393.68 61.8
1532822403.7 63.4
1532822413.71 62.3
1532822423.73 62.3
1532822433.75 61.8
1532822443.77 62.3
1532822453.79 62.8
1532822463.8 62.3
1532822473.82 62.3
1532822483.84 62.3
1532822493.86 62.3
1532822503.88 62.3
1532822513.89 63.4
1532822523.91 62.3
1532822533.92 62.3
1532822543.94 62.3
1532822553.96 62.8
1532822563.97 62.3
1532822573.99 62.3
1532822584.01 62.3
1532822594.02 62.8
1532822604.04 62.3
1532822614.05 62.8
1532822624.07 63.4
1532822634.08 62.3
1532822644.1 62.8
1532822654.12 63.4
1532822664.14 63.4
1532822674.15 62.8
1532822684.16 62.8
1532822694.17 62.8
1532822704.19 62.3
1532822714.2 62.3
1532822724.22 62.3
1532822734.23 62.3
1532822744.25 62.3
1532822754.26 62.3
1532822764.28 62.3
1532822774.29 61.8
1532822784.3 62.3
1532822794.32 62.3
1532822804.34 62.3
1532822814.36 62.3
1532822824.37 62.3
1532822834.39 62.3
1532822844.41 62.3
1532822854.43 61.2
1532822864.45 62.3
1532822874.46 61.8
1532822884.48 61.8
1532822894.49 61.8
1532822904.51 62.3
1532822914.53 61.8
1532822924.55 61.8
1532822934.56 61.2
1532822944.58 62.3
1532822954.58 61.2
1532822964.6 61.2
1532822974.62 61.8
1532822984.64 60.7
1532822994.66 61.2
1532823004.68 61.2
1532823014.7 61.8
1532823024.71 61.2
1532823034.73 61.8
1532823044.74 62.3
1532823054.77 60.7
1532823064.78 61.8
1532823074.8 61.2
1532823084.82 61.2
1532823094.84 60.7
1532823104.86 60.7
1532823114.88 61.2
1532823124.89 60.7
1532823134.91 61.2
1532823144.93 60.7
1532823154.94 60.1
1532823164.95 61.2
1532823174.97 61.2
1532823184.99 60.7
1532823195.0 61.2
1532823205.02 60.7
1532823215.04 60.1
1532823225.06 60.7
1532823235.08 61.2
1532823245.09 61.2
1532823255.1 61.2
1532823265.12 61.2
1532823275.14 60.1
1532823285.16 61.2
1532823295.18 60.1
1532823305.2 61.2
1532823315.21 61.2
1532823325.23 61.2
1532823335.25 61.2
1532823345.26 60.7
1532823355.28 60.7
1532823365.3 60.7
1532823375.31 60.1
1532823385.33 60.7
1532823395.35 59.6
1532823405.37 60.1
1532823415.39 60.1
1532823425.41 60.1
1532823435.42 59.1
1532823445.44 59.1
1532823455.47 59.1
1532823465.49 59.6
1532823475.5 60.1
1532823485.52 59.1
1532823495.54 60.1
1532823505.56 59.1
1532823515.58 59.1
1532823525.6 59.1
1532823535.62 60.1
1532823545.64 59.6
1532823555.65 60.1
1532823565.66 59.6
1532823575.68 60.1
1532823585.7 59.1
1532823595.71 59.1
1532823605.73 60.1
1532823615.75 59.1
1532823625.77 59.6
1532823635.78 59.6
1532823645.79 60.1
1532823655.81 59.1
1532823665.83 59.1
1532823675.85 60.1
1532823685.87 59.6
1532823695.89 59.1
1532823705.91 58.5
1532823715.93 58.5
1532823725.94 58.0
1532823735.96 59.1
1532823745.97 59.6
1532823755.99 59.1
1532823766.0 59.1
1532823776.03 58.5
1532823786.04 59.1
1532823796.06 59.1
1532823806.08 58.5
1532823816.1 58.5
1532823826.11 58.0
1532823836.13 58.5
1532823846.15 59.1
1532823856.17 58.5
1532823866.18 58.0
1532823876.2 59.1
1532823886.22 59.1
1532823896.24 59.1
1532823906.25 59.1
1532823916.28 58.5
1532823926.29 59.1
1532823936.31 59.1
1532823946.32 59.1
1532823956.34 58.5
1532823966.36 59.1
1532823976.37 58.5
1532823986.38 59.1
1532823996.4 58.5
1532824006.42 59.1
1532824016.43 59.1
1532824026.45 59.6
1532824036.46 60.1
1532824046.48 59.1
1532824056.5 59.1
1532824066.52 58.5
1532824076.53 59.1
1532824086.55 58.0
1532824096.58 59.1
1532824106.6 58.5
1532824116.61 59.1
1532824126.63 59.1
1532824136.65 59.1
1532824146.67 59.1
1532824156.69 58.5
1532824166.71 58.5
1532824176.72 58.5
1532824186.74 58.5
1532824196.75 59.1
1532824206.77 58.5
1532824216.8 58.0
1532824226.8 58.0
1532824236.82 58.0
1532824246.84 58.5
1532824256.85 59.1
1532824266.88 58.5
1532824276.9 58.0
1532824286.91 58.5
1532824296.92 59.1
1532824306.94 58.0
1532824316.96 59.1
1532824326.98 58.5
1532824336.99 59.1
1532824347.01 58.0
1532824357.03 59.1
1532824367.04 58.5
1532824377.06 58.5
1532824387.08 58.5
1532824397.1 58.5
1532824407.13 58.0
1532824417.14 58.5
1532824427.16 58.0
1532824437.18 58.5
1532824447.2 58.0
1532824457.23 58.0
1532824467.24 58.5
1532824477.26 59.1
1532824487.28 57.5
1532824497.3 58.5
1532824507.31 58.0
1532824517.33 58.0
1532824527.35 58.0
1532824537.37 59.1
1532824547.38 59.1
1532824557.4 59.1
1532824567.41 58.5
1532824577.43 58.5
1532824587.45 59.1
1532824597.47 58.5
1532824607.48 58.0
1532824617.5 58.0
1532824627.52 58.0
1532824637.54 58.5
1532824647.55 58.5
1532824657.57 59.1
1532824667.58 58.5
1532824677.61 58.0
1532824687.63 59.1
1532824697.64 59.1
1532824707.66 58.5
1532824717.67 58.5
1532824727.68 59.1
1532824737.7 58.0
1532824747.71 59.1
1532824757.73 59.1
1532824767.74 59.1
1532824777.76 58.5
1532824787.78 59.1
1532824797.79 59.1
1532824807.81 58.0
1532824817.83 58.5
1532824827.84 59.1
1532824837.87 59.1
1532824847.88 59.1
1532824857.9 58.5
1532824867.92 59.1
1532824877.93 58.5
1532824887.95 59.1
1532824897.97 58.0
1532824907.99 58.0
1532824918.0 58.0
1532824928.01 59.1
1532824938.03 59.1
1532824948.05 58.5
1532824958.07 59.1
1532824968.09 59.1
1532824978.11 59.1
1532824988.12 58.0
1532824998.14 58.5
1532825008.16 58.5
1532825018.17 59.1
1532825028.19 58.5
1532825038.21 59.1
1532825048.22 59.1
1532825058.23 59.1
1532825068.25 58.5
1532825078.27 59.1
1532825088.29 58.0
1532825098.3 58.5
1532825108.32 58.0
1532825118.33 59.1
1532825128.35 58.0
1532825138.37 58.0
1532825148.38 59.1
1532825158.4 58.0
1532825168.42 58.5
1532825178.43 58.0
1532825188.45 58.5
1532825198.46 58.5
1532825208.48 59.1
1532825218.5 58.0
1532825228.53 58.0
1532825238.55 58.0
1532825248.56 58.0
1532825258.58 58.0
1532825268.62 58.0
1532825278.64 58.0
1532825288.66 58.0
1532825298.67 58.0
1532825308.7 58.0
1532825318.71 56.9
1532825328.74 56.9
1532825338.76 56.9
1532825348.78 56.9
1532825358.79 58.0
1532825368.81 56.9
1532825378.83 57.5
1532825388.85 58.0
1532825398.87 58.5
1532825408.89 58.0
1532825418.9 58.0
1532825428.92 59.1
1532825438.93 59.1
1532825448.95 58.5
1532825458.97 59.1
1532825468.99 59.1
1532825479.0 59.1
1532825489.02 58.5
1532825499.04 59.6
1532825509.05 59.6
1532825519.08 59.1
1532825529.08 59.1
1532825539.09 59.1
1532825549.11 58.5
1532825559.12 59.1
1532825569.14 59.1
1532825579.16 59.6
1532825589.17 60.1
1532825599.2 59.1
1532825609.21 59.6
1532825619.23 58.5
1532825629.25 60.1
1532825639.26 60.1
1532825649.28 59.1
1532825659.3 59.1
1532825669.32 59.1
1532825679.33 59.6
1532825689.35 59.6
1532825699.36 59.1
1532825709.38 59.6
1532825719.4 60.1
1532825729.42 60.1
1532825739.43 59.1
1532825749.44 59.6
1532825759.45 59.1
1532825769.46 59.6
1532825779.48 60.1
1532825789.49 60.1
1532825799.51 59.1
1532825809.52 60.1
1532825819.53 59.1
1532825829.55 60.1
1532825839.56 60.7
1532825849.57 60.1
1532825859.58 60.1
1532825869.59 60.1
1532825879.62 60.1
1532825889.63 59.6
1532825899.65 59.6
1532825909.66 60.1
1532825919.68 60.1
1532825929.69 59.6
1532825939.71 60.1
1532825949.72 60.1
1532825959.73 60.1
1532825969.75 59.1
1532825979.77 60.1
1532825989.78 60.1
1532825999.81 59.6
