1532500009.05 55.3
1532500019.07 55.3
1532500029.08 55.3
1532500039.1 55.3
1532500049.14 54.8
1532500059.16 54.2
1532500069.18 54.8
1532500079.19 55.3
1532500089.22 54.8
1532500099.24 54.8
1532500109.26 54.8
1532500119.28 54.8
1532500129.3 54.8
1532500139.32 55.8
1532500149.34 54.8
1532500159.37 54.8
1532500169.39 54.8
1532500179.41 55.8
1532500189.43 54.8
1532500199.45 54.2
1532500209.47 54.8
1532500219.49 55.3
1532500229.51 54.8
1532500239.53 54.8
1532500249.55 54.8
1532500259.57 54.8
1532500269.59 55.3
1532500279.61 54.2
1532500289.63 54.8
1532500299.65 54.2
1532500309.66 54.8
1532500319.68 54.8
1532500329.7 54.8
1532500339.72 54.8
1532500349.74 54.8
1532500359.76 54.8
1532500369.78 54.8
1532500379.8 54.8
1532500389.82 55.3
1532500399.84 55.3
1532500409.86 55.3
1532500419.87 54.8
1532500429.89 54.8
1532500439.91 53.7
1532500449.93 53.7
1532500459.95 54.8
1532500469.97 55.3
1532500479.99 54.8
1532500490.02 54.8
1532500500.04 54.8
1532500510.06 54.8
1532500520.08 54.8
1532500530.1 55.3
1532500540.12 55.8
1532500550.14 54.8
1532500560.16 54.8
1532500570.18 54.2
1532500580.21 54.8
1532500590.23 54.8
1532500600.23 55.8
1532500610.24 55.8
1532500620.26 55.3
1532500630.29 55.3
1532500640.31 54.8
1532500650.33 54.8
1532500660.35 54.8
1532500670.37 54.8
1532500680.39 55.8
1532500690.41 54.8
1532500700.43 54.8
1532500710.45 54.8
1532500720.47 54.2
1532500730.49 54.8
1532500740.52 54.2
1532500750.54 54.8
1532500760.56 55.3
1532500770.58 54.8
1532500780.6 54.8
1532500790.62 55.3
1532500800.64 54.2
1532500810.66 54.8
1532500820.68 54.8
1532500830.71 54.8
1532500840.73 54.2
1532500850.74 54.8
1532500860.76 54.8
1532500870.78 54.8
1532500880.8 55.3
1532500890.82 54.8
1532500900.84 54.8
1532500910.86 54.8
1532500920.88 54.8
1532500930.9 55.3
1532500940.92 54.8
1532500950.93 54.8
1532500960.96 54.8
1532500970.98 54.8
1532500980.99 54.8
1532500991.01 54.8
1532501001.03 54.8
1532501011.05 54.8
1532501021.07 54.2
1532501031.09 54.8
1532501041.11 54.8
1532501051.13 54.8
1532501061.15 54.8
1532501071.17 54.8
1532501081.18 55.8
1532501091.2 54.2
1532501101.22 54.8
1532501111.23 54.8
1532501121.25 54.8
1532501131.28 54.8
1532501141.3 54.8
1532501151.32 54.8
1532501161.33 55.8
1532501171.35 55.3
1532501181.36 55.3
1532501191.38 54.8
1532501201.4 55.3
1532501211.42 54.8
1532501221.44 54.2
1532501231.46 54.8
1532501241.49 54.8
1532501251.5 54.8
1532501261.52 55.3
1532501271.54 54.8
1532501281.56 54.8
1532501291.58 54.2
1532501301.6 54.8
1532501311.62 55.3
1532501321.64 54.2
1532501331.66 54.8
1532501341.68 54.8
1532501351.7 54.8
1532501361.72 55.3
1532501371.74 54.8
1532501381.76 55.8
1532501391.78 54.8
1532501401.8 54.8
1532501411.82 54.8
1532501421.84 54.8
1532501431.86 55.3
1532501441.88 55.8
1532501451.9 54.2
1532501461.91 55.8
1532501471.94 54.8
1532501481.96 55.3
1532501491.98 54.8
1532501502.0 54.8
1532501512.02 55.3
1532501522.04 54.2
1532501532.07 54.8
1532501542.09 53.7
1532501552.1 54.8
1532501562.12 54.8
1532501572.14 55.3
1532501582.16 54.8
1532501592.18 54.8
1532501602.2 54.8
1532501612.22 54.8
1532501622.23 54.8
1532501645.93 54.2
1532501655.95 54.2
1532501665.97 55.3
1532501675.98 55.3
1532501686.0 54.8
1532501696.02 54.8
1532501706.04 54.8
1532501716.07 55.3
1532501726.09 54.8
1532501736.1 55.3
1532501746.12 55.8
1532501756.14 54.8
1532501766.16 54.2
1532501776.18 54.8
1532501786.2 55.8
1532501796.22 54.8
1532501806.24 54.8
1532501816.27 54.8
1532501826.29 54.8
1532501836.31 54.8
1532501846.33 54.8
1532501856.35 55.3
1532501866.37 54.2
1532501876.39 54.8
1532501886.41 54.8
1532501896.43 55.3
1532501906.45 55.3
1532501916.47 54.8
1532501926.49 54.8
1532501936.52 54.2
1532501946.54 53.7
1532501956.56 54.8
1532501966.58 54.8
1532501976.61 54.2
1532501986.64 54.2
1532501996.66 54.2
