1532400007.9 58.0
1532400017.92 58.0
1532400027.93 58.0
1532400037.96 58.0
1532400047.97 58.0
1532400057.98 57.5
1532400068.0 58.0
1532400078.02 58.0
1532400088.03 58.5
1532400098.04 58.0
1532400108.06 58.0
1532400118.07 58.0
1532400128.08 58.0
1532400138.1 58.0
1532400148.12 58.0
1532400158.13 58.0
1532400168.15 58.0
1532400178.17 58.0
1532400188.19 58.0
1532400198.21 58.0
1532400208.23 58.0
1532400218.24 58.5
1532400228.26 58.0
1532400238.27 58.5
1532400248.29 58.5
1532400258.31 58.5
1532400268.32 58.5
1532400278.34 58.0
1532400288.36 58.5
1532400298.37 58.5
1532400308.39 58.5
1532400318.4 59.1
1532400328.42 58.5
1532400338.44 58.5
1532400348.44 58.5
1532400358.46 58.5
1532400368.47 59.1
1532400378.49 58.5
1532400388.51 58.0
1532400398.53 58.0
1532400408.55 58.0
1532400418.57 58.0
1532400428.58 58.5
1532400438.59 58.0
1532400448.61 58.0
1532400458.62 58.5
1532400468.64 58.0
1532400478.65 58.0
1532400488.66 58.5
1532400498.68 58.5
1532400508.7 58.0
1532400518.71 58.5
1532400528.73 58.0
1532400538.74 58.0
1532400548.76 58.0
1532400558.78 58.0
1532400568.79 58.0
1532400578.81 58.0
1532400588.83 58.0
1532400598.85 58.5
1532400608.86 58.0
1532400618.88 58.0
1532400628.9 58.0
1532400638.92 59.1
1532400648.93 58.0
1532400658.95 58.5
1532400668.98 58.0
1532400679.0 58.0
1532400689.02 59.1
1532400699.04 58.0
1532400709.06 58.0
1532400719.07 58.5
1532400729.09 58.0
1532400739.11 58.5
1532400749.13 58.5
1532400759.14 58.0
1532400769.16 58.5
1532400779.17 58.0
1532400789.19 58.0
1532400799.21 58.5
1532400809.23 58.0
1532400819.25 58.0
1532400829.27 58.0
1532400839.28 58.0
1532400849.3 57.5
1532400859.32 58.0
1532400869.34 58.0
1532400879.36 58.0
1532400889.37 58.5
1532400899.39 58.5
1532400909.41 58.5
1532400919.43 58.0
1532400929.45 56.9
1532400939.46 57.5
1532400949.48 57.5
1532400959.5 58.0
1532400969.52 58.0
1532400979.54 58.0
1532400989.56 57.5
1532400999.57 58.0
1532401009.59 58.0
1532401019.61 58.0
1532401029.63 58.0
1532401039.64 58.0
1532401049.66 58.0
1532401059.68 58.0
1532401069.69 58.5
1532401079.71 59.1
1532401089.73 58.5
1532401099.75 58.0
1532401109.77 58.0
1532401119.78 58.0
1532401129.8 58.0
1532401139.82 58.0
1532401149.84 58.0
1532401159.85 58.0
1532401169.86 58.5
1532401179.88 58.5
1532401189.89 58.0
1532401199.91 58.0
1532401209.93 59.6
1532401219.95 59.1
1532401229.97 59.1
1532401239.99 58.5
1532401250.0 59.6
1532401260.03 58.0
1532401270.05 59.1
1532401280.06 59.1
1532401290.08 58.5
1532401300.1 58.0
1532401310.11 59.1
1532401320.13 58.0
1532401330.15 58.5
1532401340.17 58.0
1532401350.19 58.5
1532401360.2 58.0
1532401370.22 58.5
1532401380.24 58.0
1532401390.25 59.1
1532401400.27 58.5
1532401410.29 58.0
1532401420.31 57.5
1532401430.31 58.0
1532401440.33 58.0
1532401450.35 58.0
1532401460.37 58.0
1532401470.39 58.5
1532401480.4 58.0
1532401490.41 59.1
1532401500.44 58.0
1532401510.45 58.0
1532401520.46 58.0
1532401530.48 58.5
1532401540.5 58.5
1532401550.5 58.0
1532401560.52 58.0
1532401570.54 58.0
1532401580.56 58.0
1532401590.58 58.0
1532401600.6 58.0
1532401610.61 58.5
1532401620.63 58.0
1532401630.64 58.0
1532401640.66 58.0
1532401650.68 58.0
1532401660.7 58.5
1532401670.72 58.0
1532401680.73 59.1
1532401690.75 58.0
1532401700.77 58.5
1532401710.79 59.1
1532401720.81 58.5
1532401730.82 59.1
1532401740.83 59.1
1532401750.85 59.1
1532401760.87 59.6
1532401770.87 59.1
1532401780.89 59.1
1532401790.91 59.1
1532401800.93 59.1
1532401810.94 59.6
1532401820.96 59.1
1532401830.98 59.1
1532401840.99 59.6
1532401851.01 59.1
1532401861.03 59.1
1532401871.05 58.5
1532401881.07 59.1
1532401891.08 59.1
1532401901.1 59.6
1532401911.11 59.1
1532401921.13 58.0
1532401931.15 59.1
1532401941.17 59.1
1532401951.18 59.1
1532401961.2 59.1
1532401971.21 59.1
1532401981.23 59.1
1532401991.25 59.1
1532402001.27 59.1
1532402011.29 58.5
1532402021.31 58.5
1532402031.33 58.5
1532402041.35 59.1
1532402051.36 59.1
1532402061.39 58.0
1532402071.41 58.5
1532402081.42 58.0
1532402091.44 58.0
1532402101.46 58.0
1532402111.48 58.0
1532402121.5 59.1
1532402131.51 58.0
1532402141.53 58.0
1532402151.55 58.0
1532402161.56 58.0
1532402171.58 59.1
1532402181.6 59.1
1532402191.62 58.0
1532402201.64 58.5
1532402211.65 58.5
1532402221.67 58.0
1532402231.68 58.0
1532402241.7 58.5
1532402251.71 58.5
1532402261.73 58.0
1532402271.74 58.0
1532402281.77 58.5
1532402291.78 58.0
1532402301.79 58.5
1532402311.8 58.5
1532402321.82 59.1
1532402331.84 58.5
1532402341.86 58.0
1532402351.87 59.1
1532402361.89 58.0
1532402371.91 59.1
1532402381.92 59.1
1532402391.94 58.5
1532402401.95 58.5
1532402411.96 58.5
1532402421.98 59.1
1532402431.99 58.5
1532402442.0 59.1
1532402452.01 58.5
1532402462.04 58.0
1532402472.05 58.5
1532402482.06 59.1
1532402492.07 59.1
1532402502.09 59.1
1532402512.1 59.1
1532402522.12 59.1
1532402532.13 59.1
1532402542.15 59.1
1532402552.16 59.1
1532402562.17 59.1
1532402572.18 58.5
1532402582.21 58.5
1532402592.22 59.6
1532402602.23 59.1
1532402612.24 59.1
1532402622.25 59.1
1532402632.27 59.1
1532402642.28 59.1
1532402652.3 59.1
1532402662.31 59.1
1532402672.33 59.1
1532402682.34 59.1
1532402692.36 59.1
1532402702.37 59.1
1532402712.38 59.1
1532402722.41 58.5
1532402732.42 58.5
1532402742.44 59.1
1532402752.46 58.0
1532402762.47 59.1
1532402772.49 58.0
1532402782.51 58.0
1532402792.52 58.5
1532402802.54 58.0
1532402812.56 58.0
1532402822.58 58.0
1532402832.6 58.0
1532402842.61 58.5
1532402852.63 58.5
1532402862.65 58.0
1532402872.67 58.5
1532402882.68 58.0
1532402892.7 58.5
1532402902.72 58.5
1532402912.73 58.0
1532402922.75 58.0
1532402932.77 58.0
1532402942.78 58.5
1532402952.8 58.5
1532402962.81 58.0
1532402972.82 58.0
1532402982.84 58.0
1532402992.85 58.0
1532403002.87 58.0
1532403012.89 58.0
1532403022.91 56.9
1532403032.92 58.0
1532403042.93 57.5
1532403052.95 56.9
1532403062.98 56.9
1532403072.99 57.5
1532403083.02 58.0
1532403093.04 57.5
1532403103.05 57.5
1532403113.06 56.9
1532403123.08 57.5
1532403133.1 56.9
1532403143.11 58.0
1532403153.12 58.0
1532403163.14 58.0
1532403173.16 58.0
1532403183.16 58.5
1532403193.18 58.0
1532403203.2 58.0
1532403213.22 58.0
1532403223.24 57.5
1532403233.26 57.5
1532403243.27 58.5
1532403253.29 57.5
1532403263.31 57.5
1532403273.33 58.0
1532403283.35 56.9
1532403293.37 58.0
1532403303.38 58.0
1532403313.4 58.0
1532403323.41 58.0
1532403333.42 58.5
1532403343.43 58.0
1532403353.45 58.0
1532403363.46 56.9
1532403373.48 58.0
1532403383.5 58.0
1532403393.51 58.0
1532403403.52 58.5
1532403413.54 58.0
1532403423.56 58.0
1532403433.57 58.0
1532403443.59 58.5
1532403453.61 58.0
1532403463.62 58.0
1532403473.64 58.0
1532403483.66 58.0
1532403493.68 58.0
1532403503.69 58.5
1532403513.71 58.0
1532403523.73 58.0
1532403533.75 58.0
1532403543.77 58.0
1532403553.79 56.9
1532403563.81 57.5
1532403573.82 58.5
1532403583.84 58.0
1532403593.86 58.0
1532403603.88 57.5
1532403613.89 58.0
1532403623.91 58.0
1532403633.93 58.0
1532403643.95 57.5
1532403653.97 57.5
1532403663.99 57.5
1532403674.01 58.0
1532403684.03 58.0
1532403694.05 58.0
1532403704.06 57.5
1532403714.07 58.0
1532403724.1 56.9
1532403734.11 57.5
1532403744.13 58.0
1532403754.15 56.4
1532403764.17 58.0
1532403774.18 56.9
1532403784.2 56.9
1532403794.22 56.9
1532403804.25 56.9
1532403814.26 56.9
1532403824.28 56.4
1532403834.3 57.5
1532403844.32 56.4
1532403854.32 56.9
1532403864.34 56.4
1532403874.36 58.0
1532403884.38 58.0
1532403894.39 57.5
1532403904.41 58.0
1532403914.43 58.0
1532403924.44 58.0
1532403934.46 56.9
1532403944.48 58.0
1532403954.5 58.0
1532403964.51 58.0
1532403974.53 57.5
1532403984.55 58.0
1532403994.56 56.9
1532404004.58 59.1
1532404014.6 58.0
1532404024.61 58.0
1532404034.64 57.5
1532404044.65 58.0
1532404054.67 56.4
1532404064.68 58.0
1532404074.7 58.0
1532404084.72 57.5
1532404094.73 58.0
1532404104.75 56.9
1532404114.76 56.9
1532404124.79 56.4
1532404134.8 56.9
1532404144.81 57.5
1532404154.82 56.9
1532404164.84 56.9
1532404174.86 57.5
1532404184.88 57.5
1532404194.9 56.9
1532404204.91 56.9
1532404214.93 56.9
1532404224.93 56.9
1532404234.95 57.5
1532404244.97 58.0
1532404254.98 57.5
1532404265.0 57.5
1532404275.02 56.4
1532404285.04 57.5
1532404295.06 57.5
1532404305.08 57.5
1532404315.1 56.9
1532404325.11 57.5
1532404335.13 57.5
1532404345.15 57.5
1532404355.17 56.9
1532404365.18 57.5
1532404375.2 56.9
1532404385.22 56.9
1532404395.24 56.4
1532404405.25 56.9
1532404415.26 56.9
1532404425.29 56.9
1532404435.3 57.5
1532404445.32 56.4
1532404455.34 56.4
1532404465.37 55.8
1532404475.39 55.8
1532404485.41 55.8
1532404495.43 56.4
1532404505.45 56.4
1532404515.47 56.4
1532404525.49 55.8
1532404535.51 55.8
1532404545.53 56.4
1532404555.55 55.8
1532404565.57 56.9
1532404575.58 56.4
1532404585.6 56.9
1532404595.62 56.4
1532404605.63 56.9
1532404615.65 56.9
1532404625.67 56.4
1532404635.68 56.9
1532404645.7 55.8
1532404655.72 56.4
1532404665.74 56.4
1532404675.77 56.4
1532404685.78 56.4
1532404695.8 56.4
1532404705.81 56.9
1532404715.82 55.8
1532404725.84 55.8
1532404735.86 56.4
1532404745.88 55.3
1532404755.9 56.4
1532404765.92 56.4
1532404775.94 56.4
1532404785.96 55.8
1532404795.97 55.8
1532404806.0 55.8
1532404816.02 56.4
1532404826.03 55.8
1532404836.05 55.8
1532404846.07 55.8
1532404856.09 56.4
1532404866.11 56.4
1532404876.13 55.8
1532404886.15 56.4
1532404896.17 56.4
1532404906.19 56.9
1532404916.2 56.9
1532404926.22 56.4
1532404936.24 56.4
1532404946.26 56.9
1532404956.28 56.4
1532404966.29 56.4
1532404976.3 55.8
1532404986.32 56.4
1532404996.34 56.9
1532405006.36 56.9
1532405016.37 56.4
1532405026.39 56.9
1532405036.41 56.4
1532405046.43 56.9
1532405056.45 56.9
1532405066.46 56.9
1532405076.47 56.9
1532405086.49 56.9
1532405096.51 57.5
1532405106.52 57.5
1532405116.54 56.9
1532405126.55 56.9
1532405136.58 56.9
1532405146.59 57.5
1532405156.61 56.9
1532405166.63 57.5
1532405176.65 56.4
1532405186.67 56.9
1532405196.69 56.4
1532405206.71 56.9
1532405216.73 57.5
1532405226.75 56.9
1532405236.77 56.4
1532405246.78 56.4
1532405256.81 56.9
1532405266.82 55.8
1532405276.84 56.4
1532405286.86 56.4
1532405296.88 55.8
1532405306.9 55.8
1532405316.92 56.4
1532405326.94 56.4
1532405336.96 56.4
1532405346.98 56.9
1532405357.0 55.8
1532405367.03 56.9
1532405377.04 56.4
1532405387.06 56.4
1532405397.07 56.4
1532405407.1 56.9
1532405417.12 55.8
1532405427.13 56.4
1532405437.14 55.8
1532405447.16 56.4
1532405457.18 56.4
1532405467.2 55.3
1532405477.22 56.4
1532405487.23 55.8
1532405497.25 55.3
1532405507.27 56.4
1532405517.29 55.3
1532405527.31 55.8
1532405537.33 55.8
1532405547.35 55.8
1532405557.36 56.4
1532405567.38 56.4
1532405577.39 56.4
1532405587.41 55.8
1532405597.43 55.3
1532405607.45 55.8
1532405617.46 55.8
1532405627.48 56.4
1532405637.5 56.4
1532405647.52 55.8
1532405657.53 56.9
1532405667.55 56.4
1532405677.57 56.9
1532405687.57 56.9
1532405697.59 56.4
1532405707.61 55.8
1532405717.63 55.8
1532405727.65 56.9
1532405737.67 55.8
1532405747.69 55.8
1532405757.71 56.4
1532405767.73 55.3
1532405777.75 55.8
1532405787.77 55.3
1532405797.79 56.4
1532405807.81 55.8
1532405817.83 55.8
1532405827.85 55.8
1532405837.87 56.4
1532405847.89 55.8
1532405857.91 55.8
1532405867.92 56.4
1532405877.94 55.3
1532405887.96 55.8
1532405897.98 54.8
1532405908.0 55.8
1532405918.02 55.8
1532405928.04 55.8
1532405938.06 54.8
1532405948.08 56.4
1532405958.1 55.8
1532405968.12 55.8
1532405978.14 55.8
1532405988.15 55.3
1532405998.17 55.8
1532406008.19 55.3
1532406018.21 56.4
1532406028.22 55.8
1532406038.24 55.8
1532406048.26 55.8
1532406058.28 55.8
1532406068.29 56.4
1532406078.31 54.8
1532406088.33 55.8
1532406098.34 54.8
1532406108.36 55.8
1532406118.38 55.3
1532406128.4 55.8
1532406138.42 55.8
1532406148.43 55.8
1532406158.45 55.8
1532406168.47 56.4
1532406178.49 55.8
1532406188.51 55.8
1532406198.53 55.8
1532406208.55 55.8
1532406218.57 55.8
1532406228.6 55.8
1532406238.62 55.8
1532406248.64 55.8
1532406258.66 55.8
1532406268.69 56.4
1532406278.7 56.9
1532406288.72 56.9
1532406298.74 56.4
1532406308.75 55.8
1532406318.77 57.5
1532406328.79 56.4
1532406338.81 56.4
1532406348.82 57.5
1532406358.83 56.4
1532406368.84 56.4
1532406378.86 56.4
1532406388.87 56.9
1532406398.88 56.9
1532406408.9 56.9
1532406418.91 55.8
1532406428.93 56.9
1532406438.94 56.9
1532406448.96 56.4
1532406458.98 56.4
1532406469.0 56.9
1532406479.01 56.9
1532406489.02 56.4
1532406499.04 56.9
1532406509.06 55.8
1532406519.06 56.9
1532406529.08 56.9
1532406539.1 56.9
1532406549.12 55.8
1532406559.13 56.9
1532406569.15 56.9
1532406579.17 56.4
1532406589.19 56.9
1532406599.2 56.9
1532406609.21 56.9
1532406619.23 56.9
1532406629.24 56.9
1532406639.26 56.9
1532406649.27 56.4
1532406659.29 56.9
1532406669.3 56.4
1532406679.32 56.9
1532406689.34 56.4
1532406699.36 55.8
1532406709.37 56.9
1532406719.38 55.8
1532406729.4 55.8
1532406739.42 55.8
1532406749.44 56.9
1532406759.46 55.8
1532406769.47 56.4
1532406779.49 56.9
1532406789.52 55.8
1532406799.53 56.9
1532406809.55 56.4
1532406819.57 55.8
1532406829.59 56.4
1532406839.6 55.8
1532406849.61 56.4
1532406859.63 55.8
1532406869.66 55.3
1532406879.68 55.3
1532406889.7 55.8
1532406899.72 55.8
1532406909.74 54.8
1532406919.76 55.3
1532406929.78 55.8
1532406939.8 55.8
1532406949.82 55.8
1532406959.84 55.8
1532406969.86 56.4
1532406979.87 56.4
1532406989.89 55.8
1532406999.91 56.4
1532407009.93 55.3
1532407019.95 56.4
1532407029.97 56.4
1532407039.99 56.9
1532407050.0 56.4
1532407060.01 56.4
1532407070.03 56.4
1532407080.05 56.9
1532407090.07 56.4
1532407100.07 56.9
1532407110.09 56.9
1532407120.11 56.9
1532407130.13 56.9
1532407140.15 56.9
1532407150.17 56.4
1532407160.18 56.9
1532407170.2 56.9
1532407180.22 56.4
1532407190.23 56.9
1532407200.25 55.8
1532407210.27 56.9
1532407220.29 56.9
1532407230.31 56.9
1532407240.33 56.4
1532407250.35 56.4
1532407260.37 55.8
1532407270.39 56.4
1532407280.41 56.4
1532407290.43 55.8
1532407300.43 55.8
1532407310.45 56.4
1532407320.47 55.8
1532407330.49 55.8
1532407340.51 55.8
1532407350.53 55.8
1532407360.54 56.4
1532407370.55 56.9
1532407380.57 56.9
1532407390.58 56.9
1532407400.6 55.8
1532407410.61 55.8
1532407420.63 56.4
1532407430.64 56.9
1532407440.65 56.4
1532407450.67 55.8
1532407460.69 55.8
1532407470.71 56.4
1532407480.72 56.9
1532407490.74 55.8
1532407500.75 56.4
1532407510.77 55.8
1532407520.79 55.8
1532407530.8 55.8
1532407540.81 56.4
1532407550.83 55.8
1532407560.85 55.8
1532407570.88 55.8
1532407580.89 56.4
1532407590.91 55.8
1532407600.93 56.4
1532407610.95 56.4
1532407620.95 56.4
1532407630.97 55.8
1532407641.0 55.8
1532407651.02 56.4
1532407661.03 55.8
1532407671.05 55.8
1532407681.08 55.3
1532407691.1 54.8
1532407701.12 55.3
1532407711.14 55.8
1532407721.16 55.8
1532407731.18 56.4
1532407741.19 55.8
1532407751.21 55.8
1532407761.23 55.8
1532407771.25 55.8
1532407781.27 55.8
1532407791.29 55.8
1532407801.3 56.4
1532407811.34 55.8
1532407821.35 55.8
1532407831.37 55.3
1532407841.39 55.8
1532407851.41 55.8
1532407861.42 55.8
1532407871.44 55.3
1532407881.45 55.8
1532407891.47 55.8
1532407901.49 55.8
1532407911.51 55.8
1532407921.53 55.8
1532407931.55 55.8
1532407941.57 54.8
1532407951.58 56.4
1532407961.6 54.8
1532407971.62 54.8
1532407981.64 54.8
1532407991.66 55.8
1532408001.68 54.8
1532408011.7 54.8
1532408021.73 54.8
1532408031.74 54.8
1532408041.76 54.8
1532408051.78 54.8
1532408061.8 54.8
1532408071.82 54.8
1532408081.84 54.2
1532408091.87 54.2
1532408101.89 54.8
1532408111.9 55.3
1532408121.92 55.8
1532408131.94 54.8
1532408141.97 54.8
1532408151.98 54.8
1532408162.01 54.2
1532408172.02 55.8
1532408182.04 54.8
1532408192.06 55.3
1532408202.08 54.8
1532408212.09 54.8
1532408222.11 54.2
1532408232.13 55.8
1532408242.15 54.8
1532408252.17 55.3
1532408262.18 55.8
1532408272.2 55.8
1532408282.22 55.3
1532408292.24 54.8
1532408302.25 54.8
1532408312.27 54.2
1532408322.29 54.8
1532408332.3 54.8
1532408342.31 55.8
1532408352.33 54.8
1532408362.35 54.8
1532408372.37 54.8
1532408382.38 55.3
1532408392.4 55.3
