1532600004.32 55.3
1532600014.33 55.8
1532600024.36 55.8
1532600034.38 55.8
1532600044.4 55.3
1532600054.42 55.8
1532600064.44 55.3
1532600074.46 54.2
1532600084.47 54.8
1532600094.49 55.3
1532600104.5 55.8
1532600114.52 55.8
1532600124.54 54.8
1532600134.56 55.3
1532600144.58 53.7
1532600154.59 55.3
1532600164.61 54.8
1532600174.62 54.2
1532600184.64 53.7
1532600194.66 54.2
1532600204.68 54.8
1532600214.7 54.2
1532600224.72 55.3
1532600234.74 54.8
1532600244.76 54.8
1532600254.78 53.7
1532600264.79 54.8
1532600274.81 54.8
1532600284.82 54.8
1532600294.84 54.8
1532600304.86 53.7
1532600314.88 55.3
1532600324.9 54.2
1532600334.92 54.2
1532600344.93 54.2
1532600354.95 54.8
1532600364.97 54.8
1532600374.99 54.2
1532600385.0 54.2
1532600395.02 53.7
1532600405.05 53.7
1532600415.07 53.2
1532600425.09 53.7
1532600435.12 53.7
1532600445.14 53.2
1532600455.16 54.2
1532600465.18 53.7
1532600475.2 53.7
1532600485.21 54.8
1532600495.23 53.7
1532600505.26 53.7
1532600515.27 53.7
1532600525.29 54.2
1532600535.3 53.7
1532600545.32 54.8
1532600555.34 54.2
1532600565.35 54.2
1532600575.37 54.2
1532600585.39 54.2
1532600595.42 54.2
1532600605.43 54.2
1532600615.45 54.2
1532600625.47 53.7
1532600635.49 53.7
1532600645.51 53.7
1532600655.53 54.8
1532600665.55 54.2
1532600675.57 53.7
1532600685.59 54.8
1532600695.61 54.2
1532600705.63 54.8
1532600715.64 54.2
1532600725.66 54.2
1532600735.68 54.8
1532600745.7 54.2
1532600755.72 54.8
1532600765.73 55.3
1532600775.75 54.8
1532600785.76 54.8
1532600795.78 55.8
1532600805.8 54.8
1532600815.81 55.8
1532600825.83 55.8
1532600835.84 55.8
1532600845.86 55.8
1532600855.87 55.8
1532600865.89 55.8
1532600875.9 55.8
1532600885.92 55.8
1532600895.93 54.8
1532600905.94 55.3
1532600915.96 54.8
1532600925.98 54.8
1532600936.0 55.8
1532600946.01 56.4
1532600956.03 55.8
1532600966.05 55.8
1532600976.07 56.4
1532600986.08 55.8
1532600996.09 56.4
1532601006.11 56.9
1532601016.12 56.9
1532601026.14 56.4
1532601036.15 56.4
1532601046.16 55.8
1532601056.18 56.4
1532601066.2 56.9
1532601076.22 56.9
1532601086.24 56.4
1532601096.26 56.9
1532601106.27 56.9
1532601116.29 56.9
1532601126.31 56.9
1532601136.32 56.9
1532601146.33 56.9
1532601156.35 56.9
1532601166.37 56.9
1532601176.39 56.9
1532601186.4 56.9
1532601196.42 56.9
1532601206.44 56.9
1532601216.45 56.4
1532601226.46 56.9
1532601236.49 56.9
1532601246.5 58.0
1532601256.51 58.0
1532601266.53 58.0
1532601276.55 57.5
1532601286.56 58.5
1532601296.58 58.0
1532601306.6 58.0
1532601316.62 58.0
1532601326.63 58.0
1532601336.64 58.0
1532601346.66 58.0
1532601356.67 58.0
1532601366.68 58.0
1532601376.69 58.0
1532601386.71 58.5
1532601396.72 58.0
1532601406.74 58.0
1532601416.76 58.0
1532601426.77 58.0
1532601436.79 58.0
1532601446.8 58.0
1532601456.82 58.0
1532601466.83 58.0
1532601476.85 58.0
1532601486.86 58.0
1532601496.88 58.0
1532601506.9 57.5
1532601516.91 58.0
1532601526.93 57.5
1532601536.94 58.0
1532601546.96 58.0
1532601556.97 58.0
1532601567.0 57.5
1532601577.01 58.0
1532601587.02 58.0
1532601597.04 58.0
1532601607.06 58.0
1532601617.08 58.0
1532601627.09 58.5
1532601637.11 57.5
1532601647.13 56.9
1532601657.15 58.0
1532601667.16 58.0
1532601677.18 58.0
1532601687.2 57.5
1532601697.21 57.5
1532601707.23 57.5
1532601717.24 56.9
1532601727.26 58.0
1532601737.27 56.9
1532601747.29 58.0
1532601757.3 57.5
1532601767.31 58.0
1532601777.33 58.0
1532601787.34 57.5
1532601797.35 58.0
1532601807.37 57.5
1532601817.38 58.0
1532601827.4 58.0
1532601837.42 57.5
1532601847.43 58.0
1532601857.45 56.9
1532601867.46 56.9
1532601877.47 56.9
1532601887.48 57.5
1532601897.5 56.9
1532601907.52 57.5
1532601917.54 56.9
1532601927.55 56.9
1532601937.57 58.0
1532601947.6 57.5
1532601957.61 58.0
1532601967.62 57.5
1532601977.63 58.0
1532601987.65 58.0
1532601997.66 58.0
1532602007.67 56.9
1532602017.69 58.0
1532602027.7 56.9
1532602037.72 57.5
1532602047.73 58.0
1532602057.75 58.0
1532602067.77 58.5
1532602077.79 57.5
1532602087.81 58.0
1532602097.83 58.0
1532602107.85 58.0
1532602117.87 58.0
1532602127.89 58.5
1532602137.9 58.0
1532602147.91 58.0
1532602157.93 58.5
1532602167.95 58.0
1532602177.96 59.1
1532602187.98 56.9
1532602198.0 58.0
1532602208.02 58.0
1532602218.04 58.0
1532602228.05 58.0
1532602238.06 58.0
1532602248.07 58.0
1532602258.09 58.0
1532602268.11 56.9
1532602278.13 58.0
1532602288.15 58.0
1532602298.17 58.5
1532602308.18 58.0
1532602318.2 58.5
1532602328.22 58.5
1532602338.24 58.5
1532602348.25 58.5
1532602358.27 58.0
1532602368.29 58.0
1532602378.31 58.0
1532602388.32 58.5
1532602398.33 58.0
1532602408.36 58.0
1532602418.37 58.0
1532602428.39 58.0
1532602438.4 58.0
1532602448.42 57.5
1532602458.44 58.0
1532602468.46 58.0
1532602478.48 58.0
1532602488.51 58.0
1532602498.52 58.5
1532602508.55 58.0
1532602518.57 58.0
1532602528.58 58.5
1532602538.59 58.0
1532602548.61 58.0
1532602558.62 58.0
1532602568.64 56.9
1532602578.66 58.5
1532602588.67 58.0
1532602598.69 58.5
1532602608.71 58.5
1532602618.72 58.5
1532602628.74 59.1
1532602638.76 58.0
1532602648.78 58.5
1532602658.8 58.0
1532602668.82 58.5
1532602678.83 58.0
1532602688.85 58.0
1532602698.86 58.0
1532602708.88 58.0
1532602718.9 58.0
1532602728.91 58.5
1532602738.93 58.0
1532602748.95 57.5
1532602758.97 58.0
1532602768.99 56.9
1532602779.0 58.0
1532602789.01 57.5
1532602799.03 57.5
1532602809.05 59.6
1532602819.07 59.1
1532602829.09 58.0
1532602839.11 57.5
1532602849.12 58.0
1532602859.13 58.0
1532602869.14 57.5
1532602879.15 58.0
1532602889.17 57.5
1532602899.18 58.0
1532602909.21 57.5
1532602919.23 56.9
1532602929.24 58.0
1532602939.26 58.0
1532602949.27 56.9
1532602959.29 57.5
1532602969.31 56.9
1532602979.33 56.9
1532602989.35 56.9
1532602999.37 56.9
1532603009.39 56.9
1532603019.41 56.4
1532603029.42 56.9
1532603039.44 56.4
1532603049.46 56.4
1532603059.48 56.9
1532603069.5 55.8
1532603079.52 55.8
1532603089.54 55.8
1532603099.56 55.8
1532603109.58 55.8
1532603119.69 55.8
1532603129.71 56.4
1532603139.73 55.8
1532603149.74 55.8
1532603159.76 55.8
1532603169.78 56.4
1532603179.79 56.4
1532603189.81 56.4
1532603199.82 56.4
1532603209.85 55.8
1532603219.86 56.4
1532603229.88 56.9
1532603239.9 55.8
1532603249.92 56.4
1532603259.94 56.9
1532603269.96 56.4
1532603279.98 56.4
1532603290.0 57.5
1532603300.01 55.8
1532603310.03 56.9
1532603320.04 56.9
1532603330.06 56.9
1532603340.08 56.4
1532603350.11 56.4
1532603360.13 56.4
1532603370.14 56.9
1532603380.16 56.4
1532603390.17 56.9
1532603400.19 56.9
1532603410.21 56.9
1532603420.22 56.9
1532603430.24 56.9
1532603440.26 56.4
1532603450.29 56.9
1532603460.31 56.9
1532603470.32 56.9
1532603480.33 56.9
1532603490.34 57.5
1532603500.35 57.5
1532603510.37 57.5
1532603520.38 58.0
1532603530.4 56.9
1532603540.41 56.9
1532603550.42 56.9
1532603560.44 58.0
1532603570.45 56.9
1532603580.47 58.0
1532603590.48 57.5
1532603600.5 57.5
1532603610.52 56.9
1532603620.53 58.0
1532603630.55 58.0
1532603640.55 58.0
1532603650.57 58.0
1532603660.58 58.0
1532603670.59 58.0
1532603680.61 58.0
1532603690.62 58.0
1532603700.64 58.0
1532603710.65 58.5
1532603720.66 58.0
1532603730.68 58.5
1532603740.69 58.0
1532603750.71 58.5
1532603760.72 58.5
1532603770.74 58.0
1532603780.76 58.5
1532603790.78 58.0
1532603800.79 58.0
1532603810.81 58.0
1532603820.82 58.0
1532603830.84 58.0
1532603840.86 58.0
1532603850.88 58.0
1532603860.89 58.0
1532603870.9 58.0
1532603880.92 58.0
1532603890.94 58.0
1532603900.94 58.5
1532603910.96 58.5
1532603920.97 59.1
1532603930.99 58.0
1532603941.01 58.0
1532603951.02 58.5
1532603961.04 58.0
1532603971.05 58.5
1532603981.07 58.0
1532603991.09 57.5
1532604001.1 58.5
1532604011.11 58.5
1532604021.12 59.1
1532604031.14 58.0
1532604041.15 59.1
1532604051.16 58.5
1532604061.18 58.5
1532604071.19 59.1
1532604081.2 59.1
1532604091.21 59.1
1532604101.23 59.1
1532604111.25 59.1
1532604121.27 59.1
1532604131.28 59.1
1532604141.29 59.1
1532604151.31 59.1
1532604161.32 59.1
1532604171.34 59.1
1532604181.35 59.1
1532604191.37 59.1
1532604201.39 59.1
1532604211.41 58.5
1532604221.42 59.1
1532604231.43 59.1
1532604241.45 59.1
1532604251.46 59.1
1532604261.48 58.5
1532604271.5 59.1
1532604281.51 58.5
1532604291.53 59.1
1532604301.54 59.1
1532604311.56 59.1
1532604321.58 59.1
1532604331.59 58.5
1532604341.62 58.5
1532604351.65 58.5
1532604361.67 59.1
1532604371.69 59.1
1532604381.7 59.1
1532604391.72 59.1
1532604401.74 58.0
1532604411.75 59.1
1532604421.77 59.1
1532604431.79 59.1
1532604441.8 60.1
1532604451.81 59.1
1532604461.82 59.1
1532604471.83 60.1
1532604481.85 59.1
1532604491.86 59.1
1532604501.88 59.6
1532604511.89 58.5
1532604521.91 59.1
1532604531.92 60.1
1532604541.94 59.1
1532604551.96 59.1
1532604561.98 59.1
1532604571.99 59.1
1532604582.01 59.1
1532604592.03 59.6
1532604602.04 58.5
1532604612.06 59.1
1532604622.07 59.1
1532604632.09 59.1
1532604642.11 59.1
1532604652.12 59.1
1532604662.14 59.1
1532604672.15 59.1
1532604682.17 59.1
1532604692.18 59.6
1532604702.19 59.1
1532604712.21 59.1
1532604722.22 59.6
1532604732.24 59.1
1532604742.26 58.0
1532604752.27 58.5
1532604762.29 59.1
1532604772.3 58.5
1532604782.32 58.5
1532604792.34 59.1
1532604802.36 59.1
1532604812.38 58.5
1532604822.39 59.1
1532604832.41 59.1
1532604842.42 60.1
1532604852.44 59.6
1532604862.45 59.1
1532604872.47 59.1
1532604882.48 59.6
1532604892.5 60.1
1532604902.51 60.1
1532604912.53 60.1
1532604922.54 60.7
1532604932.56 60.1
1532604942.57 60.1
1532604952.59 60.1
1532604962.61 59.1
1532604972.64 59.6
1532604982.65 59.1
1532604992.67 60.1
1532605002.68 60.1
1532605012.7 60.1
1532605022.72 59.1
1532605032.73 59.6
1532605042.75 59.6
1532605052.76 60.1
1532605062.78 59.1
1532605072.79 59.6
1532605082.81 59.6
1532605092.83 59.1
1532605102.85 58.5
1532605112.87 59.1
1532605122.88 60.1
1532605132.9 59.6
1532605142.91 60.1
1532605152.92 60.1
1532605162.94 59.6
1532605172.95 59.1
1532605182.97 60.1
1532605192.99 60.1
1532605203.0 60.1
1532605213.02 60.1
1532605223.04 60.1
1532605233.06 60.1
1532605243.07 60.7
1532605253.09 60.1
1532605263.1 60.7
1532605273.12 60.1
1532605283.13 60.1
1532605293.14 60.1
1532605303.16 60.7
1532605313.17 60.1
1532605323.19 60.7
1532605333.21 60.1
1532605343.23 60.1
1532605353.25 60.1
1532605363.27 60.1
1532605373.3 60.1
1532605383.32 60.1
1532605393.33 60.7
1532605403.35 60.1
1532605413.37 60.1
1532605423.39 60.1
1532605433.4 59.6
1532605443.43 59.6
1532605453.44 59.6
1532605463.45 59.1
1532605473.47 60.1
1532605483.48 59.6
1532605493.49 60.1
1532605503.51 60.1
1532605513.52 59.6
1532605523.54 59.1
1532605533.56 59.1
1532605543.58 59.1
1532605553.59 59.1
1532605563.61 59.1
1532605573.62 59.1
1532605583.64 58.5
1532605593.66 59.1
1532605603.68 59.1
1532605613.69 59.1
1532605623.71 59.6
1532605633.73 59.6
1532605643.74 59.1
1532605653.76 59.6
1532605663.78 59.6
1532605673.79 59.1
1532605683.8 59.1
1532605693.82 58.5
1532605703.84 60.1
1532605713.85 59.6
1532605723.86 59.1
1532605733.88 59.1
1532605743.89 59.1
1532605753.91 59.6
1532605763.93 59.1
1532605773.95 60.1
1532605783.96 59.1
1532605793.98 59.1
1532605804.0 59.6
1532605814.01 59.6
1532605824.03 59.1
1532605834.05 59.6
1532605844.06 60.1
1532605854.08 60.1
1532605864.1 60.1
1532605874.12 59.6
1532605884.13 60.1
1532605894.15 60.1
1532605904.17 60.1
1532605914.19 60.1
1532605924.21 60.7
1532605934.22 60.1
1532605944.23 60.1
1532605954.25 60.7
1532605964.26 60.1
1532605974.27 60.7
1532605984.29 60.7
1532605994.3 60.7
1532606004.31 60.7
1532606014.33 60.7
1532606024.34 60.7
1532606034.36 60.7
1532606044.37 60.1
1532606054.39 60.7
1532606064.4 60.1
1532606074.41 60.1
1532606084.43 60.7
1532606094.45 60.7
1532606104.47 60.1
1532606114.49 61.2
1532606124.51 60.7
1532606134.52 60.7
1532606144.54 60.7
1532606154.55 60.7
1532606164.56 60.7
1532606174.58 60.7
1532606184.6 60.7
1532606194.61 61.2
1532606204.63 61.2
1532606214.64 60.1
1532606224.66 59.6
1532606234.67 61.2
1532606244.69 60.1
1532606254.71 60.7
1532606264.72 60.1
1532606274.74 60.1
1532606284.76 60.7
1532606294.77 60.1
1532606304.79 60.1
1532606314.8 60.1
1532606324.82 60.1
1532606334.84 60.1
1532606344.86 60.1
1532606354.87 60.1
1532606364.89 60.7
1532606374.91 60.7
1532606384.93 60.7
1532606394.94 60.7
