1532900001.71 72.5
1532900011.73 73.1
1532900021.73 73.1
1532900031.75 72.5
1532900041.77 72.0
1532900051.79 73.1
1532900061.8 72.0
1532900071.82 71.4
1532900081.83 72.0
1532900091.85 72.0
1532900101.86 71.4
1532900111.87 71.4
1532900121.89 72.0
1532900131.9 72.0
1532900141.92 71.4
1532900151.95 70.9
1532900161.96 71.4
1532900171.98 71.4
1532900182.0 71.4
1532900192.01 71.4
1532900202.03 71.4
1532900212.05 72.0
1532900222.06 71.4
1532900232.08 71.4
1532900242.09 70.9
1532900252.11 70.9
1532900262.12 71.4
1532900272.14 71.4
1532900282.16 70.4
1532900292.18 70.4
1532900302.19 70.4
1532900312.21 70.9
1532900322.22 70.4
1532900332.24 70.9
1532900342.26 70.4
1532900352.28 69.8
1532900362.29 70.4
1532900372.31 70.9
1532900382.32 70.4
1532900392.33 70.9
1532900402.35 70.9
1532900412.37 70.9
1532900422.38 70.4
1532900432.4 70.9
1532900442.42 70.4
1532900452.44 70.4
1532900462.46 69.8
1532900472.48 69.8
1532900482.5 69.8
1532900492.51 69.8
1532900502.53 69.8
1532900512.54 69.8
1532900522.56 69.8
1532900532.58 68.8
1532900542.59 69.8
1532900552.61 69.3
1532900562.63 69.3
1532900572.65 69.3
1532900582.67 69.3
1532900592.69 69.3
1532900602.71 69.3
1532900612.72 69.3
1532900622.74 68.8
1532900632.76 69.3
1532900642.78 69.3
1532900652.79 69.8
1532900662.81 69.3
1532900672.83 69.3
1532900682.84 69.3
1532900692.86 69.3
1532900702.88 68.8
1532900712.89 69.3
1532900722.91 69.8
1532900732.93 68.8
1532900742.95 68.8
1532900752.96 69.3
1532900762.97 68.8
1532900773.0 68.8
1532900783.02 68.2
1532900793.03 68.8
1532900803.05 68.8
1532900813.07 67.7
1532900823.09 68.2
1532900833.11 68.8
1532900843.12 68.8
1532900853.14 68.2
1532900863.16 68.8
1532900873.18 68.8
1532900883.19 69.3
1532900893.21 68.8
1532900903.23 68.8
1532900913.24 69.3
1532900923.26 69.8
1532900933.27 69.3
1532900943.29 68.8
1532900953.3 69.3
1532900963.32 69.3
1532900973.34 68.8
1532900983.35 68.8
1532900993.36 69.3
1532901003.38 68.8
1532901013.4 69.3
1532901023.42 68.8
1532901033.43 68.8
1532901043.44 69.3
1532901053.46 69.8
1532901063.47 69.8
1532901073.48 69.8
1532901083.5 69.8
1532901093.52 69.8
1532901103.53 69.8
1532901113.55 69.3
1532901123.57 69.3
1532901133.58 69.8
1532901143.6 69.8
1532901153.61 69.3
1532901163.63 70.4
1532901173.64 69.3
1532901183.66 69.3
1532901193.68 69.8
1532901203.69 70.4
1532901213.71 70.4
1532901223.73 70.4
1532901233.75 70.4
1532901243.76 70.9
1532901253.78 69.8
1532901263.8 69.8
1532901273.81 69.8
1532901283.82 69.8
1532901293.83 69.8
1532901303.85 70.4
1532901313.86 70.4
1532901323.88 70.4
1532901333.9 69.8
1532901343.92 69.8
1532901353.93 70.9
1532901363.95 69.8
1532901373.96 70.9
1532901383.98 70.4
1532901394.0 70.4
1532901404.02 70.9
1532901414.03 70.9
1532901424.05 70.9
1532901434.07 70.4
1532901444.08 70.9
1532901454.1 71.4
1532901464.11 70.9
1532901474.13 70.9
1532901484.14 70.9
1532901494.16 70.9
1532901504.17 70.9
1532901514.19 70.9
1532901524.21 70.9
1532901534.22 71.4
1532901544.24 70.9
1532901554.26 71.4
1532901564.27 71.4
1532901574.28 71.4
1532901584.3 70.9
1532901594.32 70.9
1532901604.34 70.9
1532901614.36 73.1
1532901624.38 70.9
1532901634.4 71.4
1532901644.41 71.4
1532901654.43 70.9
1532901664.44 71.4
1532901674.46 70.9
1532901684.48 70.9
1532901694.49 71.4
1532901704.51 70.9
1532901714.53 70.9
1532901724.55 70.9
1532901734.57 70.9
1532901744.58 70.9
1532901754.59 70.4
1532901764.61 70.4
1532901774.63 70.4
1532901784.64 70.9
1532901794.66 71.4
1532901804.67 69.8
1532901814.69 70.9
1532901824.71 70.9
1532901834.72 70.9
1532901844.75 69.8
1532901854.76 70.9
1532901864.78 70.4
1532901874.8 70.4
1532901884.82 70.9
1532901894.83 69.8
1532901904.85 70.4
1532901914.86 70.4
1532901924.88 70.9
1532901934.89 70.9
1532901944.9 70.4
1532901954.91 70.9
1532901964.92 69.8
1532901974.94 70.4
1532901984.96 70.9
1532901994.97 70.9
1532902004.99 70.9
1532902015.0 70.9
1532902025.02 70.9
1532902035.03 70.9
1532902045.05 70.9
1532902055.07 70.9
1532902065.09 70.9
1532902075.11 70.9
1532902085.13 71.4
1532902095.15 70.9
1532902105.17 71.4
1532902115.18 71.4
1532902125.2 70.9
1532902135.21 71.4
1532902145.23 71.4
1532902155.24 70.9
1532902165.25 70.9
1532902175.27 70.9
1532902185.28 71.4
1532902195.3 70.9
1532902205.31 70.9
1532902215.33 71.4
1532902225.35 70.9
1532902235.37 70.9
1532902245.38 70.9
1532902255.4 71.4
1532902265.41 70.9
1532902275.42 71.4
1532902285.44 71.4
1532902295.46 71.4
1532902305.47 71.4
1532902315.48 70.9
1532902325.49 70.9
1532902335.51 71.4
1532902345.53 70.9
1532902355.55 70.4
1532902365.57 70.9
1532902375.58 70.9
1532902385.59 71.4
1532902395.61 70.9
1532902405.63 70.9
1532902415.65 71.4
1532902425.66 71.4
1532902435.67 71.4
1532902445.69 70.9
1532902455.71 70.9
1532902465.73 71.4
1532902475.74 70.9
1532902485.76 70.9
1532902495.77 71.4
1532902505.79 71.4
1532902515.81 70.9
1532902525.82 70.9
1532902535.83 70.9
1532902545.85 70.4
1532902555.88 69.8
1532902565.89 70.9
1532902575.9 70.4
1532902585.92 70.4
1532902595.92 69.8
1532902605.93 70.9
1532902615.95 70.9
1532902625.96 70.9
1532902635.98 70.4
1532902645.99 70.9
1532902656.01 70.4
1532902666.02 70.4
1532902676.04 70.4
1532902686.06 69.8
1532902696.07 69.8
1532902706.08 69.8
1532902716.1 69.3
1532902726.12 69.3
1532902736.14 68.8
1532902746.16 69.3
1532902756.18 68.8
1532902766.2 68.8
1532902776.22 68.8
1532902786.23 69.3
1532902796.25 68.8
1532902806.26 68.8
1532902816.28 68.8
1532902826.29 68.8
1532902836.32 68.8
1532902846.34 67.7
1532902856.36 68.8
1532902866.37 69.3
1532902876.39 68.8
1532902886.4 68.8
1532902896.42 68.8
1532902906.44 68.8
1532902916.46 68.8
1532902926.47 69.3
1532902936.49 68.8
1532902946.51 67.7
1532902956.53 68.8
1532902966.54 69.3
1532902976.56 68.8
1532902986.57 68.8
1532902996.59 68.8
1532903006.61 68.8
1532903016.62 68.8
1532903026.64 68.2
1532903036.66 68.8
1532903046.68 68.2
1532903056.7 68.8
1532903066.71 69.3
1532903076.73 68.8
1532903086.75 68.8
1532903096.77 67.7
1532903106.78 68.8
1532903116.8 68.2
1532903126.82 67.7
1532903136.83 67.7
1532903146.84 67.7
1532903156.86 67.7
1532903166.88 67.7
1532903176.9 67.7
1532903186.92 67.7
1532903196.92 67.1
1532903206.94 67.7
1532903216.95 67.7
1532903226.97 67.7
1532903236.99 67.7
1532903247.0 67.7
1532903257.01 67.7
1532903267.03 67.7
1532903277.05 67.7
1532903287.07 68.8
1532903297.08 68.8
1532903307.1 68.8
1532903317.12 67.7
1532903327.13 67.7
1532903337.15 67.7
1532903347.17 67.1
1532903357.18 67.7
1532903367.21 67.7
1532903377.22 67.7
1532903387.24 67.7
1532903397.26 67.1
1532903407.27 68.2
1532903417.29 67.7
1532903427.31 67.7
1532903437.33 67.7
1532903447.34 67.7
1532903457.35 67.7
1532903467.37 67.7
1532903477.39 67.7
1532903487.4 67.7
1532903497.42 68.2
1532903507.43 68.8
1532903517.44 67.7
1532903527.46 67.1
1532903537.48 68.8
1532903547.49 67.7
1532903557.51 68.2
1532903567.52 67.7
1532903577.54 67.7
1532903587.56 67.7
1532903597.57 67.1
1532903607.59 68.2
1532903617.6 67.7
1532903627.62 67.7
1532903637.63 67.7
1532903647.66 67.1
1532903657.67 67.7
1532903667.69 67.7
1532903677.71 67.7
1532903687.73 68.2
1532903697.75 67.1
1532903707.76 67.1
1532903717.78 67.1
1532903727.79 67.7
1532903737.81 67.7
1532903747.82 67.1
1532903757.84 67.1
1532903767.85 67.7
1532903777.86 67.1
1532903787.88 67.1
1532903797.9 67.1
1532903807.92 67.7
1532903817.94 67.1
1532903827.95 67.7
1532903837.97 66.6
1532903847.99 66.6
1532903858.01 65.5
1532903868.03 65.5
1532903878.05 66.6
1532903888.06 66.1
1532903898.07 66.6
1532903908.08 66.6
1532903918.1 66.6
1532903928.12 66.6
1532903938.13 66.6
1532903948.14 66.6
1532903958.15 66.6
1532903968.17 66.6
1532903978.19 66.6
1532903988.21 67.1
1532903998.22 66.1
1532904008.24 66.1
1532904018.26 66.6
1532904028.28 66.1
1532904038.29 65.5
1532904048.31 66.6
1532904058.33 66.1
1532904068.34 65.5
1532904078.36 66.6
1532904088.37 66.6
1532904098.39 65.5
1532904108.41 66.1
1532904118.43 65.5
1532904128.45 65.0
1532904138.47 65.0
1532904148.49 64.5
1532904158.51 65.5
1532904168.53 66.1
1532904178.54 65.5
1532904188.56 66.1
1532904198.57 66.6
1532904208.59 65.5
1532904218.61 65.5
1532904228.62 66.1
1532904238.64 65.5
1532904248.66 66.6
1532904258.68 66.6
1532904268.69 66.1
1532904278.71 66.6
1532904288.73 66.6
1532904298.74 66.6
1532904308.76 66.6
1532904318.77 66.6
1532904328.79 66.6
1532904338.82 66.1
1532904348.84 66.1
1532904358.85 67.1
1532904368.87 67.1
1532904378.89 67.1
1532904388.91 67.1
1532904398.93 66.6
1532904408.94 66.6
1532904418.96 66.6
1532904428.98 66.6
1532904439.0 66.6
1532904449.01 66.6
1532904459.03 66.6
1532904469.04 66.6
1532904479.06 66.6
1532904489.08 66.6
1532904499.09 66.6
1532904509.11 66.1
1532904519.12 66.6
1532904529.14 66.6
1532904539.16 65.5
1532904549.18 66.6
1532904559.2 66.6
1532904569.21 66.6
1532904579.23 66.6
1532904589.24 66.6
1532904599.26 66.6
1532904609.28 66.6
1532904619.3 66.6
1532904629.31 66.6
1532904639.33 66.6
1532904649.35 65.5
1532904659.36 65.5
1532904669.38 65.5
1532904679.4 65.5
1532904689.41 65.5
1532904699.43 65.5
1532904709.44 66.6
1532904719.45 66.6
1532904729.47 66.6
1532904739.49 66.6
1532904749.5 65.5
1532904759.52 66.6
1532904769.53 66.1
1532904779.56 66.6
1532904789.58 66.6
1532904799.59 66.1
1532904809.61 66.6
1532904819.62 65.5
1532904829.64 66.6
1532904839.65 66.1
1532904849.68 65.5
1532904859.69 65.5
1532904869.71 65.5
1532904879.73 65.5
1532904889.74 65.5
1532904899.76 66.1
1532904909.77 65.0
1532904919.79 66.1
1532904929.81 65.5
1532904939.82 65.5
1532904949.84 65.5
1532904959.85 66.1
1532904969.87 65.5
1532904979.88 66.1
1532904989.9 65.5
1532904999.92 65.0
1532905009.94 65.5
1532905019.96 65.5
1532905029.97 66.1
1532905039.99 66.1
1532905050.01 65.5
1532905060.03 65.5
1532905070.04 65.5
1532905080.06 65.5
1532905090.08 65.5
1532905100.09 65.5
1532905110.11 65.5
1532905120.12 65.5
1532905130.14 65.0
1532905140.16 65.5
1532905150.17 65.5
1532905160.19 65.5
1532905170.21 65.5
1532905180.23 65.5
1532905190.25 65.5
1532905200.26 65.5
1532905210.28 65.5
1532905220.3 65.5
1532905230.32 65.5
1532905240.33 65.0
1532905250.35 65.5
1532905260.37 65.5
1532905270.39 65.5
1532905280.4 65.0
1532905290.41 65.5
1532905300.43 65.5
1532905310.44 65.5
1532905320.46 65.5
1532905330.47 65.5
1532905340.49 65.5
1532905350.5 66.6
1532905360.51 66.1
1532905370.52 66.1
1532905380.54 65.5
1532905390.56 66.6
1532905400.57 65.5
1532905410.59 65.5
1532905420.6 65.5
1532905430.62 65.5
1532905440.63 66.1
1532905450.64 66.1
1532905460.66 65.5
1532905470.67 65.5
1532905480.68 65.5
1532905490.7 65.5
1532905500.71 65.5
1532905510.73 65.5
1532905520.74 65.0
1532905530.76 65.5
1532905540.77 65.0
1532905550.78 65.5
1532905560.79 65.0
1532905570.8 65.5
1532905580.82 65.5
1532905590.84 65.0
1532905600.85 65.5
1532905610.86 65.5
1532905620.88 65.5
1532905630.89 65.0
1532905640.9 65.5
1532905650.92 65.0
1532905660.93 65.0
1532905670.95 65.0
1532905680.97 64.5
1532905690.98 65.5
1532905701.0 65.5
1532905711.01 65.0
1532905721.03 65.0
1532905731.05 65.5
1532905741.06 64.5
1532905751.08 65.5
1532905761.1 65.0
1532905771.11 65.0
1532905781.13 65.5
1532905791.14 65.0
1532905801.15 64.5
1532905811.17 65.5
1532905821.21 65.0
1532905831.23 65.0
1532905841.24 64.5
1532905851.25 65.5
1532905861.27 65.0
1532905871.28 64.5
1532905881.29 65.5
1532905891.31 64.5
1532905901.32 65.0
1532905911.34 65.5
1532905921.35 65.5
1532905931.37 65.0
1532905941.38 65.5
1532905951.4 65.5
1532905961.42 65.0
1532905971.44 65.0
1532905981.46 65.0
1532905991.48 65.5
1532906001.49 65.0
1532906011.51 64.5
1532906021.52 65.0
1532906031.53 65.5
1532906041.55 65.0
1532906051.57 65.0
1532906061.58 65.0
1532906071.59 65.5
1532906081.61 65.0
1532906091.63 65.0
1532906101.64 65.0
1532906111.65 65.0
1532906121.67 64.5
1532906131.69 65.0
1532906141.71 65.5
1532906151.72 64.5
1532906161.75 65.5
1532906171.77 65.5
1532906181.78 65.5
1532906191.79 65.5
1532906201.8 65.5
1532906211.82 65.5
1532906221.84 65.5
1532906231.86 65.5
1532906241.87 65.0
1532906251.88 65.5
1532906261.89 65.5
1532906271.9 65.5
1532906281.92 65.5
1532906291.94 65.5
1532906301.95 65.5
1532906311.97 65.5
1532906321.99 65.0
1532906332.0 64.5
1532906342.02 65.5
1532906352.03 64.5
1532906362.05 65.0
1532906372.06 64.5
1532906382.08 65.0
1532906392.1 64.5
1532906402.11 65.0
1532906412.12 64.5
1532906422.14 64.5
1532906432.15 64.5
1532906442.17 64.5
1532906452.2 64.5
1532906462.21 64.5
1532906472.23 64.5
1532906482.24 64.5
1532906492.26 65.0
1532906502.28 64.5
1532906512.29 64.5
1532906522.31 65.0
1532906532.32 65.0
1532906542.34 65.0
1532906552.35 65.0
1532906562.36 65.0
1532906572.37 65.0
1532906582.39 65.0
1532906592.4 65.0
1532906602.42 65.0
1532906612.44 64.5
1532906622.46 64.5
1532906632.47 65.0
1532906642.49 64.5
1532906652.5 64.5
1532906662.51 65.0
1532906672.53 64.5
1532906682.54 65.0
1532906692.56 63.9
1532906702.58 64.5
1532906712.59 64.5
1532906722.61 64.5
1532906732.63 64.5
1532906742.65 63.4
1532906752.66 64.5
1532906762.69 64.5
1532906772.7 64.5
1532906782.72 64.5
1532906792.74 64.5
1532906802.75 64.5
1532906812.78 63.9
1532906822.8 64.5
1532906832.81 64.5
1532906842.83 63.9
1532906852.85 63.4
1532906862.88 63.9
1532906872.9 64.5
1532906882.92 64.5
1532906892.92 64.5
1532906902.94 64.5
1532906912.95 64.5
1532906922.97 63.9
1532906932.99 63.9
1532906943.01 64.5
1532906953.02 65.0
1532906963.04 63.9
1532906973.05 65.0
1532906983.07 63.4
1532906993.09 63.4
1532907003.1 64.5
1532907013.11 64.5
1532907023.12 64.5
1532907033.14 64.5
1532907043.16 63.4
1532907053.18 64.5
1532907063.2 64.5
1532907073.21 63.9
1532907083.23 63.4
1532907093.25 63.9
1532907103.26 65.0
1532907113.28 63.4
1532907123.3 64.5
1532907133.31 64.5
1532907143.33 63.4
1532907153.35 63.4
1532907163.37 64.5
1532907173.38 63.9
1532907183.4 63.4
1532907193.41 63.4
1532907203.42 63.4
1532907213.45 63.4
1532907223.46 63.4
1532907233.48 63.9
1532907243.49 64.5
1532907253.52 64.5
1532907263.54 63.9
1532907273.55 63.9
1532907283.57 63.4
1532907293.59 64.5
1532907303.61 63.9
1532907313.63 64.5
1532907323.64 64.5
1532907333.66 63.9
1532907343.67 65.0
1532907353.69 63.9
1532907363.71 64.5
1532907373.72 63.9
1532907383.74 64.5
1532907393.75 64.5
1532907403.76 63.9
1532907413.77 64.5
1532907423.79 63.4
1532907433.81 64.5
1532907443.82 64.5
1532907453.84 64.5
1532907463.85 64.5
1532907473.87 64.5
1532907483.88 64.5
1532907493.9 64.5
1532907503.92 64.5
1532907513.93 64.5
1532907523.95 64.5
1532907533.97 64.5
1532907543.98 64.5
1532907553.99 64.5
1532907564.01 65.0
1532907574.02 64.5
1532907584.04 65.0
1532907594.05 64.5
1532907604.07 65.0
1532907614.08 64.5
1532907624.1 64.5
1532907634.12 63.9
1532907644.13 64.5
1532907654.15 63.9
1532907664.16 64.5
1532907674.18 64.5
1532907684.2 64.5
1532907694.22 65.0
1532907704.24 64.5
1532907714.25 64.5
1532907724.27 64.5
1532907734.29 63.9
1532907744.3 63.9
1532907754.32 64.5
1532907764.34 63.4
1532907774.35 63.4
1532907784.37 64.5
1532907794.39 63.9
1532907804.4 63.9
1532907814.42 63.9
1532907824.43 63.4
1532907834.45 63.4
1532907844.46 63.4
1532907854.48 63.4
1532907864.5 63.4
1532907874.51 63.9
1532907884.52 63.9
1532907894.53 63.9
1532907904.54 63.4
1532907914.56 63.4
1532907924.57 63.4
1532907934.59 63.4
1532907944.61 63.4
1532907954.63 63.4
1532907964.65 63.4
1532907974.67 63.4
1532907984.69 63.4
1532907994.7 63.9
1532908004.72 63.9
1532908014.73 63.4
1532908024.75 64.5
1532908034.77 63.9
1532908044.78 64.5
1532908054.8 63.9
1532908064.82 64.5
1532908074.83 64.5
1532908084.85 63.4
1532908094.87 63.9
1532908104.89 64.5
1532908114.9 65.0
1532908124.92 64.5
1532908134.93 64.5
1532908144.95 64.5
1532908154.96 64.5
1532908164.98 64.5
1532908174.99 63.9
1532908185.01 63.9
1532908195.03 63.4
1532908205.04 63.9
1532908215.06 63.9
1532908225.07 63.4
1532908235.09 63.9
1532908245.1 63.4
1532908255.12 63.4
1532908265.13 63.9
1532908275.15 64.5
1532908285.16 63.4
1532908295.18 63.4
1532908305.2 63.4
1532908315.21 63.4
1532908325.23 63.4
1532908335.25 62.8
1532908345.27 62.8
1532908355.28 63.4
1532908365.3 63.4
1532908375.31 63.4
1532908385.32 62.8
1532908395.34 62.8
1532908405.36 62.3
1532908415.37 62.3
1532908425.39 62.3
1532908435.4 62.3
1532908445.42 62.3
1532908455.44 62.8
1532908465.46 62.3
1532908475.47 62.3
1532908485.49 62.3
1532908495.5 62.3
1532908505.52 61.8
1532908515.54 61.8
1532908525.56 62.3
1532908535.58 61.2
1532908545.6 60.7
1532908555.61 61.8
1532908565.63 61.2
1532908575.65 61.2
1532908585.67 61.2
1532908595.69 61.2
1532908605.71 60.7
1532908615.72 61.8
1532908625.74 61.2
1532908635.75 61.8
1532908645.77 61.2
1532908655.78 61.2
1532908665.8 61.8
1532908675.82 62.3
1532908685.83 61.8
1532908695.85 60.7
1532908705.87 62.3
1532908715.89 61.8
1532908725.9 61.8
1532908735.92 62.3
1532908745.94 62.3
1532908755.95 62.3
1532908765.97 62.3
1532908775.99 62.3
1532908786.01 62.3
1532908796.02 62.3
