1532300003.36 61.2
1532300013.38 61.8
1532300023.39 61.8
1532300033.4 61.8
1532300043.42 61.8
1532300053.43 61.2
1532300063.45 62.3
1532300073.47 60.7
1532300083.49 61.8
1532300093.51 61.2
1532300103.53 60.7
1532300113.55 60.7
1532300123.56 61.8
1532300133.58 61.8
1532300143.59 61.8
1532300153.61 61.2
1532300163.63 60.7
1532300173.65 61.2
1532300183.67 61.8
1532300193.68 62.3
1532300203.69 62.3
1532300213.71 62.3
1532300223.72 61.2
1532300233.74 61.2
1532300243.75 62.3
1532300253.76 61.2
1532300263.78 61.2
1532300273.79 61.2
1532300283.81 62.3
1532300293.82 60.7
1532300303.84 61.2
1532300313.85 61.2
1532300323.87 61.8
1532300333.88 61.8
1532300343.9 62.3
1532300353.92 61.2
1532300363.93 61.2
1532300373.95 62.3
1532300383.96 61.2
1532300393.97 61.2
1532300403.98 63.9
1532300414.0 62.3
1532300424.01 61.2
1532300434.03 62.3
1532300444.04 61.8
1532300454.05 61.2
1532300464.07 61.8
1532300474.08 62.3
1532300484.1 62.3
1532300494.11 61.8
1532300504.13 61.8
1532300514.14 62.3
1532300524.16 62.3
1532300534.18 62.3
1532300544.19 62.3
1532300554.21 62.3
1532300564.23 62.8
1532300574.25 62.3
1532300584.27 61.8
1532300594.28 62.3
1532300604.29 62.3
1532300614.31 62.3
1532300624.33 62.3
1532300634.35 62.3
1532300644.36 62.3
1532300654.38 62.3
1532300664.4 61.2
1532300674.42 62.3
1532300684.44 62.3
1532300694.46 62.3
1532300704.47 62.3
1532300714.49 61.2
1532300724.52 61.8
1532300734.53 62.8
1532300744.56 61.8
1532300754.58 62.3
1532300764.59 62.3
1532300774.61 62.3
1532300784.63 62.8
1532300794.64 62.3
1532300804.66 62.3
1532300814.68 62.3
1532300824.7 62.3
1532300834.71 61.8
1532300844.74 62.3
1532300854.77 62.3
1532300864.78 62.3
1532300874.79 61.8
1532300884.8 61.8
1532300894.82 61.8
1532300904.84 61.2
1532300914.85 61.8
1532300924.87 61.8
1532300934.89 62.3
1532300944.9 62.3
1532300954.91 62.3
1532300964.93 61.8
1532300974.95 62.3
1532300984.97 62.3
1532300994.98 62.8
1532301005.0 62.3
1532301015.01 62.3
1532301025.02 62.8
1532301035.04 62.3
1532301045.05 61.8
1532301055.07 62.3
1532301065.09 62.3
1532301075.11 61.8
1532301085.12 62.3
1532301095.14 62.3
1532301105.15 61.8
1532301115.16 61.8
1532301125.18 62.3
1532301135.19 62.3
1532301145.21 62.3
1532301155.22 62.3
1532301165.24 61.2
1532301175.26 61.2
1532301185.27 62.3
1532301195.29 62.3
1532301205.3 62.3
1532301215.31 62.3
1532301225.33 62.3
1532301235.34 62.3
1532301245.37 62.3
1532301255.38 62.3
1532301265.41 62.3
1532301275.42 62.3
1532301285.45 61.8
1532301295.46 62.3
1532301305.48 61.2
1532301315.5 62.3
1532301325.51 62.8
1532301335.53 62.3
1532301345.54 62.3
1532301355.55 62.8
1532301365.57 62.3
1532301375.58 62.8
1532301385.6 62.8
1532301395.61 62.3
1532301405.63 62.3
1532301415.64 62.3
1532301425.66 61.8
1532301435.68 62.3
1532301445.69 61.2
1532301455.71 62.3
1532301465.72 61.2
1532301475.74 61.2
1532301485.75 62.3
1532301495.77 61.8
1532301505.79 62.3
1532301515.81 62.3
1532301525.83 61.8
1532301535.85 62.3
1532301545.86 62.8
1532301555.88 62.3
1532301565.89 61.8
1532301575.91 62.3
1532301585.92 62.3
1532301595.93 61.2
1532301605.95 62.3
1532301615.97 62.3
1532301625.98 62.3
1532301636.0 62.3
1532301646.01 62.3
1532301656.03 62.8
1532301666.04 62.3
1532301676.05 62.3
1532301686.07 62.3
1532301696.08 62.3
1532301706.1 62.8
1532301716.11 62.3
1532301726.13 62.8
1532301736.14 62.8
1532301746.16 62.3
1532301756.17 62.3
1532301766.19 62.8
1532301776.2 63.4
1532301786.22 61.8
1532301796.23 62.8
1532301806.24 62.8
1532301816.26 62.3
1532301826.27 62.3
1532301836.28 62.8
1532301846.3 62.3
1532301856.31 62.3
1532301866.33 62.3
1532301876.35 62.3
1532301886.37 62.3
1532301896.39 62.3
1532301906.4 62.8
1532301916.41 62.3
1532301926.43 62.8
1532301936.46 61.8
1532301946.48 62.8
1532301956.49 62.3
1532301966.51 62.3
1532301976.53 61.8
1532301986.54 62.3
1532301996.56 62.3
1532302006.58 62.3
1532302016.6 62.8
1532302026.62 62.3
1532302036.63 62.3
1532302046.65 62.3
1532302056.66 62.3
1532302066.68 62.3
1532302076.7 61.8
1532302086.72 61.2
1532302096.73 62.3
1532302106.75 62.3
1532302116.77 62.3
1532302126.79 62.8
1532302136.81 61.8
1532302146.83 62.3
1532302156.84 62.3
1532302166.86 62.3
1532302176.87 61.8
1532302186.9 62.3
1532302196.91 62.3
1532302206.93 62.3
1532302216.95 61.8
1532302226.97 62.3
1532302236.98 61.2
1532302247.0 61.2
1532302257.02 61.8
1532302267.04 61.8
1532302277.06 61.2
1532302287.07 62.3
1532302297.09 61.2
1532302307.11 61.2
1532302317.13 62.3
1532302327.15 61.2
1532302337.16 62.3
1532302347.18 62.3
1532302357.2 61.8
1532302367.21 62.3
1532302377.23 62.3
1532302387.25 61.2
1532302397.27 61.8
1532302407.28 61.2
1532302417.3 60.7
1532302427.32 62.3
1532302437.33 62.3
1532302447.35 62.3
1532302457.46 62.3
1532302467.48 62.3
1532302477.49 62.3
1532302487.51 62.3
1532302497.53 62.3
1532302507.55 62.3
1532302517.56 62.3
1532302527.58 62.3
1532302537.6 62.3
1532302547.61 62.3
1532302557.63 62.3
1532302567.64 62.3
1532302577.66 62.3
1532302587.68 61.8
1532302597.69 62.3
1532302607.71 62.3
1532302617.73 61.8
1532302627.74 61.8
1532302637.76 62.3
1532302647.78 61.8
1532302657.79 61.8
1532302667.81 62.3
1532302677.82 62.3
1532302687.84 62.3
1532302697.85 62.3
1532302707.87 61.8
1532302717.89 62.3
1532302727.9 61.8
1532302737.91 61.8
1532302747.93 61.2
1532302757.96 60.1
1532302767.97 61.2
1532302777.98 60.7
1532302788.0 60.7
1532302798.02 60.7
1532302808.04 60.7
1532302818.06 60.7
1532302828.07 60.7
1532302838.1 60.1
1532302848.11 60.1
1532302858.13 60.1
1532302868.15 60.7
1532302878.17 61.2
1532302888.19 61.2
1532302898.21 61.2
1532302908.23 60.7
1532302918.26 61.2
1532302928.27 61.8
1532302938.28 61.2
1532302948.3 60.7
1532302958.32 61.2
1532302968.34 61.2
1532302978.35 61.2
1532302988.36 61.2
1532302998.38 60.7
1532303008.39 61.2
1532303018.42 60.1
1532303028.44 60.7
1532303038.45 60.1
1532303048.48 60.7
1532303058.5 60.1
1532303068.52 60.7
1532303078.53 60.7
1532303088.55 60.1
1532303098.57 60.7
1532303108.59 60.1
1532303118.6 60.1
1532303128.62 60.1
1532303138.64 60.1
1532303148.65 60.1
1532303158.67 60.1
1532303168.68 60.7
1532303178.7 60.1
1532303188.72 60.1
1532303198.73 61.2
1532303208.74 60.7
1532303218.76 60.1
1532303228.78 60.7
1532303238.79 60.7
1532303248.81 60.7
1532303258.82 60.7
1532303268.84 60.7
1532303278.85 61.2
1532303288.86 60.7
1532303298.89 60.7
1532303308.9 60.7
1532303318.91 61.2
1532303328.93 60.1
1532303338.94 60.7
1532303348.95 61.2
1532303358.98 60.7
1532303368.99 61.2
1532303379.01 60.7
1532303389.02 61.2
1532303399.04 60.1
1532303409.06 60.1
1532303419.08 60.7
1532303429.09 61.2
1532303439.1 60.7
1532303449.12 60.1
1532303459.14 60.7
1532303469.16 61.2
1532303479.17 60.7
1532303489.19 60.7
1532303499.2 61.2
1532303509.22 61.2
1532303519.23 60.7
1532303529.25 61.2
1532303539.27 60.7
1532303549.28 61.2
1532303559.3 61.2
1532303569.31 61.2
1532303579.33 60.1
1532303589.34 61.2
1532303599.36 60.7
1532303609.37 60.7
1532303619.38 60.7
1532303629.4 60.1
1532303639.42 60.7
1532303649.44 60.7
1532303659.45 61.2
1532303669.47 60.7
1532303679.48 60.7
1532303689.5 61.2
1532303699.51 60.7
1532303709.52 61.2
1532303719.54 61.2
1532303729.56 60.7
1532303739.58 60.7
1532303749.6 61.2
1532303759.61 60.7
1532303769.63 60.1
1532303779.65 60.7
1532303789.67 60.1
1532303799.68 60.7
1532303809.7 60.1
1532303819.71 61.2
1532303829.73 61.2
1532303839.74 61.2
1532303849.76 60.1
1532303859.78 60.1
1532303869.79 60.7
1532303879.81 60.7
1532303889.84 60.7
1532303899.85 60.7
1532303909.87 61.2
1532303919.88 60.7
1532303929.91 60.1
1532303939.92 60.7
1532303949.94 60.1
1532303959.96 60.1
1532303969.98 60.1
1532303979.99 61.2
1532303990.01 61.2
1532304000.02 60.7
