1532100006.65 74.7
1532100016.66 75.2
1532100026.68 75.2
1532100036.7 74.1
1532100046.71 74.7
1532100056.73 74.1
1532100066.75 73.6
1532100076.77 74.1
1532100086.79 73.1
1532100096.8 74.1
1532100106.82 73.6
1532100116.84 74.1
1532100126.86 74.1
1532100136.88 74.7
1532100146.9 74.1
1532100156.91 73.6
1532100166.93 74.1
1532100176.95 73.6
1532100186.97 73.6
1532100196.98 74.1
1532100206.99 73.6
1532100217.01 74.7
1532100227.03 74.1
1532100237.05 74.1
1532100247.06 74.1
1532100257.08 74.1
1532100267.09 74.1
1532100277.11 74.1
1532100287.13 74.7
1532100297.15 74.1
1532100307.17 73.6
1532100317.18 74.1
1532100327.2 74.1
1532100337.21 74.1
1532100347.22 74.1
1532100357.24 74.7
1532100367.25 74.1
1532100377.26 73.1
1532100387.28 74.1
1532100397.29 74.1
1532100407.31 74.1
1532100417.33 73.6
1532100427.34 74.1
1532100437.36 73.1
1532100447.37 73.6
1532100457.39 74.1
1532100467.4 74.1
1532100477.41 74.1
1532100487.43 74.1
1532100497.45 73.6
1532100507.47 74.1
1532100517.48 73.6
1532100527.5 74.1
1532100537.51 74.1
1532100547.53 73.6
1532100557.54 74.1
1532100567.56 73.1
1532100577.58 73.6
1532100587.59 73.6
1532100597.61 73.1
1532100607.62 72.5
1532100617.64 74.1
1532100627.65 73.1
1532100637.67 73.1
1532100647.69 72.0
1532100657.7 72.0
1532100667.72 72.5
1532100677.74 73.1
1532100687.75 73.6
1532100697.78 72.5
1532100707.8 72.5
1532100717.81 72.5
1532100727.83 73.1
1532100737.84 73.1
1532100747.86 73.6
1532100757.87 72.5
1532100767.89 72.5
1532100777.91 73.6
1532100787.92 73.1
1532100797.93 73.1
1532100807.95 72.5
1532100817.97 72.0
1532100827.98 73.1
1532100837.99 73.1
1532100848.01 74.1
1532100858.03 73.6
1532100868.05 73.6
1532100878.07 73.6
1532100888.09 74.1
1532100898.1 74.1
1532100908.12 74.1
1532100918.13 73.6
1532100928.15 74.1
1532100938.16 74.1
1532100948.18 74.1
1532100958.19 74.1
1532100968.21 74.7
1532100978.23 74.1
1532100988.24 74.1
1532100998.26 74.7
1532101008.27 75.2
1532101018.28 75.2
1532101028.3 75.2
1532101038.31 74.7
1532101048.33 74.1
1532101058.34 74.1
1532101068.36 74.7
1532101078.38 74.1
1532101088.39 75.2
1532101098.42 74.7
1532101108.45 75.2
1532101118.47 74.7
1532101128.48 75.2
1532101138.5 75.2
1532101148.52 75.2
1532101158.53 75.2
1532101168.55 75.2
1532101178.56 75.2
1532101188.58 75.2
1532101198.6 75.2
1532101208.61 75.2
1532101218.63 75.2
1532101228.65 74.7
1532101238.67 75.8
1532101248.68 75.2
1532101258.7 75.8
1532101268.71 75.2
1532101278.73 75.8
1532101288.75 75.2
1532101298.77 75.8
1532101308.78 75.2
1532101318.8 76.3
1532101328.81 75.8
1532101338.83 75.8
1532101348.84 76.3
1532101358.87 75.2
1532101368.88 75.2
1532101378.9 75.2
1532101388.92 75.2
1532101398.95 75.2
1532101408.97 75.2
1532101418.99 75.2
1532101429.01 74.1
1532101439.03 75.2
1532101449.04 75.2
1532101459.06 75.2
1532101469.09 74.1
1532101479.11 74.1
1532101489.12 75.2
1532101499.14 74.1
1532101509.16 74.1
1532101519.18 74.1
1532101529.19 74.1
1532101539.21 74.1
1532101549.22 75.2
1532101559.24 75.2
1532101569.26 74.1
1532101579.27 75.2
1532101589.29 74.1
1532101599.31 74.1
1532101609.33 75.2
1532101619.35 74.7
1532101629.36 75.2
1532101639.38 74.1
1532101649.39 75.2
1532101659.42 74.7
1532101669.43 75.2
1532101679.45 74.1
1532101689.47 74.1
1532101699.48 75.2
1532101709.5 75.2
1532101719.51 75.2
1532101729.52 75.2
1532101739.54 75.2
1532101749.55 75.2
1532101759.58 75.2
1532101769.59 75.2
1532101779.61 75.2
1532101789.63 75.2
1532101799.65 75.2
1532101809.66 74.7
1532101819.68 75.2
1532101829.69 75.2
1532101839.71 75.8
1532101849.73 74.7
1532101859.74 75.2
1532101869.76 75.8
1532101879.78 75.2
1532101889.8 75.8
1532101899.81 75.8
1532101909.84 75.2
1532101919.86 75.2
1532101929.88 75.8
1532101939.89 75.8
1532101949.91 75.8
1532101959.93 76.3
1532101969.94 76.3
1532101979.96 75.2
1532101989.98 75.2
1532102000.0 75.8
1532102010.01 75.8
1532102020.03 75.8
1532102030.04 76.3
1532102040.05 75.8
1532102050.07 75.8
1532102060.09 76.3
1532102070.1 76.3
1532102080.12 75.8
1532102090.14 76.3
1532102100.16 75.8
1532102110.18 75.8
1532102120.19 76.3
1532102130.21 75.8
1532102140.23 75.8
1532102150.24 75.8
1532102160.26 75.2
1532102170.28 75.8
1532102180.29 76.3
1532102190.31 76.3
1532102200.32 76.3
1532102210.33 76.3
1532102220.35 76.3
1532102230.36 75.2
1532102240.38 76.3
1532102250.39 75.8
1532102260.41 75.8
1532102270.43 75.8
1532102280.45 75.8
1532102290.46 75.2
1532102300.48 75.8
1532102310.49 75.2
1532102320.51 75.2
1532102330.53 75.8
1532102340.54 75.2
1532102350.56 75.8
1532102360.58 75.2
1532102370.6 75.2
1532102380.61 76.3
1532102390.63 75.2
1532102400.64 75.8
1532102410.66 76.8
1532102420.68 75.8
1532102430.7 75.2
1532102440.72 75.8
1532102450.74 75.8
1532102460.75 75.8
1532102470.77 75.2
1532102480.79 75.8
1532102490.81 75.2
1532102500.82 75.2
1532102510.84 75.2
1532102520.85 75.2
1532102530.87 74.1
1532102540.89 74.7
1532102550.9 74.7
1532102560.91 75.2
1532102570.93 74.7
1532102580.95 74.1
1532102590.97 74.1
1532102600.99 74.7
1532102611.01 74.1
1532102621.03 74.1
1532102631.05 73.6
1532102641.06 74.1
1532102651.08 74.1
1532102661.09 74.1
1532102671.11 74.7
1532102681.12 74.1
1532102691.13 74.1
1532102701.15 74.1
1532102711.16 74.7
1532102721.18 74.7
1532102731.2 74.7
1532102741.22 74.1
1532102751.24 74.7
1532102761.25 75.2
1532102771.27 75.8
1532102781.29 74.7
1532102791.31 74.1
1532102801.33 75.2
1532102811.35 74.7
1532102821.36 75.2
1532102831.38 75.2
1532102841.39 74.7
1532102851.41 74.7
1532102861.42 74.1
1532102871.44 75.2
1532102881.46 75.2
1532102891.47 74.7
1532102901.49 75.2
1532102911.51 75.2
1532102921.53 75.2
1532102931.54 75.2
1532102941.56 74.7
1532102951.58 75.2
1532102961.59 75.2
1532102971.61 75.2
1532102981.63 75.2
1532102991.65 75.2
1532103001.66 75.2
1532103011.68 75.2
1532103021.71 74.7
1532103031.73 75.2
1532103041.74 74.1
1532103051.76 75.2
1532103061.78 75.2
1532103071.79 74.7
1532103081.81 74.1
1532103091.83 75.2
1532103101.84 75.2
1532103111.86 75.2
1532103121.87 75.2
1532103131.89 75.2
1532103141.91 75.8
1532103151.93 75.8
1532103161.94 75.2
1532103171.96 75.2
1532103181.97 75.2
1532103191.99 75.2
1532103202.01 75.2
1532103212.02 75.2
1532103222.04 75.2
1532103232.05 75.2
1532103242.06 74.7
1532103252.07 75.8
1532103262.08 75.2
1532103272.1 75.2
1532103282.11 75.2
1532103292.13 75.2
1532103302.15 74.1
1532103312.17 75.2
1532103322.18 75.2
1532103332.2 75.2
1532103342.21 75.2
1532103352.24 74.7
1532103362.25 75.2
1532103372.27 75.2
1532103382.28 75.2
1532103392.31 75.2
1532103402.32 75.2
1532103412.34 75.2
1532103422.35 75.2
1532103432.37 74.7
1532103442.39 75.2
1532103452.41 74.1
1532103462.43 74.7
1532103472.44 75.2
1532103482.46 74.1
1532103492.48 74.1
1532103502.49 74.7
1532103512.5 74.1
1532103522.52 73.6
1532103532.54 74.1
1532103542.57 73.1
1532103552.59 73.6
1532103562.6 74.1
1532103572.62 73.6
1532103582.64 73.1
1532103592.65 73.6
1532103602.67 74.1
1532103612.68 74.1
1532103622.69 73.1
1532103632.71 74.1
1532103642.73 73.6
1532103652.75 73.6
1532103662.76 74.1
1532103672.77 73.6
1532103682.79 73.6
1532103692.8 74.1
1532103702.82 73.6
1532103712.84 74.1
1532103722.85 73.6
1532103732.87 74.1
1532103742.88 74.1
1532103752.9 74.1
1532103762.92 74.1
1532103772.94 73.1
1532103782.96 73.1
1532103792.98 73.1
1532103803.0 73.1
1532103813.01 74.1
1532103823.03 73.1
1532103833.04 74.1
1532103843.06 73.6
1532103853.08 73.6
1532103863.09 74.1
1532103873.11 73.6
1532103883.14 73.1
1532103893.15 73.6
1532103903.17 74.1
1532103913.19 73.6
1532103923.2 74.1
1532103933.22 73.1
1532103943.24 73.6
1532103953.26 74.1
1532103963.27 74.1
1532103973.29 73.6
1532103983.31 73.6
1532103993.32 73.6
1532104003.34 73.6
1532104013.36 73.6
1532104023.38 73.1
1532104033.39 74.1
1532104043.41 73.1
1532104053.44 72.5
1532104063.46 73.1
1532104073.48 73.1
1532104083.49 73.6
1532104093.51 73.6
1532104103.53 74.1
1532104113.54 74.1
1532104123.56 74.1
1532104133.58 73.6
1532104143.6 73.6
1532104153.63 74.1
1532104163.65 73.6
1532104173.67 73.6
1532104183.69 74.1
1532104193.71 74.1
1532104203.72 73.6
1532104213.74 74.1
1532104223.76 74.1
1532104233.77 74.1
1532104243.78 74.1
1532104253.8 73.6
1532104263.81 74.1
1532104273.83 74.1
1532104283.84 74.1
1532104293.86 74.1
1532104303.88 74.7
1532104313.89 74.1
1532104323.9 74.1
1532104333.92 74.1
1532104343.93 74.7
1532104353.95 75.2
1532104363.96 74.1
1532104373.98 74.7
1532104384.0 74.1
1532104394.01 75.2
1532104404.03 75.2
1532104414.05 74.7
1532104424.06 75.2
1532104434.08 74.7
1532104444.09 74.1
1532104454.11 74.1
1532104464.13 74.7
1532104474.15 74.1
1532104484.16 74.1
1532104494.18 74.7
1532104504.19 74.1
1532104514.21 74.7
1532104524.23 74.1
1532104534.25 74.1
1532104544.27 74.1
1532104554.28 74.1
1532104564.3 75.2
1532104574.31 75.2
1532104584.33 75.2
1532104594.35 74.1
1532104604.37 75.2
1532104614.38 75.2
1532104624.39 75.2
1532104634.41 75.2
1532104644.43 75.2
1532104654.45 74.7
1532104664.46 75.2
1532104674.48 75.2
1532104684.49 75.2
1532104694.51 75.2
1532104704.53 75.2
1532104714.54 75.2
1532104724.56 75.2
1532104734.57 75.2
1532104744.59 75.2
1532104754.6 75.2
1532104764.61 75.8
1532104774.63 75.2
1532104784.64 75.2
1532104794.66 75.2
1532104804.67 75.2
1532104814.68 75.2
1532104824.7 75.2
1532104834.71 75.2
1532104844.72 75.2
1532104854.74 75.2
1532104864.76 75.2
1532104874.78 75.2
1532104884.8 75.2
1532104894.81 75.2
1532104904.82 75.2
1532104914.83 75.8
1532104924.84 75.2
1532104934.86 75.2
1532104944.87 75.2
1532104954.89 75.8
1532104964.91 75.2
1532104974.93 75.2
1532104984.94 75.2
1532104994.96 75.8
1532105004.97 75.2
1532105014.99 75.8
1532105025.0 75.8
1532105035.02 75.2
1532105045.03 76.3
1532105055.05 75.8
1532105065.06 75.2
1532105075.08 75.8
1532105085.09 75.2
1532105095.11 75.2
1532105105.13 74.1
1532105115.15 74.7
1532105125.17 75.2
1532105135.18 75.8
1532105145.2 74.7
1532105155.21 75.2
1532105165.23 74.1
1532105175.25 75.2
1532105185.26 75.2
1532105195.28 75.2
1532105205.29 75.2
1532105215.31 75.2
1532105225.32 75.2
1532105235.34 74.7
1532105245.35 74.7
1532105255.37 74.7
1532105265.38 75.2
1532105275.4 74.7
1532105285.42 74.1
1532105295.44 74.1
1532105305.46 74.7
1532105315.48 74.7
1532105325.49 74.7
1532105335.51 74.7
1532105345.53 75.2
1532105355.55 73.6
1532105365.56 74.1
1532105375.58 74.1
1532105385.59 75.2
1532105395.61 74.7
1532105405.62 74.1
1532105415.63 74.1
1532105425.66 73.6
1532105435.68 73.6
1532105445.69 73.6
1532105455.71 74.1
1532105465.73 74.1
1532105475.75 74.7
1532105485.76 74.1
1532105495.78 74.1
1532105505.79 74.7
1532105515.81 74.1
1532105525.82 74.1
1532105535.84 74.7
1532105545.86 74.7
1532105555.87 74.1
1532105565.88 74.1
1532105575.9 74.1
1532105585.91 74.1
1532105595.93 74.1
1532105605.94 73.6
1532105615.96 74.1
1532105625.97 74.1
1532105635.99 74.1
1532105646.0 74.7
1532105656.02 74.1
1532105666.03 74.1
1532105676.05 74.1
1532105686.06 74.7
1532105696.08 74.7
1532105706.1 74.7
1532105716.12 74.1
1532105726.13 74.7
1532105736.15 74.7
1532105746.17 74.7
1532105756.19 74.1
1532105766.2 74.7
1532105776.22 75.2
1532105786.24 75.2
1532105796.26 74.7
1532105806.28 74.7
1532105816.29 74.1
1532105826.31 74.1
1532105836.32 74.7
1532105846.34 74.7
1532105856.36 74.1
1532105866.38 73.6
1532105876.39 74.7
1532105886.41 74.7
1532105896.42 74.7
1532105906.43 75.2
1532105916.45 74.1
1532105926.47 74.1
1532105936.49 74.7
1532105946.5 74.7
1532105956.52 74.7
1532105966.55 75.2
1532105976.57 75.2
1532105986.58 75.8
1532105996.6 75.8
