1532000001.72 53.7
1532000011.74 53.2
1532000021.77 53.7
1532000031.78 53.7
1532000041.8 53.7
1532000051.82 53.7
1532000061.84 53.7
1532000071.85 54.2
1532000081.87 54.2
1532000091.88 54.2
1532000101.89 54.8
1532000111.91 54.2
1532000121.92 53.7
1532000131.94 54.2
1532000141.96 54.8
1532000151.98 54.8
1532000162.0 54.2
1532000172.01 54.8
1532000182.03 54.8
1532000192.05 54.8
1532000202.06 55.3
1532000212.08 55.3
1532000222.09 55.8
1532000232.11 54.8
1532000242.13 54.8
1532000252.15 55.3
1532000262.16 54.8
1532000272.18 54.8
1532000282.2 55.8
1532000292.22 55.8
1532000302.23 55.8
1532000312.25 55.8
1532000322.26 55.8
1532000332.28 55.8
1532000342.29 55.8
1532000352.31 55.8
1532000362.33 56.4
1532000372.34 55.8
1532000382.36 55.8
1532000392.37 56.4
1532000402.39 56.4
1532000412.4 56.4
1532000422.42 56.4
1532000432.44 56.9
1532000442.46 56.9
1532000452.47 56.4
1532000462.49 56.9
1532000472.51 56.9
1532000482.52 56.9
1532000492.54 56.4
1532000502.56 56.9
1532000512.57 56.4
1532000522.59 55.8
1532000532.6 56.9
1532000542.62 56.9
1532000552.64 56.4
1532000562.66 56.4
1532000572.67 55.8
1532000582.69 56.4
1532000592.71 56.4
1532000602.73 56.4
1532000612.75 56.9
1532000622.77 56.9
1532000632.78 56.4
1532000642.8 56.4
1532000652.82 55.8
1532000662.83 56.9
1532000672.85 56.4
1532000682.86 55.8
1532000692.89 56.9
1532000702.91 56.9
1532000712.92 55.8
1532000722.95 56.4
1532000732.97 55.8
1532000742.98 56.9
1532000753.0 56.9
1532000763.01 56.4
1532000773.04 55.8
1532000783.06 56.9
1532000793.07 56.4
1532000803.09 56.9
1532000813.11 56.9
1532000823.12 56.9
1532000833.14 56.4
1532000843.15 57.5
1532000853.17 56.9
1532000863.18 57.5
1532000873.2 56.9
1532000883.21 56.9
1532000893.23 56.9
1532000903.25 56.4
1532000913.26 56.4
1532000923.28 56.9
1532000933.3 56.9
1532000943.31 56.9
1532000953.33 56.4
1532000963.35 56.4
1532000973.37 55.8
1532000983.39 56.9
1532000993.4 56.9
1532001003.42 56.4
1532001013.44 56.4
1532001023.46 56.9
1532001033.48 56.4
1532001043.5 56.9
1532001053.53 56.9
1532001063.55 56.9
1532001073.57 56.4
1532001083.58 56.4
1532001093.6 56.9
1532001103.61 56.9
1532001113.63 56.4
1532001123.65 56.4
1532001133.67 56.9
1532001143.68 56.9
1532001153.7 56.9
1532001163.72 56.9
1532001173.74 56.9
1532001183.75 56.9
1532001193.77 56.9
1532001203.79 56.4
1532001213.81 56.9
1532001223.82 56.9
1532001233.84 56.9
1532001243.86 56.4
1532001253.88 56.4
1532001263.9 57.5
1532001273.91 56.9
1532001283.93 56.9
1532001293.96 56.4
1532001303.98 56.9
1532001313.99 56.9
1532001324.01 56.9
1532001334.02 56.9
1532001344.04 56.9
1532001354.06 56.9
1532001364.07 56.4
1532001374.09 56.9
1532001384.11 56.9
1532001394.12 57.5
1532001404.15 56.9
1532001414.17 55.8
1532001424.18 56.4
1532001434.2 56.4
1532001444.22 56.9
1532001454.24 56.9
1532001464.25 56.9
1532001474.27 56.9
1532001484.29 56.9
1532001494.31 57.5
1532001504.33 56.9
1532001514.35 56.9
1532001524.36 56.9
1532001534.38 56.9
1532001544.4 56.9
1532001554.42 56.4
1532001564.44 56.9
1532001574.46 57.5
1532001584.47 56.9
1532001594.49 56.9
1532001604.5 59.1
1532001614.52 58.0
1532001624.54 58.5
1532001634.56 58.0
1532001644.57 58.0
1532001654.59 58.0
1532001664.6 58.0
1532001674.62 58.5
1532001684.63 58.5
1532001694.65 58.0
1532001704.68 58.0
1532001714.69 59.1
1532001724.71 58.5
1532001734.73 59.1
1532001744.75 58.5
1532001754.76 58.0
1532001764.78 58.5
1532001774.8 58.5
1532001784.82 59.1
1532001794.83 58.5
1532001804.85 58.5
1532001814.87 59.1
1532001824.88 59.1
1532001834.89 59.1
1532001844.91 59.1
1532001854.93 59.1
1532001864.95 59.1
1532001874.96 58.5
1532001884.97 58.0
1532001894.98 58.0
1532001905.01 59.1
1532001915.02 59.1
1532001925.04 59.1
1532001935.06 58.5
1532001945.08 59.1
1532001955.1 59.1
1532001965.11 59.1
1532001975.12 58.5
1532001985.14 59.1
1532001995.15 60.1
1532002005.17 59.1
1532002015.19 59.1
1532002025.2 59.6
1532002035.22 59.6
1532002045.23 60.7
1532002055.25 60.1
1532002065.26 60.1
1532002075.28 60.1
1532002085.3 60.1
1532002095.32 60.1
1532002105.33 60.1
1532002115.35 59.6
1532002125.37 60.1
1532002135.39 59.6
1532002145.4 59.1
1532002155.42 59.1
1532002165.44 59.1
1532002175.46 58.5
1532002185.48 59.1
1532002195.5 58.5
1532002205.51 59.1
1532002215.53 58.5
1532002225.55 59.1
1532002235.57 58.0
1532002245.59 58.5
1532002255.6 58.5
1532002265.63 58.0
1532002275.65 58.0
1532002285.67 59.1
1532002295.68 58.0
1532002305.71 58.5
1532002315.72 59.1
1532002325.74 59.1
1532002335.76 59.1
1532002345.77 58.5
1532002355.79 59.6
1532002365.81 59.1
1532002375.82 59.6
1532002385.83 60.1
1532002395.84 59.6
1532002405.86 59.6
1532002415.88 59.6
1532002425.89 59.6
1532002435.91 59.1
1532002445.92 59.1
1532002455.94 60.1
1532002465.95 59.6
1532002475.97 60.1
1532002485.99 59.1
1532002496.0 60.1
1532002506.02 60.1
1532002516.04 60.1
1532002526.06 60.1
1532002536.08 60.7
1532002546.09 60.1
1532002556.11 60.1
1532002566.13 60.1
1532002576.15 60.1
1532002586.16 60.1
1532002596.17 60.7
1532002606.19 60.7
1532002616.2 60.7
1532002626.22 61.2
1532002636.24 60.1
1532002646.26 60.7
1532002656.28 60.1
1532002666.29 60.7
1532002676.31 60.7
1532002686.33 61.2
1532002696.34 61.2
1532002706.36 61.2
1532002716.38 60.7
1532002726.4 60.7
1532002736.42 60.7
1532002746.44 60.7
1532002756.46 60.1
1532002766.47 60.7
1532002776.49 61.2
1532002786.5 60.7
1532002796.52 60.7
1532002806.54 61.2
1532002816.56 61.2
1532002826.57 61.2
1532002836.59 60.1
1532002846.61 60.7
1532002856.63 60.1
1532002866.64 61.2
1532002876.66 60.7
1532002886.68 60.7
1532002896.69 61.2
1532002906.71 60.7
1532002916.72 61.2
1532002926.74 61.2
1532002936.76 60.7
1532002946.77 61.2
1532002956.79 61.2
1532002966.81 60.7
1532002976.83 60.1
1532002986.84 61.2
1532002996.86 60.1
1532003006.88 61.2
1532003016.9 60.7
1532003026.92 61.2
1532003036.93 61.2
1532003046.95 60.7
1532003056.97 61.2
1532003066.98 61.2
1532003077.0 61.2
1532003087.02 60.7
1532003097.03 61.2
1532003107.04 60.7
1532003117.07 60.7
1532003127.08 61.2
1532003137.1 61.2
1532003147.11 61.2
1532003157.12 61.2
1532003167.14 61.2
1532003177.15 61.2
1532003187.17 61.2
1532003197.2 61.2
1532003207.21 61.2
1532003217.23 61.2
1532003227.24 61.8
1532003237.26 61.2
1532003247.28 61.2
1532003257.3 61.2
1532003267.32 61.2
1532003277.34 61.2
1532003287.35 61.8
1532003297.36 61.2
1532003307.38 61.2
1532003317.4 61.2
1532003327.41 61.2
1532003337.43 61.2
1532003347.44 61.2
1532003357.46 61.2
1532003367.47 61.2
1532003377.5 60.7
1532003387.51 61.8
1532003397.53 61.2
1532003407.54 61.8
1532003417.56 61.2
1532003427.57 61.8
1532003437.59 61.8
1532003447.61 61.2
1532003457.62 61.2
1532003467.64 60.1
1532003477.66 60.1
1532003487.68 61.2
1532003497.71 61.8
1532003507.73 61.2
1532003517.75 61.8
1532003527.76 61.2
1532003537.78 61.8
1532003547.79 60.7
1532003557.81 61.2
1532003567.82 61.2
1532003577.84 60.7
1532003587.85 61.2
1532003597.87 61.8
1532003607.88 61.2
1532003617.9 61.8
1532003627.92 61.8
1532003637.93 61.2
1532003647.95 60.7
1532003657.96 61.2
1532003667.98 61.2
1532003678.0 62.3
1532003688.01 61.2
1532003698.03 61.2
1532003708.05 61.2
1532003718.06 62.3
1532003728.07 61.8
1532003738.09 61.2
1532003748.11 62.3
1532003758.13 61.2
1532003768.15 60.7
1532003778.17 61.2
1532003788.19 62.3
1532003798.21 61.8
1532003808.22 62.3
1532003818.24 61.2
1532003828.26 61.8
1532003838.28 61.2
1532003848.29 61.2
1532003858.3 61.8
1532003868.32 61.2
1532003878.34 61.8
1532003888.35 61.2
1532003898.37 61.2
1532003908.39 61.2
1532003918.4 62.3
1532003928.42 62.3
1532003938.43 61.8
1532003948.45 62.3
1532003958.46 62.3
1532003968.48 61.8
1532003978.5 61.8
1532003988.51 61.8
1532003998.53 62.3
1532004008.54 61.8
1532004018.56 62.3
1532004028.58 62.3
1532004038.59 62.3
1532004048.61 62.3
1532004058.62 62.3
1532004068.64 62.3
1532004078.65 62.3
1532004088.67 62.3
1532004098.68 62.3
1532004108.7 62.3
1532004118.72 62.3
1532004128.73 62.3
1532004138.76 62.3
1532004148.78 62.3
1532004158.8 62.3
1532004168.82 62.8
1532004178.83 62.3
1532004188.85 62.3
1532004198.87 62.3
1532004208.88 62.3
1532004218.9 62.3
1532004228.91 62.3
1532004238.93 62.3
1532004248.95 62.3
1532004258.97 63.4
1532004268.99 62.8
1532004279.0 62.3
1532004289.01 62.8
1532004299.03 62.3
1532004309.05 62.3
1532004319.07 62.3
1532004329.09 62.3
1532004339.11 62.3
1532004349.12 62.3
1532004359.13 62.3
1532004369.14 62.3
1532004379.15 62.8
1532004389.17 62.3
1532004399.18 62.3
1532004409.2 62.8
1532004419.21 62.3
1532004429.22 62.8
1532004439.23 63.4
1532004449.24 62.8
1532004459.26 62.3
1532004469.29 62.3
1532004479.3 62.3
1532004489.32 62.8
1532004499.33 62.8
1532004509.35 62.8
1532004519.36 62.8
1532004529.39 62.3
1532004539.4 62.8
1532004549.42 63.4
1532004559.43 62.3
1532004569.46 62.8
1532004579.47 63.4
1532004589.49 63.4
1532004599.5 62.3
1532004609.52 62.8
1532004619.55 62.3
1532004629.56 61.8
1532004639.58 62.3
1532004649.6 62.3
1532004659.62 62.3
1532004669.63 62.8
1532004679.66 62.8
1532004689.68 62.3
1532004699.7 62.3
1532004709.71 62.3
1532004719.74 61.8
1532004729.76 62.3
1532004739.78 62.3
1532004749.8 62.8
1532004759.81 62.3
1532004769.83 62.3
1532004779.85 62.3
1532004789.86 63.4
1532004799.88 62.8
1532004809.89 62.8
1532004819.92 62.3
1532004829.93 62.8
1532004839.95 62.8
1532004849.96 62.8
1532004859.99 63.4
1532004870.0 62.8
1532004880.02 62.8
1532004890.03 63.4
1532004900.06 63.4
1532004910.08 62.8
1532004920.1 62.3
1532004930.12 63.4
1532004940.13 62.8
1532004950.15 63.4
1532004960.17 63.4
1532004970.19 63.4
1532004980.21 63.4
1532004990.23 63.4
1532005000.24 63.4
1532005010.26 62.8
1532005020.28 62.8
1532005030.29 63.4
1532005040.31 63.4
1532005050.33 63.4
1532005060.34 64.5
1532005070.36 63.9
1532005080.38 63.4
1532005090.4 63.9
1532005100.42 64.5
1532005110.44 64.5
1532005120.46 64.5
1532005130.48 62.8
1532005140.49 64.5
1532005150.51 64.5
1532005160.53 64.5
1532005170.54 64.5
1532005180.56 64.5
1532005190.59 63.9
1532005200.6 64.5
1532005210.62 64.5
1532005220.63 65.0
1532005230.64 64.5
1532005240.66 63.9
1532005250.67 64.5
1532005260.69 64.5
1532005270.71 65.0
1532005280.72 65.0
1532005290.73 65.0
1532005300.75 64.5
1532005310.76 64.5
1532005320.78 64.5
1532005330.8 63.4
1532005340.82 64.5
1532005350.84 64.5
1532005360.86 64.5
1532005370.89 64.5
1532005380.9 64.5
1532005390.91 64.5
1532005400.93 64.5
1532005410.94 65.0
1532005420.96 64.5
1532005430.97 65.0
1532005440.99 65.0
1532005451.0 64.5
1532005461.02 64.5
1532005471.04 65.5
1532005481.05 65.5
1532005491.08 65.0
1532005501.09 65.0
1532005511.11 64.5
1532005521.13 65.0
1532005531.14 64.5
1532005541.16 65.0
1532005551.17 65.5
1532005561.18 65.0
1532005571.19 65.0
1532005581.21 65.0
1532005591.22 65.0
1532005601.24 65.5
1532005611.25 65.0
1532005621.27 65.5
1532005631.29 64.5
1532005641.31 64.5
1532005651.33 64.5
1532005661.35 64.5
1532005671.37 65.0
1532005681.38 65.0
1532005691.4 65.0
1532005701.41 65.0
1532005711.43 65.0
1532005721.45 65.0
1532005731.46 65.0
1532005741.48 65.0
1532005751.49 65.0
1532005761.52 65.0
1532005771.54 64.5
1532005781.56 64.5
1532005791.58 65.0
1532005801.59 64.5
1532005811.61 64.5
1532005821.63 65.0
1532005831.65 64.5
1532005841.67 64.5
1532005851.69 65.0
1532005861.71 65.0
1532005871.73 65.0
1532005881.75 65.0
1532005891.76 65.0
1532005901.78 64.5
1532005911.8 64.5
1532005921.81 65.0
1532005931.83 64.5
1532005941.84 65.0
1532005951.86 65.5
1532005961.88 65.0
1532005971.9 65.0
1532005981.91 65.0
1532005991.95 64.5
1532006001.97 65.5
1532006011.98 65.0
1532006022.0 65.5
1532006032.01 65.5
1532006042.03 65.5
1532006052.05 66.1
1532006062.06 66.1
1532006072.07 65.5
1532006082.09 65.5
1532006092.1 65.5
1532006102.12 65.5
1532006112.14 66.6
1532006122.15 66.6
1532006132.17 66.6
1532006142.18 66.6
1532006152.2 66.1
1532006162.21 66.6
1532006172.23 66.6
1532006182.24 66.6
1532006192.25 66.6
1532006202.27 66.6
1532006212.29 66.6
1532006222.3 66.6
1532006232.32 66.6
1532006242.34 66.6
1532006252.37 66.1
1532006262.38 66.6
1532006272.4 66.1
1532006282.42 66.1
1532006292.43 65.5
1532006302.46 65.5
1532006312.47 65.5
1532006322.49 65.5
1532006332.5 66.1
1532006342.52 66.1
1532006352.54 65.5
1532006362.56 65.5
1532006372.57 65.5
1532006382.59 65.5
1532006392.61 65.5
1532006402.62 66.1
1532006412.64 66.1
1532006422.66 65.0
1532006432.68 65.5
1532006442.7 66.1
1532006452.72 65.5
1532006462.73 65.5
1532006472.75 65.5
1532006482.77 66.1
1532006492.79 65.5
1532006502.81 65.5
1532006512.83 66.6
1532006522.85 66.1
1532006532.85 65.5
1532006542.88 65.5
1532006552.89 66.6
1532006562.91 66.6
1532006572.93 65.5
1532006582.95 65.5
1532006592.97 66.1
1532006602.98 66.1
1532006613.01 66.1
1532006623.02 66.1
1532006633.04 66.6
1532006643.05 66.6
1532006653.08 66.6
1532006663.09 66.6
1532006673.11 66.6
1532006683.13 66.6
1532006693.15 66.6
1532006703.17 66.6
1532006713.18 67.1
1532006723.22 66.6
1532006733.23 66.6
1532006743.25 67.1
1532006753.26 66.6
1532006763.28 66.6
1532006773.29 67.1
1532006783.32 66.6
1532006793.33 66.6
1532006803.35 67.1
1532006813.36 67.1
1532006823.38 67.1
1532006833.4 66.6
1532006843.42 67.1
1532006853.43 67.7
1532006863.45 67.1
1532006873.47 67.1
1532006883.49 67.7
1532006893.51 66.6
1532006903.53 67.7
1532006913.55 67.1
1532006923.56 66.6
1532006933.58 67.1
1532006943.6 67.7
1532006953.64 67.1
1532006963.65 67.7
1532006973.67 67.1
1532006983.68 67.7
1532006993.69 66.6
1532007003.71 67.7
1532007013.73 67.1
1532007023.74 66.6
1532007033.75 67.7
1532007043.76 67.1
1532007053.78 67.1
1532007063.79 67.1
1532007073.81 67.7
1532007083.83 67.1
1532007093.85 66.6
1532007103.86 67.7
1532007113.88 67.1
1532007123.9 67.1
1532007133.91 67.1
1532007143.92 67.1
1532007153.94 66.6
1532007163.96 66.6
1532007173.98 66.6
1532007184.0 66.6
1532007194.02 66.6
1532007204.03 67.1
1532007214.05 66.1
1532007224.06 66.6
1532007234.08 67.1
1532007244.1 66.6
1532007254.12 66.6
1532007264.14 66.6
1532007274.16 66.1
1532007284.18 66.1
1532007294.2 66.6
1532007304.21 66.1
1532007314.23 66.6
1532007324.24 67.1
1532007334.26 66.6
1532007344.27 66.1
1532007354.29 65.5
1532007364.31 66.1
1532007374.32 65.5
1532007384.34 66.1
1532007394.36 65.5
1532007404.38 66.1
1532007414.39 65.5
1532007424.4 66.1
1532007434.42 65.5
1532007444.44 66.6
1532007454.45 65.5
1532007464.47 66.6
1532007474.48 67.1
1532007484.5 65.5
1532007494.51 66.1
1532007504.53 66.1
1532007514.54 66.1
1532007524.56 66.6
1532007534.58 66.1
1532007544.6 66.6
1532007554.62 66.6
1532007564.63 66.6
1532007574.65 66.6
1532007584.67 66.6
1532007594.68 66.6
1532007604.7 66.6
1532007614.72 66.6
1532007624.74 67.1
1532007634.76 66.6
1532007644.78 66.6
1532007654.8 67.1
1532007664.81 67.7
1532007674.83 67.7
1532007684.84 67.7
1532007694.86 67.1
1532007704.88 67.7
1532007714.9 67.1
1532007724.91 67.7
1532007734.93 67.7
1532007744.95 67.7
1532007754.97 67.7
1532007764.99 67.1
1532007775.0 67.7
1532007785.02 67.7
1532007795.03 67.7
1532007805.05 67.7
1532007815.07 68.2
1532007825.08 67.7
1532007835.1 67.7
1532007845.11 67.1
1532007855.13 67.1
1532007865.15 67.7
1532007875.17 67.7
1532007885.19 67.7
1532007895.21 67.7
1532007905.24 67.7
1532007915.25 67.7
1532007925.28 67.7
1532007935.3 67.7
1532007945.31 68.2
1532007955.33 67.7
1532007965.35 67.7
1532007975.36 67.7
1532007985.38 67.7
1532007995.4 66.6
1532008005.41 67.7
1532008015.42 67.7
1532008025.44 67.7
1532008035.46 68.2
1532008045.47 68.2
1532008055.48 67.1
1532008065.5 67.7
1532008075.52 68.2
1532008085.53 68.8
1532008095.55 67.7
1532008105.56 68.8
1532008115.58 68.2
1532008125.61 68.8
1532008135.63 67.7
1532008145.65 68.2
1532008155.67 68.2
1532008165.69 68.8
1532008175.7 68.8
1532008185.72 67.7
1532008195.74 68.8
1532008205.75 68.8
1532008215.76 68.8
1532008225.78 68.8
1532008235.8 67.7
1532008245.82 68.2
1532008255.83 67.7
1532008265.85 67.7
1532008275.87 68.8
1532008285.88 68.8
1532008295.9 67.7
1532008305.92 67.7
1532008315.94 67.1
1532008325.96 67.7
1532008335.98 67.1
1532008346.0 67.1
1532008356.02 67.1
1532008366.04 67.1
1532008376.06 66.6
1532008386.07 67.1
1532008396.09 67.7
1532008406.11 67.1
1532008416.13 66.6
1532008426.15 66.6
1532008436.17 66.6
1532008446.19 67.1
1532008456.2 67.7
1532008466.22 67.7
1532008476.24 68.2
1532008486.25 67.7
1532008496.27 67.7
1532008506.29 67.7
1532008516.3 68.2
1532008526.32 67.7
1532008536.33 68.8
1532008546.35 68.8
1532008556.37 68.2
1532008566.39 68.2
1532008576.4 67.7
1532008586.42 68.8
1532008596.44 67.7
1532008606.45 68.2
1532008616.47 67.7
1532008626.49 68.8
1532008636.51 68.2
1532008646.53 67.7
1532008656.54 68.8
1532008666.56 68.8
1532008676.58 67.7
1532008686.6 67.7
1532008696.62 68.2
1532008706.64 68.8
1532008716.66 67.7
1532008726.67 67.7
1532008736.69 67.7
1532008746.7 67.7
1532008756.72 68.2
1532008766.73 68.8
1532008776.74 68.8
1532008786.76 68.8
1532008796.78 69.3
