1533800004.77 53.7
1533800014.79 53.7
1533800024.81 53.7
1533800034.83 53.7
1533800044.85 53.7
1533800054.87 53.7
1533800064.89 53.7
1533800074.9 53.7
1533800084.92 53.7
1533800094.94 53.7
1533800104.96 53.7
1533800114.98 53.7
1533800124.99 54.2
1533800135.01 53.2
1533800145.04 53.7
1533800155.05 53.7
1533800165.07 53.7
1533800175.09 53.7
1533800185.11 53.7
1533800195.13 53.7
1533800205.15 53.7
1533800215.18 53.7
1533800225.19 54.2
1533800235.21 53.7
1533800245.23 53.7
1533800255.26 54.2
1533800265.28 53.7
1533800275.3 53.7
1533800285.31 53.7
1533800295.33 53.7
1533800305.35 53.7
1533800315.37 53.7
1533800325.4 53.7
1533800335.42 53.7
1533800345.44 53.2
1533800355.46 53.7
1533800365.48 53.7
1533800375.5 53.2
1533800385.52 53.7
1533800395.54 53.2
1533800405.56 53.2
1533800415.58 52.6
1533800425.6 53.7
1533800435.62 53.2
1533800445.64 53.7
1533800455.66 52.6
1533800465.68 53.7
1533800475.7 53.7
1533800485.71 53.7
1533800495.73 53.7
1533800505.75 53.7
1533800515.77 53.7
1533800525.78 53.7
1533800535.8 53.2
1533800545.82 53.7
1533800555.84 53.7
1533800565.86 53.7
1533800575.88 53.7
1533800585.89 54.2
1533800595.91 53.2
1533800605.93 53.7
1533800615.95 53.7
1533800625.97 53.2
1533800635.99 53.2
1533800646.0 52.6
1533800656.02 53.7
1533800666.04 52.6
1533800676.06 53.7
1533800686.08 53.7
1533800696.1 54.8
1533800706.11 53.7
1533800716.13 53.7
1533800726.15 53.7
1533800736.17 53.2
1533800746.19 53.2
1533800756.21 53.7
1533800766.23 53.7
1533800776.25 53.2
1533800786.28 53.7
1533800796.3 52.6
1533800806.32 53.2
1533800816.33 53.7
1533800826.36 53.2
1533800836.38 53.2
1533800846.41 53.2
1533800856.43 53.7
1533800866.44 53.7
1533800876.46 52.6
1533800886.48 53.2
1533800896.5 53.7
1533800906.52 53.7
1533800916.54 53.7
1533800926.56 53.7
1533800936.58 53.2
1533800946.59 53.7
1533800956.61 53.7
1533800966.62 53.7
1533800976.64 53.7
1533800986.66 53.7
1533800996.68 53.2
1533801006.7 53.7
1533801016.71 53.2
1533801026.73 53.2
1533801036.75 52.6
1533801046.77 53.7
1533801056.79 53.7
1533801066.81 53.7
1533801076.83 53.7
1533801086.85 53.2
1533801096.89 53.2
1533801106.91 52.6
1533801116.93 53.2
1533801126.95 53.2
1533801136.97 53.2
1533801146.99 53.7
1533801157.0 53.7
1533801167.02 53.7
1533801177.04 52.6
1533801187.06 53.7
1533801197.08 53.7
1533801207.09 53.7
1533801217.11 53.7
1533801227.12 53.7
1533801237.14 53.7
1533801247.15 53.7
1533801257.17 53.7
1533801267.2 53.2
1533801277.21 53.7
1533801287.23 53.7
1533801297.25 53.2
1533801307.27 53.7
1533801317.29 53.7
1533801327.31 53.2
1533801337.34 53.2
1533801347.36 53.7
1533801357.38 53.2
1533801367.4 53.7
1533801377.42 53.7
1533801387.43 53.7
1533801397.45 53.7
1533801407.47 53.2
1533801417.49 53.7
1533801427.51 53.2
1533801437.53 52.6
1533801447.56 52.6
1533801457.58 53.7
1533801467.6 53.7
1533801477.62 54.2
1533801487.64 53.2
1533801497.66 53.2
1533801507.68 53.7
1533801517.7 53.7
1533801527.71 53.7
1533801537.73 53.2
1533801547.75 53.2
1533801557.77 54.2
1533801567.8 53.7
1533801577.82 53.7
1533801587.84 53.7
1533801597.86 54.2
1533801607.88 55.8
1533801617.9 54.8
1533801627.92 54.2
1533801637.93 54.8
1533801647.95 54.2
1533801657.97 53.7
1533801667.99 53.7
1533801678.01 53.7
1533801688.03 53.7
1533801698.04 53.7
1533801708.07 53.7
1533801718.09 53.2
1533801728.11 54.8
1533801738.13 53.7
1533801748.15 54.2
1533801758.17 53.7
1533801768.19 53.7
1533801778.21 54.2
1533801788.23 53.7
1533801798.25 54.2
1533801808.27 53.7
1533801818.29 53.7
1533801828.3 54.8
1533801838.32 54.8
1533801848.34 54.2
1533801858.35 54.8
1533801868.37 54.2
1533801878.39 53.7
1533801888.41 53.7
1533801898.43 53.7
1533801908.45 53.7
1533801918.47 53.7
1533801928.49 53.7
1533801938.51 53.7
1533801948.53 53.7
1533801958.56 53.7
1533801968.58 53.7
1533801978.6 53.7
1533801988.62 53.7
1533801998.64 54.2
1533802008.66 53.7
1533802018.68 54.2
1533802028.7 53.7
1533802038.72 53.7
1533802048.74 53.7
1533802058.77 53.7
1533802068.79 53.7
1533802078.81 53.2
1533802088.83 53.7
1533802098.85 54.8
1533802108.86 53.7
1533802118.89 54.2
1533802128.9 53.7
1533802138.92 53.7
1533802148.94 53.2
1533802158.96 53.2
1533802168.98 53.7
1533802179.01 53.7
1533802189.03 53.7
1533802199.05 53.2
1533802209.07 53.7
1533802219.08 53.2
1533802229.1 53.7
1533802239.12 52.6
1533802249.14 53.2
1533802259.16 53.7
1533802269.18 52.6
1533802279.2 53.7
1533802289.22 54.2
1533802299.24 53.2
1533802309.26 53.7
1533802319.28 53.7
1533802329.3 53.2
1533802339.32 53.7
1533802349.34 52.6
1533802359.35 53.7
1533802369.37 53.7
1533802379.39 53.7
1533802389.41 53.2
1533802399.43 53.7
1533802409.45 53.7
1533802419.46 53.2
1533802429.48 53.2
1533802439.49 53.2
1533802449.51 53.7
1533802459.53 53.7
1533802469.55 53.7
1533802479.57 53.2
1533802489.59 54.2
1533802499.61 53.2
1533802509.63 53.2
1533802519.65 53.2
1533802529.67 52.6
1533802539.7 53.2
1533802549.71 53.7
1533802559.73 53.2
1533802569.75 53.2
1533802579.77 52.6
1533802589.79 53.2
1533802599.8 53.7
1533802609.82 53.2
1533802619.85 53.2
1533802629.87 53.7
1533802639.89 53.7
1533802649.91 53.7
1533802659.93 53.7
1533802669.95 53.7
1533802679.97 53.2
1533802689.99 53.2
1533802700.01 53.7
1533802710.02 53.7
1533802720.04 53.7
1533802730.06 53.2
1533802740.08 53.7
1533802750.1 53.7
1533802760.12 53.7
1533802770.14 53.7
1533802780.16 53.7
1533802790.18 53.7
1533802800.2 54.2
1533802810.23 53.7
1533802820.25 54.2
1533802830.27 53.7
1533802840.3 53.7
1533802850.32 53.7
1533802860.33 54.2
1533802870.34 54.8
1533802880.36 54.8
1533802890.38 53.2
1533802900.39 53.2
1533802910.41 54.2
1533802920.43 53.7
1533802930.45 54.8
1533802940.47 53.7
1533802950.48 53.7
1533802960.5 53.7
1533802970.52 54.2
1533802980.54 54.2
1533802990.55 53.7
1533803000.58 53.7
1533803010.6 53.7
1533803020.62 54.8
1533803030.64 54.2
1533803040.65 53.7
1533803050.67 54.8
1533803060.69 54.8
1533803070.7 54.2
1533803080.72 53.7
1533803090.74 54.2
1533803100.76 54.2
1533803110.77 54.2
1533803120.79 54.2
1533803130.8 53.7
1533803140.82 54.2
1533803150.83 54.2
1533803160.85 54.8
1533803170.87 54.8
1533803180.88 53.7
1533803190.9 54.8
1533803200.91 53.7
1533803210.93 54.2
1533803220.95 54.8
1533803230.96 54.2
1533803240.98 54.8
1533803251.0 54.8
1533803261.01 55.3
1533803271.02 54.8
1533803281.04 55.3
1533803291.06 53.7
1533803301.08 54.2
1533803311.1 53.7
1533803321.12 53.7
1533803331.14 54.2
1533803341.16 53.7
1533803351.18 54.2
1533803361.2 54.2
1533803371.23 53.7
1533803381.25 53.7
1533803391.27 54.8
1533803401.29 53.7
1533803411.31 53.7
1533803421.33 54.2
1533803431.35 53.7
1533803441.36 54.2
1533803451.38 53.7
1533803461.4 53.7
1533803471.43 54.2
1533803481.44 53.7
1533803491.46 54.2
1533803501.48 53.7
1533803511.5 53.7
1533803521.52 54.2
1533803531.54 53.7
1533803541.56 54.2
1533803551.58 53.7
1533803561.6 53.7
1533803571.61 53.7
1533803581.63 54.8
1533803591.65 54.8
1533803601.67 53.7
1533803611.69 53.7
1533803621.71 54.8
1533803631.72 53.7
1533803641.74 53.7
1533803651.77 53.7
1533803661.79 53.7
1533803671.8 53.7
1533803681.82 53.2
1533803691.84 53.7
1533803701.86 53.7
1533803711.87 54.8
1533803721.9 54.8
1533803731.91 54.2
1533803741.93 54.2
1533803751.94 54.2
1533803761.96 53.7
1533803771.99 53.7
1533803782.0 53.7
1533803792.02 53.7
1533803802.04 53.2
1533803812.06 53.7
1533803822.08 53.7
1533803832.1 53.2
1533803842.12 53.7
1533803852.14 53.7
1533803862.17 53.7
1533803872.19 53.7
1533803882.2 53.7
1533803892.22 54.2
1533803902.24 53.7
1533803912.26 53.2
1533803922.28 53.7
1533803932.29 53.7
1533803942.31 53.7
1533803952.33 53.7
1533803962.35 53.2
1533803972.37 53.7
1533803982.38 53.7
1533803992.4 53.2
1533804002.42 53.7
1533804012.44 53.7
1533804022.46 53.7
1533804032.48 53.7
1533804042.49 53.7
1533804052.51 53.7
1533804062.54 53.7
1533804072.55 54.8
1533804082.57 53.7
1533804092.58 53.7
1533804102.6 54.2
1533804112.62 54.2
1533804122.64 53.7
1533804132.66 53.7
1533804142.67 54.2
1533804152.69 53.7
1533804162.72 53.7
1533804172.73 53.7
1533804182.75 53.2
1533804192.77 53.7
1533804202.79 53.7
1533804212.81 53.7
1533804222.83 53.7
1533804232.85 53.2
1533804242.87 53.7
1533804252.89 53.2
1533804262.91 53.7
1533804272.93 53.2
1533804282.94 53.7
1533804292.96 53.7
1533804302.98 53.2
1533804313.0 53.7
1533804323.02 53.2
1533804333.04 53.2
1533804343.06 52.6
1533804353.08 53.2
1533804363.11 53.2
1533804373.13 53.7
1533804383.15 53.2
1533804393.16 53.2
1533804403.18 52.6
1533804413.21 53.2
1533804423.23 53.2
1533804433.25 53.2
1533804443.27 52.6
1533804453.29 53.2
1533804463.31 53.7
1533804473.33 53.2
1533804483.34 53.7
1533804493.37 53.7
1533804503.39 53.2
1533804513.41 53.2
1533804523.43 53.7
1533804533.45 53.7
1533804543.47 53.7
1533804553.49 53.2
1533804563.51 53.7
1533804573.53 53.7
1533804583.54 53.7
1533804593.56 53.2
1533804603.58 52.6
1533804613.6 53.7
1533804623.62 53.7
1533804633.64 52.6
1533804643.66 53.7
1533804653.68 53.2
1533804663.69 53.7
1533804673.72 53.7
1533804683.74 53.2
1533804693.76 52.6
1533804703.78 53.2
1533804713.8 53.2
1533804723.82 53.2
1533804733.84 52.6
1533804743.85 52.6
1533804753.87 53.2
1533804763.89 53.2
1533804773.91 53.7
1533804783.93 53.7
1533804793.95 53.2
1533804803.97 53.7
1533804813.98 53.7
1533804824.0 52.6
1533804834.02 53.2
1533804844.04 53.2
1533804854.06 52.6
1533804864.08 53.7
1533804874.11 53.2
1533804884.12 53.7
1533804894.14 53.7
1533804904.16 53.7
1533804914.18 53.7
1533804924.19 54.8
1533804934.21 53.7
1533804944.23 53.7
1533804954.25 53.7
1533804964.27 54.8
1533804974.29 53.7
1533804984.31 53.7
1533804994.33 53.7
1533805004.36 53.2
1533805014.38 53.7
1533805024.39 54.2
1533805034.41 53.2
1533805044.43 53.7
1533805054.45 53.7
1533805064.47 53.7
1533805074.49 54.2
1533805084.51 53.7
1533805094.53 53.2
1533805104.55 53.7
1533805114.59 53.2
1533805124.61 53.2
1533805134.63 53.2
1533805144.65 53.7
1533805154.67 53.7
1533805164.69 53.7
1533805174.71 53.7
1533805184.73 53.7
1533805194.75 53.7
1533805204.77 53.7
1533805214.79 53.7
1533805224.81 53.7
1533805234.83 54.2
1533805244.85 54.8
1533805254.86 54.2
1533805264.87 53.7
1533805274.89 53.7
1533805284.92 54.8
1533805294.93 53.7
1533805304.95 54.8
1533805314.96 54.8
1533805324.98 54.8
1533805335.0 54.8
1533805345.02 54.8
1533805355.03 55.8
1533805365.05 55.3
1533805375.07 54.8
1533805385.09 54.8
1533805395.11 54.8
1533805405.13 54.8
1533805415.14 54.8
1533805425.16 54.2
1533805435.18 53.7
1533805445.2 54.8
1533805455.22 54.8
1533805465.24 54.2
1533805475.26 54.8
1533805485.28 54.8
1533805495.3 54.2
1533805505.32 54.8
1533805515.34 54.2
1533805525.35 54.8
1533805535.37 54.2
1533805545.39 54.8
1533805555.41 54.8
1533805565.43 54.8
1533805575.45 55.3
1533805585.47 54.8
1533805595.49 54.2
1533805605.5 55.8
1533805615.53 54.2
1533805625.55 54.8
1533805635.57 54.8
1533805645.59 54.8
1533805655.61 54.2
1533805665.63 53.7
1533805675.65 54.8
1533805685.67 54.8
1533805695.69 53.7
1533805705.71 54.2
1533805715.73 53.7
1533805725.75 53.7
1533805735.77 53.7
1533805745.78 54.8
1533805755.8 53.7
1533805765.82 53.7
1533805775.84 54.8
1533805785.86 54.2
1533805795.88 54.2
1533805805.9 54.2
1533805815.92 54.8
1533805825.94 54.2
1533805835.96 55.3
1533805845.98 54.8
1533805856.0 54.2
1533805866.02 54.8
1533805876.04 54.2
1533805886.06 53.7
1533805896.08 54.2
1533805906.09 54.8
1533805916.11 54.2
1533805926.13 54.2
1533805936.15 53.7
1533805946.17 55.3
1533805956.18 54.8
1533805966.2 54.2
1533805976.22 53.7
1533805986.24 54.8
1533805996.26 54.8
1533806006.28 55.8
1533806016.3 54.8
1533806026.32 54.8
1533806036.34 54.2
1533806046.35 54.8
1533806056.37 54.2
1533806066.39 54.8
1533806076.41 53.7
1533806086.43 54.2
1533806096.45 53.7
1533806106.47 54.8
1533806116.48 53.7
1533806126.5 54.2
1533806136.52 54.8
1533806146.54 54.8
1533806156.56 53.7
1533806166.58 54.8
1533806176.6 54.2
1533806186.62 54.2
1533806196.64 53.7
1533806206.65 54.8
1533806216.67 54.8
1533806226.69 54.2
1533806236.7 54.8
1533806246.71 54.2
1533806256.73 55.8
1533806266.75 55.3
1533806276.77 54.8
1533806286.8 54.8
1533806296.82 54.8
1533806306.83 55.8
1533806316.85 55.3
1533806326.87 54.8
1533806336.89 54.2
1533806346.91 54.8
1533806356.93 54.2
1533806366.95 54.8
1533806376.97 55.8
1533806386.99 55.8
1533806397.0 55.3
1533806407.02 55.3
1533806417.04 55.3
1533806427.06 55.8
1533806437.08 55.3
1533806447.09 55.3
1533806457.1 54.8
1533806467.12 55.8
1533806477.13 55.3
1533806487.15 54.2
1533806497.16 55.8
1533806507.18 55.8
1533806517.19 55.8
1533806527.21 55.8
1533806537.22 55.8
1533806547.24 55.3
1533806557.25 56.4
1533806567.27 55.3
1533806577.29 54.8
1533806587.31 54.8
1533806597.33 55.8
1533806607.35 55.3
1533806617.37 55.3
1533806627.39 54.8
1533806637.41 55.3
1533806647.42 55.8
1533806657.44 54.8
1533806667.46 54.8
1533806677.48 54.8
1533806687.5 55.3
1533806697.52 54.8
1533806707.54 54.2
1533806717.56 54.8
1533806727.58 54.2
1533806737.6 54.8
1533806747.62 54.8
1533806757.64 55.3
1533806767.65 54.2
1533806777.67 54.8
1533806787.69 54.8
1533806797.7 54.8
1533806807.73 54.8
1533806817.75 54.8
1533806827.76 54.8
1533806837.78 53.7
1533806847.8 54.8
1533806857.82 54.2
1533806867.84 54.8
1533806877.86 54.2
1533806887.88 54.2
1533806897.9 54.8
1533806907.92 54.8
1533806917.95 54.2
1533806927.97 54.8
1533806937.99 54.8
1533806948.01 54.8
1533806958.02 54.8
1533806968.03 54.8
1533806978.04 54.8
1533806988.06 54.8
1533806998.08 54.8
1533807008.1 54.8
1533807018.11 54.8
1533807028.14 54.2
1533807038.16 54.8
1533807048.17 54.8
1533807058.19 54.8
1533807068.21 54.8
1533807078.23 54.8
1533807088.25 54.8
1533807098.26 54.8
1533807108.28 54.2
1533807118.29 54.2
1533807128.31 54.2
1533807138.33 54.2
1533807148.34 54.2
1533807158.36 54.2
1533807168.39 53.7
1533807178.41 53.7
1533807188.42 54.8
1533807198.44 55.3
1533807208.46 54.8
1533807218.48 54.8
1533807228.49 54.8
1533807238.5 54.8
1533807248.51 54.8
1533807258.53 55.3
1533807268.54 54.8
1533807278.56 54.8
1533807288.58 54.2
1533807298.6 54.2
1533807308.62 53.7
1533807318.63 55.8
1533807328.65 54.8
1533807338.67 55.3
1533807348.69 55.3
1533807358.71 54.8
1533807368.73 55.3
1533807378.75 54.8
1533807388.77 55.3
1533807398.79 54.8
1533807408.8 55.3
1533807418.82 55.8
1533807428.83 55.8
1533807438.84 55.8
1533807448.86 55.3
1533807458.87 54.8
1533807468.89 54.8
1533807478.92 55.3
1533807488.93 54.8
1533807498.95 55.3
1533807508.97 54.8
1533807518.99 55.8
1533807529.01 55.8
1533807539.03 55.8
1533807549.05 55.8
1533807559.06 55.3
1533807569.08 54.8
1533807579.09 55.8
1533807589.11 55.8
1533807599.13 55.8
1533807609.14 55.8
1533807619.16 55.8
1533807629.17 55.3
1533807639.19 55.8
1533807649.21 55.8
1533807659.23 54.8
1533807669.25 55.8
1533807679.27 56.4
1533807689.29 55.8
1533807699.3 55.8
1533807709.32 56.4
1533807719.34 55.8
1533807729.35 56.4
1533807739.37 55.8
1533807749.39 55.8
1533807759.4 55.8
1533807769.42 55.8
1533807779.44 56.4
1533807789.46 54.8
1533807799.48 55.8
1533807809.5 54.8
1533807819.52 55.3
1533807829.54 54.8
1533807839.56 54.8
1533807849.57 55.3
1533807859.59 54.8
1533807869.61 54.8
1533807879.62 55.8
1533807889.65 55.3
1533807899.66 54.8
1533807909.68 54.2
1533807919.7 55.3
1533807929.71 55.8
1533807939.73 55.8
1533807949.74 55.8
1533807959.76 55.8
1533807969.77 55.3
1533807979.8 54.8
1533807989.82 54.8
1533807999.83 55.8
1533808009.85 55.8
1533808019.87 55.8
1533808029.89 55.3
1533808039.91 55.8
1533808049.92 54.8
1533808059.94 55.8
1533808069.95 55.8
1533808079.97 55.8
1533808089.98 55.8
1533808100.0 56.4
1533808110.02 55.8
1533808120.03 55.8
1533808130.05 55.3
1533808140.07 54.8
1533808150.09 55.8
1533808160.11 55.8
1533808170.12 55.8
1533808180.14 55.3
1533808190.15 55.8
1533808200.17 55.8
1533808210.19 55.8
1533808220.21 56.9
1533808230.23 55.8
1533808240.24 55.8
1533808250.26 55.8
1533808260.27 56.4
1533808270.28 55.8
1533808280.3 55.3
1533808290.32 55.8
1533808300.34 54.8
1533808310.36 55.8
1533808320.38 56.4
1533808330.4 55.8
1533808340.42 55.8
1533808350.44 55.8
1533808360.46 55.8
1533808370.48 55.8
1533808380.5 55.8
1533808390.52 55.8
1533808400.54 54.8
1533808410.56 55.3
1533808420.58 55.8
1533808430.6 54.8
1533808440.62 55.8
1533808450.64 55.3
1533808460.66 54.8
1533808470.68 55.8
1533808480.7 55.8
1533808490.72 55.3
1533808500.74 55.8
1533808510.75 55.8
1533808520.76 55.8
1533808530.77 55.3
1533808540.79 55.8
1533808550.81 55.8
1533808560.82 55.8
1533808570.84 55.3
1533808580.85 55.8
1533808590.87 56.4
1533808600.89 55.3
1533808610.91 55.3
1533808620.92 55.8
1533808630.94 55.8
1533808640.96 55.8
1533808650.99 55.3
1533808661.01 54.8
1533808671.03 55.3
1533808681.04 55.8
1533808691.07 55.3
1533808701.09 55.8
1533808711.12 55.8
1533808721.13 55.8
1533808731.15 55.8
1533808741.18 55.3
1533808751.2 55.8
1533808761.21 55.8
1533808771.23 56.4
1533808781.24 55.8
1533808791.26 55.8
1533808801.27 55.8
