1533400005.94 55.8
1533400015.96 55.3
1533400025.98 55.3
1533400036.0 55.8
1533400046.02 55.8
1533400056.04 55.8
1533400066.06 56.4
1533400076.07 55.8
1533400086.09 55.8
1533400096.11 55.8
1533400106.12 56.4
1533400116.13 55.8
1533400126.15 55.8
1533400136.17 55.8
1533400146.2 55.8
1533400156.21 56.9
1533400166.23 55.8
1533400176.25 56.4
1533400186.27 55.8
1533400196.28 56.4
1533400206.3 55.8
1533400216.32 56.4
1533400226.34 55.8
1533400236.36 55.8
1533400246.37 54.8
1533400256.39 56.4
1533400266.41 55.8
1533400276.43 55.8
1533400286.44 55.8
1533400296.46 55.3
1533400306.47 56.4
1533400316.49 56.4
1533400326.5 56.4
1533400336.52 55.8
1533400346.54 55.8
1533400356.56 55.8
1533400366.58 55.8
1533400376.61 55.8
1533400386.62 56.4
1533400396.63 56.9
1533400406.65 55.8
1533400416.67 55.8
1533400426.68 56.4
1533400436.7 55.8
1533400446.72 55.8
1533400456.73 56.4
1533400466.75 55.8
1533400476.77 56.4
1533400486.78 56.4
1533400496.8 56.4
1533400506.82 56.4
1533400516.84 56.9
1533400526.86 56.4
1533400536.87 55.8
1533400546.89 55.8
1533400556.91 56.4
1533400566.93 55.8
1533400576.94 56.4
1533400586.96 55.8
1533400596.98 55.8
1533400606.99 56.4
1533400617.01 56.4
1533400627.03 56.9
1533400637.05 56.4
1533400647.07 56.9
1533400657.09 56.4
1533400667.11 55.8
1533400677.13 56.4
1533400687.15 55.8
1533400697.17 56.4
1533400707.19 56.9
1533400717.21 55.8
1533400727.22 56.4
1533400737.24 56.4
1533400747.26 56.9
1533400757.28 55.8
1533400767.3 55.8
1533400777.32 56.9
1533400787.33 56.4
1533400797.35 55.8
1533400807.37 56.4
1533400817.39 56.4
1533400827.41 55.8
1533400837.42 56.4
1533400847.44 55.8
1533400857.45 56.9
1533400867.47 56.9
1533400877.49 56.4
1533400887.51 56.4
1533400897.54 56.4
1533400907.55 55.8
1533400917.56 56.9
1533400927.58 56.4
1533400937.6 56.9
1533400947.62 56.9
1533400957.63 56.9
1533400967.65 57.5
1533400977.67 56.9
1533400987.69 58.0
1533400997.7 56.9
1533401007.71 57.5
1533401017.73 58.0
1533401027.75 57.5
1533401037.77 58.0
1533401047.79 56.4
1533401057.81 56.9
1533401067.82 56.9
1533401077.84 56.9
1533401087.86 56.9
1533401097.89 56.9
1533401107.9 56.4
1533401117.92 56.9
1533401127.94 56.4
1533401137.96 56.4
1533401147.97 56.9
1533401157.99 55.8
1533401168.01 56.4
1533401178.04 56.9
1533401188.06 56.4
1533401198.08 56.9
1533401208.09 57.5
1533401218.11 56.9
1533401228.13 58.0
1533401238.15 56.9
1533401248.16 56.9
1533401258.19 56.9
1533401268.21 56.9
1533401278.23 56.9
1533401288.24 56.9
1533401298.26 57.5
1533401308.27 57.5
1533401318.29 56.9
1533401328.31 57.5
1533401338.33 56.9
1533401348.35 56.9
1533401358.37 56.9
1533401368.39 56.9
1533401378.41 56.9
1533401388.43 56.4
1533401398.46 56.4
1533401408.47 56.9
1533401418.49 56.9
1533401428.51 58.0
1533401438.53 56.9
1533401448.54 58.0
1533401458.56 56.9
1533401468.58 56.9
1533401478.6 56.9
1533401488.62 56.9
1533401498.63 56.9
1533401508.65 57.5
1533401518.67 56.9
1533401528.68 58.0
1533401538.69 58.0
1533401548.71 58.0
1533401558.73 56.9
1533401568.75 56.9
1533401578.76 57.5
1533401588.78 56.9
1533401598.8 57.5
1533401608.82 58.0
1533401618.84 58.0
1533401628.85 58.0
1533401638.86 58.0
1533401648.88 58.0
1533401658.89 58.0
1533401668.91 58.0
1533401678.92 58.0
1533401688.94 58.0
1533401698.96 58.0
1533401708.98 58.0
1533401718.99 58.0
1533401729.01 58.0
1533401739.03 58.0
1533401749.05 58.5
1533401759.07 58.0
1533401769.09 58.0
1533401779.1 58.0
1533401789.11 58.0
1533401799.13 57.5
1533401809.15 58.0
1533401819.17 58.0
1533401829.18 58.0
1533401839.2 58.0
1533401849.21 58.5
1533401859.23 58.0
1533401869.25 58.0
1533401879.27 58.0
1533401889.29 58.0
1533401899.3 58.5
1533401909.32 58.0
1533401919.34 58.5
1533401929.35 58.5
1533401939.36 58.5
1533401949.37 59.1
1533401959.39 58.5
1533401969.4 59.1
1533401979.42 59.1
1533401989.43 58.0
1533401999.45 58.5
1533402009.46 60.1
1533402019.48 59.6
1533402029.49 59.1
1533402039.5 59.6
1533402049.52 59.1
1533402059.54 59.6
1533402069.55 59.1
1533402079.56 59.1
1533402089.58 59.1
1533402099.6 58.0
1533402109.62 58.5
1533402119.63 58.5
1533402129.64 59.1
1533402139.65 58.5
1533402149.67 58.5
1533402159.68 59.1
1533402169.69 59.1
1533402179.71 59.1
1533402189.72 59.1
1533402199.74 58.5
1533402209.76 59.1
1533402219.78 58.5
1533402229.79 59.1
1533402239.81 59.1
1533402249.82 59.1
1533402259.84 59.1
1533402269.85 59.6
1533402279.87 59.6
1533402289.88 59.6
1533402299.9 59.1
1533402309.92 59.1
1533402319.94 60.1
1533402329.95 60.1
1533402339.97 59.6
1533402349.98 59.1
1533402360.0 59.6
1533402370.02 59.6
1533402380.04 59.6
1533402390.05 60.1
1533402400.07 60.1
1533402410.09 60.1
1533402420.1 60.1
1533402430.12 59.1
1533402440.13 60.1
1533402450.14 60.1
1533402460.15 59.6
1533402470.17 58.5
1533402480.19 59.1
1533402490.21 58.5
1533402500.23 60.1
1533402510.25 59.6
1533402520.26 59.6
1533402530.28 60.1
1533402540.29 59.1
1533402550.31 59.6
1533402560.32 59.6
1533402570.33 59.1
1533402580.34 59.1
1533402590.35 59.1
1533402600.36 59.1
1533402610.38 60.1
1533402620.39 59.6
1533402630.41 59.1
1533402640.43 59.6
1533402650.44 59.6
1533402660.46 59.1
1533402670.47 59.6
1533402680.49 59.1
1533402690.51 60.1
1533402700.52 60.1
1533402710.54 60.1
1533402720.56 60.1
1533402730.56 60.1
1533402740.58 59.1
1533402750.59 60.1
1533402760.6 60.7
1533402770.62 60.1
1533402780.64 60.7
1533402790.65 60.1
1533402800.67 60.1
1533402810.69 60.7
1533402820.71 60.1
1533402830.72 60.1
1533402840.74 60.1
1533402850.76 60.7
1533402860.78 60.7
1533402870.79 60.1
1533402880.8 60.1
1533402890.82 60.1
1533402900.85 60.7
1533402910.86 60.1
1533402920.88 60.1
1533402930.9 60.7
1533402940.93 60.1
1533402950.95 60.1
1533402960.97 60.7
1533402970.99 60.7
1533402981.0 61.2
1533402991.02 61.2
1533403001.04 60.1
1533403011.05 60.7
1533403021.07 60.1
1533403031.09 60.1
1533403041.1 60.7
1533403051.11 60.7
1533403061.13 60.1
1533403071.14 61.2
1533403081.16 60.7
1533403091.18 60.1
1533403101.2 60.1
1533403111.22 59.6
1533403121.24 60.1
1533403131.25 60.7
1533403141.27 60.7
1533403151.29 60.1
1533403161.3 60.1
1533403171.32 59.6
1533403181.33 60.7
1533403191.35 60.1
1533403201.37 60.1
1533403211.38 60.7
1533403221.41 60.7
1533403231.41 60.1
1533403241.43 60.1
1533403251.44 60.1
1533403261.46 60.7
1533403271.48 60.1
1533403281.49 60.1
1533403291.51 60.7
1533403301.52 60.1
1533403311.54 60.1
1533403321.56 60.1
1533403331.58 60.1
1533403341.59 60.7
1533403351.62 60.7
1533403361.64 60.1
1533403371.65 60.7
1533403381.67 60.1
1533403391.68 60.1
1533403401.69 60.1
1533403411.71 60.7
1533403421.72 60.1
1533403431.74 60.1
1533403441.76 60.7
1533403451.77 60.7
1533403461.79 60.1
1533403471.8 60.1
1533403481.82 59.1
1533403491.84 60.1
1533403501.85 59.6
1533403511.87 60.7
1533403521.89 59.1
1533403531.9 60.1
1533403541.92 60.1
1533403551.94 59.1
1533403561.95 60.1
1533403571.97 60.1
1533403581.98 60.1
1533403592.0 60.1
1533403602.02 60.1
1533403612.03 60.1
1533403622.05 60.1
1533403632.07 59.6
1533403642.09 60.1
1533403652.1 59.1
1533403662.12 60.7
1533403672.13 60.1
1533403682.14 60.7
1533403692.16 59.6
1533403702.18 59.1
1533403712.2 59.6
1533403722.22 59.6
1533403732.23 59.6
1533403742.25 59.1
1533403752.27 59.1
1533403762.29 59.1
1533403772.31 59.1
1533403782.32 60.1
1533403792.34 59.6
1533403802.35 60.1
1533403812.37 59.1
1533403822.39 59.1
1533403832.41 59.1
1533403842.42 60.1
1533403852.43 60.1
1533403862.45 60.1
1533403872.46 60.1
1533403882.48 60.1
1533403892.49 59.6
1533403902.51 60.1
1533403912.52 60.1
1533403922.53 60.1
1533403932.54 60.7
1533403942.57 60.1
1533403952.58 60.1
1533403962.6 60.1
1533403972.61 60.1
1533403982.63 60.1
1533403992.64 60.1
1533404002.66 60.1
1533404012.68 60.1
1533404022.7 60.1
1533404032.72 60.1
1533404042.74 60.1
1533404052.75 60.1
1533404062.77 60.1
1533404072.79 59.6
1533404082.81 59.1
1533404092.82 59.1
1533404102.85 59.1
1533404112.86 59.1
1533404122.88 59.1
1533404132.89 59.1
1533404142.91 59.1
1533404152.93 58.5
1533404162.95 59.1
1533404172.96 58.5
1533404182.98 58.0
1533404192.99 58.0
1533404203.0 59.1
1533404213.01 58.5
1533404223.03 59.1
1533404233.05 58.0
1533404243.07 58.0
1533404253.08 59.1
1533404263.1 58.5
1533404273.12 58.5
1533404283.13 58.0
1533404293.14 58.0
1533404303.15 58.5
1533404313.17 58.0
1533404323.18 58.5
1533404333.2 58.0
1533404343.22 58.5
1533404353.23 59.1
1533404363.24 59.1
1533404373.26 58.0
1533404383.28 58.0
1533404393.3 58.0
1533404403.31 58.0
1533404413.33 58.5
1533404423.35 58.0
1533404433.36 58.0
1533404443.37 58.5
1533404453.39 58.5
1533404463.41 58.5
1533404473.42 58.0
1533404483.43 59.1
1533404493.44 58.5
1533404503.45 58.5
1533404513.47 58.0
1533404523.49 58.0
1533404533.5 59.1
1533404543.52 58.0
1533404553.54 58.0
1533404563.55 59.1
1533404573.58 58.5
1533404583.59 58.5
1533404593.61 58.0
1533404603.62 59.1
1533404613.64 58.0
1533404623.65 58.5
1533404633.67 59.1
1533404643.69 58.5
1533404653.71 58.5
1533404663.73 59.1
1533404673.74 59.1
1533404683.76 59.1
1533404693.78 59.1
1533404703.79 59.1
1533404713.82 59.1
1533404723.84 59.1
1533404733.86 59.1
1533404743.88 58.5
1533404753.89 59.1
1533404763.91 59.1
1533404773.93 59.6
1533404783.95 60.1
1533404793.96 59.6
1533404803.97 59.1
1533404813.99 59.1
1533404824.0 59.1
1533404834.01 59.1
1533404844.03 59.1
1533404854.04 59.6
1533404864.06 59.1
1533404874.07 59.1
1533404884.1 59.6
1533404894.11 59.1
1533404904.13 59.6
1533404914.14 59.1
1533404924.16 59.1
1533404934.17 59.1
1533404944.19 59.1
1533404954.2 59.1
1533404964.22 59.1
1533404974.24 58.5
1533404984.25 59.1
1533404994.26 58.5
1533405004.28 59.1
1533405014.3 59.1
1533405024.32 59.6
1533405034.33 59.1
1533405044.35 59.1
1533405054.37 59.1
1533405064.39 59.1
1533405074.4 60.1
1533405084.41 60.1
1533405094.43 59.1
1533405104.44 59.6
1533405114.46 60.1
1533405124.47 60.1
1533405134.49 59.6
1533405144.5 60.1
1533405154.52 60.1
1533405164.53 59.1
1533405174.55 59.6
1533405184.57 59.1
1533405194.59 58.5
1533405204.61 59.1
1533405214.63 58.5
1533405224.64 58.5
1533405234.66 59.1
1533405244.67 59.1
1533405254.69 59.1
1533405264.71 59.6
1533405274.72 59.1
1533405284.74 59.1
1533405294.75 59.1
1533405304.77 59.1
1533405314.78 59.1
1533405324.8 59.1
1533405334.82 59.1
1533405344.84 58.5
1533405354.85 59.1
1533405364.86 59.1
1533405374.88 58.0
1533405384.9 58.0
1533405394.93 58.0
1533405404.95 58.5
1533405414.97 58.0
1533405424.99 58.0
1533405435.01 59.1
1533405445.02 58.5
1533405455.04 58.5
1533405465.07 59.1
1533405475.09 58.5
1533405485.1 59.1
1533405495.11 58.0
1533405505.13 58.0
1533405515.15 58.0
1533405525.16 58.0
1533405535.18 58.0
1533405545.19 58.5
1533405555.21 58.0
1533405565.22 58.0
1533405575.24 56.9
1533405585.26 56.9
1533405595.28 56.4
1533405605.3 56.9
1533405615.31 56.9
1533405625.33 56.9
1533405635.35 56.9
1533405645.37 57.5
1533405655.39 56.9
1533405665.4 58.0
1533405675.42 58.0
1533405685.44 56.4
1533405695.46 55.8
1533405705.48 56.9
1533405715.5 56.9
1533405725.52 56.4
1533405735.54 56.9
1533405745.56 56.4
1533405755.58 56.4
1533405765.6 56.4
1533405775.61 56.9
1533405785.63 56.9
1533405795.65 57.5
1533405805.67 56.4
1533405815.68 56.9
1533405825.71 56.9
1533405835.72 56.4
1533405845.74 56.9
1533405855.76 56.9
1533405865.78 56.9
1533405875.79 57.5
1533405885.81 56.9
1533405895.82 56.9
1533405905.84 56.9
1533405915.86 56.9
1533405925.87 56.9
1533405935.89 58.0
1533405945.9 58.0
1533405955.92 57.5
1533405965.94 57.5
1533405975.96 57.5
1533405985.98 58.0
1533405996.01 58.0
1533406006.02 56.9
1533406016.04 57.5
1533406026.06 58.0
1533406036.07 58.0
1533406046.09 56.9
1533406056.11 57.5
1533406066.13 58.0
1533406076.14 58.0
1533406086.16 57.5
1533406096.17 58.0
1533406106.19 57.5
1533406116.22 58.0
1533406126.24 58.0
1533406136.26 57.5
1533406146.28 58.0
1533406156.3 58.0
1533406166.32 56.9
1533406176.33 56.9
1533406186.35 58.0
1533406196.37 56.9
1533406206.38 56.9
1533406216.4 57.5
1533406226.42 58.0
1533406236.44 56.9
1533406246.46 56.9
1533406256.48 56.9
1533406266.5 56.9
1533406276.52 58.0
1533406286.54 56.4
1533406296.55 56.9
1533406306.57 57.5
1533406316.59 56.9
1533406326.6 56.9
1533406336.62 56.4
1533406346.64 56.9
1533406356.66 56.9
1533406366.68 56.9
1533406376.7 56.9
1533406386.72 56.9
1533406396.74 56.4
1533406406.75 57.5
1533406416.77 58.0
1533406426.79 56.9
1533406436.8 57.5
1533406446.82 56.9
1533406456.85 58.0
1533406466.86 56.9
1533406476.88 57.5
1533406486.89 57.5
1533406496.91 56.4
1533406506.93 56.4
1533406516.95 56.9
1533406526.96 56.9
1533406536.97 56.4
1533406546.99 56.9
1533406557.01 56.9
1533406567.03 56.9
1533406577.05 56.9
1533406587.06 57.5
1533406597.08 56.9
1533406607.1 57.5
1533406617.12 56.9
1533406627.13 58.0
1533406637.14 57.5
1533406647.16 56.9
1533406657.18 56.9
1533406667.19 56.4
1533406677.21 56.9
1533406687.23 58.0
1533406697.24 56.9
1533406707.25 56.9
1533406717.27 56.9
1533406727.29 57.5
1533406737.3 58.0
1533406747.31 56.9
1533406757.32 58.0
1533406767.33 58.0
1533406777.34 58.0
1533406787.36 58.0
1533406797.38 58.0
1533406807.39 58.0
1533406817.4 58.0
1533406827.42 58.5
1533406837.43 58.0
1533406847.44 59.1
1533406857.45 58.5
1533406867.47 59.1
1533406877.48 58.0
1533406887.49 59.1
1533406897.51 58.5
1533406907.53 58.0
1533406917.54 59.1
1533406927.55 59.1
1533406937.57 58.5
1533406947.58 58.0
1533406957.59 58.0
1533406967.61 59.1
1533406977.62 59.1
1533406987.64 58.0
1533406997.65 59.1
1533407007.67 58.5
1533407017.68 58.5
1533407027.7 59.1
1533407037.71 59.6
1533407047.73 59.1
1533407057.74 59.1
1533407067.75 58.5
1533407077.77 59.1
1533407087.78 59.1
1533407097.84 59.1
1533407107.86 59.1
1533407117.87 58.5
1533407127.89 59.1
1533407137.9 59.1
1533407147.92 59.1
1533407157.93 59.1
1533407167.95 59.6
1533407177.96 58.5
1533407187.98 59.1
1533407197.99 59.1
1533407208.01 59.1
1533407218.02 59.1
1533407228.04 59.1
1533407238.05 59.1
1533407248.07 58.5
1533407258.08 59.1
1533407268.1 59.1
1533407278.11 58.5
1533407288.13 58.5
1533407298.15 59.1
1533407308.17 58.5
1533407318.19 58.5
1533407328.2 58.0
1533407338.22 58.5
1533407348.23 58.5
1533407358.25 59.1
1533407368.27 58.0
1533407378.28 58.5
1533407388.29 58.5
1533407398.3 58.5
1533407408.32 58.5
1533407418.33 58.5
1533407428.35 59.1
1533407438.36 58.0
1533407448.38 58.5
1533407458.4 58.5
1533407468.42 58.5
1533407478.43 58.5
1533407488.45 58.5
1533407498.46 58.0
1533407508.48 58.0
1533407518.5 58.0
1533407528.52 58.5
1533407538.54 58.0
1533407548.56 58.0
1533407558.58 58.0
1533407568.59 58.5
1533407578.61 58.0
1533407588.63 58.0
1533407598.64 57.5
1533407608.67 58.0
1533407618.69 58.5
1533407628.7 58.0
1533407638.71 58.0
1533407648.72 58.0
1533407658.74 58.5
1533407668.75 59.1
1533407678.77 59.1
1533407688.78 59.1
1533407698.79 59.1
1533407708.82 58.5
1533407718.83 59.1
1533407728.85 59.1
1533407738.87 59.1
1533407748.9 59.1
1533407758.91 59.1
1533407768.93 59.1
1533407778.95 59.1
1533407788.98 59.1
1533407799.0 60.1
1533407809.02 59.6
1533407819.03 59.1
1533407829.05 60.1
1533407839.07 60.7
1533407849.09 60.1
1533407859.1 60.1
1533407869.11 60.1
1533407879.13 60.1
1533407889.15 59.1
1533407899.17 60.1
1533407909.19 60.1
1533407919.21 60.1
1533407929.22 59.6
1533407939.24 60.1
1533407949.26 59.1
1533407959.28 60.1
1533407969.29 60.1
1533407979.31 59.1
1533407989.33 59.1
1533407999.35 59.1
1533408009.36 59.6
1533408019.38 60.1
1533408029.4 59.1
1533408039.41 59.1
1533408049.43 59.1
1533408059.44 60.1
1533408069.46 60.1
1533408079.49 59.1
1533408089.5 60.1
1533408099.52 60.1
1533408109.54 59.6
1533408119.55 59.6
1533408129.56 59.6
1533408139.58 59.6
1533408149.6 59.6
1533408159.62 59.1
1533408169.63 59.6
1533408179.65 60.1
1533408189.67 60.1
1533408199.69 60.1
1533408209.71 58.5
1533408219.72 59.6
1533408229.73 59.1
1533408239.75 60.1
1533408249.78 59.1
1533408259.79 59.1
1533408269.81 60.1
1533408279.82 60.1
1533408289.84 60.1
1533408299.85 59.6
1533408309.87 60.1
1533408319.89 60.1
1533408329.9 60.1
1533408339.91 60.1
1533408349.93 60.1
1533408359.94 59.6
1533408369.96 59.6
1533408379.97 60.1
1533408389.99 60.1
1533408400.0 60.1
1533408410.02 59.6
1533408420.03 59.6
1533408430.05 60.1
1533408440.07 59.1
1533408450.08 59.6
1533408460.09 59.1
1533408470.11 59.1
1533408480.13 59.1
1533408490.14 59.1
1533408500.16 60.1
1533408510.18 59.6
1533408520.2 60.1
1533408530.21 60.1
1533408540.22 60.1
1533408550.24 60.1
1533408560.25 60.1
1533408570.27 59.6
1533408580.29 59.1
1533408590.31 60.1
1533408600.32 60.1
1533408610.33 60.1
1533408620.35 59.1
1533408630.36 59.6
1533408640.38 60.1
1533408650.4 60.1
1533408660.42 59.6
1533408670.44 59.1
1533408680.45 60.1
1533408690.47 60.1
1533408700.49 59.6
1533408710.5 60.7
1533408720.52 60.1
1533408730.53 60.1
1533408740.54 60.1
1533408750.56 60.1
1533408760.57 60.1
1533408770.59 60.1
1533408780.61 60.7
1533408790.62 60.1
1533408800.64 60.7
1533408810.67 60.1
1533408820.68 60.7
1533408830.7 61.2
1533408840.72 60.1
1533408850.74 60.1
1533408860.76 60.1
1533408870.77 60.1
1533408880.79 60.1
1533408890.8 60.1
1533408900.82 60.1
1533408910.83 60.1
1533408920.84 60.1
1533408930.85 60.1
1533408940.87 60.1
1533408950.88 60.1
1533408960.9 59.1
1533408970.92 60.1
1533408980.93 60.1
1533408990.95 60.1
1533409000.97 59.6
1533409010.99 59.1
1533409021.0 60.1
1533409031.02 59.1
1533409041.04 59.6
1533409051.05 59.1
1533409061.07 59.1
1533409071.1 59.6
1533409081.12 59.1
1533409091.14 59.6
1533409101.15 59.1
1533409111.18 59.1
1533409121.2 59.6
1533409131.21 60.1
1533409141.23 60.1
1533409151.25 60.1
1533409161.27 59.1
1533409171.29 59.1
1533409181.31 59.1
1533409191.32 59.1
1533409201.34 60.1
1533409211.35 59.6
1533409221.37 59.1
1533409231.39 59.1
1533409241.41 59.1
1533409251.43 59.6
1533409261.44 59.1
1533409271.46 59.1
1533409281.48 59.6
1533409291.5 58.5
1533409301.52 59.1
1533409311.54 58.5
1533409321.57 58.5
1533409331.6 58.0
1533409341.62 58.5
1533409351.64 58.5
1533409361.66 58.0
1533409371.68 58.5
1533409381.69 59.1
1533409391.7 58.0
1533409401.72 59.1
1533409411.74 59.1
1533409421.76 58.5
1533409431.79 59.1
1533409441.8 58.0
1533409451.82 59.1
1533409461.84 58.0
1533409471.85 59.1
1533409481.86 59.6
1533409491.88 59.6
1533409501.9 58.5
1533409511.91 59.6
1533409521.93 60.1
1533409531.94 59.6
1533409541.96 60.1
1533409551.97 60.1
1533409561.98 60.1
1533409572.0 60.7
1533409582.02 60.1
1533409592.03 60.1
1533409602.04 60.1
1533409612.06 60.7
1533409622.08 60.1
1533409632.09 60.1
1533409642.11 60.1
1533409652.13 60.7
1533409662.15 61.2
1533409672.17 60.7
1533409682.18 60.7
1533409692.2 60.7
1533409702.22 61.2
1533409712.24 60.1
1533409722.26 61.2
1533409732.28 60.7
1533409742.3 60.7
1533409752.31 61.2
1533409762.33 61.8
1533409772.34 61.8
1533409782.36 61.2
1533409792.37 61.2
1533409802.39 61.2
1533409812.41 61.8
1533409822.41 61.8
1533409832.43 62.3
1533409842.44 61.8
1533409852.46 62.3
1533409862.48 62.3
1533409872.49 62.3
1533409882.5 61.8
1533409892.52 62.3
1533409902.53 62.3
1533409912.54 62.3
1533409922.56 62.3
1533409932.57 62.3
1533409942.59 62.3
1533409952.6 62.3
1533409962.62 62.3
1533409972.63 62.3
1533409982.64 62.3
1533409992.66 62.3
1533410002.68 61.8
1533410012.69 61.8
1533410022.71 62.3
1533410032.73 62.3
1533410042.74 62.3
1533410052.76 61.8
1533410062.78 62.3
1533410072.8 62.3
1533410082.82 62.3
1533410092.83 62.3
1533410102.84 61.8
1533410112.85 62.3
1533410122.86 62.3
1533410132.88 62.3
1533410142.9 61.8
1533410152.91 62.3
1533410162.92 62.8
1533410172.94 61.8
1533410182.95 62.3
1533410192.97 62.3
1533410202.98 62.3
1533410212.99 61.8
1533410223.01 62.3
1533410233.03 62.3
1533410243.05 62.3
1533410253.07 61.8
1533410263.08 62.3
1533410273.1 61.2
1533410283.12 61.8
1533410293.14 61.2
1533410303.15 61.8
1533410313.16 61.8
1533410323.18 61.2
1533410333.19 61.8
1533410343.21 61.2
1533410353.22 61.2
1533410363.24 61.2
1533410373.25 61.8
1533410383.26 61.2
1533410393.28 61.2
1533410403.29 60.7
1533410413.3 61.2
1533410423.32 61.2
1533410433.33 61.2
1533410443.35 61.2
1533410453.36 61.2
1533410463.38 60.7
1533410473.39 60.7
1533410483.41 60.7
1533410493.43 60.7
1533410503.44 61.2
1533410513.46 61.2
1533410523.48 60.1
1533410533.49 60.7
1533410543.5 60.1
1533410553.51 61.2
1533410563.52 61.2
1533410573.54 60.7
1533410583.56 61.2
1533410593.58 60.7
1533410603.59 60.7
1533410613.6 60.7
1533410623.61 60.7
1533410633.63 61.2
1533410643.64 60.1
1533410653.66 61.2
1533410663.67 61.2
1533410673.69 60.7
1533410683.7 60.7
1533410693.71 60.7
1533410703.72 61.2
1533410713.73 61.2
1533410723.75 60.7
1533410733.76 60.7
1533410743.78 60.7
1533410753.8 60.1
1533410763.81 60.7
1533410773.83 60.7
1533410783.84 60.7
1533410793.85 61.8
1533410803.87 60.7
1533410813.88 60.7
1533410823.9 61.2
1533410833.92 61.2
1533410843.93 61.2
1533410853.95 61.2
1533410863.97 60.7
1533410873.98 61.2
1533410883.99 61.2
1533410894.02 60.7
1533410904.02 61.2
1533410914.04 61.8
1533410924.05 61.8
1533410934.08 61.2
1533410944.09 61.8
1533410954.1 61.8
1533410964.13 61.8
1533410974.16 61.2
1533410984.17 61.2
1533410994.2 61.2
1533411004.2 61.2
1533411014.22 61.8
1533411024.24 62.3
1533411034.25 61.2
1533411044.26 61.8
1533411054.27 61.8
1533411064.29 61.2
1533411074.3 61.8
1533411084.31 61.8
1533411094.32 61.2
1533411104.34 61.8
1533411114.35 61.8
1533411124.36 61.2
1533411134.38 61.2
1533411144.39 61.8
1533411154.4 61.8
1533411164.41 61.2
1533411174.42 62.3
1533411184.44 62.3
1533411194.45 62.3
1533411204.47 61.8
1533411214.48 62.3
1533411224.49 61.8
1533411234.5 61.8
1533411244.52 61.8
1533411254.53 62.3
1533411264.54 62.3
1533411274.57 61.8
1533411284.58 61.8
1533411294.6 61.8
1533411304.61 62.3
1533411314.63 62.3
1533411324.65 61.2
1533411334.67 62.3
1533411344.69 62.3
1533411354.71 61.8
1533411364.73 61.8
1533411374.75 61.8
1533411384.78 61.2
1533411394.79 61.2
1533411404.82 61.8
1533411414.84 62.3
1533411424.85 62.3
1533411434.87 62.3
1533411444.89 61.8
1533411454.9 62.3
1533411464.92 62.3
1533411474.94 62.3
1533411484.95 62.3
1533411494.97 62.3
1533411504.98 62.3
1533411515.0 62.3
1533411525.02 62.3
1533411535.04 61.8
1533411545.06 62.3
1533411555.07 62.8
1533411565.09 62.3
1533411575.11 62.3
1533411585.12 62.3
1533411595.15 62.3
1533411605.16 62.3
1533411615.18 62.3
1533411625.2 61.8
1533411635.22 62.3
1533411645.22 62.3
1533411655.24 62.3
1533411665.25 62.3
1533411675.27 62.3
1533411685.29 62.8
1533411695.31 62.8
1533411705.33 62.3
1533411715.35 62.3
1533411725.36 62.3
1533411735.38 62.3
1533411745.4 62.8
1533411755.42 62.3
1533411765.43 62.3
1533411775.45 61.8
1533411785.46 62.3
1533411795.48 62.8
1533411805.49 62.3
1533411815.51 62.8
1533411825.53 62.3
1533411835.55 62.8
1533411845.56 62.3
1533411855.59 62.3
1533411865.6 63.4
1533411875.61 63.4
1533411885.63 62.8
1533411895.65 63.4
1533411905.66 63.4
1533411915.68 63.4
1533411925.7 63.4
1533411935.72 63.4
1533411945.74 63.4
1533411955.75 63.4
1533411965.77 63.9
1533411975.79 63.4
1533411985.8 63.4
1533411995.82 63.4
1533412005.83 63.4
1533412015.85 62.8
1533412025.86 63.9
1533412035.88 63.4
1533412045.9 63.4
1533412055.91 63.4
1533412065.93 62.8
1533412075.95 63.4
1533412085.97 62.8
1533412095.99 63.9
1533412106.01 63.4
1533412116.02 63.4
1533412126.04 63.9
1533412136.06 63.4
1533412146.08 63.4
1533412156.1 63.4
1533412166.12 63.4
1533412176.13 63.4
1533412186.15 63.9
1533412196.17 63.9
1533412206.18 64.5
1533412216.2 64.5
1533412226.22 63.9
1533412236.24 63.4
1533412246.25 63.4
1533412256.27 64.5
1533412266.28 63.4
1533412276.3 64.5
1533412286.32 63.9
1533412296.33 63.4
1533412306.35 63.9
1533412316.37 63.9
1533412326.39 62.8
1533412336.41 62.8
1533412346.42 62.8
1533412356.43 63.4
1533412366.45 63.4
1533412376.47 62.8
1533412386.49 62.8
1533412396.51 63.4
1533412406.53 62.3
1533412416.55 63.4
1533412426.57 62.8
1533412436.59 62.8
1533412446.61 62.8
1533412456.62 63.4
1533412466.64 63.4
1533412476.66 62.3
1533412486.68 63.4
1533412496.69 62.8
1533412506.71 62.8
1533412516.73 63.4
1533412526.75 62.3
1533412536.77 62.3
1533412546.79 62.3
1533412556.81 63.4
1533412566.82 62.8
1533412576.84 63.4
1533412586.86 63.4
1533412596.87 63.4
1533412606.89 63.4
1533412616.91 63.4
1533412626.92 64.5
1533412636.93 63.9
1533412646.95 64.5
1533412656.97 63.4
1533412666.99 63.4
1533412677.0 64.5
1533412687.02 63.4
1533412697.03 63.4
1533412707.05 63.4
1533412717.08 63.4
1533412727.09 64.5
1533412737.11 63.9
1533412747.13 63.4
1533412757.15 63.4
1533412767.16 64.5
1533412777.18 64.5
1533412787.2 64.5
1533412797.22 64.5
