1533500008.34 82.2
1533500018.35 82.7
1533500028.37 82.2
1533500038.4 81.7
1533500048.42 82.2
1533500058.43 82.2
1533500068.45 82.2
1533500078.47 82.2
1533500088.48 82.7
1533500098.5 82.2
1533500108.51 81.7
1533500118.53 81.7
1533500128.54 80.6
1533500138.56 81.7
1533500148.57 81.1
1533500158.58 81.1
1533500168.6 80.6
1533500178.61 80.6
1533500188.63 80.6
1533500198.64 80.6
1533500208.66 80.6
1533500218.68 80.6
1533500228.69 80.6
1533500238.71 81.1
1533500248.73 80.6
1533500258.74 80.6
1533500268.75 80.6
1533500278.78 81.7
1533500288.79 81.1
1533500298.81 81.1
1533500308.82 81.7
1533500318.84 80.6
1533500328.86 81.1
1533500338.87 81.1
1533500348.89 80.6
1533500358.91 80.6
1533500368.92 80.6
1533500378.94 80.6
1533500388.96 80.6
1533500398.99 80.6
1533500409.0 80.6
1533500419.02 80.6
1533500429.04 79.5
1533500439.05 80.6
1533500449.07 80.1
1533500459.08 79.5
1533500469.1 80.6
1533500479.12 80.1
1533500489.13 80.1
1533500499.14 80.1
1533500509.16 80.1
1533500519.18 80.6
1533500529.19 80.1
1533500539.21 80.1
1533500549.23 79.5
1533500559.24 80.1
1533500569.26 79.5
1533500579.27 79.5
1533500589.29 78.4
1533500599.31 79.5
1533500609.32 79.0
1533500619.34 79.0
1533500629.35 79.5
1533500639.37 79.0
1533500649.38 79.5
1533500659.4 79.5
1533500669.42 78.4
1533500679.43 79.5
1533500689.45 79.5
1533500699.46 79.0
1533500709.48 78.4
1533500719.5 79.5
1533500729.51 79.5
1533500739.53 79.5
1533500749.54 79.5
1533500759.56 79.5
1533500769.57 79.5
1533500779.59 80.1
1533500789.6 79.5
1533500799.61 79.5
1533500809.63 79.5
1533500819.65 79.0
1533500829.67 79.5
1533500839.68 79.5
1533500849.7 77.9
1533500859.72 79.5
1533500869.73 79.0
1533500879.75 78.4
1533500889.77 79.5
1533500899.78 79.5
1533500909.8 79.0
1533500919.82 79.5
1533500929.83 79.5
1533500939.84 79.5
1533500949.86 79.0
1533500959.87 79.5
1533500969.88 79.0
1533500979.89 79.5
1533500989.91 79.5
1533500999.93 79.5
1533501009.94 79.0
1533501019.95 79.0
1533501029.97 79.5
1533501039.99 79.5
1533501050.01 79.0
1533501060.02 79.5
1533501070.04 77.9
1533501080.06 79.0
1533501090.07 79.5
1533501100.09 79.5
1533501110.11 79.5
1533501120.13 79.5
1533501130.15 79.5
1533501140.16 79.5
1533501150.18 79.5
1533501160.19 79.5
1533501170.21 80.1
1533501180.23 80.1
1533501190.24 80.1
1533501200.26 79.5
1533501210.27 80.1
1533501220.29 80.1
1533501230.31 79.5
1533501240.32 79.5
1533501250.34 80.6
1533501260.36 80.1
1533501270.38 79.5
1533501280.39 80.1
1533501290.41 80.1
1533501300.43 80.1
1533501310.45 79.5
1533501320.46 79.5
1533501330.48 79.5
1533501340.5 80.1
1533501350.52 79.5
1533501360.54 79.5
1533501370.56 79.5
1533501380.57 80.1
1533501390.59 79.5
1533501400.6 79.5
1533501410.62 79.5
1533501420.64 79.5
1533501430.65 80.1
1533501440.67 80.1
1533501450.69 80.1
1533501460.7 79.5
1533501470.72 80.1
1533501480.74 79.5
1533501490.77 79.5
1533501500.78 80.6
1533501510.79 79.5
1533501520.81 79.5
1533501530.83 79.5
1533501540.84 79.5
1533501550.87 79.5
1533501560.89 79.5
1533501570.89 80.1
1533501580.91 80.1
1533501590.92 79.5
1533501600.94 80.6
1533501610.96 80.1
1533501620.98 79.5
1533501630.98 80.1
1533501641.0 80.1
1533501651.01 80.6
1533501661.03 80.6
1533501671.05 80.1
1533501681.06 79.5
1533501691.08 80.6
1533501701.1 80.6
1533501711.11 80.1
1533501721.13 80.1
1533501731.15 80.1
1533501741.16 79.5
1533501751.18 80.1
1533501761.19 79.5
1533501771.21 79.5
1533501781.23 79.5
1533501791.24 79.5
1533501801.26 80.6
1533501811.28 79.5
1533501821.29 80.6
1533501831.31 79.5
1533501841.33 79.5
1533501851.34 80.6
1533501861.36 80.6
1533501871.38 80.1
1533501881.39 80.1
1533501891.4 80.1
1533501901.42 80.6
1533501911.44 80.6
1533501921.45 80.6
1533501931.47 80.6
1533501941.49 80.6
1533501951.5 80.6
1533501961.51 80.6
1533501971.52 81.7
1533501981.53 80.6
1533501991.54 80.6
1533502001.56 80.6
1533502011.58 81.7
1533502021.59 80.6
1533502031.61 80.6
1533502041.63 81.7
1533502051.64 81.7
1533502061.66 81.7
1533502071.67 80.6
1533502081.68 80.6
1533502091.7 81.1
1533502101.71 81.1
1533502111.73 80.6
1533502121.75 81.1
1533502131.76 81.1
1533502141.78 80.6
1533502151.79 80.6
1533502161.8 80.6
1533502171.81 80.1
1533502181.83 80.6
1533502191.85 80.6
1533502201.86 80.6
1533502211.88 79.5
1533502221.89 80.6
1533502231.91 80.6
1533502241.92 80.6
1533502251.94 80.6
1533502261.96 80.6
1533502271.97 80.6
1533502281.99 80.6
1533502292.0 80.6
1533502302.02 80.6
1533502312.03 80.6
1533502322.05 79.5
1533502332.06 80.6
1533502342.08 80.1
1533502352.09 80.6
1533502362.11 79.5
1533502372.13 79.5
1533502382.14 79.5
1533502392.15 79.5
1533502402.17 80.1
1533502412.19 80.1
1533502422.21 79.5
1533502432.22 79.5
1533502442.24 79.5
1533502452.26 79.5
1533502462.3 79.5
1533502472.31 79.5
1533502482.33 80.1
1533502492.34 79.5
1533502502.35 80.1
1533502512.36 80.1
1533502522.37 79.5
1533502532.39 79.5
1533502542.41 79.5
1533502552.43 80.1
1533502562.45 80.1
1533502572.46 79.5
1533502582.48 80.1
1533502592.49 79.5
1533502602.5 80.1
1533502612.52 79.5
1533502622.53 80.1
1533502632.55 79.5
1533502642.57 79.5
1533502652.58 80.1
1533502662.59 80.1
1533502672.61 80.1
1533502682.63 80.1
1533502692.64 79.5
1533502702.66 79.5
1533502712.67 79.5
1533502722.69 79.5
1533502732.71 80.1
1533502742.72 80.1
1533502752.74 80.1
1533502762.76 80.1
1533502772.78 79.5
1533502782.8 79.5
1533502792.81 80.1
1533502802.84 81.7
1533502812.85 81.7
1533502822.87 81.1
1533502832.89 80.6
1533502842.9 80.6
1533502852.92 81.1
1533502862.93 80.6
1533502872.94 80.6
1533502882.96 80.1
1533502892.97 80.6
1533502902.99 80.6
1533502913.01 80.6
1533502923.02 80.6
1533502933.04 80.6
1533502943.04 80.6
1533502953.06 80.6
1533502963.07 80.6
1533502973.09 80.6
1533502983.11 81.1
1533502993.12 81.1
1533503003.14 80.6
1533503013.15 81.7
1533503023.17 80.6
1533503033.19 80.6
1533503043.2 80.6
1533503053.22 80.6
1533503063.23 80.6
1533503073.25 80.6
1533503083.27 79.5
1533503093.28 80.6
1533503103.3 79.5
1533503113.31 79.5
1533503123.33 80.1
1533503133.34 80.6
1533503143.35 80.6
1533503153.37 80.1
1533503163.38 80.6
1533503173.4 80.1
1533503183.41 80.1
1533503193.43 80.1
1533503203.45 80.1
1533503213.46 80.6
1533503223.48 80.6
1533503233.5 80.1
1533503243.52 80.6
1533503253.54 80.6
1533503263.55 80.6
1533503273.57 80.6
1533503283.58 81.1
1533503293.6 80.6
1533503303.62 81.1
1533503313.63 80.6
1533503323.64 81.1
1533503333.66 81.7
1533503343.67 81.1
1533503353.69 81.7
1533503363.7 81.1
1533503373.72 81.7
1533503383.73 80.6
1533503393.74 81.7
1533503403.75 80.6
1533503413.77 81.7
1533503423.79 81.7
1533503433.8 81.7
1533503443.82 81.1
1533503453.83 81.7
1533503463.84 81.7
1533503473.85 80.6
1533503483.87 80.6
1533503493.89 81.1
1533503503.9 80.1
1533503513.92 80.6
1533503523.94 80.6
1533503533.95 80.6
1533503543.97 80.6
1533503553.98 81.1
1533503564.0 81.1
1533503574.01 81.7
1533503584.03 80.6
1533503594.05 80.6
1533503604.06 80.6
1533503614.08 80.6
1533503624.09 80.6
1533503634.11 80.6
1533503644.13 81.1
1533503654.14 81.1
1533503664.15 80.6
1533503674.17 80.6
1533503684.18 80.6
1533503694.2 80.1
1533503704.22 80.1
1533503714.23 80.1
1533503724.25 80.1
1533503734.27 80.1
1533503744.29 80.6
1533503754.3 80.1
1533503764.33 79.5
1533503774.34 80.1
1533503784.36 80.1
1533503794.38 80.1
1533503804.39 80.6
1533503814.4 80.1
1533503824.42 80.6
1533503834.43 80.1
1533503844.44 80.1
1533503854.46 80.1
1533503864.47 80.1
1533503874.49 80.1
1533503884.51 79.5
1533503894.52 80.1
1533503904.54 79.5
1533503914.56 79.5
1533503924.58 79.5
1533503934.6 79.5
1533503944.61 79.5
1533503954.63 80.1
1533503964.64 79.5
1533503974.66 79.5
1533503984.68 79.5
1533503994.69 79.5
1533504004.71 79.5
1533504014.73 79.5
1533504024.75 79.5
1533504034.77 79.5
1533504044.78 79.5
1533504054.8 79.5
1533504064.81 79.5
1533504074.83 80.1
1533504084.84 80.1
1533504094.85 80.1
1533504104.86 80.1
1533504114.88 81.1
1533504124.9 80.1
1533504134.92 80.6
1533504144.93 80.6
1533504154.95 80.1
1533504164.96 79.5
1533504174.98 79.5
1533504184.99 79.5
1533504195.01 80.1
1533504205.03 79.5
1533504215.04 80.6
1533504225.05 79.5
1533504235.07 79.5
1533504245.08 79.5
1533504255.1 79.5
1533504265.11 79.5
1533504275.13 80.1
1533504285.15 79.5
1533504295.17 78.4
1533504305.19 79.0
1533504315.2 79.5
1533504325.22 78.4
1533504335.24 79.5
1533504345.26 79.5
1533504355.27 79.5
1533504365.35 78.4
1533504375.37 79.5
1533504385.39 79.5
1533504395.4 79.5
1533504405.42 78.4
1533504415.43 79.5
1533504425.45 79.0
1533504435.47 79.0
1533504445.49 79.0
1533504455.5 79.5
1533504465.52 79.5
1533504475.53 79.5
1533504485.55 78.4
1533504495.57 78.4
1533504505.6 79.0
1533504515.61 78.4
1533504525.63 79.5
1533504535.64 78.4
1533504545.66 79.5
1533504555.67 79.0
1533504565.69 78.4
1533504575.7 79.5
1533504585.72 79.0
1533504595.73 79.5
1533504605.74 79.5
1533504615.76 79.0
1533504625.77 79.0
1533504635.79 78.4
1533504645.81 78.4
1533504655.83 79.0
1533504665.85 79.0
1533504675.87 79.5
1533504685.89 78.4
1533504695.91 79.0
1533504705.93 79.0
1533504715.94 79.5
1533504725.96 79.5
1533504735.97 79.5
1533504745.98 79.0
1533504756.01 78.4
1533504766.02 79.5
1533504776.04 79.5
1533504786.06 79.5
1533504796.08 79.0
1533504806.09 79.5
1533504816.11 79.5
1533504826.12 79.5
1533504836.14 79.0
1533504846.16 79.0
1533504856.18 79.0
1533504866.2 79.5
1533504876.22 78.4
1533504886.24 78.4
1533504896.25 79.5
1533504906.27 79.0
1533504916.3 79.0
1533504926.3 78.4
1533504936.32 78.4
1533504946.34 78.4
1533504956.35 78.4
1533504966.38 78.4
1533504976.4 77.9
1533504986.41 78.4
1533504996.42 78.4
1533505006.44 79.0
1533505016.46 78.4
1533505026.47 78.4
1533505036.49 77.9
1533505046.51 78.4
1533505056.52 77.9
1533505066.54 78.4
1533505076.56 77.9
1533505086.58 77.9
1533505096.61 77.9
1533505106.62 77.4
1533505116.64 77.9
1533505126.65 78.4
1533505136.67 78.4
1533505146.68 77.9
1533505156.7 78.4
1533505166.72 77.9
1533505176.73 77.9
1533505186.75 78.4
1533505196.77 78.4
1533505206.79 77.4
1533505216.8 77.4
1533505226.82 77.9
1533505236.84 77.9
1533505246.85 78.4
1533505256.86 77.9
1533505266.88 77.4
1533505276.89 77.9
1533505286.91 77.9
1533505296.93 77.9
1533505306.95 77.4
1533505316.97 77.9
1533505326.98 77.9
1533505337.0 77.9
1533505347.02 78.4
1533505357.03 78.4
1533505367.07 78.4
1533505377.07 77.9
1533505387.09 78.4
1533505397.1 78.4
1533505407.12 77.9
1533505417.14 77.9
1533505427.16 78.4
1533505437.17 79.0
1533505447.19 77.9
1533505457.2 78.4
1533505467.22 77.4
1533505477.23 77.9
1533505487.25 77.9
1533505497.27 77.9
1533505507.28 77.9
1533505517.3 77.9
1533505527.32 77.4
1533505537.33 77.9
1533505547.35 77.9
1533505557.36 77.9
1533505567.38 78.4
1533505577.4 78.4
1533505587.42 78.4
1533505597.43 78.4
1533505607.45 77.4
1533505617.47 76.8
1533505627.48 77.4
1533505637.5 77.4
1533505647.52 76.8
1533505657.54 76.8
1533505667.55 76.8
1533505677.57 76.3
1533505687.59 76.8
1533505697.61 76.8
1533505707.61 77.4
1533505717.63 77.4
1533505727.65 76.8
1533505737.66 77.4
1533505747.68 77.4
1533505757.7 77.4
1533505767.72 76.3
1533505777.72 76.3
1533505787.74 76.3
1533505797.76 76.3
1533505807.78 76.8
1533505817.79 76.3
1533505827.81 76.8
1533505837.83 76.3
1533505847.85 76.3
1533505857.86 76.3
1533505867.87 76.3
1533505877.89 76.8
1533505887.91 76.3
1533505897.92 76.3
1533505907.94 76.8
1533505917.95 76.8
1533505927.96 76.8
1533505937.98 76.3
1533505947.99 75.8
1533505958.0 76.3
1533505968.02 76.3
1533505978.03 76.3
1533505988.05 75.8
1533505998.06 75.2
1533506008.08 75.2
1533506018.1 75.2
1533506028.12 75.8
1533506038.14 75.2
1533506048.15 75.2
1533506058.17 75.8
1533506068.19 76.3
1533506078.21 75.8
1533506088.22 75.8
1533506098.24 76.3
1533506108.26 75.8
1533506118.28 75.2
1533506128.29 75.8
1533506138.32 75.8
1533506148.34 75.2
1533506158.35 75.2
1533506168.36 75.8
1533506178.37 75.2
1533506188.39 75.2
1533506198.4 75.2
1533506208.41 75.2
1533506218.43 75.2
1533506228.45 75.2
1533506238.47 75.2
1533506248.49 75.2
1533506258.5 75.8
1533506268.52 74.7
1533506278.53 74.7
1533506288.56 75.2
1533506298.57 74.1
1533506308.58 75.2
1533506318.59 75.2
1533506328.6 75.2
1533506338.62 75.8
1533506348.63 75.2
1533506358.65 75.2
1533506368.66 75.2
1533506378.68 75.2
1533506388.7 75.2
1533506398.71 75.2
