1533000002.5 56.4
1533000012.52 56.4
1533000022.54 56.9
1533000032.56 56.4
1533000042.57 56.9
1533000052.58 55.8
1533000062.6 55.8
1533000072.62 55.8
1533000082.64 55.8
1533000092.65 56.4
1533000102.68 55.8
1533000112.7 55.8
1533000122.72 56.4
1533000132.74 55.8
1533000142.76 55.8
1533000152.78 56.9
1533000162.8 55.8
1533000172.81 56.4
1533000182.84 56.9
1533000192.85 56.4
1533000202.87 55.8
1533000212.89 55.8
1533000222.91 55.8
1533000232.93 56.4
1533000242.95 56.4
1533000252.97 56.9
1533000262.98 56.4
1533000273.0 56.9
1533000283.02 55.8
1533000293.04 55.8
1533000303.06 55.8
1533000313.08 56.9
1533000323.1 55.8
1533000333.12 55.8
1533000343.14 55.8
1533000353.15 56.4
1533000363.17 55.8
1533000373.19 55.8
1533000383.22 55.8
1533000393.23 56.4
1533000403.24 56.4
1533000413.26 56.9
1533000423.28 56.4
1533000433.28 56.4
1533000443.3 56.4
1533000453.32 55.8
1533000463.33 56.9
1533000473.35 56.9
1533000483.37 56.9
1533000493.39 56.4
1533000503.4 56.9
1533000513.42 58.0
1533000523.43 56.9
1533000533.45 56.4
1533000543.45 56.4
1533000553.47 56.9
1533000563.49 56.9
1533000573.51 56.9
1533000583.53 56.9
1533000593.54 56.4
1533000603.56 56.9
1533000613.57 57.5
1533000623.59 56.9
1533000633.61 57.5
1533000643.62 57.5
1533000653.64 56.9
1533000663.66 56.9
1533000673.67 58.0
1533000683.69 58.0
1533000693.71 57.5
1533000703.73 56.9
1533000713.75 56.9
1533000723.76 56.9
1533000733.77 56.9
1533000743.79 56.9
1533000753.81 56.9
1533000763.83 56.9
1533000773.85 56.4
1533000783.86 57.5
1533000793.88 58.0
1533000803.89 56.9
1533000813.91 57.5
1533000823.93 57.5
1533000833.94 56.9
1533000843.96 56.9
1533000853.97 56.9
1533000863.99 56.9
1533000874.02 56.4
1533000884.04 56.9
1533000894.05 56.9
1533000904.07 56.9
1533000914.09 56.9
1533000924.11 56.9
1533000934.13 56.9
1533000944.15 56.9
1533000954.15 56.9
1533000964.17 57.5
1533000974.18 57.5
1533000984.2 56.9
1533000994.22 58.0
1533001004.24 56.9
1533001014.26 58.0
1533001024.27 56.9
1533001034.29 56.9
1533001044.31 56.9
1533001054.32 58.0
1533001064.35 57.5
1533001074.37 56.9
1533001084.38 56.9
1533001094.4 56.9
1533001104.41 56.9
1533001114.43 56.9
1533001124.45 56.9
1533001134.47 56.9
1533001144.49 56.9
1533001154.5 56.9
1533001164.52 57.5
1533001174.53 58.0
1533001184.54 57.5
1533001194.56 57.5
1533001204.58 57.5
1533001214.6 56.9
1533001224.62 56.9
1533001234.64 56.4
1533001244.66 56.9
1533001254.77 56.9
1533001264.79 56.9
1533001274.8 57.5
1533001284.81 56.9
1533001294.83 55.8
1533001304.85 56.9
1533001314.87 55.8
1533001324.89 56.9
1533001334.9 56.9
1533001344.92 56.9
1533001354.93 56.9
1533001364.94 57.5
1533001374.96 56.4
1533001384.97 55.8
1533001394.99 56.4
1533001405.01 56.4
1533001415.02 56.9
1533001425.04 56.9
1533001435.06 56.9
1533001445.08 56.9
1533001455.09 57.5
1533001465.11 56.9
1533001475.13 56.9
1533001485.14 56.9
1533001495.16 57.5
1533001505.18 56.4
1533001515.2 56.9
1533001525.22 56.4
1533001535.23 56.9
1533001545.25 56.4
1533001555.27 56.9
1533001565.29 56.9
1533001575.3 56.4
1533001585.32 56.9
1533001595.33 56.9
1533001605.35 56.9
1533001615.37 56.4
1533001625.38 56.9
1533001635.4 56.9
1533001645.42 56.4
1533001655.43 56.4
1533001665.45 56.9
1533001675.47 56.4
1533001685.48 55.8
1533001695.5 55.8
1533001705.52 56.4
1533001715.54 55.8
1533001725.56 55.3
1533001735.58 55.8
1533001745.59 56.4
1533001755.61 56.4
1533001765.63 55.8
1533001775.65 56.4
1533001785.67 55.8
1533001795.69 55.8
1533001805.71 56.4
1533001815.73 56.4
1533001825.75 56.4
1533001835.77 56.4
1533001845.79 55.8
1533001855.81 55.8
1533001865.83 55.8
1533001875.84 56.4
1533001885.85 56.4
1533001895.87 56.9
1533001905.89 55.8
1533001915.91 55.8
1533001925.93 55.8
1533001935.94 55.8
1533001945.96 55.8
1533001955.98 56.9
1533001966.0 56.4
1533001976.01 56.4
1533001986.02 56.9
1533001996.05 55.8
1533002006.07 56.9
1533002016.09 55.8
1533002026.11 56.9
1533002036.13 56.4
1533002046.14 55.8
1533002056.16 56.4
1533002066.17 56.9
1533002076.19 56.9
1533002086.21 56.4
1533002096.22 56.9
1533002106.24 56.4
1533002116.26 55.8
1533002126.27 56.4
1533002136.29 56.9
1533002146.31 56.4
1533002156.33 56.4
1533002166.34 56.9
1533002176.36 56.9
1533002186.38 56.4
1533002196.4 56.4
1533002206.42 57.5
1533002216.43 56.4
1533002226.45 56.9
1533002236.46 56.9
1533002246.48 56.9
1533002256.5 56.4
1533002266.51 57.5
1533002276.53 58.0
1533002286.55 56.9
1533002296.56 57.5
1533002306.58 56.9
1533002316.6 56.9
1533002326.62 56.9
1533002336.64 56.4
1533002346.65 58.0
1533002356.67 56.9
1533002366.69 57.5
1533002376.7 56.9
1533002386.71 56.9
1533002396.73 56.9
1533002406.75 58.0
