1533100001.18 53.7
1533100011.2 52.6
1533100021.22 53.2
1533100031.24 53.7
1533100041.26 53.2
1533100051.27 53.7
1533100061.29 53.7
1533100071.31 53.7
1533100081.33 52.6
1533100091.34 53.7
1533100101.36 53.2
1533100111.38 53.7
1533100121.4 53.7
1533100131.42 53.7
1533100141.44 53.7
1533100151.46 52.6
1533100161.48 53.2
1533100171.5 53.2
1533100181.52 52.1
1533100191.54 52.1
1533100201.56 52.6
1533100211.57 53.2
1533100221.59 53.7
1533100231.61 52.6
1533100241.64 53.2
1533100251.66 53.2
1533100261.67 53.7
1533100271.69 52.6
1533100281.71 53.7
1533100291.73 53.2
1533100301.75 52.6
1533100311.77 52.6
1533100321.79 53.2
1533100331.81 52.6
1533100341.83 52.6
1533100351.85 53.7
1533100361.87 52.6
1533100371.89 52.6
1533100381.91 52.1
1533100391.93 52.6
1533100401.95 52.6
1533100411.97 52.6
1533100421.99 52.6
1533100432.01 52.6
1533100442.03 52.6
1533100452.05 52.1
1533100462.07 53.2
1533100472.09 52.1
1533100482.11 52.6
1533100492.13 52.1
1533100502.15 52.6
1533100512.16 53.7
1533100522.18 52.1
1533100532.2 52.6
1533100542.22 53.2
1533100552.24 52.1
1533100562.26 52.1
1533100572.28 52.1
1533100582.3 52.6
1533100592.32 52.6
1533100602.34 52.1
1533100612.36 52.1
1533100622.38 52.1
1533100632.41 52.1
1533100642.43 52.6
1533100652.44 52.1
1533100662.46 52.6
1533100672.48 52.6
1533100682.5 52.1
1533100692.52 52.1
1533100702.55 52.6
1533100712.56 52.6
1533100722.58 51.5
1533100732.61 52.1
1533100742.63 51.5
1533100752.64 52.1
1533100762.66 52.1
1533100772.68 52.6
1533100782.7 52.6
1533100792.72 51.5
1533100802.74 52.1
1533100812.76 53.2
1533100822.78 51.5
1533100832.8 52.1
1533100842.82 52.1
1533100852.84 52.1
1533100862.85 51.5
1533100872.87 52.1
1533100882.89 52.1
1533100892.91 52.1
1533100902.92 52.1
1533100912.94 52.1
1533100922.96 52.1
1533100932.98 52.6
1533100943.0 51.5
1533100953.02 52.1
1533100963.04 52.1
1533100973.06 51.5
1533100983.07 52.6
1533100993.09 52.6
1533101003.11 52.1
1533101013.13 52.6
1533101023.14 52.1
1533101033.16 52.1
1533101043.19 51.5
1533101053.21 51.5
1533101063.23 51.5
1533101073.25 52.1
1533101083.27 52.1
1533101093.29 51.5
1533101103.3 51.5
1533101113.32 52.1
1533101123.35 51.5
1533101133.37 51.5
1533101143.39 51.5
1533101153.41 52.1
1533101163.43 51.5
1533101173.45 51.5
1533101183.47 51.5
1533101193.49 51.5
1533101203.5 51.5
1533101213.53 51.5
1533101223.54 52.6
1533101233.56 52.1
1533101243.58 51.5
1533101253.6 51.5
1533101263.62 51.5
1533101273.64 52.1
1533101283.66 51.5
1533101293.68 51.5
1533101303.7 51.5
1533101313.73 52.1
1533101323.75 51.5
1533101333.76 52.1
1533101343.78 51.5
1533101353.8 51.5
1533101363.82 51.5
1533101373.84 51.5
1533101383.86 52.6
1533101393.88 52.1
1533101403.9 51.5
1533101413.91 51.5
1533101423.93 51.5
1533101433.95 51.5
1533101443.97 51.5
1533101453.99 51.5
1533101464.01 51.5
1533101474.04 50.5
1533101484.06 50.5
1533101494.08 51.5
1533101504.09 52.6
1533101514.11 51.0
1533101524.13 52.1
1533101534.15 51.5
1533101544.17 52.1
1533101554.19 51.5
1533101564.21 51.5
1533101574.23 51.5
1533101584.25 51.5
1533101594.27 52.1
1533101604.29 52.1
1533101614.31 51.5
1533101624.33 51.5
1533101634.35 52.1
1533101644.37 52.1
1533101654.39 52.1
1533101664.41 51.5
1533101674.42 51.5
1533101684.44 51.5
1533101694.46 52.1
1533101704.48 51.5
1533101714.5 51.5
1533101724.52 51.5
1533101734.54 51.5
1533101744.56 51.5
1533101754.58 51.5
1533101764.6 51.5
1533101774.62 51.5
1533101784.63 52.6
1533101794.65 51.5
1533101804.67 52.1
1533101814.69 51.5
1533101824.72 51.5
1533101834.74 51.5
1533101844.76 51.5
1533101854.78 51.5
1533101864.8 51.5
1533101874.82 51.5
1533101884.84 51.5
1533101894.86 51.5
1533101904.88 51.0
1533101914.9 51.5
1533101924.92 51.5
1533101934.94 51.5
1533101944.96 51.5
1533101954.97 51.5
1533101964.99 51.5
1533101975.01 51.0
1533101985.03 51.0
1533101995.05 51.5
1533102005.07 51.5
1533102015.09 51.5
1533102025.11 51.5
1533102035.13 51.5
1533102045.15 51.5
1533102055.17 51.5
1533102065.19 51.0
1533102075.21 51.5
1533102085.23 51.5
1533102095.25 51.5
1533102105.27 51.5
1533102115.29 50.5
1533102125.31 51.5
1533102135.33 50.5
1533102145.35 51.0
1533102155.37 51.5
1533102165.39 51.5
1533102175.41 51.5
1533102185.43 51.0
1533102195.45 51.5
1533102205.47 51.5
1533102215.49 51.5
1533102225.51 51.5
1533102235.53 51.5
1533102245.55 51.5
1533102255.57 51.5
1533102265.59 51.5
1533102275.61 52.6
1533102285.63 50.5
1533102295.66 51.5
1533102305.68 51.5
1533102315.7 51.0
1533102325.72 51.5
1533102335.74 50.5
1533102345.76 51.5
1533102355.78 51.5
1533102365.8 50.5
1533102375.82 51.5
1533102385.84 52.1
1533102395.86 51.0
1533102405.88 51.5
1533102415.9 51.0
1533102425.92 51.5
1533102435.94 51.5
1533102445.95 52.1
1533102455.97 51.5
1533102465.99 51.5
1533102476.01 51.5
1533102486.03 51.5
1533102496.05 52.1
1533102506.07 51.5
1533102516.09 51.0
1533102526.11 51.5
1533102536.12 52.1
1533102546.14 51.5
1533102556.16 51.5
1533102566.18 51.5
1533102576.2 51.5
1533102586.22 51.0
1533102596.24 52.1
1533102606.26 51.5
1533102616.28 51.5
1533102626.32 51.5
1533102636.33 51.5
1533102646.35 50.5
1533102656.37 51.5
1533102666.39 51.5
1533102676.41 51.5
1533102686.43 52.1
1533102696.45 52.1
1533102706.46 51.5
1533102716.48 51.5
1533102726.5 52.1
1533102736.52 51.5
1533102746.53 52.1
1533102756.55 52.1
1533102766.57 51.5
1533102776.59 52.1
1533102786.61 51.5
1533102796.63 51.5
1533102806.65 52.6
1533102816.67 52.1
1533102826.69 52.6
1533102836.71 53.2
1533102846.72 53.2
1533102856.74 52.6
1533102866.76 51.5
1533102876.78 52.1
1533102886.8 52.1
1533102896.82 52.1
1533102906.84 51.5
1533102916.86 51.5
1533102926.88 52.6
1533102936.89 52.1
1533102946.9 52.1
1533102956.92 52.6
1533102966.94 52.1
1533102976.96 52.6
1533102986.97 51.5
1533102996.99 51.5
1533103007.01 51.5
1533103017.04 52.1
1533103027.05 52.6
1533103037.07 52.1
1533103047.09 52.6
1533103057.11 52.1
1533103067.13 51.5
1533103077.15 52.6
1533103087.17 52.6
1533103097.19 52.6
1533103107.21 52.1
1533103117.24 52.6
1533103127.25 52.6
1533103137.27 52.1
1533103147.29 52.6
1533103157.31 52.1
1533103167.33 52.1
1533103177.35 52.6
1533103187.37 51.5
1533103197.39 52.6
1533103207.41 54.8
1533103217.42 53.7
1533103227.44 52.6
1533103237.46 52.6
1533103247.49 52.1
1533103257.5 52.6
1533103267.52 52.6
1533103277.54 52.6
1533103287.55 52.6
1533103297.56 52.1
1533103307.59 52.1
1533103317.61 52.6
1533103327.62 52.6
1533103337.64 52.6
1533103347.65 52.6
1533103357.67 52.1
1533103367.69 51.5
1533103377.71 51.5
1533103387.73 51.5
1533103397.74 52.6
1533103407.76 52.1
1533103417.78 52.1
1533103427.79 52.1
1533103437.81 52.1
1533103447.82 52.1
1533103457.84 51.5
1533103467.85 53.2
1533103477.87 51.5
1533103487.88 52.1
1533103497.89 52.6
1533103507.91 51.5
1533103517.93 52.6
1533103527.95 52.1
1533103537.97 51.5
1533103547.99 51.5
1533103558.0 52.6
1533103568.01 52.1
1533103578.04 51.5
1533103588.06 51.5
1533103598.08 51.5
1533103608.09 53.2
1533103618.11 52.1
1533103628.13 51.5
1533103638.15 52.1
1533103648.17 52.1
1533103658.19 52.1
1533103668.21 52.1
1533103678.22 52.6
1533103688.24 52.6
1533103698.26 51.5
1533103708.27 52.1
1533103718.29 52.6
1533103728.31 51.5
1533103738.34 51.5
1533103748.35 52.1
1533103758.37 52.1
1533103768.39 52.1
1533103778.41 52.6
1533103788.43 51.5
1533103798.45 52.1
1533103808.47 51.5
1533103818.49 52.1
1533103828.51 52.6
1533103838.53 52.1
1533103848.56 52.1
1533103858.57 52.1
1533103868.6 51.5
1533103878.61 52.1
1533103888.64 52.1
1533103898.65 52.1
1533103908.67 52.1
1533103918.69 52.6
1533103928.72 51.5
1533103938.74 51.5
1533103948.76 52.1
1533103958.78 51.5
1533103968.8 51.5
1533103978.82 52.1
1533103988.84 52.1
1533103998.86 51.5
1533104008.87 51.5
1533104018.89 51.5
1533104028.91 52.1
1533104038.94 51.5
1533104048.96 51.5
1533104058.97 51.5
1533104069.0 51.5
1533104079.02 51.5
1533104089.03 51.5
1533104099.05 52.1
1533104109.07 51.5
1533104119.08 52.1
1533104129.1 51.0
1533104139.12 51.5
1533104149.14 52.6
1533104159.16 51.5
1533104169.18 52.1
1533104179.2 52.6
1533104189.22 51.5
1533104199.24 51.5
1533104209.26 51.5
1533104219.28 51.5
1533104229.3 51.5
1533104239.32 51.5
1533104249.33 51.5
1533104259.35 52.6
1533104269.37 51.5
1533104279.38 51.5
1533104289.4 52.1
1533104299.42 51.5
1533104309.44 51.5
1533104319.46 51.5
1533104329.47 51.5
1533104339.49 52.6
1533104349.51 51.5
1533104359.52 51.5
1533104369.54 51.0
1533104379.56 51.5
1533104389.58 51.5
1533104399.59 52.1
1533104409.61 51.5
1533104419.63 52.1
1533104429.65 51.5
1533104439.66 52.1
1533104449.67 51.5
1533104459.69 51.5
1533104469.71 52.1
1533104479.73 52.6
1533104489.75 51.5
1533104499.76 51.5
1533104509.78 51.5
1533104519.81 51.5
1533104529.82 52.1
1533104539.83 51.5
1533104549.85 52.1
1533104559.87 52.1
1533104569.89 52.1
1533104579.91 51.5
1533104589.93 51.5
1533104599.95 52.1
1533104609.97 51.5
1533104619.99 51.5
1533104630.01 51.5
1533104640.04 51.5
1533104650.06 51.5
1533104660.07 51.5
1533104670.09 51.5
1533104680.11 51.5
1533104690.12 51.5
1533104700.14 51.5
1533104710.16 51.5
1533104720.18 52.1
1533104730.2 51.5
1533104740.22 52.1
1533104750.23 51.5
1533104760.25 52.1
1533104770.27 51.5
1533104780.29 52.1
1533104790.32 51.5
1533104800.33 51.5
1533104810.35 51.5
1533104820.37 52.1
1533104830.39 52.1
1533104840.41 52.1
1533104850.43 51.5
1533104860.45 51.5
1533104870.47 51.5
1533104880.49 52.6
1533104890.5 52.1
1533104900.52 52.1
1533104910.54 51.5
1533104920.56 52.1
1533104930.58 51.5
1533104940.6 52.1
1533104950.62 52.6
1533104960.64 51.5
1533104970.65 52.1
1533104980.67 52.1
1533104990.69 51.5
1533105000.71 52.6
1533105010.73 51.5
1533105020.75 51.5
1533105030.77 51.5
1533105040.8 51.0
1533105050.82 51.5
1533105060.85 51.5
1533105070.87 51.5
1533105080.89 52.1
1533105090.91 51.5
1533105100.93 51.5
1533105110.95 52.1
1533105120.97 52.6
1533105130.99 51.5
1533105141.01 51.0
1533105151.03 51.5
1533105161.05 51.5
1533105171.07 51.5
1533105181.09 51.5
1533105200.33 51.0
1533105210.35 51.5
1533105220.38 51.5
1533105230.39 50.5
1533105240.41 51.5
1533105250.43 51.0
1533105260.45 51.5
1533105270.47 51.0
1533105280.49 50.5
1533105290.51 50.5
1533105300.53 51.0
1533105310.56 51.5
1533105320.58 51.0
1533105330.6 51.0
1533105340.62 51.0
1533105350.64 51.5
1533105360.66 51.5
1533105370.67 51.0
1533105380.69 51.0
1533105390.71 51.0
1533105400.74 50.5
1533105410.76 51.0
1533105420.77 51.5
1533105430.79 50.5
1533105440.81 51.5
1533105450.83 51.0
1533105460.84 51.0
1533105470.85 51.0
1533105480.87 50.5
1533105490.89 51.0
1533105500.91 51.5
1533105510.93 51.0
1533105520.96 50.5
1533105530.98 51.5
1533105541.0 50.5
1533105551.01 51.5
1533105561.03 50.5
1533105571.05 51.0
1533105581.07 51.0
1533105591.09 50.5
1533105601.11 51.0
1533105611.13 52.1
1533105621.15 50.5
1533105631.17 51.5
1533105641.19 51.5
1533105651.22 51.0
1533105661.24 50.5
1533105671.26 51.0
1533105681.28 51.0
1533105691.3 50.5
1533105701.32 51.0
1533105711.34 50.5
1533105721.35 51.5
1533105731.37 51.0
1533105741.39 52.1
1533105751.41 51.5
1533105761.43 51.5
1533105771.45 51.0
1533105781.47 51.0
1533105791.49 51.5
1533105801.51 50.5
1533105811.53 50.5
1533105821.55 50.5
1533105831.57 50.5
1533105841.6 51.0
1533105851.62 51.0
1533105861.64 50.5
1533105871.66 50.5
1533105881.68 51.0
1533105891.7 51.0
1533105901.72 51.0
1533105911.74 51.5
1533105921.76 51.0
1533105931.77 51.0
1533105941.8 51.0
1533105951.81 50.5
1533105961.83 51.0
1533105971.85 50.5
1533105981.88 50.5
1533105991.89 51.5
1533106001.91 51.5
1533106011.93 50.5
1533106021.95 51.5
1533106031.96 51.5
1533106041.98 50.5
1533106052.0 51.0
1533106062.03 50.5
1533106072.05 50.5
1533106082.07 51.5
1533106092.09 51.5
1533106102.1 51.5
1533106112.12 50.5
1533106122.14 51.0
1533106132.16 50.5
1533106142.18 50.5
1533106152.2 50.5
1533106162.22 49.9
1533106172.24 50.5
1533106182.26 50.5
1533106192.29 50.5
1533106202.31 51.0
1533106212.33 50.5
1533106222.35 50.5
1533106232.36 51.5
1533106242.38 51.0
1533106252.41 51.5
1533106262.43 50.5
1533106272.45 50.5
1533106282.47 51.0
1533106292.49 50.5
1533106302.51 50.5
1533106312.53 51.5
1533106322.55 50.5
1533106332.57 51.0
1533106342.59 51.5
1533106352.61 50.5
1533106362.63 50.5
1533106372.64 51.0
1533106382.66 50.5
1533106392.68 51.5
1533106402.7 51.5
1533106412.72 51.5
1533106422.73 51.5
1533106432.76 51.0
1533106442.78 51.0
1533106452.81 50.5
1533106462.83 51.5
1533106472.85 50.5
1533106482.87 50.5
1533106492.89 50.5
1533106502.92 50.5
1533106512.94 51.5
1533106522.97 51.0
1533106532.98 51.5
1533106543.0 50.5
1533106553.02 50.5
1533106563.03 50.5
1533106573.05 51.0
1533106583.06 51.5
1533106593.07 50.5
1533106603.09 51.0
1533106613.11 50.5
1533106623.13 50.5
1533106633.15 51.0
1533106643.16 50.5
1533106653.18 50.5
1533106663.2 50.5
1533106673.23 50.5
1533106683.25 50.5
1533106693.27 50.5
1533106703.28 51.5
1533106713.3 50.5
1533106723.32 50.5
1533106733.34 49.9
1533106743.36 51.0
1533106753.38 51.0
1533106763.42 50.5
1533106773.44 50.5
1533106783.46 49.9
1533106793.47 51.0
1533106803.49 50.5
