1533600009.21 69.3
1533600019.23 67.1
1533600029.25 67.7
1533600039.26 66.6
1533600049.27 66.6
1533600059.29 66.6
1533600069.3 66.6
1533600090.77 66.6
1533600100.79 67.1
1533600110.8 66.6
1533600120.82 66.6
1533600130.83 66.6
1533600140.84 66.6
1533600150.86 66.6
1533600160.87 66.6
1533600170.89 66.6
1533600180.91 66.6
1533600190.92 66.6
1533600200.94 67.1
1533600210.96 66.6
1533600220.98 66.6
1533600230.99 67.1
1533600241.0 66.6
1533600251.01 66.1
1533600261.03 66.6
1533600271.04 66.6
1533600281.06 65.5
1533600291.07 66.6
1533600301.09 66.1
1533600311.11 65.5
1533600321.13 66.1
1533600331.14 65.5
1533600341.16 65.5
1533600351.18 65.5
1533600361.19 66.1
1533600371.21 65.0
1533600381.23 65.5
1533600391.24 66.6
1533600401.25 65.5
1533600411.26 65.5
1533600421.28 65.5
1533600431.29 65.0
1533600441.31 65.5
1533600451.32 65.5
1533600461.34 66.1
1533600471.35 66.6
1533600481.37 65.5
1533600491.39 65.0
1533600501.41 65.5
1533600511.43 65.5
1533600521.45 65.5
1533600531.47 65.5
1533600541.48 65.5
1533600551.49 65.5
1533600561.51 66.1
1533600571.52 65.5
1533600581.54 65.5
1533600591.55 65.0
1533600601.57 65.5
1533600611.58 65.5
1533600621.6 66.1
1533600631.61 65.5
1533600641.63 65.5
1533600651.65 65.5
1533600661.66 65.5
1533600671.68 66.1
1533600681.69 65.5
1533600691.71 66.6
1533600701.72 65.5
1533600711.73 66.1
1533600721.75 65.5
1533600731.77 65.0
1533600741.78 65.5
1533600751.8 66.6
1533600761.82 65.5
1533600771.83 66.1
1533600781.85 65.5
1533600791.86 65.5
1533600801.88 66.6
1533600811.89 65.5
1533600821.9 66.1
1533600831.93 65.5
1533600841.95 66.1
1533600851.97 65.5
1533600861.98 66.1
1533600872.0 66.1
1533600882.01 66.1
1533600892.03 66.1
1533600902.04 66.6
1533600912.06 66.6
1533600922.08 66.1
1533600932.09 65.5
1533600942.11 65.5
1533600952.12 66.1
1533600962.14 66.6
1533600972.16 66.1
1533600982.18 65.5
1533600992.19 66.6
1533601002.21 66.1
1533601012.22 65.5
1533601022.24 66.1
1533601032.26 65.5
1533601042.27 66.1
1533601052.29 65.5
1533601062.31 66.1
1533601072.32 65.5
1533601082.33 65.5
1533601092.34 65.0
1533601102.36 65.0
1533601112.37 65.5
1533601122.39 66.1
1533601132.4 66.1
1533601142.42 65.5
1533601152.44 65.0
1533601162.45 66.1
1533601172.47 65.5
1533601182.48 65.5
1533601192.5 66.1
1533601202.52 65.5
1533601212.53 65.0
1533601222.55 65.5
1533601232.58 66.1
1533601242.59 65.5
1533601252.61 66.1
1533601262.63 66.6
1533601272.64 65.5
1533601282.66 65.5
1533601292.68 65.0
1533601302.69 66.6
1533601312.71 65.5
1533601322.73 65.5
1533601332.75 65.5
1533601342.77 65.5
1533601352.78 65.5
1533601362.8 65.0
1533601372.82 65.5
1533601382.84 65.0
1533601392.86 65.5
1533601402.87 65.5
1533601412.89 64.5
1533601422.9 65.0
1533601432.92 65.0
1533601442.94 64.5
1533601452.96 63.4
1533601462.97 64.5
1533601472.99 65.0
1533601483.01 64.5
1533601493.03 65.0
1533601503.05 65.5
1533601513.06 65.0
1533601523.07 65.0
1533601533.09 65.0
1533601543.11 65.5
1533601553.13 64.5
1533601563.14 65.0
1533601573.16 65.0
1533601583.17 65.0
1533601593.18 65.5
1533601603.19 65.0
1533601613.21 65.0
1533601623.23 65.0
1533601633.25 65.0
1533601643.26 65.0
1533601653.28 65.0
1533601663.29 65.0
1533601673.31 65.0
1533601683.32 65.0
1533601693.34 65.0
1533601703.36 64.5
1533601713.39 64.5
1533601723.4 65.5
1533601733.42 64.5
1533601743.43 64.5
1533601753.45 64.5
1533601763.47 64.5
1533601773.48 64.5
1533601783.5 65.0
1533601793.52 64.5
1533601803.53 65.0
1533601813.55 64.5
1533601823.57 65.0
1533601833.59 65.0
1533601843.6 65.0
1533601853.62 64.5
1533601863.64 65.0
1533601873.65 65.0
1533601883.67 65.0
1533601893.69 65.5
1533601903.7 65.0
1533601913.71 65.0
1533601923.73 64.5
1533601933.75 65.0
1533601943.77 64.5
1533601953.78 65.0
1533601963.8 64.5
1533601973.81 64.5
1533601983.83 64.5
1533601993.85 64.5
1533602003.86 63.4
1533602013.87 64.5
1533602023.9 64.5
1533602033.91 63.4
1533602043.93 63.4
1533602053.95 63.4
1533602063.97 63.4
1533602073.98 63.4
1533602083.99 63.9
1533602094.01 63.4
1533602104.03 64.5
1533602114.05 64.5
1533602124.07 63.4
1533602134.08 63.4
1533602144.1 63.4
1533602154.11 63.4
1533602164.13 63.4
1533602174.15 62.8
1533602184.18 63.4
1533602194.19 62.8
1533602204.21 63.4
1533602214.24 62.8
1533602224.26 63.4
1533602234.27 63.4
1533602244.31 63.4
1533602254.33 63.4
1533602264.35 63.9
1533602274.36 64.5
1533602284.37 63.9
1533602294.39 63.4
1533602304.4 63.9
1533602314.41 63.9
1533602324.43 64.5
1533602334.44 63.4
1533602344.46 63.9
1533602354.47 63.4
1533602364.48 64.5
1533602374.5 63.4
1533602384.51 64.5
1533602394.53 63.4
1533602404.55 63.4
1533602414.56 63.9
1533602424.58 63.9
1533602434.6 63.4
1533602444.61 64.5
1533602454.62 63.4
1533602464.64 63.9
1533602474.67 63.4
1533602484.68 64.5
1533602494.7 63.9
1533602504.71 64.5
1533602514.73 63.4
1533602524.74 63.9
1533602534.76 63.4
1533602544.77 63.9
1533602554.79 64.5
1533602564.8 64.5
1533602574.81 64.5
1533602584.83 64.5
1533602594.85 64.5
1533602604.87 64.5
1533602614.88 65.0
1533602624.9 64.5
1533602634.92 64.5
1533602644.93 65.0
1533602654.95 64.5
1533602664.96 64.5
1533602674.98 65.0
1533602684.99 64.5
1533602695.01 65.0
1533602705.03 64.5
1533602715.04 65.0
1533602725.06 64.5
1533602735.07 65.0
1533602745.09 65.0
1533602755.1 64.5
1533602765.12 65.0
1533602775.14 64.5
1533602785.16 65.5
1533602795.17 65.0
1533602805.19 64.5
1533602815.21 64.5
1533602825.22 64.5
1533602835.24 65.0
1533602845.26 65.0
1533602855.27 65.0
1533602865.29 65.5
1533602875.3 65.5
1533602885.32 65.0
1533602895.34 64.5
1533602905.36 64.5
1533602915.38 64.5
1533602925.39 64.5
1533602935.4 65.0
1533602945.42 65.0
1533602955.43 65.0
1533602965.44 64.5
1533602975.46 65.0
1533602985.47 64.5
1533602995.48 65.0
1533603005.49 64.5
1533603015.5 65.5
1533603025.52 65.0
1533603035.53 65.5
1533603045.55 65.5
1533603055.56 65.0
1533603065.58 65.0
1533603075.6 65.0
1533603085.61 64.5
1533603095.63 64.5
1533603105.64 65.0
1533603115.66 65.5
1533603125.68 65.0
1533603135.7 64.5
1533603145.72 64.5
1533603155.74 65.0
1533603165.76 65.0
1533603175.77 64.5
1533603185.79 64.5
1533603195.81 64.5
1533603205.83 64.5
1533603215.84 64.5
1533603225.86 63.9
1533603235.89 65.0
1533603245.9 64.5
1533603255.92 64.5
1533603265.93 64.5
1533603275.96 63.9
1533603285.97 64.5
1533603295.99 64.5
1533603306.01 64.5
1533603316.03 64.5
1533603326.05 65.0
1533603336.07 65.0
1533603346.08 64.5
1533603356.1 64.5
1533603366.12 65.0
1533603376.12 64.5
1533603386.14 64.5
1533603396.15 64.5
1533603406.17 65.5
1533603416.19 64.5
1533603426.2 65.5
1533603436.23 65.0
1533603446.24 65.0
1533603456.26 65.0
1533603466.28 64.5
1533603476.29 64.5
1533603486.31 64.5
1533603496.33 64.5
1533603506.35 63.4
1533603516.37 63.9
1533603526.39 64.5
1533603536.41 63.4
1533603546.43 63.4
1533603556.45 64.5
1533603566.46 63.4
1533603576.48 63.4
1533603586.49 63.4
1533603596.53 63.9
1533603606.55 64.5
1533603616.56 63.9
1533603626.57 64.5
1533603636.59 64.5
1533603646.61 64.5
1533603656.62 63.9
1533603666.65 64.5
1533603676.66 63.9
1533603686.68 63.9
1533603696.69 64.5
1533603706.7 64.5
1533603716.72 63.9
1533603726.74 64.5
1533603736.75 64.5
1533603746.77 65.0
1533603756.79 64.5
1533603766.8 65.5
1533603776.82 65.0
1533603786.84 64.5
1533603796.85 64.5
1533603806.87 64.5
1533603816.89 64.5
1533603826.91 63.9
1533603836.92 64.5
1533603846.94 64.5
1533603856.95 64.5
1533603866.96 64.5
1533603876.98 64.5
1533603887.0 63.9
1533603897.01 65.0
1533603907.03 65.0
1533603917.04 64.5
1533603927.05 64.5
1533603937.07 65.5
1533603947.09 64.5
1533603957.1 65.0
1533603967.12 65.0
1533603977.14 64.5
1533603987.15 65.0
1533603997.17 64.5
1533604007.19 64.5
1533604017.2 65.0
1533604027.21 64.5
1533604037.23 65.0
1533604047.25 65.0
1533604057.27 64.5
1533604067.29 64.5
1533604077.31 65.0
1533604087.32 64.5
1533604097.34 64.5
1533604107.35 64.5
1533604117.37 65.0
1533604127.38 64.5
1533604137.4 64.5
1533604147.41 64.5
1533604157.43 63.9
1533604167.45 63.4
1533604177.47 64.5
1533604187.49 64.5
1533604197.5 64.5
1533604207.52 64.5
1533604217.54 64.5
1533604227.55 65.0
1533604237.57 63.9
1533604247.59 64.5
1533604257.61 64.5
1533604267.63 63.4
1533604277.65 64.5
1533604287.66 64.5
1533604297.68 64.5
1533604307.7 64.5
1533604317.71 63.9
1533604327.73 63.4
1533604337.74 63.9
1533604347.76 63.9
1533604357.77 63.4
1533604367.79 63.4
1533604377.8 65.0
1533604387.82 63.4
1533604397.84 64.5
1533604407.87 63.9
1533604417.88 63.9
1533604427.9 63.9
1533604437.92 63.4
1533604447.94 64.5
1533604457.96 63.4
1533604467.98 63.9
1533604478.0 63.4
1533604488.01 64.5
1533604498.03 63.9
1533604508.05 63.4
1533604518.06 63.9
1533604528.08 63.4
1533604538.1 63.4
1533604548.11 63.4
1533604558.13 63.4
1533604568.15 63.4
1533604578.16 64.5
1533604588.18 63.4
1533604598.2 63.9
1533604608.22 63.4
1533604618.24 63.4
1533604628.26 63.4
1533604638.27 63.4
1533604648.29 63.9
1533604658.31 63.9
1533604668.33 62.8
1533604678.34 63.4
1533604688.36 64.5
1533604698.38 64.5
1533604708.39 64.5
1533604718.41 63.9
1533604728.43 63.4
1533604738.45 62.8
1533604748.47 64.5
1533604758.48 63.4
1533604768.49 63.4
1533604778.51 63.4
1533604788.53 63.4
1533604798.55 63.9
1533604808.57 62.8
1533604818.59 63.4
1533604828.6 63.4
1533604838.62 63.9
1533604848.63 63.4
1533604858.65 63.4
1533604868.66 63.4
1533604878.68 63.4
1533604888.7 63.4
1533604898.72 63.4
1533604908.74 63.4
1533604918.75 63.4
1533604928.76 63.9
1533604938.78 63.4
1533604948.79 63.4
1533604958.81 62.3
1533604968.83 62.3
1533604978.84 62.8
1533604988.86 63.4
1533604998.87 62.3
1533605008.89 63.4
1533605018.91 63.9
1533605028.93 62.8
1533605038.94 63.4
1533605048.96 62.8
1533605058.97 62.8
1533605068.99 62.8
1533605079.01 63.4
1533605089.02 63.4
1533605099.04 62.3
1533605109.05 62.3
1533605119.06 62.3
1533605129.07 62.8
1533605139.09 62.3
1533605149.1 62.8
1533605159.11 62.3
1533605169.13 62.3
1533605179.15 61.8
1533605189.17 61.8
1533605199.19 62.3
1533605209.21 62.3
1533605219.23 61.2
1533605229.25 61.2
1533605239.27 61.2
1533605249.28 62.3
1533605259.3 61.2
1533605269.32 62.3
1533605279.33 62.3
1533605289.35 61.2
1533605299.37 61.2
1533605309.39 61.2
1533605319.4 62.3
1533605329.42 61.8
1533605339.44 61.2
1533605349.46 61.8
1533605359.47 62.3
1533605369.49 62.3
1533605379.52 61.8
1533605389.53 62.3
1533605399.55 61.2
1533605409.57 61.8
1533605419.6 62.3
1533605429.62 61.8
1533605439.64 62.3
1533605449.66 61.2
1533605459.67 62.3
1533605469.69 61.8
1533605479.71 62.3
1533605489.72 62.3
1533605499.73 62.3
1533605509.75 61.2
1533605519.77 62.3
1533605529.79 61.8
1533605539.81 62.3
1533605549.83 61.8
1533605559.85 61.2
1533605569.86 62.3
1533605579.88 62.3
1533605589.9 61.8
1533605599.91 62.3
1533605609.93 62.3
1533605619.95 61.8
1533605629.97 62.8
1533605639.99 62.3
1533605650.0 62.3
1533605660.02 63.4
1533605670.03 62.8
1533605680.05 62.3
1533605690.06 62.3
1533605700.08 62.8
1533605710.1 63.4
1533605720.11 62.3
1533605730.13 62.8
1533605740.15 62.3
1533605750.16 63.4
1533605760.18 63.4
1533605770.2 62.3
1533605780.22 62.8
1533605790.23 62.8
1533605800.24 62.3
1533605810.25 62.8
1533605820.27 62.8
1533605830.29 63.4
1533605840.3 63.4
1533605850.32 62.8
1533605860.34 62.3
1533605870.36 63.4
1533605880.38 63.4
1533605890.39 63.4
1533605900.41 63.4
1533605910.42 63.4
1533605920.44 62.8
1533605930.45 63.4
1533605940.47 63.4
1533605950.48 62.8
1533605960.49 63.4
1533605970.52 62.3
1533605980.53 63.4
1533605990.54 63.4
1533606000.56 63.4
1533606010.57 63.4
1533606020.59 62.8
1533606030.61 63.4
1533606040.62 63.4
1533606050.64 63.4
1533606060.65 62.8
1533606070.67 63.9
1533606080.68 63.4
1533606090.7 63.9
1533606100.72 63.4
1533606110.73 62.8
1533606120.75 63.4
1533606130.76 62.8
1533606140.78 63.4
1533606150.8 62.8
1533606160.81 62.3
1533606170.82 63.4
1533606180.84 63.4
1533606190.85 63.4
1533606200.87 62.8
1533606210.89 63.4
1533606220.9 63.4
1533606230.92 64.5
1533606240.93 63.4
1533606250.95 63.4
1533606260.97 63.4
1533606270.98 63.4
1533606281.0 63.4
1533606291.02 63.4
1533606301.03 63.4
1533606311.05 62.3
1533606321.07 63.4
1533606331.09 62.8
1533606341.11 63.4
1533606351.12 63.4
1533606361.13 63.4
1533606371.15 62.8
1533606381.16 63.4
1533606391.18 62.3
1533606401.2 63.4
1533606411.21 63.4
1533606421.23 62.3
1533606431.25 62.3
1533606441.27 62.3
1533606451.28 63.4
1533606461.3 62.8
1533606471.31 62.8
1533606481.33 63.4
1533606491.34 63.4
1533606501.36 62.8
1533606511.38 62.3
1533606521.4 62.3
1533606531.41 62.8
1533606541.43 62.8
1533606551.44 62.8
1533606561.46 63.4
1533606571.48 63.4
1533606581.5 62.3
1533606591.51 63.4
1533606601.53 63.4
1533606611.55 63.4
1533606621.56 63.4
1533606631.58 63.4
1533606641.6 63.4
1533606651.62 63.4
1533606661.63 63.4
1533606671.64 63.4
1533606681.66 62.3
1533606691.67 62.3
1533606701.68 63.4
1533606711.7 62.3
1533606721.72 62.8
1533606731.74 62.3
1533606741.75 62.8
1533606751.77 62.3
1533606761.78 62.8
1533606771.8 62.8
1533606781.82 62.8
1533606791.83 62.3
1533606801.85 62.8
1533606811.87 62.8
1533606821.88 63.4
1533606831.91 61.8
1533606841.93 62.8
1533606851.95 61.8
1533606861.96 62.8
1533606871.97 62.3
1533606881.99 62.3
1533606892.0 61.8
1533606902.02 61.2
1533606912.03 62.3
1533606922.05 61.8
1533606932.07 62.3
1533606942.08 61.8
1533606952.1 61.2
1533606962.12 62.3
1533606972.13 62.3
1533606982.15 61.8
1533606992.17 62.3
1533607002.19 61.2
1533607012.21 61.2
1533607022.23 61.8
1533607032.25 61.2
1533607042.26 61.2
1533607052.28 62.3
1533607062.3 61.2
1533607072.31 62.3
1533607082.33 62.3
1533607092.36 61.2
1533607102.37 61.8
1533607112.39 60.7
1533607122.41 61.8
1533607132.43 61.8
1533607142.45 61.2
1533607152.47 61.2
1533607162.48 61.8
1533607172.5 61.2
1533607182.51 61.8
1533607192.53 62.3
1533607202.55 61.2
