1533700001.22 58.0
1533700011.23 59.1
1533700021.24 58.0
1533700031.26 58.0
1533700041.28 59.1
1533700051.3 59.6
1533700061.32 59.1
1533700071.34 59.1
1533700081.35 59.6
1533700091.37 58.5
1533700101.39 59.1
1533700111.41 59.6
1533700121.43 59.1
1533700131.45 59.1
1533700141.47 59.1
1533700151.48 59.1
1533700161.5 60.1
1533700171.52 59.1
1533700181.54 59.6
1533700191.56 59.1
1533700201.58 60.1
1533700211.6 60.1
1533700221.62 60.1
1533700231.63 60.1
1533700241.65 60.1
1533700251.66 60.7
1533700261.68 60.1
1533700271.69 59.6
1533700281.7 59.6
1533700291.71 60.1
1533700301.73 60.1
1533700311.74 60.7
1533700321.75 60.7
1533700331.77 60.7
1533700341.79 60.1
1533700351.81 61.2
1533700361.82 60.1
1533700371.84 60.7
1533700381.86 60.7
1533700391.88 60.7
1533700401.89 60.7
1533700411.91 60.1
1533700421.92 61.2
1533700431.94 60.1
1533700441.96 61.8
1533700451.97 60.1
1533700461.99 61.2
1533700472.01 60.7
1533700482.02 61.2
1533700492.04 60.1
1533700502.06 60.1
1533700512.08 60.7
1533700522.1 61.2
1533700532.11 60.7
1533700542.13 60.7
1533700552.15 60.1
1533700562.17 60.7
1533700572.19 60.7
1533700582.21 60.7
1533700592.23 60.1
1533700602.25 60.7
1533700612.27 59.6
1533700622.29 60.1
1533700632.31 59.6
1533700642.33 60.1
1533700652.34 60.1
1533700662.35 60.1
1533700672.37 60.1
1533700682.38 60.1
1533700692.39 60.1
1533700702.4 59.1
1533700712.42 59.6
1533700722.43 60.1
1533700732.46 60.7
1533700742.48 59.6
1533700752.49 60.1
1533700762.51 59.6
1533700772.53 60.1
1533700782.55 60.7
1533700792.56 60.1
1533700802.58 60.1
