1533200009.36 54.8
1533200019.38 55.3
1533200029.4 54.8
1533200039.42 54.8
1533200049.44 55.3
1533200059.46 55.3
1533200069.48 55.3
1533200079.5 54.2
1533200089.52 55.3
1533200099.54 54.8
1533200109.56 54.8
1533200119.58 55.8
1533200129.6 54.8
1533200139.62 55.8
1533200149.63 55.3
1533200159.65 55.8
1533200169.67 54.8
1533200179.69 55.3
1533200189.71 55.8
1533200199.73 55.8
1533200209.75 54.8
1533200219.77 55.3
1533200229.79 55.3
1533200239.81 54.8
1533200249.83 54.8
1533200259.85 55.3
1533200269.87 55.8
1533200279.89 54.8
1533200289.91 55.8
1533200299.93 54.8
1533200309.95 55.8
1533200319.96 56.4
1533200329.98 54.8
1533200340.0 55.8
1533200350.01 55.8
1533200360.03 54.8
1533200370.05 54.8
1533200380.07 55.3
1533200390.1 55.3
1533200400.12 54.8
