1533900008.91 59.1
1533900018.92 58.5
1533900028.94 59.1
1533900038.95 59.6
1533900048.97 59.1
1533900058.98 60.1
1533900069.0 60.1
1533900079.01 60.1
1533900089.03 59.1
1533900099.05 59.1
1533900109.06 59.1
1533900119.08 59.1
1533900129.09 59.1
1533900139.11 59.6
1533900149.12 59.1
1533900159.14 58.0
1533900169.16 59.1
1533900179.18 58.0
1533900189.2 58.5
1533900199.23 59.1
1533900209.25 58.0
1533900219.27 59.1
1533900229.28 58.5
1533900239.3 58.5
1533900249.31 59.1
1533900259.33 58.5
1533900269.35 59.1
1533900279.36 58.5
1533900289.38 58.5
1533900299.4 58.0
1533900309.42 58.0
1533900319.44 59.1
1533900329.44 58.5
1533900339.47 58.0
1533900349.49 59.1
1533900359.5 58.5
1533900369.52 58.0
1533900379.53 59.1
1533900389.55 58.0
1533900399.57 59.1
1533900409.58 58.5
1533900419.6 59.1
1533900429.62 59.1
1533900439.64 59.1
1533900449.66 59.1
1533900459.67 59.1
1533900469.69 59.1
1533900479.71 59.1
1533900489.73 59.1
1533900499.75 59.1
1533900509.77 59.1
1533900519.78 59.1
1533900529.8 59.1
1533900539.8 58.5
1533900549.82 58.5
1533900559.84 59.1
1533900569.86 58.5
1533900579.88 58.0
1533900589.9 58.5
1533900599.92 58.5
1533900609.93 59.1
1533900619.95 59.1
1533900629.96 59.1
1533900639.98 58.5
1533900650.0 58.5
1533900660.0 59.1
1533900670.01 58.5
1533900680.03 59.1
1533900690.03 59.1
1533900700.05 59.1
1533900710.16 58.5
1533900720.18 58.0
1533900730.2 59.1
1533900740.22 58.5
1533900750.24 58.5
1533900760.26 59.1
1533900770.27 58.0
1533900780.29 58.0
1533900790.32 58.5
1533900800.34 58.5
1533900810.36 59.1
1533900820.38 58.5
1533900830.39 59.1
1533900840.42 58.5
1533900850.44 58.5
1533900860.46 58.0
1533900870.48 58.0
1533900880.49 59.1
1533900890.51 58.5
1533900900.52 59.1
1533900910.53 59.1
1533900920.55 59.1
1533900930.57 59.1
1533900940.58 59.1
1533900950.6 58.5
1533900960.62 58.5
1533900970.64 58.0
1533900980.65 58.5
1533900990.67 59.1
1533901000.69 59.1
1533901010.7 58.5
1533901020.72 59.1
1533901030.74 58.5
1533901040.75 59.1
1533901050.77 59.1
1533901060.79 59.1
1533901070.8 59.1
1533901080.82 59.6
1533901090.84 59.1
1533901100.85 59.1
1533901110.87 59.6
1533901120.88 59.1
1533901130.9 59.1
1533901140.92 59.1
1533901150.94 59.6
1533901160.96 59.6
1533901170.97 59.6
1533901180.99 59.6
1533901191.0 59.1
1533901201.02 60.1
1533901211.04 59.1
1533901221.06 59.6
1533901231.08 59.1
1533901241.09 59.1
1533901251.11 59.1
1533901261.13 59.1
1533901271.15 58.5
1533901281.17 58.0
1533901291.19 58.0
1533901301.21 58.0
1533901311.24 58.0
1533901321.25 59.1
1533901331.27 59.1
1533901341.29 58.0
1533901351.31 58.0
1533901361.33 58.0
1533901371.35 57.5
1533901381.36 58.0
1533901391.38 56.9
1533901401.4 56.9
1533901411.42 57.5
1533901421.44 58.0
1533901431.46 56.9
1533901441.48 57.5
1533901451.5 58.0
1533901461.52 58.0
1533901471.54 56.9
1533901481.56 57.5
1533901491.58 56.9
1533901501.6 57.5
1533901511.62 58.0
1533901521.64 58.0
1533901531.65 58.5
1533901541.67 58.5
1533901551.69 58.0
1533901561.71 58.5
1533901571.72 59.1
1533901581.74 58.5
1533901591.75 59.1
1533901601.77 58.5
1533901611.78 59.1
1533901621.8 58.5
1533901631.82 58.0
1533901641.83 59.1
1533901651.85 59.6
1533901661.87 58.5
1533901671.89 59.1
1533901681.9 59.1
1533901691.92 59.1
1533901701.94 59.1
1533901711.95 59.1
1533901721.97 59.1
1533901731.99 59.1
1533901742.0 59.6
1533901752.02 59.1
1533901762.03 59.1
1533901772.05 59.6
1533901782.07 60.1
1533901792.09 59.1
1533901802.11 59.6
1533901812.12 60.1
1533901822.14 60.1
1533901832.16 60.1
1533901842.17 59.1
1533901852.19 59.6
1533901862.21 59.6
1533901872.22 60.1
1533901882.24 60.1
1533901892.26 60.1
1533901902.28 60.1
1533901912.3 60.1
1533901922.32 60.1
1533901932.34 59.1
1533901942.36 60.1
1533901952.38 59.1
1533901962.39 59.6
1533901972.41 59.6
1533901982.43 59.6
1533901992.45 59.1
1533902002.47 60.1
1533902012.49 60.1
1533902022.51 59.6
1533902032.52 59.6
1533902042.54 60.1
1533902052.56 59.6
1533902062.58 60.1
1533902072.6 60.1
1533902082.62 60.1
1533902092.64 60.7
1533902102.65 60.7
1533902112.67 60.1
1533902122.68 60.7
1533902132.71 60.1
1533902142.72 60.7
1533902152.73 60.7
1533902162.75 61.2
1533902172.76 61.2
1533902182.77 61.2
1533902192.79 61.2
1533902202.8 60.7
1533902212.82 61.2
1533902222.84 61.2
1533902232.85 61.8
1533902242.87 61.2
1533902252.88 60.7
1533902262.9 61.8
1533902272.92 61.2
1533902282.93 61.2
1533902292.95 61.2
1533902302.96 61.2
1533902312.98 61.2
1533902322.99 61.2
1533902333.01 60.7
1533902343.03 60.7
1533902353.05 61.8
1533902363.07 60.7
1533902373.09 61.2
1533902383.11 60.7
1533902393.12 61.8
1533902403.14 62.3
1533902413.16 62.3
1533902423.17 61.2
1533902433.19 61.8
1533902443.2 61.8
1533902453.21 61.8
1533902463.23 61.8
1533902473.25 61.2
1533902483.27 60.7
1533902493.29 61.8
1533902503.31 60.1
1533902513.33 60.7
1533902523.35 61.2
1533902533.37 61.2
1533902543.39 61.2
1533902553.4 61.2
1533902563.41 61.8
1533902573.44 61.2
1533902583.46 60.7
1533902593.47 61.2
1533902603.49 61.2
1533902613.51 60.7
1533902623.53 60.7
1533902633.55 60.1
1533902643.57 60.1
1533902653.59 60.1
1533902663.61 60.1
1533902673.63 60.7
1533902683.66 61.2
1533902693.68 61.2
1533902703.7 60.1
1533902713.72 60.7
1533902723.72 61.2
1533902733.74 60.7
1533902743.76 61.2
1533902753.78 60.7
1533902763.8 61.2
1533902773.81 61.2
1533902783.83 61.2
1533902793.84 61.2
1533902803.86 61.2
1533902813.88 60.7
1533902823.9 60.7
1533902833.92 61.2
1533902843.94 61.2
1533902853.96 61.8
1533902863.97 61.2
1533902873.99 60.7
1533902884.01 61.2
1533902894.02 62.3
1533902904.04 61.8
1533902914.05 61.8
1533902924.07 61.2
1533902934.08 62.3
1533902944.1 62.3
1533902954.13 62.8
1533902964.15 61.2
1533902974.18 62.3
1533902984.19 62.3
1533902994.21 62.3
1533903004.23 62.8
1533903014.25 62.3
1533903024.27 61.8
1533903034.29 62.3
1533903044.31 61.8
1533903054.32 62.8
1533903064.34 61.8
1533903074.36 62.8
1533903084.37 62.8
1533903094.39 62.3
1533903104.41 62.8
1533903114.42 62.8
1533903124.45 62.3
1533903134.46 62.3
1533903144.48 63.4
1533903154.49 63.4
1533903164.51 62.8
1533903174.53 63.4
1533903184.56 63.4
1533903194.57 63.4
1533903204.6 63.4
1533903214.61 62.8
1533903224.63 63.4
1533903234.64 62.8
1533903244.65 63.4
1533903254.66 63.4
1533903264.67 62.8
1533903274.69 63.9
1533903284.7 63.4
1533903294.72 63.4
1533903304.75 62.3
1533903314.76 63.9
1533903324.78 62.8
1533903334.8 63.9
1533903344.81 63.4
1533903354.83 64.5
1533903364.85 64.5
1533903374.86 64.5
1533903384.88 63.9
1533903394.9 63.4
1533903404.91 64.5
1533903414.93 63.9
1533903424.95 63.4
1533903434.97 63.9
1533903444.99 63.4
1533903455.0 64.5
1533903465.02 63.9
1533903475.03 63.4
1533903485.05 64.5
1533903495.06 64.5
1533903505.08 64.5
1533903515.1 64.5
1533903525.12 64.5
1533903535.14 64.5
1533903545.15 64.5
1533903555.17 64.5
1533903565.19 65.0
1533903575.21 65.0
1533903585.22 65.0
1533903595.25 64.5
1533903605.26 65.0
1533903615.28 64.5
1533903625.3 64.5
1533903635.32 64.5
1533903645.33 65.0
1533903655.35 64.5
1533903665.36 64.5
1533903675.38 64.5
1533903685.39 64.5
1533903695.41 64.5
1533903705.43 65.0
1533903715.44 64.5
1533903725.46 64.5
1533903735.47 64.5
1533903745.49 65.0
1533903755.5 64.5
1533903765.52 64.5
1533903775.53 64.5
1533903785.55 65.0
1533903795.57 64.5
1533903805.58 65.0
1533903815.6 64.5
1533903825.63 65.0
1533903835.64 65.0
1533903845.66 65.0
1533903855.67 65.0
1533903865.69 65.0
1533903875.7 65.5
1533903885.72 65.0
1533903895.73 65.5
1533903905.74 65.5
1533903915.76 65.5
1533903925.77 65.0
1533903935.79 65.0
1533903945.82 64.5
1533903955.83 65.0
1533903965.85 65.0
1533903975.86 65.0
1533903985.88 65.0
1533903995.9 65.0
1533904005.92 64.5
1533904015.94 65.0
1533904025.95 65.5
1533904035.97 65.5
1533904045.98 65.0
1533904056.0 65.5
1533904066.01 65.0
1533904076.03 65.0
1533904086.05 65.0
1533904096.07 65.0
1533904106.09 64.5
1533904116.1 65.0
1533904126.12 65.0
1533904136.14 65.0
1533904146.15 65.5
1533904156.17 65.0
1533904166.19 65.5
1533904176.2 65.5
1533904186.22 65.5
1533904196.24 65.5
1533904206.25 65.5
1533904216.27 65.5
1533904226.28 65.5
1533904236.31 65.0
1533904246.33 65.5
1533904256.35 65.0
1533904266.36 65.5
1533904276.38 66.1
1533904286.39 65.0
1533904296.41 65.5
1533904306.43 64.5
1533904316.45 65.0
1533904326.47 64.5
1533904336.49 64.5
1533904346.51 64.5
1533904356.53 64.5
1533904366.55 64.5
1533904376.56 65.0
1533904386.57 65.0
1533904396.59 65.0
1533904406.61 65.5
1533904416.61 65.5
1533904426.62 65.5
1533904436.64 65.0
1533904446.66 65.0
1533904456.68 64.5
1533904466.7 65.0
1533904476.72 65.0
1533904486.74 64.5
1533904496.75 65.5
1533904506.77 65.0
1533904516.79 64.5
1533904526.8 65.0
1533904536.82 65.0
1533904546.84 65.0
1533904556.86 65.0
1533904566.87 64.5
1533904576.89 64.5
1533904586.9 65.0
1533904596.92 65.0
1533904606.94 65.0
1533904616.96 64.5
1533904626.98 64.5
1533904637.0 64.5
1533904647.02 65.0
1533904657.04 64.5
1533904667.05 64.5
1533904677.08 64.5
1533904687.1 65.0
1533904697.11 64.5
1533904707.13 64.5
1533904717.15 64.5
1533904727.16 64.5
1533904737.17 64.5
1533904747.18 64.5
1533904757.19 65.0
1533904767.2 64.5
1533904777.22 64.5
1533904787.25 64.5
1533904797.26 64.5
1533904807.28 64.5
1533904817.3 64.5
1533904827.32 65.0
1533904837.34 65.0
1533904847.36 65.0
1533904857.39 64.5
1533904867.41 64.5
1533904877.42 65.0
1533904887.44 64.5
1533904897.46 64.5
1533904907.48 65.5
1533904917.5 65.0
1533904927.51 65.0
1533904937.53 64.5
1533904947.55 65.0
1533904957.56 65.0
1533904967.57 64.5
1533904977.59 64.5
1533904987.61 65.5
1533904997.63 65.0
1533905007.64 65.0
1533905017.66 65.0
1533905027.68 64.5
1533905037.69 65.0
1533905047.71 65.5
1533905057.73 65.0
1533905067.74 64.5
1533905077.76 64.5
1533905087.78 65.0
1533905097.81 64.5
1533905107.82 64.5
1533905117.83 64.5
1533905127.84 64.5
1533905137.86 64.5
1533905147.88 63.9
1533905157.9 64.5
1533905167.93 64.5
1533905177.95 64.5
1533905187.96 64.5
1533905197.98 64.5
1533905207.99 64.5
1533905218.0 64.5
1533905228.01 64.5
1533905238.03 65.0
1533905248.05 63.4
1533905258.07 64.5
1533905268.09 64.5
1533905278.11 64.5
1533905288.13 64.5
1533905298.15 65.0
1533905308.16 65.0
1533905318.18 64.5
1533905328.21 64.5
1533905338.23 64.5
1533905348.25 64.5
1533905358.27 64.5
1533905368.29 64.5
1533905378.3 64.5
1533905388.32 63.4
1533905398.34 64.5
1533905408.36 65.0
1533905418.38 65.0
1533905428.39 65.0
1533905438.41 64.5
1533905448.43 65.0
1533905458.45 65.0
1533905468.46 64.5
1533905478.48 64.5
1533905488.5 64.5
1533905498.51 65.5
1533905508.53 65.0
1533905518.55 65.0
1533905528.57 64.5
1533905538.59 65.0
1533905548.61 65.0
1533905558.63 64.5
1533905568.65 65.0
1533905578.67 64.5
1533905588.68 65.0
1533905598.7 65.5
1533905608.72 65.5
1533905618.74 65.0
1533905628.76 65.5
1533905638.77 65.0
1533905648.79 64.5
1533905658.79 66.1
1533905668.81 65.5
1533905678.83 65.5
1533905688.85 66.1
1533905698.87 66.1
1533905708.89 66.1
1533905718.91 66.1
1533905728.92 66.6
1533905738.94 66.6
1533905748.95 66.1
1533905758.97 65.5
1533905768.99 66.1
1533905779.0 65.5
1533905789.02 66.1
1533905799.04 66.1
1533905809.06 65.5
1533905819.07 65.5
1533905829.09 65.5
1533905839.11 66.1
1533905849.12 66.6
1533905859.14 65.5
1533905869.16 65.5
1533905879.18 66.6
1533905889.19 66.1
1533905899.21 65.0
1533905909.23 66.6
1533905919.25 65.5
1533905929.27 65.5
1533905939.28 66.6
1533905949.29 65.5
1533905959.31 65.5
1533905969.33 66.6
1533905979.34 66.6
1533905989.35 66.6
1533905999.37 65.5
