1534400000.71 54.2
1534400010.73 54.8
1534400020.75 54.8
1534400030.76 55.3
1534400040.77 54.8
1534400050.78 54.8
1534400060.81 54.8
1534400070.83 54.2
1534400080.85 54.2
1534400090.86 54.8
1534400100.89 54.8
1534400110.91 55.3
1534400120.93 54.8
1534400130.95 54.8
1534400140.97 54.2
1534400150.99 54.8
1534400161.01 54.8
1534400171.03 54.8
1534400181.05 54.8
1534400191.07 54.8
1534400201.09 54.8
1534400211.1 55.3
1534400221.12 54.8
1534400231.14 55.3
1534400241.15 55.3
1534400251.17 54.8
1534400261.19 54.2
1534400271.21 54.2
1534400281.23 55.3
1534400291.25 54.8
1534400301.27 55.3
1534400311.28 53.7
1534400321.3 54.2
1534400331.32 54.8
1534400341.35 54.2
1534400351.36 54.8
1534400361.38 54.8
1534400371.4 54.8
1534400381.43 54.8
1534400391.45 54.8
1534400401.47 54.2
1534400411.49 54.2
1534400421.52 54.2
1534400431.53 55.3
1534400441.55 54.2
1534400451.56 54.8
1534400461.58 54.2
1534400471.6 55.3
1534400481.62 54.2
1534400491.63 54.8
1534400501.65 54.8
1534400511.67 54.8
1534400521.69 54.8
1534400531.71 55.8
1534400541.73 54.8
1534400551.74 54.8
1534400561.77 55.3
1534400571.78 54.2
1534400581.8 54.2
1534400591.82 54.8
1534400601.84 53.7
1534400611.86 54.2
1534400621.88 54.8
1534400631.89 54.8
1534400641.91 54.8
1534400651.93 55.3
1534400661.95 53.7
1534400671.97 53.7
1534400681.99 53.7
1534400692.01 54.2
1534400702.04 53.7
1534400712.06 54.2
1534400722.07 54.8
1534400732.09 53.7
1534400742.11 54.2
1534400752.14 53.7
1534400762.16 54.2
1534400772.18 54.8
1534400782.2 54.8
1534400792.22 53.7
1534400802.24 54.2
1534400812.26 54.8
1534400822.28 53.7
1534400832.3 54.2
1534400842.32 53.7
1534400852.34 53.7
1534400862.36 53.7
1534400872.38 53.7
1534400882.4 54.2
1534400892.42 54.8
1534400902.44 55.3
1534400912.46 53.7
1534400922.48 53.7
1534400932.5 53.7
1534400942.52 54.8
1534400952.54 54.8
1534400962.56 54.2
1534400972.58 54.2
1534400982.6 55.3
1534400992.62 55.3
1534401002.64 53.7
1534401012.66 54.2
1534401022.68 55.3
1534401032.69 55.3
1534401042.71 54.2
1534401052.73 54.2
1534401062.75 53.7
1534401072.77 53.7
1534401082.79 54.2
1534401092.81 54.2
1534401102.83 54.8
1534401112.84 53.7
1534401122.86 53.7
1534401132.88 53.7
1534401142.9 53.7
1534401152.92 55.3
1534401162.94 53.7
1534401172.96 53.7
1534401182.98 53.7
1534401193.0 54.2
1534401203.02 53.7
1534401213.04 53.7
1534401223.06 53.7
1534401233.08 54.8
1534401243.1 54.2
1534401253.12 53.7
1534401263.14 53.7
1534401273.16 53.7
1534401283.18 53.7
1534401293.2 53.7
1534401303.22 53.7
1534401313.24 54.8
1534401323.26 53.7
1534401333.28 54.2
1534401343.32 54.2
1534401353.34 53.7
1534401363.36 53.7
1534401373.37 54.2
1534401383.39 53.7
1534401393.42 54.2
1534401403.44 54.2
1534401413.45 54.8
1534401423.47 54.8
1534401433.49 54.8
1534401443.51 53.7
1534401453.52 54.2
1534401463.54 54.8
1534401473.56 54.8
1534401483.58 54.2
1534401493.6 54.8
1534401503.62 54.2
1534401513.64 54.8
1534401523.67 54.2
1534401533.69 54.8
1534401543.71 54.8
1534401553.73 53.7
1534401563.75 53.7
1534401573.77 53.7
1534401583.79 54.2
1534401593.81 53.7
1534401603.83 53.7
1534401613.85 54.2
1534401623.87 53.7
1534401633.89 54.8
1534401643.91 55.3
1534401653.93 54.2
1534401663.95 53.7
1534401673.97 54.2
1534401683.99 54.8
1534401694.0 54.8
1534401704.02 54.2
1534401714.04 54.2
1534401724.07 54.2
1534401734.09 53.7
1534401744.11 53.7
1534401754.13 53.7
1534401764.15 53.7
1534401774.17 54.8
1534401784.2 54.2
1534401794.22 54.2
1534401804.24 54.8
1534401814.26 53.7
1534401824.28 53.7
1534401834.3 54.8
1534401844.32 53.7
1534401854.35 53.7
1534401864.37 53.7
1534401874.39 53.7
1534401884.41 54.2
1534401894.43 54.8
1534401904.45 54.2
1534401914.47 53.7
1534401924.49 54.8
1534401934.51 54.8
1534401944.53 53.7
1534401954.55 54.8
1534401964.56 54.8
1534401974.58 54.2
1534401984.6 54.2
1534401994.62 54.2
1534402004.64 53.7
1534402014.66 54.8
1534402024.68 53.7
1534402034.7 53.7
1534402044.72 54.2
1534402054.74 53.7
1534402064.76 54.2
1534402074.78 53.7
1534402084.8 54.8
1534402094.82 53.7
1534402104.84 54.8
1534402114.85 54.2
1534402124.87 53.7
1534402134.89 53.7
1534402144.91 54.2
1534402154.94 53.7
1534402164.95 54.2
1534402174.99 53.7
1534402185.01 53.7
1534402195.03 54.2
1534402205.05 53.7
1534402215.07 54.2
1534402225.09 53.7
1534402235.11 54.2
1534402245.14 54.2
1534402255.16 53.7
1534402265.18 53.7
1534402275.2 54.2
1534402285.22 54.2
1534402295.24 53.7
1534402305.26 53.7
1534402315.28 54.2
1534402325.3 54.2
1534402335.32 54.8
1534402345.34 53.7
1534402355.35 53.7
1534402365.37 53.7
1534402375.39 54.2
1534402385.41 54.8
1534402395.44 53.7
1534402405.46 53.7
1534402415.47 54.2
1534402425.49 54.2
1534402435.51 54.2
1534402445.54 53.7
1534402455.56 53.7
1534402465.57 54.2
1534402475.59 54.8
1534402485.6 53.7
1534402495.62 54.8
1534402505.64 53.7
1534402515.65 54.8
1534402525.67 54.8
1534402535.69 54.8
1534402545.71 54.2
1534402555.72 54.2
1534402565.74 54.8
1534402575.76 54.2
1534402585.78 54.2
1534402595.8 53.7
1534402605.82 54.2
1534402615.84 54.8
1534402625.86 55.3
1534402635.88 54.8
1534402645.9 54.2
1534402655.92 53.7
1534402665.93 53.7
1534402675.95 53.7
1534402685.97 53.7
1534402695.99 54.8
1534402706.0 54.8
1534402716.02 54.2
1534402726.04 54.8
1534402736.06 54.2
1534402746.08 54.2
1534402756.09 54.2
1534402766.11 53.7
1534402776.13 53.7
1534402786.15 54.8
1534402796.16 54.8
1534402806.18 55.8
1534402816.2 55.8
1534402826.21 54.8
1534402838.9 54.8
1534402848.92 54.2
1534402858.93 55.3
1534402868.95 54.8
1534402878.97 54.8
1534402888.99 54.2
1534402899.01 54.2
1534402909.03 53.7
1534402919.06 54.2
1534402929.08 54.8
1534402939.09 54.8
1534402949.12 54.2
1534402959.13 53.7
1534402969.15 54.8
1534402979.17 53.7
1534402989.19 54.2
1534402999.21 54.8
1534403009.23 54.2
1534403019.25 54.2
1534403029.26 54.2
1534403039.29 54.8
1534403049.31 54.8
1534403059.33 54.2
1534403069.34 54.2
1534403079.36 54.2
1534403089.38 54.8
1534403099.4 54.8
1534403109.42 54.2
1534403119.43 55.3
1534403129.45 54.8
1534403139.46 54.8
1534403149.49 54.8
1534403159.5 54.8
1534403169.54 54.8
1534403179.56 54.2
1534403189.58 54.2
1534403199.6 54.2
1534403209.61 54.8
1534403219.64 55.3
1534403229.66 54.8
1534403239.68 53.7
1534403249.71 54.8
1534403259.73 55.3
1534403269.74 55.3
1534403279.75 54.8
1534403289.77 53.7
1534403299.79 54.2
1534403309.81 54.8
1534403319.84 54.8
1534403329.85 54.2
1534403339.88 54.2
1534403349.9 54.2
1534403359.92 54.2
1534403369.94 53.7
1534403379.96 54.8
1534403389.98 55.3
1534403399.99 54.8
1534403410.01 54.2
1534403420.02 54.8
1534403430.04 54.2
1534403440.06 53.7
1534403450.08 54.8
1534403460.1 53.7
1534403470.11 54.2
1534403480.13 54.2
1534403490.16 54.8
1534403500.18 54.8
1534403510.2 53.7
1534403520.22 54.8
1534403530.24 54.8
1534403540.25 54.2
1534403550.27 54.2
1534403560.3 54.2
1534403570.32 54.2
1534403580.34 54.2
1534403590.36 53.7
1534403600.38 53.7
1534403610.4 54.2
1534403620.41 54.2
1534403630.44 53.7
1534403640.46 53.7
1534403650.48 53.7
1534403660.5 53.7
1534403670.51 53.7
1534403680.53 53.7
1534403690.54 54.2
1534403700.56 53.7
1534403710.58 53.7
1534403720.6 54.2
1534403730.62 53.7
1534403740.64 54.2
1534403750.65 54.2
1534403760.68 53.7
1534403770.69 54.2
1534403780.71 54.2
1534403790.73 53.7
1534403800.75 54.8
1534403810.77 53.7
1534403820.79 53.7
1534403830.8 54.8
1534403840.83 53.7
1534403850.85 53.7
1534403860.87 53.7
1534403870.89 54.2
1534403880.91 53.7
1534403890.93 53.7
1534403900.95 53.7
1534403910.97 54.2
1534403920.99 53.7
1534403931.01 53.7
1534403941.04 53.7
1534403951.06 53.7
1534403961.08 53.7
1534403971.09 54.2
1534403981.12 54.2
1534403991.14 53.7
1534404001.16 53.2
1534404011.18 53.7
1534404021.2 53.7
1534404031.22 53.7
1534404041.24 53.7
1534404051.26 53.7
1534404061.28 53.7
1534404071.3 53.2
1534404081.32 53.7
1534404091.34 53.7
1534404101.36 53.7
1534404111.38 53.7
1534404121.4 53.7
1534404131.42 53.7
1534404141.44 53.7
1534404151.46 53.7
1534404161.48 53.7
1534404171.5 53.7
1534404181.52 53.7
1534404191.54 53.7
1534404201.56 53.7
1534404211.58 53.2
1534404221.61 54.2
1534404231.63 54.2
1534404241.64 54.2
1534404251.66 54.2
1534404261.68 54.8
1534404271.7 53.7
1534404281.72 53.7
1534404291.74 53.2
1534404301.76 52.6
1534404311.78 53.7
1534404321.79 54.2
1534404331.81 53.2
1534404341.84 53.7
1534404351.86 53.7
1534404361.88 53.7
1534404371.9 53.7
1534404381.92 53.7
1534404391.94 52.6
1534404401.96 52.6
1534404411.98 53.7
1534404422.0 53.2
1534404432.02 53.7
1534404442.05 53.7
1534404452.07 53.2
1534404462.08 53.7
1534404472.11 53.7
1534404482.13 53.2
1534404492.14 53.2
1534404502.16 54.2
1534404512.18 53.7
1534404522.19 52.6
1534404532.21 53.7
1534404542.24 53.7
1534404552.26 53.7
1534404562.27 53.7
1534404572.29 52.6
1534404582.3 53.7
1534404592.32 53.7
1534404602.34 53.2
1534404612.36 53.2
1534404622.38 53.7
1534404632.4 53.7
1534404642.42 53.2
1534404652.44 53.2
1534404662.46 53.7
1534404672.48 53.2
1534404682.5 53.7
1534404692.52 52.6
1534404702.54 53.7
1534404712.55 53.7
1534404722.57 53.2
1534404732.59 53.7
1534404742.61 53.7
1534404752.63 53.7
1534404762.65 52.6
1534404772.67 53.7
1534404782.69 53.2
1534404792.71 53.7
1534404802.73 53.2
1534404812.75 53.2
1534404822.77 53.2
1534404832.79 53.7
1534404842.81 53.7
1534404852.83 53.2
1534404862.85 53.7
1534404872.86 53.7
1534404882.88 53.7
1534404892.9 53.7
1534404902.92 53.2
1534404912.94 53.7
1534404922.96 53.7
1534404932.98 53.7
1534404943.0 53.2
1534404953.02 53.2
1534404963.04 53.2
1534404973.05 53.7
1534404983.07 53.7
1534404993.09 53.2
1534405003.11 53.7
1534405013.13 53.7
1534405023.15 53.2
1534405033.17 53.7
1534405043.19 52.6
1534405053.21 53.7
1534405063.23 53.7
1534405073.25 53.7
1534405083.27 53.7
1534405093.29 52.6
1534405103.31 53.2
1534405113.33 52.6
1534405123.35 53.7
1534405133.38 53.2
1534405143.4 53.2
1534405153.42 53.7
1534405163.44 53.2
1534405173.46 52.6
1534405183.48 53.2
1534405193.5 52.6
1534405203.53 53.2
1534405213.55 53.2
1534405223.56 53.2
1534405233.58 53.7
1534405243.6 52.6
1534405253.62 53.2
1534405263.64 53.2
1534405273.66 53.7
1534405283.68 53.2
1534405293.7 53.2
1534405303.72 53.7
1534405313.73 53.7
1534405323.76 53.7
1534405333.77 53.7
1534405343.79 53.7
1534405353.81 53.2
1534405363.83 53.7
1534405373.85 53.2
1534405383.87 53.7
1534405393.89 53.7
1534405403.91 53.2
1534405413.93 53.7
1534405423.95 53.7
1534405433.97 53.2
1534405443.99 53.2
1534405454.01 53.7
1534405464.03 53.2
1534405474.05 53.2
1534405484.07 53.2
1534405494.09 53.2
1534405504.11 53.2
1534405514.13 53.7
1534405524.14 53.2
1534405534.16 53.2
1534405544.18 53.2
1534405554.2 52.6
1534405564.22 53.2
1534405574.24 53.2
1534405584.26 52.6
1534405594.28 53.2
1534405604.3 53.7
1534405614.32 53.2
1534405624.34 53.7
1534405634.36 53.2
1534405644.38 53.2
1534405654.4 53.2
1534405664.42 53.2
1534405674.43 53.7
1534405684.45 53.2
1534405694.47 53.7
1534405704.49 53.7
1534405714.51 53.7
1534405724.53 53.2
1534405734.55 53.2
1534405744.56 54.2
1534405754.58 53.7
1534405764.6 53.7
1534405774.62 53.7
1534405784.63 53.7
1534405794.65 53.7
1534405804.67 53.2
1534405814.69 53.7
1534405824.71 53.2
1534405834.73 53.7
1534405844.75 53.7
1534405854.78 52.6
1534405864.8 53.7
1534405874.81 53.7
1534405884.83 53.7
1534405894.85 53.7
1534405904.87 53.2
1534405914.89 53.2
1534405924.91 53.2
1534405934.93 53.2
1534405944.95 53.7
1534405954.98 53.2
1534405965.0 53.7
1534405975.02 53.2
1534405985.04 53.2
1534405995.06 53.7
1534406005.08 53.7
1534406015.1 52.6
1534406025.12 53.7
1534406035.14 52.6
1534406045.16 53.7
1534406055.17 53.7
1534406065.19 53.7
1534406075.2 54.2
1534406085.22 53.2
1534406095.24 52.6
1534406105.26 53.2
1534406115.29 52.6
1534406125.31 52.6
1534406135.33 52.6
1534406145.35 53.2
1534406155.37 53.2
1534406165.39 53.2
1534406175.41 53.7
1534406185.43 52.6
1534406195.45 52.6
1534406205.47 53.2
1534406215.49 52.6
1534406225.51 53.2
1534406235.53 52.6
1534406245.55 53.7
1534406255.57 53.2
1534406265.59 53.2
1534406275.61 53.7
1534406285.63 53.2
1534406295.65 53.7
1534406305.67 53.2
1534406315.69 53.7
1534406325.71 53.7
1534406335.73 53.7
1534406345.75 53.7
1534406355.77 53.7
1534406365.79 53.7
1534406375.81 53.7
1534406385.82 53.7
1534406395.85 53.7
1534406405.87 53.2
