1534000001.39 56.4
1534000011.41 56.9
1534000021.43 55.8
1534000031.45 56.4
1534000041.46 56.9
1534000051.47 56.4
1534000061.49 56.9
1534000071.5 56.9
1534000081.52 56.9
1534000091.54 55.8
1534000101.55 56.4
1534000111.57 56.9
1534000121.6 56.4
1534000131.61 57.5
1534000141.63 56.4
1534000151.64 55.8
1534000161.66 56.4
1534000171.68 56.4
1534000181.69 56.9
1534000191.7 55.8
1534000201.73 55.8
1534000211.74 56.4
1534000221.75 56.4
1534000231.77 56.9
1534000241.78 57.5
1534000251.79 56.9
1534000261.81 56.4
1534000271.82 55.8
1534000281.83 56.9
1534000291.84 56.4
1534000301.85 56.4
1534000311.87 56.4
1534000321.89 56.4
1534000331.9 55.8
1534000341.91 55.8
1534000351.93 56.4
1534000361.94 56.9
1534000371.95 56.9
1534000381.97 56.9
1534000391.99 56.9
1534000402.0 56.4
1534000412.02 55.8
1534000422.03 56.9
1534000432.04 55.8
1534000442.06 55.8
1534000452.08 56.4
1534000462.09 55.8
1534000472.12 55.8
1534000482.13 56.4
1534000492.15 56.4
1534000502.16 56.4
1534000512.18 56.4
1534000522.19 56.9
1534000532.2 56.9
1534000542.22 56.9
1534000552.23 56.4
1534000562.25 55.8
1534000572.27 56.9
1534000582.29 55.8
1534000592.31 56.4
1534000602.33 56.4
1534000612.35 56.9
1534000622.36 56.4
1534000632.39 56.4
1534000642.4 56.9
1534000652.42 56.4
1534000662.43 56.9
1534000672.46 55.8
1534000682.48 56.9
1534000692.5 56.4
1534000702.51 56.9
1534000712.53 56.9
1534000722.55 56.9
1534000732.56 56.9
1534000742.58 57.5
1534000752.59 56.9
1534000762.6 56.9
1534000772.62 56.9
1534000782.65 56.9
1534000792.67 56.4
1534000802.69 57.5
1534000812.7 57.5
1534000822.71 56.9
1534000832.72 56.9
1534000842.73 58.0
1534000852.75 56.4
1534000862.77 56.9
1534000872.79 56.4
1534000882.81 56.9
1534000892.82 56.9
1534000902.84 56.9
1534000912.86 56.9
1534000922.87 56.9
1534000932.89 56.9
1534000942.9 56.9
1534000952.92 57.5
1534000962.94 56.9
1534000972.97 58.0
1534000982.99 58.0
1534000993.01 58.0
1534001003.02 57.5
1534001013.04 58.0
1534001023.06 56.9
1534001033.07 56.9
1534001043.09 56.9
1534001053.1 56.9
1534001063.12 56.9
1534001073.14 56.9
1534001083.17 55.8
1534001093.19 56.9
1534001103.2 56.9
1534001113.22 55.8
1534001123.23 56.9
1534001133.24 56.9
1534001143.26 56.9
1534001153.28 56.9
1534001163.3 56.9
1534001173.31 56.9
1534001183.32 56.9
1534001193.34 56.9
1534001203.36 56.4
1534001213.38 56.4
1534001223.4 56.4
1534001233.42 56.4
1534001243.43 56.9
1534001253.45 56.4
1534001263.47 56.9
1534001273.48 56.4
1534001283.49 56.4
1534001293.5 55.8
1534001303.52 55.8
1534001313.53 56.4
1534001323.55 56.4
1534001333.57 56.4
1534001343.59 55.3
1534001353.6 56.4
1534001363.62 55.8
1534001373.63 55.8
1534001383.64 56.4
1534001393.66 55.8
1534001403.68 55.8
1534001413.69 55.8
1534001423.71 56.4
1534001433.74 55.8
1534001443.76 56.4
1534001453.78 55.8
1534001463.79 56.4
1534001473.81 55.8
1534001483.83 55.8
1534001493.85 56.4
1534001503.87 55.8
1534001513.88 56.4
1534001523.9 56.4
1534001533.91 56.4
1534001543.93 55.8
1534001553.95 55.8
1534001563.96 56.9
1534001573.97 55.8
1534001583.99 56.4
1534001594.01 55.8
1534001604.03 55.8
1534001614.05 54.8
1534001624.07 55.8
1534001634.09 55.8
1534001644.1 55.8
1534001654.12 55.8
1534001664.14 55.8
1534001674.15 55.8
1534001684.17 54.8
1534001694.19 55.8
1534001704.2 55.8
1534001714.22 55.8
1534001724.23 55.8
1534001734.25 55.8
1534001744.26 54.8
1534001754.29 54.8
1534001764.3 55.3
1534001774.32 55.8
1534001784.34 55.8
1534001794.36 55.8
1534001804.38 55.8
1534001814.39 54.8
1534001824.41 55.8
1534001834.43 55.3
1534001844.45 55.8
1534001854.46 55.8
1534001864.48 55.3
1534001874.5 55.8
1534001884.51 55.8
1534001894.53 55.8
1534001904.55 55.8
1534001914.57 55.8
1534001924.58 56.4
1534001934.6 55.3
1534001944.62 56.4
1534001954.64 55.8
1534001964.65 55.8
1534001974.67 55.3
1534001984.68 55.8
1534001994.7 55.8
1534002004.71 55.8
1534002014.72 56.4
1534002024.74 56.4
1534002034.76 56.9
1534002044.77 56.4
1534002054.79 56.4
1534002064.8 56.4
1534002074.81 55.8
1534002084.82 56.4
1534002094.84 56.4
1534002104.85 56.4
1534002114.87 56.4
1534002124.88 56.4
1534002134.9 55.8
1534002144.91 56.4
1534002154.92 55.8
1534002164.93 55.8
1534002174.95 56.4
1534002184.96 55.8
1534002194.97 55.8
1534002204.98 56.4
1534002215.0 56.4
1534002225.01 56.4
1534002235.03 55.8
1534002245.05 55.8
1534002255.07 55.8
1534002265.08 55.8
1534002275.1 55.8
1534002285.11 56.4
1534002295.13 55.8
1534002305.15 55.8
1534002315.17 55.8
1534002325.18 55.8
1534002335.2 56.4
1534002345.21 55.8
1534002355.23 55.8
1534002365.24 55.3
1534002375.26 56.4
1534002385.27 55.8
1534002395.28 56.4
1534002405.3 55.8
1534002415.31 56.4
1534002425.33 55.8
1534002435.34 55.8
1534002445.36 56.4
1534002455.37 55.8
1534002465.38 55.8
1534002475.39 55.8
1534002485.41 55.8
1534002495.43 56.4
1534002505.45 55.8
1534002515.47 55.8
1534002525.49 56.4
1534002535.5 55.8
1534002545.52 55.8
1534002555.53 55.8
1534002565.55 55.8
1534002575.57 55.8
1534002585.58 55.8
1534002595.59 55.8
1534002605.61 56.4
1534002615.62 55.8
1534002625.64 56.4
1534002635.66 55.8
1534002645.68 55.8
1534002655.7 55.8
1534002665.71 56.4
1534002675.73 55.8
1534002685.74 55.8
1534002695.75 56.4
1534002705.76 55.8
1534002715.78 55.8
1534002725.79 55.3
1534002735.8 55.3
1534002745.82 55.8
1534002755.84 55.3
1534002765.85 56.4
1534002775.86 55.8
1534002785.88 55.3
1534002795.9 54.8
1534002805.91 55.8
1534002815.92 55.8
1534002825.94 55.8
1534002835.95 54.8
1534002845.96 55.3
1534002855.97 54.8
1534002865.99 54.8
1534002876.0 54.8
1534002886.01 54.8
1534002896.03 54.8
1534002906.04 54.8
1534002916.06 54.8
1534002926.08 54.2
1534002936.09 54.8
1534002946.1 55.3
1534002956.11 54.8
1534002966.13 54.8
1534002976.14 54.2
1534002986.15 54.8
1534002996.17 54.8
1534003006.18 55.8
1534003016.2 54.8
1534003026.21 54.8
1534003036.22 54.8
1534003046.23 55.8
1534003056.25 55.3
1534003066.26 54.8
1534003076.27 54.2
1534003086.29 55.8
1534003096.31 55.8
1534003106.32 55.8
1534003116.34 54.8
1534003126.35 55.3
1534003136.37 54.8
1534003146.38 54.8
1534003156.4 54.8
1534003166.41 55.8
1534003176.43 54.8
1534003186.45 53.7
1534003196.47 54.8
1534003206.48 56.9
1534003216.5 55.8
1534003226.52 54.8
1534003236.53 55.3
1534003246.55 55.3
1534003256.56 54.8
1534003266.58 54.2
1534003276.59 54.8
1534003286.6 54.2
1534003296.62 54.8
1534003306.64 54.8
1534003316.66 54.2
1534003326.67 55.8
1534003336.69 54.8
1534003346.71 54.8
1534003356.72 54.8
1534003366.74 55.3
1534003376.75 53.7
1534003386.77 55.3
1534003396.78 54.8
1534003406.8 54.8
1534003416.82 54.2
1534003426.83 54.8
1534003436.85 54.2
1534003446.88 53.7
1534003456.89 54.2
1534003466.91 54.2
1534003476.92 54.2
1534003486.93 54.8
1534003496.95 54.2
1534003506.97 54.8
1534003516.98 54.8
1534003526.99 54.8
1534003537.01 54.2
1534003547.03 55.3
1534003557.05 53.7
1534003567.07 54.2
1534003577.08 54.8
1534003587.1 54.2
1534003597.11 54.8
1534003607.12 54.8
1534003617.14 54.2
1534003627.15 54.2
1534003637.17 54.2
1534003647.19 54.2
1534003657.21 54.8
1534003667.23 54.8
1534003677.24 54.2
1534003687.26 54.8
1534003697.27 54.8
1534003707.28 54.2
1534003717.29 54.2
1534003727.31 53.7
1534003737.33 55.3
1534003747.35 54.8
1534003757.38 54.8
1534003767.39 54.8
1534003777.4 54.8
1534003787.42 54.2
1534003797.43 54.8
1534003807.44 54.2
1534003817.45 53.7
1534003827.47 54.2
1534003837.49 53.7
1534003847.51 53.7
1534003857.52 53.7
1534003867.55 53.7
1534003877.57 53.7
1534003887.59 53.7
1534003897.61 53.7
1534003907.62 52.6
1534003917.64 53.7
1534003927.66 53.2
1534003937.68 53.2
1534003947.69 53.2
1534003957.71 53.2
1534003967.73 53.7
1534003977.74 53.7
1534003987.76 53.7
1534003997.77 53.7
1534004007.79 53.7
1534004017.81 52.6
1534004027.82 53.7
1534004037.84 53.7
1534004047.86 52.6
1534004057.88 53.7
1534004067.89 53.2
1534004077.91 53.7
1534004087.93 53.7
1534004097.94 53.7
1534004107.96 53.7
1534004117.97 53.7
1534004127.99 53.7
1534004138.01 53.2
1534004148.03 53.7
1534004158.05 53.7
1534004168.07 53.7
1534004178.09 53.7
1534004188.11 52.6
1534004198.13 53.2
1534004208.15 52.6
1534004218.16 53.2
1534004228.18 52.6
1534004238.2 53.2
1534004248.22 52.6
1534004258.23 52.6
1534004268.25 52.6
1534004278.26 52.6
1534004288.27 52.6
1534004298.3 52.1
1534004308.32 52.1
1534004318.33 52.6
1534004328.35 52.6
1534004338.37 52.6
1534004348.38 52.1
1534004358.4 52.6
1534004368.41 52.6
1534004378.42 52.6
1534004388.44 52.6
1534004398.46 52.6
1534004408.48 52.6
1534004418.49 52.6
1534004428.51 52.1
1534004438.53 52.1
1534004448.55 52.1
1534004458.57 52.6
1534004468.58 52.1
1534004478.6 53.2
1534004488.62 52.1
1534004498.63 52.6
1534004508.64 52.6
1534004518.66 51.5
1534004528.68 52.6
1534004538.69 52.1
1534004548.71 52.6
1534004558.72 53.2
1534004568.75 52.1
1534004578.77 52.1
1534004588.79 52.6
1534004598.8 53.2
1534004608.82 52.6
1534004618.83 53.2
1534004628.85 53.2
1534004638.86 52.6
1534004648.88 52.6
1534004658.89 53.2
1534004668.91 52.1
1534004678.93 52.6
1534004688.95 52.1
1534004698.96 52.6
1534004708.98 53.7
1534004718.99 53.2
1534004729.02 52.6
1534004739.03 53.7
1534004749.04 53.7
1534004759.06 53.7
1534004769.07 53.7
1534004779.09 53.7
1534004789.1 53.7
1534004799.13 53.2
1534004809.14 53.7
1534004819.16 52.6
1534004829.17 53.7
1534004839.18 52.6
1534004849.2 52.6
1534004859.21 53.7
1534004869.22 53.7
1534004879.24 53.7
1534004889.26 53.7
1534004899.28 53.7
1534004909.3 54.2
1534004919.32 53.7
1534004929.33 53.7
1534004939.34 53.7
1534004949.36 53.7
1534004959.38 53.7
1534004969.4 53.7
1534004979.42 53.7
1534004989.44 54.2
1534004999.46 53.7
1534005009.48 53.7
1534005019.5 53.2
1534005029.51 53.7
1534005039.53 52.6
1534005049.55 53.7
1534005059.56 53.7
1534005069.58 53.7
1534005079.6 54.2
1534005089.62 53.7
1534005099.64 53.7
1534005109.66 53.7
1534005119.67 54.2
1534005129.69 53.7
1534005139.71 54.2
1534005149.72 53.7
1534005159.75 53.2
1534005169.77 53.7
1534005179.79 53.7
1534005189.81 53.7
1534005199.83 54.2
1534005209.85 53.7
1534005219.87 53.7
1534005229.89 53.7
1534005239.9 54.2
1534005249.92 53.7
1534005259.94 54.2
1534005269.95 53.7
1534005279.97 53.7
1534005289.99 54.8
1534005300.01 53.7
1534005310.03 53.7
1534005320.04 54.2
1534005330.06 54.2
1534005340.08 54.2
1534005350.1 53.7
1534005360.12 53.7
1534005370.13 53.7
1534005380.15 53.7
1534005390.18 53.7
1534005400.2 54.2
1534005410.22 54.2
1534005420.24 53.7
1534005430.26 53.7
1534005440.28 53.7
1534005450.3 52.6
1534005460.32 53.7
1534005470.33 53.7
1534005480.35 53.7
1534005490.36 53.7
1534005500.38 53.7
1534005510.4 53.7
1534005520.41 53.7
1534005530.43 53.7
1534005540.45 53.7
1534005550.47 53.7
1534005560.49 53.7
1534005570.5 54.2
1534005580.51 54.2
1534005590.53 54.2
1534005600.54 53.7
1534005610.56 53.7
1534005620.57 53.7
1534005630.58 53.7
1534005640.6 53.7
1534005650.61 53.7
1534005660.63 53.7
1534005670.64 53.7
1534005680.66 53.2
1534005690.67 53.7
1534005700.69 53.7
1534005710.71 52.6
1534005720.72 53.2
1534005730.73 52.6
1534005740.75 53.2
1534005750.77 52.1
1534005760.79 52.6
1534005770.81 52.6
1534005780.83 52.6
1534005790.85 52.6
1534005800.87 52.6
1534005810.88 53.2
1534005820.9 53.2
1534005830.92 53.2
1534005840.94 53.2
1534005850.96 52.6
1534005860.97 52.6
1534005870.99 53.7
1534005881.0 53.7
1534005891.01 53.7
1534005901.03 53.7
1534005911.04 53.7
1534005921.06 53.7
1534005931.07 53.7
1534005941.09 53.7
1534005951.11 52.6
1534005961.13 52.1
1534005971.15 52.6
1534005981.17 52.1
1534005991.19 52.6
1534006001.2 52.6
1534006011.23 52.6
1534006021.24 53.2
1534006031.26 53.2
1534006041.27 53.7
1534006051.28 53.2
1534006061.3 53.2
1534006071.32 53.2
1534006081.34 52.6
1534006091.36 52.6
1534006101.37 52.6
1534006111.39 52.6
1534006121.41 52.6
1534006131.42 52.6
1534006141.44 52.1
1534006151.46 52.6
1534006161.48 52.6
1534006171.5 52.1
1534006181.52 52.1
1534006191.54 52.1
1534006201.56 52.1
1534006211.59 51.5
1534006221.6 52.6
1534006231.62 52.1
1534006241.64 52.6
1534006251.66 52.1
1534006261.68 52.1
1534006271.71 51.5
1534006281.73 52.6
1534006291.74 53.2
1534006301.75 52.6
1534006311.77 52.6
1534006321.79 52.6
1534006331.81 52.1
1534006341.83 51.5
1534006351.84 52.6
1534006361.86 52.6
1534006371.88 51.5
1534006381.9 52.1
1534006391.92 51.5
1534006401.94 51.5
1534006411.96 52.1
1534006421.98 52.1
1534006432.0 52.1
1534006442.02 52.1
1534006452.03 51.5
1534006462.05 52.6
1534006472.07 51.5
1534006482.09 52.6
1534006492.1 52.1
1534006502.12 52.1
1534006512.14 52.6
1534006522.16 52.6
1534006532.17 51.5
1534006542.19 51.5
1534006552.21 52.1
1534006562.23 52.6
1534006572.25 52.6
1534006582.27 52.6
1534006592.29 52.6
1534006602.31 52.1
1534006612.33 53.2
1534006622.34 52.6
1534006632.36 52.6
1534006642.37 52.6
1534006652.39 52.6
1534006662.41 52.6
1534006672.43 52.6
1534006682.44 53.2
1534006692.45 53.2
1534006702.47 53.2
1534006712.49 53.7
1534006722.5 53.7
1534006732.52 53.7
1534006742.54 52.1
1534006752.56 53.7
1534006762.58 52.6
1534006772.6 52.1
1534006782.62 52.6
1534006792.63 53.2
1534006802.65 53.7
1534006812.67 53.2
1534006822.69 53.7
1534006832.71 52.6
1534006842.72 52.6
1534006852.75 52.6
1534006862.76 52.6
1534006872.78 53.7
1534006882.79 52.6
1534006892.81 53.2
1534006902.82 52.6
1534006912.84 52.6
1534006922.86 52.1
1534006932.88 52.6
1534006942.89 52.6
1534006952.91 53.2
1534006962.93 52.1
1534006972.95 52.6
1534006982.96 52.6
1534006992.98 53.7
1534007003.0 52.6
1534007013.02 52.6
1534007023.04 52.6
1534007033.05 53.7
1534007043.07 53.7
1534007053.09 52.1
1534007063.11 52.6
1534007073.13 52.6
1534007083.15 52.1
1534007093.17 52.6
1534007103.19 52.6
1534007113.21 52.6
1534007123.22 53.2
1534007133.24 52.6
1534007143.25 53.7
1534007153.27 53.2
1534007163.28 53.2
1534007173.3 53.2
1534007183.32 53.2
1534007193.34 52.6
1534007203.35 52.6
1534007213.37 53.7
1534007223.39 53.7
1534007233.42 52.6
1534007243.44 52.6
1534007253.45 53.2
1534007263.47 53.2
1534007273.49 53.7
1534007283.51 52.6
1534007293.53 52.6
1534007303.55 53.2
1534007313.56 53.7
1534007323.58 53.7
1534007333.59 53.7
1534007343.62 53.2
1534007353.64 53.7
1534007363.65 53.2
1534007373.67 53.2
1534007383.69 53.2
1534007393.7 53.7
1534007403.72 53.2
1534007413.74 52.6
1534007423.75 53.2
1534007433.78 53.7
1534007443.79 53.7
1534007453.81 52.6
1534007463.82 53.7
1534007473.85 52.6
1534007483.87 52.6
1534007493.88 53.7
1534007503.9 52.6
1534007513.92 52.6
1534007523.93 53.7
1534007533.95 52.6
1534007543.97 53.7
1534007553.99 53.2
1534007564.0 53.2
1534007574.02 52.6
1534007584.04 52.6
1534007594.05 52.6
1534007604.07 52.6
1534007614.08 53.7
1534007624.1 52.6
1534007634.12 53.7
1534007644.14 53.2
1534007654.15 52.6
1534007664.16 53.2
1534007674.18 53.7
1534007684.19 53.2
1534007694.21 53.7
1534007704.22 53.2
1534007714.24 52.6
1534007724.25 52.6
1534007734.27 52.6
1534007744.28 53.2
1534007754.3 53.7
1534007764.32 52.6
1534007774.34 52.6
1534007784.36 52.6
1534007794.38 52.6
1534007804.4 52.6
1534007814.41 52.6
1534007824.44 52.6
1534007834.46 52.1
1534007844.48 52.6
1534007854.5 52.1
1534007864.51 52.6
1534007874.53 52.1
1534007884.55 53.2
1534007894.57 52.1
1534007904.59 52.1
1534007914.6 53.2
1534007924.62 51.5
1534007934.64 52.6
1534007944.65 52.1
1534007954.66 52.6
1534007964.69 52.6
1534007974.71 52.1
1534007984.73 52.1
1534007994.75 53.2
1534008004.77 52.6
1534008014.79 52.6
1534008024.8 52.1
1534008034.82 52.6
1534008044.84 52.6
1534008054.85 52.6
1534008064.87 52.1
1534008074.89 52.6
1534008084.9 52.6
1534008094.92 52.6
1534008104.94 52.1
1534008114.96 51.5
1534008124.98 52.1
1534008135.0 52.6
1534008145.02 52.6
1534008155.03 53.2
1534008165.05 52.1
1534008175.07 52.6
1534008185.09 52.6
1534008195.1 53.2
1534008205.12 52.6
1534008215.14 52.6
1534008225.15 52.6
1534008235.17 52.6
1534008245.19 52.6
1534008255.21 52.1
1534008265.23 52.1
1534008275.25 52.6
1534008285.27 52.1
1534008295.29 52.6
1534008305.31 52.6
1534008315.33 52.6
1534008325.34 52.1
1534008335.37 52.6
1534008345.39 52.6
1534008355.4 53.2
1534008365.42 52.6
1534008375.44 53.2
1534008385.45 52.6
1534008395.47 52.6
1534008405.49 52.6
1534008415.5 53.2
1534008425.52 53.7
1534008435.54 52.6
1534008445.56 53.2
1534008455.57 53.2
1534008465.6 52.6
1534008475.62 52.6
1534008485.65 52.6
1534008495.66 52.6
1534008505.68 52.6
1534008515.71 52.6
1534008525.73 52.6
1534008535.74 52.6
1534008545.76 52.6
1534008555.78 53.2
1534008565.79 52.6
1534008575.81 53.7
1534008585.83 53.2
1534008595.85 52.6
1534008605.87 52.6
1534008615.89 52.6
1534008625.91 52.6
1534008635.92 53.2
1534008645.94 53.2
1534008655.96 53.2
1534008665.97 53.2
1534008675.99 52.6
1534008686.01 53.7
1534008696.02 53.2
1534008706.04 53.2
1534008716.06 53.7
1534008726.09 53.2
1534008736.11 53.7
1534008746.13 52.6
1534008756.14 54.8
1534008766.16 54.2
1534008776.17 53.7
1534008786.18 54.2
1534008796.2 54.2
1534008806.22 54.8
1534008816.23 54.2
1534008826.25 54.2
1534008836.27 54.2
1534008846.29 53.7
1534008856.3 54.8
1534008866.31 53.7
1534008876.33 54.2
1534008886.35 53.7
1534008896.37 54.2
1534008906.38 53.7
1534008916.4 54.2
1534008926.42 53.7
1534008936.43 54.8
1534008946.44 53.7
1534008956.46 54.2
1534008966.49 53.7
1534008976.51 54.2
1534008986.52 54.2
1534008996.54 53.7
1534009006.56 54.2
1534009016.58 54.8
1534009026.59 54.2
1534009036.61 54.2
1534009046.62 54.2
1534009056.64 54.2
1534009066.65 54.8
1534009076.67 53.7
1534009086.69 53.7
1534009096.71 53.7
1534009106.72 53.7
1534009116.73 54.8
1534009126.75 53.7
1534009136.76 54.2
1534009146.77 53.7
1534009156.78 54.8
1534009166.8 54.2
1534009176.81 54.2
1534009186.83 54.8
1534009196.84 54.8
1534009206.85 54.8
1534009216.87 55.3
1534009226.88 54.8
1534009236.9 54.8
1534009246.92 54.2
1534009256.94 54.2
1534009266.95 54.8
1534009276.98 54.8
1534009286.99 54.2
1534009297.01 54.8
1534009307.02 54.8
1534009317.03 54.8
1534009327.05 55.3
1534009337.07 54.8
1534009347.08 54.8
1534009357.1 54.2
1534009367.12 54.8
1534009377.14 54.2
1534009387.16 54.8
1534009397.18 54.8
1534009407.19 54.2
1534009417.21 54.8
1534009427.23 54.8
1534009437.24 53.7
1534009447.26 54.2
1534009457.28 54.2
1534009467.3 54.8
1534009477.32 54.8
1534009487.34 54.2
1534009497.36 54.8
1534009507.38 54.8
1534009517.39 54.2
1534009527.4 55.8
1534009537.41 55.3
1534009547.42 55.8
1534009557.44 55.8
1534009567.46 55.8
1534009577.48 55.3
1534009587.5 55.3
1534009597.51 55.8
1534009607.54 54.8
1534009617.55 54.8
1534009627.57 55.3
1534009637.58 55.8
1534009647.6 54.8
1534009657.61 55.3
1534009667.62 55.8
1534009677.63 55.8
1534009687.65 55.3
1534009697.67 55.3
1534009707.68 55.8
1534009717.7 55.8
1534009727.72 55.8
1534009737.73 55.8
1534009747.75 56.4
1534009757.76 55.8
1534009767.78 54.8
1534009777.8 54.8
1534009787.81 55.3
1534009797.82 55.8
1534009807.84 55.8
1534009817.86 55.8
1534009827.87 55.8
1534009837.89 55.8
1534009847.9 55.8
1534009857.91 55.8
1534009867.93 55.8
1534009877.95 55.8
1534009887.96 55.8
1534009897.97 55.8
1534009907.99 54.8
1534009918.01 55.8
1534009928.02 55.8
1534009938.04 55.8
1534009948.05 55.8
1534009958.07 55.3
1534009968.09 56.4
1534009978.11 55.8
1534009988.12 56.4
1534009998.13 55.8
1534010008.15 56.4
1534010018.16 56.4
1534010028.18 56.9
1534010038.2 56.4
1534010048.22 56.4
1534010058.23 56.4
1534010068.25 56.9
1534010078.27 55.8
1534010088.29 56.4
1534010098.3 56.4
1534010108.33 56.4
1534010118.34 56.9
1534010128.36 56.9
1534010138.37 56.9
1534010148.39 56.4
1534010158.41 56.4
1534010168.43 56.9
1534010178.44 56.9
1534010188.45 56.4
1534010198.48 56.4
1534010208.5 55.8
1534010218.52 56.4
1534010228.54 56.9
1534010238.55 57.5
1534010248.57 56.9
1534010258.58 56.9
1534010268.6 56.4
1534010278.61 55.8
1534010288.63 56.9
1534010298.64 56.9
1534010308.66 56.4
1534010318.68 56.9
1534010328.7 56.9
1534010338.72 56.4
1534010348.73 56.4
1534010358.74 56.9
1534010368.76 56.4
1534010378.78 56.9
1534010388.8 56.4
1534010398.82 56.4
