1534200009.52 55.3
1534200019.54 54.2
1534200029.56 55.3
1534200039.57 55.8
1534200049.6 55.3
1534200059.62 54.2
1534200069.63 55.8
1534200079.65 54.8
1534200089.67 55.8
1534200099.69 54.8
1534200109.71 54.8
1534200119.73 54.8
1534200129.75 55.8
1534200139.77 54.8
1534200149.8 55.8
1534200159.83 55.3
1534200169.85 54.8
1534200179.86 55.3
1534200189.88 55.8
1534200199.89 55.8
1534200209.91 55.8
1534200219.93 54.8
1534200229.94 55.8
1534200239.96 55.8
1534200249.98 55.8
1534200260.0 55.3
1534200270.02 55.3
1534200280.04 55.8
1534200290.06 55.8
1534200300.08 54.8
1534200310.09 55.8
1534200320.11 55.8
1534200330.12 54.8
1534200340.14 54.2
1534200350.16 54.8
1534200360.19 54.8
1534200370.21 54.8
1534200380.23 54.8
1534200390.25 53.7
1534200400.26 54.8
1534200410.28 54.2
1534200420.3 54.2
1534200430.31 55.3
1534200440.33 54.8
1534200450.35 54.8
1534200460.37 54.8
1534200470.39 55.8
1534200480.4 55.3
1534200490.43 55.3
1534200500.45 55.3
1534200510.46 55.8
1534200520.48 55.8
1534200530.5 55.8
1534200540.51 55.3
1534200550.52 56.4
1534200560.54 55.8
1534200570.56 55.8
1534200580.57 55.3
1534200590.59 55.3
1534200600.61 55.3
1534200610.64 55.8
1534200620.66 55.3
1534200630.68 55.8
1534200640.69 55.8
1534200650.71 55.8
1534200660.73 55.8
1534200670.74 56.4
1534200680.75 55.3
1534200690.77 55.8
1534200700.78 55.8
1534200710.8 55.8
1534200720.81 55.8
1534200730.83 56.4
1534200740.85 56.4
1534200750.87 56.4
1534200760.88 55.8
1534200770.9 55.8
1534200780.91 56.4
1534200790.93 56.4
1534200800.94 56.4
1534200810.96 56.4
1534200820.97 55.8
1534200831.0 55.8
1534200841.02 56.4
1534200851.04 56.4
1534200861.06 56.4
1534200871.07 56.4
1534200881.09 55.8
1534200891.11 55.8
1534200901.13 55.8
1534200911.15 55.8
1534200921.17 56.4
1534200931.18 56.4
1534200941.2 56.4
1534200951.21 56.4
1534200961.22 56.4
1534200971.24 55.8
1534200981.25 56.4
1534200991.27 56.4
1534201001.29 56.4
1534201011.3 56.4
1534201021.32 55.8
1534201031.34 55.8
1534201041.36 55.8
1534201051.37 56.4
1534201061.39 55.8
1534201071.4 55.8
1534201081.42 56.9
1534201091.44 56.9
1534201101.45 56.9
1534201111.47 56.4
1534201121.48 56.9
1534201131.5 56.9
1534201141.52 56.4
1534201151.54 56.9
1534201161.55 55.8
1534201171.57 56.9
1534201181.58 56.4
1534201191.6 55.8
1534201201.61 56.9
