1534500006.39 55.8
1534500016.41 53.2
1534500026.43 53.2
1534500036.45 53.7
1534500046.46 53.7
1534500056.47 53.7
1534500066.49 53.7
1534500076.51 53.7
1534500086.54 52.6
1534500096.55 52.6
1534500106.58 52.6
1534500116.6 53.2
1534500126.61 53.7
1534500136.63 52.6
1534500146.65 53.7
1534500156.67 53.2
1534500166.69 53.7
1534500176.72 53.7
1534500186.73 53.2
1534500196.75 52.6
1534500206.77 53.2
1534500216.78 53.2
1534500226.8 52.6
1534500236.82 52.6
1534500246.84 52.6
1534500256.86 52.6
1534500266.88 52.6
1534500276.9 52.6
1534500286.92 52.6
1534500296.94 52.6
1534500306.96 52.6
1534500316.97 53.7
1534500326.99 53.2
1534500337.01 52.6
1534500347.02 52.6
1534500357.05 52.6
1534500367.07 52.6
1534500377.09 53.2
1534500387.11 53.7
1534500397.12 53.7
1534500407.14 53.2
1534500417.16 53.2
1534500427.18 53.7
1534500437.2 53.7
1534500447.21 54.2
1534500457.23 53.7
1534500467.25 53.7
1534500477.26 53.7
1534500487.28 53.7
1534500497.29 53.7
1534500507.31 53.7
1534500517.33 53.7
1534500527.34 53.7
1534500537.36 53.7
1534500547.38 53.7
1534500557.4 53.7
1534500567.41 53.7
1534500577.43 53.2
1534500587.45 53.7
1534500597.47 53.7
1534500607.48 53.2
1534500617.5 53.7
1534500627.52 53.7
1534500637.53 54.8
1534500647.55 54.2
1534500657.57 53.7
1534500667.59 53.7
1534500677.61 53.2
1534500687.63 53.7
1534500697.65 54.2
1534500707.66 53.7
1534500717.67 53.7
1534500727.69 53.7
1534500737.71 53.7
1534500747.73 53.7
1534500757.75 53.7
1534500767.77 53.7
1534500777.79 53.7
1534500787.8 53.7
1534500797.82 53.7
1534500807.83 53.7
1534500817.84 53.7
1534500827.86 53.7
1534500837.87 53.7
1534500847.89 53.7
1534500857.91 52.6
1534500867.93 52.6
1534500877.95 53.7
1534500887.98 53.7
1534500897.99 53.7
1534500908.0 54.2
1534500918.03 54.2
1534500928.04 54.8
1534500938.06 53.7
1534500948.07 53.7
1534500958.09 53.7
1534500968.11 53.7
1534500978.13 53.7
1534500988.14 53.2
1534500998.16 53.7
1534501008.18 54.2
1534501018.19 53.7
1534501028.21 53.7
1534501038.22 53.7
1534501048.23 53.2
1534501058.26 53.7
1534501068.27 54.2
1534501078.29 53.2
1534501088.31 53.7
1534501098.32 53.7
1534501108.34 53.2
1534501118.36 52.6
1534501128.38 52.6
1534501138.39 53.2
1534501148.41 52.6
1534501158.44 52.1
1534501168.46 52.1
1534501178.48 52.6
1534501188.5 52.6
1534501198.52 52.1
1534501208.54 51.5
1534501218.56 52.1
1534501228.58 52.1
1534501238.59 52.6
1534501248.62 52.6
1534501258.63 52.6
1534501268.65 53.7
1534501278.66 52.6
1534501288.69 52.6
1534501298.71 52.6
1534501308.72 53.7
1534501318.75 52.6
1534501328.77 52.6
1534501338.78 53.2
1534501348.8 52.6
1534501358.83 52.6
1534501368.84 53.2
1534501378.86 52.6
1534501388.87 52.6
1534501398.89 52.6
1534501408.91 52.6
1534501418.93 52.1
1534501428.94 53.2
1534501438.96 52.1
1534501448.98 52.6
1534501458.99 53.2
1534501469.0 52.6
1534501479.02 53.7
1534501489.04 52.6
1534501499.05 52.6
1534501509.07 53.7
1534501519.09 53.2
1534501529.1 53.7
1534501539.12 53.7
1534501549.13 53.2
1534501559.15 52.6
1534501569.17 53.7
1534501579.19 53.2
1534501589.21 53.7
1534501599.22 53.7
1534501609.24 52.6
1534501619.25 53.7
1534501629.27 53.7
1534501639.29 52.6
1534501649.31 52.6
1534501659.33 53.7
1534501669.36 53.7
1534501679.37 53.7
1534501689.39 53.7
1534501699.4 53.7
1534501709.42 54.2
1534501719.43 53.7
1534501729.45 53.7
1534501739.47 53.7
1534501749.49 54.2
1534501759.5 53.7
1534501769.51 54.8
1534501779.53 54.2
1534501789.55 54.2
1534501799.57 54.8
1534501809.59 53.7
1534501819.6 53.7
1534501829.62 54.2
1534501839.64 54.2
1534501849.66 53.7
1534501859.68 54.2
1534501869.69 53.7
1534501879.71 53.7
1534501889.73 53.7
1534501899.75 53.7
1534501909.77 54.2
1534501919.78 54.8
1534501929.8 53.7
1534501939.82 54.2
1534501949.84 53.7
1534501959.86 53.7
1534501969.88 54.8
1534501979.9 54.8
1534501989.92 53.7
1534501999.94 53.7
1534502009.95 54.8
1534502019.97 54.2
1534502029.99 54.2
1534502040.01 53.7
1534502050.03 53.7
1534502060.05 54.2
1534502070.07 54.8
1534502080.08 54.2
1534502090.09 53.7
1534502100.11 54.2
1534502110.12 54.8
1534502120.15 54.8
1534502130.17 54.8
1534502140.19 54.8
1534502150.2 55.3
1534502160.22 54.8
1534502170.24 54.8
1534502180.26 55.3
1534502190.28 54.8
1534502200.3 54.8
1534502210.31 54.8
1534502220.33 54.8
1534502230.34 54.8
1534502240.36 55.8
1534502250.37 55.3
1534502260.39 54.8
1534502270.4 54.8
1534502280.43 55.3
1534502290.45 54.8
1534502300.47 54.8
1534502310.48 55.3
1534502320.5 54.8
1534502330.52 54.8
1534502340.54 54.2
1534502350.55 54.8
1534502360.57 54.8
1534502370.58 54.8
1534502380.6 54.2
1534502390.61 54.8
1534502400.63 54.2
1534502410.65 54.8
1534502420.67 54.2
1534502430.68 54.8
1534502440.7 53.7
1534502450.71 53.7
1534502460.74 54.8
1534502470.76 53.7
1534502480.77 54.2
1534502490.8 53.7
1534502500.82 53.7
1534502510.83 54.8
1534502520.86 54.2
1534502530.88 53.7
1534502540.9 53.7
1534502550.92 54.2
1534502560.94 53.7
1534502570.96 54.8
1534502580.98 53.7
1534502591.0 53.2
1534502601.02 53.7
1534502611.03 53.7
1534502621.05 53.2
1534502631.07 53.2
1534502641.08 53.7
1534502651.1 53.7
1534502661.11 53.7
1534502671.12 53.7
1534502681.14 53.7
1534502691.16 53.7
1534502701.18 53.2
1534502711.2 53.7
1534502721.22 54.2
1534502731.23 53.7
1534502741.25 53.7
1534502751.27 53.7
1534502761.28 54.2
1534502771.3 54.2
1534502781.32 53.7
1534502791.33 54.8
1534502801.35 54.8
1534502811.36 54.8
1534502821.37 54.2
1534502831.39 54.8
1534502841.41 53.7
1534502851.43 54.2
1534502861.45 54.2
1534502871.47 54.2
1534502881.49 54.2
1534502891.5 53.7
1534502901.52 53.7
1534502911.53 53.7
1534502921.55 53.7
1534502931.57 53.7
1534502941.6 54.2
1534502951.61 53.7
1534502961.63 54.2
1534502971.66 53.7
1534502981.68 53.7
1534502991.7 53.7
1534503001.71 54.2
1534503011.73 54.2
1534503021.76 53.7
1534503031.78 53.7
1534503041.79 54.2
1534503051.81 53.7
1534503061.83 54.8
1534503071.85 54.8
1534503081.88 53.7
1534503091.89 54.8
1534503101.91 53.7
1534503111.93 53.7
1534503121.95 53.7
1534503131.97 53.7
1534503141.99 53.7
1534503152.01 53.7
1534503162.03 54.2
1534503172.05 53.7
1534503182.07 53.7
1534503192.09 53.7
1534503202.11 53.7
1534503212.13 53.7
1534503222.15 54.2
1534503232.16 53.7
1534503242.17 54.2
1534503252.19 53.7
1534503262.21 54.2
1534503272.23 54.2
1534503282.25 53.7
1534503292.27 54.2
1534503302.29 54.8
1534503312.3 55.3
1534503322.32 55.3
1534503332.33 54.8
1534503342.35 54.8
1534503352.36 54.8
1534503362.38 55.3
1534503372.4 54.8
1534503382.42 55.3
1534503392.43 55.8
1534503402.45 55.8
1534503412.47 54.8
1534503422.5 55.8
1534503432.51 55.8
1534503442.53 55.8
1534503452.55 55.8
1534503462.57 55.3
1534503472.59 55.3
1534503482.6 55.8
1534503492.61 55.8
1534503502.63 54.8
1534503512.65 55.3
1534503522.67 55.3
1534503532.69 55.8
1534503542.71 55.3
1534503552.72 55.8
1534503562.74 55.3
1534503572.76 55.8
1534503582.77 55.8
1534503592.79 55.8
