1534300000.82 55.8
1534300010.84 55.8
1534300020.86 55.8
1534300030.88 56.9
1534300040.89 56.4
1534300050.91 56.9
1534300060.93 56.9
1534300070.94 56.9
1534300080.96 56.4
1534300090.98 56.4
1534300100.99 56.9
1534300111.01 56.4
1534300121.03 56.9
1534300131.05 56.9
1534300141.06 56.9
1534300151.08 56.9
1534300161.1 56.9
1534300171.12 56.9
1534300181.14 56.9
1534300191.15 56.9
1534300201.17 56.4
1534300211.19 56.9
1534300221.2 56.4
1534300231.22 56.9
1534300241.24 56.9
1534300251.26 56.4
1534300261.27 56.9
1534300271.28 56.9
1534300281.3 56.4
1534300291.31 56.9
1534300301.33 56.9
1534300311.34 56.9
1534300321.36 56.9
1534300331.38 56.9
1534300341.39 56.4
1534300351.41 56.4
1534300361.43 56.4
1534300371.44 56.4
1534300381.46 56.9
1534300391.48 56.9
1534300401.49 56.9
1534300411.5 56.9
1534300421.51 56.9
1534300431.53 56.9
1534300441.55 56.9
1534300451.57 57.5
1534300461.59 56.4
1534300471.6 56.4
1534300481.62 57.5
1534300491.64 56.4
1534300501.66 56.9
1534300511.68 56.9
1534300521.7 56.9
1534300531.72 58.0
1534300541.74 58.0
1534300551.76 56.9
1534300561.78 58.0
1534300571.79 56.9
1534300581.81 56.9
1534300591.82 58.0
1534300601.84 57.5
1534300611.86 57.5
1534300621.87 57.5
1534300631.89 58.0
1534300641.91 56.9
1534300651.93 56.9
1534300661.95 56.9
1534300671.96 57.5
1534300681.97 57.5
1534300691.99 56.9
1534300702.0 56.9
1534300712.02 58.0
1534300722.05 57.5
1534300732.06 57.5
1534300742.08 56.9
1534300752.1 56.9
1534300762.11 57.5
1534300772.13 56.9
1534300782.14 57.5
1534300792.16 57.5
1534300802.18 57.5
1534300812.19 57.5
1534300822.2 56.9
1534300832.22 57.5
1534300842.24 57.5
1534300852.26 57.5
1534300862.28 58.0
1534300872.3 56.9
1534300882.31 58.0
1534300892.33 58.0
1534300902.35 56.9
1534300912.37 57.5
1534300922.37 57.5
1534300932.39 58.0
1534300942.4 57.5
1534300952.42 56.9
1534300962.43 58.0
1534300972.45 58.0
1534300982.47 57.5
1534300992.49 56.9
1534301002.51 57.5
1534301012.52 58.0
1534301022.53 57.5
1534301032.55 56.9
1534301042.57 57.5
1534301052.59 57.5
1534301062.61 57.5
1534301072.63 57.5
1534301082.65 57.5
1534301092.67 56.9
1534301102.69 58.0
1534301112.7 58.0
1534301122.71 58.0
1534301132.73 56.9
1534301142.75 56.9
1534301152.77 56.9
1534301162.79 56.9
1534301172.8 56.9
1534301182.81 56.9
1534301192.83 56.9
1534301202.85 56.9
1534301212.88 56.9
1534301222.9 56.4
1534301232.92 55.8
1534301242.94 56.4
1534301252.96 56.9
1534301262.97 56.9
1534301272.99 56.9
1534301283.01 56.4
1534301293.02 56.9
1534301303.03 56.9
1534301313.05 56.9
1534301323.07 55.8
1534301333.08 56.9
1534301343.1 56.4
1534301353.11 56.4
1534301363.13 56.9
1534301373.14 56.4
1534301383.16 55.8
1534301393.17 56.4
1534301403.19 55.8
1534301413.21 56.4
1534301423.23 55.8
1534301433.25 55.8
1534301443.27 55.8
1534301453.29 55.8
1534301463.3 56.4
1534301473.32 56.4
1534301483.34 56.4
1534301493.36 55.3
1534301503.38 55.3
1534301513.4 55.8
1534301523.42 55.8
1534301533.43 55.8
1534301543.45 55.3
1534301553.47 55.8
1534301563.49 56.4
1534301573.51 55.8
1534301583.52 56.4
1534301593.53 56.4
1534301603.56 55.8
1534301613.57 56.9
1534301623.59 56.4
1534301633.6 56.4
1534301643.62 56.9
1534301653.64 56.4
1534301663.66 56.4
1534301673.68 55.8
1534301683.69 56.9
1534301693.71 56.9
1534301703.72 56.9
1534301713.73 56.9
1534301723.74 56.4
1534301733.77 55.3
1534301743.79 56.4
1534301753.8 56.9
1534301763.83 56.4
1534301773.85 56.4
1534301783.86 56.4
1534301793.88 56.4
1534301803.89 56.9
1534301813.91 56.4
1534301823.92 55.8
1534301833.94 56.4
1534301843.96 56.4
1534301853.98 57.5
1534301864.0 56.4
1534301874.01 56.4
1534301884.02 56.4
1534301894.05 55.8
1534301904.06 56.4
1534301914.08 56.9
1534301924.1 56.9
1534301934.12 55.8
1534301944.14 55.8
1534301954.15 56.9
1534301964.17 56.4
1534301974.18 55.3
1534301984.2 55.8
1534301994.21 56.4
1534302004.23 58.0
1534302014.25 56.4
1534302024.27 56.4
1534302034.29 55.8
1534302044.31 55.8
1534302054.33 56.4
1534302064.35 55.8
1534302074.36 56.4
1534302084.39 55.8
1534302094.4 55.8
1534302104.43 55.8
1534302114.46 56.4
1534302124.47 55.8
1534302134.49 56.4
1534302144.51 55.8
1534302154.52 55.8
1534302164.54 55.8
1534302174.56 56.4
1534302184.58 55.8
1534302194.6 55.8
1534302204.62 55.3
1534302214.63 55.8
1534302224.66 55.8
1534302234.67 56.4
1534302244.69 55.8
1534302254.7 55.8
1534302264.72 55.8
1534302274.75 55.3
1534302284.77 55.3
1534302294.79 54.8
1534302304.8 55.8
1534302314.82 56.4
1534302324.84 55.3
1534302334.86 55.8
1534302344.88 56.4
1534302354.9 56.4
1534302364.91 56.4
1534302374.93 56.4
1534302384.95 55.8
1534302394.98 56.4
1534302405.0 55.8
1534302415.02 56.4
1534302425.03 56.4
1534302435.05 55.8
1534302445.07 56.4
1534302455.08 56.4
1534302465.1 56.4
1534302475.11 55.8
1534302485.14 55.8
1534302495.16 55.8
1534302505.17 55.8
1534302515.18 55.8
1534302525.2 55.8
1534302535.22 56.4
1534302545.24 55.8
1534302555.25 55.8
1534302565.27 55.8
1534302575.29 55.8
1534302585.31 54.8
1534302595.33 55.8
1534302605.34 55.3
1534302615.37 55.3
1534302625.38 55.8
1534302635.4 55.3
1534302645.42 55.3
1534302655.44 54.8
1534302665.45 55.8
1534302675.47 55.8
1534302685.48 55.8
1534302695.5 54.8
1534302705.51 55.8
1534302715.53 55.3
1534302725.55 54.8
1534302735.57 55.3
1534302745.59 55.8
1534302755.6 55.8
1534302765.61 56.4
1534302775.63 55.3
1534302785.65 55.8
1534302795.66 55.8
1534302805.68 55.8
1534302815.7 55.8
1534302825.72 55.8
1534302835.73 55.8
1534302845.75 55.8
1534302855.77 55.8
1534302865.78 55.8
1534302875.8 55.8
1534302885.81 56.4
1534302895.83 56.4
1534302905.85 55.8
1534302915.87 55.8
1534302925.88 56.4
1534302935.89 56.4
1534302945.91 55.8
1534302955.92 55.8
1534302965.94 56.9
1534302975.95 56.4
1534302985.97 56.4
1534302995.99 56.9
1534303006.0 56.4
1534303016.01 56.9
1534303026.03 56.9
1534303036.05 56.9
1534303046.06 56.9
1534303056.08 56.4
1534303066.1 56.9
1534303076.12 56.9
1534303086.13 56.9
1534303096.14 56.9
1534303106.16 56.4
1534303116.18 56.9
1534303126.18 56.4
1534303136.2 55.8
1534303146.22 56.9
1534303156.25 56.4
1534303166.27 56.9
1534303176.29 56.9
1534303186.31 55.8
1534303196.33 56.9
1534303206.34 56.9
1534303216.36 57.5
1534303226.37 56.9
1534303236.39 56.9
1534303246.4 56.9
1534303256.41 56.9
1534303266.43 56.9
1534303276.44 56.9
1534303286.46 56.9
1534303296.49 56.4
1534303306.51 56.4
1534303316.53 56.4
1534303326.55 56.9
1534303336.56 56.9
1534303346.57 56.9
1534303356.59 56.4
1534303366.61 56.9
1534303376.62 56.9
1534303386.64 56.4
1534303396.66 56.4
1534303406.67 55.8
1534303416.69 56.4
1534303426.7 56.4
1534303436.72 56.4
1534303446.74 55.8
1534303456.76 56.4
1534303466.77 55.8
1534303476.79 56.4
1534303486.81 56.4
1534303496.82 56.4
1534303506.84 55.8
1534303516.85 56.9
1534303526.86 56.9
1534303536.89 56.4
1534303546.91 55.8
1534303556.92 56.4
1534303566.94 55.8
1534303576.96 55.8
1534303586.98 55.8
1534303596.99 55.8
1534303607.02 55.8
1534303617.04 55.8
1534303627.05 55.8
1534303637.09 55.8
1534303647.1 55.8
1534303657.13 55.8
1534303667.15 54.8
1534303677.16 55.3
1534303687.18 54.8
1534303697.2 55.8
1534303707.22 54.8
1534303717.24 54.8
1534303727.26 54.8
1534303737.28 54.8
1534303747.3 55.3
1534303757.33 54.8
1534303767.35 54.2
1534303777.37 54.2
1534303787.39 54.8
1534303797.41 54.2
1534303807.43 54.8
1534303817.45 54.8
1534303827.48 54.8
1534303837.5 54.2
1534303847.51 54.8
1534303857.53 55.3
1534303867.54 54.8
1534303877.56 54.2
1534303887.59 54.2
1534303897.6 54.8
1534303907.62 55.3
1534303917.63 55.3
1534303927.66 54.8
1534303937.68 54.8
1534303947.7 54.8
1534303957.72 55.3
1534303967.74 54.8
1534303977.76 55.8
1534303987.78 54.8
1534303997.8 55.8
1534304007.82 55.8
1534304017.83 56.4
1534304027.86 55.3
1534304037.87 55.8
1534304047.89 54.8
1534304057.91 55.8
1534304067.92 55.8
1534304077.94 55.8
1534304087.96 55.8
1534304097.98 55.3
1534304108.0 55.3
1534304118.02 55.3
1534304128.03 54.8
1534304138.05 55.8
1534304148.07 55.8
1534304158.09 54.8
1534304168.12 54.8
1534304178.14 55.3
1534304188.16 55.3
1534304198.17 55.8
1534304208.19 55.8
1534304218.22 55.8
1534304228.24 55.8
1534304238.25 55.8
1534304248.26 56.4
1534304258.28 55.8
1534304268.3 55.8
1534304278.32 55.8
1534304288.33 55.8
1534304298.34 56.4
1534304308.36 55.8
1534304318.37 56.4
1534304328.39 56.4
1534304338.4 55.8
1534304348.41 55.8
1534304358.44 55.3
1534304368.46 55.3
1534304378.47 55.3
1534304388.48 55.8
1534304398.5 55.8
1534304408.52 55.8
1534304418.53 56.4
1534304428.55 56.4
1534304438.56 56.9
1534304448.58 56.4
1534304458.6 56.4
1534304468.62 56.4
1534304478.64 56.4
1534304488.66 56.4
1534304498.7 55.8
1534304508.71 56.4
1534304518.73 55.8
1534304528.75 56.4
1534304538.77 56.4
1534304548.8 56.4
1534304558.81 56.4
1534304568.83 56.4
1534304578.85 56.4
1534304588.86 56.4
1534304598.88 56.4
1534304608.9 55.8
1534304618.92 56.9
1534304628.94 55.8
1534304638.96 56.4
1534304648.97 56.4
1534304658.99 56.4
1534304669.02 56.9
1534304679.04 55.8
1534304689.05 56.4
1534304699.07 56.4
1534304709.09 56.4
1534304719.1 56.9
1534304729.12 56.4
1534304739.13 55.8
1534304749.15 55.8
1534304759.17 56.4
1534304769.19 55.3
1534304779.21 55.8
1534304789.23 55.8
1534304799.25 55.8
1534304809.27 56.9
1534304819.29 55.3
1534304829.3 55.8
1534304839.32 55.8
1534304849.33 56.9
1534304859.35 55.8
1534304869.38 55.8
1534304879.4 55.8
1534304889.42 55.3
1534304899.44 55.8
1534304909.46 55.8
1534304919.47 56.4
1534304929.49 55.8
1534304939.5 56.4
1534304949.52 55.8
1534304959.54 55.8
1534304969.55 55.3
1534304979.57 56.4
1534304989.58 55.8
1534304999.6 56.4
1534305009.61 55.8
1534305019.63 56.4
1534305029.65 55.3
1534305039.67 55.8
1534305049.68 56.9
1534305059.7 55.8
1534305069.71 56.4
1534305079.73 55.8
1534305089.74 55.8
1534305099.76 55.8
1534305109.79 55.8
1534305119.8 55.3
1534305129.82 55.3
1534305139.84 54.8
1534305149.86 54.8
1534305159.88 54.8
1534305169.9 55.3
1534305179.91 54.8
1534305189.93 54.8
1534305199.94 54.2
1534305209.97 54.2
1534305219.98 55.8
1534305230.0 54.8
1534305240.01 55.3
1534305250.03 54.8
1534305260.04 54.8
1534305270.06 54.8
1534305280.08 54.2
1534305290.1 54.8
1534305300.11 54.8
1534305310.13 53.7
1534305320.15 54.2
1534305330.16 54.2
1534305340.18 54.2
1534305350.21 54.8
1534305360.23 54.2
1534305370.25 53.7
1534305380.27 53.7
1534305390.29 54.8
1534305400.31 54.2
1534305410.33 54.8
1534305420.35 54.8
1534305430.37 54.8
1534305440.39 54.8
1534305450.42 54.8
1534305460.44 53.7
1534305470.46 54.8
1534305480.49 54.2
1534305490.49 55.3
1534305500.51 54.8
1534305510.52 54.8
1534305520.54 54.8
1534305530.56 54.8
1534305540.57 54.8
1534305550.58 55.8
1534305560.6 55.8
1534305570.61 55.3
1534305580.63 55.3
1534305590.65 54.8
1534305600.68 55.3
