1534600000.33 62.3
1534600010.35 62.3
1534600020.37 62.8
1534600030.39 62.3
1534600040.41 62.8
1534600050.43 62.8
1534600060.45 63.4
1534600070.46 63.4
1534600080.48 63.4
1534600090.5 62.8
1534600100.52 62.3
1534600110.54 62.8
1534600120.55 63.4
1534600130.57 62.8
1534600140.58 62.8
1534600150.6 63.4
1534600160.62 62.8
1534600170.63 62.8
1534600180.65 62.8
1534600190.66 62.3
1534600200.67 63.4
1534600210.68 62.8
1534600220.7 63.4
1534600230.71 63.4
1534600240.73 63.4
1534600250.74 62.8
1534600260.75 64.5
1534600270.77 63.4
1534600280.79 63.4
1534600290.8 63.9
1534600300.82 63.9
1534600310.84 63.9
1534600320.85 63.9
1534600330.87 63.4
1534600340.89 63.4
1534600350.9 63.9
1534600360.92 63.4
1534600370.93 64.5
1534600380.95 63.4
1534600390.97 63.4
1534600400.99 63.4
1534600411.01 63.9
1534600421.03 63.4
1534600431.05 63.4
1534600441.07 63.9
1534600451.08 63.9
1534600461.1 63.4
1534600471.12 62.8
1534600481.13 63.9
1534600491.15 63.4
1534600501.17 63.4
1534600511.19 63.9
1534600521.21 63.4
1534600531.22 63.9
1534600541.24 63.4
1534600551.25 63.9
1534600561.26 63.4
1534600571.28 63.4
1534600581.3 63.4
1534600591.31 63.9
1534600601.33 63.4
1534600611.34 63.4
1534600621.36 63.4
1534600631.38 62.8
1534600641.39 63.4
1534600651.41 63.4
1534600661.43 63.4
1534600671.45 63.4
1534600681.47 62.8
1534600691.49 63.4
1534600701.51 63.4
1534600711.53 64.5
1534600721.55 62.8
1534600731.56 63.4
1534600741.58 63.4
1534600751.6 63.9
1534600761.61 63.4
1534600771.63 64.5
1534600781.65 63.9
1534600791.67 64.5
1534600801.68 64.5
