1534800002.96 63.4
1534800012.98 63.4
1534800023.0 63.4
1534800033.01 62.8
1534800043.03 62.3
1534800053.05 62.3
1534800063.07 62.3
1534800073.09 61.8
1534800083.1 63.4
1534800093.12 62.3
1534800103.15 62.8
1534800113.17 62.3
1534800123.18 63.4
1534800133.2 63.4
1534800143.22 62.3
1534800153.24 63.4
1534800163.25 63.4
1534800173.27 63.4
1534800183.28 63.9
1534800193.3 62.8
1534800203.32 63.4
1534800213.33 63.4
1534800223.35 63.4
1534800233.37 63.4
1534800243.39 63.4
1534800253.4 63.4
1534800263.43 63.4
1534800273.45 63.9
1534800283.46 63.4
1534800293.48 63.9
1534800303.5 63.4
1534800313.52 62.8
1534800323.53 63.4
1534800333.55 63.9
1534800343.57 63.4
1534800353.58 63.9
1534800363.6 63.4
1534800373.61 63.4
1534800383.63 63.4
1534800393.64 63.4
1534800403.66 62.3
1534800413.67 62.3
1534800423.69 62.3
1534800433.71 62.3
1534800443.72 62.3
1534800453.74 61.8
1534800463.76 62.3
1534800473.77 62.3
1534800483.79 62.3
1534800493.8 62.3
1534800503.82 62.3
1534800513.84 62.3
1534800523.85 61.8
1534800533.87 62.3
1534800543.89 62.3
1534800553.91 62.3
1534800563.92 62.3
1534800573.94 61.2
1534800583.96 62.3
1534800593.97 62.3
1534800603.99 61.8
1534800614.01 61.8
1534800624.02 61.8
1534800634.04 61.2
1534800644.05 61.2
1534800654.07 62.3
1534800664.09 61.2
1534800674.11 61.8
1534800684.13 60.1
1534800694.15 60.7
1534800704.17 61.2
1534800714.18 60.7
1534800724.2 60.7
1534800734.21 60.7
1534800744.23 61.2
1534800754.25 60.7
1534800764.27 61.2
1534800774.28 60.7
1534800784.3 61.2
1534800794.31 61.2
1534800804.33 60.7
1534800814.36 60.7
1534800824.38 61.2
1534800834.4 60.1
1534800844.4 60.7
1534800854.42 60.7
1534800864.43 60.1
1534800874.45 60.1
1534800884.46 60.7
1534800894.48 60.7
1534800904.49 61.2
1534800914.5 61.2
1534800924.52 60.7
1534800934.53 60.7
1534800944.55 61.2
1534800954.57 60.7
1534800964.59 61.2
1534800974.61 61.2
1534800984.63 61.2
1534800994.65 61.2
1534801004.67 61.2
1534801014.69 60.7
1534801024.71 61.8
1534801034.73 61.8
1534801044.74 61.8
1534801054.76 61.8
1534801064.77 61.8
1534801074.78 62.3
1534801084.8 61.8
1534801094.82 61.8
1534801104.84 61.8
1534801114.85 61.8
1534801124.86 61.8
1534801134.88 62.3
1534801144.89 61.8
1534801154.91 62.3
1534801164.93 62.3
1534801174.94 61.8
1534801184.96 61.8
1534801194.98 61.8
1534801204.99 62.3
1534801215.01 62.3
1534801225.02 61.8
1534801235.04 62.3
1534801245.05 61.2
1534801255.07 62.3
1534801265.08 62.3
1534801275.1 62.3
1534801285.12 62.3
1534801295.14 62.3
1534801305.15 62.3
1534801315.17 62.3
1534801325.19 61.8
1534801335.21 62.3
1534801345.22 61.8
1534801355.24 61.8
1534801365.25 62.3
1534801375.27 61.8
1534801385.28 61.8
1534801395.29 61.2
1534801405.31 61.2
1534801415.33 61.2
1534801425.34 61.2
1534801435.36 61.2
1534801445.38 61.8
1534801455.4 61.2
1534801465.42 60.7
1534801475.43 61.8
1534801485.45 61.2
1534801495.46 61.2
1534801505.48 61.2
1534801515.49 60.7
1534801525.51 61.2
1534801535.53 61.2
1534801545.55 60.7
1534801555.56 60.7
1534801565.58 61.2
1534801575.59 60.1
1534801585.61 60.7
1534801595.62 61.2
1534801605.64 61.2
1534801615.65 60.7
1534801625.66 61.2
1534801635.68 61.2
1534801645.7 61.2
1534801655.71 61.2
1534801665.73 60.7
1534801675.75 61.2
1534801685.76 61.2
1534801695.77 61.2
1534801705.79 61.2
1534801715.8 61.2
1534801725.82 61.2
1534801735.84 60.7
1534801745.85 61.2
1534801755.86 61.2
1534801765.87 61.8
1534801775.89 61.2
1534801785.91 61.2
1534801795.92 61.2
1534801805.94 61.2
1534801815.96 60.7
1534801825.97 60.7
1534801835.99 60.7
1534801846.0 60.7
1534801856.02 61.2
1534801866.03 61.2
1534801876.05 61.2
1534801886.07 60.7
1534801896.09 60.7
1534801906.11 60.7
1534801916.12 60.1
1534801926.14 61.2
1534801936.15 60.7
1534801946.17 60.1
1534801956.19 60.7
1534801966.21 61.2
1534801976.22 61.8
1534801986.24 61.2
1534801996.25 60.7
1534802006.27 61.2
1534802016.28 61.2
1534802026.3 60.7
1534802036.31 61.2
1534802046.33 61.2
1534802056.34 61.2
1534802066.36 61.2
1534802076.37 62.3
1534802086.39 61.8
1534802096.4 61.2
1534802106.42 61.2
1534802116.44 61.2
1534802126.45 61.8
1534802136.46 62.3
1534802146.47 62.3
1534802156.49 62.3
1534802166.5 62.3
1534802176.52 62.3
1534802186.53 62.3
1534802196.55 62.3
1534802206.57 62.3
1534802216.59 62.3
1534802226.6 62.3
1534802236.62 62.3
1534802246.63 62.3
1534802256.65 62.3
1534802266.67 62.3
1534802276.69 61.8
1534802286.7 62.3
1534802296.71 62.3
1534802306.72 62.3
1534802316.74 62.8
1534802326.75 62.3
1534802336.77 62.3
1534802346.79 62.3
1534802356.81 62.3
1534802366.82 62.8
1534802376.84 62.3
1534802386.85 62.3
1534802396.87 62.3
