1534100006.6 61.2
1534100016.61 61.2
1534100026.62 62.3
1534100036.64 61.2
1534100046.65 62.3
1534100056.66 62.3
1534100066.68 61.2
1534100076.69 62.3
1534100086.7 61.8
1534100096.71 61.8
1534100106.73 62.3
1534100116.74 62.3
1534100126.75 61.8
1534100136.76 61.2
1534100146.78 61.8
1534100156.79 61.8
1534100166.81 62.3
1534100176.82 61.2
1534100186.84 61.8
1534100196.86 61.8
1534100206.87 61.2
1534100216.89 61.2
1534100226.9 62.3
1534100236.92 61.2
1534100246.93 61.2
1534100256.94 61.8
1534100266.96 60.7
1534100276.98 61.8
1534100286.99 61.2
1534100297.0 61.8
1534100307.02 62.3
1534100317.03 61.2
1534100327.04 62.3
1534100337.06 61.8
1534100347.07 62.3
1534100357.09 62.3
1534100367.1 62.3
1534100377.11 62.3
1534100387.13 61.8
1534100397.15 61.2
1534100407.16 63.9
1534100417.18 62.3
1534100427.2 62.3
1534100437.22 62.3
1534100447.23 62.3
1534100457.25 62.3
1534100467.26 62.3
1534100477.28 62.3
1534100487.3 62.3
1534100497.32 62.3
1534100507.34 61.8
1534100517.36 62.3
1534100527.38 62.3
1534100537.39 61.8
1534100547.41 61.8
1534100557.42 62.3
1534100567.44 62.3
1534100577.45 62.3
1534100587.47 62.3
1534100597.48 62.3
1534100607.5 62.3
1534100617.51 61.8
1534100627.52 62.3
1534100637.53 62.3
1534100647.55 62.3
1534100657.57 61.8
1534100667.59 61.8
1534100677.61 62.3
1534100687.62 62.3
1534100697.63 62.3
1534100707.65 62.3
1534100717.67 61.2
1534100727.68 61.8
1534100737.7 62.3
1534100747.71 62.3
1534100757.73 61.8
1534100767.75 61.8
1534100777.76 61.8
1534100787.79 62.3
1534100797.8 62.3
1534100807.82 61.8
1534100817.83 61.8
1534100827.85 62.3
1534100837.86 62.3
1534100847.88 62.3
1534100857.89 62.3
1534100867.91 62.3
1534100877.92 62.8
1534100887.93 61.8
1534100897.94 62.3
1534100907.96 62.3
1534100917.97 62.8
1534100927.98 61.8
1534100938.0 61.8
1534100948.01 62.3
1534100958.03 61.8
1534100968.04 61.8
1534100978.05 62.3
1534100988.07 62.3
1534100998.08 62.3
1534101008.1 62.3
1534101018.11 62.3
1534101028.13 62.3
1534101038.14 62.3
1534101048.16 61.8
1534101058.17 61.8
1534101068.18 61.8
1534101078.19 62.3
1534101088.2 61.2
1534101098.21 61.8
1534101108.22 62.3
1534101118.24 61.2
1534101128.25 61.2
1534101138.26 62.3
1534101148.28 61.2
1534101158.29 61.8
1534101168.31 60.7
1534101178.32 61.2
1534101188.34 61.2
1534101198.36 60.7
1534101208.37 61.8
1534101218.38 62.3
1534101228.39 62.3
1534101238.41 62.3
1534101248.42 62.3
1534101258.43 61.8
1534101268.44 62.3
1534101278.45 62.3
1534101288.46 61.8
1534101298.47 61.2
1534101308.49 61.2
1534101318.5 61.2
1534101328.51 61.8
1534101338.52 61.8
1534101348.53 61.2
1534101358.55 61.2
1534101368.56 61.2
1534101378.58 61.2
1534101388.59 61.2
1534101398.61 61.2
1534101408.62 60.1
1534101418.63 61.2
1534101428.65 61.8
1534101438.66 61.2
1534101448.68 60.7
1534101458.69 60.1
1534101468.71 60.7
1534101478.72 60.7
1534101488.74 60.7
1534101498.75 60.7
1534101508.77 60.7
1534101518.78 59.6
1534101528.8 59.6
1534101538.81 60.1
1534101548.83 60.1
1534101558.84 60.1
1534101568.86 60.1
1534101578.88 60.1
1534101588.89 60.7
1534101598.91 60.7
1534101608.93 59.6
1534101618.94 60.1
1534101628.96 60.7
1534101638.98 60.1
1534101648.99 60.1
1534101659.01 61.2
1534101669.03 60.1
1534101679.05 60.1
1534101689.06 60.7
1534101699.08 60.1
1534101709.1 60.7
1534101719.12 60.1
1534101729.13 60.7
1534101739.15 60.7
1534101749.16 60.7
1534101759.18 59.6
1534101769.2 60.1
1534101779.21 60.1
1534101789.22 60.1
1534101799.23 60.1
1534101809.25 59.6
1534101819.28 59.1
1534101829.29 60.7
1534101839.31 60.1
1534101849.32 60.1
1534101859.34 60.7
1534101869.35 61.2
1534101879.37 60.7
1534101889.39 59.1
1534101899.4 60.1
1534101909.42 60.1
1534101919.44 60.1
1534101929.45 60.7
1534101939.46 60.1
1534101949.47 60.1
1534101959.49 60.1
1534101969.5 59.6
1534101979.52 60.1
1534101989.53 59.6
1534101999.55 60.1
1534102009.57 59.1
1534102019.59 60.1
1534102029.6 60.1
1534102039.62 60.1
1534102049.63 60.1
1534102059.65 60.7
1534102069.67 60.7
1534102079.69 60.1
1534102089.71 59.1
1534102099.73 60.7
1534102109.75 60.1
1534102119.76 60.7
1534102129.78 60.7
1534102139.79 60.1
1534102149.81 60.1
1534102159.83 60.1
1534102169.85 60.1
1534102179.86 60.1
1534102189.88 60.1
1534102199.89 60.1
1534102209.91 59.6
1534102219.93 60.1
1534102229.95 60.7
1534102239.97 60.1
1534102249.98 60.1
1534102259.99 60.1
1534102270.01 60.1
1534102280.03 60.1
1534102290.05 60.1
1534102300.06 59.6
1534102310.08 60.1
1534102320.09 60.1
1534102330.12 59.1
1534102340.13 60.7
1534102350.15 61.2
1534102360.17 60.7
1534102370.18 60.1
1534102380.2 60.1
1534102390.21 60.7
1534102400.23 60.1
1534102410.25 60.7
1534102420.27 60.1
1534102430.29 60.1
1534102440.3 60.1
1534102450.32 60.1
1534102460.34 60.1
1534102470.36 60.1
1534102480.38 59.1
1534102490.39 60.1
1534102500.41 60.1
1534102510.43 60.1
1534102520.45 60.1
1534102530.47 60.7
1534102540.49 60.1
1534102550.5 60.1
1534102560.52 60.7
1534102570.54 60.1
1534102580.55 60.1
1534102590.57 59.6
1534102600.59 59.6
1534102610.6 60.1
1534102620.62 60.1
1534102630.64 59.6
1534102640.66 60.1
1534102650.67 60.1
1534102660.69 60.7
1534102670.7 60.7
1534102680.72 60.7
1534102690.74 60.1
1534102700.76 60.1
1534102710.77 60.7
1534102720.79 60.1
1534102730.81 60.1
1534102740.83 60.1
1534102750.84 60.1
1534102760.86 60.1
1534102770.88 60.1
1534102780.9 59.6
1534102790.91 60.1
1534102800.93 59.6
1534102810.94 60.1
1534102820.96 60.1
1534102830.98 60.1
1534102840.99 60.1
1534102851.01 60.1
1534102861.02 59.6
1534102871.04 60.1
1534102881.05 60.1
1534102891.06 60.1
1534102901.07 60.1
1534102911.08 59.6
1534102921.1 59.1
1534102931.12 60.1
1534102941.14 59.6
1534102951.16 59.1
1534102961.18 59.1
1534102971.2 59.1
1534102981.21 59.6
1534102991.23 59.1
1534103001.25 58.5
1534103011.27 59.1
1534103021.29 59.1
1534103031.31 59.6
1534103041.34 59.1
1534103051.35 59.1
1534103061.37 59.1
1534103071.38 59.1
1534103081.39 59.1
1534103091.41 58.5
1534103101.43 58.5
1534103111.45 58.5
1534103121.47 59.1
1534103131.49 60.1
1534103141.51 58.5
1534103151.53 59.1
1534103161.55 59.1
1534103171.56 59.1
1534103181.58 59.1
1534103191.59 58.5
1534103201.61 59.1
1534103211.62 59.1
1534103221.63 59.1
1534103231.65 59.1
1534103241.66 59.1
1534103251.68 59.6
1534103261.69 59.1
1534103271.71 59.1
1534103281.73 58.0
1534103291.75 58.5
1534103301.76 59.1
1534103311.78 59.1
1534103321.8 58.0
1534103331.82 58.0
1534103341.84 58.0
1534103351.86 58.0
1534103361.87 58.0
1534103371.89 58.0
1534103381.9 58.5
1534103391.92 56.9
1534103401.94 57.5
1534103411.96 58.0
1534103421.98 58.0
1534103431.99 58.0
1534103442.02 58.0
1534103452.03 58.0
1534103462.05 58.5
1534103472.07 56.9
1534103482.09 56.9
1534103492.11 57.5
1534103502.13 57.5
1534103512.15 56.9
1534103522.17 56.9
1534103532.19 56.9
1534103542.21 57.5
1534103552.23 58.0
1534103562.25 56.4
1534103572.27 58.0
1534103582.29 58.0
1534103592.31 58.0
1534103602.32 58.0
1534103612.34 58.0
1534103622.36 58.0
1534103632.38 58.0
1534103642.4 56.9
1534103652.42 56.9
1534103662.44 56.9
1534103672.45 58.0
1534103682.47 58.0
1534103692.48 57.5
1534103702.5 56.9
1534103712.51 58.0
1534103722.53 58.5
1534103732.54 58.0
1534103742.55 58.5
1534103752.57 58.0
1534103762.59 58.5
1534103772.61 59.1
1534103782.62 58.0
1534103792.64 58.0
1534103802.65 58.0
1534103812.68 57.5
1534103822.69 58.5
1534103832.71 58.5
1534103842.72 58.0
1534103852.74 59.1
1534103862.76 58.5
1534103872.77 58.5
1534103882.79 59.1
1534103892.8 59.1
1534103902.82 59.1
1534103912.83 58.0
1534103922.85 58.5
1534103932.86 58.5
1534103942.87 59.1
1534103952.89 58.5
1534103962.91 59.1
1534103972.92 58.5
1534103982.94 58.5
1534103992.96 58.5
1534104002.98 58.5
1534104013.0 59.1
1534104023.02 58.5
1534104033.03 59.1
1534104043.06 59.1
1534104053.07 59.1
1534104063.09 59.1
1534104073.11 59.1
1534104083.12 59.1
1534104093.14 58.5
1534104103.16 59.1
1534104113.17 59.1
1534104123.2 59.1
1534104133.22 59.1
1534104143.24 58.0
1534104153.25 59.1
1534104163.27 59.1
1534104173.28 59.1
1534104183.3 59.1
1534104193.31 59.1
1534104203.33 59.1
1534104213.34 59.1
1534104223.36 59.1
1534104233.37 59.1
1534104243.39 59.1
1534104253.4 59.1
1534104263.42 59.1
1534104273.43 59.1
1534104283.45 59.1
1534104293.46 59.6
1534104303.48 58.5
1534104313.5 58.5
1534104323.51 59.1
1534104333.53 58.5
1534104343.54 59.1
1534104353.55 58.5
1534104363.57 58.0
1534104373.58 58.0
1534104383.6 58.5
1534104393.62 58.0
1534104403.64 58.5
1534104413.65 58.0
1534104423.67 58.0
1534104433.69 58.0
1534104443.71 58.0
1534104453.72 58.0
1534104463.74 58.0
1534104473.76 58.5
1534104483.78 58.0
1534104493.79 58.5
1534104503.8 58.0
1534104513.82 58.0
1534104523.83 58.5
1534104533.84 58.0
1534104543.86 58.0
1534104553.88 59.1
1534104563.89 59.1
1534104573.91 58.5
1534104583.92 58.0
1534104593.94 58.0
1534104603.97 58.0
1534104613.99 59.6
1534104624.0 59.1
1534104634.02 59.1
1534104644.04 59.1
1534104654.06 58.0
1534104664.08 59.1
1534104674.09 59.1
1534104684.11 58.5
1534104694.13 58.5
1534104704.14 59.1
1534104714.16 59.1
1534104724.18 59.1
1534104734.2 59.1
1534104744.21 59.1
1534104754.24 58.5
1534104764.25 59.1
1534104774.26 59.1
1534104784.27 59.1
1534104794.29 59.1
1534104804.3 59.1
1534104814.31 60.1
1534104824.32 59.6
1534104834.34 60.1
1534104844.35 59.1
1534104854.36 59.1
1534104864.37 59.1
1534104874.38 60.1
1534104884.39 59.6
1534104894.4 59.6
1534104904.42 60.1
1534104914.44 59.1
1534104924.45 60.1
1534104934.47 60.1
1534104944.49 60.1
1534104954.5 60.1
1534104964.52 60.1
1534104974.53 60.7
1534104984.55 60.1
1534104994.57 60.1
1534105004.58 60.1
1534105014.59 60.1
1534105024.6 60.7
1534105034.62 60.1
1534105044.64 60.1
1534105054.66 60.1
1534105064.67 60.7
1534105074.69 60.7
1534105084.71 59.1
1534105094.73 60.1
1534105104.75 59.1
1534105114.76 59.6
1534105124.78 60.1
1534105134.79 59.6
1534105144.81 59.1
1534105154.83 60.7
1534105164.85 60.1
1534105174.86 60.1
1534105184.88 60.1
1534105194.9 60.1
1534105204.91 60.7
1534105214.93 59.6
1534105224.95 60.1
1534105234.97 60.1
1534105244.99 60.1
1534105255.0 60.1
1534105265.02 60.1
1534105275.04 60.7
1534105285.05 60.1
1534105295.06 60.7
1534105305.08 60.7
1534105315.09 61.2
1534105325.11 60.1
1534105335.13 60.7
1534105345.14 61.2
1534105355.16 61.2
1534105365.17 60.7
1534105375.19 60.1
1534105385.2 60.7
1534105395.21 61.2
1534105405.23 61.8
1534105415.24 61.2
1534105425.27 60.1
1534105435.29 61.2
1534105445.3 60.7
1534105455.32 60.1
1534105465.33 60.7
1534105475.35 60.7
1534105485.36 60.1
1534105495.38 60.1
1534105505.39 60.1
1534105515.4 61.2
1534105525.42 60.1
1534105535.43 60.7
1534105545.44 60.1
1534105555.45 60.1
1534105565.47 60.1
1534105575.49 60.1
1534105585.51 60.1
1534105595.53 60.1
1534105605.54 60.1
1534105615.55 60.1
1534105625.57 60.1
1534105635.59 59.1
1534105645.62 59.6
1534105655.63 60.1
1534105665.65 60.1
1534105675.67 60.7
1534105685.68 60.1
1534105695.7 60.1
1534105705.72 60.7
1534105715.73 60.7
1534105725.74 60.1
1534105735.76 60.1
1534105745.77 60.7
1534105755.78 60.7
1534105765.8 60.7
1534105775.82 60.1
1534105785.83 60.7
1534105795.86 59.6
1534105805.87 60.1
1534105815.89 60.1
1534105825.91 60.1
1534105835.92 60.1
1534105845.93 60.1
1534105855.95 60.1
1534105865.96 60.1
1534105875.97 60.1
1534105885.99 60.1
1534105896.01 60.1
1534105906.02 60.1
1534105916.04 60.1
1534105926.06 60.1
1534105936.08 60.1
1534105946.09 60.1
1534105956.11 60.1
1534105966.12 60.1
1534105976.14 59.6
1534105986.16 60.1
1534105996.18 59.1
1534106006.19 59.6
1534106016.2 59.6
1534106026.22 59.1
1534106036.23 59.6
1534106046.26 59.1
1534106056.27 58.5
1534106066.29 59.1
1534106076.3 59.1
1534106086.32 59.1
1534106096.33 59.1
1534106106.34 59.1
1534106116.37 59.1
1534106126.38 59.1
1534106136.4 59.1
1534106146.41 59.1
1534106156.43 59.1
1534106166.44 59.1
1534106176.46 59.1
1534106186.47 59.1
1534106196.49 59.1
1534106206.5 58.5
1534106216.52 59.1
1534106226.54 58.0
1534106236.56 58.5
1534106246.58 58.0
1534106256.59 59.1
1534106266.61 58.0
1534106276.63 58.5
1534106286.64 59.1
1534106296.65 58.5
1534106306.66 59.1
1534106316.67 59.1
1534106326.69 58.0
1534106336.71 58.0
1534106346.73 58.0
1534106356.75 59.1
1534106366.76 58.0
1534106376.78 58.0
1534106386.8 58.0
1534106396.81 58.0
1534106406.82 57.5
1534106416.83 58.0
1534106426.85 58.0
1534106436.86 58.0
1534106446.87 57.5
1534106456.89 58.5
1534106466.9 58.0
1534106476.92 58.5
1534106486.94 58.0
1534106496.96 58.0
1534106506.98 58.0
1534106517.0 58.5
1534106527.01 58.0
1534106537.03 58.0
1534106547.05 58.0
1534106557.08 58.5
1534106567.1 58.5
1534106577.12 57.5
1534106587.14 58.0
1534106597.16 58.0
1534106607.18 58.0
1534106617.19 58.0
1534106627.21 58.0
1534106637.22 56.9
1534106647.28 58.0
1534106657.3 58.0
1534106667.32 58.0
1534106677.33 58.0
1534106687.35 56.9
1534106697.37 56.9
1534106707.38 57.5
1534106717.4 57.5
1534106727.42 58.0
1534106737.43 58.0
1534106747.45 56.9
1534106757.46 57.5
1534106767.48 56.9
1534106777.5 56.9
1534106787.51 57.5
1534106797.53 56.9
1534106807.54 57.5
1534106817.56 57.5
1534106827.58 56.9
1534106837.6 56.9
1534106847.62 56.9
1534106857.64 58.0
1534106867.66 56.9
1534106877.68 56.9
1534106887.69 57.5
1534106897.7 57.5
1534106907.72 56.9
1534106917.74 56.4
1534106927.76 57.5
1534106937.78 56.9
1534106947.8 56.9
1534106957.81 56.9
1534106967.83 56.9
1534106977.85 56.4
1534106987.87 56.9
1534106997.89 56.4
1534107007.91 56.9
1534107017.93 56.4
1534107027.95 56.9
1534107037.97 55.8
1534107047.98 56.9
1534107057.99 56.9
1534107068.01 56.4
1534107078.02 56.9
1534107088.04 56.9
1534107098.06 56.4
1534107108.08 56.4
1534107118.1 55.8
1534107128.12 56.9
1534107138.13 56.9
1534107148.15 56.4
1534107158.26 56.4
1534107168.28 56.9
1534107178.29 56.9
1534107188.3 56.9
1534107198.32 56.4
1534107208.33 56.4
1534107218.36 56.9
1534107228.38 56.9
1534107238.39 56.9
1534107248.41 56.4
1534107258.43 56.4
1534107268.45 56.4
1534107278.47 56.4
1534107288.49 56.4
1534107298.51 56.4
1534107308.53 56.4
1534107318.55 56.9
1534107328.56 56.9
1534107338.58 56.9
1534107348.6 56.9
1534107358.62 56.4
1534107368.63 56.4
1534107378.65 56.4
1534107388.66 56.9
1534107398.68 57.5
1534107408.7 56.9
1534107418.72 57.5
1534107428.74 57.5
1534107438.76 56.9
1534107448.78 56.9
1534107458.79 56.9
1534107468.81 57.5
1534107478.82 56.9
1534107488.84 57.5
1534107498.85 58.0
1534107508.86 58.0
1534107518.88 57.5
1534107528.9 56.9
1534107538.91 56.9
1534107548.92 57.5
1534107558.94 58.0
1534107568.95 56.9
1534107578.97 56.9
1534107588.98 56.9
1534107598.99 56.9
