1534700000.77 72.0
1534700010.78 70.9
1534700020.8 70.9
1534700030.82 70.9
1534700040.83 70.9
1534700050.85 70.9
1534700060.86 70.9
1534700070.88 71.4
1534700080.89 70.9
1534700090.91 71.4
1534700100.93 71.4
1534700110.94 70.9
1534700120.96 70.4
1534700130.98 70.9
1534700140.99 70.9
1534700151.0 70.9
1534700161.02 70.9
1534700171.04 70.9
1534700181.05 70.9
1534700191.07 70.9
1534700201.08 70.9
1534700211.1 70.9
1534700221.11 71.4
1534700231.13 71.4
1534700241.15 70.9
1534700251.17 70.9
1534700261.19 70.4
1534700271.21 70.9
1534700281.22 70.9
1534700291.24 70.4
1534700301.26 69.8
1534700311.28 70.9
1534700321.3 70.9
1534700331.31 69.8
1534700341.33 70.4
1534700351.34 69.8
1534700361.36 69.8
1534700371.38 69.8
1534700381.4 69.3
1534700391.42 69.8
1534700401.43 70.4
1534700411.45 70.4
1534700421.47 70.9
1534700431.49 70.9
1534700441.51 70.4
1534700451.53 69.8
1534700461.55 69.8
1534700471.56 70.9
1534700481.58 69.8
1534700491.6 69.8
1534700501.62 69.8
1534700511.63 70.9
1534700521.65 69.8
1534700531.66 70.9
1534700541.68 69.8
1534700551.7 70.9
1534700561.72 70.4
1534700571.73 70.9
1534700581.75 70.9
1534700591.77 70.9
1534700601.79 70.4
1534700611.81 71.4
1534700621.82 70.9
1534700631.84 70.4
1534700641.85 69.8
1534700651.87 69.8
1534700661.89 70.4
1534700671.91 70.4
1534700681.92 70.4
1534700691.94 70.4
1534700701.96 70.9
1534700711.98 70.4
1534700722.01 69.3
1534700732.03 69.3
1534700742.05 69.8
1534700752.06 69.8
1534700762.08 69.3
1534700772.1 69.8
1534700782.12 69.8
1534700792.13 69.8
1534700802.15 69.3
1534700812.17 70.4
1534700822.19 69.8
1534700832.2 69.3
1534700842.22 69.8
1534700852.24 69.3
1534700862.26 68.8
1534700872.28 69.8
1534700882.3 68.8
1534700892.31 69.3
1534700902.33 69.8
1534700912.34 69.8
1534700922.36 69.8
1534700932.37 69.8
1534700942.4 70.4
1534700952.42 70.9
1534700962.43 69.8
1534700972.45 69.8
1534700982.46 69.8
1534700992.49 69.3
1534701002.5 69.8
1534701012.52 68.8
1534701022.54 69.3
1534701032.56 69.8
1534701042.57 69.3
1534701052.59 68.8
1534701062.6 69.8
1534701072.62 69.8
1534701082.63 69.8
1534701092.65 69.8
1534701102.67 69.3
1534701112.69 68.8
1534701122.71 69.8
1534701132.72 69.8
1534701142.74 69.8
1534701152.75 69.8
1534701162.77 70.4
1534701172.79 69.8
1534701182.81 70.9
1534701192.82 70.4
1534701202.84 70.9
1534701212.86 70.4
1534701222.87 70.9
1534701232.89 70.9
1534701242.9 70.4
1534701252.92 70.9
1534701262.94 70.9
1534701272.95 70.9
1534701282.97 70.9
1534701292.99 70.9
1534701303.01 70.9
1534701313.02 70.9
1534701323.04 70.9
1534701333.05 70.9
1534701343.06 70.9
1534701353.08 70.9
1534701363.1 70.4
1534701373.1 70.9
1534701383.13 70.4
1534701393.14 70.4
1534701403.15 70.9
1534701413.17 69.8
1534701423.19 69.8
1534701433.2 70.9
1534701443.22 70.9
1534701453.24 70.9
1534701463.26 69.8
1534701473.27 70.9
1534701483.3 70.4
1534701493.31 70.4
1534701503.33 69.8
1534701513.35 69.8
1534701523.37 69.8
1534701533.39 69.8
1534701543.4 70.4
1534701553.42 70.9
1534701563.44 69.8
1534701573.45 70.9
1534701583.47 70.9
1534701593.48 71.4
1534701603.51 69.8
