1535200006.55 60.1
1535200016.57 59.6
1535200026.59 60.1
1535200036.6 59.1
1535200046.62 59.1
1535200056.63 60.1
1535200066.64 59.1
1535200076.66 59.6
1535200086.67 60.1
1535200096.69 59.6
1535200106.71 60.1
1535200116.73 59.1
1535200126.74 60.1
1535200136.76 60.1
1535200146.78 59.1
1535200156.8 59.1
1535200166.82 59.6
1535200176.84 59.1
1535200186.86 59.1
1535200196.88 59.1
1535200206.9 59.6
1535200216.92 59.6
1535200226.94 59.6
1535200236.96 60.1
1535200246.97 59.1
1535200256.99 60.1
1535200267.0 59.6
1535200277.03 59.1
1535200287.04 59.6
1535200297.06 58.5
1535200307.08 60.1
1535200317.1 60.1
1535200327.11 60.1
1535200337.13 59.1
1535200347.14 59.6
1535200357.16 59.6
1535200367.18 59.1
1535200377.2 59.1
1535200387.22 60.1
1535200397.24 59.1
1535200407.25 59.1
1535200417.27 59.6
1535200427.29 59.1
1535200437.31 59.1
1535200447.32 59.6
1535200457.34 60.1
1535200467.36 59.6
1535200477.38 59.6
1535200487.39 60.1
1535200497.41 59.1
1535200507.43 60.1
1535200517.44 60.1
1535200527.46 60.1
1535200537.47 58.5
1535200547.49 60.1
1535200557.5 59.1
1535200567.52 59.6
1535200577.54 58.5
1535200587.55 59.1
1535200597.57 59.1
1535200607.58 59.1
1535200617.6 59.1
1535200627.62 59.1
1535200637.64 58.0
1535200647.66 58.0
1535200657.68 58.5
1535200667.7 58.0
1535200677.72 59.1
1535200687.74 58.5
1535200697.76 59.1
1535200707.78 58.0
1535200717.8 59.1
1535200727.82 59.1
1535200737.84 59.1
1535200747.86 58.5
1535200757.88 59.1
1535200888.3 59.1
1535200898.31 59.1
1535200908.33 59.1
1535200918.35 59.1
1535200928.37 60.1
1535200938.39 59.6
1535200948.41 60.1
1535200958.43 60.1
1535200968.44 59.6
1535200978.46 60.1
1535200988.48 59.1
1535200998.5 59.1
1535201008.52 60.1
1535201018.53 60.1
1535201028.55 59.1
1535201038.57 59.6
1535201048.59 59.1
1535201058.6 59.6
1535201068.62 59.1
1535201078.64 59.1
1535201088.66 59.6
1535201098.68 59.1
1535201108.7 59.1
1535201118.72 59.6
1535201128.74 58.5
1535201138.76 59.6
1535201148.78 60.1
1535201158.79 60.1
1535201168.81 60.1
1535201178.83 60.1
1535201188.84 60.1
1535201198.86 60.1
1535201208.88 60.7
1535201218.9 60.7
1535201228.91 60.1
1535201238.93 59.1
1535201248.95 60.1
1535201258.97 59.6
1535201268.99 60.7
1535201279.01 60.7
1535201289.02 61.2
1535201299.04 61.2
1535201309.06 61.2
1535201319.08 60.1
1535201329.09 60.1
1535201339.11 60.7
1535201349.13 61.2
1535201359.14 60.7
1535201369.16 60.7
1535201379.19 60.1
1535201389.21 60.7
1535201399.23 60.1
1535201409.25 61.2
1535201419.27 60.1
1535201429.29 60.7
1535201439.31 60.1
1535201449.33 60.7
1535201459.35 60.1
1535201469.37 60.1
1535201479.39 60.7
1535201489.41 60.7
1535201499.43 60.7
1535201509.45 60.1
1535201519.48 60.1
1535201529.51 60.1
1535201539.52 60.7
1535201549.54 60.7
1535201559.56 60.7
1535201569.58 60.7
1535201579.59 61.2
1535201589.61 61.8
1535201599.63 60.7
1535201609.64 61.2
1535201619.66 61.2
1535201629.68 60.7
1535201639.69 61.2
1535201649.71 60.7
1535201659.72 61.2
1535201669.74 61.2
1535201679.76 61.8
1535201689.78 61.2
1535201699.8 61.2
1535201709.82 61.8
1535201719.83 61.2
1535201729.85 61.8
1535201739.86 61.2
1535201749.88 61.2
1535201759.9 61.8
1535201769.91 61.2
1535201779.93 61.2
1535201789.95 61.2
1535201799.97 61.2
1535201809.99 61.8
1535201820.0 61.2
1535201830.02 61.2
1535201840.04 61.8
1535201850.05 61.8
1535201860.07 61.2
1535201870.08 62.3
1535201880.1 62.3
1535201890.11 62.3
1535201900.13 61.8
1535201910.15 61.2
1535201920.16 62.3
1535201930.17 62.3
1535201940.19 61.8
1535201950.2 62.3
1535201960.22 61.8
1535201970.24 62.3
1535201980.26 62.3
1535201990.27 62.3
1535202000.29 62.3
1535202010.31 63.4
1535202020.33 63.4
1535202030.34 63.4
1535202040.36 62.8
1535202050.38 62.3
1535202060.4 62.3
1535202070.42 62.8
1535202080.43 62.3
1535202090.45 62.3
1535202100.46 62.3
1535202110.48 62.8
1535202120.5 61.8
1535202130.52 62.8
1535202140.54 62.3
1535202150.56 62.3
1535202160.57 62.3
1535202170.6 62.3
1535202180.61 62.3
1535202190.63 62.3
1535202200.65 61.8
1535202210.67 61.8
1535202220.69 61.8
1535202230.7 62.3
1535202240.72 61.2
1535202250.73 61.8
1535202260.75 62.3
1535202270.77 62.3
1535202280.78 62.3
1535202290.8 62.3
1535202300.82 62.3
1535202310.85 62.3
1535202320.86 62.8
1535202330.88 62.3
1535202340.89 62.8
1535202350.91 63.4
1535202360.93 62.8
1535202370.95 62.3
1535202380.96 62.3
1535202390.98 63.4
1535202400.99 62.3
1535202411.01 62.3
1535202421.02 62.8
1535202431.04 62.8
1535202441.05 62.3
1535202451.07 62.3
1535202461.08 63.4
1535202471.09 62.8
1535202481.11 62.3
1535202491.13 62.8
1535202501.14 62.8
1535202511.15 62.8
1535202521.17 62.3
1535202531.18 62.3
1535202541.2 62.3
1535202551.22 62.8
1535202561.24 61.8
1535202571.25 62.8
1535202581.26 62.3
1535202591.28 62.3
1535202601.3 61.8
1535202611.31 62.3
1535202621.34 62.8
1535202631.35 62.3
1535202641.37 62.3
1535202651.39 62.8
1535202661.41 62.3
1535202671.42 62.3
1535202681.44 62.8
1535202691.46 62.8
1535202701.48 62.3
1535202711.49 63.4
1535202721.5 62.8
1535202732.13 62.3
1535202742.14 63.4
1535202752.15 62.8
1535202762.17 63.4
1535202772.19 63.4
1535202782.2 63.4
1535202792.21 62.8
1535202802.23 63.4
1535202812.24 63.4
1535202822.25 63.4
1535202832.27 63.4
1535202842.28 63.4
1535202852.3 63.4
1535202862.33 63.4
1535202872.35 63.4
1535202882.37 62.3
1535202892.38 62.8
1535202902.4 62.3
1535202912.42 63.4
1535202922.43 62.8
1535202932.45 63.4
1535202942.47 63.4
1535202952.47 63.4
1535202962.49 63.4
1535202972.51 62.8
1535202982.52 63.4
1535202992.54 63.4
1535203002.56 63.4
1535203012.57 63.9
1535203022.59 63.9
1535203032.6 63.9
1535203042.62 63.9
1535203052.64 64.5
1535203062.66 63.9
1535203072.67 63.4
1535203082.69 63.4
1535203092.7 63.4
1535203102.72 62.8
1535203112.73 63.4
1535203122.76 63.4
1535203132.77 64.5
1535203142.78 63.9
1535203152.8 63.4
1535203162.82 63.4
1535203172.83 63.4
1535203182.85 63.4
1535203192.87 63.4
1535203202.88 63.4
1535203212.9 63.4
1535203222.92 63.9
1535203232.92 64.5
1535203242.94 63.9
1535203252.96 63.9
1535203262.97 62.8
1535203272.99 62.3
1535203283.01 62.8
1535203293.02 62.8
1535203303.04 63.4
1535203313.05 63.4
1535203323.07 62.8
1535203333.09 63.4
1535203343.11 63.4
1535203353.13 63.9
1535203363.14 63.4
1535203373.16 63.4
1535203383.18 63.4
1535203393.19 63.9
1535203403.2 64.5
1535203413.22 63.4
1535203423.23 64.5
1535203433.24 64.5
1535203443.26 63.9
1535203453.27 64.5
1535203463.29 64.5
1535203473.31 63.9
1535203483.32 64.5
1535203493.33 64.5
1535203503.35 64.5
1535203513.36 63.4
1535203523.38 64.5
1535203533.39 63.9
1535203543.41 64.5
1535203553.42 63.9
1535203563.44 63.9
1535203573.45 63.4
1535203583.47 64.5
1535203593.48 64.5
1535203603.5 64.5
1535203613.51 64.5
1535203623.53 63.9
1535203633.55 64.5
1535203643.56 64.5
1535203653.58 63.9
1535203663.6 64.5
1535203673.62 64.5
1535203683.64 63.4
1535203693.66 63.4
1535203703.67 64.5
1535203713.68 63.4
1535203723.7 63.4
1535203733.72 63.9
1535203743.74 63.4
1535203753.76 63.4
1535203763.77 63.9
1535203773.79 63.4
1535203783.81 63.4
1535203793.82 63.9
1535203803.84 63.4
1535203813.85 63.9
1535203823.86 64.5
1535203833.89 64.5
1535203843.91 64.5
1535203853.93 63.4
1535203863.95 63.9
1535203873.97 64.5
1535203883.98 64.5
1535203893.99 63.9
1535203904.01 63.4
1535203914.03 63.4
1535203924.05 63.4
1535203934.06 63.9
1535203944.07 64.5
1535203954.09 63.4
1535203964.11 63.9
1535203974.12 64.5
1535203984.14 63.4
1535203994.16 63.4
1535204004.18 63.4
1535204014.19 63.4
1535204024.21 63.4
1535204034.23 62.8
1535204044.25 63.4
1535204054.27 63.4
1535204064.28 63.4
1535204074.29 63.4
1535204084.31 62.8
1535204094.33 63.9
1535204104.34 63.4
1535204114.36 63.4
1535204124.37 63.9
1535204134.39 63.4
1535204144.4 63.4
1535204154.42 62.8
1535204164.43 63.4
1535204174.45 63.4
1535204184.47 64.5
1535204194.49 64.5
1535204204.5 63.4
1535204214.52 63.4
1535204224.54 62.8
1535204234.55 64.5
1535204244.57 63.4
1535204254.59 64.5
1535204264.61 64.5
1535204274.63 63.4
1535204284.65 63.9
1535204294.67 63.4
1535204304.68 63.4
1535204314.7 64.5
1535204324.71 64.5
1535204334.72 64.5
1535204344.74 64.5
1535204354.76 63.9
1535204364.77 63.9
1535204374.78 64.5
1535204384.8 63.9
1535204394.82 64.5
1535204404.83 64.5
1535204414.85 64.5
1535204424.86 64.5
1535204434.88 64.5
1535204444.89 64.5
1535204454.91 64.5
1535204464.92 65.0
1535204474.94 64.5
1535204484.95 64.5
1535204494.97 64.5
1535204504.99 64.5
1535204515.0 64.5
1535204525.02 64.5
1535204535.04 64.5
1535204545.06 63.4
1535204555.07 63.4
1535204565.09 64.5
1535204575.1 64.5
1535204585.12 64.5
1535204595.14 64.5
1535204605.15 65.0
1535204615.18 64.5
1535204625.2 65.0
1535204635.22 64.5
1535204645.24 64.5
1535204655.26 63.4
1535204665.29 63.4
1535204675.31 62.8
1535204685.33 63.4
1535204695.35 63.4
1535204705.36 63.9
1535204715.37 64.5
1535204725.39 64.5
1535204735.41 63.4
1535204745.43 63.4
1535204755.45 64.5
1535204765.47 64.5
1535204775.49 63.4
1535204785.5 64.5
1535204795.52 63.4
1535204805.54 63.9
1535204815.55 64.5
1535204825.56 64.5
1535204835.58 64.5
1535204845.6 63.9
1535204855.62 64.5
1535204865.63 64.5
1535204875.65 64.5
1535204885.67 64.5
1535204895.68 64.5
1535204905.7 63.4
1535204915.71 64.5
1535204925.72 64.5
1535204935.74 64.5
1535204945.75 64.5
1535204955.77 63.4
1535204965.79 64.5
1535204975.81 63.9
1535204985.82 64.5
1535204995.83 65.0
1535205005.85 64.5
1535205015.87 64.5
1535205025.89 65.0
1535205035.89 64.5
1535205045.91 65.0
1535205055.93 63.9
1535205065.95 65.0
1535205075.96 65.5
1535205085.98 65.0
1535205095.99 65.0
1535205106.0 65.5
1535205116.01 65.5
1535205126.03 65.5
1535205136.04 65.5
1535205146.06 65.5
1535205156.08 65.5
1535205166.09 65.5
1535205176.12 65.5
1535205186.14 65.5
1535205196.15 65.5
1535205206.17 65.5
1535205216.18 66.1
1535205226.2 65.5
1535205236.21 65.5
1535205246.23 66.6
1535205256.24 66.6
1535205266.27 66.6
1535205276.28 66.6
1535205286.3 66.6
1535205296.32 66.6
1535205306.33 66.6
1535205316.35 67.1
1535205326.37 66.6
1535205336.39 66.6
1535205346.41 67.1
1535205356.42 67.1
1535205366.44 67.1
1535205376.45 67.1
1535205386.46 67.1
1535205396.48 67.1
1535205406.5 67.7
1535205416.51 67.1
1535205426.53 66.6
1535205436.55 67.7
1535205446.57 67.7
1535205456.59 67.7
1535205466.59 68.2
1535205476.61 68.2
1535205486.63 67.7
1535205496.64 67.7
1535205506.66 67.1
1535205516.67 68.2
1535205526.69 66.6
1535205536.71 67.7
1535205546.72 67.7
1535205556.74 67.7
1535205566.75 67.7
1535205576.77 67.7
1535205586.79 67.7
1535205596.8 67.7
1535205606.81 67.7
