1535100001.44 45.6
1535100011.46 45.6
1535100021.48 45.1
1535100031.51 45.6
1535100041.53 45.6
1535100051.55 45.6
1535100061.57 45.1
1535100071.59 45.6
1535100081.61 45.6
1535100091.63 46.2
1535100101.66 45.1
1535100111.68 45.6
1535100121.7 45.1
1535100131.72 45.6
1535100141.74 45.1
1535100151.76 45.6
1535100161.79 46.2
1535100171.8 46.2
1535100181.82 45.1
1535100191.84 45.6
1535100201.87 45.6
1535100211.89 45.6
1535100221.9 46.2
1535100231.91 45.1
1535100241.93 46.2
1535100251.94 45.6
1535100261.96 46.2
1535100271.97 45.1
1535100281.99 45.1
1535100292.02 46.2
1535100302.03 46.2
1535100312.05 45.6
1535100322.07 46.2
1535100332.09 46.2
1535100342.1 46.2
1535100352.12 47.2
1535100362.13 46.2
1535100372.15 45.6
1535100382.17 46.2
1535100392.18 46.2
1535100402.2 46.2
1535100412.22 46.7
1535100422.24 46.2
1535100432.25 46.2
1535100442.28 47.2
1535100452.3 47.2
1535100462.32 46.2
1535100472.34 46.2
1535100482.36 46.2
1535100492.37 47.2
1535100502.39 46.2
1535100512.41 46.2
1535100522.43 46.2
1535100532.45 46.7
1535100542.47 46.7
1535100552.48 47.2
1535100562.5 46.7
1535100572.52 46.2
1535100582.54 46.2
1535100592.57 45.6
1535100602.59 46.2
1535100612.61 46.2
1535100622.63 45.6
1535100632.64 46.2
1535100642.66 46.2
1535100652.68 45.6
1535100662.7 47.2
1535100672.72 46.2
1535100682.74 45.6
1535100692.76 46.2
1535100702.77 46.2
1535100712.79 47.2
1535100722.82 47.2
1535100732.83 47.2
1535100742.85 46.2
1535100752.87 46.7
1535100762.89 47.2
1535100772.91 46.2
1535100782.93 46.2
1535100792.95 47.2
1535100802.97 46.2
1535100812.99 46.2
1535100823.01 47.2
1535100833.03 47.2
1535100843.05 45.6
1535100853.06 47.2
1535100863.08 46.2
1535100873.1 47.2
1535100883.11 47.2
1535100893.13 47.2
1535100903.15 46.2
1535100913.17 46.2
1535100923.19 46.2
1535100933.21 46.7
1535100943.23 46.2
1535100953.25 46.7
1535100963.26 47.2
1535100973.29 47.2
1535100983.31 46.2
1535100993.33 46.2
1535101003.35 46.2
1535101013.37 46.2
1535101023.39 46.7
1535101033.4 46.2
1535101043.42 46.2
1535101053.44 46.2
1535101063.46 46.2
1535101073.48 45.6
1535101083.51 45.1
1535101093.53 45.6
1535101103.54 46.2
1535101113.56 46.2
1535101123.58 46.7
1535101133.59 46.2
1535101143.61 45.1
1535101153.63 45.6
1535101163.65 45.6
1535101173.67 46.2
1535101183.69 46.2
1535101193.71 45.1
1535101203.73 48.3
1535101213.74 46.2
1535101223.77 46.2
1535101233.79 46.7
1535101243.81 45.1
1535101253.83 45.1
1535101263.86 46.2
1535101273.88 46.2
1535101283.89 46.2
1535101293.91 46.2
1535101303.93 45.6
1535101313.95 45.1
1535101323.97 46.2
1535101333.99 45.1
1535101344.0 45.1
1535101354.02 45.6
1535101364.04 46.2
1535101374.06 45.6
1535101384.08 46.2
1535101394.1 46.2
1535101404.12 46.2
1535101414.14 45.1
1535101424.16 45.6
1535101434.17 46.2
1535101444.19 45.6
1535101454.22 46.2
1535101464.23 45.1
1535101474.25 46.7
1535101484.27 45.1
1535101494.29 45.1
1535101504.31 45.6
1535101514.33 45.6
1535101524.35 45.1
1535101534.37 45.1
1535101544.39 45.6
1535101554.41 46.2
1535101564.44 46.2
1535101574.46 45.6
1535101584.48 45.1
1535101594.5 45.1
1535101604.52 45.6
1535101614.54 45.6
1535101624.56 45.6
1535101634.58 45.1
1535101644.6 45.6
1535101654.61 46.2
1535101664.63 45.1
1535101674.65 46.2
1535101684.67 45.6
1535101694.68 46.2
1535101704.71 45.1
1535101714.72 45.6
1535101724.74 45.1
1535101734.76 45.6
1535101744.78 46.2
1535101754.8 45.6
1535101764.82 46.7
1535101774.84 45.6
1535101784.86 46.2
1535101794.88 46.2
1535101804.9 46.2
1535101814.92 47.2
1535101824.94 46.2
1535101834.96 47.2
1535101844.97 46.7
1535101854.99 46.7
1535101865.01 47.2
1535101875.03 46.7
1535101885.05 46.7
1535101895.07 47.8
1535101905.09 47.2
1535101915.1 47.2
1535101925.11 47.2
1535101935.13 47.2
1535101945.14 47.2
1535101955.16 46.2
1535101965.18 47.2
1535101975.2 46.2
1535101985.22 47.2
1535101995.24 46.7
1535102005.26 47.2
1535102015.28 47.2
1535102025.29 46.7
1535102035.31 46.7
1535102045.33 46.7
1535102055.35 46.2
1535102065.37 46.2
1535102075.4 46.2
1535102085.42 46.2
1535102095.44 46.7
1535102105.46 46.2
1535102115.48 46.2
1535102125.49 46.2
1535102135.51 45.6
1535102145.53 45.6
1535102155.55 46.2
1535102165.58 46.2
1535102175.6 45.6
1535102185.62 45.1
1535102195.63 46.2
1535102205.65 45.6
1535102215.67 46.2
1535102225.69 45.6
1535102235.71 46.2
1535102245.73 46.2
1535102255.75 46.2
1535102265.77 45.1
1535102275.78 46.2
1535102285.8 45.6
1535102295.82 47.2
1535102305.85 46.2
1535102315.86 46.2
1535102325.88 46.2
1535102335.9 46.2
1535102345.91 46.2
1535102355.93 45.6
1535102365.95 46.2
1535102375.96 47.2
1535102385.98 46.2
1535102395.99 46.7
1535102406.01 46.7
1535102416.02 46.2
1535102426.04 46.2
1535102436.06 46.7
1535102446.08 46.2
1535102456.1 46.2
1535102466.12 46.2
1535102476.13 46.2
1535102486.15 46.2
1535102496.18 46.2
1535102506.19 46.7
1535102516.21 45.1
1535102526.23 45.6
1535102536.25 45.6
1535102546.27 46.2
1535102556.3 45.1
1535102566.32 45.6
1535102576.34 46.7
1535102586.36 45.1
1535102596.38 45.1
1535102606.4 45.6
1535102616.42 45.1
1535102626.44 45.1
1535102636.46 46.2
1535102646.48 45.6
1535102656.5 45.1
1535102666.51 46.2
1535102676.53 46.2
1535102686.55 46.2
1535102696.57 46.2
1535102706.59 46.2
1535102716.61 46.2
1535102726.62 46.2
1535102736.64 45.6
1535102746.66 46.7
1535102756.68 46.7
1535102766.7 46.2
1535102776.72 46.2
1535102786.74 46.7
1535102796.75 46.7
1535102806.77 45.6
1535102816.79 46.2
1535102826.81 46.2
1535102836.83 46.2
1535102846.85 45.6
1535102856.87 45.6
1535102866.88 45.6
1535102876.9 45.6
1535102886.92 45.6
1535102896.94 45.1
1535102906.96 46.2
1535102916.98 45.6
1535102927.0 45.1
1535102937.01 46.2
1535102947.03 45.6
1535102957.05 45.6
1535102967.08 45.6
1535102977.09 46.2
1535102987.11 45.6
1535102997.13 46.2
1535103007.14 46.2
1535103017.16 45.6
1535103027.18 46.2
1535103037.19 46.2
1535103047.21 45.6
1535103057.24 45.1
1535103067.26 46.2
1535103077.28 45.6
1535103087.29 46.2
1535103097.31 46.2
1535103107.33 45.6
1535103117.35 45.6
1535103127.37 45.6
1535103137.39 45.1
1535103147.4 46.2
1535103157.43 45.6
1535103167.45 46.2
1535103177.46 45.6
1535103187.48 46.2
1535103197.5 45.6
1535103207.51 46.2
1535103217.53 45.1
1535103227.55 45.6
1535103237.58 45.6
1535103247.6 45.1
1535103257.62 45.1
1535103267.63 46.2
1535103277.65 45.6
1535103287.67 46.2
1535103297.69 47.2
1535103307.7 46.2
1535103317.72 46.2
1535103327.74 45.6
1535103337.76 46.2
1535103347.78 46.2
1535103357.79 47.2
1535103367.81 46.2
1535103377.83 46.2
1535103387.85 47.2
1535103397.86 47.2
1535103407.88 46.7
1535103417.9 47.2
1535103427.92 46.2
1535103437.94 46.7
1535103447.97 46.7
1535103457.98 47.2
1535103468.0 46.2
1535103478.02 46.7
1535103488.03 46.7
1535103498.05 46.7
1535103508.06 46.2
1535103518.08 47.2
1535103528.09 47.2
1535103538.11 47.2
1535103548.12 47.2
1535103558.13 46.7
1535103568.15 46.2
1535103578.17 46.7
1535103588.19 47.2
1535103598.21 46.7
1535103608.23 46.2
1535103618.24 46.7
1535103628.26 46.7
1535103638.28 46.2
1535103648.3 47.2
1535103658.32 47.2
1535103668.34 46.7
1535103678.37 46.7
1535103688.39 46.7
1535103698.41 46.2
1535103708.43 47.2
1535103718.45 46.7
1535103728.47 46.7
1535103738.49 46.2
1535103748.5 46.7
1535103758.52 46.2
1535103768.54 46.7
1535103778.56 47.2
1535103788.57 47.2
1535103798.58 47.2
1535103808.59 47.2
1535103818.6 47.2
1535103828.62 47.2
1535103838.64 47.2
1535103848.66 47.8
1535103858.68 47.8
1535103868.7 47.2
1535103878.72 47.2
1535103888.74 47.2
1535103898.76 47.2
1535103908.78 46.7
1535103918.8 47.2
1535103928.82 47.2
1535103938.84 47.2
1535103948.86 47.2
1535103958.88 47.2
1535103968.89 47.2
1535103978.91 47.2
1535103988.93 47.2
1535103998.95 47.2
1535104008.96 47.2
1535104018.98 47.8
1535104028.99 47.2
1535104039.01 46.7
1535104049.03 48.3
1535104059.05 47.2
1535104069.07 47.2
1535104079.09 47.2
1535104089.11 47.2
1535104099.13 47.2
1535104109.15 47.2
1535104119.17 47.2
1535104129.19 47.2
1535104139.2 47.2
1535104149.22 46.2
1535104159.24 46.7
1535104169.26 46.2
1535104179.28 46.2
1535104189.29 46.2
1535104199.31 47.2
1535104209.33 46.7
1535104219.35 47.2
1535104229.37 46.7
1535104239.39 46.7
1535104249.41 46.2
1535104259.42 47.2
1535104269.44 47.2
1535104279.46 46.7
1535104289.47 46.7
1535104299.49 46.7
1535104309.51 46.2
1535104319.52 47.2
1535104329.54 47.2
1535104339.56 47.2
1535104349.57 47.2
1535104359.59 46.2
1535104369.61 47.2
1535104379.63 46.2
1535104389.65 46.7
1535104399.66 46.7
1535104409.69 46.2
1535104419.71 47.2
1535104429.72 47.2
1535104439.75 47.2
1535104449.76 47.2
1535104459.78 47.2
1535104469.8 47.2
1535104479.81 46.2
1535104489.83 46.2
1535104499.85 47.2
1535104509.86 46.7
1535104519.88 47.8
1535104529.89 46.2
1535104539.9 46.2
1535104549.91 47.2
1535104559.93 46.7
1535104569.95 47.2
1535104579.96 47.2
1535104589.98 47.2
1535104600.0 46.7
1535104610.02 46.2
1535104620.04 47.2
1535104630.06 46.2
1535104640.07 47.2
1535104650.09 46.2
1535104660.11 46.2
1535104670.13 47.2
1535104680.15 46.2
1535104690.17 47.2
1535104700.19 46.2
1535104710.2 46.7
1535104720.22 46.2
1535104730.23 47.2
1535104740.25 47.2
1535104750.26 47.2
1535104760.28 46.7
1535104770.3 47.2
1535104780.32 46.7
1535104790.33 47.2
1535104800.35 47.2
1535104810.36 47.8
1535104820.38 46.7
1535104830.4 47.2
1535104840.42 47.2
1535104850.44 46.7
1535104860.45 47.2
1535104870.47 47.2
1535104880.49 47.2
1535104890.5 47.2
1535104900.52 47.2
1535104910.54 47.2
1535104920.56 47.2
1535104930.58 47.2
1535104940.59 46.2
1535104950.61 47.2
1535104960.62 47.2
1535104970.64 47.2
1535104980.66 47.2
1535104990.67 47.2
1535105000.69 47.2
1535105010.71 47.2
1535105020.73 47.8
1535105030.74 47.2
1535105040.76 47.2
1535105050.78 47.8
1535105060.8 46.7
1535105070.81 47.2
1535105080.83 47.2
1535105090.86 47.2
1535105100.88 46.7
1535105110.9 46.7
1535105120.92 47.2
1535105130.94 46.2
1535105140.96 48.3
1535105150.98 46.2
1535105161.0 47.2
1535105171.01 47.2
1535105181.03 47.2
1535105191.04 47.2
1535105201.06 46.7
1535105211.08 47.2
1535105221.09 47.2
1535105231.11 47.2
1535105241.13 46.7
1535105251.15 46.2
1535105261.17 47.2
1535105271.18 46.7
1535105281.2 47.2
1535105291.21 47.2
1535105301.23 47.8
1535105311.25 47.8
1535105321.26 47.2
1535105331.28 47.8
1535105341.3 46.7
1535105351.32 47.2
1535105361.33 47.2
1535105371.35 47.8
1535105381.37 47.2
1535105391.39 47.2
1535105401.4 47.2
1535105411.42 47.2
1535105421.44 47.8
1535105431.46 47.2
1535105441.47 47.2
1535105451.49 47.2
1535105461.51 47.8
1535105471.53 47.2
1535105481.54 47.2
1535105491.56 47.8
1535105501.58 47.2
1535105511.6 47.2
1535105521.62 47.2
1535105531.64 47.2
1535105541.66 47.2
1535105551.69 46.7
1535105561.71 47.8
1535105571.73 48.3
1535105581.75 47.8
1535105591.76 47.2
1535105601.78 47.2
1535105611.8 47.2
1535105621.82 47.2
1535105631.83 47.8
1535105641.84 48.3
1535105651.86 47.2
1535105661.88 47.2
1535105671.9 47.2
1535105681.92 47.2
1535105691.94 47.2
1535105701.96 46.7
1535105711.98 47.2
1535105721.99 47.2
1535105732.01 47.8
1535105742.03 47.2
1535105752.05 47.2
1535105762.06 47.8
1535105772.1 47.8
1535105782.12 47.2
1535105792.15 47.8
1535105802.16 47.8
1535105812.18 48.3
1535105822.19 48.3
1535105832.2 48.3
1535105842.22 47.8
1535105852.25 47.8
1535105862.27 47.8
1535105872.28 47.8
1535105882.3 48.3
1535105892.32 48.3
1535105902.34 47.8
1535105912.35 48.3
1535105922.37 48.3
1535105932.38 48.3
1535105942.4 48.3
1535105952.41 48.9
1535105962.43 47.8
1535105972.44 49.4
1535105982.46 47.2
1535105992.48 48.3
1535106002.5 48.3
1535106012.52 48.3
1535106022.53 47.8
1535106032.55 48.3
1535106042.57 47.8
1535106052.58 48.3
1535106062.6 47.8
1535106072.62 47.2
1535106082.64 47.8
1535106092.66 47.8
1535106102.67 47.8
1535106112.69 47.8
1535106122.7 47.2
1535106132.73 47.2
1535106142.74 47.2
1535106152.75 46.7
1535106162.77 47.2
1535106172.79 47.2
1535106182.81 47.2
1535106192.83 47.8
1535106202.85 47.2
1535106212.87 46.7
1535106222.89 46.7
1535106232.91 47.2
1535106242.93 47.2
1535106252.95 47.2
1535106262.97 47.2
1535106272.99 47.2
1535106283.0 46.7
1535106293.02 47.2
1535106303.04 48.3
1535106313.06 47.2
1535106323.07 47.8
1535106333.09 47.2
1535106343.11 47.2
1535106353.12 47.2
1535106363.14 48.3
1535106373.16 47.2
1535106383.19 47.8
1535106393.2 47.2
1535106403.22 47.2
1535106413.23 47.8
1535106423.25 47.2
1535106433.27 47.2
1535106443.29 46.7
1535106453.32 46.7
1535106463.34 47.2
1535106473.36 47.2
1535106483.37 47.2
1535106493.4 47.2
1535106503.42 47.2
1535106513.43 47.8
1535106523.46 47.2
1535106533.48 47.2
1535106543.5 47.2
1535106553.52 47.2
1535106563.54 47.2
1535106573.56 47.2
1535106583.58 47.2
1535106593.6 46.7
1535106603.63 46.7
1535106613.65 46.2
1535106623.67 47.2
1535106633.68 47.2
1535106643.7 46.2
1535106653.72 45.6
1535106663.74 47.2
1535106673.77 46.2
1535106683.78 47.2
1535106693.8 47.8
1535106703.81 47.2
1535106713.83 47.8
1535106723.85 47.2
1535106733.86 46.7
1535106743.88 47.2
1535106753.9 47.2
1535106763.92 47.2
1535106773.94 46.7
1535106783.96 47.2
1535106793.97 47.2
1535106803.98 47.2
1535106814.0 47.2
1535106824.02 47.2
1535106834.04 47.8
1535106844.06 47.2
1535106854.08 47.8
1535106864.1 48.3
1535106874.11 47.2
1535106884.13 48.3
1535106894.14 47.8
1535106904.16 48.3
1535106914.17 48.3
1535106924.2 48.3
1535106934.22 48.3
1535106944.23 48.3
1535106954.25 48.3
1535106964.26 48.3
1535106974.29 48.3
1535106984.3 48.3
1535106994.32 47.8
1535107004.34 48.3
1535107014.35 48.3
1535107024.37 48.3
1535107034.38 48.3
1535107044.4 49.4
1535107054.41 48.9
1535107064.42 48.9
1535107074.44 48.9
1535107084.45 48.3
1535107094.46 48.9
1535107104.48 48.3
1535107114.49 48.3
1535107124.51 47.8
1535107134.53 48.3
1535107144.54 48.9
1535107154.56 48.3
1535107164.58 48.3
1535107174.59 48.3
1535107184.61 47.8
1535107194.63 47.8
1535107204.65 47.8
1535107214.66 48.3
1535107224.68 48.9
1535107234.69 49.4
1535107244.72 48.3
1535107254.74 48.3
1535107264.76 47.2
1535107274.77 47.8
1535107284.79 48.3
1535107294.81 48.3
1535107304.82 48.3
1535107314.84 47.8
1535107324.86 47.8
1535107334.88 48.3
1535107344.9 47.2
1535107354.92 48.3
1535107364.94 47.8
1535107374.95 48.3
1535107384.96 48.9
1535107394.98 48.3
1535107405.0 48.3
1535107415.01 47.8
1535107425.02 48.3
1535107435.04 48.3
1535107445.06 48.3
1535107455.08 48.3
1535107465.1 48.3
1535107475.12 48.3
1535107485.13 48.9
1535107495.15 48.3
1535107505.17 47.8
1535107515.19 48.3
1535107525.2 48.9
1535107535.22 48.3
1535107545.24 48.3
1535107555.26 47.8
1535107565.28 47.2
1535107575.3 47.8
1535107585.32 47.8
1535107595.33 47.2
1535107605.35 47.8
1535107615.37 47.2
1535107625.39 47.2
1535107635.41 47.8
1535107645.43 47.2
1535107655.45 47.2
1535107665.46 47.2
1535107675.48 48.3
1535107685.5 47.8
1535107695.51 48.3
1535107705.53 47.8
1535107715.54 47.2
1535107725.56 47.8
1535107735.58 47.2
1535107745.6 47.8
1535107755.62 47.2
1535107765.64 47.2
1535107775.65 48.3
1535107785.67 48.3
1535107795.69 47.8
1535107805.7 47.8
1535107815.72 48.3
1535107825.74 48.3
1535107835.76 47.8
1535107845.77 48.3
1535107855.79 47.8
1535107865.81 48.3
1535107875.83 48.3
1535107885.85 47.8
1535107895.87 48.3
1535107905.89 48.3
1535107915.9 49.4
1535107925.92 48.9
1535107935.93 48.9
1535107945.95 48.3
1535107955.97 48.9
1535107965.99 48.9
1535107976.02 48.3
1535107986.04 48.3
1535107996.06 48.9
1535108006.07 48.9
1535108016.1 48.3
1535108026.11 48.3
1535108036.14 48.3
1535108046.15 48.9
1535108056.17 48.3
1535108066.19 48.3
1535108076.21 48.3
1535108086.22 48.9
1535108096.24 48.9
1535108106.26 49.4
1535108116.28 49.4
1535108126.29 48.9
1535108136.3 49.4
1535108146.32 49.4
1535108156.33 49.4
1535108166.35 49.4
1535108176.36 49.9
1535108186.38 49.4
1535108196.4 49.4
1535108206.42 48.3
1535108216.44 48.9
1535108226.45 49.4
1535108236.47 49.4
1535108246.48 49.4
1535108256.51 48.3
1535108266.52 48.9
1535108276.54 49.4
1535108286.56 49.4
1535108296.57 49.4
1535108306.59 48.9
1535108316.61 48.3
1535108326.63 47.8
1535108336.65 48.3
1535108346.66 48.9
1535108356.68 47.8
1535108366.7 48.3
1535108376.72 48.3
1535108386.73 49.4
1535108396.75 49.4
