1535800009.63 49.9
1535800019.65 50.5
1535800029.67 50.5
1535800039.69 49.9
1535800049.71 49.4
1535800059.74 49.4
1535800069.76 49.4
1535800079.78 49.4
1535800089.8 49.4
1535800099.82 49.4
1535800109.84 49.4
1535800119.86 49.4
1535800129.87 49.4
1535800139.89 49.4
1535800149.92 49.4
1535800159.93 49.9
1535800169.95 49.4
1535800179.97 49.4
1535800189.99 49.9
1535800200.01 49.4
1535800210.03 49.9
1535800220.04 50.5
1535800230.06 50.5
1535800240.08 50.5
1535800250.1 49.9
1535800260.11 50.5
1535800270.13 51.0
1535800280.15 50.5
1535800290.17 50.5
1535800300.18 51.0
1535800310.2 50.5
1535800320.22 51.5
1535800330.24 50.5
1535800340.26 51.5
1535800350.27 51.5
1535800360.29 51.5
1535800370.31 50.5
1535800380.33 50.5
1535800390.36 49.4
1535800400.38 50.5
1535800410.4 50.5
1535800420.42 49.9
1535800430.44 49.9
1535800440.46 51.5
1535800450.48 50.5
1535800460.49 50.5
1535800470.5 51.5
1535800480.53 50.5
1535800490.54 50.5
1535800500.56 51.5
1535800510.58 51.5
1535800520.6 52.1
1535800530.62 51.5
1535800540.64 52.1
1535800550.65 51.5
1535800560.67 52.1
1535800570.69 52.1
1535800580.71 52.1
1535800590.72 52.1
1535800600.75 52.1
1535800610.76 52.1
1535800620.77 52.1
1535800630.79 51.5
1535800640.82 51.5
1535800650.83 52.6
1535800660.85 52.1
1535800670.87 53.2
1535800680.88 52.1
1535800690.9 52.6
1535800700.92 52.1
1535800710.93 52.1
1535800720.95 51.5
1535800730.97 52.1
1535800740.99 51.5
1535800751.01 51.5
1535800761.02 52.6
1535800771.05 52.1
1535800781.07 52.6
1535800791.08 52.1
1535800801.1 52.6
1535800811.11 52.6
1535800821.14 52.6
1535800831.15 53.2
1535800841.17 52.6
1535800851.19 53.2
1535800861.21 53.2
1535800871.22 53.2
1535800881.24 53.7
1535800891.25 52.6
1535800901.27 53.7
1535800911.29 53.7
1535800921.3 53.2
1535800931.32 53.7
1535800941.34 53.7
1535800951.36 53.7
1535800961.38 53.7
1535800971.39 53.7
1535800981.41 53.7
1535800991.42 53.7
1535801001.43 53.7
1535801011.45 53.7
1535801021.46 53.7
1535801031.48 53.7
1535801041.5 53.7
1535801051.52 54.2
1535801061.53 54.8
1535801071.55 53.7
1535801081.56 54.8
1535801091.58 53.7
1535801101.6 53.7
1535801111.61 53.7
1535801121.63 53.7
1535801131.65 53.7
1535801141.67 53.7
1535801151.69 53.7
1535801161.71 53.7
1535801171.73 54.2
1535801181.75 53.7
1535801191.77 53.2
1535801201.79 53.7
1535801211.81 52.6
1535801221.82 53.7
1535801231.85 52.6
1535801241.87 53.7
1535801251.89 53.2
1535801261.9 53.7
1535801271.92 53.2
1535801281.94 52.6
1535801291.96 52.6
1535801301.98 52.6
1535801311.99 52.6
1535801322.01 53.7
1535801332.02 53.7
1535801342.04 52.6
1535801352.06 53.2
1535801362.08 53.2
1535801372.09 52.1
1535801382.11 52.6
1535801392.13 53.2
1535801402.16 52.1
1535801412.17 53.7
1535801422.19 53.2
1535801432.21 52.6
1535801442.23 52.6
1535801452.25 53.2
1535801462.27 53.2
1535801472.29 52.6
1535801482.31 53.2
1535801492.33 52.6
1535801502.36 53.7
1535801512.37 53.7
1535801522.39 53.7
1535801532.41 53.7
1535801542.42 53.2
1535801552.43 53.2
1535801562.45 52.6
1535801572.47 52.6
1535801582.49 53.2
1535801592.51 53.2
1535801602.53 53.7
1535801612.55 53.7
1535801622.56 53.7
1535801632.58 54.2
1535801642.59 53.7
1535801652.61 53.7
1535801662.63 53.7
1535801672.64 53.7
1535801682.66 53.7
1535801692.67 53.7
1535801702.7 53.2
1535801712.72 53.7
1535801722.74 53.7
1535801732.76 53.7
1535801742.78 53.7
1535801752.81 53.7
1535801762.82 53.2
1535801772.84 53.7
1535801782.86 53.7
1535801792.88 53.7
1535801802.9 53.7
1535801812.92 54.2
1535801822.94 53.7
1535801832.96 53.7
1535801842.97 53.7
1535801852.99 53.7
1535801863.01 53.7
1535801873.03 53.7
1535801883.05 53.7
1535801893.07 53.7
1535801903.09 53.7
1535801913.11 53.7
1535801923.13 53.7
1535801933.14 53.2
1535801943.16 53.7
1535801953.18 53.2
1535801963.2 53.7
1535801973.21 54.2
1535801983.23 53.7
1535801993.25 53.7
1535802003.27 54.8
1535802013.29 53.7
1535802023.31 53.7
1535802033.32 53.7
1535802043.34 53.7
1535802053.36 54.2
1535802063.37 53.2
1535802073.39 54.2
1535802083.41 53.7
1535802093.42 53.7
1535802103.44 53.7
1535802113.45 54.2
1535802123.47 54.2
1535802133.48 54.8
1535802143.49 54.8
1535802153.5 53.7
1535802163.51 54.2
1535802173.52 54.8
1535802183.54 54.2
1535802193.56 54.2
1535802203.57 54.8
1535802213.59 54.8
1535802223.61 54.8
1535802233.63 54.8
1535802243.65 55.3
1535802253.67 55.3
1535802263.69 54.8
1535802273.71 55.8
1535802283.73 55.8
1535802293.74 55.3
1535802303.76 54.8
1535802313.78 55.8
1535802323.79 55.3
1535802333.81 55.8
1535802343.83 55.3
1535802353.84 55.8
1535802363.85 55.8
1535802373.87 55.8
1535802383.9 55.3
1535802393.91 55.8
1535802403.93 55.8
1535802413.95 55.8
1535802423.97 55.8
1535802433.98 55.8
1535802443.99 56.4
1535802454.0 56.4
1535802464.02 56.4
1535802474.04 55.8
1535802484.06 55.8
1535802494.07 55.8
1535802504.09 55.8
1535802514.11 55.8
1535802524.12 55.8
1535802534.14 56.4
1535802544.16 56.4
1535802554.17 55.8
1535802564.18 56.4
1535802574.2 55.8
1535802584.22 55.8
1535802594.24 55.8
1535802604.25 56.4
1535802614.26 55.8
1535802624.28 56.4
1535802634.3 56.4
1535802644.31 56.9
1535802654.33 56.4
1535802664.34 56.9
1535802674.35 56.9
1535802684.37 56.9
1535802694.39 56.4
1535802704.41 56.9
1535802714.42 56.9
1535802724.43 56.4
1535802734.45 56.9
1535802744.47 56.9
1535802754.49 56.9
1535802764.51 56.9
1535802774.53 56.9
1535802784.55 56.4
1535802794.56 56.9
1535802804.57 57.5
1535802814.59 56.9
1535802824.61 56.9
1535802834.62 56.9
1535802844.64 57.5
1535802854.66 56.9
1535802864.67 56.9
1535802874.68 58.0
1535802884.7 56.9
1535802894.71 56.9
1535802904.73 56.9
1535802914.75 57.5
1535802924.77 58.0
1535802934.79 57.5
1535802944.8 57.5
1535802954.82 56.9
1535802964.84 58.0
1535802974.86 57.5
1535802984.87 56.9
1535802994.89 58.0
1535803004.9 56.9
1535803014.92 56.9
1535803024.94 57.5
1535803034.96 57.5
1535803044.98 58.0
1535803054.99 56.9
1535803065.01 56.9
1535803075.02 57.5
1535803085.04 56.9
1535803095.06 56.9
1535803105.08 58.0
1535803115.1 56.9
1535803125.12 58.0
1535803135.13 57.5
1535803145.16 56.9
1535803155.17 57.5
1535803165.18 56.9
1535803175.2 56.4
1535803185.22 56.4
1535803195.23 57.5
1535803205.24 59.1
1535803215.26 57.5
1535803225.28 57.5
1535803235.29 58.0
1535803245.31 58.0
1535803255.33 56.9
1535803265.34 57.5
1535803275.36 56.9
1535803285.38 56.9
1535803295.4 56.9
1535803305.42 56.9
1535803315.43 56.4
1535803325.45 56.4
1535803335.47 56.9
1535803345.5 56.9
1535803355.52 56.4
1535803365.53 56.9
1535803375.54 55.8
1535803385.56 56.9
1535803395.57 56.9
1535803405.58 56.4
1535803415.61 56.4
1535803425.62 56.9
1535803435.64 56.4
1535803445.65 56.9
1535803455.67 56.4
1535803465.68 56.9
1535803475.7 56.9
1535803485.71 55.8
1535803495.73 56.9
1535803505.74 56.4
1535803515.76 56.4
1535803525.79 56.9
1535803535.81 56.4
1535803545.82 56.4
1535803555.84 56.4
1535803565.87 56.4
1535803575.89 55.8
1535803585.91 55.8
1535803595.92 56.4
1535803605.93 55.8
1535803615.95 55.3
1535803625.98 55.8
1535803636.0 55.3
1535803646.01 55.8
1535803656.03 55.8
1535803666.04 54.8
1535803676.06 54.8
1535803686.08 55.3
1535803696.11 55.3
1535803706.12 55.8
1535803716.13 55.8
1535803726.14 56.4
1535803736.16 54.8
1535803746.18 54.8
1535803756.2 54.8
1535803766.22 54.8
1535803776.23 54.8
1535803786.25 55.3
1535803796.26 54.8
1535803806.28 55.8
1535803816.29 55.3
1535803826.3 55.3
1535803836.32 55.3
1535803846.35 54.8
1535803856.37 55.8
1535803866.4 54.8
1535803876.42 54.8
1535803886.43 54.8
1535803896.45 54.8
1535803906.47 53.7
1535803916.49 54.2
1535803926.51 54.2
1535803936.53 54.8
1535803946.54 54.8
1535803956.57 54.8
1535803966.58 53.7
1535803976.6 54.2
1535803986.62 54.8
1535803996.65 55.8
1535804006.67 54.8
1535804016.69 54.8
1535804026.7 55.3
1535804036.73 54.8
1535804046.74 54.8
1535804056.76 54.2
1535804066.78 54.8
1535804076.79 55.3
1535804086.81 55.8
1535804096.82 55.8
1535804106.84 54.8
1535804116.85 55.3
1535804126.87 55.8
1535804136.89 55.8
1535804146.9 55.8
1535804156.92 55.8
1535804166.93 56.4
1535804176.95 56.4
1535804186.97 55.3
1535804196.99 55.8
1535804207.01 55.8
1535804217.03 55.8
1535804227.05 56.4
1535804237.07 55.8
1535804247.08 56.4
1535804257.1 55.8
1535804267.12 56.4
1535804277.13 55.8
1535804287.15 55.8
1535804297.15 56.4
1535804307.17 56.4
1535804317.19 55.8
1535804327.2 56.4
1535804337.22 56.4
1535804347.24 56.4
1535804357.27 56.4
1535804367.28 56.4
1535804377.3 56.9
1535804387.32 55.8
1535804397.35 55.8
1535804407.36 56.4
1535804417.38 56.4
1535804427.4 55.8
1535804437.42 56.4
1535804447.43 56.4
1535804457.45 56.9
1535804467.46 56.4
1535804477.47 56.4
1535804487.49 56.9
1535804497.51 56.9
1535804507.52 57.5
1535804517.54 56.4
1535804527.56 56.4
1535804537.58 56.9
1535804547.59 57.5
1535804557.61 56.9
1535804567.62 57.5
1535804577.63 56.9
1535804587.64 58.0
1535804597.66 57.5
1535804607.68 57.5
1535804617.69 57.5
1535804627.71 58.0
1535804637.72 58.0
1535804647.74 56.9
1535804657.76 58.0
1535804667.77 56.9
1535804677.78 58.0
1535804687.8 56.9
1535804697.82 56.9
1535804707.83 58.0
1535804717.85 57.5
1535804727.86 58.0
1535804737.87 58.0
1535804747.89 58.5
1535804757.9 58.0
1535804767.92 58.0
1535804777.93 58.0
1535804787.96 58.0
1535804797.97 56.9
1535804807.99 58.0
1535804818.01 58.0
1535804828.03 58.5
1535804838.04 58.5
1535804848.06 58.0
1535804858.07 58.0
1535804868.09 58.5
1535804878.1 58.5
1535804888.11 58.0
1535804898.13 58.0
1535804908.14 58.0
1535804918.15 58.0
1535804928.17 58.5
1535804938.18 58.0
1535804948.2 58.0
1535804958.21 57.5
1535804968.22 59.1
1535804978.24 58.5
1535804988.26 58.0
1535804998.28 58.0
1535805008.29 58.0
1535805018.31 58.0
1535805028.33 58.0
1535805038.34 58.0
1535805048.36 58.0
1535805058.37 58.0
1535805068.39 56.9
1535805078.4 58.0
1535805088.42 57.5
1535805098.44 58.0
1535805108.45 58.0
1535805118.47 56.9
1535805128.49 56.9
1535805138.5 58.0
1535805148.52 58.0
1535805158.53 58.0
1535805168.61 58.0
1535805178.64 57.5
1535805188.66 56.9
1535805198.67 56.9
1535805208.69 57.5
1535805218.71 56.9
1535805228.72 56.9
1535805238.74 56.9
1535805248.75 56.9
1535805258.77 56.4
1535805268.79 57.5
1535805278.81 56.4
1535805288.83 56.4
1535805298.84 56.9
1535805308.86 56.4
1535805318.88 56.9
1535805328.9 57.5
1535805338.91 58.0
1535805348.93 56.9
1535805358.95 56.9
1535805368.97 56.9
1535805378.98 56.9
1535805389.0 56.4
1535805399.02 56.9
1535805409.04 57.5
1535805419.06 56.9
1535805429.08 57.5
1535805439.1 56.9
1535805449.12 57.5
1535805459.14 56.9
1535805469.16 58.0
1535805479.18 58.0
1535805489.2 58.0
1535805499.22 57.5
1535805509.24 57.5
1535805519.26 58.0
1535805529.28 57.5
1535805539.3 57.5
1535805549.32 57.5
1535805559.34 57.5
1535805569.36 58.0
1535805579.38 56.9
1535805589.4 56.9
1535805599.42 57.5
1535805609.43 57.5
1535805619.45 56.9
1535805629.47 56.9
1535805639.48 57.5
1535805649.5 57.5
1535805659.52 57.5
1535805669.54 57.5
1535805679.56 56.9
1535805689.58 56.9
1535805699.59 58.0
1535805709.62 57.5
1535805719.63 58.0
1535805729.65 58.0
1535805739.67 56.9
1535805749.69 58.0
1535805759.71 58.0
1535805769.73 58.0
1535805779.74 58.0
1535805789.76 58.5
1535805799.78 57.5
1535805809.8 58.0
1535805819.81 58.0
1535805829.83 58.0
1535805839.85 58.5
1535805849.87 58.0
1535805859.88 58.0
1535805869.9 58.0
1535805879.92 58.5
1535805889.93 58.0
1535805899.95 58.5
1535805909.96 58.5
1535805919.98 58.5
1535805930.0 58.5
1535805940.02 58.5
1535805950.03 59.1
1535805960.05 58.0
1535805970.07 59.1
1535805980.09 59.1
1535805990.11 58.0
1535806000.13 58.5
1535806010.15 58.5
1535806020.16 58.5
1535806030.18 58.5
1535806040.2 58.0
1535806050.21 59.1
1535806060.23 58.5
1535806070.24 59.1
1535806080.25 58.0
1535806090.27 58.0
1535806100.29 58.0
1535806110.31 58.0
1535806120.32 58.0
1535806130.34 58.5
1535806140.36 59.1
1535806150.38 58.5
1535806160.39 58.0
1535806170.41 58.5
1535806180.43 58.5
1535806190.44 58.0
1535806200.45 58.0
1535806210.47 59.1
1535806220.49 58.5
1535806230.5 58.0
1535806240.52 58.5
1535806250.53 58.5
1535806260.55 58.5
1535806270.57 58.0
1535806280.59 56.9
1535806290.6 58.0
1535806300.62 58.0
1535806310.64 57.5
1535806320.66 57.5
1535806330.67 58.0
1535806340.69 58.0
1535806350.71 58.0
1535806360.72 58.5
1535806370.74 58.0
1535806380.75 58.5
1535806390.77 58.5
1535806400.78 58.0
1535806410.79 58.0
1535806420.81 58.0
1535806430.83 56.9
1535806440.85 58.0
1535806450.86 58.0
1535806460.89 58.5
1535806470.9 58.0
1535806480.94 58.0
1535806490.95 58.0
1535806500.97 58.0
1535806510.99 58.0
1535806521.01 58.0
1535806531.02 58.0
1535806541.04 58.0
1535806551.05 58.0
1535806561.08 58.0
1535806571.1 58.0
1535806581.11 58.0
1535806591.13 58.0
1535806601.15 56.9
1535806611.16 58.0
1535806621.19 58.0
1535806631.2 58.5
1535806641.22 58.0
1535806651.24 58.5
1535806661.26 58.5
1535806671.27 58.0
1535806681.29 58.0
1535806691.31 58.0
1535806701.33 58.0
1535806711.35 58.0
1535806721.35 58.0
1535806731.37 59.1
1535806741.39 58.0
1535806751.4 58.0
1535806761.42 58.5
1535806771.43 58.5
1535806781.45 58.0
1535806791.46 58.0
1535806801.5 57.5
