1535400008.76 79.0
1535400018.77 77.4
1535400028.79 76.8
1535400038.81 76.3
1535400048.82 76.3
1535400058.85 76.3
1535400068.86 76.3
1535400078.89 75.2
1535400088.91 75.2
1535400098.93 75.2
1535400108.96 75.8
1535400118.98 75.2
1535400129.0 75.2
1535400139.01 75.8
1535400149.04 75.2
1535400159.06 75.8
1535400169.07 76.8
1535400179.08 75.8
1535400189.1 76.3
1535400199.11 76.3
1535400209.14 76.3
1535400219.15 76.3
1535400229.17 76.8
1535400239.18 76.3
1535400249.2 76.8
1535400259.21 76.8
1535400269.24 75.2
1535400279.25 75.8
1535400289.27 76.3
1535400299.28 76.8
1535400309.3 76.8
1535400319.31 76.3
1535400329.33 77.4
1535400339.35 76.8
1535400349.37 77.4
1535400359.38 77.4
1535400369.4 77.4
1535400379.42 76.8
1535400389.44 76.3
1535400399.46 77.4
1535400409.47 77.4
1535400419.49 77.4
1535400429.52 76.8
1535400439.54 75.8
1535400449.56 76.8
1535400459.58 76.8
1535400469.6 76.8
1535400479.62 76.3
1535400489.64 77.4
1535400499.66 76.3
1535400509.67 76.3
1535400519.69 76.3
1535400529.71 76.3
1535400539.73 76.8
1535400549.75 76.8
1535400559.76 76.3
1535400569.78 75.8
1535400579.79 77.4
1535400589.81 76.8
1535400599.83 77.4
1535400609.84 77.4
1535400619.87 76.3
1535400629.88 77.4
1535400639.89 76.8
1535400649.91 77.4
1535400659.93 76.3
1535400669.94 76.3
1535400679.95 76.3
1535400689.97 76.3
1535400699.98 76.8
1535400710.01 75.8
1535400720.02 75.8
1535400730.03 76.8
1535400740.05 76.3
1535400750.07 75.8
1535400760.08 76.3
1535400770.1 76.3
1535400780.12 75.8
1535400790.14 76.3
1535400800.15 76.3
1535400810.17 76.3
1535400820.19 76.3
1535400830.2 76.3
1535400840.21 76.3
1535400850.23 76.3
1535400860.25 76.3
1535400870.27 75.2
1535400880.28 76.3
1535400890.3 75.2
1535400900.31 75.8
1535400910.33 75.8
1535400920.35 75.2
1535400930.37 75.8
1535400940.38 76.3
1535400950.4 75.2
1535400960.41 75.8
1535400970.43 75.2
1535400980.45 75.2
1535400990.46 75.8
1535401000.48 75.2
1535401010.5 75.2
1535401020.52 75.8
1535401030.53 75.2
1535401040.54 75.8
1535401050.56 75.2
1535401060.58 75.2
1535401070.59 75.2
1535401080.61 75.2
1535401090.63 75.2
1535401100.64 75.8
1535401110.66 75.2
1535401120.67 75.2
1535401130.69 75.2
1535401140.71 75.8
1535401150.73 75.2
1535401160.74 75.2
1535401170.76 75.2
1535401180.78 75.2
1535401190.8 75.2
1535401200.82 74.1
1535401210.84 75.2
1535401220.85 75.2
1535401230.87 75.2
1535401240.88 75.2
1535401250.9 75.2
1535401260.92 75.8
1535401270.93 75.2
1535401280.95 74.1
1535401290.97 74.1
1535401300.98 75.2
1535401311.0 75.2
1535401321.02 74.1
1535401331.04 75.2
1535401341.06 75.2
1535401351.07 75.2
1535401361.09 74.7
1535401371.11 74.7
1535401381.13 74.7
1535401391.15 74.7
1535401401.16 74.1
1535401411.18 75.2
1535401421.2 74.1
1535401431.22 74.1
1535401441.23 75.2
1535401451.25 75.2
1535401461.27 74.7
1535401471.28 74.7
1535401481.3 74.7
1535401491.32 74.7
1535401501.33 74.7
1535401511.35 73.6
1535401521.37 74.7
1535401531.39 74.1
1535401541.4 74.1
1535401551.42 73.6
1535401561.44 74.1
1535401571.46 73.6
1535401581.48 74.1
1535401591.51 74.1
1535401601.53 73.6
1535401611.54 74.1
1535401621.56 74.1
1535401631.58 73.6
1535401641.59 73.6
1535401651.61 74.1
1535401661.63 73.1
1535401671.65 73.1
1535401681.66 73.6
1535401691.69 73.1
1535401701.7 73.6
1535401711.71 73.6
1535401721.73 73.1
1535401731.75 73.6
1535401741.76 73.1
1535401751.78 73.1
1535401761.79 73.1
1535401771.81 73.1
1535401781.83 72.0
1535401791.85 72.5
1535401801.86 70.9
1535401811.88 72.0
1535401821.9 73.1
1535401831.92 72.5
1535401841.94 72.0
1535401851.95 72.5
1535401861.97 72.0
1535401871.99 72.0
1535401882.01 72.0
1535401892.02 72.0
1535401902.04 72.5
1535401912.05 71.4
1535401922.07 71.4
1535401932.08 71.4
1535401942.1 72.5
1535401952.12 72.0
1535401962.13 72.0
1535401972.16 70.9
1535401982.18 71.4
1535401992.2 70.4
1535402002.21 70.9
1535402012.23 69.8
1535402022.24 70.4
1535402032.26 70.9
1535402042.28 70.9
1535402052.28 71.4
1535402062.3 71.4
1535402072.32 70.9
1535402082.34 70.9
1535402092.35 71.4
1535402102.37 70.9
1535402112.39 70.4
1535402122.41 69.8
1535402132.43 70.4
1535402142.45 69.8
1535402152.47 70.4
1535402162.49 70.4
1535402172.5 69.8
1535402182.52 69.3
1535402192.54 69.3
1535402202.56 69.3
1535402212.58 69.3
1535402222.59 69.8
1535402232.6 69.3
1535402242.62 69.3
1535402252.64 69.3
1535402262.66 69.3
1535402272.68 68.8
1535402282.7 68.8
1535402292.72 68.8
1535402302.74 69.3
1535402312.75 69.3
1535402322.77 68.8
1535402332.78 68.8
1535402342.8 68.8
1535402352.81 69.3
1535402362.83 68.8
1535402372.85 69.3
1535402382.86 69.8
1535402392.87 68.8
1535402402.89 68.8
1535402412.9 69.8
1535402422.92 69.3
1535402432.94 69.3
1535402442.95 69.8
1535402452.97 69.8
1535402462.98 69.8
1535402473.0 69.8
1535402483.02 70.4
1535402493.05 69.8
1535402503.07 70.4
1535402513.08 70.4
1535402523.1 69.8
1535402533.12 69.8
1535402543.14 69.8
1535402553.15 69.8
1535402563.17 70.9
1535402573.19 70.9
1535402583.2 70.4
1535402593.21 70.4
1535402603.22 70.9
1535402613.24 70.9
1535402623.26 70.4
1535402633.28 70.9
1535402643.3 70.4
1535402653.31 70.9
1535402663.32 70.9
1535402673.33 70.4
1535402683.34 70.4
1535402693.36 70.9
1535402703.38 70.9
1535402713.39 70.9
1535402723.4 71.4
1535402733.42 70.9
1535402743.43 70.9
1535402753.45 70.9
1535402763.47 71.4
1535402773.48 71.4
1535402783.49 70.9
1535402793.51 70.9
1535402803.52 70.9
1535402813.53 70.4
1535402823.55 70.9
1535402833.57 70.9
1535402843.58 70.9
1535402853.59 70.9
1535402863.61 70.9
1535402873.62 70.9
1535402883.63 70.9
1535402893.65 72.0
1535402903.66 71.4
1535402913.67 70.9
1535402923.68 71.4
1535402933.69 71.4
1535402943.71 70.9
1535402953.73 71.4
1535402963.74 71.4
1535402973.75 71.4
1535402983.77 72.0
1535402993.79 71.4
1535403003.8 72.0
1535403013.82 71.4
1535403023.84 72.0
1535403033.85 71.4
1535403043.87 70.9
1535403053.88 72.0
1535403063.9 70.9
1535403073.92 70.9
1535403083.93 71.4
1535403093.95 70.9
1535403103.97 71.4
1535403113.98 70.9
1535403123.99 71.4
1535403134.01 72.0
1535403144.02 70.9
1535403154.04 70.9
1535403164.05 71.4
1535403174.06 71.4
1535403184.09 72.0
1535403194.1 72.0
1535403204.12 72.0
1535403214.13 71.4
1535403224.15 70.9
1535403234.16 70.9
1535403244.18 70.9
1535403254.2 71.4
1535403264.22 70.4
1535403274.23 70.9
1535403284.25 70.9
1535403294.27 70.9
1535403304.28 71.4
1535403314.29 70.9
1535403324.31 71.4
1535403334.32 70.9
1535403344.34 70.9
1535403354.36 70.9
1535403364.38 70.9
1535403374.39 71.4
1535403384.41 70.9
1535403394.42 70.9
1535403404.44 70.9
1535403414.45 70.9
1535403424.47 70.9
1535403434.49 70.9
1535403444.5 71.4
1535403454.52 70.4
1535403464.54 70.9
1535403474.56 70.9
1535403484.58 70.9
1535403494.6 70.9
1535403504.62 71.4
1535403514.64 70.9
1535403524.65 71.4
1535403534.67 71.4
1535403544.69 72.0
1535403554.7 72.0
1535403564.72 72.0
1535403574.74 71.4
1535403584.76 70.9
1535403594.77 71.4
