1535700004.66 51.0
1535700014.68 52.1
1535700024.7 51.5
1535700034.72 51.5
1535700044.74 51.0
1535700054.76 51.5
1535700064.78 51.0
1535700074.8 52.1
1535700084.83 51.5
1535700094.85 51.5
1535700104.87 52.1
1535700114.89 51.0
1535700124.91 51.5
1535700134.93 51.5
1535700144.95 50.5
1535700154.97 51.0
1535700164.99 51.5
1535700175.01 50.5
1535700185.03 51.5
1535700195.05 51.5
1535700205.07 51.5
1535700215.09 50.5
1535700225.11 51.5
1535700235.13 51.5
1535700245.15 50.5
1535700255.18 51.5
1535700265.2 50.5
1535700275.21 51.0
1535700285.22 51.5
1535700295.25 51.5
1535700305.26 51.0
1535700315.28 50.5
1535700325.3 51.0
1535700335.32 50.5
1535700345.34 51.0
1535700355.36 50.5
1535700365.38 52.1
1535700375.4 51.5
1535700385.42 51.5
1535700395.44 51.5
1535700405.45 51.0
1535700415.48 51.0
1535700425.49 51.5
1535700435.51 51.0
1535700445.53 51.0
1535700455.55 51.5
1535700465.57 50.5
1535700475.59 51.5
1535700485.61 52.1
1535700495.62 51.5
1535700505.64 51.5
1535700515.66 51.5
1535700525.69 51.0
1535700535.71 51.0
1535700545.73 50.5
1535700555.74 51.5
1535700565.76 51.5
1535700575.78 51.5
1535700585.81 51.5
1535700595.82 51.5
1535700605.84 51.5
1535700615.87 51.0
1535700625.89 50.5
1535700635.92 51.5
1535700645.94 50.5
1535700655.95 52.1
1535700665.97 50.5
1535700676.0 51.5
1535700686.01 51.5
1535700696.04 50.5
1535700706.06 50.5
1535700716.07 50.5
1535700726.09 51.0
1535700736.11 51.5
1535700746.13 51.5
1535700756.16 51.5
1535700766.18 51.0
1535700776.21 50.5
1535700786.23 51.5
1535700796.24 51.5
1535700806.26 51.5
1535700816.28 51.5
1535700826.3 51.5
1535700836.32 51.0
1535700846.34 50.5
1535700856.37 51.5
1535700866.39 51.0
1535700876.41 50.5
1535700886.43 51.5
1535700896.45 50.5
1535700906.47 50.5
1535700916.49 50.5
1535700926.52 50.5
1535700936.54 50.5
1535700946.56 50.5
1535700956.58 50.5
1535700966.6 51.0
1535700976.62 51.0
1535700986.64 50.5
1535700996.66 51.5
1535701006.68 51.5
1535701016.7 50.5
1535701026.72 51.0
1535701036.75 51.0
1535701046.77 51.0
1535701056.79 51.0
1535701066.81 50.5
1535701076.83 50.5
1535701086.85 50.5
1535701096.87 50.5
1535701106.89 51.0
1535701116.91 50.5
1535701126.93 49.9
1535701136.95 50.5
1535701146.97 50.5
1535701156.99 50.5
1535701167.01 50.5
1535701177.03 49.9
1535701187.05 50.5
1535701197.07 49.9
1535701207.1 50.5
1535701217.12 49.9
1535701227.14 50.5
1535701237.15 51.0
1535701247.17 51.0
1535701257.19 50.5
1535701267.22 50.5
1535701277.24 50.5
1535701287.26 51.5
1535701297.28 50.5
1535701307.3 50.5
1535701317.31 51.5
1535701327.34 50.5
1535701337.36 50.5
1535701347.38 50.5
1535701357.4 51.0
1535701367.42 50.5
1535701377.44 50.5
1535701387.46 50.5
1535701397.48 50.5
1535701407.5 49.9
1535701417.52 50.5
1535701427.54 50.5
1535701437.56 50.5
1535701447.59 52.1
1535701457.61 51.5
1535701467.62 51.5
1535701477.64 50.5
1535701487.66 51.0
1535701497.68 51.5
1535701507.7 51.5
1535701517.71 51.5
1535701527.73 50.5
1535701537.75 51.5
1535701547.77 50.5
1535701557.79 51.5
1535701567.8 52.1
1535701577.82 51.5
1535701587.85 51.5
1535701597.87 51.0
1535701607.89 51.0
1535701617.9 50.5
1535701627.92 52.1
1535701637.93 52.1
1535701647.95 51.0
1535701657.97 51.5
1535701667.99 51.0
1535701678.01 51.5
1535701688.02 51.5
1535701698.04 51.0
1535701708.06 50.5
1535701718.08 51.0
1535701728.1 50.5
1535701738.12 51.5
1535701748.14 51.5
1535701758.16 51.0
1535701768.17 51.0
1535701778.2 50.5
1535701788.22 51.0
1535701798.24 50.5
1535701808.26 51.0
1535701818.28 50.5
1535701828.3 50.5
1535701838.32 50.5
1535701848.34 50.5
1535701858.36 51.5
1535701868.37 51.0
1535701878.39 50.5
1535701888.41 50.5
1535701898.44 50.5
1535701908.46 52.1
1535701918.48 50.5
1535701928.5 50.5
1535701938.52 50.5
1535701948.53 51.0
1535701958.55 49.9
1535701968.57 51.0
1535701978.59 51.0
1535701988.6 51.0
1535701998.62 51.0
1535702008.65 50.5
1535702018.66 51.5
1535702028.68 51.5
1535702038.7 50.5
1535702048.71 51.5
1535702058.74 50.5
1535702068.76 50.5
1535702078.78 50.5
1535702088.8 50.5
1535702098.82 50.5
1535702108.84 49.9
1535702118.86 50.5
1535702128.88 50.5
1535702138.9 50.5
1535702148.93 49.9
1535702158.95 50.5
1535702168.97 50.5
1535702178.99 50.5
1535702189.01 49.9
1535702199.03 50.5
1535702209.05 50.5
1535702219.07 50.5
1535702229.09 49.9
1535702239.11 50.5
1535702249.13 50.5
1535702259.15 50.5
1535702269.16 51.0
1535702279.18 50.5
1535702289.2 50.5
1535702299.22 50.5
1535702309.24 50.5
1535702319.26 51.0
1535702329.28 50.5
1535702339.3 49.4
1535702349.31 50.5
1535702359.32 50.5
1535702369.34 50.5
1535702379.36 49.9
1535702389.38 49.9
1535702399.4 50.5
1535702409.42 53.7
1535702419.44 50.5
1535702429.46 50.5
1535702439.48 50.5
1535702449.5 50.5
1535702459.52 49.9
1535702469.54 50.5
1535702479.56 50.5
1535702489.57 50.5
1535702499.6 50.5
1535702509.61 51.5
1535702519.62 51.5
1535702529.65 50.5
1535702539.66 50.5
1535702549.68 49.9
1535702559.7 49.9
1535702569.71 50.5
1535702579.73 50.5
1535702589.75 49.9
1535702599.77 50.5
1535702609.79 50.5
1535702619.81 50.5
1535702629.82 50.5
1535702639.84 50.5
1535702649.86 50.5
1535702659.88 51.5
1535702669.9 50.5
1535702679.92 51.0
1535702689.94 50.5
1535702699.96 50.5
1535702709.98 50.5
1535702719.99 51.0
1535702730.01 50.5
1535702740.03 49.4
1535702750.05 50.5
1535702760.07 50.5
1535702770.09 49.9
1535702780.11 50.5
1535702790.13 50.5
1535702800.15 50.5
1535702810.17 50.5
1535702820.19 50.5
1535702830.21 50.5
1535702840.24 50.5
1535702850.26 50.5
1535702860.27 51.5
1535702870.29 50.5
1535702880.31 51.5
1535702890.33 50.5
1535702900.35 50.5
1535702910.37 51.0
1535702920.39 50.5
1535702930.41 50.5
1535702940.42 50.5
1535702950.44 50.5
1535702960.46 49.9
1535702970.48 51.5
1535702980.5 49.9
1535702990.52 50.5
1535703000.54 50.5
1535703010.56 50.5
1535703020.58 50.5
1535703030.6 50.5
1535703040.62 50.5
1535703050.64 51.0
1535703060.66 50.5
1535703070.68 50.5
1535703080.7 50.5
1535703090.72 49.9
1535703100.74 50.5
1535703110.76 49.9
1535703120.78 50.5
1535703130.8 49.9
1535703140.82 50.5
1535703150.84 49.9
1535703160.86 50.5
1535703170.87 50.5
1535703180.89 51.0
1535703190.91 51.0
1535703200.93 50.5
1535703210.95 50.5
1535703220.97 50.5
1535703230.99 50.5
1535703241.01 50.5
1535703251.03 50.5
1535703261.04 51.0
1535703271.06 49.9
1535703281.08 50.5
1535703291.1 49.9
1535703301.12 50.5
1535703311.14 51.0
1535703321.15 50.5
1535703331.17 51.5
1535703341.18 50.5
1535703351.19 50.5
1535703361.22 49.9
1535703371.24 50.5
1535703381.26 50.5
1535703391.27 50.5
1535703401.29 50.5
1535703411.31 50.5
1535703421.32 50.5
1535703431.34 50.5
1535703441.36 50.5
1535703451.38 50.5
1535703461.4 51.0
1535703471.42 50.5
1535703481.44 50.5
1535703491.46 50.5
1535703501.48 51.0
1535703511.5 50.5
1535703521.52 51.0
1535703531.54 50.5
1535703541.56 49.9
1535703551.58 50.5
1535703561.6 50.5
1535703571.62 50.5
1535703581.64 51.0
1535703591.66 50.5
1535703601.69 49.9
1535703611.7 50.5
1535703621.72 49.4
1535703631.74 49.9
1535703641.76 50.5
1535703651.79 50.5
1535703661.81 51.0
1535703671.83 49.9
1535703681.85 49.9
1535703691.87 51.0
1535703701.89 50.5
1535703711.91 49.9
1535703721.92 50.5
1535703731.94 49.4
1535703741.96 49.4
1535703751.98 51.0
1535703762.0 50.5
1535703772.02 49.9
1535703782.04 49.9
1535703792.06 50.5
1535703802.08 50.5
1535703812.1 50.5
1535703822.12 49.9
1535703832.14 50.5
1535703842.17 50.5
1535703852.19 50.5
1535703862.21 50.5
1535703872.23 49.9
1535703882.25 50.5
1535703892.28 51.0
1535703902.3 49.9
1535703912.32 49.9
1535703922.34 49.9
1535703932.35 50.5
1535703942.37 49.9
1535703952.39 50.5
1535703962.41 50.5
1535703972.43 50.5
1535703982.45 50.5
1535703992.47 50.5
1535704002.49 50.5
1535704012.51 50.5
1535704022.53 50.5
1535704032.55 50.5
1535704042.57 50.5
1535704052.59 50.5
1535704062.61 51.5
1535704072.63 51.0
1535704082.65 50.5
1535704092.67 50.5
1535704102.69 49.9
1535704112.71 51.0
1535704122.74 50.5
1535704132.75 51.0
1535704142.76 51.5
1535704152.78 50.5
1535704162.81 50.5
1535704172.83 50.5
1535704182.84 51.5
1535704192.87 51.5
1535704202.89 51.0
1535704212.91 50.5
1535704222.94 50.5
1535704232.96 50.5
1535704242.98 50.5
1535704253.0 50.5
1535704263.02 51.0
1535704273.04 51.5
1535704283.06 50.5
1535704293.08 51.5
1535704303.1 51.0
1535704313.12 51.0
1535704323.14 52.1
1535704333.17 50.5
1535704343.19 50.5
1535704353.2 51.0
1535704363.22 50.5
1535704373.24 51.5
1535704383.26 51.5
1535704393.28 51.5
1535704403.3 50.5
1535704413.32 50.5
1535704423.34 50.5
1535704433.35 50.5
1535704443.38 49.9
1535704453.4 50.5
1535704463.41 51.5
1535704473.43 51.5
1535704483.45 51.5
1535704493.47 50.5
1535704503.48 50.5
1535704513.5 51.0
1535704523.52 51.5
1535704533.54 51.5
1535704543.55 52.1
1535704553.57 50.5
1535704563.6 50.5
1535704573.61 51.0
1535704583.65 50.5
1535704593.66 51.5
1535704603.68 50.5
1535704613.7 50.5
1535704623.72 51.5
1535704633.74 51.0
1535704643.75 52.1
1535704653.77 51.5
1535704663.79 50.5
1535704673.81 51.0
1535704683.83 50.5
1535704693.85 50.5
1535704703.87 50.5
1535704713.9 50.5
1535704723.91 51.5
1535704733.93 51.0
1535704743.95 50.5
1535704753.96 50.5
1535704763.97 51.5
1535704773.99 51.5
1535704784.01 51.5
1535704794.03 51.0
1535704804.05 50.5
1535704814.06 51.5
1535704824.09 50.5
1535704834.11 50.5
1535704844.13 50.5
1535704854.16 50.5
1535704864.18 51.5
1535704874.2 50.5
1535704884.22 51.5
1535704894.23 51.5
1535704904.25 50.5
1535704914.28 50.5
1535704924.28 51.5
1535704934.3 50.5
1535704944.33 50.5
1535704954.35 52.1
1535704964.37 50.5
1535704974.39 51.0
1535704984.41 50.5
1535704994.43 50.5
1535705004.45 50.5
1535705014.47 50.5
1535705024.49 50.5
1535705034.51 50.5
1535705044.54 50.5
1535705054.56 50.5
1535705064.58 50.5
1535705074.6 49.9
1535705084.62 50.5
1535705094.64 50.5
1535705104.66 50.5
1535705114.68 49.9
1535705124.71 50.5
1535705134.73 49.4
1535705144.75 49.9
1535705154.76 50.5
1535705164.79 50.5
1535705174.81 49.9
1535705184.82 50.5
1535705194.84 49.9
1535705204.86 50.5
1535705214.89 49.9
1535705224.91 50.5
1535705234.93 49.9
1535705244.95 50.5
1535705254.97 51.5
1535705264.99 50.5
1535705275.01 50.5
1535705285.03 50.5
1535705295.04 50.5
1535705305.06 49.9
1535705315.09 49.9
1535705325.11 50.5
1535705335.13 50.5
1535705345.15 49.9
1535705355.17 49.9
1535705365.19 50.5
1535705375.21 49.9
1535705385.22 51.5
1535705395.23 50.5
1535705405.25 49.4
1535705415.28 49.9
1535705425.29 50.5
1535705435.31 50.5
1535705445.33 50.5
1535705455.35 50.5
1535705465.37 50.5
1535705475.39 50.5
1535705485.41 50.5
1535705495.42 50.5
1535705505.44 50.5
1535705515.47 50.5
1535705525.48 50.5
1535705535.51 50.5
1535705545.52 50.5
1535705555.54 49.9
1535705565.55 51.0
1535705575.57 49.9
1535705585.59 51.0
1535705595.6 50.5
1535705605.62 51.5
1535705615.64 50.5
1535705625.66 50.5
1535705635.68 50.5
1535705645.69 51.0
1535705655.71 49.9
1535705665.73 51.0
1535705675.75 50.5
1535705685.77 51.5
1535705695.79 50.5
1535705705.81 50.5
1535705715.83 50.5
1535705725.85 51.0
1535705735.86 51.5
1535705745.89 50.5
1535705755.9 50.5
1535705765.93 51.5
1535705775.94 50.5
1535705785.96 50.5
1535705795.98 51.0
1535705805.99 51.0
1535705816.01 51.5
1535705826.03 50.5
1535705836.05 51.0
1535705846.07 50.5
1535705856.09 51.0
1535705866.11 50.5
1535705876.13 51.5
1535705886.15 50.5
1535705896.18 50.5
1535705906.2 50.5
1535705916.22 51.5
1535705926.24 50.5
1535705936.26 50.5
1535705946.28 51.0
1535705956.3 50.5
1535705966.32 50.5
1535705976.33 51.0
1535705986.36 50.5
1535705996.36 51.5
1535706006.38 51.5
1535706016.39 51.5
1535706026.41 50.5
1535706036.44 51.0
1535706046.46 50.5
1535706056.47 51.5
1535706066.49 50.5
1535706076.51 50.5
1535706086.53 50.5
1535706096.55 49.4
1535706106.57 50.5
1535706116.59 50.5
1535706126.61 50.5
1535706136.63 50.5
1535706146.65 50.5
1535706156.67 50.5
1535706166.69 51.5
1535706176.71 50.5
1535706186.73 50.5
1535706196.75 50.5
1535706206.77 50.5
1535706216.79 51.0
1535706226.81 50.5
1535706236.83 50.5
1535706246.84 50.5
1535706256.87 50.5
1535706266.89 49.9
1535706276.9 50.5
1535706286.92 50.5
1535706296.94 49.9
1535706306.97 49.9
1535706316.99 49.4
1535706327.02 49.9
1535706337.04 49.9
1535706347.06 50.5
1535706357.08 49.9
1535706367.1 50.5
1535706377.12 49.4
1535706387.14 49.9
1535706397.17 51.0
1535706407.18 50.5
1535706417.2 51.0
1535706427.21 50.5
1535706437.23 50.5
1535706447.25 50.5
1535706457.26 51.5
1535706467.28 51.5
1535706477.3 50.5
1535706487.32 51.5
1535706497.33 51.5
1535706507.34 51.0
1535706517.36 51.0
1535706527.38 50.5
1535706537.4 51.5
1535706547.42 52.1
1535706557.44 51.0
1535706567.46 51.0
1535706577.48 50.5
1535706587.5 50.5
1535706597.52 50.5
1535706607.54 50.5
1535706617.56 50.5
1535706627.57 51.5
1535706637.6 50.5
1535706647.62 50.5
1535706657.64 50.5
1535706667.66 50.5
1535706677.68 50.5
1535706687.7 50.5
1535706697.72 49.9
1535706707.73 51.0
1535706717.75 51.5
1535706727.77 50.5
1535706737.78 51.5
1535706747.81 51.5
1535706757.83 50.5
1535706767.84 52.1
1535706777.86 51.0
1535706787.88 51.0
1535706797.9 51.5
1535706807.92 51.5
1535706817.94 52.1
1535706827.96 51.5
1535706837.97 52.1
1535706847.98 52.1
1535706858.0 51.5
1535706868.02 51.5
1535706878.03 51.5
1535706888.06 51.0
1535706898.08 51.5
1535706908.09 50.5
1535706918.1 51.5
1535706928.12 51.0
1535706938.14 51.5
1535706948.16 51.5
1535706958.18 51.5
1535706968.2 52.1
1535706978.23 51.5
1535706988.25 51.5
1535706998.27 52.6
1535707008.29 50.5
1535707018.31 51.5
1535707028.33 51.5
1535707038.35 51.5
1535707048.37 51.5
1535707058.37 51.5
1535707068.39 51.5
1535707078.41 51.5
1535707088.43 51.5
1535707098.45 51.5
1535707108.47 51.5
1535707118.49 51.0
1535707128.51 51.5
1535707138.53 51.5
1535707148.54 52.1
1535707158.57 52.6
1535707168.58 52.6
1535707178.61 52.6
1535707188.63 52.1
1535707198.65 53.2
1535707208.66 52.1
1535707218.68 51.5
1535707228.7 52.1
1535707238.72 52.1
1535707248.74 52.1
1535707258.75 52.6
1535707268.77 52.1
1535707278.78 52.1
1535707288.8 52.1
1535707298.82 51.5
1535707308.84 52.1
1535707318.86 52.1
1535707328.87 51.5
1535707338.89 52.1
1535707348.91 52.1
1535707358.94 51.0
1535707368.96 51.5
1535707378.97 51.5
1535707388.99 51.5
1535707399.0 51.5
1535707409.02 52.1
1535707419.03 52.1
1535707429.06 51.5
1535707439.07 51.5
1535707449.09 52.1
1535707459.11 51.5
1535707469.13 51.5
1535707479.14 51.5
1535707489.15 52.1
1535707499.18 51.5
1535707509.19 51.5
1535707519.21 51.0
1535707529.24 51.5
1535707539.25 50.5
1535707549.27 51.5
1535707559.28 50.5
1535707569.3 51.5
1535707579.33 51.0
1535707589.34 51.0
1535707599.35 51.5
1535707609.37 51.5
1535707619.39 52.1
1535707629.41 50.5
1535707639.43 51.5
1535707649.45 51.0
1535707659.46 51.0
1535707669.49 51.0
1535707679.5 51.5
1535707689.51 52.1
1535707699.53 50.5
1535707709.56 50.5
1535707719.57 51.5
1535707729.59 51.0
1535707739.61 51.5
1535707749.63 51.5
1535707759.65 50.5
1535707769.67 51.0
1535707779.7 51.0
1535707789.72 51.5
1535707799.74 50.5
1535707809.76 50.5
1535707819.78 51.5
1535707829.8 50.5
1535707839.82 51.0
1535707849.85 51.0
1535707859.87 52.1
1535707869.89 51.5
1535707879.91 50.5
1535707889.93 51.5
1535707899.95 51.5
1535707909.96 51.0
1535707919.98 51.5
1535707930.0 51.0
1535707940.02 50.5
1535707950.03 51.5
1535707960.04 52.1
1535707970.05 51.5
1535707980.06 52.6
1535707990.07 52.1
1535708000.09 51.5
1535708010.1 52.1
1535708020.11 52.1
1535708030.12 52.6
1535708040.14 51.5
1535708050.16 52.1
1535708060.18 52.1
1535708070.2 51.5
1535708080.21 52.6
1535708090.24 52.6
1535708100.26 52.6
1535708110.28 52.1
1535708120.3 52.1
1535708130.32 52.6
1535708140.35 51.5
1535708150.37 51.5
1535708160.39 52.1
1535708170.41 52.1
1535708180.42 52.6
1535708190.44 52.6
1535708200.45 52.6
1535708210.47 52.1
1535708220.49 52.1
1535708230.5 52.6
1535708240.52 52.1
1535708250.54 51.5
1535708260.56 52.1
1535708270.57 51.5
1535708280.59 52.1
1535708290.61 52.1
1535708300.62 52.6
1535708310.64 52.6
1535708320.66 52.6
1535708330.66 52.1
1535708340.67 53.2
1535708350.68 52.6
1535708360.7 52.6
1535708370.71 52.6
1535708380.73 52.1
1535708390.75 52.1
1535708400.76 52.6
1535708410.79 51.5
1535708420.8 52.6
1535708430.82 52.6
1535708440.84 52.1
1535708450.85 52.1
1535708460.88 52.1
1535708470.89 52.6
1535708480.9 52.6
1535708490.92 52.6
1535708500.93 52.6
1535708510.95 52.1
1535708520.96 52.1
1535708530.97 52.6
1535708540.99 52.1
1535708551.0 51.5
1535708561.02 50.5
1535708571.04 52.1
1535708581.05 52.6
1535708591.06 52.1
1535708601.07 52.6
1535708611.09 52.1
1535708621.1 51.5
1535708631.11 51.5
1535708641.13 52.6
1535708651.14 52.6
1535708661.15 52.6
1535708671.17 52.1
1535708681.19 51.0
1535708691.21 51.5
1535708701.22 52.1
1535708711.24 51.5
1535708721.25 52.1
1535708731.27 52.1
1535708741.29 52.6
1535708751.3 52.6
1535708761.32 51.5
1535708771.34 52.1
1535708781.36 52.1
1535708791.38 51.5
1535708801.39 52.1
1535708811.41 52.1
1535708821.43 51.5
1535708831.45 52.1
1535708841.47 52.1
1535708851.48 52.6
1535708861.5 51.5
1535708871.51 52.1
1535708881.53 51.5
1535708891.55 51.5
1535708901.56 52.1
1535708911.58 51.5
1535708921.59 51.5
1535708931.6 52.6
1535708941.62 52.1
1535708951.64 51.5
1535708961.65 52.1
1535708971.67 52.6
1535708981.68 51.5
1535708991.7 51.5
1535709001.72 51.5
1535709011.73 52.1
1535709021.75 51.0
1535709031.76 51.5
1535709041.78 51.5
1535709051.8 50.5
1535709061.82 51.5
1535709071.83 51.5
1535709081.84 51.5
1535709091.86 51.5
1535709101.89 50.5
1535709111.91 51.5
1535709121.92 52.1
1535709131.94 51.0
1535709141.97 51.5
1535709151.98 51.5
1535709162.0 51.5
1535709172.02 51.5
1535709182.04 51.5
1535709192.06 51.5
1535709202.08 51.5
1535709212.09 52.6
1535709222.11 52.1
1535709232.12 52.6
1535709242.14 51.5
1535709252.16 51.5
1535709262.18 52.1
1535709272.2 52.1
1535709282.22 52.1
1535709292.24 52.1
1535709302.26 51.5
1535709312.29 51.5
1535709322.31 51.5
1535709332.34 51.5
1535709342.36 51.5
1535709352.37 52.1
1535709362.4 52.1
1535709372.42 52.1
1535709382.44 52.1
1535709392.45 51.5
1535709402.47 52.1
1535709412.49 52.6
1535709422.5 52.6
1535709432.51 52.1
1535709442.53 52.1
1535709452.55 52.1
1535709462.56 52.6
1535709472.58 51.5
1535709482.61 51.5
1535709492.62 52.6
1535709502.64 52.1
1535709512.65 52.6
1535709522.67 52.1
1535709532.69 52.1
1535709542.71 53.2
1535709552.73 52.6
1535709562.74 51.5
1535709572.76 51.5
1535709582.78 53.2
1535709592.8 52.1
1535709602.81 53.2
1535709612.83 52.6
1535709622.86 51.5
1535709632.87 52.6
1535709642.89 51.5
1535709652.91 52.1
1535709662.92 52.6
1535709672.94 51.5
1535709682.96 51.5
1535709692.98 52.1
1535709703.0 51.0
1535709713.01 51.5
1535709723.03 52.6
1535709733.05 52.1
1535709743.07 52.1
1535709753.08 52.6
1535709763.09 53.2
1535709773.11 52.6
1535709783.13 52.1
1535709793.14 52.6
1535709803.16 52.1
1535709813.18 52.1
1535709823.2 52.6
1535709833.21 51.5
1535709843.23 52.1
1535709853.25 51.5
1535709863.27 51.5
1535709873.29 51.5
1535709883.31 51.5
1535709893.33 51.5
1535709903.35 52.1
1535709913.36 52.1
1535709923.38 51.5
1535709933.4 51.5
1535709943.41 52.1
1535709953.43 52.1
1535709963.45 51.5
1535709973.47 52.1
1535709983.49 51.5
1535709993.51 51.5
1535710003.52 52.1
1535710013.53 52.1
1535710023.56 51.0
1535710033.57 51.0
1535710043.58 52.1
1535710053.6 52.6
1535710063.61 51.5
1535710073.63 51.5
1535710083.65 51.5
1535710093.67 52.1
1535710103.68 52.1
1535710113.69 51.5
1535710123.71 51.5
1535710133.72 51.5
1535710143.74 51.5
1535710153.76 51.0
1535710163.78 51.5
1535710173.8 51.5
1535710183.81 50.5
1535710193.83 51.5
1535710203.84 51.5
1535710213.85 52.1
1535710223.86 52.1
1535710233.89 52.1
1535710243.91 52.1
1535710253.93 51.5
1535710263.94 52.1
1535710273.96 51.5
1535710283.98 50.5
1535710294.0 51.5
1535710304.01 51.5
1535710314.03 51.5
1535710324.05 51.5
1535710334.07 52.1
1535710344.09 52.1
1535710354.11 51.0
1535710364.13 51.0
1535710374.16 51.5
1535710384.18 51.5
1535710394.2 51.5
1535710404.21 51.5
1535710414.23 51.5
1535710424.25 50.5
1535710434.27 51.5
1535710444.29 52.1
1535710454.3 51.5
1535710464.32 51.5
1535710474.34 51.5
1535710484.35 52.1
1535710494.37 51.5
1535710504.39 51.5
1535710514.41 52.6
1535710524.42 52.1
1535710534.44 52.1
1535710544.45 51.5
1535710554.47 51.5
1535710564.49 52.1
1535710574.51 51.5
1535710584.52 52.1
1535710594.54 52.1
1535710604.55 52.6
1535710614.57 52.6
1535710624.58 52.1
1535710634.59 52.1
1535710644.61 52.6
1535710654.62 53.2
1535710664.63 52.6
1535710674.65 53.2
1535710684.67 52.6
1535710694.69 53.2
1535710704.71 53.2
1535710714.72 52.6
1535710724.74 52.6
1535710734.75 53.2
1535710744.76 53.2
1535710754.78 52.1
1535710764.8 53.2
1535710774.81 53.7
1535710784.83 53.2
1535710794.84 52.6
1535710804.86 52.6
1535710814.88 53.7
1535710824.9 53.2
1535710834.92 53.2
1535710844.94 53.2
1535710854.95 53.2
1535710864.97 52.6
1535710874.98 53.7
1535710885.0 52.6
1535710895.02 53.2
1535710905.03 53.2
1535710915.05 52.6
1535710925.07 52.6
1535710935.09 52.6
1535710945.1 52.1
1535710955.12 52.6
1535710965.14 52.6
1535710975.16 52.6
1535710985.18 52.6
1535710995.2 53.2
1535711005.22 53.7
1535711015.23 52.6
1535711025.25 53.2
1535711035.26 53.2
1535711045.28 53.7
1535711055.29 53.2
1535711065.31 52.6
1535711075.32 53.2
1535711085.34 53.2
1535711095.36 52.6
1535711105.38 53.7
1535711115.4 53.7
1535711125.41 53.7
1535711135.45 53.7
1535711145.47 52.6
1535711155.48 53.2
1535711165.5 52.6
1535711175.52 53.2
1535711185.53 53.7
1535711195.55 53.2
1535711205.58 52.1
1535711215.59 53.7
1535711225.61 52.6
1535711235.63 52.1
1535711245.65 52.6
1535711255.67 51.5
1535711265.69 52.6
1535711275.7 52.6
1535711285.72 51.5
1535711295.74 52.1
1535711305.75 52.6
1535711315.77 52.6
1535711325.79 52.1
1535711335.81 51.5
1535711345.83 51.5
1535711355.85 52.1
1535711365.87 52.1
1535711375.89 53.2
1535711385.9 52.1
1535711395.92 52.6
1535711405.94 52.6
1535711415.95 52.6
1535711425.98 51.5
1535711435.99 52.1
1535711446.01 52.6
1535711456.02 52.6
1535711466.03 52.1
1535711476.05 52.6
1535711486.07 52.6
1535711496.09 52.6
1535711506.11 52.1
1535711516.13 52.1
1535711526.15 52.6
1535711536.16 52.6
1535711546.18 52.6
1535711556.2 51.5
1535711566.22 52.6
1535711576.23 52.6
1535711586.25 52.6
1535711596.26 52.6
1535711606.28 52.6
1535711616.3 52.6
1535711626.32 53.2
1535711636.34 52.6
1535711646.36 52.6
1535711656.38 51.5
1535711666.39 52.1
1535711676.41 52.6
1535711686.42 52.6
1535711696.44 52.6
1535711706.46 52.6
1535711716.48 52.6
1535711726.5 52.6
1535711736.51 52.6
1535711746.53 53.2
1535711756.56 52.1
1535711766.58 52.6
1535711776.59 52.6
1535711786.61 53.2
1535711796.63 52.6
1535711806.64 52.6
1535711816.67 52.6
1535711826.68 53.2
1535711836.7 52.1
1535711846.71 53.7
1535711856.74 51.5
1535711866.76 51.5
1535711876.78 52.6
1535711886.8 52.1
1535711896.83 52.1
1535711906.84 52.6
1535711916.86 52.6
1535711926.89 52.6
1535711936.9 52.6
1535711946.92 51.5
1535711956.94 51.5
1535711966.97 52.1
1535711976.98 51.5
1535711987.0 52.6
1535711997.01 52.6
1535712007.03 52.1
1535712017.05 52.1
1535712027.07 52.1
1535712037.09 51.5
1535712047.09 52.6
1535712057.11 51.0
1535712067.13 52.1
1535712077.15 52.1
1535712087.16 52.1
1535712097.18 52.1
1535712107.2 52.1
1535712117.22 51.5
1535712127.23 52.6
1535712137.25 52.1
1535712147.27 52.6
1535712157.28 52.1
1535712167.3 52.1
1535712177.32 52.1
1535712187.34 52.1
1535712197.35 52.6
1535712207.37 53.2
1535712217.4 52.6
1535712227.42 52.6
1535712237.43 53.2
1535712247.45 52.6
1535712257.47 53.2
1535712267.49 53.7
1535712277.5 53.2
1535712287.52 53.2
1535712297.53 53.2
1535712307.55 52.6
1535712317.57 53.7
1535712327.59 52.6
1535712337.61 53.2
1535712347.63 53.2
1535712357.65 52.1
1535712367.67 53.7
1535712377.68 53.7
1535712387.7 52.6
1535712397.72 52.6
1535712407.74 52.1
1535712417.76 52.6
1535712427.78 52.6
1535712437.8 52.6
1535712447.82 52.6
1535712457.83 52.6
1535712467.85 52.6
1535712477.87 52.1
1535712487.88 52.6
1535712497.9 52.6
1535712507.91 52.6
1535712517.94 52.1
1535712527.95 52.6
1535712537.97 52.1
1535712547.99 52.1
1535712558.01 52.1
1535712568.03 52.1
1535712578.04 51.5
1535712588.06 52.6
1535712598.08 52.1
1535712608.1 52.1
1535712618.12 52.6
1535712628.14 51.5
1535712638.16 52.6
1535712648.18 52.1
1535712658.19 52.1
1535712668.21 52.1
1535712678.23 52.1
1535712688.25 51.5
1535712698.27 52.1
1535712708.29 52.1
1535712718.3 52.6
1535712728.32 52.6
1535712738.34 52.6
1535712748.36 52.1
1535712758.37 52.1
1535712768.38 52.6
1535712778.4 52.1
1535712788.42 52.6
1535712798.43 52.6
1535712808.46 53.2
1535712818.47 52.6
1535712828.48 52.6
1535712838.5 53.2
1535712848.52 52.6
1535712858.53 53.2
1535712868.55 52.6
1535712878.57 52.6
1535712888.59 52.1
1535712898.61 52.1
1535712908.63 52.6
1535712918.65 52.6
1535712928.66 52.1
1535712938.68 52.6
1535712948.7 52.6
1535712958.72 51.5
1535712968.73 53.2
1535712978.74 52.6
1535712988.77 52.6
1535712998.78 51.5
1535713008.8 52.6
1535713018.82 52.6
1535713028.84 52.6
1535713038.85 52.1
1535713048.87 52.6
1535713058.87 51.5
1535713068.89 52.6
1535713078.9 53.2
1535713088.93 52.6
1535713098.94 52.6
1535713108.96 51.5
1535713118.98 52.1
1535713129.0 51.5
1535713139.01 51.5
1535713149.03 52.1
1535713159.04 51.5
1535713169.06 51.5
1535713179.08 51.5
1535713189.1 50.5
1535713199.11 51.0
1535713209.13 50.5
1535713219.15 50.5
1535713229.18 50.5
1535713239.19 52.1
1535713249.21 51.5
1535713259.23 52.1
1535713269.25 51.5
1535713279.26 52.1
1535713289.28 51.5
1535713299.3 52.1
1535713309.31 52.1
1535713319.34 52.6
1535713329.35 51.5
1535713339.37 50.5
1535713349.39 50.5
1535713359.4 52.1
1535713369.42 51.5
1535713379.43 52.1
1535713389.45 51.5
1535713399.47 52.1
1535713409.48 51.5
1535713419.49 51.5
1535713429.51 51.5
1535713439.53 51.0
1535713449.54 51.5
1535713459.56 51.5
1535713469.58 50.5
1535713479.6 51.5
1535713489.61 50.5
1535713499.63 51.5
1535713509.65 51.5
1535713519.66 52.1
1535713529.68 52.1
1535713539.69 52.1
1535713549.71 52.1
1535713559.72 52.6
1535713569.73 52.1
1535713579.75 52.6
1535713589.77 53.2
1535713599.78 53.2
1535713609.79 52.6
1535713619.81 52.6
1535713629.83 52.1
1535713639.85 52.1
1535713649.87 51.5
1535713659.89 51.5
1535713669.91 52.1
1535713679.93 51.5
1535713689.95 52.1
1535713699.97 51.5
1535713709.99 51.5
1535713720.0 52.6
1535713730.02 52.1
1535713740.03 52.6
1535713750.06 52.1
1535713760.08 52.1
1535713770.09 53.7
1535713780.11 53.2
1535713790.13 53.7
1535713800.14 53.7
1535713810.16 53.2
1535713820.17 53.7
1535713830.18 53.7
1535713840.2 53.7
1535713850.21 52.6
1535713860.23 53.7
1535713870.25 53.7
1535713880.26 53.7
1535713890.29 52.6
1535713900.3 53.7
1535713910.32 53.7
1535713920.34 53.7
1535713930.35 53.2
1535713940.37 53.2
1535713950.39 54.2
1535713960.4 54.2
1535713970.41 54.8
1535713980.42 53.7
1535713990.44 54.8
1535714000.46 54.2
1535714010.47 54.2
1535714020.49 54.8
1535714030.51 54.2
1535714040.53 54.8
1535714050.54 53.7
1535714060.56 54.8
1535714070.58 55.3
1535714080.6 53.7
1535714090.61 53.7
1535714100.63 54.8
1535714110.64 54.8
1535714120.66 54.8
1535714130.68 54.8
1535714140.69 55.3
1535714150.71 54.8
1535714160.73 54.2
1535714170.74 54.2
1535714180.76 55.3
1535714190.77 55.8
1535714200.78 54.8
1535714210.79 55.3
1535714220.81 55.3
1535714230.83 54.8
1535714240.84 54.8
1535714250.87 54.8
1535714260.88 54.8
1535714270.9 55.8
1535714280.92 54.8
1535714290.93 55.3
1535714300.95 54.8
1535714310.97 54.8
1535714320.98 55.3
1535714330.99 54.8
1535714341.0 55.3
1535714351.02 55.3
1535714361.05 55.3
1535714371.06 55.3
1535714381.08 54.8
1535714391.1 55.3
1535714401.12 54.8
1535714411.14 54.8
1535714421.15 54.8
1535714431.16 54.8
1535714441.18 54.2
1535714451.2 54.8
1535714461.21 55.8
1535714471.23 54.2
1535714481.24 54.8
1535714491.26 55.3
1535714501.28 54.8
1535714511.29 54.2
1535714521.31 54.8
1535714531.32 54.2
1535714541.34 53.7
1535714551.36 53.7
1535714561.38 53.7
1535714571.4 53.7
1535714581.42 53.2
1535714591.43 54.2
1535714601.43 54.8
1535714611.45 54.2
1535714621.46 54.8
1535714631.47 54.8
1535714641.49 53.7
1535714651.5 54.2
1535714661.51 53.7
1535714671.52 53.7
1535714681.54 53.7
1535714691.55 54.8
1535714701.58 54.2
1535714711.6 54.2
1535714721.61 54.8
1535714731.62 53.7
1535714741.64 54.8
1535714751.66 53.7
1535714761.68 53.7
1535714771.71 54.2
1535714781.72 53.7
1535714791.73 54.2
1535714801.74 53.7
1535714811.76 53.7
1535714821.77 54.2
1535714831.79 54.2
1535714841.81 53.7
1535714851.83 54.8
1535714861.84 54.2
1535714871.86 54.8
1535714881.87 54.8
1535714891.89 55.3
1535714901.91 54.8
1535714911.92 54.2
1535714921.93 54.8
1535714931.94 54.8
1535714941.97 54.8
1535714951.97 55.3
1535714961.99 54.8
1535714972.01 54.8
1535714982.02 53.7
1535714992.03 53.7
1535715002.05 54.8
1535715012.07 54.2
1535715022.09 54.2
1535715032.1 54.8
1535715042.12 54.8
1535715052.15 54.2
1535715062.17 54.8
1535715072.19 54.2
1535715082.21 54.8
1535715092.23 54.8
1535715102.25 54.8
1535715112.26 54.8
1535715122.28 54.8
1535715132.3 55.3
1535715142.31 55.8
1535715152.33 55.8
1535715162.42 55.3
1535715172.44 55.8
1535715182.46 54.8
1535715192.47 54.8
1535715202.49 54.8
1535715212.5 55.3
1535715222.52 54.8
1535715232.53 55.8
1535715242.55 55.3
1535715252.56 55.3
1535715262.58 55.8
1535715272.59 55.8
1535715282.61 55.8
1535715292.62 55.8
1535715302.64 55.8
1535715312.65 55.8
1535715322.67 54.8
1535715332.69 56.4
1535715342.71 55.8
1535715352.73 55.8
1535715362.74 55.3
1535715372.75 55.3
1535715382.77 55.8
1535715392.78 56.4
1535715402.8 55.8
1535715412.82 55.8
1535715422.83 55.8
1535715432.85 55.8
1535715442.86 55.8
1535715452.87 55.8
1535715462.9 55.3
1535715472.92 56.4
1535715482.93 56.4
1535715492.94 55.8
1535715502.95 55.8
1535715512.96 56.4
1535715522.98 55.8
1535715532.99 55.8
1535715543.0 55.8
1535715553.01 56.4
1535715563.03 56.4
1535715573.04 56.4
1535715583.05 56.4
1535715593.06 56.4
1535715603.07 56.4
1535715613.09 56.4
1535715623.11 55.8
1535715633.12 55.8
1535715643.13 56.4
1535715653.15 56.9
1535715663.16 56.4
1535715673.18 56.9
1535715683.19 56.4
1535715693.2 55.8
1535715703.23 56.9
1535715713.25 56.4
1535715723.26 56.9
1535715733.28 56.4
1535715743.29 56.9
1535715753.31 55.8
1535715763.33 56.4
1535715773.34 56.4
1535715783.36 56.4
1535715793.38 55.8
1535715803.4 55.3
1535715813.42 56.4
1535715823.44 55.3
1535715833.45 55.8
1535715843.47 55.8
1535715853.49 56.4
1535715863.5 56.4
1535715873.52 55.8
1535715883.54 55.8
1535715893.56 55.8
1535715903.57 55.8
1535715913.59 56.4
1535715923.61 55.8
1535715933.63 55.8
1535715943.65 56.4
1535715953.66 55.8
1535715963.68 55.8
1535715973.7 55.8
1535715983.72 55.8
1535715993.74 55.8
1535716003.75 55.8
1535716013.77 55.8
1535716023.79 55.8
1535716033.8 55.8
1535716043.82 56.4
1535716053.83 55.8
1535716063.85 56.4
1535716073.87 56.4
1535716083.88 56.4
1535716093.89 56.4
1535716103.91 55.3
1535716113.93 55.8
1535716123.95 55.8
1535716133.96 56.4
1535716143.97 56.4
1535716154.0 56.4
1535716164.0 55.8
1535716174.02 55.8
1535716184.04 55.8
1535716194.05 55.8
1535716204.06 56.4
1535716214.08 56.4
1535716224.09 56.4
1535716234.1 55.8
1535716244.13 56.4
1535716254.15 56.4
1535716264.17 56.4
1535716274.19 55.8
1535716284.21 55.8
1535716294.22 56.4
1535716304.23 55.8
1535716314.25 56.4
1535716324.27 55.3
1535716334.28 55.8
1535716344.3 55.8
1535716354.32 55.8
1535716364.33 55.3
1535716374.34 55.8
1535716384.36 55.8
1535716394.37 56.4
1535716404.39 56.4
1535716414.41 56.9
1535716424.42 55.8
1535716434.44 55.8
1535716444.46 56.4
1535716454.47 55.8
1535716464.48 55.3
1535716474.5 54.8
1535716484.52 55.3
1535716494.54 55.8
1535716504.56 54.8
1535716514.58 55.8
1535716524.6 55.3
1535716534.62 55.8
1535716544.64 55.8
1535716554.65 55.3
1535716564.67 54.8
1535716574.69 55.8
1535716584.71 55.8
1535716594.72 55.8
1535716604.74 56.4
1535716614.75 55.8
1535716624.77 55.8
1535716634.79 55.8
1535716644.81 55.3
1535716654.83 55.3
1535716664.84 55.3
1535716674.86 55.8
1535716684.88 55.8
1535716694.89 56.4
1535716704.91 55.8
1535716714.93 55.8
1535716724.95 56.4
1535716734.97 56.4
1535716744.98 55.8
1535716755.0 55.8
1535716765.01 55.8
1535716775.02 55.8
1535716785.04 55.8
1535716795.06 56.4
1535716805.08 56.9
1535716815.1 55.8
1535716825.12 56.4
1535716835.14 56.4
1535716845.15 55.8
1535716855.17 55.8
1535716865.19 55.8
1535716875.21 55.8
1535716885.22 56.9
1535716895.24 55.8
1535716905.26 55.8
1535716915.28 56.4
1535716925.29 55.8
1535716935.31 55.8
1535716945.31 55.8
1535716955.33 55.8
1535716965.35 55.8
1535716975.37 55.8
1535716985.38 55.3
1535716995.4 55.8
1535717005.42 55.8
1535717015.44 55.8
1535717025.46 55.8
1535717035.48 54.8
1535717045.5 55.8
1535717055.52 55.8
1535717065.54 55.8
1535717075.55 56.4
1535717085.57 55.8
1535717095.58 55.8
1535717105.59 55.8
1535717115.61 56.4
1535717125.63 55.8
1535717135.66 54.8
1535717145.67 55.8
1535717155.69 55.3
1535717165.72 55.3
1535717175.73 55.3
1535717185.74 54.8
1535717195.76 54.2
1535717205.78 55.3
1535717215.8 54.8
1535717225.82 54.8
1535717235.84 54.8
1535717245.85 54.8
1535717255.87 55.8
1535717265.88 55.8
1535717275.9 55.8
1535717285.92 56.4
1535717295.93 55.3
1535717305.94 55.8
1535717315.96 56.4
1535717325.99 55.3
1535717336.0 55.8
1535717346.01 55.8
1535717356.02 55.8
1535717366.04 55.8
1535717376.05 55.8
1535717386.08 55.3
1535717396.09 55.8
1535717406.11 54.8
1535717416.14 54.2
1535717426.16 54.8
1535717436.18 54.8
1535717446.2 55.3
1535717456.22 55.3
1535717466.24 55.3
1535717476.25 55.3
1535717486.27 54.8
1535717496.28 54.8
1535717506.3 55.3
1535717516.31 55.3
1535717526.33 55.3
1535717536.34 55.8
1535717546.36 54.8
1535717556.38 55.3
1535717566.4 55.8
1535717576.42 55.3
1535717586.43 55.3
1535717596.45 54.8
1535717606.46 56.4
1535717616.48 55.8
1535717626.5 55.8
1535717636.51 55.8
1535717646.54 55.8
1535717656.55 55.8
1535717666.57 56.4
1535717676.59 55.8
1535717686.61 55.8
1535717696.63 55.8
1535717706.64 56.4
1535717716.66 56.4
1535717726.68 56.4
1535717736.69 56.4
1535717746.71 55.8
1535717756.73 56.9
1535717766.74 55.8
1535717776.76 55.8
1535717786.77 55.8
1535717796.79 56.4
1535717806.8 55.8
1535717816.81 56.4
1535717826.83 55.8
1535717836.85 55.3
1535717846.87 56.4
1535717856.89 55.8
1535717866.91 55.8
1535717876.93 55.8
1535717886.94 56.4
1535717896.96 56.9
1535717906.98 55.8
1535717916.99 55.8
1535717927.01 56.4
1535717937.02 56.4
1535717947.04 56.9
1535717957.06 56.4
1535717967.08 55.8
1535717977.09 56.9
1535717987.11 56.9
1535717997.13 56.9
1535718007.14 56.9
1535718017.16 56.9
1535718027.17 56.9
1535718037.19 56.4
1535718047.2 56.9
1535718057.22 56.4
1535718067.24 55.8
1535718077.25 56.9
1535718087.26 55.8
1535718097.28 55.8
1535718107.3 56.4
1535718117.32 55.8
1535718127.33 56.9
1535718137.35 56.4
1535718147.37 55.8
1535718157.38 56.4
1535718167.4 56.4
1535718177.41 56.9
1535718187.43 56.4
1535718197.45 56.9
1535718207.46 56.9
1535718217.48 55.8
1535718227.51 56.4
1535718237.52 55.8
1535718247.54 56.4
1535718257.56 56.4
1535718267.58 56.9
1535718277.6 56.4
1535718287.62 56.9
1535718297.63 55.8
1535718307.65 56.4
1535718317.67 56.4
1535718327.69 56.4
1535718337.71 56.4
1535718347.72 56.9
1535718357.74 56.4
1535718367.76 56.4
1535718377.77 55.8
1535718387.79 56.4
1535718397.8 56.4
1535718407.82 56.4
1535718417.84 55.8
1535718427.86 55.8
1535718437.88 56.4
1535718447.89 55.8
1535718457.91 56.4
1535718467.92 55.8
1535718477.94 56.4
1535718487.96 56.4
1535718497.97 56.9
1535718507.99 56.4
1535718518.02 55.8
1535718528.03 56.4
1535718538.05 55.8
1535718548.07 56.4
1535718558.09 56.4
1535718568.11 56.9
1535718578.12 56.9
1535718588.15 56.4
1535718598.17 56.4
1535718608.18 56.9
1535718618.2 56.9
1535718628.22 56.4
1535718638.24 56.4
1535718648.26 55.8
1535718658.27 56.4
1535718668.3 56.4
1535718678.31 56.4
1535718688.33 56.9
1535718698.34 56.4
1535718708.37 56.4
1535718718.38 56.4
1535718728.4 56.4
1535718738.42 56.9
1535718748.44 55.8
1535718758.45 56.9
1535718768.47 56.9
1535718778.48 56.4
1535718788.5 56.9
1535718798.52 56.4
1535718808.54 56.4
1535718818.55 57.5
1535718828.57 56.9
1535718838.59 57.5
1535718848.6 57.5
1535718858.62 56.9
1535718868.64 58.0
1535718878.66 56.9
1535718888.68 58.0
1535718898.7 57.5
1535718908.72 57.5
1535718918.74 56.9
1535718928.74 56.9
1535718938.77 56.9
1535718948.79 56.9
1535718958.8 56.9
1535718968.82 57.5
1535718978.84 56.9
1535718988.85 57.5
1535718998.87 56.9
1535719008.89 56.4
1535719018.91 56.9
1535719028.92 56.9
1535719038.95 56.4
1535719048.96 57.5
1535719058.98 58.0
1535719068.99 57.5
1535719079.01 56.9
1535719089.03 58.0
1535719099.05 58.0
1535719109.07 58.0
1535719119.08 58.0
1535719129.1 58.0
1535719139.12 58.0
1535719149.14 58.0
1535719159.15 58.0
1535719169.17 58.0
1535719179.19 58.5
1535719189.21 58.0
1535719199.23 58.5
1535719209.24 58.5
1535719219.26 58.0
1535719229.28 58.0
1535719239.29 58.5
1535719249.31 58.0
1535719259.33 58.0
1535719269.35 58.0
1535719279.36 58.0
1535719289.37 58.5
1535719299.39 58.0
1535719309.41 58.0
1535719319.43 59.1
1535719329.44 58.0
1535719339.46 58.0
1535719349.47 59.1
1535719359.49 58.0
1535719369.51 58.0
1535719379.52 58.5
1535719389.53 58.0
1535719399.55 58.5
1535719409.57 58.5
1535719419.58 58.5
1535719429.6 58.5
1535719439.62 59.1
1535719449.63 59.1
1535719459.64 59.1
1535719469.65 58.5
1535719479.67 58.5
1535719489.69 58.5
1535719499.71 59.1
1535719509.72 59.1
1535719519.74 58.0
1535719529.76 58.5
1535719539.77 58.5
1535719549.78 58.5
1535719559.8 58.0
1535719569.82 58.0
1535719579.84 59.1
1535719589.85 58.0
1535719599.87 58.0
1535719609.89 58.5
1535719619.9 58.0
1535719629.92 56.9
1535719639.93 58.0
1535719649.94 58.5
1535719659.96 59.1
1535719669.97 58.5
1535719679.98 58.5
1535719690.0 58.5
1535719700.02 59.1
1535719710.04 59.1
1535719720.06 58.0
1535719730.07 59.1
1535719740.08 59.1
1535719750.1 58.5
1535719760.12 59.1
1535719770.13 59.1
1535719780.15 58.0
1535719790.17 58.0
1535719800.19 59.1
1535719810.2 59.1
1535719820.22 59.1
1535719830.23 59.1
1535719840.26 59.1
1535719850.27 59.1
1535719860.28 59.1
1535719870.3 58.5
1535719880.32 59.1
1535719890.33 59.1
1535719900.34 59.1
1535719910.36 59.1
1535719920.38 59.1
1535719930.39 59.1
1535719940.41 59.1
1535719950.43 59.1
1535719960.45 59.1
1535719970.47 59.1
1535719980.49 59.1
1535719990.5 59.6
1535720000.52 59.1
1535720010.54 60.1
1535720020.55 60.1
1535720030.57 59.1
1535720040.58 60.1
1535720050.59 59.1
1535720060.61 59.6
1535720070.62 58.5
1535720080.64 58.5
1535720090.66 58.0
1535720100.67 59.1
1535720110.69 58.0
1535720120.71 58.0
1535720130.73 57.5
1535720140.75 58.0
1535720150.76 59.1
1535720160.78 59.1
1535720170.8 58.5
1535720180.82 58.0
1535720190.83 59.1
1535720200.85 58.5
1535720210.87 59.1
1535720220.89 58.5
1535720230.9 59.1
1535720240.92 58.5
1535720250.94 59.1
1535720260.96 59.6
1535720270.98 59.1
1535720280.99 58.5
1535720291.02 58.5
1535720301.03 59.1
1535720311.05 58.0
1535720321.06 59.1
1535720331.08 58.5
1535720341.09 59.1
1535720351.11 58.5
1535720361.12 58.5
1535720371.14 59.1
1535720381.16 59.1
1535720391.17 58.5
1535720401.19 58.0
