1535000004.12 52.1
1535000014.13 52.1
1535000024.15 51.5
1535000034.18 51.5
1535000044.19 52.1
1535000054.21 51.5
1535000064.23 51.5
1535000074.25 51.5
1535000084.26 52.1
1535000094.28 52.6
1535000104.29 51.5
1535000114.31 51.5
1535000124.33 51.5
1535000134.35 51.5
1535000144.37 51.5
1535000154.39 51.5
1535000164.41 52.1
1535000174.43 51.5
1535000184.45 52.1
1535000194.47 52.1
1535000204.48 51.0
1535000214.5 51.0
1535000224.52 51.5
1535000234.54 51.0
1535000244.56 51.5
1535000254.57 51.5
1535000264.59 52.1
1535000274.6 51.5
1535000284.62 51.5
1535000294.64 52.1
1535000304.66 52.1
1535000314.68 51.5
1535000324.69 51.5
1535000334.7 52.1
1535000344.72 51.5
1535000354.73 52.1
1535000364.75 52.1
1535000374.77 51.5
1535000384.79 51.5
1535000394.81 52.1
