1535600006.88 59.6
1535600016.9 60.1
1535600026.91 60.1
1535600036.93 60.7
1535600046.94 60.1
1535600056.96 60.7
1535600066.98 60.1
1535600077.0 60.1
1535600087.01 60.1
1535600097.03 60.1
1535600107.05 60.1
1535600117.07 60.7
1535600127.09 60.7
1535600137.11 60.7
1535600147.12 60.7
1535600157.14 60.1
1535600167.16 60.1
1535600177.18 60.1
1535600187.2 60.1
1535600197.22 60.1
1535600207.23 59.6
1535600217.25 60.1
1535600227.26 60.1
1535600237.28 60.1
1535600247.29 59.6
1535600257.31 60.1
1535600267.32 59.1
1535600277.33 59.1
1535600287.35 59.6
1535600297.37 59.1
1535600307.39 59.6
1535600317.41 59.1
1535600327.43 59.1
1535600337.45 59.1
1535600347.47 59.1
1535600357.49 59.1
1535600367.51 58.5
1535600377.53 59.1
1535600387.54 59.1
1535600397.56 59.1
1535600407.58 59.1
1535600417.6 59.1
1535600427.62 59.1
1535600437.64 59.1
1535600447.66 58.5
1535600457.68 59.1
1535600467.7 59.1
1535600477.71 60.1
1535600487.73 58.5
1535600497.75 59.1
1535600507.77 59.1
1535600517.79 59.1
1535600527.8 59.1
1535600537.82 58.5
1535600547.84 58.0
1535600557.86 59.1
1535600567.88 58.5
1535600577.9 59.6
1535600587.91 59.1
1535600597.93 58.5
1535600607.95 58.5
1535600617.96 59.6
1535600627.98 58.5
1535600638.0 59.1
1535600648.02 59.1
1535600658.04 60.1
1535600668.06 59.1
1535600678.07 59.1
1535600688.09 59.1
1535600698.11 59.6
1535600708.12 59.6
1535600718.14 59.6
1535600728.16 59.1
1535600738.18 60.1
1535600748.19 59.1
1535600758.21 59.1
1535600768.22 59.1
1535600778.24 59.1
1535600788.26 59.1
1535600798.27 59.1
1535600808.28 59.1
1535600818.29 59.6
1535600828.31 59.1
1535600838.33 60.1
1535600848.34 60.1
1535600858.36 60.1
1535600868.38 60.1
1535600878.4 60.1
1535600888.41 60.1
1535600898.43 59.6
1535600908.45 60.1
1535600918.46 60.1
1535600928.47 60.1
1535600938.49 60.1
1535600948.5 60.1
1535600958.52 60.1
1535600968.53 60.1
1535600978.55 60.1
1535600988.57 59.1
1535600998.59 60.1
1535601008.61 59.1
1535601018.63 60.1
1535601028.65 59.6
1535601038.67 60.1
1535601048.69 59.1
1535601058.71 59.1
1535601068.74 59.1
1535601078.75 59.1
1535601088.77 58.5
1535601098.79 59.1
1535601108.8 59.6
1535601118.83 58.5
1535601128.84 60.1
1535601138.86 59.1
1535601148.87 59.1
1535601158.89 59.6
1535601168.91 59.6
1535601178.93 59.1
1535601188.95 59.1
1535601198.97 59.1
1535601208.99 59.1
1535601219.01 59.1
1535601229.03 59.1
1535601239.05 59.1
1535601249.07 59.1
1535601259.09 59.6
1535601269.11 58.5
1535601279.12 59.1
1535601289.15 59.1
1535601299.17 59.1
1535601309.19 59.1
1535601319.21 59.1
1535601329.23 59.1
1535601339.27 58.5
1535601349.29 58.5
1535601359.31 59.1
1535601369.32 59.1
1535601379.34 59.6
1535601389.35 60.1
1535601399.38 59.1
1535601409.39 59.1
1535601419.41 59.1
1535601429.43 59.1
1535601439.45 59.6
1535601449.47 59.1
1535601459.49 59.1
1535601469.51 59.1
1535601479.52 59.1
1535601489.54 59.1
1535601499.56 59.1
1535601509.58 59.1
1535601519.6 59.1
1535601529.62 60.1
1535601539.64 59.1
1535601549.66 59.1
1535601559.68 59.1
1535601569.7 60.1
1535601579.71 59.6
1535601589.73 60.1
1535601599.75 59.1
1535601609.77 62.3
1535601619.78 60.1
1535601629.8 60.1
1535601639.82 59.1
1535601649.84 59.1
1535601659.85 60.1
1535601669.87 59.6
1535601679.89 58.5
1535601689.91 59.1
1535601699.93 59.1
1535601709.95 59.6
1535601719.97 60.1
1535601729.99 59.1
1535601740.01 59.6
1535601750.03 59.1
1535601760.04 59.1
1535601770.06 60.1
1535601780.08 59.6
1535601790.1 59.6
1535601800.12 59.6
1535601810.14 59.1
1535601820.16 59.1
1535601830.19 59.1
1535601840.21 59.1
1535601850.23 59.1
1535601860.25 58.5
1535601870.27 58.0
1535601880.29 59.1
1535601890.31 59.1
1535601900.33 59.6
1535601910.34 58.0
1535601920.35 59.1
1535601930.37 59.6
1535601940.39 58.5
1535601950.41 58.0
1535601960.43 58.5
1535601970.45 58.0
1535601980.47 58.0
1535601990.49 58.5
1535602000.51 59.1
1535602010.53 58.5
1535602020.55 58.5
1535602030.57 58.0
1535602040.59 58.0
1535602050.61 58.0
1535602060.63 58.5
1535602070.65 58.5
1535602080.67 58.5
1535602090.69 58.0
1535602100.7 58.0
1535602110.72 58.5
1535602120.74 59.1
1535602130.75 59.1
1535602140.77 59.1
1535602150.78 58.5
1535602160.8 58.0
1535602170.82 59.1
1535602180.84 58.0
1535602190.86 58.5
1535602200.88 59.1
1535602210.9 58.5
1535602220.91 59.1
1535602230.93 59.1
1535602240.95 59.1
1535602250.97 59.1
1535602260.98 59.6
1535602271.0 58.5
1535602281.01 59.1
1535602291.03 59.1
1535602301.05 59.1
1535602311.06 58.5
1535602321.08 59.1
1535602331.09 59.1
1535602341.11 59.1
1535602351.12 59.1
1535602361.14 59.6
1535602371.15 60.1
1535602381.16 59.1
1535602391.18 59.1
1535602401.2 59.1
1535602411.21 60.1
1535602421.23 58.5
1535602431.24 59.1
1535602441.26 58.5
1535602451.28 59.1
1535602461.29 59.1
1535602471.31 58.5
1535602481.33 58.5
1535602491.35 58.0
1535602501.37 58.5
1535602511.38 58.5
1535602521.4 58.0
1535602531.42 58.0
1535602541.44 58.0
1535602551.46 58.0
1535602561.48 58.0
1535602571.5 58.0
1535602581.52 58.0
1535602591.54 58.0
1535602601.56 58.0
1535602611.57 58.5
1535602621.59 58.5
1535602631.6 58.0
1535602641.62 57.5
1535602651.64 58.0
1535602661.66 57.5
1535602671.68 58.5
1535602681.7 58.0
1535602691.72 58.0
1535602701.74 57.5
1535602711.76 58.0
1535602721.78 56.9
1535602731.8 58.5
1535602741.82 57.5
1535602751.84 56.9
1535602761.86 58.0
1535602771.88 56.9
1535602781.91 56.9
1535602791.92 56.9
1535602801.94 56.9
1535602811.96 57.5
1535602821.98 58.0
1535602832.0 58.0
1535602842.02 58.0
1535602852.04 58.0
1535602862.06 58.0
1535602872.08 58.0
1535602882.1 58.0
1535602892.12 58.5
1535602902.14 58.5
1535602912.16 58.0
1535602922.18 58.0
1535602932.2 58.0
1535602942.22 59.1
1535602952.24 58.5
1535602962.26 59.1
1535602972.28 59.1
1535602982.3 58.5
1535602992.31 59.1
1535603002.33 58.5
1535603012.35 58.5
1535603022.37 58.0
1535603032.39 58.5
1535603042.42 58.5
1535603052.44 58.5
1535603062.46 58.5
1535603072.48 58.0
1535603082.5 58.5
1535603092.52 59.1
1535603102.54 59.1
1535603112.55 59.1
1535603122.57 59.1
1535603132.59 58.0
1535603142.61 59.1
1535603152.63 58.5
1535603162.65 59.1
1535603172.67 59.1
1535603182.69 59.1
1535603192.7 59.1
1535603202.72 59.1
1535603212.73 58.5
1535603222.75 59.6
1535603232.77 58.5
1535603242.78 59.6
1535603252.79 59.6
1535603262.81 59.1
1535603272.83 59.1
1535603282.85 60.1
1535603292.86 59.6
1535603302.88 59.1
1535603312.9 58.5
1535603322.92 59.1
1535603332.93 59.1
1535603342.95 59.1
1535603352.97 58.5
1535603362.99 59.1
1535603373.0 59.1
1535603383.02 59.1
1535603393.03 59.1
1535603403.06 60.1
1535603413.07 59.1
1535603423.1 59.1
1535603433.12 59.1
1535603443.13 59.1
1535603453.15 60.1
1535603463.17 58.5
1535603473.19 58.5
1535603483.21 59.1
1535603493.23 59.6
1535603503.25 59.1
1535603513.27 59.1
1535603523.28 60.1
1535603533.3 58.5
1535603543.33 59.1
1535603553.33 59.6
1535603563.35 59.1
1535603573.37 58.5
1535603583.38 59.1
1535603593.4 59.1
1535603603.42 59.1
1535603613.44 59.1
1535603623.46 59.1
1535603633.48 59.1
1535603643.5 59.1
1535603653.52 59.1
1535603663.54 59.1
1535603673.55 59.1
1535603683.56 59.6
1535603693.58 59.1
1535603703.6 58.5
1535603713.62 58.0
1535603723.64 58.0
1535603733.66 58.5
1535603743.67 58.0
1535603753.69 59.1
1535603763.71 59.1
1535603773.72 59.1
1535603783.73 58.5
1535603793.75 59.1
1535603803.76 59.1
1535603813.78 58.0
1535603823.8 58.5
1535603833.82 59.1
1535603843.83 58.0
1535603853.85 59.1
1535603863.87 58.0
1535603873.89 58.5
1535603883.91 59.1
1535603893.93 58.5
1535603903.95 58.0
1535603913.97 58.0
1535603923.99 58.0
1535603934.01 58.0
1535603944.03 59.1
1535603954.05 59.1
1535603964.07 58.0
1535603974.09 58.5
1535603984.1 58.0
1535603994.12 58.5
1535604004.14 58.0
1535604014.16 58.0
1535604024.18 58.0
1535604034.2 58.0
1535604044.21 58.5
1535604054.23 58.0
1535604064.25 58.0
1535604074.28 56.9
1535604084.3 57.5
1535604094.31 58.0
1535604104.33 57.5
1535604114.35 58.0
1535604124.37 58.0
1535604134.39 57.5
1535604144.42 58.0
1535604154.43 58.5
1535604164.45 58.0
1535604174.47 57.5
1535604184.48 58.0
1535604194.5 58.0
1535604204.52 58.0
1535604214.54 58.0
1535604224.57 57.5
1535604234.59 56.9
1535604244.62 57.5
1535604254.63 58.0
1535604264.65 58.0
1535604274.67 56.9
1535604284.69 57.5
1535604294.71 58.0
1535604304.73 57.5
1535604314.76 58.0
1535604324.78 57.5
1535604334.78 57.5
1535604344.8 58.0
1535604354.83 58.0
1535604364.85 56.9
1535604374.87 58.0
1535604384.89 56.9
1535604394.91 56.9
1535604404.93 56.9
1535604414.95 56.9
1535604424.97 56.9
1535604434.99 58.0
1535604445.01 57.5
1535604455.03 57.5
1535604465.05 56.9
1535604475.07 56.9
1535604485.09 56.9
1535604495.11 57.5
1535604505.13 57.5
1535604515.15 56.9
1535604525.17 56.9
1535604535.18 56.9
1535604545.2 57.5
1535604555.22 57.5
1535604565.24 58.0
1535604575.25 58.0
1535604585.27 56.9
1535604595.29 56.9
1535604605.33 56.9
1535604615.35 57.5
1535604625.36 58.0
1535604635.38 56.9
1535604645.41 56.9
1535604655.43 56.9
1535604665.44 58.0
1535604675.46 56.9
1535604685.48 56.9
1535604695.5 56.9
1535604705.52 56.9
1535604715.54 56.9
1535604725.56 56.4
1535604735.59 56.9
1535604745.61 56.9
1535604755.63 56.9
1535604765.65 56.9
1535604775.66 56.9
1535604785.68 56.4
1535604795.7 56.9
1535604805.72 56.9
1535604815.74 56.4
1535604825.76 56.4
1535604835.79 56.4
1535604845.81 56.9
1535604855.83 56.9
1535604865.85 56.4
1535604875.86 56.9
1535604885.88 56.9
1535604895.91 56.9
1535604905.93 56.4
1535604915.95 56.4
1535604925.96 56.9
1535604935.97 56.9
1535604945.99 56.9
1535604956.02 56.4
1535604966.04 56.9
1535604976.05 58.0
1535604986.07 56.9
1535604996.1 56.4
1535605006.12 56.9
1535605016.14 56.9
1535605026.16 56.4
1535605036.18 58.0
1535605046.19 57.5
1535605056.21 57.5
1535605066.23 56.9
1535605076.25 56.9
1535605086.27 56.4
1535605096.28 56.9
1535605106.3 58.0
1535605116.32 58.0
1535605126.34 56.9
1535605136.36 58.0
1535605146.37 58.0
1535605156.39 58.0
1535605166.41 56.9
1535605176.43 58.0
1535605186.45 58.0
1535605196.47 58.0
1535605206.49 57.5
1535605216.5 58.0
1535605226.52 58.0
1535605236.54 57.5
1535605246.56 57.5
1535605256.58 58.0
1535605266.6 58.0
1535605276.62 58.0
1535605286.64 58.0
1535605296.65 57.5
1535605306.67 57.5
1535605316.69 57.5
1535605326.71 56.9
1535605336.73 58.0
1535605346.74 57.5
1535605356.76 56.9
1535605366.79 56.4
1535605376.8 57.5
1535605386.82 57.5
1535605396.83 56.9
1535605406.86 56.9
1535605416.87 57.5
1535605426.89 56.9
1535605436.91 56.9
1535605446.93 56.9
1535605456.95 56.9
1535605466.97 56.9
1535605476.99 57.5
1535605487.01 56.9
1535605497.03 56.9
1535605507.04 56.9
1535605517.06 56.9
1535605527.09 56.9
1535605537.1 56.9
1535605547.12 56.9
1535605557.14 56.9
1535605567.16 56.4
1535605577.18 55.8
1535605587.2 56.4
1535605597.22 56.9
1535605607.24 56.9
1535605617.26 56.9
1535605627.28 56.9
1535605637.3 56.4
1535605647.31 56.9
1535605657.33 56.9
1535605667.35 56.9
1535605677.37 58.0
1535605687.38 58.0
1535605697.4 56.9
1535605707.42 56.9
1535605717.45 56.9
1535605727.47 56.9
1535605737.49 56.9
1535605747.51 56.9
1535605757.52 56.9
1535605767.54 56.4
1535605777.55 57.5
1535605787.58 56.9
1535605797.59 57.5
1535605807.61 58.0
1535605817.63 56.9
1535605827.65 56.9
1535605837.67 56.9
1535605847.69 56.9
1535605857.7 58.0
1535605867.72 56.9
1535605877.74 56.9
1535605887.75 58.0
1535605897.77 58.0
1535605907.79 57.5
1535605917.81 56.9
1535605927.83 57.5
1535605937.85 58.0
1535605947.87 57.5
1535605957.89 58.0
1535605967.91 56.9
1535605977.93 58.0
1535605987.94 56.9
1535605997.96 57.5
1535606007.98 58.0
1535606018.0 56.9
1535606028.02 57.5
1535606038.04 56.9
1535606048.06 58.0
1535606058.08 57.5
1535606068.1 57.5
1535606078.11 57.5
1535606088.13 56.9
1535606098.15 57.5
1535606108.17 56.9
1535606118.18 56.9
1535606128.21 56.9
1535606138.22 57.5
1535606148.24 58.0
1535606158.26 56.9
1535606168.28 58.0
1535606178.29 58.0
1535606188.32 56.9
1535606198.34 56.9
1535606208.36 56.9
1535606218.37 56.9
1535606228.39 58.0
1535606238.41 58.0
1535606248.43 56.9
1535606258.45 58.0
1535606268.47 56.9
1535606278.48 58.0
1535606288.51 56.9
1535606298.52 58.0
1535606308.54 57.5
1535606318.56 56.9
1535606328.58 58.0
1535606338.6 56.9
1535606348.62 56.9
1535606358.64 57.5
1535606368.66 56.9
1535606378.68 55.8
1535606388.7 58.0
1535606398.71 56.9
1535606408.74 56.9
1535606418.76 56.9
1535606428.77 56.9
1535606438.78 56.9
1535606448.8 56.4
1535606458.83 56.9
1535606468.84 56.4
1535606478.85 58.0
1535606488.88 57.5
1535606498.89 58.0
1535606508.91 56.9
1535606518.93 56.9
1535606528.95 56.9
1535606538.97 58.0
1535606548.99 56.9
1535606559.01 56.9
1535606569.03 56.9
1535606579.05 56.4
1535606589.07 56.9
1535606599.08 58.0
1535606609.1 58.0
1535606619.12 56.9
1535606629.14 58.0
1535606639.16 56.9
1535606649.17 56.9
1535606659.19 56.9
1535606669.21 56.9
1535606679.23 57.5
1535606689.24 58.0
1535606699.26 56.9
1535606709.28 56.9
1535606719.3 56.9
1535606729.32 56.9
1535606739.34 56.4
1535606749.36 56.4
1535606759.38 56.9
1535606769.4 56.9
1535606779.42 56.4
1535606789.45 56.9
1535606799.47 55.8
1535606809.49 56.9
1535606819.51 56.9
1535606829.54 56.9
1535606839.55 56.9
1535606849.56 56.9
1535606859.59 56.9
1535606869.61 56.9
1535606879.63 56.4
1535606889.65 56.9
1535606899.67 56.4
1535606909.69 56.4
1535606919.71 56.4
1535606929.73 56.9
1535606939.74 57.5
1535606949.76 56.9
1535606959.78 56.4
1535606969.79 56.9
1535606979.81 55.8
1535606989.83 56.4
1535606999.85 56.9
1535607009.87 56.9
1535607019.89 56.4
1535607029.91 56.9
1535607039.93 56.4
1535607049.95 56.9
1535607059.97 56.9
1535607069.99 56.4
1535607080.01 56.9
1535607090.03 56.9
1535607100.04 56.9
1535607110.06 56.9
1535607120.08 55.8
1535607130.1 55.8
1535607140.12 56.4
1535607150.14 56.4
1535607160.16 56.4
1535607170.18 56.4
1535607180.2 56.9
1535607190.22 56.4
1535607200.24 56.4
1535607210.26 56.9
1535607220.28 56.4
1535607230.3 55.8
1535607240.32 56.9
1535607250.34 56.4
1535607260.36 56.4
1535607270.37 56.9
1535607280.39 56.4
1535607290.4 56.9
1535607300.43 55.8
1535607310.45 55.8
1535607320.47 56.9
1535607330.49 56.4
1535607340.51 56.4
1535607350.53 56.4
1535607360.55 55.8
1535607370.57 56.4
1535607380.59 56.9
1535607390.61 56.4
1535607400.63 56.9
1535607410.65 56.4
1535607420.68 55.8
1535607430.7 56.4
1535607440.72 56.4
1535607450.74 55.8
1535607460.77 56.4
1535607470.79 55.8
1535607480.81 56.4
1535607490.83 56.4
1535607500.85 55.8
1535607510.87 56.4
1535607520.89 56.9
1535607530.91 56.4
1535607540.93 56.4
1535607550.95 55.8
1535607560.97 56.4
1535607570.99 56.4
1535607581.01 56.4
1535607591.03 55.8
1535607601.05 56.9
1535607611.07 55.8
1535607621.1 55.8
1535607631.12 55.8
1535607641.14 56.4
1535607651.16 56.4
1535607661.18 55.8
1535607671.2 56.4
1535607681.22 56.4
1535607691.24 56.4
1535607701.26 56.9
1535607711.28 56.4
1535607721.3 55.8
1535607731.32 55.8
1535607741.34 56.4
1535607751.36 56.9
1535607761.38 55.8
1535607771.4 56.4
1535607781.42 56.4
1535607791.44 56.4
1535607801.46 55.8
1535607811.48 55.8
1535607821.5 56.4
1535607831.52 56.4
1535607841.54 56.4
1535607851.56 55.8
1535607861.58 56.4
1535607871.6 56.4
1535607881.62 55.8
1535607891.64 56.4
1535607901.66 55.8
1535607911.68 55.8
1535607921.7 55.8
1535607931.72 55.8
1535607941.74 56.4
1535607951.76 55.8
1535607961.79 55.8
1535607971.8 56.9
1535607981.82 55.8
1535607991.83 56.9
1535608001.86 55.8
1535608011.87 56.9
1535608021.89 55.8
1535608031.91 55.8
1535608041.94 55.3
1535608051.96 55.8
1535608061.98 55.8
1535608072.0 55.8
1535608082.01 55.8
1535608092.04 55.8
1535608102.06 55.3
1535608112.08 56.9
1535608122.1 55.8
1535608132.12 56.4
1535608142.14 56.4
1535608152.16 56.9
1535608162.18 56.4
1535608172.2 55.8
1535608182.23 55.8
1535608192.24 55.8
1535608202.26 55.8
1535608212.27 57.5
1535608222.29 56.4
1535608232.3 56.4
1535608242.33 56.4
1535608252.34 56.9
1535608262.36 56.9
1535608272.38 56.4
1535608282.4 56.9
1535608292.42 56.9
1535608302.44 56.9
1535608312.46 56.9
1535608322.48 56.9
1535608332.5 55.8
1535608342.52 56.4
1535608352.54 56.4
1535608362.56 56.9
1535608372.58 56.9
1535608382.6 55.8
1535608392.61 56.9
1535608402.63 56.4
1535608412.66 56.9
1535608422.67 56.9
1535608432.69 56.4
1535608442.71 55.8
1535608452.73 56.9
1535608462.75 56.9
1535608472.77 56.4
1535608482.79 56.4
1535608492.81 55.8
1535608502.83 56.9
1535608512.85 56.4
1535608522.87 55.8
1535608532.89 55.8
1535608542.92 56.4
1535608552.94 55.8
1535608562.96 55.8
1535608572.98 56.4
1535608583.0 55.8
1535608593.01 56.4
1535608603.03 55.8
1535608613.05 56.4
1535608623.07 55.8
1535608633.09 56.4
1535608643.11 56.4
1535608653.13 56.4
1535608663.15 55.8
1535608673.17 55.8
1535608683.2 56.4
1535608693.22 56.4
1535608703.24 55.8
1535608713.25 56.4
1535608723.27 56.9
1535608733.29 56.9
1535608743.3 56.9
1535608753.32 55.8
1535608763.34 57.5
1535608773.36 56.4
1535608783.38 56.4
1535608793.4 56.4
1535608803.42 57.5
1535608813.44 56.4
1535608823.46 55.8
1535608833.48 55.8
1535608843.5 55.8
1535608853.52 56.4
1535608863.54 55.8
1535608873.56 56.4
1535608883.57 56.9
1535608893.59 56.9
1535608903.6 56.4
1535608913.63 56.4
1535608923.65 55.8
1535608933.67 56.9
1535608943.69 55.8
1535608953.71 55.8
1535608963.74 56.4
1535608973.76 56.4
1535608983.77 56.4
1535608993.79 56.4
1535609003.81 55.8
1535609013.83 56.9
1535609023.85 56.4
1535609033.87 56.4
1535609043.88 55.8
1535609053.9 56.4
1535609063.92 56.9
1535609073.94 55.8
1535609083.96 55.8
1535609093.98 55.8
1535609104.0 55.8
1535609114.02 56.4
1535609124.04 56.4
1535609134.06 55.8
1535609144.08 56.4
1535609154.09 56.9
1535609164.11 56.4
1535609174.13 56.4
1535609184.16 55.8
1535609194.18 56.9
1535609204.19 56.4
1535609214.21 56.4
1535609224.23 56.4
1535609234.25 54.8
1535609244.27 56.9
1535609254.29 55.8
1535609264.31 55.8
1535609274.33 55.8
1535609284.35 56.4
1535609294.36 56.4
1535609304.38 56.4
1535609314.4 55.8
1535609324.43 55.8
1535609334.45 55.8
1535609344.46 55.8
1535609354.48 55.8
1535609364.5 56.9
1535609374.52 56.4
1535609384.54 55.8
1535609394.56 55.8
1535609404.58 55.8
1535609414.6 56.4
1535609424.62 56.4
1535609434.64 56.4
1535609444.66 55.8
1535609454.68 56.9
1535609464.7 55.8
1535609474.72 55.8
1535609484.75 55.8
1535609494.77 56.4
1535609504.79 56.4
1535609514.81 55.3
1535609524.83 55.8
1535609534.85 56.4
1535609544.88 56.4
1535609554.9 56.4
1535609564.91 55.8
1535609574.93 56.4
1535609584.95 56.4
1535609594.97 55.8
1535609604.99 56.4
1535609615.01 56.9
1535609625.03 56.4
1535609635.05 55.8
1535609645.07 55.8
1535609655.09 55.8
1535609665.11 56.4
1535609675.13 56.4
1535609685.15 55.8
1535609695.17 56.4
1535609705.19 55.8
1535609715.21 56.4
1535609725.23 55.8
1535609735.25 55.8
1535609745.27 56.4
1535609755.29 55.8
1535609765.31 55.8
1535609775.33 54.8
1535609785.35 55.8
1535609795.37 55.8
1535609805.39 56.4
1535609815.41 55.8
1535609825.44 56.4
1535609835.45 56.4
1535609845.47 55.8
1535609855.49 56.4
1535609865.52 55.8
1535609875.53 55.8
1535609885.55 56.4
1535609895.57 55.8
1535609905.59 55.8
1535609915.61 55.8
1535609925.63 56.4
1535609935.65 55.8
1535609945.68 56.4
1535609955.7 55.8
1535609965.72 55.8
1535609975.74 55.8
1535609985.76 55.8
1535609995.78 55.8
1535610005.8 55.8
1535610015.82 55.8
1535610025.85 55.8
1535610035.86 56.4
1535610045.88 55.8
1535610055.9 55.8
1535610065.93 55.8
1535610075.95 55.8
1535610085.97 55.8
1535610095.99 55.8
1535610106.01 55.3
1535610116.03 55.8
1535610126.05 55.8
1535610136.07 55.8
1535610146.09 55.8
1535610156.11 55.8
1535610166.13 55.8
1535610176.15 55.8
1535610186.18 56.4
1535610196.2 55.8
1535610206.22 55.8
1535610216.24 55.8
1535610226.26 55.8
1535610236.28 55.3
1535610246.3 55.8
1535610256.32 55.8
1535610266.34 55.8
1535610276.36 55.8
1535610286.38 55.8
1535610296.4 55.8
1535610306.42 55.8
1535610316.44 55.8
1535610326.46 56.4
1535610336.47 56.4
1535610346.5 55.8
1535610356.52 55.8
1535610366.53 55.8
1535610376.55 56.4
1535610386.57 55.8
1535610396.59 55.8
1535610406.61 56.9
1535610416.63 56.4
1535610426.64 55.8
1535610436.67 55.8
1535610446.69 55.3
1535610456.71 55.8
1535610466.73 55.8
1535610476.75 55.8
1535610486.77 56.4
1535610496.8 55.8
1535610506.82 55.8
1535610516.84 55.8
1535610526.86 55.8
1535610536.88 56.4
1535610546.9 56.9
1535610556.92 56.4
1535610566.94 56.9
1535610576.96 56.4
1535610586.97 56.9
1535610596.99 56.9
1535610607.02 55.8
1535610617.03 55.8
1535610627.05 55.8
1535610637.07 55.8
1535610647.09 55.8
1535610657.11 56.4
1535610667.13 55.8
1535610677.15 55.8
1535610687.17 56.4
1535610697.18 56.9
1535610707.2 55.8
1535610717.22 55.8
1535610727.23 56.4
1535610737.25 56.4
1535610747.27 56.4
1535610757.28 56.4
1535610767.3 56.4
1535610777.33 55.8
1535610787.35 55.8
1535610797.37 56.4
1535610807.39 56.4
1535610817.41 55.8
1535610827.43 55.8
1535610837.45 55.3
1535610847.47 55.8
1535610857.49 55.8
1535610867.51 56.4
1535610877.53 55.8
1535610887.54 55.8
1535610897.56 56.4
1535610907.58 55.8
1535610917.6 55.8
1535610927.62 55.3
1535610937.64 55.8
1535610947.67 55.8
1535610957.69 55.8
1535610967.71 56.4
1535610977.73 55.8
1535610987.74 55.8
1535610997.77 55.8
1535611007.79 55.8
1535611017.81 55.8
1535611027.83 55.3
1535611037.85 55.8
1535611047.87 55.8
1535611057.89 55.3
1535611067.91 55.3
1535611077.93 55.8
1535611087.95 55.8
1535611097.97 55.8
1535611107.99 55.8
1535611118.01 55.8
1535611128.03 55.8
1535611138.05 55.8
1535611148.07 55.8
1535611158.09 55.8
1535611168.11 55.8
1535611178.14 55.8
1535611188.16 55.8
1535611198.18 55.8
1535611208.2 55.8
1535611218.23 55.8
1535611228.25 55.8
1535611238.27 55.3
1535611248.29 55.3
1535611258.31 55.3
1535611268.33 55.3
1535611278.35 55.3
1535611288.37 55.8
1535611298.39 56.4
1535611308.41 55.3
1535611318.43 55.8
1535611328.45 55.8
1535611338.47 55.8
1535611348.49 55.8
1535611358.51 55.8
1535611368.53 55.8
1535611378.55 55.8
1535611388.57 55.8
1535611398.59 55.8
1535611408.61 55.8
1535611418.62 55.3
1535611428.64 55.8
1535611438.67 55.8
1535611448.68 55.8
1535611458.7 55.8
1535611468.72 56.4
1535611478.74 55.3
1535611488.75 55.8
1535611498.76 56.4
1535611508.78 56.4
1535611518.81 56.4
1535611528.83 55.8
1535611538.85 55.8
1535611548.87 55.3
1535611558.9 55.8
1535611568.91 56.9
1535611578.94 55.8
1535611588.96 55.8
1535611598.98 56.4
1535611608.99 56.4
1535611619.01 55.8
1535611629.03 56.4
1535611639.04 56.4
1535611649.06 56.4
1535611659.09 55.8
1535611669.11 56.4
1535611679.13 56.4
1535611689.14 56.9
1535611699.16 56.4
1535611709.18 55.8
1535611719.2 56.4
1535611729.22 55.8
1535611739.24 55.8
1535611749.25 55.8
1535611759.27 55.8
1535611769.28 56.4
1535611779.3 56.4
1535611789.33 55.8
1535611799.34 55.8
1535611809.36 55.8
1535611819.38 55.3
1535611829.4 55.8
1535611839.42 55.3
1535611849.44 55.8
1535611859.46 56.4
1535611869.48 55.8
1535611879.5 55.8
1535611889.52 56.4
1535611899.53 55.8
1535611909.55 56.4
1535611919.57 55.8
1535611929.59 55.8
1535611939.61 55.8
1535611949.63 55.8
1535611959.65 55.8
1535611969.67 56.4
1535611979.69 55.8
1535611989.71 55.8
1535611999.73 55.8
1535612009.75 56.4
1535612019.77 56.4
1535612029.79 55.8
1535612039.81 55.8
1535612049.83 55.8
1535612059.85 55.8
1535612069.87 56.4
1535612079.89 55.8
1535612089.91 55.8
1535612099.93 55.8
1535612109.95 54.8
1535612119.98 54.8
1535612130.0 55.8
1535612140.02 55.8
1535612150.04 55.8
1535612160.06 55.8
1535612170.08 55.8
1535612180.1 55.8
1535612190.13 55.8
1535612200.15 55.8
1535612210.17 55.8
1535612220.19 55.8
1535612230.21 55.8
1535612240.23 55.8
1535612250.25 55.8
1535612260.27 56.4
1535612270.28 55.8
1535612280.3 55.8
1535612290.32 56.4
1535612300.33 55.8
1535612310.36 56.4
1535612320.37 56.4
1535612330.39 55.8
1535612340.41 55.8
1535612350.43 55.3
1535612360.45 55.8
1535612370.46 56.4
1535612380.48 55.8
1535612390.49 56.4
1535612400.52 55.8
1535612410.53 56.4
1535612420.55 55.8
1535612430.57 55.8
1535612440.59 55.8
1535612450.61 56.4
1535612460.63 55.8
1535612470.65 55.8
1535612480.67 55.3
1535612490.69 55.3
1535612500.71 55.8
1535612510.73 55.3
1535612520.75 55.8
1535612530.77 55.8
1535612540.79 55.8
1535612550.82 55.3
1535612560.84 55.8
1535612570.86 55.8
1535612580.88 55.8
1535612590.9 55.8
1535612600.92 55.8
1535612610.94 55.8
1535612620.96 55.8
1535612630.98 55.8
1535612641.0 55.8
1535612651.02 55.8
1535612661.04 55.8
1535612671.06 55.8
1535612681.08 55.3
1535612691.1 55.8
1535612701.12 56.4
1535612711.13 56.4
1535612721.15 55.8
1535612731.17 56.4
1535612741.19 55.8
1535612751.21 55.8
1535612761.23 55.8
1535612771.25 55.8
1535612781.27 55.8
1535612791.29 54.8
1535612801.32 55.8
1535612811.34 55.3
1535612821.35 54.8
1535612831.37 55.8
1535612841.39 55.8
1535612851.41 55.8
1535612861.43 55.8
1535612871.45 55.8
1535612881.47 56.4
1535612891.49 54.8
1535612901.51 54.8
1535612911.53 54.8
1535612921.55 55.3
1535612931.57 55.3
1535612941.59 55.8
1535612951.61 55.8
1535612961.63 54.8
1535612971.65 55.8
1535612981.67 55.8
1535612991.69 55.8
1535613001.71 54.8
1535613011.73 55.3
1535613021.75 55.3
1535613031.77 55.8
1535613041.78 55.8
1535613051.8 54.8
1535613061.82 55.3
1535613071.85 55.3
1535613081.87 55.8
1535613091.89 55.3
1535613101.91 55.8
1535613111.93 55.3
1535613121.95 55.8
1535613131.97 54.8
1535613141.99 55.8
1535613152.01 56.4
1535613162.03 55.8
1535613172.05 55.8
1535613182.08 55.8
1535613192.09 56.4
1535613202.11 55.8
1535613212.13 55.8
1535613222.15 55.8
1535613232.17 55.8
1535613242.19 55.8
1535613252.21 55.8
1535613262.23 56.4
1535613272.25 55.8
1535613282.27 55.8
1535613292.29 56.9
1535613302.31 55.8
1535613312.32 56.4
1535613322.34 55.3
1535613332.37 55.3
1535613342.39 55.3
1535613352.41 55.3
1535613362.43 55.8
1535613372.45 55.8
1535613382.46 56.4
1535613392.48 55.8
1535613402.5 54.8
1535613412.52 54.8
1535613422.54 55.8
1535613432.56 55.3
1535613442.57 55.8
1535613452.6 55.8
1535613462.62 55.8
1535613472.64 55.8
1535613482.66 55.8
1535613492.68 56.4
1535613502.7 56.4
1535613512.72 55.8
1535613522.74 55.8
1535613532.76 55.8
1535613542.79 55.8
1535613552.81 55.8
1535613562.83 55.8
1535613572.85 55.8
1535613582.87 55.8
1535613592.89 55.3
1535613602.91 55.8
1535613612.94 55.8
1535613622.96 56.4
1535613632.98 55.8
1535613643.0 55.8
1535613653.02 55.8
1535613663.04 55.8
1535613673.06 55.8
1535613683.08 55.8
1535613693.1 55.8
1535613703.12 55.8
1535613713.14 55.8
1535613723.16 55.8
1535613733.18 55.8
1535613743.2 55.3
1535613753.22 55.3
1535613763.24 55.3
1535613773.26 54.8
1535613783.29 55.3
1535613793.31 55.3
1535613803.33 55.8
1535613813.34 55.8
1535613823.37 55.3
1535613833.39 55.3
1535613843.41 54.8
1535613853.43 55.3
1535613863.45 55.3
1535613873.47 55.3
1535613883.49 55.8
1535613893.51 55.8
1535613903.53 54.8
1535613913.55 55.3
1535613923.57 55.3
1535613933.59 54.8
1535613943.61 54.8
1535613953.64 55.8
1535613963.66 55.3
1535613973.68 55.3
1535613983.7 54.8
1535613993.72 54.8
1535614003.74 54.8
1535614013.76 55.8
1535614023.78 55.3
1535614033.8 55.8
1535614043.82 54.8
1535614053.84 55.8
1535614063.86 54.8
1535614073.88 55.3
1535614083.9 55.8
1535614093.92 55.8
1535614103.94 55.3
1535614113.96 55.8
1535614123.98 55.3
1535614133.99 55.8
1535614144.02 54.8
1535614154.04 54.8
1535614164.06 55.3
1535614174.07 55.8
1535614184.1 55.3
1535614194.12 55.8
1535614204.14 55.8
1535614214.15 55.3
1535614224.18 55.3
1535614234.2 55.8
1535614244.22 55.3
1535614254.24 55.8
1535614264.26 54.8
1535614274.28 55.3
1535614284.3 54.8
1535614294.32 55.3
1535614304.34 55.8
1535614314.36 55.3
1535614324.38 55.8
1535614334.4 54.8
1535614344.41 55.8
1535614354.43 55.3
1535614364.46 55.3
1535614374.47 55.8
1535614384.49 55.3
1535614394.5 55.3
1535614404.52 54.8
1535614414.55 55.3
1535614424.57 55.3
1535614434.59 54.8
1535614444.61 55.8
1535614454.63 54.8
1535614464.65 54.8
1535614474.67 55.8
1535614484.69 55.3
1535614494.71 55.3
1535614504.73 55.3
1535614514.76 55.3
1535614524.78 54.8
1535614534.8 54.8
1535614544.82 55.8
1535614554.84 55.8
1535614564.86 54.8
1535614574.88 54.8
1535614584.9 55.8
1535614594.92 55.3
1535614604.95 55.3
1535614614.96 54.8
1535614624.97 55.3
1535614635.0 55.3
1535614645.02 54.8
1535614655.04 54.8
1535614665.06 55.3
1535614675.08 54.8
1535614685.1 54.8
1535614695.12 54.8
1535614705.14 55.8
1535614715.16 54.2
1535614725.18 54.8
1535614735.2 55.3
1535614745.22 55.3
1535614755.24 54.8
1535614765.26 55.3
1535614775.28 54.8
1535614785.29 55.3
1535614795.31 54.8
1535614805.33 54.8
1535614815.35 55.3
1535614825.37 55.8
1535614835.4 55.3
1535614845.42 55.3
1535614855.44 55.3
1535614865.46 55.3
1535614875.48 55.3
1535614885.5 55.3
1535614895.52 54.8
1535614905.54 55.3
1535614915.56 55.3
1535614925.58 55.8
1535614935.6 54.8
1535614945.62 55.8
1535614955.64 54.8
1535614965.66 54.8
1535614975.68 55.3
1535614985.7 54.8
1535614995.72 54.8
1535615005.74 55.8
1535615015.76 55.8
1535615025.78 55.3
1535615035.8 55.3
1535615045.82 55.8
1535615055.84 55.8
1535615065.86 55.3
1535615075.88 56.4
1535615085.9 55.8
1535615095.92 55.3
1535615105.94 54.8
1535615115.96 54.8
1535615125.97 54.8
1535615135.99 55.8
1535615146.01 55.3
1535615156.03 55.3
1535615166.05 55.8
1535615176.07 55.3
1535615186.09 54.8
1535615196.11 55.3
1535615206.13 55.3
1535615216.15 54.8
1535615226.17 55.3
1535615236.19 55.3
1535615246.21 54.8
1535615256.23 54.8
1535615266.25 55.3
1535615276.27 54.8
1535615286.29 54.8
1535615296.31 54.8
1535615306.33 55.8
1535615316.35 55.3
1535615326.38 55.3
1535615336.4 54.8
1535615346.42 55.8
1535615356.44 56.4
1535615366.46 56.4
1535615376.48 56.4
1535615386.5 55.8
1535615396.52 55.8
1535615406.54 55.8
1535615416.56 55.8
1535615426.58 55.8
1535615436.6 55.8
1535615446.61 55.8
1535615456.63 55.3
1535615466.65 55.8
1535615476.67 55.8
1535615486.69 55.8
1535615496.71 55.3
1535615506.73 55.3
1535615516.76 55.3
1535615526.78 55.8
1535615536.79 55.8
1535615546.81 55.3
1535615556.83 55.3
1535615566.85 55.3
1535615576.87 55.3
1535615586.89 55.3
1535615596.91 54.8
1535615606.94 55.3
1535615616.95 55.8
1535615626.97 55.8
1535615636.99 54.8
1535615647.02 55.3
1535615657.03 56.4
1535615667.05 55.3
1535615677.07 55.8
1535615687.09 55.3
1535615697.11 54.8
1535615707.13 55.3
1535615717.15 55.3
1535615727.18 54.8
1535615737.19 55.8
1535615747.21 54.8
1535615757.24 55.3
1535615767.26 55.8
1535615777.28 55.3
1535615787.3 54.8
1535615797.32 55.8
1535615807.34 55.8
1535615817.35 56.4
1535615827.37 56.4
1535615837.39 55.8
1535615847.41 55.8
1535615857.43 55.8
1535615867.45 55.8
1535615877.48 55.3
1535615887.5 55.8
1535615897.52 55.8
1535615907.54 55.8
1535615917.55 55.8
1535615927.57 55.8
1535615937.59 55.8
1535615947.61 55.8
1535615957.63 55.8
1535615967.65 56.4
1535615977.67 56.4
1535615987.69 55.3
1535615997.71 55.8
1535616007.72 55.3
1535616017.75 55.8
1535616027.77 55.8
1535616037.79 55.8
1535616047.81 55.3
1535616057.83 55.8
1535616067.85 54.8
1535616077.87 55.3
1535616087.89 54.8
1535616097.92 55.3
1535616107.94 55.3
1535616117.95 55.8
1535616127.97 55.8
1535616137.99 55.8
1535616148.01 55.3
1535616158.03 55.3
1535616168.05 54.8
1535616178.08 55.3
1535616188.1 54.8
1535616198.12 54.8
1535616208.14 54.8
1535616218.16 55.8
1535616228.18 54.8
1535616238.2 55.3
1535616248.22 55.3
1535616258.24 55.8
1535616268.26 54.2
1535616278.27 55.8
1535616288.29 55.3
1535616298.31 54.8
1535616308.33 54.8
1535616318.35 55.3
1535616328.37 55.8
1535616338.38 55.8
1535616348.4 54.8
1535616358.42 55.3
1535616368.44 55.8
1535616378.46 54.8
1535616388.48 54.8
1535616398.5 55.3
1535616408.52 54.8
1535616418.54 55.8
1535616428.57 55.8
1535616438.59 54.8
1535616448.61 55.3
1535616458.63 54.8
1535616468.65 55.3
1535616478.67 55.3
1535616488.69 54.8
1535616498.71 55.3
1535616508.73 54.8
1535616518.75 54.8
1535616528.77 55.3
1535616538.79 54.2
1535616548.81 54.8
1535616558.83 54.8
1535616568.85 55.3
1535616578.88 54.8
1535616588.9 54.8
1535616598.92 55.3
1535616608.94 55.3
1535616618.96 54.8
1535616628.98 55.8
1535616639.0 54.8
1535616649.02 55.3
1535616659.04 55.3
1535616669.06 55.3
1535616679.08 54.8
1535616689.1 54.8
1535616699.12 55.3
1535616709.14 55.8
1535616719.16 55.8
1535616729.18 55.3
1535616739.2 55.8
1535616749.21 56.4
1535616759.23 55.8
1535616769.25 55.3
1535616779.28 55.3
1535616789.29 56.4
1535616799.31 55.8
1535616809.33 55.3
1535616819.34 55.3
1535616829.36 56.4
1535616839.38 55.8
1535616849.4 55.3
1535616859.41 55.8
1535616869.44 55.3
1535616879.46 54.8
1535616889.48 55.8
1535616899.5 55.3
1535616909.52 55.3
1535616919.54 54.8
1535616929.55 55.8
1535616939.57 55.8
1535616949.59 55.8
1535616959.61 56.4
1535616969.64 55.8
1535616979.66 55.8
1535616989.68 55.8
1535616999.7 55.8
1535617009.72 56.4
1535617019.74 55.8
1535617029.75 55.8
1535617039.77 55.8
1535617049.79 55.8
1535617059.82 55.8
1535617069.84 55.8
1535617079.86 55.8
1535617089.88 55.8
1535617099.9 55.8
1535617109.93 55.8
1535617119.95 55.8
1535617129.97 55.8
1535617139.99 55.8
1535617150.01 55.3
1535617160.03 55.8
1535617170.05 55.8
1535617180.07 55.8
1535617190.09 55.8
1535617200.1 55.8
1535617210.12 54.8
1535617220.14 55.3
1535617230.17 55.3
1535617240.18 56.4
1535617250.2 55.3
1535617260.22 55.8
1535617270.24 54.8
1535617280.26 55.8
1535617290.28 55.3
1535617300.3 55.3
1535617310.32 55.8
1535617320.34 55.8
1535617330.36 55.3
1535617340.38 54.8
1535617350.4 55.8
1535617360.42 55.8
1535617370.44 55.3
1535617380.45 56.4
1535617390.47 55.8
1535617400.49 54.8
1535617410.52 55.8
1535617420.53 55.3
1535617430.55 54.8
1535617440.57 55.3
1535617450.59 54.8
1535617460.61 55.8
1535617470.63 55.8
1535617480.65 54.8
1535617490.67 55.8
1535617500.68 55.8
1535617510.71 55.3
1535617520.73 55.8
1535617530.74 55.8
1535617540.76 55.8
1535617550.78 55.8
1535617560.8 54.8
1535617570.83 55.8
1535617580.85 55.3
1535617590.87 55.8
1535617600.89 54.8
1535617610.91 55.8
1535617620.93 54.8
1535617630.95 55.3
1535617640.97 54.8
1535617650.99 55.3
1535617661.01 56.4
1535617671.03 55.3
1535617681.04 55.8
1535617691.06 55.8
1535617701.08 56.4
1535617711.1 55.8
1535617721.12 56.4
1535617731.14 56.4
1535617741.15 55.8
1535617751.18 55.8
1535617761.2 54.8
1535617771.22 55.8
1535617781.24 55.3
1535617791.26 55.3
1535617801.28 55.3
1535617811.3 55.8
1535617821.32 54.8
1535617831.34 55.8
1535617841.36 55.3
1535617851.38 54.8
1535617861.4 55.8
1535617871.42 54.8
1535617881.44 55.8
1535617891.46 55.8
1535617901.47 55.8
1535617911.5 54.8
1535617921.51 55.8
1535617931.53 54.8
1535617941.55 55.3
1535617951.57 54.8
1535617961.59 55.8
1535617971.61 55.3
1535617981.63 55.8
1535617991.65 55.3
1535618001.68 56.4
1535618011.7 55.8
1535618021.72 54.8
1535618031.74 55.3
1535618041.76 55.8
1535618051.78 55.8
1535618061.8 55.8
1535618071.81 55.8
1535618081.83 55.3
1535618091.85 55.8
1535618101.88 55.8
1535618111.9 54.8
1535618121.91 55.8
1535618131.93 55.8
1535618141.95 55.8
1535618151.97 55.3
1535618161.99 55.8
1535618172.0 55.8
1535618182.02 55.8
1535618192.04 55.8
1535618202.06 55.8
1535618212.08 56.4
1535618222.1 55.8
1535618232.12 56.4
1535618242.14 56.4
1535618252.15 56.9
1535618262.18 56.9
1535618272.19 56.9
1535618282.21 55.8
1535618292.23 56.4
1535618302.25 55.8
1535618312.27 55.8
1535618322.29 56.4
1535618332.31 55.8
1535618342.33 55.8
1535618352.35 55.8
1535618362.37 55.8
1535618372.38 56.9
1535618382.4 55.8
1535618392.42 56.4
1535618402.44 55.8
1535618412.46 56.9
1535618422.48 56.4
1535618432.5 56.4
1535618442.52 56.4
1535618452.54 56.4
1535618462.55 56.9
1535618472.57 56.9
1535618482.59 55.8
1535618492.6 56.4
1535618502.62 56.4
1535618512.64 55.8
1535618522.66 55.8
1535618532.68 56.4
1535618542.69 56.4
1535618552.71 55.8
1535618562.74 55.8
1535618572.76 56.4
1535618582.77 56.9
1535618592.79 56.4
1535618602.81 55.8
1535618612.83 55.8
1535618622.84 55.8
1535618632.85 55.8
1535618642.88 56.4
1535618652.89 56.9
1535618662.91 56.4
1535618672.93 55.8
1535618682.95 56.9
1535618692.97 56.4
1535618702.99 56.9
1535618713.01 56.9
1535618723.02 56.9
1535618733.04 56.9
1535618743.06 56.4
1535618753.08 55.8
1535618763.1 56.9
1535618773.11 56.9
1535618783.13 56.9
1535618793.15 56.4
1535618803.18 56.4
1535618813.2 55.8
1535618823.22 56.4
1535618833.24 56.4
1535618843.26 55.8
1535618853.28 56.4
1535618863.3 56.9
1535618873.31 56.4
1535618883.33 56.9
1535618893.36 56.9
1535618903.38 56.9
1535618913.4 56.4
1535618923.41 56.9
1535618933.43 56.9
1535618943.46 55.8
1535618953.47 56.9
1535618963.49 55.8
1535618973.51 56.9
1535618983.53 56.9
1535618993.55 56.9
1535619003.57 56.9
1535619013.58 56.9
1535619023.6 56.4
1535619033.62 56.9
1535619043.64 56.4
1535619053.65 56.9
1535619063.66 55.8
1535619073.68 56.9
1535619083.7 56.4
1535619093.72 56.9
1535619103.74 56.9
1535619113.76 56.4
1535619123.78 56.9
1535619133.8 56.4
1535619143.82 56.4
1535619153.84 56.9
1535619163.86 55.8
1535619173.87 56.9
1535619183.89 55.8
1535619193.91 56.4
1535619203.93 55.8
1535619213.95 56.4
1535619223.96 56.4
1535619233.98 55.8
1535619244.01 55.8
1535619254.03 55.8
1535619264.03 56.9
1535619274.05 55.8
1535619284.08 55.3
1535619294.1 55.8
1535619304.12 55.8
1535619314.14 55.8
1535619324.15 56.4
1535619334.17 56.4
1535619344.2 55.8
1535619354.23 55.8
1535619364.25 55.8
1535619374.27 56.4
1535619384.28 56.4
1535619394.31 55.8
1535619404.33 55.8
1535619414.35 56.4
1535619424.38 56.4
1535619434.4 56.4
1535619444.41 56.9
1535619454.43 56.4
1535619464.45 56.9
1535619474.46 56.4
1535619484.48 55.8
1535619494.5 56.9
1535619504.52 55.8
1535619514.53 56.4
1535619524.55 56.4
1535619534.57 55.8
1535619544.58 56.4
1535619554.61 56.9
1535619564.62 56.4
1535619574.64 55.8
1535619584.66 56.4
1535619594.68 56.4
1535619604.7 55.8
1535619614.75 55.8
1535619624.76 56.9
1535619634.78 56.4
1535619644.79 56.4
1535619654.81 56.9
1535619664.83 56.9
1535619674.85 56.4
1535619684.87 56.9
1535619694.89 55.8
1535619704.91 56.4
1535619714.93 55.8
1535619724.94 56.4
1535619734.97 55.8
1535619744.98 55.3
1535619755.0 55.8
1535619765.02 56.9
1535619775.03 55.8
1535619785.05 56.9
1535619795.07 55.8
1535619805.09 55.8
1535619815.11 55.8
1535619825.12 56.4
1535619835.14 56.4
1535619845.15 56.9
1535619855.17 55.8
1535619865.19 56.4
1535619875.21 56.4
1535619885.24 55.8
1535619895.26 55.8
1535619905.28 55.8
1535619915.3 55.8
1535619925.31 55.8
1535619935.33 56.4
1535619945.35 56.4
1535619955.37 56.4
1535619965.39 56.4
1535619975.41 56.4
1535619985.43 55.8
1535619995.45 55.8
1535620005.47 56.4
1535620015.49 55.8
1535620025.51 55.8
1535620035.53 56.4
1535620045.55 56.4
1535620055.57 56.4
1535620065.58 55.8
1535620075.6 56.9
1535620085.62 56.4
1535620095.64 55.8
1535620105.66 56.4
1535620115.68 56.4
1535620125.7 56.4
1535620135.72 56.9
1535620145.74 55.8
1535620155.77 56.4
1535620165.79 55.8
1535620175.8 56.9
1535620185.82 56.4
1535620195.84 56.4
1535620205.86 56.4
1535620215.88 56.4
1535620225.91 55.3
1535620235.93 55.8
1535620245.95 55.8
1535620255.97 55.8
1535620265.99 55.8
1535620276.02 55.8
1535620286.03 55.8
1535620296.05 55.8
1535620306.07 55.8
1535620316.09 55.8
1535620326.1 56.9
1535620336.12 55.8
1535620346.13 56.4
1535620356.15 55.8
1535620366.17 55.8
1535620376.19 56.9
1535620386.21 56.4
1535620396.23 55.8
1535620406.25 55.8
1535620416.27 56.9
1535620426.28 56.9
1535620436.3 56.9
1535620446.34 56.9
1535620456.36 56.9
1535620466.38 56.9
1535620476.39 56.4
1535620486.41 56.9
1535620496.42 57.5
1535620506.44 56.9
1535620516.46 55.8
1535620526.48 55.8
1535620536.5 56.9
1535620546.52 56.4
1535620556.54 56.4
1535620566.55 56.9
1535620576.58 56.9
1535620586.59 56.9
1535620596.61 57.5
1535620606.62 56.9
1535620616.64 56.9
1535620626.66 56.9
1535620636.68 57.5
1535620646.7 57.5
1535620656.72 56.9
1535620666.74 57.5
1535620676.76 57.5
1535620686.78 56.4
1535620696.8 56.4
1535620706.82 56.9
1535620716.84 57.5
1535620726.86 56.9
1535620736.87 56.9
1535620746.9 56.9
1535620756.92 56.9
1535620766.94 56.4
1535620776.95 56.9
1535620786.97 56.4
1535620797.0 56.4
1535620807.02 56.9
1535620817.03 56.4
1535620827.05 56.9
1535620837.06 58.0
1535620847.07 58.0
1535620857.09 56.9
1535620867.11 56.9
1535620877.12 57.5
1535620887.13 58.0
1535620897.15 56.4
1535620907.18 56.9
1535620917.2 56.9
1535620927.21 56.9
1535620937.23 56.4
1535620947.25 56.9
1535620957.27 56.9
1535620967.29 56.9
1535620977.31 56.9
1535620987.31 56.9
1535620997.32 57.5
1535621007.34 56.9
1535621017.36 56.4
1535621027.38 58.0
1535621037.38 56.9
1535621047.4 56.9
1535621057.42 56.9
1535621067.43 57.5
1535621077.45 57.5
1535621087.47 57.5
1535621097.48 57.5
1535621107.5 56.9
1535621117.52 56.9
1535621127.54 56.4
1535621137.56 55.8
1535621147.58 56.9
1535621157.6 56.9
1535621167.61 56.9
1535621177.64 56.9
1535621187.66 56.4
1535621197.68 56.4
1535621207.7 56.4
1535621217.71 56.9
1535621227.73 56.4
1535621237.75 56.9
1535621247.77 56.9
1535621257.79 55.8
1535621267.81 55.8
1535621277.83 55.8
1535621287.85 55.8
1535621297.87 55.8
1535621307.89 55.8
1535621317.91 55.8
1535621327.93 55.8
1535621337.95 55.8
1535621347.97 56.9
1535621357.99 55.3
1535621368.0 56.4
1535621378.02 55.8
1535621388.04 55.8
1535621398.06 55.8
1535621408.08 55.8
1535621418.11 55.8
1535621428.12 55.8
1535621438.15 55.8
1535621448.16 55.3
1535621458.18 55.3
1535621468.2 55.8
1535621478.22 56.4
1535621488.24 55.8
1535621498.26 55.8
1535621508.27 55.8
1535621518.3 55.8
1535621528.31 55.3
1535621538.34 54.8
1535621548.35 55.8
1535621558.38 55.3
1535621568.39 55.8
1535621578.42 55.8
1535621588.44 55.8
1535621598.46 54.8
1535621608.48 55.3
1535621618.49 55.3
1535621628.51 54.8
1535621638.53 55.3
1535621648.55 54.8
1535621658.57 55.8
1535621668.59 55.3
1535621678.61 55.8
1535621688.63 55.8
1535621698.65 55.8
1535621708.67 55.3
1535621718.68 56.4
1535621728.7 55.3
1535621738.72 55.8
1535621748.74 54.8
1535621758.76 54.8
1535621768.77 55.3
1535621778.79 55.8
1535621788.81 55.3
1535621798.83 54.8
1535621808.84 55.3
1535621818.86 54.8
1535621828.88 55.3
1535621838.91 55.3
1535621848.93 55.3
1535621858.95 54.8
1535621868.96 54.8
1535621878.98 55.8
1535621889.0 56.4
1535621899.01 55.8
1535621909.03 55.8
1535621919.05 55.3
1535621929.07 55.8
1535621939.09 55.8
1535621949.11 55.8
1535621959.14 55.8
1535621969.16 55.8
1535621979.18 55.8
1535621989.2 55.8
1535621999.22 55.3
1535622009.24 56.4
1535622019.25 56.4
1535622029.27 56.4
1535622039.29 55.8
1535622049.31 54.8
1535622059.33 55.8
1535622069.35 55.3
1535622079.37 55.8
1535622089.38 55.8
1535622099.4 55.8
1535622109.41 56.4
1535622119.43 55.3
1535622129.45 55.8
1535622139.46 55.8
1535622149.48 55.8
1535622159.5 55.8
1535622169.52 55.8
1535622179.54 55.3
1535622189.56 56.4
1535622199.57 56.4
1535622209.59 55.8
1535622219.61 55.8
1535622229.63 55.8
1535622239.65 55.8
1535622249.67 56.4
1535622259.69 55.8
1535622269.71 56.4
1535622279.73 55.8
1535622289.74 56.4
1535622299.76 56.4
1535622309.78 55.8
1535622319.8 56.4
1535622329.81 56.9
1535622339.83 56.9
1535622349.85 56.4
1535622359.87 56.4
1535622369.88 56.9
1535622379.9 55.8
1535622389.93 55.8
1535622399.95 56.4
1535622409.96 56.9
1535622419.98 55.8
1535622430.0 55.8
1535622440.02 55.8
1535622450.04 55.8
1535622460.06 55.8
1535622470.08 55.8
1535622480.1 55.8
1535622490.12 57.5
1535622500.14 55.8
1535622510.16 56.9
1535622520.18 55.8
1535622530.2 56.4
1535622540.22 55.8
1535622550.24 55.8
1535622560.26 56.4
1535622570.28 56.4
1535622580.3 56.4
1535622590.32 55.8
1535622600.33 56.4
1535622610.36 55.8
1535622620.37 55.8
1535622630.39 56.4
1535622640.41 55.3
1535622650.43 55.8
1535622660.45 56.9
1535622670.46 55.8
1535622680.48 55.8
1535622690.52 55.8
1535622700.54 56.4
1535622710.56 55.8
1535622720.58 55.3
1535622730.6 56.4
1535622740.62 55.8
1535622750.64 55.8
1535622760.66 55.8
1535622770.68 55.8
1535622780.7 55.3
1535622790.72 55.8
1535622800.75 55.8
1535622810.77 55.8
1535622820.79 55.3
1535622830.8 55.8
1535622840.83 55.8
1535622850.85 55.8
1535622860.86 56.9
1535622870.88 55.8
1535622880.9 55.8
1535622890.92 55.8
1535622900.94 56.4
1535622910.96 56.4
1535622920.98 55.8
1535622931.0 56.4
1535622941.02 55.8
1535622951.03 56.9
1535622961.05 56.9
1535622971.07 56.4
1535622981.09 56.9
1535622991.09 57.5
1535623001.11 56.9
1535623011.14 58.0
1535623021.16 56.9
1535623031.18 58.0
1535623041.2 56.9
1535623051.21 56.9
1535623061.23 57.5
1535623071.24 56.9
1535623081.26 58.0
1535623091.28 56.9
1535623101.29 58.0
1535623111.31 58.0
1535623121.32 56.9
1535623131.34 56.9
1535623141.36 58.0
1535623151.37 56.9
1535623161.39 57.5
1535623171.42 56.9
1535623181.43 58.0
1535623191.45 56.9
1535623201.47 56.9
