1535500007.58 67.1
1535500017.6 66.6
1535500027.62 66.6
1535500037.63 66.6
1535500047.64 66.6
1535500057.65 66.6
1535500067.67 66.1
1535500077.68 67.1
1535500087.7 67.1
1535500097.71 66.6
1535500107.73 66.6
1535500117.74 66.6
1535500127.76 66.6
1535500137.77 66.6
1535500147.79 66.6
1535500157.8 67.7
1535500167.82 67.7
1535500177.84 66.6
1535500187.85 67.1
1535500197.87 67.1
1535500207.89 66.6
1535500217.91 66.6
1535500227.92 66.6
1535500237.94 67.1
1535500247.95 66.6
1535500257.97 67.1
1535500267.99 67.1
1535500278.0 66.6
1535500288.02 67.1
1535500298.03 66.6
1535500308.05 66.6
1535500318.06 66.6
1535500328.07 66.6
1535500338.09 66.6
1535500348.11 66.1
1535500358.12 66.6
1535500368.14 66.6
1535500378.16 67.1
1535500388.18 66.6
1535500398.19 67.1
1535500408.2 67.1
1535500418.22 66.6
1535500428.24 67.1
1535500438.25 66.6
1535500448.27 66.6
1535500458.29 66.6
1535500468.31 67.1
1535500478.32 66.6
1535500488.34 66.6
1535500498.35 66.6
1535500508.38 66.1
1535500518.39 66.6
1535500528.41 66.6
1535500538.42 66.6
1535500548.44 66.6
1535500558.46 66.1
1535500568.48 66.6
1535500578.49 66.6
1535500588.51 66.6
1535500598.53 66.6
1535500608.55 66.6
1535500618.57 66.6
1535500628.59 66.1
1535500638.6 66.6
1535500648.62 66.6
1535500658.63 66.6
1535500668.65 66.6
1535500678.67 66.6
1535500688.68 66.1
1535500698.7 65.5
1535500708.72 67.1
1535500718.74 66.1
1535500728.76 67.1
1535500738.77 66.6
1535500748.79 66.6
1535500758.81 67.1
1535500768.83 66.6
1535500778.84 67.1
1535500788.85 67.1
1535500798.87 66.6
1535500808.89 68.2
1535500818.91 67.7
1535500828.92 67.1
1535500838.94 67.1
1535500848.95 67.1
1535500858.96 67.1
1535500868.98 67.1
1535500879.0 67.1
1535500889.01 67.1
1535500899.03 67.7
1535500909.04 67.1
1535500919.05 67.1
1535500929.07 67.1
1535500939.08 67.1
1535500949.1 66.6
1535500959.11 66.6
1535500969.12 66.6
1535500979.14 66.6
1535500989.16 67.1
1535500999.17 67.1
1535501009.18 66.6
1535501019.2 66.6
1535501029.22 67.1
1535501039.23 66.6
1535501049.24 66.6
1535501059.26 66.6
1535501069.27 67.1
1535501079.28 67.1
1535501089.29 67.1
1535501099.31 67.1
1535501109.33 67.1
1535501119.35 67.1
1535501129.36 66.6
1535501139.38 67.1
1535501149.39 66.6
1535501159.41 66.6
1535501169.44 67.1
1535501179.45 67.1
1535501189.47 66.6
1535501199.48 68.2
1535501209.5 67.1
1535501219.51 67.1
1535501229.53 66.6
1535501239.54 67.1
1535501249.56 66.6
1535501259.57 66.6
1535501269.59 66.6
1535501279.61 66.6
1535501289.63 66.6
1535501299.64 67.1
1535501309.66 66.6
1535501319.68 66.6
1535501329.69 67.7
1535501339.7 67.1
1535501349.72 67.7
1535501359.73 67.7
1535501369.75 67.1
1535501379.77 67.7
1535501389.78 67.7
1535501399.79 67.7
1535501409.8 67.7
1535501419.81 67.7
1535501429.83 66.6
1535501439.85 67.1
1535501449.86 67.7
1535501459.87 67.1
1535501469.89 67.7
1535501479.9 67.7
1535501489.91 67.7
1535501499.92 67.1
1535501509.94 67.1
1535501519.96 67.7
1535501529.97 67.7
1535501539.99 67.1
1535501550.0 67.1
1535501560.01 67.7
1535501570.02 67.7
1535501580.04 67.1
1535501590.06 66.6
1535501600.07 67.1
1535501610.08 67.1
1535501620.1 67.1
1535501630.11 67.1
1535501640.13 67.1
1535501650.14 67.1
1535501660.15 66.6
1535501670.16 67.1
1535501680.18 67.7
1535501690.19 67.7
1535501700.21 67.1
1535501711.74 67.1
1535501721.76 66.6
1535501731.78 66.6
1535501741.79 66.6
1535501751.8 66.6
1535501761.81 66.6
1535501771.83 66.6
1535501781.85 66.6
1535501791.87 66.6
1535501801.88 66.6
1535501811.9 66.6
1535501821.91 67.1
1535501831.93 67.1
1535501841.94 66.1
1535501851.96 66.1
1535501861.97 66.6
1535501871.98 66.6
1535501882.0 66.6
1535501892.02 65.5
1535501902.04 65.5
1535501912.05 65.5
1535501922.06 66.1
1535501932.08 65.5
1535501942.1 64.5
1535501952.12 65.5
1535501962.13 65.0
1535501972.14 64.5
1535501982.16 65.5
1535501992.17 65.5
1535502002.18 65.5
1535502012.2 65.0
1535502022.22 64.5
1535502032.23 65.0
1535502042.25 65.5
1535502052.26 64.5
1535502062.28 64.5
1535502072.29 65.0
1535502082.31 64.5
1535502092.32 64.5
1535502102.33 64.5
1535502112.34 64.5
1535502122.36 64.5
1535502132.38 63.4
1535502142.39 63.4
1535502152.4 64.5
1535502162.42 65.0
1535502172.43 63.9
1535502182.45 63.9
1535502192.47 64.5
1535502202.48 64.5
1535502212.5 64.5
1535502222.51 64.5
1535502232.52 63.9
1535502242.54 64.5
1535502252.56 64.5
1535502262.57 63.4
1535502272.59 63.4
1535502282.6 62.8
1535502292.62 62.8
1535502302.64 63.4
1535502312.66 63.9
1535502322.67 63.4
1535502332.69 62.8
1535502342.7 62.8
1535502352.72 63.4
1535502362.73 63.4
1535502372.75 63.4
1535502382.77 62.8
1535502392.78 64.5
1535502402.8 63.4
1535502412.82 63.9
1535502422.84 63.4
1535502432.85 63.4
1535502442.87 63.9
1535502452.89 63.4
1535502462.9 63.4
1535502472.92 63.9
1535502482.94 63.4
1535502492.96 63.4
1535502502.98 63.4
1535502513.0 63.4
1535502523.01 63.4
1535502533.03 63.4
1535502543.05 62.3
1535502553.06 62.8
1535502563.08 62.8
1535502573.1 63.4
1535502583.12 63.4
1535502593.14 63.4
1535502603.15 62.8
1535502613.17 63.4
1535502623.19 63.4
1535502633.21 63.4
1535502643.22 63.4
1535502653.25 63.4
1535502663.27 62.8
1535502673.28 63.9
1535502683.31 63.4
1535502693.33 63.4
1535502703.34 63.4
1535502713.36 63.4
1535502723.37 63.4
1535502733.39 63.4
1535502743.4 63.4
1535502753.42 62.8
1535502763.44 62.8
1535502773.46 63.4
1535502783.48 63.4
1535502793.5 63.4
1535502803.52 63.4
1535502813.54 63.4
1535502823.56 63.9
1535502833.58 63.4
1535502843.6 62.8
1535502853.62 62.8
1535502863.63 62.8
1535502873.66 63.4
1535502883.67 64.5
1535502893.69 64.5
1535502903.7 63.4
1535502913.71 63.4
1535502923.73 63.9
1535502933.76 63.4
1535502943.77 64.5
1535502953.79 64.5
1535502963.81 63.4
1535502973.84 64.5
1535502983.85 64.5
1535502993.87 63.4
1535503003.88 64.5
1535503013.9 64.5
1535503023.92 63.4
1535503033.93 64.5
1535503043.95 64.5
1535503053.97 64.5
1535503063.99 64.5
1535503074.0 65.0
1535503084.02 64.5
1535503094.03 64.5
1535503104.05 65.0
1535503114.07 64.5
1535503124.08 64.5
1535503134.1 64.5
1535503144.12 64.5
1535503154.14 64.5
1535503164.15 64.5
1535503174.17 65.0
1535503184.19 64.5
1535503194.21 64.5
1535503204.22 65.0
1535503214.24 64.5
1535503224.26 64.5
1535503234.28 65.0
1535503244.29 64.5
1535503254.31 65.0
1535503264.33 63.9
1535503274.35 64.5
1535503284.36 64.5
1535503294.38 64.5
1535503304.4 65.0
1535503314.41 65.0
1535503324.43 64.5
1535503334.45 64.5
1535503344.47 64.5
1535503354.48 65.0
1535503364.5 64.5
1535503374.51 64.5
1535503384.53 64.5
1535503394.55 64.5
1535503404.57 64.5
1535503414.58 64.5
1535503424.6 65.0
1535503434.62 64.5
1535503444.63 64.5
1535503454.66 64.5
1535503464.67 65.0
1535503474.69 64.5
1535503484.71 64.5
1535503494.72 64.5
1535503504.74 64.5
1535503514.75 65.0
1535503524.77 64.5
1535503534.79 64.5
1535503544.81 63.9
1535503554.82 63.4
1535503564.84 64.5
1535503574.86 64.5
1535503584.88 63.9
1535503594.9 63.4
1535503604.91 63.9
1535503614.93 64.5
1535503624.95 63.4
1535503634.96 63.4
1535503644.98 63.9
1535503654.99 63.4
1535503665.01 64.5
1535503675.02 63.9
1535503685.04 63.4
1535503695.06 63.4
1535503705.08 63.9
1535503715.09 64.5
1535503725.11 63.4
1535503735.13 64.5
1535503745.14 63.9
1535503755.15 64.5
1535503765.16 63.9
1535503775.17 63.9
1535503785.19 63.9
1535503795.21 64.5
1535503805.22 64.5
1535503815.24 63.4
1535503825.25 63.9
1535503835.27 64.5
1535503845.28 63.4
1535503855.3 63.4
1535503865.32 62.8
1535503875.33 64.5
1535503885.34 63.9
1535503895.35 63.9
1535503905.37 63.4
1535503915.38 63.4
1535503925.39 63.4
1535503935.41 64.5
1535503945.42 64.5
1535503955.43 64.5
1535503965.45 63.9
1535503975.47 63.4
1535503985.48 63.4
1535503995.49 63.9
1535504005.51 63.4
1535504015.53 63.4
1535504025.54 63.4
1535504035.56 62.8
1535504045.58 62.3
1535504055.59 63.4
1535504065.62 62.8
1535504075.64 62.3
1535504085.66 63.4
1535504095.68 62.8
1535504105.69 62.3
1535504115.71 63.4
1535504125.73 63.4
1535504135.75 63.4
1535504145.77 62.8
1535504155.79 62.8
1535504165.8 63.4
1535504175.82 63.4
1535504185.84 62.8
1535504195.85 62.8
1535504205.87 62.8
1535504215.88 63.4
1535504225.9 62.8
1535504235.91 63.4
1535504245.92 63.4
1535504255.94 63.4
1535504265.95 62.8
1535504275.97 62.3
1535504285.99 62.8
1535504296.01 61.8
1535504306.03 62.8
1535504316.04 62.3
1535504326.05 62.3
1535504336.07 62.3
1535504346.09 62.3
1535504356.1 62.3
1535504366.12 62.3
1535504376.13 62.3
1535504386.15 62.8
1535504396.16 62.3
1535504406.18 62.8
1535504416.2 61.8
1535504426.22 61.8
1535504436.24 61.2
1535504446.26 62.3
1535504456.28 62.3
1535504466.3 61.2
1535504476.31 62.3
1535504486.33 62.3
1535504496.35 62.3
1535504506.37 61.8
1535504516.38 62.3
1535504526.4 61.2
1535504536.41 61.8
1535504546.43 61.2
1535504556.45 61.2
1535504566.47 61.2
1535504576.49 61.8
1535504586.5 61.2
1535504596.52 61.8
1535504606.54 61.2
1535504616.56 61.2
1535504626.57 62.3
1535504636.59 61.2
1535504646.61 61.2
1535504656.62 61.8
1535504666.64 61.8
1535504676.66 61.2
1535504686.68 61.2
1535504696.7 60.7
1535504706.72 61.2
1535504716.74 61.2
1535504726.77 61.2
1535504736.79 61.8
1535504746.81 62.3
1535504756.82 62.3
1535504766.84 61.8
1535504776.86 62.3
1535504786.87 61.8
1535504796.89 62.3
1535504806.91 61.2
1535504816.93 62.3
1535504826.94 62.3
1535504836.95 62.8
1535504846.97 62.3
1535504856.98 62.8
1535504866.99 62.3
1535504877.01 62.8
1535504887.02 62.8
1535504897.04 62.3
1535504907.05 62.3
1535504917.07 62.3
1535504927.08 62.3
1535504937.1 62.8
1535504947.11 62.3
1535504957.12 62.8
1535504967.14 63.4
1535504977.16 63.4
1535504987.17 63.4
1535504997.19 63.4
1535505007.2 62.8
1535505017.23 63.4
1535505027.24 63.4
1535505037.26 62.3
1535505047.28 62.3
1535505057.3 62.3
1535505067.32 62.3
1535505077.34 62.8
1535505087.36 61.8
1535505097.38 62.3
1535505107.39 63.4
1535505117.42 62.3
1535505127.43 62.8
1535505137.46 62.3
1535505147.47 62.3
1535505157.49 62.8
1535505167.5 63.4
1535505177.52 62.3
1535505187.53 62.8
1535505197.55 62.8
1535505207.57 62.3
1535505217.59 62.3
1535505227.6 62.8
1535505237.62 63.4
1535505247.64 62.3
1535505257.66 62.3
1535505267.67 62.8
1535505277.69 62.3
1535505287.71 62.3
1535505297.72 62.3
1535505307.74 62.3
1535505317.75 62.3
1535505327.77 62.3
1535505337.79 63.4
1535505347.8 63.4
1535505357.82 62.3
1535505367.84 62.8
1535505377.86 62.3
1535505387.87 62.8
1535505397.89 62.8
1535505407.91 63.4
1535505417.93 62.3
1535505427.95 62.8
1535505437.96 63.4
1535505447.97 62.3
1535505457.99 62.3
1535505468.0 62.8
1535505478.02 62.3
1535505488.03 62.3
1535505498.05 62.8
1535505508.06 62.8
1535505518.08 62.8
1535505528.09 62.8
1535505538.11 62.8
1535505548.13 62.8
1535505558.15 63.4
1535505568.17 62.3
1535505578.19 63.9
1535505588.2 63.4
1535505598.22 63.4
1535505608.24 62.8
1535505618.26 63.4
1535505628.28 62.3
1535505638.3 63.4
1535505648.31 63.4
1535505658.33 63.4
1535505668.35 63.4
1535505678.37 63.4
1535505688.39 62.8
1535505698.41 63.4
1535505708.43 63.4
1535505718.45 63.4
1535505728.46 63.4
1535505738.48 62.8
1535505748.49 62.8
1535505758.51 63.4
1535505768.53 62.8
1535505778.54 63.4
1535505788.56 63.4
1535505798.58 63.4
1535505808.6 63.4
1535505818.61 62.8
1535505828.63 63.9
1535505838.64 64.5
1535505848.66 63.4
1535505858.68 63.4
1535505868.69 62.8
1535505878.71 62.8
1535505888.73 63.4
1535505898.74 63.4
1535505908.76 63.4
1535505918.78 63.4
1535505928.8 63.4
1535505938.82 63.4
1535505948.84 63.4
1535505958.86 62.8
1535505968.87 63.4
1535505978.89 63.4
1535505988.9 63.4
1535505998.92 64.5
1535506008.94 63.4
1535506018.96 63.4
1535506028.98 62.8
1535506038.99 63.4
1535506049.01 63.4
1535506059.02 63.4
1535506069.04 62.8
1535506079.05 63.4
1535506089.06 63.4
1535506099.08 62.3
1535506109.1 62.3
1535506119.11 63.4
1535506129.13 62.3
1535506139.14 63.4
1535506149.16 62.3
1535506159.18 62.3
1535506169.19 63.4
1535506179.21 63.4
1535506189.22 62.8
1535506199.24 63.9
1535506209.25 63.4
1535506219.26 63.4
1535506229.28 63.4
1535506239.3 63.4
1535506249.31 62.8
1535506259.33 62.8
1535506269.35 62.3
1535506279.36 62.8
1535506289.37 63.4
1535506299.39 62.3
1535506309.41 62.3
1535506319.42 62.3
1535506329.44 62.8
1535506339.45 62.8
1535506349.47 62.3
1535506359.48 62.8
1535506369.51 62.8
1535506379.52 62.3
1535506389.53 62.8
1535506399.54 62.8
1535506409.55 62.8
1535506419.57 62.8
1535506429.6 62.3
1535506439.61 62.3
1535506449.63 62.8
1535506459.65 62.3
1535506469.67 62.3
1535506479.68 62.3
1535506489.71 61.8
1535506499.73 62.3
1535506509.75 62.8
1535506519.77 62.3
1535506529.78 62.3
1535506539.81 62.3
1535506549.83 62.3
1535506559.85 62.3
1535506569.87 62.3
1535506579.88 61.8
1535506589.9 62.3
1535506599.92 63.4
1535506609.94 62.8
1535506619.95 63.4
1535506629.97 62.3
1535506639.99 62.8
1535506650.0 62.8
1535506660.02 63.4
1535506670.04 62.8
1535506680.06 62.8
1535506690.08 63.4
1535506700.1 62.8
1535506710.12 62.3
1535506720.13 62.8
1535506730.15 62.8
1535506740.17 63.4
1535506750.18 62.3
1535506760.21 62.3
1535506770.22 62.8
1535506780.24 63.4
1535506790.26 62.8
1535506800.28 62.8
1535506810.3 62.8
1535506820.31 62.8
1535506830.33 62.8
1535506840.34 62.8
1535506850.35 63.4
1535506860.37 62.8
1535506870.39 62.3
1535506880.4 62.8
1535506890.42 62.3
1535506900.45 62.3
1535506910.47 62.3
1535506920.49 62.3
1535506930.51 62.8
1535506940.52 62.3
1535506950.54 62.8
1535506960.56 62.3
1535506970.58 62.8
1535506980.59 62.8
1535506990.61 62.3
1535507000.62 62.3
1535507010.64 62.8
1535507020.65 62.3
1535507030.66 63.4
1535507040.67 63.4
1535507050.69 63.4
1535507060.71 62.8
1535507070.72 63.4
1535507080.74 62.3
1535507090.76 63.4
1535507100.77 62.8
1535507110.79 62.3
1535507120.81 62.3
1535507130.82 62.8
1535507140.84 62.3
1535507150.85 62.8
1535507160.87 62.3
1535507170.88 62.3
1535507180.9 62.3
1535507190.91 62.8
1535507200.93 62.8
1535507210.94 62.3
1535507220.96 63.4
1535507230.97 62.8
1535507240.98 62.3
1535507251.0 63.4
1535507261.01 63.4
1535507271.03 63.4
1535507281.05 62.8
1535507291.06 63.4
1535507301.08 63.4
1535507311.1 62.3
1535507321.11 63.4
1535507331.13 63.4
1535507341.14 63.4
1535507351.15 63.4
1535507361.17 62.8
1535507371.2 62.3
1535507381.21 62.3
1535507391.23 62.3
1535507401.25 62.3
1535507411.26 62.8
1535507421.28 62.3
1535507431.3 62.3
1535507441.32 61.8
1535507451.34 62.3
1535507461.36 62.3
1535507471.38 62.3
1535507481.39 62.3
1535507491.4 62.3
1535507501.41 62.3
1535507511.43 61.8
1535507521.45 61.2
1535507531.46 60.7
1535507541.48 61.8
1535507551.49 60.7
1535507561.5 61.2
1535507571.52 60.1
1535507581.53 61.8
1535507591.55 61.2
1535507601.57 61.2
1535507611.58 61.2
1535507621.6 61.8
1535507631.61 61.8
1535507641.62 61.8
1535507651.64 61.2
1535507661.67 61.2
1535507671.68 61.8
1535507681.69 62.3
1535507691.7 62.3
1535507701.71 61.8
1535507711.73 61.2
1535507721.75 62.3
1535507731.77 62.3
1535507741.78 62.3
1535507751.8 61.2
1535507761.82 61.8
1535507771.83 62.3
1535507781.85 62.3
1535507791.86 62.3
1535507801.88 61.8
1535507811.9 62.8
1535507821.92 62.8
1535507831.94 62.3
1535507841.95 62.8
1535507851.97 62.3
1535507861.99 63.4
1535507872.0 63.4
1535507882.01 62.8
1535507892.03 63.4
1535507902.04 63.4
1535507912.06 62.8
1535507922.07 63.4
1535507932.09 63.4
1535507942.1 62.8
1535507952.12 62.3
1535507962.14 62.8
1535507972.16 62.3
1535507982.17 62.8
1535507992.19 62.8
1535508002.21 62.3
