1535300000.22 74.1
1535300010.24 74.1
1535300020.25 74.7
1535300030.27 74.7
1535300040.29 74.1
1535300050.31 74.7
1535300060.33 74.1
1535300070.34 75.2
1535300080.36 74.1
1535300090.37 75.2
1535300100.39 75.2
1535300110.4 75.2
1535300120.41 75.2
1535300130.43 75.2
1535300140.45 74.1
1535300150.47 74.7
1535300160.49 74.1
1535300170.51 74.1
1535300180.52 74.7
1535300190.53 74.1
1535300200.55 74.7
1535300210.56 74.7
1535300220.57 74.7
1535300230.59 74.1
1535300240.61 75.2
1535300250.62 74.7
1535300260.63 74.7
1535300270.65 74.1
1535300280.67 74.7
1535300290.69 74.7
1535300300.7 74.7
1535300310.72 74.1
1535300320.73 74.1
1535300330.75 74.1
1535300340.77 74.1
1535300350.79 74.1
1535300360.8 74.1
1535300370.83 74.1
1535300380.84 74.1
1535300390.87 74.1
1535300400.89 74.1
1535300410.9 75.2
1535300420.92 74.1
1535300430.94 74.1
1535300440.96 74.1
1535300450.97 75.2
1535300460.99 74.1
1535300471.02 75.2
1535300481.03 74.1
1535300491.05 74.1
1535300501.06 75.2
1535300511.07 74.7
1535300521.09 74.7
1535300531.11 74.1
1535300541.13 74.1
1535300551.14 74.1
1535300561.16 75.2
1535300571.17 75.2
1535300581.19 75.2
1535300591.21 74.7
1535300601.22 75.2
1535300611.24 75.2
1535300621.26 75.2
1535300631.27 75.2
1535300641.28 75.8
1535300651.29 75.2
1535300661.3 75.2
1535300671.32 75.8
1535300681.33 75.8
1535300691.35 76.3
1535300701.36 75.8
1535300711.38 76.3
1535300721.39 76.3
1535300731.41 76.3
1535300741.43 76.3
1535300751.45 76.3
1535300761.47 75.8
1535300771.48 76.3
1535300781.5 76.3
1535300791.52 76.3
1535300801.53 76.8
1535300811.54 76.8
1535300821.56 76.3
1535300831.57 76.3
1535300841.59 76.3
1535300851.6 76.3
1535300861.63 75.8
1535300871.64 76.3
1535300881.66 76.3
1535300891.68 76.3
1535300901.69 75.8
1535300911.71 76.8
1535300921.72 76.8
1535300931.74 76.3
1535300941.75 75.8
1535300951.78 75.8
1535300961.79 76.3
1535300971.8 75.8
1535300981.81 75.8
1535300991.83 75.2
1535301001.84 76.3
1535301011.85 76.3
1535301021.87 76.3
1535301031.88 75.8
1535301041.9 76.3
1535301051.91 76.3
1535301061.93 76.3
1535301071.95 76.8
1535301081.96 77.4
1535301091.98 76.3
1535301101.99 76.3
1535301112.01 76.3
1535301122.02 76.3
1535301132.03 76.3
1535301142.05 75.8
1535301152.06 75.8
1535301162.08 76.3
1535301172.09 75.8
1535301182.11 75.8
1535301192.12 76.3
1535301202.14 75.8
1535301212.16 75.8
1535301222.18 75.8
1535301232.19 76.3
1535301242.21 76.3
1535301252.22 76.3
1535301262.24 76.3
1535301272.25 75.8
1535301282.27 76.3
1535301292.28 76.3
1535301302.3 76.3
1535301312.31 76.3
1535301322.33 76.3
1535301332.34 77.4
1535301342.36 76.3
1535301352.38 76.3
1535301362.4 76.3
1535301372.41 76.3
1535301382.42 76.3
1535301392.44 76.3
1535301402.45 76.3
1535301412.47 76.8
1535301422.49 77.4
1535301432.5 76.3
1535301442.51 76.3
1535301452.53 76.3
1535301462.55 76.3
1535301472.56 76.3
1535301482.57 76.8
1535301492.59 76.3
1535301502.61 76.3
1535301512.63 76.3
1535301522.64 75.8
1535301532.66 76.3
1535301542.68 76.3
1535301552.69 76.3
1535301562.71 75.8
1535301572.72 76.3
1535301582.74 76.3
1535301592.76 76.3
1535301602.77 76.3
1535301612.79 76.3
1535301622.8 77.4
1535301632.82 76.3
1535301642.83 75.8
1535301652.85 76.3
1535301662.87 76.3
1535301672.89 76.8
1535301682.9 76.3
1535301692.92 76.3
1535301702.94 77.4
1535301712.95 76.3
1535301722.97 76.8
1535301732.99 76.3
1535301743.01 76.8
1535301753.03 76.8
1535301763.05 76.8
1535301773.07 75.8
1535301783.09 76.3
1535301793.11 75.8
1535301803.13 76.3
1535301813.14 76.8
1535301823.16 76.3
1535301833.18 76.3
1535301843.2 77.4
1535301853.21 76.3
1535301863.23 76.3
1535301873.25 77.4
1535301883.27 76.3
1535301893.29 76.3
1535301903.3 76.3
1535301913.32 76.3
1535301923.33 77.4
1535301933.35 76.3
1535301943.36 76.3
1535301953.38 76.3
1535301963.4 75.2
1535301973.42 76.3
1535301983.43 76.3
1535301993.46 76.3
1535302003.47 76.8
1535302013.49 76.3
1535302023.51 75.8
1535302033.53 75.8
1535302043.55 75.8
1535302053.56 75.8
1535302063.58 75.2
1535302073.6 74.7
1535302083.62 75.2
1535302093.64 75.2
1535302103.66 74.7
1535302113.67 75.2
1535302123.69 74.1
1535302133.71 74.1
1535302143.73 74.1
1535302153.75 75.2
1535302163.77 74.1
1535302173.79 74.1
1535302183.8 74.7
1535302193.82 73.6
1535302203.84 74.1
1535302213.85 74.7
1535302223.87 74.7
1535302233.88 74.1
1535302243.89 74.7
1535302253.9 74.1
1535302263.91 74.7
1535302273.92 75.2
1535302283.94 75.2
1535302293.95 74.1
1535302303.98 74.1
1535302314.0 74.7
1535302324.01 74.7
1535302334.03 73.6
1535302344.05 74.1
1535302354.07 74.1
1535302364.09 74.1
1535302374.1 75.2
1535302384.12 74.1
1535302394.14 74.7
1535302404.15 74.7
1535302414.17 74.7
1535302424.19 74.7
1535302434.21 74.7
1535302444.22 73.6
1535302454.24 74.1
1535302464.26 74.1
1535302474.27 74.7
1535302484.29 75.2
1535302494.3 74.7
1535302504.32 74.7
1535302514.33 74.7
1535302524.35 74.1
1535302534.37 74.1
1535302544.38 74.7
1535302554.4 74.7
1535302564.41 75.2
1535302574.43 74.1
1535302584.44 74.1
1535302594.46 73.6
1535302604.48 74.1
1535302614.49 74.1
1535302624.51 74.1
1535302634.52 74.1
1535302644.54 74.1
1535302654.56 74.1
1535302664.58 74.7
1535302674.6 74.1
1535302684.61 74.1
1535302694.63 74.1
1535302704.65 74.1
1535302714.67 74.1
1535302724.68 74.1
1535302734.7 74.7
1535302744.72 73.6
1535302754.74 73.6
1535302764.75 74.1
1535302774.77 74.1
1535302784.78 73.6
1535302794.8 74.7
1535302804.82 76.3
1535302814.84 75.2
1535302824.85 75.2
1535302834.87 74.7
1535302844.89 74.7
1535302854.91 74.1
1535302864.92 74.1
1535302874.94 74.1
1535302884.96 74.1
1535302894.97 74.7
1535302904.99 74.1
1535302915.01 74.1
1535302925.03 74.7
1535302935.04 75.2
1535302945.06 74.7
1535302955.07 75.2
1535302965.09 75.2
1535302975.11 75.2
1535302985.12 75.2
1535302995.14 74.7
1535303005.16 75.2
1535303015.19 75.2
1535303025.2 75.2
1535303035.22 75.2
1535303045.24 75.8
1535303055.25 75.8
1535303065.27 75.8
1535303075.29 76.3
1535303085.31 75.2
1535303095.32 75.8
1535303105.34 75.2
1535303115.36 75.8
1535303125.38 75.2
1535303135.4 75.8
1535303145.41 75.8
1535303155.44 75.2
1535303165.45 75.2
1535303175.47 74.7
1535303185.49 74.1
1535303195.52 75.2
1535303205.55 74.1
1535303215.56 75.2
1535303225.58 75.2
1535303235.6 75.2
1535303245.62 75.2
1535303255.63 75.2
1535303265.65 75.2
1535303275.67 75.2
1535303285.68 75.2
1535303295.7 75.2
1535303305.71 75.2
1535303315.73 75.8
1535303325.75 74.7
1535303335.76 75.2
1535303345.78 75.2
1535303355.79 75.8
1535303365.81 75.2
1535303375.83 75.8
1535303385.85 75.8
1535303395.87 75.2
1535303405.88 75.2
1535303415.9 75.2
1535303425.91 75.8
1535303435.93 75.2
1535303445.95 75.2
1535303455.97 75.8
1535303465.98 75.2
1535303476.0 75.8
1535303486.02 76.3
1535303496.04 76.3
1535303506.06 76.3
1535303516.08 76.3
1535303526.1 76.3
1535303536.11 76.3
1535303546.13 76.8
1535303556.15 76.8
1535303566.16 76.3
1535303576.19 76.3
1535303586.2 76.3
1535303596.21 76.3
1535303606.22 77.4
1535303616.24 77.4
1535303626.25 77.4
1535303636.27 76.8
1535303646.29 76.8
1535303656.31 76.8
1535303666.32 77.4
1535303676.34 76.3
1535303686.35 76.8
1535303696.37 77.4
1535303706.39 76.8
1535303716.4 76.8
1535303726.42 77.4
1535303736.43 77.4
1535303746.45 76.8
1535303756.47 75.8
1535303766.49 76.3
1535303776.51 76.3
1535303786.52 76.8
1535303796.54 77.4
1535303806.56 76.8
1535303816.57 76.3
1535303826.59 77.4
1535303836.61 76.3
1535303846.63 76.3
1535303856.64 76.3
1535303866.66 76.3
1535303876.68 76.3
1535303886.69 76.8
1535303896.71 76.8
1535303906.73 76.8
1535303916.74 77.4
1535303926.76 77.4
1535303936.77 76.8
1535303946.79 77.4
1535303956.8 77.4
1535303966.82 77.4
1535303976.83 77.4
1535303986.85 76.3
1535303996.86 77.9
1535304006.88 77.9
1535304016.89 77.4
1535304026.91 77.9
1535304036.92 77.9
1535304046.94 77.4
1535304056.95 77.9
1535304066.97 78.4
1535304076.98 77.4
1535304086.99 77.9
1535304097.01 77.4
1535304107.03 77.9
1535304117.05 77.4
1535304127.06 77.4
1535304137.08 77.4
1535304147.1 77.4
1535304157.11 77.4
1535304167.13 77.4
1535304177.14 77.4
1535304187.16 76.8
1535304197.18 76.8
1535304207.2 77.4
1535304217.21 77.4
1535304227.22 77.4
1535304237.24 77.4
1535304247.26 77.4
1535304257.27 77.4
1535304267.29 77.4
1535304277.3 77.4
1535304287.32 77.9
1535304297.33 77.4
1535304307.35 77.9
1535304317.36 77.4
1535304327.38 77.9
1535304337.39 78.4
1535304347.41 78.4
1535304357.42 78.4
1535304367.44 77.9
1535304377.46 78.4
1535304387.48 77.9
1535304397.49 77.9
1535304407.51 78.4
1535304417.52 77.4
1535304427.54 78.4
1535304437.55 77.9
1535304447.57 77.9
1535304457.59 77.9
1535304467.61 77.9
1535304477.63 77.9
1535304487.65 78.4
1535304497.66 77.9
1535304507.68 77.9
1535304517.7 77.4
1535304527.72 77.9
1535304537.73 77.4
1535304547.75 77.4
1535304557.76 77.9
1535304567.78 77.9
1535304577.8 77.4
1535304587.82 77.9
1535304597.83 77.4
1535304607.85 77.4
1535304617.87 77.9
1535304627.9 77.4
1535304637.91 76.8
1535304647.93 77.4
1535304657.94 77.9
1535304667.96 77.4
1535304677.97 77.4
1535304687.98 77.4
1535304697.99 77.4
1535304708.01 77.4
1535304718.02 77.4
1535304728.03 77.4
1535304738.05 77.4
1535304748.07 76.8
1535304758.08 77.4
1535304768.1 77.4
1535304778.11 76.8
1535304788.13 76.3
1535304798.15 76.8
1535304808.16 76.8
1535304818.17 76.3
1535304828.18 76.3
1535304838.2 76.8
1535304848.22 77.4
1535304858.24 76.8
1535304868.25 76.3
1535304878.27 76.3
1535304888.29 76.3
1535304898.31 75.8
1535304908.32 76.3
1535304918.34 76.3
1535304928.35 76.3
1535304938.37 76.3
1535304948.38 76.8
1535304958.4 76.3
1535304968.41 75.2
1535304978.43 75.2
1535304988.45 75.8
1535304998.46 75.2
1535305008.48 75.2
1535305018.5 75.8
1535305028.51 75.2
1535305038.53 75.2
1535305048.54 75.2
1535305058.56 75.2
1535305068.58 74.7
1535305078.59 75.2
1535305088.61 74.1
1535305098.63 75.2
1535305108.65 75.2
1535305118.66 75.2
1535305128.67 75.2
1535305138.69 75.2
1535305148.71 75.2
1535305158.72 75.2
1535305168.74 75.2
1535305178.75 75.2
1535305188.77 75.8
1535305198.78 75.2
1535305208.8 75.8
1535305218.82 75.8
1535305228.84 75.8
1535305238.86 75.8
1535305248.88 75.8
1535305258.89 75.2
1535305268.91 76.3
1535305278.92 75.8
1535305288.94 75.8
1535305298.96 75.2
1535305308.97 75.8
1535305318.98 75.8
1535305329.0 75.8
1535305339.02 75.8
1535305349.03 75.2
1535305359.05 75.8
1535305369.07 75.2
1535305379.09 75.2
1535305389.11 75.8
1535305399.12 75.8
1535305409.14 75.8
1535305419.16 75.2
1535305429.18 75.8
1535305439.2 76.8
1535305449.21 76.3
1535305459.23 75.8
1535305469.25 75.8
1535305479.26 75.8
1535305489.28 75.2
1535305499.3 75.2
1535305509.32 75.8
1535305519.33 75.2
1535305529.35 76.3
1535305539.37 75.2
1535305549.38 75.2
1535305559.4 75.2
1535305569.41 75.2
1535305579.43 75.8
1535305589.45 75.8
1535305599.46 75.2
1535305609.48 75.8
1535305619.5 75.2
1535305629.51 75.8
1535305639.53 76.3
1535305649.54 75.8
1535305659.56 75.8
1535305669.58 76.3
1535305679.59 76.3
1535305689.61 75.8
1535305699.62 76.3
1535305709.63 75.8
1535305719.65 76.3
1535305729.66 75.8
1535305739.68 75.8
1535305749.69 75.8
1535305759.71 75.8
1535305769.72 76.3
1535305779.74 76.3
1535305789.76 75.8
1535305799.77 76.3
1535305809.79 76.3
1535305819.81 76.3
1535305829.82 76.3
1535305839.84 75.8
1535305849.85 75.8
1535305859.87 76.3
1535305869.88 76.3
1535305879.89 76.3
1535305889.9 76.3
1535305899.93 75.8
1535305909.94 76.3
1535305919.95 76.3
1535305929.97 75.8
1535305939.99 75.8
1535305950.0 75.2
1535305960.02 75.2
1535305970.03 75.8
1535305980.05 75.8
1535305990.06 75.8
1535306000.07 75.8
1535306010.09 75.8
1535306020.1 75.8
1535306030.12 75.2
1535306040.13 75.8
1535306050.15 76.3
1535306060.17 75.8
1535306070.18 75.2
1535306080.2 75.2
1535306090.21 75.2
1535306100.22 75.8
1535306110.24 76.3
1535306120.26 75.8
1535306130.27 76.3
1535306140.29 75.8
1535306150.31 76.3
1535306160.32 75.2
1535306170.34 75.8
1535306180.35 75.8
1535306190.37 75.8
1535306200.38 75.8
1535306210.4 75.2
1535306220.41 76.3
1535306230.43 76.3
1535306240.44 76.3
1535306250.46 76.3
1535306260.48 75.8
1535306270.49 75.8
1535306280.5 76.3
1535306290.52 75.8
1535306300.53 75.8
1535306310.55 75.2
1535306320.56 75.8
1535306330.58 75.8
1535306340.59 76.3
1535306350.6 76.3
1535306360.62 76.3
1535306370.63 75.8
1535306380.65 76.3
1535306390.66 75.8
1535306400.68 76.3
