1535900007.5 69.3
1535900017.52 69.3
1535900027.54 69.3
1535900037.56 69.3
1535900047.57 69.8
1535900057.59 69.8
1535900067.61 69.8
1535900077.62 69.8
1535900087.64 69.3
1535900097.65 69.8
1535900107.67 69.3
1535900117.69 69.3
1535900127.7 69.3
1535900137.71 69.8
1535900147.73 69.8
1535900157.74 70.9
1535900167.76 70.9
1535900177.78 69.8
1535900187.79 69.8
1535900197.81 69.8
1535900207.82 70.9
1535900217.85 69.8
1535900227.86 69.8
1535900237.88 70.4
1535900247.89 69.3
1535900257.91 69.8
1535900267.92 69.8
1535900277.93 69.8
1535900287.94 69.8
1535900297.95 70.9
1535900307.98 70.4
1535900317.99 70.9
1535900328.01 69.8
1535900338.02 70.9
1535900348.04 70.9
1535900358.05 70.9
1535900368.06 69.8
1535900378.07 70.4
1535900388.09 70.4
1535900398.1 70.9
1535900408.12 72.0
1535900418.13 71.4
1535900428.14 70.9
1535900438.16 70.9
1535900448.18 70.9
1535900458.19 70.9
1535900468.21 70.9
1535900478.23 71.4
1535900488.24 71.4
1535900498.26 70.9
1535900508.28 71.4
1535900518.29 70.9
1535900528.31 70.9
1535900538.32 70.9
1535900548.34 70.9
1535900558.35 70.9
1535900568.37 70.9
1535900578.39 71.4
1535900588.41 70.9
1535900598.42 72.0
1535900608.44 71.4
1535900618.46 71.4
1535900628.47 71.4
1535900638.49 70.9
1535900648.5 70.9
1535900658.52 71.4
1535900668.54 70.9
1535900678.56 71.4
1535900688.57 71.4
1535900698.59 70.9
1535900708.61 71.4
1535900718.62 70.9
1535900728.64 72.0
1535900738.65 72.0
1535900748.68 70.9
1535900758.69 71.4
1535900768.7 72.0
1535900778.72 71.4
1535900788.74 71.4
1535900798.76 71.4
1535900808.77 71.4
1535900818.78 72.0
1535900828.8 72.0
1535900838.81 72.0
1535900848.83 71.4
1535900858.84 72.0
1535900868.86 72.0
1535900878.88 71.4
1535900888.89 71.4
1535900898.91 71.4
1535900908.93 71.4
1535900918.95 70.9
1535900928.97 70.9
1535900938.98 70.9
1535900948.99 70.9
1535900959.01 71.4
1535900969.03 70.9
1535900979.05 70.9
1535900989.07 70.9
1535900999.09 70.9
1535901009.11 70.9
1535901019.13 70.9
1535901029.15 72.0
1535901039.17 71.4
1535901049.19 70.9
1535901059.2 72.0
1535901069.22 71.4
1535901079.23 70.9
1535901089.25 71.4
1535901099.27 70.9
1535901109.29 70.9
1535901119.31 70.9
1535901129.33 70.9
1535901139.35 70.9
1535901149.36 70.9
1535901159.38 70.9
1535901169.4 70.9
1535901179.43 70.4
1535901189.44 70.9
1535901199.46 70.9
1535901209.48 70.9
1535901219.49 70.4
1535901229.51 69.8
1535901239.53 70.4
1535901249.54 70.9
1535901259.56 69.8
1535901269.57 70.4
1535901279.59 69.8
1535901289.6 69.8
1535901299.61 71.4
1535901309.63 70.9
1535901319.64 70.9
1535901329.67 70.9
1535901339.69 70.9
1535901349.71 72.0
1535901359.72 71.4
1535901369.74 71.4
1535901379.75 72.0
1535901389.77 72.0
1535901399.79 70.9
1535901409.81 71.4
1535901419.82 70.9
1535901429.84 71.4
1535901439.86 70.9
1535901449.88 70.9
1535901459.9 70.9
1535901469.93 70.9
1535901479.95 71.4
1535901489.96 71.4
1535901499.98 72.0
1535901509.99 71.4
1535901520.0 71.4
1535901530.02 70.9
1535901540.03 71.4
1535901550.05 72.0
1535901560.06 70.9
1535901570.09 70.9
1535901580.1 71.4
1535901590.11 72.0
1535901600.13 70.9
1535901610.15 71.4
1535901620.17 71.4
1535901630.18 71.4
1535901640.2 71.4
1535901650.21 72.0
1535901660.23 72.5
1535901670.24 71.4
1535901680.26 72.0
1535901690.27 72.0
1535901700.29 72.0
1535901710.3 72.0
1535901720.32 71.4
1535901730.34 72.0
1535901740.35 72.0
1535901750.39 71.4
1535901760.4 73.1
1535901770.42 73.1
1535901780.43 72.0
1535901790.45 72.0
1535901800.46 72.5
1535901810.48 72.0
1535901820.5 73.1
1535901830.51 73.1
1535901840.53 73.1
1535901850.55 72.0
1535901860.57 72.5
1535901870.59 73.1
1535901880.6 72.0
1535901890.61 72.0
1535901900.63 72.0
1535901910.65 72.0
1535901920.67 72.5
1535901930.69 71.4
1535901940.71 72.0
1535901950.73 72.0
1535901960.74 72.0
1535901970.76 72.0
1535901980.78 72.0
1535901990.8 72.0
1535902000.82 72.0
1535902010.83 72.0
1535902020.85 72.5
1535902030.87 72.5
1535902040.88 73.1
1535902050.89 73.1
1535902060.91 71.4
1535902070.95 72.0
1535902080.96 71.4
1535902090.98 72.0
1535902101.0 72.0
1535902111.01 72.0
1535902121.03 72.5
1535902131.04 72.0
1535902141.06 72.0
1535902151.07 71.4
1535902161.09 72.0
1535902171.11 72.5
1535902181.12 71.4
1535902191.13 72.0
1535902201.15 72.0
1535902211.16 72.0
1535902221.18 72.0
1535902231.19 72.5
1535902241.21 71.4
1535902251.22 73.1
1535902261.24 72.0
1535902271.25 72.0
1535902281.27 72.0
1535902291.28 72.0
1535902301.29 72.0
1535902311.3 73.1
1535902321.32 72.0
1535902331.33 73.1
1535902341.34 73.1
1535902351.36 72.5
1535902361.37 72.0
1535902371.39 73.1
1535902381.41 73.1
1535902391.43 72.0
1535902401.44 72.5
1535902411.45 72.0
1535902421.47 72.0
1535902431.48 73.1
1535902441.5 72.5
1535902451.52 73.1
1535902461.53 73.1
1535902471.54 72.5
1535902481.55 73.1
1535902491.56 73.6
1535902501.58 73.1
1535902511.59 73.1
1535902521.61 73.1
1535902531.62 73.1
1535902541.63 72.5
1535902551.65 73.1
1535902561.67 72.5
1535902571.68 73.1
1535902581.69 73.1
1535902591.7 73.6
1535902601.72 73.1
1535902611.73 73.6
1535902621.75 73.6
1535902631.77 74.1
1535902641.79 73.6
1535902651.8 73.6
1535902661.82 73.1
1535902671.83 73.6
1535902681.85 73.6
1535902691.87 74.1
1535902701.88 74.1
1535902711.9 73.6
1535902721.92 74.1
1535902731.93 73.6
1535902741.95 73.6
1535902751.97 73.6
1535902761.99 73.6
1535902772.0 74.1
1535902782.02 73.6
1535902792.03 73.6
1535902802.05 74.1
1535902812.07 74.1
1535902822.09 74.1
1535902832.1 74.1
1535902842.11 74.1
1535902852.13 74.1
1535902862.14 74.7
1535902872.16 74.1
1535902882.19 74.1
1535902892.2 74.1
1535902902.22 74.1
1535902912.23 75.2
1535902922.25 74.7
1535902932.26 75.2
1535902942.28 74.7
1535902952.29 74.1
1535902962.31 74.7
1535902972.32 75.2
1535902982.34 74.7
1535902992.35 74.1
1535903002.37 74.1
1535903012.39 74.1
1535903022.4 75.2
1535903032.42 74.1
1535903042.44 74.7
1535903052.45 74.1
1535903062.46 74.1
1535903072.48 74.1
1535903082.5 74.7
1535903092.51 74.1
1535903102.53 74.1
1535903112.55 74.1
1535903122.56 74.7
1535903132.58 74.1
1535903142.6 73.6
1535903152.62 74.1
1535903162.64 74.1
1535903172.66 74.1
1535903182.67 74.1
1535903192.69 74.1
1535903202.7 74.1
1535903212.71 74.7
1535903222.73 74.7
1535903232.74 74.1
1535903242.76 74.7
1535903252.78 74.1
1535903262.79 74.1
1535903272.81 74.1
1535903282.83 74.1
1535903292.85 74.1
1535903302.87 73.1
1535903312.89 73.6
1535903322.9 73.6
1535903332.92 73.6
1535903342.95 73.1
1535903352.97 73.1
1535903362.98 73.6
1535903373.0 73.1
1535903383.02 73.6
1535903393.03 73.1
1535903403.05 73.1
1535903413.07 73.1
1535903423.08 73.1
1535903433.09 74.1
1535903443.1 73.1
1535903453.13 73.1
1535903463.15 74.1
1535903473.16 73.1
1535903483.18 74.1
1535903493.21 73.6
1535903503.22 74.1
1535903513.24 73.1
1535903523.26 73.6
1535903533.27 73.6
1535903543.29 73.1
1535903553.31 73.1
1535903563.33 73.6
1535903573.35 73.6
1535903583.36 73.1
1535903593.37 74.1
1535903603.39 73.1
1535903613.41 73.1
1535903623.42 73.1
1535903633.44 73.1
1535903643.46 73.1
1535903653.47 73.1
1535903663.49 73.6
1535903673.5 73.1
1535903683.52 73.6
1535903693.54 73.1
1535903703.56 73.6
1535903713.57 73.6
1535903723.59 74.1
1535903733.6 74.1
1535903743.62 73.6
1535903753.64 73.6
1535903763.65 73.6
1535903773.67 74.7
1535903783.68 74.1
1535903793.7 74.1
1535903803.71 74.1
1535903813.72 74.7
1535903823.74 74.1
1535903833.75 74.1
1535903843.76 74.1
1535903853.77 74.7
1535903863.79 75.2
1535903873.8 75.2
1535903883.82 74.7
1535903893.83 74.7
1535903903.84 74.7
1535903913.85 75.2
1535903923.87 74.1
1535903933.88 74.1
1535903943.9 74.1
1535903953.91 74.1
1535903963.92 74.1
1535903973.94 74.1
1535903983.96 74.7
1535903993.97 74.1
1535904003.99 74.1
