1536200003.78 58.0
1536200013.79 59.1
1536200023.81 59.1
1536200033.83 58.0
1536200043.85 58.0
1536200053.86 58.0
1536200063.89 58.0
1536200073.91 57.5
1536200083.93 58.0
1536200093.95 58.5
1536200103.96 58.5
1536200113.98 58.0
1536200124.0 58.0
1536200134.01 58.0
1536200144.03 58.0
1536200154.05 56.9
1536200164.07 58.0
1536200174.09 58.5
1536200184.11 58.5
1536200194.13 58.0
1536200204.14 58.5
1536200214.16 58.0
1536200224.17 59.1
1536200234.19 58.5
1536200244.2 58.0
1536200254.21 58.5
1536200264.22 59.1
1536200274.24 59.1
1536200284.26 59.1
1536200294.27 58.5
1536200304.3 58.5
1536200314.31 59.1
1536200324.33 58.5
1536200334.35 58.5
1536200344.36 58.0
1536200354.38 58.0
1536200364.39 58.5
1536200374.42 59.1
1536200384.44 58.0
1536200394.45 58.0
1536200404.47 58.5
1536200414.48 58.0
1536200424.5 58.0
1536200434.51 58.5
1536200444.53 59.1
1536200454.55 58.0
1536200464.56 58.0
1536200474.58 58.0
1536200484.6 58.0
1536200494.62 58.0
1536200504.63 58.0
1536200514.65 58.0
1536200524.67 58.5
1536200534.68 58.0
1536200544.7 58.0
1536200554.72 58.0
1536200564.74 58.0
1536200574.76 58.0
1536200584.78 58.0
1536200594.8 58.0
1536200604.81 58.0
1536200614.83 58.0
1536200624.85 58.0
1536200634.87 56.9
1536200644.89 57.5
1536200654.9 56.9
1536200664.92 57.5
1536200674.94 57.5
1536200684.96 58.0
1536200694.98 56.9
1536200704.99 56.9
1536200715.0 56.9
1536200725.02 56.4
1536200735.03 56.9
1536200745.04 56.9
1536200755.05 56.9
1536200765.07 56.9
1536200775.08 56.9
1536200785.1 56.4
1536200795.12 56.9
1536200805.14 56.4
1536200815.15 56.4
1536200825.17 56.4
1536200835.19 56.4
1536200845.21 56.4
1536200855.23 56.4
1536200865.24 56.9
1536200875.26 56.9
1536200885.28 56.9
1536200895.29 56.9
1536200905.31 57.5
1536200915.33 56.4
1536200925.35 56.9
1536200935.37 56.4
1536200945.39 56.4
1536200955.41 55.8
1536200965.43 56.4
1536200975.44 56.4
1536200985.46 56.4
1536200995.47 55.8
1536201005.5 56.4
1536201015.51 56.4
1536201025.53 55.8
1536201035.54 56.4
1536201045.56 55.8
1536201055.59 55.8
1536201065.61 55.8
1536201075.63 56.9
1536201085.65 56.9
1536201095.67 56.4
1536201105.69 56.9
1536201115.7 56.9
1536201125.72 56.9
1536201135.74 55.8
1536201145.75 55.8
1536201155.77 56.9
1536201165.78 56.9
1536201175.8 56.4
1536201185.82 56.9
1536201195.83 56.9
1536201205.84 56.9
1536201215.85 56.4
1536201225.87 56.4
1536201235.88 56.9
1536201245.89 56.4
1536201255.91 56.9
1536201265.93 56.9
1536201275.96 56.9
1536201285.98 56.9
1536201296.0 56.9
1536201306.02 56.9
1536201316.04 57.5
1536201326.05 56.9
1536201336.07 56.9
1536201346.09 55.8
1536201356.1 56.4
1536201366.12 56.4
1536201376.14 56.9
1536201386.16 56.9
1536201396.18 56.4
1536201406.2 56.9
1536201416.21 56.9
1536201426.24 56.4
1536201436.25 56.9
1536201446.26 56.9
1536201456.28 56.9
1536201466.29 56.9
1536201476.31 55.8
1536201486.32 56.9
1536201496.34 56.9
1536201506.35 55.8
1536201516.37 55.8
1536201526.39 56.9
1536201536.41 56.4
1536201546.43 56.9
1536201556.44 55.8
1536201566.46 56.4
1536201576.47 56.9
1536201586.49 56.4
1536201596.5 56.9
1536201606.52 56.9
1536201616.54 56.9
1536201626.55 57.5
1536201636.57 56.9
1536201646.59 57.5
1536201656.6 56.9
1536201666.62 56.9
1536201676.64 57.5
1536201686.65 58.0
1536201696.67 58.0
1536201706.68 58.0
1536201716.7 56.4
1536201726.71 56.9
1536201736.73 56.9
1536201746.74 57.5
1536201756.77 56.9
1536201766.78 56.9
1536201776.8 57.5
1536201786.82 57.5
1536201796.84 56.9
1536201806.86 56.9
1536201816.88 56.9
1536201826.9 56.9
1536201836.92 56.9
1536201846.94 55.8
1536201856.95 55.8
1536201866.97 55.8
1536201876.98 55.8
1536201886.99 55.8
1536201897.02 55.8
1536201907.04 55.8
1536201917.06 55.8
1536201927.08 55.8
1536201937.09 55.8
1536201947.11 55.8
1536201957.13 55.8
1536201967.14 55.8
1536201977.17 55.8
1536201987.19 55.8
1536201997.2 56.4
1536202007.21 55.8
1536202017.22 55.3
1536202027.25 56.4
1536202037.26 56.9
1536202047.28 56.4
1536202057.3 55.8
1536202067.31 55.8
1536202077.33 55.8
1536202087.35 56.4
1536202097.36 55.8
1536202107.38 55.8
1536202117.4 55.8
1536202127.41 56.4
1536202137.43 55.8
1536202147.45 54.8
1536202157.48 55.3
1536202167.5 54.8
1536202177.51 55.3
1536202187.53 54.8
1536202197.55 54.8
1536202207.57 55.8
1536202217.58 54.8
1536202227.6 55.8
1536202237.62 55.8
1536202247.64 55.3
1536202257.66 54.8
1536202267.68 55.8
1536202277.69 55.3
1536202287.71 55.8
1536202297.73 55.8
1536202307.75 55.8
1536202317.78 56.4
1536202327.79 55.8
1536202337.81 55.8
1536202347.84 55.8
1536202357.85 55.8
1536202367.89 54.8
1536202377.9 55.8
1536202387.92 55.3
1536202397.94 54.8
1536202407.96 55.8
1536202417.97 55.3
1536202428.0 55.3
1536202438.01 55.8
1536202448.03 55.8
1536202458.04 55.8
1536202468.06 55.8
1536202478.08 55.8
1536202488.1 55.3
1536202498.12 54.8
1536202508.13 55.8
1536202518.15 55.8
1536202528.17 55.8
1536202538.2 55.8
1536202548.22 54.8
1536202558.23 54.8
1536202568.25 55.3
1536202578.27 54.8
1536202588.29 54.8
1536202598.31 55.3
1536202608.33 55.3
1536202618.36 54.8
1536202628.37 55.8
1536202638.39 55.3
1536202648.4 55.3
1536202658.42 55.8
1536202668.43 55.8
1536202678.45 55.3
1536202688.46 55.8
1536202698.47 55.3
1536202708.49 54.8
1536202718.51 55.8
1536202728.53 54.8
1536202738.55 55.3
1536202748.57 54.8
1536202758.59 55.3
1536202768.61 55.8
1536202778.62 55.8
1536202788.64 55.3
1536202798.66 54.8
1536202808.68 58.0
1536202818.7 55.8
1536202828.72 55.3
1536202838.74 55.3
1536202848.77 55.3
1536202858.79 55.3
1536202868.8 55.8
1536202878.81 55.8
1536202888.84 55.8
1536202898.86 55.8
1536202908.88 55.8
1536202918.9 55.8
1536202928.91 55.8
1536202938.93 55.8
1536202948.94 55.8
1536202958.96 55.8
1536202968.98 55.8
1536202979.01 56.4
1536202989.02 55.8
1536202999.04 55.8
1536203009.06 56.4
1536203019.08 55.8
1536203029.09 56.4
1536203039.1 56.4
1536203049.12 56.4
1536203059.14 55.8
1536203069.15 56.4
1536203079.17 55.8
1536203089.19 56.4
1536203099.21 56.4
1536203109.22 56.9
1536203119.24 56.9
1536203129.25 56.4
1536203139.27 56.4
1536203149.28 56.4
1536203159.29 56.4
1536203169.3 56.9
1536203179.31 56.9
1536203189.33 56.9
1536203199.35 55.3
1536203209.36 56.4
1536203219.38 56.4
1536203229.39 56.4
1536203239.41 56.4
1536203249.43 57.5
1536203259.45 56.4
1536203269.46 56.9
1536203279.47 56.9
1536203289.49 57.5
1536203299.5 56.9
1536203309.52 56.9
1536203319.55 56.9
1536203329.56 56.9
1536203339.58 56.9
1536203349.61 57.5
1536203359.63 58.0
1536203369.64 57.5
1536203379.66 58.0
1536203389.67 57.5
1536203399.68 56.9
1536203409.7 56.9
1536203419.72 57.5
1536203429.73 56.9
1536203439.75 57.5
1536203449.76 57.5
1536203459.78 57.5
1536203469.79 58.0
1536203479.81 58.0
1536203489.82 58.0
1536203499.84 56.9
1536203509.86 56.9
1536203519.87 56.9
1536203529.89 56.9
1536203539.91 56.9
1536203549.92 57.5
1536203559.93 57.5
1536203569.95 57.5
1536203579.97 58.0
1536203589.99 57.5
1536203600.01 56.9
1536203610.02 56.9
1536203620.04 56.4
1536203630.05 56.9
1536203640.07 56.9
1536203650.09 56.9
1536203660.11 55.8
1536203670.13 55.8
1536203680.15 55.3
1536203690.16 55.3
1536203700.18 56.4
1536203710.19 56.4
1536203720.21 55.3
1536203730.22 56.4
1536203740.24 56.9
1536203750.25 56.4
1536203760.27 55.8
1536203770.29 55.8
1536203780.3 55.8
1536203790.32 56.4
1536203800.33 56.4
1536203810.35 55.8
1536203820.36 56.4
1536203830.38 56.4
1536203840.4 55.8
1536203850.42 55.8
1536203860.44 55.8
1536203870.45 55.8
1536203880.47 55.8
1536203890.49 55.3
1536203900.51 55.3
1536203910.52 54.8
1536203920.54 55.8
1536203930.57 55.8
1536203940.58 55.8
1536203950.61 55.3
1536203960.63 55.3
1536203970.64 54.8
1536203980.66 55.8
1536203990.68 55.8
1536204000.7 54.2
1536204010.71 54.8
1536204020.73 54.2
1536204030.75 54.2
1536204040.77 54.8
1536204050.78 55.3
1536204060.8 54.8
1536204070.81 54.8
1536204080.83 54.8
1536204090.85 54.2
1536204100.88 54.8
1536204110.89 54.8
1536204120.91 55.3
1536204130.92 55.3
1536204140.93 55.3
1536204150.95 55.3
1536204160.97 55.3
1536204170.99 54.8
1536204181.01 54.8
1536204191.04 54.8
1536204201.05 55.3
1536204211.07 55.8
1536204221.08 54.8
1536204231.09 55.8
1536204241.11 54.8
1536204251.12 55.8
1536204261.14 55.8
1536204271.15 55.3
1536204281.17 56.4
1536204291.19 55.8
1536204301.2 55.3
1536204311.22 55.8
1536204321.24 55.3
1536204331.26 55.8
1536204341.28 56.4
1536204351.29 54.8
1536204361.31 54.8
1536204371.33 55.8
1536204381.35 55.3
1536204391.37 54.8
1536204401.41 54.8
1536204411.42 54.8
1536204421.44 55.3
1536204431.45 55.8
1536204441.47 55.3
1536204451.49 55.8
1536204461.5 55.3
1536204471.52 56.4
1536204481.54 55.8
1536204491.56 55.8
1536204501.58 55.3
1536204511.6 55.8
1536204521.61 56.4
1536204531.63 55.8
1536204541.64 55.8
1536204551.66 55.3
1536204561.68 54.8
1536204571.7 55.8
1536204581.72 55.8
1536204591.73 55.8
1536204601.75 56.9
1536204611.76 55.8
1536204621.78 55.8
1536204631.79 55.8
1536204641.81 55.3
1536204651.82 55.8
1536204661.84 55.8
1536204671.86 55.8
1536204681.87 56.4
1536204691.89 56.4
1536204701.9 56.4
1536204711.92 55.8
1536204721.94 56.4
1536204731.96 55.8
1536204741.98 55.8
1536204752.0 55.8
1536204762.01 55.8
1536204772.03 55.8
1536204782.05 55.8
1536204792.06 55.8
1536204802.08 56.4
1536204812.1 55.8
1536204822.12 55.8
1536204832.14 55.8
1536204842.15 56.4
1536204852.17 55.8
1536204862.19 55.8
1536204872.21 55.8
1536204882.23 55.8
1536204892.25 56.9
1536204902.26 56.4
1536204912.28 55.8
1536204922.3 56.9
1536204932.31 56.4
1536204942.33 56.4
1536204952.36 56.4
1536204962.38 55.8
1536204972.4 56.9
1536204982.42 56.9
1536204992.43 56.9
1536205002.46 56.9
1536205012.5 55.8
1536205022.51 56.9
1536205032.52 56.9
1536205042.54 56.4
1536205052.57 56.9
1536205062.59 56.9
1536205072.6 56.4
1536205082.63 55.8
1536205092.65 56.9
1536205102.67 56.4
1536205112.69 56.4
1536205122.71 56.9
1536205132.73 56.4
1536205142.75 56.4
1536205152.76 55.8
1536205162.79 56.9
1536205172.8 56.9
1536205182.82 56.4
1536205192.84 56.9
1536205202.85 56.9
1536205212.88 56.9
1536205222.89 56.4
1536205232.92 56.4
1536205242.94 56.4
1536205252.96 56.9
1536205262.98 56.4
1536205272.99 56.9
1536205283.01 56.4
1536205293.03 56.4
1536205303.05 56.9
1536205313.07 56.9
1536205323.08 57.5
1536205333.1 56.9
1536205343.12 56.9
1536205353.14 56.4
1536205363.16 56.9
1536205373.18 56.4
1536205383.2 55.8
1536205393.22 56.4
1536205403.23 55.8
1536205413.25 56.4
1536205423.27 55.8
1536205433.29 56.9
1536205443.3 56.9
1536205453.32 56.4
1536205463.34 56.4
1536205473.36 56.4
1536205483.38 55.8
1536205493.4 56.9
1536205503.42 56.4
1536205513.43 56.9
1536205523.45 56.9
1536205533.46 56.9
1536205543.48 56.4
1536205553.5 56.9
1536205563.51 56.9
1536205573.53 56.9
1536205583.55 58.0
1536205593.56 56.4
1536205603.58 56.4
1536205613.6 57.5
1536205623.62 56.9
1536205633.64 56.9
1536205643.65 56.4
1536205653.67 56.9
1536205663.69 56.4
1536205673.71 56.4
1536205683.72 56.4
1536205693.74 56.9
1536205703.75 56.4
1536205713.77 56.9
1536205723.78 56.9
1536205733.8 56.9
1536205743.82 56.9
1536205753.84 56.4
1536205763.85 56.4
1536205773.87 56.9
1536205783.89 56.9
1536205793.9 55.8
1536205803.92 55.8
1536205813.94 56.4
1536205823.96 56.9
1536205833.97 56.9
1536205843.99 56.9
1536205854.01 56.9
1536205864.03 55.8
1536205874.04 56.4
1536205884.06 56.4
1536205894.07 56.9
1536205904.09 56.4
1536205914.11 55.8
1536205924.13 56.4
1536205934.14 56.9
1536205944.17 55.8
1536205954.19 55.8
1536205964.2 56.9
1536205974.22 55.8
1536205984.24 56.4
1536205994.25 56.9
1536206004.27 55.8
1536206014.28 55.8
1536206024.3 55.8
1536206034.31 56.4
1536206044.33 55.8
1536206054.35 56.4
1536206064.38 55.8
1536206074.39 56.9
1536206084.41 56.9
1536206094.43 55.8
1536206104.45 55.8
1536206114.47 55.8
1536206124.49 56.4
1536206134.5 55.8
1536206144.52 55.8
1536206154.54 56.4
1536206164.56 55.8
1536206174.58 55.3
1536206184.6 55.8
1536206194.62 54.8
1536206204.64 54.8
1536206214.65 55.8
1536206224.67 56.4
1536206234.69 55.8
1536206244.71 55.8
1536206254.72 55.8
1536206264.74 55.8
1536206274.76 55.3
1536206284.79 55.3
1536206294.8 55.8
1536206304.82 55.3
1536206314.84 54.8
1536206324.86 55.8
1536206334.88 54.8
1536206344.91 54.8
1536206354.93 55.3
1536206364.94 55.8
1536206374.96 56.4
1536206384.98 55.3
1536206395.0 55.3
