1536300001.49 53.2
1536300011.51 53.7
1536300021.53 53.7
1536300031.56 53.7
1536300041.58 53.7
1536300051.6 53.7
1536300061.62 53.2
1536300071.64 53.2
1536300081.66 53.7
1536300091.68 52.6
1536300101.7 52.6
1536300111.72 52.6
1536300121.74 52.6
1536300131.76 52.6
1536300141.78 52.6
1536300151.8 52.6
1536300161.82 53.7
1536300171.84 52.6
1536300181.86 52.6
1536300191.88 52.6
1536300201.89 52.6
1536300211.91 53.7
1536300221.93 53.7
1536300231.94 53.7
1536300241.96 53.7
1536300251.98 53.7
1536300262.0 53.7
1536300272.02 52.6
1536300282.04 52.6
1536300292.06 53.7
1536300302.08 52.6
1536300312.1 52.6
1536300322.12 52.6
1536300332.14 52.6
1536300342.16 53.2
1536300352.18 52.6
1536300362.2 52.6
1536300372.22 53.2
1536300382.25 52.6
1536300392.27 53.2
1536300402.28 53.2
1536300412.3 53.2
1536300422.32 53.7
1536300432.34 53.7
1536300442.36 53.2
1536300452.38 52.6
1536300462.4 52.6
1536300472.42 52.6
1536300482.44 52.6
1536300492.46 52.6
1536300502.48 52.1
1536300512.5 52.6
1536300522.52 53.2
1536300532.54 53.2
1536300542.57 52.6
1536300552.59 52.1
1536300562.6 52.6
1536300572.62 52.1
1536300582.64 52.1
1536300592.66 52.6
1536300602.68 52.1
1536300612.69 53.7
1536300622.71 53.2
1536300632.74 53.2
1536300642.76 52.6
1536300652.78 52.1
1536300662.8 52.6
1536300672.82 52.6
1536300682.84 52.6
1536300692.86 52.6
1536300702.88 52.1
1536300712.9 54.2
1536300722.92 53.2
1536300732.94 53.2
1536300742.96 52.6
1536300752.98 53.7
1536300763.0 53.2
1536300773.02 53.2
1536300783.04 52.1
1536300793.06 52.1
1536300803.08 53.2
1536300813.1 53.2
1536300823.12 52.6
1536300833.14 52.6
1536300843.15 52.6
1536300853.18 52.6
1536300863.19 53.2
1536300873.21 52.6
1536300883.23 53.7
1536300893.25 52.6
1536300903.27 53.2
1536300913.28 53.2
1536300923.3 52.6
1536300933.33 52.6
1536300943.34 53.2
1536300953.36 52.6
1536300963.38 52.1
1536300973.4 53.2
1536300983.42 53.2
1536300993.44 53.7
1536301003.45 53.7
1536301013.47 52.1
1536301023.5 52.6
1536301033.52 53.2
1536301043.54 52.6
1536301053.55 53.2
1536301063.58 53.2
1536301073.6 53.7
1536301083.61 53.7
1536301093.63 53.7
1536301103.65 52.6
1536301113.67 52.6
1536301123.69 52.6
1536301133.71 52.6
1536301143.73 52.1
1536301153.75 53.2
1536301163.77 53.7
1536301173.8 52.6
1536301183.82 52.6
1536301193.84 53.2
1536301203.85 52.6
1536301213.87 53.7
1536301223.89 53.2
1536301233.9 52.6
1536301243.92 52.6
1536301253.93 52.6
1536301263.95 53.7
1536301273.97 52.6
1536301283.98 52.6
1536301294.0 53.7
1536301304.02 53.2
1536301314.04 52.6
1536301324.06 52.1
1536301334.08 53.2
1536301344.09 53.7
1536301354.11 53.2
1536301364.14 52.6
1536301374.16 52.6
1536301384.18 52.6
1536301394.19 52.6
1536301404.21 52.6
1536301414.23 52.6
1536301424.24 52.6
1536301434.26 53.2
1536301444.28 52.6
1536301454.29 53.2
1536301464.31 52.6
1536301474.33 52.6
1536301484.35 53.2
1536301494.37 52.1
1536301504.39 53.2
1536301514.41 53.2
1536301524.42 53.2
1536301534.45 52.6
1536301544.47 53.2
1536301554.49 52.6
1536301564.51 53.2
1536301574.53 52.6
1536301584.55 52.6
1536301594.57 53.7
1536301604.6 52.6
1536301614.62 53.2
1536301624.64 52.6
1536301634.66 52.1
1536301644.68 52.6
1536301654.71 52.6
1536301664.73 52.6
1536301674.75 52.6
1536301684.76 53.7
1536301694.79 52.6
1536301704.79 53.2
1536301714.81 52.6
1536301724.84 52.6
1536301734.85 52.6
1536301744.86 53.2
1536301754.88 53.2
1536301764.9 52.6
1536301774.92 53.2
1536301784.94 53.2
1536301794.95 52.6
1536301804.97 52.6
1536301814.98 53.2
1536301825.01 52.6
1536301835.03 52.6
1536301845.05 52.6
1536301855.07 52.1
1536301865.08 52.6
1536301875.1 53.7
1536301885.12 52.6
1536301895.13 53.2
1536301905.16 52.6
1536301915.16 53.2
1536301925.17 53.2
1536301935.19 53.7
1536301945.22 52.6
1536301955.23 53.7
1536301965.25 52.6
1536301975.27 52.6
1536301985.3 52.6
1536301995.32 53.7
1536302005.33 53.2
1536302015.35 52.6
1536302025.38 53.2
1536302035.4 53.7
1536302045.42 53.2
1536302055.44 52.6
1536302065.46 52.6
1536302075.48 52.6
1536302085.5 53.7
1536302095.52 52.6
1536302105.54 53.2
1536302115.56 52.6
1536302125.58 53.7
1536302135.59 53.7
1536302145.61 53.7
1536302155.63 53.2
1536302165.65 53.7
1536302175.67 52.6
1536302185.69 52.6
1536302195.71 52.6
1536302205.73 52.6
1536302215.75 52.6
1536302225.77 53.7
1536302235.79 53.2
1536302245.81 52.6
1536302255.83 53.2
1536302265.84 53.7
1536302275.86 52.6
1536302285.87 53.2
1536302295.9 52.6
1536302305.92 52.6
1536302315.93 53.2
1536302325.95 52.1
1536302335.98 53.2
1536302346.0 52.6
1536302356.03 52.1
1536302366.05 52.6
1536302376.07 52.1
1536302386.09 52.1
1536302396.11 52.1
1536302406.13 52.1
1536302416.14 53.2
1536302426.16 52.6
1536302436.18 52.6
1536302446.2 52.1
1536302456.21 52.1
1536302466.23 52.6
1536302476.25 52.6
1536302486.27 52.6
1536302496.29 52.6
1536302506.31 53.2
1536302516.32 52.1
1536302526.34 53.2
1536302536.35 53.7
1536302546.37 52.6
1536302556.39 52.6
1536302566.41 52.6
1536302576.43 52.6
1536302586.45 52.6
1536302596.48 52.6
1536302606.5 52.6
1536302616.52 52.6
1536302626.54 53.2
1536302636.56 52.1
1536302646.58 52.6
1536302656.6 53.2
1536302666.62 52.6
1536302676.64 52.6
1536302686.66 52.6
1536302696.68 52.6
1536302706.7 52.1
1536302716.72 52.6
1536302726.73 52.6
1536302736.76 52.6
1536302746.78 52.6
1536302756.8 51.5
1536302766.82 52.6
1536302776.84 52.6
1536302786.86 52.6
1536302796.88 52.6
1536302806.9 52.1
1536302816.92 52.6
1536302826.94 52.6
1536302836.96 52.6
1536302846.98 52.1
1536302856.99 52.1
1536302867.01 52.1
1536302877.03 52.1
1536302887.05 52.1
1536302897.07 51.5
1536302907.09 52.1
1536302917.12 52.1
1536302927.14 52.6
1536302937.16 52.1
1536302947.18 52.1
1536302957.2 52.1
1536302967.22 52.1
1536302977.24 51.5
1536302987.26 51.5
1536302997.28 51.5
1536303007.31 52.1
1536303017.33 52.6
1536303027.35 52.6
1536303037.37 52.1
1536303047.39 52.6
1536303057.41 52.1
1536303067.43 52.6
1536303077.45 51.5
1536303087.48 52.6
1536303097.5 52.1
1536303107.52 52.1
1536303117.54 52.1
1536303127.56 52.6
1536303137.58 52.1
1536303147.6 52.1
1536303157.62 52.1
1536303167.64 52.6
1536303177.66 52.6
1536303187.68 52.1
1536303197.7 52.6
1536303207.72 52.6
1536303217.74 52.1
1536303227.76 52.6
1536303237.78 51.5
1536303247.8 52.6
1536303257.82 53.2
1536303267.84 52.1
1536303277.86 52.6
1536303287.88 52.1
1536303297.9 52.6
1536303307.92 52.1
1536303317.94 51.5
1536303327.96 52.1
1536303337.98 52.1
1536303348.01 52.6
1536303358.03 52.1
1536303368.05 52.6
1536303378.07 52.1
1536303388.09 52.1
1536303398.11 52.6
1536303408.13 51.5
1536303418.15 51.5
1536303428.17 52.6
1536303438.19 52.6
1536303448.21 52.1
1536303458.23 52.1
1536303468.25 52.6
1536303478.27 52.6
1536303488.3 52.1
1536303498.32 52.1
1536303508.34 51.5
1536303518.36 52.6
1536303528.37 52.6
1536303538.4 52.1
1536303548.42 52.6
1536303558.43 52.6
1536303568.45 52.6
1536303578.47 52.1
1536303588.49 52.6
1536303598.51 51.5
1536303608.54 52.6
1536303618.56 52.6
1536303628.58 51.5
1536303638.6 51.5
1536303648.62 52.1
1536303658.64 52.1
1536303668.65 52.6
1536303678.67 52.6
1536303688.69 52.6
1536303698.71 51.5
1536303708.73 52.1
1536303718.75 52.6
1536303728.77 52.1
1536303738.79 52.1
1536303748.81 52.6
1536303758.83 51.5
1536303768.85 51.5
1536303778.87 51.5
1536303788.89 52.1
1536303798.91 52.1
1536303808.93 51.5
1536303818.95 52.1
1536303828.96 52.6
1536303838.98 52.1
1536303849.0 52.1
1536303859.02 52.1
1536303869.04 52.1
1536303879.06 51.5
1536303889.08 51.5
1536303899.1 52.1
1536303909.12 51.5
1536303919.14 52.6
1536303929.16 52.6
1536303939.19 52.1
1536303949.21 52.6
1536303959.23 52.6
1536303969.25 52.6
1536303979.27 52.6
1536303989.29 51.5
1536303999.31 52.1
1536304009.34 52.6
1536304019.36 52.1
1536304029.38 52.1
1536304039.4 52.1
1536304049.42 52.1
1536304059.44 52.6
1536304069.46 52.1
1536304079.48 52.6
1536304089.5 52.1
1536304099.51 52.6
1536304109.54 52.1
1536304119.56 52.6
1536304129.58 52.1
1536304139.59 52.1
1536304149.61 52.6
1536304159.63 53.2
1536304169.65 52.1
1536304179.67 51.5
1536304189.69 51.5
1536304199.71 52.1
1536304209.73 52.1
1536304219.75 52.1
1536304229.77 52.1
1536304239.79 52.1
1536304249.81 53.2
1536304259.83 52.6
1536304269.86 52.1
1536304279.87 52.1
1536304289.89 52.1
1536304299.91 52.6
1536304309.93 52.1
1536304319.94 52.6
1536304329.96 52.6
1536304339.98 52.6
1536304350.0 52.6
1536304360.03 51.5
1536304370.05 52.1
1536304380.07 52.1
1536304390.09 52.6
1536304400.1 52.6
1536304410.12 52.6
1536304420.14 52.6
1536304430.16 52.1
1536304440.18 52.6
1536304450.2 52.1
1536304460.22 51.5
1536304470.23 52.6
1536304480.26 52.6
1536304490.27 52.6
1536304500.29 51.5
1536304510.31 52.1
1536304520.33 52.1
1536304530.35 52.6
1536304540.38 52.1
1536304550.4 52.6
1536304560.42 52.1
1536304570.44 52.1
1536304580.45 53.2
1536304590.47 52.1
1536304600.5 52.1
1536304610.52 52.1
1536304620.53 52.6
1536304630.56 52.1
1536304640.58 51.5
1536304650.6 52.6
1536304660.61 52.6
1536304670.63 52.1
1536304680.65 52.1
1536304690.68 52.1
1536304700.7 52.1
1536304710.72 51.5
1536304720.74 52.1
1536304730.76 52.1
1536304740.78 52.1
1536304750.8 52.1
1536304760.82 53.2
1536304770.84 52.6
1536304780.86 52.1
1536304790.88 52.6
1536304800.9 52.1
1536304810.91 52.6
1536304820.93 52.1
1536304830.95 52.6
1536304840.97 52.6
1536304850.98 52.6
1536304861.0 52.6
1536304871.03 52.6
1536304881.04 52.6
1536304891.06 52.6
1536304901.08 52.1
1536304911.1 52.6
1536304921.12 52.1
1536304931.14 52.1
1536304941.16 52.1
1536304951.18 52.1
1536304961.2 52.6
1536304971.22 52.6
1536304981.24 52.1
1536304991.26 52.1
1536305001.28 52.6
1536305011.3 52.6
1536305021.32 52.6
1536305031.33 52.6
1536305041.34 52.6
1536305051.36 52.6
1536305061.38 52.6
1536305071.4 52.1
1536305081.41 53.2
1536305091.43 52.1
1536305101.44 52.6
1536305111.46 52.1
1536305121.48 52.1
1536305131.5 52.1
1536305141.52 52.6
1536305151.54 52.6
1536305161.56 52.1
1536305171.58 52.1
1536305181.6 52.6
1536305191.63 52.1
1536305201.65 52.1
1536305211.67 52.1
1536305221.69 52.1
1536305231.72 52.1
1536305241.73 52.6
1536305251.75 52.1
1536305261.77 52.6
1536305271.8 53.2
1536305281.82 52.1
1536305291.84 52.1
1536305301.86 52.6
1536305311.88 52.1
1536305321.9 52.6
1536305331.92 52.6
1536305341.94 52.1
1536305351.96 52.1
1536305361.98 52.6
1536305372.0 52.1
1536305382.02 52.1
1536305392.05 52.1
1536305402.07 51.5
1536305412.09 52.6
1536305422.11 52.6
1536305432.13 52.1
1536305442.15 51.5
1536305452.17 52.6
1536305462.19 52.6
1536305472.2 52.6
1536305482.23 52.1
1536305492.25 51.5
1536305502.26 52.1
1536305512.28 52.1
1536305522.3 51.5
1536305532.33 52.1
1536305542.35 52.1
1536305552.36 52.6
1536305562.38 52.6
1536305572.41 52.1
1536305582.43 52.6
1536305592.44 52.6
1536305602.46 52.6
1536305612.49 52.6
1536305622.5 52.6
1536305632.52 53.7
1536305642.54 52.1
1536305652.56 53.2
1536305662.57 53.2
1536305672.59 53.2
1536305682.62 52.1
1536305692.64 52.6
1536305702.66 52.6
1536305712.69 52.6
1536305722.71 52.1
1536305732.73 52.1
1536305742.75 52.6
1536305752.77 52.6
1536305762.78 53.2
1536305772.79 53.2
1536305782.82 52.6
1536305792.83 53.2
1536305802.85 53.2
1536305812.87 52.6
1536305822.88 52.6
1536305832.91 52.6
1536305842.93 52.6
1536305852.95 52.1
1536305862.96 53.7
1536305872.99 52.6
1536305883.01 53.2
1536305893.03 52.6
1536305903.04 52.6
1536305913.06 52.6
1536305923.08 53.2
1536305933.1 52.6
1536305943.12 52.6
1536305953.14 52.6
1536305963.16 52.1
1536305973.18 53.2
1536305983.2 52.6
1536305993.22 52.6
1536306003.23 53.2
1536306013.25 52.6
1536306023.27 53.7
1536306033.28 52.6
1536306043.3 52.1
1536306053.32 52.6
1536306063.33 53.2
1536306073.35 52.6
1536306083.37 52.1
1536306093.39 53.2
1536306103.41 53.7
1536306113.43 52.6
1536306123.45 53.2
1536306133.47 52.6
1536306143.49 52.6
1536306153.51 52.6
1536306163.53 52.1
1536306173.55 52.6
1536306183.58 53.2
1536306193.6 52.1
1536306203.62 53.2
1536306213.63 52.6
1536306223.66 52.6
1536306233.68 52.6
1536306243.7 53.7
1536306253.73 52.1
1536306263.75 52.6
1536306273.76 52.6
1536306283.78 53.2
1536306293.8 52.1
1536306303.82 52.6
1536306313.84 52.6
1536306323.86 53.2
1536306333.88 52.1
1536306343.9 52.6
1536306353.91 52.6
1536306363.93 52.6
1536306373.95 52.1
1536306383.97 52.6
1536306393.99 52.1
1536306404.01 52.1
1536306414.03 53.2
1536306424.05 52.6
1536306434.07 52.6
1536306444.08 52.6
1536306454.09 52.6
1536306464.11 52.6
1536306474.13 52.1
1536306484.15 52.6
1536306494.18 52.6
1536306504.2 52.1
1536306514.22 52.1
1536306524.24 52.1
1536306534.26 52.6
1536306544.27 52.6
1536306554.29 53.7
1536306564.31 52.6
1536306574.33 52.1
1536306584.35 52.6
1536306594.37 53.2
1536306604.39 52.6
1536306614.41 52.1
1536306624.43 52.6
1536306634.45 52.6
1536306644.47 51.5
1536306654.49 52.1
1536306664.51 52.1
1536306674.53 52.6
1536306684.55 52.6
1536306694.57 52.6
1536306704.58 52.6
1536306714.61 52.6
1536306724.63 52.1
1536306734.65 52.6
1536306744.67 52.6
1536306754.68 53.2
1536306764.7 53.2
1536306774.72 53.2
1536306784.73 52.6
1536306794.75 52.6
1536306804.77 52.6
1536306814.79 52.1
1536306824.81 52.6
1536306834.83 52.1
1536306844.85 52.1
1536306854.87 52.1
1536306864.89 51.5
1536306874.91 52.6
1536306884.93 52.1
1536306894.95 51.5
1536306904.97 52.1
1536306914.99 52.6
1536306925.01 51.5
1536306935.03 52.1
1536306945.05 52.1
1536306955.07 51.5
1536306965.09 52.1
1536306975.11 51.5
1536306985.13 52.6
1536306995.15 52.1
1536307005.17 52.1
1536307015.19 52.1
1536307025.21 51.5
1536307035.23 52.1
1536307045.25 52.1
1536307055.27 52.6
1536307065.29 52.1
1536307075.31 53.2
1536307085.33 52.6
1536307095.35 52.6
1536307105.37 52.1
1536307115.39 51.5
1536307125.4 52.6
1536307135.42 52.1
1536307145.44 52.1
1536307155.46 52.6
1536307165.48 52.6
1536307175.49 52.1
1536307185.51 52.6
1536307195.53 52.6
