1536500003.27 53.2
1536500013.29 52.6
1536500023.3 53.7
1536500033.32 53.2
1536500043.34 53.7
1536500053.36 53.2
1536500063.37 53.7
1536500073.39 53.7
1536500083.41 53.7
1536500093.43 53.7
1536500103.44 53.7
1536500113.46 54.2
1536500123.47 54.2
1536500133.49 54.8
1536500143.5 53.7
1536500153.53 53.7
1536500163.55 53.7
1536500173.56 53.7
1536500183.58 53.7
1536500193.59 53.7
1536500203.61 53.7
1536500213.63 54.2
1536500223.65 54.2
1536500233.66 53.7
1536500243.68 53.7
1536500253.7 53.7
1536500263.71 54.2
1536500273.73 53.7
1536500283.75 53.7
1536500293.77 54.2
1536500303.78 54.2
1536500313.8 54.2
1536500323.81 53.7
1536500333.83 54.2
1536500343.85 53.7
1536500353.87 53.7
1536500363.88 53.7
1536500373.9 53.7
1536500383.92 53.7
1536500393.94 54.2
1536500403.96 54.2
1536500413.97 54.8
1536500423.98 54.8
1536500434.0 54.8
1536500444.02 54.2
1536500454.03 54.2
1536500464.05 54.8
1536500474.06 54.2
1536500484.08 54.2
1536500494.1 53.7
1536500504.12 54.2
1536500514.14 54.2
1536500524.15 54.2
1536500534.18 53.7
1536500544.19 54.8
1536500554.21 54.2
1536500564.23 54.8
1536500574.25 55.3
1536500584.27 53.7
1536500594.29 54.2
1536500604.31 54.2
1536500614.33 55.3
1536500624.34 54.8
1536500634.37 54.2
1536500644.39 54.8
1536500654.4 54.2
1536500664.43 54.2
1536500674.44 55.3
1536500684.46 54.8
1536500694.47 54.8
1536500704.5 55.3
1536500714.51 54.8
1536500724.53 54.8
1536500734.55 54.2
1536500744.56 53.7
1536500754.58 55.3
1536500764.59 54.2
1536500774.61 54.8
1536500784.62 54.2
1536500794.64 54.8
1536500804.66 54.2
1536500814.67 54.8
1536500824.69 54.2
1536500834.71 54.8
1536500844.73 54.2
1536500854.75 54.2
1536500864.77 54.8
1536500874.78 55.3
1536500884.8 53.7
1536500894.81 54.8
1536500904.84 54.2
1536500914.86 53.7
1536500924.88 53.7
1536500934.9 54.8
1536500944.91 54.8
1536500954.93 54.2
1536500964.94 54.8
1536500974.96 54.2
1536500984.97 55.3
1536500994.99 54.2
1536501005.01 54.2
1536501015.02 54.8
1536501025.04 53.7
1536501035.06 54.8
1536501045.07 54.8
1536501055.09 54.8
1536501065.11 54.8
1536501075.12 55.3
1536501085.14 54.8
1536501095.16 54.8
1536501105.17 54.8
1536501115.19 54.8
1536501125.2 54.8
1536501135.22 55.3
1536501145.24 55.8
1536501155.25 54.8
1536501165.27 54.8
1536501175.29 54.8
1536501185.31 55.3
1536501195.33 55.3
1536501205.34 54.8
1536501215.36 55.3
1536501225.38 55.3
1536501235.39 55.3
1536501245.41 55.3
1536501255.42 55.8
1536501265.44 55.3
1536501275.46 55.8
1536501285.47 55.8
1536501295.49 54.8
1536501305.5 55.3
1536501315.52 54.8
1536501325.53 54.8
1536501335.55 54.8
1536501345.57 54.8
1536501355.59 54.8
1536501365.61 54.2
1536501375.63 54.8
1536501385.65 54.2
1536501395.67 54.2
1536501405.69 54.8
1536501415.7 54.8
1536501425.71 55.3
1536501435.72 54.8
1536501445.74 55.3
1536501455.75 55.3
1536501465.76 55.8
1536501475.78 54.8
1536501485.8 54.8
1536501495.81 55.3
1536501505.83 55.8
1536501515.84 55.8
1536501525.86 55.8
1536501535.87 55.8
1536501545.89 55.8
1536501555.9 55.8
1536501565.92 55.3
1536501575.93 55.8
1536501585.95 55.8
1536501595.97 54.8
1536501605.99 56.9
1536501616.01 55.8
1536501626.02 55.8
1536501636.04 55.8
1536501646.05 55.8
1536501656.07 55.8
1536501666.09 55.3
1536501676.11 55.8
1536501686.12 55.8
1536501696.13 55.8
1536501706.14 55.8
1536501716.16 55.8
1536501726.18 55.8
1536501736.19 55.8
1536501746.2 54.8
1536501756.22 55.3
1536501766.24 55.8
1536501776.26 55.3
1536501786.27 55.8
1536501796.29 55.8
1536501806.31 55.8
1536501816.32 55.8
1536501826.34 55.3
1536501836.35 55.8
1536501846.37 54.8
1536501856.38 55.3
1536501866.4 55.8
1536501876.41 55.3
1536501886.43 54.8
1536501896.44 54.8
1536501906.45 55.8
1536501916.47 55.3
1536501926.48 54.8
1536501936.5 55.3
1536501946.51 55.3
1536501956.53 54.8
1536501966.55 54.8
1536501976.56 54.2
1536501986.58 55.3
1536501996.59 54.8
1536502006.61 54.8
1536502016.62 54.8
1536502026.64 54.8
1536502036.66 53.7
1536502046.67 54.8
1536502056.69 53.7
1536502066.7 53.7
1536502076.72 54.2
1536502086.74 53.2
1536502096.75 54.2
1536502106.78 53.7
1536502116.8 54.2
1536502126.81 54.8
1536502136.83 54.2
1536502146.85 53.7
1536502156.87 54.2
1536502166.88 54.2
1536502176.9 53.7
1536502186.92 53.7
1536502196.94 53.7
1536502206.96 53.7
1536502216.98 53.7
1536502227.0 53.7
1536502237.02 53.7
1536502247.04 53.7
1536502257.05 53.2
1536502267.07 53.7
1536502277.08 53.7
1536502287.1 53.7
1536502297.12 53.7
1536502307.13 53.7
1536502317.15 54.2
1536502327.16 54.2
1536502337.18 54.2
1536502347.2 53.2
1536502357.22 53.7
1536502367.24 53.7
1536502377.25 54.2
1536502387.27 54.2
1536502397.29 53.7
1536502407.31 54.2
1536502417.33 54.8
1536502427.34 54.2
1536502437.36 53.7
1536502447.38 53.7
1536502457.4 54.8
1536502467.41 53.7
1536502477.43 54.2
1536502487.44 54.2
1536502497.46 53.7
1536502507.48 54.2
1536502517.49 53.7
1536502527.52 53.7
1536502537.53 53.7
1536502547.55 53.7
1536502557.57 53.7
1536502567.59 53.7
1536502577.6 54.2
1536502587.62 54.8
1536502597.64 53.7
1536502607.65 54.2
1536502617.67 54.8
1536502627.68 54.8
1536502637.7 53.7
1536502647.71 54.8
1536502657.72 54.8
1536502667.74 54.8
1536502677.75 54.8
1536502687.77 54.8
1536502697.79 54.8
1536502707.81 54.8
1536502717.82 54.8
1536502727.84 54.8
1536502737.86 54.2
1536502747.87 54.8
1536502757.89 54.2
1536502767.91 54.8
1536502777.93 54.2
1536502787.94 54.2
1536502797.96 54.8
1536502807.98 54.8
1536502817.99 54.8
1536502828.0 54.8
1536502838.02 55.3
1536502848.04 55.3
1536502858.05 55.3
1536502868.06 54.8
1536502878.08 54.8
1536502888.1 55.3
1536502898.11 54.8
1536502908.12 54.8
1536502918.14 54.2
1536502928.15 55.3
1536502938.17 55.3
1536502948.19 55.8
1536502958.2 54.8
1536502968.22 54.8
1536502978.23 55.8
1536502988.24 54.8
1536502998.25 55.3
1536503008.26 54.8
1536503018.28 54.8
1536503028.3 55.3
1536503038.32 54.2
1536503048.33 54.8
1536503058.35 54.2
1536503068.38 53.7
1536503078.4 54.2
1536503088.41 54.2
1536503098.42 54.2
1536503108.44 54.8
1536503118.46 54.2
1536503128.47 54.2
1536503138.49 54.8
1536503148.51 54.8
1536503158.53 53.7
1536503168.55 53.7
1536503178.56 54.8
1536503188.58 54.8
1536503198.6 54.2
1536503208.61 54.2
1536503218.63 53.7
1536503228.65 53.7
1536503238.66 54.2
1536503248.68 53.7
1536503258.71 54.2
1536503268.72 53.7
1536503278.74 53.7
1536503288.76 54.8
1536503298.78 54.2
1536503308.79 54.2
1536503318.82 54.2
1536503328.83 54.8
1536503338.84 55.3
1536503348.86 54.8
1536503358.88 54.8
1536503368.9 54.8
1536503378.91 54.2
1536503388.93 55.3
1536503398.94 55.3
1536503408.95 54.8
1536503418.97 54.8
1536503428.98 55.3
1536503438.99 54.8
1536503449.0 55.3
1536503459.02 55.3
1536503469.03 54.8
1536503479.05 54.8
1536503489.07 54.2
1536503499.08 54.8
1536503509.1 54.2
1536503519.12 54.8
1536503529.14 54.8
1536503539.15 55.3
1536503549.17 55.8
1536503559.19 55.3
1536503569.2 55.3
1536503579.23 55.8
1536503589.25 56.4
1536503599.28 55.8
1536503609.29 54.8
1536503619.31 55.3
1536503629.32 55.3
1536503639.33 55.8
1536503649.35 56.4
1536503659.37 55.8
1536503669.38 55.8
1536503679.4 56.4
1536503689.41 56.9
1536503699.43 55.8
1536503709.44 56.4
1536503719.46 55.8
1536503729.47 56.9
1536503739.49 55.8
1536503749.51 55.8
1536503759.52 55.8
1536503769.53 56.4
1536503779.55 56.4
1536503789.56 55.8
1536503799.57 56.4
1536503809.59 55.8
1536503819.6 55.8
1536503829.62 55.8
1536503839.64 56.4
1536503849.65 56.4
1536503859.66 55.8
1536503869.68 55.3
1536503879.69 55.8
1536503889.71 54.8
1536503899.73 55.8
1536503909.75 55.3
1536503919.77 55.8
1536503929.8 55.8
1536503939.82 55.8
1536503949.84 55.8
1536503959.86 56.4
1536503986.82 56.9
1536503996.83 56.4
1536504006.85 55.8
1536504016.87 56.9
1536504026.89 56.9
1536504036.9 56.4
1536504046.92 56.9
1536504056.94 56.4
1536504066.96 56.9
1536504076.98 56.9
1536504086.99 56.9
1536504097.01 56.9
1536504107.02 56.4
1536504117.04 55.8
1536504127.06 56.4
1536504137.08 56.9
1536504147.09 56.9
1536504157.11 55.8
1536504167.13 56.9
1536504177.14 55.8
1536504187.16 55.8
1536504197.18 55.8
1536504207.2 55.8
1536504217.22 55.8
1536504227.23 56.4
1536504237.25 56.9
1536504247.27 56.9
1536504257.28 56.4
1536504267.3 55.8
1536504277.32 56.9
1536504287.33 56.4
1536504297.35 55.8
1536504307.37 55.8
1536504317.38 56.4
1536504327.4 56.9
1536504337.41 56.4
1536504347.43 56.4
1536504357.45 56.4
1536504367.46 56.9
1536504377.48 56.9
1536504387.5 56.9
1536504397.51 56.9
1536504407.53 56.9
1536504417.54 56.9
1536504427.56 56.9
1536504437.57 57.5
1536504447.59 57.5
1536504457.6 58.0
1536504467.62 57.5
1536504477.64 56.9
1536504487.65 56.9
1536504497.67 56.9
1536504507.69 56.9
1536504517.71 56.9
1536504527.72 56.9
1536504537.74 56.9
1536504547.75 56.9
1536504557.77 56.9
1536504567.79 56.9
1536504577.81 56.9
1536504587.83 56.4
1536504597.85 56.4
1536504607.87 56.9
1536504617.89 56.4
1536504627.91 56.4
1536504637.93 56.4
1536504647.94 56.9
1536504657.96 56.4
1536504667.97 56.9
1536504677.99 56.9
1536504688.01 56.9
1536504698.03 58.0
1536504708.04 58.0
1536504718.06 58.0
1536504728.07 56.9
1536504738.09 56.9
1536504748.11 56.4
1536504758.13 56.9
1536504768.14 56.9
1536504778.16 56.9
1536504788.17 56.9
1536504798.18 57.5
1536504808.2 56.4
1536504818.21 56.9
1536504828.23 56.9
1536504838.24 56.9
1536504848.25 56.9
1536504858.27 56.9
1536504868.28 56.9
1536504878.29 57.5
1536504888.31 56.9
1536504898.33 56.9
1536504908.35 58.0
1536504918.36 56.9
1536504928.38 56.9
1536504938.4 56.9
1536504948.41 56.9
1536504958.43 56.9
1536504968.45 55.8
1536504978.46 56.4
1536504988.48 58.0
1536504998.5 56.9
1536505008.52 57.5
1536505018.53 57.5
1536505028.54 56.9
1536505038.55 58.0
1536505048.57 58.0
1536505058.58 58.0
1536505068.6 57.5
1536505078.62 57.5
1536505088.63 57.5
1536505098.65 58.0
1536505108.66 56.9
1536505118.67 58.0
1536505128.69 56.9
1536505138.71 58.0
1536505148.72 56.9
1536505158.74 56.9
1536505168.75 56.9
1536505178.77 58.0
1536505188.79 57.5
1536505198.81 57.5
1536505208.82 58.0
1536505218.83 57.5
1536505228.85 56.9
1536505238.86 56.9
1536505248.88 56.9
1536505258.89 56.4
1536505268.91 56.9
1536505278.92 56.9
1536505288.94 56.9
1536505298.95 56.9
1536505308.97 56.9
1536505318.98 56.9
1536505329.0 56.9
1536505339.01 57.5
1536505349.03 58.0
1536505359.05 56.9
1536505369.06 57.5
1536505379.08 56.9
1536505389.1 56.9
1536505399.12 57.5
1536505409.13 57.5
1536505419.15 58.0
1536505429.17 57.5
1536505439.18 57.5
1536505449.2 56.9
1536505459.22 56.9
1536505469.24 57.5
1536505479.25 56.9
1536505489.27 58.0
1536505499.29 57.5
1536505509.3 56.9
1536505519.32 56.9
1536505529.34 56.9
1536505539.36 56.4
1536505549.38 56.9
1536505559.4 56.9
1536505569.42 56.4
1536505579.44 56.9
1536505589.46 56.9
1536505599.48 56.9
1536505609.49 56.4
1536505619.51 56.4
1536505629.53 56.9
1536505639.55 56.9
1536505649.56 56.9
1536505659.57 56.9
1536505669.59 56.4
1536505679.61 56.9
1536505689.63 56.9
1536505699.65 56.9
1536505709.76 56.4
1536505719.77 56.9
1536505729.79 56.9
1536505739.8 56.9
1536505749.81 56.9
1536505759.83 56.9
1536505769.84 56.9
1536505779.86 57.5
1536505789.88 56.9
1536505799.89 56.9
1536505809.9 56.9
1536505819.91 58.0
1536505829.92 58.0
1536505839.94 58.0
1536505849.95 57.5
1536505859.96 58.5
1536505869.98 58.0
1536505880.0 56.9
1536505890.03 56.9
1536505900.05 56.9
1536505910.06 57.5
1536505920.08 58.0
1536505930.09 57.5
1536505940.11 57.5
1536505950.12 58.5
1536505960.14 58.0
1536505970.15 58.0
1536505980.16 59.1
1536505990.18 58.5
1536506000.19 58.0
1536506010.21 58.5
1536506020.22 58.0
1536506030.24 58.5
1536506040.25 58.5
1536506050.27 59.1
1536506060.29 58.0
1536506070.3 59.1
1536506080.32 58.5
1536506090.34 59.1
1536506100.35 59.6
1536506110.37 59.1
1536506120.39 59.1
1536506130.41 59.6
1536506140.42 59.1
1536506150.44 59.1
1536506160.45 59.1
1536506170.47 59.1
1536506180.49 59.1
1536506190.5 59.1
1536506200.52 58.5
1536506210.54 58.5
1536506220.56 59.1
1536506230.57 59.1
1536506240.59 59.1
1536506250.61 58.0
1536506260.62 58.5
1536506270.64 58.5
1536506280.67 58.5
1536506290.69 58.5
1536506300.71 59.1
1536506310.73 58.5
1536506320.74 58.0
1536506330.76 58.5
1536506340.78 58.5
1536506350.8 56.9
1536506360.82 58.0
1536506370.84 58.0
1536506380.85 58.0
1536506390.87 58.0
1536506400.88 58.0
1536506410.89 58.0
1536506420.9 58.0
1536506430.92 58.0
1536506440.94 58.0
1536506450.95 58.0
1536506460.97 58.0
1536506470.99 58.0
1536506481.0 58.0
1536506491.02 57.5
1536506501.03 58.0
1536506511.04 58.0
1536506521.06 56.9
1536506531.07 58.0
1536506541.09 57.5
1536506551.1 57.5
1536506561.11 58.0
1536506571.13 58.0
1536506581.15 58.0
1536506591.16 58.0
1536506601.17 58.0
1536506611.19 56.9
1536506621.21 57.5
1536506631.23 57.5
1536506641.25 58.0
1536506651.27 58.0
1536506661.28 58.0
1536506671.29 57.5
1536506681.31 56.9
1536506691.32 56.9
1536506701.34 56.9
1536506711.36 56.4
1536506721.38 56.9
1536506731.4 56.9
1536506741.42 56.9
1536506751.44 55.8
1536506761.46 56.9
1536506771.48 56.4
1536506781.5 56.4
1536506791.61 56.9
1536506801.62 55.8
1536506811.64 55.3
1536506821.65 56.4
1536506831.67 56.4
1536506841.69 56.4
1536506851.71 56.9
1536506861.72 56.9
1536506871.74 56.4
1536506881.76 56.9
1536506891.78 56.9
1536506901.8 56.4
1536506911.81 56.9
1536506921.83 56.4
1536506931.85 56.9
1536506941.87 56.9
1536506951.89 57.5
1536506961.91 56.9
1536506971.93 56.9
1536506981.94 58.0
1536506991.96 56.9
1536507001.98 56.9
1536507011.99 57.5
1536507022.01 56.9
1536507032.03 56.4
1536507042.04 56.9
1536507052.06 56.9
1536507062.08 55.8
1536507072.09 56.4
1536507082.11 56.9
1536507092.12 56.4
1536507102.15 56.9
1536507112.16 56.9
1536507122.18 56.9
1536507132.19 56.9
1536507142.21 56.9
1536507152.22 56.9
1536507162.23 56.9
1536507172.25 57.5
1536507182.26 56.9
1536507192.28 57.5
1536507202.3 57.5
1536507212.31 58.0
1536507222.33 57.5
1536507232.34 58.0
1536507242.36 58.0
1536507252.38 58.0
1536507262.4 58.0
1536507272.42 58.0
1536507282.43 58.0
1536507292.45 58.0
1536507302.47 58.0
1536507312.49 58.0
1536507322.5 58.0
1536507332.52 58.0
1536507342.54 57.5
1536507352.56 58.0
1536507362.57 58.5
1536507372.59 58.0
1536507382.61 58.0
1536507392.63 58.0
1536507402.64 58.0
1536507412.66 58.0
1536507422.68 58.0
1536507432.69 57.5
1536507442.7 58.0
1536507452.72 58.0
1536507462.73 58.0
1536507472.75 58.0
1536507482.76 58.0
1536507492.79 58.0
1536507502.79 58.0
1536507512.81 58.0
1536507522.83 58.0
1536507532.85 58.0
1536507542.86 58.0
1536507552.88 58.0
1536507562.89 58.0
1536507572.91 58.0
1536507582.93 58.0
1536507592.94 58.0
1536507602.96 58.0
1536507612.97 58.0
1536507622.98 58.0
1536507632.99 58.5
1536507643.01 58.0
1536507653.03 58.0
1536507663.05 57.5
1536507673.06 58.0
1536507683.08 57.5
1536507693.1 58.0
1536507703.12 58.5
1536507713.13 57.5
1536507723.15 58.0
1536507733.18 58.0
1536507743.19 58.0
1536507753.21 58.5
1536507763.22 58.0
1536507773.24 57.5
1536507783.26 58.0
1536507793.27 58.0
1536507803.29 57.5
1536507813.3 56.9
1536507823.32 56.9
1536507833.33 58.0
1536507843.35 57.5
1536507853.37 58.0
1536507863.39 58.0
1536507873.4 57.5
1536507883.42 58.0
1536507893.44 58.0
1536507903.45 57.5
1536507913.47 58.0
1536507923.48 58.0
1536507933.5 58.0
1536507943.51 58.0
1536507953.53 58.0
1536507963.54 58.0
1536507973.56 57.5
1536507983.58 58.0
1536507993.6 58.5
1536508003.61 57.5
1536508013.62 58.0
1536508023.64 57.5
1536508033.66 58.5
1536508043.67 58.0
1536508053.69 58.0
1536508063.71 58.0
1536508073.73 56.9
1536508083.74 58.0
1536508093.75 58.0
1536508103.77 58.0
1536508113.79 58.0
1536508123.8 57.5
1536508133.81 58.0
1536508143.83 57.5
1536508153.85 58.0
1536508163.86 58.0
1536508173.87 58.0
1536508183.89 57.5
1536508193.91 58.0
1536508203.93 58.0
1536508213.94 58.0
1536508223.96 58.0
1536508233.98 58.0
1536508244.0 58.0
1536508254.01 58.0
1536508264.03 58.0
1536508274.06 58.0
1536508284.06 58.5
1536508294.08 58.0
1536508304.1 58.0
1536508314.12 58.0
1536508324.14 58.0
1536508334.16 58.0
1536508344.17 58.0
1536508354.19 58.0
1536508364.2 58.0
1536508374.22 58.0
1536508384.23 58.0
1536508394.24 58.5
1536508404.26 58.5
1536508414.27 58.0
1536508424.29 58.0
1536508434.3 58.0
1536508444.32 58.0
1536508454.33 58.0
1536508464.34 58.0
1536508474.37 58.0
1536508484.39 57.5
1536508494.41 57.5
1536508504.43 58.0
1536508514.45 57.5
1536508524.47 57.5
1536508534.49 57.5
1536508544.51 57.5
1536508554.52 58.0
1536508564.54 57.5
1536508574.56 58.0
1536508584.57 58.0
1536508594.59 58.0
1536508604.61 58.0
1536508614.63 58.0
1536508624.64 58.0
1536508634.66 58.0
1536508644.67 58.0
1536508654.69 58.0
1536508664.7 58.0
1536508674.72 58.0
1536508684.74 56.9
1536508694.76 58.0
1536508704.77 58.0
1536508714.79 58.0
1536508724.81 58.0
1536508734.82 58.0
1536508744.84 58.0
1536508754.86 58.0
1536508764.87 58.0
1536508774.89 58.0
1536508784.91 57.5
1536508794.93 58.5
1536508804.94 58.0
1536508814.96 58.0
1536508824.98 58.0
1536508835.0 58.0
1536508845.01 58.0
1536508855.03 58.5
1536508865.05 58.0
1536508875.06 57.5
1536508885.08 58.0
1536508895.1 56.9
1536508905.11 58.0
1536508915.12 58.0
1536508925.14 58.0
1536508935.16 58.0
1536508945.18 58.0
1536508955.2 58.0
1536508965.22 57.5
1536508975.24 56.9
1536508985.26 58.0
1536508995.28 58.0
1536509005.3 58.0
1536509015.31 57.5
1536509025.33 57.5
1536509035.34 58.0
1536509045.35 58.0
1536509055.37 58.0
1536509065.39 57.5
1536509075.4 58.0
1536509085.42 58.0
1536509095.44 58.0
1536509105.45 58.0
1536509115.47 58.0
1536509125.49 58.0
1536509135.51 58.0
1536509145.53 56.9
1536509155.54 58.0
1536509165.56 56.9
1536509175.58 56.9
1536509185.59 57.5
1536509195.61 57.5
1536509205.63 56.9
1536509215.66 56.9
1536509225.67 57.5
1536509235.69 56.9
1536509245.71 57.5
1536509255.72 56.9
1536509265.74 58.0
1536509275.76 58.0
1536509285.78 57.5
1536509295.8 56.9
1536509305.82 56.9
1536509315.83 57.5
1536509325.85 56.9
1536509335.87 56.9
1536509345.89 56.9
1536509355.91 58.0
1536509365.93 57.5
1536509375.95 58.0
1536509385.97 56.9
1536509395.98 58.0
1536509405.99 58.0
1536509416.0 58.0
1536509426.02 58.0
1536509436.04 58.0
1536509446.07 58.5
1536509456.09 58.5
1536509466.11 58.5
1536509476.12 58.0
1536509486.14 58.5
1536509496.15 59.1
1536509506.17 58.5
1536509516.19 58.5
1536509526.21 59.1
1536509536.22 58.5
1536509546.24 59.1
1536509556.26 59.1
1536509566.28 58.0
1536509576.3 58.0
1536509586.32 57.5
1536509596.34 57.5
1536509606.35 58.0
1536509616.37 58.0
1536509626.38 58.0
1536509636.39 58.0
1536509646.41 58.0
1536509656.43 58.5
1536509666.45 58.5
1536509676.46 58.5
1536509686.48 58.5
1536509696.5 58.0
1536509706.52 58.5
1536509716.53 58.5
1536509726.54 58.0
1536509736.55 58.5
1536509746.57 58.5
1536509756.58 59.1
1536509766.6 59.1
1536509776.62 58.5
1536509786.64 59.1
1536509796.65 59.1
1536509806.67 58.0
1536509816.68 58.0
1536509826.7 59.1
1536509836.71 58.5
1536509846.74 58.5
1536509856.75 58.5
1536509866.77 59.1
1536509876.78 58.5
1536509886.8 59.1
1536509896.81 59.1
1536509906.83 59.1
1536509916.84 59.1
1536509926.86 59.6
1536509936.87 59.1
1536509946.88 60.1
1536509956.9 60.1
1536509966.91 60.1
1536509976.93 60.1
1536509986.94 60.1
1536509996.96 60.1
1536510006.97 60.1
1536510016.98 60.1
1536510027.0 59.1
1536510037.01 60.1
1536510047.03 59.6
1536510057.05 60.7
1536510067.06 60.1
1536510077.08 60.1
1536510087.09 60.1
1536510097.11 60.1
1536510107.13 60.7
1536510117.14 60.1
1536510127.15 59.6
1536510137.16 60.1
1536510147.18 60.7
1536510157.19 60.7
1536510167.21 60.1
1536510177.23 60.1
1536510187.24 60.1
1536510197.25 60.1
1536510207.26 60.1
1536510217.27 60.1
1536510227.29 59.6
1536510237.3 59.6
1536510247.31 60.1
1536510257.33 60.1
1536510267.34 60.1
1536510277.36 60.1
1536510287.38 60.1
1536510297.4 60.1
1536510307.42 60.1
1536510317.43 60.7
1536510327.45 59.6
1536510337.46 59.1
1536510347.49 59.1
1536510357.5 60.1
1536510367.51 60.1
1536510377.53 59.6
1536510387.54 60.1
1536510397.56 60.1
1536510407.58 59.1
1536510417.6 59.1
1536510427.61 59.1
1536510437.63 59.1
1536510447.65 58.5
1536510457.66 59.1
1536510467.68 59.1
1536510477.7 59.6
1536510487.72 59.1
1536510497.73 59.1
1536510507.75 59.1
1536510517.76 59.1
1536510527.78 59.1
1536510537.8 59.1
1536510547.81 59.6
1536510557.83 58.5
1536510567.84 59.1
1536510577.86 59.1
1536510587.87 59.1
1536510597.89 58.0
1536510607.91 58.0
1536510617.93 58.5
1536510627.95 58.0
1536510637.97 58.5
1536510647.99 59.1
1536510658.0 59.1
1536510668.02 59.1
1536510678.04 59.1
1536510688.05 59.6
1536510698.06 59.1
1536510708.08 59.1
1536510718.09 59.1
1536510728.11 59.1
1536510738.12 58.0
1536510748.14 58.5
1536510758.16 59.1
1536510768.18 59.6
1536510778.2 59.1
1536510788.22 59.1
1536510798.24 59.1
1536510808.25 59.1
1536510818.27 59.1
1536510828.28 59.1
1536510838.3 59.1
1536510848.32 59.1
1536510858.34 58.5
1536510868.36 59.1
1536510878.38 59.6
1536510888.4 59.1
1536510898.42 59.1
1536510908.44 59.1
1536510918.45 59.6
1536510928.47 59.6
1536510938.49 59.6
1536510948.5 59.1
1536510958.52 59.6
1536510968.54 59.1
1536510978.56 59.1
1536510988.57 60.1
1536510998.59 59.1
1536511008.6 59.1
1536511018.62 59.6
1536511028.64 59.1
1536511038.66 60.1
1536511048.68 58.5
1536511058.7 60.1
1536511068.72 59.1
1536511078.74 58.5
1536511088.76 58.5
1536511098.78 59.1
1536511108.79 59.1
1536511118.81 59.1
1536511128.82 59.6
1536511138.84 59.1
1536511148.86 59.1
1536511158.87 59.1
1536511168.9 59.1
1536511178.91 59.1
1536511188.93 59.1
1536511198.94 59.1
1536511208.96 59.1
1536511218.98 59.1
1536511229.0 59.1
1536511239.01 59.1
1536511249.03 59.6
1536511259.05 59.6
1536511269.06 59.1
1536511279.07 59.1
1536511289.09 60.1
1536511299.1 59.6
1536511309.12 59.1
1536511319.14 59.6
1536511329.15 59.6
1536511339.17 59.1
1536511349.18 59.6
1536511359.19 58.5
1536511369.21 58.5
1536511379.22 59.1
1536511389.24 59.1
1536511399.25 59.1
1536511409.27 59.1
1536511419.28 59.1
1536511429.29 59.1
1536511439.31 59.6
1536511449.33 59.1
1536511459.34 59.1
1536511469.36 59.1
1536511479.38 59.6
1536511489.4 59.1
1536511499.43 59.1
1536511509.45 58.0
1536511519.47 59.1
1536511529.49 59.1
1536511539.51 59.6
1536511549.52 59.1
1536511559.54 59.1
1536511569.56 58.0
1536511579.57 58.5
1536511589.59 59.1
1536511599.61 58.5
1536511609.62 59.6
1536511619.64 59.1
1536511629.66 59.1
1536511639.67 59.1
1536511649.69 58.0
1536511659.72 58.0
1536511669.74 58.5
1536511679.75 58.0
1536511689.77 58.0
1536511699.79 58.5
1536511709.81 58.5
1536511719.83 58.5
1536511729.85 58.5
1536511739.86 59.1
1536511749.88 58.0
1536511759.9 58.0
1536511769.92 57.5
1536511779.93 58.0
1536511789.95 58.0
1536511799.97 58.0
1536511809.99 58.0
1536511820.01 58.0
1536511830.02 58.0
1536511840.04 58.5
1536511850.06 58.0
1536511860.07 58.0
1536511870.09 58.0
1536511880.11 58.0
1536511890.13 58.0
1536511900.15 58.0
1536511910.17 58.5
1536511920.19 58.0
1536511930.21 59.1
1536511940.22 58.5
1536511950.24 58.0
1536511960.26 59.1
1536511970.27 59.6
1536511980.29 58.5
1536511990.3 59.1
1536512000.33 58.0
1536512010.34 59.1
1536512020.36 58.5
1536512030.38 58.0
1536512040.4 58.5
1536512050.42 58.0
1536512060.44 59.1
1536512070.45 59.1
1536512080.47 59.1
1536512090.49 58.5
1536512100.5 59.6
1536512110.52 59.1
1536512120.54 58.5
1536512130.56 59.6
1536512140.58 59.1
1536512150.6 59.1
1536512160.61 59.1
1536512170.63 59.6
1536512180.65 59.6
1536512190.66 60.1
1536512200.68 60.1
1536512210.7 59.1
1536512220.72 59.6
1536512230.74 59.1
1536512240.75 60.1
1536512250.76 59.6
1536512260.78 60.1
1536512270.79 60.1
1536512280.81 60.1
1536512290.83 60.1
1536512300.85 60.1
1536512310.87 59.1
1536512320.89 60.1
1536512330.9 60.1
1536512340.92 60.1
1536512350.94 60.1
1536512360.96 59.1
1536512370.98 59.6
1536512381.0 60.1
1536512391.02 60.1
1536512401.04 60.1
