1536000003.51 82.2
1536000013.53 82.2
1536000023.54 81.7
1536000033.56 81.7
1536000043.57 81.7
1536000053.59 82.2
1536000063.61 81.7
1536000073.62 81.1
1536000083.64 81.7
1536000093.66 81.7
1536000103.67 81.7
1536000113.69 81.7
1536000123.7 82.2
1536000133.72 80.6
1536000143.74 81.7
1536000153.75 81.7
1536000163.77 81.7
1536000173.78 82.2
1536000183.8 81.7
1536000193.81 81.7
1536000203.82 81.7
1536000213.83 81.7
1536000223.84 81.7
1536000233.86 82.2
1536000243.88 81.7
1536000253.9 81.7
1536000263.91 81.7
1536000273.93 82.2
1536000283.95 82.2
1536000293.96 81.7
1536000303.97 81.7
1536000313.99 81.1
1536000324.0 81.7
1536000334.02 82.2
1536000344.03 81.7
1536000354.05 81.7
1536000364.06 81.7
1536000374.08 81.7
1536000384.1 81.7
1536000394.12 81.7
1536000404.13 81.7
1536000414.15 81.7
1536000424.17 81.7
1536000434.18 81.7
1536000444.2 81.1
1536000454.21 81.7
1536000464.23 81.7
1536000474.24 81.7
1536000484.26 81.7
1536000494.28 81.7
1536000504.29 81.7
1536000514.31 81.7
1536000524.32 81.7
1536000534.33 82.2
1536000544.35 81.1
1536000554.36 81.7
1536000564.38 81.7
1536000574.39 81.7
1536000584.41 81.7
1536000594.42 81.7
1536000604.44 81.7
1536000614.46 81.7
1536000624.48 81.7
1536000634.5 81.7
1536000644.51 81.7
1536000654.53 81.7
1536000664.54 81.1
1536000674.56 80.6
1536000684.57 81.7
1536000694.59 80.6
1536000704.6 80.6
1536000714.61 80.6
1536000724.63 80.6
1536000734.65 80.6
1536000744.66 80.1
1536000754.68 80.6
1536000764.69 81.1
1536000774.71 80.1
1536000784.72 80.6
1536000794.74 79.5
1536000804.76 80.1
1536000814.77 80.1
1536000824.79 80.1
1536000834.8 79.5
1536000844.81 79.5
1536000854.83 79.5
1536000864.85 79.5
1536000874.86 79.5
1536000884.88 79.5
1536000894.9 79.5
1536000904.91 79.5
1536000914.92 80.1
1536000924.94 79.5
1536000934.95 79.0
1536000944.97 79.5
1536000954.98 79.5
1536000965.0 79.5
1536000975.02 80.1
1536000985.04 79.5
1536000995.05 79.5
1536001005.07 79.5
1536001015.09 79.0
1536001025.11 79.5
1536001035.12 79.5
1536001045.14 79.5
1536001055.15 79.5
1536001065.17 80.1
1536001075.19 79.5
1536001085.21 79.5
1536001095.23 79.5
1536001105.25 79.5
1536001115.26 78.4
1536001125.28 79.5
1536001135.3 79.5
1536001145.31 79.0
1536001155.33 79.0
1536001165.35 78.4
1536001175.36 79.5
1536001185.38 79.5
1536001195.4 79.5
1536001205.42 79.0
1536001215.43 80.6
1536001225.45 80.6
1536001235.46 80.1
1536001245.48 79.5
1536001255.5 79.5
1536001265.51 79.5
1536001275.53 79.0
1536001285.54 79.5
1536001295.56 79.5
1536001305.57 79.5
1536001315.59 79.5
1536001325.6 79.5
1536001335.62 79.5
1536001345.63 80.1
1536001355.65 79.5
1536001365.66 79.5
1536001375.68 79.5
1536001385.7 79.5
1536001395.72 79.5
1536001405.74 79.5
1536001415.76 79.5
1536001425.78 79.5
1536001435.79 79.0
1536001445.81 79.0
1536001455.82 79.5
1536001465.84 79.5
1536001475.86 79.5
1536001485.87 79.0
1536001495.89 79.5
1536001505.9 78.4
1536001515.92 79.5
1536001525.94 79.0
1536001535.96 79.5
1536001545.97 79.5
1536001555.99 79.5
1536001566.01 79.0
1536001576.02 78.4
1536001586.04 78.4
1536001596.05 77.9
1536001606.07 78.4
1536001616.08 78.4
1536001626.1 77.9
1536001636.11 78.4
1536001646.13 78.4
1536001656.14 78.4
1536001666.16 78.4
1536001676.17 78.4
1536001686.18 78.4
1536001696.2 77.4
1536001706.22 77.4
1536001716.25 77.4
1536001726.27 77.9
1536001736.29 78.4
1536001746.31 77.9
1536001756.32 78.4
1536001766.34 77.9
1536001776.35 77.9
1536001786.37 77.4
1536001796.39 77.4
1536001806.4 78.4
1536001816.42 77.4
1536001826.44 78.4
1536001836.46 77.9
1536001846.47 77.4
1536001856.48 77.9
1536001866.5 78.4
1536001876.52 78.4
1536001886.53 78.4
1536001896.55 78.4
1536001906.56 78.4
1536001916.58 79.5
1536001926.59 79.5
1536001936.61 78.4
1536001946.62 79.0
1536001956.64 79.0
1536001966.65 79.0
1536001976.67 79.5
1536001986.68 78.4
1536001996.7 79.5
1536002006.72 79.5
1536002016.73 79.5
1536002026.74 79.5
1536002036.76 80.1
1536002046.78 78.4
1536002056.8 78.4
1536002066.82 79.5
1536002076.84 79.5
1536002086.85 79.5
1536002096.86 78.4
1536002106.89 78.4
1536002116.9 78.4
1536002126.91 79.5
1536002136.93 79.5
1536002146.95 79.5
1536002156.96 79.5
1536002166.98 79.5
1536002177.0 79.0
1536002187.02 79.5
1536002197.04 79.0
1536002207.06 78.4
1536002217.07 79.5
1536002227.09 78.4
1536002237.1 79.5
1536002247.12 78.4
1536002257.13 79.0
1536002267.15 79.5
1536002277.16 79.5
1536002287.18 79.5
1536002297.2 79.0
1536002307.21 79.5
1536002317.23 79.5
1536002327.24 79.5
1536002337.26 79.0
1536002347.28 79.5
1536002357.3 79.5
1536002367.31 79.5
1536002377.32 79.5
1536002387.34 80.1
1536002397.36 80.1
1536002407.37 79.5
1536002417.39 79.5
1536002427.4 79.5
1536002437.42 79.5
1536002447.44 79.5
1536002457.45 80.1
1536002467.47 79.5
1536002477.49 79.5
1536002487.51 79.5
1536002497.52 80.1
1536002507.54 79.5
1536002517.55 80.1
1536002527.57 80.6
1536002537.58 79.5
1536002547.59 79.5
1536002557.61 79.5
1536002567.63 79.5
1536002577.64 79.5
1536002587.67 79.5
1536002597.68 79.0
1536002607.7 79.5
1536002617.72 79.5
1536002627.73 79.0
1536002637.74 79.5
1536002647.76 79.5
1536002657.77 79.5
1536002667.79 79.5
1536002677.8 79.5
1536002687.82 79.0
1536002697.83 78.4
1536002707.85 79.0
1536002717.86 79.5
1536002727.95 79.5
1536002737.96 79.5
1536002747.98 79.5
1536002757.99 79.0
1536002768.01 78.4
1536002778.03 79.5
1536002788.04 79.5
1536002798.06 79.5
1536002808.07 79.5
1536002818.09 79.5
1536002828.1 79.0
1536002838.12 79.5
1536002848.13 79.0
1536002858.14 79.5
1536002868.16 79.5
1536002878.18 79.5
1536002888.19 79.5
1536002898.21 79.5
1536002908.23 79.5
1536002918.24 79.5
1536002928.26 79.5
1536002938.29 79.0
1536002948.3 79.0
1536002958.32 79.5
1536002968.34 79.0
1536002978.36 78.4
1536002988.37 79.0
1536002998.39 79.5
1536003008.42 79.5
1536003018.43 79.0
1536003028.45 79.5
1536003038.46 79.0
1536003048.48 79.5
1536003058.49 79.5
1536003068.51 79.0
1536003078.53 78.4
1536003088.55 79.5
1536003098.56 79.0
1536003108.58 79.5
1536003118.6 78.4
1536003128.62 79.5
1536003138.63 78.4
1536003148.66 78.4
1536003158.68 78.4
1536003168.69 79.0
1536003178.71 79.0
1536003188.72 79.0
1536003198.74 78.4
1536003208.75 78.4
1536003218.77 79.0
1536003228.78 77.9
1536003238.8 78.4
1536003248.81 78.4
1536003258.83 78.4
1536003268.84 78.4
1536003278.86 78.4
1536003288.87 79.0
1536003298.88 79.5
1536003308.9 78.4
1536003318.92 78.4
1536003328.94 79.0
1536003338.96 79.0
1536003348.97 79.0
1536003358.99 79.5
1536003369.01 78.4
1536003379.02 79.0
1536003389.04 79.0
1536003399.06 79.0
1536003409.07 79.0
1536003419.09 79.0
1536003429.11 78.4
1536003439.12 78.4
1536003449.14 79.5
1536003459.15 78.4
1536003469.17 78.4
1536003479.19 78.4
1536003489.2 78.4
1536003499.22 79.0
1536003509.24 78.4
1536003519.25 78.4
1536003529.27 78.4
1536003539.29 78.4
1536003549.3 78.4
1536003559.32 78.4
1536003569.33 79.0
1536003579.35 78.4
1536003589.37 78.4
1536003599.38 79.0
1536003609.4 78.4
1536003619.41 79.0
1536003629.43 79.5
1536003639.44 79.0
1536003649.46 78.4
1536003659.48 79.5
1536003669.5 79.0
1536003679.51 78.4
1536003689.52 78.4
1536003699.53 79.0
1536003709.55 79.0
1536003719.57 78.4
1536003729.59 79.5
1536003739.6 79.0
1536003749.61 79.0
1536003759.63 79.0
1536003769.65 79.5
1536003779.67 78.4
1536003789.69 79.5
1536003799.71 79.0
1536003809.72 79.5
1536003819.74 79.5
1536003829.77 79.5
1536003839.79 79.5
1536003849.8 79.5
1536003859.82 80.1
1536003869.83 80.1
1536003879.85 80.6
1536003889.86 80.6
1536003899.87 80.1
1536003909.89 80.1
1536003919.91 80.6
1536003929.92 80.6
1536003939.94 80.1
1536003949.97 79.5
1536003959.99 79.5
1536003970.01 79.5
1536003980.02 80.1
1536003990.04 79.5
1536004000.06 80.1
1536004010.08 79.5
1536004020.1 79.5
1536004030.12 79.5
1536004040.13 80.1
1536004050.14 80.6
1536004060.16 80.6
1536004070.18 79.5
1536004080.19 80.6
1536004090.21 80.6
1536004100.22 80.1
1536004110.24 80.6
1536004120.26 79.5
1536004130.27 79.5
1536004140.28 80.6
1536004150.31 80.1
1536004160.32 80.1
1536004170.33 80.1
1536004180.35 79.5
1536004190.37 79.5
1536004200.38 80.1
1536004210.4 80.1
1536004220.41 80.1
1536004230.43 80.1
1536004240.44 80.1
1536004250.45 80.1
1536004260.47 80.6
1536004270.49 80.6
1536004280.5 80.1
1536004290.52 80.1
1536004300.54 79.5
1536004310.55 79.5
1536004320.57 80.1
1536004330.58 79.5
1536004340.6 80.1
1536004350.62 80.1
1536004360.63 80.1
1536004370.64 80.1
1536004380.66 80.6
1536004390.67 80.6
1536004400.69 79.5
1536004410.71 80.6
1536004420.72 80.6
1536004430.74 80.6
1536004440.75 80.6
1536004450.77 80.1
1536004460.78 80.1
1536004470.8 80.6
1536004480.82 79.5
1536004490.84 79.5
1536004500.85 80.1
1536004510.87 79.5
1536004520.88 80.1
1536004530.89 80.1
1536004540.92 79.5
1536004550.93 80.6
1536004560.94 80.1
1536004570.96 79.5
1536004580.97 80.6
1536004590.99 80.1
1536004601.01 80.1
1536004611.03 80.1
1536004621.04 80.1
1536004631.06 80.1
1536004641.08 80.1
1536004651.09 80.6
1536004661.11 80.6
1536004671.12 80.1
1536004681.14 80.6
1536004691.15 79.5
1536004701.17 80.1
1536004711.19 79.5
1536004721.21 80.1
1536004731.22 80.1
1536004741.24 80.1
1536004751.26 79.5
1536004761.27 79.5
1536004771.29 79.0
1536004781.31 79.5
1536004791.33 79.0
1536004801.34 79.5
1536004811.36 79.5
1536004821.37 79.5
1536004831.39 79.0
1536004841.4 79.5
1536004851.42 79.5
1536004861.43 80.1
1536004871.45 79.5
1536004881.47 79.5
1536004891.48 79.5
1536004901.5 79.0
1536004911.51 80.1
1536004921.52 79.5
1536004931.54 79.5
1536004941.55 79.5
1536004951.57 79.5
1536004961.58 79.0
1536004971.6 80.1
1536004981.61 79.5
1536004991.63 79.5
1536005001.64 79.5
1536005011.66 79.5
1536005021.68 79.0
1536005031.69 79.5
1536005041.71 79.5
1536005051.72 78.4
1536005061.74 79.5
1536005071.76 79.5
1536005081.78 79.5
1536005091.79 79.5
1536005101.81 80.1
1536005111.83 79.5
1536005121.84 79.5
1536005131.86 79.5
1536005141.87 79.5
1536005151.89 79.5
1536005161.9 79.5
1536005171.92 79.5
1536005181.94 79.0
1536005191.96 79.5
1536005201.98 79.5
1536005211.99 79.5
1536005222.01 79.5
1536005232.03 80.1
1536005242.05 79.5
1536005252.07 80.1
1536005262.08 79.5
1536005272.1 79.5
1536005282.12 79.0
1536005292.14 79.5
1536005302.15 79.5
1536005312.17 79.5
1536005322.18 78.4
1536005332.2 79.5
1536005342.22 79.0
1536005352.24 79.5
1536005362.25 78.4
1536005372.27 79.0
1536005382.29 78.4
1536005392.31 77.9
1536005402.33 77.4
1536005412.34 77.4
1536005422.36 77.9
1536005432.38 77.4
1536005442.4 77.9
1536005452.42 77.9
1536005462.43 77.9
1536005472.45 79.0
1536005482.47 77.9
1536005492.49 77.9
1536005502.5 79.5
1536005512.52 78.4
1536005522.54 78.4
1536005532.56 79.0
1536005542.58 79.5
1536005552.6 78.4
1536005562.61 78.4
1536005572.62 78.4
1536005582.64 78.4
1536005592.67 78.4
1536005602.68 77.9
1536005612.7 77.9
1536005622.71 78.4
1536005632.72 78.4
1536005642.74 77.4
1536005652.76 77.4
1536005662.78 77.9
1536005672.79 77.4
1536005682.81 77.9
1536005692.84 77.4
1536005702.85 77.4
1536005712.87 77.4
1536005722.88 77.4
1536005732.9 77.4
1536005742.91 77.9
1536005752.93 77.4
1536005762.94 77.4
1536005772.96 77.9
1536005782.98 77.4
1536005792.99 77.4
1536005803.01 77.4
1536005813.03 77.4
1536005823.05 77.4
1536005833.07 77.4
1536005843.08 77.9
1536005853.09 77.4
1536005863.11 77.4
1536005873.13 77.4
1536005883.15 77.4
1536005893.16 77.4
1536005903.19 77.9
1536005913.21 76.8
1536005923.23 77.4
1536005933.24 77.4
1536005943.26 78.4
1536005953.27 77.4
1536005963.29 77.4
1536005973.31 77.4
1536005983.32 77.9
1536005993.34 78.4
1536006003.36 77.4
1536006013.37 77.9
1536006023.39 77.4
1536006033.41 77.4
1536006043.42 77.4
1536006053.44 76.8
1536006063.46 77.4
1536006073.48 77.4
1536006083.49 76.8
1536006093.51 76.3
1536006103.53 77.4
1536006113.55 77.4
1536006123.57 76.3
1536006133.58 76.8
1536006143.59 76.3
1536006153.61 76.3
1536006163.62 76.3
1536006173.64 75.2
1536006183.66 77.4
1536006193.67 77.4
1536006203.69 76.3
1536006213.7 76.8
1536006223.72 76.3
1536006233.74 76.3
1536006243.76 77.4
1536006253.77 77.4
1536006263.79 76.3
1536006273.8 76.3
1536006283.82 77.4
1536006293.83 76.8
1536006303.84 76.8
1536006313.85 76.8
1536006323.87 76.3
1536006333.89 76.8
1536006343.91 76.8
1536006353.93 76.3
1536006363.95 76.3
1536006373.98 76.8
1536006384.0 76.8
1536006394.02 76.3
1536006404.04 77.4
1536006414.05 77.4
1536006424.07 77.4
1536006434.09 77.4
1536006444.1 76.8
1536006454.12 77.4
1536006464.13 77.4
1536006474.15 77.4
1536006484.16 77.4
1536006494.18 77.4
1536006504.19 76.3
1536006514.21 77.4
1536006524.22 77.4
1536006534.24 77.4
1536006544.26 77.4
1536006554.27 77.4
1536006564.29 77.4
1536006574.3 76.8
1536006584.32 76.8
1536006594.33 77.4
1536006604.35 76.3
1536006614.37 77.4
1536006624.38 76.3
1536006634.4 76.8
1536006644.41 76.3
1536006654.43 76.8
1536006664.45 76.3
1536006674.47 76.8
1536006684.48 76.3
1536006694.5 76.3
1536006704.51 76.3
1536006714.53 76.3
1536006724.55 76.3
1536006734.56 76.3
1536006744.58 75.8
1536006754.6 76.3
1536006764.62 75.8
1536006774.64 76.3
1536006784.65 76.8
1536006794.67 77.4
1536006804.68 76.8
1536006814.7 75.8
1536006824.72 77.4
1536006834.74 76.3
1536006844.75 76.3
1536006854.77 76.3
1536006864.79 76.3
1536006874.81 76.3
1536006884.82 76.8
1536006894.84 76.3
1536006904.86 77.4
1536006914.88 76.3
1536006924.9 76.3
1536006934.91 76.3
1536006944.93 76.3
1536006954.94 76.8
1536006964.95 77.4
1536006974.97 76.8
1536006984.98 76.3
1536006995.0 76.8
1536007005.01 76.3
1536007015.03 76.3
1536007025.05 76.3
1536007035.07 76.3
1536007045.09 76.8
1536007055.11 76.8
1536007065.12 76.8
1536007075.14 77.4
1536007085.16 76.8
1536007095.18 76.8
1536007105.19 77.4
1536007115.21 76.3
1536007125.23 76.8
1536007135.25 76.8
1536007145.27 76.8
1536007155.29 77.4
1536007165.3 77.4
1536007175.32 77.4
1536007185.34 77.9
1536007195.35 77.4
1536007205.37 77.4
1536007215.38 77.4
1536007225.4 77.4
1536007235.42 77.4
1536007245.44 76.8
1536007255.46 77.9
1536007265.48 77.4
1536007275.49 78.4
1536007285.51 77.9
1536007295.53 77.4
1536007305.54 77.9
1536007315.56 77.4
1536007325.57 77.9
1536007335.6 77.4
1536007345.62 77.4
1536007355.63 77.9
1536007365.65 77.9
1536007375.67 77.9
1536007385.68 77.4
1536007395.7 77.4
1536007405.71 77.4
1536007415.73 76.8
1536007425.74 77.4
1536007435.75 77.4
1536007445.77 77.4
1536007455.78 76.8
1536007465.79 77.4
1536007475.81 77.4
1536007485.82 77.4
1536007495.83 76.3
1536007505.84 77.4
1536007515.86 77.4
1536007525.87 76.3
1536007535.88 75.8
1536007545.9 75.8
1536007555.92 76.3
1536007565.94 76.3
1536007575.95 77.4
1536007585.97 76.3
1536007595.99 76.3
1536007606.01 75.8
1536007616.02 76.8
1536007626.04 75.8
1536007636.05 75.8
1536007646.06 75.8
1536007656.08 75.8
1536007666.1 75.8
1536007676.12 75.8
1536007686.14 75.2
1536007696.15 75.8
1536007706.18 75.2
1536007716.19 75.2
1536007726.21 76.3
1536007736.22 75.2
1536007746.24 76.3
1536007756.26 75.8
1536007766.28 75.2
1536007776.3 75.8
1536007786.31 75.8
1536007796.33 75.8
1536007806.35 76.3
1536007816.36 76.3
1536007826.38 76.3
1536007836.39 75.2
1536007846.41 75.2
1536007856.43 75.8
1536007866.44 76.3
1536007876.46 75.8
1536007886.47 76.3
1536007896.48 75.8
1536007906.5 76.3
1536007916.52 75.8
1536007926.53 76.3
1536007936.55 75.8
1536007946.57 75.8
1536007956.59 76.3
1536007966.61 75.2
1536007976.63 76.3
1536007986.65 75.2
1536007996.67 75.8
1536008006.68 76.3
1536008016.7 75.8
1536008026.72 76.3
1536008036.73 76.3
1536008046.74 76.3
1536008056.76 76.3
1536008066.78 76.8
1536008076.79 76.3
1536008086.81 76.3
1536008096.82 75.8
1536008106.84 76.3
1536008116.86 76.3
1536008126.88 76.3
1536008136.89 76.3
1536008146.91 76.3
1536008156.93 76.3
1536008166.94 76.3
1536008176.96 75.8
1536008186.97 75.8
1536008196.99 76.3
1536008207.01 76.3
1536008217.02 75.8
1536008227.04 76.3
1536008237.06 75.2
1536008247.08 75.8
1536008257.1 76.3
1536008267.11 76.3
1536008277.13 76.3
1536008287.15 75.8
1536008297.16 75.8
1536008307.18 75.8
1536008317.19 76.3
1536008327.21 76.3
1536008337.22 75.8
1536008347.24 75.2
1536008357.25 75.2
1536008367.26 75.8
1536008377.28 75.2
1536008387.29 75.8
1536008397.3 75.2
1536008407.32 76.8
1536008417.34 76.3
1536008427.36 75.8
1536008437.37 75.8
1536008447.39 75.8
1536008457.41 75.2
1536008467.42 75.2
1536008477.44 74.7
1536008487.46 75.2
1536008497.47 75.2
1536008507.48 75.2
1536008517.5 75.2
1536008527.52 75.2
1536008537.53 75.2
1536008547.55 75.2
1536008557.56 75.2
1536008567.58 75.2
1536008577.6 75.2
1536008587.62 75.2
1536008597.63 74.7
1536008607.64 74.7
1536008617.66 74.1
1536008627.68 74.7
1536008637.69 74.7
1536008647.71 75.2
1536008657.72 74.7
1536008667.74 74.7
1536008677.76 74.7
1536008687.77 74.7
1536008697.79 74.1
1536008707.81 75.2
1536008717.83 74.1
1536008727.84 75.2
1536008737.86 75.2
1536008747.88 74.1
1536008757.9 74.1
1536008767.92 74.7
1536008777.93 75.2
1536008787.95 74.7
1536008797.96 74.7
1536008807.98 74.7
1536008818.0 74.7
1536008828.02 74.7
1536008838.03 75.2
1536008848.06 74.7
1536008858.07 74.7
1536008868.09 74.1
1536008878.1 74.7
1536008888.12 75.2
1536008898.13 75.2
1536008908.14 75.8
1536008918.16 75.2
1536008928.18 75.2
1536008938.2 75.2
1536008948.21 75.2
1536008958.23 75.2
1536008968.25 74.7
1536008978.27 74.7
1536008988.29 75.2
1536008998.3 75.2
1536009008.32 74.1
1536009018.33 74.7
1536009028.35 74.7
1536009038.36 75.2
1536009048.38 74.1
1536009058.4 74.1
1536009068.41 75.2
1536009078.44 74.1
1536009088.46 74.7
1536009098.47 75.2
1536009108.48 74.1
1536009118.5 74.1
1536009128.51 74.7
1536009138.53 74.7
1536009148.54 75.2
1536009158.56 74.1
1536009168.57 74.7
1536009178.59 75.2
1536009188.61 74.7
1536009198.63 74.7
1536009208.65 74.7
1536009218.66 73.6
1536009228.68 74.1
1536009238.69 73.6
1536009248.7 74.1
1536009258.72 74.1
1536009268.74 74.7
1536009278.75 73.6
1536009288.77 74.1
1536009298.79 73.6
1536009308.8 74.1
1536009318.81 74.1
1536009328.83 74.1
1536009338.84 74.1
1536009348.86 74.7
1536009358.87 74.7
1536009368.88 75.2
1536009378.9 74.7
1536009388.91 74.7
1536009398.93 75.2
1536009408.95 75.2
1536009418.97 74.1
1536009428.99 74.1
1536009439.01 74.7
1536009449.02 75.2
1536009459.04 75.2
1536009469.05 74.1
1536009479.07 74.1
1536009489.09 74.1
1536009499.11 75.2
1536009509.13 74.1
1536009519.15 74.1
1536009529.17 74.1
1536009539.19 75.2
1536009549.2 75.2
1536009559.22 75.2
1536009569.23 75.2
1536009579.25 74.7
1536009589.27 74.1
1536009599.28 74.1
1536009609.3 74.7
1536009619.32 74.7
1536009629.33 75.2
1536009639.35 74.1
1536009649.36 74.1
1536009659.37 74.1
1536009669.39 74.1
1536009679.4 74.1
1536009689.42 74.1
1536009699.44 74.1
1536009709.45 74.1
1536009719.47 74.1
1536009729.49 74.1
1536009739.5 75.2
1536009749.52 74.7
1536009759.53 74.7
1536009769.55 74.7
1536009779.57 75.2
1536009789.58 74.1
1536009799.6 74.1
1536009809.62 74.1
1536009819.64 73.1
1536009829.65 74.1
1536009839.67 74.7
1536009849.69 74.7
1536009859.7 74.1
1536009869.72 74.1
1536009879.74 74.1
1536009889.76 74.1
1536009899.77 74.7
1536009909.79 73.6
1536009919.81 73.6
1536009929.82 73.6
1536009939.84 74.1
1536009949.86 73.6
1536009959.88 73.6
1536009969.89 73.6
1536009979.92 73.6
1536009989.94 73.1
1536009999.95 73.1
1536010009.97 73.6
1536010019.99 73.6
1536010030.0 73.6
1536010040.02 74.1
1536010050.04 73.1
1536010060.05 73.1
1536010070.07 73.6
1536010080.08 73.1
1536010090.1 73.6
1536010100.11 73.1
1536010110.13 73.1
1536010120.15 73.1
1536010130.17 73.6
1536010140.18 73.1
1536010150.2 73.1
1536010160.22 73.1
1536010170.23 73.1
1536010180.25 73.1
1536010190.27 73.1
1536010200.28 73.1
1536010210.3 73.1
1536010220.31 73.6
1536010230.33 73.6
1536010240.36 72.0
1536010250.37 73.1
1536010260.39 72.5
1536010270.41 73.1
1536010280.43 73.1
1536010290.44 73.6
1536010300.46 73.1
1536010310.47 73.1
1536010320.49 73.6
1536010330.51 73.6
1536010340.53 73.1
1536010350.55 73.1
1536010360.56 74.1
1536010370.58 73.6
1536010380.6 74.1
1536010390.61 73.6
1536010400.63 73.1
1536010410.65 73.6
1536010420.66 73.1
1536010430.68 74.1
1536010440.69 73.6
1536010450.72 73.6
1536010460.73 73.1
1536010470.75 74.1
1536010480.76 73.6
1536010490.78 73.6
1536010500.79 74.1
1536010510.8 73.1
1536010520.83 73.6
1536010530.85 73.6
1536010540.86 74.1
1536010550.88 74.1
1536010560.9 74.1
1536010570.91 74.1
1536010580.92 74.1
1536010590.94 74.7
1536010600.95 74.1
1536010610.96 73.6
1536010620.98 74.1
1536010630.99 73.6
1536010641.01 74.1
1536010651.03 74.1
1536010661.04 74.1
1536010671.06 73.6
1536010681.07 73.6
1536010691.09 74.1
1536010701.1 73.6
1536010711.11 73.6
1536010721.13 73.6
1536010731.14 74.1
1536010741.16 73.6
1536010751.17 73.1
1536010761.19 73.1
1536010771.2 73.6
1536010781.22 73.1
1536010791.23 73.1
1536010801.24 72.5
1536010811.26 73.1
1536010821.27 72.5
1536010831.29 73.1
1536010841.31 72.5
1536010851.33 72.0
1536010861.35 72.0
1536010871.36 72.0
1536010881.38 70.9
1536010891.4 72.0
1536010901.41 72.0
1536010911.43 71.4
1536010921.44 72.0
1536010931.46 71.4
1536010941.48 72.5
1536010951.5 71.4
1536010961.51 72.5
1536010971.53 72.0
1536010981.54 72.0
1536010991.55 72.0
1536011001.57 72.0
1536011011.58 72.0
1536011021.6 72.0
1536011031.61 72.0
1536011041.63 71.4
1536011051.64 72.0
1536011061.66 72.5
1536011071.68 71.4
1536011081.69 72.5
1536011091.71 72.0
1536011101.73 71.4
1536011111.75 71.4
1536011121.77 72.0
1536011131.79 72.0
1536011141.8 72.0
1536011151.82 72.0
1536011161.83 72.0
1536011171.84 72.5
1536011181.85 72.5
1536011191.87 71.4
1536011201.88 72.5
1536011211.89 72.0
1536011221.91 72.0
1536011231.92 71.4
1536011241.94 72.0
1536011251.96 70.9
1536011261.97 70.9
1536011271.99 72.0
1536011282.01 72.0
1536011292.02 70.9
1536011302.03 72.0
1536011312.05 72.0
1536011322.06 72.0
1536011332.08 70.9
1536011342.1 72.0
1536011352.11 72.0
1536011362.12 71.4
1536011372.14 71.4
1536011382.16 70.9
1536011392.18 70.9
1536011402.2 70.9
1536011412.22 70.9
1536011422.23 71.4
1536011432.25 71.4
1536011442.26 71.4
1536011452.28 70.9
1536011462.29 71.4
1536011472.31 71.4
1536011482.32 71.4
1536011492.34 70.9
1536011502.35 70.9
1536011512.36 70.9
1536011522.38 70.9
1536011532.39 70.9
1536011542.4 70.9
1536011552.42 70.9
1536011562.43 70.9
1536011572.44 70.9
1536011582.46 70.4
1536011592.47 70.4
1536011602.48 70.9
1536011612.5 70.9
1536011622.52 71.4
1536011632.53 70.9
1536011642.55 71.4
1536011652.57 70.9
1536011662.58 70.9
1536011672.6 70.9
1536011682.61 70.9
1536011692.62 70.9
1536011702.64 70.9
1536011712.66 70.9
1536011722.67 70.9
1536011732.68 70.9
1536011742.7 71.4
1536011752.71 70.9
1536011762.73 70.9
1536011772.75 72.0
1536011782.77 72.0
1536011792.78 72.0
1536011802.8 72.0
1536011812.82 72.0
1536011822.83 72.0
1536011832.85 70.9
1536011842.86 72.0
1536011852.88 71.4
1536011862.9 71.4
1536011872.92 72.0
1536011882.93 72.0
1536011892.95 72.0
1536011902.96 72.0
1536011912.98 72.0
1536011923.0 70.9
1536011933.02 71.4
1536011943.04 71.4
1536011953.06 70.9
1536011963.08 70.9
1536011973.09 72.0
1536011983.11 72.0
1536011993.12 72.0
1536012003.14 71.4
1536012013.16 71.4
1536012023.17 71.4
1536012033.19 70.9
1536012043.21 70.9
1536012053.22 72.0
1536012063.24 71.4
1536012073.26 71.4
1536012083.28 72.0
1536012093.29 71.4
1536012103.31 71.4
1536012113.33 71.4
1536012123.35 71.4
1536012133.37 71.4
1536012143.38 70.9
1536012153.4 70.9
1536012163.42 70.9
1536012173.43 70.9
1536012183.45 71.4
1536012193.46 70.9
1536012203.48 70.9
1536012213.5 70.9
1536012223.52 70.9
1536012233.54 71.4
1536012243.56 70.9
1536012253.58 69.8
1536012263.59 70.9
1536012273.61 70.9
1536012283.62 70.9
1536012293.64 70.9
1536012303.66 70.9
1536012313.68 70.9
1536012323.69 70.9
1536012333.71 70.4
1536012343.73 70.9
1536012353.74 71.4
1536012363.76 70.9
1536012373.77 70.9
1536012383.79 70.9
1536012393.81 70.4
1536012403.83 70.9
1536012413.85 70.9
1536012423.86 70.9
1536012433.88 69.8
1536012443.9 70.9
1536012453.91 70.4
1536012463.93 70.4
1536012473.94 70.9
1536012483.96 70.9
1536012493.98 69.8
1536012504.0 70.9
1536012514.02 69.8
1536012524.04 70.4
1536012534.05 69.8
1536012544.07 70.4
1536012554.09 70.4
1536012564.1 69.8
1536012574.12 69.8
1536012584.13 70.4
1536012594.15 69.8
1536012604.16 70.9
1536012614.17 70.9
1536012624.19 70.9
1536012634.21 70.4
1536012644.22 70.9
1536012654.24 70.4
1536012664.26 69.8
1536012674.27 70.4
1536012684.29 70.4
1536012694.31 69.8
1536012704.33 70.4
1536012714.34 70.9
1536012724.37 70.4
1536012734.39 69.3
1536012744.4 70.4
1536012754.41 70.9
1536012764.43 70.9
1536012774.45 70.9
1536012784.46 70.9
1536012794.48 70.9
1536012804.51 70.9
1536012814.53 70.9
1536012824.55 70.4
1536012834.57 70.9
1536012844.58 70.9
1536012854.6 70.4
1536012864.62 70.4
1536012874.64 70.4
1536012884.66 70.9
1536012894.67 70.9
1536012904.69 70.9
1536012914.7 70.9
1536012924.71 70.9
1536012934.73 70.9
1536012944.75 71.4
1536012954.76 70.9
1536012964.78 71.4
1536012974.8 72.0
1536012984.81 70.9
1536012994.82 71.4
1536013004.84 72.0
1536013014.85 72.0
1536013024.87 72.0
1536013034.88 71.4
1536013044.89 70.9
1536013054.9 70.9
1536013064.92 72.0
1536013074.93 70.9
1536013084.95 70.9
1536013094.96 71.4
1536013104.98 72.0
1536013115.0 70.9
1536013125.02 70.9
1536013135.03 71.4
1536013145.05 71.4
1536013155.07 70.9
1536013165.09 71.4
1536013175.1 70.9
1536013185.12 70.9
1536013195.14 70.9
1536013205.15 70.9
1536013215.17 70.9
1536013225.19 70.4
1536013235.21 70.9
1536013245.22 70.9
1536013255.24 70.4
1536013265.26 70.9
1536013275.28 70.9
1536013285.3 70.9
1536013295.32 70.9
1536013305.34 70.9
1536013315.35 70.9
1536013325.37 70.9
1536013335.38 70.9
1536013345.4 70.9
1536013355.42 71.4
1536013365.43 70.9
1536013375.45 70.9
1536013385.46 70.9
1536013395.48 70.9
1536013405.5 70.9
1536013415.51 70.9
1536013425.53 70.9
1536013435.54 70.4
1536013445.56 70.4
1536013455.57 70.9
1536013465.6 69.8
1536013475.61 69.8
1536013485.63 70.9
1536013495.64 69.8
1536013505.66 70.9
1536013515.68 70.4
1536013525.69 69.8
1536013535.7 69.8
1536013545.72 69.8
1536013555.74 69.8
1536013565.75 69.8
1536013575.77 69.8
1536013585.79 69.8
1536013595.8 69.8
1536013605.82 69.3
1536013615.84 68.8
1536013625.86 68.8
1536013635.87 69.8
1536013645.88 69.3
1536013655.89 69.3
1536013665.9 69.8
1536013675.92 69.8
1536013685.94 69.8
1536013695.95 69.8
1536013705.97 69.8
1536013715.98 69.8
1536013726.0 69.8
1536013736.01 69.8
1536013746.03 69.3
1536013756.04 68.8
1536013766.06 68.8
1536013776.09 68.8
1536013786.11 69.3
1536013796.12 69.8
1536013806.13 68.8
1536013816.15 69.8
1536013826.16 69.8
1536013836.18 68.8
1536013846.19 69.3
1536013856.21 68.8
1536013866.23 69.3
1536013876.24 69.3
1536013886.26 68.8
1536013896.28 69.8
1536013906.29 69.8
1536013916.31 69.8
1536013926.33 69.3
1536013936.34 69.3
1536013946.35 69.3
1536013956.36 69.3
1536013966.38 69.8
1536013976.39 70.4
1536013986.42 69.8
1536013996.43 68.8
1536014006.45 69.3
1536014016.47 68.8
1536014026.48 69.3
1536014036.5 69.8
1536014046.51 69.3
1536014056.53 68.8
1536014066.55 68.8
1536014076.56 69.8
1536014086.58 68.8
1536014096.6 69.3
1536014106.61 69.3
1536014116.63 69.3
1536014126.64 69.3
1536014136.66 69.3
1536014146.68 69.8
1536014156.71 69.3
1536014166.72 68.8
1536014176.73 69.3
1536014186.75 69.3
1536014196.76 69.3
1536014206.77 69.3
1536014216.79 69.3
1536014226.81 68.8
1536014236.82 69.8
1536014246.83 68.8
1536014256.85 68.8
1536014266.87 69.3
1536014276.89 69.8
1536014286.9 69.3
1536014296.92 69.3
1536014306.93 69.8
1536014316.95 69.3
1536014326.96 69.3
1536014336.98 69.8
1536014347.0 69.8
1536014357.01 70.4
1536014367.03 69.8
1536014377.06 69.8
1536014387.07 69.3
1536014397.09 69.3
1536014407.1 69.8
1536014417.12 69.8
1536014427.13 69.3
1536014437.14 69.8
1536014447.16 69.8
1536014457.18 69.8
1536014467.19 69.8
1536014477.21 69.3
1536014487.22 69.8
1536014497.25 69.3
1536014507.26 69.3
1536014517.28 69.8
1536014527.29 69.8
1536014537.31 68.8
1536014547.33 69.3
1536014557.34 69.3
1536014567.36 69.3
1536014577.37 69.3
1536014587.38 69.3
1536014597.4 69.8
1536014607.41 69.3
1536014617.43 69.3
1536014627.44 69.3
1536014637.45 69.8
1536014647.47 68.8
1536014657.48 68.8
1536014667.5 69.8
1536014677.51 69.3
1536014687.53 69.8
1536014697.55 69.8
1536014707.56 68.8
1536014717.58 69.3
1536014727.6 69.8
1536014737.61 69.3
1536014747.63 69.3
1536014757.65 69.8
1536014767.66 69.8
1536014777.68 69.8
1536014787.7 69.3
1536014797.71 69.8
1536014807.72 69.8
1536014817.73 69.8
1536014827.76 69.8
1536014837.77 69.8
1536014847.79 69.3
1536014857.8 69.3
1536014867.81 69.3
1536014877.82 69.3
1536014887.84 69.3
1536014897.85 69.3
1536014907.87 69.3
1536014917.88 69.8
1536014927.9 69.8
1536014937.91 69.8
1536014947.93 68.8
1536014957.94 69.3
1536014967.95 69.3
1536014977.96 69.3
1536014987.98 69.3
1536014998.0 69.3
1536015008.01 69.8
1536015018.03 69.3
1536015028.04 69.3
1536015038.05 68.8
1536015048.07 69.3
1536015058.09 69.3
1536015068.1 69.8
1536015078.11 68.8
1536015088.13 69.3
1536015098.15 69.8
1536015108.16 68.8
1536015118.17 69.3
1536015128.19 69.3
1536015138.21 69.8
1536015148.22 68.8
1536015158.23 69.3
1536015168.24 69.3
1536015178.26 69.3
1536015188.28 69.3
1536015198.29 69.8
1536015208.31 69.3
1536015218.33 69.3
1536015228.34 68.8
1536015238.36 69.3
1536015248.38 69.3
1536015258.4 68.8
1536015268.41 69.3
1536015278.43 68.8
1536015288.44 68.8
1536015298.46 68.8
1536015308.47 68.8
1536015318.49 68.8
1536015328.5 69.3
1536015338.52 68.8
1536015348.54 68.8
1536015358.55 68.2
1536015368.56 68.8
1536015378.58 67.7
1536015388.59 67.7
1536015398.62 67.7
1536015408.64 67.7
1536015418.65 68.2
1536015428.67 67.7
1536015438.69 67.7
1536015448.7 67.7
1536015458.72 67.7
1536015468.74 67.7
1536015478.75 67.7
1536015488.77 68.2
1536015498.78 68.2
1536015508.8 67.7
1536015518.81 67.7
1536015528.82 68.8
1536015538.83 67.7
1536015548.84 67.7
1536015558.85 67.7
1536015568.87 68.2
1536015578.89 68.8
1536015588.9 68.8
1536015598.91 68.8
