1536800000.33 54.8
1536800010.35 55.8
1536800020.37 55.3
1536800030.38 54.8
1536800040.4 54.8
1536800050.41 55.8
1536800060.42 55.8
1536800070.43 55.8
1536800080.45 54.8
1536800090.47 55.3
1536800100.48 54.8
1536800110.5 54.8
1536800120.51 54.8
1536800130.53 55.3
1536800140.55 54.8
1536800150.56 54.2
1536800160.58 54.8
1536800170.59 54.8
1536800180.62 54.8
1536800190.63 54.8
1536800200.66 54.2
1536800210.68 55.8
1536800220.69 55.8
1536800230.71 54.8
1536800240.73 54.8
1536800250.74 54.8
1536800260.76 54.8
1536800270.78 55.3
1536800280.79 54.8
1536800290.81 54.8
1536800300.82 55.3
1536800310.84 54.2
1536800320.85 54.8
1536800330.87 54.8
1536800340.89 54.2
1536800350.91 54.8
1536800360.92 54.8
1536800370.94 54.8
1536800380.95 54.8
1536800390.97 54.8
1536800400.99 54.8
1536800411.01 55.8
1536800421.02 55.8
1536800431.04 55.3
1536800441.06 54.8
1536800451.08 55.8
1536800461.09 54.8
1536800471.11 54.8
1536800481.12 54.8
1536800491.13 55.8
1536800501.15 55.8
1536800511.16 55.8
1536800521.18 54.8
1536800531.19 55.3
1536800541.21 55.3
1536800551.23 55.3
1536800561.24 55.3
1536800571.26 54.8
1536800581.27 54.8
1536800591.28 54.2
1536800601.3 53.7
1536800611.32 54.8
1536800621.34 55.3
1536800631.36 55.3
1536800641.38 55.3
1536800651.4 54.8
1536800661.41 55.3
1536800671.43 55.3
1536800681.44 55.8
1536800691.46 55.3
1536800701.47 55.3
1536800711.49 55.3
1536800721.5 55.8
1536800731.52 55.8
1536800741.53 55.8
1536800751.55 54.8
1536800761.57 55.8
1536800771.58 55.3
1536800781.6 55.8
1536800791.62 54.8
1536800801.63 55.8
1536800811.64 55.8
1536800821.65 55.8
1536800831.67 55.3
1536800841.68 55.8
1536800851.69 55.3
1536800861.7 54.8
1536800871.72 55.3
1536800881.74 54.8
1536800891.76 55.3
1536800901.77 55.8
1536800911.78 55.8
1536800921.8 55.3
1536800931.81 55.8
1536800941.83 55.3
1536800951.84 56.4
1536800961.86 55.8
1536800971.87 55.8
1536800981.88 55.8
1536800991.9 55.3
1536801001.91 55.8
1536801011.93 55.8
1536801021.95 54.8
1536801031.97 55.8
1536801041.98 55.8
1536801052.0 55.8
1536801062.01 55.8
1536801072.03 55.3
1536801082.04 55.8
1536801092.06 55.8
1536801102.08 55.8
1536801112.1 55.3
1536801122.11 55.3
1536801132.12 55.8
1536801142.14 55.8
1536801152.16 55.8
1536801162.17 55.3
1536801172.18 55.8
1536801182.2 55.3
1536801192.22 55.8
1536801202.23 54.8
1536801212.25 54.8
1536801222.26 55.3
1536801232.28 55.3
1536801242.3 54.8
1536801252.31 54.8
1536801262.33 54.8
1536801272.35 54.8
1536801282.36 55.8
1536801292.38 55.8
1536801302.39 55.3
1536801312.41 54.8
1536801322.43 54.8
1536801332.45 55.3
1536801342.47 54.8
1536801352.48 55.8
1536801362.5 54.8
1536801372.53 54.8
1536801382.54 54.8
1536801392.56 54.8
1536801402.58 54.8
1536801412.59 54.8
1536801422.62 54.2
1536801432.64 54.8
1536801442.65 55.3
1536801452.66 54.8
1536801462.68 55.3
1536801472.69 54.2
1536801482.71 54.2
1536801492.73 54.8
1536801502.75 54.8
1536801512.77 54.2
1536801522.78 54.2
1536801532.8 54.8
1536801542.81 54.8
1536801552.83 53.7
1536801562.84 54.8
1536801572.86 54.2
1536801582.87 54.8
1536801592.89 54.2
1536801602.91 54.8
1536801612.92 54.8
1536801622.93 53.7
1536801632.94 53.7
1536801642.96 53.7
1536801652.98 53.7
1536801663.0 53.2
1536801673.01 54.2
1536801683.02 54.2
1536801693.03 54.2
1536801703.05 53.7
1536801713.07 54.8
1536801723.08 53.7
1536801733.1 54.2
1536801743.11 53.7
1536801753.14 53.7
1536801763.15 53.7
1536801773.17 53.7
1536801783.18 53.7
1536801793.2 53.2
1536801803.22 53.7
1536801813.23 53.2
1536801823.25 53.7
1536801833.27 53.2
1536801843.29 53.2
1536801853.31 53.2
1536801863.33 53.7
1536801873.35 53.7
1536801883.37 53.7
1536801893.38 53.7
1536801903.4 53.7
1536801913.42 53.2
1536801923.44 53.7
1536801933.46 53.7
1536801943.48 53.2
1536801953.49 53.7
1536801963.51 53.7
1536801973.53 53.7
1536801983.54 54.2
1536801993.56 53.2
1536802003.58 53.7
1536802013.6 53.7
1536802023.61 53.7
1536802033.63 54.2
1536802043.64 54.8
1536802053.66 54.2
1536802063.67 54.2
1536802073.69 54.8
1536802083.7 54.8
1536802093.72 54.2
1536802103.73 54.2
1536802113.74 54.8
1536802123.76 54.8
1536802133.78 53.7
1536802143.8 54.2
1536802153.81 53.7
1536802163.82 54.2
1536802173.84 54.2
1536802183.86 54.8
1536802193.88 54.2
1536802203.9 54.2
1536802213.92 53.7
1536802223.94 54.8
1536802233.96 54.8
1536802243.97 54.2
1536802253.99 54.8
1536802264.01 54.2
1536802274.02 54.8
1536802284.04 54.8
1536802294.06 54.2
1536802304.08 54.8
1536802314.1 54.2
1536802324.11 53.7
1536802334.13 53.7
1536802344.15 53.7
1536802354.17 54.8
1536802364.18 54.2
1536802374.2 54.8
1536802384.21 54.8
1536802394.23 54.2
1536802404.25 54.2
1536802414.26 54.2
1536802424.27 54.8
1536802434.29 54.2
1536802444.31 54.8
1536802454.33 54.2
1536802464.34 54.2
1536802474.36 54.2
1536802484.38 54.2
1536802494.4 54.2
1536802504.42 54.8
1536802514.43 54.8
1536802524.45 53.7
1536802534.47 54.8
1536802544.48 54.8
1536802554.5 53.7
1536802564.53 54.2
1536802574.54 53.7
1536802584.56 53.7
1536802594.58 53.7
1536802604.6 53.7
1536802614.61 53.7
1536802624.63 54.2
1536802634.64 54.2
1536802644.66 54.2
1536802654.67 53.7
1536802664.68 53.2
1536802674.69 53.7
1536802684.71 53.7
1536802694.73 53.2
1536802704.75 53.7
1536802714.77 54.2
1536802724.78 53.7
1536802734.79 53.7
1536802744.81 53.7
1536802754.83 53.7
1536802764.85 53.7
1536802774.86 53.7
1536802784.87 54.2
1536802794.89 53.7
1536802804.91 53.7
1536802814.92 53.7
1536802824.94 53.7
1536802834.96 53.7
1536802844.97 53.7
1536802854.99 54.2
1536802865.0 54.2
1536802875.02 53.7
1536802885.03 53.7
1536802895.05 53.7
1536802905.06 53.7
1536802915.08 53.7
1536802925.09 53.7
1536802935.11 53.7
1536802945.13 54.2
1536802955.14 53.7
1536802965.16 53.7
1536802975.18 53.2
1536802985.2 53.7
1536802995.21 53.7
1536803005.23 53.7
1536803015.24 53.7
1536803025.25 54.2
1536803035.27 53.7
1536803045.28 54.2
1536803055.29 54.2
1536803065.3 53.7
1536803075.32 53.7
1536803085.33 53.7
1536803095.36 54.2
1536803105.37 54.8
1536803115.39 54.8
1536803125.4 54.8
1536803135.42 54.8
1536803145.44 54.8
1536803155.45 54.8
1536803165.47 54.8
1536803175.48 54.8
1536803185.49 54.8
1536803195.5 54.8
1536803205.52 55.3
1536803215.53 55.3
1536803225.54 54.8
1536803235.56 54.8
1536803245.58 54.8
1536803255.59 54.8
1536803265.6 54.8
1536803275.61 54.8
1536803285.63 54.2
1536803295.65 54.2
1536803305.68 54.2
1536803315.7 54.2
1536803325.71 54.8
1536803335.73 53.7
1536803345.75 54.2
1536803355.76 54.2
1536803365.78 54.2
1536803375.8 54.2
1536803385.81 53.7
1536803395.83 53.7
1536803405.86 53.7
1536803415.87 53.7
1536803425.88 53.7
1536803435.9 54.2
1536803445.91 54.2
1536803455.93 54.2
1536803465.94 53.7
1536803475.97 53.7
1536803485.98 54.2
1536803496.0 54.2
1536803506.02 53.7
1536803516.03 54.8
1536803526.05 54.2
1536803536.06 53.7
1536803546.07 53.7
1536803556.09 54.2
1536803566.11 53.7
1536803576.12 53.7
1536803586.14 54.2
1536803596.15 54.2
1536803606.17 53.7
1536803616.19 53.7
1536803626.2 54.2
1536803636.22 54.2
1536803646.24 53.7
1536803656.25 53.7
1536803666.26 53.7
1536803676.28 53.7
1536803686.3 53.7
1536803696.32 53.7
1536803706.34 53.7
1536803716.35 54.2
1536803726.36 53.7
1536803736.38 53.2
1536803746.4 53.7
1536803756.42 52.6
1536803766.44 52.6
1536803776.45 53.7
1536803786.47 52.6
1536803796.49 53.2
1536803806.51 53.2
1536803816.53 53.7
1536803826.55 52.6
1536803836.56 53.2
1536803846.58 53.7
1536803856.6 53.7
1536803866.62 53.2
1536803876.64 53.2
1536803886.66 53.7
1536803896.68 53.7
1536803906.7 53.7
1536803916.72 53.7
1536803926.73 53.7
1536803936.75 53.7
1536803946.77 53.7
1536803956.79 53.7
1536803966.8 53.2
1536803976.82 53.7
1536803986.84 53.7
1536803996.86 53.7
