1536400002.08 48.3
1536400012.1 48.3
1536400022.12 47.8
1536400032.13 49.4
1536400042.15 49.4
1536400052.17 48.9
1536400062.19 48.9
1536400072.22 48.3
1536400082.24 48.3
1536400092.26 48.3
1536400102.28 48.9
1536400112.29 49.4
1536400122.31 48.3
1536400132.32 49.4
1536400142.34 49.4
1536400152.36 48.3
1536400162.38 49.4
1536400172.4 48.3
1536400182.42 49.4
1536400192.44 49.4
1536400202.46 49.4
1536400212.48 49.4
1536400222.5 47.8
1536400232.52 48.9
1536400242.54 48.9
1536400252.56 48.9
1536400262.58 48.9
1536400272.59 49.4
1536400282.61 49.4
1536400292.62 48.9
1536400302.64 48.9
1536400312.66 48.3
1536400322.68 48.3
1536400332.7 48.9
1536400342.72 49.4
1536400352.74 48.3
1536400362.76 49.4
1536400372.78 49.4
1536400382.8 49.9
1536400392.82 49.4
1536400402.84 48.9
1536400412.86 48.9
1536400422.88 48.9
1536400432.9 48.3
1536400442.92 48.3
1536400452.94 48.3
1536400462.96 48.3
1536400472.97 48.9
1536400483.0 48.3
1536400493.01 48.9
1536400503.03 48.3
1536400513.05 47.8
1536400523.07 47.8
1536400533.09 48.3
1536400543.11 48.3
1536400553.13 48.3
1536400563.15 48.3
1536400573.17 48.3
1536400583.19 48.9
1536400593.21 48.9
1536400603.23 48.9
1536400613.24 49.4
1536400623.25 49.4
1536400633.27 48.3
1536400643.28 49.4
1536400653.3 49.4
1536400663.32 49.4
1536400673.34 49.4
1536400683.36 49.4
1536400693.38 49.9
1536400703.39 49.4
1536400713.41 48.9
1536400723.43 49.4
1536400733.44 49.4
1536400743.46 49.9
1536400753.48 48.3
1536400763.51 49.4
1536400773.52 48.9
1536400783.55 49.4
1536400793.57 48.9
