1536700008.98 68.8
1536700019.0 67.7
1536700029.01 68.8
1536700039.03 68.8
1536700049.05 68.8
1536700059.06 68.8
1536700069.08 68.8
1536700079.09 68.8
1536700089.11 68.8
1536700099.12 68.8
1536700109.14 68.8
1536700119.16 68.8
1536700129.18 68.8
1536700139.19 68.8
1536700149.21 68.8
1536700159.23 68.8
1536700169.24 68.8
1536700179.26 68.2
1536700189.28 67.7
1536700199.29 67.7
1536700209.31 67.7
1536700219.32 68.8
1536700229.34 67.7
1536700239.35 67.7
1536700249.36 67.7
1536700259.38 68.2
1536700269.4 67.7
1536700279.41 67.7
1536700289.43 67.7
1536700299.45 68.8
1536700309.46 68.8
1536700319.47 69.3
1536700329.49 68.2
1536700339.51 68.8
1536700349.52 67.7
1536700359.54 68.8
1536700369.55 69.3
1536700379.56 68.8
1536700389.57 68.8
1536700399.58 68.2
1536700409.6 67.7
1536700419.62 68.2
1536700429.63 68.8
1536700439.64 68.2
1536700449.66 68.2
1536700459.68 67.7
1536700469.7 68.2
1536700479.72 68.2
1536700489.73 68.8
1536700499.75 68.8
1536700509.77 68.2
1536700519.78 67.7
1536700529.79 68.2
1536700539.81 67.7
1536700549.82 67.7
1536700559.84 67.7
1536700569.86 68.2
1536700579.88 67.1
1536700589.89 67.7
1536700599.91 67.7
1536700609.92 67.7
1536700619.94 67.7
1536700629.96 67.7
1536700639.97 66.6
1536700649.99 67.1
1536700660.01 67.1
1536700670.02 67.7
1536700680.05 67.1
1536700690.07 67.7
1536700700.09 67.7
1536700710.11 67.1
1536700720.12 67.1
1536700730.14 66.6
1536700740.15 67.1
1536700750.16 67.1
1536700760.17 66.6
1536700770.19 66.6
1536700780.21 66.6
1536700790.22 66.6
1536700800.24 67.1
1536700810.26 66.6
1536700820.27 66.1
1536700830.29 65.5
1536700840.31 66.6
1536700850.32 66.6
1536700860.34 66.6
1536700870.36 67.7
1536700880.38 66.6
1536700890.39 67.1
1536700900.41 67.1
1536700910.43 66.6
1536700920.44 66.6
1536700930.46 66.6
1536700940.47 66.6
1536700950.49 66.6
1536700960.51 66.6
1536700970.53 66.6
1536700980.54 66.6
1536700990.56 66.6
1536701000.57 66.6
1536701010.58 66.6
1536701020.6 66.1
1536701030.61 66.6
1536701040.63 66.1
1536701050.64 66.1
1536701060.65 66.1
1536701070.67 66.1
1536701080.68 66.1
1536701090.7 65.5
1536701100.71 65.5
1536701110.73 65.5
1536701120.74 65.5
1536701130.75 65.5
1536701140.77 66.6
1536701150.79 65.5
1536701160.81 66.6
1536701170.83 65.5
1536701180.84 66.6
1536701190.85 66.6
1536701200.86 66.1
1536701210.89 65.5
1536701220.91 66.6
1536701230.92 66.6
1536701240.93 65.5
1536701250.95 66.6
1536701260.98 65.5
1536701271.0 65.5
1536701281.01 65.5
1536701291.03 65.5
1536701301.06 65.0
1536701311.07 65.5
1536701321.09 65.0
1536701331.11 65.5
1536701341.13 65.5
1536701351.14 65.0
1536701361.16 65.5
1536701371.17 65.5
1536701381.19 64.5
1536701391.21 65.5
1536701401.22 65.5
1536701411.24 65.0
1536701421.26 65.0
1536701431.27 65.0
1536701441.28 65.5
1536701451.3 65.0
1536701461.31 65.5
1536701471.33 65.5
1536701481.35 65.5
1536701491.37 65.5
1536701501.38 65.5
1536701511.4 65.0
1536701521.41 65.5
1536701531.43 63.9
1536701541.45 64.5
1536701551.47 63.4
1536701561.49 63.4
1536701571.5 63.9
1536701581.52 64.5
1536701591.53 63.9
1536701601.55 63.9
1536701611.56 64.5
1536701621.57 63.4
1536701631.59 63.9
1536701641.6 63.4
1536701651.62 63.4
1536701661.64 64.5
1536701671.65 64.5
1536701681.67 63.4
1536701691.68 64.5
1536701701.69 63.4
1536701711.71 63.4
1536701721.73 63.4
1536701731.74 63.4
1536701741.76 63.4
1536701751.78 62.8
1536701761.8 63.4
1536701771.81 63.4
1536701781.83 63.9
1536701791.84 63.4
1536701801.86 63.4
1536701811.87 62.8
1536701821.89 63.4
1536701831.91 62.8
1536701841.93 62.3
1536701851.94 62.3
1536701861.96 62.8
1536701871.98 62.3
1536701881.99 62.3
1536701892.0 62.8
1536701902.02 62.3
1536701912.03 62.3
1536701922.06 62.3
1536701932.08 62.3
1536701942.09 62.8
1536701952.11 62.3
1536701962.13 61.8
1536701972.15 61.8
1536701982.17 61.2
1536701992.18 62.3
1536702002.2 61.8
1536702012.21 62.3
1536702022.23 61.8
1536702032.25 61.2
1536702042.27 61.8
1536702052.29 60.7
1536702062.31 61.2
1536702072.33 61.2
1536702082.35 61.2
1536702092.36 61.2
1536702102.37 61.2
1536702112.38 61.2
1536702122.4 61.2
1536702132.41 61.2
1536702142.43 61.2
1536702152.45 60.7
1536702162.47 62.3
1536702172.48 61.8
1536702182.51 61.2
1536702192.53 61.2
1536702202.55 61.2
1536702212.57 61.2
1536702222.58 61.8
1536702232.6 61.8
1536702242.62 61.2
1536702252.63 61.2
1536702262.65 61.2
1536702272.66 62.3
1536702282.68 61.8
1536702292.7 62.3
1536702302.71 62.8
1536702312.73 62.3
1536702322.74 61.8
1536702332.76 62.3
1536702342.78 62.3
1536702352.8 61.8
1536702362.82 62.3
1536702372.84 61.2
1536702382.86 62.3
1536702392.87 62.3
1536702402.89 62.3
1536702412.9 62.3
1536702422.93 62.3
1536702432.95 61.8
1536702442.97 62.3
1536702452.98 62.3
1536702463.0 62.3
1536702473.01 62.3
1536702483.03 62.3
1536702493.04 62.3
1536702503.06 62.3
1536702513.08 61.2
1536702523.1 62.3
1536702533.11 61.8
1536702543.12 62.3
1536702553.14 62.3
1536702563.16 62.3
1536702573.17 62.3
1536702583.18 62.3
1536702593.2 62.3
1536702603.21 62.3
1536702613.22 61.8
1536702623.24 62.3
1536702633.25 61.8
1536702643.26 62.3
1536702653.28 61.2
1536702663.29 62.3
1536702673.3 62.3
1536702683.31 62.3
1536702693.33 61.8
1536702703.35 61.8
1536702713.36 61.2
1536702723.37 61.2
1536702733.39 61.8
1536702743.41 62.3
1536702753.42 61.2
1536702763.44 61.2
1536702773.45 61.8
1536702783.47 62.3
1536702793.49 62.3
1536702803.5 61.8
1536702813.51 62.3
1536702823.53 61.2
1536702833.54 62.3
1536702843.55 62.3
1536702853.56 61.8
1536702863.58 61.2
1536702873.6 62.3
1536702883.61 62.3
1536702893.63 61.8
1536702903.65 61.8
1536702913.67 62.3
1536702923.68 61.8
1536702933.7 62.3
1536702943.71 62.3
1536702953.72 62.3
1536702963.74 62.3
1536702973.75 61.2
1536702983.76 62.3
1536702993.77 62.3
1536703003.79 61.8
1536703013.81 62.3
1536703023.82 62.3
1536703033.84 62.3
1536703043.86 62.3
1536703053.87 62.3
1536703063.89 62.3
1536703073.9 61.2
1536703083.92 62.3
1536703093.93 61.8
1536703103.95 61.8
1536703113.97 62.3
1536703123.99 62.3
1536703134.01 62.3
1536703144.03 62.3
1536703154.05 62.3
1536703164.06 62.3
1536703174.07 62.3
1536703184.09 62.3
1536703194.1 61.8
1536703204.13 61.8
1536703214.14 63.4
1536703224.16 62.3
1536703234.17 62.3
1536703244.19 62.3
1536703254.21 61.2
1536703264.23 60.7
1536703274.25 61.8
1536703284.27 61.2
1536703294.28 61.2
1536703304.29 62.3
1536703314.31 61.2
1536703324.33 61.8
1536703334.34 61.8
1536703344.36 61.2
1536703354.38 62.3
1536703364.39 61.2
1536703374.4 60.7
1536703384.42 61.2
1536703394.43 61.8
1536703404.45 61.8
1536703414.47 61.2
1536703424.48 61.2
1536703434.49 61.8
1536703444.51 61.8
1536703454.52 61.2
1536703464.53 61.2
1536703474.55 60.7
1536703484.56 61.8
1536703494.58 61.2
1536703504.59 61.2
1536703514.61 61.2
1536703524.62 61.2
1536703534.64 60.7
1536703544.65 60.7
1536703554.67 61.2
1536703564.68 60.7
1536703574.7 60.1
1536703584.71 61.2
1536703594.73 60.7
1536703604.74 60.1
1536703614.76 60.1
1536703624.78 60.1
1536703634.79 60.1
1536703644.81 60.1
1536703654.82 60.7
1536703664.84 59.6
1536703674.85 60.1
1536703684.86 60.1
1536703694.87 60.1
1536703704.88 60.1
1536703714.9 60.7
1536703724.91 60.7
1536703734.92 60.1
1536703744.94 60.7
1536703754.96 60.1
1536703764.97 60.1
1536703774.99 60.1
1536703785.0 60.1
1536703795.01 60.1
1536703805.03 60.7
1536703815.04 60.1
1536703825.06 60.1
1536703835.07 60.7
1536703845.09 60.1
1536703855.11 60.1
1536703865.12 60.1
1536703875.14 60.1
1536703885.15 60.1
1536703895.17 60.7
1536703905.18 60.7
1536703915.2 60.1
1536703925.21 60.7
1536703935.23 59.6
1536703945.25 60.1
1536703955.27 60.1
1536703965.29 60.1
1536703975.31 60.1
1536703985.33 59.6
1536703995.34 60.1
1536704005.36 60.1
1536704015.38 59.6
1536704025.4 59.1
1536704035.41 59.6
1536704045.43 60.1
1536704055.44 60.1
1536704065.46 60.1
1536704075.48 60.1
1536704085.5 60.1
1536704095.52 60.1
1536704105.53 60.7
1536704115.55 59.1
1536704125.56 60.1
1536704135.58 60.1
1536704145.59 60.1
1536704155.6 60.1
1536704165.63 60.1
1536704175.64 60.1
1536704185.66 60.1
1536704195.68 59.6
1536704205.7 60.7
1536704215.72 60.1
1536704225.74 60.1
1536704235.75 60.1
1536704245.76 60.1
1536704255.78 60.1
1536704265.8 60.1
1536704275.82 59.1
1536704285.84 60.1
1536704295.85 60.1
1536704305.87 59.6
1536704315.89 60.1
1536704325.9 59.6
1536704335.92 59.1
1536704345.94 60.1
1536704355.96 59.1
1536704365.97 60.1
1536704375.99 60.1
1536704386.01 59.1
1536704396.02 59.1
1536704406.04 59.1
1536704416.05 59.6
1536704426.06 60.1
1536704436.08 59.1
1536704446.1 59.1
1536704456.11 59.1
1536704466.13 59.1
1536704476.15 59.1
1536704486.17 59.1
1536704496.18 58.5
1536704506.2 59.1
1536704516.22 59.1
1536704526.24 59.1
1536704536.25 59.1
1536704546.27 60.1
1536704556.28 59.1
1536704566.3 59.1
1536704576.31 59.1
1536704586.33 59.1
1536704596.35 59.1
1536704606.36 58.5
1536704616.38 59.6
1536704626.39 59.6
1536704636.42 59.1
1536704646.44 60.1
1536704656.45 59.1
1536704666.47 60.1
1536704676.48 59.6
1536704686.49 59.1
1536704696.51 60.1
1536704706.52 59.6
1536704716.53 60.1
1536704726.56 59.1
1536704739.24 59.1
1536704749.25 59.1
1536704759.27 58.5
1536704769.28 59.1
1536704779.3 59.1
1536704789.31 58.5
1536704799.33 59.1
1536704809.35 58.5
1536704819.36 59.1
1536704829.39 59.1
1536704839.4 58.5
1536704849.42 59.1
1536704859.43 59.1
1536704869.44 58.0
1536704879.46 58.5
1536704889.48 59.1
1536704899.5 58.5
1536704909.51 59.1
1536704919.53 58.5
1536704929.54 58.0
1536704939.55 59.1
1536704949.57 58.5
1536704959.59 58.5
1536704969.6 58.5
1536704979.62 58.5
1536704989.63 59.1
1536704999.64 58.5
1536705009.66 59.1
1536705019.67 59.1
1536705029.68 59.1
1536705039.7 58.5
1536705049.72 59.1
1536705059.73 59.1
1536705069.75 59.1
1536705079.77 59.6
1536705089.79 59.1
1536705099.81 59.1
1536705109.83 59.1
1536705119.85 59.1
1536705129.87 59.1
1536705139.88 59.1
1536705149.89 59.1
1536705159.91 60.1
1536705169.92 59.1
1536705179.94 59.1
1536705189.95 59.1
1536705199.97 59.6
1536705209.99 59.1
1536705220.0 58.5
1536705230.02 59.1
1536705240.03 58.0
1536705250.04 59.1
1536705260.06 59.6
1536705270.07 58.5
1536705280.08 59.1
1536705290.11 59.1
1536705300.12 59.1
1536705310.13 59.1
1536705320.15 58.5
1536705330.16 58.5
1536705340.18 58.5
1536705350.2 58.5
1536705360.21 58.5
1536705370.22 59.1
1536705380.23 58.5
1536705390.25 58.0
1536705400.27 58.0
1536705410.29 58.5
1536705420.3 58.0
1536705430.32 58.0
1536705440.34 58.0
1536705450.35 59.1
1536705460.37 58.0
1536705470.39 58.0
1536705480.41 58.0
1536705490.42 58.0
1536705500.44 58.0
1536705510.46 58.0
1536705520.47 58.0
1536705530.49 58.0
1536705540.5 58.5
1536705550.53 58.0
1536705560.54 58.0
1536705570.55 58.0
1536705580.57 57.5
1536705590.59 58.0
1536705600.61 57.5
1536705610.63 57.5
1536705620.64 58.0
1536705630.65 58.0
1536705640.67 58.0
1536705650.68 58.0
1536705660.69 58.5
1536705670.71 58.0
1536705680.72 58.5
1536705690.73 58.0
1536705700.75 58.5
1536705710.77 58.0
1536705720.78 59.1
1536705730.8 59.1
1536705740.82 58.5
1536705750.84 58.5
1536705760.86 59.1
1536705770.88 58.5
1536705780.9 58.5
1536705790.92 59.1
1536705800.94 59.1
1536705810.96 58.5
1536705820.97 58.5
1536705830.99 58.5
1536705841.0 59.1
1536705851.01 58.5
1536705861.03 59.1
1536705871.04 58.0
1536705881.05 58.5
1536705891.06 58.5
1536705901.08 58.5
1536705911.09 59.1
1536705921.11 59.1
1536705931.12 59.1
1536705941.14 59.1
1536705951.16 58.5
1536705961.17 58.5
1536705971.19 58.5
1536705981.21 59.1
1536705991.23 58.5
1536706001.26 58.5
1536706011.27 58.5
1536706021.29 58.0
1536706031.31 58.5
1536706041.32 59.1
1536706051.34 58.5
1536706061.35 58.5
1536706071.37 58.5
1536706081.38 58.0
1536706091.39 58.0
1536706101.41 58.0
1536706111.42 58.0
1536706121.44 58.0
1536706131.46 58.0
1536706141.48 56.9
1536706151.5 58.0
1536706161.52 58.0
1536706171.54 58.0
1536706181.56 58.0
1536706191.58 58.0
1536706201.6 58.0
1536706211.61 58.0
1536706221.62 57.5
1536706231.64 57.5
1536706241.65 58.0
1536706251.66 58.0
1536706261.68 58.0
1536706271.7 58.0
1536706281.72 58.5
1536706291.73 58.0
1536706301.74 58.0
1536706311.75 58.0
1536706321.77 58.0
1536706331.79 58.0
1536706341.81 58.0
1536706351.82 58.0
1536706361.84 58.5
1536706371.85 58.5
1536706381.88 58.0
1536706391.89 58.0
1536706401.91 58.0
1536706411.92 58.0
1536706421.94 58.0
1536706431.95 58.0
1536706441.97 57.5
1536706451.99 58.0
1536706462.0 58.0
1536706472.02 58.0
1536706482.04 57.5
1536706492.05 56.9
1536706502.07 58.0
1536706512.08 58.0
1536706522.11 56.9
1536706532.12 56.9
1536706542.13 57.5
1536706552.15 56.9
1536706562.17 58.0
1536706572.18 57.5
1536706582.2 58.0
1536706592.21 56.4
1536706602.23 56.9
1536706612.24 56.9
1536706622.25 56.9
1536706632.27 56.4
1536706642.29 56.9
1536706652.31 56.9
1536706662.32 56.9
1536706672.34 56.9
1536706682.35 58.0
1536706692.37 56.9
1536706702.38 57.5
1536706712.4 56.9
1536706722.42 56.4
1536706732.43 58.0
1536706742.45 57.5
1536706752.47 58.0
1536706762.49 58.0
1536706772.51 56.9
1536706782.53 57.5
1536706792.55 56.9
1536706802.57 56.9
