1536600002.62 54.8
1536600012.64 54.8
1536600022.65 53.7
1536600032.67 54.2
1536600042.69 54.2
1536600052.7 54.2
1536600062.72 54.8
1536600072.74 54.2
1536600082.76 54.8
1536600092.77 54.8
1536600102.79 54.8
1536600112.8 54.2
1536600122.81 54.8
1536600132.83 53.7
1536600142.85 54.2
1536600152.87 54.2
1536600162.89 53.7
1536600172.91 54.8
1536600182.92 55.3
1536600192.93 54.2
1536600202.95 54.8
1536600212.98 54.2
1536600222.99 54.8
1536600233.0 54.2
1536600243.02 55.3
1536600253.04 54.8
1536600263.05 54.8
1536600273.07 55.3
1536600283.09 54.8
1536600293.1 54.8
1536600303.12 54.8
1536600313.13 53.7
1536600323.15 54.8
1536600333.16 54.8
1536600343.18 54.8
1536600353.19 54.8
1536600363.21 54.8
1536600373.23 54.2
1536600383.24 54.8
1536600393.26 54.8
1536600403.27 55.3
1536600413.29 55.3
1536600423.31 55.8
1536600433.32 55.8
1536600443.34 55.8
1536600453.35 55.8
1536600463.37 55.8
1536600473.39 55.8
1536600483.4 55.8
1536600493.42 54.8
1536600503.43 55.3
1536600513.45 54.8
1536600523.46 55.3
1536600533.48 54.2
1536600543.49 54.8
1536600553.51 55.3
1536600563.53 54.8
1536600573.55 54.8
1536600583.57 54.2
1536600593.59 54.8
1536600603.6 54.8
1536600613.62 54.2
1536600623.64 54.8
1536600633.67 54.2
1536600643.68 54.2
1536600653.7 53.7
1536600663.72 53.7
1536600673.76 53.7
1536600683.77 54.8
1536600693.79 54.2
1536600703.81 54.8
1536600713.82 55.8
1536600723.84 54.8
1536600733.85 54.8
1536600743.87 55.8
1536600753.88 55.3
1536600763.89 55.3
1536600773.91 55.8
1536600783.93 55.8
1536600793.94 55.8
1536600803.97 54.8
1536600813.99 55.8
1536600824.0 55.8
1536600834.01 55.8
1536600844.03 55.8
1536600854.05 55.8
1536600864.06 55.8
1536600874.08 55.8
1536600884.1 55.8
1536600894.12 55.8
1536600904.13 55.8
1536600914.15 55.8
1536600924.16 55.8
1536600934.18 55.8
1536600944.2 55.3
1536600954.22 55.8
1536600964.24 55.8
1536600974.26 55.8
1536600984.27 55.8
1536600994.29 55.8
1536601004.31 55.8
1536601014.32 55.8
1536601024.33 55.3
1536601034.35 55.8
1536601044.36 55.3
1536601054.38 55.8
1536601064.39 54.8
1536601074.41 55.8
1536601084.43 55.3
1536601094.44 55.8
1536601104.46 55.8
1536601114.48 55.8
1536601124.49 55.8
1536601134.51 54.8
1536601144.53 55.3
1536601154.55 55.3
1536601164.56 55.8
1536601174.57 55.3
1536601184.58 55.8
1536601194.6 55.8
1536601204.61 54.8
1536601214.63 55.3
1536601224.64 55.8
1536601234.66 55.3
1536601244.67 55.3
1536601254.69 55.8
1536601264.71 55.8
1536601274.72 55.8
1536601284.73 55.8
1536601294.75 55.8
1536601304.76 55.8
1536601314.78 55.8
1536601324.79 55.8
1536601334.81 54.8
1536601344.83 55.8
1536601354.85 55.8
1536601364.87 55.3
1536601374.88 55.3
1536601384.9 55.8
1536601394.92 55.3
1536601404.93 55.8
1536601414.95 55.8
1536601424.97 54.8
1536601434.98 55.8
1536601445.0 55.8
1536601455.02 55.8
1536601465.03 55.8
1536601475.05 55.8
1536601485.07 55.8
1536601495.08 56.4
1536601505.09 55.3
1536601515.11 56.4
1536601525.12 54.8
1536601535.14 55.8
1536601545.16 55.8
1536601555.17 56.4
1536601565.19 55.8
1536601575.2 55.8
1536601585.22 55.8
1536601595.24 55.8
1536601605.25 55.3
1536601615.27 55.3
1536601625.28 55.8
1536601635.3 55.8
1536601645.32 55.8
1536601655.33 55.8
1536601665.35 55.8
1536601675.37 55.8
1536601685.39 55.8
1536601695.41 56.4
1536601705.43 56.4
1536601715.44 56.4
1536601725.46 56.4
1536601735.47 55.8
1536601745.49 55.3
1536601755.51 55.8
1536601765.53 55.8
1536601775.55 55.3
1536601785.56 55.8
1536601795.58 55.3
1536601805.59 55.8
1536601815.61 55.8
1536601825.63 55.8
1536601835.65 55.3
1536601845.66 55.8
1536601855.68 54.8
1536601865.7 55.3
1536601875.71 55.8
1536601885.73 55.3
1536601895.74 55.3
1536601905.77 54.8
1536601915.79 54.8
1536601925.81 54.2
1536601935.83 55.3
1536601945.84 55.8
1536601955.86 55.8
1536601965.87 54.8
1536601975.88 54.8
1536601985.9 55.3
1536601995.92 54.8
1536602005.94 55.3
1536602015.95 54.8
1536602025.97 54.8
1536602035.99 54.8
1536602046.0 55.3
1536602056.02 55.8
1536602066.03 54.8
1536602076.05 54.8
1536602086.07 54.2
1536602096.09 55.3
1536602106.11 54.8
1536602116.13 55.3
1536602126.15 54.8
1536602136.16 54.8
1536602146.18 54.8
1536602156.2 55.3
1536602166.22 54.8
1536602176.24 55.3
1536602186.25 54.8
1536602196.27 54.8
1536602206.29 54.8
1536602216.3 54.2
1536602226.32 54.2
1536602236.34 54.2
1536602246.35 54.8
1536602256.37 54.8
1536602266.39 53.7
1536602276.41 53.7
1536602286.42 53.7
1536602296.44 53.7
1536602306.46 53.7
1536602316.47 53.7
1536602326.49 54.2
1536602336.5 54.2
1536602346.52 53.7
1536602356.54 54.8
1536602366.55 53.7
1536602376.57 53.7
1536602386.59 53.7
1536602396.61 53.7
