1536100006.26 66.1
1536100016.28 65.5
1536100026.3 65.5
1536100036.32 65.5
1536100046.34 66.1
1536100056.35 65.5
1536100066.37 65.5
1536100076.38 66.6
1536100086.4 65.5
1536100096.41 65.5
1536100106.42 65.5
1536100116.44 65.0
1536100126.46 65.5
1536100136.47 65.5
1536100146.49 65.0
1536100156.5 64.5
1536100166.52 65.0
1536100176.54 65.0
1536100186.55 65.0
1536100196.56 65.0
1536100206.58 65.0
1536100216.59 65.0
1536100226.61 64.5
1536100236.63 64.5
1536100246.65 63.9
1536100256.67 63.4
1536100266.69 63.4
1536100276.7 63.4
1536100286.72 64.5
1536100296.74 63.4
1536100306.75 62.8
1536100316.77 62.8
1536100326.78 63.9
1536100336.8 63.9
1536100346.83 63.9
1536100356.85 63.4
1536100366.87 63.9
1536100376.89 63.9
1536100386.91 63.4
1536100396.93 64.5
1536100406.94 64.5
1536100416.96 63.9
1536100426.98 63.4
1536100436.99 64.5
1536100447.01 63.4
1536100457.03 64.5
1536100467.04 64.5
1536100477.06 64.5
1536100487.08 63.4
1536100497.1 63.4
1536100507.11 64.5
1536100517.13 63.4
1536100527.14 63.4
1536100537.16 63.4
1536100547.17 63.9
1536100557.19 64.5
1536100567.21 64.5
1536100577.22 64.5
1536100587.23 63.4
1536100597.25 63.4
1536100607.26 63.9
1536100617.28 63.4
1536100627.3 63.9
1536100637.31 63.9
1536100647.33 63.4
1536100657.35 63.9
1536100667.37 63.4
1536100677.37 63.9
1536100687.39 63.4
1536100697.41 64.5
1536100707.43 63.4
1536100717.45 63.4
1536100727.46 63.4
1536100737.48 63.4
1536100747.49 63.4
1536100757.51 63.4
1536100767.52 64.5
1536100777.53 63.4
1536100787.55 64.5
1536100797.56 64.5
1536100807.57 63.9
1536100817.59 64.5
1536100827.6 63.4
1536100837.61 63.4
1536100847.63 63.4
1536100857.64 63.9
1536100867.66 63.4
1536100877.68 63.4
1536100887.68 63.4
1536100897.7 63.4
1536100907.71 63.4
1536100917.73 62.8
1536100927.76 63.4
1536100937.77 63.4
1536100947.79 63.4
1536100957.81 62.8
1536100967.82 63.4
1536100977.84 63.4
1536100987.86 62.3
1536100997.87 63.4
1536101007.89 62.8
1536101017.9 63.4
1536101027.92 63.4
1536101037.94 62.8
1536101047.95 62.8
1536101057.97 63.4
1536101067.98 63.4
1536101078.0 62.8
1536101088.02 62.3
1536101098.04 63.4
1536101108.05 62.8
1536101118.07 62.8
1536101128.07 62.8
1536101138.09 62.8
1536101148.12 62.3
1536101158.12 62.3
1536101168.14 63.4
1536101178.16 62.3
1536101188.18 62.8
1536101198.2 62.8
1536101208.21 63.4
1536101218.23 63.4
1536101228.25 62.8
1536101238.26 63.4
1536101248.28 63.4
1536101258.29 63.4
1536101268.31 63.4
1536101278.32 63.4
1536101288.35 62.8
1536101298.36 63.4
1536101308.38 63.4
1536101318.4 62.3
1536101328.42 62.8
1536101338.43 62.8
1536101348.45 62.3
1536101358.47 63.4
1536101368.48 62.8
1536101378.5 63.4
1536101388.51 63.4
1536101398.52 63.4
1536101408.54 63.4
1536101418.55 63.4
1536101428.57 63.4
1536101438.6 63.4
1536101448.61 63.4
1536101458.62 62.8
1536101468.64 63.4
1536101478.66 62.3
1536101488.67 63.4
1536101498.68 63.4
1536101508.69 63.4
1536101518.71 63.4
1536101528.73 63.4
1536101538.75 62.3
1536101548.77 63.4
1536101558.79 63.4
1536101568.81 62.8
1536101578.83 62.8
1536101588.85 63.4
1536101598.87 62.3
1536101608.88 62.8
1536101618.9 63.4
1536101628.92 62.8
1536101638.94 63.4
1536101648.95 63.4
1536101658.97 63.4
1536101668.98 63.4
1536101679.0 63.4
1536101689.01 63.4
1536101699.03 63.4
1536101709.04 63.4
1536101719.06 63.4
1536101729.07 63.9
1536101739.09 62.8
1536101749.1 63.4
1536101759.11 63.4
1536101769.12 63.4
1536101779.14 63.4
1536101789.16 63.4
1536101799.17 63.9
1536101809.18 63.4
1536101819.2 63.9
1536101829.21 63.9
1536101839.22 63.4
1536101849.24 63.9
1536101859.25 63.4
1536101869.27 63.9
1536101879.29 63.4
1536101889.3 63.4
1536101899.32 64.5
1536101909.33 63.4
1536101919.35 63.9
1536101929.37 63.4
1536101939.38 63.9
1536101949.4 64.5
1536101959.41 64.5
1536101969.43 62.8
1536101979.44 63.4
1536101989.46 63.9
1536101999.47 64.5
1536102009.49 65.5
1536102019.5 65.0
1536102029.52 65.0
1536102039.53 64.5
1536102049.55 63.9
1536102059.57 63.9
1536102069.58 64.5
1536102079.6 63.9
1536102089.62 63.9
1536102099.63 64.5
1536102109.65 64.5
1536102119.67 63.9
1536102129.68 63.4
1536102139.7 64.5
1536102149.72 63.9
1536102159.73 63.9
1536102169.74 64.5
1536102179.75 64.5
1536102189.77 63.9
1536102199.78 64.5
1536102209.8 64.5
1536102219.81 64.5
1536102229.83 64.5
1536102239.85 64.5
1536102249.86 64.5
1536102259.87 64.5
1536102269.89 64.5
1536102279.91 64.5
1536102289.92 64.5
1536102299.93 64.5
1536102309.95 64.5
1536102319.96 64.5
1536102329.98 63.9
1536102340.0 64.5
1536102350.02 63.9
1536102360.04 63.4
1536102370.05 63.9
1536102380.07 63.9
1536102390.09 64.5
1536102400.09 64.5
1536102410.1 63.9
1536102420.11 63.4
1536102430.12 63.4
1536102440.14 63.4
1536102450.16 63.4
1536102460.16 63.4
1536102470.17 63.9
1536102480.19 63.4
1536102490.21 63.4
1536102500.23 62.8
1536102510.26 62.8
1536102520.28 63.4
1536102530.3 62.3
1536102540.31 62.3
1536102550.32 62.3
1536102560.34 62.3
1536102570.35 62.3
1536102580.36 62.8
1536102590.38 62.3
1536102600.39 62.3
1536102610.41 62.3
1536102620.43 61.8
1536102630.44 62.8
1536102640.46 62.3
1536102650.47 62.8
1536102660.49 62.8
1536102670.5 62.8
1536102680.52 62.3
1536102690.53 62.8
1536102700.54 62.3
1536102710.55 62.3
1536102720.56 62.8
1536102730.58 62.3
1536102740.59 62.3
1536102750.61 62.3
1536102760.63 62.8
1536102770.64 62.3
1536102780.65 62.3
1536102790.67 62.3
1536102800.68 61.2
1536102810.7 62.3
1536102820.72 61.8
1536102830.74 61.8
1536102840.76 62.3
1536102850.78 61.8
1536102860.8 61.8
1536102870.81 61.8
1536102880.84 61.8
1536102890.85 61.8
1536102900.86 61.8
1536102910.88 62.3
1536102920.9 61.2
1536102930.91 61.2
1536102940.93 61.8
1536102950.94 61.8
1536102960.96 61.8
1536102970.98 61.8
1536102981.0 61.2
1536102991.01 61.8
1536103001.03 62.3
1536103011.05 61.8
1536103021.06 61.2
1536103031.07 62.3
1536103041.09 61.2
1536103051.1 62.3
1536103061.12 61.2
1536103071.14 60.7
1536103081.16 61.8
1536103091.18 61.2
1536103101.19 61.8
1536103111.22 61.2
1536103121.24 61.8
1536103131.26 61.2
1536103141.27 61.2
1536103151.29 61.8
1536103161.3 61.2
1536103171.32 61.2
1536103181.34 61.2
1536103191.35 60.7
1536103201.37 62.3
1536103211.39 60.7
1536103221.4 61.8
1536103231.42 61.2
1536103241.44 61.2
1536103251.46 60.7
1536103261.47 61.8
1536103271.48 61.8
1536103281.49 61.8
1536103291.51 61.8
1536103301.52 61.8
1536103311.55 61.2
1536103321.57 61.2
1536103331.59 60.7
1536103341.6 60.7
1536103351.61 61.8
1536103361.63 61.2
1536103371.65 61.8
1536103381.66 61.2
1536103391.67 61.2
1536103401.69 61.8
1536103411.71 62.3
1536103421.73 61.2
1536103431.74 62.3
1536103441.75 61.8
1536103451.77 61.8
1536103461.78 61.2
1536103471.8 61.8
1536103481.82 61.2
1536103491.83 61.8
1536103501.85 61.2
1536103511.86 62.3
1536103521.88 61.8
1536103531.89 61.2
1536103541.9 61.8
1536103551.92 61.8
1536103561.94 61.8
1536103571.96 61.2
1536103581.98 61.2
1536103592.01 61.8
1536103602.02 62.3
1536103612.03 61.8
1536103622.04 61.2
1536103632.06 61.8
1536103642.08 61.8
1536103652.1 62.3
1536103662.11 62.3
1536103672.12 62.3
1536103682.13 62.3
1536103692.15 62.3
1536103702.17 62.3
1536103712.18 62.3
1536103722.2 62.8
1536103732.21 62.3
1536103742.23 62.3
1536103752.25 61.8
1536103762.27 62.3
1536103772.29 62.3
1536103782.3 62.3
1536103792.32 61.8
1536103802.34 62.3
1536103812.35 62.8
1536103822.37 62.8
1536103832.39 63.4
1536103842.4 63.4
1536103852.42 62.8
1536103862.43 62.8
1536103872.45 62.3
1536103882.45 62.3
1536103892.47 62.3
1536103902.48 62.3
1536103912.5 61.8
1536103922.52 61.8
1536103932.53 62.3
1536103942.54 62.3
1536103952.56 62.3
1536103962.57 62.3
1536103972.58 62.3
1536103982.6 62.3
1536103992.62 62.3
1536104002.64 62.3
1536104012.65 62.3
1536104022.67 62.3
1536104032.68 62.3
1536104042.7 62.3
1536104052.72 62.3
1536104062.74 61.8
1536104072.76 61.2
1536104082.77 62.3
1536104092.78 61.8
1536104102.8 61.2
1536104112.83 61.2
1536104122.85 61.2
1536104132.86 61.2
1536104142.88 61.8
1536104152.9 61.2
1536104162.91 61.8
1536104172.93 61.8
1536104182.94 61.2
1536104192.96 61.2
1536104202.98 60.7
1536104213.0 61.8
1536104223.01 61.2
1536104233.03 61.2
1536104243.04 61.2
1536104253.05 61.2
1536104263.07 61.8
1536104273.08 61.2
1536104283.1 61.2
1536104293.12 61.2
1536104303.13 60.7
1536104313.14 61.2
1536104323.15 60.7
1536104333.16 61.8
1536104343.18 60.7
1536104353.2 60.7
1536104363.22 60.7
1536104373.24 61.2
1536104383.26 60.1
1536104393.28 60.7
1536104403.29 60.7
1536104413.31 61.2
1536104423.33 61.2
1536104433.34 61.2
1536104443.44 61.2
1536104453.46 61.2
1536104463.48 60.7
1536104473.5 60.7
1536104483.51 61.2
1536104493.53 61.2
1536104503.55 61.2
1536104513.56 61.2
1536104523.58 60.7
1536104533.6 60.7
1536104543.61 60.7
1536104553.62 61.2
1536104563.64 60.1
1536104573.65 60.1
1536104583.66 61.2
1536104593.67 60.7
1536104603.69 60.7
1536104613.71 61.2
1536104623.73 60.1
1536104633.75 60.1
1536104643.77 60.7
1536104653.77 60.7
1536104663.79 61.2
1536104673.8 61.2
1536104683.82 61.2
1536104693.84 60.1
1536104703.85 61.2
1536104713.86 60.7
1536104723.88 60.7
1536104733.9 61.2
1536104743.9 60.7
1536104753.93 60.7
1536104763.95 60.1
1536104773.96 60.7
1536104783.98 61.2
1536104794.0 60.7
1536104804.01 60.7
1536104814.03 60.1
1536104824.05 60.7
1536104834.06 60.7
1536104844.08 59.6
1536104854.09 60.1
1536104864.11 60.1
1536104874.13 60.7
1536104884.14 60.1
1536104894.16 60.7
1536104904.18 60.7
1536104914.2 60.1
1536104924.22 60.1
1536104934.23 60.1
1536104944.24 60.1
1536104954.26 60.1
1536104964.28 60.1
1536104974.29 59.6
1536104984.31 60.1
1536104994.33 60.1
1536105004.34 60.1
1536105014.36 59.6
1536105024.37 59.1
1536105034.39 60.7
1536105044.4 60.1
1536105054.42 60.1
1536105064.43 60.1
1536105074.45 59.1
1536105084.47 59.1
1536105094.49 60.1
1536105104.5 59.6
1536105114.52 60.1
1536105124.52 60.1
1536105134.53 60.1
1536105144.55 60.1
1536105154.57 60.1
1536105164.58 60.1
1536105174.59 60.7
1536105184.61 60.1
1536105194.63 59.1
1536105204.64 60.1
1536105214.66 60.1
1536105224.67 60.1
1536105234.7 60.1
1536105244.71 60.7
1536105254.73 60.1
1536105264.75 60.1
1536105274.77 60.1
1536105284.79 60.1
1536105294.8 60.1
1536105304.82 60.7
1536105314.84 60.1
1536105324.85 60.1
1536105334.86 60.7
1536105344.88 60.7
1536105354.9 60.1
1536105364.92 60.1
1536105374.94 60.1
1536105384.96 60.1
1536105394.98 60.7
1536105404.99 60.1
1536105415.0 60.1
1536105425.02 60.1
1536105435.04 60.1
1536105445.06 60.7
1536105455.08 60.1
1536105465.1 60.1
1536105475.11 60.1
1536105485.12 60.1
1536105495.13 60.1
1536105505.15 60.1
1536105515.16 60.1
1536105525.18 60.1
1536105535.2 60.1
1536105545.2 61.2
1536105555.22 59.6
1536105565.24 60.1
1536105575.26 60.1
1536105585.27 60.1
1536105595.28 60.1
1536105605.3 60.7
1536105615.32 60.7
1536105625.34 60.1
1536105635.35 60.7
1536105645.37 60.7
1536105655.39 59.6
1536105665.41 60.1
1536105675.43 60.1
1536105685.45 60.1
1536105695.47 59.6
1536105705.48 60.1
1536105715.49 60.1
1536105725.51 60.7
1536105735.52 60.1
1536105745.54 60.1
1536105755.56 60.7
1536105765.58 59.6
1536105775.6 60.7
1536105785.63 59.6
1536105795.65 60.1
1536105805.67 60.1
1536105815.69 59.1
1536105825.7 60.1
1536105835.73 59.6
1536105845.74 59.6
1536105855.76 59.1
1536105865.78 59.1
1536105875.79 59.1
1536105885.81 59.6
1536105895.83 60.1
1536105905.85 59.1
1536105915.87 59.1
1536105925.88 58.5
1536105935.89 60.1
1536105945.91 59.1
1536105955.93 59.6
1536105965.95 59.1
1536105975.96 60.1
1536105985.98 60.1
1536105996.0 58.5
1536106006.01 59.1
1536106016.04 59.1
1536106026.06 59.6
1536106036.08 58.5
1536106046.1 59.1
1536106056.12 59.1
1536106066.13 59.6
1536106076.14 59.1
1536106086.17 59.6
1536106096.18 60.1
1536106106.2 60.1
1536106116.22 59.6
1536106126.23 60.1
1536106136.25 60.1
1536106146.27 60.1
1536106156.29 60.1
1536106166.3 60.7
1536106176.32 60.1
1536106186.33 60.1
1536106196.35 59.1
1536106206.37 60.1
1536106216.38 60.1
1536106226.39 60.1
1536106236.4 60.7
1536106246.43 59.1
1536106256.44 60.1
1536106266.46 60.1
1536106276.49 59.6
1536106286.51 60.1
1536106296.53 59.6
1536106306.55 59.6
1536106316.57 58.5
1536106326.59 59.1
1536106336.6 59.1
1536106346.61 60.1
1536106356.63 59.1
1536106366.64 59.1
1536106376.66 60.1
1536106386.68 59.1
1536106396.69 59.1
1536106406.7 59.1
1536106416.72 58.5
1536106426.75 58.5
1536106436.76 58.5
1536106446.78 59.1
1536106456.8 59.1
1536106466.81 59.6
1536106476.83 59.1
1536106486.84 59.1
1536106496.86 59.1
1536106506.87 59.1
1536106516.89 59.1
1536106526.9 60.1
1536106536.92 60.1
1536106546.94 59.1
1536106556.96 60.1
1536106566.97 60.1
1536106576.99 59.6
1536106587.01 59.6
1536106597.02 59.1
1536106607.04 59.1
1536106617.06 59.1
1536106627.07 59.1
1536106637.08 59.1
1536106647.09 59.1
1536106657.11 59.1
1536106667.13 59.6
1536106677.15 59.1
1536106687.15 59.6
1536106697.17 59.1
1536106707.19 59.1
1536106717.19 59.6
1536106727.2 59.6
1536106737.22 59.1
1536106747.23 60.1
1536106757.25 60.1
1536106767.27 59.6
1536106777.29 60.1
1536106787.3 60.1
1536106797.32 60.1
1536106807.34 60.1
1536106817.35 60.1
1536106827.37 60.7
1536106837.39 60.1
1536106847.4 60.7
1536106857.42 60.7
1536106867.44 60.1
1536106877.45 60.1
1536106887.46 60.7
1536106897.48 59.6
1536106907.5 60.1
1536106917.52 59.6
1536106927.54 60.1
1536106937.56 60.1
1536106947.57 59.6
1536106957.58 60.1
1536106967.59 60.1
1536106977.62 60.7
1536106987.63 60.1
1536106997.65 59.1
1536107007.68 60.1
1536107017.69 60.1
1536107027.71 60.1
1536107037.73 60.1
1536107047.74 60.1
1536107057.75 60.1
1536107067.77 59.6
1536107077.78 60.1
1536107087.79 60.1
1536107097.81 60.1
1536107107.82 60.1
1536107117.84 60.1
1536107127.86 60.1
1536107137.87 60.1
1536107147.88 60.1
1536107157.89 60.1
1536107167.91 60.1
1536107177.92 60.1
1536107187.93 60.1
1536107197.95 60.1
1536107207.96 60.1
1536107217.97 60.7
1536107227.99 60.1
1536107238.01 59.6
1536107248.02 60.1
1536107258.03 60.1
1536107268.05 60.1
1536107278.07 59.1
1536107288.08 60.1
1536107298.1 60.1
1536107308.12 60.1
1536107318.14 60.1
1536107328.16 60.1
1536107338.17 59.6
1536107348.19 60.1
1536107358.2 60.1
1536107368.21 60.1
1536107378.24 60.1
1536107388.25 59.1
1536107398.26 59.1
1536107408.28 59.1
1536107418.3 59.1
1536107428.31 59.6
1536107438.33 60.1
1536107448.35 59.1
1536107458.36 59.1
1536107468.38 59.1
1536107478.39 59.6
1536107488.41 60.1
1536107498.42 60.1
1536107508.43 60.1
1536107518.45 59.1
1536107528.47 59.1
1536107538.48 60.1
1536107548.5 60.1
1536107558.52 59.1
1536107568.54 58.5
1536107578.56 59.1
1536107588.58 59.1
1536107598.6 58.0
1536107608.62 58.5
1536107618.64 58.0
1536107628.65 59.1
1536107638.67 59.1
1536107648.69 58.5
1536107658.71 58.5
1536107668.73 58.5
1536107678.75 58.0
1536107688.77 58.5
1536107698.78 58.0
1536107708.8 58.0
1536107718.81 58.5
1536107728.83 56.9
1536107738.85 58.0
1536107748.86 58.5
1536107758.88 58.0
1536107768.9 58.0
1536107778.91 58.5
1536107788.94 58.0
1536107798.96 58.0
1536107808.98 58.0
1536107819.0 58.0
1536107829.02 57.5
1536107839.03 58.5
1536107849.04 58.5
1536107859.06 58.5
1536107869.08 58.5
1536107879.1 58.5
1536107889.12 58.5
1536107899.14 58.0
1536107909.15 58.5
1536107919.17 59.1
1536107929.18 59.1
1536107939.19 58.0
1536107949.21 58.5
1536107959.22 58.5
1536107969.24 58.0
1536107979.26 59.1
1536107989.28 58.5
1536107999.29 59.1
1536108009.3 58.5
1536108019.31 58.0
1536108029.33 58.5
1536108039.34 58.0
1536108049.36 58.5
1536108059.38 58.0
1536108069.39 59.1
1536108079.41 58.5
1536108089.43 59.1
1536108099.45 58.0
1536108109.46 59.1
1536108119.49 58.5
1536108129.51 58.0
1536108139.53 58.5
1536108149.55 58.0
1536108159.57 58.0
1536108169.59 58.0
1536108179.61 56.9
1536108189.63 58.0
1536108199.65 58.0
1536108209.66 58.5
1536108219.67 59.1
1536108229.69 58.5
1536108239.71 58.0
1536108249.72 58.5
1536108259.74 58.0
1536108269.76 58.0
1536108279.78 58.0
1536108289.79 58.0
1536108299.81 58.0
1536108309.83 58.0
1536108319.85 58.5
1536108329.86 58.5
1536108339.87 59.1
1536108349.89 58.5
1536108359.9 59.1
1536108369.91 58.0
1536108379.92 58.5
1536108389.95 58.5
1536108399.96 58.5
1536108409.98 58.5
1536108419.99 58.0
1536108430.01 58.5
1536108440.04 58.0
1536108450.05 58.0
1536108460.07 58.5
1536108470.09 59.1
1536108480.11 58.5
1536108490.12 58.5
1536108500.14 59.1
1536108510.15 58.5
1536108520.17 58.0
1536108530.19 58.5
1536108540.2 58.5
1536108550.22 58.0
1536108560.23 58.5
1536108570.25 58.0
1536108580.27 57.5
1536108590.29 56.9
1536108600.31 58.0
1536108610.33 58.0
1536108620.35 58.0
1536108630.37 58.5
1536108640.38 58.5
1536108650.4 58.0
1536108660.41 58.0
1536108670.42 58.5
1536108680.44 58.0
1536108690.45 58.0
1536108700.48 58.0
1536108710.51 58.0
1536108720.52 58.5
1536108730.54 58.5
1536108740.56 59.1
1536108750.57 58.5
1536108760.59 58.0
1536108770.6 58.5
1536108780.62 58.5
1536108790.64 58.0
1536108800.66 58.0
1536108810.68 58.0
1536108820.7 58.0
1536108830.71 58.0
1536108840.73 58.5
1536108850.75 58.0
1536108860.77 58.0
1536108870.79 58.0
1536108880.81 58.5
1536108890.83 59.1
1536108900.85 58.5
1536108910.86 58.0
1536108920.88 58.0
1536108930.9 58.5
1536108940.92 58.5
1536108950.94 58.5
1536108960.96 58.0
1536108970.98 58.0
1536108980.99 58.0
1536108991.01 58.5
1536109001.02 58.5
1536109011.04 58.5
1536109021.07 58.0
1536109031.09 58.0
1536109041.09 58.0
1536109051.11 58.0
1536109061.13 58.0
1536109071.15 58.0
1536109081.17 58.0
1536109091.19 58.0
1536109101.2 58.0
1536109111.22 58.0
1536109121.24 58.0
1536109131.26 56.9
1536109141.27 58.0
1536109151.3 58.0
1536109161.32 56.9
1536109171.33 58.0
1536109181.35 58.0
1536109191.37 56.9
1536109201.39 56.9
