1537900005.06 52.1
1537900015.08 52.1
1537900025.1 52.6
1537900035.12 52.1
1537900045.14 52.6
1537900055.15 53.2
1537900065.17 53.2
1537900075.19 53.7
1537900085.2 53.2
1537900095.22 53.2
1537900105.24 53.2
1537900115.26 52.1
1537900125.28 52.6
1537900135.3 53.2
1537900145.32 52.6
1537900155.33 52.6
1537900165.35 51.5
1537900175.37 52.1
1537900185.39 52.1
1537900195.42 52.1
1537900205.44 52.6
1537900215.46 52.1
1537900225.48 52.1
1537900235.5 52.6
1537900245.51 52.6
1537900255.54 51.5
1537900265.56 52.1
1537900275.59 52.1
1537900285.61 52.1
1537900295.63 52.1
1537900305.64 52.6
1537900315.66 52.6
1537900325.67 52.6
1537900335.7 52.6
1537900345.72 52.1
1537900355.73 52.1
1537900365.75 52.6
1537900375.77 52.1
1537900385.79 52.6
1537900395.8 52.6
1537900405.83 51.5
1537900415.85 51.5
1537900425.88 52.6
1537900435.91 51.5
1537900445.93 51.5
1537900455.95 52.6
1537900465.97 51.5
1537900475.99 51.5
1537900486.01 52.1
1537900496.04 52.1
1537900506.06 51.5
1537900516.08 52.6
1537900526.1 52.6
1537900536.12 52.1
1537900546.14 52.6
1537900556.16 52.6
1537900566.19 52.1
1537900576.21 52.6
1537900586.23 52.6
1537900596.25 51.5
1537900606.27 52.6
1537900616.29 52.6
1537900626.31 52.1
1537900636.33 52.6
1537900646.36 52.1
1537900656.38 52.6
1537900666.4 52.6
1537900676.42 52.6
1537900686.45 52.1
1537900696.47 52.1
1537900706.49 52.1
1537900716.51 51.5
1537900726.52 52.1
1537900736.54 53.7
1537900746.57 52.1
1537900756.59 52.6
1537900766.6 52.1
1537900776.62 52.6
1537900786.63 52.6
1537900796.64 52.6
1537900806.66 52.6
1537900816.68 52.6
1537900826.7 52.6
1537900836.73 51.5
1537900846.76 52.6
1537900856.78 51.5
1537900866.81 52.1
1537900876.83 52.6
1537900886.84 52.1
1537900896.86 52.1
1537900906.88 52.1
1537900916.9 52.6
1537900926.92 52.1
1537900936.93 52.1
1537900946.95 52.1
1537900956.97 52.1
1537900967.0 52.1
1537900977.02 52.1
1537900987.04 51.5
1537900997.06 52.1
1537901007.08 50.5
1537901017.1 52.1
1537901027.13 51.5
1537901037.14 52.1
1537901047.16 52.1
1537901057.18 52.1
1537901067.2 52.1
1537901077.22 52.6
1537901087.25 51.5
1537901097.27 51.5
1537901107.29 52.6
1537901117.31 52.6
1537901127.33 52.1
1537901137.35 52.6
1537901147.37 52.6
1537901157.4 52.6
1537901167.42 52.6
1537901177.43 52.6
1537901187.45 52.6
1537901197.46 52.6
1537901207.48 52.6
1537901217.51 52.1
1537901227.53 51.5
1537901237.55 51.5
1537901247.57 51.5
1537901257.59 52.6
1537901267.61 52.6
1537901277.63 52.6
1537901287.65 52.6
1537901297.67 52.1
1537901307.69 53.2
1537901317.71 53.2
1537901327.73 52.1
1537901337.75 52.6
1537901347.77 52.1
1537901357.79 53.2
1537901367.81 52.1
1537901377.83 52.1
1537901387.84 52.6
1537901397.86 52.1
1537901407.87 52.6
1537901417.89 51.5
1537901427.91 52.6
1537901437.93 51.5
1537901447.94 52.6
1537901457.96 52.6
1537901467.98 52.6
1537901477.98 52.6
1537901488.0 51.5
1537901498.01 52.6
1537901508.04 52.1
1537901518.06 52.6
1537901528.08 53.2
1537901538.09 52.6
1537901548.12 52.1
1537901558.13 53.2
1537901568.15 52.1
1537901578.17 52.1
1537901588.2 51.5
1537901598.22 52.1
1537901608.24 52.6
1537901618.26 52.1
1537901628.28 53.2
1537901638.3 53.2
1537901648.32 52.6
1537901658.33 52.6
1537901668.35 52.6
1537901678.37 53.2
1537901688.39 52.6
1537901698.4 52.1
1537901708.42 52.6
1537901718.45 52.6
1537901728.47 52.6
1537901738.49 53.2
1537901748.51 53.2
1537901758.53 52.6
1537901768.56 53.2
1537901778.58 52.6
1537901788.6 52.6
1537901798.61 52.6
1537901808.63 52.6
1537901818.65 52.1
1537901828.67 52.1
1537901838.69 52.6
1537901848.71 52.1
1537901858.73 52.6
1537901868.74 52.6
1537901878.76 52.1
1537901888.78 52.6
1537901898.79 52.1
1537901908.81 52.6
1537901918.83 52.6
1537901928.86 51.5
1537901938.88 52.6
1537901948.9 52.6
1537901958.91 52.6
1537901968.93 52.6
1537901978.95 52.6
1537901988.98 52.6
1537901999.0 53.2
