1537800009.62 52.1
1537800019.64 52.1
1537800029.66 51.5
1537800039.68 52.1
1537800049.7 52.1
1537800059.72 52.1
1537800069.73 52.1
1537800079.75 52.1
1537800089.77 52.6
1537800099.79 52.6
1537800109.8 52.6
1537800119.82 52.1
1537800129.84 52.6
1537800139.87 52.6
1537800149.89 52.1
1537800159.9 52.6
1537800169.92 52.6
1537800179.95 52.6
1537800189.96 52.6
1537800199.98 52.6
1537800210.0 52.1
1537800220.01 52.6
1537800230.02 53.2
1537800240.04 53.2
1537800250.05 52.6
1537800260.07 52.6
1537800270.08 52.6
1537800280.1 52.6
1537800290.13 52.6
1537800300.15 52.6
1537800310.16 52.1
1537800320.19 52.1
1537800330.2 52.1
1537800340.23 52.6
1537800350.25 52.1
1537800360.27 51.5
1537800370.3 51.5
1537800380.32 52.1
1537800390.34 53.2
1537800400.36 52.1
1537800410.38 52.6
1537800420.4 53.2
1537800430.42 52.6
1537800440.43 52.6
1537800450.45 53.2
1537800460.47 52.6
1537800470.49 52.6
1537800480.51 52.1
1537800490.53 52.1
1537800500.55 52.1
1537800510.57 52.6
1537800520.59 52.1
1537800530.61 51.5
1537800540.63 51.5
1537800550.66 51.5
1537800560.68 51.5
1537800570.7 52.6
1537800580.72 51.5
1537800590.75 52.1
1537800600.77 52.6
1537800610.79 51.5
1537800620.82 52.1
1537800630.84 51.5
1537800640.86 51.5
1537800650.88 52.1
1537800660.91 51.5
1537800670.92 52.6
1537800680.94 52.1
1537800690.95 52.1
1537800700.97 52.6
1537800710.98 52.1
1537800721.0 52.1
1537800731.02 52.1
1537800741.03 53.2
1537800751.05 52.6
1537800761.06 52.1
1537800771.08 51.5
1537800781.1 52.1
1537800791.11 52.1
1537800801.14 51.5
1537800811.16 52.1
1537800821.17 52.1
1537800831.19 52.1
1537800841.2 52.1
1537800851.22 51.5
1537800861.24 50.5
1537800871.26 51.5
1537800881.28 51.5
1537800891.3 51.0
1537800901.32 51.5
1537800911.34 51.5
1537800921.35 51.5
1537800931.38 51.0
1537800941.39 51.5
1537800951.41 51.5
1537800961.44 52.1
1537800971.45 51.5
1537800981.46 52.1
1537800991.48 51.5
1537801001.5 51.5
1537801011.52 51.5
1537801021.54 51.5
1537801031.56 52.1
1537801041.58 52.1
1537801051.6 51.5
1537801061.62 51.5
1537801071.63 51.5
1537801081.67 51.0
1537801091.69 51.5
1537801101.71 51.5
1537801111.74 50.5
1537801121.76 51.0
1537801131.78 51.0
1537801141.8 50.5
1537801151.83 51.5
1537801161.84 51.5
1537801171.86 51.5
1537801181.87 51.5
1537801191.9 50.5
1537801201.91 52.1
1537801211.93 52.6
1537801221.96 52.1
1537801231.98 52.1
1537801242.0 52.6
1537801252.02 51.5
1537801262.04 52.1
1537801272.06 52.6
1537801282.08 52.1
1537801292.09 51.5
1537801302.11 52.1
1537801312.12 52.1
1537801322.14 52.1
1537801332.15 52.6
1537801342.17 52.1
1537801352.18 52.6
1537801362.21 52.1
1537801372.22 52.6
1537801382.24 52.6
1537801392.25 52.6
1537801402.28 53.2
1537801412.29 52.6
1537801422.31 52.6
1537801432.33 53.7
1537801442.35 53.7
1537801452.37 52.6
1537801462.38 53.7
1537801472.41 52.6
1537801482.42 52.6
1537801492.43 52.6
1537801502.45 52.1
1537801512.46 53.2
1537801522.47 52.6
1537801532.49 52.6
1537801542.51 52.6
1537801552.53 53.2
1537801562.55 53.2
1537801572.57 52.6
1537801582.58 53.2
1537801592.6 53.2
1537801602.62 52.6
1537801612.64 53.2
1537801622.66 53.2
1537801632.68 53.2
1537801642.69 53.7
1537801652.71 53.2
1537801662.73 53.2
1537801672.75 53.2
1537801682.77 53.7
1537801692.79 52.6
1537801702.8 53.2
1537801712.82 53.2
1537801722.84 53.7
1537801732.86 53.2
1537801742.88 53.7
1537801752.89 53.2
1537801762.91 52.6
1537801772.93 53.2
1537801782.95 52.6
1537801792.97 53.7
1537801802.99 52.1
1537801813.01 52.6
1537801823.03 52.6
1537801833.04 52.6
1537801843.06 52.6
1537801853.08 53.7
1537801863.1 52.6
1537801873.11 52.6
1537801883.13 52.6
1537801893.15 52.6
1537801903.16 52.6
1537801913.19 52.6
1537801923.2 53.2
1537801933.22 52.6
1537801943.24 53.2
1537801953.26 53.2
1537801963.28 52.1
1537801973.3 53.2
1537801983.32 52.6
1537801993.34 52.6
1537802003.36 53.7
1537802013.38 53.7
1537802023.4 52.6
1537802033.42 52.6
1537802043.43 52.6
1537802053.44 52.1
1537802063.47 53.2
1537802073.49 52.6
1537802083.51 52.6
1537802093.53 52.6
1537802103.55 52.6
1537802113.57 52.1
1537802123.59 52.6
1537802133.61 52.6
1537802143.64 52.1
1537802153.66 52.1
1537802163.68 51.5
1537802173.69 53.2
1537802183.71 52.6
1537802193.73 53.2
1537802203.76 52.6
1537802213.79 52.6
1537802223.8 52.6
1537802233.82 52.1
1537802243.84 52.6
1537802253.87 53.2
1537802263.89 53.7
1537802273.92 53.2
1537802283.93 53.2
1537802293.95 53.7
1537802303.97 53.7
1537802313.98 53.7
1537802324.0 53.7
1537802334.02 52.6
1537802344.03 52.6
1537802354.04 53.2
1537802364.06 53.7
1537802374.08 53.7
1537802384.09 53.7
1537802394.11 53.7
1537802404.13 53.7
1537802414.15 53.7
1537802424.17 53.7
1537802434.19 53.7
1537802444.21 52.6
1537802454.23 53.7
1537802464.24 53.2
1537802474.27 52.6
1537802484.29 53.2
1537802494.32 52.6
1537802504.34 52.6
1537802514.36 52.1
1537802524.38 52.6
1537802534.41 51.5
1537802544.43 51.5
1537802554.46 51.5
1537802564.48 52.6
1537802574.5 52.1
1537802584.52 52.6
1537802594.54 52.6
1537802604.57 52.1
1537802614.59 52.1
1537802624.62 52.1
1537802634.64 52.6
1537802644.66 52.6
1537802654.68 52.6
1537802664.7 52.6
1537802674.72 53.2
1537802684.74 52.1
1537802694.77 51.5
1537802704.79 52.1
1537802714.81 52.1
1537802724.83 52.6
1537802734.86 53.2
1537802744.88 53.2
1537802754.9 53.2
1537802764.92 52.6
1537802774.95 51.5
1537802784.96 52.6
1537802794.99 52.1
1537802805.01 51.5
1537802815.03 52.1
1537802825.06 51.5
1537802835.08 51.5
1537802845.1 51.5
1537802855.13 51.5
1537802865.16 51.5
1537802875.18 52.1
1537802885.2 51.5
1537802895.22 51.5
1537802905.25 52.1
1537802915.27 52.6
1537802925.29 52.6
1537802935.31 52.1
1537802945.33 52.6
1537802955.35 52.6
1537802965.36 52.6
1537802975.38 52.6
1537802985.41 53.2
1537802995.42 52.6
1537803005.44 52.6
1537803015.46 52.6
1537803025.48 53.2
1537803035.49 53.7
1537803045.51 53.2
1537803055.52 53.2
1537803065.54 52.6
1537803075.56 52.6
1537803085.58 53.2
1537803095.6 53.2
1537803105.62 53.7
1537803115.63 52.6
1537803125.65 53.2
1537803135.67 53.7
1537803145.69 53.7
1537803155.71 53.7
1537803165.72 53.7
1537803175.74 53.7
1537803185.75 53.7
1537803195.77 53.7
1537803205.78 53.7
1537803215.81 53.2
1537803225.82 53.7
1537803235.84 52.6
1537803245.86 53.2
1537803255.88 53.2
1537803265.9 53.2
1537803275.91 53.7
1537803269.94 52.6
1537803279.96 53.7
1537803289.97 52.6
1537803299.99 52.6
1537803310.01 52.6
1537803320.04 52.6
1537803330.06 52.6
1537803340.08 52.6
1537803350.09 52.6
1537803360.11 53.2
1537803370.13 52.1
1537803380.15 52.6
1537803390.16 52.6
1537803400.18 52.6
1537803410.19 53.2
1537803420.21 53.7
1537803430.23 53.2
1537803440.24 53.2
1537803450.26 53.7
1537803460.28 52.6
1537803470.29 52.6
1537803480.31 53.7
1537803490.33 53.2
1537803500.35 53.2
1537803510.36 53.7
1537803520.38 53.2
1537803530.39 53.2
1537803540.41 53.7
1537803550.43 52.6
1537803560.44 53.2
1537803570.46 53.7
1537803580.47 52.6
1537803590.49 52.6
1537803600.51 53.2
1537803610.54 52.6
1537803620.56 53.2
1537803630.58 53.7
1537803640.6 53.7
1537803650.62 52.6
1537803660.63 52.6
1537803670.66 53.7
1537803680.68 53.7
1537803690.7 52.6
1537803700.72 52.6
1537803710.74 52.6
1537803720.76 52.6
1537803730.78 52.1
1537803740.8 52.1
1537803750.82 52.6
1537803760.85 52.6
1537803770.87 52.1
1537803780.89 52.1
1537803790.92 53.2
1537803800.94 52.6
1537803810.97 51.5
1537803820.98 52.1
1537803831.01 51.5
1537803841.04 52.1
1537803851.06 51.5
1537803861.08 52.1
1537803871.11 52.1
1537803881.13 52.1
1537803891.15 52.6
1537803901.17 52.1
1537803911.2 51.5
1537803921.23 52.1
1537803931.25 52.6
1537803941.27 52.1
1537803951.3 52.1
1537803961.32 52.6
1537803971.34 52.6
1537803981.36 52.6
1537803991.38 52.6
1537804001.41 52.1
1537804011.43 52.1
1537804021.46 52.1
1537804031.48 51.5
1537804041.51 51.5
1537804051.53 52.1
1537804061.55 52.1
1537804071.57 51.5
1537804081.6 51.5
1537804091.62 52.6
1537804101.64 52.1
1537804111.66 52.1
1537804121.67 51.5
1537804131.69 52.6
1537804141.71 52.1
1537804151.73 52.1
1537804161.75 52.1
1537804171.77 52.1
1537804181.8 52.6
1537804191.82 52.1
1537804201.85 51.5
1537804211.87 52.6
1537804221.89 52.6
1537804231.91 52.6
1537804241.93 52.6
1537804251.96 52.6
1537804261.98 52.6
1537804272.0 52.6
1537804282.03 52.1
1537804292.05 53.2
1537804302.07 52.1
1537804312.1 53.2
1537804322.12 52.6
1537804332.15 52.1
1537804342.17 52.1
1537804352.19 53.2
1537804362.22 52.1
1537804372.24 52.6
1537804382.26 52.1
1537804392.28 52.6
1537804402.29 51.5
1537804412.31 52.6
1537804422.33 52.1
1537804432.35 52.6
1537804442.38 52.1
1537804452.39 53.2
1537804462.42 52.1
1537804472.43 52.6
1537804482.47 52.1
1537804492.49 52.6
1537804502.51 52.6
1537804512.53 52.6
1537804522.55 53.2
1537804532.57 52.6
1537804542.59 53.2
1537804552.62 53.2
1537804562.64 53.2
1537804572.66 53.2
1537804582.68 53.2
1537804592.71 53.7
1537804602.73 53.2
1537804612.75 53.7
1537804622.76 53.7
1537804632.79 52.6
1537804642.8 52.6
1537804652.82 52.6
1537804662.85 52.6
1537804672.86 53.7
1537804682.89 53.2
1537804692.91 52.6
1537804702.92 53.2
1537804712.94 52.6
1537804722.96 53.7
1537804732.98 53.2
1537804742.99 53.7
1537804753.01 52.6
1537804763.04 53.2
1537804773.06 53.7
1537804783.08 52.6
1537804793.09 53.2
1537804803.11 53.2
