1537400007.49 53.7
1537400017.5 53.7
1537400027.52 53.7
1537400037.54 54.2
1537400047.56 53.7
1537400057.58 53.7
1537400067.6 53.7
1537400077.61 53.7
1537400087.63 53.7
1537400097.65 54.2
1537400107.67 53.7
1537400117.68 53.7
1537400127.69 53.7
1537400137.71 53.7
1537400147.73 53.7
1537400157.74 53.7
1537400167.76 53.7
1537400177.78 53.7
1537400187.8 53.7
1537400197.81 53.7
1537400207.83 53.7
1537400217.85 53.7
1537400227.86 53.7
1537400237.88 53.7
1537400247.9 52.6
1537400257.92 53.2
1537400267.93 53.7
1537400277.95 53.7
1537400287.97 53.2
1537400297.98 53.7
1537400308.0 52.6
1537400318.01 53.7
1537400328.03 52.6
1537400338.04 53.7
1537400348.06 53.7
1537400358.07 53.7
1537400368.09 53.2
1537400378.1 53.7
1537400388.12 53.2
1537400398.13 53.7
1537400408.15 53.7
1537400418.16 53.7
1537400428.18 53.2
1537400438.2 52.6
1537400448.22 53.2
1537400458.24 53.2
1537400468.26 53.2
1537400478.27 52.6
1537400488.29 52.6
1537400498.31 52.6
1537400508.33 52.6
1537400518.34 52.6
1537400528.36 52.6
1537400538.38 53.2
1537400548.4 52.6
1537400558.42 52.6
1537400568.43 53.7
1537400578.45 53.2
1537400588.46 52.6
1537400598.48 53.2
1537400608.5 53.2
1537400618.52 52.6
1537400628.53 53.2
1537400638.55 52.6
1537400648.57 52.6
1537400658.58 53.7
1537400668.59 53.2
1537400678.61 53.2
1537400688.63 52.6
1537400698.65 53.7
1537400708.66 53.7
1537400718.68 53.2
1537400728.7 53.7
1537400738.71 52.6
1537400748.73 53.2
1537400758.75 53.2
1537400768.76 52.6
1537400778.78 53.7
1537400788.79 53.2
1537400798.81 52.6
1537400808.82 52.6
1537400818.84 52.6
1537400828.86 52.6
1537400838.87 52.6
1537400848.89 53.2
1537400858.9 53.2
1537400868.92 53.2
1537400878.94 53.7
1537400888.96 53.2
1537400898.97 52.6
1537400908.99 52.6
1537400919.01 52.6
1537400929.02 52.6
1537400939.04 53.2
1537400949.05 53.2
1537400959.07 53.2
1537400969.08 52.1
1537400979.1 52.6
1537400989.12 52.6
1537400999.13 52.6
1537401009.15 53.2
1537401019.17 53.2
1537401029.18 52.1
1537401039.2 52.6
1537401049.22 52.1
1537401059.24 52.6
1537401069.26 51.5
1537401079.28 52.6
1537401089.29 52.6
1537401099.32 52.1
1537401109.33 52.6
1537401119.35 52.6
1537401129.36 52.6
1537401139.38 52.1
1537401149.39 52.6
1537401159.41 52.6
1537401169.42 53.2
1537401179.44 52.6
1537401189.46 53.2
1537401199.48 51.5
1537401209.49 52.1
1537401219.5 51.5
1537401229.52 51.5
1537401239.53 52.6
1537401249.55 51.5
1537401259.57 52.6
1537401269.59 52.1
1537401279.61 52.1
1537401289.62 52.1
1537401299.64 52.1
1537401309.67 52.1
1537401319.68 52.1
1537401329.7 51.5
1537401339.72 52.1
1537401349.73 52.1
1537401359.76 51.5
1537401369.78 51.5
1537401379.79 52.1
1537401389.81 52.1
1537401399.83 52.1
1537401409.84 52.1
1537401419.86 51.5
1537401429.87 52.1
1537401439.89 51.5
1537401449.91 52.6
1537401459.92 52.1
1537401469.93 51.5
1537401479.95 52.1
1537401489.96 52.1
1537401499.98 52.6
1537401510.0 52.1
1537401520.02 51.5
1537401530.04 52.6
1537401540.06 52.1
1537401550.07 52.1
1537401560.09 52.1
1537401570.11 52.1
1537401580.12 52.1
1537401590.14 52.6
1537401600.16 52.1
