1537600005.81 52.6
1537600015.82 52.1
1537600025.84 51.5
1537600035.86 52.1
1537600045.87 52.1
1537600055.89 51.5
1537600065.91 51.5
1537600075.92 52.1
1537600085.94 51.5
1537600095.96 51.5
1537600105.97 51.5
1537600115.99 51.5
1537600126.01 51.5
1537600136.03 51.0
1537600146.05 51.5
1537600156.07 51.5
1537600166.09 51.5
1537600176.11 52.1
1537600186.13 51.5
1537600196.15 51.5
1537600206.17 51.0
1537600216.19 51.5
1537600226.21 51.5
1537600236.23 51.5
1537600246.25 51.5
1537600256.27 51.5
1537600266.29 51.5
1537600276.3 51.0
1537600286.32 51.5
1537600296.34 51.5
1537600306.36 51.5
1537600316.38 51.5
1537600326.41 51.5
1537600336.43 51.5
1537600346.45 51.5
1537600356.47 50.5
1537600366.49 51.5
1537600376.52 51.5
1537600386.53 51.5
1537600396.55 51.5
1537600406.56 51.5
1537600416.58 51.0
1537600426.6 50.5
1537600436.62 51.5
1537600446.64 51.5
1537600456.66 52.1
1537600466.68 51.0
1537600476.7 51.5
1537600486.72 51.5
1537600496.75 51.5
1537600506.77 51.0
1537600516.79 51.5
1537600526.81 50.5
1537600536.82 51.5
1537600546.84 51.5
1537600556.86 51.5
1537600566.89 51.0
1537600576.9 50.5
1537600586.92 51.5
1537600596.94 51.5
1537600606.96 51.5
1537600616.98 51.5
1537600627.0 50.5
1537600637.01 51.5
1537600647.03 51.0
1537600657.05 51.5
1537600667.07 51.0
1537600677.08 50.5
1537600687.1 51.5
1537600697.11 51.5
1537600707.13 51.5
1537600717.15 51.0
1537600727.16 52.1
1537600737.18 51.5
1537600747.19 52.1
1537600757.2 52.1
1537600767.22 51.5
1537600777.24 51.5
1537600787.25 51.5
1537600797.27 51.5
1537600807.29 51.5
1537600817.3 51.0
1537600827.32 51.5
1537600837.34 52.1
1537600847.36 51.5
1537600857.37 51.5
1537600867.39 51.5
1537600877.41 51.5
1537600887.42 51.5
1537600897.44 51.5
1537600907.46 51.0
1537600917.47 51.5
1537600927.49 52.1
1537600937.51 52.1
1537600947.53 51.5
1537600957.54 50.5
1537600967.56 51.5
1537600977.58 51.5
1537600987.59 51.5
1537600997.61 51.0
1537601007.62 51.5
1537601017.65 51.5
1537601027.66 51.5
1537601037.69 51.5
1537601047.71 50.5
1537601057.74 51.5
1537601067.76 51.5
1537601077.78 51.5
1537601087.8 52.1
1537601097.83 51.5
1537601107.85 51.5
1537601117.86 51.5
1537601127.88 52.1
1537601137.9 51.5
1537601147.92 51.0
1537601157.95 51.5
1537601167.97 52.1
1537601177.99 51.5
1537601188.01 51.5
1537601198.03 51.5
1537601208.05 51.5
1537601218.06 51.5
1537601228.08 51.5
1537601238.1 51.5
1537601248.12 52.1
1537601258.14 51.5
1537601268.16 51.5
1537601278.17 52.1
1537601288.19 51.5
1537601298.22 51.5
1537601308.24 51.5
1537601318.26 51.5
1537601328.28 51.5
1537601338.3 51.0
1537601348.31 51.5
1537601358.33 51.5
1537601368.35 50.5
1537601378.37 51.0
1537601388.4 51.5
1537601398.42 51.5
1537601408.44 51.5
1537601418.46 51.5
1537601428.48 51.5
1537601438.5 50.5
1537601448.52 51.5
1537601458.54 50.5
1537601468.56 51.5
1537601478.58 51.0
1537601488.6 50.5
1537601498.62 50.5
1537601508.65 51.0
1537601518.67 50.5
1537601528.69 50.5
1537601538.71 51.0
1537601548.73 50.5
1537601558.75 51.0
1537601568.77 51.0
1537601578.79 50.5
1537601588.81 51.0
1537601598.83 50.5
1537601608.85 50.5
1537601618.87 51.0
1537601628.89 50.5
1537601638.92 50.5
1537601648.94 51.5
1537601658.95 50.5
1537601668.97 51.0
1537601678.98 51.5
1537601689.0 50.5
1537601699.02 50.5
1537601709.03 50.5
1537601719.05 50.5
1537601729.07 51.5
1537601739.09 50.5
1537601749.11 51.0
1537601759.13 50.5
1537601769.15 50.5
1537601779.17 51.0
1537601789.19 51.0
1537601799.2 51.0
1537601809.22 51.5
1537601819.23 51.5
1537601829.25 50.5
1537601839.27 52.1
1537601849.28 51.0
1537601859.3 51.5
1537601869.32 51.5
1537601879.33 51.5
1537601889.34 51.5
1537601899.36 50.5
1537601909.37 51.5
1537601919.4 51.5
1537601929.41 51.0
1537601939.43 51.0
1537601949.45 51.0
1537601959.46 51.5
1537601969.48 50.5
1537601979.5 50.5
1537601989.51 51.5
1537601999.53 51.0
1537602009.55 51.0
1537602019.57 50.5
1537602029.58 50.5
1537602039.6 51.0
1537602049.62 51.5
1537602059.64 51.5
1537602069.65 50.5
1537602079.67 50.5
1537602089.69 51.0
1537602099.71 51.5
1537602109.73 50.5
1537602119.75 51.0
1537602129.77 51.5
1537602139.79 50.5
1537602149.8 51.5
1537602159.81 50.5
1537602169.83 51.5
1537602179.85 51.5
1537602189.87 51.0
1537602199.89 50.5
1537602209.91 51.0
1537602219.92 50.5
1537602229.94 50.5
1537602239.96 50.5
1537602249.98 50.5
1537602260.0 50.5
1537602270.02 50.5
1537602280.04 50.5
1537602290.05 51.5
1537602300.08 50.5
1537602310.09 51.5
1537602320.1 50.5
1537602330.12 51.0
1537602340.14 50.5
1537602350.15 50.5
1537602360.17 51.5
1537602370.18 50.5
1537602380.2 51.0
1537602390.22 50.5
1537602400.24 50.5
1537602410.26 51.5
1537602420.28 51.5
1537602430.29 51.5
1537602440.31 51.5
1537602450.33 51.0
1537602460.35 51.0
1537602470.37 51.0
1537602480.39 50.5
1537602490.41 51.0
1537602500.43 50.5
1537602510.45 50.5
1537602520.47 51.5
1537602530.49 51.0
1537602540.51 50.5
1537602550.53 52.1
1537602560.55 52.1
1537602570.56 51.0
1537602580.58 51.5
1537602590.59 52.1
1537602600.61 51.5
1537602610.62 51.0
1537602620.64 51.5
1537602630.66 51.5
1537602640.68 51.0
1537602650.7 51.0
1537602660.72 50.5
1537602670.74 51.5
1537602680.76 51.0
1537602690.78 51.0
1537602700.8 51.0
1537602710.82 50.5
1537602720.84 51.0
1537602730.86 50.5
1537602740.87 51.5
1537602750.89 51.5
1537602760.91 50.5
1537602770.92 51.5
1537602780.94 51.0
1537602790.95 51.5
1537602800.96 52.1
1537602810.98 51.0
1537602821.0 51.0
1537602831.02 52.1
1537602841.04 52.1
1537602851.06 51.5
1537602861.08 51.5
1537602871.1 51.5
1537602881.12 51.5
1537602891.14 50.5
1537602901.16 51.0
1537602911.18 52.1
1537602921.2 51.5
1537602931.22 51.5
1537602941.24 51.0
1537602951.26 51.5
1537602961.28 51.5
1537602971.29 52.1
1537602981.31 51.5
1537602991.33 51.5
1537603001.35 51.5
1537603011.37 51.5
1537603021.39 51.0
1537603031.41 51.5
1537603041.43 52.1
1537603051.45 51.5
1537603061.47 51.0
1537603071.49 50.5
1537603081.51 51.5
1537603091.53 51.5
1537603101.55 51.5
1537603111.57 52.1
1537603121.59 51.0
1537603131.6 52.1
1537603141.63 51.5
1537603151.64 51.5
1537603161.66 50.5
1537603171.68 51.0
1537603181.7 51.0
1537603191.72 50.5
1537603201.73 51.5
