1537300007.76 54.8
1537300017.77 55.3
1537300027.79 54.8
1537300037.8 54.8
1537300047.82 55.3
1537300057.83 54.8
1537300067.84 54.8
1537300077.86 54.8
1537300087.87 55.3
1537300097.89 55.8
1537300107.91 56.4
1537300117.91 55.8
1537300127.93 55.8
1537300137.95 55.3
1537300147.97 55.8
1537300157.99 54.8
1537300168.0 55.8
1537300178.02 55.8
1537300188.04 54.8
1537300198.06 55.8
1537300208.08 54.8
1537300218.1 55.3
1537300228.11 54.2
1537300238.13 54.2
1537300248.15 54.8
1537300258.17 53.7
1537300268.19 54.2
1537300278.2 54.8
1537300288.22 53.7
1537300298.24 54.8
1537300308.25 55.8
1537300318.27 55.3
1537300328.28 55.3
1537300338.3 54.8
1537300348.32 55.3
1537300358.33 55.8
1537300368.35 55.8
1537300378.36 55.8
1537300388.38 54.8
1537300398.4 55.3
1537300408.41 55.3
1537300418.43 55.3
1537300428.46 55.8
1537300438.47 55.8
1537300448.49 56.4
1537300458.51 55.8
1537300468.52 55.8
1537300478.54 55.8
1537300488.55 54.8
1537300498.57 55.8
1537300508.59 56.4
1537300518.61 55.8
1537300528.63 56.4
1537300538.64 55.8
1537300548.66 55.8
1537300558.67 55.8
1537300568.69 55.8
1537300578.71 55.8
1537300588.73 56.4
1537300598.75 56.4
1537300608.76 56.9
1537300618.78 55.8
1537300628.79 56.4
1537300638.81 56.4
1537300648.83 56.4
1537300658.84 56.4
1537300668.86 56.4
1537300678.87 56.9
1537300688.89 56.9
1537300698.9 56.9
1537300708.92 56.4
1537300718.94 56.9
1537300728.96 56.9
1537300738.98 56.9
1537300749.0 56.9
1537300759.02 56.9
1537300769.03 56.9
1537300779.05 56.9
1537300789.07 56.4
1537300799.08 56.4
1537300809.1 58.0
1537300819.11 58.0
1537300829.13 58.0
1537300839.15 56.9
1537300849.17 56.9
1537300859.18 57.5
1537300869.2 56.9
1537300879.22 56.9
1537300889.24 56.9
1537300899.26 56.9
1537300909.27 57.5
1537300919.29 56.9
1537300929.31 56.9
1537300939.32 56.9
1537300949.33 56.9
1537300959.35 57.5
1537300969.37 56.9
1537300979.39 56.9
1537300989.4 56.9
1537300999.41 57.5
1537301009.43 56.4
1537301019.44 56.9
1537301029.46 56.4
1537301039.48 56.4
1537301049.5 57.5
1537301059.52 56.9
1537301069.54 57.5
1537301079.56 56.4
1537301089.58 56.9
1537301099.6 56.9
1537301109.62 58.0
1537301119.63 58.0
1537301129.65 58.0
1537301139.66 57.5
1537301149.68 58.0
1537301159.7 57.5
1537301169.72 56.9
1537301179.74 57.5
1537301189.75 57.5
1537301199.77 56.9
1537301209.78 58.0
1537301219.8 58.0
1537301229.82 56.9
1537301239.84 58.0
1537301249.86 57.5
1537301259.88 58.0
1537301269.89 57.5
1537301279.91 56.4
1537301289.93 56.9
1537301299.95 56.9
1537301309.96 56.9
1537301319.98 56.9
1537301329.99 57.5
1537301340.01 56.9
1537301350.03 57.5
1537301360.04 57.5
1537301370.06 56.9
1537301380.07 57.5
1537301390.09 56.9
1537301400.1 57.5
1537301410.12 56.9
1537301420.13 57.5
1537301430.15 56.4
1537301440.17 58.0
1537301450.19 57.5
1537301460.21 56.9
1537301470.23 56.9
1537301480.25 56.9
1537301490.27 58.0
1537301500.29 57.5
1537301510.31 56.9
1537301520.32 58.0
1537301530.34 56.9
1537301540.36 56.4
1537301550.38 56.4
1537301560.39 56.9
1537301570.41 56.9
1537301580.42 56.9
1537301590.44 56.4
1537301600.46 56.9
1537301610.47 58.0
1537301620.49 56.9
1537301630.51 56.9
1537301640.53 56.9
1537301650.55 56.9
1537301660.57 56.9
1537301670.58 56.9
1537301680.6 56.9
1537301690.62 56.9
1537301700.63 57.5
1537301710.66 56.9
1537301720.67 58.0
1537301730.69 56.9
1537301740.7 56.9
1537301750.71 58.0
1537301760.73 56.9
1537301770.74 56.9
1537301780.77 56.9
1537301790.78 57.5
1537301800.8 58.0
1537301810.82 58.0
1537301820.84 57.5
1537301830.86 56.9
1537301840.88 58.0
1537301850.89 58.0
1537301860.91 57.5
1537301870.93 56.9
1537301880.94 58.0
1537301890.96 58.0
1537301900.97 58.0
1537301910.99 58.0
1537301921.01 58.0
1537301931.03 58.5
1537301941.04 58.5
1537301951.06 58.0
1537301961.08 56.9
1537301971.09 58.0
1537301981.11 58.0
1537301991.13 58.0
1537302001.14 58.0
1537302011.16 58.0
1537302021.18 58.0
1537302031.19 58.5
1537302041.21 58.0
1537302051.22 58.5
1537302061.25 57.5
1537302071.26 58.0
1537302081.28 58.0
1537302091.3 56.9
1537302101.32 58.0
1537302111.33 58.0
1537302121.35 58.0
1537302131.37 58.0
1537302141.39 58.5
1537302151.4 58.0
1537302161.42 58.5
1537302171.44 57.5
1537302181.46 56.9
1537302191.47 58.0
1537302201.49 58.0
1537302211.51 58.0
1537302221.53 58.0
1537302231.54 58.0
1537302241.56 58.0
1537302251.58 57.5
1537302261.6 58.0
1537302271.61 58.0
1537302281.63 58.5
1537302291.65 58.5
1537302301.66 58.0
1537302311.68 59.1
1537302321.7 58.5
1537302331.72 58.5
1537302341.73 59.1
1537302351.76 58.5
1537302361.77 58.5
1537302371.79 59.1
1537302381.81 59.1
1537302391.82 58.5
1537302401.84 58.5
1537302411.86 58.0
1537302421.88 58.5
1537302431.9 58.0
1537302441.91 58.0
1537302451.93 59.1
1537302461.94 59.1
1537302471.95 59.1
1537302481.97 59.1
1537302491.99 58.5
1537302502.01 59.1
1537302512.03 58.5
1537302522.05 58.5
1537302532.06 59.1
1537302542.08 58.5
1537302552.1 58.5
1537302562.12 58.5
1537302572.13 58.5
1537302582.15 58.5
1537302592.16 59.1
1537302602.18 58.5
1537302612.19 58.5
1537302622.21 58.0
1537302632.24 58.0
1537302642.26 58.5
1537302652.27 58.0
1537302662.29 58.0
1537302672.3 59.1
1537302682.32 58.5
1537302692.34 59.1
1537302702.35 58.0
1537302712.37 58.0
1537302722.39 58.5
1537302732.41 58.5
1537302742.42 58.0
1537302752.44 58.0
1537302762.46 58.5
1537302772.47 58.5
1537302782.49 58.5
1537302792.5 58.5
1537302802.52 58.0
1537302812.54 59.1
1537302822.56 58.0
1537302832.58 58.0
1537302842.59 58.0
1537302852.61 58.0
1537302862.63 58.0
1537302872.65 57.5
1537302882.67 56.9
1537302892.69 56.9
1537302902.71 56.9
1537302912.73 57.5
1537302922.75 56.9
1537302932.76 56.9
1537302942.78 57.5
1537302952.79 56.9
1537302962.8 56.4
1537302972.82 57.5
1537302982.83 57.5
1537302992.84 56.9
1537303002.86 56.9
1537303012.87 56.9
1537303022.88 56.9
1537303032.9 56.9
1537303042.91 58.0
1537303052.93 57.5
1537303062.94 56.9
1537303072.96 56.9
1537303082.98 56.9
1537303093.0 57.5
1537303103.01 56.9
1537303113.02 57.5
1537303123.04 56.9
1537303133.05 56.9
1537303143.06 58.0
1537303153.08 56.9
1537303163.1 56.9
1537303173.11 56.9
1537303183.13 57.5
1537303193.15 56.9
1537303203.17 56.9
1537303213.18 56.9
1537303223.21 56.9
1537303233.22 56.9
1537303243.23 56.9
1537303253.25 56.4
1537303263.27 56.9
1537303273.29 56.4
1537303283.31 56.4
1537303293.32 56.9
1537303303.33 56.4
1537303313.35 56.9
1537303323.37 56.9
1537303333.39 56.9
1537303343.41 56.4
1537303353.42 56.4
1537303363.43 56.9
1537303373.45 58.0
1537303383.46 57.5
1537303393.47 58.0
1537303403.49 56.9
1537303413.5 56.9
1537303423.51 57.5
1537303433.52 56.9
1537303443.54 56.9
1537303453.55 57.5
1537303463.57 58.0
1537303473.58 58.0
1537303483.6 58.0
1537303493.61 58.5
1537303503.63 58.0
1537303513.64 58.0
1537303523.66 58.0
1537303533.67 58.0
1537303543.69 58.5
1537303553.7 58.5
1537303563.71 58.0
1537303573.73 58.0
1537303583.75 58.5
1537303593.77 58.5
1537303603.78 58.5
1537303613.8 58.5
1537303623.81 58.5
1537303633.82 59.6
1537303643.84 58.5
1537303653.85 59.1
1537303663.87 58.0
1537303673.89 59.1
1537303683.9 59.1
1537303693.92 58.5
1537303703.93 59.1
1537303713.94 59.1
1537303723.95 59.1
1537303733.97 58.0
1537303743.98 59.1
1537303753.99 58.5
1537303764.01 59.1
1537303774.02 59.1
1537303784.04 58.5
1537303794.06 58.0
1537303804.08 59.1
1537303814.09 58.5
1537303824.1 59.1
1537303834.12 58.5
1537303844.13 59.6
1537303854.15 59.1
1537303864.17 58.5
1537303874.19 59.1
1537303884.21 58.5
1537303894.22 59.1
1537303904.24 59.1
1537303914.26 58.5
1537303924.27 59.6
1537303934.28 58.5
1537303944.3 59.1
1537303954.31 59.1
1537303964.32 59.1
1537303974.34 59.6
1537303984.35 60.1
1537303994.36 59.1
1537304004.38 59.1
1537304014.4 58.5
1537304024.42 59.1
1537304034.44 59.1
1537304044.45 59.1
1537304054.47 59.1
1537304064.49 59.1
1537304074.51 59.1
1537304084.52 59.1
1537304094.53 59.1
1537304104.55 59.1
1537304114.57 59.1
1537304124.59 59.1
1537304134.61 59.1
1537304144.62 59.6
1537304154.63 59.1
1537304164.65 60.1
1537304174.66 59.1
1537304184.68 59.1
1537304194.69 60.1
1537304204.71 60.1
1537304214.72 59.1
1537304224.73 59.6
1537304234.74 60.1
1537304244.75 60.1
1537304254.77 60.1
1537304264.78 60.1
1537304274.8 60.1
1537304284.81 60.7
1537304294.84 60.7
1537304304.86 60.1
1537304314.87 60.1
1537304324.89 60.1
1537304334.91 60.1
1537304344.93 60.1
1537304354.94 60.1
1537304364.95 59.6
1537304374.97 59.6
1537304384.98 58.5
1537304395.0 58.5
