1537500009.5 50.5
1537500019.51 50.5
1537500029.53 50.5
1537500039.56 50.5
1537500049.57 50.5
1537500059.6 49.9
1537500069.61 49.9
1537500079.63 49.9
1537500089.65 49.4
1537500099.67 49.9
1537500109.68 49.9
1537500119.71 49.9
1537500129.72 49.4
1537500139.74 49.9
1537500149.76 50.5
1537500159.77 50.5
1537500169.8 50.5
1537500179.81 49.9
1537500189.83 50.5
1537500199.84 49.4
1537500209.86 49.4
1537500219.88 50.5
1537500229.9 49.9
1537500239.92 49.4
1537500249.94 49.4
1537500259.96 49.4
1537500269.97 49.4
1537500279.99 49.4
1537500290.01 49.9
1537500300.03 50.5
1537500310.05 50.5
1537500320.06 51.0
1537500330.09 51.0
1537500340.1 50.5
1537500350.12 50.5
1537500360.13 50.5
1537500370.15 51.0
1537500380.17 51.5
1537500390.18 50.5
1537500400.2 51.5
1537500410.21 50.5
1537500420.23 51.5
1537500430.24 50.5
1537500440.26 51.5
1537500450.27 51.0
1537500460.3 51.0
1537500470.31 50.5
1537500480.33 50.5
1537500490.35 51.0
1537500500.36 51.0
1537500510.38 50.5
1537500520.39 50.5
1537500530.4 51.0
1537500540.41 51.0
1537500550.43 50.5
1537500560.44 50.5
1537500570.47 50.5
1537500580.49 51.0
1537500590.5 51.0
1537500600.51 51.0
1537500610.53 50.5
1537500620.54 50.5
1537500630.56 51.5
1537500640.57 51.0
1537500650.58 51.0
1537500660.59 51.5
1537500670.61 52.1
1537500680.62 51.0
1537500690.63 51.5
1537500700.64 51.5
1537500710.66 51.5
1537500720.68 51.0
1537500730.69 50.5
1537500740.7 51.0
1537500750.72 51.5
1537500760.73 51.5
1537500770.74 51.0
1537500780.76 51.0
1537500790.77 50.5
1537500800.8 50.5
1537500810.82 51.5
1537500820.83 51.5
1537500830.85 51.5
1537500840.86 51.5
1537500850.87 51.5
1537500860.89 51.0
1537500870.9 50.5
1537500880.92 50.5
1537500890.93 50.5
1537500900.94 50.5
1537500910.95 50.5
1537500920.97 49.9
1537500930.99 49.9
1537500941.01 49.4
1537500951.03 50.5
1537500961.04 50.5
1537500971.05 50.5
1537500981.07 50.5
1537500991.09 50.5
1537501001.1 49.9
1537501011.12 49.4
1537501021.14 49.4
1537501031.16 48.9
1537501041.18 49.4
1537501051.19 49.4
1537501061.21 49.4
1537501071.23 48.9
1537501081.25 48.9
1537501091.27 49.4
1537501101.29 49.4
1537501111.31 48.9
1537501121.32 49.4
1537501131.34 49.4
1537501141.35 48.9
1537501151.37 49.4
1537501161.38 48.9
1537501171.4 48.3
1537501181.42 48.9
1537501191.44 48.3
1537501201.46 48.3
1537501211.47 48.9
1537501221.49 48.3
1537501231.5 49.9
1537501241.52 48.9
1537501251.54 49.4
1537501261.55 48.3
1537501271.59 49.4
1537501281.61 49.4
1537501291.63 49.4
1537501301.65 48.3
1537501311.67 48.3
1537501321.68 49.4
1537501331.71 48.3
1537501341.72 49.4
1537501351.74 48.3
1537501361.76 48.9
1537501371.78 48.3
1537501381.8 48.3
1537501391.82 48.3
1537501401.83 48.9
1537501411.85 48.3
1537501421.88 48.3
1537501431.89 48.3
1537501441.91 48.9
1537501451.93 48.3
1537501461.95 48.3
1537501471.96 48.3
1537501481.98 48.3
1537501492.0 48.3
1537501502.02 48.9
1537501512.04 48.3
1537501522.06 48.3
1537501532.07 49.4
1537501542.09 48.9
1537501552.1 49.4
1537501562.12 48.3
1537501572.15 48.3
1537501582.17 48.3
1537501592.18 49.4
1537501602.2 48.9
1537501612.22 48.9
1537501622.24 49.4
1537501632.26 48.3
1537501642.27 49.9
1537501652.29 48.3
1537501662.31 48.9
1537501672.33 48.3
1537501682.35 48.9
1537501692.37 48.3
1537501702.4 48.3
1537501712.42 48.9
1537501722.43 48.3
1537501732.44 49.4
1537501742.45 49.4
1537501752.47 48.3
1537501762.5 48.3
1537501772.52 49.4
1537501782.54 48.3
1537501792.55 49.4
1537501802.57 48.9
1537501812.59 48.9
1537501822.61 49.4
1537501832.63 48.9
1537501842.64 48.3
1537501852.66 48.3
1537501862.68 49.4
1537501872.7 48.3
1537501882.72 48.3
1537501892.73 48.3
1537501902.75 48.9
1537501912.76 49.4
1537501922.77 49.4
1537501932.79 49.4
1537501942.82 48.3
1537501952.83 49.4
1537501962.85 48.9
1537501972.87 48.9
1537501982.89 48.3
1537501992.91 48.3
1537502002.93 48.3
1537502012.94 48.3
1537502022.96 49.4
1537502032.98 48.3
1537502042.99 49.4
1537502053.0 48.3
1537502063.02 48.9
1537502073.04 48.3
1537502083.06 48.3
1537502093.08 49.4
1537502103.09 49.4
1537502113.11 49.4
1537502123.13 48.3
1537502133.15 49.4
1537502143.17 49.4
1537502153.19 49.4
1537502163.21 48.3
1537502173.23 49.4
1537502183.25 48.9
1537502193.26 49.4
1537502203.28 49.4
1537502213.3 48.9
1537502223.32 48.3
1537502233.34 49.9
1537502243.36 49.9
1537502253.37 49.9
1537502263.38 49.9
1537502273.41 49.4
1537502283.43 49.4
1537502293.44 49.4
1537502303.46 49.4
1537502313.49 49.4
1537502323.5 49.4
1537502333.52 49.4
1537502343.53 49.4
1537502353.54 49.4
1537502363.56 48.3
1537502373.58 49.4
1537502383.59 49.9
1537502393.61 49.9
1537502403.63 49.4
1537502413.64 51.5
1537502423.65 50.5
1537502433.67 50.5
1537502443.68 49.4
1537502453.7 49.9
1537502463.72 50.5
1537502473.73 49.4
1537502483.75 50.5
1537502493.76 49.9
1537502503.78 50.5
1537502513.8 50.5
1537502523.82 50.5
1537502533.83 50.5
1537502543.84 51.0
1537502553.85 51.0
1537502563.86 51.5
1537502573.88 50.5
1537502583.9 51.5
1537502593.91 51.5
1537502603.93 50.5
1537502613.94 50.5
1537502623.95 50.5
1537502633.96 50.5
1537502643.98 51.0
1537502654.0 50.5
1537502664.02 50.5
1537502674.04 50.5
1537502684.06 50.5
1537502694.08 50.5
1537502704.1 51.0
1537502714.11 51.5
1537502724.13 51.5
1537502734.15 50.5
1537502744.16 52.1
1537502754.18 49.9
1537502764.2 50.5
1537502774.22 51.0
1537502784.23 50.5
1537502794.25 51.5
1537502804.27 50.5
1537502814.28 51.0
1537502824.3 49.9
1537502834.32 50.5
1537502844.34 51.5
1537502854.36 51.5
1537502864.38 51.5
1537502874.39 51.5
1537502884.41 51.0
1537502894.42 51.5
1537502904.44 51.5
1537502914.45 51.5
1537502924.47 51.0
1537502934.48 50.5
1537502944.5 51.5
1537502954.51 50.5
1537502964.53 51.5
1537502974.54 50.5
1537502984.56 51.5
1537502994.58 51.5
1537503004.6 50.5
1537503014.62 50.5
1537503024.64 51.5
1537503034.66 50.5
1537503044.67 51.0
1537503054.69 50.5
1537503064.71 49.9
1537503074.73 50.5
1537503084.75 51.0
1537503094.76 51.0
1537503104.77 50.5
1537503114.79 50.5
1537503124.81 50.5
1537503134.83 50.5
1537503144.85 49.4
1537503154.86 50.5
1537503164.88 49.9
1537503174.9 49.9
1537503184.91 50.5
1537503194.92 49.4
1537503204.94 50.5
1537503214.95 50.5
1537503224.97 49.9
1537503234.99 49.4
1537503245.02 50.5
1537503255.04 50.5
1537503265.05 50.5
1537503275.07 50.5
1537503285.09 49.9
1537503295.1 50.5
1537503305.12 49.9
1537503315.14 49.4
1537503325.16 49.9
1537503335.18 49.4
1537503345.2 49.4
1537503355.21 49.4
1537503365.23 49.9
1537503375.25 50.5
1537503385.27 49.4
1537503395.29 49.4
1537503405.31 49.4
1537503415.32 49.4
1537503425.35 49.9
1537503435.37 49.4
1537503445.38 49.4
1537503455.4 49.4
1537503465.42 49.9
1537503475.44 49.4
1537503485.46 49.4
1537503495.48 50.5
1537503505.5 49.9
1537503515.52 49.4
1537503525.54 49.4
1537503535.56 49.4
1537503545.57 49.4
1537503555.59 49.9
1537503565.61 49.9
1537503575.63 49.4
1537503585.64 50.5
1537503595.66 49.9
1537503605.68 49.9
1537503615.7 49.9
1537503625.72 49.4
1537503635.73 49.4
1537503645.75 49.9
1537503655.77 49.4
1537503665.78 50.5
1537503675.8 50.5
1537503685.82 50.5
1537503695.84 49.4
1537503705.85 50.5
1537503715.87 50.5
1537503725.88 50.5
1537503735.9 50.5
1537503745.92 50.5
1537503755.94 50.5
1537503765.95 50.5
1537503775.97 50.5
1537503785.99 50.5
1537503796.01 49.9
1537503806.02 50.5
1537503816.04 51.0
1537503826.07 50.5
1537503836.08 50.5
1537503846.1 51.0
1537503856.12 49.9
1537503866.13 50.5
1537503876.15 51.0
1537503886.17 50.5
1537503896.19 49.9
1537503906.21 50.5
1537503916.23 51.0
1537503926.24 51.0
1537503936.27 50.5
1537503946.29 50.5
1537503956.3 51.5
1537503966.32 51.5
1537503976.33 51.5
1537503986.35 51.0
1537503996.36 51.5
1537504006.38 50.5
1537504016.39 51.5
1537504026.41 51.0
1537504036.43 51.5
1537504046.44 51.0
1537504056.46 50.5
1537504066.47 51.0
1537504076.49 50.5
1537504086.51 51.0
1537504096.53 50.5
1537504106.55 50.5
1537504116.56 50.5
1537504126.58 50.5
1537504136.59 50.5
1537504146.61 51.0
1537504156.63 50.5
1537504166.65 49.4
1537504176.66 50.5
1537504186.68 49.9
1537504196.71 49.4
1537504206.72 49.9
1537504216.74 49.9
1537504226.76 50.5
1537504236.78 49.4
1537504246.8 49.4
1537504256.82 49.9
1537504266.84 49.4
1537504276.86 49.9
1537504286.88 49.9
1537504296.89 50.5
1537504306.92 49.4
1537504316.94 49.4
1537504326.95 49.4
1537504336.97 49.9
1537504346.99 49.9
1537504357.03 48.9
1537504367.04 49.4
1537504377.06 49.4
1537504387.08 49.4
1537504397.1 49.4
1537504407.12 49.4
1537504417.14 49.4
1537504427.16 49.9
1537504437.18 49.4
1537504447.2 48.3
1537504457.22 48.3
1537504467.24 49.4
1537504477.26 49.4
1537504487.27 49.9
1537504497.3 48.3
1537504507.32 48.3
1537504517.34 48.9
1537504527.36 48.3
1537504537.37 48.3
1537504547.39 48.3
1537504557.41 47.8
1537504567.43 48.3
1537504577.45 48.3
1537504587.47 48.9
1537504597.49 48.3
1537504607.51 48.3
1537504617.52 48.3
1537504627.54 48.3
1537504637.56 48.3
1537504647.57 49.4
1537504657.59 48.3
1537504667.61 48.3
1537504677.63 48.3
1537504687.65 48.3
1537504697.67 49.4
1537504707.68 48.3
1537504717.7 48.3
1537504727.72 47.8
1537504737.74 48.3
1537504747.76 48.3
1537504757.78 48.3
1537504767.8 48.3
1537504777.82 48.3
1537504787.83 48.3
1537504797.85 48.3
1537504807.87 48.3
1537504817.89 48.9
1537504827.91 48.3
1537504837.93 48.3
1537504847.95 48.3
1537504857.97 47.8
1537504867.99 48.3
1537504878.01 47.8
1537504888.03 48.3
1537504898.04 48.3
1537504908.07 47.8
1537504918.08 48.3
1537504928.1 47.8
1537504938.13 47.8
1537504948.14 48.3
1537504958.16 48.3
1537504968.18 47.2
1537504978.2 47.8
1537504988.22 47.8
1537504998.24 47.8
1537505008.26 47.2
1537505018.28 47.8
1537505028.3 47.8
1537505038.31 47.8
1537505048.33 48.3
1537505058.34 47.8
1537505068.36 47.2
1537505078.39 47.8
1537505088.4 47.8
1537505098.43 47.8
1537505108.45 47.8
1537505118.47 48.3
1537505128.49 47.8
1537505138.51 47.8
1537505148.53 47.8
1537505158.55 47.8
1537505168.59 47.2
1537505178.6 47.8
1537505188.62 48.3
1537505198.64 47.8
1537505208.66 47.2
1537505218.68 47.2
1537505228.7 47.2
1537505238.73 48.3
1537505248.75 47.8
1537505258.77 48.3
1537505268.79 47.8
1537505278.81 47.8
1537505288.83 47.2
1537505298.85 47.8
1537505308.87 47.8
1537505318.89 48.3
1537505328.91 47.8
1537505338.93 47.8
1537505348.95 47.2
1537505358.97 47.2
1537505368.99 48.3
1537505379.01 47.8
1537505389.03 47.8
1537505399.05 47.2
1537505409.07 48.3
1537505419.09 47.8
1537505429.11 48.3
1537505439.13 48.3
1537505449.14 48.9
1537505459.16 48.3
1537505469.18 48.9
1537505479.19 49.4
1537505489.21 48.3
1537505499.24 48.3
1537505509.25 48.9
1537505519.27 48.3
1537505529.29 47.8
1537505539.31 48.3
1537505549.33 48.3
1537505559.35 48.9
1537505569.37 48.9
1537505579.39 48.3
1537505589.41 48.3
1537505599.42 48.9
1537505609.44 48.3
1537505619.46 48.9
1537505629.48 48.3
1537505639.49 48.9
1537505649.51 48.9
1537505659.53 49.4
1537505669.55 48.3
1537505679.57 48.9
1537505689.58 49.4
1537505699.6 48.3
1537505709.62 49.4
1537505719.64 48.3
1537505729.66 48.3
1537505739.68 48.3
1537505749.7 48.3
1537505759.71 49.4
1537505769.73 48.3
1537505779.75 48.3
1537505789.77 49.4
1537505799.79 47.8
1537505809.81 48.3
1537505819.83 48.3
1537505829.85 48.3
1537505839.87 48.9
1537505849.89 49.4
1537505859.9 48.3
1537505869.92 49.4
1537505879.94 49.4
1537505889.95 48.3
1537505899.97 48.3
1537505909.99 48.9
1537505920.01 48.3
1537505930.03 48.9
1537505940.05 47.8
1537505950.07 47.8
1537505960.09 48.3
1537505970.11 48.3
1537505980.13 48.3
1537505990.15 48.3
1537506000.17 47.2
1537506010.18 48.3
1537506020.2 47.8
1537506030.22 48.3
1537506040.23 48.3
1537506050.25 48.3
1537506060.27 47.8
1537506070.28 47.8
1537506080.3 48.3
1537506090.32 47.8
1537506100.34 48.3
1537506110.36 47.2
1537506120.38 47.2
1537506130.4 47.8
1537506140.42 47.8
1537506150.44 47.8
1537506160.46 48.3
1537506170.48 48.3
1537506180.5 47.8
1537506190.52 47.8
1537506200.54 47.8
1537506210.55 48.3
1537506220.57 47.8
1537506230.59 47.8
1537506240.6 48.3
1537506250.63 48.3
1537506260.65 47.8
1537506270.67 48.3
1537506280.69 47.2
1537506290.71 48.3
1537506300.73 47.8
1537506310.75 48.3
1537506320.77 48.3
1537506330.78 47.8
1537506340.8 48.3
1537506350.81 48.3
1537506360.83 48.3
1537506370.84 48.9
1537506380.86 47.8
1537506390.88 47.8
1537506400.9 47.8
1537506410.92 47.2
1537506420.94 47.2
1537506430.96 47.8
1537506440.98 47.8
1537506451.0 48.3
1537506461.01 48.3
1537506471.02 48.3
1537506481.04 47.8
1537506491.06 47.8
1537506501.08 47.8
1537506511.1 47.8
1537506521.12 47.8
1537506531.13 47.8
1537506541.15 47.8
1537506551.17 47.8
1537506561.2 47.2
1537506571.22 47.2
1537506581.24 47.2
1537506591.25 47.8
1537506601.27 47.8
1537506611.29 48.3
1537506621.31 47.8
1537506631.33 47.8
1537506641.35 47.8
1537506651.37 47.2
1537506661.38 47.8
1537506671.4 47.8
1537506681.42 47.2
1537506691.43 47.8
1537506701.45 47.8
1537506711.47 47.8
1537506721.49 47.8
1537506731.51 47.2
1537506741.54 47.2
1537506751.56 47.2
1537506761.58 47.2
1537506771.6 48.3
1537506781.61 47.2
1537506791.63 47.8
1537506801.65 47.2
1537506811.67 47.8
1537506821.69 48.3
1537506831.71 47.2
1537506841.73 47.2
1537506851.75 47.8
1537506861.77 47.2
1537506871.79 47.2
1537506881.81 47.8
1537506891.83 47.2
1537506901.85 46.7
1537506911.87 47.2
1537506921.89 47.8
1537506931.91 47.8
1537506941.93 46.2
1537506951.95 47.2
1537506961.97 47.2
1537506971.99 47.2
1537506982.01 47.2
1537506992.03 47.2
1537507002.05 47.8
1537507012.06 47.2
1537507022.09 47.2
1537507032.1 47.8
1537507042.12 47.2
1537507052.14 47.8
1537507062.16 47.2
1537507072.18 47.2
1537507082.2 47.2
1537507092.23 47.2
1537507102.25 47.2
1537507112.26 47.8
1537507122.28 47.2
1537507132.3 47.2
1537507142.33 47.2
1537507152.35 47.2
1537507162.37 47.2
1537507172.39 47.2
1537507182.4 47.2
1537507192.42 47.2
1537507202.44 46.2
1537507212.46 47.2
1537507222.48 47.2
1537507232.5 47.2
1537507242.51 47.2
1537507252.53 47.8
1537507262.55 46.2
1537507272.57 46.7
1537507282.59 46.2
1537507292.61 47.8
1537507302.63 47.2
1537507312.65 47.2
1537507322.66 47.8
1537507332.68 47.2
1537507342.7 47.8
1537507352.72 47.8
1537507362.74 47.2
1537507372.76 47.2
1537507382.78 47.2
1537507392.8 47.2
1537507402.83 47.2
1537507412.85 47.2
1537507422.87 47.2
1537507432.89 47.8
1537507442.9 47.8
1537507452.92 47.8
1537507462.94 47.2
1537507472.96 47.2
1537507482.99 47.2
1537507493.01 47.8
1537507503.02 47.2
1537507513.04 47.8
1537507523.05 47.2
1537507533.06 47.8
1537507543.08 47.2
1537507553.09 47.2
1537507563.11 47.2
1537507573.13 46.7
1537507583.15 47.2
1537507593.17 47.8
1537507603.19 47.2
1537507613.21 47.2
1537507623.23 47.2
1537507633.25 47.2
1537507643.27 47.8
1537507653.29 47.2
1537507663.32 47.8
1537507673.33 48.3
1537507683.35 47.2
1537507693.38 47.2
1537507703.4 47.2
1537507713.41 47.2
1537507723.43 47.2
1537507733.45 47.2
1537507743.47 47.2
1537507753.49 46.7
1537507763.51 46.2
1537507773.53 47.2
1537507783.56 46.7
1537507793.58 48.3
1537507803.6 47.2
1537507813.62 47.2
1537507823.64 46.2
1537507833.66 47.8
1537507843.68 46.7
1537507853.7 47.2
1537507863.72 47.2
1537507873.74 47.2
1537507883.76 47.8
1537507893.78 46.2
1537507903.8 47.2
1537507913.81 47.2
1537507923.83 47.2
1537507933.85 47.2
1537507943.88 47.2
1537507953.9 47.2
1537507963.92 47.2
1537507973.94 47.2
1537507983.96 47.2
1537507993.98 47.2
1537508004.0 46.7
1537508014.02 46.7
1537508024.04 46.7
1537508034.06 47.2
1537508044.08 47.2
1537508054.1 47.2
1537508064.12 47.2
1537508074.14 47.2
1537508084.16 47.2
1537508094.18 46.2
1537508104.2 47.8
1537508114.22 47.2
1537508124.24 47.2
1537508134.26 47.2
1537508144.28 47.2
1537508154.3 47.2
1537508164.32 46.7
1537508174.34 46.7
1537508184.36 46.2
1537508194.37 47.2
1537508204.39 47.2
1537508214.41 46.7
1537508224.43 47.2
1537508234.45 46.2
1537508244.47 47.8
1537508254.49 46.7
1537508264.5 47.2
1537508274.52 47.8
1537508284.54 46.7
1537508294.55 46.7
1537508304.57 46.2
1537508314.59 47.2
1537508324.61 47.2
1537508334.63 46.2
1537508344.65 47.2
1537508354.67 47.2
1537508364.69 47.2
1537508374.71 47.2
1537508384.73 47.2
1537508394.75 47.2
1537508404.77 47.2
1537508414.79 47.2
1537508424.81 47.2
1537508434.82 47.8
1537508444.84 47.8
1537508454.87 47.2
1537508464.89 47.2
1537508474.91 47.2
1537508484.92 47.2
1537508494.94 47.2
1537508504.95 47.8
1537508514.97 46.7
1537508524.99 46.7
1537508535.01 47.2
1537508545.03 46.7
1537508555.05 47.2
1537508565.06 47.8
1537508575.09 46.7
1537508585.1 47.2
1537508595.12 47.2
1537508605.14 47.8
1537508615.16 46.7
1537508625.18 46.7
1537508635.19 46.2
1537508645.21 46.7
1537508655.23 46.7
1537508665.24 47.2
1537508675.27 46.7
1537508685.29 46.7
1537508695.31 46.2
1537508705.33 46.7
1537508715.35 46.7
1537508725.37 46.7
1537508735.39 48.3
1537508745.41 46.7
1537508755.43 47.2
1537508765.45 47.2
1537508775.46 46.2
1537508785.48 47.2
1537508795.5 47.8
1537508805.52 47.2
1537508815.54 47.2
1537508825.56 47.2
1537508835.58 47.2
1537508845.62 47.2
1537508855.64 47.2
1537508865.66 47.2
1537508875.68 47.2
1537508885.7 46.7
1537508895.72 47.8
1537508905.74 47.2
1537508915.76 47.8
1537508925.78 47.2
1537508935.8 47.2
1537508945.82 47.2
1537508955.84 47.8
1537508965.86 47.8
1537508975.88 48.3
1537508985.9 48.3
1537508995.92 47.2
1537509005.94 47.2
1537509015.95 47.2
1537509025.97 47.2
1537509035.99 46.2
1537509046.01 47.2
1537509056.03 46.2
1537509066.05 46.2
1537509076.07 46.2
1537509086.09 47.2
1537509096.11 47.2
1537509106.12 46.7
1537509116.14 46.7
1537509126.16 47.2
1537509136.18 47.2
1537509146.2 47.2
1537509156.21 47.8
1537509166.24 46.7
1537509176.26 47.2
1537509186.28 47.2
1537509196.3 46.2
1537509206.32 47.2
1537509216.34 47.8
1537509226.36 47.2
1537509236.38 47.2
1537509246.4 46.7
1537509256.42 46.2
1537509266.44 47.2
1537509276.46 46.7
1537509286.48 46.7
1537509296.5 47.2
1537509306.52 46.7
1537509316.54 47.2
1537509326.56 47.2
1537509336.58 47.2
1537509346.6 46.2
1537509356.62 47.2
1537509366.64 47.2
1537509376.66 47.2
1537509386.68 47.2
1537509396.7 46.7
1537509406.72 47.2
1537509416.75 47.2
1537509426.77 46.2
1537509436.79 47.2
1537509446.81 47.2
1537509456.83 47.2
1537509466.85 47.2
1537509476.87 47.2
1537509486.89 46.7
1537509496.91 47.8
1537509506.93 47.8
1537509516.95 47.2
1537509526.97 47.2
1537509536.98 47.8
1537509547.0 47.2
1537509557.03 47.2
1537509567.05 47.2
1537509577.07 47.8
1537509587.09 47.2
1537509597.11 47.8
