1537200001.18 74.1
1537200011.19 76.3
1537200021.21 74.1
1537200031.23 74.1
1537200041.25 74.7
1537200051.27 74.1
1537200061.28 74.1
1537200071.3 74.1
1537200081.32 73.6
1537200091.34 73.1
1537200101.35 74.1
1537200111.37 73.6
1537200121.39 73.1
1537200131.41 74.1
1537200141.43 73.6
1537200151.44 73.6
1537200161.45 73.1
1537200171.47 73.1
1537200181.48 74.1
1537200191.5 74.1
1537200201.51 73.6
1537200211.52 73.6
1537200221.54 74.1
1537200231.56 73.6
1537200241.57 73.1
1537200251.59 73.6
1537200261.61 73.1
1537200271.63 73.6
1537200281.64 74.1
1537200291.65 73.6
1537200301.67 73.6
1537200311.69 73.1
1537200321.71 73.1
1537200331.72 73.6
1537200341.73 73.1
1537200351.75 73.6
1537200361.77 74.1
1537200371.78 74.1
1537200381.8 74.1
1537200391.82 73.6
1537200401.83 74.1
1537200411.85 73.6
1537200421.87 74.1
1537200431.88 74.1
1537200441.9 74.1
1537200451.92 74.1
1537200461.93 74.1
1537200471.95 74.7
1537200481.97 74.7
1537200491.98 74.7
1537200501.99 74.7
1537200512.01 74.1
1537200522.03 74.7
1537200532.05 74.1
1537200542.06 75.2
1537200552.07 74.1
1537200562.08 75.2
1537200572.1 74.1
1537200582.12 75.2
1537200592.13 74.7
1537200602.15 74.1
1537200612.17 74.1
1537200622.19 74.1
1537200632.21 74.1
1537200642.23 73.6
1537200652.24 74.1
1537200662.26 74.1
1537200672.28 73.6
1537200682.3 74.1
1537200692.32 73.1
1537200702.34 73.6
1537200712.36 73.6
1537200722.38 73.1
1537200732.4 73.1
1537200742.41 72.5
1537200752.43 73.6
1537200762.44 73.1
1537200772.46 73.1
1537200782.47 73.6
1537200792.49 73.1
1537200802.5 73.1
1537200812.52 73.1
1537200822.53 73.1
1537200832.55 73.1
1537200842.56 73.1
1537200852.58 73.6
1537200862.59 73.1
1537200872.6 73.6
1537200882.62 73.1
1537200892.63 73.1
1537200902.65 73.1
1537200912.66 73.1
1537200922.67 72.5
1537200932.69 73.1
1537200942.7 73.1
1537200952.72 72.5
1537200962.73 73.1
1537200972.75 73.1
1537200982.76 72.5
1537200992.77 73.1
1537201002.79 72.0
1537201012.8 73.1
1537201022.82 73.6
1537201032.84 72.0
1537201042.86 72.0
1537201052.88 73.1
1537201062.9 72.0
1537201072.91 73.1
1537201082.93 72.0
1537201092.94 72.5
1537201102.95 72.5
1537201112.97 72.5
1537201122.99 72.0
1537201133.0 73.1
1537201143.02 72.0
1537201153.03 73.1
1537201163.05 72.0
1537201173.06 73.1
1537201183.08 73.1
1537201193.1 73.1
1537201203.12 73.1
1537201213.14 73.1
1537201223.15 73.6
1537201233.17 73.1
1537201243.19 73.1
1537201253.21 73.6
1537201263.23 73.6
1537201273.25 73.6
1537201283.26 73.6
1537201293.28 73.6
1537201303.3 73.6
1537201313.32 73.1
1537201323.34 74.1
1537201333.35 74.1
1537201343.37 73.6
1537201353.39 74.1
1537201363.41 73.6
1537201373.42 73.1
1537201383.44 74.1
1537201393.45 74.1
1537201403.47 73.6
1537201413.49 73.6
1537201423.51 73.1
1537201433.52 74.1
1537201443.54 73.6
1537201453.55 74.1
1537201463.56 74.7
1537201473.58 74.1
1537201483.59 74.1
1537201493.6 75.2
1537201503.62 74.1
1537201513.63 74.1
1537201523.64 74.7
1537201533.66 74.7
1537201543.68 74.1
1537201553.69 74.1
1537201563.71 74.7
1537201573.73 74.7
1537201583.75 75.2
1537201593.77 74.7
1537201603.78 75.2
1537201613.8 75.8
1537201623.82 74.7
1537201633.83 74.1
1537201643.87 74.7
1537201653.88 74.7
1537201663.9 74.1
1537201673.92 73.6
1537201683.94 74.1
1537201693.96 74.1
1537201703.98 74.1
1537201714.0 74.1
1537201724.02 73.6
1537201734.03 74.1
1537201744.06 73.1
1537201754.07 74.1
1537201764.09 73.6
1537201774.11 73.6
1537201784.13 74.1
1537201794.15 73.6
1537201804.17 74.1
1537201814.19 74.1
1537201824.21 73.6
1537201834.22 73.1
1537201844.24 74.1
1537201854.25 74.1
1537201864.27 73.6
1537201874.28 74.1
1537201884.3 73.1
1537201894.32 73.1
1537201904.34 73.6
1537201914.36 73.1
1537201924.37 73.6
1537201934.38 73.1
1537201944.41 73.1
1537201954.43 73.6
1537201964.45 73.1
1537201974.47 74.1
1537201984.49 73.1
1537201994.5 73.6
1537202004.53 73.1
1537202014.55 73.6
1537202024.56 74.1
1537202034.58 73.1
1537202044.6 73.6
1537202054.61 74.1
1537202064.63 74.1
1537202074.66 74.1
1537202084.68 73.6
1537202094.69 73.1
1537202104.71 74.1
1537202114.73 74.1
1537202124.74 74.1
1537202134.76 74.1
1537202144.78 73.6
1537202154.79 73.6
1537202164.81 73.6
1537202174.82 73.6
1537202184.84 73.6
1537202194.86 73.6
1537202204.87 73.1
1537202214.89 73.6
1537202224.91 73.1
1537202234.93 73.1
1537202244.95 74.1
1537202254.97 73.6
1537202264.98 73.6
1537202275.0 73.6
1537202285.01 73.1
1537202295.03 73.1
1537202305.04 73.6
1537202315.06 73.1
1537202325.08 73.6
1537202335.1 73.6
1537202345.12 73.1
1537202355.14 73.6
1537202365.16 73.1
1537202375.18 73.1
1537202385.19 73.1
1537202395.2 73.1
1537202405.21 73.1
1537202415.24 73.1
1537202425.25 73.1
1537202435.27 72.5
1537202445.29 72.0
1537202455.31 73.1
1537202465.33 73.1
1537202475.34 72.0
1537202485.35 72.5
1537202495.37 72.5
1537202505.39 73.1
1537202515.41 73.6
1537202525.43 73.6
1537202535.44 72.5
1537202545.47 73.1
1537202555.49 73.6
1537202565.51 73.1
1537202575.53 72.0
1537202585.54 72.5
1537202595.56 73.1
1537202605.58 73.1
1537202615.6 73.1
1537202625.61 72.5
1537202635.63 72.0
1537202645.64 72.5
1537202655.66 72.0
1537202665.67 72.5
1537202675.68 72.5
1537202685.7 72.0
1537202695.71 73.1
1537202705.72 73.1
1537202715.74 72.5
1537202725.75 73.1
1537202735.77 72.0
1537202745.79 72.5
1537202755.81 72.5
1537202765.82 73.1
1537202775.84 73.1
1537202785.86 73.1
1537202795.87 72.0
1537202805.88 72.5
1537202815.9 73.1
1537202825.92 73.1
1537202835.94 72.0
1537202845.96 73.1
1537202855.99 73.1
1537202866.0 73.1
1537202876.02 73.1
1537202886.03 73.1
1537202896.05 72.0
1537202906.06 73.1
1537202916.08 73.6
1537202926.09 73.1
1537202936.11 73.1
1537202946.13 73.1
1537202956.15 73.1
1537202966.16 73.1
1537202976.18 73.1
1537202986.2 72.5
1537202996.21 73.1
1537203006.23 73.6
1537203016.25 73.1
1537203026.26 73.1
1537203036.28 73.1
1537203046.29 73.6
1537203056.31 73.6
1537203066.33 73.1
1537203076.35 73.1
1537203086.36 74.1
1537203096.38 73.6
1537203106.4 74.1
1537203116.41 73.1
1537203126.43 73.6
1537203136.45 73.1
1537203146.47 73.6
1537203156.49 73.6
1537203166.51 74.1
1537203176.53 74.1
1537203186.54 74.1
1537203196.55 74.1
1537203206.57 74.1
1537203216.59 73.1
1537203226.6 74.1
1537203236.63 74.1
1537203246.65 74.1
1537203256.67 73.1
1537203266.68 74.1
1537203276.7 74.1
1537203286.71 74.1
1537203296.73 73.1
1537203306.75 74.1
1537203316.77 73.6
1537203326.78 74.1
1537203336.8 73.6
1537203346.81 74.1
1537203356.83 74.1
1537203366.85 74.1
1537203376.86 74.1
1537203386.87 75.2
1537203396.89 74.1
1537203406.9 74.7
1537203416.92 74.1
1537203426.93 74.7
1537203436.95 74.1
1537203446.97 74.1
1537203456.98 74.1
1537203467.0 74.1
1537203477.01 74.1
1537203487.03 74.7
1537203497.04 74.1
1537203507.06 74.7
1537203517.07 74.1
1537203527.09 74.1
1537203537.1 74.1
1537203547.12 73.6
1537203557.14 74.7
1537203567.15 74.1
1537203577.17 74.7
1537203587.18 74.1
1537203597.2 74.1
