1537700008.87 44.0
1537700018.89 44.0
1537700028.91 43.5
1537700038.92 44.5
1537700048.94 43.5
1537700058.95 44.0
1537700068.97 44.5
1537700078.98 44.5
1537700089.0 44.5
1537700099.02 43.5
1537700109.04 44.0
1537700119.06 44.5
1537700129.08 44.0
1537700139.09 45.1
1537700149.11 44.0
1537700159.13 44.0
1537700169.15 44.0
1537700179.16 45.1
1537700189.17 44.0
1537700199.19 45.1
1537700209.21 44.0
1537700219.22 44.5
1537700229.24 45.1
1537700239.26 44.0
1537700249.28 45.1
1537700259.3 44.0
1537700269.32 45.1
1537700279.34 44.0
1537700289.36 44.0
1537700299.39 44.0
1537700309.41 44.0
1537700319.43 44.5
1537700329.45 44.0
1537700339.46 45.1
1537700349.48 44.0
1537700359.5 45.1
1537700369.51 45.1
1537700379.53 45.1
1537700389.55 44.5
1537700399.57 44.0
1537700409.59 45.1
1537700419.6 45.1
1537700429.62 45.1
1537700439.64 45.1
1537700449.66 45.1
1537700459.68 43.5
1537700469.7 44.0
1537700479.72 44.0
1537700489.73 44.0
1537700499.75 44.0
1537700509.77 44.0
1537700519.79 44.0
1537700529.8 44.0
1537700539.81 45.1
1537700549.83 44.5
1537700559.84 44.0
1537700569.86 44.0
1537700579.88 42.9
1537700589.9 44.0
1537700599.92 43.5
1537700609.94 43.5
1537700619.96 43.5
1537700629.98 44.0
1537700639.99 44.0
1537700650.01 44.0
1537700660.02 43.5
1537700670.04 44.0
1537700680.06 43.5
1537700690.08 44.5
1537700700.11 42.9
1537700710.12 44.0
1537700720.14 44.0
1537700730.16 43.5
1537700740.18 44.0
1537700750.2 43.5
1537700760.21 44.0
1537700770.23 42.9
1537700780.25 42.9
1537700790.26 44.5
1537700800.28 42.9
1537700810.3 43.5
1537700820.32 42.9
1537700830.33 44.0
1537700840.35 43.5
1537700850.37 42.9
1537700860.38 43.5
1537700870.4 43.5
1537700880.42 44.0
1537700890.44 44.5
1537700900.45 44.0
1537700910.47 44.0
1537700920.48 44.5
1537700930.5 43.5
1537700940.52 43.5
1537700950.53 42.9
1537700960.55 44.0
1537700970.57 42.9
1537700980.59 42.9
1537700990.6 42.9
1537701000.62 44.0
1537701010.64 44.0
1537701020.66 43.5
1537701030.68 44.5
1537701040.69 44.0
1537701050.72 43.5
1537701060.73 42.9
1537701070.75 42.9
1537701080.77 43.5
1537701090.79 43.5
1537701100.81 43.5
1537701110.83 42.9
1537701120.85 43.5
1537701130.87 43.5
1537701140.89 43.5
1537701150.91 42.9
1537701160.93 42.9
1537701170.94 44.0
1537701180.96 44.0
1537701190.98 44.0
1537701201.0 44.0
1537701211.02 43.5
1537701221.04 44.0
1537701231.06 44.0
1537701241.07 44.0
1537701251.09 44.0
1537701261.1 43.5
1537701271.12 43.5
1537701281.14 44.0
1537701291.16 44.5
1537701301.18 44.0
1537701311.19 44.0
1537701321.21 44.5
1537701331.24 44.0
1537701341.25 45.1
1537701351.27 44.0
1537701361.31 43.5
1537701371.32 44.5
1537701381.34 44.0
1537701391.37 44.0
1537701401.39 44.0
1537701411.4 44.5
1537701421.42 44.0
1537701431.44 44.0
1537701441.46 44.5
1537701451.47 44.5
1537701461.49 44.0
1537701471.5 44.5
1537701481.52 44.0
1537701491.54 44.0
1537701501.56 44.0
1537701511.58 44.0
1537701521.6 44.0
1537701531.61 44.0
1537701541.63 44.0
1537701551.65 44.0
1537701561.66 45.1
1537701571.67 44.0
1537701581.69 44.5
1537701591.71 44.0
1537701601.72 44.0
1537701611.74 45.1
1537701621.75 45.6
1537701631.76 45.1
1537701641.78 45.1
1537701651.79 45.1
1537701661.81 44.5
1537701671.83 44.0
1537701681.84 45.1
1537701691.85 45.1
1537701701.86 45.1
1537701711.88 45.1
1537701721.89 44.0
1537701731.91 44.0
1537701741.93 45.1
1537701751.94 44.0
1537701761.96 44.5
1537701771.98 44.5
1537701782.0 44.0
1537701792.02 45.1
1537701802.04 44.5
1537701812.05 45.1
1537701822.06 45.1
1537701832.08 44.5
1537701842.09 45.1
1537701852.11 45.1
1537701862.13 44.0
1537701872.14 44.5
1537701882.16 45.1
1537701892.18 44.5
1537701902.19 45.1
1537701912.21 44.5
1537701922.22 44.0
1537701932.24 44.0
1537701942.26 45.1
1537701952.28 44.0
1537701962.29 44.5
1537701972.3 44.5
1537701982.32 44.5
1537701992.34 44.0
1537702002.36 44.0
1537702012.38 44.0
1537702022.4 44.0
1537702032.42 43.5
1537702042.44 43.5
1537702052.46 43.5
1537702062.48 44.0
1537702072.49 44.5
1537702082.52 44.0
1537702092.53 44.0
1537702102.55 44.0
1537702112.57 44.0
1537702122.58 44.0
1537702132.59 44.0
1537702142.61 44.0
1537702152.63 44.0
1537702162.65 44.5
1537702172.66 45.1
1537702182.68 44.5
1537702192.7 44.0
1537702202.72 44.5
1537702212.74 44.0
1537702222.76 44.0
1537702232.79 44.5
1537702242.81 44.5
1537702252.83 45.1
1537702262.85 45.1
1537702272.87 45.1
1537702282.88 45.1
1537702292.9 44.5
1537702302.92 45.1
1537702312.94 45.1
1537702322.96 44.5
1537702332.98 45.1
1537702343.01 45.1
1537702353.02 45.6
1537702363.03 45.1
1537702373.05 45.1
1537702383.07 45.1
1537702393.09 45.1
1537702403.11 45.1
1537702413.13 45.1
1537702423.15 45.1
1537702433.17 44.0
1537702443.19 44.5
1537702453.21 45.1
1537702463.23 45.1
1537702473.25 44.5
1537702483.27 44.5
1537702493.29 44.5
1537702503.3 44.0
1537702513.32 44.0
1537702523.34 45.1
1537702533.35 44.5
1537702543.37 44.0
1537702553.39 44.0
1537702563.41 45.1
1537702573.42 45.1
1537702583.44 44.5
1537702593.46 44.5
1537702603.47 45.1
1537702613.49 44.5
1537702623.51 45.1
1537702633.53 44.0
1537702643.55 44.5
1537702653.57 44.5
1537702663.59 44.0
1537702673.61 44.0
1537702683.63 44.5
1537702693.66 44.0
1537702703.67 44.0
1537702713.69 44.0
1537702723.71 44.5
1537702733.73 44.0
1537702743.75 44.0
1537702753.76 45.1
1537702763.78 45.1
1537702773.8 44.0
1537702783.81 44.0
1537702793.82 44.5
1537702803.84 42.9
1537702813.86 44.0
1537702823.87 45.1
1537702833.89 44.0
1537702843.91 45.1
1537702853.93 44.5
1537702863.95 44.0
1537702873.97 44.5
1537702883.98 44.0
1537702894.0 44.5
1537702904.02 44.5
1537702914.04 44.5
1537702924.06 44.0
1537702934.08 44.5
1537702944.11 44.5
1537702954.12 45.6
1537702964.14 44.5
1537702974.15 44.0
1537702984.17 44.5
1537702994.19 44.0
1537703004.21 44.0
1537703014.23 44.0
1537703024.26 45.1
1537703034.27 45.1
1537703044.28 45.1
1537703054.3 44.0
1537703064.32 45.1
1537703074.34 43.5
1537703084.36 44.0
1537703094.37 43.5
1537703104.4 43.5
1537703114.41 43.5
1537703124.43 44.0
1537703134.46 44.5
1537703144.47 44.5
1537703154.49 45.1
1537703164.51 45.1
1537703174.53 45.1
1537703184.55 45.1
1537703194.56 45.6
1537703204.58 45.1
1537703214.6 45.1
1537703224.61 45.6
1537703234.63 45.1
1537703244.65 45.1
1537703254.67 45.1
1537703264.69 45.1
1537703274.7 45.6
1537703284.72 45.1
1537703294.73 45.6
1537703304.75 46.2
1537703314.76 45.6
1537703324.78 44.5
1537703334.8 45.1
1537703344.82 45.1
1537703354.83 45.1
1537703364.86 45.1
1537703374.87 45.6
1537703384.89 45.6
1537703394.91 45.1
1537703404.92 46.2
1537703414.94 45.1
1537703424.96 45.1
1537703434.98 45.1
1537703444.99 45.6
1537703455.01 45.1
1537703465.02 45.6
1537703475.04 45.1
1537703485.05 44.5
1537703495.07 45.1
1537703505.09 45.1
1537703515.1 45.1
1537703525.12 45.1
1537703535.13 45.6
1537703545.14 46.2
1537703555.16 46.2
1537703565.17 46.2
1537703575.18 46.2
1537703585.2 46.2
1537703595.21 46.2
1537703605.22 46.2
1537703615.23 45.6
1537703625.25 46.2
1537703635.26 46.2
1537703645.28 45.6
1537703655.3 46.2
1537703665.32 45.6
1537703675.33 46.2
1537703685.34 45.6
1537703695.36 46.2
1537703705.37 46.2
1537703715.39 46.2
1537703725.41 46.2
1537703735.42 47.2
1537703745.43 46.2
1537703755.45 46.2
1537703765.46 47.2
1537703775.47 46.7
1537703785.48 46.7
1537703795.5 47.2
1537703805.52 46.7
1537703815.53 46.7
1537703825.55 46.2
1537703835.57 46.7
1537703845.59 47.2
1537703855.6 47.2
1537703865.62 46.2
1537703875.63 47.2
1537703885.64 46.2
1537703895.65 47.2
1537703905.67 47.2
1537703915.68 47.2
1537703925.69 47.2
1537703935.71 47.2
1537703945.73 47.2
1537703955.75 47.8
1537703965.76 47.2
1537703975.78 47.2
1537703985.8 47.2
1537703995.81 47.2
1537704005.83 47.2
1537704015.85 46.7
1537704025.87 47.2
1537704035.89 47.2
1537704045.9 47.8
1537704055.92 47.2
1537704065.94 47.2
1537704075.95 46.7
1537704085.97 47.2
1537704095.99 46.7
1537704106.0 47.2
1537704116.02 46.7
1537704126.03 46.7
1537704136.05 47.2
1537704146.06 47.2
1537704156.08 45.6
1537704166.1 46.2
1537704176.12 47.2
1537704186.14 47.2
1537704196.16 46.7
1537704206.18 47.2
1537704216.2 47.2
1537704226.21 47.8
1537704236.23 48.3
1537704246.24 47.2
1537704256.26 48.3
1537704266.27 47.8
1537704276.29 48.3
1537704286.32 47.2
1537704296.33 47.8
1537704306.35 47.2
1537704316.37 47.2
1537704326.39 47.8
1537704336.41 47.2
1537704346.43 47.2
1537704356.45 47.2
1537704366.47 47.2
1537704376.48 47.2
1537704386.5 47.2
1537704396.52 47.2
1537704406.54 47.8
1537704416.56 47.2
1537704426.58 47.8
1537704436.59 47.8
1537704446.61 47.8
1537704456.63 47.8
1537704466.64 47.8
1537704476.66 46.2
1537704486.69 47.2
1537704496.71 47.8
1537704506.73 47.8
1537704516.74 47.8
1537704526.76 47.2
1537704536.77 46.7
1537704546.79 46.7
1537704556.81 46.2
1537704566.83 47.2
1537704576.85 47.2
1537704586.87 47.2
1537704596.88 47.2
1537704606.9 47.2
1537704616.91 47.2
1537704626.93 47.2
1537704636.94 47.2
1537704646.97 47.2
1537704656.98 47.2
1537704667.0 46.7
1537704677.02 47.2
1537704687.04 47.2
1537704697.06 47.2
1537704707.08 47.2
1537704717.09 46.7
1537704727.11 47.8
1537704737.13 46.2
1537704747.14 47.2
1537704757.16 46.7
1537704767.18 46.7
1537704777.2 47.2
1537704787.22 46.2
1537704797.23 47.2
1537704807.25 47.2
1537704817.27 47.2
1537704827.29 47.2
1537704837.3 47.8
1537704847.32 47.2
1537704857.34 47.2
1537704867.35 47.8
1537704877.38 47.2
1537704887.39 47.2
1537704897.41 47.8
1537704907.42 47.8
1537704917.44 48.3
1537704927.45 48.3
1537704937.47 47.8
1537704947.5 48.3
1537704957.52 48.3
1537704967.54 47.2
1537704977.55 48.3
1537704987.57 47.8
1537704997.6 48.9
1537705007.62 48.3
1537705017.64 48.3
1537705027.65 48.3
1537705037.67 48.3
1537705047.68 48.9
1537705057.7 48.3
1537705067.72 48.3
1537705077.74 48.3
1537705087.75 48.3
1537705097.77 48.3
1537705107.79 47.2
1537705117.81 48.3
1537705127.83 48.3
1537705137.85 48.3
1537705147.87 48.3
1537705157.88 48.3
1537705167.9 48.9
1537705177.92 48.3
1537705187.93 48.3
1537705197.95 48.3
1537705207.97 48.3
1537705217.98 48.3
1537705228.0 48.3
1537705238.02 48.9
1537705248.04 47.2
1537705258.06 47.2
1537705268.08 48.3
1537705278.1 48.3
1537705288.12 48.3
1537705298.13 48.3
1537705308.14 48.3
1537705318.16 47.8
1537705328.18 48.3
1537705338.2 48.3
1537705348.22 47.2
1537705358.24 48.3
1537705368.25 48.3
1537705378.27 47.8
1537705388.29 47.2
1537705398.31 47.8
1537705408.33 48.3
1537705418.34 48.3
1537705428.37 47.8
1537705438.39 48.3
1537705448.4 47.8
1537705458.42 47.8
1537705468.44 47.2
1537705478.46 47.8
1537705488.47 48.3
1537705498.49 47.8
1537705508.51 47.8
1537705518.53 47.2
1537705528.55 47.2
1537705538.56 47.8
1537705548.58 47.2
1537705558.6 47.2
1537705568.62 47.8
1537705578.63 47.2
1537705588.64 47.8
1537705598.66 47.8
1537705608.68 47.2
1537705618.69 47.2
1537705628.71 47.2
1537705638.73 48.3
1537705648.75 47.2
1537705658.76 47.8
1537705668.77 48.3
1537705678.79 48.3
1537705688.8 47.8
1537705698.82 47.8
1537705708.84 48.3
1537705718.86 47.8
1537705728.88 47.8
1537705738.89 47.8
1537705748.91 47.8
1537705758.93 48.3
1537705768.95 47.8
1537705778.97 47.8
1537705788.99 48.3
1537705799.01 48.3
1537705809.02 48.9
1537705819.04 48.3
1537705829.06 48.3
1537705839.08 49.4
1537705849.1 48.3
1537705859.11 48.3
1537705869.13 49.4
1537705879.15 48.3
1537705889.17 48.3
1537705899.19 49.4
1537705909.2 49.4
1537705919.22 48.9
1537705929.24 48.9
1537705939.26 49.4
1537705949.28 48.9
1537705959.3 48.9
1537705969.31 48.3
1537705979.33 48.9
1537705989.35 48.3
1537705999.37 48.3
1537706009.38 49.4
1537706019.4 49.4
1537706029.42 49.4
1537706039.43 49.4
1537706049.45 49.4
1537706059.47 49.9
1537706069.48 49.9
1537706079.5 49.4
1537706089.52 49.4
1537706099.53 49.4
1537706109.55 49.4
1537706119.56 50.5
1537706129.58 49.9
1537706139.6 50.5
1537706149.61 50.5
1537706159.62 49.9
1537706169.63 50.5
1537706179.64 51.0
1537706189.65 51.0
1537706199.66 50.5
1537706209.67 50.5
1537706219.68 51.0
1537706229.69 51.5
1537706239.71 51.5
1537706249.71 51.5
1537706259.73 51.5
1537706269.74 51.5
1537706279.76 51.5
1537706289.77 51.5
1537706299.78 51.5
1537706309.8 52.1
1537706319.81 50.5
1537706329.83 50.5
1537706339.85 51.5
1537706349.87 51.0
1537706359.88 51.0
1537706369.9 50.5
1537706379.92 50.5
1537706389.94 51.5
1537706399.96 51.5
1537706409.98 51.0
1537706420.0 51.5
1537706430.01 51.5
1537706440.03 51.5
1537706450.04 50.5
1537706460.05 51.0
1537706470.07 50.5
1537706480.09 51.0
1537706490.1 50.5
1537706500.12 51.0
1537706510.13 51.5
1537706520.15 49.9
1537706530.17 51.5
1537706540.19 50.5
1537706550.2 49.9
1537706560.22 51.5
1537706570.24 51.5
1537706580.26 51.5
1537706590.27 51.5
1537706600.28 52.1
1537706610.3 52.1
1537706620.32 51.0
1537706630.34 51.5
1537706640.36 51.5
1537706650.37 51.5
1537706660.39 50.5
1537706670.41 52.1
1537706680.43 51.5
1537706690.45 52.1
1537706700.46 52.6
1537706710.48 51.5
1537706720.5 51.5
1537706730.51 52.1
1537706740.52 52.6
1537706750.53 52.1
1537706760.55 52.6
1537706770.57 52.6
1537706780.58 52.6
1537706790.6 52.6
1537706800.62 52.6
1537706810.63 52.6
1537706820.64 52.1
1537706830.66 52.6
1537706840.67 52.6
1537706850.68 52.6
1537706860.7 52.6
1537706870.72 53.7
1537706880.73 53.2
1537706890.74 53.2
1537706900.76 53.7
1537706910.77 53.7
1537706920.79 53.2
1537706930.8 53.7
1537706940.82 54.2
1537706950.84 53.2
1537706960.85 53.7
1537706970.87 53.7
1537706980.88 54.8
1537706990.9 53.7
1537707000.91 54.8
1537707010.93 53.7
1537707020.94 53.7
1537707030.95 53.7
1537707040.97 54.2
1537707050.98 54.8
1537707061.0 53.7
1537707071.01 53.7
1537707081.03 53.7
1537707091.04 53.7
1537707101.06 53.7
1537707111.08 53.7
1537707121.09 53.7
1537707131.1 54.8
1537707141.12 54.2
1537707151.13 54.2
1537707161.14 54.2
1537707171.15 54.8
1537707181.16 54.8
1537707191.18 54.2
1537707201.19 54.2
1537707211.2 54.2
1537707221.22 54.8
1537707231.23 54.2
1537707241.25 54.2
1537707251.26 54.2
1537707261.28 54.2
1537707271.29 54.8
1537707281.31 54.8
1537707291.32 54.8
1537707301.34 54.2
1537707311.35 54.2
1537707321.37 54.8
1537707331.38 54.8
1537707341.4 53.7
1537707351.41 54.8
1537707361.43 54.8
1537707371.44 54.2
1537707381.46 54.8
1537707391.48 54.2
1537707401.49 54.8
1537707411.51 54.8
1537707421.52 55.3
1537707431.54 54.8
1537707441.56 53.7
1537707451.57 54.2
1537707461.58 54.8
1537707471.6 54.8
1537707481.62 54.2
1537707491.64 54.2
1537707501.65 55.3
1537707511.66 55.3
1537707521.68 55.3
1537707531.7 54.8
1537707541.72 54.8
1537707551.73 54.8
1537707561.74 54.8
1537707571.76 54.8
1537707581.78 54.8
1537707591.79 54.2
1537707601.81 55.3
1537707651.81 54.8
1537707661.83 54.8
1537707671.84 54.2
1537707681.86 54.8
1537707691.88 54.8
1537707701.9 54.2
1537707711.91 54.8
1537707721.93 54.8
1537707731.94 54.8
1537707741.96 54.2
1537707751.97 54.8
1537707761.99 54.8
1537707772.01 54.2
1537707782.03 54.2
1537707792.04 54.8
1537707802.05 54.8
1537707812.06 54.8
1537707822.08 54.2
1537707832.1 53.7
1537707842.12 54.8
1537707852.13 54.2
1537707862.15 53.7
1537707872.16 54.8
1537707882.17 54.2
1537707892.19 53.7
1537707902.21 53.7
1537707912.23 53.7
1537707922.25 53.7
1537707932.26 53.2
1537707942.28 53.7
1537707952.3 53.2
1537707962.32 53.7
1537707972.34 53.7
1537707982.36 53.7
1537707992.37 54.2
1537708002.38 53.7
1537708012.4 53.7
1537708022.41 53.7
1537708032.42 54.2
1537708042.44 54.8
1537708052.45 53.7
1537708062.47 54.2
1537708072.49 53.7
1537708082.52 53.7
1537708092.53 53.7
1537708102.54 53.7
1537708112.56 53.7
1537708122.57 54.2
1537708132.58 53.7
1537708142.6 54.2
1537708152.61 53.2
1537708162.63 53.7
1537708172.65 54.2
1537708182.66 54.2
1537708192.67 53.7
1537708202.69 54.8
1537708212.7 54.2
1537708222.72 54.2
1537708232.73 54.8
1537708242.74 53.7
1537708252.75 54.2
1537708262.77 52.6
1537708272.78 53.7
1537708282.8 53.7
1537708292.82 53.7
1537708302.84 53.7
1537708312.86 53.7
1537708322.87 54.2
1537708332.89 54.2
1537708342.91 53.7
1537708352.92 53.7
1537708362.94 53.7
1537708372.96 53.7
1537708382.97 54.8
1537708392.99 54.2
1537708403.01 54.2
1537708413.03 54.8
1537708423.05 54.8
1537708433.06 54.8
1537708443.08 54.8
1537708453.1 53.7
1537708463.12 53.7
1537708473.14 54.2
1537708483.16 54.8
1537708493.18 54.2
1537708503.2 53.7
1537708513.22 53.7
1537708523.24 54.2
1537708533.26 53.7
1537708543.27 52.6
1537708553.29 53.7
1537708563.31 54.2
1537708573.33 54.2
1537708583.35 54.2
1537708593.37 53.7
1537708603.39 53.7
1537708613.41 53.7
1537708623.43 53.7
1537708633.45 53.7
1537708643.46 53.7
1537708653.48 54.2
1537708663.5 54.2
1537708673.52 53.7
1537708683.54 54.8
1537708693.55 54.8
1537708703.57 55.3
1537708713.58 54.8
1537708723.6 53.7
1537708733.62 53.7
1537708743.64 54.2
1537708753.66 54.2
1537708763.67 54.2
1537708773.69 54.8
1537708783.71 54.8
1537708793.73 55.3
1537708803.74 55.3
1537708813.76 55.3
1537708823.77 54.8
1537708833.79 55.3
1537708843.8 54.8
1537708853.82 55.3
1537708863.83 55.8
1537708873.85 54.8
1537708883.86 55.8
1537708893.88 55.3
1537708903.9 54.8
1537708913.92 55.8
1537708923.93 55.8
1537708933.95 55.8
1537708943.96 55.8
1537708953.98 55.8
1537708964.0 55.8
1537708974.01 55.8
1537708984.04 55.3
1537708994.05 56.4
1537709004.06 56.4
1537709014.07 55.8
1537709024.09 55.8
1537709034.1 55.8
1537709044.11 56.4
1537709054.13 55.8
1537709064.14 55.8
1537709074.15 56.4
1537709084.17 55.8
1537709094.19 56.4
1537709104.2 55.8
1537709114.21 56.4
1537709124.23 56.9
1537709134.24 56.9
1537709144.26 56.9
1537709154.27 57.5
1537709164.29 56.9
1537709174.3 56.9
1537709184.32 57.5
1537709194.33 56.9
1537709204.34 56.9
1537709214.35 56.9
1537709224.36 56.9
1537709234.38 56.9
1537709244.4 55.8
1537709254.41 56.9
1537709264.42 56.9
1537709274.44 56.4
1537709284.45 56.9
1537709294.47 56.9
1537709304.49 56.4
1537709314.5 56.9
1537709324.51 56.9
1537709334.52 56.4
1537709344.54 56.4
1537709354.57 56.4
1537709364.59 56.4
1537709374.6 55.8
1537709384.62 56.9
1537709394.64 56.4
1537709404.66 56.9
1537709414.67 56.9
1537709424.68 56.9
1537709434.69 58.0
1537709444.71 56.9
1537709454.72 56.9
1537709464.74 56.9
1537709474.75 56.9
1537709484.76 57.5
1537709494.78 57.5
1537709504.79 56.9
1537709514.8 56.9
1537709524.82 56.9
1537709534.83 56.9
1537709544.85 56.4
1537709554.86 55.8
1537709564.88 56.9
1537709574.9 56.4
1537709584.92 57.5
1537709594.93 56.9
1537709604.95 56.9
1537709614.96 57.5
1537709624.98 56.9
1537709634.99 57.5
1537709645.01 56.9
1537709655.02 55.8
1537709665.04 56.9
1537709675.05 57.5
1537709685.08 56.9
1537709695.09 56.9
1537709705.11 56.9
1537709715.13 56.4
1537709725.15 56.4
1537709735.16 56.9
1537709745.18 56.4
1537709755.2 56.9
1537709765.22 56.9
1537709775.23 57.5
1537709785.25 56.9
1537709795.26 58.0
1537709805.27 58.0
1537709815.29 58.0
1537709825.31 56.9
1537709835.33 58.0
1537709845.34 56.9
1537709855.36 56.9
1537709865.37 57.5
1537709875.39 57.5
1537709885.41 56.9
1537709895.43 58.0
1537709905.44 57.5
1537709915.46 56.9
1537709925.48 56.9
1537709935.49 56.9
1537709945.51 58.0
1537709955.53 58.0
1537709965.54 58.0
1537709975.56 57.5
1537709985.58 58.0
1537709995.59 58.0
1537710005.61 57.5
1537710015.63 57.5
1537710025.64 58.0
1537710035.66 56.9
1537710045.69 58.0
1537710055.7 58.0
1537710065.72 58.0
1537710075.73 58.0
1537710085.75 58.0
1537710095.77 57.5
1537710105.79 58.0
1537710115.81 58.0
1537710125.82 58.0
1537710135.84 58.0
1537710145.86 58.0
1537710155.87 58.0
1537710165.88 58.0
1537710175.9 58.5
1537710185.92 58.0
1537710195.94 58.0
1537710205.95 58.0
1537710215.96 58.0
1537710225.98 58.0
1537710236.0 59.1
1537710246.02 58.0
1537710256.03 59.1
1537710266.05 58.5
1537710276.06 58.5
1537710286.08 58.0
1537710296.09 58.5
1537710306.11 58.5
1537710316.12 58.5
1537710326.14 58.0
1537710336.16 58.5
1537710346.17 58.0
1537710356.19 58.5
1537710366.21 58.0
1537710376.22 58.5
1537710386.24 58.0
1537710396.26 58.5
1537710406.27 58.0
1537710416.28 59.1
1537710426.3 58.5
1537710436.32 58.5
1537710446.33 58.0
1537710456.35 59.1
1537710466.36 59.1
1537710476.38 59.1
1537710486.39 58.0
1537710496.41 58.0
1537710506.43 59.1
1537710516.45 59.1
1537710526.47 58.5
1537710536.48 59.1
1537710546.5 58.0
1537710556.51 58.5
1537710566.53 59.1
1537710576.54 58.0
1537710586.56 58.0
1537710596.57 59.6
1537710606.59 58.0
1537710616.6 58.5
1537710626.62 58.0
1537710636.64 59.1
1537710646.66 59.1
1537710656.68 59.1
1537710666.7 59.1
1537710676.71 58.5
1537710686.73 58.0
1537710696.75 59.1
1537710706.77 59.6
1537710716.78 59.1
1537710726.8 59.1
1537710736.81 59.1
1537710746.83 58.5
1537710756.85 59.1
1537710766.87 59.1
1537710776.88 58.5
1537710786.9 59.1
1537710796.92 59.1
1537710806.94 59.1
1537710816.95 59.1
1537710826.96 59.1
1537710836.98 59.1
1537710847.0 59.1
1537710857.02 58.5
1537710867.04 58.5
1537710877.06 58.5
1537710887.08 59.1
1537710897.1 58.5
1537710907.12 58.0
1537710917.14 58.0
1537710927.16 58.5
1537710937.18 58.5
1537710947.19 58.0
1537710957.21 58.0
1537710967.22 59.1
1537710977.23 58.5
1537710987.25 59.1
1537710997.26 59.6
1537711007.27 59.1
1537711017.28 59.1
1537711027.3 59.1
1537711037.32 59.1
1537711047.33 59.1
1537711057.35 58.5
1537711067.37 59.1
1537711077.38 59.1
1537711087.4 59.1
1537711097.42 58.0
1537711107.43 59.1
1537711117.46 58.5
1537711127.47 58.5
1537711137.49 59.1
1537711147.51 59.1
1537711157.52 59.1
1537711167.54 58.5
1537711177.56 59.1
1537711187.58 59.1
1537711197.59 58.0
