1537100001.51 55.8
1537100011.53 55.8
1537100021.63 56.4
1537100031.64 56.4
1537100041.66 55.8
1537100051.67 56.4
1537100061.68 56.4
1537100071.7 56.4
1537100081.72 56.4
1537100091.74 55.8
1537100101.75 56.9
1537100111.76 56.4
1537100121.78 56.4
1537100131.8 56.4
1537100141.82 56.4
1537100151.83 55.8
1537100161.85 56.4
1537100171.87 55.8
1537100181.89 56.4
1537100191.91 55.8
1537100201.93 55.8
1537100211.95 55.3
1537100221.97 55.8
1537100232.0 56.4
1537100242.02 55.8
1537100252.03 56.4
1537100262.06 55.8
1537100272.08 56.4
1537100282.09 55.8
1537100292.11 55.3
1537100302.13 55.8
1537100312.15 55.8
1537100322.16 56.9
1537100332.18 55.8
1537100342.2 56.9
1537100352.22 55.8
1537100362.24 55.8
1537100372.26 56.4
1537100382.29 55.8
1537100392.31 55.3
1537100402.32 56.4
1537100412.34 56.4
1537100422.36 56.4
1537100432.38 56.9
1537100442.4 56.4
1537100452.42 56.9
1537100462.44 56.4
1537100472.45 56.9
1537100482.47 55.8
1537100492.49 57.5
1537100502.51 56.4
1537100512.53 57.5
1537100522.57 56.9
1537100532.58 57.5
1537100542.59 57.5
1537100552.61 56.9
1537100562.62 57.5
1537100572.65 56.9
1537100582.66 57.5
1537100592.68 56.9
1537100602.7 56.9
1537100612.72 56.9
1537100622.73 58.0
1537100632.75 58.0
1537100642.77 56.9
1537100652.79 56.9
1537100662.81 56.9
1537100672.82 56.9
1537100682.84 57.5
1537100692.87 57.5
1537100702.89 56.9
1537100712.91 56.9
1537100722.92 58.0
1537100732.94 56.9
1537100742.96 56.9
1537100752.98 56.4
1537100762.99 58.0
1537100773.01 57.5
1537100783.02 58.0
1537100793.05 57.5
1537100803.07 58.0
1537100813.08 58.0
1537100823.1 58.5
1537100833.12 58.0
1537100843.14 57.5
1537100853.15 58.0
1537100863.17 58.0
1537100873.18 58.0
1537100883.2 58.5
1537100893.21 58.0
1537100903.23 58.0
1537100913.25 58.0
1537100923.28 59.1
1537100933.3 58.5
1537100943.31 58.5
1537100953.33 59.1
1537100963.35 58.5
1537100973.37 58.0
1537100983.38 58.5
1537100993.4 59.1
1537101003.42 58.0
1537101013.43 59.1
1537101023.44 59.1
1537101033.46 58.5
1537101043.48 59.1
1537101053.5 58.0
1537101063.51 58.5
1537101073.53 59.1
1537101083.55 58.0
1537101093.57 58.5
1537101103.58 58.0
1537101113.6 58.0
1537101123.61 58.5
1537101133.63 58.0
1537101143.64 58.0
1537101153.66 59.1
1537101163.68 59.1
1537101173.69 59.1
1537101183.71 59.1
1537101193.72 58.5
1537101203.74 58.0
1537101213.76 59.1
1537101223.78 59.1
1537101233.81 58.5
1537101243.83 59.1
1537101253.85 59.1
1537101263.86 58.5
1537101273.88 59.1
1537101283.9 60.1
1537101293.91 59.1
1537101303.92 59.6
1537101313.94 60.1
1537101323.96 59.1
1537101333.97 60.1
1537101343.99 60.1
1537101354.0 59.6
1537101364.02 60.1
1537101374.04 59.1
1537101384.06 59.6
1537101394.07 59.1
1537101404.09 59.1
1537101414.11 59.1
1537101424.13 59.6
1537101434.15 59.1
1537101444.17 59.6
1537101454.18 60.1
1537101464.2 59.6
1537101474.22 59.1
1537101484.24 59.1
1537101494.26 60.1
1537101504.28 60.1
1537101514.3 59.1
1537101524.32 60.1
1537101534.34 59.1
1537101544.36 60.1
1537101554.38 58.5
1537101564.4 59.1
1537101574.41 59.1
1537101584.43 59.1
1537101594.45 59.6
1537101604.46 60.1
1537101614.47 60.1
1537101624.5 60.1
1537101634.52 60.1
1537101644.53 60.1
1537101654.56 59.6
1537101664.57 59.6
1537101674.59 59.6
1537101684.6 60.1
1537101694.62 59.1
1537101704.64 59.1
1537101714.65 59.1
1537101724.67 60.1
1537101734.69 59.1
1537101744.71 59.1
1537101754.72 59.1
1537101764.74 59.1
1537101774.76 59.1
1537101784.78 60.1
1537101794.79 60.1
1537101804.8 59.6
1537101814.82 59.1
1537101824.84 60.1
1537101834.85 60.1
1537101844.87 60.1
1537101854.88 60.1
1537101864.89 60.1
1537101874.9 60.7
1537101884.92 60.1
1537101894.94 60.1
1537101904.95 60.7
1537101914.97 60.7
1537101924.99 60.1
1537101935.0 60.7
1537101945.02 60.1
1537101955.04 60.1
1537101965.06 60.1
1537101975.07 61.2
1537101985.09 60.1
1537101995.11 60.7
1537102005.14 60.7
1537102015.16 60.1
1537102025.17 60.7
1537102035.19 61.2
1537102045.21 61.2
1537102055.23 61.2
1537102065.24 62.3
1537102075.26 60.7
1537102085.28 61.2
1537102095.3 60.7
1537102105.32 61.2
1537102115.34 61.2
1537102125.35 61.2
1537102135.38 61.2
1537102145.39 61.8
1537102155.41 61.8
1537102165.43 62.3
1537102175.45 61.8
1537102185.47 60.7
1537102195.49 61.8
1537102205.5 61.2
1537102215.52 61.2
1537102225.54 61.2
1537102235.56 61.2
1537102245.58 61.2
1537102255.6 61.2
1537102265.61 61.2
1537102275.63 61.8
1537102285.65 62.3
1537102295.67 61.2
1537102305.69 61.2
1537102315.71 61.2
1537102325.72 62.3
1537102335.74 62.3
1537102345.77 62.3
1537102355.78 62.3
1537102365.82 62.3
1537102375.84 62.3
1537102385.86 61.8
1537102395.87 62.3
1537102405.9 62.3
1537102415.91 61.2
1537102425.92 62.3
1537102435.94 62.3
1537102445.96 62.3
1537102455.98 61.2
1537102466.0 61.2
1537102476.01 62.3
1537102486.02 62.8
1537102496.03 62.3
1537102506.05 62.3
1537102516.06 62.3
1537102526.08 62.3
1537102536.1 62.3
1537102546.11 61.8
1537102556.13 61.8
1537102566.15 62.3
1537102576.17 62.3
1537102586.19 61.2
1537102596.2 62.3
1537102606.22 62.3
1537102616.24 62.8
1537102626.25 63.4
1537102636.26 62.3
1537102646.28 62.3
1537102656.29 62.8
1537102666.31 62.3
1537102676.32 62.3
1537102686.34 62.8
1537102696.36 63.4
1537102706.37 62.8
1537102716.38 63.4
1537102726.4 63.4
1537102736.42 63.4
1537102746.43 62.8
1537102756.45 62.8
1537102766.46 63.4
1537102776.48 62.8
1537102786.5 62.8
1537102796.51 62.8
