1537000001.28 49.4
1537000011.3 49.4
1537000021.32 49.4
1537000031.34 49.4
1537000041.36 49.4
1537000051.37 49.4
1537000061.39 49.4
1537000071.41 49.4
1537000081.43 48.3
1537000091.45 48.9
1537000101.47 48.3
1537000111.49 49.4
1537000121.51 49.4
1537000131.52 49.4
1537000141.54 49.9
1537000151.55 49.4
1537000161.57 49.4
1537000171.6 49.4
1537000181.61 49.4
1537000191.63 49.4
1537000201.65 48.9
1537000211.67 48.3
1537000221.7 49.4
1537000231.72 48.9
1537000241.74 48.3
1537000251.76 49.4
1537000261.78 48.9
1537000271.8 49.4
1537000281.82 49.4
1537000291.84 49.4
1537000301.86 49.4
1537000311.88 49.4
1537000321.9 49.4
1537000331.91 49.4
1537000341.93 48.3
1537000351.95 49.4
1537000361.97 49.4
1537000371.99 49.4
1537000382.0 49.9
1537000392.03 49.9
1537000402.05 49.4
1537000412.07 49.4
1537000422.09 49.4
1537000432.11 49.4
1537000442.13 49.4
1537000452.15 49.4
1537000462.16 50.5
1537000472.18 49.4
1537000482.2 49.9
1537000492.22 49.4
1537000502.23 50.5
1537000512.25 50.5
1537000522.26 50.5
1537000532.28 49.4
1537000542.3 49.4
1537000552.32 49.9
1537000562.34 50.5
1537000572.36 50.5
1537000582.37 50.5
1537000592.4 50.5
1537000602.42 49.9
1537000612.44 49.4
1537000622.47 49.4
1537000632.49 49.4
1537000642.51 49.9
1537000652.53 49.4
1537000662.55 49.4
1537000672.57 49.4
1537000682.59 49.4
1537000692.61 49.9
1537000702.63 49.4
1537000712.65 49.4
1537000722.67 49.4
1537000732.69 49.9
1537000742.72 49.4
1537000752.74 49.4
1537000762.76 49.4
1537000772.78 49.4
1537000782.8 49.4
1537000792.81 49.9
1537000802.83 50.5
1537000812.85 49.4
1537000822.86 49.9
1537000832.88 49.4
1537000842.9 49.9
1537000852.92 49.9
1537000862.94 49.4
1537000872.96 50.5
1537000882.98 49.4
1537000893.0 49.4
1537000903.02 49.9
1537000913.03 49.9
1537000923.05 49.4
1537000933.07 49.4
1537000943.09 48.9
1537000953.11 49.4
1537000963.13 48.3
1537000973.15 49.4
1537000983.17 49.4
1537000993.19 48.9
1537001003.21 49.4
1537001013.23 49.4
1537001023.25 49.4
1537001033.27 49.4
1537001043.29 48.9
1537001053.31 49.4
1537001063.32 49.4
1537001073.34 49.4
1537001083.36 49.4
1537001093.38 48.9
1537001103.4 49.4
1537001113.42 48.3
1537001123.43 49.4
1537001133.45 49.4
1537001143.47 49.4
1537001153.49 49.4
1537001163.51 49.4
1537001173.53 49.4
1537001183.55 49.4
1537001193.57 49.4
1537001203.58 49.4
1537001213.6 49.9
1537001223.63 49.4
1537001233.65 49.4
1537001243.66 49.9
1537001253.69 48.9
1537001263.7 49.4
1537001273.72 48.9
1537001283.74 49.4
1537001293.76 48.3
1537001303.78 49.4
1537001313.8 49.4
1537001323.82 48.3
1537001333.84 49.4
1537001343.86 49.9
1537001353.88 49.4
1537001363.9 49.4
1537001373.92 49.4
1537001383.94 48.3
1537001393.95 49.9
1537001403.97 48.9
1537001413.99 48.9
1537001424.01 48.3
1537001434.03 49.4
1537001444.05 48.9
1537001454.07 49.4
1537001464.08 49.4
1537001474.11 49.4
1537001484.13 49.4
1537001494.14 49.4
1537001504.16 49.4
1537001514.18 49.4
1537001524.2 49.4
1537001534.22 49.4
1537001544.24 49.4
1537001554.26 48.9
1537001564.28 49.4
1537001574.31 49.4
1537001584.33 49.4
1537001594.35 49.4
1537001604.37 48.3
1537001614.39 49.4
1537001624.41 49.4
1537001634.43 49.4
1537001644.45 48.3
1537001654.47 49.4
1537001664.48 48.3
1537001674.5 49.4
1537001684.52 49.4
1537001694.54 48.9
1537001704.56 48.9
1537001714.57 49.4
1537001724.59 48.9
1537001734.61 49.4
1537001744.63 48.9
1537001754.65 49.4
1537001764.67 49.4
1537001774.69 49.4
1537001784.71 48.9
1537001794.73 49.4
1537001804.75 48.3
1537001814.77 48.9
1537001824.79 49.4
1537001834.81 49.4
1537001844.83 48.9
1537001854.86 48.3
1537001864.87 49.4
1537001874.9 48.3
1537001884.92 48.3
1537001894.93 49.4
1537001904.95 49.4
1537001914.98 48.3
1537001924.99 49.4
1537001935.02 48.9
1537001945.04 49.4
1537001955.06 48.3
1537001965.08 48.9
1537001975.1 49.4
1537001985.12 48.3
1537001995.14 48.9
1537002005.15 49.4
1537002015.17 49.4
1537002025.19 49.4
1537002035.21 49.9
1537002045.23 49.4
1537002055.24 49.4
1537002065.26 49.9
1537002075.27 49.9
1537002085.29 49.4
1537002095.31 49.4
1537002105.32 49.4
1537002115.34 49.4
1537002125.36 49.9
1537002135.38 50.5
1537002145.4 49.9
1537002155.41 50.5
1537002165.43 49.9
1537002175.45 49.4
1537002185.46 49.9
1537002195.49 49.4
1537002205.51 49.4
1537002215.52 50.5
1537002225.54 50.5
1537002235.56 49.4
1537002245.58 49.4
1537002255.6 49.4
1537002265.62 49.9
1537002275.64 49.9
1537002285.66 49.4
1537002295.68 49.4
1537002305.7 49.4
1537002315.72 49.4
1537002325.74 49.4
1537002335.76 49.9
1537002345.77 49.4
1537002355.79 49.4
1537002365.81 49.4
1537002375.83 49.4
1537002385.85 49.4
1537002395.87 49.4
1537002405.89 49.4
1537002415.91 49.9
1537002425.92 49.4
1537002435.94 49.4
1537002445.97 49.4
1537002455.99 49.4
1537002466.0 49.9
1537002476.03 49.4
1537002486.05 49.4
1537002496.07 49.4
1537002506.09 49.4
1537002516.11 49.4
1537002526.12 49.9
1537002536.14 49.4
1537002546.17 49.4
1537002556.19 49.9
1537002566.21 49.9
1537002576.23 50.5
1537002586.25 49.4
1537002596.27 50.5
1537002606.28 49.9
1537002616.3 49.4
1537002626.32 49.9
1537002636.34 49.9
1537002646.35 50.5
1537002656.38 49.9
1537002666.4 50.5
1537002676.41 50.5
1537002686.43 49.9
1537002696.45 50.5
1537002706.46 50.5
1537002716.48 50.5
1537002726.51 50.5
1537002736.52 51.5
1537002746.55 50.5
1537002756.57 50.5
1537002766.58 50.5
1537002776.6 50.5
1537002786.62 50.5
1537002796.64 50.5
1537002806.65 51.0
1537002816.67 51.5
1537002826.69 50.5
1537002836.71 50.5
1537002846.73 50.5
1537002856.75 51.5
1537002866.77 50.5
1537002876.78 49.9
1537002886.8 49.9
1537002896.82 50.5
1537002906.84 50.5
1537002916.86 49.4
1537002926.88 50.5
1537002936.9 49.9
1537002946.92 50.5
1537002956.94 50.5
1537002966.95 50.5
1537002976.97 50.5
1537002986.99 50.5
1537002997.0 50.5
1537003007.02 50.5
1537003017.05 50.5
1537003027.06 51.5
1537003037.07 51.5
1537003047.09 51.0
1537003057.11 50.5
1537003067.13 50.5
1537003077.15 51.0
1537003087.17 51.5
1537003097.19 51.5
1537003107.21 51.5
1537003117.22 51.5
1537003127.24 50.5
1537003137.26 51.5
1537003147.27 51.5
1537003157.28 51.0
1537003167.3 51.5
1537003177.32 51.5
1537003187.34 50.5
1537003197.36 50.5
1537003207.38 51.5
1537003217.39 51.5
1537003227.42 50.5
1537003237.43 50.5
1537003247.44 51.5
1537003257.46 50.5
1537003267.48 50.5
1537003277.5 50.5
1537003287.52 50.5
1537003297.54 50.5
1537003307.56 51.0
1537003317.58 50.5
1537003327.59 50.5
1537003337.62 50.5
1537003347.63 50.5
1537003357.65 50.5
1537003367.67 50.5
1537003377.69 50.5
1537003387.72 49.9
1537003397.74 50.5
1537003407.75 51.0
1537003417.77 49.9
1537003427.79 51.5
1537003437.81 50.5
1537003447.83 50.5
1537003457.85 51.0
1537003467.87 51.5
1537003477.88 50.5
1537003487.9 51.5
1537003497.92 51.0
1537003507.93 51.0
1537003517.94 51.0
1537003527.97 51.5
1537003537.98 51.5
1537003548.0 51.5
1537003558.02 51.0
1537003568.04 50.5
1537003578.06 50.5
1537003588.1 51.0
1537003598.11 51.5
1537003608.13 51.5
1537003618.15 51.0
1537003628.17 50.5
1537003638.18 50.5
1537003648.19 51.5
1537003658.21 50.5
1537003668.23 50.5
1537003678.24 51.5
1537003688.26 51.0
1537003698.28 50.5
1537003708.3 50.5
1537003718.32 51.0
1537003728.34 50.5
1537003738.36 50.5
1537003748.38 50.5
1537003758.4 50.5
1537003768.42 51.5
1537003778.44 51.0
1537003788.45 51.5
1537003798.47 50.5
1537003808.49 51.5
1537003818.52 51.5
1537003828.54 50.5
1537003838.56 50.5
1537003848.58 51.0
1537003858.6 51.0
1537003868.62 51.5
1537003878.64 51.5
1537003888.65 51.5
1537003898.67 52.1
1537003908.69 51.5
1537003918.7 51.5
1537003928.71 51.5
1537003938.73 50.5
1537003948.75 51.5
1537003958.77 51.0
1537003968.79 50.5
1537003978.81 51.5
1537003988.83 50.5
1537003998.85 51.0
1537004008.87 50.5
1537004018.89 50.5
1537004028.91 51.0
1537004038.93 51.5
1537004048.95 50.5
1537004058.97 50.5
1537004068.99 50.5
1537004079.01 51.0
1537004089.02 50.5
1537004099.05 50.5
1537004109.07 50.5
1537004119.09 50.5
1537004129.12 50.5
1537004139.15 50.5
1537004149.16 51.0
1537004159.18 50.5
1537004169.2 50.5
1537004179.22 51.0
1537004189.24 50.5
1537004199.25 50.5
1537004209.28 50.5
1537004219.3 50.5
1537004229.32 51.5
1537004239.33 51.0
1537004249.35 50.5
1537004259.38 51.5
1537004269.4 50.5
1537004279.42 50.5
1537004289.43 51.0
1537004299.46 52.1
1537004309.48 51.0
1537004319.49 51.5
1537004329.51 51.5
1537004339.52 51.5
1537004349.55 50.5
1537004359.56 51.5
1537004369.58 50.5
1537004379.61 50.5
1537004389.63 50.5
1537004399.65 50.5
1537004409.66 51.5
1537004419.68 50.5
1537004429.71 50.5
1537004439.72 51.0
1537004449.74 49.9
1537004459.76 50.5
1537004469.77 51.0
1537004479.79 50.5
1537004489.81 50.5
1537004499.83 50.5
1537004509.85 50.5
1537004519.87 50.5
1537004529.89 50.5
1537004539.9 51.5
1537004549.92 50.5
1537004559.94 50.5
1537004569.96 51.5
1537004579.98 50.5
1537004590.0 50.5
1537004600.01 50.5
1537004610.03 50.5
1537004620.06 49.9
1537004630.07 50.5
1537004640.1 50.5
1537004650.12 50.5
1537004660.14 49.9
1537004670.16 51.5
1537004680.18 51.5
1537004690.21 51.5
1537004700.22 51.5
1537004710.24 51.5
1537004720.26 50.5
1537004730.27 51.0
1537004740.29 51.5
1537004750.3 51.0
1537004760.33 50.5
1537004770.34 51.0
1537004780.36 51.5
1537004790.38 50.5
1537004800.4 50.5
1537004810.42 50.5
1537004820.44 51.0
1537004830.46 50.5
1537004840.48 50.5
1537004850.5 50.5
1537004860.52 51.5
1537004870.53 51.0
1537004880.55 51.0
1537004890.57 50.5
1537004900.59 50.5
1537004910.61 51.0
1537004920.64 50.5
1537004930.66 50.5
1537004940.67 51.5
1537004950.7 50.5
1537004960.72 50.5
1537004970.75 50.5
1537004980.77 49.9
1537004990.79 50.5
1537005000.81 50.5
1537005010.82 51.0
1537005020.84 50.5
1537005030.86 50.5
1537005040.88 50.5
1537005050.89 51.0
1537005060.91 51.5
1537005070.92 51.5
1537005080.94 50.5
1537005090.96 51.5
1537005100.98 51.0
1537005110.99 50.5
1537005121.01 50.5
1537005131.03 49.9
1537005141.05 51.0
1537005151.07 51.5
1537005161.08 51.0
1537005171.11 50.5
1537005181.13 50.5
1537005191.15 50.5
1537005201.16 50.5
1537005211.18 50.5
1537005221.21 50.5
1537005231.22 51.5
1537005241.24 51.0
1537005251.26 51.5
1537005261.28 50.5
1537005271.3 50.5
1537005281.32 51.0
1537005291.34 50.5
1537005301.36 50.5
1537005311.38 50.5
1537005321.4 50.5
1537005331.42 51.0
1537005341.44 50.5
1537005351.46 50.5
1537005361.48 50.5
1537005371.5 51.5
1537005381.51 51.5
1537005391.53 50.5
1537005401.55 50.5
1537005411.56 50.5
1537005421.58 51.0
1537005431.6 50.5
1537005441.62 50.5
1537005451.65 51.5
1537005461.66 51.0
1537005471.68 50.5
1537005481.7 50.5
1537005491.72 51.0
1537005501.75 50.5
1537005511.76 50.5
1537005521.78 50.5
1537005531.8 49.9
1537005541.82 49.9
1537005551.84 49.9
1537005561.86 50.5
1537005571.88 49.9
1537005581.9 49.9
1537005591.92 50.5
1537005601.94 50.5
1537005611.96 50.5
1537005621.98 50.5
1537005632.0 50.5
1537005642.02 49.9
1537005652.04 49.9
1537005662.06 50.5
1537005672.08 51.0
1537005682.1 51.0
1537005692.12 50.5
1537005702.13 49.9
1537005712.15 50.5
1537005722.17 49.4
1537005732.19 50.5
1537005742.21 50.5
1537005752.23 51.0
1537005762.24 51.0
1537005772.26 50.5
1537005782.28 50.5
1537005792.3 51.0
1537005802.31 51.5
1537005812.33 51.5
1537005822.35 51.5
1537005832.36 50.5
1537005842.38 50.5
1537005852.4 51.5
1537005862.42 51.5
1537005872.44 50.5
1537005882.46 50.5
1537005892.48 51.5
1537005902.5 49.9
1537005912.52 51.5
1537005922.54 50.5
1537005932.55 51.0
1537005942.57 50.5
1537005952.58 51.5
1537005962.6 51.5
1537005972.62 51.0
1537005982.64 50.5
1537005992.66 51.5
1537006002.67 52.1
1537006012.69 51.5
1537006022.7 50.5
1537006032.73 50.5
1537006042.74 51.0
1537006052.76 51.5
1537006062.78 51.5
1537006072.8 51.5
1537006082.82 51.5
1537006092.83 51.5
1537006102.85 51.5
1537006112.87 51.5
1537006122.88 51.5
1537006132.9 51.5
1537006142.92 52.1
1537006152.94 51.5
1537006162.96 51.0
1537006172.97 51.5
1537006182.98 51.5
1537006193.0 52.1
1537006203.02 51.5
1537006213.03 51.5
1537006223.05 51.5
1537006233.07 51.5
1537006243.08 51.5
1537006253.1 51.5
1537006263.12 51.5
1537006273.14 51.5
1537006283.16 51.0
1537006293.17 52.1
1537006303.19 52.1
1537006313.2 51.5
1537006323.22 51.5
1537006333.24 52.1
1537006343.25 51.5
1537006353.27 50.5
1537006363.28 52.1
1537006373.3 52.1
1537006383.32 52.1
1537006393.34 51.5
1537006403.35 52.1
1537006413.37 51.5
1537006423.38 52.1
1537006433.4 51.5
1537006443.42 51.5
1537006453.44 52.1
1537006463.46 52.1
1537006473.48 52.1
1537006483.49 52.1
1537006493.51 52.1
1537006503.53 52.1
1537006513.55 52.1
1537006523.57 52.1
1537006533.58 52.1
1537006543.6 51.5
1537006553.62 51.5
1537006563.65 51.5
1537006573.66 52.6
1537006583.68 51.5
1537006593.7 51.5
1537006603.73 51.5
1537006613.74 52.1
1537006623.76 52.6
1537006633.78 51.5
1537006643.8 51.5
1537006653.81 51.5
1537006663.83 52.6
1537006673.85 51.5
1537006683.86 52.1
1537006693.88 51.5
1537006703.9 52.1
1537006713.92 51.5
1537006723.94 52.1
1537006733.95 51.5
1537006743.97 52.1
1537006753.98 52.6
1537006764.01 52.1
1537006774.02 51.5
1537006784.04 52.1
1537006794.06 52.6
1537006804.08 52.1
1537006814.1 52.1
1537006824.11 52.6
1537006834.13 52.6
1537006844.14 52.6
1537006854.16 52.1
1537006864.18 51.5
1537006874.2 51.5
1537006884.21 51.5
1537006894.23 51.5
1537006904.25 51.5
1537006914.26 52.1
1537006924.28 52.6
1537006934.29 52.1
1537006944.3 52.1
1537006954.32 52.6
1537006964.33 52.1
1537006974.35 52.1
1537006984.37 51.5
1537006994.39 51.5
1537007004.4 51.5
1537007014.42 52.1
1537007024.44 52.1
1537007034.45 52.1
1537007044.47 52.1
1537007054.49 51.5
1537007064.51 52.1
1537007074.52 51.5
1537007084.54 51.0
1537007094.56 50.5
1537007104.58 52.1
1537007114.6 52.1
1537007124.62 52.6
1537007134.64 52.1
1537007144.66 52.1
1537007154.68 52.1
1537007164.69 52.6
1537007174.71 52.6
1537007184.73 52.1
1537007194.76 52.1
1537007204.77 51.5
1537007214.85 52.6
1537007224.88 51.5
1537007234.9 51.5
1537007244.91 52.6
1537007254.92 52.6
1537007264.94 52.1
1537007274.96 52.6
1537007284.98 52.6
1537007294.99 52.6
1537007305.01 52.6
1537007315.02 52.6
1537007325.03 52.6
1537007335.04 52.6
1537007345.06 52.6
1537007355.07 52.6
1537007365.09 52.6
1537007375.1 52.1
1537007385.12 52.6
1537007395.13 52.1
1537007405.15 53.2
1537007415.16 52.6
1537007425.18 52.6
1537007435.2 52.6
1537007445.22 52.1
1537007455.23 52.6
1537007465.25 51.5
1537007475.26 52.1
1537007485.28 52.6
1537007495.29 52.6
1537007505.31 52.6
1537007515.33 51.5
1537007525.35 52.6
1537007535.36 52.6
1537007545.37 52.6
1537007555.38 52.1
1537007565.4 52.6
1537007575.41 52.1
1537007585.43 52.6
1537007595.44 52.6
1537007605.45 52.6
1537007615.48 52.6
1537007625.49 53.2
1537007635.51 52.1
1537007645.52 52.6
1537007655.54 52.6
1537007665.56 53.2
1537007675.58 53.2
1537007685.59 52.1
1537007695.6 52.6
1537007705.62 52.1
1537007715.64 52.6
1537007725.65 53.7
1537007735.67 52.6
1537007745.69 53.2
1537007755.7 52.1
1537007765.72 52.6
1537007775.74 52.6
1537007785.76 52.1
1537007795.78 52.1
1537007805.8 52.1
1537007815.81 52.6
1537007825.83 52.6
1537007835.85 52.6
1537007845.87 52.1
1537007855.89 52.6
1537007865.91 52.6
1537007875.93 52.6
1537007885.95 52.1
1537007895.97 52.6
1537007905.99 52.6
1537007916.01 52.1
1537007926.03 52.6
1537007936.05 52.1
1537007946.07 52.1
1537007956.09 52.1
1537007966.11 52.6
1537007976.12 52.6
1537007986.14 52.1
1537007996.17 52.1
1537008006.19 51.5
1537008016.21 51.5
1537008026.22 52.1
1537008036.24 51.5
1537008046.26 52.6
1537008056.28 52.1
1537008066.3 52.1
1537008076.32 52.1
1537008086.33 51.5
1537008096.35 52.6
1537008106.37 51.5
1537008116.38 52.1
1537008126.4 51.0
1537008136.42 52.1
1537008146.44 51.5
1537008156.46 51.5
1537008166.48 52.1
1537008176.5 51.5
1537008186.52 52.1
1537008196.53 52.1
1537008206.56 52.1
1537008216.58 51.5
1537008226.59 51.5
1537008236.6 50.5
1537008246.62 51.5
1537008256.65 51.0
1537008266.66 50.5
1537008276.68 50.5
1537008286.7 50.5
1537008296.73 50.5
1537008306.75 50.5
1537008316.76 51.0
1537008326.78 51.0
1537008336.8 50.5
1537008346.82 51.0
1537008356.83 51.5
1537008366.85 50.5
1537008376.87 50.5
1537008386.88 51.5
1537008396.91 50.5
1537008406.93 50.5
1537008416.95 50.5
1537008426.97 51.0
1537008436.99 51.0
1537008447.0 51.5
1537008457.02 50.5
1537008467.04 51.5
1537008477.06 50.5
1537008487.08 51.5
1537008497.1 51.0
1537008507.12 49.9
1537008517.13 51.0
1537008527.15 51.5
1537008537.17 50.5
1537008547.19 50.5
1537008557.2 51.0
1537008567.22 50.5
1537008577.23 51.5
1537008587.25 50.5
1537008597.27 51.5
1537008607.28 51.0
1537008617.3 51.5
1537008627.32 51.0
1537008637.34 51.5
1537008647.35 51.5
1537008657.37 50.5
1537008667.39 51.5
1537008677.4 51.5
1537008687.42 51.5
1537008697.44 52.1
1537008707.45 51.5
1537008717.47 52.1
1537008727.49 51.5
1537008737.51 51.5
1537008747.53 51.5
1537008757.55 51.5
1537008767.57 51.5
1537008777.59 51.5
1537008787.6 51.5
1537008797.62 51.5
1537008807.64 52.1
1537008817.66 51.5
1537008827.68 51.5
1537008837.7 51.5
1537008847.71 52.1
1537008857.73 52.6
1537008867.74 52.6
1537008877.76 52.6
1537008887.78 52.1
1537008897.8 51.5
1537008907.81 52.1
1537008917.83 51.5
1537008927.85 51.5
1537008937.87 52.6
1537008947.9 51.5
1537008957.91 52.1
1537008967.92 52.1
1537008977.93 51.5
1537008987.95 51.5
1537008997.97 52.1
1537009007.99 50.5
1537009018.01 51.5
1537009028.02 51.5
1537009038.04 51.5
1537009048.06 52.1
1537009058.07 51.5
1537009068.1 51.5
1537009078.11 52.1
1537009088.13 52.6
1537009098.15 51.5
1537009108.16 51.5
1537009118.18 52.1
1537009128.2 53.2
1537009138.22 52.6
1537009148.24 51.5
1537009158.25 52.6
1537009168.27 52.1
1537009178.29 52.1
1537009188.3 52.1
1537009198.32 52.1
1537009208.34 52.1
1537009218.36 51.5
1537009228.38 52.6
1537009238.4 52.1
1537009248.42 52.6
1537009258.44 52.1
1537009268.46 51.5
1537009278.48 51.5
1537009288.5 51.5
1537009298.52 52.1
1537009308.54 51.5
1537009318.55 52.1
1537009328.57 51.0
1537009338.58 51.5
1537009348.6 51.5
1537009358.62 52.1
1537009368.63 52.6
1537009378.65 51.5
1537009388.68 51.5
1537009398.69 51.5
1537009408.7 51.5
1537009418.72 51.5
1537009428.74 52.1
1537009438.76 52.1
1537009448.78 51.5
1537009458.8 51.0
1537009468.82 51.0
1537009478.83 50.5
1537009488.86 50.5
1537009498.87 51.0
1537009508.89 51.5
1537009518.91 51.5
1537009528.92 51.5
1537009538.95 51.0
1537009548.96 51.5
1537009558.98 51.5
1537009569.0 51.5
1537009579.01 51.5
1537009589.03 52.1
1537009599.06 50.5
1537009609.07 52.1
1537009619.09 52.1
1537009629.11 51.5
1537009639.13 51.5
1537009649.16 50.5
1537009659.18 51.5
1537009669.19 51.5
1537009679.21 52.1
1537009689.23 51.0
1537009699.25 50.5
1537009709.27 52.1
1537009719.29 51.5
1537009729.31 51.5
1537009739.33 51.0
1537009749.35 51.5
1537009759.37 52.6
1537009769.39 51.5
1537009779.4 51.5
1537009789.42 52.1
1537009799.44 52.6
1537009809.46 51.5
1537009819.48 51.0
1537009829.49 51.0
1537009839.51 51.0
1537009849.53 51.5
1537009859.56 50.5
1537009869.57 51.5
1537009879.59 51.0
1537009889.61 51.5
1537009899.63 51.0
1537009909.64 51.5
1537009919.67 50.5
1537009929.69 51.5
1537009939.7 51.5
1537009949.72 52.1
1537009959.74 51.5
1537009969.76 50.5
1537009979.77 52.1
1537009989.79 51.5
1537009999.81 51.5
1537010009.82 52.6
1537010019.84 51.5
1537010029.85 52.6
1537010039.87 51.5
1537010049.89 52.6
1537010059.91 51.5
1537010069.92 52.1
1537010079.94 52.1
1537010089.96 52.1
1537010099.97 52.1
1537010109.99 52.6
1537010120.01 51.5
1537010130.03 51.5
1537010140.05 52.1
1537010150.07 52.1
1537010160.09 51.5
1537010170.11 52.1
1537010180.13 51.5
1537010190.15 51.5
1537010200.16 51.5
1537010210.18 51.5
1537010220.2 51.0
1537010230.22 51.5
1537010240.24 51.5
1537010250.26 50.5
1537010260.28 51.5
1537010270.3 51.5
1537010280.32 50.5
1537010290.34 52.1
1537010300.36 51.5
1537010310.37 51.5
1537010320.39 51.5
1537010330.41 52.1
1537010340.42 51.5
1537010350.44 52.1
1537010360.45 51.5
1537010370.47 51.5
1537010380.49 51.5
1537010390.51 52.6
1537010400.52 51.5
1537010410.54 52.6
1537010420.56 51.5
1537010430.58 51.5
1537010440.6 51.5
1537010450.63 51.5
1537010460.65 51.0
1537010470.67 51.5
1537010480.68 52.1
1537010490.7 52.6
1537010500.72 52.1
1537010510.74 52.1
1537010520.76 52.6
1537010530.78 52.1
1537010540.8 52.1
1537010550.82 52.1
1537010560.84 51.5
1537010570.86 52.1
1537010580.87 52.1
1537010590.89 52.6
1537010600.9 52.6
1537010610.92 52.6
1537010620.94 52.6
1537010630.95 52.1
1537010640.96 52.6
1537010650.98 52.6
1537010661.0 51.5
1537010671.01 52.1
1537010681.03 52.1
1537010691.04 52.6
1537010701.06 52.6
1537010711.07 52.6
1537010721.09 52.6
1537010731.11 53.7
1537010741.12 53.7
1537010751.14 53.7
1537010761.16 53.7
1537010771.18 53.7
1537010781.19 53.7
1537010791.21 53.7
1537010801.22 53.7
1537010811.24 53.7
1537010821.26 53.2
1537010831.27 52.6
1537010841.29 52.6
1537010851.31 52.6
1537010861.33 52.6
1537010871.34 52.1
1537010881.37 52.1
1537010891.4 52.6
1537010901.42 51.5
1537010911.43 53.2
1537010921.45 52.6
1537010931.46 52.6
1537010941.47 52.1
1537010951.49 52.6
1537010961.51 53.2
1537010971.52 53.7
1537010981.54 52.6
1537010991.55 52.6
1537011001.57 52.1
1537011011.58 52.6
1537011021.6 52.6
1537011031.62 52.1
1537011041.64 51.5
1537011051.66 52.1
1537011061.68 52.6
1537011071.7 51.5
1537011081.72 52.6
1537011091.74 52.6
1537011101.76 52.6
1537011111.78 52.6
1537011121.79 53.2
1537011131.81 53.2
1537011141.83 52.6
1537011151.85 52.6
1537011161.86 53.2
1537011171.88 52.6
1537011181.89 52.6
1537011191.91 53.2
1537011201.93 52.6
1537011211.94 53.7
1537011221.96 53.7
1537011231.99 52.6
1537011242.0 53.7
1537011252.02 53.2
1537011262.04 53.2
1537011272.05 53.2
1537011282.07 52.6
1537011292.1 53.7
1537011302.11 53.7
1537011312.13 53.2
1537011322.15 52.6
1537011332.17 53.7
1537011342.19 53.7
1537011352.21 53.7
1537011362.22 53.2
1537011372.23 53.7
1537011382.25 53.7
1537011392.27 53.7
1537011402.28 53.7
1537011412.3 53.7
1537011422.32 52.6
1537011432.33 53.2
1537011442.35 53.7
1537011452.37 53.2
1537011462.38 53.7
1537011472.4 53.2
1537011482.42 53.7
1537011492.44 53.7
1537011502.46 53.2
1537011512.48 53.7
1537011522.5 52.6
1537011532.51 53.7
1537011542.53 53.7
1537011552.54 53.2
1537011562.56 53.7
1537011572.57 52.6
1537011582.59 53.2
1537011592.61 53.7
1537011602.62 53.7
1537011612.64 53.2
1537011622.66 53.2
1537011632.68 53.2
1537011642.7 53.2
1537011652.72 53.2
1537011662.74 52.6
1537011672.75 52.6
1537011682.77 53.2
1537011692.78 52.6
1537011702.8 52.6
1537011712.82 52.6
1537011722.85 52.6
1537011732.86 53.7
1537011742.88 53.2
1537011752.9 52.6
1537011762.92 52.6
1537011772.93 53.2
1537011782.95 52.1
1537011792.97 52.6
1537011802.99 53.7
1537011813.01 52.6
1537011823.03 53.2
1537011833.05 52.6
1537011843.07 52.6
1537011853.09 51.5
1537011863.11 52.6
1537011873.13 52.1
1537011883.14 52.1
1537011893.16 52.1
1537011903.18 51.5
1537011913.21 51.5
1537011923.22 52.6
1537011933.24 52.6
1537011943.25 52.6
1537011953.27 53.7
1537011963.28 53.2
1537011973.3 53.2
1537011983.32 51.5
1537011993.33 52.1
1537012003.35 52.6
1537012013.37 52.1
1537012023.39 52.1
1537012033.41 52.6
1537012043.43 51.5
1537012053.56 52.1
1537012063.58 51.5
1537012073.6 51.5
1537012083.61 52.1
1537012093.63 52.1
1537012103.65 52.1
1537012113.68 52.1
1537012123.69 52.1
1537012133.71 52.1
1537012143.73 52.1
1537012153.74 52.6
1537012163.77 51.5
1537012173.78 52.6
1537012183.8 52.1
1537012193.82 52.1
1537012203.84 52.1
1537012213.87 52.6
1537012223.89 52.1
1537012233.9 52.6
1537012243.92 52.1
1537012253.94 52.1
1537012263.96 52.1
1537012273.98 52.6
1537012284.0 51.5
1537012294.02 51.5
1537012304.04 51.5
1537012314.06 52.1
1537012324.07 51.5
1537012334.09 51.5
1537012344.12 52.1
1537012354.13 52.6
1537012364.15 52.6
1537012374.17 51.5
1537012384.19 52.1
1537012394.21 51.5
1537012404.22 52.1
1537012414.25 52.6
1537012424.27 52.1
1537012434.29 52.1
1537012444.31 52.1
1537012454.32 52.6
1537012464.34 52.1
1537012474.36 52.1
1537012484.39 52.6
1537012494.41 52.6
1537012504.43 52.6
1537012514.44 52.6
1537012524.46 52.6
1537012534.48 52.6
1537012544.5 52.6
1537012554.51 53.2
1537012564.53 52.6
1537012574.55 52.6
1537012584.57 52.6
1537012594.6 52.6
1537012604.62 52.1
1537012614.64 52.6
1537012624.66 52.6
1537012634.68 53.7
1537012644.7 53.7
1537012654.72 53.2
1537012664.74 53.7
1537012674.75 53.7
1537012684.77 52.6
1537012694.8 52.1
1537012704.82 52.6
1537012714.84 53.7
1537012724.86 53.2
1537012734.87 53.7
1537012744.89 53.7
1537012754.91 53.7
1537012764.93 52.6
1537012774.95 53.7
1537012784.97 53.2
1537012794.99 53.2
