1538000006.49 64.5
1538000016.51 64.5
1538000026.53 64.5
1538000036.54 63.4
1538000046.55 63.4
1538000056.57 63.4
1538000066.58 63.9
1538000076.6 63.4
1538000086.61 63.9
1538000096.62 63.9
1538000106.64 63.9
1538000116.65 63.4
1538000126.67 63.9
1538000136.68 63.4
1538000146.7 63.4
1538000156.71 63.9
1538000166.73 63.9
1538000176.75 63.9
1538000186.78 62.8
1538000196.8 63.4
1538000206.81 64.5
1538000216.84 64.5
1538000226.86 63.4
1538000236.88 63.9
1538000246.89 63.9
1538000256.91 64.5
1538000266.93 64.5
1538000276.95 64.5
1538000286.97 64.5
1538000296.99 64.5
1538000307.01 64.5
1538000317.03 64.5
1538000327.05 64.5
1538000337.07 64.5
1538000347.08 64.5
1538000357.1 63.9
1538000367.12 63.4
1538000377.14 63.4
1538000387.16 63.4
1538000397.18 63.4
1538000407.2 63.4
1538000417.22 63.9
1538000427.23 63.4
1538000437.25 63.4
1538000447.27 63.4
1538000457.29 63.4
1538000467.31 62.8
1538000477.33 63.4
1538000487.35 63.4
1538000497.36 63.4
1538000507.38 63.4
1538000517.4 63.4
1538000527.41 62.8
1538000537.43 63.4
1538000547.44 63.4
1538000557.46 63.9
1538000567.48 63.4
1538000577.49 63.4
1538000587.5 63.4
1538000597.52 62.8
1538000607.53 63.4
1538000617.54 63.4
1538000627.55 62.8
1538000637.57 63.4
1538000647.59 62.8
1538000657.61 63.4
1538000667.62 62.3
1538000677.63 63.4
1538000687.64 62.8
1538000697.66 63.4
1538000707.67 63.4
1538000717.69 62.8
1538000727.71 63.4
1538000737.72 63.4
1538000747.74 63.4
1538000757.76 62.8
1538000767.77 62.8
1538000777.79 62.8
1538000787.81 62.3
1538000797.83 63.4
1538000807.85 63.4
1538000817.87 62.8
1538000827.88 63.4
1538000837.9 62.8
1538000847.92 62.3
1538000857.94 63.4
1538000867.96 63.4
1538000877.97 62.8
1538000887.99 62.3
1538000898.01 62.3
1538000908.02 62.8
1538000918.03 63.4
1538000928.05 62.8
1538000938.07 62.8
1538000948.08 62.8
1538000958.1 62.8
1538000968.12 63.4
1538000978.14 63.4
1538000988.16 63.4
1538000998.17 62.8
1538001008.19 62.3
1538001018.21 63.4
1538001028.23 62.3
1538001038.24 62.3
1538001048.26 62.8
1538001058.27 62.8
1538001068.29 62.8
1538001078.3 63.4
1538001088.32 62.3
1538001098.33 62.3
1538001108.35 62.8
1538001118.37 62.3
1538001128.39 62.3
1538001138.41 62.8
1538001148.42 62.8
1538001158.44 62.3
1538001168.46 63.4
1538001178.47 62.8
1538001188.48 63.4
1538001198.5 63.4
1538001208.52 62.3
1538001218.53 62.8
1538001228.55 62.8
1538001238.57 62.3
1538001248.59 62.3
1538001258.6 62.8
1538001268.62 62.3
1538001278.63 62.3
1538001288.66 62.3
1538001298.67 62.3
1538001308.68 62.3
1538001318.7 62.3
1538001328.72 62.8
1538001338.73 62.8
1538001348.75 62.8
1538001358.77 62.3
1538001368.79 62.3
1538001378.8 62.3
1538001388.82 63.4
1538001398.84 63.4
1538001408.85 62.3
1538001418.87 62.3
1538001428.88 62.3
1538001438.9 62.3
1538001448.92 62.3
1538001458.93 62.3
1538001468.95 62.3
1538001478.97 61.8
1538001488.98 61.2
1538001499.01 61.2
1538001509.02 62.3
1538001519.04 61.2
1538001529.06 62.3
1538001539.08 61.8
1538001549.1 61.8
1538001559.11 61.8
1538001569.14 61.2
1538001579.15 61.2
1538001589.17 61.2
1538001599.18 60.7
1538001609.21 60.7
1538001619.23 60.7
1538001629.24 60.7
1538001639.25 61.2
1538001649.27 60.7
1538001659.28 61.2
1538001669.3 60.7
1538001679.32 60.7
1538001689.35 61.2
1538001699.37 60.7
1538001709.38 61.2
1538001719.4 60.1
1538001729.42 60.7
1538001739.43 61.2
1538001749.45 61.2
1538001759.47 60.7
1538001769.49 60.7
1538001779.51 61.8
1538001789.53 61.2
1538001799.55 60.1
1538001809.57 61.8
1538001819.59 61.2
1538001829.6 60.7
1538001839.61 60.1
1538001849.63 60.7
1538001859.65 61.2
1538001869.66 61.2
1538001879.67 60.7
1538001889.69 61.2
1538001899.7 60.7
1538001909.72 61.2
1538001919.73 60.7
1538001929.76 60.7
1538001939.77 60.7
1538001949.79 60.7
1538001959.8 60.7
1538001969.83 60.1
1538001979.84 60.7
1538001989.86 61.2
1538001999.88 60.1
1538002009.9 61.2
1538002019.91 61.2
1538002029.93 60.1
1538002039.95 60.7
1538002049.96 61.2
1538002059.98 61.2
1538002070.01 60.7
1538002080.02 60.7
1538002090.04 60.7
1538002100.06 61.2
1538002110.07 61.2
1538002120.09 60.7
1538002130.1 61.2
1538002140.12 61.2
1538002150.13 60.7
1538002160.14 60.1
1538002170.16 60.7
1538002180.17 61.8
1538002190.19 61.2
1538002200.21 60.7
1538002210.22 60.7
1538002220.24 61.2
1538002230.25 61.8
1538002240.27 61.2
1538002250.28 62.3
1538002260.3 62.3
1538002270.32 61.2
1538002280.34 62.3
1538002290.35 62.3
1538002300.36 61.8
1538002310.38 62.3
1538002320.46 62.3
1538002330.48 61.8
1538002340.5 62.3
1538002350.53 61.2
1538002360.55 61.2
1538002370.56 61.2
1538002380.59 61.8
1538002390.6 61.2
1538002400.62 61.2
1538002410.64 61.2
1538002420.66 61.8
1538002430.68 61.2
1538002440.7 61.8
1538002450.72 61.2
1538002460.73 61.2
1538002470.75 62.3
1538002480.77 61.8
1538002490.79 61.8
1538002500.81 62.3
1538002510.83 61.8
1538002520.85 61.8
1538002530.87 62.3
1538002540.89 62.3
1538002550.91 61.8
1538002560.93 61.8
1538002570.95 62.3
1538002580.97 61.8
1538002590.99 61.2
1538002601.02 61.8
1538002611.05 60.7
1538002621.07 61.2
1538002631.09 61.2
1538002641.11 61.2
1538002651.13 61.8
1538002661.14 61.2
1538002671.16 62.3
1538002681.19 61.8
1538002691.21 61.2
1538002701.23 62.3
1538002711.25 62.3
1538002721.27 62.3
1538002731.29 61.8
1538002741.31 62.3
1538002751.33 61.8
1538002761.35 62.3
1538002771.37 62.3
1538002781.4 61.8
1538002791.42 62.3
1538002801.43 61.2
