1538100001.31 52.1
1538100011.34 53.2
1538100021.35 52.6
1538100031.36 52.1
1538100041.37 52.6
1538100051.39 51.5
1538100061.4 52.1
1538100071.42 52.1
1538100081.45 52.1
1538100091.46 53.2
1538100101.49 52.1
1538100111.51 51.5
1538100121.63 51.5
1538100131.65 51.5
1538100141.68 52.1
1538100151.69 52.1
1538100161.71 52.1
1538100171.74 51.5
1538100181.76 51.5
1538100191.78 52.1
1538100201.8 51.5
1538100211.82 52.1
1538100221.84 51.5
1538100231.85 52.1
1538100241.88 52.1
1538100251.9 51.5
1538100261.91 52.1
1538100271.93 51.5
1538100281.96 52.1
1538100291.98 52.6
1538100301.99 52.1
1538100312.01 52.1
1538100322.03 52.1
1538100332.05 52.6
1538100342.06 51.5
1538100352.09 52.6
1538100362.11 51.5
1538100372.13 52.6
1538100382.15 52.6
1538100392.16 52.6
1538100402.19 52.1
1538100412.2 52.6
1538100422.22 52.1
1538100432.24 52.6
1538100442.27 52.6
1538100452.29 52.6
1538100462.3 52.6
1538100472.31 52.6
1538100482.34 52.1
1538100492.35 52.6
1538100502.37 53.2
1538100512.39 52.1
1538100522.4 52.6
1538100532.42 52.1
1538100542.44 52.6
1538100552.46 52.6
1538100562.48 52.6
1538100572.5 52.6
1538100582.52 52.6
1538100592.54 53.7
1538100602.55 52.6
1538100612.57 52.6
1538100622.59 53.2
1538100632.61 52.6
1538100642.61 53.2
1538100652.63 53.2
1538100662.64 53.2
1538100672.67 53.2
1538100682.67 53.7
1538100692.7 52.6
1538100702.7 53.7
1538100712.73 53.7
1538100722.74 53.7
1538100732.77 53.7
1538100742.78 53.7
1538100752.8 53.2
1538100762.82 53.7
1538100772.84 53.2
1538100782.85 53.7
1538100792.87 53.7
1538100802.9 53.2
1538100812.91 53.7
1538100822.92 52.6
1538100832.94 53.7
1538100842.95 53.7
1538100852.98 53.7
1538100863.0 53.2
1538100873.01 52.6
1538100883.03 53.7
1538100893.06 52.1
1538100903.07 52.6
1538100913.09 53.2
1538100923.11 53.2
1538100933.13 52.1
1538100943.16 53.2
1538100953.16 53.2
1538100963.18 53.2
1538100973.2 53.2
1538100983.22 53.2
1538100993.24 53.7
1538101003.25 52.6
1538101013.28 53.2
1538101023.29 52.6
1538101033.31 53.2
1538101043.33 52.6
1538101053.35 52.1
1538101063.37 52.1
1538101073.39 52.6
1538101083.41 52.1
1538101093.43 52.6
1538101103.46 52.1
1538101113.48 52.6
1538101123.49 51.5
1538101133.51 51.5
1538101143.53 52.1
1538101153.55 52.1
1538101163.57 51.5
1538101173.59 51.5
1538101183.63 50.5
1538101193.65 50.5
1538101203.67 51.5
1538101213.69 51.5
1538101223.7 51.5
1538101233.72 52.1
1538101243.74 51.5
1538101253.75 51.5
1538101263.77 51.5
1538101273.8 51.5
1538101283.82 51.5
1538101293.84 51.0
1538101303.86 50.5
1538101313.89 49.9
1538101323.91 51.5
1538101333.92 51.5
1538101343.95 51.0
1538101353.97 51.5
1538101363.99 51.5
1538101374.01 51.5
1538101384.04 51.5
1538101394.05 51.5
1538101404.07 51.5
1538101414.1 52.1
1538101424.11 52.1
1538101434.13 52.1
1538101444.15 51.5
1538101454.18 51.5
1538101464.2 51.5
1538101474.22 51.5
1538101484.24 52.1
1538101494.26 52.6
1538101504.28 52.1
1538101514.3 52.6
1538101524.32 52.6
1538101534.35 52.1
1538101544.37 52.1
1538101554.39 52.6
1538101564.41 52.1
1538101574.42 52.6
1538101584.44 52.1
1538101594.46 52.1
1538101604.47 52.6
1538101614.49 52.6
1538101624.51 52.1
1538101634.53 52.6
1538101644.55 52.1
1538101654.57 53.2
1538101664.59 52.6
1538101674.61 52.6
1538101684.63 53.2
1538101694.65 52.6
1538101704.66 52.6
1538101714.68 52.1
1538101724.69 53.7
1538101734.72 53.2
1538101744.73 53.2
1538101754.75 53.2
1538101764.77 53.2
1538101774.78 52.6
1538101784.8 53.2
1538101794.82 53.2
1538101804.83 53.7
1538101814.85 53.7
1538101824.87 53.7
1538101834.89 53.2
1538101844.91 53.2
1538101854.92 53.7
1538101864.94 52.6
1538101874.97 53.2
1538101884.98 53.2
1538101895.0 53.7
1538101905.02 53.7
1538101915.04 53.2
1538101925.05 53.7
1538101935.07 53.2
1538101945.09 53.7
1538101955.11 52.6
1538101965.13 53.7
1538101975.16 53.2
1538101985.18 52.1
1538101995.2 52.6
1538102005.21 52.6
1538102015.23 52.6
1538102025.25 52.1
1538102035.27 52.6
1538102045.29 52.6
1538102055.3 52.6
1538102065.31 53.2
1538102075.33 52.6
1538102085.35 53.2
1538102095.35 53.2
1538102105.36 52.6
1538102115.38 53.2
1538102125.4 52.6
1538102135.42 52.6
1538102145.43 53.7
1538102155.45 53.2
1538102165.47 53.7
1538102175.49 53.7
1538102185.51 52.6
1538102195.53 53.7
1538102205.55 53.7
1538102215.58 52.6
1538102225.59 53.2
1538102235.62 53.2
1538102245.62 54.2
1538102255.65 53.2
1538102265.66 53.7
1538102275.68 53.2
1538102285.7 53.7
1538102295.72 53.2
1538102305.74 53.7
1538102315.76 53.7
1538102325.77 52.6
1538102335.79 52.6
1538102345.81 52.6
1538102355.83 53.7
1538102365.84 53.7
1538102375.86 53.2
1538102385.89 52.6
1538102395.9 52.6
1538102405.92 53.7
1538102415.94 53.2
1538102425.96 52.6
1538102435.98 52.6
1538102446.0 53.2
1538102456.03 52.6
1538102466.04 53.7
1538102476.06 52.1
1538102486.09 51.5
1538102496.11 52.1
1538102506.13 52.6
1538102516.15 52.6
1538102526.17 53.2
1538102536.19 53.2
1538102546.21 52.6
1538102556.22 52.6
1538102566.25 52.1
1538102576.27 52.6
1538102586.29 52.6
1538102596.31 52.6
1538102606.33 52.6
1538102616.34 53.2
1538102626.37 52.1
1538102636.39 52.6
1538102646.41 52.6
1538102656.43 52.1
1538102666.45 52.6
1538102676.47 52.6
1538102686.49 52.6
1538102696.51 52.1
1538102706.53 52.1
1538102716.55 52.1
1538102726.57 52.6
1538102736.59 52.6
1538102746.6 53.2
1538102756.62 52.1
1538102766.64 53.2
1538102776.66 52.6
1538102786.68 52.1
1538102796.7 52.6
1538102806.72 53.2
1538102816.74 52.6
1538102826.76 52.6
1538102836.79 52.6
1538102846.81 52.1
1538102856.83 52.1
1538102866.84 52.6
1538102876.86 52.6
1538102886.88 53.2
1538102896.9 53.2
1538102906.92 52.6
1538102916.93 52.6
1538102926.96 52.6
1538102936.98 52.6
1538102947.0 51.5
1538102957.02 51.5
1538102967.05 52.1
1538102977.07 51.5
1538102987.08 52.1
1538102997.11 51.5
1538103007.13 52.1
1538103017.15 50.5
1538103027.17 52.1
1538103037.19 51.0
1538103047.21 50.5
1538103057.23 52.1
1538103067.26 50.5
1538103077.28 51.5
1538103087.3 52.1
1538103097.32 51.5
1538103107.34 52.1
1538103117.36 51.0
1538103127.38 50.5
1538103137.4 52.1
1538103147.42 51.5
1538103157.44 51.0
1538103167.46 50.5
1538103177.48 51.0
1538103187.5 51.5
1538103197.53 51.5
1538103207.55 51.0
1538103217.57 51.5
1538103227.58 51.0
1538103237.59 51.0
1538103247.61 51.0
1538103257.63 51.0
1538103267.66 51.5
1538103277.68 51.5
1538103287.7 50.5
1538103297.72 50.5
1538103307.74 51.5
1538103317.77 51.0
1538103327.8 51.5
1538103337.82 51.5
1538103347.85 51.0
1538103357.87 51.0
1538103367.89 50.5
1538103377.91 50.5
1538103387.93 50.5
1538103397.96 50.5
1538103407.98 51.5
1538103418.0 51.0
1538103428.02 51.0
1538103438.04 50.5
1538103448.06 51.0
1538103458.09 50.5
1538103468.11 49.9
1538103478.13 50.5
1538103488.16 50.5
1538103498.18 50.5
1538103508.2 49.9
1538103518.22 51.5
1538103528.24 50.5
1538103538.26 50.5
1538103548.29 50.5
1538103558.31 51.0
1538103568.33 51.0
1538103578.35 50.5
1538103588.38 49.9
1538103598.4 51.0
