1538200000.14 44.0
1538200010.15 43.5
1538200020.17 43.5
1538200030.19 44.0
1538200040.22 44.0
1538200050.23 43.5
1538200060.25 44.0
1538200070.27 44.0
1538200080.3 44.0
1538200090.32 44.0
1538200100.34 43.5
1538200110.37 43.5
1538200120.38 43.5
1538200130.41 43.5
1538200140.43 43.5
1538200150.45 44.0
1538200160.47 44.0
1538200170.5 43.5
1538200180.52 43.5
1538200190.53 44.0
1538200200.55 43.5
1538200210.58 44.0
1538200220.6 44.0
1538200230.62 44.0
1538200240.63 43.5
1538200250.65 44.5
1538200260.66 44.0
1538200270.68 44.0
1538200280.7 44.0
1538200290.72 45.1
1538200300.74 44.0
1538200310.76 45.1
1538200320.78 44.0
1538200330.8 44.0
1538200340.83 43.5
1538200350.85 43.5
1538200360.87 44.0
1538200370.89 44.0
1538200380.91 44.0
1538200390.93 44.0
1538200400.96 44.0
1538200410.97 44.0
1538200421.0 44.0
1538200431.02 44.0
1538200441.04 44.5
1538200451.07 44.0
1538200461.08 44.0
1538200471.1 44.5
1538200481.12 44.0
1538200491.14 44.5
1538200501.16 45.1
1538200511.18 45.1
1538200521.2 45.1
1538200531.23 44.0
1538200541.25 44.0
1538200551.27 44.0
1538200561.3 45.1
1538200571.32 44.0
1538200581.34 44.0
1538200591.36 44.5
1538200601.39 44.0
1538200611.4 44.0
1538200621.43 44.0
1538200631.45 45.1
1538200641.48 44.0
1538200651.5 44.0
1538200661.53 44.0
1538200671.55 45.1
1538200681.57 44.0
1538200691.58 44.5
1538200701.6 44.0
1538200711.62 44.0
1538200721.65 43.5
1538200731.67 44.5
1538200741.69 44.0
1538200751.71 44.5
1538200761.74 44.0
1538200771.75 44.5
1538200781.77 44.5
1538200791.8 44.0
1538200801.81 45.1
1538200811.83 46.7
1538200821.86 44.0
1538200831.87 44.0
1538200841.89 44.5
1538200851.91 44.0
1538200861.93 44.0
1538200871.96 43.5
1538200881.98 44.0
1538200892.0 44.5
1538200902.02 44.0
1538200912.04 44.5
1538200922.06 44.0
1538200932.08 44.0
1538200942.1 44.5
1538200952.12 44.5
1538200962.15 44.0
1538200972.16 44.0
1538200982.18 44.0
1538200992.2 44.0
1538201002.22 44.0
1538201012.25 44.0
1538201022.27 44.0
1538201032.28 44.5
1538201042.31 44.0
1538201052.33 43.5
1538201062.35 44.0
1538201072.37 44.0
1538201082.39 44.0
1538201092.4 44.0
1538201102.42 44.0
1538201112.43 43.5
1538201122.45 44.0
1538201132.47 43.5
1538201142.5 44.0
1538201152.51 44.0
1538201162.53 42.9
1538201172.55 44.0
1538201182.58 44.0
1538201192.6 44.0
1538201202.61 44.0
1538201212.63 43.5
1538201222.65 43.5
1538201232.68 42.9
1538201242.7 44.0
1538201252.72 43.5
1538201262.74 43.5
1538201272.77 43.5
1538201282.79 44.0
1538201292.81 44.0
1538201302.82 44.0
1538201312.85 43.5
1538201322.87 43.5
1538201332.89 44.0
1538201342.91 44.0
1538201352.93 44.0
1538201362.95 43.5
1538201372.97 44.0
1538201382.99 44.0
1538201393.02 44.0
1538201403.05 43.5
1538201413.07 44.0
1538201423.11 44.0
1538201433.14 42.9
1538201443.16 43.5
1538201453.18 44.0
1538201463.2 43.5
1538201473.22 43.5
1538201483.24 43.5
1538201493.26 43.5
1538201503.28 44.0
1538201513.3 43.5
1538201523.32 43.5
1538201533.34 43.5
1538201543.36 43.5
1538201553.38 43.5
1538201563.4 44.0
1538201573.42 44.0
1538201583.44 44.0
1538201593.46 43.5
1538201603.48 43.5
1538201613.5 44.0
1538201623.52 44.0
1538201633.54 43.5
1538201643.56 42.9
1538201653.58 43.5
1538201663.6 44.0
1538201673.62 43.5
1538201683.64 42.9
1538201693.67 43.5
1538201703.68 44.0
1538201713.7 43.5
1538201723.72 43.5
1538201733.75 43.5
1538201743.77 44.0
1538201753.79 44.0
1538201763.81 43.5
1538201773.82 42.9
1538201783.86 43.5
1538201793.88 44.0
1538201803.89 44.0
1538201813.92 42.9
1538201823.93 42.9
1538201833.95 43.5
1538201843.97 44.0
1538201853.99 44.0
1538201864.01 42.9
1538201874.04 43.5
1538201884.06 44.0
1538201894.08 43.5
1538201904.11 42.9
1538201914.13 44.0
1538201924.15 43.5
1538201934.17 42.9
1538201944.19 44.0
1538201954.21 43.5
1538201964.24 43.5
1538201974.26 43.5
1538201984.28 44.5
1538201994.3 42.9
1538202004.32 43.5
1538202014.33 43.5
1538202024.35 43.5
1538202034.37 43.5
1538202044.39 44.0
1538202054.42 43.5
1538202064.43 44.0
1538202074.45 44.0
1538202084.47 44.0
1538202094.51 43.5
1538202104.53 44.0
1538202114.54 43.5
1538202124.56 43.5
1538202134.58 44.0
1538202144.6 44.0
1538202154.62 44.0
1538202164.64 45.1
1538202174.66 43.5
1538202184.68 44.0
1538202194.71 44.0
1538202204.73 43.5
1538202214.75 43.5
1538202224.78 44.0
1538202234.8 43.5
1538202244.82 44.0
1538202254.84 44.5
1538202264.86 43.5
1538202274.88 44.0
1538202284.9 43.5
1538202294.92 44.0
1538202304.94 44.0
1538202314.95 44.0
1538202324.97 44.0
1538202335.0 43.5
1538202345.02 44.0
1538202355.03 44.5
1538202365.05 43.5
1538202375.07 44.5
1538202385.09 42.9
1538202395.11 44.0
1538202405.13 43.5
1538202415.15 44.0
1538202425.17 43.5
1538202435.19 44.0
1538202445.21 43.5
1538202455.23 44.5
1538202465.25 44.0
1538202475.27 44.0
1538202485.29 44.0
1538202495.31 44.5
1538202505.33 44.0
1538202515.35 43.5
1538202525.37 44.0
1538202535.38 43.5
1538202545.41 43.5
1538202555.44 44.0
1538202565.47 44.0
1538202575.5 42.9
1538202585.53 43.5
1538202595.56 43.5
1538202605.58 43.5
1538202615.59 43.5
1538202625.61 44.0
1538202635.63 44.5
1538202645.65 44.0
1538202655.68 44.0
1538202665.7 44.0
1538202675.71 45.1
1538202685.73 44.5
1538202695.76 44.0
1538202705.78 44.0
1538202715.81 43.5
1538202725.84 44.5
1538202735.86 43.5
1538202745.89 44.0
1538202755.91 44.5
1538202765.93 44.0
1538202775.96 44.5
1538202785.98 44.0
1538202796.0 44.5
1538202806.02 44.5
1538202816.04 44.0
1538202826.07 44.0
1538202836.08 44.5
1538202846.1 45.1
1538202856.12 44.0
1538202866.14 44.0
1538202876.16 44.0
1538202886.18 44.5
1538202896.2 43.5
1538202906.23 43.5
1538202916.25 43.5
1538202926.28 43.5
1538202936.3 44.0
1538202946.32 44.0
1538202956.33 44.0
1538202966.35 44.0
1538202976.37 44.0
1538202986.38 44.0
1538202996.39 45.1
1538203006.42 44.0
1538203016.44 44.5
1538203026.47 44.0
1538203036.5 44.0
1538203046.52 44.0
1538203056.55 44.0
1538203066.57 43.5
1538203076.59 43.5
1538203086.61 44.0
1538203096.63 44.0
1538203106.65 44.0
1538203116.68 44.5
1538203126.7 44.0
1538203136.72 44.0
1538203146.74 44.0
1538203156.76 44.0
1538203166.78 44.0
1538203176.8 43.5
1538203186.82 44.0
1538203196.84 44.0
1538203206.86 44.0
1538203216.88 44.0
1538203226.9 44.0
1538203236.92 44.0
1538203246.94 44.0
1538203256.96 44.0
1538203266.98 44.5
1538203277.01 44.0
1538203287.03 43.5
1538203297.05 43.5
1538203307.07 43.5
1538203317.09 43.5
1538203327.11 44.0
1538203337.13 43.5
1538203347.15 43.5
1538203357.17 43.5
1538203367.18 43.5
1538203377.2 43.5
1538203387.22 43.5
1538203397.25 43.5
1538203407.27 43.5
1538203417.29 44.0
1538203427.31 43.5
1538203437.33 44.0
1538203447.35 43.5
1538203457.37 44.0
1538203467.39 43.5
1538203477.41 43.5
1538203487.43 43.5
1538203497.45 43.5
1538203507.47 42.9
1538203517.5 42.9
1538203527.54 43.5
1538203537.56 42.9
1538203547.58 42.9
1538203557.6 42.9
1538203567.62 43.5
1538203577.65 42.9
1538203587.66 43.5
1538203597.69 42.9
1538203607.71 42.9
1538203617.73 43.5
1538203627.75 42.9
1538203637.77 42.9
1538203647.79 42.9
1538203657.81 42.9
1538203667.84 42.9
1538203677.85 42.9
1538203687.87 42.9
1538203697.9 43.5
1538203707.91 43.5
1538203717.93 43.5
1538203727.96 42.9
1538203737.98 42.9
1538203747.99 43.5
1538203758.01 42.4
1538203768.04 42.9
1538203778.05 43.5
1538203788.07 42.9
1538203798.09 43.5
1538203808.12 42.9
1538203818.14 43.5
1538203828.16 43.5
1538203838.18 42.9
1538203848.2 42.9
1538203858.23 43.5
1538203868.25 43.5
1538203878.28 43.5
1538203888.3 42.9
1538203898.32 43.5
1538203908.34 42.9
1538203918.37 42.9
1538203928.38 43.5
1538203938.4 42.9
1538203948.42 42.9
1538203958.44 44.0
1538203968.46 42.9
1538203978.49 42.9
1538203988.51 42.9
1538203998.52 43.5
1538204008.54 42.9
1538204018.56 43.5
1538204028.58 42.9
1538204038.59 43.5
1538204048.61 42.9
1538204058.64 43.5
1538204068.66 43.5
1538204078.68 44.0
1538204088.69 43.5
1538204098.71 43.5
1538204108.74 43.5
1538204118.76 43.5
1538204128.78 43.5
1538204138.8 43.5
1538204148.83 43.5
1538204158.85 42.9
1538204168.88 42.9
1538204178.89 42.9
1538204188.91 43.5
1538204198.93 43.5
1538204208.95 42.9
1538204218.97 42.9
1538204228.99 43.5
1538204239.01 44.0
1538204249.03 42.9
1538204259.05 43.5
1538204269.07 43.5
1538204279.1 44.0
1538204289.12 42.9
1538204299.14 43.5
1538204309.16 42.9
1538204319.18 43.5
1538204329.2 42.9
1538204339.22 44.0
1538204349.24 42.9
1538204359.26 42.9
1538204369.28 43.5
1538204379.31 42.9
1538204389.33 43.5
1538204399.34 42.9
