1538700004.27 56.9
1538700014.28 56.9
1538700024.3 56.9
1538700034.32 57.5
1538700044.34 56.9
1538700054.35 56.9
1538700064.37 56.9
1538700074.39 56.9
1538700084.41 56.9
1538700094.42 56.9
1538700104.44 56.9
1538700114.46 56.9
1538700124.47 57.5
1538700134.49 56.9
1538700144.51 56.9
1538700154.53 56.9
1538700164.55 56.4
1538700174.57 57.5
1538700184.58 57.5
1538700194.6 57.5
1538700204.62 56.9
1538700214.64 56.9
1538700224.66 56.9
1538700234.68 58.0
1538700244.69 56.9
1538700254.71 57.5
1538700264.73 58.0
1538700274.75 58.0
1538700284.77 58.0
1538700294.78 57.5
1538700304.8 56.9
1538700314.82 57.5
1538700324.84 56.9
1538700334.85 57.5
1538700344.87 57.5
1538700354.89 56.9
1538700364.91 57.5
1538700374.92 57.5
1538700384.95 56.9
1538700394.96 56.9
1538700404.98 56.9
1538700415.0 56.9
1538700425.02 56.9
1538700435.04 56.4
1538700445.06 56.9
1538700455.07 56.9
1538700465.09 56.9
1538700475.11 56.9
1538700485.13 56.4
1538700495.14 57.5
1538700505.16 57.5
1538700515.18 56.9
1538700525.2 56.9
1538700535.22 56.9
1538700545.24 55.8
1538700555.25 56.4
1538700565.27 56.9
1538700575.29 55.8
1538700585.31 55.8
1538700595.33 56.4
1538700605.36 55.8
1538700615.37 56.4
1538700625.41 55.8
1538700635.42 55.8
1538700645.45 55.8
1538700655.46 55.8
1538700665.48 55.3
1538700675.5 55.8
1538700685.52 56.4
1538700695.54 55.8
1538700705.56 55.8
1538700715.58 55.8
1538700725.6 55.8
1538700735.62 54.8
1538700745.65 55.8
1538700755.67 55.8
1538700765.69 55.8
1538700775.71 55.8
1538700785.73 55.8
1538700795.75 56.4
1538700805.77 55.8
1538700815.79 56.4
1538700825.8 55.8
1538700835.82 55.8
1538700845.84 56.4
1538700855.86 56.4
1538700865.88 55.8
1538700875.89 56.9
1538700885.91 56.4
1538700895.93 56.9
1538700905.95 56.4
1538700915.97 56.9
1538700925.99 56.4
1538700936.01 56.9
1538700946.03 56.9
1538700956.05 56.4
1538700966.07 56.9
1538700976.09 56.9
1538700986.11 56.9
1538700996.13 55.8
1538701006.15 55.8
1538701016.17 56.4
1538701026.2 55.8
1538701036.22 56.4
1538701046.24 56.9
1538701056.25 57.5
1538701066.27 56.9
1538701076.28 57.5
1538701086.3 56.4
1538701096.32 56.4
1538701106.33 56.9
1538701116.35 56.4
1538701126.37 56.9
1538701136.39 56.9
1538701146.41 56.9
1538701156.42 56.9
1538701166.44 56.4
1538701176.46 56.9
1538701186.48 56.9
1538701196.5 56.4
1538701206.51 58.5
1538701216.53 58.0
1538701226.55 56.9
1538701236.57 56.9
1538701246.58 56.9
1538701256.6 56.9
1538701266.62 56.4
1538701276.64 56.9
1538701286.66 56.9
1538701296.76 56.4
1538701306.77 56.9
1538701316.79 56.9
1538701326.81 56.9
1538701336.83 55.8
1538701346.85 56.9
1538701356.87 56.9
1538701366.88 56.9
1538701376.9 56.9
1538701386.92 56.9
1538701396.94 57.5
1538701406.96 56.9
1538701416.97 56.9
1538701427.0 56.4
1538701437.01 56.9
1538701447.03 56.4
1538701457.05 56.4
1538701467.07 56.4
1538701477.09 56.9
1538701487.11 56.4
1538701497.12 56.4
1538701507.13 55.8
1538701517.15 56.4
1538701527.17 54.8
1538701537.19 55.8
1538701547.21 55.3
1538701557.23 55.8
1538701567.25 55.8
1538701577.27 55.8
1538701587.28 56.4
1538701597.29 55.8
1538701607.32 54.8
1538701617.34 54.8
1538701627.35 55.8
1538701637.37 55.8
1538701647.39 56.4
1538701657.41 55.8
1538701667.43 56.4
1538701677.44 56.4
1538701687.46 55.8
1538701697.48 55.8
1538701707.5 55.8
1538701717.52 55.8
1538701727.54 55.8
1538701737.55 55.8
1538701747.57 55.3
1538701757.59 55.8
1538701767.61 55.8
1538701777.62 56.4
1538701787.65 55.8
1538701797.67 56.4
1538701807.68 55.8
1538701817.7 55.8
1538701827.72 55.8
1538701837.74 55.3
1538701847.76 56.4
1538701857.78 55.8
1538701867.8 56.4
1538701877.81 55.8
1538701887.83 55.8
1538701897.85 56.4
1538701907.87 56.4
1538701917.88 56.9
1538701927.9 56.9
1538701937.93 56.9
1538701947.94 56.4
1538701957.96 56.4
1538701967.98 56.9
1538701978.0 56.4
1538701988.02 56.9
1538701998.03 56.4
1538702008.06 56.9
1538702018.07 57.5
1538702028.09 56.9
1538702038.11 56.9
1538702048.13 56.4
1538702058.15 56.9
1538702068.17 56.9
1538702078.2 56.9
1538702088.21 56.4
1538702098.23 56.4
1538702108.26 55.8
1538702118.27 56.4
1538702128.3 56.4
1538702138.32 56.4
1538702148.33 55.8
1538702158.36 55.3
1538702168.38 56.4
1538702178.4 56.4
1538702188.42 56.4
1538702198.45 56.4
1538702208.46 56.4
1538702218.48 55.8
1538702228.5 55.8
1538702238.52 56.4
1538702248.54 56.9
1538702258.55 56.4
1538702268.58 56.4
1538702278.6 56.9
1538702288.61 56.9
1538702298.63 56.4
1538702308.65 56.9
1538702318.67 56.9
1538702328.69 56.9
1538702338.7 56.9
1538702348.72 56.4
1538702358.74 56.4
1538702368.76 56.9
1538702378.78 56.9
1538702388.81 56.4
1538702398.82 56.9
1538702408.84 56.4
1538702418.86 56.4
1538702428.88 56.4
1538702438.9 56.9
1538702448.92 56.9
1538702458.94 56.4
1538702468.96 56.9
1538702478.99 56.4
1538702489.01 55.8
1538702499.03 56.4
1538702509.05 56.9
1538702519.07 56.4
1538702529.09 56.4
1538702539.11 55.8
1538702549.13 56.4
1538702559.15 56.9
1538702569.17 56.4
1538702579.19 56.4
1538702589.22 55.8
1538702599.24 55.8
1538702609.26 55.8
1538702619.28 54.8
1538702629.3 55.8
1538702639.31 55.8
1538702649.34 55.8
1538702659.36 55.8
1538702669.38 55.8
1538702679.4 55.8
1538702689.42 56.9
1538702699.43 56.4
1538702709.45 55.8
1538702719.47 55.8
1538702729.49 55.8
1538702739.51 55.8
1538702749.53 55.8
1538702759.55 55.3
1538702769.56 55.8
1538702779.58 55.8
1538702789.6 55.3
1538702799.62 55.8
1538702809.64 55.8
1538702819.67 55.3
1538702829.69 56.4
1538702839.7 55.8
1538702849.72 56.4
1538702859.74 55.8
1538702869.76 55.8
1538702879.8 55.3
1538702889.82 55.8
1538702899.83 55.8
1538702909.85 56.4
1538702919.87 55.8
1538702929.89 56.4
1538702939.91 55.8
1538702949.92 56.4
1538702959.94 55.8
1538702969.96 55.8
1538702979.98 55.3
1538702990.0 55.8
1538703000.02 55.8
1538703010.03 55.8
1538703020.05 55.8
1538703030.07 55.8
1538703040.08 56.4
1538703050.1 56.4
1538703060.12 55.8
1538703070.13 55.8
1538703080.15 55.8
1538703090.17 55.8
1538703100.18 56.9
1538703110.2 55.8
1538703120.21 56.4
1538703130.23 56.4
1538703140.24 56.9
1538703150.26 56.4
1538703160.28 56.4
1538703170.3 56.9
1538703180.32 56.4
1538703190.34 56.9
1538703200.35 56.9
1538703210.37 56.9
1538703220.39 56.9
1538703230.4 56.9
1538703240.42 56.4
1538703250.44 56.9
1538703260.46 56.9
1538703270.48 56.4
1538703280.49 56.4
1538703290.52 56.4
1538703300.53 56.9
1538703310.55 56.9
1538703320.57 56.9
1538703330.58 56.9
1538703340.6 56.9
1538703350.61 56.9
1538703360.63 55.8
1538703370.65 56.9
1538703380.67 55.8
1538703390.69 56.9
1538703400.71 56.9
1538703410.74 56.9
1538703420.75 55.8
1538703430.77 55.8
1538703440.79 56.9
1538703450.81 56.9
1538703460.83 56.4
1538703470.85 56.9
1538703480.86 56.9
1538703490.88 56.9
1538703500.9 56.4
1538703510.92 56.4
1538703520.93 56.4
1538703530.95 55.8
1538703540.97 56.4
1538703550.99 55.8
1538703561.01 56.4
1538703571.03 55.8
1538703581.04 55.8
1538703591.06 56.9
1538703601.09 55.8
1538703611.11 55.8
1538703621.13 56.4
1538703631.14 56.4
1538703641.16 55.8
1538703651.17 55.8
1538703661.18 55.8
1538703671.2 55.8
1538703681.21 55.8
1538703691.23 56.4
1538703701.25 56.4
1538703711.27 55.8
1538703721.28 56.4
1538703731.3 56.4
1538703741.32 56.4
1538703751.34 56.4
1538703761.35 55.8
1538703771.37 55.8
1538703781.38 56.4
1538703791.41 56.9
1538703801.42 55.8
1538703811.44 55.8
1538703821.46 56.4
1538703831.48 55.8
1538703841.5 56.4
1538703851.52 55.8
1538703861.54 56.4
1538703871.57 55.8
1538703881.58 55.8
1538703891.6 55.8
1538703901.62 55.8
1538703911.64 55.3
1538703921.66 55.8
1538703931.68 55.8
1538703941.7 55.8
1538703951.72 55.8
1538703961.74 55.3
1538703971.75 55.8
1538703981.77 55.8
1538703991.79 55.8
1538704001.8 55.8
1538704011.82 55.3
1538704021.84 55.8
1538704031.85 55.8
1538704041.86 55.8
1538704051.88 55.8
1538704061.9 56.4
1538704071.92 55.8
1538704081.93 55.8
1538704091.94 56.4
1538704101.96 56.4
1538704111.97 55.8
1538704122.0 55.8
1538704132.02 55.8
1538704142.03 56.4
1538704152.04 56.4
1538704162.06 55.8
1538704172.08 56.4
1538704182.1 56.4
1538704192.12 56.4
1538704202.13 55.8
1538704212.15 55.8
1538704222.16 56.4
1538704232.17 56.4
1538704242.18 55.8
1538704252.2 56.4
1538704262.22 56.4
1538704272.24 55.3
1538704282.26 56.4
1538704292.28 55.8
1538704302.3 55.8
1538704312.32 55.8
1538704322.34 56.4
1538704332.35 56.4
1538704342.37 55.8
1538704352.39 55.8
1538704362.41 55.8
1538704372.43 55.3
1538704382.45 56.4
1538704392.47 55.8
1538704402.48 56.4
1538704412.5 55.8
1538704422.52 56.4
1538704432.53 55.8
1538704442.55 56.9
1538704452.56 56.4
1538704462.58 55.8
1538704472.59 55.8
1538704482.6 56.4
1538704492.61 55.8
1538704502.63 55.8
1538704512.65 55.8
1538704522.66 55.3
1538704532.68 55.3
1538704542.7 55.8
1538704552.71 55.8
1538704562.72 55.8
1538704572.75 55.8
1538704582.76 55.8
1538704592.77 55.8
1538704602.79 55.8
1538704612.81 55.8
1538704622.83 55.8
1538704632.85 55.8
1538704642.87 55.8
1538704652.88 55.8
1538704662.9 54.8
1538704672.92 55.8
1538704682.94 55.8
1538704692.95 55.8
1538704702.97 56.4
1538704712.99 55.8
1538704723.0 56.4
1538704733.02 55.8
1538704743.04 56.4
1538704753.06 56.4
1538704763.07 55.8
1538704773.09 55.8
1538704783.11 55.8
1538704793.12 56.4
