1538800009.74 41.9
1538800019.77 41.3
1538800029.78 42.4
1538800039.8 41.9
1538800049.82 41.9
1538800059.84 41.9
1538800069.86 41.9
1538800079.87 42.9
1538800089.9 42.4
1538800099.92 41.9
1538800109.93 42.9
1538800119.96 42.9
1538800129.97 42.4
1538800139.99 42.9
1538800150.01 42.9
1538800160.03 43.5
1538800170.05 42.4
1538800180.07 42.4
1538800190.09 42.9
1538800200.11 42.9
1538800210.12 42.9
1538800220.14 42.9
1538800230.15 42.9
1538800240.17 42.9
1538800250.18 42.9
1538800260.2 42.9
1538800270.22 42.4
1538800280.24 42.9
1538800290.26 42.9
1538800300.27 42.9
1538800310.3 42.9
1538800320.33 42.9
1538800330.34 43.5
1538800340.37 42.4
1538800350.38 42.9
1538800360.41 42.9
1538800370.43 42.9
1538800380.45 42.9
1538800390.46 42.9
1538800400.48 42.4
1538800410.51 41.9
1538800420.52 42.4
1538800430.54 43.5
1538800440.56 42.9
1538800450.58 41.9
1538800460.6 41.9
1538800470.62 42.4
1538800480.65 42.4
1538800490.68 42.4
1538800500.69 41.9
1538800510.71 42.9
1538800520.73 41.9
1538800530.74 41.9
1538800540.76 42.9
1538800550.79 41.9
1538800560.81 42.4
1538800570.82 41.9
1538800580.85 42.4
1538800590.87 42.4
1538800600.89 41.9
1538800610.91 42.4
1538800620.94 40.8
1538800630.96 41.9
1538800640.98 41.9
1538800651.0 41.9
1538800661.04 41.3
1538800671.06 42.9
1538800681.08 41.3
1538800691.1 41.9
1538800701.11 41.9
1538800711.14 41.9
1538800721.15 41.9
1538800731.17 41.9
1538800741.2 41.9
1538800751.22 41.9
1538800761.23 41.9
1538800771.25 41.3
1538800781.28 41.3
1538800791.29 41.3
1538800801.31 41.9
1538800811.34 41.3
1538800821.35 41.9
1538800831.37 41.3
1538800841.41 41.9
1538800851.43 41.3
1538800861.44 41.9
1538800871.47 41.9
1538800881.49 41.3
1538800891.51 41.9
1538800901.54 40.8
1538800911.56 41.3
1538800921.58 41.9
1538800931.61 41.9
1538800941.62 41.9
1538800951.64 40.8
1538800961.66 41.3
1538800971.69 40.8
1538800981.71 41.9
1538800991.73 40.8
1538801001.75 40.8
1538801011.78 41.3
1538801021.8 40.8
1538801031.81 40.8
1538801041.84 40.8
1538801051.87 40.8
1538801061.89 40.8
1538801071.91 40.8
1538801081.93 41.9
1538801091.95 40.8
1538801101.97 40.8
1538801112.0 40.8
1538801122.03 40.2
1538801132.05 40.8
1538801142.07 40.8
1538801152.09 40.8
1538801162.12 40.2
1538801172.14 40.8
1538801182.17 40.8
1538801192.18 40.8
1538801202.21 41.9
1538801212.23 40.8
1538801222.25 40.8
1538801232.27 41.9
1538801242.29 40.8
1538801252.3 41.9
1538801262.32 41.3
1538801272.33 41.3
1538801282.34 40.8
1538801292.36 40.8
1538801302.39 40.8
1538801312.4 41.3
1538801322.42 40.8
1538801332.44 40.8
1538801342.47 40.8
1538801352.49 40.8
1538801362.51 40.8
1538801372.53 40.8
1538801382.55 40.8
1538801392.58 40.8
1538801402.6 40.8
1538801412.61 41.3
1538801422.63 40.8
1538801432.65 40.8
1538801442.67 40.8
1538801452.68 40.8
1538801462.7 40.8
1538801472.72 40.8
1538801482.75 40.8
1538801492.77 40.2
1538801502.78 40.8
1538801512.8 40.2
1538801522.83 40.8
1538801532.85 41.3
1538801542.87 40.8
1538801552.89 41.3
1538801562.91 40.8
1538801572.93 40.8
1538801582.95 40.8
1538801592.98 40.2
1538801603.0 40.8
1538801613.02 40.8
1538801623.04 40.8
1538801633.05 41.3
1538801643.07 40.8
1538801653.1 40.8
1538801663.12 40.8
1538801673.13 41.3
1538801683.15 41.3
1538801693.17 40.8
1538801703.19 41.3
1538801713.21 40.8
1538801723.23 40.8
1538801733.25 40.8
1538801743.28 40.8
1538801753.3 41.3
1538801763.32 41.3
1538801773.34 41.3
1538801783.36 40.8
1538801793.38 40.8
1538801803.4 41.3
1538801813.42 40.8
1538801823.44 40.8
1538801833.47 41.3
1538801843.49 40.8
1538801853.51 40.8
1538801863.53 40.8
1538801873.55 41.3
1538801883.56 40.8
1538801893.58 41.3
1538801903.6 40.8
1538801913.63 40.8
1538801923.65 40.8
1538801933.67 40.8
1538801943.69 41.3
1538801953.71 40.8
1538801963.73 40.8
1538801973.75 40.8
1538801983.78 40.8
1538801993.8 40.8
1538802003.81 43.5
1538802013.83 42.4
1538802023.85 42.4
1538802033.87 41.3
1538802043.89 41.9
1538802053.91 40.8
1538802063.93 41.3
1538802073.95 40.8
1538802083.96 40.8
1538802093.98 41.9
1538802104.0 40.8
1538802114.03 40.8
1538802124.05 41.3
1538802134.08 40.8
1538802144.1 40.8
1538802154.12 40.8
1538802164.14 41.3
1538802174.16 41.3
1538802184.19 40.8
1538802194.21 40.8
1538802204.23 41.3
1538802214.26 40.8
1538802224.28 40.8
1538802234.3 40.8
1538802244.33 40.8
1538802254.35 40.8
1538802264.37 40.8
1538802274.39 40.2
1538802284.41 40.2
1538802294.44 40.2
1538802304.46 40.8
1538802314.48 40.2
1538802324.5 40.8
1538802334.52 40.8
1538802344.55 40.8
1538802354.57 40.8
1538802364.59 40.8
1538802374.6 40.8
1538802384.62 40.8
1538802394.65 40.8
1538802404.66 40.8
1538802414.69 39.7
1538802424.71 40.2
1538802434.74 40.2
1538802444.76 40.8
1538802454.78 40.2
1538802464.8 39.7
1538802474.81 40.2
1538802484.84 40.8
1538802494.85 40.8
1538802504.87 40.8
1538802514.89 40.8
1538802524.91 40.2
1538802534.94 40.2
1538802544.96 40.8
1538802554.97 41.3
1538802565.0 40.8
1538802575.02 40.8
1538802585.05 40.8
1538802595.07 40.2
1538802605.09 40.8
1538802615.11 40.8
1538802625.13 40.8
1538802635.15 40.8
1538802645.17 40.2
1538802655.19 40.8
1538802665.22 40.2
1538802675.24 40.8
1538802685.26 40.8
1538802695.28 40.2
1538802705.31 39.7
1538802715.33 39.7
1538802725.35 40.2
1538802735.37 40.2
1538802745.39 40.2
1538802755.41 40.8
1538802765.43 40.8
1538802775.45 40.8
1538802785.47 40.2
1538802795.5 39.7
1538802805.53 40.8
1538802815.55 40.2
1538802825.57 40.8
1538802835.6 39.7
1538802845.62 40.2
1538802855.65 40.8
1538802865.67 40.8
1538802875.7 41.3
1538802885.72 40.8
1538802895.75 40.8
1538802905.77 40.8
1538802915.79 40.8
1538802925.8 40.8
1538802935.83 40.8
1538802945.85 40.8
1538802955.87 40.8
1538802965.9 40.2
1538802975.92 40.2
1538802985.94 40.8
1538802995.97 40.2
1538803005.98 40.8
1538803016.0 40.8
1538803026.02 40.8
1538803036.04 40.8
1538803046.06 41.3
1538803056.09 40.8
1538803066.12 40.8
1538803076.14 41.3
1538803086.17 40.8
1538803096.19 41.3
1538803106.21 40.8
1538803116.23 41.3
1538803126.25 40.8
1538803136.27 41.3
1538803146.29 41.9
1538803156.31 41.3
1538803166.33 41.9
1538803176.35 41.9
1538803186.37 41.3
1538803196.39 41.9
1538803206.41 41.9
1538803216.43 40.8
1538803226.46 41.3
1538803236.48 40.8
1538803246.5 40.8
1538803256.52 40.8
1538803266.54 41.3
1538803276.56 40.8
1538803286.58 42.4
1538803296.6 41.3
1538803306.62 40.8
1538803316.64 41.9
1538803326.66 41.3
1538803336.68 40.8
1538803346.7 40.8
1538803356.73 40.8
1538803366.75 41.9
1538803376.77 41.3
1538803386.79 41.3
1538803396.81 40.8
1538803406.83 40.8
1538803416.85 40.8
1538803426.87 40.8
1538803436.89 40.8
1538803446.91 41.9
1538803456.93 41.9
1538803466.95 41.3
1538803476.97 41.3
1538803486.98 41.3
1538803497.0 41.9
1538803507.02 41.3
1538803517.04 40.8
1538803527.06 41.3
1538803537.08 40.8
1538803547.1 40.8
1538803557.12 41.9
1538803567.14 41.9
1538803577.16 41.9
1538803587.18 41.3
1538803597.2 41.3
1538803607.22 40.8
1538803617.25 40.8
1538803627.28 40.8
1538803637.3 40.8
1538803647.33 41.3
1538803657.35 41.9
1538803667.38 40.8
1538803677.4 40.8
1538803687.42 40.8
1538803697.44 40.8
1538803707.46 41.3
1538803717.48 41.3
1538803727.51 40.8
1538803737.55 40.8
1538803747.57 41.3
1538803757.59 40.8
1538803767.61 40.8
1538803777.64 40.8
1538803787.66 40.8
1538803797.68 40.2
1538803807.7 40.8
1538803817.72 40.8
1538803827.76 40.8
1538803837.78 41.3
1538803847.8 40.8
1538803857.82 40.8
1538803867.85 40.8
1538803877.87 40.2
1538803887.88 40.8
1538803897.9 40.2
1538803907.93 40.8
1538803917.95 40.8
1538803927.97 40.8
1538803937.99 40.8
1538803948.02 40.8
1538803958.04 40.8
1538803968.06 40.8
1538803978.08 40.2
1538803988.1 39.7
1538803998.13 40.8
1538804008.15 40.8
1538804018.18 40.8
1538804028.2 40.8
1538804038.22 40.8
1538804048.24 40.8
1538804058.26 41.3
1538804068.28 40.8
1538804078.3 40.8
1538804088.32 40.8
1538804098.34 41.3
1538804108.36 41.9
1538804118.38 40.8
1538804128.4 41.9
1538804138.41 41.3
1538804148.43 40.8
1538804158.45 40.8
1538804168.47 41.3
1538804178.49 40.8
1538804188.52 40.8
1538804198.54 41.3
1538804208.57 40.8
1538804218.6 40.8
1538804228.62 40.8
1538804238.64 41.3
1538804248.66 40.8
1538804258.68 40.8
1538804268.7 40.8
1538804278.72 40.8
1538804288.74 40.8
1538804298.76 41.3
1538804308.78 40.8
1538804318.79 41.3
1538804328.83 40.8
1538804338.85 40.8
1538804348.87 41.3
1538804358.89 40.8
1538804368.91 41.3
1538804378.93 40.8
1538804388.96 40.8
1538804398.98 39.7
1538804409.0 40.8
1538804419.03 40.8
1538804429.05 40.2
1538804439.07 40.8
1538804449.1 40.8
1538804459.11 40.8
1538804469.13 40.8
1538804479.15 40.8
1538804489.16 40.2
1538804499.18 40.8
1538804509.21 40.8
1538804519.23 40.8
1538804529.25 40.8
1538804539.27 40.8
1538804549.29 40.2
1538804559.31 41.3
1538804569.33 41.3
1538804579.36 40.8
1538804589.38 40.8
1538804599.41 40.8
1538804609.43 40.2
1538804619.45 40.8
1538804629.47 39.7
1538804639.49 40.8
1538804649.52 40.8
1538804659.53 40.8
1538804669.56 39.7
1538804679.58 40.8
1538804689.6 40.2
1538804699.62 39.7
1538804709.64 40.8
1538804719.66 39.7
1538804729.68 40.8
1538804739.71 40.2
1538804749.73 40.8
1538804759.75 40.8
1538804769.77 40.8
1538804779.81 40.8
1538804789.83 40.8
1538804799.85 40.8
1538804809.88 40.8
1538804819.89 40.2
1538804829.92 40.8
1538804839.94 40.8
1538804849.96 39.7
1538804859.98 40.8
1538804870.0 40.8
1538804880.02 40.8
1538804890.05 40.8
1538804900.07 40.2
1538804910.09 40.2
1538804920.11 40.8
1538804930.13 40.2
1538804940.15 40.2
1538804950.18 40.8
1538804960.2 39.7
1538804970.22 39.7
1538804980.24 40.8
1538804990.26 40.8
1538805000.28 41.3
1538805010.3 40.8
1538805020.32 40.8
1538805030.34 40.8
1538805040.36 40.8
1538805050.38 39.7
1538805060.4 40.8
1538805070.43 40.8
1538805080.45 40.2
1538805090.47 40.8
1538805100.48 40.8
1538805110.51 40.8
1538805120.53 40.2
1538805130.55 40.8
1538805140.57 40.8
1538805150.59 40.8
1538805160.61 40.8
1538805170.63 39.7
1538805180.66 40.8
1538805190.68 40.8
1538805200.69 41.3
1538805210.71 40.8
1538805220.73 40.8
1538805230.75 40.8
1538805240.77 40.8
1538805250.8 40.8
1538805260.82 40.8
1538805270.84 40.8
1538805280.86 40.8
1538805290.88 40.8
1538805300.9 41.3
1538805310.92 41.3
1538805320.94 41.3
1538805330.97 40.8
1538805340.99 41.3
1538805351.01 41.3
1538805361.03 40.8
1538805371.06 40.8
1538805381.08 41.3
1538805391.09 40.8
1538805401.11 40.8
1538805411.13 40.8
1538805421.15 41.9
1538805431.17 41.9
1538805441.19 41.3
1538805451.21 41.9
1538805461.23 41.3
1538805471.24 40.8
1538805481.25 41.9
1538805491.28 40.8
1538805501.3 40.8
1538805511.31 40.8
1538805521.34 40.8
1538805531.36 41.3
1538805541.38 40.8
1538805551.39 40.8
1538805561.41 40.8
1538805571.43 40.8
1538805581.45 40.8
1538805591.47 40.8
1538805601.49 40.8
