1538600002.55 58.0
1538600012.57 58.0
1538600022.59 58.0
1538600032.61 58.0
1538600042.63 58.0
1538600052.65 58.0
1538600062.67 58.0
1538600072.69 58.0
1538600082.7 57.5
1538600092.72 57.5
1538600102.74 58.0
1538600112.76 58.0
1538600122.78 58.0
1538600132.79 58.0
1538600142.81 58.0
1538600152.82 58.0
1538600162.83 58.0
1538600172.85 58.0
1538600182.87 58.0
1538600192.89 58.0
1538600202.9 57.5
1538600212.92 56.9
1538600222.94 58.0
1538600232.95 58.0
1538600242.97 58.0
1538600252.99 57.5
1538600263.01 56.9
1538600273.02 58.0
1538600283.04 58.0
1538600293.06 58.0
1538600303.07 58.0
1538600313.09 56.9
1538600323.11 57.5
1538600333.13 57.5
1538600343.15 57.5
1538600353.16 56.9
1538600363.18 56.9
1538600373.2 56.9
1538600383.22 57.5
1538600393.23 58.0
