1538400006.71 59.1
1538400016.73 59.1
1538400026.75 58.0
1538400036.77 58.0
1538400046.79 58.0
1538400056.81 58.5
1538400066.83 58.0
1538400076.84 58.5
1538400086.87 58.5
1538400096.89 58.0
1538400106.91 58.5
1538400116.93 58.5
1538400126.95 59.1
1538400136.97 58.5
1538400146.99 58.5
1538400157.01 58.5
1538400167.02 59.1
1538400177.05 59.1
1538400187.07 59.1
1538400197.09 59.1
1538400207.1 59.1
1538400217.12 59.1
1538400227.15 59.1
1538400237.17 59.1
1538400247.18 59.1
1538400257.2 58.5
1538400267.22 59.1
1538400277.24 59.1
1538400287.26 58.0
1538400297.28 58.0
1538400307.3 58.5
1538400317.32 59.1
1538400327.33 58.5
1538400337.36 58.5
1538400347.37 58.5
1538400357.39 58.0
1538400367.41 58.5
1538400377.43 59.1
1538400387.44 58.0
1538400397.46 58.5
1538400407.48 58.5
1538400417.49 59.1
1538400427.51 59.6
1538400437.52 58.5
1538400447.53 58.0
1538400457.55 59.1
1538400467.57 58.5
1538400477.6 59.1
1538400487.61 58.5
1538400497.62 58.0
1538400507.64 58.5
1538400517.66 58.5
1538400527.68 58.5
1538400537.7 58.5
1538400547.73 58.0
1538400557.74 59.1
1538400567.76 58.0
1538400577.78 59.1
1538400587.79 58.5
1538400597.81 58.5
1538400607.83 58.5
1538400617.84 59.1
1538400627.85 58.0
1538400637.86 59.1
1538400647.88 59.1
1538400657.89 59.1
1538400667.91 59.1
1538400677.93 59.1
1538400687.95 59.1
1538400697.97 58.5
1538400707.98 59.1
1538400718.0 59.1
1538400728.02 58.0
1538400738.04 59.1
1538400748.06 59.1
1538400758.07 59.1
1538400768.1 59.1
1538400778.11 59.1
1538400788.12 59.1
1538400798.14 59.1
1538400808.17 59.1
1538400818.19 59.1
1538400828.2 59.1
1538400838.21 58.0
1538400848.22 59.1
1538400858.24 59.1
1538400868.26 58.5
1538400878.27 58.0
1538400888.3 58.5
1538400898.31 59.1
1538400908.33 59.1
1538400918.35 59.1
1538400928.36 59.1
1538400938.38 59.1
1538400948.4 59.1
1538400958.42 58.5
1538400968.43 59.1
1538400978.45 59.1
1538400988.46 59.1
1538400998.47 58.5
1538401008.49 59.1
1538401018.52 58.5
1538401028.53 58.5
1538401038.55 59.1
1538401048.57 58.5
1538401058.59 59.1
1538401068.61 59.1
1538401078.63 59.1
1538401088.65 59.1
1538401098.66 58.0
1538401108.69 58.0
1538401118.71 59.1
1538401128.72 58.5
1538401138.74 59.1
1538401148.76 58.0
1538401158.79 59.1
1538401168.8 58.5
1538401178.83 58.5
1538401188.85 59.1
1538401198.87 58.5
1538401208.88 58.5
1538401218.9 58.5
1538401228.91 58.0
1538401238.93 58.5
1538401248.95 59.1
1538401258.97 58.5
1538401268.98 59.1
1538401279.0 58.5
1538401289.02 59.1
1538401299.04 58.5
1538401309.05 58.5
1538401319.07 58.5
1538401329.09 58.5
1538401339.1 59.1
1538401349.12 59.1
1538401359.15 58.5
1538401369.16 58.5
1538401379.18 58.5
1538401389.2 58.0
1538401399.22 58.5
1538401409.23 58.0
1538401419.25 58.0
1538401429.26 58.0
1538401439.28 59.1
1538401449.29 58.0
1538401459.31 58.5
1538401469.32 58.0
1538401479.34 58.5
1538401489.35 58.0
1538401499.36 58.0
1538401509.37 58.0
1538401519.39 58.0
1538401529.4 58.0
1538401539.42 58.0
1538401549.44 58.5
1538401559.46 56.9
1538401569.48 58.0
1538401579.5 58.0
1538401589.52 58.0
1538401599.54 57.5
1538401609.56 58.0
1538401619.58 58.0
1538401629.6 58.0
1538401639.61 58.0
1538401649.62 56.9
1538401659.64 58.0
1538401669.66 58.0
1538401679.67 58.5
1538401689.68 58.5
1538401699.7 58.5
1538401709.71 59.1
1538401719.74 58.0
1538401729.75 58.5
1538401739.77 57.5
1538401749.79 58.0
1538401759.81 58.0
1538401769.83 56.9
1538401779.85 58.0
1538401789.87 58.0
1538401799.88 57.5
1538401809.91 57.5
1538401819.93 58.0
1538401829.94 58.0
1538401839.96 58.0
1538401849.99 58.0
1538401860.01 57.5
1538401870.02 56.9
1538401880.05 58.0
1538401890.06 58.0
1538401900.08 57.5
1538401910.11 57.5
1538401920.13 56.9
1538401930.14 56.9
1538401940.16 56.9
1538401950.18 56.9
1538401960.2 56.9
1538401970.22 56.9
1538401980.23 56.9
1538401990.25 58.0
1538402000.27 58.0
1538402010.29 56.9
1538402020.3 57.5
1538402030.31 56.9
1538402040.33 57.5
1538402050.35 56.9
1538402060.37 56.9
1538402070.39 56.9
1538402080.41 56.9
1538402090.42 58.0
1538402100.44 56.9
1538402110.46 57.5
1538402120.47 56.9
1538402130.48 58.0
1538402140.49 56.9
1538402150.51 56.4
1538402160.53 56.9
1538402170.54 56.9
1538402180.57 56.4
1538402190.58 56.9
1538402200.6 56.9
1538402210.61 56.4
1538402220.62 56.4
1538402230.64 56.4
1538402240.66 56.9
1538402250.67 56.9
1538402260.69 56.9
1538402270.71 56.9
1538402280.73 56.9
1538402290.74 56.9
1538402300.76 56.9
1538402310.78 56.4
1538402320.8 56.9
1538402330.81 56.9
1538402340.83 56.9
1538402350.84 56.9
1538402360.85 55.8
1538402370.86 56.4
1538402380.88 56.9
1538402390.9 56.4
1538402400.92 56.9
1538402410.93 58.0
1538402420.95 57.5
1538402430.97 56.9
1538402440.99 55.8
1538402451.01 56.4
1538402461.02 56.9
1538402471.04 56.9
1538402481.07 56.4
1538402491.09 56.9
1538402501.11 56.4
1538402511.13 56.9
1538402521.14 56.9
1538402531.16 56.9
1538402541.18 56.9
1538402551.2 56.9
1538402561.23 56.9
1538402571.24 56.9
1538402581.28 56.9
1538402591.3 56.9
1538402601.31 56.9
1538402611.33 56.9
1538402621.34 56.9
1538402631.36 56.9
1538402641.38 56.4
1538402651.39 56.9
1538402661.42 56.4
1538402671.44 55.8
1538402681.45 56.4
1538402691.47 55.8
1538402701.49 56.9
1538402711.51 56.9
1538402721.53 56.4
1538402731.55 56.4
1538402741.57 56.4
1538402751.59 56.9
1538402761.6 56.4
1538402771.61 56.9
1538402781.62 56.4
1538402791.64 55.8
1538402801.66 56.4
1538402811.68 55.8
1538402821.7 56.9
1538402831.71 56.9
1538402841.73 56.9
1538402851.75 56.9
1538402861.77 56.4
1538402871.79 56.4
1538402881.81 55.8
1538402891.82 56.9
1538402901.84 56.9
1538402911.86 56.9
1538402921.88 56.9
1538402931.89 56.9
1538402941.91 56.9
1538402951.93 56.4
1538402961.95 55.8
1538402971.96 56.9
1538402981.98 56.4
1538402991.99 55.8
1538403002.01 55.8
1538403012.02 57.5
1538403022.03 56.4
1538403032.04 55.8
1538403042.06 56.9
1538403052.09 56.4
1538403062.11 56.4
1538403072.12 56.9
1538403082.13 56.9
1538403092.15 56.4
1538403102.16 56.4
1538403112.18 56.4
1538403122.19 56.9
1538403132.21 56.9
1538403142.22 55.8
1538403152.24 56.4
1538403162.26 56.9
1538403172.28 55.8
1538403182.3 56.4
1538403192.31 56.4
1538403202.33 56.4
1538403212.35 56.4
1538403222.36 56.4
1538403232.38 56.4
1538403242.4 56.9
1538403252.42 56.4
1538403262.44 55.8
1538403272.45 56.9
1538403282.48 56.4
1538403292.49 56.4
1538403302.51 56.9
1538403312.52 56.9
1538403322.55 56.4
1538403332.56 56.4
1538403342.58 56.4
1538403352.59 56.9
1538403362.61 56.9
1538403372.62 55.8
1538403382.64 56.4
1538403392.65 58.0
1538403402.67 57.5
1538403412.69 56.9
1538403422.7 57.5
1538403432.72 56.9
1538403442.74 56.9
1538403452.75 58.0
1538403462.77 57.5
1538403472.78 57.5
1538403482.81 56.9
1538403492.84 57.5
1538403502.85 56.9
1538403512.87 57.5
1538403522.88 58.0
1538403532.9 57.5
1538403542.92 58.0
1538403552.93 58.0
1538403562.95 57.5
1538403572.97 58.0
1538403582.99 58.0
1538403593.02 56.9
1538403603.04 58.0
1538403613.06 58.0
1538403623.07 58.0
1538403633.08 58.0
1538403643.1 58.0
1538403653.12 58.5
1538403663.14 58.5
1538403673.15 58.5
1538403683.18 58.0
1538403693.2 58.0
1538403703.22 58.0
1538403713.24 58.0
1538403723.26 58.0
1538403733.27 58.0
1538403743.29 58.5
1538403753.31 58.0
1538403763.33 58.5
1538403773.36 58.0
1538403783.54 58.5
1538403793.56 58.5
1538403803.58 58.5
1538403813.59 58.0
1538403823.62 58.0
1538403833.63 58.5
1538403843.65 59.1
1538403853.67 58.0
1538403863.69 58.0
1538403873.71 58.0
1538403883.73 58.0
1538403893.75 56.9
1538403903.77 56.9
1538403913.79 57.5
1538403923.81 56.9
1538403933.83 58.0
1538403943.84 56.9
1538403953.86 57.5
1538403963.88 57.5
1538403973.9 56.9
1538403983.92 56.9
1538403993.94 56.9
1538404003.96 56.9
1538404013.98 58.0
1538404024.0 57.5
1538404034.01 57.5
1538404044.03 57.5
1538404054.05 58.0
1538404064.07 56.9
1538404074.09 57.5
1538404084.11 56.9
1538404094.12 56.9
1538404104.14 56.4
1538404114.16 56.4
1538404124.18 56.9
1538404134.19 56.9
1538404144.2 57.5
1538404154.22 56.9
1538404164.23 57.5
1538404174.25 56.9
1538404184.27 56.9
1538404194.29 56.9
1538404204.31 56.9
1538404214.33 56.9
1538404224.35 56.9
1538404234.37 58.0
1538404244.39 56.9
1538404254.41 56.9
1538404264.43 56.9
1538404274.46 56.9
1538404284.47 57.5
1538404294.49 56.9
1538404304.52 56.9
1538404314.54 56.9
1538404324.55 58.0
1538404334.57 57.5
1538404344.59 56.9
1538404354.62 57.5
1538404364.63 57.5
1538404374.65 56.9
1538404384.67 56.9
1538404394.69 56.9
1538404404.71 56.4
1538404414.74 56.9
1538404424.76 58.0
1538404434.78 58.0
1538404444.81 58.0
1538404454.83 58.0
1538404464.86 58.0
1538404474.87 58.0
1538404484.89 58.0
1538404494.91 58.0
1538404504.93 58.0
1538404514.95 58.0
1538404524.97 58.0
1538404534.99 58.0
1538404545.01 58.5
1538404555.03 56.9
1538404565.05 58.0
1538404575.06 58.0
1538404585.08 58.0
1538404595.1 58.0
1538404605.12 58.0
1538404615.14 58.0
1538404625.15 58.0
1538404635.18 58.0
1538404645.2 58.0
1538404655.21 57.5
1538404665.24 57.5
1538404675.25 58.0
1538404685.28 57.5
1538404695.3 58.0
1538404705.32 58.0
1538404715.34 57.5
1538404725.36 58.0
1538404735.38 58.0
1538404745.4 58.0
1538404755.42 58.0
1538404765.44 58.0
1538404775.46 58.0
1538404785.48 58.0
1538404795.5 58.0
1538404805.52 58.0
1538404815.54 58.0
1538404825.56 58.0
1538404835.58 58.0
1538404845.6 57.5
1538404855.62 58.0
1538404865.64 56.9
1538404875.66 57.5
1538404885.68 56.9
1538404895.71 57.5
1538404905.73 56.9
1538404915.75 58.5
1538404925.77 56.9
1538404935.79 56.9
1538404945.81 58.0
1538404955.83 56.9
1538404965.85 56.9
1538404975.88 56.9
1538404985.89 56.9
1538404995.91 56.9
1538405005.93 56.9
1538405015.95 56.9
1538405025.96 58.0
1538405035.98 58.0
1538405046.0 58.0
1538405056.02 57.5
1538405066.04 58.0
1538405076.06 58.0
1538405086.07 58.0
1538405096.09 58.0
1538405106.1 58.5
1538405116.13 58.0
1538405126.14 58.0
1538405136.16 58.5
1538405146.18 58.0
1538405156.2 58.0
1538405166.22 58.0
1538405176.23 58.0
1538405186.24 58.0
1538405196.25 58.0
1538405206.27 58.0
1538405216.29 58.0
1538405226.3 58.0
1538405236.31 58.0
1538405246.32 58.0
1538405256.35 58.0
1538405266.37 58.0
1538405276.38 58.0
1538405286.39 58.0
1538405296.4 58.0
1538405306.42 58.0
1538405316.43 58.5
1538405326.44 58.0
1538405336.46 58.0
1538405346.47 58.0
1538405356.5 58.0
1538405366.52 58.0
1538405376.54 56.9
1538405386.56 58.0
1538405396.58 58.0
1538405406.6 58.0
1538405416.62 58.0
1538405426.64 58.0
1538405436.66 58.0
1538405446.68 56.9
1538405456.7 58.0
1538405466.74 58.0
1538405476.75 58.0
1538405486.77 58.0
1538405496.79 57.5
1538405506.81 58.0
1538405516.83 58.0
1538405526.85 57.5
1538405536.86 58.0
1538405546.88 56.9
1538405556.91 56.4
1538405566.93 56.9
1538405576.95 56.9
1538405586.97 56.9
1538405597.0 56.9
1538405607.02 56.9
1538405617.04 56.9
1538405627.06 57.5
1538405637.08 56.9
1538405647.09 56.9
1538405657.11 56.9
1538405667.13 56.9
1538405677.15 56.9
1538405687.17 56.9
1538405697.19 56.9
1538405707.2 56.9
1538405717.22 57.5
1538405727.24 56.9
1538405737.26 56.9
1538405747.28 56.9
1538405757.29 56.9
1538405767.32 55.8
1538405777.33 56.4
1538405787.34 56.9
1538405797.36 56.9
1538405807.38 56.4
1538405817.4 56.4
1538405827.42 56.9
1538405837.44 56.9
1538405847.46 57.5
1538405857.48 56.9
1538405867.49 58.0
1538405877.52 57.5
1538405887.54 57.5
1538405897.56 57.5
1538405907.58 58.0
1538405917.59 57.5
1538405927.62 56.9
1538405937.64 58.0
1538405947.66 56.9
1538405957.68 57.5
1538405967.7 56.9
1538405977.72 57.5
1538405987.74 56.9
1538405997.77 57.5
