1538500001.16 51.5
1538500011.18 51.5
1538500021.2 52.6
1538500031.22 52.6
1538500041.25 52.6
1538500051.26 52.1
1538500061.28 52.1
1538500071.29 52.6
1538500081.32 52.6
1538500091.33 52.6
1538500101.35 52.1
1538500111.38 52.1
1538500121.4 52.1
1538500131.43 52.1
1538500141.45 52.1
1538500151.48 51.5
1538500161.5 52.6
1538500171.52 52.1
1538500181.55 51.5
1538500191.57 52.6
1538500201.59 52.1
1538500211.61 51.5
1538500221.63 51.5
1538500231.65 52.1
1538500241.68 51.5
1538500251.7 51.5
1538500261.73 50.5
1538500271.75 51.5
1538500281.77 51.5
1538500291.78 51.5
1538500301.79 52.1
1538500311.8 52.1
1538500321.81 52.1
1538500331.83 52.1
1538500341.85 51.5
1538500351.87 52.1
1538500361.89 52.1
1538500371.91 52.6
1538500381.92 52.1
1538500391.94 52.6
1538500401.95 52.6
1538500411.97 52.6
1538500421.99 52.6
1538500432.01 53.2
1538500442.03 52.6
1538500452.06 53.7
1538500462.08 53.2
1538500472.1 53.2
1538500482.12 52.6
1538500492.14 52.6
1538500502.16 53.7
1538500512.18 53.2
1538500522.21 52.6
1538500532.22 53.7
1538500542.23 53.2
1538500552.25 53.7
1538500562.27 53.2
1538500572.29 53.7
1538500582.31 53.7
1538500592.32 53.2
1538500602.34 53.7
1538500612.36 53.7
1538500622.38 53.2
1538500632.4 53.7
1538500642.42 53.7
1538500652.44 53.7
1538500662.46 52.6
1538500672.48 53.2
1538500682.51 53.7
1538500692.53 53.2
1538500702.54 52.6
1538500712.56 53.7
1538500722.58 52.6
1538500732.6 52.6
1538500742.62 52.6
1538500752.64 53.2
1538500762.66 53.2
1538500772.67 53.7
1538500782.68 53.2
1538500792.7 52.6
1538500802.73 52.1
1538500812.74 53.2
1538500822.75 52.6
1538500832.76 53.2
1538500842.78 52.6
1538500852.8 53.2
1538500862.83 52.6
1538500872.85 52.6
1538500882.86 52.6
1538500892.88 53.2
1538500902.9 52.6
1538500912.92 52.6
1538500922.94 52.6
1538500932.97 52.6
1538500942.98 52.6
1538500953.0 53.2
1538500963.02 53.2
1538500973.05 52.6
1538500983.07 52.6
1538500993.09 52.6
1538501003.11 52.6
1538501013.14 52.6
1538501023.17 52.1
1538501033.19 53.7
1538501043.21 52.1
1538501053.23 52.6
1538501063.25 52.6
1538501073.28 52.1
1538501083.31 51.5
1538501093.33 52.6
1538501103.35 52.1
1538501113.37 52.6
1538501123.4 52.1
1538501133.42 52.1
1538501143.45 52.1
1538501153.47 52.1
1538501163.49 52.1
1538501173.51 52.1
1538501183.54 51.5
1538501193.56 52.1
1538501203.59 52.1
1538501213.62 51.5
1538501223.64 51.5
1538501233.66 52.6
1538501243.68 51.5
1538501253.71 51.5
1538501263.73 51.5
1538501273.75 51.5
1538501283.78 52.6
1538501293.79 51.5
1538501303.81 52.6
1538501313.83 52.1
1538501323.85 52.1
1538501333.87 52.6
1538501343.89 51.5
1538501353.91 52.1
1538501363.94 52.6
1538501373.97 52.1
1538501383.98 52.6
1538501394.0 52.6
1538501404.02 52.1
1538501414.04 52.1
1538501424.06 52.6
1538501434.07 52.6
1538501444.09 52.1
1538501454.1 52.6
1538501464.12 53.2
1538501474.14 51.5
1538501484.16 52.1
1538501494.18 52.6
1538501504.2 52.6
1538501514.21 53.2
1538501524.25 52.6
1538501534.26 53.2
1538501544.28 53.7
1538501554.3 53.2
1538501564.32 52.1
1538501574.34 52.6
1538501584.36 52.6
1538501594.38 53.2
1538501604.41 52.6
1538501614.42 52.1
1538501624.43 52.6
1538501634.45 52.1
1538501644.47 52.1
1538501654.49 52.1
1538501664.51 52.1
1538501674.52 52.6
1538501684.56 52.6
1538501694.59 52.1
1538501704.61 52.1
1538501714.63 52.1
1538501724.65 52.1
1538501734.67 52.6
1538501744.69 53.2
1538501754.71 52.6
1538501764.73 52.1
1538501774.75 52.6
1538501784.77 52.6
1538501794.8 52.1
1538501804.82 52.6
1538501814.84 52.6
1538501824.86 52.6
1538501834.87 53.2
1538501844.89 53.2
1538501854.91 52.6
1538501864.93 53.2
1538501874.95 52.1
1538501884.97 52.1
1538501894.99 52.6
1538501905.0 52.6
1538501915.03 53.2
1538501925.05 52.6
1538501935.07 52.6
1538501945.1 52.6
1538501955.13 52.1
1538501965.15 52.6
1538501975.18 52.1
1538501985.2 52.1
1538501995.22 52.1
1538502005.25 52.6
1538502015.27 53.2
1538502025.29 52.6
1538502035.31 52.6
1538502045.34 52.6
1538502055.45 52.6
1538502065.47 53.2
1538502075.49 53.2
1538502085.51 52.6
1538502095.53 53.2
1538502105.54 52.1
1538502115.55 52.6
1538502125.57 52.1
1538502135.59 53.2
1538502145.6 53.2
1538502155.62 52.6
1538502165.64 53.7
1538502175.66 53.2
1538502185.67 52.6
1538502195.69 53.2
1538502205.7 53.2
1538502215.71 53.7
1538502225.73 52.6
1538502235.75 52.6
1538502245.75 52.6
1538502255.77 53.7
1538502265.78 53.2
1538502275.8 51.5
1538502285.81 52.6
1538502295.83 52.6
1538502305.85 53.2
1538502315.87 52.6
1538502325.88 52.1
1538502335.9 52.6
1538502345.93 52.6
1538502355.94 52.6
1538502365.96 52.6
1538502375.99 52.6
1538502386.01 52.6
1538502396.03 52.1
1538502406.05 52.1
1538502416.07 52.1
1538502426.1 52.1
1538502436.12 52.6
1538502446.14 51.5
1538502456.16 52.1
1538502466.18 52.1
1538502476.21 51.5
1538502486.23 52.1
1538502496.25 52.6
1538502506.27 52.6
1538502516.29 52.6
1538502526.31 52.1
1538502536.33 51.5
1538502546.35 52.6
1538502556.37 52.6
1538502566.39 53.2
1538502576.41 52.1
1538502586.43 52.6
1538502596.45 53.2
1538502606.47 52.6
1538502616.49 52.6
1538502626.51 53.7
1538502636.52 52.6
1538502646.54 53.2
1538502656.55 53.2
1538502666.58 52.6
1538502676.61 52.6
1538502686.63 52.6
1538502696.65 52.6
1538502706.67 52.6
1538502716.7 53.2
1538502726.72 52.1
1538502736.74 52.1
1538502746.77 52.6
1538502756.79 52.6
1538502766.81 52.6
1538502776.83 53.7
1538502786.85 52.6
1538502796.88 53.2
1538502806.9 53.2
1538502816.91 53.7
1538502826.93 53.7
1538502836.95 53.2
1538502846.97 53.7
1538502857.0 53.2
1538502867.02 53.7
1538502877.04 53.7
1538502887.06 53.7
1538502897.09 53.7
1538502907.12 53.7
1538502917.14 53.7
1538502927.16 53.7
1538502937.17 53.7
1538502947.2 53.7
1538502957.22 53.7
1538502967.24 53.2
1538502977.27 53.2
1538502987.29 53.7
1538502997.31 53.7
1538503007.33 53.7
1538503017.35 53.7
1538503027.37 53.7
1538503037.4 53.7
1538503047.42 53.7
1538503057.44 53.7
1538503067.46 54.2
1538503077.48 53.7
1538503087.51 53.7
1538503097.53 53.7
1538503107.55 53.7
1538503117.58 53.2
1538503127.6 53.2
1538503137.62 53.7
1538503147.64 53.7
1538503157.66 53.7
1538503167.68 53.7
1538503177.71 52.6
1538503187.73 53.7
1538503197.75 53.7
1538503207.76 55.8
1538503217.78 53.7
1538503227.8 53.7
1538503237.83 53.7
1538503247.85 53.7
1538503257.87 53.2
1538503267.89 53.7
1538503277.89 53.7
1538503287.9 53.7
1538503297.92 53.7
1538503307.94 53.7
1538503317.96 53.7
1538503327.98 53.7
1538503338.0 53.7
1538503348.02 53.7
1538503358.04 53.2
1538503368.05 53.7
1538503378.08 53.2
1538503388.09 54.2
1538503398.1 53.7
1538503408.12 53.7
1538503418.14 53.7
1538503428.16 53.7
1538503438.18 54.2
1538503448.2 53.7
1538503458.22 53.7
1538503468.24 53.7
1538503478.25 54.2
1538503488.27 54.2
1538503498.29 53.7
1538503508.31 53.7
1538503518.33 53.7
1538503528.35 53.7
1538503538.37 53.7
1538503548.38 53.2
1538503558.4 53.7
1538503568.42 52.6
1538503578.44 53.2
1538503588.45 53.7
1538503598.47 52.6
1538503608.49 53.2
1538503618.51 53.7
1538503628.53 53.7
1538503638.54 53.7
1538503648.56 53.7
1538503658.58 53.2
1538503668.59 53.7
1538503678.62 53.2
1538503688.64 53.7
1538503698.66 52.6
1538503708.68 53.7
1538503718.7 53.7
1538503728.73 53.7
1538503738.75 53.7
1538503748.77 53.2
1538503758.79 53.7
1538503768.82 53.2
1538503778.84 53.7
1538503788.87 53.7
1538503798.88 53.7
1538503808.9 53.7
1538503818.92 53.7
1538503828.93 53.7
1538503838.94 52.6
1538503848.96 52.6
1538503858.98 53.7
1538503869.0 53.7
1538503879.0 53.7
1538503889.01 53.2
1538503899.03 53.2
1538503909.04 53.2
1538503919.07 53.2
1538503929.08 53.2
1538503939.1 53.2
1538503949.12 52.6
1538503959.14 52.6
1538503969.16 52.6
1538503979.18 53.2
1538503989.19 52.6
1538503999.22 52.6
1538504009.24 52.6
1538504019.25 52.6
1538504029.27 53.2
1538504039.29 52.6
1538504049.31 52.6
1538504059.33 52.6
1538504069.35 52.6
1538504079.37 53.2
1538504089.39 52.6
1538504099.41 53.2
1538504109.44 53.2
1538504119.45 52.6
1538504129.48 52.6
1538504139.5 52.6
1538504149.52 52.6
1538504159.54 52.6
1538504169.57 52.6
1538504179.59 52.1
1538504189.61 53.2
1538504199.63 52.6
1538504209.66 52.6
1538504219.68 53.2
1538504229.69 52.1
1538504239.71 52.1
1538504249.73 52.6
1538504259.75 52.1
1538504269.77 52.6
1538504279.78 53.7
1538504289.81 52.6
1538504299.81 52.1
1538504309.83 52.6
1538504319.84 53.2
1538504329.86 53.2
1538504339.87 53.7
1538504349.88 53.2
1538504359.9 52.6
1538504369.92 53.2
1538504379.93 52.6
1538504389.95 53.7
1538504399.97 53.7
1538504409.97 53.7
1538504420.0 53.7
1538504430.02 52.6
1538504440.03 52.6
1538504450.04 53.2
1538504460.06 53.2
1538504470.09 53.7
1538504480.11 52.6
1538504490.12 52.6
1538504500.15 53.7
1538504510.17 53.7
1538504520.19 53.7
1538504530.21 53.7
1538504540.24 53.7
1538504550.26 53.7
1538504560.27 53.7
1538504570.29 53.2
1538504580.3 53.7
1538504590.32 54.2
1538504600.34 53.2
1538504610.36 53.7
1538504620.37 53.7
1538504630.4 53.7
1538504640.41 53.7
1538504650.42 53.7
1538504660.44 54.2
1538504670.46 53.7
1538504680.48 53.7
1538504690.5 53.7
1538504700.52 53.7
1538504710.54 53.7
1538504720.57 53.2
1538504730.59 53.7
1538504740.61 53.7
1538504750.63 53.7
1538504760.65 52.6
1538504770.67 53.7
1538504780.7 52.6
1538504790.72 52.6
1538504800.74 53.2
1538504810.76 53.2
1538504820.78 52.6
1538504830.8 53.2
1538504840.83 52.6
1538504850.85 53.2
1538504860.87 52.6
1538504870.91 52.6
1538504880.93 53.7
1538504890.95 52.6
1538504900.97 52.1
1538504911.0 52.6
1538504921.02 53.2
1538504931.05 52.6
1538504941.07 53.2
1538504951.09 52.1
1538504961.11 52.1
1538504971.12 52.6
1538504981.15 52.1
1538504991.17 52.6
1538505001.18 53.2
1538505011.2 52.1
1538505021.23 52.6
1538505031.25 52.6
1538505041.27 52.6
1538505051.29 52.6
1538505061.31 52.1
1538505071.34 53.2
1538505081.37 52.1
1538505091.39 51.5
1538505101.41 52.6
1538505111.43 52.1
1538505121.45 51.5
1538505131.48 51.5
1538505141.48 52.6
1538505151.5 52.6
1538505161.52 51.5
1538505171.54 52.1
1538505181.55 51.5
1538505191.57 51.5
1538505201.59 51.5
1538505211.61 50.5
1538505221.63 50.5
1538505231.65 50.5
1538505241.68 50.5
1538505251.7 51.0
1538505261.72 50.5
1538505271.75 51.0
1538505281.77 51.5
1538505291.79 51.5
1538505301.81 52.1
1538505311.84 51.5
1538505321.86 52.1
1538505331.88 51.5
1538505341.9 52.1
1538505351.92 52.1
1538505361.95 51.5
1538505371.97 52.1
1538505381.99 51.5
1538505392.01 51.5
1538505402.03 52.6
1538505412.05 53.2
1538505422.07 52.1
1538505432.09 52.1
1538505442.1 52.6
1538505452.13 52.1
1538505462.15 52.1
1538505472.17 52.1
1538505482.18 51.5
1538505492.21 51.5
1538505502.23 51.5
1538505512.27 51.0
1538505522.29 52.1
1538505532.31 51.5
1538505542.34 51.5
1538505552.35 51.5
1538505562.37 51.0
1538505572.39 52.1
1538505582.41 52.1
1538505592.42 52.6
1538505602.44 52.6
1538505612.46 52.1
1538505622.48 51.5
1538505632.49 51.5
1538505642.51 52.1
1538505652.52 51.5
1538505662.54 51.5
1538505672.57 51.5
1538505682.58 51.5
1538505692.59 51.5
1538505702.61 51.5
1538505712.63 52.1
1538505722.65 51.5
1538505732.67 51.5
1538505742.69 51.5
1538505752.71 51.5
1538505762.73 51.0
1538505772.76 51.0
1538505782.78 52.1
1538505792.8 51.5
1538505802.82 52.1
1538505812.84 51.0
1538505822.87 52.1
1538505832.9 52.1
1538505842.92 51.5
1538505852.93 52.1
1538505862.94 52.6
1538505872.96 52.6
1538505882.98 52.1
1538505893.0 51.5
1538505903.02 51.5
1538505913.04 51.5
1538505923.06 51.5
1538505933.08 51.5
1538505943.1 51.5
1538505953.12 51.5
1538505963.14 51.5
1538505973.15 52.1
1538505983.17 51.5
1538505993.19 51.5
1538506003.2 51.5
1538506013.22 51.5
1538506023.23 52.1
1538506033.25 51.5
1538506043.27 51.5
1538506053.29 51.0
1538506063.31 51.5
1538506073.33 51.5
1538506083.35 52.1
1538506093.37 52.1
1538506103.39 51.5
1538506113.4 52.1
1538506123.43 51.5
1538506133.44 51.5
1538506143.46 51.5
1538506153.47 51.5
1538506163.49 51.5
1538506173.5 51.5
1538506183.52 51.5
1538506193.54 52.1
1538506203.56 50.5
1538506213.57 50.5
1538506223.6 50.5
1538506233.62 51.0
1538506243.64 50.5
1538506253.65 51.0
1538506263.68 50.5
1538506273.69 51.5
1538506283.71 50.5
1538506293.73 50.5
1538506303.75 50.5
1538506313.77 50.5
1538506323.79 50.5
1538506333.82 50.5
1538506343.85 50.5
1538506353.86 50.5
1538506363.88 50.5
1538506373.89 51.5
1538506383.92 51.5
1538506393.93 51.5
1538506403.96 49.9
1538506413.98 51.5
1538506423.98 50.5
1538506434.0 51.5
1538506444.02 51.5
1538506454.05 50.5
1538506464.07 51.5
1538506474.09 51.0
1538506484.11 51.5
1538506494.13 51.5
1538506504.16 51.5
1538506514.18 51.5
1538506524.19 51.5
1538506534.21 51.5
1538506544.23 51.5
1538506554.25 51.5
1538506564.27 51.5
1538506574.3 51.5
1538506584.32 51.5
1538506594.34 51.5
1538506604.36 51.5
1538506614.38 51.5
1538506624.41 50.5
1538506634.43 51.5
1538506644.45 51.5
1538506654.48 50.5
1538506664.5 51.5
1538506674.52 50.5
1538506684.54 52.1
1538506694.56 50.5
1538506704.58 51.5
1538506714.6 51.5
1538506724.62 51.5
1538506734.64 51.5
1538506744.66 51.5
1538506754.68 52.1
1538506764.7 51.5
1538506774.72 51.5
1538506784.74 51.5
1538506794.76 50.5
