1538900007.8 49.4
1538900017.81 50.5
1538900027.84 49.9
1538900037.86 49.9
1538900047.89 49.4
1538900057.91 49.4
1538900067.94 49.4
1538900077.96 49.9
1538900087.98 49.4
1538900098.0 50.5
1538900108.03 49.9
1538900118.05 49.4
1538900128.08 49.4
1538900138.1 50.5
1538900148.12 50.5
1538900158.15 49.9
1538900168.16 49.4
1538900178.19 49.4
1538900188.22 50.5
1538900198.24 50.5
1538900208.26 49.4
1538900218.29 49.9
1538900228.31 49.9
1538900238.33 49.9
1538900248.36 49.4
1538900258.38 49.4
1538900268.4 49.4
1538900278.42 49.4
1538900288.44 49.4
1538900298.47 49.4
1538900308.49 49.4
1538900318.52 49.4
1538900328.54 49.4
1538900338.56 49.9
1538900348.57 49.4
1538900358.59 49.4
1538900368.61 50.5
1538900378.63 49.4
1538900388.65 49.4
1538900398.67 49.4
1538900408.69 49.4
1538900418.71 49.4
1538900428.74 48.9
1538900438.76 48.3
1538900448.78 49.4
1538900458.81 48.9
1538900468.83 48.3
1538900478.85 49.4
1538900488.87 48.9
1538900498.89 48.9
1538900508.91 48.9
1538900518.94 49.4
1538900528.96 49.4
1538900538.98 49.4
1538900549.0 48.9
1538900559.03 48.9
1538900569.05 48.3
1538900579.07 48.3
1538900589.09 48.3
1538900599.12 48.9
1538900609.14 48.3
1538900619.17 49.4
1538900629.19 49.4
1538900639.22 49.4
1538900649.24 48.9
1538900659.26 49.9
1538900669.28 49.4
1538900679.3 49.4
1538900689.32 49.4
1538900699.34 48.9
1538900709.36 49.4
1538900719.38 48.9
1538900729.41 48.9
1538900739.43 49.4
1538900749.45 49.9
1538900759.47 49.4
1538900769.51 49.4
1538900779.54 49.4
1538900789.57 49.4
1538900799.59 49.4
1538900809.62 49.4
1538900819.64 49.4
1538900829.65 49.4
1538900839.68 49.4
1538900849.7 49.4
1538900859.72 49.4
1538900869.74 49.4
1538900879.76 49.4
1538900889.78 49.4
1538900899.8 49.4
1538900909.83 48.9
1538900919.85 49.9
1538900929.87 49.4
1538900939.89 49.4
1538900949.91 49.4
1538900959.93 48.9
1538900969.95 49.4
1538900979.97 48.9
1538900989.99 48.3
1538901000.01 49.4
1538901010.03 48.9
1538901020.05 48.3
1538901030.07 48.3
1538901040.09 48.3
1538901050.11 49.4
1538901060.13 48.3
1538901070.16 49.4
1538901080.17 48.9
1538901090.19 48.9
1538901100.21 49.9
1538901110.23 49.4
1538901120.25 48.3
1538901130.27 49.4
1538901140.29 48.9
1538901150.32 49.4
1538901160.34 49.4
1538901170.36 48.9
1538901180.38 48.9
1538901190.4 49.9
1538901200.41 49.4
1538901210.43 49.4
1538901220.46 49.4
1538901230.48 48.9
1538901240.5 49.4
1538901250.52 49.4
1538901260.55 49.4
1538901270.57 49.4
1538901280.59 49.4
1538901290.62 49.4
1538901300.64 48.3
1538901310.66 48.3
1538901320.69 48.3
1538901330.71 49.4
1538901340.73 49.4
1538901350.76 48.9
1538901360.78 48.9
1538901370.81 48.9
1538901380.83 48.3
1538901390.86 48.3
1538901400.88 48.3
1538901410.91 48.3
1538901420.93 49.4
1538901430.95 48.3
1538901440.98 48.9
1538901451.0 48.3
1538901461.03 48.9
1538901471.05 48.9
1538901481.07 49.4
1538901491.1 48.9
1538901501.12 48.3
1538901511.14 48.3
1538901521.17 48.3
1538901531.19 48.3
1538901541.22 48.9
1538901551.24 48.3
1538901561.26 48.3
1538901571.29 49.4
1538901581.32 49.4
1538901591.34 49.4
1538901601.36 49.4
1538901611.38 49.4
1538901621.4 49.4
1538901631.42 48.3
1538901641.44 49.9
1538901651.47 49.4
1538901661.49 49.4
1538901671.52 49.4
1538901681.54 48.3
1538901691.56 49.4
1538901701.59 49.4
1538901711.61 49.4
1538901721.63 49.4
1538901731.65 49.4
1538901741.67 49.4
1538901751.69 49.4
1538901761.71 49.4
1538901771.73 48.9
1538901781.75 49.4
1538901791.77 49.4
1538901801.8 49.4
1538901811.82 49.4
1538901821.85 48.9
1538901831.87 49.4
1538901841.89 49.4
1538901851.92 48.3
1538901861.94 49.4
1538901871.97 48.3
1538901881.99 49.4
1538901892.02 49.4
1538901902.04 49.4
1538901912.06 48.3
1538901922.09 48.9
1538901932.12 49.4
1538901942.14 48.3
1538901952.17 48.9
1538901962.19 48.9
1538901972.22 48.3
1538901982.24 48.9
1538901992.27 48.9
1538902002.3 48.9
1538902012.32 48.3
1538902022.34 49.4
1538902032.37 49.4
1538902042.39 48.3
1538902052.41 49.4
1538902062.44 49.4
1538902072.46 49.4
1538902082.49 48.3
1538902092.51 49.4
1538902102.54 49.4
1538902112.56 48.3
1538902122.59 48.9
1538902132.61 48.9
1538902142.64 49.4
1538902152.66 48.9
1538902162.69 48.3
1538902172.71 48.9
1538902182.74 49.4
1538902192.76 48.3
1538902202.79 49.4
1538902212.81 49.4
1538902222.83 49.4
1538902232.86 48.9
1538902242.88 48.3
1538902252.91 49.4
1538902262.93 48.3
1538902272.96 49.4
1538902282.99 49.4
1538902293.01 49.4
1538902303.03 48.3
1538902313.06 49.4
1538902323.09 49.4
1538902333.11 48.9
1538902343.13 49.4
1538902353.16 48.9
1538902363.19 49.4
1538902373.21 48.9
1538902383.24 48.9
1538902393.26 48.9
1538902403.29 48.9
1538902413.31 48.9
1538902423.34 48.9
1538902433.36 48.9
1538902443.39 48.9
1538902453.41 49.4
1538902463.43 49.4
1538902473.46 49.4
1538902483.48 49.4
1538902493.51 48.9
1538902503.55 49.4
1538902513.57 48.3
1538902523.6 49.4
1538902533.62 49.9
1538902543.65 49.4
1538902553.67 49.4
1538902563.7 48.3
1538902573.72 49.4
1538902583.75 49.4
1538902593.78 48.9
1538902603.8 49.4
1538902613.83 48.9
1538902623.85 48.9
1538902633.88 48.9
1538902643.91 48.3
1538902653.93 48.3
1538902663.95 49.4
1538902673.98 49.9
1538902684.0 49.4
1538902694.02 48.9
1538902704.04 49.4
1538902714.07 49.4
1538902724.09 49.4
1538902734.12 49.4
1538902744.14 49.4
1538902754.17 49.4
1538902764.19 50.5
1538902774.21 49.4
1538902784.23 49.4
1538902794.26 49.4
1538902804.27 51.5
1538902814.3 49.9
1538902824.32 49.9
1538902834.35 49.4
1538902844.37 49.4
1538902854.4 49.4
1538902864.42 49.4
1538902874.44 49.4
1538902884.46 50.5
1538902894.49 49.4
1538902904.51 49.4
1538902914.54 49.4
1538902924.56 48.9
1538902934.59 49.4
1538902944.61 48.9
1538902954.64 48.9
1538902964.66 49.4
1538902974.68 49.4
1538902984.69 49.4
1538902994.72 48.9
1538903004.74 49.4
1538903014.76 49.4
1538903024.78 49.4
1538903034.8 49.9
1538903044.82 49.4
1538903054.84 49.4
1538903064.87 49.9
1538903074.89 49.4
1538903084.92 49.4
1538903094.95 49.4
1538903104.97 49.4
1538903114.99 49.4
1538903125.02 50.5
1538903135.05 50.5
1538903145.07 50.5
1538903155.09 49.4
1538903165.12 49.4
1538903175.14 49.4
1538903185.17 50.5
1538903195.18 50.5
1538903205.2 50.5
1538903215.23 50.5
1538903225.24 50.5
1538903235.26 50.5
1538903245.29 50.5
1538903255.31 50.5
1538903265.33 49.9
1538903275.36 49.4
1538903285.38 50.5
1538903295.4 50.5
1538903305.42 49.9
1538903315.44 50.5
1538903325.46 49.4
1538903335.49 49.9
1538903345.51 50.5
1538903355.53 50.5
1538903365.55 50.5
1538903375.58 50.5
1538903385.59 51.0
1538903395.62 50.5
1538903405.64 50.5
1538903415.66 50.5
1538903425.69 49.9
1538903435.71 49.9
1538903445.74 50.5
1538903455.76 50.5
1538903465.78 50.5
1538903475.8 50.5
1538903485.83 49.9
1538903495.86 50.5
1538903505.88 49.9
1538903515.9 50.5
1538903525.92 49.9
1538903535.95 49.9
1538903545.97 51.0
1538903555.99 50.5
1538903566.01 51.5
1538903576.04 50.5
1538903586.06 51.5
1538903596.08 51.5
1538903606.1 51.0
1538903616.12 51.5
1538903626.15 50.5
1538903636.17 51.5
1538903646.19 50.5
1538903656.22 50.5
1538903666.24 50.5
1538903676.26 51.5
1538903686.28 49.9
1538903696.31 50.5
1538903706.33 51.5
1538903716.36 50.5
1538903726.37 51.5
1538903736.4 49.9
1538903746.42 50.5
1538903756.43 50.5
1538903766.46 50.5
1538903776.48 50.5
1538903786.5 50.5
1538903796.52 50.5
1538903806.54 50.5
1538903816.55 50.5
1538903826.58 50.5
1538903836.6 49.9
1538903846.62 49.4
1538903856.65 49.9
1538903866.68 49.4
1538903876.7 49.9
1538903886.72 50.5
1538903896.74 49.4
1538903906.76 50.5
1538903916.77 49.9
1538903926.79 49.4
1538903936.81 49.9
1538903946.84 49.9
1538903956.86 49.9
1538903966.87 49.4
1538903976.89 50.5
1538903986.92 49.4
1538903996.94 49.9
1538904006.97 49.4
1538904016.99 49.9
1538904027.01 49.4
1538904037.04 49.4
1538904047.07 49.4
1538904057.09 49.4
1538904067.11 49.4
1538904077.13 49.4
1538904087.15 49.4
1538904097.17 49.9
1538904107.19 49.4
1538904117.21 49.4
1538904127.23 50.5
1538904137.25 49.9
1538904147.26 50.5
1538904157.28 49.9
1538904167.29 50.5
1538904177.31 50.5
1538904187.33 49.4
1538904197.35 50.5
1538904207.37 49.4
1538904217.39 49.4
1538904227.41 49.4
1538904237.42 49.4
1538904247.44 49.9
1538904257.46 49.4
1538904267.48 49.4
1538904277.5 49.4
1538904287.52 50.5
1538904297.53 49.4
1538904307.55 49.9
1538904317.57 50.5
1538904327.59 49.9
1538904337.6 50.5
1538904347.62 49.9
1538904357.64 49.9
1538904367.68 49.9
1538904377.7 49.4
1538904387.72 49.4
1538904397.74 49.4
1538904407.76 49.4
1538904417.78 49.4
1538904427.8 49.4
1538904437.82 49.4
1538904447.84 49.4
1538904457.86 49.4
1538904467.88 49.4
1538904477.9 48.9
1538904487.91 49.4
1538904497.93 49.4
1538904507.96 49.4
1538904517.98 49.4
1538904528.0 48.9
1538904538.02 49.4
1538904548.04 49.4
1538904558.06 49.4
1538904568.08 48.9
1538904578.1 49.4
1538904588.12 49.4
1538904598.14 48.9
1538904608.16 49.4
1538904618.18 49.4
1538904628.2 49.4
1538904638.22 49.4
1538904648.24 50.5
1538904658.26 49.4
1538904668.28 49.4
1538904678.3 49.4
1538904688.32 48.9
1538904698.34 48.9
1538904708.36 48.3
1538904718.38 49.4
1538904728.4 48.9
1538904738.43 49.4
1538904748.45 48.3
1538904758.47 49.4
1538904768.49 48.3
1538904778.52 48.3
1538904788.54 49.4
1538904798.57 48.9
1538904808.59 48.9
1538904818.61 48.9
1538904828.63 49.4
1538904838.65 48.3
1538904848.67 49.4
1538904858.7 49.4
1538904868.71 49.4
1538904878.73 48.3
1538904888.75 48.9
1538904898.77 48.9
1538904908.79 48.9
1538904918.82 48.9
1538904928.84 48.3
1538904938.87 48.3
1538904948.89 47.8
1538904958.91 49.4
1538904968.93 49.4
1538904978.95 49.4
1538904988.97 49.4
1538904998.99 48.3
1538905009.01 49.4
1538905019.03 49.4
1538905029.06 48.9
1538905039.09 49.4
1538905049.11 49.4
1538905059.14 49.4
1538905069.16 49.4
1538905079.18 48.9
1538905089.19 49.9
1538905099.22 49.4
1538905109.24 49.4
1538905119.25 49.4
1538905129.27 49.9
1538905139.29 49.4
1538905149.31 49.4
1538905159.33 49.4
1538905169.35 49.9
1538905179.37 49.4
1538905189.38 49.4
1538905199.41 49.4
1538905209.43 49.4
1538905219.44 49.9
1538905229.46 48.9
1538905239.48 49.9
1538905249.5 49.4
1538905259.52 49.4
1538905269.53 50.5
1538905279.55 49.4
1538905289.57 49.9
1538905299.59 49.4
1538905309.61 49.4
1538905319.63 49.4
1538905329.65 49.9
1538905339.68 49.4
1538905349.7 49.9
1538905359.72 49.4
1538905369.74 50.5
1538905379.76 49.4
1538905389.77 49.9
1538905399.8 49.4
1538905409.82 49.9
1538905419.85 49.4
1538905429.87 49.4
1538905439.9 49.4
1538905449.92 49.4
1538905459.94 49.4
1538905469.95 50.5
1538905479.98 49.4
1538905490.0 49.4
1538905500.03 48.3
1538905510.05 49.4
1538905520.07 49.4
1538905530.1 49.4
1538905540.12 48.9
1538905550.15 49.4
1538905560.17 49.4
1538905570.2 49.4
1538905580.22 49.4
1538905590.25 49.4
1538905600.27 49.4
1538905610.29 49.4
1538905620.31 49.4
1538905630.33 49.9
1538905640.36 49.9
1538905650.38 49.4
1538905660.4 48.9
1538905670.42 49.4
1538905680.45 49.4
1538905690.48 48.9
1538905700.5 49.4
1538905710.53 49.4
1538905720.55 49.4
1538905730.58 48.9
1538905740.6 49.4
1538905750.63 49.4
1538905760.65 49.4
1538905770.67 49.4
1538905780.7 49.4
1538905790.72 49.4
1538905800.74 49.4
1538905810.77 48.9
1538905820.79 48.3
1538905830.82 49.4
1538905840.84 49.4
1538905850.87 49.4
1538905860.89 49.4
1538905870.91 49.9
1538905880.93 49.4
1538905890.96 49.4
1538905900.99 48.3
1538905911.01 48.9
1538905921.03 49.4
1538905931.06 48.9
1538905941.08 49.4
1538905951.11 49.4
1538905961.13 49.4
1538905971.16 49.4
1538905981.18 49.4
1538905991.21 48.9
1538906001.23 48.3
1538906011.25 48.9
1538906021.28 49.4
1538906031.3 48.9
1538906041.33 48.3
1538906051.35 48.9
1538906061.38 49.4
1538906071.4 49.4
1538906081.42 49.9
1538906091.44 49.9
1538906101.47 49.4
1538906111.49 49.4
1538906121.52 49.9
1538906131.54 49.4
1538906141.56 49.4
1538906151.58 48.9
1538906161.6 49.4
1538906171.62 49.4
1538906181.64 49.4
1538906191.66 49.4
1538906201.68 49.4
1538906211.7 49.4
1538906221.72 49.9
1538906231.74 48.9
1538906241.76 49.9
1538906251.77 49.9
1538906261.79 49.9
1538906271.81 49.4
1538906281.83 49.4
1538906291.85 49.9
1538906301.87 49.4
1538906311.89 50.5
1538906321.91 49.4
1538906331.93 49.9
1538906341.96 49.4
1538906351.98 49.4
1538906362.0 50.5
1538906372.02 49.9
1538906382.04 49.9
1538906392.06 49.9
1538906402.08 50.5
1538906412.09 50.5
1538906422.1 50.5
1538906432.12 50.5
1538906442.14 50.5
1538906452.15 50.5
1538906462.17 50.5
1538906472.19 49.9
1538906482.21 49.9
1538906492.24 49.4
1538906502.26 50.5
1538906512.29 49.9
1538906522.31 49.9
1538906532.33 49.9
1538906542.36 50.5
1538906552.38 50.5
1538906562.4 49.4
1538906572.42 50.5
1538906582.44 50.5
1538906592.46 51.0
1538906602.48 49.9
1538906612.5 50.5
1538906622.52 49.9
1538906632.53 50.5
1538906642.56 49.4
1538906652.58 49.4
1538906662.6 49.9
1538906672.62 49.9
1538906682.65 49.9
1538906692.66 49.9
1538906702.68 49.4
1538906712.7 49.9
1538906722.73 49.9
1538906732.75 49.9
1538906742.78 50.5
1538906752.8 50.5
1538906762.83 49.9
1538906772.85 50.5
1538906782.88 49.9
1538906792.9 49.9
1538906802.93 49.4
1538906812.95 50.5
1538906822.98 49.9
1538906833.0 50.5
1538906843.03 50.5
1538906853.05 50.5
1538906863.07 50.5
1538906873.1 49.4
1538906883.12 50.5
1538906893.14 51.0
1538906903.17 50.5
1538906913.19 49.9
1538906923.21 50.5
1538906933.24 51.0
1538906943.26 50.5
1538906953.28 50.5
1538906963.31 50.5
1538906973.33 51.5
1538906983.35 49.9
1538906993.38 51.0
1538907003.4 51.5
1538907013.42 51.5
1538907023.44 50.5
1538907033.47 51.5
1538907043.49 51.5
1538907053.51 51.0
1538907063.54 50.5
1538907073.57 50.5
1538907083.59 50.5
1538907093.61 50.5
1538907103.64 50.5
1538907113.66 50.5
1538907123.7 49.9
1538907133.73 50.5
1538907143.75 50.5
1538907153.77 51.5
1538907163.79 51.5
1538907173.82 51.5
1538907183.84 52.1
1538907193.86 51.5
1538907203.88 50.5
1538907213.91 51.5
1538907223.92 51.5
1538907233.94 51.5
1538907243.96 51.5
1538907253.99 52.1
1538907264.01 51.5
1538907274.03 52.1
1538907284.06 51.5
1538907294.08 52.1
1538907304.1 52.1
1538907314.13 51.5
1538907324.15 51.5
1538907334.18 52.1
1538907344.2 51.0
1538907354.23 51.5
1538907364.25 52.1
1538907374.28 51.5
1538907384.3 51.0
1538907394.32 51.5
1538907404.34 51.5
1538907414.37 52.1
1538907424.39 51.5
1538907434.41 52.1
1538907444.43 52.1
1538907454.46 51.5
1538907464.47 51.5
1538907474.49 52.1
1538907484.51 51.5
1538907494.53 52.1
1538907504.54 52.6
1538907514.56 52.1
1538907524.58 52.6
1538907534.6 51.0
1538907544.62 50.5
1538907554.64 52.1
1538907564.66 51.5
1538907574.68 51.5
1538907584.7 52.1
1538907594.72 51.5
1538907604.74 51.5
1538907614.76 52.1
1538907624.77 52.1
1538907634.8 51.0
1538907644.82 50.5
1538907654.84 51.5
1538907664.86 51.5
1538907674.87 52.1
1538907684.89 51.5
1538907694.92 50.5
1538907704.93 51.5
1538907714.95 51.5
1538907724.96 51.5
1538907734.98 51.0
1538907745.0 51.0
1538907755.02 50.5
1538907765.03 51.5
1538907775.05 50.5
1538907785.07 51.5
1538907795.09 51.0
1538907805.11 50.5
1538907815.13 50.5
1538907825.14 51.5
1538907835.17 51.0
1538907845.19 51.0
1538907855.21 50.5
1538907865.23 51.5
1538907875.25 50.5
1538907885.27 51.5
1538907895.29 50.5
1538907905.31 54.8
1538907915.33 54.2
1538907925.34 52.6
1538907935.35 52.6
1538907945.38 51.5
1538907955.4 52.1
1538907965.42 51.5
1538907975.45 52.1
1538907985.47 51.5
1538907995.49 51.5
1538908005.51 51.5
1538908015.53 51.5
1538908025.55 51.5
1538908035.58 51.5
1538908045.6 51.5
1538908055.62 52.1
1538908065.63 52.1
1538908075.65 51.5
1538908085.67 52.1
1538908095.7 51.5
1538908105.72 52.1
1538908115.75 52.1
1538908125.77 51.5
1538908135.79 52.1
1538908145.81 52.1
1538908155.83 52.6
1538908165.85 51.5
1538908175.86 52.1
1538908185.88 51.5
1538908195.9 51.5
1538908205.92 52.1
1538908215.94 51.5
1538908225.96 52.1
1538908235.98 51.5
1538908246.0 52.1
1538908256.02 52.1
1538908266.04 52.1
1538908276.06 52.1
1538908286.09 51.5
1538908296.11 52.1
1538908306.13 50.5
1538908316.16 51.5
1538908326.19 51.5
1538908336.21 52.1
1538908346.23 51.5
1538908356.25 52.6
1538908366.27 51.5
1538908376.29 52.1
1538908386.32 51.5
1538908396.34 51.5
1538908406.36 51.5
1538908416.39 52.1
1538908426.41 51.5
1538908436.43 52.6
1538908446.45 52.1
1538908456.48 52.6
1538908466.49 51.5
1538908476.5 52.1
1538908486.52 51.5
1538908496.54 52.1
1538908506.56 51.5
1538908516.58 51.5
1538908526.61 51.5
1538908536.62 52.1
1538908546.64 51.5
1538908556.66 52.6
1538908566.68 52.1
1538908576.7 52.1
1538908586.72 51.5
1538908596.73 52.1
1538908606.75 51.5
1538908616.77 52.1
1538908626.79 52.6
1538908636.82 52.1
1538908646.84 52.6
1538908656.85 52.1
1538908666.88 52.1
1538908676.9 52.6
1538908686.92 52.6
1538908696.94 52.6
1538908706.96 52.1
1538908716.98 52.1
1538908727.01 52.1
1538908737.03 51.5
1538908747.05 52.1
1538908757.08 52.1
1538908767.1 52.1
1538908777.12 52.6
1538908787.14 52.6
1538908797.16 52.6
1538908807.19 52.1
1538908817.21 51.5
1538908827.24 52.1
1538908837.26 52.6
1538908847.28 52.1
1538908857.29 52.1
1538908867.31 53.2
1538908877.33 52.6
1538908887.35 52.6
1538908897.37 52.6
1538908907.4 52.1
1538908917.42 51.5
1538908927.44 52.1
1538908937.47 52.1
1538908947.49 51.5
1538908957.51 51.5
1538908967.53 51.5
1538908977.56 52.1
1538908987.58 51.5
1538908997.61 51.5
1538909007.64 52.1
1538909017.65 51.5
1538909027.67 51.5
1538909037.69 51.5
1538909047.71 52.6
1538909057.73 51.5
1538909067.76 52.1
1538909077.78 52.1
1538909087.8 52.1
1538909097.81 51.5
1538909107.83 52.6
1538909117.85 51.5
1538909127.87 52.6
1538909137.89 52.1
1538909147.92 52.6
1538909157.94 51.5
1538909167.96 52.1
1538909177.98 52.6
1538909188.0 52.1
1538909198.03 52.1
1538909208.05 52.1
1538909218.07 51.5
1538909228.09 55.3
1538909238.1 52.6
1538909248.12 53.2
1538909258.14 52.6
1538909268.15 53.7
1538909278.17 53.2
1538909288.19 52.6
1538909298.21 52.6
1538909308.23 52.1
1538909318.25 53.7
1538909328.26 52.6
1538909338.28 52.6
1538909348.3 51.5
1538909358.32 52.6
1538909368.34 52.1
1538909378.35 52.6
1538909388.38 52.1
1538909398.4 52.6
1538909408.43 52.6
1538909418.45 52.6
1538909428.46 52.1
1538909438.48 52.6
1538909448.5 51.5
1538909458.52 52.1
1538909468.54 52.1
1538909478.57 52.1
1538909488.59 52.1
1538909498.6 52.1
1538909508.63 51.5
1538909518.66 52.6
1538909528.68 52.1
1538909538.7 52.6
1538909548.71 52.6
1538909558.74 51.5
1538909568.76 52.1
1538909578.78 52.6
1538909588.8 51.5
1538909598.83 52.1
1538909608.84 51.5
1538909618.86 52.1
1538909628.88 52.6
1538909638.9 52.6
1538909648.92 52.6
1538909658.94 52.1
1538909668.95 52.6
1538909678.98 51.5
1538909689.0 52.1
1538909699.02 52.6
1538909709.04 51.5
1538909719.06 52.6
1538909729.08 52.6
1538909739.1 52.6
1538909749.12 52.6
1538909759.15 53.2
1538909769.17 52.1
1538909779.19 52.1
1538909789.21 52.1
1538909799.23 51.5
1538909809.25 53.2
1538909819.28 51.5
1538909829.3 52.6
1538909839.32 52.1
1538909849.34 52.1
1538909859.36 53.2
1538909869.38 52.6
1538909879.41 52.6
1538909889.44 52.1
1538909899.46 52.6
1538909909.48 52.1
1538909919.5 52.1
1538909929.53 53.2
1538909939.55 53.2
1538909949.57 53.2
1538909959.6 53.2
1538909969.62 53.7
1538909979.64 52.6
1538909989.67 52.6
1538909999.69 53.2
