1539400003.22 42.9
1539400013.24 42.9
1539400023.25 41.9
1539400033.27 42.9
1539400043.29 42.4
1539400053.31 42.9
1539400063.33 43.5
1539400073.34 42.9
1539400083.36 41.9
1539400093.38 41.9
1539400103.39 41.9
1539400113.42 41.9
1539400123.44 42.4
1539400133.46 42.4
1539400143.48 42.9
1539400153.49 42.9
1539400163.51 42.4
1539400173.52 42.9
1539400183.54 42.9
1539400193.55 42.9
1539400203.57 42.4
1539400213.59 41.9
1539400223.61 42.9
1539400233.64 41.9
1539400243.66 41.9
1539400253.67 41.9
1539400263.69 42.4
1539400273.72 41.9
1539400283.73 41.9
1539400293.75 42.4
1539400303.76 42.4
1539400313.78 41.9
1539400323.81 41.9
1539400333.83 41.9
1539400343.84 41.9
1539400353.86 42.4
1539400363.88 41.9
1539400373.89 41.9
1539400383.91 41.9
1539400393.94 42.4
1539400403.96 41.9
1539400413.98 41.9
1539400424.0 41.9
1539400434.02 42.4
1539400444.04 41.9
1539400454.06 41.9
1539400464.07 42.9
1539400474.1 41.9
1539400484.12 41.3
1539400494.14 41.9
1539400504.16 41.9
1539400514.18 40.8
1539400524.2 41.9
1539400534.22 41.3
1539400544.23 40.8
1539400554.26 40.8
1539400564.28 41.9
1539400574.3 40.8
1539400584.32 41.9
1539400594.34 40.8
1539400604.35 41.9
1539400614.37 41.9
1539400624.39 42.4
1539400634.4 41.9
1539400644.41 41.9
1539400654.43 41.9
1539400664.45 42.4
1539400674.47 41.9
1539400684.49 41.9
1539400694.51 42.4
1539400704.52 42.4
1539400714.55 41.9
1539400724.57 41.9
1539400734.59 41.9
1539400744.61 41.3
1539400754.63 41.9
1539400764.65 41.9
1539400774.67 41.9
1539400784.69 42.4
1539400794.71 42.9
1539400804.72 42.4
1539400814.74 42.9
1539400824.76 42.9
1539400834.78 42.9
1539400844.8 42.4
1539400854.82 42.9
1539400864.84 42.4
1539400874.86 42.4
1539400884.88 41.9
1539400894.9 42.4
1539400904.92 42.9
1539400914.93 42.4
1539400924.95 42.9
1539400934.98 42.4
1539400945.0 42.4
1539400955.02 42.9
1539400965.04 42.9
1539400975.06 42.9
1539400985.07 42.9
1539400995.09 42.4
1539401005.1 42.9
1539401015.13 42.9
1539401025.14 42.9
1539401035.16 42.4
1539401045.17 42.9
1539401055.19 42.9
1539401065.21 42.4
1539401075.23 42.4
1539401085.25 42.9
1539401095.27 42.4
1539401105.29 42.9
1539401115.31 42.4
1539401125.33 42.4
1539401135.34 42.4
1539401145.37 42.4
1539401155.39 41.9
1539401165.42 42.9
1539401175.44 42.4
1539401185.47 41.9
1539401195.49 41.9
1539401205.51 41.9
1539401215.53 42.4
1539401225.55 42.4
1539401235.57 42.9
1539401245.58 42.9
1539401255.59 42.4
1539401265.61 41.3
1539401275.63 41.9
1539401285.65 41.3
1539401295.67 41.9
1539401305.69 41.9
1539401315.71 41.9
1539401325.72 41.9
1539401335.76 41.3
1539401345.78 41.9
1539401355.8 41.9
1539401365.82 41.3
1539401375.84 41.9
1539401385.86 41.9
1539401395.88 41.3
1539401405.9 40.8
1539401415.92 41.9
1539401425.94 41.9
1539401435.96 41.9
1539401445.98 41.3
1539401456.0 41.9
1539401466.03 41.3
1539401476.05 41.9
1539401486.07 40.8
1539401496.1 41.3
1539401506.12 40.8
1539401516.14 41.3
1539401526.16 41.3
1539401536.18 41.3
1539401546.2 41.3
1539401556.22 41.9
1539401566.24 41.9
1539401576.25 41.9
1539401586.27 41.9
1539401596.3 41.9
1539401606.32 42.4
1539401616.34 41.9
1539401626.36 41.9
1539401636.38 41.9
1539401646.4 41.3
1539401656.42 40.8
1539401666.44 41.3
1539401676.45 41.9
1539401686.48 41.3
1539401696.51 41.9
1539401706.53 41.3
1539401716.56 40.8
1539401726.58 40.8
1539401736.6 41.3
1539401746.62 41.3
1539401756.64 41.9
1539401766.66 41.9
1539401776.68 41.3
1539401786.69 41.9
1539401796.7 41.9
1539401806.72 41.9
1539401816.74 41.3
1539401826.75 41.9
1539401836.77 41.9
1539401846.79 41.9
1539401856.81 41.9
1539401866.83 42.4
1539401876.85 42.9
1539401886.87 41.9
1539401896.88 42.4
1539401906.9 41.9
1539401916.91 42.4
1539401926.93 41.3
1539401936.95 41.9
1539401946.96 41.9
1539401956.99 41.9
1539401967.0 42.4
1539401977.01 41.9
1539401987.03 41.9
1539401997.05 42.4
1539402007.06 41.9
1539402017.08 41.9
1539402027.1 41.9
1539402037.12 41.9
1539402047.14 41.9
1539402057.16 41.9
1539402067.18 40.8
1539402077.19 41.9
1539402087.22 41.3
1539402097.23 41.9
1539402107.25 40.8
1539402117.27 41.9
1539402127.3 40.8
1539402137.32 40.8
1539402147.33 41.9
1539402157.36 41.3
1539402167.37 41.9
1539402177.4 41.9
1539402187.41 41.9
1539402197.42 41.3
1539402207.44 41.9
1539402217.46 41.9
1539402227.48 41.9
1539402237.49 41.9
1539402247.52 41.9
1539402257.54 41.9
1539402267.56 41.9
1539402277.57 41.9
1539402287.59 41.9
1539402297.6 41.9
1539402307.62 41.9
1539402317.64 41.3
1539402327.66 40.8
1539402337.68 41.3
1539402347.7 41.9
1539402357.71 42.4
1539402367.73 42.4
1539402377.75 41.9
1539402387.77 42.4
1539402397.79 41.3
1539402407.8 42.9
1539402417.82 41.9
1539402427.84 41.9
1539402437.86 42.9
1539402447.87 42.9
1539402457.89 42.9
1539402467.91 42.4
1539402477.93 42.9
1539402487.94 42.4
1539402497.96 42.9
1539402507.97 42.9
1539402517.99 41.9
1539402528.01 42.9
1539402538.03 42.4
1539402548.05 41.9
1539402558.06 42.9
1539402568.08 42.9
1539402578.1 42.4
1539402588.12 42.4
1539402598.13 42.9
1539402608.14 42.4
1539402618.16 41.9
1539402628.19 41.9
1539402638.2 42.4
1539402648.22 41.9
1539402658.23 41.9
1539402668.25 41.9
1539402678.27 42.4
1539402688.29 42.4
1539402698.3 42.4
1539402708.32 41.3
1539402718.34 41.9
1539402728.36 40.8
1539402738.37 41.3
1539402748.4 40.8
1539402758.41 41.3
1539402768.43 40.8
1539402778.45 41.9
1539402788.47 41.9
1539402798.49 41.9
1539402808.5 41.9
1539402818.52 41.9
1539402828.54 41.9
1539402838.56 41.9
1539402848.58 40.8
1539402858.6 40.8
1539402868.61 41.9
1539402878.63 41.3
1539402888.65 41.9
1539402898.67 41.9
1539402908.69 41.3
1539402918.72 41.3
1539402928.74 40.8
1539402938.76 41.9
1539402948.78 40.8
1539402958.8 41.3
1539402968.82 41.9
1539402978.83 41.9
1539402988.85 40.8
1539402998.87 40.8
1539403008.9 41.3
1539403018.92 41.3
1539403028.94 41.9
1539403038.95 41.3
1539403048.97 41.9
1539403058.99 41.9
1539403069.01 41.9
1539403079.03 41.9
1539403089.05 40.8
1539403099.07 41.3
1539403109.09 40.8
1539403119.12 40.8
1539403129.14 40.8
1539403139.15 40.8
1539403149.17 41.3
1539403159.19 40.8
1539403169.21 40.8
1539403179.23 40.8
1539403189.25 41.3
1539403199.28 40.8
1539403209.3 41.3
1539403219.31 41.3
1539403229.33 41.9
1539403239.35 40.8
1539403249.37 41.3
1539403259.4 40.8
1539403269.42 40.8
1539403279.44 40.8
1539403289.46 40.8
1539403299.48 41.3
1539403309.5 40.8
1539403319.52 41.9
1539403329.54 41.3
1539403339.56 41.3
1539403349.58 40.8
1539403359.6 41.3
1539403369.62 40.8
1539403379.64 40.8
1539403389.66 40.8
1539403399.68 41.3
1539403409.69 39.7
1539403419.72 40.8
1539403429.74 40.8
1539403439.76 40.8
1539403449.78 40.8
1539403459.8 40.8
1539403469.82 40.8
1539403479.84 40.8
1539403489.86 40.8
1539403499.88 40.8
1539403509.91 40.8
1539403519.93 41.9
1539403529.95 40.8
1539403539.97 40.8
1539403549.99 40.2
1539403560.02 40.2
1539403570.04 40.8
1539403580.06 40.2
1539403590.08 40.8
1539403600.1 40.8
1539403610.12 40.2
1539403620.14 40.8
1539403630.16 40.8
1539403640.18 40.2
1539403650.2 40.8
1539403660.22 39.7
1539403670.25 39.7
1539403680.26 40.8
1539403690.28 40.2
1539403700.3 39.7
1539403710.31 40.8
1539403720.32 41.3
1539403730.34 39.7
1539403740.36 40.8
1539403750.38 39.7
1539403760.4 40.8
1539403770.43 40.8
1539403780.45 40.8
1539403790.47 39.7
1539403800.49 40.8
1539403810.51 40.8
1539403820.53 40.8
1539403830.56 39.7
1539403840.58 40.2
1539403850.6 40.8
1539403860.62 41.3
1539403870.63 39.7
1539403880.66 39.7
1539403890.68 40.8
1539403900.7 40.8
1539403910.72 40.8
1539403920.74 40.2
1539403930.76 40.8
1539403940.78 40.8
1539403950.8 39.7
1539403960.82 40.8
1539403970.84 40.8
1539403980.85 41.3
1539403990.87 40.8
1539404000.89 40.8
1539404010.91 40.8
1539404020.94 40.8
1539404030.97 40.2
1539404040.99 40.8
1539404051.02 40.8
1539404061.04 40.8
1539404071.06 40.8
1539404081.07 41.3
1539404091.09 40.2
1539404101.11 40.8
1539404111.12 40.8
1539404121.15 40.8
1539404131.16 40.8
1539404141.18 40.8
1539404151.2 40.8
1539404161.22 41.3
1539404171.24 41.9
1539404181.26 41.9
1539404191.28 41.9
1539404201.29 40.8
1539404211.31 41.3
1539404221.33 40.8
1539404231.35 41.3
1539404241.37 41.3
1539404251.39 42.4
1539404261.41 41.3
1539404271.44 41.3
1539404281.45 41.9
1539404291.47 41.3
1539404301.49 41.3
1539404311.5 41.9
1539404321.52 41.9
1539404331.54 41.3
1539404341.57 41.3
1539404351.59 41.3
1539404361.6 41.3
1539404371.62 41.9
1539404381.64 41.3
1539404391.65 40.8
1539404401.67 41.9
1539404411.68 41.3
1539404421.7 40.8
1539404431.73 40.8
1539404441.75 40.8
1539404451.76 41.3
1539404461.78 41.9
1539404471.79 41.3
1539404481.82 40.8
1539404491.84 41.3
1539404501.85 40.8
1539404511.88 41.3
1539404521.9 41.3
1539404531.91 41.9
1539404541.92 40.8
1539404551.93 40.8
1539404561.96 40.8
1539404571.98 40.8
1539404582.0 40.8
1539404592.02 41.3
1539404602.04 40.8
1539404612.06 40.8
1539404622.08 41.3
1539404632.1 41.9
1539404642.11 41.3
1539404652.13 41.9
1539404662.15 40.8
1539404672.17 40.8
1539404682.19 41.9
1539404692.21 41.3
1539404702.24 40.8
1539404712.25 41.3
1539404722.27 41.9
1539404732.29 40.8
1539404742.31 41.3
1539404752.32 41.3
1539404762.34 42.4
1539404772.36 41.3
1539404782.38 40.8
1539404792.4 40.8
1539404802.42 41.3
1539404812.44 41.9
1539404822.46 40.8
1539404832.47 42.4
1539404842.49 40.8
1539404852.51 41.3
1539404862.52 41.9
1539404872.54 41.3
1539404882.56 40.8
1539404892.58 41.3
1539404902.6 40.8
1539404912.62 41.3
1539404922.64 41.3
1539404932.65 41.9
1539404942.67 41.3
1539404952.69 41.9
1539404962.71 40.8
1539404972.73 40.8
1539404982.74 40.8
1539404992.77 40.8
1539405002.79 41.9
1539405012.81 40.8
1539405022.83 40.8
1539405032.85 40.8
1539405042.87 41.3
1539405052.89 41.3
1539405062.91 41.3
1539405072.93 41.3
1539405082.95 41.3
1539405092.97 40.8
1539405103.0 40.8
1539405113.02 40.8
1539405123.04 40.8
1539405133.05 40.8
1539405143.08 41.3
1539405153.09 41.9
1539405163.11 41.9
1539405173.13 41.3
1539405183.16 40.8
1539405193.17 41.9
1539405203.19 41.9
1539405213.2 42.4
1539405223.22 41.9
1539405233.23 41.3
1539405243.25 40.8
1539405253.27 41.9
1539405263.29 40.8
1539405273.31 41.9
1539405283.33 41.3
1539405293.35 41.9
1539405303.37 41.9
1539405313.39 41.9
1539405323.4 41.9
1539405333.42 41.9
1539405343.44 41.3
1539405353.46 41.9
1539405363.48 40.8
1539405373.51 41.3
1539405383.53 40.8
1539405393.55 40.8
1539405403.57 41.3
1539405413.59 41.3
1539405423.6 41.9
1539405433.62 41.9
1539405443.64 41.3
1539405453.66 40.8
1539405463.68 41.3
1539405473.71 40.8
1539405483.73 40.8
1539405493.75 41.3
1539405503.77 41.9
1539405513.79 40.8
1539405523.81 40.8
1539405533.83 40.8
1539405543.85 41.9
1539405553.87 41.9
1539405563.89 41.3
1539405573.91 40.8
1539405583.93 41.3
1539405593.95 41.3
1539405603.97 41.3
1539405613.98 41.3
1539405624.0 41.9
1539405634.02 40.8
1539405644.04 41.3
1539405654.06 40.8
1539405664.07 40.8
1539405674.09 41.3
1539405684.12 40.8
1539405694.14 40.8
1539405704.16 40.8
1539405714.18 40.8
1539405724.2 40.8
1539405734.22 40.8
1539405744.23 41.9
1539405754.25 40.8
1539405764.27 40.8
1539405774.29 41.3
1539405784.31 40.8
1539405794.34 41.3
1539405804.36 40.8
1539405814.38 41.3
1539405824.39 40.8
1539405834.41 41.3
1539405844.43 40.8
1539405854.45 40.2
1539405864.47 40.2
1539405874.49 41.9
1539405884.51 41.3
1539405894.53 41.3
1539405904.55 41.3
1539405914.57 41.3
1539405924.6 40.8
1539405934.61 41.9
1539405944.63 41.3
1539405954.65 41.3
1539405964.66 41.9
1539405974.68 41.3
1539405984.7 41.9
1539405994.72 40.8
1539406004.74 40.8
1539406014.76 41.3
1539406024.78 41.9
1539406034.8 40.8
1539406044.82 41.9
1539406054.84 41.3
1539406064.87 41.3
1539406074.88 41.3
1539406084.9 41.3
1539406094.92 40.8
1539406104.94 41.3
1539406114.96 40.8
1539406124.98 41.3
1539406135.0 40.8
1539406145.02 41.9
1539406155.04 41.9
1539406165.05 41.3
1539406175.07 41.3
1539406185.09 41.9
1539406195.1 41.3
1539406205.12 41.9
1539406215.13 41.3
1539406225.16 41.9
1539406235.17 40.8
1539406245.19 41.9
1539406255.21 40.8
1539406265.22 41.3
1539406275.24 41.9
1539406285.26 41.9
1539406295.27 41.9
1539406305.29 41.9
1539406315.31 41.9
1539406325.33 41.9
1539406335.35 41.9
1539406345.37 41.9
1539406355.39 41.9
1539406365.41 41.9
1539406375.43 41.9
1539406385.44 41.3
1539406395.47 40.8
1539406405.49 41.9
1539406415.5 41.9
1539406425.52 41.9
1539406435.54 41.3
1539406445.55 40.8
1539406455.57 41.3
1539406465.59 41.3
1539406475.61 41.3
1539406485.63 41.9
1539406495.65 42.4
1539406505.66 42.4
1539406515.69 41.9
1539406525.7 42.4
1539406535.72 40.8
1539406545.74 41.9
1539406555.76 41.3
1539406565.79 40.8
1539406575.81 41.9
1539406585.83 40.8
1539406595.85 41.3
1539406605.88 41.3
1539406615.9 41.3
1539406625.92 41.3
1539406635.94 40.8
1539406645.96 40.8
1539406655.98 41.9
1539406666.0 41.9
1539406676.01 41.9
1539406686.04 41.3
1539406696.06 40.8
1539406706.07 41.9
1539406716.09 41.3
1539406726.1 41.9
1539406736.13 40.8
1539406746.15 40.8
1539406756.17 41.9
1539406766.19 41.3
1539406776.21 41.9
1539406786.23 40.8
1539406796.25 40.8
