1539100009.17 68.8
1539100019.19 68.8
1539100029.2 69.3
1539100039.22 68.8
1539100049.25 69.3
1539100059.26 69.3
1539100069.28 69.3
1539100079.3 69.8
1539100089.32 69.3
1539100099.34 68.8
1539100109.35 68.8
1539100119.37 68.8
1539100129.39 69.3
1539100139.41 68.8
1539100149.42 69.3
1539100159.44 69.3
1539100169.45 69.3
1539100179.47 68.8
1539100189.49 69.8
1539100199.5 69.3
1539100209.53 69.8
1539100219.54 69.8
1539100229.56 69.3
1539100239.58 69.3
1539100249.6 68.8
1539100259.61 69.8
1539100269.63 69.3
1539100279.66 69.8
1539100289.67 69.3
1539100299.69 69.8
1539100309.7 69.3
1539100319.72 69.8
1539100329.73 69.3
1539100339.75 69.3
1539100349.77 69.3
1539100359.79 69.3
1539100369.81 69.3
1539100379.82 69.3
1539100389.84 69.8
1539100399.86 69.3
1539100409.88 69.8
1539100419.9 68.8
1539100429.92 69.3
1539100439.94 69.3
1539100449.95 69.3
1539100459.97 69.3
1539100469.99 69.3
1539100480.01 69.3
1539100490.03 69.8
1539100500.05 69.8
1539100510.06 69.3
1539100520.08 69.3
1539100530.09 69.8
1539100540.11 68.8
1539100550.13 69.3
1539100560.15 69.3
1539100570.17 69.8
1539100580.19 69.3
1539100590.21 69.3
1539100600.22 69.3
1539100610.24 69.8
1539100620.27 68.8
1539100630.29 68.8
1539100640.31 68.8
1539100650.33 68.8
1539100660.35 68.8
1539100670.38 69.3
1539100680.4 68.8
1539100690.42 69.3
1539100700.44 69.3
1539100710.46 67.7
1539100720.49 67.7
1539100730.51 68.8
1539100740.54 69.3
1539100750.55 69.3
1539100760.57 68.8
1539100770.59 68.8
1539100780.62 68.8
1539100790.64 69.3
1539100800.65 68.8
1539100810.67 70.4
1539100820.69 68.8
1539100830.72 68.8
1539100840.74 68.8
1539100850.75 69.3
1539100860.77 69.3
1539100870.79 68.8
1539100880.81 68.8
1539100890.84 68.2
1539100900.86 68.8
1539100910.88 69.3
1539100920.9 68.8
1539100930.92 69.3
1539100940.93 69.3
1539100950.95 69.8
1539100960.97 69.3
1539100970.99 69.8
1539100981.01 69.3
1539100991.02 69.8
1539101001.04 69.8
1539101011.06 69.8
1539101021.08 69.8
1539101031.1 69.8
1539101041.12 69.8
1539101051.13 70.4
1539101061.14 69.8
1539101071.16 70.4
1539101081.17 69.8
1539101091.19 70.9
1539101101.22 69.8
1539101111.23 69.8
1539101121.25 69.8
1539101131.27 70.4
1539101141.29 69.8
1539101151.31 69.3
1539101161.33 69.8
1539101171.35 69.8
1539101181.37 69.8
1539101191.39 70.4
1539101201.42 69.8
1539101211.44 69.8
1539101221.46 69.8
1539101231.49 69.8
1539101241.51 69.8
1539101251.53 69.8
1539101261.55 70.9
1539101271.57 70.4
1539101281.59 70.9
1539101291.61 69.8
1539101301.63 69.8
1539101311.65 70.4
1539101321.66 70.9
1539101331.67 70.4
1539101341.68 70.4
1539101351.69 69.8
1539101361.71 70.4
1539101371.72 69.8
1539101381.74 70.9
1539101391.76 70.4
1539101401.78 69.8
1539101411.79 70.4
1539101421.81 69.3
1539101431.83 69.8
1539101441.85 70.4
1539101451.87 69.8
1539101461.89 69.8
1539101471.9 69.8
1539101481.92 70.4
1539101491.94 69.8
1539101501.96 69.8
1539101511.97 69.8
1539101521.99 69.8
1539101532.01 70.4
1539101542.03 69.8
1539101552.04 70.4
1539101562.06 69.8
1539101572.08 69.8
1539101582.09 69.3
1539101592.11 69.8
1539101602.13 69.3
1539101612.15 68.8
1539101622.17 69.8
1539101632.18 69.3
1539101642.2 69.8
1539101652.22 69.3
1539101662.23 69.3
1539101672.25 68.8
1539101682.28 69.3
1539101692.29 69.8
1539101702.31 69.3
1539101712.33 69.3
1539101722.35 70.9
1539101732.37 70.9
1539101742.38 69.8
1539101752.4 69.3
1539101762.42 69.3
1539101772.45 69.8
1539101782.46 69.8
1539101792.49 69.8
1539101802.5 70.4
1539101812.52 69.8
1539101822.53 69.8
1539101832.56 69.8
1539101842.58 70.4
1539101852.6 70.4
1539101862.62 70.9
1539101872.64 70.9
1539101882.65 69.8
1539101892.67 70.9
1539101902.69 69.8
1539101912.71 70.4
1539101922.73 69.8
1539101932.75 69.3
1539101942.77 69.8
1539101952.78 69.3
1539101962.8 69.3
1539101972.82 68.8
1539101982.84 69.3
1539101992.85 69.8
1539102002.88 69.3
1539102012.9 69.3
1539102022.92 68.8
1539102032.94 69.3
1539102042.95 69.8
1539102052.97 68.8
1539102062.98 69.3
1539102073.0 69.8
1539102083.02 69.8
1539102093.04 69.3
1539102103.06 69.3
1539102113.08 68.8
1539102123.1 69.3
1539102133.12 69.3
1539102143.14 69.3
1539102153.16 69.8
1539102163.17 69.8
1539102173.18 69.3
1539102183.2 69.8
1539102193.22 69.8
1539102203.23 70.9
1539102213.25 69.8
1539102223.28 69.8
1539102233.29 70.4
1539102243.31 69.8
1539102253.33 70.4
1539102263.35 69.8
1539102273.36 69.3
1539102283.38 69.8
1539102293.4 69.8
1539102303.42 69.3
1539102313.43 69.8
1539102323.45 69.8
1539102333.47 68.8
1539102343.49 68.8
1539102353.51 69.8
1539102363.53 69.8
1539102373.55 69.3
1539102383.57 69.8
1539102393.58 69.8
1539102403.6 69.8
1539102413.62 69.8
1539102423.64 69.8
1539102433.66 69.8
1539102443.68 70.4
1539102453.7 69.8
1539102463.71 69.8
1539102473.73 70.9
1539102483.74 70.4
1539102493.76 70.4
1539102503.78 69.8
1539102513.8 70.4
1539102523.82 69.8
1539102533.85 69.8
1539102543.87 69.8
1539102553.88 69.8
1539102563.9 69.8
1539102573.91 69.8
1539102583.93 69.8
1539102593.94 70.4
1539102603.96 69.8
1539102613.98 70.4
1539102624.0 70.4
1539102634.01 70.4
1539102644.04 69.3
1539102654.05 69.8
1539102664.07 69.8
1539102674.08 70.9
1539102684.1 69.3
1539102694.12 69.8
1539102704.13 70.4
1539102714.15 69.8
1539102724.17 69.8
1539102734.19 69.8
1539102744.21 70.9
1539102754.22 69.8
1539102764.25 69.8
1539102774.26 69.8
1539102784.28 69.8
1539102794.29 69.3
1539102804.31 69.8
1539102814.33 68.8
1539102824.35 69.8
1539102834.37 69.3
1539102844.38 69.8
1539102854.4 69.8
1539102864.42 69.3
1539102874.44 69.3
1539102884.45 69.8
1539102894.47 69.8
1539102904.49 69.8
1539102914.5 69.8
1539102924.52 69.8
1539102934.54 70.4
1539102944.56 69.3
1539102954.57 70.9
1539102964.6 69.3
1539102974.62 69.8
1539102984.63 69.8
1539102994.66 69.8
1539103004.67 70.9
1539103014.69 70.9
1539103024.71 69.8
1539103034.73 70.9
1539103044.74 69.8
1539103054.76 69.8
1539103064.78 70.4
1539103074.79 69.8
1539103084.81 70.4
1539103094.83 69.8
1539103104.85 70.9
1539103114.87 69.8
1539103124.88 70.9
1539103134.9 70.9
1539103144.92 70.9
1539103154.93 70.4
1539103164.95 69.8
1539103174.97 70.9
1539103184.99 69.8
1539103195.01 70.4
1539103205.03 70.4
1539103215.04 70.9
1539103225.06 70.9
1539103235.07 70.9
1539103245.09 70.9
1539103255.1 70.9
1539103265.12 70.9
1539103275.13 71.4
1539103285.15 70.9
1539103295.17 70.9
1539103305.18 70.9
1539103315.2 72.0
1539103325.21 71.4
1539103335.23 71.4
1539103345.25 70.9
1539103355.26 70.9
1539103365.29 70.9
1539103375.32 70.9
1539103385.33 71.4
1539103395.35 72.0
1539103405.37 72.0
1539103415.38 72.0
1539103425.4 71.4
1539103435.42 72.0
1539103445.43 70.9
1539103455.44 70.9
1539103465.46 71.4
1539103475.48 71.4
1539103485.49 70.9
1539103495.5 70.9
1539103505.52 70.9
1539103515.54 70.9
1539103525.56 70.9
1539103535.57 70.9
1539103545.6 70.9
1539103555.62 70.9
1539103565.64 70.9
1539103575.66 70.9
1539103585.67 70.9
1539103595.69 70.9
1539103605.71 71.4
1539103615.72 70.9
1539103625.73 70.9
1539103635.75 70.9
1539103645.75 70.9
1539103655.77 71.4
1539103665.79 70.4
1539103675.8 70.9
1539103685.83 70.9
1539103695.84 71.4
1539103705.86 71.4
1539103715.88 71.4
1539103725.91 71.4
1539103735.92 70.9
1539103745.94 70.4
1539103755.95 70.9
1539103765.97 70.4
1539103775.99 70.9
1539103786.01 70.4
1539103796.03 70.9
1539103806.04 70.4
1539103816.06 70.4
1539103826.08 70.9
1539103836.1 70.9
1539103846.11 70.9
1539103856.13 70.4
1539103866.14 70.4
1539103876.16 70.9
1539103886.17 69.8
1539103896.19 70.4
1539103906.21 69.8
1539103916.23 70.9
1539103926.25 69.8
1539103936.26 69.8
1539103946.28 69.8
1539103956.3 69.3
1539103966.33 69.8
1539103976.34 69.8
1539103986.36 69.8
1539103996.38 69.8
1539104006.41 69.8
1539104016.42 69.8
1539104026.44 69.8
1539104036.45 69.3
1539104046.47 68.8
1539104056.49 69.3
1539104066.51 69.3
1539104076.53 68.8
1539104086.55 68.8
1539104096.57 68.8
1539104106.59 68.8
1539104116.62 68.8
1539104126.64 68.8
1539104136.65 68.8
1539104146.67 68.8
1539104156.69 68.8
1539104166.71 68.8
1539104176.74 68.8
1539104186.76 68.8
1539104196.78 69.3
1539104206.8 69.3
1539104216.83 69.3
1539104226.85 69.3
1539104236.87 68.8
1539104246.89 68.8
1539104256.91 69.3
1539104266.92 69.3
1539104276.94 69.3
1539104286.97 69.3
1539104296.99 68.8
1539104307.02 69.3
1539104317.04 68.8
1539104327.06 69.3
1539104337.09 68.8
1539104347.11 68.8
1539104357.13 69.3
1539104367.15 68.8
1539104377.17 68.8
1539104387.2 68.8
1539104397.23 69.3
