1539500004.83 35.9
1539500014.85 35.4
1539500024.87 36.5
1539500034.89 35.4
1539500044.91 35.4
1539500054.93 35.4
1539500064.95 36.5
1539500074.97 36.5
1539500084.99 35.4
1539500095.01 35.4
1539500105.03 35.9
1539500115.05 35.9
1539500125.07 35.9
1539500135.09 36.5
1539500145.11 35.4
1539500155.13 34.9
1539500165.15 35.4
1539500175.17 35.9
1539500185.19 35.4
1539500195.21 35.9
1539500205.23 36.5
1539500215.25 35.9
1539500225.27 36.5
1539500235.29 35.4
1539500245.31 36.5
1539500255.33 35.4
1539500265.35 35.9
1539500275.37 35.9
1539500285.39 36.5
1539500295.41 35.9
1539500305.43 36.5
1539500315.45 36.5
1539500325.47 35.4
1539500335.48 36.5
1539500345.51 35.4
1539500355.53 36.5
1539500365.55 35.9
1539500375.56 35.9
1539500385.58 35.9
1539500395.6 35.9
1539500405.62 37.6
1539500415.63 37.0
1539500425.65 36.5
1539500435.67 36.5
1539500445.69 35.9
1539500455.73 36.5
1539500465.75 36.5
1539500475.76 36.5
1539500485.78 37.0
1539500495.8 36.5
1539500505.82 35.9
1539500515.84 36.5
1539500525.86 36.5
1539500535.88 35.9
1539500545.9 36.5
1539500555.92 36.5
1539500565.93 36.5
1539500575.95 36.5
1539500585.97 35.9
1539500596.0 35.4
1539500606.02 35.9
1539500616.04 35.4
1539500626.06 36.5
1539500636.09 35.9
1539500646.12 36.5
1539500656.13 36.5
1539500666.15 37.0
1539500676.17 35.4
1539500686.19 35.4
1539500696.21 35.9
1539500706.23 35.4
1539500716.25 35.4
1539500726.28 35.9
1539500736.3 35.9
1539500746.32 35.4
1539500756.34 36.5
1539500766.36 35.9
1539500776.37 36.5
1539500786.39 36.5
1539500796.41 35.9
1539500806.43 35.9
1539500816.45 35.9
1539500826.48 35.4
1539500836.5 35.9
1539500846.51 35.4
1539500856.54 34.9
1539500866.56 35.4
1539500876.58 35.9
1539500886.59 36.5
1539500896.62 35.4
1539500906.63 36.5
1539500916.65 36.5
1539500926.67 35.9
1539500936.7 35.4
1539500946.72 36.5
1539500956.74 35.9
1539500966.76 36.5
1539500976.79 35.9
1539500986.8 35.4
1539500996.82 35.4
1539501006.84 36.5
1539501016.85 35.9
1539501026.87 35.9
1539501036.89 35.4
1539501046.91 35.4
1539501056.93 35.4
1539501066.95 35.4
1539501076.97 35.9
1539501086.99 36.5
1539501097.01 35.9
1539501107.03 36.5
1539501117.05 36.5
1539501127.07 35.9
1539501137.09 35.4
1539501147.11 36.5
1539501157.13 35.9
1539501167.16 35.9
1539501177.17 35.4
1539501187.19 36.5
1539501197.2 36.5
1539501207.22 35.9
1539501217.24 36.5
1539501227.26 35.4
1539501237.28 35.9
1539501247.3 36.5
1539501257.32 35.9
1539501267.34 36.5
1539501277.36 35.9
1539501287.39 35.4
1539501297.41 35.4
1539501307.43 34.9
1539501317.45 35.4
1539501327.47 35.4
1539501337.49 35.9
1539501347.51 35.4
1539501357.53 35.9
1539501367.55 35.9
1539501377.57 36.5
1539501387.59 35.9
1539501397.61 36.5
1539501407.62 36.5
1539501417.64 35.4
1539501427.66 35.9
1539501437.68 35.4
1539501447.71 35.9
1539501457.72 35.9
1539501467.74 35.9
1539501477.76 35.4
1539501487.79 35.9
1539501497.81 35.9
1539501507.82 36.5
1539501517.84 35.4
1539501527.87 35.4
1539501537.89 35.4
1539501547.9 35.9
1539501557.93 35.4
1539501567.95 35.4
1539501577.97 35.4
1539501587.99 35.9
1539501598.01 36.5
1539501608.03 36.5
1539501618.04 36.5
1539501628.06 36.5
1539501638.08 36.5
1539501648.1 35.9
1539501658.12 36.5
1539501668.14 35.9
1539501678.17 35.4
1539501688.18 35.9
1539501698.2 35.9
1539501708.22 35.9
1539501718.25 35.4
1539501728.27 35.4
1539501738.29 35.9
1539501748.31 35.4
1539501758.33 35.4
1539501768.35 35.4
1539501778.37 35.9
1539501788.4 35.4
1539501798.42 35.4
1539501808.44 35.9
1539501818.46 35.9
1539501828.48 35.4
1539501838.5 35.9
1539501848.52 35.4
1539501858.54 35.4
1539501868.56 35.9
1539501878.58 35.4
1539501888.6 35.4
1539501898.63 35.4
1539501908.65 35.4
1539501918.67 35.4
1539501928.69 35.4
1539501938.71 35.9
1539501948.73 35.4
1539501958.75 35.4
1539501968.77 35.4
1539501978.79 36.5
1539501988.81 35.4
1539501998.82 35.4
1539502008.85 35.4
1539502018.87 35.4
1539502028.89 35.4
1539502038.9 35.4
1539502048.92 35.4
1539502058.95 35.4
1539502068.97 35.4
1539502078.99 35.4
1539502089.01 35.4
1539502099.03 35.4
1539502109.05 35.4
1539502119.08 34.9
1539502129.1 35.4
1539502139.11 34.9
1539502149.13 35.4
1539502159.15 35.4
1539502169.17 35.4
1539502179.19 35.9
1539502189.21 35.4
1539502199.23 35.4
1539502209.25 35.4
1539502219.27 35.4
1539502229.29 35.4
1539502239.31 35.9
1539502249.33 35.4
1539502259.35 35.9
1539502269.37 35.4
1539502279.39 35.9
1539502289.42 35.4
1539502299.44 35.4
1539502309.45 36.5
1539502319.48 35.9
1539502329.5 35.4
1539502339.52 35.9
1539502349.54 35.9
1539502359.56 36.5
1539502369.58 35.4
1539502379.6 36.5
1539502389.62 35.4
1539502399.65 35.4
1539502409.67 35.9
1539502419.69 35.4
1539502429.71 36.5
1539502439.73 35.4
1539502449.75 35.4
1539502459.77 35.4
1539502469.79 35.4
1539502479.81 35.4
1539502489.83 35.4
1539502499.85 35.4
1539502509.88 35.4
1539502519.9 35.4
1539502529.93 34.9
1539502539.95 35.4
1539502549.97 35.4
1539502559.99 35.4
1539502570.01 35.4
1539502580.03 35.9
1539502590.05 35.9
1539502600.07 35.9
1539502610.09 35.9
1539502620.11 35.4
1539502630.13 35.4
1539502640.15 35.4
1539502650.17 35.4
1539502660.19 35.9
1539502670.21 35.4
1539502680.23 35.4
1539502690.25 35.4
1539502700.27 35.9
1539502710.29 36.5
1539502720.32 35.4
1539502730.34 35.4
1539502740.35 35.9
1539502750.37 35.4
1539502760.39 36.5
1539502770.4 36.5
1539502780.42 36.5
1539502790.44 35.4
1539502800.47 35.4
1539502810.49 35.4
1539502820.51 35.4
1539502830.53 35.4
1539502840.55 35.4
1539502850.57 36.5
1539502860.59 35.4
1539502870.61 35.4
1539502880.63 35.9
1539502890.65 35.4
1539502900.67 35.4
1539502910.69 36.5
1539502920.71 35.4
1539502930.73 35.9
1539502940.75 35.9
1539502950.77 36.5
1539502960.79 35.4
1539502970.8 35.4
1539502980.82 35.9
1539502990.86 35.9
1539503000.87 36.5
1539503010.89 36.5
1539503020.91 35.4
1539503030.93 36.5
1539503040.95 35.9
1539503050.96 35.9
1539503060.98 35.4
1539503071.01 35.9
1539503081.03 35.4
1539503091.05 35.4
1539503101.06 35.4
1539503111.08 35.4
1539503121.11 35.4
1539503131.13 35.9
1539503141.14 34.9
1539503151.16 35.4
1539503161.19 35.4
1539503171.21 35.4
1539503181.23 35.4
1539503191.24 35.9
1539503201.27 35.9
1539503211.28 36.5
1539503221.3 35.4
1539503231.32 35.4
1539503241.35 35.9
1539503251.37 35.4
1539503261.39 35.4
1539503271.41 35.4
1539503281.43 35.9
1539503291.45 35.4
1539503301.47 36.5
1539503311.49 35.4
1539503321.51 34.9
1539503331.53 35.4
1539503341.55 35.4
1539503351.57 35.9
1539503361.59 35.4
1539503371.62 35.4
1539503381.63 35.9
1539503391.64 36.5
1539503401.67 34.9
1539503411.68 35.4
1539503421.7 35.4
1539503431.72 35.4
1539503441.74 35.4
1539503451.76 36.5
1539503461.78 36.5
1539503471.8 35.4
1539503481.81 35.9
1539503491.83 35.4
1539503501.85 36.5
1539503511.87 36.5
1539503521.89 35.4
1539503531.9 36.5
1539503541.92 36.5
1539503551.93 35.9
1539503561.95 35.4
1539503571.96 35.4
1539503581.98 35.4
1539503592.0 35.4
1539503602.02 35.4
1539503612.04 35.9
1539503622.06 35.4
1539503632.08 35.4
1539503642.1 35.4
1539503652.12 34.9
1539503662.14 35.4
1539503672.16 35.4
1539503682.19 35.4
1539503692.21 35.4
1539503702.23 35.4
1539503712.25 35.4
1539503722.27 35.4
1539503732.29 35.4
1539503742.31 36.5
1539503752.33 34.9
1539503762.34 35.4
1539503772.36 34.9
1539503782.39 35.4
1539503792.41 34.3
1539503802.43 35.4
1539503812.45 34.3
1539503822.47 34.9
1539503832.49 35.4
1539503842.51 35.4
1539503852.53 34.9
1539503862.55 34.9
1539503872.56 35.4
1539503882.58 35.9
1539503892.6 35.4
1539503902.62 35.4
1539503912.64 35.4
1539503922.66 35.9
1539503932.68 35.4
1539503942.7 35.9
1539503952.72 34.3
1539503962.74 35.4
1539503972.76 35.4
1539503982.78 35.4
1539503992.8 34.9
1539504002.83 35.4
1539504012.85 35.4
1539504022.87 34.9
1539504032.89 34.9
1539504042.91 35.4
1539504052.93 35.9
1539504062.96 35.4
1539504072.97 35.4
1539504082.99 35.4
1539504093.01 34.9
1539504103.03 35.4
1539504113.06 34.9
1539504123.08 35.4
1539504133.1 35.4
1539504143.12 34.9
1539504153.14 35.4
1539504163.16 34.3
1539504173.18 34.9
1539504183.2 35.4
1539504193.22 34.9
1539504203.24 35.4
1539504213.26 34.9
1539504223.29 35.4
1539504233.31 34.9
1539504243.32 35.4
1539504253.34 35.4
1539504263.37 35.4
1539504273.39 35.4
1539504283.41 35.4
1539504293.43 34.9
1539504303.45 34.9
1539504313.47 35.4
1539504323.49 35.4
1539504333.51 34.9
1539504343.54 35.4
1539504353.56 34.9
1539504363.57 35.4
1539504373.59 35.9
1539504383.61 34.9
1539504393.63 34.9
1539504403.65 35.4
1539504413.67 34.9
1539504423.7 34.9
1539504433.72 34.3
1539504443.74 34.3
1539504453.76 34.9
1539504463.78 34.9
1539504473.8 35.4
1539504483.83 34.9
1539504493.85 34.9
1539504503.89 34.9
1539504513.91 35.4
1539504523.93 35.4
1539504533.95 35.4
1539504543.97 35.4
1539504553.99 34.9
1539504564.02 34.9
1539504574.04 35.4
1539504584.06 35.4
1539504594.08 34.9
1539504604.1 35.9
1539504614.11 35.9
1539504624.23 35.9
1539504634.25 36.5
1539504644.26 35.4
1539504654.28 35.4
1539504664.3 35.9
1539504674.32 34.9
1539504684.33 35.4
1539504694.35 35.4
1539504704.37 35.4
1539504714.39 34.9
1539504724.41 36.5
1539504734.43 36.5
1539504744.44 35.9
1539504754.46 35.9
1539504764.48 35.4
1539504774.51 35.4
1539504784.53 35.4
1539504794.55 34.9
1539504804.57 34.9
1539504814.59 35.4
1539504824.61 35.4
1539504834.63 35.4
1539504844.64 35.4
1539504854.67 34.9
1539504864.69 35.4
1539504874.71 35.4
1539504884.72 35.4
1539504894.74 35.4
1539504904.77 34.9
1539504914.79 34.9
1539504924.81 34.9
1539504934.82 34.9
1539504944.84 35.4
1539504954.86 34.9
1539504964.87 35.4
1539504974.89 35.4
1539504984.92 35.4
1539504994.93 35.4
1539505004.95 35.4
1539505014.97 35.9
1539505024.99 35.4
1539505035.01 35.4
1539505045.03 35.4
1539505055.05 35.4
1539505065.06 35.4
1539505075.08 35.9
1539505085.1 34.9
1539505095.12 34.9
1539505105.14 34.9
1539505115.16 35.4
1539505125.19 34.9
1539505135.21 35.4
1539505145.23 35.4
1539505155.24 35.4
1539505165.27 34.9
1539505175.29 35.4
1539505185.3 35.4
1539505195.32 35.4
1539505205.34 34.9
1539505215.36 34.9
1539505225.38 34.9
1539505235.41 34.9
1539505245.43 34.9
1539505255.45 34.9
1539505265.48 34.9
1539505275.5 35.4
1539505285.52 35.4
1539505295.54 36.5
1539505305.56 34.9
1539505315.57 35.9
1539505325.59 34.9
1539505335.61 34.9
1539505345.63 34.9
1539505355.66 34.3
1539505365.68 35.4
1539505375.7 34.9
1539505385.72 35.4
1539505395.74 35.4
1539505405.75 35.4
1539505415.77 34.3
1539505425.79 35.4
1539505435.81 35.4
1539505445.84 34.9
1539505455.86 35.4
1539505465.89 35.4
1539505475.91 35.4
1539505485.93 34.9
1539505495.95 35.4
1539505505.96 34.9
1539505515.98 35.4
1539505526.01 36.5
1539505536.03 35.4
1539505546.05 35.4
1539505556.07 34.9
1539505566.09 35.4
1539505576.11 35.4
1539505586.13 35.4
1539505596.16 35.4
1539505606.18 35.4
1539505616.19 35.9
1539505626.21 35.4
1539505636.24 35.4
1539505646.26 34.9
1539505656.28 35.4
1539505666.3 35.4
1539505676.31 35.4
1539505686.33 35.4
1539505696.35 34.9
1539505706.37 35.4
1539505716.39 35.4
1539505726.41 35.4
1539505736.43 35.4
1539505746.45 35.4
1539505756.47 35.4
1539505766.49 35.9
1539505776.51 34.9
1539505786.52 34.9
1539505796.54 35.4
1539505806.56 35.4
1539505816.58 34.9
1539505826.6 35.4
1539505836.62 35.4
1539505846.66 35.4
1539505856.67 35.9
1539505866.69 34.9
1539505876.71 35.9
1539505886.73 35.4
1539505896.75 35.4
1539505906.78 34.9
1539505916.8 34.9
1539505926.82 34.9
1539505936.84 35.4
1539505946.86 35.4
1539505956.88 35.4
1539505966.9 34.9
1539505976.92 35.4
1539505986.94 34.9
1539505996.96 35.9
1539506006.97 35.9
1539506016.99 35.4
1539506027.01 35.4
1539506037.03 34.9
1539506047.06 35.4
1539506057.07 34.9
1539506067.09 35.4
1539506077.11 35.4
1539506087.14 34.9
1539506097.16 34.9
1539506107.18 35.4
1539506117.2 35.4
1539506127.22 35.9
1539506137.24 34.9
1539506147.26 34.9
1539506157.28 35.4
1539506167.31 35.4
1539506177.32 35.4
1539506187.34 35.4
1539506197.36 34.9
1539506207.39 34.9
1539506217.4 34.9
1539506227.42 35.4
1539506237.45 35.4
1539506247.47 34.9
1539506257.49 35.4
1539506267.51 34.9
1539506277.53 35.4
1539506287.55 35.4
1539506297.56 35.4
1539506307.58 34.9
1539506317.6 34.9
1539506327.62 35.4
1539506337.64 35.4
1539506347.66 35.4
1539506357.68 35.4
1539506367.69 35.4
1539506377.72 35.4
1539506387.74 35.4
1539506397.76 35.4
1539506407.78 35.4
1539506417.8 34.9
1539506427.82 35.4
1539506437.84 35.9
1539506447.86 35.4
1539506457.88 35.4
1539506467.9 34.9
1539506477.92 35.4
1539506487.94 35.4
1539506497.96 34.9
1539506507.97 34.9
1539506517.99 35.9
1539506528.0 35.4
1539506538.01 35.4
1539506548.03 35.4
1539506558.05 34.9
1539506568.07 35.9
1539506578.1 35.4
1539506588.12 35.4
1539506598.13 35.4
1539506608.15 34.9
1539506618.17 35.9
1539506628.19 35.4
1539506638.21 35.4
1539506648.23 35.4
1539506658.26 35.4
1539506668.27 35.4
1539506678.29 34.9
1539506688.31 34.3
1539506698.34 34.3
1539506708.36 34.9
1539506718.38 34.9
1539506728.4 34.9
1539506738.42 34.9
1539506748.44 34.9
1539506758.46 34.3
1539506768.48 34.9
1539506778.51 34.9
1539506788.54 35.4
1539506798.56 35.4
1539506808.58 34.9
1539506818.6 35.4
1539506828.62 35.4
1539506838.64 35.4
1539506848.66 34.9
1539506858.68 34.9
1539506868.7 35.4
1539506878.72 34.9
1539506888.74 35.4
1539506898.76 34.9
1539506908.78 35.4
1539506918.8 35.4
1539506928.82 34.9
1539506938.84 35.4
1539506948.86 35.4
1539506958.88 35.4
1539506968.89 35.4
1539506978.91 35.4
1539506988.93 35.4
1539506998.95 35.9
1539507008.97 35.4
1539507018.99 34.9
1539507029.02 34.9
1539507039.04 34.9
1539507049.06 35.4
1539507059.08 34.9
1539507069.1 35.4
1539507079.12 35.4
1539507089.15 34.9
1539507099.17 34.3
1539507109.19 34.9
1539507119.22 35.4
1539507129.24 34.9
1539507139.26 34.3
1539507149.28 35.4
1539507159.3 34.9
1539507169.32 35.4
1539507179.35 35.4
1539507189.36 34.9
1539507199.38 34.9
1539507209.4 35.9
1539507219.42 34.9
1539507229.44 34.9
1539507239.46 34.9
1539507249.48 34.9
1539507259.5 35.4
1539507269.53 35.9
1539507279.55 35.4
1539507289.57 35.4
1539507299.59 36.5
1539507309.61 35.4
1539507319.63 35.4
1539507329.65 35.4
1539507339.67 35.4
1539507349.69 35.4
1539507359.7 36.5
1539507369.72 35.9
1539507379.74 36.5
1539507389.76 34.9
1539507399.77 35.4
1539507409.79 35.9
1539507419.81 35.4
1539507429.83 34.9
1539507439.85 35.4
1539507449.87 35.4
1539507459.9 35.4
1539507469.92 35.9
1539507479.93 36.5
1539507489.95 34.9
1539507499.97 35.9
1539507509.98 35.4
1539507519.99 36.5
1539507530.02 35.4
1539507540.03 35.4
1539507550.05 34.9
1539507560.07 34.9
1539507570.1 34.9
1539507580.12 34.9
1539507590.14 35.4
1539507600.15 36.5
1539507610.17 35.4
1539507620.21 35.9
1539507630.22 35.4
1539507640.24 34.9
1539507650.27 35.4
1539507660.28 35.9
1539507670.3 35.9
1539507680.31 35.9
1539507690.33 35.4
1539507700.34 35.4
1539507710.38 35.4
1539507720.4 35.4
1539507730.42 35.4
1539507740.44 34.9
1539507750.46 34.9
1539507760.48 35.9
1539507770.5 35.4
1539507780.52 34.9
1539507790.54 35.9
1539507800.56 34.9
1539507810.58 35.4
1539507820.59 35.4
1539507830.61 35.4
1539507840.63 34.9
1539507850.64 35.4
1539507860.66 35.4
1539507870.68 35.9
1539507880.7 35.4
1539507890.72 35.4
1539507900.74 35.4
1539507910.77 35.9
1539507920.79 35.4
1539507930.81 35.9
1539507940.83 35.4
1539507950.85 34.9
1539507960.88 34.9
1539507970.9 35.4
1539507980.92 35.4
1539507990.94 35.4
1539508000.96 35.4
1539508010.97 35.4
1539508020.99 35.4
1539508031.01 34.9
1539508041.04 35.4
1539508051.06 34.9
1539508061.08 35.4
1539508071.1 35.4
1539508081.12 35.9
1539508091.13 35.4
1539508101.15 34.9
1539508111.17 35.4
1539508121.2 35.4
1539508131.22 34.9
1539508141.24 35.4
1539508151.26 35.4
1539508161.28 34.9
1539508171.3 35.4
1539508181.32 34.9
1539508191.34 34.9
1539508201.36 34.3
1539508211.38 34.9
1539508221.4 34.3
1539508231.42 34.9
1539508241.44 34.9
1539508251.47 34.9
1539508261.49 34.9
1539508271.5 34.9
1539508281.52 35.4
1539508291.54 35.4
1539508301.57 35.4
1539508311.59 34.9
1539508321.61 35.4
1539508331.63 35.4
1539508341.65 34.9
1539508351.67 34.9
1539508361.69 35.4
1539508371.7 35.4
1539508381.73 35.4
1539508391.75 34.9
1539508401.76 36.5
1539508411.78 35.4
1539508421.81 35.4
1539508431.82 35.9
1539508441.84 34.9
1539508451.86 35.4
1539508461.88 35.4
1539508471.9 34.9
1539508481.92 35.4
1539508491.94 35.4
1539508501.97 35.4
1539508511.99 34.9
1539508522.01 35.4
1539508532.03 35.4
1539508542.04 35.4
1539508552.06 34.9
1539508562.08 34.9
1539508572.09 34.9
1539508582.11 34.9
1539508592.14 34.9
1539508602.15 35.4
1539508612.17 34.9
1539508622.19 35.4
1539508632.21 34.9
1539508642.23 35.4
1539508652.25 35.4
1539508662.28 35.4
1539508672.3 35.4
1539508682.32 35.4
1539508692.34 35.4
1539508702.36 34.9
1539508712.38 35.4
1539508722.4 34.9
1539508732.42 35.4
1539508742.45 35.4
1539508752.46 34.9
1539508762.48 34.9
1539508772.5 35.4
1539508782.54 35.4
1539508792.56 35.4
1539508802.58 35.9
1539508812.6 34.9
1539508822.62 34.9
1539508832.64 35.4
1539508842.66 35.4
1539508852.68 35.4
1539508862.7 34.9
1539508872.72 34.9
1539508882.74 34.9
1539508892.76 35.4
1539508902.79 34.9
1539508912.81 34.9
1539508922.83 34.3
1539508932.85 35.4
1539508942.87 34.9
1539508952.89 34.9
1539508962.9 34.9
1539508972.92 35.4
1539508982.94 34.9
1539508992.96 35.4
1539509002.99 34.9
1539509013.01 34.9
1539509023.03 34.3
1539509033.05 34.9
1539509043.07 34.9
1539509053.09 34.3
1539509063.11 35.4
1539509073.13 34.9
1539509083.15 35.4
1539509093.17 35.4
1539509103.2 35.4
1539509113.23 34.9
1539509123.24 35.4
1539509133.26 35.4
1539509143.28 35.4
1539509153.31 34.9
1539509163.33 35.4
1539509173.35 34.9
1539509183.37 34.9
1539509193.39 35.4
1539509203.41 34.9
1539509213.43 34.9
1539509223.46 34.9
1539509233.48 34.9
1539509243.5 35.4
1539509253.52 34.9
1539509263.53 34.9
1539509273.55 34.9
1539509283.57 34.9
1539509293.6 34.9
1539509303.61 35.9
1539509313.63 35.4
1539509323.65 34.9
1539509333.67 34.9
1539509343.69 34.9
1539509353.71 35.4
1539509363.72 35.4
1539509373.74 35.4
1539509383.76 35.4
1539509393.78 34.9
1539509403.8 34.9
1539509413.83 35.4
1539509423.85 34.9
1539509433.87 34.9
1539509443.88 34.9
1539509453.9 35.4
1539509463.93 35.4
1539509473.95 35.4
1539509483.97 34.3
1539509493.99 35.4
1539509504.01 35.4
1539509514.03 34.9
1539509524.04 35.4
1539509534.06 35.4
1539509544.08 35.4
1539509554.09 35.4
1539509564.11 34.9
1539509574.14 34.9
1539509584.16 35.4
1539509594.18 34.9
1539509604.19 35.4
1539509614.22 35.4
1539509624.23 34.3
1539509634.25 35.4
1539509644.26 35.4
1539509654.28 35.4
1539509664.3 34.9
1539509674.31 34.9
1539509684.32 35.4
1539509694.34 34.9
1539509704.36 34.9
1539509714.38 35.4
1539509724.41 35.4
1539509734.43 34.9
1539509744.45 35.4
1539509754.47 34.9
1539509764.49 35.4
1539509774.51 35.4
1539509784.53 35.9
1539509794.55 35.4
1539509804.58 35.4
1539509814.6 34.9
1539509824.62 34.9
1539509834.64 35.4
1539509844.66 35.9
1539509854.67 35.9
1539509864.69 34.9
1539509874.72 35.4
1539509884.74 35.4
1539509894.76 34.9
1539509904.78 34.9
1539509914.8 35.4
1539509924.81 34.9
1539509934.83 35.9
1539509944.85 34.9
1539509954.87 35.4
1539509964.89 34.9
1539509974.91 34.9
1539509984.93 34.9
1539509994.95 35.4
1539510004.97 34.3
1539510014.99 34.9
1539510025.01 34.9
1539510035.03 34.9
1539510045.05 35.4
1539510055.07 35.4
1539510065.09 34.9
1539510075.11 34.9
1539510085.13 34.3
1539510095.15 34.9
1539510105.17 34.9
1539510115.19 35.4
1539510125.2 34.9
1539510135.22 35.4
1539510145.24 35.9
1539510155.26 35.4
1539510165.28 34.9
1539510175.3 34.9
1539510185.33 34.9
1539510195.35 34.9
1539510205.37 35.4
1539510215.39 34.9
1539510225.41 35.4
1539510235.43 34.9
1539510245.45 34.9
1539510255.47 34.9
1539510265.49 35.4
1539510275.51 34.9
1539510285.53 34.9
1539510295.56 34.3
1539510305.58 34.9
1539510315.6 34.9
1539510325.62 35.4
1539510335.64 35.4
1539510345.66 35.4
1539510355.68 35.4
1539510365.69 35.4
1539510375.72 35.4
1539510385.74 35.4
1539510395.76 34.9
1539510405.78 34.9
1539510415.8 34.9
1539510425.82 35.4
1539510435.84 34.9
1539510445.86 35.4
1539510455.88 34.3
1539510465.91 34.9
1539510475.93 35.4
1539510485.95 34.9
1539510495.97 34.9
1539510505.99 34.9
1539510516.01 35.4
1539510526.03 34.9
1539510536.06 35.4
1539510546.07 34.9
1539510556.09 34.9
1539510566.11 34.3
1539510576.13 34.9
1539510586.15 35.9
1539510596.17 35.9
1539510606.19 34.9
1539510616.21 35.4
1539510626.23 35.4
1539510636.25 34.9
1539510646.28 34.9
1539510656.3 35.4
1539510666.32 35.4
1539510676.34 34.9
1539510686.36 35.4
1539510696.38 35.4
1539510706.4 34.9
1539510716.43 35.4
1539510726.45 34.9
1539510736.47 34.9
1539510746.49 35.4
1539510756.53 35.4
1539510766.55 35.4
1539510776.56 34.9
1539510786.58 35.4
1539510796.59 35.9
1539510806.6 35.9
1539510816.62 35.4
1539510826.64 34.9
1539510836.66 35.9
1539510846.67 36.5
1539510856.69 34.9
1539510866.71 34.9
1539510876.73 34.9
1539510886.75 35.4
1539510896.77 34.9
1539510906.79 35.4
1539510916.81 35.4
1539510926.83 34.9
1539510936.85 35.4
1539510946.88 35.4
1539510956.89 35.9
1539510966.91 35.4
1539510976.93 35.9
1539510986.95 35.4
1539510996.97 34.9
1539511006.99 34.3
1539511017.01 34.9
1539511027.03 35.4
1539511037.04 35.4
1539511047.07 35.4
1539511057.1 35.4
1539511067.12 35.4
1539511077.15 34.3
1539511087.18 34.3
1539511097.2 35.4
1539511107.22 35.4
1539511117.24 34.9
1539511127.27 35.4
1539511137.29 35.4
1539511147.31 35.4
1539511157.33 36.5
1539511167.35 35.9
1539511177.36 35.4
1539511187.38 35.4
1539511197.41 34.9
