1539000000.31 51.5
1539000010.32 52.1
1539000020.34 51.5
1539000030.35 51.5
1539000040.37 51.0
1539000050.39 50.5
1539000060.42 50.5
1539000070.43 50.5
1539000080.46 50.5
1539000090.47 51.0
1539000100.5 50.5
1539000110.51 50.5
1539000120.53 49.9
1539000130.55 50.5
1539000140.57 50.5
1539000150.59 50.5
1539000160.62 50.5
1539000170.64 49.9
1539000180.66 49.9
1539000190.68 50.5
1539000200.7 49.9
1539000210.71 50.5
1539000220.73 50.5
1539000230.75 50.5
1539000240.76 50.5
1539000250.78 51.0
1539000260.8 50.5
1539000270.83 50.5
1539000280.84 50.5
1539000290.86 50.5
1539000300.88 50.5
1539000310.91 50.5
1539000320.93 50.5
1539000330.95 50.5
1539000340.97 50.5
1539000350.99 50.5
1539000361.01 49.9
1539000371.03 49.4
1539000381.05 49.9
1539000391.06 49.9
1539000401.08 49.9
1539000411.1 49.9
1539000421.11 49.9
1539000431.13 49.9
1539000441.15 49.9
1539000451.16 49.9
1539000461.17 49.4
1539000471.19 48.9
1539000481.21 49.9
1539000491.22 50.5
1539000501.24 50.5
1539000511.25 49.9
1539000521.27 50.5
1539000531.28 50.5
1539000541.3 49.9
1539000551.31 49.4
1539000561.33 49.4
1539000571.35 49.9
1539000581.37 49.9
1539000591.39 49.4
1539000601.41 49.4
1539000611.43 49.9
1539000621.45 49.9
1539000631.46 49.4
1539000641.49 49.4
1539000651.51 49.9
1539000661.53 49.4
1539000671.55 50.5
1539000681.57 50.5
1539000691.59 50.5
1539000701.61 49.9
1539000711.63 50.5
1539000721.65 50.5
1539000731.67 50.5
1539000741.69 49.4
1539000751.71 50.5
1539000761.73 50.5
1539000771.75 50.5
1539000781.76 50.5
1539000791.78 50.5
1539000801.81 50.5
1539000811.83 50.5
1539000821.85 50.5
1539000831.87 50.5
1539000841.89 50.5
1539000851.91 50.5
1539000861.93 50.5
1539000871.96 50.5
1539000881.98 51.0
1539000892.0 50.5
1539000902.03 51.0
1539000912.05 50.5
1539000922.07 51.0
1539000932.09 50.5
1539000942.11 51.0
1539000952.13 50.5
1539000962.15 50.5
1539000972.17 50.5
1539000982.19 51.0
1539000992.21 50.5
1539001002.24 50.5
1539001012.26 51.0
1539001022.27 50.5
1539001032.29 50.5
1539001042.31 50.5
1539001052.33 50.5
1539001062.35 50.5
1539001072.37 50.5
1539001082.39 50.5
1539001092.4 50.5
1539001102.43 50.5
1539001112.44 50.5
1539001122.45 50.5
1539001132.47 50.5
1539001142.48 50.5
1539001152.49 49.9
1539001162.5 49.4
1539001172.52 50.5
1539001182.54 50.5
1539001192.56 50.5
1539001202.57 51.0
1539001212.58 50.5
1539001222.6 50.5
1539001232.62 51.5
1539001242.64 51.0
1539001252.66 50.5
1539001262.68 50.5
1539001272.71 50.5
1539001282.72 50.5
1539001292.74 50.5
1539001302.75 50.5
1539001312.77 50.5
1539001322.79 49.9
1539001332.81 49.9
1539001342.83 49.4
1539001352.85 50.5
1539001362.87 49.4
1539001372.88 49.9
1539001382.9 49.9
1539001392.92 50.5
1539001402.93 49.9
1539001412.95 51.0
1539001422.97 49.9
1539001433.0 49.4
1539001443.02 49.9
1539001453.03 49.9
1539001463.05 49.9
1539001473.07 50.5
1539001483.08 49.9
1539001493.1 51.0
1539001503.12 50.5
1539001513.14 50.5
1539001523.16 50.5
1539001533.18 49.9
1539001543.2 49.4
1539001553.22 49.9
1539001563.25 49.4
1539001573.26 49.9
1539001583.28 49.4
1539001593.3 49.4
1539001603.33 49.4
1539001613.34 49.4
1539001623.36 49.9
1539001633.37 49.4
1539001643.39 49.4
1539001653.41 49.9
1539001663.43 48.9
1539001673.44 48.3
1539001683.46 49.4
1539001693.48 49.4
1539001703.49 49.4
1539001713.51 49.4
1539001723.53 48.9
1539001733.55 49.4
1539001743.58 49.4
1539001753.6 49.4
1539001763.62 49.4
1539001773.64 49.9
1539001783.66 49.4
1539001793.68 49.4
1539001803.7 49.4
1539001813.73 49.4
1539001823.75 49.4
1539001833.77 49.4
1539001843.79 49.4
1539001853.8 49.4
1539001863.82 49.4
1539001873.84 49.4
1539001883.86 49.4
1539001893.88 49.9
1539001903.89 49.4
1539001913.91 49.4
1539001923.93 50.5
1539001933.95 50.5
1539001943.97 50.5
1539001953.99 50.5
1539001964.01 49.9
1539001974.03 49.9
1539001984.05 49.9
1539001994.07 49.4
1539002004.09 49.4
1539002014.1 49.4
1539002024.12 49.4
1539002034.14 49.4
1539002044.16 49.4
1539002054.19 49.4
1539002064.21 49.9
1539002074.22 49.4
1539002084.25 49.9
1539002094.26 50.5
1539002104.28 49.9
1539002114.31 49.4
1539002124.32 49.9
1539002134.34 49.9
1539002144.36 50.5
1539002154.37 49.9
1539002164.38 49.4
1539002174.4 50.5
1539002184.41 49.9
1539002194.43 49.9
1539002204.45 50.5
1539002214.46 49.9
1539002224.48 49.4
1539002234.5 50.5
1539002244.52 49.9
1539002254.53 49.9
1539002264.55 50.5
1539002274.56 50.5
1539002284.58 49.9
1539002294.6 49.9
1539002304.62 49.4
1539002314.64 48.9
1539002324.66 49.4
1539002334.68 49.9
1539002344.71 49.4
1539002354.73 49.4
1539002364.74 49.9
1539002374.76 50.5
1539002384.77 49.4
1539002394.8 49.4
1539002404.82 49.4
1539002414.83 48.3
1539002424.86 49.4
1539002434.88 49.4
1539002444.89 49.4
1539002454.91 49.4
1539002464.93 49.4
1539002474.95 49.4
1539002484.96 49.9
1539002494.98 49.4
1539002505.01 49.4
1539002515.03 49.4
1539002525.04 48.3
1539002535.06 49.4
1539002545.07 49.4
1539002555.1 49.4
1539002565.12 48.3
1539002575.14 48.9
1539002585.16 49.4
1539002595.19 49.4
1539002605.21 49.4
1539002615.23 48.3
1539002625.25 49.4
1539002635.27 49.4
1539002645.3 48.9
1539002655.32 48.3
1539002665.35 47.8
1539002675.37 48.3
1539002685.39 48.3
1539002695.41 49.4
1539002705.43 48.3
1539002715.45 48.9
1539002725.48 48.3
1539002735.5 49.4
1539002745.52 48.3
1539002755.55 49.4
1539002765.57 49.4
1539002775.6 49.4
1539002785.62 48.3
1539002795.65 49.4
1539002805.67 48.3
1539002815.69 49.4
1539002825.72 48.3
1539002835.74 48.3
1539002845.77 48.3
1539002855.79 47.8
1539002865.81 48.9
1539002875.84 48.3
1539002885.86 48.3
1539002895.89 48.3
1539002905.91 48.3
1539002915.93 49.4
1539002925.96 48.3
1539002935.98 48.9
1539002946.0 48.3
1539002956.02 48.9
1539002966.04 48.3
1539002976.06 49.4
1539002986.09 48.9
1539002996.11 48.9
1539003006.13 48.3
1539003016.16 49.4
1539003026.18 48.3
1539003036.21 48.3
1539003046.23 49.4
1539003056.25 48.3
1539003066.27 48.3
1539003076.29 48.3
1539003086.31 49.4
1539003096.33 49.4
1539003106.35 49.4
1539003116.37 49.4
1539003126.4 49.4
1539003136.41 49.4
1539003146.44 49.9
1539003156.47 48.3
1539003166.49 49.4
1539003176.51 48.9
1539003186.54 48.3
1539003196.56 49.4
1539003206.59 49.4
1539003216.61 49.4
1539003226.63 48.3
1539003236.66 48.9
1539003246.68 48.3
1539003256.7 49.4
1539003266.72 49.4
1539003276.74 49.4
1539003286.77 48.3
1539003296.79 48.3
1539003306.81 48.9
1539003316.83 49.4
1539003326.85 49.4
1539003336.88 48.3
1539003346.9 48.3
1539003356.92 49.4
1539003366.95 49.4
1539003376.96 48.9
1539003386.98 49.4
1539003397.0 49.4
1539003407.03 49.4
1539003417.05 49.4
1539003427.09 49.4
1539003437.11 49.4
1539003447.12 49.4
1539003457.15 49.4
1539003467.17 49.4
1539003477.19 49.9
1539003487.22 49.4
1539003497.24 49.4
1539003507.27 49.4
1539003517.29 48.9
1539003527.32 49.4
1539003537.34 48.9
1539003547.36 48.9
1539003557.39 48.9
1539003567.41 49.4
1539003577.43 48.9
1539003587.46 49.4
1539003597.48 49.4
