1539800005.16 53.7
1539800015.17 53.7
1539800025.19 53.2
1539800035.21 54.2
1539800045.23 54.2
1539800055.24 54.2
1539800065.26 54.8
1539800075.28 54.2
1539800085.3 53.2
1539800095.32 54.2
1539800105.34 55.3
1539800115.35 53.7
1539800125.37 53.7
1539800135.39 54.2
1539800145.41 53.7
1539800155.43 53.7
1539800165.45 53.7
1539800175.47 53.7
1539800185.48 54.2
1539800195.5 54.2
1539800205.52 54.2
1539800215.54 53.7
1539800225.55 54.8
1539800235.57 54.2
1539800245.58 54.2
1539800255.6 54.8
1539800265.62 54.8
1539800275.64 54.8
1539800285.66 54.2
1539800295.68 54.2
1539800305.69 54.8
1539800315.71 54.8
1539800325.73 53.7
1539800335.75 54.2
1539800345.77 53.7
1539800355.78 53.7
1539800365.8 54.8
1539800375.82 54.8
1539800385.84 53.7
1539800395.86 54.8
1539800405.88 54.2
1539800415.9 54.8
1539800425.92 54.2
1539800435.94 54.2
1539800445.96 54.2
1539800455.98 54.2
1539800465.99 54.8
1539800476.01 54.8
1539800486.03 54.2
1539800496.05 54.8
1539800506.07 54.8
1539800516.08 54.2
1539800526.1 54.8
1539800536.12 54.8
1539800546.14 55.3
1539800556.16 54.8
1539800566.17 54.8
1539800576.19 55.8
1539800586.21 55.3
1539800596.22 54.8
1539800606.24 55.3
1539800616.26 54.8
1539800626.28 54.2
1539800636.3 54.8
1539800646.32 54.8
1539800656.34 55.3
1539800666.35 55.8
1539800676.36 55.8
1539800686.38 55.8
1539800696.39 55.8
1539800706.41 55.8
1539800716.44 56.4
1539800726.45 56.4
1539800736.47 55.8
1539800746.49 56.4
1539800756.51 55.8
1539800766.52 55.8
1539800776.54 55.8
1539800786.56 55.8
1539800796.57 55.8
1539800806.59 56.4
1539800816.61 56.4
1539800826.62 56.9
1539800836.64 56.4
1539800846.66 55.8
1539800856.68 56.9
1539800866.7 56.4
1539800876.72 56.4
1539800886.74 56.9
1539800896.75 56.4
1539800906.77 56.9
1539800916.79 56.4
1539800926.81 56.4
1539800936.83 56.9
1539800946.84 56.4
1539800956.86 56.4
1539800966.88 55.8
1539800976.9 56.4
1539800986.92 56.9
1539800996.94 56.4
1539801006.96 55.8
1539801016.99 56.4
1539801027.01 56.4
1539801037.03 56.4
1539801047.05 56.4
1539801057.07 55.8
1539801067.09 56.4
1539801077.11 55.8
1539801087.12 56.9
1539801097.14 56.4
1539801107.17 55.8
1539801117.19 56.4
1539801127.2 56.9
1539801137.22 56.9
1539801147.24 56.4
1539801157.26 56.4
1539801167.28 56.9
1539801177.3 56.4
1539801187.31 56.9
1539801197.33 55.8
1539801207.35 55.8
1539801217.37 56.9
1539801227.39 56.4
1539801237.41 55.8
1539801247.43 56.9
1539801257.45 56.4
1539801267.47 56.9
1539801277.49 56.9
1539801287.51 56.4
1539801297.52 56.9
1539801307.54 56.9
1539801317.55 56.9
1539801327.58 56.4
1539801337.6 56.9
1539801347.62 56.9
1539801357.64 56.9
1539801367.66 56.4
1539801377.68 57.5
1539801387.7 56.9
1539801397.72 56.9
1539801407.74 56.9
1539801417.76 58.0
1539801427.77 58.0
1539801437.79 56.9
1539801447.8 58.0
1539801457.82 57.5
1539801467.84 56.9
1539801477.86 58.0
1539801487.87 58.0
1539801497.89 58.0
1539801507.91 58.0
1539801517.93 58.0
1539801527.95 58.0
1539801537.97 58.0
1539801547.99 58.0
1539801558.0 58.5
1539801568.02 58.0
1539801578.04 58.5
1539801588.06 58.0
1539801598.07 59.1
1539801608.09 58.5
1539801618.11 59.1
1539801628.13 59.1
1539801638.15 58.5
1539801648.17 58.5
1539801658.18 59.1
1539801668.21 59.1
1539801678.22 59.6
1539801688.24 59.1
1539801698.26 59.1
1539801708.27 59.6
1539801718.29 59.1
1539801728.31 59.6
1539801738.33 59.1
1539801748.35 58.0
1539801758.37 59.1
1539801768.39 59.1
1539801778.4 59.1
1539801788.42 58.5
1539801798.44 59.1
1539801808.47 59.1
1539801818.49 59.1
1539801828.51 59.1
1539801838.53 59.1
1539801848.55 58.5
1539801858.56 59.1
1539801868.58 58.0
1539801878.6 58.0
1539801888.62 59.1
1539801898.64 58.5
1539801908.66 58.5
1539801918.68 58.0
1539801928.7 58.5
1539801938.72 59.1
1539801948.74 59.1
1539801958.75 59.1
1539801968.77 58.5
1539801978.79 58.5
1539801988.81 59.1
1539801998.82 59.1
1539802008.85 59.1
1539802018.87 59.6
1539802028.88 58.5
1539802038.9 59.1
1539802048.91 59.1
1539802058.93 59.1
1539802068.94 59.1
1539802078.95 59.1
1539802088.97 59.1
1539802098.98 59.1
1539802109.0 58.5
1539802119.02 59.1
1539802129.03 59.1
1539802139.05 59.1
1539802149.06 58.5
1539802159.08 58.0
1539802169.09 58.5
1539802179.12 58.0
1539802189.13 58.0
1539802199.14 58.0
1539802209.16 58.5
1539802219.17 59.1
1539802229.19 58.0
1539802239.21 59.1
1539802249.22 59.1
1539802259.24 58.5
1539802269.26 58.5
1539802279.28 59.1
1539802289.29 58.0
1539802299.31 58.0
1539802309.33 58.0
1539802319.35 58.0
1539802329.37 58.5
1539802339.39 58.0
1539802349.4 58.0
1539802359.42 58.5
1539802369.44 58.5
1539802379.46 58.5
1539802389.47 58.5
1539802399.49 58.5
1539802409.51 58.0
1539802419.53 58.0
1539802429.55 58.0
1539802439.57 58.5
1539802449.59 58.5
1539802459.61 59.1
1539802469.62 58.5
1539802479.63 58.5
1539802489.65 58.5
1539802499.67 59.1
1539802509.69 58.5
1539802519.7 59.1
1539802529.72 58.5
1539802539.73 58.5
1539802549.74 59.1
1539802559.76 59.1
1539802569.78 58.0
1539802579.8 59.1
1539802589.82 58.0
1539802599.83 58.5
1539802609.86 58.5
1539802619.88 58.0
1539802629.9 58.0
1539802639.92 58.0
1539802649.93 58.0
1539802659.95 58.5
1539802669.97 58.0
1539802679.99 59.1
1539802690.0 58.5
1539802700.03 58.5
1539802710.04 58.5
1539802720.06 58.0
1539802730.08 59.1
1539802740.1 59.1
1539802750.12 59.1
1539802760.13 59.1
1539802770.14 59.1
1539802780.16 58.0
1539802790.18 58.0
1539802800.2 58.5
