1539900000.45 41.3
1539900010.46 41.9
1539900020.48 41.9
1539900030.5 42.4
1539900040.52 42.4
1539900050.53 42.4
1539900060.55 42.4
1539900070.57 40.8
1539900080.58 41.9
1539900090.6 42.4
1539900100.62 42.4
1539900110.64 41.9
1539900120.66 42.4
1539900130.68 41.9
1539900140.7 42.4
1539900150.72 41.3
1539900160.74 42.9
1539900170.75 42.9
1539900180.77 41.9
1539900190.79 42.4
1539900200.8 41.9
1539900210.82 41.9
1539900220.84 41.9
1539900230.86 41.9
1539900240.87 41.3
1539900250.89 41.9
1539900260.91 41.9
1539900270.93 41.9
1539900280.94 41.9
1539900290.96 41.9
1539900300.98 41.3
1539900311.0 41.9
1539900321.02 41.9
1539900331.04 41.9
1539900341.05 42.4
1539900351.07 42.4
1539900361.09 40.8
1539900371.12 41.9
1539900381.13 42.4
1539900391.15 41.9
1539900401.17 41.9
1539900411.19 41.9
1539900421.2 41.9
1539900431.22 41.9
1539900441.24 41.3
1539900451.26 41.9
1539900461.28 42.4
1539900471.29 42.4
1539900481.31 41.3
1539900491.33 41.9
1539900501.35 41.9
1539900511.37 41.9
1539900521.39 41.3
1539900531.41 40.8
1539900541.42 41.3
1539900551.45 41.3
1539900561.46 40.8
1539900571.48 40.8
1539900581.49 41.3
1539900591.51 40.8
1539900601.53 40.8
1539900611.54 40.8
1539900621.56 41.9
1539900631.58 40.8
1539900641.6 40.8
1539900651.61 40.2
1539900661.63 40.8
1539900671.65 40.8
1539900681.67 41.3
1539900691.69 40.8
1539900701.71 41.3
1539900711.73 40.2
1539900721.75 39.7
1539900731.77 40.2
1539900741.78 40.8
1539900751.8 40.8
1539900761.82 39.7
1539900771.83 41.3
1539900781.84 41.3
1539900791.85 40.8
1539900801.87 40.8
1539900811.89 40.8
1539900821.91 40.8
1539900831.94 41.3
1539900841.96 41.3
1539900851.97 40.8
1539900861.99 41.3
1539900872.01 41.3
1539900882.02 41.3
1539900892.04 41.9
1539900902.06 40.8
1539900912.08 41.3
1539900922.09 41.3
1539900932.11 40.8
1539900942.13 40.8
1539900952.15 40.8
1539900962.16 40.8
1539900972.18 41.3
1539900982.19 41.3
1539900992.21 41.3
1539901002.22 41.9
1539901012.24 40.8
1539901022.25 41.3
1539901032.27 41.3
1539901042.28 41.3
1539901052.3 41.9
1539901062.32 41.9
1539901072.34 41.9
1539901082.35 41.9
1539901092.37 41.9
1539901102.39 41.3
1539901112.41 41.3
1539901122.43 41.9
1539901132.45 40.8
1539901142.47 40.8
1539901152.49 41.3
1539901162.51 41.3
1539901172.52 41.9
1539901182.53 41.9
1539901192.55 41.3
1539901202.56 41.9
1539901212.58 41.3
1539901222.6 40.8
1539901232.62 41.9
1539901242.63 41.9
1539901252.65 41.3
1539901262.66 40.8
1539901272.68 40.8
1539901282.7 41.9
1539901292.72 41.3
1539901302.74 41.3
1539901312.76 40.8
1539901322.77 41.3
1539901332.79 40.8
1539901342.8 40.8
1539901352.82 41.9
1539901362.83 41.9
1539901372.85 41.3
1539901382.86 41.3
1539901392.88 41.9
1539901402.89 41.9
1539901412.9 41.9
1539901422.91 41.3
1539901432.92 41.3
1539901442.93 41.3
1539901452.94 40.8
1539901462.96 40.8
1539901472.98 40.8
1539901482.99 40.8
1539901493.01 40.8
1539901503.03 40.8
1539901513.05 40.8
1539901523.06 41.3
1539901533.09 40.8
1539901543.1 40.8
1539901553.11 40.8
1539901563.12 41.3
1539901573.14 41.3
1539901583.16 41.3
1539901593.17 40.8
1539901603.19 40.8
1539901613.21 40.8
1539901623.22 40.8
1539901633.24 40.8
1539901643.26 41.3
1539901653.28 41.3
1539901663.29 40.8
1539901673.31 41.3
1539901683.33 40.8
1539901693.34 41.3
1539901703.36 40.8
1539901713.37 40.8
1539901723.39 40.8
1539901733.4 41.3
1539901743.42 40.8
1539901753.44 40.8
1539901763.45 40.8
1539901773.46 40.8
1539901783.48 40.8
1539901793.5 40.8
1539901803.52 40.8
1539901813.54 40.8
1539901823.55 41.3
1539901833.57 40.8
1539901843.59 40.8
1539901853.6 40.8
1539901863.62 41.3
1539901873.63 40.8
1539901883.65 40.8
1539901893.66 39.7
1539901903.68 40.2
1539901913.69 40.8
1539901923.71 40.8
1539901933.73 40.2
1539901943.75 40.8
1539901953.76 39.7
1539901963.78 40.8
1539901973.8 40.2
1539901983.82 40.8
1539901993.83 39.7
1539902003.85 40.2
1539902013.87 40.8
1539902023.88 40.8
1539902033.9 40.8
1539902043.91 40.8
1539902053.93 39.7
1539902063.95 40.8
1539902073.97 39.7
1539902083.99 39.7
1539902094.0 39.7
1539902104.02 39.2
1539902114.03 39.7
1539902124.05 39.7
1539902134.07 39.7
1539902144.08 39.7
1539902154.1 39.7
1539902164.11 39.7
1539902174.13 39.7
1539902184.15 39.7
1539902194.17 39.2
1539902204.18 39.7
1539902214.2 40.8
1539902224.21 40.8
1539902234.23 39.7
1539902244.25 39.2
1539902254.26 40.8
1539902264.28 40.2
1539902274.29 39.7
1539902284.3 40.8
1539902294.32 40.8
1539902304.33 40.8
1539902314.36 39.7
1539902324.38 39.7
1539902334.4 40.8
1539902344.42 40.8
1539902354.43 40.2
1539902364.45 40.2
1539902374.47 40.8
1539902384.49 39.7
1539902394.5 40.8
1539902404.52 39.7
1539902414.54 40.2
1539902424.55 40.2
1539902434.57 40.2
1539902444.59 40.8
1539902454.61 40.2
1539902464.63 40.2
1539902474.64 40.2
1539902484.66 39.7
1539902494.67 39.7
1539902504.69 40.8
1539902514.71 40.2
1539902524.73 39.7
1539902534.75 40.2
1539902544.76 40.2
1539902554.78 40.8
1539902564.8 40.2
1539902574.82 39.7
1539902584.83 39.7
1539902594.84 40.8
1539902604.86 40.8
1539902614.87 40.2
1539902624.89 39.7
1539902634.92 39.2
1539902644.93 39.7
1539902654.95 39.7
1539902664.97 40.2
1539902674.98 40.8
1539902685.0 39.7
1539902695.02 40.2
1539902705.04 40.2
1539902715.06 40.8
1539902725.07 40.8
1539902735.09 40.8
1539902745.1 39.7
1539902755.12 39.2
1539902765.13 40.2
1539902775.15 39.2
1539902785.17 39.7
1539902795.19 39.7
1539902805.21 39.7
1539902815.22 39.7
1539902825.24 40.8
1539902835.26 40.2
1539902845.28 40.2
1539902855.29 40.2
1539902865.32 40.2
1539902875.33 40.8
1539902885.35 40.8
1539902895.36 40.8
1539902905.38 40.8
1539902915.4 40.8
1539902925.42 40.8
1539902935.44 40.2
1539902945.46 39.7
1539902955.48 40.8
1539902965.49 40.2
1539902975.51 40.8
1539902985.53 39.7
1539902995.55 40.2
1539903005.56 40.8
1539903015.58 40.8
1539903025.59 40.8
1539903035.61 39.7
1539903045.63 40.8
1539903055.65 40.8
1539903065.67 40.8
1539903075.68 40.8
1539903085.7 40.8
1539903095.72 40.8
1539903105.74 40.8
1539903115.76 40.8
1539903125.78 40.8
1539903135.79 40.8
1539903145.81 40.8
1539903155.83 40.8
1539903165.85 41.3
1539903175.87 40.2
1539903185.88 40.8
1539903195.9 40.8
1539903205.92 40.8
1539903215.94 40.8
1539903225.95 40.8
1539903235.97 40.8
1539903245.99 41.3
1539903256.0 40.8
1539903266.02 40.8
1539903276.04 40.8
1539903286.06 40.8
1539903296.08 40.2
1539903306.1 40.2
1539903316.11 40.8
1539903326.14 40.8
1539903336.16 40.8
1539903346.17 40.8
1539903356.19 40.2
1539903366.21 40.8
1539903376.22 40.8
1539903386.24 40.2
1539903396.25 39.7
1539903406.28 40.2
1539903416.29 39.7
1539903426.31 40.2
1539903436.33 40.2
1539903446.35 40.8
1539903456.36 40.8
1539903466.38 39.7
1539903476.4 39.7
1539903486.42 40.8
1539903496.44 39.7
1539903506.46 39.7
1539903516.48 39.7
1539903526.5 39.7
1539903536.51 39.7
1539903546.53 39.7
1539903556.55 39.7
1539903566.57 39.7
1539903576.6 38.6
1539903586.62 38.6
1539903596.64 39.7
1539903606.66 39.2
1539903616.68 38.6
1539903626.7 39.2
1539903636.72 39.7
1539903646.74 38.6
1539903656.76 39.2
1539903666.78 39.7
1539903676.8 39.2
1539903686.81 39.7
1539903696.83 39.7
1539903706.84 39.7
1539903716.86 39.7
1539903726.88 38.6
1539903736.9 39.2
1539903746.91 39.7
1539903756.93 38.6
1539903766.95 39.7
1539903776.97 39.2
1539903786.99 39.7
1539903797.01 39.2
1539903807.02 39.7
1539903817.04 39.7
1539903827.06 39.7
1539903837.08 39.7
1539903847.1 39.7
1539903857.12 39.2
1539903867.14 39.2
1539903877.16 38.6
1539903887.18 39.2
1539903897.2 39.7
1539903907.22 39.2
1539903917.24 39.2
1539903927.26 38.6
1539903937.27 39.2
1539903947.29 39.7
1539903957.3 39.7
1539903967.32 39.2
1539903977.34 39.7
1539903987.36 39.7
1539903997.38 39.2
1539904007.4 39.2
1539904017.41 39.7
1539904027.43 40.2
1539904037.45 39.7
1539904047.46 39.7
1539904057.48 39.7
1539904067.49 40.2
1539904077.51 39.7
1539904087.52 39.7
1539904097.54 40.8
1539904107.56 39.7
1539904117.58 39.7
1539904127.6 40.8
1539904137.62 40.2
1539904147.64 40.2
1539904157.66 40.8
1539904167.68 40.2
1539904177.7 39.7
1539904187.72 39.7
1539904197.73 40.8
1539904207.74 40.8
1539904217.76 40.8
1539904227.78 39.7
1539904237.8 40.2
1539904247.81 40.8
1539904257.83 40.8
1539904267.84 39.7
1539904277.86 39.2
1539904287.88 40.8
1539904297.89 40.2
1539904307.91 40.2
1539904317.93 39.7
1539904327.94 39.7
1539904337.96 40.8
1539904347.98 40.8
1539904357.99 40.8
1539904368.01 40.2
1539904378.03 39.7
1539904388.05 39.7
1539904398.07 39.7
1539904408.08 39.7
1539904418.09 39.7
1539904428.11 39.7
1539904438.12 39.7
1539904448.14 39.2
1539904458.16 39.7
1539904468.18 39.7
1539904478.19 39.2
1539904488.21 39.7
1539904498.22 39.2
1539904508.24 39.7
1539904518.26 39.7
1539904528.28 39.7
1539904538.29 39.7
1539904548.31 39.2
1539904558.32 39.7
1539904568.34 39.7
1539904578.36 39.2
1539904588.37 39.7
1539904598.38 39.7
1539904608.4 38.6
1539904618.42 39.7
1539904628.44 39.7
1539904638.46 39.2
1539904648.48 39.2
1539904658.5 39.7
1539904668.51 39.2
1539904678.53 39.7
1539904688.55 39.2
1539904698.58 38.6
1539904708.6 39.2
1539904718.61 39.2
1539904728.63 39.2
1539904738.65 39.7
1539904748.66 39.2
1539904758.68 39.2
1539904768.7 39.7
1539904778.72 39.2
1539904788.74 39.2
1539904798.75 40.2
1539904808.77 39.7
1539904818.79 39.7
1539904828.8 39.7
1539904838.82 39.7
1539904848.84 39.2
1539904858.87 39.7
1539904868.88 39.2
1539904878.9 39.7
1539904888.92 39.7
1539904898.93 39.7
1539904908.95 39.7
1539904918.96 39.7
1539904928.98 39.7
1539904939.0 39.2
1539904949.02 39.7
1539904959.04 39.7
1539904969.06 39.7
1539904979.07 39.7
1539904989.09 39.2
1539904999.11 38.6
1539905009.13 39.2
1539905019.15 39.2
1539905029.16 39.7
1539905039.18 39.7
1539905049.2 39.2
1539905059.21 39.2
1539905069.23 39.2
1539905079.25 39.7
1539905089.27 38.6
1539905099.28 39.7
1539905109.3 39.7
1539905119.32 40.2
1539905129.33 39.2
1539905139.35 39.2
1539905149.37 39.7
1539905159.39 39.2
1539905169.41 39.7
1539905179.44 39.2
1539905189.45 39.7
1539905199.47 39.2
1539905209.49 39.2
1539905219.5 39.2
1539905229.52 39.7
1539905239.53 39.7
1539905249.55 39.7
1539905259.57 39.2
1539905269.59 39.2
1539905279.61 39.2
1539905289.63 39.2
1539905299.65 39.2
1539905309.66 39.7
1539905319.68 39.7
1539905329.69 39.7
1539905339.71 39.7
1539905349.73 39.7
1539905359.74 39.2
1539905369.76 38.6
1539905379.77 39.2
1539905389.79 38.6
1539905399.81 39.2
1539905409.83 38.6
1539905419.85 38.6
1539905429.87 39.7
1539905439.89 39.7
1539905449.9 39.7
1539905459.92 39.2
1539905469.93 40.2
1539905479.95 39.7
1539905489.97 39.7
1539905499.98 39.2
1539905510.0 39.2
1539905520.01 39.7
1539905530.03 39.7
1539905540.05 39.7
1539905550.06 40.2
1539905560.09 39.7
1539905570.11 40.2
1539905580.13 40.2
1539905590.15 39.7
1539905600.17 39.2
1539905610.18 39.7
1539905620.2 40.8
1539905630.22 39.7
1539905640.23 39.7
1539905650.25 39.2
1539905660.27 39.7
1539905670.29 39.7
1539905680.31 39.7
1539905690.32 39.7
1539905700.34 39.7
1539905710.35 39.2
1539905720.37 39.7
1539905730.39 40.8
1539905740.4 39.7
1539905750.43 40.2
1539905760.44 39.7
1539905770.46 39.7
1539905780.48 40.2
1539905790.5 39.7
1539905800.51 40.2
1539905810.53 40.8
1539905820.55 40.2
1539905830.57 39.7
1539905840.59 40.2
1539905850.6 40.2
1539905860.62 40.8
1539905870.64 39.7
1539905880.66 40.2
1539905890.68 40.8
1539905900.7 39.7
1539905910.72 40.2
1539905920.73 40.2
1539905930.75 39.7
1539905940.77 40.2
1539905950.78 39.7
1539905960.8 39.7
1539905970.82 39.7
1539905980.83 40.8
1539905990.85 40.8
1539906000.87 40.2
1539906010.89 40.2
1539906020.91 39.7
1539906030.93 40.2
1539906040.95 39.7
1539906050.97 40.2
1539906060.98 39.2
1539906071.0 39.7
1539906081.02 39.2
1539906091.04 39.2
1539906101.05 39.7
1539906111.07 39.2
1539906121.09 39.7
1539906131.11 38.6
1539906141.13 38.6
1539906151.15 39.2
1539906161.17 39.2
1539906171.19 38.6
1539906181.21 39.7
1539906191.22 39.2
1539906201.24 39.7
1539906211.26 38.6
1539906221.28 38.6
1539906231.3 39.2
1539906241.32 39.7
1539906251.34 39.7
1539906261.35 39.7
1539906271.36 39.2
1539906281.38 39.2
1539906291.4 39.2
1539906301.41 38.6
1539906311.43 39.2
1539906321.44 39.7
1539906331.46 39.7
1539906341.48 39.7
1539906351.49 39.7
1539906361.51 39.7
1539906371.53 39.7
1539906381.54 40.2
1539906391.56 39.7
1539906401.57 39.7
1539906411.59 39.7
1539906421.6 40.2
1539906431.62 39.7
1539906441.65 40.2
1539906451.67 39.7
1539906461.68 40.2
1539906471.7 39.7
1539906481.72 40.2
1539906491.74 40.2
1539906501.75 40.2
1539906511.77 40.2
1539906521.79 39.7
1539906531.81 39.7
1539906541.83 40.2
1539906551.84 40.2
1539906561.86 39.7
1539906571.88 40.8
1539906581.89 39.7
1539906591.91 40.2
1539906601.92 39.7
1539906611.94 39.7
1539906621.96 39.7
1539906631.98 39.7
1539906641.99 39.7
1539906652.02 39.7
1539906662.03 39.7
1539906672.05 39.7
1539906682.06 39.7
1539906692.08 39.7
1539906702.09 39.7
1539906712.11 39.7
1539906722.13 39.7
1539906732.15 40.2
1539906742.18 39.7
1539906752.2 39.7
1539906762.21 40.2
1539906772.22 39.7
1539906782.24 39.7
1539906792.26 40.2
1539906802.27 39.7
1539906812.29 40.8
1539906822.31 40.2
1539906832.33 40.8
1539906842.34 39.7
1539906852.36 39.7
1539906862.37 40.2
1539906872.39 40.8
1539906882.41 39.7
1539906892.42 39.7
1539906902.44 39.7
1539906912.46 40.8
1539906922.48 39.7
1539906932.49 39.7
1539906942.51 39.7
1539906952.53 39.2
1539906962.55 38.6
1539906972.57 39.2
1539906982.59 38.6
1539906992.6 39.2
1539907002.62 39.7
1539907012.63 39.7
1539907022.64 38.6
1539907032.66 39.2
1539907042.67 39.7
1539907052.69 39.7
1539907062.7 40.2
1539907072.72 40.8
1539907082.74 39.7
1539907092.76 39.7
1539907102.78 39.2
1539907112.8 39.7
1539907122.82 38.6
1539907132.84 39.7
1539907142.86 39.7
1539907152.88 39.7
1539907162.9 38.6
1539907172.92 39.2
1539907182.94 39.7
1539907192.96 39.7
