1539700003.73 55.3
1539700013.75 55.3
1539700023.77 55.3
1539700033.78 55.3
1539700043.8 55.3
1539700053.82 55.8
1539700063.83 55.3
1539700073.85 55.8
1539700083.87 55.3
1539700093.89 55.3
1539700103.9 55.8
1539700113.92 55.8
1539700123.94 55.8
1539700133.96 55.3
1539700143.98 55.3
1539700154.0 55.8
1539700164.02 54.8
1539700174.03 55.3
1539700184.06 55.8
1539700194.08 54.8
1539700204.1 54.8
1539700214.11 55.8
1539700224.13 55.3
1539700234.15 55.3
1539700244.17 55.8
1539700254.19 55.8
1539700264.2 54.8
1539700274.22 55.8
1539700284.24 55.8
1539700294.25 55.8
1539700304.27 55.8
1539700314.28 54.8
1539700324.31 55.3
1539700334.32 55.3
1539700344.34 55.8
1539700354.36 55.8
1539700364.38 55.8
1539700374.39 55.8
1539700384.41 55.8
1539700394.43 55.8
1539700404.45 55.8
1539700414.46 55.8
1539700424.48 55.8
1539700434.5 55.3
1539700444.52 55.3
1539700454.54 55.8
1539700464.55 55.3
1539700474.57 56.4
1539700484.6 55.8
1539700494.62 55.8
1539700504.64 56.4
1539700514.66 55.8
1539700524.66 56.4
1539700534.68 56.4
1539700544.69 55.8
1539700554.71 56.9
1539700564.73 55.8
1539700574.74 55.8
1539700584.76 55.8
1539700594.78 55.8
1539700604.8 55.8
1539700614.81 55.8
1539700624.83 55.8
1539700634.85 55.3
1539700644.86 54.8
1539700654.88 54.8
1539700664.9 54.8
1539700674.92 55.8
1539700684.94 55.8
1539700694.94 55.8
1539700704.97 55.8
1539700714.98 55.3
1539700725.0 55.8
1539700735.02 55.8
1539700745.03 55.3
1539700755.04 55.8
1539700765.06 55.8
1539700775.07 55.8
1539700785.1 55.8
1539700795.11 55.8
1539700805.13 55.8
1539700815.15 56.4
1539700825.17 55.8
1539700835.19 55.8
1539700845.21 56.4
1539700855.23 55.8
1539700865.24 55.8
1539700875.27 55.8
1539700885.28 55.8
1539700895.3 55.8
1539700905.32 55.8
1539700915.34 56.4
1539700925.36 55.8
1539700935.37 56.9
1539700945.39 55.8
1539700955.41 56.4
1539700965.41 56.9
1539700975.43 56.9
1539700985.44 56.9
1539700995.46 56.9
1539701005.48 56.9
1539701015.48 56.9
1539701025.49 56.9
1539701035.51 56.9
1539701045.53 56.9
1539701055.55 56.9
1539701065.57 56.9
1539701075.58 56.9
1539701085.6 56.9
1539701095.61 56.9
1539701105.63 56.9
1539701115.65 56.9
1539701125.66 56.9
1539701135.69 56.9
1539701145.7 56.9
1539701155.72 57.5
1539701165.74 56.9
1539701175.75 57.5
1539701185.77 56.9
1539701195.79 57.5
1539701205.81 58.0
1539701215.82 57.5
1539701225.84 58.0
1539701235.86 57.5
1539701245.88 56.9
1539701255.9 56.9
1539701265.91 56.9
1539701275.93 56.9
1539701285.95 56.4
1539701295.97 56.9
1539701305.97 56.9
1539701315.98 56.9
1539701325.99 56.9
1539701336.02 56.4
1539701346.04 56.9
1539701356.05 56.9
1539701366.07 56.9
1539701376.09 56.9
1539701386.1 56.9
1539701396.12 56.9
1539701406.14 56.9
1539701416.16 56.9
1539701426.17 56.4
1539701436.19 56.9
1539701446.19 57.5
1539701456.21 56.4
1539701466.23 56.4
1539701476.25 56.4
1539701486.26 56.4
1539701496.28 56.9
1539701506.3 55.8
1539701516.32 55.8
1539701526.35 55.8
1539701536.37 55.8
1539701546.38 56.4
1539701556.4 55.8
1539701566.42 55.3
1539701576.44 54.8
1539701586.46 55.8
1539701596.47 55.8
1539701606.5 55.8
1539701616.52 54.8
1539701626.53 54.8
1539701636.55 55.8
1539701646.57 54.8
1539701656.59 55.3
1539701666.61 54.8
1539701676.63 55.3
1539701686.65 55.3
1539701696.67 55.3
1539701706.69 55.8
1539701716.71 55.8
1539701726.72 55.8
1539701736.75 55.8
1539701746.77 54.8
1539701756.79 55.8
1539701766.8 55.3
1539701776.82 55.8
1539701786.84 55.8
1539701796.86 55.8
1539701806.87 56.4
1539701816.9 55.8
1539701826.91 55.8
1539701836.93 55.8
1539701846.96 55.3
1539701856.97 55.8
1539701866.99 55.8
1539701877.0 55.8
1539701887.03 55.8
1539701897.04 55.8
1539701907.06 55.8
1539701917.08 55.3
1539701927.1 55.8
1539701937.11 55.8
1539701947.13 55.8
1539701957.15 55.3
1539701967.17 54.8
1539701977.19 55.3
1539701987.21 55.3
1539701997.23 55.3
1539702007.24 58.0
1539702017.25 55.8
1539702027.28 56.4
1539702037.29 55.8
1539702047.31 55.8
1539702057.33 55.8
1539702067.34 55.8
1539702077.36 55.3
1539702087.38 55.3
1539702097.56 55.3
1539702107.58 54.8
1539702117.6 55.8
1539702127.61 55.3
1539702137.63 54.8
1539702147.65 54.8
1539702157.67 55.3
1539702167.69 54.8
1539702177.71 55.3
1539702187.74 54.8
1539702197.76 54.8
1539702207.78 54.2
1539702217.8 54.2
1539702227.82 54.8
1539702237.83 55.3
1539702247.85 54.2
1539702257.86 54.8
1539702267.88 54.8
1539702277.91 53.7
1539702287.94 54.2
1539702297.96 54.8
1539702307.97 54.8
1539702317.99 54.2
1539702328.01 54.8
1539702338.03 54.8
1539702348.05 55.3
1539702358.07 54.8
1539702368.1 54.2
1539702378.11 54.8
1539702388.15 54.8
1539702398.17 54.8
1539702408.19 55.8
1539702418.21 54.2
1539702428.23 54.8
1539702438.25 55.3
1539702448.28 54.8
1539702458.3 54.8
1539702468.32 55.3
1539702478.33 55.8
1539702488.36 55.8
1539702498.38 55.8
1539702508.39 56.4
1539702518.41 55.8
1539702528.43 55.8
1539702538.45 55.8
1539702548.46 56.4
1539702558.49 56.4
1539702568.5 56.4
1539702578.52 56.9
1539702588.54 56.4
1539702598.56 56.4
1539702608.57 55.8
1539702618.59 56.4
1539702628.61 56.9
1539702638.63 56.9
1539702648.64 56.9
1539702658.66 56.4
1539702668.68 55.8
1539702678.7 56.9
1539702688.72 56.9
1539702698.74 57.5
1539702708.75 56.9
1539702718.77 56.4
1539702728.79 56.9
1539702738.81 56.9
1539702748.83 56.4
1539702758.85 56.9
1539702768.87 56.9
1539702778.89 56.9
1539702788.9 56.9
1539702798.92 56.9
1539702808.93 56.9
1539702818.95 56.4
1539702828.97 56.9
1539702838.98 56.4
1539702849.0 56.9
1539702859.01 56.9
1539702869.03 56.9
1539702879.05 56.4
1539702889.07 56.4
1539702899.09 56.4
1539702909.1 55.8
1539702919.13 56.4
1539702929.15 55.8
1539702939.16 56.4
1539702949.19 55.8
1539702959.21 56.4
1539702969.23 55.8
1539702979.24 56.4
1539702989.27 55.8
1539702999.28 56.4
1539703009.3 56.4
1539703019.32 56.4
1539703029.34 56.9
1539703039.36 56.4
1539703049.38 56.9
1539703059.4 56.4
1539703069.42 56.9
1539703079.43 56.9
1539703089.45 56.4
1539703099.47 56.9
1539703109.48 56.9
1539703119.5 56.9
1539703129.52 57.5
1539703139.52 57.5
1539703149.54 57.5
1539703159.56 56.9
1539703169.58 57.5
1539703179.59 56.9
1539703189.61 58.0
1539703199.63 58.0
1539703209.64 58.0
1539703219.66 58.0
1539703229.68 58.0
1539703239.69 58.0
1539703249.71 58.0
1539703259.72 58.0
1539703269.74 58.0
1539703279.76 58.0
1539703289.77 58.0
1539703299.79 57.5
1539703309.81 57.5
1539703319.82 58.0
1539703329.84 56.9
1539703339.85 56.9
1539703349.89 56.9
1539703359.9 58.0
1539703369.92 58.0
1539703379.94 57.5
1539703389.96 56.9
1539703399.98 58.0
1539703409.99 56.9
1539703420.0 58.0
1539703430.03 56.9
1539703440.04 58.0
1539703450.06 57.5
1539703460.08 56.9
1539703470.09 56.9
1539703480.11 58.0
1539703490.13 58.0
1539703500.15 58.0
1539703510.16 58.0
1539703520.18 58.0
1539703530.2 57.5
1539703540.21 57.5
1539703550.23 58.0
1539703560.25 58.0
1539703570.27 58.0
1539703580.29 58.0
1539703590.31 58.0
1539703600.33 57.5
1539703610.35 58.0
1539703620.36 58.0
1539703630.38 58.0
1539703640.4 58.5
1539703650.42 56.9
1539703660.43 58.0
1539703670.45 58.0
1539703680.47 58.0
1539703690.49 58.0
1539703700.49 58.0
1539703710.5 58.0
1539703720.53 58.0
1539703730.54 58.0
1539703740.56 58.0
1539703750.58 58.5
1539703760.6 58.0
1539703770.62 57.5
1539703780.64 58.0
1539703790.66 58.0
1539703800.68 56.9
1539703810.69 58.0
1539703820.71 58.0
1539703830.73 58.0
1539703840.75 58.0
1539703850.77 57.5
1539703860.78 58.0
1539703870.8 58.0
1539703880.82 58.0
1539703890.84 58.0
1539703900.86 58.0
1539703910.88 58.0
1539703920.89 58.0
1539703930.91 58.0
1539703940.93 58.5
1539703950.95 58.0
1539703960.96 58.5
1539703970.98 58.0
1539703981.0 58.0
1539703991.01 59.1
1539704001.04 58.0
1539704011.05 58.0
1539704021.07 58.0
1539704031.09 58.0
1539704041.11 58.0
1539704051.13 58.0
1539704061.15 58.0
1539704071.16 58.0
1539704081.18 58.0
1539704091.19 58.5
1539704101.21 58.0
1539704111.23 58.0
1539704121.24 58.5
1539704131.26 58.5
1539704141.28 58.5
1539704151.3 59.1
1539704161.31 58.5
1539704171.33 59.1
1539704181.34 59.1
1539704191.36 59.1
1539704201.38 59.1
1539704211.4 58.5
1539704221.41 58.5
1539704231.44 58.5
1539704241.45 59.1
1539704251.47 58.5
1539704261.48 59.1
1539704271.5 59.1
1539704281.52 58.5
1539704291.53 59.1
1539704301.55 59.1
1539704311.57 59.1
1539704321.58 59.1
1539704331.6 59.1
1539704341.61 59.6
1539704351.63 59.6
1539704361.65 59.1
1539704371.67 59.6
1539704381.69 59.6
1539704391.7 59.6
1539704401.72 60.1
1539704411.74 59.1
1539704421.76 59.1
1539704431.78 59.1
1539704441.79 59.6
1539704451.81 59.6
1539704461.83 60.1
1539704471.85 59.1
1539704481.89 58.5
1539704491.9 59.6
1539704501.92 59.1
1539704511.93 59.1
1539704521.95 59.1
1539704531.97 58.5
1539704541.98 59.1
1539704552.0 58.5
1539704562.04 58.0
1539704572.05 59.1
1539704582.07 59.1
1539704592.09 59.1
1539704602.1 59.1
1539704612.12 58.0
1539704622.13 59.1
1539704632.15 58.0
1539704642.18 59.1
1539704652.2 58.0
1539704662.21 58.0
1539704672.23 59.1
1539704682.25 58.0
1539704692.27 58.0
1539704702.28 58.0
1539704712.3 58.5
1539704722.32 57.5
1539704732.34 58.5
1539704742.35 58.0
1539704752.38 58.0
1539704762.4 58.0
1539704772.42 58.0
1539704782.44 58.0
1539704792.46 58.5
1539704802.48 58.0
1539704812.5 58.0
1539704822.52 58.0
1539704832.54 58.0
1539704842.56 58.0
1539704852.57 58.0
1539704862.59 58.5
1539704872.61 58.0
1539704882.63 58.0
1539704892.64 58.5
1539704902.66 58.0
1539704912.68 58.5
1539704922.69 58.0
1539704932.71 58.5
1539704942.73 59.1
1539704952.74 58.0
1539704962.76 58.5
1539704972.78 58.5
1539704982.79 57.5
1539704992.81 58.0
1539705002.83 58.0
1539705012.85 58.5
1539705022.86 58.5
1539705032.88 59.1
1539705042.89 58.5
1539705052.91 58.5
1539705062.93 58.5
1539705072.95 59.1
1539705082.96 59.1
1539705092.98 58.5
1539705102.99 59.1
1539705113.01 59.1
1539705123.03 58.5
1539705133.05 59.1
1539705143.06 59.1
1539705153.08 59.1
1539705163.1 58.0
1539705173.12 58.0
1539705183.15 58.5
1539705193.17 58.0
1539705203.19 58.0
1539705213.21 58.0
1539705223.23 58.5
1539705233.24 58.0
1539705243.27 58.0
1539705253.3 58.0
1539705263.32 58.5
1539705273.34 58.0
1539705283.35 58.0
1539705293.37 58.5
1539705303.39 58.0
1539705313.4 58.5
1539705323.42 58.0
1539705333.43 58.5
1539705343.45 58.5
1539705353.47 59.1
1539705363.48 59.1
1539705373.5 59.1
1539705383.52 59.1
1539705393.54 59.1
1539705403.56 59.1
1539705413.58 59.1
1539705423.59 59.1
1539705433.6 59.1
1539705443.63 59.1
1539705453.64 59.1
1539705463.66 59.6
1539705473.68 59.1
1539705483.7 60.1
1539705493.72 59.6
1539705503.73 59.1
1539705513.75 59.6
1539705523.77 60.1
1539705533.79 60.1
1539705543.8 60.1
1539705553.82 60.1
1539705563.83 60.1
1539705573.85 60.1
1539705583.87 59.6
1539705593.89 59.6
