1539200001.48 73.1
1539200011.5 72.5
1539200021.52 73.1
1539200031.53 73.1
1539200041.55 73.1
1539200051.56 73.1
1539200061.57 73.1
1539200071.58 73.1
1539200081.6 73.1
1539200091.61 72.5
1539200101.63 72.5
1539200111.64 73.1
1539200121.65 73.1
1539200131.66 73.1
1539200141.68 73.6
1539200151.69 72.5
1539200161.71 73.1
1539200171.72 73.1
1539200181.74 72.0
1539200191.76 71.4
1539200201.78 72.5
1539200211.79 72.0
1539200221.81 73.1
1539200231.83 72.5
1539200241.85 72.0
1539200251.87 72.0
1539200261.88 72.0
1539200271.9 71.4
1539200281.92 72.0
1539200291.93 71.4
1539200301.95 72.5
1539200311.96 72.0
1539200321.99 72.0
1539200332.01 72.0
1539200342.03 71.4
1539200352.05 71.4
1539200362.06 71.4
1539200372.08 71.4
1539200382.09 71.4
1539200392.11 71.4
1539200402.14 70.9
1539200412.15 72.0
1539200422.17 72.0
1539200432.18 72.0
1539200442.2 72.0
1539200452.22 72.0
1539200462.23 71.4
1539200472.26 70.9
1539200482.28 71.4
1539200492.29 70.9
1539200502.31 70.9
1539200512.33 70.9
1539200522.35 70.9
1539200532.37 71.4
1539200542.38 70.4
1539200552.4 70.9
1539200562.41 70.9
1539200572.43 70.9
1539200582.45 70.9
1539200592.48 70.9
1539200602.5 69.8
1539200612.52 70.9
1539200622.53 70.9
1539200632.55 70.9
1539200642.57 70.9
1539200652.58 70.9
1539200662.6 70.9
1539200672.62 70.4
1539200682.63 70.9
1539200692.65 70.9
1539200702.67 70.9
1539200712.69 70.9
1539200722.71 71.4
1539200732.73 70.9
1539200742.74 71.4
1539200752.76 70.9
1539200762.78 70.9
1539200772.79 70.9
1539200782.8 71.4
1539200792.82 71.4
1539200802.83 70.9
1539200812.84 71.4
1539200822.86 71.4
1539200832.88 71.4
1539200842.9 71.4
1539200852.92 70.9
1539200862.94 69.8
1539200872.95 70.9
1539200882.98 70.9
1539200892.99 70.9
1539200903.01 70.9
1539200913.03 70.9
1539200923.05 70.9
1539200933.07 70.9
1539200943.09 70.9
1539200953.1 71.4
1539200963.12 70.9
1539200973.14 71.4
1539200983.15 70.9
1539200993.17 72.0
1539201003.18 71.4
1539201013.2 71.4
1539201023.22 70.9
1539201033.24 72.0
1539201043.25 70.9
1539201053.27 71.4
1539201063.29 70.9
1539201073.3 70.9
1539201083.32 70.9
1539201093.34 70.9
1539201103.35 70.9
1539201113.36 70.9
1539201123.37 70.9
1539201133.39 70.9
1539201143.41 70.9
1539201153.43 70.9
1539201163.45 70.9
1539201173.47 70.9
1539201183.49 70.4
1539201193.5 70.9
1539201203.52 70.9
1539201213.53 70.9
1539201223.55 70.9
1539201233.57 71.4
1539201243.58 70.9
1539201253.6 70.9
1539201263.62 70.9
1539201273.63 70.9
1539201283.65 70.9
1539201293.66 71.4
1539201303.68 70.9
1539201313.7 70.9
1539201323.72 70.9
1539201333.74 70.9
1539201343.76 70.9
1539201353.77 71.4
1539201363.78 70.4
1539201373.8 70.9
1539201383.82 70.9
1539201393.84 70.9
1539201403.85 70.9
1539201413.87 70.9
1539201423.89 70.9
1539201433.91 70.9
1539201443.93 70.9
1539201453.95 70.9
1539201463.97 69.8
1539201473.99 70.9
1539201484.01 69.8
1539201494.02 71.4
1539201504.04 70.9
1539201514.06 70.9
1539201524.07 70.9
1539201534.09 70.9
1539201544.1 71.4
1539201554.12 72.0
1539201564.14 70.9
1539201574.16 70.9
1539201584.17 70.9
1539201594.19 71.4
1539201604.2 70.9
