1539300005.77 49.4
1539300015.79 49.4
1539300025.8 49.4
1539300035.82 49.4
1539300045.84 49.4
1539300055.86 48.9
1539300065.87 49.4
1539300075.89 48.3
1539300085.91 49.4
1539300095.93 49.4
1539300105.95 48.9
1539300115.97 48.9
1539300125.99 49.4
1539300136.0 49.4
1539300146.02 49.4
1539300156.03 48.9
1539300166.05 49.4
1539300176.07 49.4
1539300186.09 49.4
1539300196.11 49.4
1539300206.13 49.4
1539300216.14 49.4
1539300226.16 49.4
1539300236.18 49.4
1539300246.2 48.3
1539300256.22 48.9
1539300266.24 48.9
1539300276.26 49.4
1539300286.27 48.3
1539300296.29 49.4
1539300306.3 48.3
1539300316.31 49.4
1539300326.33 48.3
1539300336.35 48.3
1539300346.36 48.3
1539300356.38 48.3
1539300366.39 48.3
1539300376.41 48.3
1539300386.43 48.3
1539300396.45 48.3
1539300406.47 48.9
1539300416.48 48.3
1539300426.51 49.4
1539300436.52 48.3
1539300446.54 49.4
1539300456.55 47.8
1539300466.57 49.4
1539300476.59 49.4
1539300486.61 48.9
1539300496.62 48.9
1539300506.64 49.4
1539300516.66 49.4
1539300526.68 48.3
1539300536.7 49.4
1539300546.72 49.4
1539300556.74 50.5
1539300566.75 49.4
1539300576.77 49.4
1539300586.79 48.9
1539300596.81 49.4
1539300606.83 49.4
1539300616.84 49.4
1539300626.86 49.9
1539300636.87 49.9
1539300646.89 49.4
1539300656.9 49.4
1539300666.92 49.4
1539300676.93 49.4
1539300686.95 49.4
1539300696.97 48.9
1539300707.0 48.3
1539300717.02 49.9
1539300727.04 49.9
1539300737.06 49.4
1539300747.08 49.4
1539300757.1 49.4
1539300767.11 49.4
1539300777.13 49.9
1539300787.15 49.4
1539300797.17 49.4
1539300807.18 49.4
1539300817.21 49.4
1539300827.22 49.4
1539300837.24 49.9
1539300847.25 49.4
1539300857.28 49.4
1539300867.29 49.4
1539300877.31 49.4
1539300887.32 49.9
1539300897.35 49.4
1539300907.36 48.9
1539300917.38 49.4
1539300927.39 49.4
1539300937.41 49.4
1539300947.43 49.9
1539300957.45 48.3
1539300967.47 49.4
1539300977.48 49.4
1539300987.5 49.4
1539300997.52 49.4
1539301007.53 49.4
1539301017.55 49.4
1539301027.56 48.3
1539301037.58 48.3
1539301047.6 49.4
1539301057.62 48.9
1539301067.64 48.3
1539301077.66 48.9
1539301087.67 48.9
1539301097.69 49.4
1539301107.71 49.4
1539301117.73 49.4
1539301127.75 48.9
1539301137.76 48.9
1539301147.78 49.4
1539301157.8 49.4
1539301167.81 49.4
1539301177.82 49.4
1539301187.85 49.4
1539301197.86 49.4
1539301207.88 48.9
1539301217.9 49.9
1539301227.92 49.4
1539301237.94 49.4
1539301247.95 49.4
1539301257.97 49.4
1539301267.99 48.3
1539301278.01 49.4
1539301288.02 49.4
1539301298.04 49.4
1539301308.06 48.3
1539301318.08 49.4
1539301328.09 49.4
1539301338.12 49.4
1539301348.13 49.4
1539301358.15 49.4
1539301368.17 49.4
1539301378.19 49.4
1539301388.21 49.4
1539301398.23 48.3
1539301408.25 49.4
1539301418.27 48.3
1539301428.29 49.4
1539301438.3 48.9
1539301448.32 49.4
1539301458.34 49.4
1539301468.36 48.3
1539301478.38 47.8
1539301488.4 49.4
1539301498.41 49.4
1539301508.43 48.9
1539301518.45 49.4
1539301528.47 49.4
1539301538.49 48.3
1539301548.51 49.4
1539301558.52 49.4
1539301568.54 49.4
1539301578.56 49.4
1539301588.57 49.4
1539301598.59 48.3
1539301608.61 49.4
1539301618.63 48.9
1539301628.66 48.9
1539301638.68 48.3
1539301648.69 48.9
1539301658.71 49.4
1539301668.73 49.4
1539301678.75 49.4
1539301688.76 48.3
1539301698.78 48.3
1539301708.8 49.4
1539301718.82 48.9
1539301728.83 48.3
1539301738.84 49.4
1539301748.86 48.3
1539301758.88 48.9
1539301768.89 48.9
1539301778.9 48.3
1539301788.92 48.3
1539301798.94 48.3
1539301808.95 48.3
1539301818.97 48.3
1539301828.99 48.3
1539301839.01 48.3
1539301849.03 48.9
1539301859.04 48.3
1539301869.06 48.3
1539301879.07 47.8
1539301889.09 48.3
1539301899.11 48.9
1539301909.13 48.3
1539301919.15 47.8
1539301929.17 47.8
1539301939.19 47.8
1539301949.21 47.8
1539301959.23 48.3
1539301969.25 47.2
1539301979.27 47.8
1539301989.29 48.3
1539301999.31 47.2
1539302009.33 48.3
1539302019.35 48.3
1539302029.36 48.3
1539302039.38 48.3
1539302049.4 48.3
1539302059.41 48.3
1539302069.43 48.3
1539302079.44 48.3
1539302089.47 47.8
1539302099.48 48.9
1539302109.5 48.3
1539302119.52 48.3
1539302129.54 48.3
1539302139.56 48.9
1539302149.57 48.9
1539302159.59 49.4
1539302169.61 48.3
1539302179.63 49.4
1539302189.64 49.4
1539302199.66 49.4
1539302209.68 49.4
1539302219.7 49.4
1539302229.72 49.4
1539302239.73 49.4
1539302249.75 49.4
1539302259.77 49.4
1539302269.79 49.4
1539302279.81 49.4
1539302289.83 49.4
1539302299.84 49.4
1539302309.86 49.4
1539302319.88 49.4
1539302329.9 49.4
1539302339.92 49.4
1539302349.94 49.4
1539302359.95 49.4
1539302369.98 48.9
1539302380.01 48.9
1539302390.03 49.4
1539302400.03 49.4
1539302410.05 49.4
1539302420.06 49.4
1539302430.08 49.4
1539302440.1 49.4
1539302450.12 49.4
1539302460.14 48.9
1539302470.16 49.4
1539302480.18 49.9
1539302490.2 49.4
1539302500.21 49.4
1539302510.24 49.4
1539302520.25 49.4
1539302530.27 49.9
1539302540.28 48.9
1539302550.3 49.4
1539302560.32 49.4
1539302570.33 49.4
1539302580.35 49.4
1539302590.37 49.4
1539302600.39 49.4
1539302610.4 49.4
1539302620.42 49.4
1539302630.43 49.4
1539302640.44 49.4
1539302650.46 49.4
1539302660.47 49.4
1539302670.48 49.9
1539302680.49 49.9
1539302690.5 49.9
1539302700.52 50.5
1539302710.53 49.9
1539302720.54 49.4
1539302730.56 48.9
1539302740.58 49.4
1539302750.6 49.4
1539302760.62 48.9
1539302770.64 49.9
1539302780.65 49.9
1539302790.67 49.4
1539302800.69 49.4
1539302810.7 49.4
1539302820.72 49.4
1539302830.73 49.4
1539302840.75 49.4
1539302850.77 49.9
1539302860.79 49.9
1539302870.81 49.4
1539302880.83 49.9
1539302890.85 49.4
1539302900.86 49.9
1539302910.89 48.9
1539302920.9 49.4
1539302930.92 49.4
1539302940.94 49.4
1539302950.95 49.4
1539302960.97 49.4
1539302970.99 48.9
1539302981.01 49.4
1539302991.03 49.4
1539303001.05 49.4
1539303011.07 49.4
1539303021.09 49.4
1539303031.1 49.9
1539303041.12 49.9
1539303051.14 49.4
1539303061.15 49.4
1539303071.18 49.4
1539303081.2 48.9
1539303091.22 49.4
1539303101.24 48.3
1539303111.26 49.4
1539303121.27 49.9
1539303131.29 49.4
1539303141.31 49.4
1539303151.33 48.9
1539303161.35 49.4
1539303171.36 49.4
1539303181.38 49.4
1539303191.4 49.4
1539303201.41 49.4
1539303211.43 49.4
1539303221.45 49.4
1539303231.47 49.4
1539303241.48 49.4
1539303251.51 49.4
1539303261.54 49.4
1539303271.55 49.4
1539303281.58 49.4
1539303291.59 49.4
1539303301.61 49.4
1539303311.63 49.4
1539303321.64 49.4
1539303331.66 49.4
1539303341.68 49.9
1539303351.7 49.4
1539303361.72 49.4
1539303371.73 49.9
1539303381.75 49.4
1539303391.77 49.9
1539303401.79 49.4
1539303411.81 49.9
1539303421.83 49.9
1539303431.85 49.4
1539303441.86 50.5
1539303451.88 49.9
1539303461.9 49.9
1539303471.91 49.9
1539303481.93 49.4
1539303491.95 49.4
1539303501.97 49.4
1539303511.99 49.9
1539303522.01 49.4
1539303532.03 49.4
1539303542.04 49.4
1539303552.06 49.4
1539303562.08 49.4
1539303572.1 48.9
1539303582.11 48.9
1539303592.13 49.4
1539303602.15 48.9
1539303612.16 48.3
1539303622.18 49.4
1539303632.19 49.4
1539303642.21 49.4
1539303652.23 49.4
1539303662.24 49.4
1539303672.26 49.4
1539303682.27 48.9
1539303692.3 48.3
1539303702.31 49.4
1539303712.33 48.9
1539303722.35 48.3
1539303732.37 49.4
1539303742.39 49.4
1539303752.41 49.9
1539303762.43 49.4
1539303772.45 49.4
1539303782.46 49.4
1539303792.48 49.4
1539303802.5 48.3
1539303812.52 48.9
1539303822.54 48.3
1539303832.56 48.3
1539303842.58 48.3
1539303852.6 48.3
1539303862.63 48.9
1539303872.64 48.3
1539303882.66 47.8
1539303892.68 47.8
1539303902.7 47.8
1539303912.71 47.2
1539303922.73 48.3
1539303932.75 48.3
1539303942.77 48.3
1539303952.78 48.3
1539303962.8 48.3
1539303972.82 48.3
1539303982.83 48.3
1539303992.85 48.3
1539304002.87 48.3
1539304012.88 48.3
1539304022.9 48.3
1539304032.91 47.8
1539304042.93 48.3
1539304052.95 48.3
1539304062.97 49.4
1539304072.98 49.4
1539304083.0 48.3
1539304093.02 47.8
1539304103.04 47.8
1539304113.06 48.3
1539304123.07 49.4
1539304133.08 48.9
1539304143.1 49.4
1539304153.12 48.3
1539304163.14 48.3
1539304173.16 48.3
1539304183.18 48.3
1539304193.2 48.3
1539304203.22 48.3
1539304213.23 48.3
1539304223.25 48.3
1539304233.27 48.3
1539304243.28 48.3
1539304253.29 48.3
1539304263.31 48.3
1539304273.33 48.3
1539304283.35 48.3
1539304293.37 47.8
1539304303.39 47.8
1539304313.41 48.3
1539304323.43 48.3
1539304333.45 48.9
1539304343.47 48.3
1539304353.49 48.9
1539304363.51 48.3
1539304373.53 48.3
1539304383.55 48.3
1539304393.56 47.8
1539304403.58 48.3
1539304413.6 48.3
1539304423.62 48.3
1539304433.63 48.3
1539304443.65 48.3
1539304453.67 48.9
1539304463.69 48.9
1539304473.71 48.3
1539304483.72 48.3
1539304493.74 48.3
1539304503.75 48.3
1539304513.77 48.3
1539304523.78 48.3
1539304533.8 47.8
1539304543.82 48.3
1539304553.84 47.8
1539304563.85 48.3
1539304573.87 48.9
1539304583.89 48.3
1539304593.91 48.3
1539304603.93 47.8
1539304613.94 48.3
1539304623.96 47.8
1539304633.98 48.3
1539304644.0 47.8
1539304654.02 47.8
1539304664.04 48.3
1539304674.05 47.8
1539304684.07 48.3
1539304694.09 48.3
1539304704.1 48.3
1539304714.13 48.3
1539304724.14 48.3
1539304734.15 48.9
1539304744.17 48.3
1539304754.18 48.3
1539304764.21 48.3
1539304774.22 48.3
1539304784.24 48.9
1539304794.26 48.3
1539304804.28 48.3
1539304814.3 48.3
1539304824.32 49.4
1539304834.34 48.9
1539304844.35 49.4
1539304854.37 49.4
1539304864.39 48.3
1539304874.41 48.3
1539304884.43 48.9
1539304894.44 49.4
1539304904.46 49.4
1539304914.48 48.3
1539304924.5 48.9
1539304934.52 49.4
1539304944.54 49.4
1539304954.56 49.4
1539304964.57 49.9
1539304974.59 49.4
1539304984.61 49.4
1539304994.62 49.4
1539305004.64 49.4
1539305014.65 49.4
1539305024.66 49.4
1539305034.68 49.4
1539305044.7 49.4
1539305054.71 49.4
1539305064.73 49.4
1539305074.74 49.4
1539305084.75 49.4
1539305094.76 49.4
1539305104.78 49.9
1539305114.79 49.4
1539305124.81 49.4
1539305134.83 49.4
1539305144.85 49.4
1539305154.86 49.4
1539305164.88 49.4
1539305174.9 49.9
1539305184.92 49.4
1539305194.94 49.4
1539305204.96 49.4
1539305214.97 49.4
1539305224.99 49.4
1539305235.01 49.4
1539305245.03 49.4
1539305255.04 49.4
1539305265.05 49.4
1539305275.07 49.4
1539305285.08 49.4
1539305295.11 49.4
1539305305.13 49.4
1539305315.14 48.3
1539305325.16 49.9
1539305335.18 48.9
1539305345.2 48.9
1539305355.22 48.9
1539305365.24 48.9
1539305375.26 48.3
1539305385.28 48.9
1539305395.29 49.4
1539305405.31 48.9
1539305415.33 48.3
1539305425.35 48.3
1539305435.37 49.4
1539305445.39 49.4
1539305455.4 49.4
1539305465.42 49.4
1539305475.44 49.4
1539305485.46 48.9
1539305495.48 49.4
1539305505.49 49.4
1539305515.5 49.4
1539305525.51 49.4
1539305535.52 49.4
1539305545.53 48.3
1539305555.55 49.4
1539305565.57 48.9
1539305575.58 48.3
1539305585.6 49.4
1539305595.61 48.3
1539305605.63 48.9
1539305615.64 49.4
1539305625.66 49.4
1539305635.68 49.4
1539305645.69 49.4
1539305655.71 49.4
1539305665.72 49.4
1539305675.74 49.4
1539305685.76 49.4
1539305695.77 49.4
1539305705.79 48.9
1539305715.81 49.4
1539305725.82 48.3
1539305735.84 48.9
1539305745.86 48.3
1539305755.88 48.3
1539305765.9 48.3
1539305775.91 48.9
1539305785.94 48.3
1539305795.95 48.9
1539305805.97 48.3
1539305815.98 48.9
1539305826.0 49.4
1539305836.02 48.3
1539305846.04 48.3
1539305856.06 49.4
1539305866.07 48.9
1539305876.09 48.3
1539305886.12 48.9
1539305896.14 48.9
1539305906.15 49.4
1539305916.17 48.3
1539305926.18 48.3
1539305936.2 48.3
1539305946.22 48.3
1539305956.24 48.3
1539305966.26 48.3
1539305976.28 48.9
1539305986.31 47.8
1539305996.33 49.4
