1539600005.24 39.7
1539600015.25 39.7
1539600025.28 39.2
1539600035.3 39.2
1539600045.32 39.2
1539600055.33 39.7
1539600065.35 39.7
1539600075.37 38.6
1539600085.39 39.7
1539600095.41 39.2
1539600105.43 39.7
1539600115.45 39.2
1539600125.47 39.7
1539600135.48 38.6
1539600145.5 39.2
1539600155.52 39.2
1539600165.53 39.7
1539600175.56 39.2
1539600185.58 39.2
1539600195.59 39.2
1539600205.6 39.2
1539600215.63 39.2
1539600225.64 39.2
1539600235.66 38.6
1539600245.68 39.2
1539600255.7 39.2
1539600265.72 39.2
1539600275.73 39.2
1539600285.75 39.2
1539600295.77 38.6
1539600305.79 38.6
1539600315.81 39.7
1539600325.83 37.6
1539600335.85 38.6
1539600345.87 38.6
1539600355.88 38.6
1539600365.9 38.6
1539600375.92 38.6
1539600385.94 38.6
1539600395.95 38.6
1539600405.97 39.2
1539600415.98 38.6
1539600426.0 38.6
1539600436.01 39.2
1539600446.03 38.6
1539600456.05 39.2
1539600466.06 39.7
1539600476.08 39.2
1539600486.1 38.6
1539600496.11 38.6
1539600506.14 38.6
1539600516.15 39.2
1539600526.16 39.7
1539600536.18 38.6
1539600546.2 39.2
1539600556.22 39.2
1539600566.24 39.2
1539600576.26 38.6
1539600586.28 38.6
1539600596.29 39.2
1539600606.31 39.2
1539600616.33 38.6
1539600626.35 39.7
1539600636.37 39.2
1539600646.39 38.6
1539600656.4 39.2
1539600666.43 38.6
1539600676.45 38.6
1539600686.46 38.6
1539600696.48 38.1
1539600706.51 39.2
1539600716.53 39.2
1539600726.55 38.6
1539600736.56 38.6
1539600746.58 38.6
1539600756.6 38.1
1539600766.62 39.2
1539600776.64 38.1
1539600786.66 38.6
1539600796.67 39.2
1539600806.69 38.6
1539600816.71 38.6
1539600826.72 39.2
1539600836.74 39.2
1539600846.77 38.6
1539600856.8 38.6
1539600866.82 39.2
1539600876.84 38.6
1539600886.86 38.6
1539600896.87 39.2
1539600906.89 37.6
1539600916.92 37.6
1539600926.94 38.1
1539600936.96 37.6
1539600946.98 38.6
1539600957.0 37.6
1539600967.02 38.6
1539600977.05 38.6
1539600987.06 38.6
1539600997.08 38.6
1539601007.1 38.6
1539601017.12 38.6
1539601027.14 38.6
1539601037.16 38.1
1539601047.18 37.6
1539601057.2 37.6
1539601067.22 38.1
1539601077.24 38.6
1539601087.26 38.1
1539601097.28 38.6
1539601107.3 37.6
1539601117.32 37.6
1539601127.33 38.6
1539601137.35 38.6
1539601147.37 39.2
1539601157.39 38.6
1539601167.41 39.2
1539601177.42 39.2
1539601187.45 38.6
1539601197.46 39.2
