1540100004.56 41.9
1540100014.59 41.9
1540100024.61 41.3
1540100034.63 41.9
1540100044.65 41.9
1540100054.67 41.9
1540100064.69 41.9
1540100074.71 42.4
1540100084.73 41.9
1540100094.75 41.9
1540100104.77 41.9
1540100114.8 41.9
1540100124.82 41.9
1540100134.84 42.4
1540100144.86 42.9
1540100154.88 41.9
1540100164.9 42.4
1540100174.92 41.9
1540100184.94 42.9
1540100194.96 42.9
1540100204.98 41.9
1540100214.99 42.9
1540100225.02 42.9
1540100235.04 41.9
1540100245.06 41.9
1540100255.08 42.4
1540100265.1 42.4
1540100275.12 42.9
1540100285.14 42.4
1540100295.16 42.4
1540100305.18 41.9
1540100315.2 42.9
1540100325.22 41.9
1540100335.24 42.9
1540100345.26 42.9
1540100355.28 42.9
1540100365.3 42.9
1540100375.32 41.9
1540100385.34 42.4
1540100395.36 43.5
1540100405.38 42.4
1540100415.4 42.9
1540100425.42 42.4
1540100435.44 42.9
1540100445.46 41.9
1540100455.48 42.9
1540100465.5 42.4
1540100475.52 42.4
1540100485.54 41.9
1540100495.56 41.9
1540100505.57 42.9
1540100515.59 41.9
1540100525.62 41.9
1540100535.64 41.9
1540100545.66 41.9
1540100555.68 41.9
1540100565.7 41.9
1540100575.72 41.9
1540100585.74 41.9
1540100595.76 41.9
1540100605.78 41.3
1540100615.8 41.3
1540100625.82 41.9
1540100635.84 42.4
1540100645.86 41.9
1540100655.87 41.9
1540100665.9 41.9
1540100675.92 41.9
1540100685.94 41.9
1540100695.96 41.9
1540100705.98 41.9
1540100716.0 41.9
1540100726.02 42.9
1540100736.04 41.9
1540100746.06 41.9
1540100756.08 41.9
1540100766.1 41.9
1540100776.12 41.3
1540100786.14 41.9
1540100796.16 41.9
1540100806.18 41.3
1540100816.21 41.3
1540100826.23 41.9
1540100836.25 41.9
1540100846.26 42.4
1540100856.29 41.9
1540100866.31 41.3
1540100876.33 41.3
1540100886.35 41.9
1540100896.37 42.4
1540100906.39 41.9
1540100916.41 41.9
1540100926.43 41.9
1540100936.45 42.9
1540100946.46 41.9
1540100956.48 41.3
1540100966.5 41.9
1540100976.52 41.3
1540100986.54 41.9
1540100996.56 41.3
1540101006.58 41.3
1540101016.6 41.9
1540101026.62 42.4
1540101036.64 41.9
1540101046.66 41.9
1540101056.68 41.3
1540101066.7 41.3
1540101076.72 41.9
1540101086.75 41.9
1540101096.77 40.8
1540101106.79 41.9
1540101116.8 42.9
1540101126.82 42.4
1540101136.84 41.9
1540101146.87 41.3
1540101156.89 41.3
1540101166.91 42.4
1540101176.93 41.9
1540101186.95 41.9
1540101196.97 41.9
1540101206.99 41.3
1540101217.01 41.9
1540101227.03 41.9
1540101237.05 42.4
1540101247.06 42.9
1540101257.08 41.9
1540101267.11 41.9
1540101277.11 41.9
1540101287.13 41.3
1540101297.15 41.9
1540101307.16 42.9
1540101317.18 41.3
1540101327.2 41.3
1540101337.22 41.3
1540101347.24 41.9
1540101357.26 42.4
1540101367.28 41.9
1540101377.3 41.9
1540101387.32 41.9
1540101397.34 41.9
1540101407.36 41.9
1540101417.38 41.3
1540101427.4 41.9
1540101437.41 42.4
1540101447.43 41.9
1540101457.45 41.3
1540101467.46 42.4
1540101477.49 41.9
1540101487.51 41.9
1540101497.53 41.9
1540101507.55 42.4
1540101517.57 42.4
1540101527.59 41.9
1540101537.61 41.9
1540101547.63 41.9
1540101557.66 41.3
1540101567.67 42.4
1540101577.69 41.9
1540101587.71 42.4
1540101597.74 41.9
1540101607.75 42.9
1540101617.77 42.9
1540101627.94 42.9
1540101637.97 41.9
1540101647.98 42.9
1540101658.0 41.9
1540101668.02 42.4
1540101678.04 41.9
1540101688.06 42.9
1540101698.08 42.9
1540101708.1 42.4
1540101718.12 41.9
1540101728.14 42.4
1540101738.16 42.4
1540101748.17 42.9
1540101758.19 42.4
1540101768.2 42.9
1540101778.22 42.9
1540101788.24 42.4
1540101798.26 42.9
1540101808.28 42.4
1540101818.3 42.9
1540101828.32 42.9
1540101838.34 42.9
1540101848.35 43.5
1540101858.38 42.9
1540101868.4 42.9
1540101878.42 42.4
1540101888.44 42.9
1540101898.46 42.9
1540101908.48 42.9
1540101918.5 42.4
1540101928.52 42.4
1540101938.54 42.9
1540101948.56 42.9
1540101958.58 42.9
1540101968.6 42.9
1540101978.62 42.4
1540101988.64 42.9
1540101998.66 43.5
1540102008.68 41.9
1540102018.7 41.9
1540102028.72 42.9
1540102038.73 43.5
1540102048.75 41.9
1540102058.78 42.4
1540102068.8 42.9
1540102078.82 42.9
1540102088.84 42.4
1540102098.85 42.9
1540102108.87 42.4
1540102118.89 42.9
1540102128.9 42.4
1540102138.92 42.9
1540102148.94 42.9
1540102158.96 42.9
1540102168.98 41.9
1540102179.0 42.4
1540102189.02 42.4
1540102199.04 42.9
1540102209.06 42.9
1540102219.07 42.9
1540102229.09 42.9
1540102239.11 42.9
1540102249.14 42.9
1540102259.16 42.9
1540102269.17 42.9
1540102279.19 42.9
1540102289.21 42.9
1540102299.22 43.5
1540102309.24 42.9
1540102319.26 42.9
1540102329.28 42.9
1540102339.3 42.9
1540102349.31 42.9
1540102359.34 42.9
1540102369.37 41.9
1540102379.39 42.9
1540102389.41 42.9
1540102399.43 42.9
1540102409.45 42.9
1540102419.47 42.4
1540102429.49 42.9
1540102439.51 43.5
1540102449.53 42.9
1540102459.56 42.9
1540102469.58 42.9
1540102479.6 43.5
1540102489.62 42.9
1540102499.63 43.5
1540102509.65 43.5
1540102519.67 42.9
1540102529.69 43.5
1540102539.71 43.5
1540102549.73 42.9
1540102559.75 42.9
1540102569.78 42.4
1540102579.8 42.4
1540102589.81 42.9
1540102599.83 42.9
1540102609.85 42.4
1540102619.87 42.9
1540102629.89 42.9
1540102639.91 42.9
1540102649.93 42.9
1540102659.95 42.4
1540102669.98 41.9
1540102680.0 42.9
1540102690.02 42.9
1540102700.04 42.4
1540102710.06 42.9
1540102720.08 41.9
1540102730.1 42.4
1540102740.12 42.4
1540102750.14 41.9
1540102760.16 42.4
1540102770.18 42.4
1540102780.2 42.9
1540102790.22 41.9
1540102800.24 41.9
1540102810.26 41.9
1540102820.28 42.4
1540102830.3 42.9
1540102840.32 41.9
1540102850.34 41.9
1540102860.36 42.4
1540102870.38 41.3
1540102880.4 41.9
1540102890.42 42.9
1540102900.44 41.9
1540102910.47 42.4
1540102920.49 42.4
1540102930.51 41.9
1540102940.53 41.9
1540102950.55 41.9
1540102960.56 42.9
1540102970.58 42.4
1540102980.6 42.4
1540102990.62 42.4
1540103000.64 41.9
1540103010.66 41.9
1540103020.69 41.9
1540103030.7 42.4
1540103040.72 41.9
1540103050.74 42.9
1540103060.76 41.9
1540103070.78 42.4
1540103080.81 42.4
1540103090.85 42.9
1540103100.87 41.9
1540103110.9 42.4
1540103120.92 41.9
1540103130.94 41.9
1540103140.96 42.4
1540103150.98 41.9
1540103161.0 42.4
1540103171.02 41.9
1540103181.05 41.9
1540103191.07 41.9
1540103201.09 41.9
1540103211.11 41.9
1540103221.12 42.4
1540103231.14 41.9
1540103241.16 41.9
1540103251.19 41.9
1540103261.21 41.9
1540103271.22 41.9
1540103281.24 41.9
1540103291.26 42.9
1540103301.28 41.9
1540103311.3 41.9
1540103321.32 41.9
1540103331.34 42.4
1540103341.36 41.9
1540103351.38 41.9
1540103361.4 41.9
1540103371.42 41.9
1540103381.44 42.4
1540103391.46 41.9
1540103401.48 42.9
1540103411.5 42.4
1540103421.52 42.9
1540103431.54 43.5
1540103441.56 41.9
1540103451.58 41.9
1540103461.6 41.9
1540103471.62 41.9
1540103481.64 41.9
1540103491.67 42.4
1540103501.69 41.9
1540103511.71 42.4
1540103521.73 41.9
1540103531.75 42.4
1540103541.77 41.9
1540103551.79 42.9
1540103561.81 41.9
1540103571.83 42.4
1540103581.86 42.4
1540103591.88 41.3
1540103601.9 42.9
1540103611.92 41.9
1540103621.94 41.9
1540103631.96 41.9
1540103641.99 41.9
1540103652.01 41.9
1540103662.03 42.4
1540103672.04 42.9
1540103682.06 42.9
1540103692.08 41.9
1540103702.11 41.9
1540103712.13 41.9
1540103722.15 41.9
1540103732.17 41.9
1540103742.19 41.9
1540103752.21 42.9
1540103762.23 41.9
1540103772.25 41.9
1540103782.27 41.9
1540103792.29 42.4
1540103802.31 41.9
1540103812.33 42.9
1540103822.35 41.9
1540103832.38 42.4
1540103842.38 42.9
1540103852.4 41.9
1540103862.42 41.9
1540103872.44 41.3
1540103882.46 41.9
1540103892.49 41.9
1540103902.51 41.9
1540103912.53 41.9
1540103922.55 41.9
1540103932.57 41.9
1540103942.59 41.9
1540103952.62 42.4
1540103962.64 42.4
1540103972.66 42.4
1540103982.68 41.9
1540103992.7 41.9
1540104002.72 41.9
1540104012.74 41.9
1540104022.76 41.9
1540104032.78 41.9
1540104042.8 41.9
1540104052.83 41.9
1540104062.85 42.4
1540104072.87 42.4
1540104082.88 42.9
1540104092.9 41.9
1540104102.93 41.9
1540104112.95 41.9
1540104122.97 41.9
1540104132.99 41.9
1540104143.01 41.9
1540104153.03 42.4
1540104163.05 41.9
1540104173.07 42.4
1540104183.09 41.9
1540104193.11 42.9
1540104203.12 41.3
1540104213.14 41.9
1540104223.16 42.9
1540104233.18 42.4
1540104243.2 41.3
1540104253.22 41.9
1540104263.24 42.4
1540104273.26 42.4
1540104283.28 42.4
1540104293.3 41.9
1540104303.33 41.9
1540104313.35 41.9
1540104323.37 42.4
1540104333.39 41.9
1540104343.41 42.4
1540104353.43 41.9
1540104363.45 41.9
1540104373.47 41.9
1540104383.49 42.4
1540104393.51 41.9
1540104403.53 41.9
1540104413.55 41.9
1540104423.58 41.9
1540104433.6 41.9
1540104443.62 41.3
1540104453.64 41.9
1540104463.66 41.9
1540104473.68 41.9
1540104483.7 41.9
1540104493.72 41.9
1540104503.74 41.9
1540104513.76 41.9
1540104523.78 41.9
1540104533.8 41.9
1540104543.82 41.9
1540104553.84 41.9
1540104563.86 41.9
1540104573.88 41.9
1540104583.9 41.3
1540104593.92 41.9
1540104603.95 41.9
1540104613.96 41.9
1540104623.98 40.8
1540104634.01 41.9
1540104644.03 41.9
1540104654.05 41.3
1540104664.07 41.9
1540104674.09 41.9
1540104684.11 41.9
1540104694.13 41.3
1540104704.15 41.9
1540104714.18 41.9
1540104724.2 41.3
1540104734.22 41.9
1540104744.24 41.9
1540104754.26 41.9
1540104764.29 41.9
1540104774.31 42.4
1540104784.32 42.4
1540104794.34 42.4
1540104804.36 41.9
1540104814.37 42.4
1540104824.39 41.9
1540104834.4 41.9
1540104844.42 41.9
1540104854.44 42.4
1540104864.45 41.3
1540104874.47 41.3
1540104884.49 41.3
1540104894.5 41.9
1540104904.52 41.9
1540104914.53 41.9
1540104924.55 41.9
1540104934.57 41.3
1540104944.59 41.9
1540104954.61 41.9
1540104964.63 41.9
1540104974.65 41.9
1540104984.67 41.9
1540104994.69 41.9
1540105004.71 41.9
1540105014.73 41.9
1540105024.75 41.9
1540105034.77 41.9
1540105044.79 41.9
1540105054.81 41.3
1540105064.83 41.9
1540105074.85 41.9
1540105084.87 42.9
1540105094.88 41.3
1540105104.91 41.9
1540105114.93 41.9
1540105124.96 42.4
1540105134.98 41.9
1540105145.0 41.9
1540105155.02 41.3
1540105165.04 40.8
1540105175.06 41.9
1540105185.08 41.3
1540105195.1 41.9
