1540000008.06 47.2
1540000018.07 47.2
1540000028.09 47.2
1540000038.11 47.2
1540000048.12 47.2
1540000058.14 47.2
1540000068.15 47.2
1540000078.17 47.2
1540000088.18 47.2
1540000098.2 47.2
1540000108.22 47.2
1540000118.24 46.2
1540000128.25 47.2
1540000138.27 46.2
1540000148.29 47.2
1540000158.31 47.8
1540000168.33 47.2
1540000178.35 46.2
1540000188.36 46.2
1540000198.38 46.2
1540000208.4 46.7
1540000218.42 46.2
1540000228.44 46.2
1540000238.46 46.2
1540000248.48 46.2
1540000258.5 45.6
1540000268.52 46.2
1540000278.54 46.2
1540000288.56 46.7
1540000298.58 46.7
1540000308.6 46.2
1540000318.62 46.7
1540000328.64 47.2
1540000338.67 46.2
1540000348.69 46.2
1540000358.7 46.7
1540000368.72 46.7
1540000378.74 46.2
1540000388.76 47.2
1540000398.78 46.2
1540000408.8 46.2
1540000418.82 46.2
1540000428.84 46.2
1540000438.86 46.2
1540000448.88 46.2
1540000458.89 47.2
1540000468.91 46.2
1540000478.93 46.2
1540000488.94 46.2
1540000498.96 47.2
1540000508.97 47.2
1540000518.99 46.7
1540000529.01 47.2
1540000539.02 47.2
1540000549.04 47.2
1540000559.05 47.2
1540000569.07 47.2
1540000579.09 47.2
1540000589.11 47.2
1540000599.12 47.2
1540000609.14 47.2
1540000619.17 47.8
1540000629.18 47.8
1540000639.19 47.2
1540000649.21 47.2
1540000659.23 47.2
1540000669.24 47.2
1540000679.26 47.2
1540000689.27 47.2
1540000699.29 47.2
1540000709.31 47.2
1540000719.33 46.7
1540000729.35 46.7
1540000739.37 46.2
1540000749.39 47.2
1540000759.4 47.2
1540000769.42 46.7
1540000779.44 47.2
1540000789.47 47.2
1540000799.48 47.2
1540000809.5 47.2
1540000819.51 47.2
1540000829.53 47.2
1540000839.55 47.2
1540000849.57 46.2
1540000859.59 47.8
1540000869.61 47.2
1540000879.63 47.8
1540000889.64 48.3
1540000899.66 47.2
1540000909.68 47.8
1540000919.7 48.3
1540000929.71 47.8
1540000939.73 47.8
1540000949.74 48.3
1540000959.76 47.2
1540000969.78 47.8
1540000979.8 48.3
1540000989.82 48.3
1540000999.83 47.8
1540001009.84 47.2
1540001019.86 47.8
1540001029.88 47.2
1540001039.9 47.2
1540001049.91 47.8
1540001059.93 47.2
1540001069.94 47.2
1540001079.96 47.2
1540001089.98 47.2
1540001099.99 47.2
1540001110.02 46.2
1540001120.04 47.2
1540001130.05 47.8
1540001140.08 47.2
1540001150.1 46.7
1540001160.12 46.7
1540001170.14 46.7
1540001180.16 47.2
1540001190.17 47.2
1540001200.18 46.7
1540001210.2 47.2
1540001220.22 46.7
1540001230.23 47.2
1540001240.25 47.2
1540001250.27 46.7
1540001260.29 47.2
1540001270.31 47.2
1540001280.32 47.2
1540001290.34 46.2
1540001300.36 46.2
1540001310.39 46.2
1540001320.41 46.2
1540001330.43 47.2
1540001340.44 46.7
1540001350.46 47.2
1540001360.48 46.7
1540001370.5 47.2
1540001380.51 47.2
1540001390.54 47.2
1540001400.55 46.7
1540001410.57 47.2
1540001420.58 47.2
1540001430.59 47.2
1540001440.62 46.7
1540001450.63 47.2
1540001460.65 47.8
1540001470.67 46.7
1540001480.69 47.2
1540001490.71 47.2
1540001500.72 46.7
1540001510.74 47.8
1540001520.76 47.2
1540001530.78 47.2
1540001540.79 47.2
1540001550.81 47.2
1540001560.83 47.2
1540001570.85 47.2
1540001580.87 47.8
1540001590.89 47.2
1540001600.9 47.2
1540001610.92 47.2
1540001620.94 47.2
1540001630.96 47.8
1540001640.97 47.2
1540001650.99 46.2
1540001661.0 47.2
1540001671.04 47.2
1540001681.06 47.2
1540001691.08 47.2
1540001701.1 47.2
1540001711.13 47.8
1540001721.14 47.2
1540001731.16 47.2
1540001741.18 47.2
1540001751.2 47.8
1540001761.21 47.8
1540001771.23 47.2
1540001781.25 47.2
1540001791.26 47.2
1540001801.28 46.7
1540001811.3 47.2
1540001821.32 47.2
1540001831.34 46.7
1540001841.36 46.7
1540001851.37 47.2
1540001861.39 47.2
1540001871.41 47.2
1540001881.43 46.7
1540001891.45 48.3
1540001901.47 47.2
1540001911.49 47.2
1540001921.51 47.2
1540001931.52 47.2
1540001941.54 47.2
1540001951.55 47.2
1540001961.57 47.2
1540001971.58 47.2
1540001981.6 47.8
1540001991.61 47.2
1540002001.63 47.2
1540002011.66 47.2
1540002021.68 46.2
1540002031.7 46.2
1540002041.71 46.2
1540002051.73 46.2
1540002061.75 46.2
1540002071.77 45.6
1540002081.78 46.7
1540002091.8 47.2
1540002101.81 46.7
1540002111.83 46.2
1540002121.85 47.2
1540002131.86 47.2
1540002141.88 46.7
1540002151.89 46.2
1540002161.92 46.7
1540002171.93 47.2
1540002181.94 46.2
1540002191.96 46.2
1540002201.98 46.7
1540002211.99 47.2
1540002222.01 47.2
1540002232.02 47.2
1540002242.03 46.2
1540002252.05 46.2
1540002262.07 47.2
1540002272.09 47.2
1540002282.11 47.2
1540002292.13 47.2
1540002302.14 46.2
1540002312.16 46.2
1540002322.19 46.2
1540002332.21 47.2
1540002342.23 46.7
1540002352.24 47.2
1540002362.26 46.7
1540002372.28 46.2
1540002382.3 46.2
1540002392.33 46.2
1540002402.35 46.2
1540002412.37 46.2
1540002422.38 46.7
1540002432.4 46.2
1540002442.42 45.6
1540002452.44 45.6
1540002462.46 46.2
1540002472.48 45.6
1540002482.49 46.2
1540002492.51 46.2
1540002502.52 45.1
1540002512.54 45.6
1540002522.57 45.6
1540002532.58 46.7
1540002542.6 45.1
1540002552.62 45.6
1540002562.63 46.2
1540002572.66 45.6
1540002582.68 45.6
1540002592.7 46.2
1540002602.76 46.2
1540002612.77 46.2
1540002622.89 46.2
1540002632.91 45.1
1540002642.93 46.2
1540002652.94 45.6
1540002662.96 45.1
1540002672.98 45.1
1540002682.99 46.2
1540002693.02 45.1
1540002703.04 45.1
1540002713.05 45.1
1540002723.07 45.1
1540002733.1 45.1
1540002743.11 45.1
1540002753.14 45.1
1540002763.16 45.1
1540002773.18 45.1
1540002783.2 45.1
1540002793.21 45.1
1540002803.23 45.1
1540002813.25 46.2
1540002823.27 45.1
1540002833.29 45.6
1540002843.31 45.1
1540002853.33 45.6
1540002863.35 45.1
1540002873.37 45.1
1540002883.39 45.1
1540002893.41 45.1
1540002903.43 45.1
1540002913.45 45.1
1540002923.47 45.1
1540002933.51 45.1
1540002943.53 45.1
1540002953.56 45.1
1540002963.58 45.1
1540002973.6 45.1
1540002983.62 45.1
1540002993.64 45.6
1540003003.66 45.1
1540003013.67 46.2
1540003023.69 45.6
1540003033.7 46.2
1540003043.72 46.2
1540003053.74 45.6
1540003063.77 46.2
1540003073.79 46.2
1540003083.81 45.1
1540003093.82 46.2
1540003103.85 45.6
1540003113.86 46.2
1540003123.88 47.2
1540003133.91 46.2
1540003143.93 46.2
1540003153.94 46.2
1540003163.96 46.2
1540003173.98 46.2
1540003184.0 46.2
1540003194.01 47.2
1540003204.03 46.7
1540003214.05 46.7
1540003224.07 46.2
1540003234.09 46.2
1540003244.11 46.7
1540003254.13 46.2
1540003264.14 46.2
1540003274.16 46.2
1540003284.17 46.2
1540003294.19 45.6
1540003304.22 46.2
1540003314.24 46.2
1540003324.26 46.2
1540003334.27 46.2
1540003344.3 46.2
1540003354.32 46.2
1540003364.34 46.7
1540003374.35 46.2
1540003384.37 46.2
1540003394.39 47.2
1540003404.4 46.2
1540003414.42 46.2
1540003424.44 45.6
1540003434.45 46.2
1540003444.47 46.2
1540003454.49 46.2
1540003464.51 46.2
1540003474.53 45.6
1540003484.55 45.6
1540003494.57 45.6
1540003504.58 45.6
1540003514.61 45.6
1540003524.63 45.1
1540003534.64 46.2
1540003544.66 45.1
1540003554.69 45.1
1540003564.71 45.6
1540003574.72 45.1
1540003584.74 46.2
1540003594.76 46.2
1540003604.78 46.2
1540003614.81 45.6
1540003624.83 45.1
1540003634.85 45.1
1540003644.87 45.6
1540003654.89 45.1
1540003664.91 45.1
1540003674.93 45.1
1540003684.95 45.1
1540003694.97 45.6
1540003705.0 45.1
1540003715.02 46.2
1540003725.04 45.1
1540003735.06 45.6
1540003745.08 45.1
1540003755.1 45.1
1540003765.12 45.6
1540003775.14 45.1
1540003785.16 45.6
1540003795.18 45.1
1540003805.2 46.2
1540003815.22 45.6
1540003825.23 46.2
1540003835.25 45.1
1540003845.28 45.6
1540003855.29 46.2
1540003865.31 45.1
1540003875.33 45.1
1540003885.35 45.1
1540003895.38 45.1
1540003905.4 45.6
1540003915.42 45.6
1540003925.44 45.1
1540003935.46 45.1
1540003945.48 45.1
1540003955.5 45.1
1540003965.52 45.1
1540003975.55 45.1
1540003985.56 45.1
1540003995.58 45.6
1540004005.6 46.2
1540004015.61 45.6
1540004025.64 45.6
1540004035.66 45.1
1540004045.68 45.1
1540004055.69 46.2
1540004065.71 44.5
1540004075.73 46.2
1540004085.75 45.1
1540004095.76 46.2
1540004105.77 45.6
1540004115.8 45.1
1540004125.81 46.2
1540004135.82 46.2
1540004145.84 46.2
1540004155.86 45.6
1540004165.87 45.6
1540004175.89 46.2
1540004185.91 46.2
1540004195.92 46.2
1540004205.93 46.2
1540004215.94 46.2
1540004225.95 46.2
1540004235.97 46.2
1540004245.99 46.2
1540004256.01 46.2
1540004266.03 45.1
1540004276.05 45.1
1540004286.06 46.7
1540004296.08 45.6
1540004306.1 46.7
1540004316.12 46.7
1540004326.14 46.2
1540004336.15 46.2
1540004346.17 46.2
1540004356.19 46.7
1540004366.2 46.2
1540004376.22 46.2
1540004386.24 46.2
1540004396.26 46.2
