1540700004.87 42.9
1540700014.89 42.9
1540700024.9 43.5
1540700034.93 42.9
1540700044.95 42.4
1540700054.97 42.9
1540700064.99 42.4
1540700075.01 42.9
1540700085.03 42.9
1540700095.05 43.5
1540700105.07 42.9
1540700115.09 42.9
1540700125.12 42.9
1540700135.14 42.4
1540700145.15 43.5
1540700155.17 42.9
1540700165.19 42.4
1540700175.21 42.9
1540700185.23 42.9
1540700195.26 42.9
1540700205.28 42.9
1540700215.3 42.4
1540700225.33 43.5
1540700235.34 42.9
1540700245.37 42.9
1540700255.38 42.9
1540700265.4 42.9
1540700275.42 42.4
1540700285.44 42.9
1540700295.46 42.9
1540700305.48 42.9
1540700315.5 42.4
1540700325.52 42.9
1540700335.54 42.9
1540700345.56 42.9
1540700355.58 42.9
1540700365.6 42.9
1540700375.62 42.9
1540700385.64 42.9
1540700395.66 41.9
1540700405.68 42.9
1540700415.7 42.9
1540700425.72 42.4
1540700435.73 43.5
1540700445.75 43.5
1540700455.77 42.4
1540700465.79 41.9
1540700475.81 43.5
1540700485.82 42.9
1540700495.84 41.9
1540700505.87 42.9
1540700515.89 43.5
1540700525.91 42.9
1540700535.93 42.9
1540700545.95 42.4
1540700555.97 42.9
1540700566.0 42.4
1540700576.02 42.4
1540700586.04 42.4
1540700596.06 42.9
1540700606.08 42.4
1540700616.1 42.9
1540700626.12 43.5
1540700636.14 42.4
1540700646.16 42.9
1540700656.18 41.9
1540700666.2 42.9
1540700676.22 42.9
1540700686.23 42.9
1540700696.26 42.9
1540700706.27 42.9
1540700716.29 42.4
1540700726.31 42.9
1540700736.33 42.9
1540700746.35 43.5
1540700756.37 41.9
1540700766.39 42.9
1540700776.41 42.9
1540700786.43 42.4
1540700796.45 42.4
1540700806.47 42.9
1540700816.49 42.4
1540700826.51 41.9
1540700836.53 42.9
1540700846.56 42.9
1540700856.58 41.9
1540700866.6 42.9
1540700876.62 42.4
1540700886.64 42.4
1540700896.66 42.4
1540700906.68 42.9
1540700916.7 41.9
1540700926.72 42.9
1540700936.74 42.9
1540700946.76 42.9
1540700956.78 42.4
1540700966.81 41.9
1540700976.83 42.9
1540700986.84 42.9
1540700996.86 42.4
1540701006.89 42.9
1540701016.91 42.4
1540701026.93 42.9
1540701036.95 42.9
1540701046.97 42.4
1540701056.98 42.9
1540701067.0 43.5
1540701077.01 42.9
1540701087.03 43.5
1540701097.05 42.4
1540701107.07 42.9
1540701117.09 42.9
1540701127.11 42.9
1540701137.12 43.5
1540701147.15 42.9
1540701157.17 42.9
1540701167.18 43.5
1540701177.2 42.9
1540701187.22 43.5
1540701197.24 42.9
1540701207.26 42.9
1540701217.28 42.9
1540701227.3 42.4
1540701237.32 41.9
1540701247.34 42.4
1540701257.36 42.9
1540701267.38 41.9
1540701277.4 43.5
1540701287.41 42.9
1540701297.44 42.9
1540701307.46 42.9
1540701317.48 42.9
1540701327.5 42.9
1540701337.51 43.5
1540701347.54 42.9
1540701357.56 42.4
1540701367.58 42.9
1540701377.6 42.9
1540701387.61 42.9
1540701397.64 41.9
1540701407.66 41.9
1540701417.68 42.9
1540701427.69 42.9
1540701437.71 42.9
1540701447.74 42.9
1540701457.76 41.9
1540701467.77 42.9
1540701477.79 42.9
1540701487.81 42.9
1540701497.82 42.4
1540701507.84 41.9
1540701517.86 41.9
1540701527.89 41.9
1540701537.91 41.9
1540701547.93 41.9
1540701557.95 41.9
1540701567.97 42.9
1540701577.99 41.9
1540701588.01 42.9
1540701598.02 42.9
1540701608.05 41.9
1540701618.06 42.9
1540701628.08 42.9
1540701638.1 41.9
1540701648.12 41.9
1540701658.15 41.9
1540701668.17 41.9
1540701678.19 41.9
1540701688.21 41.9
1540701698.23 41.9
1540701708.25 41.9
1540701718.27 41.9
1540701728.29 41.9
1540701738.31 42.4
1540701748.33 41.9
1540701758.35 42.4
1540701768.37 41.9
1540701778.39 42.9
1540701788.4 42.9
1540701798.42 42.9
1540701808.44 41.9
1540701818.46 42.9
1540701828.48 41.9
1540701838.5 42.9
1540701848.52 42.9
1540701858.53 42.9
1540701868.56 41.9
1540701878.57 42.9
1540701888.59 41.9
1540701898.61 41.9
1540701908.63 41.9
1540701918.66 42.9
1540701928.67 42.9
1540701938.69 42.9
1540701948.71 42.4
1540701958.74 42.9
1540701968.76 42.9
1540701978.78 42.9
1540701988.8 42.9
1540701998.83 42.4
1540702008.85 42.9
1540702018.87 41.9
1540702028.89 42.4
1540702038.91 41.9
1540702048.93 42.9
1540702058.95 42.9
1540702068.97 42.9
1540702078.99 42.9
1540702089.01 42.9
1540702099.04 41.9
1540702109.06 42.9
1540702119.08 42.4
1540702129.1 42.9
1540702139.12 42.4
1540702149.14 41.9
1540702159.16 42.4
1540702169.18 41.9
1540702179.2 42.4
1540702189.22 41.9
1540702199.24 41.9
1540702209.26 42.9
1540702219.29 42.4
1540702229.31 41.9
1540702239.33 41.9
1540702249.35 41.9
1540702259.37 42.4
1540702269.4 41.9
1540702279.42 42.9
1540702289.43 41.9
1540702299.45 41.9
1540702309.47 41.9
1540702319.49 41.9
1540702329.51 41.9
1540702339.53 42.9
1540702349.54 42.4
1540702359.56 42.4
1540702369.58 42.4
1540702379.6 41.3
1540702389.63 42.9
1540702399.65 42.4
1540702409.66 41.9
1540702419.68 41.9
1540702429.7 41.9
1540702439.73 41.3
1540702449.75 41.9
1540702459.77 42.4
1540702469.79 42.4
1540702479.81 41.9
1540702489.83 41.9
1540702499.85 41.9
1540702509.87 41.9
1540702519.89 41.9
1540702529.91 41.3
1540702539.94 41.9
1540702549.95 41.9
1540702559.97 41.9
1540702569.99 41.9
1540702580.01 42.9
1540702590.03 41.9
1540702600.05 42.9
1540702610.06 42.9
1540702620.08 42.9
1540702630.1 42.4
1540702640.12 41.9
1540702650.15 42.9
1540702660.16 41.9
1540702670.18 41.9
1540702680.2 41.9
1540702690.22 41.9
1540702700.24 41.9
1540702710.26 41.3
1540702720.28 41.3
1540702730.3 41.9
1540702740.32 41.3
1540702750.34 41.9
1540702760.36 41.9
1540702770.38 41.3
1540702780.39 41.9
1540702790.41 41.3
1540702800.43 41.3
1540702810.45 42.4
1540702820.47 42.4
1540702830.5 41.9
1540702840.52 41.9
1540702850.54 42.4
1540702860.56 41.9
1540702870.58 42.4
1540702880.6 41.9
1540702890.62 41.9
1540702900.63 41.9
1540702910.65 41.9
1540702920.67 41.9
1540702930.69 41.9
1540702940.7 41.9
1540702950.72 42.4
1540702960.74 42.4
1540702970.76 42.9
1540702980.77 42.4
1540702990.79 41.9
1540703000.81 42.4
1540703010.83 41.9
1540703020.85 41.9
1540703030.87 41.9
1540703040.89 42.4
1540703050.91 41.9
1540703060.93 42.9
1540703070.95 41.9
1540703080.96 42.4
1540703090.99 41.9
1540703101.01 41.9
1540703111.03 42.4
1540703121.04 41.9
1540703131.06 42.4
1540703141.08 41.9
1540703151.1 41.9
1540703161.12 41.9
1540703171.15 40.8
1540703181.16 41.9
1540703191.18 42.4
1540703201.2 41.9
1540703211.22 41.3
1540703221.24 41.9
1540703231.26 41.3
1540703241.28 41.9
1540703251.3 41.3
1540703261.32 41.3
1540703271.34 41.9
1540703281.36 40.8
1540703291.38 41.9
1540703301.4 41.9
1540703311.41 42.4
1540703321.44 41.9
1540703331.46 41.3
1540703341.48 41.3
1540703351.49 41.9
1540703361.51 41.9
1540703371.53 41.3
1540703381.55 41.9
1540703391.57 41.9
1540703401.59 41.9
1540703411.61 41.3
1540703421.63 41.3
1540703431.65 41.9
1540703441.68 41.3
1540703451.7 41.3
1540703461.72 40.8
1540703471.74 41.9
1540703481.76 41.3
1540703491.78 40.8
1540703501.8 41.3
1540703511.82 41.3
1540703521.84 41.9
1540703531.86 41.9
1540703541.88 41.3
1540703551.9 41.3
1540703561.92 41.9
1540703571.95 41.3
1540703581.97 41.3
1540703591.99 41.3
1540703602.0 41.9
1540703612.02 41.3
1540703622.04 41.9
1540703632.07 41.3
1540703642.09 41.9
1540703652.11 40.8
1540703662.13 41.3
1540703672.15 41.9
1540703682.17 41.9
1540703692.2 40.8
1540703702.22 41.3
1540703712.24 41.9
1540703722.26 41.9
1540703732.28 41.9
1540703742.3 40.8
1540703752.32 40.8
1540703762.34 40.8
1540703772.36 41.9
1540703782.38 41.3
1540703792.4 41.3
1540703802.42 40.8
1540703812.45 41.3
1540703822.47 41.3
1540703832.49 40.8
1540703842.51 40.8
1540703852.52 41.9
1540703862.55 40.8
1540703872.56 40.8
1540703882.58 40.8
1540703892.6 41.3
1540703902.62 40.8
1540703912.65 40.8
1540703922.67 41.3
1540703932.69 40.8
1540703942.71 40.8
1540703952.73 41.3
1540703962.75 41.3
1540703972.77 40.8
1540703982.79 40.8
1540703992.81 40.2
1540704002.83 40.8
1540704012.85 41.3
1540704022.88 41.3
1540704032.9 40.8
1540704042.92 40.8
1540704052.94 40.8
1540704062.96 41.3
1540704072.98 40.8
1540704083.0 40.8
1540704093.02 40.8
1540704103.04 40.8
1540704113.06 40.8
1540704123.08 40.8
1540704133.11 40.8
1540704143.13 40.8
1540704153.15 40.8
1540704163.17 40.8
1540704173.19 40.8
1540704183.21 41.3
1540704193.23 40.8
1540704203.25 41.9
1540704213.26 40.8
1540704223.28 41.9
1540704233.3 40.8
1540704243.32 40.8
1540704253.34 40.8
1540704263.36 40.8
1540704273.38 40.8
1540704283.4 40.8
1540704293.42 40.8
1540704303.44 40.8
1540704313.46 41.9
1540704323.48 40.8
1540704333.5 40.8
1540704343.51 41.9
1540704353.53 40.8
1540704363.55 40.8
1540704373.57 40.8
1540704383.59 40.8
1540704393.61 40.8
1540704403.63 40.8
1540704413.65 40.8
1540704423.67 40.8
1540704433.69 41.3
1540704443.71 40.8
1540704453.73 40.8
1540704463.75 40.8
1540704473.77 40.8
1540704483.79 40.8
1540704493.81 40.8
1540704503.83 39.7
1540704513.85 40.8
1540704523.88 40.8
1540704533.9 40.8
1540704543.92 40.8
1540704553.94 40.8
1540704563.96 40.8
1540704573.98 41.3
1540704584.0 40.8
1540704594.02 41.3
1540704604.03 40.8
1540704614.05 40.8
1540704624.07 40.8
1540704634.09 40.8
1540704644.11 40.8
1540704654.13 40.8
1540704664.15 40.8
1540704674.16 40.8
1540704684.18 40.8
1540704694.2 40.8
1540704704.21 40.8
1540704714.23 40.8
1540704724.25 40.8
1540704734.27 40.8
1540704744.3 40.8
1540704754.32 40.8
1540704764.34 40.8
1540704774.36 40.8
1540704784.38 41.9
1540704794.4 40.2
1540704804.41 40.8
1540704814.43 40.2
1540704824.45 40.2
1540704834.48 40.2
1540704844.5 40.2
1540704854.52 40.2
1540704864.53 40.8
1540704874.55 40.8
1540704884.57 40.2
1540704894.59 40.8
1540704904.61 39.7
1540704914.63 40.2
1540704924.65 40.8
1540704934.67 40.8
1540704944.69 40.8
1540704954.71 40.8
1540704964.73 40.8
1540704974.75 40.8
1540704984.77 40.8
1540704994.78 40.8
1540705004.8 40.2
1540705014.82 40.8
1540705024.84 41.3
1540705034.86 40.8
1540705044.88 40.2
1540705054.9 40.8
1540705064.92 40.8
1540705074.94 40.8
1540705084.96 40.2
1540705094.99 40.2
1540705105.0 40.8
1540705115.02 40.8
1540705125.04 40.8
1540705135.06 40.8
1540705145.08 40.8
1540705155.1 40.2
1540705165.12 40.8
1540705175.14 40.2
1540705185.16 40.2
1540705195.18 40.2
1540705205.2 40.2
1540705215.23 40.8
1540705225.24 39.7
1540705235.26 40.8
1540705245.29 40.8
1540705255.31 40.8
1540705265.33 40.2
1540705275.35 39.7
1540705285.37 40.8
1540705295.39 40.8
1540705305.41 40.2
1540705315.43 40.8
1540705325.45 40.8
1540705335.47 39.7
1540705345.49 40.8
1540705355.51 39.7
1540705365.53 40.8
1540705375.55 40.8
1540705385.57 40.8
1540705395.59 40.8
1540705405.61 39.7
1540705415.63 40.2
1540705425.65 40.8
1540705435.67 39.7
1540705445.69 39.7
1540705455.71 39.7
1540705465.73 40.8
1540705475.75 40.8
1540705485.77 40.8
1540705495.79 40.8
1540705505.8 40.2
1540705515.82 40.8
1540705525.84 40.2
1540705535.86 40.2
1540705545.88 40.8
1540705555.9 40.8
1540705565.92 40.8
1540705575.94 40.2
1540705585.97 40.8
1540705595.99 40.8
1540705606.01 40.8
1540705616.03 40.8
1540705626.05 40.8
1540705636.07 41.9
1540705646.09 40.8
1540705656.11 40.8
1540705666.13 40.2
1540705676.15 40.8
1540705686.17 41.3
1540705696.19 41.3
1540705706.21 40.8
1540705716.23 41.9
1540705726.25 40.8
1540705736.26 40.8
1540705746.28 40.8
1540705756.31 40.2
1540705766.33 40.2
1540705776.35 40.2
1540705786.37 40.2
1540705796.39 40.2
1540705806.41 41.3
1540705816.43 40.2
1540705826.45 39.7
1540705836.47 40.8
1540705846.49 40.2
1540705856.51 40.8
1540705866.53 40.8
1540705876.55 41.3
1540705886.57 40.8
1540705896.59 40.8
1540705906.61 41.3
1540705916.63 40.8
1540705926.65 40.8
1540705936.68 40.2
1540705946.7 40.8
1540705956.72 40.8
1540705966.73 40.8
1540705976.75 40.8
1540705986.77 41.3
1540705996.79 39.7
1540706006.81 40.2
1540706016.83 40.8
1540706026.84 40.2
1540706036.86 40.2
1540706046.88 40.8
1540706056.9 40.8
1540706066.92 40.2
1540706076.94 40.2
1540706086.96 40.2
1540706096.98 40.2
1540706107.0 40.8
1540706117.02 40.8
1540706127.04 39.7
1540706137.06 40.8
1540706147.08 39.7
1540706157.1 41.3
1540706167.12 39.7
1540706177.14 40.8
1540706187.17 39.7
1540706197.19 40.2
1540706207.21 39.7
1540706217.23 40.2
1540706227.24 41.3
1540706237.27 40.2
1540706247.29 39.7
1540706257.3 40.2
1540706267.32 39.7
1540706277.34 39.7
1540706287.37 39.7
1540706297.38 39.7
1540706307.4 39.7
1540706317.42 39.7
1540706327.44 40.8
1540706337.47 39.7
1540706347.49 40.2
1540706357.5 40.8
1540706367.52 40.8
1540706377.55 39.7
1540706387.57 39.7
1540706397.59 39.7
