1540600004.34 44.0
1540600014.35 44.5
1540600024.37 45.1
1540600034.38 45.1
1540600044.4 44.5
1540600054.42 44.0
1540600064.44 44.0
1540600074.45 44.0
1540600084.47 44.5
1540600094.48 43.5
1540600104.5 44.0
1540600114.52 44.5
1540600124.54 44.0
1540600134.55 44.0
1540600144.57 45.1
1540600154.59 44.0
1540600164.61 44.0
1540600174.63 44.5
1540600184.64 44.5
1540600194.66 44.0
1540600204.68 44.0
1540600214.7 44.0
1540600224.72 44.0
1540600234.73 44.5
1540600244.75 44.0
1540600254.76 44.0
1540600264.77 44.0
1540600274.78 43.5
1540600284.81 44.0
1540600294.82 43.5
1540600304.84 43.5
1540600314.86 44.0
1540600324.88 43.5
1540600334.9 44.5
1540600344.91 44.0
1540600354.93 44.0
1540600364.95 44.0
1540600374.97 44.0
1540600384.98 44.5
1540600395.0 43.5
1540600405.01 44.0
1540600415.03 43.5
1540600425.05 44.0
1540600435.06 44.0
1540600445.08 43.5
1540600455.1 44.0
1540600465.11 44.0
1540600475.13 44.0
1540600485.15 44.5
1540600495.16 44.0
1540600505.18 44.0
1540600515.19 44.5
1540600525.21 44.0
1540600535.23 44.5
1540600545.24 44.5
1540600555.26 44.0
1540600565.28 44.0
1540600575.29 45.1
1540600585.31 44.0
1540600595.33 44.5
1540600605.35 44.0
1540600615.37 44.0
1540600625.38 44.0
1540600635.4 44.5
1540600645.41 44.0
1540600655.43 44.5
1540600665.45 44.0
1540600675.47 44.0
1540600685.49 44.0
1540600695.5 44.0
1540600705.53 43.5
1540600715.55 43.5
1540600725.58 42.9
1540600735.6 42.9
1540600745.62 43.5
1540600755.64 42.9
1540600765.65 42.9
1540600775.68 42.9
1540600785.69 42.9
1540600795.71 43.5
1540600805.74 42.9
1540600815.75 44.0
1540600825.78 43.5
1540600835.8 42.9
1540600845.82 43.5
1540600855.84 43.5
1540600865.86 43.5
1540600875.87 43.5
1540600885.89 42.9
1540600895.91 42.9
1540600905.92 42.9
1540600915.94 42.9
1540600925.96 43.5
1540600935.98 44.0
1540600946.0 43.5
1540600956.01 44.0
1540600966.03 44.0
1540600976.06 44.0
1540600986.07 44.0
1540600996.09 44.0
1540601006.1 44.0
1540601016.12 44.5
1540601026.13 45.1
1540601036.15 44.0
1540601046.18 44.0
1540601056.2 44.0
1540601066.21 43.5
1540601076.23 43.5
1540601086.25 44.5
1540601096.27 44.0
1540601106.29 44.0
1540601116.3 44.0
1540601126.32 44.0
1540601136.33 44.0
1540601146.35 44.0
1540601156.37 44.0
1540601166.39 44.5
1540601176.41 44.0
1540601186.43 44.0
1540601196.45 44.0
1540601206.47 44.0
1540601216.49 44.5
1540601226.51 44.0
1540601236.52 45.1
1540601246.55 45.1
1540601256.56 44.5
1540601266.57 45.1
1540601276.58 44.0
1540601286.6 44.5
1540601296.61 44.0
1540601306.62 43.5
1540601316.63 44.0
1540601326.65 45.1
1540601336.67 44.0
1540601346.69 44.5
1540601356.71 44.0
1540601366.72 44.0
1540601376.74 44.0
1540601386.75 44.0
1540601396.76 44.0
1540601406.78 44.0
1540601416.79 44.0
1540601426.81 44.0
1540601436.84 44.0
1540601446.85 44.0
1540601456.87 44.5
1540601466.88 44.5
1540601476.89 43.5
1540601486.91 44.0
1540601496.93 44.0
1540601506.95 43.5
1540601516.96 43.5
1540601526.98 43.5
1540601537.0 43.5
1540601547.02 42.9
1540601557.04 42.9
1540601567.06 43.5
1540601577.08 42.9
1540601587.1 43.5
1540601597.12 43.5
1540601607.14 42.9
1540601617.16 43.5
1540601627.17 44.0
1540601637.2 42.9
1540601647.22 43.5
1540601657.23 43.5
1540601667.25 42.9
1540601677.27 42.9
1540601687.29 44.0
1540601697.31 42.9
1540601707.33 43.5
1540601717.34 42.9
1540601727.37 42.9
1540601737.38 43.5
1540601747.39 42.9
1540601757.41 42.9
1540601767.42 43.5
1540601777.44 43.5
1540601787.46 42.9
1540601797.48 41.9
1540601807.5 42.9
1540601817.52 42.9
1540601827.53 41.9
1540601837.56 41.9
1540601847.57 41.9
1540601857.59 42.4
1540601867.6 42.4
1540601877.62 42.9
1540601887.63 42.9
1540601897.65 43.5
1540601907.67 43.5
1540601917.68 44.0
1540601927.7 42.9
1540601937.72 42.9
1540601947.73 42.9
1540601957.75 43.5
1540601967.77 42.9
1540601977.79 42.9
1540601987.82 42.9
1540601997.83 43.5
