1540900005.75 42.9
1540900015.76 44.0
1540900025.78 43.5
1540900035.8 43.5
1540900045.82 43.5
1540900055.84 43.5
1540900065.86 43.5
1540900075.87 42.9
1540900085.89 43.5
1540900095.91 44.0
1540900105.92 43.5
1540900115.94 43.5
1540900125.96 43.5
1540900135.99 43.5
1540900146.0 43.5
1540900156.02 43.5
1540900166.03 43.5
1540900176.05 42.9
1540900186.06 43.5
1540900196.08 43.5
1540900206.09 43.5
1540900216.11 43.5
1540900226.12 43.5
1540900236.14 43.5
1540900246.16 42.9
1540900256.17 43.5
1540900266.19 43.5
1540900276.21 41.9
1540900286.22 42.9
1540900296.24 43.5
1540900306.26 43.5
1540900316.27 43.5
1540900326.29 42.9
1540900336.3 42.9
1540900346.32 42.9
1540900356.34 42.9
1540900366.36 42.4
1540900376.38 42.9
1540900386.41 43.5
1540900396.43 42.4
1540900406.44 42.9
1540900416.46 42.9
1540900426.47 42.9
1540900436.49 42.4
1540900446.51 42.9
1540900456.53 42.4
1540900466.55 42.9
1540900476.57 42.9
1540900486.59 42.9
1540900496.61 43.5
1540900506.62 43.5
1540900516.64 42.9
1540900526.66 42.9
1540900536.68 42.9
1540900546.69 42.9
1540900556.71 42.9
1540900566.73 42.9
1540900576.76 41.9
1540900586.77 42.9
1540900596.79 42.4
1540900606.81 42.9
1540900616.83 42.4
1540900626.85 42.4
1540900636.87 42.9
1540900646.89 42.4
1540900656.91 42.9
1540900666.92 42.9
1540900676.94 41.3
1540900686.96 42.4
1540900696.98 42.4
1540900707.0 41.9
1540900717.02 41.9
1540900727.03 41.9
1540900737.05 42.4
1540900747.07 42.4
1540900757.09 41.9
1540900767.1 41.9
1540900777.12 40.8
1540900787.15 41.9
1540900797.16 41.9
1540900807.18 40.8
1540900817.19 43.5
1540900827.21 41.9
1540900837.22 42.9
1540900847.24 41.9
1540900857.26 41.3
1540900867.28 41.9
1540900877.3 41.3
1540900887.32 41.3
1540900897.33 41.9
1540900907.35 41.9
1540900917.37 41.9
1540900927.39 41.9
1540900937.41 41.9
1540900947.43 41.3
1540900957.45 41.3
1540900967.47 41.3
1540900977.49 41.9
1540900987.51 41.9
1540900997.53 40.8
1540901007.55 40.8
1540901017.57 40.8
1540901027.59 41.9
1540901037.61 41.3
1540901047.63 41.9
1540901057.66 41.9
1540901067.67 41.9
1540901077.69 41.3
1540901087.7 41.9
1540901097.72 40.8
1540901107.74 41.3
1540901117.76 41.9
1540901127.78 40.8
1540901137.8 40.8
1540901147.82 41.3
1540901157.85 40.8
1540901167.86 41.3
1540901177.88 40.8
1540901187.9 41.3
1540901197.92 40.8
1540901207.94 40.8
1540901217.96 41.9
1540901227.98 41.9
1540901238.0 41.9
1540901248.02 40.8
1540901258.04 40.8
1540901268.06 41.9
1540901278.08 41.9
1540901288.1 41.9
1540901298.12 41.3
1540901308.14 41.3
1540901318.16 41.3
1540901328.18 41.9
1540901338.2 41.9
1540901348.23 41.9
1540901358.25 41.9
1540901368.28 41.9
1540901378.29 42.9
1540901388.31 42.9
1540901398.33 42.9
1540901408.35 42.4
1540901418.37 41.9
1540901428.39 42.4
1540901438.41 42.4
1540901448.43 42.4
1540901458.45 42.9
1540901468.47 44.0
1540901478.49 42.4
1540901488.51 43.5
1540901498.52 42.9
1540901508.54 42.9
1540901518.56 42.9
1540901528.58 42.9
1540901538.6 43.5
1540901548.62 42.9
1540901558.64 42.9
1540901568.66 42.9
1540901578.67 43.5
1540901588.69 42.9
1540901598.71 43.5
1540901608.72 42.9
1540901618.74 43.5
1540901628.76 44.0
1540901638.78 43.5
1540901648.79 44.0
1540901658.81 42.9
1540901668.83 42.9
1540901678.85 43.5
1540901688.87 42.9
1540901698.88 42.9
1540901708.9 44.0
1540901718.91 43.5
1540901728.93 44.5
1540901738.94 44.0
1540901748.96 43.5
1540901758.98 44.0
1540901769.0 44.0
1540901779.01 44.0
1540901789.03 44.5
1540901799.04 44.0
1540901809.06 45.1
1540901819.07 45.1
1540901829.09 44.0
1540901839.12 44.0
1540901849.14 43.5
1540901859.15 45.1
1540901869.17 44.0
1540901879.19 44.0
1540901889.21 44.0
1540901899.22 45.1
1540901909.24 44.5
1540901919.26 45.1
1540901929.28 44.0
1540901939.3 45.1
1540901949.31 45.1
1540901959.32 45.6
1540901969.34 45.1
1540901979.36 44.5
1540901989.37 45.1
1540901999.39 45.1
1540902009.41 45.1
1540902019.43 45.1
1540902029.44 45.1
1540902039.46 44.0
1540902049.49 44.0
1540902059.51 44.0
1540902069.53 45.1
1540902079.54 45.1
1540902089.56 44.0
1540902099.58 44.5
1540902109.61 44.0
1540902119.63 44.0
1540902129.65 44.0
1540902139.66 45.1
1540902149.68 44.0
1540902159.71 44.0
1540902169.73 44.0
1540902179.75 44.0
1540902189.77 45.1
1540902199.79 44.0
1540902209.81 44.5
1540902219.83 44.5
1540902229.85 44.5
1540902239.87 44.5
1540902249.89 44.0
1540902259.91 45.1
1540902269.92 44.5
1540902279.94 45.1
1540902289.96 44.5
1540902299.97 45.1
1540902309.99 44.0
1540902320.01 44.5
1540902330.03 44.5
1540902340.04 45.1
1540902350.06 45.1
1540902360.07 45.1
1540902370.09 45.6
1540902380.11 45.6
1540902390.13 45.6
1540902400.15 45.1
1540902410.16 45.1
1540902420.18 45.6
1540902430.2 45.6
1540902440.22 46.2
1540902450.24 46.2
1540902460.25 46.2
1540902470.26 46.7
1540902480.28 46.2
1540902490.29 46.7
1540902500.31 46.2
1540902510.32 46.7
1540902520.34 46.7
1540902530.36 46.2
1540902540.38 47.2
1540902550.39 46.2
1540902560.41 47.2
1540902570.42 47.2
1540902580.43 47.8
1540902590.44 47.2
1540902600.45 47.2
1540902610.47 47.2
1540902620.49 47.2
1540902630.61 47.2
1540902640.63 47.2
1540902650.64 47.8
1540902660.66 47.2
1540902670.68 47.2
1540902680.69 47.8
1540902690.71 47.2
1540902700.73 47.2
1540902710.76 47.8
1540902720.78 48.3
1540902730.79 47.8
1540902740.81 48.3
1540902750.82 47.2
1540902760.84 48.3
1540902770.86 48.3
1540902780.87 48.3
1540902790.89 47.8
1540902800.91 47.8
1540902810.93 47.2
1540902820.95 47.8
1540902830.97 47.2
1540902840.98 47.8
1540902851.0 47.2
1540902861.01 47.8
1540902871.04 47.8
1540902881.05 47.8
1540902891.07 47.2
1540902901.09 47.2
1540902911.11 47.8
1540902921.12 48.9
1540902931.14 47.8
1540902941.16 48.3
1540902951.18 47.8
1540902961.2 47.2
1540902971.22 47.8
1540902981.24 48.3
1540902991.25 47.8
1540903001.27 48.3
1540903011.29 48.3
1540903021.31 47.8
1540903031.33 48.3
1540903041.34 48.3
1540903051.36 48.3
1540903061.38 48.9
1540903071.4 47.8
1540903081.41 48.3
1540903091.42 48.3
1540903101.44 47.2
1540903111.46 47.2
1540903121.48 47.8
1540903131.5 46.7
1540903141.52 47.2
1540903151.53 47.8
1540903161.55 47.8
1540903171.57 47.2
1540903181.59 47.8
1540903191.61 47.8
1540903201.63 47.2
1540903211.64 48.3
1540903221.66 47.8
1540903231.67 48.3
1540903241.69 47.8
1540903251.71 47.8
1540903261.72 48.3
1540903271.74 47.2
1540903281.75 47.2
1540903291.76 47.2
1540903301.79 47.2
1540903311.81 46.2
1540903321.83 46.2
1540903331.85 47.2
1540903341.87 46.7
1540903351.88 47.8
1540903361.9 47.2
1540903371.91 47.2
1540903381.93 46.2
1540903391.95 46.7
1540903401.97 46.2
1540903411.99 46.2
1540903422.01 47.2
1540903432.03 46.2
1540903442.05 46.2
1540903452.07 47.2
1540903462.09 45.6
1540903472.11 46.2
1540903482.13 47.2
1540903492.15 46.2
1540903502.17 46.2
1540903512.2 46.2
1540903522.22 46.2
1540903532.24 46.2
1540903542.26 46.2
1540903552.28 46.2
1540903562.29 46.2
1540903572.31 47.2
1540903582.33 46.2
1540903592.35 47.2
1540903602.37 47.2
1540903612.39 46.2
1540903622.41 47.2
1540903632.42 47.2
1540903642.44 47.2
1540903652.46 46.7
1540903662.48 47.2
1540903672.5 47.2
1540903682.52 46.7
1540903692.55 46.2
1540903702.57 46.7
1540903712.58 47.2
1540903722.6 47.8
1540903732.61 47.2
1540903742.63 47.2
1540903752.64 47.2
1540903762.66 47.2
1540903772.68 47.2
1540903782.69 47.2
1540903792.71 47.2
1540903802.73 46.2
1540903812.76 46.7
1540903822.78 47.2
1540903832.79 47.8
1540903842.82 47.8
1540903852.84 47.8
1540903862.86 47.2
1540903872.88 47.2
1540903882.89 47.8
1540903892.91 47.2
1540903902.93 47.2
1540903912.94 47.8
1540903922.96 47.2
1540903932.98 47.2
1540903943.01 47.8
1540903953.04 47.8
1540903963.05 48.3
1540903973.08 47.8
1540903983.09 47.8
1540903993.11 47.8
1540904003.13 48.3
1540904013.15 47.2
1540904023.17 48.3
1540904033.19 48.3
1540904043.21 48.3
1540904053.22 47.8
1540904063.24 47.2
1540904073.25 47.8
1540904083.27 47.8
1540904093.3 47.8
1540904103.31 48.3
1540904113.32 47.8
1540904123.34 48.3
1540904133.36 48.3
1540904143.38 47.8
1540904153.4 48.3
1540904163.42 47.8
1540904173.44 47.8
1540904183.46 47.2
1540904193.48 47.8
1540904203.5 47.2
1540904213.51 48.3
1540904223.53 47.8
1540904233.55 48.3
1540904243.57 47.8
1540904253.59 48.3
1540904263.61 48.3
1540904273.62 48.3
1540904283.65 48.3
1540904293.66 48.3
1540904303.68 49.4
1540904313.71 47.8
1540904323.73 49.4
1540904333.74 49.4
1540904343.75 49.4
1540904353.76 49.4
1540904363.78 48.3
1540904373.8 49.4
1540904383.81 49.4
1540904393.84 49.4
1540904403.85 49.4
