1540800006.87 42.4
1540800016.91 42.4
1540800026.93 42.4
1540800036.95 41.9
1540800046.97 41.9
1540800056.99 42.4
1540800067.01 41.9
1540800077.03 41.9
1540800087.05 41.9
1540800097.07 41.9
1540800107.09 42.4
1540800117.11 42.9
1540800127.13 42.9
1540800137.15 42.4
1540800147.17 42.9
1540800157.19 41.3
1540800167.22 41.9
1540800177.24 41.9
1540800187.26 42.4
1540800197.28 41.3
1540800207.29 42.9
1540800217.31 41.9
1540800227.34 42.4
1540800237.35 42.9
1540800247.37 41.9
1540800257.39 41.9
1540800267.41 41.9
1540800277.43 41.9
1540800287.45 42.9
1540800297.47 41.9
1540800307.49 41.9
1540800317.51 41.9
1540800327.54 41.3
1540800337.56 41.9
1540800347.58 41.9
1540800357.6 42.4
1540800367.62 41.9
1540800377.64 41.9
1540800387.66 41.9
1540800397.68 41.3
1540800407.7 41.9
1540800417.72 41.9
1540800427.74 41.9
1540800437.77 41.9
1540800447.79 41.9
1540800457.81 41.9
1540800467.83 41.9
1540800477.85 41.9
1540800487.87 41.9
1540800497.89 41.9
1540800507.91 41.9
1540800517.93 41.9
1540800527.95 41.3
1540800537.97 41.9
1540800547.99 41.9
1540800558.02 41.9
1540800568.04 41.3
1540800578.06 41.9
1540800588.08 41.9
1540800598.1 41.3
1540800608.12 41.3
1540800618.14 41.9
1540800628.16 41.3
1540800638.18 41.3
1540800648.2 41.3
1540800658.22 41.9
1540800668.24 41.3
1540800678.26 40.8
1540800688.28 41.3
1540800698.31 41.9
1540800708.33 42.4
1540800718.35 41.9
1540800728.36 41.9
1540800738.38 41.9
1540800748.4 41.9
1540800758.42 42.4
1540800768.44 41.9
1540800778.46 41.9
1540800788.48 41.9
1540800798.49 41.9
1540800808.51 41.9
1540800818.53 41.9
1540800828.55 41.9
1540800838.56 41.9
1540800848.58 41.9
1540800858.6 41.9
1540800868.62 41.3
1540800878.64 41.3
1540800888.66 41.3
1540800898.68 41.9
1540800908.7 41.9
1540800918.72 41.3
1540800928.75 41.9
1540800938.77 42.4
1540800948.79 41.9
1540800958.81 41.9
1540800968.83 41.9
1540800978.85 41.3
1540800988.87 41.9
1540800998.89 41.9
1540801008.91 41.9
1540801018.93 41.9
1540801028.96 41.9
1540801038.98 41.3
1540801049.0 41.3
1540801059.02 41.3
1540801069.04 41.9
1540801079.06 41.9
1540801089.08 41.9
1540801099.09 42.9
1540801109.11 41.9
1540801119.13 41.3
1540801129.15 41.9
1540801139.17 41.3
1540801149.19 41.9
1540801159.21 41.9
1540801169.23 41.9
1540801179.26 41.3
1540801189.28 41.9
1540801199.3 42.9
1540801209.32 41.9
1540801219.34 41.9
1540801229.36 41.9
1540801239.38 42.4
1540801249.4 41.9
1540801259.42 41.9
1540801269.44 41.9
1540801279.46 41.9
1540801289.48 41.9
1540801299.5 41.9
1540801309.52 42.4
1540801319.55 42.4
1540801329.57 41.9
1540801339.58 41.9
1540801349.6 41.9
1540801359.62 42.9
1540801369.64 42.4
1540801379.66 41.9
1540801389.68 42.9
1540801399.7 42.9
1540801409.72 42.9
1540801419.74 41.9
1540801429.76 42.4
1540801439.78 42.4
1540801449.81 41.9
1540801459.83 41.9
1540801469.84 42.4
1540801479.86 41.9
1540801489.88 41.9
1540801499.91 41.9
1540801509.93 41.9
1540801519.94 41.9
1540801529.96 41.9
1540801539.98 41.3
1540801550.0 41.9
1540801560.03 42.9
1540801570.05 42.4
1540801580.06 41.9
1540801590.08 41.9
1540801600.1 41.3
1540801610.12 41.9
1540801620.15 41.9
1540801630.17 41.9
1540801640.19 41.9
1540801650.2 42.9
1540801660.22 42.9
1540801670.25 42.4
1540801680.27 41.9
1540801690.29 41.9
1540801700.3 42.9
1540801710.32 42.9
1540801720.34 41.9
1540801730.36 41.9
1540801740.38 42.9
1540801750.4 41.9
1540801760.42 41.9
1540801770.44 42.9
1540801780.46 41.9
1540801790.48 41.9
1540801800.5 42.9
1540801810.52 41.9
1540801820.54 42.4
1540801830.57 42.4
1540801840.59 42.4
1540801850.61 42.9
1540801860.64 42.4
1540801870.66 41.9
1540801880.68 41.9
1540801890.7 42.4
1540801900.72 42.4
1540801910.74 42.9
1540801920.76 41.9
1540801930.78 42.4
1540801940.8 41.9
1540801950.82 41.9
1540801960.84 42.9
1540801970.86 42.4
1540801980.88 41.9
1540801990.9 41.9
1540802000.92 42.9
1540802010.93 41.9
1540802020.95 41.3
1540802030.97 41.9
1540802040.99 41.9
1540802051.01 41.9
1540802061.03 41.9
1540802071.06 41.9
1540802081.08 42.4
1540802091.09 42.4
1540802101.11 42.4
1540802111.13 42.4
1540802121.15 42.4
1540802131.17 41.9
1540802141.19 42.4
1540802151.2 42.4
1540802161.22 42.4
1540802171.24 41.9
1540802181.27 41.9
1540802191.29 41.9
1540802201.31 41.9
1540802211.32 41.9
1540802221.34 42.4
1540802231.36 41.9
1540802241.38 42.9
1540802251.39 42.9
1540802261.41 42.4
1540802271.43 41.9
1540802281.45 41.9
1540802291.47 42.9
1540802301.49 41.9
1540802311.51 41.9
1540802321.53 42.4
1540802331.55 42.9
1540802341.57 41.9
1540802351.59 42.4
1540802361.61 41.9
1540802371.63 42.4
1540802381.65 42.4
1540802391.68 42.9
1540802401.7 41.9
1540802411.71 42.4
1540802421.73 42.9
1540802431.76 41.9
1540802441.78 41.9
1540802451.8 41.9
1540802461.82 42.9
1540802471.84 42.9
1540802481.86 41.9
1540802491.88 42.9
1540802501.91 42.9
1540802511.93 42.4
1540802521.95 42.4
1540802531.97 41.9
1540802541.99 41.9
1540802552.01 41.9
1540802562.03 41.9
1540802572.05 41.9
1540802582.07 41.9
1540802592.1 41.9
1540802602.12 41.9
1540802612.14 42.4
1540802622.16 41.9
1540802632.18 41.9
1540802642.2 42.4
1540802652.22 42.4
1540802662.23 42.9
1540802672.25 41.9
1540802682.27 41.9
1540802692.29 41.9
1540802702.31 42.4
1540802712.33 41.9
1540802722.35 42.4
1540802732.37 42.9
1540802742.39 41.9
1540802752.41 41.9
1540802762.43 42.4
1540802772.45 41.9
1540802782.47 41.9
1540802792.49 41.9
1540802802.52 42.4
1540802812.54 42.9
1540802822.56 42.4
1540802832.58 41.9
1540802842.6 42.4
1540802852.61 42.4
1540802862.64 41.9
1540802872.67 42.9
1540802882.69 41.9
1540802892.71 41.9
1540802902.73 41.9
1540802912.75 41.9
1540802922.77 42.4
1540802932.79 41.9
1540802942.81 42.4
1540802952.83 41.9
1540802962.85 41.9
1540802972.87 41.9
1540802982.89 42.9
1540802992.91 42.4
1540803002.93 42.4
1540803012.95 42.4
1540803022.97 42.9
1540803032.99 41.9
1540803043.01 41.9
1540803053.03 41.9
1540803063.05 42.9
1540803073.07 42.4
1540803083.08 41.9
1540803093.1 42.4
1540803103.12 41.9
1540803113.14 41.9
1540803123.15 42.9
1540803133.18 41.9
1540803143.2 41.9
1540803153.22 41.9
1540803163.24 41.9
1540803173.26 41.9
1540803183.28 41.9
1540803193.3 41.9
1540803203.32 41.9
1540803213.33 42.4
1540803223.35 42.4
1540803233.37 42.4
1540803243.39 41.9
1540803253.41 42.4
1540803263.43 41.9
1540803273.45 42.4
1540803283.47 41.9
1540803293.49 41.9
1540803303.52 41.9
1540803313.54 41.9
1540803323.56 41.9
1540803333.57 42.9
1540803343.6 41.9
1540803353.61 42.4
1540803363.63 41.9
1540803373.65 41.9
1540803383.67 42.9
1540803393.7 41.9
1540803403.72 41.9
1540803413.73 41.9
1540803423.75 42.4
1540803433.77 41.9
1540803443.79 41.9
1540803453.81 41.9
1540803463.83 41.9
1540803473.85 41.9
1540803483.87 41.9
1540803493.89 42.4
1540803503.91 41.9
1540803513.93 42.4
1540803523.95 41.9
1540803533.97 42.4
1540803543.99 41.9
1540803554.01 41.9
1540803564.04 41.9
1540803574.06 41.9
1540803584.08 42.9
1540803594.09 41.9
1540803604.11 42.9
