1540400006.82 46.2
1540400016.84 46.2
1540400026.86 46.2
1540400036.88 46.2
1540400046.9 46.2
1540400056.92 46.2
1540400066.94 46.2
1540400076.96 45.6
1540400086.98 45.6
1540400097.0 46.2
1540400107.02 46.2
1540400117.04 46.7
1540400127.05 47.2
1540400137.07 46.2
1540400147.1 46.7
1540400157.11 46.7
1540400167.13 46.2
1540400177.14 46.2
1540400187.16 46.2
1540400197.18 46.2
1540400207.2 46.7
1540400217.22 45.6
1540400227.24 46.2
1540400237.25 46.2
1540400247.27 46.2
1540400257.29 46.2
1540400267.31 46.2
1540400277.32 46.2
1540400287.34 46.7
1540400297.36 45.6
1540400307.38 46.2
1540400317.4 46.2
1540400327.42 45.1
1540400337.44 46.2
1540400347.45 46.7
1540400357.47 45.6
1540400367.48 46.7
1540400377.5 45.6
1540400387.51 45.6
1540400397.53 46.7
1540400407.55 47.8
1540400417.57 47.8
1540400427.59 47.2
1540400437.61 47.2
1540400447.63 47.2
1540400457.65 46.7
1540400467.67 47.2
1540400477.69 47.8
1540400487.71 47.2
1540400497.73 47.8
1540400507.74 47.2
1540400517.76 47.2
1540400527.78 47.8
1540400537.79 47.8
1540400547.81 47.8
1540400557.83 47.2
1540400567.85 47.2
1540400577.87 47.8
1540400587.88 47.8
1540400597.9 47.2
1540400607.92 47.8
1540400617.94 48.3
1540400627.95 47.2
1540400637.96 47.8
1540400647.97 48.3
1540400657.99 47.8
1540400668.01 47.8
1540400678.03 47.8
1540400688.04 47.8
1540400698.06 47.8
1540400708.08 47.2
1540400718.1 47.2
1540400728.12 47.2
1540400738.13 46.7
1540400748.15 47.2
1540400758.17 47.8
1540400768.18 47.2
1540400778.2 47.2
1540400788.21 47.2
1540400798.22 48.3
1540400808.24 47.2
1540400818.25 47.8
1540400828.27 47.8
1540400838.28 48.3
1540400848.3 47.8
1540400858.32 47.8
1540400868.34 47.8
1540400878.37 47.2
1540400888.39 47.2
1540400898.4 47.2
1540400908.42 47.8
1540400918.44 47.8
1540400928.46 47.2
1540400938.48 47.2
1540400948.49 47.2
1540400958.51 47.2
1540400968.52 47.8
1540400978.53 47.2
1540400988.55 46.7
1540400998.56 47.2
1540401008.58 47.8
1540401018.59 47.8
1540401028.61 46.7
1540401038.63 46.2
1540401048.65 46.7
1540401058.66 47.2
1540401068.68 47.2
1540401078.69 47.2
1540401088.71 47.2
1540401098.74 46.7
1540401108.76 47.2
1540401118.78 47.2
1540401128.79 47.8
1540401138.82 46.7
1540401148.83 47.2
1540401158.84 47.2
1540401168.86 47.2
1540401178.88 47.2
1540401188.89 47.2
1540401198.91 47.8
1540401208.92 47.2
1540401218.94 47.2
1540401228.96 46.2
1540401238.98 47.2
1540401248.99 47.2
1540401259.01 47.2
1540401269.03 47.2
1540401279.04 47.8
1540401289.05 47.8
1540401299.07 47.2
1540401309.09 47.2
1540401319.11 46.2
1540401329.12 47.2
1540401339.14 47.2
1540401349.15 47.2
1540401359.17 47.2
1540401369.19 47.8
1540401379.2 47.2
1540401389.22 46.7
1540401399.24 47.2
1540401409.26 47.8
1540401419.28 47.8
1540401429.29 47.2
1540401439.31 47.8
1540401449.33 47.8
1540401459.35 47.2
1540401469.36 47.8
1540401479.38 47.8
1540401489.39 47.8
1540401499.41 48.3
1540401509.43 48.3
1540401519.44 48.3
1540401529.46 47.8
1540401539.48 47.2
1540401549.5 47.2
1540401559.51 47.8
1540401569.53 47.8
1540401579.55 47.8
1540401589.56 47.2
1540401599.58 47.2
1540401609.59 47.2
1540401619.61 47.8
1540401629.63 47.2
1540401639.64 47.2
1540401649.67 47.2
1540401659.68 47.8
1540401669.71 46.2
1540401679.72 47.2
1540401689.74 47.2
1540401699.75 47.2
1540401709.77 47.2
1540401719.79 47.2
1540401729.81 46.7
1540401739.83 47.2
1540401749.85 47.2
1540401759.86 47.2
1540401769.88 47.2
1540401779.9 47.2
1540401789.91 47.2
1540401799.93 47.2
1540401809.95 47.2
1540401819.96 47.2
1540401829.98 47.8
1540401839.99 47.2
1540401850.01 47.2
1540401860.03 47.2
1540401870.04 47.2
1540401880.06 47.2
1540401890.09 47.2
1540401900.1 47.2
1540401910.12 47.2
1540401920.14 47.2
1540401930.16 47.2
1540401940.17 47.8
1540401950.19 47.2
1540401960.2 47.2
1540401970.22 47.2
1540401980.24 47.8
1540401990.25 47.2
1540402000.26 47.2
1540402010.28 47.2
1540402020.3 47.2
1540402030.32 47.2
1540402040.34 47.2
1540402050.35 47.2
1540402060.36 47.2
1540402070.37 47.8
1540402080.39 47.2
1540402090.41 47.2
1540402100.43 47.2
1540402110.45 47.2
1540402120.46 47.2
1540402130.48 47.8
1540402140.49 48.3
1540402150.51 47.2
1540402160.53 47.2
1540402170.54 47.2
1540402180.55 47.2
1540402190.57 47.2
1540402200.59 47.2
1540402210.61 47.2
1540402220.62 47.2
1540402230.64 47.2
1540402240.66 47.2
1540402250.68 47.2
1540402260.69 47.2
1540402270.71 47.2
1540402280.73 46.2
1540402290.75 47.2
1540402300.77 46.2
1540402310.79 47.2
1540402320.81 46.7
1540402330.83 46.2
1540402340.85 46.2
1540402350.86 47.2
1540402360.87 47.2
1540402370.88 47.2
1540402380.91 46.2
1540402390.93 47.2
1540402400.95 47.2
1540402410.97 47.8
1540402420.99 47.2
1540402431.01 47.2
1540402441.03 46.7
1540402451.04 47.2
1540402461.06 47.2
1540402471.08 47.2
1540402481.1 47.2
1540402491.12 47.2
1540402501.13 47.2
1540402511.15 47.2
1540402521.17 46.7
1540402531.18 47.8
1540402541.2 46.7
1540402551.22 46.2
1540402561.24 46.7
1540402571.26 47.2
1540402581.28 47.2
1540402591.3 46.2
1540402601.31 46.7
1540402611.33 46.2
1540402621.35 47.2
1540402631.36 47.2
1540402641.39 46.7
1540402651.41 47.2
1540402661.43 46.2
1540402671.44 47.2
1540402681.46 47.2
1540402691.48 46.2
1540402701.5 46.2
1540402711.52 46.2
1540402721.54 46.7
1540402731.55 47.2
1540402741.57 47.2
1540402751.59 46.2
1540402761.6 46.7
1540402771.62 47.2
1540402781.63 47.2
1540402791.66 46.2
1540402801.67 46.7
1540402811.69 46.7
1540402821.71 46.2
1540402831.73 46.2
1540402841.74 46.2
1540402851.76 45.6
1540402861.77 45.6
1540402871.8 46.2
1540402881.81 45.6
1540402891.83 46.2
1540402901.85 45.6
1540402911.87 46.2
1540402921.89 45.6
1540402931.91 45.6
1540402941.93 46.2
1540402951.95 45.6
1540402961.97 45.1
1540402971.99 45.1
1540402982.0 46.2
1540402992.03 45.1
1540403002.04 45.6
1540403012.06 45.6
1540403022.08 46.2
1540403032.1 45.6
1540403042.12 46.2
1540403052.13 46.2
1540403062.15 46.7
1540403072.17 46.2
1540403082.19 46.2
1540403092.21 46.2
1540403102.22 47.2
1540403112.24 45.6
1540403122.27 46.7
1540403132.28 46.2
1540403142.31 46.2
1540403152.33 46.2
1540403162.35 46.2
1540403172.37 47.2
1540403182.39 46.2
1540403192.4 46.2
1540403202.42 46.2
1540403212.45 45.6
1540403222.46 46.2
1540403232.48 46.2
1540403242.51 46.2
1540403252.52 46.2
1540403262.55 46.2
1540403272.56 46.2
1540403282.58 46.2
1540403292.59 46.2
1540403302.61 46.2
1540403312.63 45.1
1540403322.65 45.6
1540403332.66 46.7
1540403342.67 46.7
1540403352.68 46.7
1540403362.69 47.2
1540403372.71 46.2
1540403382.73 46.2
1540403392.74 46.7
1540403402.76 47.8
1540403412.77 46.7
1540403422.8 47.2
1540403432.82 46.2
1540403442.84 46.2
1540403452.86 46.7
1540403462.88 46.2
1540403472.9 46.2
1540403482.92 46.2
1540403492.94 46.2
1540403502.96 46.2
1540403512.97 46.7
1540403522.99 46.7
1540403533.01 46.2
1540403543.03 46.2
1540403553.05 46.2
1540403563.07 46.2
1540403573.09 46.2
1540403583.11 46.2
1540403593.12 47.2
1540403603.15 46.2
1540403613.16 46.7
1540403623.18 47.2
1540403633.2 47.2
1540403643.22 46.2
1540403653.24 46.2
1540403663.26 46.2
1540403673.28 46.2
1540403683.3 47.2
1540403693.32 46.2
1540403703.33 47.2
1540403713.35 47.2
1540403723.36 47.2
1540403733.39 47.2
1540403743.41 46.7
1540403753.43 47.2
1540403763.45 47.2
1540403773.47 47.2
1540403783.49 46.2
1540403793.51 46.7
1540403803.53 47.2
1540403813.55 47.2
1540403823.57 48.3
1540403833.58 47.8
1540403843.6 47.2
1540403853.62 47.8
1540403863.63 47.8
1540403873.65 48.3
1540403883.66 48.3
1540403893.68 47.8
1540403903.7 47.2
1540403913.72 48.3
1540403923.73 47.2
1540403933.75 47.2
1540403943.78 47.2
1540403953.8 47.2
1540403963.82 46.7
1540403973.84 47.2
1540403983.85 47.8
1540403993.87 47.2
1540404003.89 47.8
