1540300007.45 47.8
1540300017.47 47.2
1540300027.48 48.3
1540300037.5 47.8
1540300047.52 47.2
1540300057.54 47.8
1540300067.56 47.2
1540300077.58 47.2
1540300087.59 47.2
1540300097.61 47.8
1540300107.63 47.8
1540300117.65 47.8
1540300127.67 47.8
1540300137.69 47.2
1540300147.71 47.2
1540300157.72 47.8
1540300167.74 47.2
1540300177.76 47.2
1540300187.79 46.7
1540300197.8 47.2
1540300207.82 47.8
1540300217.84 47.2
1540300227.86 47.2
1540300237.87 48.3
1540300247.9 47.2
1540300257.92 47.2
1540300267.94 47.2
1540300277.96 47.2
1540300287.97 48.3
1540300297.99 47.8
1540300308.01 47.2
1540300318.02 47.2
1540300328.04 47.8
1540300338.06 47.2
1540300348.08 47.2
1540300358.1 46.2
1540300368.12 47.8
1540300378.14 47.2
1540300388.15 47.2
1540300398.17 47.2
1540300408.2 46.7
1540300418.22 46.7
1540300428.23 47.2
1540300438.25 47.8
1540300448.27 46.7
1540300458.29 47.8
1540300468.32 46.7
1540300478.34 47.8
1540300488.36 46.2
1540300498.38 46.2
1540300508.39 47.8
1540300518.41 47.2
1540300528.43 47.8
1540300538.45 47.8
1540300548.47 47.2
1540300558.49 47.2
1540300568.51 47.2
1540300578.52 47.2
1540300588.54 47.8
1540300598.56 47.2
1540300608.58 47.8
1540300618.6 47.2
1540300628.62 47.8
1540300638.64 47.8
1540300648.66 47.2
1540300658.67 47.8
1540300668.7 47.2
1540300678.73 47.2
1540300688.75 47.2
1540300698.77 47.8
1540300708.79 47.2
1540300718.81 47.2
1540300728.83 46.7
1540300738.85 46.2
1540300748.87 47.2
1540300758.89 46.7
1540300768.9 47.2
1540300778.92 46.7
1540300788.94 47.2
1540300798.96 47.2
1540300808.98 47.8
1540300819.0 47.2
1540300829.01 47.8
1540300839.03 47.2
1540300849.05 47.8
1540300859.07 46.7
1540300869.09 47.2
1540300879.11 47.8
1540300889.13 47.2
1540300899.15 48.3
1540300909.16 47.8
1540300919.18 48.3
1540300929.19 48.3
1540300939.21 47.8
1540300949.23 48.3
1540300959.25 47.2
1540300969.27 48.3
1540300979.28 48.3
1540300989.3 47.8
1540300999.32 48.3
1540301009.34 47.8
1540301019.35 47.8
1540301029.38 47.8
1540301039.4 47.2
1540301049.42 48.3
1540301059.43 48.3
1540301069.45 47.8
1540301079.47 48.9
1540301089.49 48.3
1540301099.51 48.3
1540301109.53 48.3
1540301119.55 48.3
1540301129.57 47.8
1540301139.59 48.3
1540301149.61 48.9
1540301159.64 48.9
1540301169.65 49.4
1540301179.67 47.8
1540301189.69 49.4
1540301199.7 49.4
1540301209.72 48.9
1540301219.74 49.4
1540301229.76 48.3
1540301239.78 48.3
1540301249.8 49.4
1540301259.81 49.4
1540301269.83 49.9
1540301279.84 49.9
1540301289.86 49.4
1540301299.88 49.4
1540301309.89 49.4
1540301319.91 49.4
1540301329.93 49.9
1540301339.94 49.9
1540301349.96 49.9
1540301359.98 50.5
1540301369.99 49.9
1540301380.01 49.9
1540301390.02 49.4
1540301400.04 49.4
1540301410.06 49.4
1540301420.08 49.4
1540301430.09 49.9
1540301440.11 49.4
1540301450.13 49.4
1540301460.15 49.4
1540301470.16 48.9
1540301480.18 48.3
1540301490.2 49.4
1540301500.22 49.4
1540301510.23 49.4
1540301520.26 49.4
1540301530.27 49.4
1540301540.28 49.4
1540301550.3 49.4
1540301560.31 49.9
1540301570.32 49.9
1540301580.34 50.5
1540301590.36 49.9
1540301600.38 49.4
1540301610.39 49.9
1540301620.41 49.9
1540301630.42 49.9
1540301640.44 50.5
1540301650.46 49.9
1540301660.47 50.5
1540301670.5 49.4
1540301680.52 49.4
1540301690.53 49.4
1540301700.55 49.4
1540301710.58 49.9
1540301720.6 49.4
1540301730.62 49.4
1540301740.63 49.9
1540301750.65 49.9
1540301760.67 50.5
1540301770.68 50.5
1540301780.7 50.5
1540301790.72 51.0
1540301800.73 50.5
1540301810.75 49.9
1540301820.77 49.9
1540301830.79 50.5
1540301840.82 49.9
1540301850.83 50.5
1540301860.85 50.5
1540301870.86 50.5
1540301880.88 49.9
1540301890.9 50.5
1540301900.91 51.0
1540301910.93 50.5
1540301920.94 50.5
1540301930.96 50.5
1540301940.98 49.4
1540301951.0 50.5
1540301961.02 50.5
1540301971.03 50.5
1540301981.06 49.9
1540301991.07 50.5
1540302001.09 51.0
1540302011.1 51.0
1540302021.12 51.5
1540302031.13 51.5
1540302041.14 51.0
1540302051.15 51.5
1540302061.18 50.5
1540302071.19 51.5
1540302081.21 50.5
1540302091.23 51.0
1540302101.25 51.5
1540302111.26 50.5
1540302121.28 50.5
1540302131.3 51.5
1540302141.31 51.5
1540302151.33 51.5
1540302161.35 51.0
1540302171.36 51.5
1540302181.38 50.5
1540302191.4 50.5
1540302201.41 50.5
1540302211.43 50.5
1540302221.44 50.5
1540302231.46 50.5
1540302241.48 50.5
1540302251.5 49.9
1540302261.51 50.5
1540302271.53 51.0
1540302281.55 51.0
1540302291.56 51.0
1540302301.58 51.0
1540302311.59 51.0
1540302321.61 51.5
1540302331.63 50.5
1540302341.64 51.0
1540302351.65 50.5
1540302361.67 50.5
1540302371.69 50.5
1540302381.71 50.5
1540302391.72 50.5
1540302401.75 50.5
1540302411.77 49.9
1540302421.79 49.4
1540302431.81 49.9
1540302441.82 50.5
1540302451.84 50.5
1540302461.86 49.9
1540302471.88 50.5
1540302481.89 50.5
1540302491.91 49.9
1540302501.93 49.4
1540302511.95 49.9
1540302521.96 49.9
1540302531.99 49.9
1540302542.01 49.4
1540302552.02 49.9
1540302562.03 49.9
1540302572.05 50.5
1540302582.06 50.5
1540302592.08 49.4
1540302602.09 50.5
1540302612.12 49.9
1540302622.13 50.5
1540302632.15 50.5
1540302642.16 50.5
1540302652.18 51.0
1540302662.2 50.5
1540302672.21 50.5
1540302682.23 50.5
1540302692.26 50.5
1540302702.27 51.0
1540302712.29 50.5
1540302722.3 51.5
1540302732.33 52.1
1540302742.35 50.5
1540302752.36 51.5
1540302762.38 51.5
1540302772.4 51.5
1540302782.42 51.5
1540302792.44 50.5
1540302802.46 50.5
1540302812.47 51.0
1540302822.5 51.5
1540302832.51 51.5
1540302842.53 51.5
1540302852.55 51.5
1540302862.56 51.5
1540302872.58 50.5
1540302882.59 51.5
1540302892.61 51.5
1540302902.63 51.5
1540302912.64 51.5
1540302922.66 51.5
1540302932.68 51.5
1540302942.69 51.5
1540302952.71 51.0
1540302962.73 51.5
1540302972.75 51.0
1540302982.76 51.5
1540302992.78 51.5
1540303002.8 51.5
1540303012.81 50.5
1540303022.83 51.5
1540303032.84 52.1
1540303042.86 51.5
1540303052.88 50.5
1540303062.9 51.5
1540303072.91 51.5
1540303082.93 51.0
1540303092.95 51.5
1540303102.97 50.5
1540303112.99 51.5
1540303123.0 51.5
1540303133.02 50.5
1540303143.04 51.0
1540303153.06 51.5
1540303163.07 51.0
1540303173.1 49.9
1540303183.12 50.5
1540303193.14 49.9
1540303203.15 50.5
