1540500002.61 47.2
1540500012.62 47.2
1540500022.64 46.7
1540500032.66 47.2
1540500042.67 47.2
1540500052.7 46.2
1540500062.71 47.2
1540500072.72 47.8
1540500082.73 47.2
1540500092.77 47.2
1540500102.78 47.2
1540500112.81 47.2
1540500122.82 47.8
1540500132.84 47.2
1540500142.86 46.7
1540500152.87 47.2
1540500162.89 47.2
1540500172.9 47.2
1540500182.92 47.2
1540500192.93 46.7
1540500202.95 46.2
1540500212.96 46.7
1540500222.98 47.2
1540500232.99 47.2
1540500243.01 47.8
1540500253.03 47.2
1540500263.05 46.7
1540500273.07 46.2
1540500283.08 46.7
1540500293.1 46.7
1540500303.12 46.2
1540500313.13 46.7
1540500323.15 46.2
1540500333.17 46.7
1540500343.19 46.2
1540500353.21 46.2
1540500363.23 46.2
1540500373.25 46.2
1540500383.27 47.2
1540500393.28 46.7
1540500403.3 47.2
1540500413.31 47.2
1540500423.33 46.2
1540500433.34 46.2
1540500443.36 46.2
1540500453.38 46.2
1540500463.4 46.7
1540500473.42 46.2
1540500483.43 46.2
1540500493.45 46.2
1540500503.47 44.5
1540500513.49 45.6
1540500523.51 46.2
1540500533.52 46.2
1540500543.55 45.1
1540500553.57 45.6
1540500563.59 45.1
1540500573.61 45.1
1540500583.63 46.2
1540500593.65 46.2
1540500603.67 46.2
1540500613.69 46.2
1540500623.69 46.7
1540500633.71 46.2
1540500643.73 46.2
1540500653.74 46.2
1540500663.76 47.2
1540500673.78 46.2
1540500683.79 47.2
1540500693.81 47.2
1540500703.82 47.2
1540500713.84 47.2
1540500723.86 47.8
1540500733.87 46.2
1540500743.89 47.2
1540500753.91 46.2
1540500763.93 47.2
1540500773.95 47.2
1540500783.98 47.2
1540500793.99 47.2
1540500804.01 47.8
1540500814.04 47.2
1540500824.05 47.2
1540500834.08 47.8
1540500844.09 47.8
1540500854.11 47.8
1540500864.13 47.2
1540500874.15 47.2
1540500884.17 47.8
1540500894.19 47.2
1540500904.21 47.2
1540500914.23 47.2
1540500924.24 47.2
1540500934.26 48.3
1540500944.28 47.8
1540500954.29 47.2
1540500964.31 47.8
1540500974.32 47.8
1540500984.34 47.8
1540500994.35 48.3
1540501004.37 47.8
1540501014.39 48.3
1540501024.4 47.8
1540501034.42 48.3
1540501044.43 48.9
1540501054.45 48.3
1540501064.48 47.8
1540501074.5 47.8
1540501084.52 48.3
1540501094.54 48.3
1540501104.56 47.8
1540501114.58 47.8
1540501124.59 47.8
1540501134.61 48.3
1540501144.63 48.3
1540501154.64 47.8
1540501164.66 48.3
1540501174.67 47.8
1540501184.68 47.8
1540501194.7 47.2
1540501204.71 47.8
1540501214.73 49.4
1540501224.74 47.8
1540501234.76 48.3
1540501244.78 47.8
1540501254.8 48.3
1540501264.82 47.8
1540501274.83 47.8
1540501284.86 47.2
1540501294.87 47.2
1540501304.96 47.8
1540501314.98 47.2
1540501325.0 47.8
1540501335.02 47.8
1540501345.04 47.8
1540501355.05 47.8
1540501365.06 48.3
1540501375.08 47.2
1540501385.1 47.2
1540501395.11 47.2
1540501405.13 47.8
1540501415.14 47.8
1540501425.16 47.2
1540501435.17 48.3
1540501445.19 47.2
1540501455.21 47.2
1540501465.23 47.2
1540501475.26 46.7
1540501485.27 47.2
1540501495.29 47.2
1540501505.31 47.2
1540501515.32 47.8
1540501525.34 47.2
1540501535.36 47.2
1540501545.37 47.2
1540501555.39 47.2
1540501565.41 47.8
1540501575.42 47.8
1540501585.44 47.2
1540501595.46 47.2
1540501605.48 47.2
1540501615.49 47.8
1540501625.51 47.2
1540501635.52 47.2
1540501645.54 47.8
1540501655.56 47.2
1540501665.57 47.8
1540501675.59 47.8
1540501685.61 47.8
1540501695.63 47.8
1540501705.65 47.8
1540501715.67 47.2
1540501725.68 47.2
1540501735.7 47.2
1540501745.72 47.2
1540501755.74 47.8
1540501765.75 47.2
1540501775.77 47.8
1540501785.78 47.8
1540501795.8 47.8
1540501805.81 47.8
1540501815.83 47.2
1540501825.85 47.8
1540501835.87 47.8
1540501845.9 47.2
1540501855.92 47.2
1540501865.93 47.2
1540501875.95 46.2
1540501885.98 46.7
1540501895.99 46.7
1540501906.01 46.7
1540501916.02 47.2
1540501926.04 46.2
1540501936.06 47.2
1540501946.07 47.2
1540501956.09 47.8
1540501966.11 47.8
1540501976.12 47.2
1540501986.15 47.2
1540501996.16 47.8
1540502006.18 47.2
1540502016.19 47.2
1540502026.2 47.2
1540502036.22 47.2
1540502046.23 47.2
1540502056.25 47.2
1540502066.27 47.2
1540502076.28 47.2
1540502086.3 47.2
1540502096.31 46.7
1540502106.33 46.7
1540502116.35 47.8
1540502126.37 47.2
1540502136.39 47.2
1540502146.4 47.2
1540502156.42 47.2
1540502166.44 47.2
1540502176.46 47.8
1540502186.48 47.2
1540502196.49 47.2
1540502206.51 47.2
1540502216.53 47.2
1540502226.55 47.2
1540502236.56 47.2
1540502246.58 47.2
1540502256.6 47.2
1540502266.61 47.2
1540502276.62 47.2
1540502286.64 46.2
1540502296.66 47.2
1540502306.67 46.7
1540502316.69 46.7
1540502326.7 47.2
1540502336.72 46.2
1540502346.74 46.7
1540502356.76 46.2
1540502366.77 47.2
1540502376.79 47.2
1540502386.81 46.7
1540502396.83 47.2
1540502406.85 46.7
1540502416.86 47.2
1540502426.88 46.7
1540502436.9 46.2
1540502446.93 46.2
1540502456.95 46.2
1540502466.97 46.2
1540502476.98 46.7
1540502487.0 46.2
1540502497.02 46.2
1540502507.04 46.2
1540502517.06 46.2
1540502527.07 46.2
1540502537.09 46.7
1540502547.1 46.7
1540502557.13 46.2
1540502567.14 46.2
1540502577.16 46.2
1540502587.17 46.2
1540502597.19 46.7
1540502607.21 46.2
1540502617.23 46.2
1540502627.25 47.2
1540502637.26 47.2
1540502647.28 47.2
1540502657.3 47.2
1540502667.32 47.2
1540502677.33 47.8
1540502687.35 47.2
1540502697.37 47.8
1540502707.39 47.2
1540502717.4 47.2
1540502727.42 47.2
1540502737.43 47.2
1540502747.45 47.2
1540502757.47 47.8
1540502767.49 47.2
1540502777.5 48.3
1540502787.52 47.8
1540502797.53 47.8
1540502807.55 47.8
1540502817.57 47.2
1540502827.59 47.2
1540502837.61 47.2
1540502847.63 47.8
1540502857.64 47.2
1540502867.66 47.8
1540502877.68 47.2
1540502887.7 47.2
1540502897.71 48.3
1540502907.73 47.8
1540502917.75 48.3
1540502927.76 47.8
1540502937.78 47.8
1540502947.79 47.8
1540502957.81 47.2
1540502967.83 47.2
1540502977.84 47.8
1540502987.86 47.2
1540502997.88 47.8
1540503007.89 47.2
1540503017.91 47.2
1540503027.93 47.2
1540503037.95 46.7
1540503047.96 47.2
1540503057.98 46.2
1540503067.99 47.2
1540503078.01 47.2
1540503088.03 46.2
1540503098.05 46.2
1540503108.07 46.2
1540503118.09 46.2
1540503128.11 46.2
1540503138.12 46.2
1540503148.14 46.2
1540503158.16 45.6
1540503168.18 45.6
1540503178.2 46.2
1540503188.22 45.6
1540503198.25 46.2
1540503208.29 46.2
1540503218.3 46.2
1540503228.32 46.2
1540503238.33 46.2
1540503248.36 45.1
1540503258.37 45.6
1540503268.39 46.2
1540503278.41 46.2
1540503288.43 46.2
1540503298.45 45.6
1540503308.46 45.6
1540503318.48 45.1
1540503328.5 45.1
1540503338.52 45.6
1540503348.53 45.6
1540503358.55 45.1
1540503368.57 45.6
1540503378.58 45.6
1540503388.6 45.1
1540503398.61 45.1
1540503408.63 45.1
1540503418.65 45.1
1540503428.67 45.1
1540503438.69 45.1
1540503448.71 45.6
1540503458.73 45.1
1540503468.75 45.6
1540503478.77 45.1
1540503488.79 45.1
1540503498.8 45.1
1540503508.82 45.1
1540503518.84 44.5
1540503528.85 45.1
1540503538.87 45.1
1540503548.88 45.1
1540503558.9 44.5
1540503568.92 45.1
1540503578.93 45.1
1540503588.95 45.1
1540503598.97 45.1
1540503608.98 45.1
1540503618.99 45.1
1540503629.01 45.1
1540503639.02 45.1
1540503649.04 45.1
1540503659.06 45.1
1540503669.08 45.1
1540503679.1 44.5
1540503689.12 45.1
1540503699.13 45.1
1540503709.15 44.5
1540503719.16 45.1
1540503729.18 44.5
1540503739.2 45.1
1540503749.22 45.1
1540503759.24 45.1
1540503769.26 44.5
1540503779.27 45.1
1540503789.29 44.5
1540503799.31 45.1
1540503809.33 45.1
1540503819.34 45.1
1540503829.36 44.5
1540503839.39 45.1
1540503849.4 45.1
1540503859.42 45.1
1540503869.44 45.1
1540503879.45 45.1
1540503889.47 45.1
1540503899.49 45.1
1540503909.5 45.1
1540503919.52 44.5
1540503929.55 45.1
1540503939.56 44.5
1540503949.58 45.1
1540503959.6 45.1
1540503969.61 45.1
1540503979.63 45.1
1540503989.65 44.0
1540503999.66 44.0
1540504009.68 45.1
1540504019.7 44.5
1540504029.72 44.5
1540504039.73 45.1
1540504049.75 44.0
1540504059.77 44.0
1540504069.79 44.0
1540504079.81 44.5
1540504089.82 43.5
1540504099.84 44.0
1540504109.85 42.9
1540504119.87 43.5
1540504129.9 43.5
1540504139.92 43.5
1540504149.94 42.9
1540504159.95 43.5
1540504169.97 42.9
1540504179.99 42.9
1540504190.01 43.5
1540504200.02 42.9
1540504210.04 42.9
1540504220.06 43.5
1540504230.07 43.5
1540504240.09 43.5
1540504250.1 43.5
1540504260.12 43.5
1540504270.14 42.9
1540504280.15 44.0
1540504290.17 43.5
1540504300.19 43.5
1540504310.21 43.5
1540504320.23 42.9
1540504330.25 42.9
1540504340.27 43.5
1540504350.29 43.5
1540504360.31 42.9
1540504370.32 43.5
1540504380.34 43.5
1540504390.36 42.9
1540504400.38 42.9
1540504410.4 42.9
1540504420.42 42.9
1540504430.44 42.4
1540504440.46 42.4
1540504450.48 42.9
1540504460.5 42.9
1540504470.51 42.9
1540504480.53 42.9
1540504490.55 41.9
1540504500.57 42.4
1540504510.59 42.4
1540504520.61 42.9
1540504530.62 42.9
1540504540.64 42.9
1540504550.65 43.5
1540504560.67 42.4
1540504570.69 42.9
1540504580.71 43.5
1540504590.73 42.9
1540504600.75 42.9
1540504610.76 42.9
1540504620.78 42.9
1540504630.8 42.9
1540504640.82 42.4
1540504650.84 42.9
1540504660.86 42.9
1540504670.87 42.9
1540504680.9 42.4
1540504690.92 42.4
1540504700.93 42.9
1540504710.94 42.9
1540504720.96 42.9
1540504730.99 42.4
1540504741.01 42.9
1540504751.02 42.9
1540504761.04 42.9
1540504771.06 42.9
1540504781.08 42.9
1540504791.1 42.9
1540504801.12 41.9
