1540200004.35 32.2
1540200014.37 32.2
1540200024.39 33.2
1540200034.42 32.2
1540200044.43 32.7
1540200054.45 32.7
1540200064.46 33.2
1540200074.49 32.2
1540200084.51 32.2
1540200094.53 32.2
1540200104.55 32.2
1540200114.57 32.2
1540200124.59 32.2
1540200134.61 33.2
1540200144.63 32.2
1540200154.65 32.2
1540200164.67 32.7
1540200174.69 33.2
1540200184.71 32.2
1540200194.73 31.6
1540200204.75 32.7
1540200214.77 32.2
1540200224.79 32.2
1540200234.82 33.2
1540200244.85 32.2
1540200254.87 32.2
1540200264.89 31.6
1540200274.91 32.2
1540200284.93 32.2
1540200294.94 33.2
1540200304.97 32.2
1540200314.99 32.2
1540200325.01 31.6
1540200335.03 32.2
1540200345.05 32.2
1540200355.07 32.2
1540200365.09 32.2
1540200375.11 32.2
1540200385.13 32.2
1540200395.15 32.2
1540200405.17 32.7
1540200415.19 32.2
1540200425.23 32.7
1540200435.25 33.2
1540200445.27 32.7
1540200455.29 32.7
1540200465.31 33.2
1540200475.33 32.2
1540200485.35 32.2
1540200495.36 32.7
1540200505.38 32.2
1540200515.4 32.2
1540200525.42 32.7
1540200535.44 32.7
1540200545.46 32.7
1540200555.48 32.2
1540200565.5 32.2
1540200575.52 32.2
1540200585.54 33.2
1540200595.57 32.7
1540200605.59 32.7
1540200615.61 32.2
1540200625.62 32.7
1540200635.64 32.7
1540200645.67 32.7
1540200655.69 32.2
1540200665.71 33.2
1540200675.73 32.7
1540200685.75 32.7
1540200695.77 32.2
1540200705.78 32.2
1540200715.8 33.8
1540200725.82 33.2
1540200735.83 33.2
1540200745.85 33.2
1540200755.87 33.2
1540200765.89 33.8
1540200775.91 33.2
1540200785.92 33.2
1540200795.94 33.2
1540200805.97 33.2
1540200815.99 32.2
1540200826.0 33.2
1540200836.02 32.7
1540200846.05 32.7
1540200856.07 33.2
1540200866.09 33.2
1540200876.1 33.8
1540200886.13 33.8
1540200896.15 33.2
1540200906.16 33.8
1540200916.19 33.8
1540200926.2 34.3
1540200936.22 33.8
1540200946.25 33.8
1540200956.26 33.8
1540200966.28 33.2
1540200976.3 33.2
1540200986.3 33.8
1540200996.32 33.8
1540201006.35 33.8
1540201016.36 33.2
1540201026.37 34.3
1540201036.4 34.3
1540201046.42 34.3
1540201056.44 34.3
1540201066.46 33.8
1540201076.47 34.3
1540201086.5 33.8
1540201096.51 34.3
1540201106.53 34.3
1540201116.55 34.3
1540201126.57 34.3
1540201136.59 34.3
1540201146.61 33.8
1540201156.63 33.2
1540201166.64 34.3
1540201176.67 33.2
1540201186.69 33.8
1540201196.71 34.3
1540201206.72 34.3
1540201216.73 33.8
1540201226.75 34.9
1540201236.77 33.8
1540201246.79 34.3
1540201256.81 34.3
1540201266.82 34.3
1540201276.85 33.8
1540201286.86 34.3
1540201296.88 34.3
1540201306.89 34.3
1540201316.92 33.8
1540201326.94 33.8
1540201336.96 34.3
1540201346.98 33.2
1540201357.0 34.3
1540201367.01 34.3
1540201377.03 34.3
1540201387.04 34.3
1540201397.07 33.8
1540201407.08 34.3
1540201417.1 34.3
1540201427.12 34.3
1540201437.14 34.3
1540201447.16 34.3
1540201457.18 34.9
1540201467.19 34.3
1540201477.21 34.9
1540201487.23 34.9
1540201497.24 34.3
1540201507.26 34.3
1540201517.28 34.3
1540201527.3 34.3
1540201537.32 34.3
1540201547.34 34.3
1540201557.36 34.3
1540201567.38 34.3
1540201577.4 34.3
1540201587.42 33.8
1540201597.44 34.3
1540201607.45 34.3
1540201617.48 34.3
1540201627.5 33.8
1540201637.53 33.2
1540201647.54 34.3
1540201657.57 33.8
1540201667.58 34.3
1540201677.6 33.2
1540201687.62 34.3
1540201697.64 33.8
1540201707.66 33.2
1540201717.68 34.3
1540201727.7 33.8
1540201737.72 33.2
1540201747.73 34.3
1540201757.75 34.3
1540201767.77 33.2
1540201777.79 33.2
1540201787.81 33.8
1540201797.83 33.8
1540201807.85 32.7
1540201817.88 33.2
1540201827.89 33.2
1540201837.92 34.3
1540201847.94 33.2
1540201857.96 33.2
1540201867.98 33.2
1540201877.99 34.3
1540201888.01 33.2
1540201898.04 33.2
1540201908.06 33.2
1540201918.08 33.8
1540201928.1 33.2
1540201938.12 34.3
1540201948.14 33.2
1540201958.16 32.7
1540201968.18 32.7
1540201978.2 33.2
1540201988.22 32.2
1540201998.23 33.2
1540202008.25 33.2
1540202018.28 32.7
1540202028.3 32.7
1540202038.32 32.7
1540202048.34 32.7
1540202058.36 32.7
1540202068.38 32.7
1540202078.4 32.7
1540202088.42 32.2
1540202098.44 32.2
1540202108.46 32.7
1540202118.48 32.2
1540202128.5 33.2
1540202138.52 32.2
1540202148.54 32.7
1540202158.56 32.7
1540202168.58 32.7
1540202178.6 32.2
1540202188.62 33.8
1540202198.64 32.7
1540202208.68 32.2
1540202218.7 32.7
1540202228.72 32.2
1540202238.74 32.2
1540202248.76 32.2
1540202258.78 33.2
1540202268.8 32.7
1540202278.82 32.7
1540202288.84 33.2
1540202298.86 32.7
1540202308.87 33.8
1540202318.89 32.2
1540202328.92 33.2
1540202338.93 33.2
1540202348.95 33.2
1540202358.97 32.7
1540202368.99 33.8
1540202379.01 32.7
1540202389.03 32.7
1540202399.06 33.2
1540202409.07 34.3
1540202419.09 33.2
1540202429.11 33.8
1540202439.13 32.7
1540202449.14 33.2
1540202459.16 32.7
1540202469.18 33.2
1540202479.2 33.2
1540202489.22 32.2
1540202499.24 32.7
1540202509.27 32.2
1540202519.28 32.7
1540202529.3 33.2
1540202539.32 32.2
1540202549.35 32.7
1540202559.37 32.2
1540202569.39 33.2
1540202579.41 32.2
1540202589.43 32.2
1540202599.45 32.2
1540202609.47 32.2
1540202619.49 32.2
1540202629.51 32.7
1540202639.53 32.2
1540202649.55 32.2
1540202659.56 32.2
1540202669.58 32.2
1540202679.61 32.2
1540202689.63 32.2
1540202699.65 32.7
1540202709.67 32.7
1540202719.72 32.7
1540202729.74 33.2
1540202739.75 33.2
1540202749.77 32.2
1540202759.79 33.2
1540202769.81 32.2
1540202779.83 32.7
1540202789.85 33.8
1540202799.87 32.7
1540202809.89 32.7
1540202819.91 32.7
1540202829.93 32.2
1540202839.95 32.7
1540202849.98 32.2
1540202859.99 32.2
1540202870.01 33.2
1540202880.03 33.2
1540202890.05 32.7
1540202900.07 33.2
1540202910.1 32.2
1540202920.1 33.2
1540202930.12 33.2
1540202940.14 32.7
1540202950.16 32.2
1540202960.18 32.2
1540202970.2 32.7
1540202980.22 33.8
1540202990.24 33.2
1540203000.26 32.7
1540203010.28 33.2
1540203020.3 33.2
1540203030.32 32.7
1540203040.34 33.2
1540203050.36 33.2
1540203060.38 33.2
1540203070.4 32.7
1540203080.42 32.7
1540203090.44 32.2
1540203100.46 32.2
1540203110.48 32.2
1540203120.5 32.2
1540203130.52 32.2
1540203140.54 32.2
1540203150.56 32.2
1540203160.58 32.7
1540203170.6 32.2
1540203180.62 33.2
1540203190.63 33.2
1540203200.65 33.2
1540203210.67 32.2
1540203220.69 33.2
1540203230.71 32.7
1540203240.73 32.7
1540203250.76 32.7
1540203260.78 33.2
1540203270.8 32.2
1540203280.82 33.2
1540203290.84 32.7
1540203300.85 33.2
1540203310.88 33.2
1540203320.9 32.2
1540203330.92 33.2
1540203340.94 32.7
1540203350.96 33.2
1540203360.98 33.8
1540203370.99 34.3
1540203381.02 32.7
1540203391.03 33.2
1540203401.05 33.2
1540203411.07 33.8
1540203421.09 32.7
1540203431.11 33.2
1540203441.13 33.2
1540203451.15 33.2
1540203461.17 32.7
1540203471.18 33.8
1540203481.2 33.2
1540203491.22 33.2
1540203501.23 33.8
1540203511.25 33.8
1540203521.27 33.8
1540203531.29 34.3
1540203541.31 34.3
1540203551.33 34.3
1540203561.35 33.8
1540203571.37 33.8
1540203581.39 34.3
1540203591.41 34.9
1540203601.42 34.3
1540203611.44 34.3
1540203621.46 33.8
1540203631.48 34.3
1540203641.5 35.4
1540203651.51 34.9
1540203661.53 34.3
1540203671.55 34.9
1540203681.57 34.3
1540203691.59 34.3
1540203701.6 34.9
1540203711.63 34.9
1540203721.65 34.3
1540203731.67 34.9
1540203741.69 35.4
1540203751.71 34.9
1540203761.72 35.4
1540203771.74 35.4
1540203781.76 35.4
1540203791.78 35.4
1540203801.8 35.9
1540203811.81 35.4
1540203821.82 36.5
1540203831.84 36.5
1540203841.86 35.9
1540203851.86 36.5
1540203861.88 35.4
1540203871.91 36.5
1540203881.93 35.9
1540203891.95 36.5
1540203901.96 36.5
1540203911.98 35.9
1540203922.0 35.9
1540203932.01 35.9
1540203942.03 36.5
1540203952.05 36.5
1540203962.07 36.5
1540203972.08 36.5
1540203982.09 37.0
1540203992.11 35.4
1540204002.14 36.5
1540204012.16 35.9
1540204022.16 36.5
1540204032.18 36.5
1540204042.2 36.5
1540204052.21 36.5
1540204062.24 35.9
1540204072.26 35.9
1540204082.28 36.5
1540204092.3 36.5
1540204102.31 35.4
1540204112.33 35.9
1540204122.35 35.9
1540204132.36 35.9
1540204142.38 36.5
1540204152.4 35.4
1540204162.42 35.4
1540204172.43 36.5
1540204182.44 35.9
1540204192.46 36.5
1540204202.48 35.4
1540204212.5 35.4
1540204222.52 35.4
1540204232.54 35.9
1540204242.56 34.9
1540204252.58 35.4
1540204262.6 34.9
1540204272.62 35.4
1540204282.63 35.9
1540204292.66 34.9
1540204302.68 34.9
1540204312.7 35.4
1540204322.72 36.5
1540204332.73 35.9
1540204342.75 35.4
1540204352.77 34.9
1540204362.79 35.4
1540204372.81 35.4
1540204382.84 35.4
1540204392.86 35.4
1540204402.87 35.4
1540204412.89 35.4
1540204422.9 34.9
1540204432.91 35.4
1540204442.93 34.9
1540204452.95 34.9
1540204462.97 34.9
1540204472.98 35.9
1540204483.0 34.9
1540204493.02 34.9
1540204503.05 34.9
1540204513.06 34.9
1540204523.07 35.4
1540204533.09 34.9
1540204543.1 35.4
1540204553.12 34.9
1540204563.14 34.9
1540204573.15 34.9
1540204583.16 34.9
1540204593.18 34.9
1540204603.19 34.9
1540204613.21 34.3
1540204623.24 33.8
1540204633.24 35.4
1540204643.26 35.4
1540204653.28 34.3
1540204663.3 35.4
1540204673.31 34.9
1540204683.32 35.4
1540204693.34 34.9
1540204703.36 35.4
1540204713.38 34.3
1540204723.39 35.9
1540204733.41 34.9
1540204743.43 35.4
1540204753.44 35.4
1540204763.46 35.4
1540204773.48 35.4
1540204783.49 35.4
1540204793.51 34.9
1540204803.53 34.9
1540204813.55 35.4
1540204823.57 35.4
1540204833.59 35.4
1540204843.61 35.4
1540204853.63 35.4
1540204863.65 34.9
1540204873.67 34.9
1540204883.69 35.4
1540204893.71 34.3
1540204903.73 35.4
1540204913.75 35.4
1540204923.76 34.9
1540204933.78 34.9
1540204943.8 34.9
1540204953.82 34.9
1540204963.84 34.3
1540204973.85 34.3
1540204983.87 34.3
1540204993.89 34.3
1540205003.91 33.8
1540205013.93 34.9
1540205023.94 34.9
1540205033.96 34.9
1540205043.98 34.9
1540205054.0 34.3
1540205064.02 34.9
1540205074.04 33.8
1540205084.06 34.3
1540205094.09 33.8
1540205104.1 34.3
1540205114.12 33.8
1540205124.15 33.2
1540205134.16 33.8
1540205144.18 33.8
1540205154.2 33.8
1540205164.22 33.2
1540205174.24 34.3
1540205184.25 33.8
1540205194.27 33.2
1540205204.3 32.7
1540205214.31 33.8
1540205224.33 33.8
1540205234.35 33.8
1540205244.37 33.8
1540205254.39 33.2
1540205264.41 33.8
1540205274.43 34.3
1540205284.44 34.3
1540205294.46 33.8
1540205304.48 34.3
1540205314.5 33.2
1540205324.52 33.2
1540205334.54 33.8
1540205344.56 33.8
1540205354.58 33.8
1540205364.6 33.2
1540205374.62 33.2
1540205384.63 33.8
1540205394.65 33.2
1540205404.67 34.3
1540205414.69 33.2
1540205424.7 34.3
1540205434.73 33.8
1540205444.74 34.3
1540205454.76 33.8
1540205464.78 34.3
1540205474.8 34.3
1540205484.83 34.3
1540205494.85 34.3
1540205504.86 33.8
1540205514.88 33.2
1540205524.9 33.2
1540205534.93 33.2
1540205544.95 33.2
1540205554.97 33.8
1540205564.98 33.8
1540205575.01 33.2
1540205585.03 33.2
1540205595.05 33.2
1540205605.07 34.3
1540205615.09 34.3
1540205625.11 34.3
1540205635.13 33.8
1540205645.15 33.8
1540205655.17 33.2
1540205665.18 34.3
1540205675.2 34.3
1540205685.22 34.9
1540205695.24 34.3
1540205705.25 34.9
1540205715.27 34.9
1540205725.29 34.3
1540205735.3 34.9
1540205745.33 34.3
1540205755.34 34.9
1540205765.36 33.8
1540205775.38 34.3
1540205785.4 34.3
1540205795.42 34.9
1540205805.44 34.3
1540205815.46 34.9
1540205825.47 34.3
1540205835.49 34.3
1540205845.51 34.3
1540205855.52 34.9
1540205865.54 33.8
1540205875.56 34.9
1540205885.58 34.3
1540205895.6 34.3
1540205905.61 34.3
1540205915.64 34.3
1540205925.65 34.9
1540205935.67 34.3
1540205945.68 34.3
1540205955.7 34.9
1540205965.72 34.9
1540205975.74 34.3
1540205985.76 34.3
1540205995.78 34.3
