1541900003.19 36.5
1541900013.21 36.5
1541900023.23 36.5
1541900033.25 36.5
1541900043.27 36.5
1541900053.28 37.0
1541900063.3 36.5
1541900073.32 36.5
1541900083.34 35.9
1541900093.36 36.5
1541900103.39 36.5
1541900113.4 36.5
1541900123.42 35.9
1541900133.44 35.9
1541900143.46 35.4
1541900153.48 35.9
1541900163.51 35.9
1541900173.53 35.4
1541900183.55 36.5
1541900193.57 35.9
1541900203.59 36.5
1541900213.61 35.9
1541900223.64 35.9
1541900233.65 36.5
1541900243.67 36.5
1541900253.69 35.9
1541900263.71 36.5
1541900273.73 35.4
1541900283.75 35.4
1541900293.77 36.5
1541900303.8 35.4
1541900313.82 35.4
1541900323.83 35.9
1541900333.85 35.4
1541900343.87 35.9
1541900353.9 35.9
1541900363.92 35.4
1541900373.94 35.4
1541900383.96 35.4
1541900393.98 35.9
1541900404.0 34.9
1541900414.02 35.4
1541900424.04 35.4
1541900434.06 34.9
1541900444.08 35.4
1541900454.1 35.9
1541900464.12 35.4
1541900474.14 35.4
1541900484.16 35.4
1541900494.18 35.4
1541900504.2 34.9
1541900514.22 34.9
1541900524.24 34.9
1541900534.26 35.4
1541900544.28 35.4
1541900554.3 35.4
1541900564.33 34.9
1541900574.35 35.4
1541900584.36 35.4
1541900594.39 35.4
1541900604.41 35.4
1541900614.43 34.9
1541900624.44 35.4
1541900634.47 34.9
1541900644.49 34.9
1541900654.5 35.4
1541900664.53 35.9
1541900674.55 35.4
1541900684.57 35.4
1541900694.59 35.4
1541900704.61 35.9
1541900714.63 35.9
1541900724.65 35.4
1541900734.67 35.9
1541900744.69 36.5
1541900754.71 35.4
1541900764.73 35.4
1541900774.75 36.5
1541900784.77 36.5
1541900794.79 36.5
1541900804.8 35.4
1541900814.83 35.4
1541900824.85 35.4
1541900834.86 35.4
1541900844.88 35.4
1541900854.9 35.4
1541900864.92 35.9
1541900874.94 35.4
1541900884.97 35.4
1541900894.99 36.5
1541900905.01 36.5
1541900915.03 35.4
1541900925.05 36.5
1541900935.07 35.9
1541900945.08 36.5
1541900955.1 35.4
1541900965.13 36.5
1541900975.14 36.5
1541900985.16 35.9
1541900995.18 37.0
1541901005.19 37.0
1541901015.21 36.5
1541901025.23 36.5
1541901035.25 36.5
1541901045.27 37.0
1541901055.29 36.5
1541901065.31 36.5
1541901075.33 37.0
1541901085.35 36.5
1541901095.37 37.0
1541901105.39 37.6
1541901115.4 36.5
1541901125.42 37.0
1541901135.44 37.6
1541901145.46 36.5
1541901155.47 37.0
1541901165.5 36.5
1541901175.52 37.0
1541901185.54 36.5
1541901195.55 36.5
1541901205.57 37.0
1541901215.59 36.5
1541901225.61 36.5
1541901235.63 36.5
1541901245.65 35.9
1541901255.66 36.5
1541901265.68 36.5
1541901275.69 37.0
1541901285.71 36.5
1541901295.73 36.5
1541901305.75 36.5
1541901315.77 35.9
1541901325.79 35.9
1541901335.81 35.9
1541901345.83 36.5
1541901355.85 36.5
1541901365.87 36.5
1541901375.9 36.5
1541901385.91 36.5
1541901395.93 35.9
1541901405.95 36.5
1541901415.97 35.9
1541901425.99 37.0
1541901436.01 36.5
1541901446.03 36.5
1541901456.05 35.4
1541901466.07 36.5
1541901476.09 36.5
1541901486.1 36.5
1541901496.12 35.4
1541901506.15 35.4
1541901516.17 35.4
1541901526.18 35.4
1541901536.21 35.4
1541901546.23 35.4
1541901556.24 36.5
1541901566.26 35.4
1541901576.29 35.9
1541901586.3 36.5
1541901596.33 36.5
