1541400000.51 37.0
1541400010.53 36.5
1541400020.55 37.6
1541400030.57 37.0
1541400040.59 37.6
1541400050.61 37.0
1541400060.63 37.6
1541400070.65 37.6
1541400080.67 36.5
1541400090.69 37.6
1541400100.71 37.6
1541400110.74 37.6
1541400120.75 37.6
1541400130.77 37.6
1541400140.79 37.6
1541400150.81 37.6
1541400160.83 37.6
1541400170.86 37.0
1541400180.88 37.0
1541400190.9 37.0
1541400200.92 37.0
1541400210.94 37.0
1541400220.96 37.0
1541400230.98 37.0
1541400241.0 37.6
1541400251.02 37.6
1541400261.04 37.0
1541400271.06 37.0
1541400281.08 37.0
1541400291.1 36.5
1541400301.13 36.5
1541400311.15 37.0
1541400321.16 37.0
1541400331.18 36.5
1541400341.21 37.0
1541400351.23 37.0
1541400361.25 36.5
1541400371.27 36.5
1541400381.29 38.1
1541400391.31 37.6
1541400401.33 37.6
1541400411.35 37.6
1541400421.37 37.6
1541400431.39 37.0
1541400441.41 37.0
1541400451.43 37.0
1541400461.46 37.6
1541400471.48 37.6
1541400481.5 37.6
1541400491.52 37.6
1541400501.54 37.6
1541400511.56 37.6
1541400521.58 37.6
1541400531.59 37.0
1541400541.62 37.0
1541400551.64 37.0
1541400561.66 37.6
1541400571.68 37.6
1541400581.7 37.6
1541400591.72 37.6
1541400601.74 37.6
1541400611.77 37.0
1541400621.78 37.6
1541400631.8 37.0
1541400641.82 37.6
1541400651.85 37.6
1541400661.86 37.0
1541400671.88 37.0
1541400681.9 37.6
1541400691.92 38.1
1541400701.94 37.6
1541400711.95 37.6
1541400721.97 37.0
1541400731.99 38.1
1541400742.02 37.6
1541400752.04 37.6
1541400762.07 37.6
1541400772.09 38.6
1541400782.11 37.6
1541400792.13 37.0
1541400802.15 37.0
1541400812.17 37.6
1541400822.19 37.6
1541400832.21 38.1
1541400842.23 38.1
1541400852.25 38.6
1541400862.27 37.6
1541400872.29 37.6
1541400882.31 37.6
1541400892.33 37.6
1541400902.35 37.6
1541400912.37 37.6
1541400922.39 37.6
1541400932.41 38.1
1541400942.43 38.6
1541400952.45 38.6
1541400962.47 37.6
1541400972.49 38.6
1541400982.51 38.1
1541400992.53 37.6
1541401002.55 38.1
1541401012.57 37.6
1541401022.59 37.6
1541401032.61 38.6
1541401042.63 37.6
1541401052.65 37.6
1541401062.68 37.6
1541401072.7 37.6
1541401082.72 38.1
1541401092.74 37.6
1541401102.76 38.1
1541401112.78 37.6
1541401122.8 37.0
1541401132.82 38.6
1541401142.84 38.1
1541401152.86 37.0
1541401162.88 37.0
1541401172.9 37.6
1541401182.92 37.6
1541401192.94 37.6
1541401202.96 38.6
1541401212.98 38.6
1541401223.0 38.6
1541401233.02 37.6
1541401243.04 37.6
1541401253.06 38.1
1541401263.08 38.1
1541401273.1 37.6
1541401283.12 38.6
1541401293.13 38.6
1541401303.15 37.6
1541401313.17 38.1
1541401323.19 37.6
1541401333.21 37.6
1541401343.23 39.2
1541401353.24 38.6
1541401363.26 38.6
1541401373.28 38.6
1541401383.3 38.1
1541401393.32 38.1
1541401403.34 37.6
1541401413.36 37.6
1541401423.38 37.6
1541401433.41 37.6
1541401443.43 38.1
1541401453.45 37.6
1541401463.47 37.6
1541401473.49 38.1
1541401483.51 38.6
1541401493.54 37.6
1541401503.56 37.6
1541401513.58 37.6
1541401523.59 38.6
1541401533.61 38.6
1541401543.63 37.6
1541401553.64 37.6
1541401563.66 38.6
1541401573.68 38.1
1541401583.7 38.6
1541401593.72 37.6
1541401603.74 37.6
1541401613.76 37.6
1541401623.78 37.6
1541401633.81 37.6
1541401643.83 37.6
1541401653.84 38.1
1541401663.87 37.6
1541401673.89 37.6
1541401683.91 37.6
1541401693.92 37.6
1541401703.94 37.6
1541401713.96 38.1
1541401723.99 37.6
1541401734.01 37.6
1541401744.03 38.1
1541401754.05 38.1
1541401764.07 38.1
1541401774.09 38.6
1541401784.11 37.6
1541401794.13 38.1
1541401804.15 37.6
1541401814.17 37.6
1541401824.19 38.1
1541401834.21 37.0
1541401844.23 38.1
1541401854.25 37.6
1541401864.27 37.6
1541401874.29 38.1
1541401884.31 37.6
1541401894.33 37.6
1541401904.34 38.6
1541401914.35 38.6
1541401924.38 37.6
1541401934.4 38.1
1541401944.42 38.1
1541401954.44 37.6
1541401964.46 37.6
1541401974.48 37.6
1541401984.5 38.1
1541401994.52 38.1
1541402004.55 37.6
1541402014.57 37.6
1541402024.59 37.6
1541402034.61 37.6
1541402044.63 38.6
1541402054.65 37.6
1541402064.67 37.6
1541402074.69 37.6
1541402084.71 38.1
1541402094.73 38.1
1541402104.75 37.6
1541402114.77 37.6
1541402124.79 37.6
1541402134.81 38.1
1541402144.83 38.1
1541402154.84 37.6
1541402164.86 37.0
1541402174.88 37.6
1541402184.91 37.6
1541402194.93 37.6
1541402204.94 37.6
1541402214.97 37.6
1541402224.99 38.1
1541402235.01 38.1
1541402245.03 37.6
1541402255.05 38.1
1541402265.07 37.6
1541402275.09 37.6
1541402285.11 37.6
1541402295.13 38.1
1541402305.15 37.6
1541402315.17 37.6
1541402325.2 37.6
1541402335.22 37.6
1541402345.23 38.1
1541402355.26 38.1
1541402365.28 38.1
1541402375.3 38.6
1541402385.32 38.6
1541402395.34 37.6
1541402405.36 38.6
1541402415.38 38.6
1541402425.4 38.6
1541402435.42 38.6
1541402445.44 38.1
1541402455.46 38.1
1541402465.48 38.6
1541402475.5 38.1
1541402485.52 38.6
1541402495.54 38.6
1541402505.56 38.1
1541402515.58 38.6
1541402525.61 37.6
1541402535.63 38.1
1541402545.65 37.6
1541402555.67 37.6
1541402565.69 37.6
1541402575.71 37.6
1541402585.73 38.1
1541402595.76 38.6
1541402605.78 37.6
1541402615.8 38.1
1541402625.82 37.6
1541402635.84 37.6
1541402645.86 38.1
1541402655.89 37.6
1541402665.91 38.1
1541402675.93 37.6
1541402685.95 37.6
1541402695.97 37.6
1541402705.99 37.6
1541402716.01 37.6
1541402726.03 37.6
1541402736.05 38.1
1541402746.07 38.1
1541402756.09 37.6
1541402766.11 37.6
1541402776.13 37.6
1541402786.15 37.6
1541402796.17 38.6
1541402806.19 38.1
1541402816.21 37.6
1541402826.23 38.6
1541402836.25 37.6
1541402846.28 38.1
1541402856.3 37.6
1541402866.31 38.6
1541402876.33 37.6
1541402886.35 38.1
1541402896.37 38.1
1541402906.39 37.6
1541402916.42 37.6
1541402926.44 37.6
1541402936.46 37.0
1541402946.47 38.1
1541402956.5 37.6
1541402966.51 38.6
1541402976.53 37.6
1541402986.56 37.6
1541402996.57 38.6
1541403006.59 37.6
1541403016.61 37.6
1541403026.64 38.1
1541403036.66 37.6
1541403046.68 37.6
1541403056.7 37.6
1541403066.72 38.6
1541403076.74 37.6
1541403086.75 38.6
1541403096.77 38.1
1541403106.8 38.1
1541403116.82 38.1
1541403126.83 37.6
1541403136.85 38.1
1541403146.87 38.6
1541403156.88 37.6
1541403166.92 37.6
1541403176.94 37.6
1541403186.96 37.6
1541403196.98 37.6
1541403207.0 37.6
1541403217.02 38.6
1541403227.04 37.6
1541403237.05 37.6
1541403247.08 38.6
1541403257.1 37.6
1541403267.12 37.0
1541403277.13 38.6
1541403287.15 38.1
1541403297.18 38.1
1541403307.19 38.1
1541403317.21 37.6
1541403327.23 38.1
1541403337.26 38.1
1541403347.28 37.6
1541403357.3 38.1
1541403367.33 38.1
1541403377.35 38.1
1541403387.37 37.6
1541403397.39 37.6
1541403407.4 38.6
1541403417.43 37.6
1541403427.44 38.6
1541403437.46 37.6
1541403447.48 37.6
1541403457.5 39.2
1541403467.52 37.6
1541403477.54 37.6
1541403487.56 38.1
1541403497.58 38.6
1541403507.6 38.6
1541403517.62 37.6
1541403527.64 38.6
1541403537.66 37.6
1541403547.68 38.1
1541403557.7 38.1
1541403567.72 37.6
1541403577.74 37.6
1541403587.76 38.6
1541403597.78 38.6
1541403607.8 38.6
1541403617.82 37.6
1541403627.84 37.6
1541403637.86 37.6
1541403647.88 38.6
1541403657.9 38.1
1541403667.92 37.6
1541403677.94 38.1
1541403687.96 38.1
1541403697.97 38.1
1541403707.99 38.6
1541403718.01 38.1
1541403728.03 38.6
1541403738.05 38.6
1541403748.07 38.1
1541403758.1 37.6
1541403768.12 37.6
1541403778.14 37.6
1541403788.16 37.6
1541403798.18 38.1
1541403808.2 38.6
1541403818.22 38.6
1541403828.24 37.6
1541403838.26 37.6
1541403848.28 37.6
1541403858.3 37.6
1541403868.32 37.6
1541403878.35 37.6
1541403888.36 38.6
1541403898.38 37.6
1541403908.4 38.6
1541403918.43 37.6
1541403928.45 38.1
1541403938.47 37.6
1541403948.49 38.6
1541403958.51 38.6
1541403968.53 38.1
1541403978.54 38.6
1541403988.56 38.1
1541403998.58 38.6
1541404008.61 38.6
1541404018.63 38.6
1541404028.65 38.1
1541404038.67 38.6
1541404048.69 38.6
1541404058.71 38.6
1541404068.74 38.6
1541404078.76 38.6
1541404088.77 38.1
1541404098.79 38.1
1541404108.81 37.6
1541404118.85 38.1
1541404128.87 38.6
1541404138.89 37.6
1541404148.91 38.1
1541404158.92 38.6
1541404168.94 37.6
1541404178.96 38.6
1541404188.99 38.6
1541404199.0 38.1
1541404209.02 38.6
1541404219.05 37.6
1541404229.07 37.6
1541404239.09 38.1
1541404249.11 37.6
1541404259.13 37.6
1541404269.15 38.6
1541404279.16 37.6
1541404289.18 38.1
1541404299.2 37.6
1541404309.22 38.6
1541404319.24 38.6
1541404329.26 37.6
1541404339.28 38.6
1541404349.3 37.6
1541404359.33 38.1
1541404369.35 38.1
1541404379.36 38.1
1541404389.39 38.6
1541404399.41 38.1
1541404409.42 37.6
1541404419.45 38.6
1541404429.46 38.6
1541404439.48 38.6
1541404449.5 38.6
1541404459.52 39.7
1541404469.54 39.2
1541404479.56 38.1
1541404489.59 38.6
1541404499.61 38.6
1541404509.63 38.1
1541404519.65 38.6
1541404529.67 38.6
1541404539.69 38.6
1541404549.71 38.6
1541404559.73 38.6
1541404569.75 38.6
1541404579.77 38.1
1541404589.8 38.6
1541404599.81 39.2
1541404609.84 38.1
1541404619.86 37.6
1541404629.88 38.6
1541404639.9 39.2
1541404649.92 38.1
1541404659.94 39.2
1541404669.96 38.6
1541404679.98 38.6
1541404689.99 39.2
1541404700.02 38.6
1541404710.04 38.6
1541404720.06 38.6
1541404730.08 38.1
1541404740.1 38.6
1541404750.12 38.6
1541404760.14 38.6
1541404770.16 38.6
1541404780.18 37.6
1541404790.2 37.6
1541404800.23 38.1
