1541700006.92 63.9
1541700016.93 63.4
1541700026.95 63.4
1541700036.96 62.8
1541700046.98 62.8
1541700057.0 62.3
1541700067.01 63.4
1541700077.03 63.4
1541700087.05 63.4
1541700097.06 62.8
1541700107.08 63.4
1541700117.1 62.8
1541700127.12 62.8
1541700137.14 63.4
1541700147.16 62.8
1541700157.17 63.4
1541700167.19 63.4
1541700177.21 63.4
1541700187.22 63.4
1541700197.24 63.4
1541700207.26 63.4
1541700217.28 62.8
1541700227.29 63.4
1541700237.31 63.9
1541700247.33 64.5
1541700257.35 64.5
1541700267.37 63.4
1541700277.39 64.5
1541700287.41 64.5
1541700297.42 63.4
1541700307.44 63.9
1541700317.46 64.5
1541700327.48 63.9
1541700337.5 63.4
1541700347.51 64.5
1541700357.53 63.9
1541700367.55 63.4
1541700377.57 64.5
1541700387.58 64.5
1541700397.6 64.5
1541700407.65 64.5
1541700417.66 64.5
1541700427.69 63.9
1541700437.71 63.4
1541700447.73 63.9
1541700457.75 63.9
1541700467.77 63.4
1541700477.79 63.4
1541700487.81 64.5
1541700497.83 63.9
1541700507.85 64.5
1541700517.87 63.4
1541700527.88 63.9
1541700537.9 63.9
1541700547.92 64.5
1541700557.93 64.5
1541700567.95 64.5
1541700577.97 64.5
1541700587.98 63.9
1541700598.0 64.5
1541700608.02 64.5
1541700618.04 64.5
1541700628.06 63.9
1541700638.07 63.9
1541700648.09 64.5
1541700658.11 64.5
1541700668.12 64.5
1541700678.14 64.5
1541700688.16 64.5
1541700698.18 64.5
1541700708.19 65.0
1541700718.21 65.0
1541700728.23 64.5
1541700738.24 65.0
1541700748.26 64.5
1541700758.28 65.0
1541700768.3 64.5
1541700778.31 64.5
1541700788.33 64.5
1541700798.35 64.5
1541700808.36 63.9
1541700818.38 64.5
1541700828.39 64.5
1541700838.41 63.9
1541700848.43 63.4
1541700858.45 63.4
1541700868.46 63.4
1541700878.48 63.9
1541700888.5 63.4
1541700898.51 63.4
1541700908.53 64.5
1541700918.54 63.4
1541700928.55 63.4
1541700938.57 63.9
1541700948.58 63.4
1541700958.7 62.8
1541700968.72 63.4
1541700978.74 63.4
1541700988.76 63.4
1541700998.77 63.4
1541701008.79 63.4
1541701018.81 63.4
1541701028.83 63.4
1541701038.85 62.8
1541701048.88 63.4
1541701058.9 63.4
1541701068.92 63.4
1541701078.93 62.3
1541701088.95 62.3
1541701098.96 63.4
1541701108.99 62.8
1541701119.0 62.3
1541701129.01 62.8
1541701139.03 62.8
1541701149.04 62.3
1541701159.06 62.3
1541701169.07 62.8
1541701179.09 63.4
1541701189.1 62.8
1541701199.12 62.3
1541701209.14 62.8
1541701219.15 62.3
1541701229.16 62.3
1541701239.18 62.3
1541701249.19 62.3
1541701259.21 62.8
1541701269.23 62.3
1541701279.24 62.8
1541701289.26 62.8
1541701299.27 62.8
1541701309.28 62.3
1541701319.3 62.3
1541701329.31 62.3
1541701339.33 62.3
1541701349.35 62.8
1541701359.36 62.3
1541701369.38 62.3
1541701379.4 62.3
1541701389.41 62.8
1541701399.43 62.8
1541701409.45 62.8
1541701419.47 62.3
1541701429.49 62.3
1541701439.51 62.3
1541701449.53 62.3
1541701459.54 62.3
1541701469.56 62.3
1541701479.58 62.3
1541701489.59 62.3
1541701499.61 62.3
1541701509.63 62.3
1541701519.65 62.8
1541701529.66 62.3
1541701539.68 61.8
1541701549.69 62.3
1541701559.71 62.3
1541701569.73 61.8
1541701579.75 61.8
1541701589.76 62.3
1541701599.78 62.3
1541701609.79 62.3
1541701619.81 61.2
1541701629.84 61.2
1541701639.86 61.2
1541701649.87 62.3
1541701659.89 62.3
1541701669.91 62.3
1541701679.93 61.8
1541701689.95 61.8
1541701699.96 62.3
1541701709.98 61.8
1541701720.01 62.3
1541701730.03 61.8
1541701740.05 61.8
1541701750.07 62.3
1541701760.09 62.8
1541701770.1 62.3
1541701780.12 61.8
1541701790.13 62.3
1541701800.14 62.3
1541701810.16 61.8
1541701820.18 61.8
1541701830.2 61.8
1541701840.22 62.3
1541701850.23 62.3
1541701860.25 62.3
1541701870.26 62.3
1541701880.28 63.4
1541701890.3 62.8
1541701900.32 62.8
1541701910.34 62.8
1541701920.35 62.3
1541701930.38 62.3
1541701940.39 62.3
1541701950.41 63.4
1541701960.42 62.3
1541701970.45 62.3
1541701980.47 62.3
1541701990.48 62.8
1541702000.49 62.3
1541702010.51 62.3
1541702020.52 62.3
1541702030.54 62.8
1541702040.56 62.3
1541702050.59 62.3
1541702060.6 62.3
1541702070.62 62.3
1541702080.64 61.8
1541702090.66 62.3
1541702100.67 62.8
1541702110.69 62.3
1541702120.7 62.3
1541702130.72 62.3
1541702140.74 62.3
1541702150.75 62.3
1541702160.77 63.4
1541702170.79 62.3
1541702180.81 62.3
1541702190.83 62.3
1541702200.85 62.3
1541702210.87 62.3
1541702220.89 62.3
1541702230.9 62.8
1541702240.92 62.3
1541702250.94 61.8
1541702260.96 61.8
1541702270.98 62.3
1541702280.99 62.3
1541702291.01 61.2
1541702301.03 62.3
1541702311.05 61.2
1541702321.07 61.8
1541702331.09 62.3
1541702341.11 61.2
1541702351.13 61.8
1541702361.15 61.2
1541702371.16 61.8
1541702381.18 61.2
1541702391.2 61.2
1541702401.22 61.2
1541702411.24 61.8
1541702421.26 61.2
1541702431.28 61.2
1541702441.3 61.2
1541702451.32 61.2
1541702461.34 60.7
1541702471.36 60.1
1541702481.38 60.1
1541702491.39 61.2
1541702501.41 61.8
1541702511.43 61.2
1541702521.45 61.2
1541702531.46 61.2
1541702541.48 60.7
1541702551.51 61.2
1541702561.52 60.7
1541702571.54 60.7
1541702581.56 60.7
1541702591.58 60.7
1541702601.59 60.1
1541702611.61 60.7
1541702621.63 61.2
1541702631.65 60.1
1541702641.67 60.7
1541702651.69 61.2
1541702661.7 60.7
1541702671.72 60.1
1541702681.74 60.7
1541702691.75 60.1
1541702701.77 60.7
1541702711.78 60.1
1541702721.79 60.7
1541702731.81 60.1
1541702741.82 60.1
1541702751.83 60.7
1541702761.85 60.7
1541702771.87 60.7
1541702781.88 60.1
1541702791.91 60.7
1541702801.92 60.7
1541702811.93 60.1
1541702821.95 60.1
1541702831.97 60.7
1541702841.99 60.7
1541702852.01 60.1
1541702862.03 60.7
1541702872.04 59.1
1541702882.06 60.7
1541702892.08 60.7
1541702902.1 60.7
1541702912.11 60.7
1541702922.13 61.2
1541702932.15 60.7
1541702942.17 61.2
1541702952.18 60.7
1541702962.2 60.7
1541702972.22 60.7
1541702982.23 61.2
1541702992.25 60.7
1541703002.26 61.2
1541703012.28 61.2
1541703022.29 61.2
1541703032.31 61.2
1541703042.33 60.7
1541703052.34 60.7
1541703062.36 61.2
1541703072.38 61.2
1541703082.4 61.2
1541703092.42 60.7
1541703102.43 61.2
1541703112.45 61.2
1541703122.46 61.2
1541703132.48 60.7
1541703142.5 61.2
1541703152.51 61.8
1541703162.53 61.2
1541703172.54 61.2
1541703182.57 61.2
1541703192.59 61.2
1541703202.6 61.2
1541703212.62 60.7
1541703222.64 62.3
1541703232.65 61.2
1541703242.67 61.2
1541703252.7 61.2
1541703262.72 61.2
1541703272.74 61.2
1541703282.76 60.7
1541703292.77 60.1
1541703302.79 61.2
1541703312.81 60.7
1541703322.83 60.1
1541703332.84 60.7
1541703342.86 60.7
1541703352.87 60.1
1541703362.88 60.7
1541703372.9 60.7
1541703382.92 61.2
1541703392.94 61.2
1541703402.96 60.1
1541703412.98 60.1
1541703423.0 61.2
1541703433.02 60.1
1541703443.04 60.7
1541703453.06 60.1
1541703463.07 60.7
1541703473.09 61.2
1541703483.1 61.2
1541703493.12 60.7
1541703503.14 61.2
1541703513.16 60.7
1541703523.17 61.2
1541703533.19 61.2
1541703543.2 61.8
1541703553.22 60.7
1541703563.25 60.7
1541703573.26 61.8
1541703583.28 61.2
1541703593.3 61.2
