1541100007.33 53.2
1541100017.35 52.1
1541100027.37 53.2
1541100037.4 53.2
1541100047.42 53.2
1541100057.44 53.7
1541100067.45 53.7
1541100077.47 53.2
1541100087.49 52.6
1541100097.5 53.7
1541100107.51 53.2
1541100117.54 53.2
1541100127.55 53.7
1541100137.57 54.2
1541100147.59 53.7
1541100157.61 53.7
1541100167.63 53.7
1541100177.64 53.7
1541100187.66 53.2
1541100197.68 53.7
1541100207.7 53.7
1541100217.73 53.2
1541100227.74 53.7
1541100237.76 53.2
1541100247.78 53.7
1541100257.79 53.7
1541100267.81 53.7
1541100277.83 53.7
1541100287.84 53.7
1541100297.85 54.2
1541100307.86 53.7
1541100317.88 53.2
1541100327.9 53.2
1541100337.92 54.2
1541100347.94 53.7
1541100357.95 53.7
1541100367.97 53.7
1541100377.99 54.2
1541100388.01 54.2
1541100398.03 53.7
1541100408.05 53.7
1541100418.06 53.7
1541100428.08 53.7
1541100438.1 53.2
1541100448.12 53.7
1541100458.14 53.2
1541100468.16 52.6
1541100478.17 53.7
1541100488.19 53.7
1541100498.2 53.7
1541100508.22 53.7
1541100518.23 53.2
1541100528.25 53.7
1541100538.27 52.6
1541100548.29 53.7
1541100558.31 52.6
1541100568.33 52.6
1541100578.34 52.6
1541100588.36 52.1
1541100598.38 52.1
1541100608.4 52.6
1541100618.42 52.1
1541100628.44 52.6
1541100638.46 53.7
1541100648.48 52.6
1541100658.5 53.7
1541100668.51 52.6
1541100678.54 52.6
1541100688.56 52.6
1541100698.57 53.2
1541100708.59 53.7
1541100718.6 53.2
1541100728.62 53.7
1541100738.64 53.7
1541100748.65 53.7
1541100758.67 53.7
1541100768.68 53.7
1541100778.7 53.7
1541100788.72 53.2
1541100798.74 53.7
1541100808.75 53.7
1541100818.77 53.7
1541100828.8 53.7
1541100838.82 53.7
1541100848.85 52.6
1541100858.86 53.7
1541100868.88 52.6
1541100878.89 53.7
1541100888.9 53.7
1541100898.92 53.7
1541100908.94 53.2
1541100918.96 53.7
1541100928.98 52.6
1541100939.0 53.7
1541100949.02 53.2
1541100959.04 52.1
1541100969.06 53.2
1541100979.07 53.2
1541100989.09 53.7
1541100999.1 53.7
1541101009.12 52.6
1541101019.14 53.2
1541101029.15 53.7
1541101039.17 53.2
1541101049.18 53.7
1541101059.2 53.7
1541101069.21 53.7
1541101079.23 53.7
1541101089.25 53.7
1541101099.26 53.7
1541101109.28 54.2
1541101119.29 53.7
1541101129.31 53.7
1541101139.33 53.7
1541101149.34 53.7
1541101159.36 53.7
1541101169.38 53.7
1541101179.39 53.7
1541101189.41 53.2
1541101199.43 53.7
1541101209.45 53.2
1541101219.46 53.7
1541101229.48 53.7
1541101239.49 53.2
1541101249.51 53.7
1541101259.53 53.7
1541101269.54 53.7
1541101279.56 53.7
1541101289.57 53.7
1541101299.6 52.6
1541101309.61 53.7
1541101319.63 53.7
1541101329.65 53.2
1541101339.67 53.7
1541101349.68 53.7
1541101359.7 53.7
1541101369.72 52.6
1541101379.74 53.7
1541101389.76 53.2
1541101399.78 53.2
1541101409.8 53.2
1541101419.81 53.7
1541101429.83 53.7
1541101439.85 53.7
1541101449.86 53.7
1541101459.88 53.7
1541101469.89 53.7
1541101479.91 53.2
1541101489.94 53.7
1541101499.95 53.7
1541101509.97 54.2
1541101519.98 53.7
1541101530.0 53.7
1541101540.02 53.7
1541101550.04 53.7
1541101560.05 54.2
1541101570.07 53.7
1541101580.09 53.7
1541101590.11 53.7
1541101600.13 53.7
1541101610.14 53.7
1541101620.15 53.7
1541101630.17 54.2
1541101640.18 53.7
1541101650.2 53.7
1541101660.22 53.7
1541101670.23 53.7
1541101680.26 53.7
1541101690.27 53.7
1541101700.29 53.7
1541101710.31 53.7
1541101720.32 53.7
1541101730.34 53.7
1541101740.36 54.2
1541101750.38 53.7
1541101760.39 53.7
1541101770.41 53.2
1541101780.43 53.2
1541101790.45 53.7
1541101800.46 53.7
1541101810.48 53.7
1541101820.49 53.7
1541101830.51 53.2
1541101840.53 53.7
1541101850.55 54.2
1541101860.56 53.7
1541101870.58 53.7
1541101880.6 53.7
1541101890.61 54.2
1541101900.64 53.7
1541101910.66 54.2
1541101920.68 53.7
1541101930.69 54.2
1541101940.71 53.7
1541101950.73 54.2
1541101960.75 53.7
1541101970.77 53.7
1541101980.78 53.7
1541101990.8 53.7
1541102000.82 53.7
1541102010.84 53.7
1541102020.86 53.7
1541102030.88 53.7
1541102040.9 53.7
1541102050.91 53.7
1541102060.93 53.7
1541102070.95 54.2
1541102080.96 53.7
1541102090.98 53.7
1541102100.99 54.2
1541102111.02 53.7
1541102121.03 53.7
1541102131.05 53.7
1541102141.06 54.2
1541102151.08 53.7
1541102161.1 53.7
1541102171.12 54.8
1541102181.14 54.2
1541102191.15 54.2
1541102201.17 53.7
1541102211.19 54.2
1541102221.2 54.2
1541102231.22 54.2
1541102241.23 54.8
1541102251.25 54.2
1541102261.26 53.7
1541102271.28 53.7
1541102281.3 54.2
1541102291.31 54.2
1541102301.33 54.8
1541102311.35 53.7
1541102321.36 53.7
1541102331.38 54.8
1541102341.4 54.2
1541102351.41 53.7
1541102361.43 53.7
1541102371.45 53.7
1541102381.47 54.2
1541102391.49 54.2
1541102401.5 53.7
1541102411.52 54.8
1541102421.54 54.8
1541102431.55 54.8
1541102441.57 54.2
1541102451.58 54.2
1541102461.6 54.8
1541102471.61 54.2
1541102481.64 54.2
1541102491.66 54.8
1541102501.67 54.8
1541102511.69 54.8
1541102521.71 54.8
1541102531.73 54.8
1541102541.75 54.8
1541102551.76 54.8
1541102561.78 54.8
1541102571.8 54.8
1541102581.81 54.8
1541102591.83 54.8
1541102601.84 54.2
1541102611.86 54.8
1541102621.88 54.8
1541102631.89 54.2
1541102641.91 53.7
1541102651.93 54.2
1541102661.95 54.8
1541102671.97 54.2
1541102681.99 54.2
1541102692.01 54.8
1541102702.03 54.2
1541102712.04 54.8
1541102722.06 54.8
1541102732.08 54.2
1541102742.1 54.8
1541102752.11 54.8
1541102762.12 54.8
1541102772.14 54.8
1541102782.15 55.3
1541102792.17 55.3
1541102802.19 54.8
1541102812.21 54.8
1541102822.23 54.8
1541102832.25 54.2
1541102842.27 55.3
1541102852.28 55.3
1541102862.3 55.8
1541102872.31 54.8
1541102882.33 54.8
1541102892.35 54.2
1541102902.37 54.8
1541102912.38 54.8
1541102922.4 54.2
1541102932.42 54.8
1541102942.43 54.8
1541102952.45 54.8
1541102962.46 54.8
1541102972.48 54.2
1541102982.5 54.2
1541102992.51 54.2
1541103002.53 54.8
1541103012.54 54.2
1541103022.56 54.8
1541103032.58 54.2
1541103042.59 54.2
1541103052.61 53.7
1541103062.62 54.8
1541103072.64 53.7
1541103082.66 54.2
1541103092.67 53.7
1541103102.69 53.7
1541103112.71 54.2
1541103122.73 54.8
1541103132.74 54.8
1541103142.76 54.2
1541103152.78 54.2
1541103162.8 53.7
1541103172.82 54.2
1541103182.83 53.7
1541103192.85 54.2
1541103202.86 53.7
1541103212.88 53.7
1541103222.9 53.7
1541103232.91 54.2
1541103242.93 53.7
1541103252.95 53.7
1541103262.96 53.7
1541103272.98 53.7
1541103283.0 54.2
1541103293.02 53.7
1541103303.04 53.7
1541103313.06 53.7
1541103323.08 53.7
1541103333.1 53.2
1541103343.12 53.7
1541103353.14 53.7
1541103363.15 53.7
1541103373.18 53.7
1541103383.2 53.7
1541103393.21 53.7
1541103403.23 53.7
1541103413.25 53.7
1541103423.27 53.7
1541103433.29 53.7
1541103443.3 53.7
1541103453.32 53.7
1541103463.34 54.2
1541103473.35 53.7
1541103483.37 54.8
1541103493.38 53.7
1541103503.4 53.7
1541103513.41 53.7
1541103523.44 53.2
1541103533.45 53.7
1541103543.47 52.6
1541103553.48 53.7
1541103563.49 53.7
1541103573.52 53.2
1541103583.54 52.6
1541103593.55 53.7
1541103603.56 53.7
1541103613.57 53.7
1541103623.58 53.2
1541103633.59 53.2
1541103643.61 53.2
1541103653.63 52.6
1541103663.65 52.6
1541103673.66 53.2
1541103683.69 52.6
1541103693.7 52.6
1541103703.71 53.7
1541103713.72 52.6
1541103723.73 52.6
1541103733.75 52.6
1541103743.77 52.6
1541103753.78 52.6
1541103763.8 52.6
1541103773.82 51.5
1541103783.83 52.6
1541103793.86 52.1
1541103803.88 51.5
1541103813.9 52.6
1541103823.91 52.6
1541103833.94 52.1
1541103843.96 52.6
1541103853.97 52.6
1541103863.99 52.1
1541103874.01 52.6
1541103884.02 52.6
1541103894.04 52.6
1541103904.06 52.6
1541103914.08 52.1
1541103924.1 52.1
1541103934.11 52.6
1541103944.13 52.1
1541103954.14 51.5
1541103964.16 52.1
1541103974.18 51.0
1541103984.2 51.5
1541103994.22 52.1
1541104004.23 51.5
1541104014.25 52.1
1541104024.27 52.6
1541104034.28 52.6
1541104044.3 52.6
1541104054.32 52.6
1541104064.34 52.6
1541104074.36 52.6
1541104084.37 52.6
1541104094.4 52.1
1541104104.42 52.1
1541104114.44 52.6
1541104124.46 52.1
1541104134.47 52.6
1541104144.49 51.5
1541104154.51 52.6
1541104164.53 52.1
1541104174.56 52.6
1541104184.58 51.5
1541104194.6 51.5
1541104204.62 51.5
1541104214.64 51.5
1541104224.66 52.1
1541104234.68 52.1
1541104244.7 52.6
1541104254.72 51.5
1541104264.73 52.1
1541104274.75 51.5
1541104284.77 52.1
1541104294.79 51.5
1541104304.8 52.1
1541104314.82 52.6
1541104324.84 52.1
1541104334.85 52.6
1541104344.88 52.1
1541104354.9 52.1
1541104364.94 52.1
1541104374.96 52.1
1541104384.97 52.1
1541104394.99 52.1
1541104405.01 51.5
1541104415.03 51.0
1541104425.04 51.5
1541104435.06 51.5
1541104445.08 51.5
1541104455.1 52.1
1541104465.11 51.5
1541104475.13 50.5
1541104485.15 50.5
1541104495.17 51.0
1541104505.19 51.5
1541104515.21 51.5
1541104525.23 50.5
1541104535.25 51.5
1541104545.28 51.5
1541104555.3 50.5
1541104565.32 51.0
1541104575.34 50.5
1541104585.36 50.5
1541104595.38 49.4
1541104605.41 50.5
1541104615.43 50.5
1541104625.45 50.5
1541104635.47 50.5
1541104645.49 50.5
1541104655.5 51.0
1541104665.52 50.5
1541104675.54 50.5
1541104685.56 50.5
1541104695.57 51.0
1541104705.59 50.5
1541104715.61 49.9
1541104725.63 50.5
1541104735.65 50.5
1541104745.67 50.5
1541104755.69 50.5
1541104765.71 50.5
1541104775.72 51.0
1541104785.74 51.0
1541104795.76 50.5
1541104805.77 51.5
1541104815.8 50.5
1541104825.81 51.0
1541104835.83 51.0
1541104845.84 51.5
1541104855.86 51.5
1541104865.88 51.5
1541104875.9 50.5
1541104885.92 51.0
1541104895.93 51.5
1541104905.95 51.5
1541104915.96 51.5
1541104925.98 51.5
1541104935.99 51.5
1541104946.01 51.5
1541104956.02 52.1
1541104966.05 51.5
1541104976.06 51.5
1541104986.08 51.5
1541104996.09 51.5
1541105006.11 52.1
1541105016.13 51.5
1541105026.14 52.1
1541105036.16 52.1
1541105046.19 51.5
1541105056.21 51.5
1541105066.22 52.1
1541105076.23 52.1
1541105086.24 51.5
1541105096.26 51.5
1541105106.28 51.5
1541105116.3 51.5
1541105126.32 52.1
1541105136.33 52.1
1541105146.34 52.1
1541105156.36 52.1
1541105166.37 52.1
1541105176.39 52.1
1541105186.41 52.1
1541105196.43 52.1
1541105206.44 52.6
1541105216.45 52.6
1541105226.47 52.1
1541105236.49 52.1
1541105246.5 52.6
1541105256.52 51.5
1541105266.54 52.6
1541105276.56 51.5
1541105286.57 52.1
1541105296.59 51.5
1541105306.61 51.5
1541105316.63 52.1
1541105326.65 52.1
1541105336.66 52.1
1541105346.68 52.1
1541105356.7 52.6
1541105366.71 52.1
1541105376.73 51.5
1541105386.75 52.1
1541105396.76 52.6
1541105406.78 52.6
1541105416.79 52.1
1541105426.81 52.6
1541105436.83 51.5
1541105446.84 52.1
1541105456.86 51.5
1541105466.88 51.5
1541105476.9 51.5
1541105486.92 51.5
1541105496.94 51.5
1541105506.95 52.6
1541105516.97 52.6
1541105526.98 52.6
1541105537.0 52.1
1541105547.02 52.6
1541105557.04 53.2
1541105567.06 53.2
1541105577.07 52.6
1541105587.08 53.7
1541105597.1 52.6
1541105607.11 53.2
1541105617.13 53.7
1541105627.14 53.7
1541105637.16 53.7
1541105647.18 53.7
1541105657.2 53.2
1541105667.21 53.7
1541105677.23 52.6
1541105687.25 53.7
1541105697.26 53.2
1541105707.29 52.6
1541105717.3 53.7
1541105727.32 53.2
1541105737.33 52.6
1541105747.35 53.7
1541105757.37 52.1
1541105767.39 52.1
1541105777.41 52.6
1541105787.42 52.1
1541105797.44 51.5
1541105807.46 51.5
1541105817.47 52.6
1541105827.49 51.5
1541105837.51 52.6
1541105847.53 52.6
1541105857.55 51.0
1541105867.56 52.6
1541105877.58 51.5
1541105887.6 51.5
1541105897.61 51.5
1541105907.63 52.1
1541105917.65 52.6
1541105927.66 52.6
1541105937.68 51.5
1541105947.69 52.1
1541105957.71 52.6
1541105967.73 51.5
1541105977.74 52.6
1541105987.76 52.6
1541105997.78 52.6
1541106007.79 52.1
1541106017.8 53.2
1541106027.82 52.1
1541106037.84 52.6
1541106047.85 52.6
1541106057.87 52.1
1541106067.89 51.5
1541106077.91 52.6
1541106087.93 52.6
1541106097.94 53.2
1541106107.97 52.1
1541106117.98 52.6
1541106128.0 52.6
1541106138.01 52.6
1541106148.03 52.6
1541106158.05 52.6
1541106168.06 52.1
1541106178.08 51.5
1541106188.1 52.1
1541106198.11 51.5
1541106208.13 52.1
1541106218.15 52.1
1541106228.17 51.5
1541106238.18 51.5
1541106248.2 51.5
1541106258.22 51.5
1541106268.25 51.5
1541106278.27 51.5
1541106288.28 52.1
1541106298.3 51.5
1541106308.32 51.5
1541106318.34 51.5
1541106328.36 50.5
1541106338.37 50.5
1541106348.39 51.5
1541106358.4 52.1
1541106368.43 50.5
1541106378.45 50.5
1541106388.47 50.5
1541106398.49 51.5
1541106408.51 50.5
1541106418.53 50.5
1541106428.55 50.5
1541106438.56 51.5
1541106448.58 51.5
1541106458.6 50.5
1541106468.62 51.5
1541106478.64 51.5
1541106488.65 51.5
1541106498.67 51.5
1541106508.68 51.5
1541106518.71 51.5
1541106528.72 51.5
1541106538.74 51.5
1541106548.75 51.5
1541106558.77 51.5
1541106568.8 52.1
1541106578.82 52.1
1541106588.83 52.1
1541106598.86 51.5
1541106608.88 51.5
1541106618.9 52.1
1541106628.92 51.5
1541106638.93 52.1
1541106648.95 52.1
1541106658.97 51.5
1541106668.99 51.5
1541106679.01 52.1
1541106689.02 52.1
1541106699.05 51.5
1541106709.06 52.1
1541106719.08 52.6
1541106729.1 51.5
1541106739.12 52.6
1541106749.13 52.6
1541106759.15 51.5
1541106769.17 51.5
1541106779.19 51.5
1541106789.21 51.5
1541106799.25 52.1
1541106809.26 51.5
1541106819.28 52.1
1541106829.3 51.5
1541106839.32 51.5
1541106849.34 51.5
1541106859.35 51.5
1541106869.37 51.5
1541106879.38 51.5
1541106889.4 51.5
1541106899.42 51.0
1541106909.44 51.5
1541106919.45 51.5
1541106929.47 51.5
1541106939.48 51.0
1541106949.5 52.1
1541106959.52 52.1
1541106969.54 51.5
1541106979.56 51.0
1541106989.57 51.5
1541106999.59 51.5
1541107009.6 52.1
1541107019.62 51.5
1541107029.64 51.0
1541107039.66 51.0
1541107049.67 51.5
1541107059.69 51.5
1541107069.71 51.0
1541107079.73 51.5
1541107089.75 51.5
1541107099.76 51.5
1541107109.78 51.5
1541107119.8 52.1
1541107129.82 52.1
1541107139.84 52.1
1541107149.85 51.5
1541107159.87 51.0
1541107169.88 51.5
1541107179.9 51.5
1541107189.92 51.5
1541107199.94 51.0
1541107209.95 50.5
1541107219.97 50.5
1541107229.99 51.5
1541107240.0 51.5
1541107250.01 51.5
1541107260.04 51.0
1541107270.05 51.0
1541107280.07 51.5
1541107290.09 51.5
1541107300.11 51.5
1541107310.13 51.5
1541107320.14 51.5
1541107330.15 51.5
1541107340.16 51.0
1541107350.18 51.0
1541107360.19 51.5
1541107370.21 50.5
1541107380.22 50.5
1541107390.26 50.5
1541107400.28 51.5
1541107410.3 51.0
1541107420.32 50.5
1541107430.33 51.0
1541107440.35 51.0
1541107450.37 50.5
1541107460.38 49.4
1541107470.4 51.0
1541107480.42 50.5
1541107490.43 50.5
1541107500.45 51.5
1541107510.47 50.5
1541107520.49 51.5
1541107530.5 50.5
1541107540.52 50.5
1541107550.54 51.0
1541107560.56 50.5
1541107570.58 50.5
1541107580.6 50.5
1541107590.62 51.5
1541107600.64 51.0
1541107610.66 51.5
1541107620.68 51.5
1541107630.69 51.5
1541107640.71 51.0
1541107650.73 51.5
1541107660.75 51.5
1541107670.76 51.5
1541107680.78 51.5
1541107690.79 52.1
1541107700.81 50.5
1541107710.83 51.5
1541107720.84 52.1
1541107730.86 51.5
1541107740.88 51.5
1541107750.89 51.5
1541107760.91 51.5
1541107770.93 50.5
1541107780.95 51.5
1541107790.97 51.5
1541107800.98 51.5
1541107810.99 51.5
1541107821.01 51.0
1541107831.02 51.5
1541107841.04 51.5
1541107851.05 51.5
1541107861.06 51.5
1541107871.07 51.5
1541107881.08 51.5
1541107891.1 51.5
1541107901.11 51.5
1541107911.13 51.5
1541107921.14 51.5
1541107931.15 51.5
1541107941.17 51.5
1541107951.18 51.5
1541107961.22 50.5
1541107971.24 50.5
1541107981.26 50.5
1541107991.28 51.5
1541108001.29 51.5
1541108011.31 51.5
1541108021.33 51.5
1541108031.35 50.5
1541108041.37 50.5
1541108051.38 50.5
1541108061.4 51.5
1541108071.43 50.5
1541108081.44 51.0
1541108091.46 50.5
1541108101.48 50.5
1541108111.49 51.0
1541108121.5 51.5
1541108131.52 51.5
1541108141.54 50.5
1541108151.55 50.5
1541108161.57 51.5
1541108171.59 50.5
1541108181.61 51.5
1541108191.62 51.0
1541108201.65 50.5
1541108211.67 50.5
1541108221.69 50.5
1541108231.71 51.5
1541108241.72 50.5
1541108251.74 51.5
1541108261.76 51.0
1541108271.78 51.0
1541108281.8 51.5
1541108291.82 50.5
1541108301.84 51.5
1541108311.85 51.0
1541108321.87 51.5
1541108331.89 50.5
1541108341.91 50.5
1541108351.93 49.9
1541108361.94 50.5
1541108371.96 49.9
1541108381.98 50.5
1541108391.99 49.9
1541108402.01 50.5
1541108412.02 50.5
1541108422.04 51.0
1541108432.06 50.5
1541108442.07 50.5
1541108452.09 51.0
1541108462.11 51.0
1541108472.13 51.0
1541108482.15 50.5
1541108492.17 50.5
1541108502.19 50.5
1541108512.21 49.9
1541108522.23 50.5
1541108532.25 50.5
1541108542.27 50.5
1541108552.29 49.9
1541108562.3 50.5
1541108572.32 50.5
1541108582.33 50.5
1541108592.35 51.0
1541108602.36 51.5
1541108612.38 50.5
1541108622.4 50.5
1541108632.42 49.9
1541108642.43 49.9
1541108652.45 50.5
1541108662.47 49.9
1541108672.48 50.5
1541108682.5 49.9
1541108692.52 50.5
1541108702.53 50.5
1541108712.55 50.5
1541108722.57 50.5
1541108738.02 51.0
1541108748.04 49.9
1541108758.06 50.5
1541108768.07 51.0
1541108778.09 50.5
1541108788.11 49.9
1541108798.12 50.5
1541108808.15 50.5
1541108818.17 51.0
1541108828.18 50.5
1541108838.2 50.5
1541108848.22 50.5
1541108858.23 50.5
1541108868.25 50.5
1541108878.27 50.5
1541108888.29 49.9
1541108898.31 50.5
1541108908.34 49.9
1541108918.36 49.4
1541108928.37 49.9
1541108938.39 49.4
1541108948.4 49.4
1541108958.42 49.4
1541108968.44 49.4
1541108978.46 49.9
1541108988.48 49.4
1541108998.5 49.4
1541109008.52 49.9
1541109018.54 49.4
1541109028.56 49.4
1541109038.58 49.4
1541109048.6 49.9
1541109058.62 49.9
1541109068.63 50.5
1541109078.65 50.5
1541109088.67 49.9
1541109098.68 49.9
1541109108.7 50.5
1541109118.71 50.5
1541109128.72 50.5
1541109138.74 50.5
1541109148.76 50.5
1541109158.78 50.5
1541109168.8 49.9
1541109178.82 50.5
1541109188.83 50.5
1541109198.85 49.9
1541109208.87 49.9
1541109218.88 50.5
1541109228.9 49.9
1541109238.91 50.5
1541109248.93 49.9
1541109258.95 50.5
1541109268.97 49.9
1541109278.98 50.5
1541109289.0 50.5
1541109299.02 50.5
1541109309.04 50.5
1541109319.05 51.5
1541109329.07 50.5
1541109339.09 50.5
1541109349.1 51.0
1541109359.12 51.0
1541109369.14 49.9
1541109379.16 50.5
1541109389.18 50.5
1541109399.2 50.5
1541109409.22 50.5
1541109419.24 50.5
1541109429.26 50.5
1541109439.28 51.5
1541109449.3 51.0
1541109459.31 50.5
1541109469.33 50.5
1541109479.35 50.5
1541109489.36 50.5
1541109499.38 50.5
1541109509.39 50.5
1541109519.41 49.9
1541109529.43 49.9
1541109539.44 49.9
1541109549.46 50.5
1541109559.48 49.4
1541109569.49 49.4
1541109579.51 49.4
1541109589.53 49.4
1541109599.55 49.4
1541109609.56 51.0
1541109619.58 49.4
1541109629.59 50.5
1541109639.61 50.5
1541109649.63 49.4
1541109659.66 49.4
1541109669.68 49.4
1541109679.7 49.4
1541109689.72 48.3
1541109699.74 48.9
1541109709.76 49.4
1541109719.77 49.4
1541109729.79 48.9
1541109739.81 48.3
1541109749.83 48.9
1541109759.85 49.4
1541109769.87 49.4
1541109779.89 49.4
1541109789.91 49.4
1541109799.93 49.4
1541109809.94 49.4
1541109819.95 49.4
1541109829.97 49.4
1541109839.99 49.4
1541109850.01 49.4
1541109860.02 49.4
1541109870.14 49.4
1541109880.16 49.9
1541109890.18 50.5
1541109900.2 50.5
1541109910.22 49.4
1541109920.23 49.4
1541109930.25 49.4
1541109940.27 49.4
1541109950.28 50.5
1541109960.31 49.4
1541109970.32 49.4
1541109980.34 48.9
1541109990.36 48.9
1541110000.39 49.4
1541110010.4 49.4
1541110020.41 49.4
1541110030.42 49.9
1541110040.43 49.4
1541110050.45 49.4
1541110060.46 49.4
1541110070.49 48.9
1541110080.51 49.4
1541110090.52 49.4
1541110100.54 48.3
1541110110.56 48.3
1541110120.58 49.4
1541110130.59 49.4
1541110140.61 49.4
1541110150.63 49.4
1541110160.65 48.9
1541110170.67 49.4
1541110180.68 48.9
1541110190.7 48.9
1541110200.72 48.3
1541110210.74 48.9
1541110220.76 48.3
1541110230.78 48.3
1541110240.8 48.9
1541110250.82 48.3
1541110260.84 49.4
1541110270.86 48.9
1541110280.88 48.3
1541110290.9 49.4
1541110300.92 47.8
1541110310.94 47.8
1541110320.95 48.3
1541110330.97 48.3
1541110340.99 48.3
1541110351.02 48.3
1541110361.04 49.4
1541110371.05 48.9
1541110381.07 48.3
1541110391.1 49.4
1541110401.11 48.9
1541110411.12 49.4
1541110421.14 49.4
1541110431.15 49.4
1541110441.17 49.4
1541110451.19 49.4
1541110461.21 49.4
1541110471.23 49.4
1541110481.25 49.4
1541110491.26 49.4
1541110501.29 49.4
1541110511.31 49.4
1541110521.32 49.9
1541110531.34 49.4
1541110541.35 49.4
1541110551.38 49.4
1541110561.38 49.9
1541110571.4 49.4
1541110581.42 49.4
1541110591.45 49.4
1541110601.46 49.4
1541110611.48 49.4
1541110621.5 49.4
1541110631.52 49.4
1541110641.53 49.4
1541110651.54 49.4
1541110661.56 49.4
1541110671.58 49.4
1541110681.6 49.4
1541110691.62 48.9
1541110701.64 49.9
1541110711.66 49.4
1541110721.68 49.4
1541110731.7 49.4
1541110741.71 49.4
1541110751.74 49.4
1541110761.76 49.4
1541110771.77 49.4
1541110781.79 49.4
1541110791.8 49.4
1541110801.82 49.4
1541110811.84 49.4
1541110821.86 49.4
1541110831.88 49.4
1541110841.9 49.4
1541110851.92 49.4
1541110861.93 49.4
1541110871.95 49.9
1541110881.97 49.9
1541110891.98 49.9
1541110902.0 50.5
1541110912.02 49.9
1541110922.04 49.4
1541110932.06 49.4
1541110942.07 50.5
1541110952.09 49.9
1541110962.12 49.4
1541110972.13 49.4
1541110982.14 49.4
1541110992.15 49.4
1541111002.17 49.4
1541111012.18 49.4
1541111022.19 49.4
1541111032.21 49.4
1541111042.24 49.4
1541111052.26 49.4
1541111062.28 48.3
1541111072.3 49.4
1541111082.32 48.3
1541111092.34 48.9
1541111102.36 49.4
1541111112.38 48.3
1541111122.4 48.9
1541111132.42 49.4
1541111142.44 48.3
1541111152.46 48.3
1541111162.48 48.3
1541111172.5 49.4
1541111182.51 49.4
1541111192.53 49.4
1541111202.55 49.4
1541111212.57 49.4
1541111222.59 49.4
1541111232.61 48.9
1541111242.63 49.4
1541111252.65 48.3
1541111262.67 49.4
1541111272.69 48.3
1541111282.71 48.3
1541111292.73 48.3
1541111302.74 48.9
1541111312.77 48.3
1541111322.78 48.9
1541111332.8 49.4
1541111342.82 49.4
1541111352.83 49.4
1541111362.86 49.4
1541111372.88 49.4
1541111382.9 49.4
1541111392.91 49.4
1541111402.93 48.9
1541111412.96 49.4
1541111422.98 49.4
1541111433.0 49.4
1541111443.02 49.4
1541111453.03 49.4
1541111463.05 49.4
1541111473.06 49.4
1541111483.08 49.4
1541111493.1 49.4
1541111503.12 49.4
1541111513.13 49.9
1541111523.15 49.4
1541111533.17 49.4
1541111543.19 49.4
1541111553.2 49.4
1541111563.22 49.4
1541111573.25 49.4
1541111583.27 49.4
1541111593.28 49.9
1541111603.3 49.4
1541111613.32 49.4
1541111623.33 49.4
1541111633.35 49.9
1541111643.37 49.4
1541111653.38 49.4
1541111663.39 49.4
1541111673.41 49.4
1541111683.43 49.4
1541111693.44 49.4
1541111703.46 49.4
1541111713.47 48.3
1541111723.49 49.9
1541111733.51 49.9
1541111743.53 49.9
1541111753.54 49.9
1541111763.56 49.9
1541111773.58 50.5
1541111783.6 49.9
1541111793.62 49.4
1541111803.63 50.5
1541111813.65 50.5
1541111823.67 49.9
1541111833.69 49.9
1541111843.71 50.5
1541111853.73 49.9
1541111863.75 49.9
1541111873.77 50.5
1541111883.79 50.5
1541111893.8 50.5
1541111903.82 49.9
1541111913.84 49.4
1541111923.86 49.9
1541111933.88 50.5
1541111943.89 50.5
1541111953.91 50.5
1541111963.93 49.9
1541111973.94 50.5
1541111983.95 49.9
1541111993.97 49.4
1541112003.99 49.4
1541112014.01 49.9
1541112024.03 49.4
1541112034.05 50.5
1541112044.07 49.4
1541112054.09 48.9
1541112064.11 49.9
1541112074.13 49.4
1541112084.14 49.4
1541112094.15 49.9
1541112104.17 49.4
1541112114.19 50.5
1541112124.2 49.9
1541112134.22 50.5
1541112144.24 49.4
1541112154.26 49.4
1541112164.28 49.9
1541112174.3 49.4
1541112184.32 49.4
1541112194.34 49.9
1541112204.37 49.4
1541112214.39 49.4
1541112224.42 49.4
1541112234.44 48.9
1541112244.45 49.4
1541112254.47 49.4
1541112264.49 48.3
1541112274.5 49.4
1541112284.52 48.3
1541112294.54 48.3
1541112304.55 48.3
1541112314.57 47.8
1541112324.58 48.3
1541112334.6 48.3
1541112344.62 48.3
1541112354.64 48.3
1541112364.65 48.3
1541112374.67 48.3
1541112384.7 48.3
1541112394.71 48.3
1541112404.73 48.3
1541112414.75 47.8
1541112424.78 48.3
1541112434.8 48.3
1541112444.81 48.3
1541112454.83 48.3
1541112464.85 48.3
1541112474.87 47.8
1541112484.88 48.9
1541112494.91 49.4
1541112504.93 47.8
1541112514.94 48.9
1541112524.96 48.3
1541112534.98 48.3
1541112544.99 48.9
1541112555.01 48.3
1541112565.03 48.9
1541112575.05 49.4
1541112585.07 49.4
1541112595.08 48.3
1541112605.1 48.9
1541112615.13 48.9
1541112625.14 49.4
1541112635.16 49.4
1541112645.18 49.4
1541112655.2 49.4
1541112665.22 49.4
1541112675.23 49.4
1541112685.25 48.3
1541112695.26 49.4
1541112705.28 49.4
1541112715.31 48.9
1541112725.32 49.4
1541112735.34 49.4
1541112745.35 49.4
1541112755.37 49.9
1541112765.39 49.9
1541112775.4 49.4
1541112785.42 49.9
1541112795.44 49.4
1541112805.45 50.5
1541112815.46 49.9
1541112825.48 50.5
1541112835.49 49.9
1541112845.5 49.9
1541112855.51 49.9
1541112865.53 49.9
1541112875.55 49.9
1541112885.57 50.5
1541112895.58 50.5
1541112905.6 50.5
1541112915.62 51.0
1541112925.63 50.5
1541112935.65 50.5
1541112945.66 50.5
1541112955.68 51.0
1541112965.7 49.9
1541112975.72 50.5
1541112985.73 50.5
1541112995.75 50.5
1541113005.77 49.4
1541113015.78 49.4
1541113025.8 49.9
1541113035.82 49.9
1541113045.82 49.9
1541113055.83 49.9
1541113065.85 50.5
1541113075.87 48.9
1541113085.88 49.4
1541113095.9 49.4
1541113105.91 49.4
1541113115.92 50.5
1541113125.94 49.4
1541113135.96 49.9
1541113145.98 49.4
1541113156.0 50.5
1541113166.02 50.5
1541113176.04 49.4
1541113186.05 50.5
1541113196.07 49.4
