1541000003.33 51.5
1541000013.34 50.5
1541000023.35 51.5
1541000033.37 51.5
1541000043.38 51.5
1541000053.4 51.5
1541000063.41 51.5
1541000073.44 51.5
1541000083.45 52.1
1541000093.46 51.5
1541000103.48 51.5
1541000113.5 51.5
1541000123.52 51.5
1541000133.54 51.5
1541000143.55 52.1
1541000153.57 52.1
1541000163.59 52.1
1541000173.61 51.5
1541000183.62 51.5
1541000193.64 51.0
1541000203.66 50.5
1541000213.68 51.0
1541000223.69 51.5
1541000233.71 51.5
1541000243.73 51.5
1541000253.74 51.5
1541000263.76 51.5
1541000273.78 52.1
1541000283.8 51.5
1541000293.81 52.1
1541000303.83 52.1
1541000313.84 52.1
1541000323.85 51.5
1541000333.87 52.1
1541000343.88 52.1
1541000353.9 52.1
1541000363.92 51.5
1541000373.93 52.1
1541000383.95 51.5
1541000393.96 52.1
1541000403.98 52.1
1541000413.99 51.0
1541000424.01 51.5
1541000434.03 51.5
1541000444.05 51.5
1541000454.07 51.5
1541000464.09 51.5
1541000474.1 51.5
1541000484.11 52.1
1541000494.13 51.5
1541000504.14 51.5
1541000514.16 51.5
1541000524.17 51.5
1541000534.19 50.5
1541000544.22 51.5
1541000554.25 51.0
1541000564.27 51.5
1541000574.29 51.0
1541000584.31 51.5
1541000594.32 51.5
1541000604.35 51.5
1541000614.37 52.1
1541000624.39 51.5
1541000634.41 51.5
1541000644.42 52.1
1541000654.44 51.5
1541000664.46 51.5
1541000674.47 51.0
1541000684.49 51.0
1541000694.51 51.5
1541000704.52 52.1
1541000714.54 51.5
1541000724.56 51.5
1541000734.58 51.0
1541000744.6 51.0
1541000754.62 51.0
1541000764.64 51.5
1541000774.66 51.5
1541000784.67 51.5
1541000794.69 50.5
1541000804.7 51.0
1541000814.72 51.0
1541000824.74 51.5
1541000834.76 51.0
1541000844.78 51.5
1541000854.8 50.5
1541000864.81 50.5
1541000874.85 51.5
1541000884.87 51.5
1541000894.89 50.5
1541000904.91 51.0
1541000914.94 50.5
1541000924.96 49.9
1541000934.97 50.5
1541000944.99 50.5
1541000955.01 50.5
1541000965.03 51.0
1541000975.05 50.5
1541000985.07 50.5
1541000995.09 50.5
1541001005.11 49.9
1541001015.13 50.5
1541001025.15 50.5
1541001035.17 50.5
1541001045.19 49.9
1541001055.2 50.5
1541001065.22 50.5
1541001075.24 50.5
1541001085.25 51.5
1541001095.27 50.5
1541001105.29 49.9
1541001115.31 49.9
1541001125.33 49.9
1541001135.35 51.0
1541001145.38 50.5
1541001155.4 50.5
1541001165.41 50.5
1541001175.43 50.5
1541001185.45 50.5
1541001195.47 50.5
1541001205.49 49.4
1541001215.51 49.4
1541001225.52 49.4
1541001235.54 49.9
1541001245.56 49.4
1541001255.58 49.9
1541001265.6 49.4
1541001275.62 49.4
1541001285.64 49.9
1541001295.66 50.5
1541001305.7 49.4
1541001315.71 49.9
1541001325.73 50.5
1541001335.75 49.4
1541001345.77 49.4
1541001355.79 49.9
1541001365.81 49.4
1541001375.83 49.9
1541001385.85 49.9
1541001395.87 49.4
1541001405.88 49.9
1541001415.9 49.4
1541001425.92 49.9
1541001435.94 49.4
1541001445.96 49.4
1541001455.97 49.9
1541001465.99 48.9
1541001476.01 49.4
1541001486.03 49.4
1541001496.04 49.4
1541001506.05 49.4
1541001516.08 49.4
1541001526.1 49.4
1541001536.12 49.4
1541001546.13 49.4
1541001556.14 49.4
1541001566.15 49.9
1541001576.17 49.9
1541001586.19 49.4
1541001596.2 50.5
1541001606.22 50.5
