1541500006.65 42.4
1541500016.67 41.9
1541500026.69 41.9
1541500036.72 42.4
1541500046.74 41.9
1541500056.76 42.4
1541500066.78 42.9
1541500076.8 42.4
1541500086.81 42.9
1541500096.83 42.9
1541500106.85 41.9
1541500116.87 41.9
1541500126.89 41.9
1541500136.91 42.4
1541500146.93 41.9
1541500156.95 41.9
1541500166.97 42.4
1541500176.99 41.9
1541500187.01 41.9
1541500197.03 42.4
1541500207.05 41.9
1541500217.07 41.9
1541500227.09 41.9
1541500237.11 42.4
1541500247.13 41.9
1541500257.15 42.9
1541500267.17 41.9
1541500277.19 42.4
1541500287.24 42.9
1541500297.26 41.9
1541500307.28 42.9
1541500317.3 42.9
1541500327.32 42.9
1541500337.33 42.9
1541500347.36 42.4
1541500357.39 42.4
1541500367.41 42.9
1541500377.43 42.9
1541500387.45 42.4
1541500397.47 42.4
1541500407.49 42.4
1541500417.51 42.4
1541500427.52 42.4
1541500437.54 42.4
1541500447.57 42.9
1541500457.58 42.9
1541500467.6 41.9
1541500477.63 41.9
1541500487.64 41.9
1541500497.66 42.9
1541500507.68 42.9
1541500517.7 42.9
1541500527.72 42.9
1541500537.73 43.5
1541500547.74 42.9
1541500557.76 43.5
1541500567.77 42.9
1541500577.79 43.5
1541500587.81 43.5
1541500597.82 43.5
1541500607.84 42.9
1541500617.86 42.4
1541500627.88 42.9
1541500637.9 43.5
1541500647.91 42.9
1541500657.93 43.5
1541500667.95 43.5
1541500677.97 43.5
1541500687.99 42.9
1541500698.0 43.5
1541500708.02 44.0
1541500718.03 43.5
1541500728.05 42.9
1541500738.06 43.5
1541500748.08 42.9
1541500758.1 43.5
1541500768.12 43.5
1541500778.14 42.9
1541500788.16 42.9
1541500798.18 44.0
1541500808.2 42.9
1541500818.22 43.5
1541500828.24 43.5
1541500838.26 43.5
1541500848.29 43.5
1541500858.3 44.0
1541500868.32 43.5
1541500878.35 42.9
1541500888.37 42.9
1541500898.39 42.9
1541500908.41 42.9
1541500918.43 42.9
1541500928.45 42.9
1541500938.47 43.5
1541500948.48 43.5
1541500958.5 44.0
1541500968.52 42.9
1541500978.54 42.9
1541500988.56 43.5
1541500998.58 43.5
1541501008.6 42.9
1541501018.62 42.9
1541501028.63 43.5
1541501038.66 42.9
1541501048.67 43.5
1541501058.69 44.0
1541501068.71 42.9
1541501078.73 44.0
1541501088.74 44.0
1541501098.76 44.0
1541501108.77 44.0
1541501118.79 44.0
1541501128.81 44.0
1541501138.83 43.5
1541501148.85 43.5
1541501158.87 43.5
1541501168.88 44.0
1541501178.9 44.0
1541501188.92 43.5
1541501198.93 44.0
1541501208.95 43.5
1541501218.97 44.0
1541501228.98 44.0
1541501239.01 43.5
1541501249.03 43.5
1541501259.05 43.5
1541501269.06 44.0
1541501279.08 43.5
1541501289.11 43.5
1541501299.12 43.5
1541501309.14 43.5
1541501319.16 42.9
1541501329.18 42.9
1541501339.2 42.9
1541501349.23 42.9
1541501359.26 42.9
1541501369.28 42.9
1541501379.3 43.5
1541501389.31 43.5
1541501399.34 43.5
1541501409.36 43.5
1541501419.38 43.5
1541501429.39 43.5
1541501439.41 42.9
1541501449.44 42.9
1541501459.45 43.5
1541501469.47 44.0
1541501479.49 43.5
1541501489.51 43.5
1541501499.53 43.5
1541501509.55 43.5
1541501519.56 43.5
1541501529.59 42.9
1541501539.62 42.9
1541501549.63 43.5
1541501559.65 43.5
1541501569.66 43.5
1541501579.68 42.9
1541501589.7 42.9
1541501599.73 42.9
1541501609.74 42.9
1541501619.76 42.9
1541501629.78 42.9
1541501639.8 43.5
1541501649.82 42.9
1541501659.84 42.9
1541501669.87 42.9
1541501679.88 43.5
1541501689.9 43.5
1541501699.92 41.9
1541501709.93 43.5
1541501719.95 42.9
1541501729.97 43.5
1541501739.99 42.9
1541501750.0 42.9
1541501760.02 42.9
1541501770.05 43.5
1541501780.06 43.5
1541501790.08 42.9
1541501800.1 43.5
1541501810.11 43.5
1541501820.13 44.0
1541501830.15 42.9
1541501840.17 43.5
1541501850.19 43.5
1541501860.21 43.5
1541501870.23 42.9
1541501880.25 44.0
1541501890.26 44.0
1541501900.29 44.0
1541501910.3 44.0
1541501920.32 44.0
1541501930.33 44.0
1541501940.36 43.5
1541501950.38 42.9
1541501960.4 42.9
1541501970.42 44.0
1541501980.44 42.9
1541501990.46 43.5
1541502000.48 44.0
