1541600008.07 57.5
1541600018.09 56.9
1541600028.1 58.0
1541600038.12 58.0
1541600048.14 56.9
1541600058.16 58.0
1541600068.18 58.0
1541600078.2 58.0
1541600088.22 56.9
1541600098.24 58.0
1541600108.26 58.0
1541600118.28 58.0
1541600128.3 58.0
1541600138.32 58.5
1541600148.33 58.5
1541600158.35 58.0
1541600168.37 58.0
1541600178.4 59.1
1541600188.42 59.1
1541600198.44 59.1
1541600208.46 58.5
1541600218.47 59.1
1541600228.49 58.5
1541600238.51 58.5
1541600248.53 58.0
1541600258.55 58.5
1541600268.56 58.5
1541600278.58 59.1
1541600288.6 58.5
1541600298.61 58.5
1541600308.63 58.5
1541600318.65 58.0
1541600328.67 58.5
1541600338.69 59.1
1541600348.7 58.5
1541600358.72 58.0
1541600368.74 58.0
1541600378.76 58.0
1541600388.77 59.1
1541600398.79 58.0
1541600408.81 58.0
1541600418.83 58.0
1541600428.85 58.0
1541600438.87 58.0
1541600448.89 58.0
1541600458.91 58.5
1541600468.93 59.1
1541600478.96 59.1
1541600488.97 58.5
1541600498.99 58.5
1541600509.01 58.0
1541600519.02 58.0
1541600529.03 58.0
1541600539.05 58.0
1541600549.07 58.0
1541600559.09 58.0
1541600569.11 58.0
1541600579.13 58.0
1541600589.15 58.5
1541600599.17 59.1
1541600609.19 58.5
1541600619.21 58.5
1541600629.23 58.0
1541600639.25 58.0
1541600649.27 58.5
1541600659.29 58.0
1541600669.3 59.1
1541600679.33 58.0
1541600689.34 58.5
1541600699.36 58.0
1541600709.38 58.0
1541600719.4 58.0
1541600729.42 58.0
1541600739.44 58.0
1541600749.46 58.0
1541600759.48 58.0
1541600769.5 58.0
1541600779.52 56.9
1541600789.54 58.5
1541600799.55 58.5
1541600809.57 58.0
1541600819.59 58.0
1541600829.61 58.5
1541600839.62 58.0
1541600849.64 58.0
1541600859.66 58.0
1541600869.68 58.5
1541600879.69 58.0
1541600889.71 58.0
1541600899.75 58.0
1541600909.76 58.0
1541600919.78 59.1
1541600929.8 58.5
1541600939.81 58.5
1541600949.83 58.5
1541600959.84 59.1
1541600969.86 59.1
1541600979.88 58.0
1541600989.9 59.1
1541600999.92 59.1
1541601009.93 58.5
1541601019.95 59.1
1541601029.97 58.0
1541601039.98 59.1
1541601050.0 59.6
1541601060.01 59.6
1541601070.03 60.1
1541601080.05 59.6
1541601090.06 60.1
1541601100.08 60.1
1541601110.1 59.1
1541601120.11 60.1
1541601130.12 59.6
1541601140.13 59.6
1541601150.15 60.1
1541601160.17 59.1
1541601170.19 59.6
1541601180.21 60.1
1541601190.22 60.1
1541601200.24 60.1
1541601210.26 59.6
1541601220.28 59.6
1541601230.29 60.1
1541601240.31 59.6
1541601250.33 60.1
1541601260.34 59.6
1541601270.36 59.6
1541601280.38 59.1
1541601290.4 59.6
1541601300.42 60.1
1541601310.44 60.7
1541601320.46 59.1
1541601330.48 59.1
1541601340.5 58.0
1541601350.52 59.1
1541601360.53 59.1
1541601370.56 59.6
1541601380.57 59.6
1541601390.59 60.1
1541601400.6 59.6
1541601410.62 59.1
1541601420.64 59.1
1541601430.66 60.1
1541601440.68 60.1
1541601450.7 60.1
1541601460.71 60.1
1541601470.73 60.1
1541601480.74 59.6
1541601490.76 61.2
1541601500.77 60.1
1541601510.78 60.7
1541601520.8 60.7
1541601530.82 60.1
1541601540.84 60.1
1541601550.86 60.1
1541601560.88 60.7
1541601570.34 60.1
1541601580.36 60.7
1541601590.37 61.2
1541601600.39 60.7
1541601610.42 60.1
1541601620.44 60.1
1541601630.46 60.7
1541601640.47 60.1
1541601650.5 60.1
1541601660.52 60.1
1541601670.54 60.7
1541601680.56 60.1
1541601690.58 60.7
1541601700.58 60.1
1541601710.6 60.1
1541601720.62 60.7
1541601730.63 61.2
1541601740.65 60.1
1541601750.67 60.1
1541601760.69 60.1
1541601770.7 60.7
1541601780.72 61.2
1541601790.74 61.2
1541601800.76 60.1
1541601810.77 61.2
1541601820.8 61.2
1541601830.81 61.2
1541601840.83 61.8
1541601850.85 60.7
1541601860.87 60.7
1541601870.88 60.7
1541601880.9 61.2
1541601890.92 59.6
1541601900.93 60.1
1541601910.95 60.1
1541601920.97 60.1
1541601930.98 60.1
1541601941.01 60.1
1541601951.03 59.6
1541601961.04 60.1
1541601971.07 60.1
1541601981.08 60.1
1541601991.1 60.1
1541602001.13 60.1
1541602011.15 60.1
1541602021.17 60.1
1541602031.19 60.7
1541602041.2 60.1
1541602051.22 60.1
1541602061.24 60.1
1541602071.26 60.7
1541602081.27 60.1
1541602091.29 60.7
1541602101.31 59.6
1541602111.33 59.6
1541602121.35 59.6
1541602131.37 60.1
1541602141.39 59.1
1541602151.42 59.1
1541602161.42 60.1
1541602171.44 59.1
1541602181.45 60.1
1541602191.46 60.1
1541602201.47 60.1
1541602211.48 60.1
1541602221.5 60.1
1541602231.52 60.1
1541602241.53 60.1
1541602251.56 59.6
1541602261.57 59.6
1541602271.59 59.6
1541602281.61 59.1
1541602291.63 59.1
1541602301.65 58.5
1541602311.66 59.1
1541602321.67 59.1
1541602331.69 59.1
1541602341.71 59.1
1541602351.73 59.1
1541602361.75 58.5
1541602371.77 59.6
1541602381.79 58.5
1541602391.8 59.1
1541602401.82 59.6
1541602411.84 59.1
1541602421.86 59.6
1541602431.87 60.1
1541602441.89 59.1
1541602451.91 59.6
1541602461.92 59.1
1541602471.94 59.1
1541602481.95 59.1
1541602491.97 59.1
1541602501.99 59.1
1541602512.01 58.0
1541602522.03 58.5
1541602532.05 58.5
1541602542.07 59.1
1541602552.09 59.1
1541602562.1 59.1
1541602572.12 59.1
1541602582.14 59.1
1541602592.16 59.6
1541602602.18 58.5
1541602612.2 59.1
1541602622.22 58.5
1541602632.23 58.5
1541602642.24 59.1
1541602652.26 58.5
1541602662.28 58.5
1541602672.3 59.1
1541602682.31 59.1
1541602692.33 59.1
1541602702.35 59.1
1541602712.36 58.5
1541602722.38 59.1
1541602732.4 58.5
1541602742.42 58.5
1541602752.44 59.6
1541602762.45 58.5
1541602772.47 59.6
1541602782.49 59.6
1541602792.5 59.1
1541602802.52 59.1
1541602812.54 60.1
1541602822.56 59.1
1541602832.58 59.1
1541602842.59 59.6
1541602852.61 59.1
1541602862.63 59.6
1541602872.65 58.5
1541602882.67 59.6
1541602892.68 58.5
1541602902.7 59.1
1541602912.72 59.1
1541602922.73 59.6
1541602932.76 58.0
1541602942.78 59.1
1541602952.8 58.0
1541602962.81 58.5
1541602972.83 59.1
1541602982.85 59.6
1541602992.87 59.1
1541603002.89 59.1
1541603012.9 59.1
1541603022.92 59.1
1541603032.95 58.0
1541603042.96 59.1
1541603052.98 59.1
1541603063.0 59.1
1541603073.02 59.6
1541603083.03 60.1
1541603093.05 59.1
1541603103.07 59.6
1541603113.09 60.1
1541603123.11 59.1
1541603133.13 60.1
1541603143.15 59.6
1541603153.17 60.1
1541603163.19 59.6
1541603173.21 59.1
1541603183.23 60.1
1541603193.25 60.1
1541603203.27 59.1
1541603213.29 60.1
1541603223.31 59.1
1541603233.33 59.1
1541603243.34 59.1
1541603253.36 60.1
1541603263.38 60.1
1541603273.39 60.1
1541603283.41 60.1
1541603293.43 59.1
1541603303.44 60.1
1541603313.46 59.6
1541603323.48 59.1
1541603333.5 60.1
1541603343.51 60.1
1541603353.54 60.1
1541603363.55 60.1
1541603373.57 60.1
1541603383.59 60.1
1541603393.61 59.1
1541603403.63 60.1
1541603413.65 59.6
1541603423.67 59.1
1541603433.69 58.5
1541603443.71 59.6
1541603453.73 59.1
1541603463.75 60.1
1541603473.77 59.6
1541603483.79 59.6
1541603493.8 59.6
1541603503.83 59.6
1541603513.85 59.1
1541603523.86 59.6
1541603533.88 59.6
1541603543.9 59.1
1541603553.92 59.1
1541603563.94 60.1
1541603573.97 59.1
1541603583.99 60.1
1541603594.01 59.1
1541603604.03 59.1
1541603614.05 59.1
1541603624.07 58.5
1541603634.09 59.1
1541603644.11 59.1
1541603654.13 59.1
1541603664.15 59.1
1541603674.17 59.6
1541603684.19 59.6
1541603694.2 60.1
1541603704.23 59.6
1541603714.24 59.1
1541603724.26 59.1
1541603734.28 59.6
1541603744.3 59.1
1541603754.33 59.6
1541603764.35 59.6
1541603774.36 59.1
1541603784.38 60.1
1541603794.4 60.1
1541603804.41 60.1
1541603814.43 60.1
1541603824.45 59.1
1541603834.47 60.1
1541603844.48 59.6
1541603854.5 59.6
1541603864.52 60.1
1541603874.54 59.6
1541603884.56 59.6
1541603894.57 60.1
1541603904.59 60.1
1541603914.61 60.1
1541603924.63 60.7
1541603934.64 60.1
1541603944.66 60.1
1541603954.68 59.6
1541603964.69 59.6
1541603974.71 60.1
1541603984.73 59.1
1541603994.74 60.1
1541604004.76 60.1
1541604014.78 59.6
1541604024.79 60.1
1541604034.81 59.1
1541604044.83 59.6
1541604054.85 58.5
1541604064.87 58.5
1541604074.89 59.1
1541604084.9 60.1
1541604094.92 59.6
1541604104.94 59.1
1541604114.96 59.6
1541604124.98 59.6
1541604135.0 60.1
1541604145.02 59.1
1541604155.04 58.0
1541604165.06 60.1
1541604175.08 59.6
1541604185.1 59.1
1541604195.12 59.1
1541604205.14 59.1
1541604215.16 59.1
1541604225.17 59.6
1541604235.19 59.1
1541604245.21 60.1
1541604255.23 59.1
1541604265.25 60.1
1541604275.27 59.1
1541604285.29 59.1
1541604295.31 59.1
1541604305.32 60.1
1541604315.34 60.1
1541604325.36 59.1
1541604335.38 60.1
1541604345.38 60.1
1541604355.4 60.1
1541604365.42 60.1
1541604375.43 60.1
1541604385.45 60.1
1541604395.47 60.7
1541604405.48 60.1
1541604415.5 60.7
1541604425.52 60.1
1541604435.53 60.1
1541604445.54 60.1
1541604455.57 60.1
1541604465.58 60.1
1541604475.6 59.6
1541604485.61 60.1
1541604495.63 59.1
1541604505.65 59.1
1541604515.67 60.1
1541604525.69 60.1
1541604535.7 59.6
1541604545.72 59.1
1541604555.73 59.6
1541604565.75 59.6
1541604575.77 59.6
1541604585.78 60.1
1541604595.8 59.6
1541604605.81 59.1
1541604615.83 60.1
1541604625.85 59.1
1541604635.87 60.1
1541604645.88 60.7
1541604655.9 60.1
1541604665.92 60.1
1541604675.94 59.6
1541604685.95 59.6
1541604695.97 59.1
1541604706.0 59.1
1541604716.02 59.1
1541604726.04 60.1
1541604736.06 59.1
1541604746.08 60.1
1541604756.09 60.1
1541604766.11 60.1
1541604776.13 59.6
1541604786.15 60.1
1541604796.17 60.7
1541604806.18 60.1
1541604816.21 59.1
1541604826.22 59.1
1541604836.24 58.5
1541604846.26 59.1
1541604856.28 59.1
1541604866.3 59.6
1541604876.32 58.5
1541604886.34 58.0
1541604896.36 58.5
1541604906.38 58.0
1541604916.4 58.0
1541604926.43 58.5
1541604936.44 59.1
1541604946.47 59.1
1541604956.49 58.5
1541604966.51 58.5
1541604976.53 58.5
1541604986.55 58.0
1541604996.57 59.1
1541605006.59 59.1
1541605016.6 59.1
1541605026.62 59.1
1541605036.64 58.5
1541605046.66 59.1
1541605056.68 58.0
1541605066.7 58.0
1541605076.72 59.1
1541605086.74 59.1
1541605096.76 59.1
1541605106.77 59.1
1541605116.79 59.1
1541605126.81 59.1
1541605136.83 59.1
1541605146.85 59.1
1541605156.87 59.1
1541605166.89 59.1
1541605176.91 58.0
1541605186.92 59.1
1541605196.94 59.1
1541605206.97 58.5
1541605216.98 59.1
1541605227.0 59.1
1541605237.02 58.5
1541605247.04 59.1
1541605257.05 59.6
1541605267.07 58.0
1541605277.09 59.1
1541605287.11 58.0
1541605297.13 58.5
1541605307.15 58.5
1541605317.17 59.1
1541605327.19 59.1
1541605337.2 59.1
1541605347.22 58.5
1541605357.25 58.5
1541605367.26 59.6
1541605377.28 59.1
1541605387.3 59.1
1541605397.32 58.5
1541605407.34 59.1
1541605417.36 58.5
1541605427.38 60.1
1541605437.4 59.1
1541605447.42 59.1
1541605457.44 59.6
1541605467.45 59.1
1541605477.47 59.1
1541605487.49 59.1
1541605497.51 59.1
1541605507.53 59.1
1541605517.55 59.1
1541605527.58 59.1
1541605537.6 58.5
1541605547.62 58.5
1541605557.64 59.1
1541605567.66 58.0
1541605577.68 59.1
1541605587.69 58.5
1541605597.7 59.1
1541605607.72 59.1
1541605617.74 59.1
1541605627.75 59.1
1541605637.77 58.5
1541605647.79 58.0
1541605657.8 58.5
1541605667.82 59.1
1541605677.84 58.0
1541605687.86 58.5
1541605697.88 58.5
1541605707.9 59.1
1541605717.92 59.1
1541605727.94 59.1
1541605737.96 59.1
1541605747.98 59.1
1541605758.0 59.1
1541605768.02 59.1
1541605778.04 58.5
1541605788.06 59.1
1541605798.08 59.1
1541605808.09 59.1
1541605818.1 59.1
1541605828.12 59.6
1541605838.14 59.6
1541605848.16 59.1
1541605858.17 60.1
1541605868.19 59.1
1541605878.21 58.0
1541605888.23 59.1
1541605898.25 59.6
1541605908.27 59.1
1541605918.28 60.1
1541605928.31 59.6
1541605938.32 59.1
1541605948.34 59.1
1541605958.36 59.6
1541605968.38 59.1
1541605978.4 59.1
1541605988.42 59.6
1541605998.44 59.6
1541606008.46 59.6
1541606018.47 59.1
1541606028.49 59.1
1541606038.52 60.1
1541606048.54 59.1
1541606058.56 59.6
1541606068.57 60.1
1541606078.59 59.1
1541606088.61 60.1
1541606098.63 59.1
1541606108.65 60.1
1541606118.66 60.1
1541606128.69 59.6
1541606138.71 60.1
1541606148.73 60.1
1541606158.74 60.1
1541606168.76 60.1
1541606178.78 60.1
1541606188.8 60.1
1541606198.81 60.1
1541606208.83 60.1
1541606218.84 60.1
1541606228.86 60.1
1541606238.88 59.1
1541606248.9 60.1
1541606258.92 59.1
1541606268.94 60.1
1541606278.96 60.7
1541606288.98 60.1
1541606299.0 59.6
1541606309.01 60.1
1541606319.03 59.1
1541606329.05 59.6
1541606339.07 59.1
1541606349.09 60.7
1541606359.11 60.1
1541606369.13 60.1
1541606379.15 60.7
1541606389.17 60.1
1541606399.19 59.6
1541606409.21 59.1
1541606419.23 60.7
1541606429.24 60.1
1541606439.26 60.7
1541606449.28 60.1
1541606459.3 60.1
1541606469.32 60.7
1541606479.34 60.7
1541606489.36 60.1
1541606499.38 60.7
1541606509.4 60.7
1541606519.42 60.1
1541606529.44 61.2
1541606539.46 60.1
1541606549.48 60.7
1541606559.5 61.8
1541606569.52 61.2
1541606579.54 60.7
1541606589.73 60.1
1541606599.74 61.2
1541606609.76 60.7
1541606619.78 60.7
1541606629.8 61.2
1541606639.82 61.8
1541606649.84 60.7
1541606659.86 60.7
1541606669.88 60.7
1541606679.89 60.7
1541606689.91 60.7
1541606699.93 61.2
1541606709.95 61.2
1541606719.96 61.2
1541606729.98 61.2
1541606740.0 61.8
1541606750.02 61.2
1541606760.03 61.2
1541606770.05 61.2
1541606780.07 62.3
1541606790.09 61.8
1541606800.11 61.8
1541606810.12 61.2
1541606820.14 61.8
1541606830.16 60.7
1541606840.18 61.2
1541606850.2 61.8
1541606860.22 61.8
1541606870.23 61.2
1541606880.25 61.8
1541606890.28 61.8
1541606900.3 61.2
1541606910.32 61.2
1541606920.34 61.2
1541606930.36 61.2
1541606940.37 61.2
1541606950.39 61.2
1541606960.41 61.8
1541606970.43 61.2
1541606980.44 60.7
1541606990.46 60.7
1541607000.48 60.7
1541607010.5 60.7
1541607020.52 60.1
1541607030.54 60.7
1541607040.55 60.7
1541607050.58 60.7
1541607060.6 60.1
1541607070.61 60.7
1541607080.63 60.1
1541607090.66 61.2
1541607100.67 61.8
1541607110.69 61.8
1541607120.71 61.2
1541607130.73 61.8
1541607140.74 62.3
1541607150.76 61.2
1541607160.78 61.2
1541607170.8 61.2
1541607180.81 61.2
1541607190.83 61.2
1541607200.85 61.2
1541607210.87 61.2
1541607220.88 61.2
1541607230.9 61.2
1541607240.91 61.8
1541607250.93 61.8
1541607260.95 62.3
1541607270.97 62.3
1541607280.99 61.8
1541607291.0 62.3
1541607301.03 61.8
1541607311.04 62.3
1541607321.06 62.3
1541607331.08 62.3
1541607341.1 62.3
1541607351.12 62.3
1541607361.14 61.8
1541607371.15 62.3
1541607381.17 62.3
1541607391.19 62.3
1541607401.21 62.3
1541607411.22 62.3
1541607421.24 62.3
1541607431.26 62.3
1541607441.26 62.8
1541607451.27 62.3
1541607461.29 61.8
1541607471.31 62.3
1541607481.33 61.8
1541607491.35 62.3
1541607501.37 62.3
1541607511.38 62.3
1541607521.4 62.3
1541607531.41 62.8
1541607541.44 62.3
1541607551.45 62.8
1541607561.47 62.3
1541607571.48 62.8
1541607581.5 63.4
1541607591.52 62.8
1541607601.53 62.8
1541607611.54 62.3
1541607621.57 62.3
1541607631.59 62.3
1541607641.61 62.8
1541607651.62 62.3
1541607661.64 62.3
1541607671.66 62.3
1541607681.68 63.4
1541607691.69 62.8
1541607701.7 62.3
1541607711.72 62.8
1541607721.74 62.3
1541607731.76 62.3
1541607741.78 62.3
1541607751.79 62.8
1541607761.81 62.3
1541607771.83 62.3
1541607781.85 62.3
1541607791.86 62.3
1541607801.88 62.3
1541607811.9 62.3
1541607821.91 62.3
1541607831.93 62.3
1541607841.95 62.3
1541607851.96 61.8
1541607861.98 62.3
1541607872.0 62.3
1541607882.03 62.3
1541607892.03 62.8
1541607902.05 62.3
1541607912.07 62.3
1541607922.1 63.4
1541607932.11 62.8
1541607942.13 62.3
1541607952.15 61.8
1541607962.17 62.3
1541607972.18 62.3
1541607982.2 61.8
1541607992.22 61.8
1541608002.25 61.8
1541608012.27 61.2
1541608022.28 61.2
1541608032.3 61.2
1541608042.33 61.2
1541608052.34 61.2
1541608062.36 61.2
1541608072.39 61.8
1541608082.41 61.8
1541608092.42 61.8
1541608102.44 61.2
1541608112.46 61.2
1541608122.48 62.3
1541608132.5 61.8
1541608142.52 61.8
1541608152.54 62.3
1541608162.56 62.3
1541608172.58 62.3
1541608182.6 61.8
1541608192.62 62.3
1541608202.62 61.8
1541608212.64 62.3
1541608222.66 62.3
1541608232.68 62.8
1541608242.68 62.3
1541608252.7 62.3
1541608262.72 62.3
1541608272.73 62.3
1541608282.75 62.3
1541608292.77 62.3
1541608302.79 62.3
1541608312.81 62.3
1541608322.82 62.8
1541608332.85 62.3
1541608342.87 62.3
1541608352.88 63.4
1541608362.9 62.3
1541608372.93 62.3
1541608382.94 62.8
1541608392.96 62.3
1541608402.98 62.3
1541608413.0 62.8
1541608423.02 63.4
1541608433.03 62.8
1541608443.05 62.3
1541608453.08 62.3
1541608463.09 62.8
1541608473.1 62.3
1541608483.12 62.3
1541608493.14 61.8
1541608503.15 62.3
1541608513.17 61.8
1541608523.19 61.8
1541608533.21 62.3
1541608543.23 61.8
1541608553.24 62.3
1541608563.25 62.8
1541608573.26 62.3
1541608583.28 62.3
1541608593.3 62.3
1541608603.32 62.8
1541608613.34 62.3
1541608623.35 62.3
1541608633.39 62.3
1541608643.41 62.8
1541608653.43 62.8
1541608663.45 63.4
1541608673.47 62.8
1541608683.49 62.8
1541608693.51 62.8
1541608703.52 62.8
1541608713.54 62.8
1541608723.56 62.8
1541608733.59 62.3
1541608743.61 62.3
1541608753.63 62.8
1541608763.65 62.3
1541608773.68 62.8
1541608783.7 61.2
1541608793.71 61.2
1541608803.73 61.8
1541608813.74 62.3
1541608823.76 62.3
1541608833.77 61.8
1541608843.79 62.3
1541608853.81 61.8
1541608863.82 62.3
1541608873.84 61.8
1541608883.87 62.3
1541608893.89 62.3
1541608903.9 61.8
1541608913.92 62.3
1541608923.94 62.3
1541608933.96 62.3
1541608943.97 62.8
1541608953.99 62.3
1541608964.0 62.3
1541608974.02 62.3
1541608984.04 61.8
1541608994.05 62.3
1541609004.07 61.2
1541609014.09 62.3
1541609024.11 62.3
1541609034.13 62.3
1541609044.15 62.3
1541609054.17 61.8
1541609064.19 62.3
1541609074.21 61.2
1541609084.22 62.3
1541609094.24 62.3
1541609104.26 61.8
1541609114.28 62.3
1541609124.29 61.8
1541609134.31 61.2
1541609144.33 61.8
1541609154.35 61.8
1541609164.36 61.8
1541609174.38 61.2
1541609184.4 60.7
1541609194.42 61.2
1541609204.44 60.7
1541609214.46 60.7
1541609224.48 61.2
1541609234.5 60.1
1541609244.52 61.2
1541609254.54 60.7
1541609264.56 61.2
1541609274.58 61.2
1541609284.6 61.2
1541609294.61 61.2
1541609304.62 61.8
1541609314.64 61.2
1541609324.67 60.7
1541609334.68 61.2
1541609344.7 61.2
1541609354.72 61.2
1541609364.74 61.2
1541609374.76 61.2
1541609384.78 61.2
1541609394.8 62.3
1541609404.82 61.2
1541609414.84 61.2
1541609424.86 61.2
1541609434.87 61.2
1541609444.89 61.8
1541609454.91 61.2
1541609464.93 61.2
1541609474.94 61.2
1541609484.97 61.8
1541609494.98 62.3
1541609505.0 62.3
1541609515.02 61.2
1541609525.04 62.3
1541609535.06 61.8
1541609545.08 61.8
1541609555.09 61.8
1541609565.11 61.8
1541609575.12 62.3
1541609585.14 62.3
1541609595.16 61.2
1541609605.18 61.2
1541609615.2 62.3
1541609625.22 61.8
1541609635.24 60.7
1541609645.26 61.2
1541609655.28 61.2
1541609665.29 61.2
1541609675.31 61.8
1541609685.33 61.2
1541609695.34 61.2
1541609705.36 61.8
1541609715.38 60.7
1541609725.4 60.7
1541609735.42 61.2
1541609745.44 60.7
1541609755.46 62.3
1541609765.48 61.2
1541609775.5 61.2
1541609785.52 61.2
1541609795.54 61.2
1541609805.56 61.2
1541609815.57 62.3
1541609825.58 61.8
1541609835.6 62.3
1541609845.62 61.2
1541609855.64 61.2
1541609865.66 61.2
1541609875.68 61.8
1541609885.7 60.7
1541609895.72 60.7
1541609905.73 61.2
1541609915.75 61.2
1541609925.77 61.8
1541609935.79 61.2
1541609945.81 61.2
1541609955.83 61.8
1541609965.85 62.3
1541609975.86 62.3
1541609985.88 62.3
1541609995.9 62.3
