1541200001.89 53.7
1541200011.91 53.2
1541200021.93 53.2
1541200031.96 53.7
1541200041.98 53.7
1541200052.0 53.2
1541200062.02 54.2
1541200072.04 54.2
1541200082.06 53.7
1541200092.08 54.2
1541200102.11 53.7
1541200112.12 53.7
1541200122.14 54.8
1541200132.15 54.8
1541200142.16 54.2
1541200152.17 53.7
1541200162.2 53.7
1541200172.22 54.8
1541200182.23 54.2
1541200192.25 54.2
1541200202.27 53.7
1541200212.29 53.7
1541200222.31 54.2
1541200232.33 53.7
1541200242.35 53.7
1541200252.37 53.7
1541200262.38 53.7
1541200272.4 53.7
1541200282.42 54.2
1541200292.44 53.7
1541200302.46 52.6
1541200312.48 53.7
1541200322.5 53.2
1541200332.52 53.7
1541200342.53 53.7
1541200352.56 53.2
1541200362.57 53.7
1541200372.59 53.7
1541200382.61 52.6
1541200392.63 53.7
1541200402.65 52.6
1541200412.67 53.2
1541200422.68 53.7
1541200432.71 53.7
1541200442.73 53.7
1541200452.75 52.6
1541200462.77 52.6
1541200472.79 53.7
1541200482.81 52.6
1541200492.82 53.7
1541200502.84 53.2
1541200512.86 53.2
1541200522.87 53.7
1541200532.89 53.7
1541200542.91 52.6
1541200552.93 52.6
1541200562.95 52.1
1541200572.97 52.6
1541200582.98 53.2
1541200593.0 52.6
1541200603.02 52.6
1541200613.03 53.7
1541200623.04 53.7
1541200633.06 53.2
1541200643.08 52.6
1541200653.1 53.7
1541200663.12 53.2
1541200673.13 53.7
1541200683.15 53.2
1541200693.22 53.7
1541200703.24 54.2
1541200713.26 53.2
1541200723.29 52.6
1541200733.3 53.7
1541200743.32 53.2
1541200753.33 53.7
1541200763.35 53.7
1541200773.37 53.7
1541200783.39 53.7
1541200793.41 53.2
1541200803.43 53.7
1541200813.44 53.7
1541200823.46 52.6
1541200833.48 53.7
1541200843.49 53.7
1541200853.51 53.7
1541200863.52 53.7
1541200873.55 53.7
1541200883.56 53.7
1541200893.58 53.7
1541200903.6 53.2
1541200913.62 53.7
1541200923.64 53.7
1541200933.65 54.2
1541200943.67 54.8
1541200953.69 53.7
1541200963.71 53.7
1541200973.73 53.7
1541200983.75 53.7
1541200993.78 53.7
1541201003.8 53.7
1541201013.82 53.7
1541201023.83 53.7
1541201033.85 53.2
1541201043.87 53.2
1541201053.89 53.7
1541201063.91 52.6
1541201073.93 54.8
1541201083.95 53.7
1541201093.97 53.7
1541201103.99 53.7
1541201114.0 53.7
1541201124.02 54.2
1541201134.04 53.7
1541201144.05 54.2
1541201154.07 54.2
1541201164.09 54.2
1541201174.11 53.7
1541201184.13 53.7
1541201194.15 53.7
1541201204.17 54.2
1541201214.18 54.2
1541201224.2 54.2
1541201234.22 53.7
1541201244.24 53.7
1541201254.26 53.7
1541201264.27 54.2
1541201274.29 53.7
1541201284.31 53.7
1541201294.33 53.7
1541201304.34 53.7
1541201314.36 53.7
1541201324.38 54.2
1541201334.4 53.7
1541201344.42 53.7
1541201354.43 54.2
1541201364.45 53.7
1541201374.47 53.7
1541201384.49 53.7
1541201394.5 53.7
1541201404.52 53.2
1541201414.53 54.2
1541201424.55 53.7
1541201434.57 54.2
1541201444.59 53.7
1541201454.61 54.2
1541201464.62 54.8
1541201474.64 54.8
1541201484.66 54.2
1541201494.68 54.8
1541201504.7 54.8
1541201514.71 54.8
1541201524.73 54.2
1541201534.75 54.8
1541201544.76 54.8
1541201554.78 54.8
1541201564.79 55.3
1541201574.81 54.8
1541201584.82 55.3
1541201594.84 54.8
1541201604.85 55.3
1541201614.87 54.8
1541201624.88 55.3
1541201634.91 54.8
1541201644.92 55.3
1541201654.94 54.8
1541201664.95 55.3
1541201674.97 54.8
1541201684.99 54.8
1541201695.01 54.8
1541201705.02 55.3
1541201715.04 55.8
1541201725.05 55.3
1541201735.08 54.8
1541201745.09 54.8
1541201755.11 54.8
1541201765.13 55.8
1541201775.14 54.8
1541201785.16 54.8
1541201795.18 54.8
1541201805.2 54.2
1541201815.22 54.2
1541201825.24 54.2
1541201835.25 55.3
1541201845.27 54.8
1541201855.29 54.2
1541201865.3 54.2
1541201875.32 54.2
1541201885.35 54.8
1541201895.37 54.2
1541201905.39 54.2
1541201915.41 54.2
1541201925.43 54.2
1541201935.44 54.8
1541201945.46 54.2
1541201955.49 53.7
1541201965.51 54.8
1541201975.53 54.2
1541201985.55 53.7
1541201995.56 54.2
1541202005.58 54.2
1541202015.6 53.7
1541202025.62 53.7
1541202035.64 53.7
1541202045.65 54.2
1541202055.67 54.2
1541202065.69 53.7
1541202075.7 53.7
1541202085.72 53.7
1541202095.75 53.2
1541202105.77 53.2
1541202115.78 54.2
1541202125.8 53.7
1541202135.83 53.2
1541202145.84 54.2
1541202155.86 52.6
1541202165.87 53.7
1541202175.89 53.7
1541202185.91 53.7
1541202195.93 54.2
1541202205.95 53.7
1541202215.97 54.2
1541202225.98 53.7
1541202236.0 53.7
1541202246.03 53.7
1541202256.04 54.2
1541202266.06 53.7
1541202276.08 53.7
1541202286.09 54.2
1541202296.1 54.2
1541202306.11 53.7
1541202316.13 54.2
1541202326.14 54.2
1541202336.16 53.7
1541202346.17 54.2
1541202356.19 54.2
1541202366.2 54.2
1541202376.22 53.7
1541202386.23 54.2
1541202396.24 53.7
1541202406.26 53.7
1541202416.28 53.7
1541202426.29 54.8
1541202436.31 55.3
1541202446.32 54.2
1541202456.34 54.8
1541202466.36 54.2
1541202476.38 54.2
1541202486.4 54.2
1541202496.41 54.2
1541202506.43 53.7
1541202516.44 54.8
1541202526.46 54.8
1541202536.48 54.2
1541202546.5 54.8
1541202556.52 53.7
1541202566.53 54.8
1541202576.55 54.2
1541202586.56 54.8
1541202596.58 53.7
1541202606.6 54.8
1541202616.63 53.2
1541202626.65 53.7
1541202636.66 53.7
1541202646.68 53.7
1541202656.7 54.2
1541202666.72 53.7
1541202676.73 54.2
1541202686.75 53.7
1541202696.76 53.7
1541202706.78 53.2
1541202716.8 53.7
1541202726.82 53.7
1541202736.84 54.2
1541202746.85 53.7
1541202756.87 53.2
1541202766.88 53.7
1541202776.9 53.7
1541202786.92 53.7
1541202796.94 54.2
1541202806.95 54.2
1541202816.97 53.7
1541202826.98 54.2
1541202837.0 54.8
1541202847.02 54.2
1541202857.03 53.7
1541202867.05 54.2
1541202877.07 53.7
1541202887.09 54.2
1541202897.12 53.7
1541202907.13 53.7
1541202917.15 53.7
1541202927.17 53.7
1541202937.19 53.7
1541202947.21 54.2
1541202957.23 54.2
1541202967.25 53.7
1541202977.27 53.7
1541202987.29 53.7
1541202997.31 54.8
1541203007.33 53.7
1541203017.35 55.3
1541203027.37 54.2
1541203037.39 53.7
1541203047.4 54.8
1541203057.42 54.8
1541203067.44 54.2
1541203077.46 54.8
1541203087.48 53.7
1541203097.5 54.8
1541203107.52 54.2
1541203117.53 53.7
1541203127.55 54.2
1541203137.57 53.7
1541203147.59 53.7
1541203157.61 53.7
1541203167.63 53.7
1541203177.65 54.2
1541203187.67 53.7
1541203197.68 53.7
