1541800005.33 45.1
1541800015.34 44.0
1541800025.36 45.1
1541800035.37 45.1
1541800045.39 45.1
1541800055.41 45.6
1541800065.42 46.2
1541800075.44 46.2
1541800085.45 45.6
1541800095.48 45.6
1541800105.49 45.1
1541800115.51 46.2
1541800125.52 46.2
1541800135.54 46.2
1541800145.56 45.6
1541800155.57 45.6
1541800165.59 45.6
1541800175.61 45.1
1541800185.63 46.2
1541800195.64 46.2
1541800205.66 46.2
1541800215.67 46.2
1541800225.69 46.2
1541800235.71 46.2
1541800245.73 46.2
1541800255.76 46.2
1541800265.77 46.2
1541800275.79 46.2
1541800285.81 46.2
1541800295.83 46.2
1541800305.85 46.2
1541800315.86 46.2
1541800325.88 45.6
1541800335.9 46.2
1541800345.92 46.2
1541800355.94 46.2
1541800365.95 46.2
1541800375.97 46.2
1541800385.99 46.2
1541800396.01 46.2
1541800406.03 45.6
1541800416.05 45.6
1541800426.07 46.2
1541800436.08 46.2
1541800446.11 45.1
1541800456.13 45.1
1541800466.14 46.2
1541800476.16 45.1
1541800486.18 45.1
1541800496.2 45.6
1541800506.21 46.2
1541800516.23 45.1
1541800526.25 45.1
1541800536.27 45.6
1541800546.29 45.1
1541800556.31 45.1
1541800566.32 46.2
1541800576.34 46.2
1541800586.36 45.6
1541800596.38 45.1
1541800606.4 46.2
1541800616.42 45.6
1541800626.44 46.2
1541800636.46 46.7
1541800646.48 45.6
1541800656.49 46.2
1541800666.52 45.6
1541800676.53 46.2
1541800686.55 45.6
1541800696.56 46.2
1541800706.58 45.1
1541800716.59 46.2
1541800726.6 45.1
1541800736.62 46.2
1541800746.63 45.1
1541800756.65 45.6
1541800766.67 45.1
1541800776.69 45.1
1541800786.7 45.1
1541800796.72 45.6
1541800806.73 47.2
1541800816.75 46.7
1541800826.76 46.2
1541800836.78 46.7
1541800846.8 45.6
1541800856.82 45.1
1541800866.84 45.1
1541800876.86 46.2
1541800886.88 45.6
1541800896.89 46.2
1541800906.91 46.2
1541800916.92 45.1
1541800926.93 45.1
1541800936.95 46.2
1541800946.97 45.6
1541800956.99 45.1
1541800967.0 45.1
1541800977.03 44.5
1541800987.05 45.1
1541800997.07 44.0
1541801007.08 45.6
1541801017.11 45.1
1541801027.13 45.1
1541801037.15 45.1
1541801047.17 44.5
1541801057.19 45.1
1541801067.21 44.5
1541801077.22 45.1
1541801087.24 44.5
1541801097.26 44.5
1541801107.28 44.0
1541801117.3 44.5
1541801127.32 45.1
1541801137.34 45.1
1541801147.36 44.0
1541801157.38 44.5
1541801167.4 44.5
1541801177.41 44.5
1541801187.44 44.0
1541801197.46 44.5
1541801207.47 44.5
1541801217.49 44.5
1541801227.5 44.5
1541801237.52 45.1
1541801247.53 44.0
1541801257.55 45.1
1541801267.56 44.0
1541801277.58 45.1
1541801287.6 44.0
1541801297.61 44.5
1541801307.63 43.5
1541801317.65 44.0
1541801327.67 43.5
1541801337.69 44.0
1541801347.71 44.0
1541801357.73 45.1
1541801367.75 44.0
1541801377.77 44.0
1541801387.79 45.1
1541801397.81 44.5
1541801407.83 44.5
1541801417.85 45.1
1541801427.86 45.1
1541801437.88 44.0
1541801447.9 45.1
1541801457.92 44.5
1541801467.94 45.1
1541801477.96 45.1
1541801487.97 45.1
1541801497.99 44.5
1541801508.01 45.1
1541801518.03 45.1
1541801528.04 45.1
1541801538.06 45.6
1541801548.08 45.1
1541801558.09 45.1
1541801568.12 45.1
1541801578.13 45.6
1541801588.15 45.1
1541801598.17 45.1
1541801608.18 44.5
1541801618.2 45.1
1541801628.23 45.1
1541801638.24 45.1
1541801648.26 45.1
1541801658.28 45.1
1541801668.29 45.1
1541801678.31 45.1
1541801688.33 45.1
1541801698.35 44.5
1541801708.37 44.0
1541801718.39 45.1
1541801728.41 44.5
1541801738.43 44.5
1541801748.44 44.0
1541801758.46 45.1
1541801768.48 45.1
1541801778.5 45.1
1541801788.51 45.1
1541801798.53 45.1
1541801808.54 44.5
1541801818.56 45.1
1541801828.57 45.1
1541801838.58 45.1
1541801848.6 45.6
1541801858.61 45.1
1541801868.63 45.1
1541801878.64 45.1
1541801888.65 45.1
1541801898.67 45.1
1541801908.69 45.1
1541801918.7 45.1
1541801928.72 44.5
1541801938.74 45.6
1541801948.76 45.1
1541801958.77 45.1
1541801968.79 45.1
1541801978.81 45.1
1541801988.83 45.1
1541801998.85 45.1
1541802008.87 45.1
1541802018.88 46.2
1541802028.9 45.6
1541802038.92 46.2
1541802048.94 46.2
1541802058.96 46.2
1541802068.97 46.2
1541802078.99 45.1
1541802089.0 45.1
1541802099.02 45.6
1541802109.04 45.1
1541802119.06 45.1
1541802129.08 44.0
1541802139.1 45.1
1541802149.11 45.6
1541802159.13 44.5
1541802169.16 45.1
1541802179.18 45.1
1541802189.2 44.5
1541802199.21 45.1
1541802209.23 45.1
1541802219.25 44.5
1541802229.27 45.1
1541802239.29 45.6
1541802249.31 44.5
1541802259.32 45.1
1541802269.34 45.1
1541802279.36 45.1
1541802289.37 45.1
1541802299.38 44.5
1541802309.4 45.6
1541802319.42 45.1
1541802329.44 45.1
1541802339.46 45.1
1541802349.47 45.1
1541802359.49 45.1
1541802369.5 45.1
1541802379.52 45.1
1541802389.54 45.6
1541802399.56 45.6
1541802409.57 45.6
1541802419.59 46.2
1541802429.61 45.6
1541802439.62 46.2
1541802449.64 46.2
1541802459.65 45.6
1541802469.67 45.6
1541802479.69 46.2
1541802489.7 45.6
1541802499.72 45.1
1541802509.74 45.6
1541802519.76 46.2
1541802529.78 45.6
1541802539.79 45.6
1541802549.81 46.2
1541802559.82 46.2
1541802569.84 46.2
1541802579.85 46.7
1541802589.86 46.2
1541802599.88 46.7
1541802609.9 46.2
1541802619.91 46.2
1541802629.93 46.2
1541802639.96 45.6
1541802649.97 46.2
1541802659.99 46.2
1541802670.01 46.7
1541802680.02 46.2
1541802690.04 47.2
1541802700.06 46.7
1541802710.08 45.6
1541802720.1 46.2
1541802730.12 45.1
1541802740.14 46.2
1541802750.15 46.2
1541802760.17 46.2
1541802770.18 46.2
1541802780.2 47.2
1541802790.22 46.2
1541802800.24 45.1
1541802810.25 46.7
1541802820.27 45.6
1541802830.28 46.7
1541802840.29 46.2
1541802850.31 45.6
1541802860.33 46.2
1541802870.35 46.2
1541802880.37 46.2
1541802890.38 45.6
1541802900.4 46.2
1541802910.41 46.2
1541802920.44 45.1
1541802930.46 45.1
1541802940.47 46.2
1541802950.49 46.2
1541802960.51 45.6
1541802970.52 46.2
1541802980.54 45.6
1541802990.55 46.2
1541803000.57 46.7
1541803010.59 47.2
1541803020.61 46.2
1541803030.62 46.2
1541803040.64 46.2
1541803050.66 45.6
1541803060.67 46.2
1541803070.69 46.2
1541803080.71 45.6
1541803090.73 46.7
1541803100.74 46.2
1541803110.77 46.7
1541803120.79 46.2
1541803130.8 46.2
1541803140.82 46.2
1541803150.84 46.2
1541803160.85 46.2
1541803170.87 46.2
1541803180.89 46.2
1541803190.91 46.2
1541803200.92 47.2
1541803210.94 46.7
1541803220.95 46.2
1541803230.97 45.6
1541803240.99 46.2
1541803251.0 46.2
1541803261.01 45.6
1541803271.03 45.1
1541803281.05 45.6
1541803291.06 45.1
1541803301.08 45.1
1541803311.1 45.1
1541803321.12 45.1
1541803331.13 45.1
1541803341.15 45.1
1541803351.16 45.1
1541803361.18 45.1
1541803371.2 45.6
1541803381.22 45.1
1541803391.23 45.1
1541803401.25 45.1
1541803411.27 45.1
1541803421.28 45.6
1541803431.31 45.1
1541803441.32 45.6
1541803451.34 45.6
1541803461.36 46.2
1541803471.37 45.1
1541803481.38 45.1
1541803491.4 46.2
1541803501.41 45.6
1541803511.42 45.1
1541803521.43 45.1
1541803531.45 45.6
1541803541.47 46.2
1541803551.48 45.1
1541803561.49 45.6
1541803571.51 45.1
1541803581.53 46.2
1541803591.54 45.6
1541803601.56 45.6
1541803611.65 46.2
1541803621.67 45.1
1541803631.69 46.2
1541803641.7 46.2
1541803651.71 45.1
1541803661.73 46.2
1541803671.75 45.1
1541803681.77 46.2
1541803691.78 45.6
1541803701.79 45.1
1541803711.81 45.1
1541803721.84 45.1
1541803731.86 45.1
1541803741.88 45.1
1541803751.9 45.1
1541803761.92 45.1
1541803771.94 45.6
1541803781.95 45.1
1541803791.97 45.6
1541803801.99 45.6
1541803812.0 45.1
1541803822.02 45.1
1541803832.04 45.1
1541803842.05 46.2
1541803852.07 45.6
1541803862.09 45.1
1541803872.11 45.6
1541803882.13 45.1
1541803892.14 45.6
1541803902.16 45.6
1541803912.18 46.2
1541803922.19 46.2
1541803932.2 46.7
1541803942.22 46.2
1541803952.23 45.6
1541803962.25 46.2
1541803972.27 46.2
1541803982.28 45.6
1541803992.3 46.2
1541804002.32 46.2
1541804012.33 46.2
1541804022.35 46.2
1541804032.37 46.2
1541804042.39 45.6
1541804052.41 45.6
1541804062.42 46.2
1541804072.44 46.2
1541804082.46 46.2
1541804092.47 46.2
1541804102.49 45.6
1541804112.51 46.2
1541804122.52 45.6
1541804132.54 46.2
1541804142.56 46.2
1541804152.57 46.2
1541804162.58 46.2
1541804172.6 45.6
1541804182.62 45.6
1541804192.64 46.2
1541804202.65 46.2
1541804212.67 45.1
1541804222.69 46.2
1541804232.71 46.2
1541804242.72 46.2
1541804252.74 46.2
1541804262.76 45.6
1541804272.78 46.2
1541804282.8 46.7
1541804292.82 46.2
1541804302.84 46.2
1541804312.85 46.2
1541804322.87 46.2
1541804332.89 46.2
1541804342.91 46.2
1541804352.93 46.7
1541804362.95 46.2
1541804372.98 46.2
1541804382.99 46.2
1541804393.01 45.1
