1541300009.05 40.8
1541300019.07 40.8
1541300029.09 40.8
1541300039.1 40.8
1541300049.12 40.8
1541300059.13 40.2
1541300069.16 40.8
1541300079.18 40.8
1541300089.2 40.8
1541300099.22 40.8
1541300109.24 40.8
1541300119.26 40.8
1541300129.28 39.7
1541300139.3 40.8
1541300149.32 40.2
1541300159.34 40.8
1541300169.34 41.3
1541300179.36 40.8
1541300189.39 40.8
1541300199.4 41.3
1541300209.42 40.8
1541300219.45 40.8
1541300229.47 40.2
1541300239.49 40.8
1541300249.51 40.8
1541300259.53 40.8
1541300269.55 41.3
1541300279.56 41.9
1541300289.59 40.8
1541300299.61 40.2
1541300309.62 40.8
1541300319.65 40.8
1541300329.67 40.8
1541300339.69 40.8
1541300349.7 40.8
1541300359.72 40.8
1541300369.75 40.2
1541300379.77 40.8
1541300389.78 40.8
1541300399.8 40.8
