1542400002.26 38.6
1542400012.28 38.6
1542400022.3 38.6
1542400032.32 38.6
1542400042.33 38.6
1542400052.34 39.2
1542400062.36 38.6
1542400072.37 38.6
1542400082.39 38.6
1542400092.4 39.7
1542400102.41 39.2
1542400112.49 39.2
1542400122.51 39.7
1542400132.53 39.2
1542400142.55 39.2
1542400152.56 39.7
1542400162.58 39.7
1542400172.6 39.7
1542400182.62 39.2
1542400192.64 39.2
1542400202.66 39.2
1542400212.68 38.6
1542400222.7 39.2
1542400232.71 39.2
1542400242.73 39.7
1542400252.75 39.2
1542400262.76 39.7
1542400272.78 39.7
1542400282.8 39.2
1542400292.81 39.2
1542400302.83 39.2
1542400312.85 39.7
1542400322.87 39.7
1542400332.89 39.7
1542400342.9 39.7
1542400352.92 39.7
1542400362.93 39.7
1542400372.95 39.7
1542400382.97 39.7
1542400392.99 39.2
1542400403.0 39.7
1542400413.02 39.2
1542400423.03 39.7
1542400433.05 39.2
1542400443.07 39.7
1542400453.09 38.6
1542400463.11 39.2
1542400473.13 39.7
1542400483.14 39.2
1542400493.16 39.2
1542400503.19 38.6
1542400513.21 39.2
1542400523.21 39.7
1542400533.23 39.7
1542400543.25 39.2
1542400553.26 39.7
1542400563.28 39.7
1542400573.29 39.7
1542400583.31 38.6
1542400593.33 39.7
1542400603.35 39.2
1542400613.37 39.2
1542400623.39 39.2
1542400633.41 39.2
1542400643.43 39.2
1542400653.44 39.7
1542400663.46 39.7
1542400673.48 40.2
1542400683.5 39.7
1542400693.52 39.2
1542400703.54 39.2
1542400713.55 39.7
1542400723.57 39.7
1542400733.59 39.7
1542400743.61 39.7
1542400753.63 39.7
1542400763.64 40.8
1542400773.66 39.7
1542400783.69 40.2
1542400793.7 39.7
1542400803.72 40.2
1542400813.74 40.2
1542400823.76 40.2
1542400833.78 39.7
1542400843.8 39.7
1542400853.82 40.2
1542400863.84 40.8
1542400873.86 40.2
1542400883.88 39.7
1542400893.9 40.8
1542400903.92 39.7
1542400913.93 40.8
1542400923.95 39.7
1542400933.96 39.2
1542400943.98 39.7
1542400954.0 39.7
1542400964.03 39.2
1542400974.05 39.2
1542400984.07 39.2
1542400994.09 39.7
1542401004.1 39.7
1542401014.12 39.7
1542401024.15 38.6
1542401034.16 39.7
1542401044.18 39.2
1542401054.2 39.2
1542401064.22 39.7
1542401074.24 39.2
1542401084.26 38.6
1542401094.28 39.2
1542401104.29 39.2
1542401114.31 38.6
1542401124.34 38.6
1542401134.36 38.1
1542401144.38 37.6
1542401154.4 38.1
1542401164.42 37.6
1542401174.44 38.6
1542401184.46 37.6
1542401194.49 37.6
1542401204.51 37.6
1542401214.53 38.6
1542401224.55 39.7
1542401234.57 38.6
1542401244.58 38.6
1542401254.61 38.6
1542401264.63 38.6
1542401274.65 38.6
1542401284.67 39.2
1542401294.68 39.2
1542401304.7 38.6
1542401314.73 38.6
1542401324.75 38.6
1542401334.77 38.6
1542401344.79 37.6
1542401354.81 39.2
1542401364.82 39.2
1542401374.84 39.2
1542401384.86 38.6
1542401394.88 38.6
1542401404.9 39.2
1542401414.93 38.6
1542401424.94 39.2
1542401434.97 39.2
1542401444.99 38.6
1542401455.0 39.2
1542401465.03 38.6
1542401475.04 39.2
1542401485.06 39.2
1542401495.08 38.6
1542401505.11 38.6
1542401515.13 38.6
1542401525.15 38.6
1542401535.17 39.2
1542401545.2 39.2
1542401555.21 39.7
1542401565.23 39.2
1542401575.25 39.7
1542401585.27 39.7
1542401595.29 39.2
1542401605.31 39.2
1542401615.33 39.2
1542401625.35 38.6
1542401635.37 38.6
1542401645.38 39.7
1542401655.4 38.6
1542401665.42 38.6
1542401675.44 39.2
1542401685.46 39.7
1542401695.47 39.7
1542401705.49 39.2
1542401715.51 39.7
1542401725.53 39.2
1542401735.54 40.2
1542401745.56 39.2
1542401755.59 39.7
1542401765.6 39.7
1542401775.62 39.7
1542401785.64 39.7
1542401795.65 40.8
1542401805.67 40.2
1542401815.69 39.7
1542401825.71 39.7
1542401835.74 40.2
1542401845.76 40.2
1542401855.78 40.8
1542401865.8 39.7
1542401875.82 39.7
1542401885.83 40.2
1542401895.85 40.2
1542401905.87 39.7
1542401915.88 39.7
1542401925.9 39.7
1542401935.91 40.2
1542401945.93 39.7
1542401955.94 39.7
1542401965.96 39.7
1542401975.98 39.2
1542401986.0 39.7
1542401996.01 40.8
1542402006.03 40.8
1542402016.05 40.8
1542402026.06 39.7
1542402036.08 39.7
1542402046.1 39.7
1542402056.12 39.2
1542402066.14 39.7
1542402076.15 39.7
1542402086.17 39.7
1542402096.19 40.2
1542402106.21 40.2
1542402116.22 39.7
1542402126.23 39.7
1542402136.25 39.7
1542402146.26 39.7
1542402156.28 39.7
1542402166.3 38.6
1542402176.32 38.6
1542402186.34 39.7
1542402196.35 39.7
1542402206.36 39.7
1542402216.38 39.2
1542402226.39 39.7
1542402236.41 39.2
1542402246.42 39.7
1542402256.43 39.7
1542402266.61 39.7
1542402276.62 39.7
1542402286.64 39.7
1542402296.66 38.6
1542402306.68 39.7
1542402316.7 39.7
1542402326.72 39.2
1542402336.74 38.6
1542402346.75 39.2
1542402356.77 39.2
1542402366.79 38.6
1542402376.81 39.2
1542402386.83 39.2
1542402396.84 40.2
1542402406.86 38.6
1542402416.87 39.7
1542402426.89 39.7
1542402436.91 39.7
1542402446.93 39.7
1542402456.95 39.2
1542402466.96 39.7
1542402476.98 38.6
1542402487.01 39.7
1542402497.02 39.7
1542402507.04 39.7
1542402517.05 39.7
1542402527.07 40.2
1542402537.09 39.7
1542402547.1 40.2
1542402557.12 40.2
1542402567.14 39.7
1542402577.16 40.2
1542402587.17 40.8
1542402597.19 40.2
1542402607.21 40.2
1542402617.23 40.2
1542402627.25 39.7
1542402637.27 39.7
1542402647.29 39.7
1542402657.31 39.7
1542402667.33 39.7
1542402677.35 39.7
1542402687.37 39.7
1542402697.38 39.7
1542402707.41 39.7
1542402717.43 39.7
1542402727.45 39.2
1542402737.47 40.2
1542402747.49 39.2
1542402757.51 39.2
1542402767.53 39.7
1542402777.55 39.2
1542402787.57 39.2
1542402797.59 39.7
1542402807.6 39.2
1542402817.62 39.2
1542402827.64 39.2
1542402837.66 39.2
1542402847.67 38.6
1542402857.69 39.7
1542402867.72 38.6
1542402877.73 39.7
1542402887.76 38.6
1542402897.78 38.6
1542402907.8 38.6
1542402917.81 39.2
1542402927.83 39.7
1542402937.85 39.2
1542402947.87 38.6
1542402957.88 38.6
1542402967.91 38.6
1542402977.93 38.6
1542402987.94 39.2
1542402997.96 39.2
1542403007.98 38.1
1542403017.99 39.2
1542403028.01 39.7
1542403038.03 39.2
1542403048.05 39.2
1542403058.06 39.2
1542403068.07 39.2
1542403078.09 39.7
1542403088.11 39.7
1542403098.12 39.7
1542403108.15 39.7
1542403118.17 38.6
1542403128.19 39.2
1542403138.21 38.6
1542403148.22 39.2
1542403158.24 39.2
1542403168.27 39.2
1542403178.28 39.7
1542403188.3 39.2
1542403198.32 39.2
1542403208.34 39.2
1542403218.36 38.6
1542403228.38 39.2
1542403238.4 38.6
1542403248.42 39.2
1542403258.44 39.2
1542403268.46 38.6
1542403278.47 39.2
1542403288.48 39.2
1542403298.5 38.6
1542403308.52 38.6
1542403318.54 39.2
1542403328.56 39.2
1542403338.58 39.2
1542403348.6 39.2
1542403358.61 39.2
1542403368.64 39.2
1542403378.65 39.2
1542403388.67 38.6
1542403398.69 39.2
1542403408.71 38.6
1542403418.73 39.2
1542403428.74 39.2
1542403438.76 39.2
1542403448.78 39.7
1542403458.8 39.7
1542403468.82 39.2
1542403478.84 39.7
1542403488.86 38.6
1542403498.87 39.2
1542403508.9 38.6
1542403518.92 39.2
1542403528.93 39.7
1542403538.95 38.6
1542403548.97 39.2
1542403558.98 39.2
1542403569.0 39.7
1542403579.02 38.6
1542403589.03 39.7
1542403599.06 39.7
1542403609.07 39.7
1542403619.09 39.2
1542403629.11 39.2
1542403639.13 38.6
1542403649.15 39.2
1542403659.17 39.2
1542403669.19 38.6
1542403679.21 38.6
1542403689.23 38.6
1542403699.25 38.6
1542403709.27 38.6
1542403719.29 38.6
1542403729.3 38.6
1542403739.32 39.2
1542403749.33 38.6
1542403759.36 38.6
1542403769.38 38.6
1542403779.4 39.2
1542403789.42 38.6
1542403799.43 39.2
1542403809.45 39.7
1542403819.46 39.2
1542403829.48 39.7
1542403839.49 38.6
1542403849.51 39.2
1542403859.53 39.2
1542403869.55 38.6
1542403879.57 39.2
1542403889.59 39.7
1542403899.61 39.2
1542403909.62 39.7
1542403919.64 39.7
1542403929.66 39.2
1542403939.68 39.7
1542403949.7 39.7
1542403959.71 40.2
1542403969.73 39.7
1542403979.75 39.7
1542403989.77 39.7
1542403999.79 39.7
1542404009.81 39.7
1542404019.82 39.2
1542404029.83 39.7
1542404039.85 39.7
1542404049.86 40.2
1542404059.89 39.2
1542404069.9 39.7
1542404079.92 39.7
1542404089.93 39.7
1542404099.95 39.2
1542404109.96 39.2
1542404119.97 39.2
1542404129.99 39.7
1542404140.01 39.2
1542404150.02 39.2
1542404160.03 39.7
1542404170.04 39.7
1542404180.06 39.2
1542404190.07 39.2
1542404200.09 39.7
1542404210.1 39.7
1542404220.11 39.7
1542404230.13 39.7
1542404240.15 39.7
1542404250.16 39.7
1542404260.17 39.2
1542404270.19 39.7
1542404280.22 38.6
1542404290.24 39.2
1542404300.25 39.2
1542404310.26 39.2
1542404320.27 39.2
1542404330.29 38.6
1542404340.31 39.2
1542404350.32 39.2
1542404360.33 39.2
1542404370.35 39.2
1542404380.37 38.6
1542404390.39 38.6
1542404400.4 39.2
1542404410.41 39.2
1542404420.43 39.2
1542404430.44 38.6
1542404440.46 38.6
1542404450.47 38.6
1542404460.49 39.2
1542404470.5 38.6
1542404480.52 38.6
1542404490.53 39.7
1542404500.55 38.1
1542404510.56 38.1
1542404520.58 38.6
1542404530.6 38.1
1542404540.62 38.1
1542404550.65 37.6
1542404560.67 37.6
1542404570.68 38.6
1542404580.7 37.6
1542404590.72 38.1
1542404600.74 38.6
1542404610.76 38.6
1542404620.78 38.1
1542404630.79 38.1
1542404640.81 38.6
1542404650.82 39.2
1542404660.84 38.6
1542404670.85 38.6
1542404680.86 38.1
1542404690.88 38.1
1542404700.91 38.1
1542404710.92 37.6
1542404720.94 38.1
1542404730.96 37.6
1542404740.98 38.1
1542404751.0 38.6
1542404761.02 38.1
1542404771.04 37.6
1542404781.06 37.0
1542404791.08 38.1
1542404801.1 38.6
1542404811.11 37.6
1542404821.13 37.6
1542404831.15 38.6
1542404841.17 37.6
1542404851.19 39.2
1542404861.21 38.1
1542404871.23 38.1
1542404881.26 38.6
1542404891.28 38.6
1542404901.29 38.6
1542404911.31 38.6
1542404921.32 38.6
1542404931.34 39.2
1542404941.35 38.6
1542404951.36 39.2
1542404961.38 38.6
1542404971.39 38.6
1542404981.41 38.1
1542404991.43 38.1
1542405001.45 37.0
1542405011.47 38.6
1542405021.49 38.6
1542405031.5 38.6
1542405041.52 38.6
1542405051.53 38.6
1542405061.55 38.6
1542405071.56 39.2
1542405081.57 39.2
1542405091.59 38.6
1542405101.61 39.2
1542405111.63 38.6
1542405121.64 38.6
1542405131.65 38.6
1542405141.67 38.6
1542405151.68 38.6
1542405161.7 38.6
1542405171.72 38.6
1542405181.74 38.6
1542405191.76 38.6
1542405201.77 39.2
1542405211.79 39.2
1542405221.8 39.2
1542405231.83 38.6
1542405241.85 38.6
1542405251.87 39.2
1542405261.88 38.6
1542405271.89 38.6
1542405281.91 38.6
1542405291.93 39.2
1542405301.94 39.2
1542405311.96 39.2
1542405321.98 38.6
1542405331.99 39.7
1542405342.01 38.6
1542405352.04 38.6
1542405362.05 39.2
1542405372.07 38.1
1542405382.09 38.6
1542405392.11 38.6
1542405402.13 38.6
1542405412.16 39.2
1542405422.17 39.2
1542405432.19 39.2
1542405442.21 38.6
1542405452.23 38.6
1542405462.25 38.6
1542405472.26 38.1
1542405482.28 38.6
1542405492.3 38.6
1542405502.31 38.6
1542405512.32 39.2
1542405522.33 38.6
1542405532.35 38.6
1542405542.36 39.2
1542405552.38 38.6
1542405562.4 38.6
1542405572.41 38.6
1542405582.43 39.2
1542405592.45 38.6
