1542100007.75 39.7
1542100017.77 39.2
1542100027.79 39.7
1542100037.81 39.7
1542100047.83 39.7
1542100057.85 39.7
1542100067.87 38.6
1542100077.89 39.7
1542100087.91 39.2
1542100097.94 39.7
1542100107.96 39.7
1542100117.98 39.2
1542100128.0 39.2
1542100138.02 39.2
1542100148.04 39.7
1542100158.06 39.7
1542100168.09 39.7
1542100178.11 39.2
1542100188.13 39.2
1542100198.15 39.2
1542100208.17 39.7
1542100218.19 39.7
1542100228.21 39.7
1542100238.23 38.6
1542100248.26 39.7
1542100258.28 40.8
1542100268.3 39.7
1542100278.32 39.7
1542100288.34 39.7
1542100298.36 39.7
1542100308.38 39.7
1542100318.41 39.2
1542100328.43 39.2
1542100338.46 39.2
1542100348.48 39.7
1542100358.5 39.7
1542100368.52 40.2
1542100378.54 38.6
1542100388.56 39.2
1542100398.58 39.7
1542100408.6 39.7
1542100418.62 39.7
1542100428.64 39.7
1542100438.66 39.2
1542100448.68 39.7
1542100458.71 39.7
1542100468.73 39.2
1542100478.75 39.7
1542100488.76 39.7
1542100498.78 39.7
1542100508.81 40.2
1542100518.83 39.7
1542100528.84 39.7
1542100538.86 39.7
1542100548.88 39.7
1542100558.9 39.2
1542100568.92 39.7
1542100578.94 40.2
1542100588.96 39.7
1542100598.98 39.7
1542100609.0 39.2
1542100619.02 39.7
1542100629.05 39.7
1542100639.07 39.7
1542100649.08 39.7
1542100659.1 40.8
1542100669.12 39.7
1542100679.14 39.7
1542100689.15 40.2
1542100699.17 39.7
1542100709.19 39.7
1542100719.21 39.7
1542100729.22 40.2
1542100739.24 39.7
1542100749.26 39.7
1542100759.28 39.7
1542100769.3 40.2
1542100779.32 40.8
1542100789.34 39.7
1542100799.36 39.7
1542100809.38 39.7
1542100819.4 39.7
1542100829.42 39.2
1542100839.44 39.7
1542100849.46 39.7
1542100859.48 39.7
1542100869.5 39.2
1542100879.52 39.7
1542100889.54 39.2
1542100899.57 39.2
1542100909.59 39.2
1542100919.61 39.7
1542100929.63 39.7
1542100939.65 38.6
1542100949.67 39.7
1542100959.69 39.7
1542100969.71 39.7
1542100979.73 39.7
1542100989.75 39.7
1542100999.77 40.2
1542101009.79 39.7
1542101019.81 40.2
1542101029.82 39.7
1542101039.84 40.8
1542101049.84 40.8
1542101059.86 39.7
1542101069.89 39.7
1542101079.91 39.7
1542101089.93 39.7
1542101099.95 39.7
1542101109.97 39.7
1542101119.99 40.8
1542101130.02 39.7
1542101140.04 39.7
1542101150.06 39.7
1542101160.08 39.7
1542101170.1 40.8
1542101180.13 39.7
1542101190.14 39.7
1542101200.15 40.8
1542101210.18 40.2
1542101220.2 39.7
1542101230.22 39.7
1542101240.24 39.7
1542101250.26 39.7
1542101260.28 40.8
1542101270.3 39.7
1542101280.32 40.2
1542101290.34 39.7
1542101300.36 39.7
1542101310.38 40.8
1542101320.4 40.2
1542101330.41 40.8
1542101340.43 39.7
1542101350.45 40.8
1542101360.47 40.2
1542101370.49 39.7
1542101380.51 39.7
1542101390.53 39.7
1542101400.57 39.7
1542101410.59 40.8
1542101420.61 40.2
1542101430.63 39.7
1542101440.65 40.8
1542101450.67 39.7
1542101460.69 39.7
1542101470.71 40.2
1542101480.73 39.7
1542101490.75 40.8
1542101500.77 40.8
1542101510.78 40.2
1542101520.79 40.8
1542101530.81 40.2
1542101540.83 40.2
1542101550.85 40.2
1542101560.87 39.7
1542101570.89 39.7
1542101580.91 39.2
1542101590.93 40.2
1542101600.95 40.8
1542101610.96 39.7
1542101620.98 39.7
1542101631.0 40.8
1542101641.02 40.2
1542101651.04 39.7
1542101661.06 39.7
1542101671.08 39.7
1542101681.1 39.7
1542101691.12 40.8
1542101701.13 40.8
1542101711.15 39.7
1542101721.17 39.7
1542101731.19 39.7
1542101741.21 39.7
1542101751.23 39.7
1542101761.25 40.8
1542101771.27 39.7
1542101781.28 39.7
1542101791.3 39.7
1542101801.32 40.2
1542101811.34 40.2
1542101821.36 39.7
1542101831.38 39.7
1542101841.4 40.2
1542101851.42 39.7
1542101861.45 39.7
1542101871.47 39.2
1542101881.48 39.2
1542101891.5 39.7
1542101901.52 39.2
1542101911.54 39.7
1542101921.56 39.7
1542101931.58 39.7
1542101941.61 39.7
1542101951.63 39.7
1542101961.65 39.2
1542101971.67 38.6
1542101981.69 39.7
1542101991.71 39.7
1542102001.73 39.7
1542102011.75 39.7
1542102021.78 39.7
1542102031.8 39.7
1542102041.82 39.2
1542102051.84 39.2
1542102061.86 39.2
1542102071.88 39.2
1542102081.9 39.7
1542102091.93 39.7
1542102101.95 39.2
1542102111.97 39.7
1542102121.99 39.2
1542102132.01 39.7
1542102142.03 39.7
1542102152.05 39.7
1542102162.07 39.2
1542102172.09 39.7
1542102182.11 39.7
1542102192.12 39.7
1542102202.14 39.7
1542102212.16 39.7
1542102222.18 39.7
1542102232.2 40.2
1542102242.22 39.7
1542102252.24 39.7
1542102262.26 39.7
1542102272.28 39.7
1542102282.3 39.2
1542102292.32 39.7
1542102302.35 40.2
1542102312.36 40.8
1542102322.38 39.7
1542102332.4 40.2
1542102342.42 39.7
1542102352.44 39.7
1542102362.46 39.7
1542102372.48 39.7
1542102382.5 39.7
1542102392.52 39.7
1542102402.54 39.7
1542102412.56 39.7
1542102422.59 39.7
1542102432.61 39.2
1542102442.63 39.7
1542102452.65 39.7
1542102462.67 40.8
1542102472.69 39.7
1542102482.71 39.7
1542102492.73 40.2
1542102502.75 39.7
1542102512.77 39.7
1542102522.79 40.8
1542102532.81 40.2
1542102542.83 39.7
1542102552.85 39.7
1542102562.87 39.7
1542102572.9 39.7
1542102582.92 39.7
1542102592.94 40.8
1542102602.97 40.2
1542102612.99 40.8
1542102623.0 40.2
1542102633.03 39.7
1542102643.05 39.7
1542102653.06 40.2
1542102663.08 39.7
1542102673.1 40.2
1542102683.12 39.7
1542102693.14 39.7
1542102703.16 39.7
1542102713.18 39.7
1542102723.2 39.7
1542102733.22 40.2
1542102743.24 39.7
1542102753.26 40.8
1542102763.28 39.7
1542102773.3 40.2
1542102783.33 41.3
1542102793.35 39.7
1542102803.37 40.2
1542102813.39 40.8
1542102823.41 39.7
1542102833.43 39.7
1542102843.44 40.8
1542102853.47 39.7
1542102863.48 40.8
1542102873.5 40.8
1542102883.52 39.7
1542102893.54 39.7
1542102903.56 39.7
1542102913.58 40.8
1542102923.6 39.7
1542102933.62 39.7
1542102943.65 39.7
1542102953.67 39.7
1542102963.69 39.7
1542102973.71 39.7
1542102983.73 39.7
1542102993.75 39.7
1542103003.77 40.2
1542103013.79 39.7
1542103023.81 39.7
1542103033.83 40.2
1542103043.85 40.2
1542103053.87 40.2
1542103063.89 40.2
1542103073.91 39.7
1542103083.93 39.7
1542103093.96 39.7
1542103103.97 40.2
1542103113.99 40.8
1542103124.01 39.7
1542103134.04 40.8
1542103144.06 39.7
1542103154.08 40.2
1542103164.1 40.2
1542103174.12 40.8
1542103184.13 40.8
1542103194.16 39.7
1542103204.17 40.8
