1542200002.81 37.6
1542200012.83 37.6
1542200022.85 38.6
1542200032.87 38.1
1542200042.89 37.6
1542200052.91 37.6
1542200062.93 38.6
1542200072.95 38.1
1542200082.97 38.1
1542200092.99 38.6
1542200103.0 38.6
1542200113.02 37.6
1542200123.05 38.1
1542200133.06 38.6
1542200143.08 38.6
1542200153.1 38.1
1542200163.12 38.6
1542200173.13 37.6
1542200183.16 37.6
1542200193.17 38.6
1542200203.19 38.6
1542200213.22 38.6
1542200223.23 39.2
1542200233.25 39.2
1542200243.27 38.6
1542200253.29 38.6
1542200263.31 38.6
1542200273.33 38.6
1542200283.36 38.6
1542200293.38 39.2
1542200303.4 39.2
1542200313.42 39.2
1542200323.44 39.2
1542200333.46 38.6
1542200343.48 39.2
1542200353.5 39.7
1542200363.52 39.2
1542200373.54 39.7
1542200383.56 40.2
1542200393.57 39.7
