1542000006.88 33.8
1542000016.89 34.3
1542000026.91 33.8
1542000036.94 33.2
1542000046.95 33.8
1542000056.97 34.3
1542000067.0 33.2
1542000077.02 33.2
1542000087.03 33.8
1542000097.05 33.8
1542000107.07 33.8
1542000117.09 33.8
1542000127.11 33.2
1542000137.13 34.3
1542000147.15 33.8
1542000157.16 34.3
1542000167.18 34.3
1542000177.2 33.2
1542000187.22 33.8
1542000197.24 33.2
1542000207.27 34.3
1542000217.3 33.8
1542000227.32 34.3
1542000237.34 33.2
1542000247.36 34.3
1542000257.38 33.2
1542000267.4 33.2
1542000277.42 33.8
1542000287.43 33.8
1542000297.46 33.8
1542000307.48 33.2
1542000317.51 33.2
1542000327.53 33.2
1542000337.55 33.2
1542000347.57 33.2
1542000357.58 33.8
1542000367.6 34.3
1542000377.62 34.9
1542000387.64 33.8
1542000397.66 33.2
1542000407.68 34.3
1542000417.7 33.2
1542000427.72 34.3
1542000437.73 34.3
1542000447.75 34.3
1542000457.77 34.9
1542000467.78 34.3
1542000477.8 34.3
1542000487.81 34.3
1542000497.84 33.2
1542000507.86 33.2
1542000517.88 33.2
1542000527.9 33.8
1542000537.92 33.2
1542000547.93 34.3
1542000557.97 33.2
1542000567.99 33.2
1542000578.01 34.3
1542000588.03 33.8
1542000598.05 33.2
1542000608.07 33.2
1542000618.09 33.2
1542000628.11 33.8
1542000638.13 33.2
1542000648.15 33.2
1542000658.16 34.3
1542000668.19 33.2
1542000678.21 34.3
1542000688.23 34.3
1542000698.25 33.2
1542000708.27 33.8
1542000718.29 33.2
1542000728.31 34.3
1542000738.33 33.2
1542000748.35 33.2
1542000758.37 34.3
1542000768.39 33.8
1542000778.41 33.2
1542000788.43 33.2
1542000798.45 34.3
1542000808.46 33.2
1542000818.48 33.2
1542000828.5 33.2
1542000838.52 33.8
1542000848.55 33.2
1542000858.57 33.2
1542000868.58 34.3
1542000878.6 33.8
1542000888.62 33.8
1542000898.64 33.2
1542000908.66 33.2
1542000918.68 33.8
1542000928.7 33.8
1542000938.71 34.3
1542000948.74 33.2
1542000958.76 33.2
1542000968.77 34.9
1542000978.79 33.8
1542000988.81 33.8
1542000998.83 34.3
1542001008.85 34.3
1542001018.87 33.2
1542001028.89 33.8
1542001038.91 33.2
1542001048.93 33.2
1542001058.95 33.8
1542001068.96 33.8
1542001078.98 33.8
1542001089.0 33.8
1542001099.02 33.2
1542001109.04 33.8
1542001119.06 33.8
1542001129.08 33.8
1542001139.1 33.2
1542001149.12 33.8
1542001159.14 33.2
1542001169.16 33.8
1542001179.19 33.2
1542001189.21 33.2
1542001199.23 33.2
1542001209.25 32.7
1542001219.27 34.3
1542001229.29 33.8
1542001239.31 33.2
1542001249.33 33.8
1542001259.33 34.3
1542001269.35 33.2
1542001279.37 33.2
1542001289.39 33.2
1542001299.4 33.2
1542001309.42 33.8
1542001319.43 33.2
1542001329.45 33.2
1542001339.46 33.8
1542001349.48 33.2
1542001359.49 33.8
1542001369.51 33.8
1542001379.52 33.2
1542001389.54 33.2
1542001399.55 33.8
1542001409.57 32.7
1542001419.59 32.7
1542001429.61 33.2
1542001439.63 33.2
1542001449.64 34.3
1542001459.67 33.8
1542001469.68 33.2
1542001479.7 33.2
1542001489.72 33.2
1542001499.74 33.2
1542001509.76 33.2
1542001519.78 33.8
1542001529.8 33.2
1542001539.82 33.2
1542001549.84 33.2
1542001559.86 33.2
1542001569.88 33.2
1542001579.9 34.3
1542001589.92 33.8
1542001599.94 33.2
1542001609.97 33.8
1542001619.99 33.2
1542001630.01 33.2
1542001640.03 33.2
1542001650.05 33.2
1542001660.07 32.7
1542001670.09 33.2
1542001680.11 33.2
1542001690.13 33.2
1542001700.15 33.2
1542001710.16 33.2
1542001720.19 32.7
1542001730.21 33.2
1542001740.21 33.2
1542001750.23 32.7
1542001760.25 33.2
1542001770.27 33.2
1542001780.29 33.2
1542001790.31 32.7
1542001800.33 32.7
1542001810.36 33.2
1542001820.38 32.7
1542001830.39 33.8
1542001840.41 33.2
1542001850.43 33.8
1542001860.45 33.8
1542001870.47 33.2
1542001880.49 33.8
1542001890.51 34.3
1542001900.53 34.3
1542001910.55 34.3
1542001920.57 33.8
1542001930.59 33.2
1542001940.61 33.2
1542001950.63 33.2
1542001960.66 33.2
1542001970.68 33.2
1542001980.7 33.2
1542001990.72 33.2
1542002000.74 33.8
1542002010.76 33.8
1542002020.77 33.8
1542002030.79 33.8
1542002040.82 33.2
1542002050.84 33.8
1542002060.86 33.2
1542002070.88 33.8
1542002080.9 33.2
1542002090.92 33.2
1542002100.95 33.2
1542002110.97 33.2
1542002120.99 33.2
1542002131.01 33.2
1542002141.03 33.2
1542002151.05 33.2
1542002161.08 32.7
1542002171.09 33.8
1542002181.11 33.2
1542002191.12 33.2
1542002201.14 34.3
1542002211.16 33.2
1542002221.18 34.3
1542002231.2 33.8
1542002241.22 33.8
1542002251.24 33.2
1542002261.26 33.2
1542002271.28 33.8
1542002281.3 33.2
1542002291.32 33.2
1542002301.34 32.7
1542002311.36 33.2
1542002321.38 34.3
1542002331.4 33.2
1542002341.42 33.2
1542002351.44 33.2
1542002361.47 33.2
1542002371.49 33.2
1542002381.5 33.8
1542002391.52 33.8
1542002401.54 33.2
