1542500009.17 40.8
1542500019.19 40.8
1542500029.21 40.8
1542500039.23 40.8
1542500049.25 40.8
1542500059.27 40.8
1542500069.29 40.8
1542500079.3 40.8
1542500089.32 40.2
1542500099.34 40.8
1542500109.36 40.8
1542500119.38 40.8
1542500129.4 40.8
1542500139.42 40.8
1542500149.44 40.2
1542500159.46 40.8
1542500169.48 39.7
1542500179.49 40.8
1542500189.51 40.2
1542500199.52 40.8
1542500209.54 40.8
1542500219.55 40.8
1542500229.57 39.7
1542500239.6 40.2
1542500249.61 40.8
1542500259.63 40.8
1542500269.65 40.8
1542500279.68 40.2
1542500289.69 40.8
1542500299.71 40.8
1542500309.73 40.8
1542500319.75 40.8
1542500329.76 41.3
1542500339.78 41.3
1542500349.79 40.8
1542500359.8 41.3
1542500369.82 40.8
1542500379.83 40.8
1542500389.85 40.8
1542500399.86 41.3
1542500409.88 40.8
1542500419.9 40.8
1542500429.92 40.8
1542500439.93 41.3
1542500449.95 41.3
1542500459.97 41.3
1542500469.99 41.9
1542500480.01 41.3
1542500490.03 41.9
1542500500.05 41.3
1542500510.06 41.3
1542500520.07 41.9
1542500530.09 42.4
1542500540.1 41.3
1542500550.12 41.9
1542500560.15 41.3
1542500570.17 40.8
1542500580.19 41.3
1542500590.21 41.9
1542500600.22 41.9
1542500610.24 41.3
1542500620.26 41.3
1542500630.28 41.3
1542500640.29 42.4
1542500650.31 41.3
1542500660.33 41.3
1542500670.35 41.9
1542500680.37 40.8
1542500690.38 40.8
1542500700.41 41.3
1542500710.42 40.8
1542500720.44 41.9
1542500730.45 41.9
1542500740.47 41.9
1542500750.48 41.9
1542500760.5 41.9
1542500770.52 41.9
1542500780.54 41.9
1542500790.56 40.8
1542500800.58 41.3
1542500810.6 40.8
1542500820.62 41.3
1542500830.64 40.8
1542500840.65 41.3
1542500850.67 41.9
1542500860.69 40.8
1542500870.71 40.8
1542500880.73 40.2
1542500890.75 40.8
1542500900.77 40.8
1542500910.79 40.8
1542500920.81 41.3
1542500930.83 40.8
1542500940.85 39.7
1542500950.86 41.3
1542500960.88 40.8
1542500970.89 41.3
1542500980.92 40.8
1542500990.93 41.3
1542501000.94 40.8
1542501010.96 40.8
1542501020.98 40.8
1542501031.0 40.8
1542501041.02 41.3
1542501051.03 41.3
1542501061.05 41.3
1542501071.07 41.9
1542501081.09 41.9
1542501091.11 41.9
1542501101.13 41.9
1542501111.15 41.9
1542501121.18 41.9
1542501131.19 41.9
1542501141.21 41.9
1542501151.23 42.4
1542501161.25 41.9
1542501171.26 41.9
1542501181.28 42.4
1542501191.3 41.9
1542501201.31 41.9
1542501211.33 41.3
1542501221.35 41.3
1542501231.37 41.9
1542501241.38 41.9
1542501251.4 41.3
1542501261.43 41.9
1542501271.44 41.3
1542501281.46 41.3
1542501291.48 41.9
1542501301.5 41.3
1542501311.52 41.3
1542501321.54 41.9
1542501331.58 40.8
1542501341.59 40.8
1542501351.61 40.8
1542501361.63 41.9
1542501371.65 40.8
1542501381.66 41.9
1542501391.68 41.3
1542501401.69 40.8
1542501411.71 40.8
1542501421.73 41.3
1542501431.74 41.3
1542501441.76 41.3
1542501451.78 41.3
1542501461.79 41.3
1542501471.81 40.8
1542501481.82 41.9
1542501491.84 41.3
1542501501.85 41.3
1542501511.87 41.9
1542501521.89 41.3
1542501531.91 40.8
1542501541.93 40.8
1542501551.94 40.8
1542501561.97 40.8
1542501571.98 41.3
1542501582.0 40.8
1542501592.02 40.8
1542501602.04 40.8
1542501612.06 40.8
1542501622.08 40.8
1542501632.1 40.8
1542501642.12 40.8
1542501652.14 40.8
1542501662.16 40.8
1542501672.17 40.8
1542501682.19 40.8
1542501692.21 40.2
1542501702.22 40.8
1542501712.24 40.2
1542501722.26 41.3
1542501732.27 41.3
1542501742.29 40.8
1542501752.31 40.8
1542501762.33 40.8
1542501772.34 40.8
1542501782.36 40.8
1542501792.38 40.8
1542501802.4 40.8
1542501812.42 40.8
1542501822.44 40.8
1542501832.46 40.2
1542501842.48 40.8
1542501852.5 40.8
1542501862.52 39.7
1542501872.54 39.7
1542501882.55 40.8
1542501892.57 40.2
1542501902.58 40.8
1542501912.6 40.8
1542501922.61 40.8
1542501932.63 39.7
1542501942.66 39.7
1542501952.68 39.7
1542501962.7 39.7
1542501972.71 40.2
1542501982.74 39.7
1542501992.76 39.7
1542502002.78 38.6
1542502012.8 39.2
1542502022.82 39.7
1542502032.84 40.2
1542502042.86 40.8
1542502052.88 39.7
1542502062.9 40.2
1542502072.91 40.8
1542502082.93 39.7
1542502092.95 40.2
1542502102.97 39.7
1542502112.99 39.7
1542502123.01 39.7
1542502133.03 39.7
1542502143.05 39.7
1542502153.07 39.2
1542502163.09 39.2
1542502173.11 39.7
1542502183.13 39.7
1542502193.16 39.7
1542502203.18 39.7
1542502213.19 39.7
1542502223.21 39.2
1542502233.23 40.2
1542502243.24 39.7
1542502253.26 39.7
1542502263.28 39.7
1542502273.3 39.7
1542502283.31 39.7
1542502293.33 39.7
1542502303.35 40.8
1542502313.37 39.7
1542502323.39 40.8
1542502333.41 39.2
1542502343.42 40.8
1542502353.44 39.7
1542502363.45 40.8
1542502373.47 40.8
1542502383.49 39.7
1542502393.51 39.7
1542502403.53 40.8
1542502413.55 40.2
1542502423.56 40.2
1542502433.58 40.8
1542502443.6 40.2
1542502453.61 40.2
1542502463.63 39.7
1542502473.65 40.2
1542502483.68 40.8
1542502493.69 40.8
1542502503.71 39.7
1542502513.73 40.8
1542502523.75 40.2
1542502533.77 39.7
1542502543.78 40.8
1542502553.8 40.2
1542502563.82 40.8
1542502573.84 39.7
1542502583.86 39.7
1542502593.88 40.2
1542502603.89 40.2
1542502613.91 40.8
1542502623.93 39.7
1542502633.94 40.8
1542502643.96 40.8
1542502653.97 40.8
1542502663.99 40.8
1542502674.01 40.8
1542502684.03 39.7
1542502694.05 40.8
1542502704.07 40.8
1542502714.08 40.8
1542502724.1 40.8
1542502734.12 40.8
1542502744.14 40.8
1542502754.15 40.8
1542502764.17 40.8
1542502774.19 40.8
1542502784.21 40.8
1542502794.23 40.8
