1542800007.48 34.3
1542800017.5 34.3
1542800027.52 34.3
1542800037.54 34.3
1542800047.56 34.3
1542800057.57 34.3
1542800067.59 34.9
1542800077.61 34.9
1542800087.62 34.3
1542800097.64 34.9
1542800107.66 34.9
1542800117.67 34.9
1542800127.68 34.9
1542800137.7 34.9
1542800147.72 35.4
1542800157.74 35.4
1542800167.76 35.4
1542800177.77 34.9
1542800187.79 34.3
1542800197.81 34.3
1542800207.83 34.9
1542800217.85 34.9
1542800227.87 34.9
1542800237.89 34.3
1542800247.91 34.3
1542800257.94 34.3
1542800267.95 34.3
1542800277.97 34.9
1542800287.98 34.3
1542800298.0 34.3
1542800308.01 34.3
1542800318.03 34.3
1542800328.05 34.3
1542800338.07 34.3
1542800348.09 33.8
1542800358.11 34.9
1542800368.13 34.3
1542800378.15 34.3
1542800388.16 34.3
1542800398.18 34.3
1542800408.2 34.3
1542800418.22 34.3
1542800428.24 34.3
1542800438.26 34.3
1542800448.28 33.2
1542800458.3 33.8
1542800468.31 33.8
1542800478.33 33.2
1542800488.35 33.2
1542800498.38 34.3
1542800508.4 33.8
1542800518.42 34.3
1542800528.45 34.3
1542800538.47 34.3
1542800548.49 34.3
1542800558.51 34.3
1542800568.52 34.9
1542800578.54 34.9
1542800588.55 34.9
1542800598.58 34.3
1542800608.6 34.9
1542800618.61 34.9
1542800628.63 33.8
1542800638.66 34.3
1542800648.68 34.3
1542800658.69 34.3
1542800668.71 34.3
1542800678.72 34.9
1542800688.74 34.3
1542800698.75 34.3
1542800708.77 34.9
1542800718.78 34.9
1542800728.8 35.4
1542800738.81 34.9
1542800748.83 34.9
1542800758.86 34.3
1542800768.88 34.9
1542800778.9 34.3
1542800788.92 34.3
1542800798.94 34.9
1542800808.95 33.8
1542800818.97 34.3
1542800828.99 34.3
1542800839.01 33.8
1542800849.09 34.3
1542800859.11 34.3
1542800869.13 33.8
1542800879.15 33.8
1542800889.17 34.3
1542800899.19 34.3
1542800909.21 33.8
1542800919.22 33.8
1542800929.24 34.3
1542800939.25 34.3
1542800949.27 34.3
1542800959.29 33.2
1542800969.31 34.3
1542800979.33 34.3
1542800989.35 34.3
1542800999.37 34.9
1542801009.38 34.9
1542801019.4 34.9
1542801029.43 34.3
1542801039.44 35.4
1542801049.46 34.3
1542801059.48 34.3
1542801069.5 35.4
1542801079.51 34.9
1542801089.53 34.9
1542801099.56 35.4
1542801109.57 36.5
1542801119.58 34.9
1542801129.61 34.9
1542801139.62 35.9
1542801149.64 35.4
1542801159.66 34.9
1542801169.69 34.3
1542801179.71 34.3
1542801189.73 34.9
1542801199.75 35.4
1542801209.76 35.9
1542801219.78 35.9
1542801229.8 35.4
1542801239.82 35.4
1542801249.84 35.4
1542801259.86 35.4
1542801269.88 35.4
1542801279.9 35.4
1542801289.91 35.4
1542801299.93 35.9
1542801309.96 35.9
1542801319.98 35.4
1542801329.99 35.9
1542801340.01 36.5
1542801350.03 35.4
1542801360.06 35.4
1542801370.08 35.4
1542801380.11 35.9
1542801390.13 35.9
1542801400.14 35.9
1542801410.16 35.4
1542801420.18 35.4
1542801430.2 35.9
1542801440.21 35.4
1542801450.23 36.5
1542801460.25 35.9
1542801470.26 36.5
1542801480.29 35.9
1542801490.3 35.4
1542801500.32 36.5
1542801510.34 35.4
1542801520.36 36.5
1542801530.38 36.5
1542801540.4 35.9
1542801550.42 35.9
1542801560.43 36.5
1542801570.45 36.5
1542801580.47 35.9
1542801590.49 35.4
1542801600.51 35.9
1542801610.53 36.5
1542801620.55 36.5
1542801630.57 35.4
1542801640.59 35.9
1542801650.61 35.9
1542801660.63 35.4
1542801670.65 35.4
1542801680.66 36.5
1542801690.69 35.4
1542801700.7 35.4
1542801710.72 35.4
1542801720.75 35.4
1542801730.76 36.5
1542801740.78 36.5
1542801750.8 36.5
1542801760.82 35.9
1542801770.83 36.5
1542801780.86 35.4
1542801790.88 35.4
1542801800.9 35.9
1542801810.92 35.9
1542801820.93 35.4
1542801830.95 35.4
1542801840.98 36.5
1542801851.01 35.9
1542801861.03 35.4
1542801871.04 36.5
1542801881.06 35.9
1542801891.08 35.4
1542801901.1 35.4
1542801911.12 35.4
1542801921.14 34.9
1542801931.16 34.3
1542801941.18 34.9
1542801951.21 34.9
1542801961.23 34.9
1542801971.24 34.9
1542801981.26 35.4
1542801991.28 35.4
1542802001.29 34.9
1542802011.31 34.9
1542802021.33 35.4
1542802031.35 35.4
1542802041.37 35.4
1542802051.39 34.3
1542802061.41 35.4
1542802071.43 34.9
1542802081.45 34.3
1542802091.47 35.4
1542802101.48 35.4
1542802111.5 35.4
1542802121.52 35.4
1542802131.54 34.9
1542802141.55 35.4
1542802151.58 34.9
1542802161.6 34.9
1542802171.61 35.4
1542802181.63 35.4
1542802191.65 35.9
1542802201.66 35.4
1542802211.68 35.4
1542802221.7 34.3
1542802231.72 34.9
1542802241.74 35.9
1542802251.75 35.4
1542802261.78 35.4
1542802271.79 35.9
1542802281.81 35.4
1542802291.83 35.4
1542802301.85 35.9
1542802311.88 34.9
1542802321.89 35.9
1542802331.91 36.5
1542802341.93 36.5
1542802351.96 35.9
1542802361.98 35.4
1542802372.0 35.4
1542802382.02 35.4
1542802392.03 36.5
1542802402.05 36.5
1542802412.07 36.5
1542802422.08 35.9
1542802432.11 36.5
1542802442.13 35.9
1542802452.15 36.5
1542802462.17 35.9
1542802472.18 35.9
1542802482.2 35.9
1542802492.21 36.5
1542802502.23 35.9
1542802512.25 35.9
1542802522.27 36.5
1542802532.28 36.5
1542802542.29 36.5
1542802552.3 35.4
1542802562.32 35.4
1542802572.34 36.5
1542802582.35 35.9
1542802592.37 36.5
1542802602.39 36.5
1542802612.41 36.5
1542802622.43 35.9
1542802632.45 35.9
1542802642.47 35.4
1542802652.49 36.5
1542802662.51 35.9
1542802672.53 36.5
1542802682.56 35.9
1542802692.58 35.9
1542802702.6 36.5
1542802712.61 36.5
1542802722.63 35.4
1542802732.65 35.9
1542802742.67 36.5
1542802752.69 35.4
1542802762.7 36.5
1542802772.72 35.4
1542802782.74 35.9
1542802792.76 36.5
1542802802.78 35.9
1542802812.79 35.9
1542802822.82 36.5
1542802832.83 35.9
1542802842.85 36.5
1542802852.87 36.5
1542802862.89 36.5
1542802872.91 36.5
1542802882.92 36.5
1542802892.94 36.5
1542802902.95 36.5
1542802912.97 36.5
1542802922.99 36.5
1542802933.01 36.5
1542802943.03 36.5
1542802953.04 36.5
1542802963.06 35.9
1542802973.09 36.5
1542802983.11 35.4
1542802993.13 36.5
1542803003.15 36.5
1542803013.17 35.9
1542803023.19 34.9
1542803033.21 35.4
1542803043.23 35.4
1542803053.25 35.4
1542803063.27 34.9
1542803073.29 34.9
1542803083.31 35.9
1542803093.32 35.9
1542803103.34 35.4
1542803113.35 36.5
1542803123.37 35.4
1542803133.39 35.9
1542803143.4 35.9
1542803153.41 35.9
1542803163.43 35.4
1542803173.45 35.9
1542803183.46 35.4
1542803193.48 35.9
1542803203.5 34.9
1542803213.52 35.4
1542803223.54 35.4
1542803233.56 34.9
1542803243.59 34.3
1542803253.61 35.4
1542803263.62 36.5
1542803273.64 35.9
1542803283.65 35.4
1542803293.67 36.5
1542803303.69 36.5
1542803313.7 36.5
1542803323.72 36.5
1542803333.74 36.5
1542803343.76 36.5
1542803353.78 36.5
1542803363.79 37.0
1542803373.81 36.5
1542803383.83 35.9
1542803393.84 37.0
1542803403.85 37.6
1542803413.86 37.6
1542803423.88 37.0
1542803433.9 36.5
1542803443.92 37.6
1542803453.93 37.6
1542803463.95 36.5
1542803473.98 37.6
1542803483.99 36.5
1542803494.01 36.5
1542803504.03 37.0
1542803514.05 36.5
1542803524.06 37.6
1542803534.08 37.6
1542803544.1 37.6
1542803554.12 37.0
1542803564.14 36.5
1542803574.16 37.0
1542803584.17 37.6
1542803594.19 38.1
1542803604.21 37.6
1542803614.22 38.6
1542803624.24 38.6
1542803634.25 38.6
1542803644.27 38.6
1542803654.29 37.6
1542803664.31 38.6
1542803674.32 38.6
1542803684.34 38.6
1542803694.36 38.1
1542803704.38 38.1
1542803714.4 37.6
1542803724.42 38.1
1542803734.44 38.1
1542803744.45 37.6
1542803754.47 38.1
1542803764.49 38.1
1542803774.51 37.6
1542803784.53 37.6
1542803794.55 38.1
1542803804.57 38.1
1542803814.59 38.1
1542803824.6 38.6
1542803834.63 37.0
1542803844.64 37.6
1542803854.66 38.6
1542803864.68 37.6
1542803874.7 37.6
1542803884.72 37.6
1542803894.74 37.6
1542803904.76 37.6
1542803914.78 38.1
1542803924.8 37.6
1542803934.82 37.6
1542803944.83 38.1
1542803954.85 37.6
1542803964.87 37.6
1542803974.89 37.6
1542803984.91 37.6
1542803994.93 37.6
1542804004.94 37.6
1542804014.96 37.6
1542804024.98 36.5
1542804035.0 37.6
1542804045.02 38.6
1542804055.04 37.0
1542804065.06 37.0
1542804075.08 37.6
1542804085.1 36.5
1542804095.11 36.5
1542804105.13 37.6
1542804115.15 37.0
1542804125.17 37.0
1542804135.19 37.6
1542804145.21 36.5
1542804155.23 36.5
1542804165.25 37.0
1542804175.27 36.5
1542804185.28 37.0
1542804195.3 37.0
1542804205.32 37.0
1542804215.34 37.0
1542804225.35 37.0
1542804235.38 37.0
1542804245.4 38.1
1542804255.42 36.5
1542804265.44 36.5
1542804275.46 37.6
1542804285.48 37.0
1542804295.49 37.0
1542804305.51 37.0
1542804315.54 37.6
1542804325.56 37.6
1542804335.59 37.6
1542804345.61 37.0
1542804355.63 36.5
1542804365.65 36.5
1542804375.67 35.9
1542804385.69 36.5
1542804395.71 37.0
1542804405.73 37.0
1542804415.75 37.0
1542804425.77 37.6
1542804435.8 37.0
1542804445.82 36.5
1542804455.84 36.5
1542804465.85 36.5
1542804475.88 37.0
1542804485.9 36.5
1542804495.92 37.6
1542804505.94 37.0
1542804515.96 37.0
1542804525.98 37.0
1542804536.0 36.5
1542804546.02 37.6
1542804556.03 37.0
1542804566.05 36.5
1542804576.07 37.6
1542804586.09 37.6
1542804596.1 37.6
1542804606.11 36.5
1542804616.12 37.6
1542804626.14 37.6
1542804636.16 37.6
1542804646.17 37.6
1542804656.18 37.6
1542804666.2 37.6
1542804676.22 37.6
1542804686.24 37.6
1542804696.26 37.6
1542804706.27 37.6
1542804716.28 37.6
1542804726.3 38.6
1542804736.32 38.1
1542804746.34 37.6
1542804756.36 37.6
1542804766.37 37.6
1542804776.39 37.6
1542804786.41 37.6
1542804796.42 37.6
1542804806.44 37.0
1542804816.46 37.6
1542804826.48 37.6
1542804836.5 37.0
1542804846.52 37.0
1542804856.53 37.6
1542804866.55 37.6
1542804876.56 37.6
1542804886.58 37.6
1542804896.59 37.6
1542804906.6 37.6
1542804916.62 37.0
1542804926.63 37.6
1542804936.64 37.6
1542804946.66 37.0
1542804956.67 37.6
1542804966.68 37.6
1542804976.7 37.6
1542804986.71 37.6
1542804996.73 37.6
1542805006.75 36.5
1542805016.75 37.6
1542805026.77 36.5
1542805036.79 37.6
1542805046.8 37.6
1542805056.81 36.5
1542805066.82 37.6
1542805076.84 37.0
1542805086.86 36.5
1542805096.87 37.0
1542805106.88 37.0
1542805116.9 36.5
1542805127.02 37.0
1542805137.03 36.5
1542805147.05 36.5
1542805157.07 37.6
1542805167.08 36.5
1542805177.1 36.5
1542805187.12 36.5
1542805197.14 36.5
1542805207.16 36.5
1542805217.18 37.6
1542805227.33 36.5
1542805237.35 36.5
1542805247.37 36.5
1542805257.39 36.5
1542805267.41 36.5
1542805277.43 35.9
1542805287.45 36.5
1542805297.47 35.9
1542805307.49 36.5
1542805317.51 36.5
1542805327.52 36.5
1542805337.54 37.0
1542805347.55 36.5
1542805357.57 37.0
1542805367.59 36.5
1542805377.6 36.5
1542805387.63 36.5
1542805397.64 37.0
1542805407.66 36.5
1542805417.68 36.5
1542805427.7 36.5
1542805437.72 36.5
1542805447.74 35.4
1542805457.75 35.4
1542805467.77 35.4
1542805477.79 35.9
1542805487.8 36.5
1542805497.83 35.9
1542805507.85 35.9
1542805517.87 35.9
1542805527.89 36.5
1542805537.9 36.5
1542805547.92 36.5
1542805557.93 36.5
1542805567.95 35.9
1542805577.97 35.9
1542805587.99 36.5
1542805598.01 36.5
1542805608.02 35.9
1542805618.04 36.5
1542805628.05 37.0
1542805638.07 36.5
1542805648.09 35.9
1542805658.11 36.5
1542805668.13 35.9
1542805678.15 37.0
1542805688.17 36.5
1542805698.19 36.5
1542805708.21 36.5
1542805718.23 36.5
1542805728.24 37.0
1542805738.26 37.0
1542805748.27 37.0
1542805758.29 36.5
1542805768.3 36.5
1542805778.32 36.5
1542805788.34 36.5
1542805798.35 37.0
1542805808.36 36.5
1542805818.38 36.5
1542805828.39 36.5
1542805838.41 36.5
1542805848.43 36.5
1542805858.45 37.0
1542805868.48 37.0
1542805878.5 36.5
1542805888.52 36.5
1542805898.53 36.5
1542805908.55 36.5
1542805918.58 36.5
1542805928.59 36.5
1542805938.61 36.5
1542805948.63 36.5
1542805958.65 35.9
1542805968.67 36.5
1542805978.69 37.6
1542805988.71 36.5
1542805998.73 36.5
1542806008.75 37.0
1542806018.77 37.0
1542806028.78 37.0
1542806038.8 37.0
1542806048.82 37.0
1542806058.84 37.0
1542806068.86 38.1
1542806078.88 37.6
1542806088.9 37.6
1542806098.92 38.1
1542806108.94 37.6
1542806118.96 37.6
1542806128.97 37.6
1542806138.99 38.6
1542806149.01 37.6
1542806159.03 37.6
1542806169.05 37.6
1542806179.06 37.6
1542806189.08 37.6
1542806199.1 37.6
1542806209.12 37.6
1542806219.14 37.0
1542806229.16 37.0
1542806239.18 36.5
1542806249.2 37.0
1542806259.21 37.6
1542806269.23 36.5
1542806279.26 36.5
1542806289.28 36.5
1542806299.3 35.9
1542806309.32 36.5
1542806319.34 36.5
1542806329.36 36.5
1542806339.38 37.0
1542806349.4 36.5
1542806359.42 36.5
1542806369.44 37.0
1542806379.45 37.0
1542806389.47 37.0
1542806399.49 36.5
1542806409.51 37.6
1542806419.53 37.6
1542806429.54 37.6
1542806439.56 36.5
1542806449.58 37.6
1542806459.6 37.0
1542806469.62 37.0
1542806479.64 37.6
1542806489.65 37.6
1542806499.67 37.6
1542806509.68 37.6
1542806519.7 37.6
1542806529.72 38.1
1542806539.74 37.6
1542806549.76 37.6
1542806559.77 38.1
1542806569.78 37.6
1542806579.8 38.6
1542806589.82 38.1
1542806599.83 38.6
1542806609.84 38.1
1542806619.86 38.6
1542806629.88 38.6
1542806639.89 38.6
1542806649.91 38.6
1542806659.93 37.6
1542806669.95 38.6
1542806679.96 38.6
1542806689.98 38.6
1542806700.0 38.1
1542806710.01 38.1
1542806720.03 38.6
1542806730.05 38.6
1542806740.06 38.6
1542806750.08 37.6
1542806760.1 37.6
1542806770.12 37.6
1542806780.13 38.6
1542806790.15 37.6
1542806800.17 38.6
1542806810.19 38.6
1542806820.21 38.1
1542806830.23 38.1
1542806840.24 38.6
1542806850.25 37.6
1542806860.27 38.1
1542806870.29 38.6
1542806880.3 38.6
1542806890.31 38.1
1542806900.32 37.6
1542806910.34 38.6
1542806920.36 38.1
1542806930.39 38.1
1542806940.4 38.6
1542806950.42 37.6
1542806960.44 38.1
1542806970.46 38.6
1542806980.47 38.6
1542806990.49 37.6
1542807000.51 36.5
1542807010.53 36.5
1542807020.55 38.1
1542807030.57 38.1
1542807040.59 37.6
1542807050.6 38.1
1542807060.62 37.6
1542807070.65 37.6
1542807080.66 37.6
1542807090.67 37.0
1542807100.69 37.6
1542807110.7 37.0
1542807120.72 37.6
1542807130.73 37.6
1542807140.75 37.0
1542807150.77 37.6
1542807160.79 38.1
1542807170.8 37.6
1542807180.81 37.6
1542807190.83 38.1
1542807200.85 37.6
1542807210.86 37.6
1542807220.87 38.1
1542807230.89 37.6
1542807240.91 38.1
1542807250.92 38.1
1542807260.94 38.1
1542807270.95 38.6
1542807280.97 37.6
1542807291.0 38.1
1542807301.01 38.1
1542807311.03 38.1
1542807321.05 37.6
1542807331.08 37.6
1542807341.09 38.1
1542807351.11 37.6
1542807361.14 38.1
1542807371.15 37.6
1542807381.17 37.6
1542807391.19 37.0
1542807401.21 37.6
1542807411.22 37.6
1542807421.24 38.1
1542807431.26 37.6
1542807441.27 38.1
1542807451.29 37.6
1542807461.31 37.0
1542807471.33 38.6
1542807481.34 37.6
1542807491.36 38.1
1542807501.38 38.1
1542807511.41 37.6
1542807521.43 38.1
1542807531.44 37.6
1542807541.46 37.6
1542807551.48 38.1
1542807561.49 37.6
1542807571.51 38.1
1542807581.52 38.1
1542807591.54 38.1
1542807601.55 37.6
1542807611.57 38.1
1542807621.59 38.6
1542807631.6 38.1
1542807641.62 37.6
1542807651.65 38.1
1542807661.66 38.1
1542807671.68 38.1
1542807681.69 38.6
1542807691.72 38.1
1542807701.73 37.6
1542807711.75 37.6
1542807721.77 37.6
1542807731.79 38.1
1542807741.81 38.1
1542807751.83 37.6
1542807761.85 37.6
1542807771.86 37.6
1542807781.88 36.5
1542807791.9 36.5
1542807801.92 37.6
1542807811.94 37.6
1542807821.96 37.0
1542807831.98 36.5
1542807842.0 37.6
1542807852.02 37.0
1542807862.03 37.6
1542807872.05 37.6
1542807882.06 37.0
1542807892.08 37.6
1542807902.1 36.5
1542807912.12 36.5
1542807922.14 37.0
1542807932.15 37.6
1542807942.17 36.5
1542807952.19 37.6
1542807962.21 36.5
1542807972.23 37.6
1542807982.24 37.0
1542807992.27 36.5
1542808002.29 37.0
1542808012.31 36.5
1542808022.33 38.1
1542808032.35 37.0
1542808042.37 37.0
1542808052.39 36.5
1542808062.4 37.6
1542808072.41 37.0
1542808082.43 37.0
1542808092.45 37.6
1542808102.47 37.6
1542808112.49 37.6
1542808122.5 37.6
1542808132.52 37.6
1542808142.54 38.6
1542808152.55 37.6
1542808162.58 37.6
1542808172.59 37.6
1542808182.61 37.6
1542808192.63 37.6
1542808202.65 38.6
1542808212.67 38.1
1542808222.69 38.6
1542808232.7 38.1
1542808242.72 37.6
1542808252.74 38.1
1542808262.75 37.6
1542808272.77 38.6
1542808282.79 38.6
1542808292.81 38.1
1542808302.82 39.2
1542808312.85 38.1
1542808322.87 38.1
1542808332.89 37.6
1542808342.91 37.6
1542808352.93 38.6
1542808362.95 38.6
1542808372.97 38.6
1542808382.98 38.6
1542808393.0 37.6
1542808403.03 37.6
1542808413.04 38.1
1542808423.06 37.6
1542808433.08 38.6
1542808443.1 38.1
1542808453.12 38.6
1542808463.13 38.6
1542808473.14 38.6
1542808483.16 38.6
1542808493.18 38.6
1542808503.19 39.2
1542808513.21 39.2
1542808523.23 39.2
1542808533.24 39.2
1542808543.26 39.7
1542808553.28 39.2
1542808563.29 39.7
1542808573.32 39.7
1542808583.34 39.7
1542808593.35 39.7
1542808603.36 39.2
1542808613.38 39.7
1542808623.4 39.7
1542808633.41 39.7
1542808643.43 39.7
1542808653.45 39.2
1542808663.47 39.2
1542808673.49 39.2
1542808683.51 39.2
1542808693.53 39.7
1542808703.55 39.7
1542808713.58 39.2
1542808723.6 39.2
1542808733.62 38.6
1542808743.64 39.7
1542808753.66 39.7
1542808763.68 39.2
1542808773.69 40.2
1542808783.71 39.7
1542808793.73 40.2
1542808803.75 40.8
1542808813.76 40.8
1542808823.78 40.8
1542808833.8 40.8
1542808843.82 40.8
1542808853.83 40.8
1542808863.85 39.7
1542808873.87 40.2
1542808883.89 40.2
1542808893.91 40.8
1542808903.92 40.8
1542808913.95 40.8
1542808923.97 39.7
1542808933.99 39.7
1542808944.01 40.8
1542808954.03 40.2
1542808964.05 39.7
1542808974.07 40.2
1542808984.09 40.8
1542808994.11 40.8
1542809004.13 40.8
1542809014.15 40.2
1542809024.17 40.8
1542809034.19 41.3
1542809044.21 41.3
1542809054.23 40.8
1542809064.25 40.8
1542809074.26 40.8
1542809084.27 40.8
1542809094.29 41.3
1542809104.31 41.3
1542809114.33 41.9
1542809124.35 41.3
1542809134.36 40.8
1542809144.38 41.3
1542809154.4 41.3
1542809164.42 40.8
1542809174.44 40.2
1542809184.46 40.8
1542809194.48 40.8
1542809204.5 41.3
1542809214.52 40.8
1542809224.54 40.8
1542809234.56 40.8
1542809244.58 40.8
1542809254.6 39.7
1542809264.62 40.2
1542809274.64 40.8
1542809284.66 40.8
1542809294.68 40.2
1542809304.7 40.8
1542809314.73 40.8
1542809324.75 40.8
1542809334.76 40.8
1542809344.78 41.3
1542809354.79 40.8
1542809364.82 40.8
1542809374.83 41.9
1542809384.85 41.3
1542809394.88 40.8
1542809404.9 41.3
1542809414.91 41.9
1542809424.93 41.9
1542809434.95 40.8
1542809444.97 41.9
1542809454.98 41.9
1542809465.0 41.9
1542809475.02 41.9
1542809485.04 41.9
1542809495.06 41.9
1542809505.08 41.3
1542809515.1 41.9
1542809525.12 42.9
1542809535.14 41.9
1542809545.16 41.9
1542809555.18 41.9
1542809565.2 41.9
1542809575.22 41.9
1542809585.24 42.4
1542809595.26 41.9
1542809605.29 41.9
1542809615.31 41.9
1542809625.33 41.9
1542809635.35 41.9
1542809645.37 42.4
1542809655.39 41.9
1542809665.41 42.9
1542809675.43 41.9
1542809685.45 42.9
1542809695.47 41.9
1542809705.49 41.9
1542809715.51 41.9
1542809725.52 41.9
1542809735.54 42.9
1542809745.56 41.9
1542809755.58 41.9
1542809765.6 42.4
1542809775.61 41.9
1542809785.63 42.4
1542809795.65 41.9
1542809805.67 42.4
1542809815.69 42.4
1542809825.71 42.4
1542809835.73 41.9
1542809845.76 41.9
1542809855.77 42.4
1542809865.79 42.4
1542809875.81 41.9
1542809885.83 41.9
1542809895.85 41.9
1542809905.87 42.9
1542809915.88 42.9
1542809925.9 43.5
1542809935.92 43.5
1542809945.93 42.9
1542809955.95 42.9
1542809965.97 42.9
1542809976.0 42.9
1542809986.01 42.9
1542809996.03 43.5
1542810006.05 42.9
1542810016.07 43.5
1542810026.09 42.9
1542810036.11 42.9
1542810046.13 42.9
1542810056.15 42.9
1542810066.17 43.5
1542810076.19 43.5
1542810086.21 43.5
1542810096.23 42.9
1542810106.25 43.5
1542810116.27 43.5
1542810126.29 42.9
1542810136.31 44.0
1542810146.33 42.9
1542810156.35 43.5
1542810166.37 43.5
1542810176.39 43.5
1542810186.4 44.0
1542810196.42 44.0
1542810206.45 42.9
1542810216.47 44.0
1542810226.49 44.0
1542810236.5 45.1
1542810246.51 44.0
1542810256.53 44.5
1542810266.55 44.0
1542810276.57 44.0
1542810286.59 45.1
1542810296.6 45.1
1542810306.62 44.5
1542810315.21 45.1
1542810325.22 45.1
1542810335.25 45.1
1542810345.26 45.1
1542810355.28 45.6
1542810365.3 45.1
1542810375.31 45.6
1542810385.34 45.6
1542810395.36 45.1
1542810405.38 45.1
1542810415.4 45.6
1542810425.41 45.6
1542810435.43 45.6
1542810445.44 46.2
1542810455.46 46.2
1542810465.48 46.2
1542810475.5 45.6
1542810485.51 46.2
1542810495.53 46.2
1542810505.55 45.6
1542810515.57 45.6
1542810525.59 46.2
1542810535.6 46.2
1542810545.62 45.6
1542810555.64 45.6
1542810565.66 45.6
1542810575.68 45.1
1542810585.7 45.1
1542810595.72 46.2
1542810605.73 45.6
1542810615.75 45.1
1542810625.77 45.6
1542810635.79 45.1
1542810645.81 46.2
1542810655.83 45.6
1542810665.85 45.1
1542810675.86 45.6
1542810685.87 45.1
1542810695.89 45.1
1542810705.91 45.1
1542810715.92 45.6
1542810725.94 46.2
1542810735.96 46.2
1542810745.97 46.2
1542810755.99 45.6
1542810766.01 45.1
1542810776.03 45.1
1542810786.05 45.1
1542810796.06 46.2
1542810806.09 45.1
1542810816.1 45.1
1542810826.12 45.1
1542810836.14 45.1
1542810846.16 45.1
1542810856.18 45.1
1542810866.2 44.5
1542810876.21 45.1
1542810886.23 45.1
1542810896.25 45.1
1542810906.28 45.1
1542810916.29 45.1
1542810926.31 45.6
1542810936.32 45.6
1542810946.35 45.1
1542810956.36 45.6
1542810966.38 45.1
1542810976.4 45.1
1542810986.42 45.6
1542810996.44 44.0
1542811006.45 45.1
1542811016.47 45.1
1542811026.49 44.5
1542811036.51 45.1
1542811046.53 45.1
1542811056.55 45.1
1542811066.58 44.5
1542811076.6 44.0
1542811086.62 44.0
1542811096.64 44.5
1542811106.66 43.5
1542811116.68 45.1
1542811126.69 44.0
1542811136.71 44.0
1542811146.75 44.0
1542811156.77 44.0
1542811166.79 44.0
1542811176.8 44.5
1542811186.81 45.1
1542811196.83 43.5
1542811206.85 44.5
1542811216.87 43.5
1542811226.89 42.9
1542811236.91 44.0
1542811246.93 44.0
1542811256.95 44.0
1542811266.97 43.5
1542811276.98 43.5
1542811287.0 44.0
1542811297.01 43.5
1542811307.03 43.5
1542811317.05 43.5
1542811327.06 43.5
1542811337.08 44.0
1542811347.1 44.0
1542811357.11 42.9
1542811367.13 43.5
1542811377.16 42.9
1542811387.18 42.9
1542811397.2 42.9
1542811407.22 42.9
1542811417.24 42.9
1542811427.25 43.5
1542811437.27 42.9
1542811447.29 42.9
1542811457.3 43.5
1542811467.31 43.5
1542811477.33 43.5
1542811487.35 42.9
1542811497.37 42.9
1542811507.39 42.9
1542811517.41 42.9
1542811527.42 42.9
1542811537.44 42.9
1542811547.46 42.9
1542811557.49 42.9
1542811567.5 42.9
1542811577.51 42.9
1542811587.53 42.9
1542811597.55 42.9
1542811607.56 42.9
1542811617.58 42.9
1542811627.6 42.9
1542811637.62 41.9
1542811647.63 42.9
1542811657.65 42.4
1542811667.66 42.4
1542811677.68 41.3
1542811687.7 41.9
1542811697.72 41.9
1542811707.73 42.4
1542811717.75 42.4
1542811727.76 41.3
1542811737.78 41.3
1542811747.81 42.4
1542811757.82 42.4
1542811767.84 42.9
1542811777.86 41.9
1542811787.88 41.3
1542811797.9 40.8
1542811807.92 41.9
1542811817.94 41.3
1542811827.96 40.8
1542811837.98 40.8
1542811848.01 40.8
1542811858.03 41.9
1542811868.05 40.8
1542811878.07 40.8
1542811888.09 40.8
1542811898.11 40.8
1542811908.12 41.3
1542811918.14 40.8
1542811928.16 40.8
1542811938.18 41.9
1542811948.2 41.3
1542811958.22 41.3
1542811968.24 40.8
1542811978.26 40.8
1542811988.28 40.8
1542811998.3 40.2
1542812008.32 40.8
1542812018.34 40.8
1542812028.37 40.2
1542812038.39 40.8
1542812048.4 40.8
1542812058.41 40.8
1542812068.43 40.2
1542812078.46 40.8
1542812088.46 40.8
1542812098.48 40.8
1542812108.51 40.8
1542812118.53 40.8
1542812128.54 40.8
1542812138.56 40.8
1542812148.58 40.8
1542812158.6 40.8
1542812168.62 40.2
1542812178.64 40.8
1542812188.66 40.8
1542812198.68 40.8
1542812208.7 40.2
1542812218.72 40.8
1542812228.74 40.8
1542812238.76 39.7
1542812248.77 41.3
1542812258.78 40.8
1542812268.79 40.8
1542812278.81 41.3
1542812288.83 40.8
1542812298.85 40.2
1542812308.87 40.8
1542812318.89 41.3
1542812328.91 40.8
1542812338.93 41.9
1542812348.94 41.3
1542812358.96 40.2
1542812368.97 40.8
1542812378.99 41.3
1542812389.01 40.8
1542812399.02 41.3
