1542600008.74 40.8
1542600018.75 40.8
1542600028.77 40.8
1542600038.8 39.7
1542600048.82 40.2
1542600058.83 40.8
1542600068.86 40.8
1542600078.88 39.7
1542600088.9 40.2
1542600098.92 39.7
1542600108.94 39.7
1542600118.96 39.2
1542600128.99 39.7
1542600139.01 39.7
1542600149.03 39.7
1542600159.05 39.7
1542600169.07 40.8
1542600179.09 40.2
1542600189.1 40.8
1542600199.12 39.7
1542600209.14 39.7
1542600219.16 40.8
1542600229.18 39.7
1542600239.2 40.2
1542600249.22 40.8
1542600259.23 40.8
1542600269.25 39.7
1542600279.27 39.7
1542600289.29 40.8
1542600299.31 39.7
1542600309.33 40.2
1542600319.35 39.7
1542600329.37 39.7
1542600339.4 39.7
1542600349.41 40.8
1542600359.43 39.7
1542600369.45 40.8
1542600379.47 40.2
1542600389.49 39.7
1542600399.51 39.7
1542600409.53 40.8
1542600419.55 39.7
1542600429.56 40.2
1542600439.58 40.8
1542600449.6 40.8
1542600459.62 39.7
1542600469.64 39.7
1542600479.66 40.2
1542600489.68 39.7
1542600499.7 39.2
1542600509.72 40.2
1542600519.74 39.2
1542600529.76 40.2
1542600539.78 39.7
1542600549.8 39.7
1542600559.82 39.7
1542600569.84 39.7
1542600579.87 39.7
1542600589.89 39.7
1542600599.91 40.2
1542600609.93 40.8
1542600619.95 39.7
1542600629.97 39.7
1542600639.99 39.7
1542600650.01 39.7
1542600660.03 40.2
1542600670.04 40.2
1542600680.07 39.2
1542600690.09 39.7
1542600700.11 39.7
1542600710.13 39.7
1542600720.15 39.7
1542600730.17 39.7
1542600740.19 40.8
1542600750.21 40.2
1542600760.23 39.7
1542600770.25 40.8
1542600780.27 39.7
1542600790.29 39.7
1542600800.31 39.7
1542600810.33 40.8
1542600820.35 40.2
1542600830.37 40.8
1542600840.39 39.7
1542600850.41 39.7
1542600860.44 40.2
1542600870.45 40.2
1542600880.47 39.7
1542600890.49 39.7
1542600900.5 39.7
1542600910.52 40.2
1542600920.54 39.7
1542600930.56 39.7
1542600940.58 39.2
1542600950.6 40.8
1542600960.62 40.8
1542600970.63 39.7
1542600980.65 39.7
1542600990.67 40.8
1542601000.69 40.8
1542601010.71 39.7
1542601020.72 40.2
1542601030.74 40.8
1542601040.76 40.8
1542601050.78 39.2
1542601060.8 39.7
1542601070.81 39.7
1542601080.83 39.2
1542601090.86 39.7
1542601100.87 39.7
1542601110.89 39.7
1542601120.91 39.7
1542601130.93 39.2
1542601140.95 39.7
1542601150.97 40.2
1542601160.99 39.7
1542601171.01 40.2
1542601181.02 40.8
1542601191.04 40.8
1542601201.06 39.7
1542601211.08 39.7
1542601221.09 39.7
1542601231.12 39.7
1542601241.13 39.7
1542601251.15 39.7
1542601261.17 40.2
1542601271.19 39.2
1542601281.21 39.2
1542601291.23 39.2
1542601301.25 39.2
1542601311.27 39.2
1542601321.29 39.7
1542601331.31 39.7
1542601341.32 39.7
1542601351.34 39.7
1542601361.37 39.2
1542601371.39 39.7
1542601381.41 39.2
1542601391.43 38.6
1542601401.44 39.7
1542601411.46 38.6
1542601421.49 39.2
1542601431.51 39.7
1542601441.53 39.2
1542601451.55 39.7
1542601461.57 39.7
1542601471.58 39.2
1542601481.6 39.2
1542601491.62 39.2
1542601501.65 39.7
1542601511.67 39.2
1542601521.69 39.2
1542601531.7 39.7
1542601541.74 39.2
1542601551.76 38.6
1542601561.78 38.6
1542601571.8 39.7
1542601581.82 39.7
1542601591.84 39.2
1542601601.87 39.2
1542601611.9 39.2
1542601621.91 39.7
1542601631.93 39.2
1542601641.95 39.7
1542601651.97 39.2
1542601661.98 39.2
1542601672.01 38.6
1542601682.03 39.2
1542601692.05 38.6
1542601702.06 39.7
1542601712.09 38.6
1542601722.11 39.2
1542601732.13 39.2
1542601742.15 39.7
1542601752.17 39.2
1542601762.19 38.6
1542601772.21 39.2
1542601782.23 39.2
1542601792.26 39.2
1542601802.28 39.7
1542601812.29 39.7
1542601822.31 39.2
1542601832.32 39.7
1542601842.34 38.6
1542601852.36 39.2
1542601862.37 39.7
1542601872.39 38.6
1542601882.4 39.2
1542601892.41 39.7
1542601902.43 38.6
1542601912.45 39.7
1542601922.47 38.6
1542601932.5 38.6
1542601942.52 39.7
1542601952.54 38.6
1542601962.55 39.2
1542601972.57 39.2
1542601982.58 39.7
1542601992.6 39.2
1542602002.61 38.6
1542602012.63 38.6
1542602022.65 39.7
1542602032.67 39.7
1542602042.69 39.2
1542602052.71 38.6
1542602062.73 39.2
1542602072.75 39.2
1542602082.76 39.7
1542602092.79 39.7
1542602102.81 38.6
1542602112.83 39.7
1542602122.85 39.7
1542602132.87 38.6
1542602142.89 39.2
1542602152.91 39.7
1542602162.93 39.7
1542602172.95 39.7
1542602182.96 39.7
1542602192.98 39.2
1542602202.99 39.7
1542602213.01 39.2
1542602223.04 39.7
1542602233.06 40.2
1542602243.08 39.2
1542602253.1 39.7
1542602263.11 39.7
1542602273.13 39.7
1542602283.15 39.7
1542602293.17 39.2
1542602303.2 39.2
1542602313.22 39.2
1542602323.23 39.7
1542602333.25 40.2
1542602343.27 39.7
1542602353.28 39.7
1542602363.31 39.2
1542602373.33 39.7
1542602383.34 39.2
1542602393.37 39.2
1542602403.39 39.2
1542602413.4 40.2
1542602423.42 39.7
1542602433.44 39.2
1542602443.46 39.7
1542602453.48 39.2
1542602463.5 39.7
1542602473.52 39.2
1542602483.53 40.2
1542602493.55 38.6
1542602503.56 40.2
1542602513.58 39.7
1542602523.59 39.7
1542602533.62 39.7
1542602543.64 39.7
1542602553.66 39.7
1542602563.67 39.7
1542602573.69 39.7
1542602583.71 39.7
1542602593.73 40.2
1542602603.75 40.2
1542602613.77 39.7
1542602623.78 40.2
1542602633.8 39.7
1542602643.82 39.7
1542602653.83 40.8
1542602663.85 39.7
1542602673.87 39.7
1542602683.89 39.2
1542602693.91 39.7
1542602703.93 39.2
1542602713.95 39.2
1542602723.96 40.2
1542602733.98 39.2
1542602744.0 39.7
1542602754.02 39.7
1542602764.04 39.7
1542602774.06 40.2
1542602784.09 39.7
1542602794.11 39.2
1542602804.13 39.7
1542602814.15 39.2
1542602824.17 39.2
1542602834.19 38.6
1542602844.21 39.2
1542602854.23 39.7
1542602864.25 39.2
1542602874.26 39.7
1542602884.28 39.7
1542602894.3 39.2
1542602904.32 39.2
1542602914.34 39.7
1542602924.36 39.2
1542602934.38 39.7
1542602944.41 39.2
1542602954.43 39.2
1542602964.45 39.2
1542602974.47 38.6
1542602984.49 39.2
1542602994.51 39.2
1542603004.53 38.6
1542603014.54 39.7
1542603024.56 39.7
1542603034.58 39.2
1542603044.61 38.6
1542603054.62 39.7
1542603064.64 39.2
1542603074.66 39.7
1542603084.68 39.7
1542603094.69 39.2
1542603104.71 39.2
1542603114.72 39.7
1542603124.73 39.7
1542603134.75 39.2
1542603144.77 39.2
1542603154.79 39.7
1542603164.81 39.2
1542603174.83 39.2
1542603184.85 39.7
1542603194.88 39.7
1542603204.9 39.2
1542603214.92 38.6
1542603224.94 39.7
1542603234.96 38.6
1542603244.98 39.2
1542603255.0 38.6
1542603265.02 39.2
1542603275.04 38.6
1542603285.06 38.6
1542603295.08 38.6
1542603305.1 39.2
1542603315.12 38.6
1542603325.14 39.7
1542603335.16 39.7
1542603345.18 39.2
1542603355.2 39.2
1542603365.22 39.7
1542603375.24 38.6
1542603385.26 39.7
1542603395.29 39.2
1542603405.3 39.7
1542603415.32 39.2
1542603425.34 38.6
1542603435.36 39.2
1542603445.38 38.6
1542603455.4 38.6
1542603465.43 38.6
1542603475.46 39.2
1542603485.47 39.7
1542603495.5 39.2
1542603505.52 38.6
1542603515.54 38.6
1542603525.56 39.2
1542603535.58 39.2
1542603545.6 38.6
1542603555.62 38.6
1542603565.64 38.6
1542603575.66 38.6
1542603585.68 39.2
1542603595.7 39.2
1542603605.72 39.2
1542603615.74 39.7
1542603625.77 38.6
1542603635.79 38.6
1542603645.81 39.2
1542603655.83 38.6
1542603665.85 39.2
1542603675.87 39.2
1542603685.89 38.6
1542603695.91 37.6
1542603705.93 38.6
1542603715.95 38.6
1542603725.97 38.6
1542603735.98 38.6
1542603746.0 38.1
1542603756.02 38.6
1542603766.04 38.6
1542603776.06 38.6
1542603786.08 39.2
1542603796.1 38.6
1542603806.11 39.2
1542603816.13 39.2
1542603826.14 39.2
1542603836.16 38.6
1542603846.17 39.7
1542603856.19 38.6
1542603866.21 38.6
1542603876.23 39.2
1542603886.25 39.7
1542603896.26 39.2
1542603906.28 38.6
1542603916.3 39.7
1542603926.31 39.7
1542603936.33 39.2
1542603946.34 39.2
1542603956.36 38.6
1542603966.38 38.6
1542603976.39 39.2
1542603986.41 39.7
1542603996.43 39.2
1542604006.45 38.6
1542604016.47 38.6
1542604026.49 39.2
1542604036.51 38.6
1542604046.53 39.7
1542604056.55 39.2
1542604066.57 38.6
1542604076.58 39.2
1542604086.6 39.2
1542604096.62 40.2
1542604106.65 39.2
1542604116.67 39.7
1542604126.69 39.7
1542604136.71 38.6
1542604146.73 38.6
1542604156.75 38.6
1542604166.77 39.2
1542604176.79 39.2
1542604186.81 38.6
1542604196.83 38.6
1542604206.85 38.6
1542604216.87 39.2
1542604226.89 39.7
1542604236.91 38.6
1542604246.93 38.6
1542604256.95 39.2
1542604266.97 39.7
1542604276.99 38.6
1542604287.01 39.2
1542604297.03 39.2
1542604307.05 39.7
1542604317.07 39.7
1542604327.09 39.7
1542604337.11 39.2
1542604347.13 39.2
1542604357.15 39.7
1542604367.16 39.7
1542604377.19 39.2
1542604387.21 38.6
1542604397.22 39.7
1542604407.24 38.6
1542604417.27 39.7
1542604427.29 38.6
1542604437.31 39.2
1542604447.33 39.2
1542604457.35 39.2
1542604467.37 39.2
1542604477.39 39.2
1542604487.41 39.2
1542604497.43 39.7
1542604507.45 39.2
1542604517.47 39.7
1542604527.49 39.2
1542604537.51 39.2
1542604547.53 38.6
1542604557.55 39.7
1542604567.57 39.2
1542604577.59 38.6
1542604587.61 39.2
1542604597.63 38.6
1542604607.65 39.2
1542604617.67 38.6
1542604627.69 39.2
1542604637.71 38.6
1542604647.73 38.6
1542604657.75 38.6
1542604667.77 38.1
1542604677.79 38.6
1542604687.82 39.2
1542604697.83 38.6
1542604707.85 38.6
1542604717.87 38.6
1542604727.89 39.2
1542604737.91 38.6
1542604747.93 39.2
1542604757.95 38.6
1542604767.97 39.2
1542604777.99 38.6
1542604788.01 39.2
1542604798.03 38.6
1542604808.05 38.6
1542604818.07 38.6
1542604828.08 39.7
1542604838.1 38.6
1542604848.12 38.6
1542604858.15 38.6
1542604868.17 38.6
1542604878.19 38.6
1542604888.21 39.2
1542604898.23 38.6
1542604908.25 39.2
1542604918.27 38.6
1542604928.29 38.6
1542604938.31 38.6
1542604948.32 38.6
1542604958.35 39.2
1542604968.37 38.6
1542604978.39 38.6
1542604988.41 38.6
1542604998.43 39.2
1542605008.45 38.6
1542605018.47 38.6
1542605028.49 38.6
1542605038.51 38.6
1542605048.53 38.6
1542605058.55 38.6
1542605068.57 38.6
1542605078.59 38.6
1542605088.61 39.7
1542605098.63 38.6
1542605108.65 38.6
1542605118.67 38.6
1542605128.7 38.6
1542605138.72 39.2
1542605148.74 38.6
1542605158.76 38.6
1542605168.78 39.2
1542605178.8 38.6
1542605188.82 39.2
1542605198.84 38.6
1542605208.87 38.1
1542605218.89 38.6
1542605228.91 39.2
1542605238.93 39.2
1542605248.95 38.6
1542605258.97 39.2
1542605268.99 39.7
1542605279.01 39.2
1542605289.03 38.6
1542605299.05 39.7
1542605309.07 38.6
1542605319.09 39.7
1542605329.11 39.2
1542605339.14 39.2
1542605349.15 39.7
1542605359.17 39.2
1542605369.2 38.6
1542605379.22 38.6
1542605389.24 38.6
1542605399.26 38.6
1542605409.28 38.6
1542605419.3 39.2
1542605429.32 38.6
1542605439.35 38.6
1542605449.36 38.6
1542605459.38 38.6
1542605469.41 38.6
1542605479.43 38.6
1542605489.45 38.6
1542605499.47 38.6
1542605509.49 38.6
1542605519.51 39.2
1542605529.53 39.7
1542605539.55 38.6
1542605549.57 39.7
1542605559.59 39.2
1542605569.61 38.6
1542605579.63 38.6
1542605589.65 39.2
1542605599.67 38.6
1542605609.69 39.2
1542605619.72 39.7
1542605629.74 38.6
1542605639.75 39.2
1542605649.78 39.7
1542605659.8 38.6
1542605669.81 39.2
1542605679.84 39.2
1542605689.85 38.6
1542605699.87 38.6
1542605709.9 38.6
1542605719.92 39.2
1542605729.94 38.6
1542605739.96 38.6
1542605749.98 38.6
1542605760.0 38.6
1542605770.02 38.6
1542605780.03 38.6
1542605790.05 39.7
1542605800.07 38.6
1542605810.09 39.2
1542605820.11 38.6
1542605830.12 39.7
1542605840.13 38.6
1542605850.15 38.6
1542605860.17 38.6
1542605870.18 39.2
1542605880.2 39.2
1542605890.22 39.2
1542605900.23 39.2
1542605910.25 39.2
1542605920.27 38.6
1542605930.29 38.6
1542605940.31 38.6
1542605950.33 39.2
1542605960.35 39.7
1542605970.36 39.7
1542605980.39 39.2
1542605990.4 39.7
1542606000.42 39.2
1542606010.44 39.2
1542606020.46 39.7
1542606030.48 38.6
1542606040.5 39.2
1542606050.52 39.2
1542606060.54 39.2
1542606070.56 39.2
1542606080.58 39.7
1542606090.6 39.7
1542606100.63 38.6
1542606110.66 38.6
1542606120.68 39.7
1542606130.7 39.2
1542606140.72 39.2
1542606150.74 39.2
1542606160.76 38.6
1542606170.79 38.6
1542606180.81 39.2
1542606190.83 39.2
1542606200.85 38.6
1542606210.87 39.2
1542606220.89 38.6
1542606230.92 39.7
1542606240.94 38.6
1542606250.96 38.6
1542606260.98 39.2
1542606271.0 39.7
1542606281.02 38.6
1542606291.04 39.7
1542606301.05 39.7
1542606311.07 38.6
1542606321.09 39.2
1542606331.11 39.2
1542606341.13 38.6
1542606351.16 39.2
1542606361.18 38.6
1542606371.2 39.2
1542606381.21 39.7
1542606391.24 38.6
1542606401.26 39.7
1542606411.28 38.6
1542606421.3 39.2
1542606431.32 38.6
1542606441.34 38.6
1542606451.37 38.6
1542606461.38 39.2
1542606471.4 38.6
1542606481.43 38.6
1542606491.44 39.2
1542606501.46 39.2
1542606511.49 38.6
1542606521.5 39.7
1542606531.54 38.6
1542606541.56 38.6
1542606551.58 39.2
1542606561.6 39.2
1542606571.62 38.6
1542606581.64 38.6
1542606591.66 38.6
1542606601.68 39.2
1542606611.71 38.6
1542606621.74 38.6
1542606631.76 38.6
1542606641.77 39.2
1542606651.79 39.7
1542606661.82 38.6
1542606671.84 38.6
1542606681.86 39.2
1542606691.88 38.6
1542606701.9 39.2
1542606711.92 38.6
1542606721.93 39.2
1542606731.96 38.6
1542606741.98 38.6
1542606752.0 39.2
1542606762.02 38.6
1542606772.04 39.2
1542606782.06 39.2
1542606792.08 38.6
1542606802.11 38.6
1542606812.13 38.6
1542606822.15 38.6
1542606832.16 38.6
1542606842.18 38.6
1542606852.2 39.2
1542606862.22 37.6
1542606872.24 38.6
1542606882.26 38.6
1542606892.28 39.2
1542606902.3 38.6
1542606912.32 38.6
1542606922.34 38.6
1542606932.35 38.6
1542606942.38 38.6
1542606952.4 38.1
1542606962.42 38.6
1542606972.44 38.6
1542606982.46 38.1
1542606992.48 38.6
1542607002.5 38.1
1542607012.52 38.1
1542607022.54 38.6
1542607032.56 38.1
1542607042.58 38.6
1542607052.6 38.1
1542607062.62 37.6
1542607072.64 38.6
1542607082.66 38.1
1542607092.68 37.6
1542607102.7 37.6
1542607112.72 38.1
1542607122.74 38.1
1542607132.76 38.6
1542607142.78 38.6
1542607152.8 38.1
1542607162.82 37.6
1542607172.84 38.6
1542607182.87 37.6
1542607192.89 37.6
