1542900000.92 38.1
1542900010.94 38.6
1542900020.96 37.6
1542900030.97 37.6
1542900040.99 37.6
1542900051.01 37.6
1542900061.02 38.1
1542900071.04 37.6
1542900081.06 37.6
1542900091.09 37.6
1542900101.1 38.6
1542900111.12 37.6
1542900121.13 37.6
1542900131.15 38.6
1542900141.17 37.6
1542900151.19 38.6
1542900161.21 37.6
1542900171.23 38.6
1542900181.25 38.6
1542900191.27 38.1
1542900201.28 38.6
1542900211.29 38.6
1542900221.31 38.6
1542900231.33 38.1
1542900241.35 38.6
1542900251.37 37.6
1542900261.39 38.6
1542900271.41 38.6
1542900281.43 38.6
1542900291.45 38.6
1542900301.46 38.6
1542900311.49 38.6
1542900321.5 37.6
1542900331.52 38.1
1542900341.54 37.6
1542900351.56 38.1
1542900361.58 38.6
1542900371.6 38.6
1542900381.62 38.6
1542900391.64 37.6
1542900401.66 38.6
1542900411.68 37.6
1542900421.7 38.1
1542900431.72 38.6
1542900441.74 38.1
1542900451.76 38.1
1542900461.78 38.6
1542900471.8 38.6
1542900481.81 38.6
1542900491.83 38.6
1542900501.85 38.6
1542900511.86 38.6
1542900521.88 38.1
1542900531.9 38.1
1542900541.93 37.6
1542900551.95 38.1
1542900561.97 38.6
1542900571.99 38.6
1542900582.01 38.1
1542900592.03 38.6
1542900602.05 37.6
1542900612.07 37.6
1542900622.09 38.1
1542900632.11 37.6
1542900642.12 38.1
1542900652.13 38.6
1542900662.15 37.6
1542900672.17 37.6
1542900682.19 38.1
1542900692.21 37.6
1542900702.23 38.6
1542900712.25 38.1
1542900722.27 37.6
1542900732.29 37.6
1542900742.31 37.6
1542900752.33 38.6
1542900762.36 37.6
1542900772.38 38.1
1542900782.4 37.6
1542900792.42 38.1
1542900802.43 37.6
1542900812.45 38.6
1542900822.47 38.1
1542900832.49 38.1
1542900842.51 38.1
1542900852.53 38.1
1542900862.55 38.1
1542900872.59 38.1
1542900882.61 37.6
1542900892.63 38.6
1542900902.65 38.1
1542900912.67 38.6
1542900922.68 38.6
1542900932.7 38.1
1542900942.72 38.1
1542900952.75 38.6
1542900962.77 37.6
1542900972.78 39.2
1542900982.8 38.6
1542900992.82 39.2
1542901002.84 39.7
1542901012.86 39.2
1542901022.88 38.6
1542901032.89 39.2
1542901042.91 38.6
1542901052.93 38.6
1542901062.95 37.6
1542901072.97 38.1
1542901082.99 38.1
1542901093.01 38.6
1542901103.03 37.6
1542901113.05 38.6
1542901123.07 38.1
1542901133.09 38.6
1542901143.11 38.6
1542901153.13 38.6
1542901163.15 38.6
1542901173.16 38.6
1542901183.19 38.6
1542901193.2 38.1
1542901203.22 37.6
1542901213.25 38.1
1542901223.27 38.1
1542901233.28 38.6
1542901243.29 38.1
1542901253.32 38.1
1542901263.34 38.6
1542901273.36 38.6
1542901283.37 38.6
1542901293.4 38.1
1542901303.41 38.6
1542901313.43 38.6
1542901323.45 39.2
1542901333.47 38.6
1542901343.48 38.6
1542901353.5 39.2
1542901363.52 38.6
1542901373.54 38.1
1542901383.56 38.6
1542901393.58 38.6
1542901403.6 37.6
1542901413.62 39.7
1542901423.64 39.2
1542901433.66 38.6
1542901443.68 38.6
1542901453.7 38.6
1542901463.73 38.6
1542901473.75 38.6
1542901483.76 39.2
1542901493.78 38.6
1542901503.8 38.6
1542901513.82 38.6
1542901523.84 38.6
1542901533.86 38.6
1542901543.89 38.1
1542901553.9 38.6
1542901563.93 38.1
1542901573.95 37.6
1542901583.97 38.1
1542901593.98 37.6
1542901604.0 37.6
1542901614.02 37.6
1542901624.04 37.6
1542901634.06 37.6
1542901644.09 37.6
1542901654.11 37.0
1542901664.13 37.6
1542901674.15 38.1
1542901684.17 38.1
1542901694.18 38.6
1542901704.2 37.6
1542901714.22 38.1
1542901724.24 37.6
1542901734.26 37.6
1542901744.28 38.6
1542901754.3 37.6
1542901764.32 38.1
1542901774.33 38.6
1542901784.35 38.6
1542901794.38 37.6
1542901804.41 38.1
1542901814.42 37.6
1542901824.44 37.0
1542901834.47 38.1
1542901844.49 38.1
1542901854.5 37.6
1542901864.52 38.1
1542901874.54 38.1
1542901884.56 37.6
1542901894.58 37.6
1542901904.61 37.6
1542901914.63 38.1
1542901924.64 38.6
1542901934.67 37.6
1542901944.68 38.1
1542901954.7 38.1
1542901964.71 38.6
1542901974.73 38.6
1542901984.75 37.6
1542901994.77 37.6
1542902004.8 37.6
1542902014.81 38.6
1542902024.83 37.6
1542902034.85 38.6
1542902044.87 38.6
1542902054.89 37.6
1542902064.92 37.6
1542902074.93 37.6
1542902084.95 37.6
1542902094.97 37.6
1542902104.99 38.6
1542902115.01 38.1
1542902125.03 37.6
1542902135.05 38.1
1542902145.07 38.6
1542902155.08 38.6
1542902165.11 38.1
1542902175.13 37.0
1542902185.15 37.6
1542902195.17 37.6
1542902205.19 37.6
1542902215.21 37.6
1542902225.23 38.1
1542902235.25 38.1
1542902245.27 37.6
1542902255.29 38.1
1542902265.32 38.1
1542902275.34 37.6
1542902285.36 37.6
1542902295.38 38.6
1542902305.39 38.6
1542902315.41 37.6
1542902325.44 37.6
1542902335.46 37.6
1542902345.48 38.1
1542902355.49 38.6
1542902365.52 38.6
1542902375.54 38.6
1542902385.55 38.6
1542902395.58 38.6
1542902405.59 39.7
1542902415.61 39.2
1542902425.63 37.6
1542902435.66 37.6
1542902445.68 37.6
1542902455.7 37.6
1542902465.72 38.1
1542902475.74 37.6
1542902485.76 37.0
1542902495.78 37.6
1542902505.8 37.6
1542902515.82 37.6
1542902525.84 37.6
1542902535.87 37.6
1542902545.89 37.6
1542902555.91 37.6
1542902565.93 37.6
1542902575.95 37.6
1542902585.97 37.0
1542902595.99 36.5
1542902606.02 36.5
1542902616.04 37.0
1542902626.06 37.0
1542902636.08 37.0
1542902646.1 37.0
1542902656.12 37.0
1542902666.15 37.6
1542902676.17 37.6
1542902686.19 37.0
1542902696.21 37.0
1542902706.23 37.6
1542902716.25 37.0
1542902726.27 38.1
1542902736.29 37.6
1542902746.31 37.6
1542902756.33 37.6
1542902766.35 37.6
1542902776.38 37.0
1542902786.41 38.6
1542902796.43 37.6
1542902806.45 37.6
1542902816.47 37.6
1542902826.49 37.0
1542902836.51 38.1
1542902846.53 38.1
1542902856.55 38.6
1542902866.57 37.6
1542902876.59 37.6
1542902886.62 37.6
1542902896.64 38.6
1542902906.66 37.6
1542902916.68 37.6
1542902926.7 38.1
1542902936.72 37.6
1542902946.74 38.6
1542902956.76 38.6
1542902966.78 37.6
1542902976.8 37.6
1542902986.83 37.6
1542902996.84 38.6
1542903006.87 38.1
1542903016.89 38.1
1542903026.91 38.6
1542903036.93 38.1
1542903046.95 38.1
1542903056.97 37.6
1542903066.99 38.6
1542903077.01 38.6
1542903087.03 37.6
1542903097.05 37.6
1542903107.07 37.6
1542903117.09 38.1
1542903127.11 38.6
1542903137.12 38.1
1542903147.14 37.6
1542903157.17 38.1
1542903167.18 38.6
1542903177.2 38.1
1542903187.23 37.6
1542903197.24 38.6
1542903207.26 38.1
1542903217.28 38.6
1542903227.3 38.6
1542903237.32 38.1
1542903247.34 38.1
1542903257.36 38.1
1542903267.38 38.1
1542903277.41 38.6
1542903287.43 38.1
1542903297.45 38.1
1542903307.46 38.6
1542903317.5 38.1
1542903327.51 37.6
1542903337.53 38.1
1542903347.55 38.6
1542903357.57 37.6
1542903367.6 37.6
1542903377.61 38.1
1542903387.62 38.1
1542903397.64 38.6
1542903407.67 38.1
1542903417.69 38.1
1542903427.71 38.1
1542903437.73 38.1
1542903447.75 39.2
1542903457.76 38.6
1542903467.78 38.6
1542903477.8 38.6
1542903487.81 38.6
1542903497.82 38.6
1542903507.84 38.6
1542903517.86 38.6
1542903527.87 37.6
1542903537.89 38.6
1542903547.91 38.6
1542903557.94 38.6
1542903567.96 38.6
1542903577.98 38.6
1542903588.0 38.6
1542903598.02 38.6
1542903608.03 38.6
1542903618.05 38.6
1542903628.08 38.6
1542903638.09 39.2
1542903648.11 38.6
1542903658.13 38.6
1542903668.15 38.6
1542903678.17 38.6
1542903688.2 38.6
1542903698.22 38.6
1542903708.23 39.2
1542903718.25 38.6
1542903728.27 38.6
1542903738.28 39.2
1542903748.3 38.6
1542903758.33 38.6
1542903768.35 38.1
1542903778.37 38.6
1542903788.39 38.6
1542903798.41 38.1
1542903808.43 38.6
1542903818.44 38.6
1542903828.46 38.6
1542903838.49 39.2
1542903848.51 38.6
1542903858.52 39.2
1542903868.54 38.6
1542903878.56 38.6
1542903888.58 38.6
1542903898.6 39.2
1542903908.62 38.6
1542903918.64 39.2
1542903928.66 38.6
1542903938.68 38.6
1542903948.69 39.2
1542903958.71 38.6
1542903968.72 38.6
1542903978.75 38.6
1542903988.78 39.2
1542903998.8 38.6
1542904008.82 38.6
1542904018.84 38.6
1542904028.86 38.6
1542904038.88 39.7
1542904048.89 39.2
1542904058.91 38.6
1542904068.93 38.6
1542904078.95 38.6
1542904088.97 38.1
1542904098.99 38.1
1542904109.01 39.2
1542904119.03 39.2
1542904129.05 38.6
1542904139.06 38.6
1542904149.08 38.6
1542904159.1 39.2
1542904169.12 38.6
1542904179.14 39.2
1542904189.16 39.7
1542904199.17 38.6
1542904209.19 38.6
1542904219.21 38.6
1542904229.23 38.6
1542904239.25 38.6
1542904249.28 38.6
1542904259.3 38.6
1542904269.32 37.6
1542904279.34 38.6
1542904289.36 38.6
1542904299.38 38.6
1542904309.4 39.2
1542904319.41 38.1
1542904329.43 38.6
1542904339.45 38.6
1542904349.47 39.2
1542904359.49 39.7
1542904369.51 38.6
1542904379.53 38.6
1542904389.55 38.6
1542904399.57 38.6
1542904409.6 39.2
1542904419.61 39.2
1542904429.63 38.6
1542904439.65 39.2
1542904449.67 39.7
1542904459.69 39.7
1542904469.71 39.2
1542904479.73 38.6
1542904489.75 38.6
1542904499.78 39.7
1542904509.79 39.2
1542904519.81 39.7
1542904529.82 38.6
1542904539.84 39.7
1542904549.87 39.2
1542904559.88 38.6
1542904569.9 39.2
1542904579.91 39.7
1542904589.94 38.6
1542904599.95 39.7
1542904609.97 40.8
1542904619.99 39.7
1542904630.01 39.7
1542904640.03 39.2
1542904650.05 39.7
1542904660.06 39.7
1542904670.09 38.6
1542904680.1 40.2
1542904690.13 39.2
1542904700.14 39.2
1542904710.16 38.6
1542904720.18 38.6
1542904730.2 38.6
1542904740.22 39.7
1542904750.25 38.6
1542904760.27 38.6
1542904770.29 38.6
1542904780.32 38.6
1542904790.33 38.6
1542904800.35 38.6
1542904810.37 39.7
1542904820.39 39.2
1542904830.41 39.2
1542904840.43 38.6
1542904850.44 39.2
1542904860.47 38.6
1542904870.49 38.6
1542904880.51 38.6
1542904890.53 38.6
1542904900.55 38.6
1542904910.57 38.6
1542904920.58 39.7
1542904930.6 39.2
1542904940.63 38.6
1542904950.65 38.6
1542904960.69 38.1
1542904970.71 39.2
1542904980.74 38.6
1542904990.76 39.2
1542905000.78 38.6
1542905010.8 38.6
1542905020.82 39.2
1542905030.84 39.2
1542905040.86 39.2
1542905050.88 39.2
1542905060.9 39.7
1542905070.92 39.2
1542905080.94 39.2
1542905090.96 39.2
1542905100.98 39.7
1542905111.0 38.6
1542905121.02 38.6
1542905131.03 39.2
1542905141.06 39.2
1542905151.08 39.2
1542905161.1 39.2
1542905171.12 39.2
1542905181.14 39.2
1542905191.16 39.7
1542905201.17 39.2
1542905211.19 39.2
1542905221.21 39.7
1542905231.22 39.2
1542905241.24 39.7
1542905251.26 39.7
1542905261.28 39.2
1542905271.3 39.7
1542905281.32 39.2
1542905291.34 38.6
1542905301.36 39.2
1542905311.39 39.2
1542905321.4 39.7
1542905331.42 39.2
1542905341.44 39.2
1542905351.46 39.2
1542905361.48 39.7
1542905371.49 39.7
1542905381.52 39.7
1542905391.53 39.7
1542905401.55 40.8
1542905411.56 39.2
1542905421.58 39.2
1542905431.6 39.7
1542905441.62 39.7
1542905451.64 39.7
1542905461.66 39.7
1542905471.68 39.7
1542905481.7 39.2
1542905491.72 39.7
1542905501.74 40.2
1542905511.77 39.7
1542905521.79 40.8
1542905531.8 40.8
1542905541.82 40.8
1542905551.85 39.7
1542905561.86 40.8
1542905571.88 39.7
1542905581.9 39.7
1542905591.92 39.7
1542905601.94 40.8
1542905611.96 41.3
1542905621.98 40.8
1542905632.0 40.8
1542905642.02 40.8
1542905652.04 40.8
1542905662.06 40.8
1542905672.08 39.7
1542905682.1 40.8
1542905692.12 40.8
1542905702.14 40.8
1542905712.16 40.8
1542905722.17 40.8
1542905732.19 40.8
1542905742.2 40.8
1542905752.23 39.7
1542905762.25 40.2
1542905772.27 40.2
1542905782.28 40.8
1542905792.29 40.8
1542905802.32 40.8
1542905812.34 40.2
1542905822.35 40.8
1542905832.37 40.8
1542905842.4 40.8
1542905852.42 40.8
1542905862.43 41.3
1542905872.45 40.8
1542905882.47 40.8
1542905892.49 40.8
1542905902.51 40.8
1542905912.53 40.8
1542905922.55 40.2
1542905932.57 40.8
1542905942.59 41.9
1542905952.61 41.3
1542905962.62 40.8
1542905972.64 40.8
1542905982.66 41.3
1542905992.68 40.8
1542906002.7 40.8
