1542300009.41 40.8
1542300019.43 41.3
1542300029.44 40.8
1542300039.47 41.3
1542300049.48 40.8
1542300059.5 41.3
1542300069.51 41.9
1542300079.53 40.8
1542300089.56 41.3
1542300099.57 40.8
1542300109.59 41.9
1542300119.61 41.9
1542300129.63 41.9
1542300139.64 41.9
1542300149.67 41.3
1542300159.69 41.3
1542300169.71 41.3
1542300179.78 41.3
1542300189.8 40.8
1542300199.82 41.3
1542300209.84 41.9
1542300219.85 41.9
1542300229.87 41.9
1542300239.89 40.8
1542300249.9 41.3
1542300259.92 40.8
1542300269.94 41.3
1542300279.96 41.9
1542300289.98 40.8
1542300300.0 40.8
1542300310.03 40.8
1542300320.04 40.8
1542300330.06 40.8
1542300340.08 40.8
1542300350.1 41.3
1542300360.12 40.8
1542300370.14 40.8
1542300380.15 41.3
1542300390.17 41.3
1542300400.19 40.8
1542300410.2 40.2
1542300420.22 40.8
1542300430.24 40.8
1542300440.25 39.7
1542300450.27 40.8
1542300460.29 40.8
1542300470.31 40.8
1542300480.33 40.8
1542300490.35 40.8
1542300500.38 40.8
1542300510.4 40.8
1542300520.43 41.3
1542300530.45 40.8
1542300540.46 40.8
1542300550.48 41.9
1542300560.5 40.8
1542300570.52 41.3
1542300580.54 41.3
1542300590.57 40.8
1542300600.59 41.9
1542300610.61 41.9
1542300620.63 41.9
1542300630.65 41.3
1542300640.67 40.8
1542300650.69 40.8
1542300660.7 41.3
1542300670.72 40.8
1542300680.74 41.3
1542300690.77 41.9
1542300700.79 41.9
1542300710.8 41.9
1542300720.82 40.8
1542300730.84 41.3
1542300740.85 41.9
1542300750.87 41.3
1542300760.89 41.3
1542300770.91 41.3
1542300780.93 40.8
1542300790.95 40.2
1542300800.97 40.2
1542300810.99 40.8
1542300821.01 40.8
1542300831.03 40.2
1542300841.05 39.7
1542300851.08 39.7
1542300861.1 40.2
1542300871.12 39.7
1542300881.14 39.7
1542300891.16 39.7
1542300901.18 39.7
1542300911.2 40.2
1542300921.22 40.2
1542300931.25 39.7
1542300941.27 39.7
1542300951.29 40.2
1542300961.31 40.8
1542300971.33 39.7
1542300981.35 40.2
1542300991.37 39.7
1542301001.39 39.7
1542301011.41 40.8
1542301021.43 40.8
1542301031.45 40.8
1542301041.47 40.8
1542301051.49 40.8
1542301061.51 41.9
1542301071.53 40.8
1542301081.55 40.8
1542301091.57 40.2
1542301101.59 40.8
1542301111.6 41.9
1542301121.62 41.3
1542301131.64 41.3
1542301141.66 41.9
1542301151.68 41.9
1542301161.69 41.3
1542301171.71 41.3
1542301181.73 40.8
1542301191.75 40.8
1542301201.77 41.3
1542301211.79 41.9
1542301221.8 41.9
1542301231.82 41.9
1542301241.84 40.8
1542301251.85 41.3
1542301261.87 41.9
1542301271.89 41.9
1542301281.9 41.3
1542301291.92 42.4
1542301301.94 41.9
1542301311.96 41.9
1542301321.98 41.9
1542301332.0 41.9
1542301342.02 42.4
1542301352.04 41.9
1542301362.06 42.9
1542301372.08 41.9
1542301382.1 41.9
1542301392.12 41.9
1542301402.14 41.9
1542301412.15 42.9
1542301422.17 41.9
1542301432.19 42.9
1542301442.21 42.4
1542301452.23 42.9
1542301462.25 42.9
1542301472.27 42.9
1542301482.28 42.9
1542301492.3 42.9
1542301502.32 42.4
1542301512.33 42.9
1542301522.35 42.9
1542301532.37 42.9
1542301542.38 42.9
1542301552.4 43.5
1542301562.42 42.9
1542301572.43 43.5
1542301582.45 42.9
1542301592.47 43.5
1542301602.49 42.9
1542301612.51 43.5
1542301622.53 43.5
1542301632.54 43.5
1542301642.56 44.0
1542301652.59 44.0
1542301662.61 43.5
1542301672.62 43.5
1542301682.64 43.5
1542301692.66 43.5
1542301702.68 44.0
1542301712.7 44.0
1542301722.72 44.0
1542301732.73 44.0
1542301742.75 45.1
1542301752.77 44.5
1542301762.79 45.1
1542301772.8 45.1
1542301782.81 44.5
1542301792.83 45.1
1542301802.85 45.6
1542301812.87 45.1
1542301822.89 45.1
1542301832.9 45.1
1542301842.92 45.1
1542301852.94 45.1
1542301862.96 44.0
1542301872.98 45.1
1542301883.0 44.5
1542301893.02 45.1
1542301903.03 44.0
1542301913.05 45.1
1542301923.07 45.1
1542301933.09 45.1
1542301943.1 45.6
1542301953.12 45.1
1542301963.14 45.1
1542301973.15 45.1
1542301983.18 45.1
1542301993.19 45.1
1542302003.21 45.1
1542302013.24 44.5
1542302023.25 45.1
1542302033.27 45.1
1542302043.3 45.1
1542302053.31 45.1
1542302063.33 44.0
1542302073.35 45.1
1542302083.37 45.1
1542302093.39 45.1
1542302103.4 44.5
1542302113.43 45.1
1542302123.45 45.1
1542302133.47 44.5
1542302143.48 44.0
1542302153.5 44.0
1542302163.53 44.0
1542302173.54 44.0
1542302183.56 44.0
1542302193.58 44.5
1542302203.6 43.5
1542302213.62 44.0
1542302223.63 44.5
1542302233.66 44.0
1542302243.68 44.5
1542302253.7 44.0
1542302263.72 44.0
1542302273.74 44.0
1542302283.75 44.0
1542302293.77 44.5
1542302303.79 44.0
1542302313.81 45.1
1542302323.83 44.5
1542302333.85 44.0
1542302343.87 44.5
1542302353.89 45.1
1542302363.9 44.0
1542302373.93 44.0
1542302383.94 45.1
1542302393.96 44.0
1542302403.98 44.0
1542302414.0 44.5
1542302424.02 45.6
1542302434.03 45.1
1542302444.06 45.1
1542302454.07 45.1
1542302464.08 45.1
1542302474.11 45.1
1542302484.14 45.1
1542302494.15 45.1
1542302504.17 45.1
1542302514.19 45.6
1542302524.21 45.6
1542302534.23 45.6
1542302544.24 45.1
1542302554.26 45.6
1542302564.28 45.6
1542302574.3 45.1
1542302584.32 45.6
1542302594.34 45.1
1542302604.36 45.1
1542302614.38 45.1
1542302624.4 45.6
1542302634.41 45.6
1542302644.43 46.2
1542302654.45 45.6
1542302664.47 46.7
1542302674.49 45.6
1542302684.5 46.2
1542302694.53 46.7
1542302704.54 46.2
1542302714.56 46.2
1542302724.58 46.2
1542302734.6 46.2
1542302744.61 46.2
1542302754.63 46.2
1542302764.64 47.2
1542302774.65 46.2
1542302784.67 46.2
1542302794.69 47.2
1542302804.7 47.2
1542302814.71 47.8
1542302824.73 47.2
1542302834.74 47.2
1542302844.77 47.2
1542302854.78 47.2
1542302864.8 47.2
1542302874.81 46.7
1542302884.83 47.2
1542302894.85 47.2
1542302904.86 47.2
1542302914.88 47.8
1542302924.89 47.8
1542302934.92 47.2
1542302944.93 47.8
1542302954.94 47.2
1542302964.96 47.8
1542302974.97 47.8
1542302984.98 47.2
1542302994.99 47.2
1542303005.01 47.2
1542303015.02 47.2
1542303025.04 47.2
1542303035.05 47.2
1542303045.06 47.2
1542303055.07 47.2
1542303065.09 47.2
1542303075.1 47.2
1542303085.12 46.7
1542303095.14 46.7
1542303105.16 46.7
1542303115.17 47.2
1542303125.19 47.2
1542303135.2 47.2
1542303145.23 46.7
1542303155.24 47.2
1542303165.26 46.7
1542303175.28 47.2
1542303185.29 47.8
1542303195.31 47.8
1542303205.32 47.2
1542303215.34 47.8
1542303225.36 47.8
1542303235.37 47.2
1542303245.39 47.8
1542303255.41 47.8
1542303265.43 47.8
1542303275.44 47.8
1542303285.46 47.2
1542303295.49 47.8
1542303305.5 47.8
1542303315.52 47.2
1542303325.54 46.2
1542303335.55 47.2
1542303345.57 46.7
1542303355.59 46.2
1542303365.61 47.8
1542303375.63 47.2
1542303385.64 46.7
1542303395.66 47.2
1542303405.68 46.2
1542303415.7 46.7
1542303425.71 47.2
1542303435.73 47.2
1542303445.75 46.2
1542303455.77 46.7
1542303465.78 46.2
1542303475.81 46.2
1542303485.83 46.7
1542303495.84 46.2
1542303505.86 45.1
1542303515.89 46.2
1542303525.9 45.6
1542303535.92 46.2
1542303545.94 46.7
1542303555.95 46.7
1542303565.98 46.2
1542303575.99 46.2
1542303586.01 46.2
1542303596.04 46.2
1542303606.05 46.2
1542303616.07 46.2
1542303626.09 46.2
1542303636.11 45.1
1542303646.13 45.1
1542303656.15 45.6
1542303666.17 45.1
1542303676.19 45.6
1542303686.2 45.1
1542303696.22 45.6
1542303706.24 45.1
1542303716.25 45.1
1542303726.27 45.1
1542303736.29 45.1
1542303746.3 45.6
1542303756.33 45.1
1542303766.34 44.0
1542303776.36 45.1
1542303786.38 45.1
1542303796.39 45.1
1542303806.43 45.1
1542303816.45 45.1
1542303826.48 45.1
1542303836.49 45.1
1542303846.51 45.1
1542303856.53 45.1
1542303866.55 44.5
1542303876.57 44.0
1542303886.59 45.6
1542303896.61 45.1
1542303906.62 45.1
1542303916.64 45.1
1542303926.66 45.1
1542303936.67 45.1
1542303946.7 44.5
1542303956.71 44.0
1542303966.73 44.0
1542303976.75 44.5
1542303986.77 44.5
1542303996.8 44.0
1542304006.81 44.5
1542304016.84 43.5
1542304026.85 43.5
1542304036.87 44.0
1542304046.89 44.5
1542304056.9 43.5
1542304066.92 43.5
1542304076.94 44.0
1542304086.96 44.0
1542304096.98 43.5
1542304107.0 43.5
1542304117.02 43.5
1542304127.04 43.5
1542304137.05 44.0
1542304147.07 42.4
1542304157.09 42.4
1542304167.11 42.9
1542304177.13 42.9
1542304187.15 42.9
1542304197.18 42.9
1542304207.19 42.4
1542304217.22 41.3
1542304227.24 42.4
1542304237.25 41.9
1542304247.27 41.9
1542304257.3 41.3
1542304267.32 41.9
1542304277.34 41.9
1542304287.36 42.4
1542304297.37 42.4
1542304307.4 41.9
1542304317.42 41.9
1542304327.44 41.9
1542304337.46 41.3
1542304347.48 41.9
1542304357.5 41.9
1542304367.52 41.9
1542304377.55 41.3
1542304387.57 41.9
1542304397.59 41.9
1542304407.6 41.9
1542304417.63 41.3
1542304427.65 40.8
1542304437.67 40.8
1542304447.69 40.8
1542304457.71 40.8
1542304467.73 41.3
1542304477.74 41.9
1542304487.76 41.9
1542304497.78 41.9
1542304507.79 41.9
1542304517.81 42.4
1542304527.83 41.3
1542304537.85 40.8
1542304547.87 40.8
1542304557.9 41.3
1542304567.92 40.8
1542304577.94 40.8
1542304587.96 40.8
1542304597.98 40.2
1542304608.01 40.8
1542304618.03 40.2
1542304628.05 40.8
1542304638.06 41.3
1542304648.08 41.3
1542304658.1 40.8
1542304668.12 40.8
1542304678.13 40.8
1542304688.15 40.8
1542304698.17 40.8
1542304708.19 40.8
1542304718.21 40.8
1542304728.23 40.2
1542304738.25 40.8
1542304748.27 40.8
1542304758.29 41.3
1542304768.31 40.8
1542304778.33 40.8
1542304788.36 40.8
1542304798.38 40.8
