1543300007.86 38.1
1543300017.88 38.1
1543300027.9 38.6
1543300037.93 38.6
1543300047.95 37.6
1543300057.96 38.6
1543300067.98 38.1
1543300078.0 37.6
1543300088.02 38.6
1543300098.05 38.6
1543300108.07 37.6
1543300118.09 38.1
1543300128.1 37.6
1543300138.12 38.6
1543300148.13 38.6
1543300158.16 38.1
1543300168.17 38.6
1543300178.19 38.6
1543300188.21 38.6
1543300198.23 38.6
1543300208.25 38.1
1543300218.27 38.6
1543300228.29 37.6
1543300238.31 38.1
1543300248.34 38.1
1543300258.36 37.6
1543300268.38 38.6
1543300278.4 38.1
1543300288.42 37.6
1543300298.43 37.6
1543300308.45 37.6
1543300318.47 38.1
1543300328.5 37.6
1543300338.51 37.6
1543300348.53 37.6
1543300358.56 37.6
1543300368.58 38.1
1543300378.6 37.6
1543300388.62 38.1
1543300398.64 37.6
1543300408.67 38.1
1543300418.69 38.6
1543300428.71 37.6
1543300438.73 37.6
1543300448.75 37.6
1543300458.77 38.6
1543300468.79 38.1
1543300478.81 37.6
1543300488.83 38.6
1543300498.85 38.6
1543300508.87 38.1
1543300518.89 37.6
1543300528.91 37.6
1543300538.93 38.1
1543300548.96 37.6
1543300558.98 37.6
1543300569.0 38.1
1543300579.02 37.6
1543300589.04 38.1
1543300599.06 38.1
1543300609.08 38.6
1543300619.1 37.6
1543300629.13 37.6
1543300639.15 38.1
1543300649.17 37.0
1543300659.19 37.6
1543300669.21 37.6
1543300679.23 38.1
1543300689.25 37.6
1543300699.28 37.6
1543300709.3 38.1
1543300719.32 37.6
1543300729.34 37.6
1543300739.36 38.1
1543300749.38 37.6
1543300759.4 37.6
1543300769.42 37.6
1543300779.45 37.6
1543300789.47 37.0
1543300799.49 37.6
1543300809.51 37.6
1543300819.53 37.6
1543300829.56 37.6
1543300839.58 37.6
1543300849.6 38.1
1543300859.62 37.0
1543300869.64 37.6
1543300879.66 37.6
1543300889.68 38.1
1543300899.71 38.1
1543300909.73 37.6
1543300919.75 37.6
1543300929.77 37.0
1543300939.79 37.6
1543300949.81 37.6
1543300959.83 37.0
1543300969.86 37.0
1543300979.88 38.1
1543300989.9 37.6
1543300999.92 38.1
1543301009.94 37.6
1543301019.96 37.6
1543301029.99 37.6
1543301040.01 37.6
1543301050.04 37.6
1543301060.05 38.1
1543301070.07 37.6
1543301080.09 37.6
1543301090.12 37.6
1543301100.14 37.6
1543301110.16 37.0
1543301120.18 37.6
1543301130.2 37.6
1543301140.22 37.6
1543301150.24 38.1
1543301160.26 37.6
1543301170.28 38.1
1543301180.3 37.6
1543301190.32 37.6
1543301200.34 38.1
1543301210.36 37.6
1543301220.38 37.6
1543301230.41 37.6
1543301240.43 38.6
1543301250.45 38.6
1543301260.47 37.6
1543301270.49 37.6
1543301280.5 38.6
1543301290.53 37.6
1543301300.55 37.6
1543301310.57 37.6
1543301320.58 38.1
1543301330.6 37.6
1543301340.63 38.1
1543301350.65 37.6
1543301360.66 38.6
1543301370.68 37.6
1543301380.71 37.6
1543301390.72 38.6
1543301400.74 37.6
1543301410.76 38.1
1543301420.78 37.6
1543301430.81 38.1
1543301440.83 38.6
1543301450.85 38.6
1543301460.87 37.6
1543301470.88 38.1
1543301480.9 38.1
1543301490.92 38.1
1543301500.94 37.6
1543301510.96 38.6
1543301520.98 38.1
1543301530.99 38.6
1543301541.02 38.1
1543301551.04 37.6
1543301561.06 38.6
1543301571.08 38.6
1543301581.1 38.1
1543301591.11 38.6
1543301601.13 38.6
1543301611.16 38.1
1543301621.17 38.6
1543301631.19 37.6
1543301641.21 37.6
1543301651.24 38.1
1543301661.25 38.1
1543301671.27 38.6
1543301681.3 38.1
1543301691.32 37.6
1543301701.34 37.6
1543301711.36 38.6
1543301721.38 37.6
1543301731.4 38.1
1543301741.42 37.6
1543301751.44 38.6
1543301761.46 37.6
1543301771.49 38.1
1543301781.51 37.6
1543301791.53 37.6
1543301801.55 37.6
1543301811.57 37.6
1543301821.59 37.6
1543301831.61 38.1
1543301841.64 37.6
1543301851.66 37.0
1543301861.69 38.6
1543301871.71 37.6
1543301881.73 38.6
1543301891.75 38.1
1543301901.77 38.6
1543301911.79 38.1
1543301921.81 38.1
1543301931.83 38.6
1543301941.85 38.6
1543301951.86 38.6
1543301961.89 38.6
1543301971.91 38.1
1543301981.92 38.1
1543301991.94 38.1
1543302001.96 38.6
