1543000007.11 49.4
1543000017.13 48.3
1543000027.15 48.3
1543000037.17 48.3
1543000047.18 48.3
1543000057.2 48.3
1543000067.22 47.2
1543000077.24 48.3
1543000087.25 48.3
1543000097.27 48.9
1543000107.28 48.3
1543000117.3 47.8
1543000127.32 48.3
1543000137.34 47.8
1543000147.35 48.3
1543000157.37 48.3
1543000167.39 48.3
1543000177.41 48.3
1543000187.43 48.3
1543000197.45 49.4
1543000207.47 48.9
1543000217.48 48.9
1543000227.5 49.4
1543000237.52 48.9
1543000247.53 48.9
1543000257.54 49.4
1543000267.56 47.8
1543000277.58 48.3
1543000287.6 48.3
1543000297.63 47.2
1543000307.64 48.3
1543000317.66 48.9
1543000327.68 47.8
1543000337.7 47.2
1543000347.72 47.8
1543000357.74 48.3
1543000367.75 48.3
1543000377.77 48.3
1543000387.79 48.3
1543000397.81 48.3
1543000407.83 48.3
1543000417.85 48.3
1543000427.86 47.8
1543000437.88 48.3
1543000447.89 48.3
1543000457.91 47.8
1543000467.93 48.3
1543000477.94 47.2
1543000487.96 47.8
1543000497.98 47.8
1543000508.0 48.3
1543000518.02 47.8
1543000528.04 47.8
1543000538.06 47.8
1543000548.08 47.8
1543000558.1 48.3
1543000568.12 48.3
1543000578.14 48.3
1543000588.15 48.3
1543000598.17 48.3
1543000608.19 48.3
1543000618.2 48.3
1543000628.22 47.8
1543000638.24 48.3
1543000648.26 48.3
1543000658.28 47.8
1543000668.29 47.2
1543000678.31 47.8
1543000688.33 48.3
1543000698.34 48.3
1543000708.36 47.8
1543000718.38 47.2
1543000728.39 48.3
1543000738.41 47.2
1543000748.42 47.2
1543000758.44 47.2
1543000768.46 47.2
1543000778.48 47.2
1543000788.5 47.8
1543000798.51 47.8
1543000808.53 47.8
1543000818.56 47.2
1543000828.58 47.2
1543000838.59 47.8
1543000848.61 47.2
1543000858.63 47.8
1543000868.64 47.2
1543000878.66 47.8
1543000888.68 47.2
1543000898.7 47.8
1543000908.72 47.8
1543000918.73 47.8
1543000928.75 47.8
1543000938.77 47.8
1543000948.79 47.2
1543000958.81 47.2
1543000968.83 47.2
1543000978.85 47.2
1543000988.86 47.8
1543000998.88 48.3
1543001008.9 47.8
1543001018.91 47.8
1543001028.93 47.2
1543001038.95 47.8
1543001048.97 47.2
1543001058.99 47.2
1543001069.01 47.2
1543001079.03 47.8
1543001089.05 47.8
1543001099.07 47.2
1543001109.08 47.2
1543001119.1 47.8
1543001129.12 47.8
1543001139.14 47.2
1543001149.15 47.2
1543001159.17 47.2
1543001169.19 47.8
1543001179.22 47.8
1543001189.24 47.8
1543001199.25 47.8
1543001209.27 47.2
1543001219.29 47.8
1543001229.3 47.8
1543001239.32 47.8
1543001249.34 47.2
1543001259.36 47.8
1543001269.38 47.8
1543001279.4 47.2
1543001289.42 47.2
1543001299.44 47.2
1543001309.45 47.2
1543001319.47 47.2
1543001329.49 46.7
1543001339.51 47.2
1543001349.53 47.2
1543001359.55 46.2
1543001369.57 46.2
1543001379.6 47.2
1543001389.62 46.7
1543001399.63 46.2
1543001409.65 46.7
1543001419.67 46.7
1543001429.69 46.2
1543001439.7 46.2
1543001449.72 46.2
1543001459.73 46.2
1543001469.75 45.1
1543001479.77 46.2
1543001489.79 46.2
1543001499.81 46.2
1543001509.83 45.6
1543001519.85 46.2
1543001529.87 46.2
1543001539.89 46.2
1543001549.9 45.1
1543001559.93 45.1
1543001569.94 46.2
1543001579.96 45.6
1543001589.98 45.1
1543001599.99 45.1
1543001610.01 45.1
1543001620.03 45.1
1543001630.06 45.6
1543001640.07 45.1
1543001650.09 45.1
1543001660.11 45.6
1543001670.13 44.5
1543001680.15 45.6
1543001690.18 45.1
1543001700.21 46.2
1543001710.22 45.1
1543001720.24 45.1
1543001730.27 45.6
1543001740.28 45.6
1543001750.3 45.1
1543001760.31 46.2
1543001770.33 45.1
1543001780.36 45.6
1543001790.37 45.6
1543001800.39 45.1
1543001810.41 46.2
1543001820.43 45.1
1543001830.45 45.6
1543001840.47 45.1
1543001850.49 46.2
1543001860.5 45.6
1543001870.51 46.2
1543001880.53 46.2
1543001890.55 45.1
1543001900.56 45.1
1543001910.58 45.6
1543001920.59 45.6
1543001930.61 45.1
1543001940.61 45.6
1543001950.64 45.6
1543001960.65 46.2
1543001970.67 45.6
1543001980.69 45.6
1543001990.71 45.1
1543002000.72 45.1
1543002010.73 46.2
1543002020.74 45.6
1543002030.76 45.1
1543002040.77 46.2
1543002050.79 45.6
1543002060.8 46.2
1543002070.81 46.2
1543002080.83 45.6
1543002090.85 46.2
1543002100.86 46.2
1543002110.88 46.2
1543002120.89 46.7
1543002130.91 46.2
1543002140.92 46.2
1543002150.94 46.7
1543002160.96 46.2
1543002170.97 46.2
1543002180.99 46.2
1543002191.01 46.2
1543002201.03 45.6
1543002211.05 46.2
1543002221.07 46.2
1543002231.08 45.6
1543002241.1 46.2
1543002251.12 45.6
1543002261.14 46.2
1543002271.16 46.2
1543002281.18 46.2
1543002291.2 46.2
1543002301.22 46.2
1543002311.24 45.6
1543002321.26 46.2
1543002331.29 45.6
1543002341.3 46.2
1543002351.32 45.1
1543002361.34 46.2
1543002371.36 46.2
1543002381.38 46.2
1543002391.4 45.6
1543002401.42 45.6
1543002411.44 45.1
1543002421.46 45.1
1543002431.49 45.6
1543002441.5 46.2
1543002451.52 46.2
1543002461.53 45.6
1543002471.56 45.1
1543002481.58 45.6
1543002491.6 45.1
1543002501.62 45.6
1543002511.64 46.2
1543002521.66 46.2
1543002531.68 46.2
1543002541.7 46.2
1543002551.72 46.2
1543002561.74 46.7
1543002571.76 46.2
1543002581.78 45.6
1543002591.8 46.2
1543002601.82 46.2
1543002611.84 45.6
1543002621.86 46.2
1543002631.88 45.6
1543002641.89 45.6
1543002651.91 46.2
1543002661.93 46.2
1543002671.94 45.6
1543002681.96 46.2
1543002691.98 45.6
1543002701.99 45.6
1543002712.01 45.6
1543002722.03 45.1
1543002732.04 45.6
1543002742.06 45.1
1543002752.08 45.1
1543002762.1 45.1
1543002772.12 45.1
1543002782.14 45.1
1543002792.15 45.1
1543002802.17 44.5
1543002812.19 45.1
1543002822.21 44.5
1543002832.23 44.5
1543002842.25 45.1
1543002852.26 45.1
1543002862.28 45.1
1543002872.3 45.1
1543002882.32 45.1
1543002892.34 44.5
1543002902.36 44.5
1543002912.38 44.5
1543002922.4 45.1
1543002932.42 45.1
1543002942.44 45.1
1543002952.45 45.1
1543002962.48 44.5
1543002972.5 45.1
1543002982.52 45.1
1543002992.53 45.1
1543003002.55 45.6
1543003012.58 45.6
1543003022.59 45.1
1543003032.61 45.6
1543003042.63 45.6
1543003052.64 46.2
1543003062.66 45.1
1543003072.68 45.1
1543003082.71 45.6
1543003092.72 46.2
1543003102.74 46.2
1543003112.76 46.2
1543003122.77 46.2
1543003132.78 45.1
1543003142.8 46.2
1543003152.82 45.1
1543003162.85 45.6
1543003172.87 45.6
1543003182.89 46.2
1543003192.91 45.6
1543003202.92 47.2
1543003212.94 46.7
1543003222.96 46.2
1543003232.98 46.7
1543003242.99 47.2
1543003253.01 46.2
1543003263.03 46.2
1543003273.04 46.2
1543003283.06 46.2
1543003293.09 45.6
1543003303.11 45.6
1543003313.12 46.7
1543003323.14 46.2
1543003333.16 46.2
1543003343.18 45.1
1543003353.2 46.2
1543003363.22 46.2
1543003373.23 46.2
1543003383.24 46.2
1543003393.26 46.2
1543003403.29 46.2
1543003413.3 46.2
1543003423.32 46.2
1543003433.33 46.2
1543003443.35 45.6
1543003453.37 46.2
1543003463.39 46.2
1543003473.41 46.2
1543003483.43 46.2
1543003493.45 46.2
1543003503.46 45.6
1543003513.49 45.6
1543003523.5 45.6
1543003533.52 45.1
1543003543.55 45.1
1543003553.58 45.1
1543003563.6 45.1
1543003573.62 46.2
1543003583.64 45.6
1543003593.66 44.5
1543003603.68 45.6
1543003613.69 45.1
1543003623.71 44.5
1543003633.73 45.1
1543003643.75 45.1
1543003653.77 45.1
1543003663.79 45.1
1543003673.82 44.0
1543003683.83 44.0
1543003693.85 45.1
1543003703.87 44.0
1543003713.89 44.5
1543003723.91 44.0
1543003733.93 44.5
1543003743.96 44.5
1543003753.97 45.1
1543003764.0 45.1
1543003774.02 44.5
1543003784.04 45.1
1543003794.05 44.0
1543003804.08 44.5
1543003814.1 44.0
1543003824.12 45.1
1543003834.14 44.0
1543003844.17 44.0
1543003854.19 45.1
1543003864.21 44.0
1543003874.23 44.5
1543003884.25 44.5
1543003894.27 44.0
1543003904.28 44.5
1543003914.3 45.1
1543003924.32 44.5
1543003934.34 44.5
1543003944.37 44.5
1543003954.38 45.1
1543003964.4 44.5
1543003974.41 45.1
1543003984.44 45.1
1543003994.46 44.5
1543004004.47 45.1
1543004014.49 44.5
1543004024.51 44.5
1543004034.53 45.1
1543004044.54 45.1
1543004054.56 45.1
1543004064.59 45.1
1543004074.61 44.5
1543004084.63 44.0
1543004094.65 45.1
1543004104.67 44.0
1543004114.69 45.1
1543004124.71 44.5
1543004134.73 44.5
1543004144.74 45.1
1543004154.76 44.0
1543004164.78 44.5
1543004174.8 44.0
1543004184.82 44.0
1543004194.84 44.0
1543004204.86 44.0
1543004214.88 44.5
1543004224.89 44.0
1543004234.91 44.5
1543004244.93 44.5
1543004254.95 44.5
1543004264.97 44.5
1543004274.99 44.0
1543004285.01 45.1
1543004295.03 44.5
1543004305.05 44.0
1543004315.07 44.0
1543004325.09 44.5
1543004335.11 44.0
1543004345.13 45.1
1543004355.14 44.5
1543004365.17 44.0
1543004375.18 44.0
1543004385.2 44.0
1543004395.22 44.0
1543004405.23 44.0
1543004415.25 42.9
1543004425.27 42.9
1543004435.29 42.9
1543004445.31 42.9
1543004455.33 42.9
1543004465.35 42.9
1543004475.37 43.5
1543004485.39 42.9
1543004495.41 42.9
1543004505.43 42.9
1543004515.45 42.9
1543004525.47 41.9
1543004535.49 42.9
1543004545.51 43.5
1543004555.53 42.9
1543004565.54 43.5
1543004575.56 43.5
1543004585.58 43.5
1543004595.6 42.9
1543004605.62 42.9
1543004615.64 42.9
1543004625.65 43.5
1543004635.67 42.9
1543004645.79 42.9
1543004655.81 42.9
1543004665.82 43.5
1543004675.84 42.9
1543004685.86 42.9
1543004695.88 41.9
1543004705.91 42.4
1543004715.93 41.9
1543004725.95 42.4
1543004735.97 41.9
1543004745.99 41.9
1543004756.01 42.4
1543004766.03 42.9
1543004776.04 41.9
1543004786.06 43.5
1543004796.09 41.9
1543004806.1 42.4
1543004816.12 41.9
1543004826.15 42.4
1543004836.17 41.9
1543004846.18 42.9
1543004856.2 41.9
1543004866.22 42.9
1543004876.24 42.9
1543004886.25 42.4
1543004896.28 41.9
1543004906.29 42.9
1543004916.31 42.9
1543004926.33 42.9
1543004936.35 42.4
1543004946.36 43.5
1543004956.38 42.9
1543004966.4 42.9
1543004976.41 42.4
1543004986.42 41.9
1543004996.44 42.9
1543005006.45 42.9
1543005016.47 42.9
1543005026.49 42.9
1543005036.5 42.9
1543005046.51 42.9
1543005056.53 42.9
1543005066.55 42.9
1543005076.57 42.9
1543005086.58 42.9
1543005096.6 42.4
1543005106.61 42.4
1543005116.64 41.9
1543005126.66 41.9
1543005136.67 42.9
1543005146.69 41.9
1543005156.71 42.9
1543005166.73 42.9
1543005176.75 42.9
1543005186.77 42.4
1543005196.79 42.9
1543005206.81 41.9
1543005216.83 42.4
1543005226.84 42.4
1543005236.86 42.9
1543005246.88 42.9
1543005256.9 42.4
1543005266.91 41.9
1543005276.93 41.9
1543005286.96 41.9
1543005296.97 41.9
1543005306.99 41.9
1543005317.01 41.9
1543005327.03 41.9
1543005337.04 40.8
1543005347.06 41.3
1543005357.09 41.3
1543005367.11 40.8
1543005377.13 40.8
1543005387.15 41.3
1543005397.17 41.3
1543005407.19 41.3
1543005417.21 40.8
1543005427.23 40.2
1543005437.25 41.9
1543005447.27 40.8
1543005457.29 40.8
1543005467.31 40.8
1543005477.33 40.8
1543005487.35 41.3
1543005497.37 40.8
1543005507.39 40.8
1543005517.41 40.8
1543005527.43 41.3
1543005537.45 40.8
1543005547.47 40.2
1543005557.49 41.3
1543005567.51 40.8
1543005577.52 40.8
1543005587.54 40.8
1543005597.57 40.8
1543005607.58 40.8
1543005617.6 40.2
1543005627.63 39.7
1543005637.65 39.7
1543005647.68 40.2
1543005657.7 40.8
1543005667.72 39.7
1543005677.74 40.2
1543005687.75 40.8
1543005697.77 40.8
1543005707.79 41.3
1543005717.81 40.8
1543005727.82 41.3
1543005737.84 40.8
1543005747.87 40.2
1543005757.89 40.2
1543005767.9 40.8
1543005777.93 40.2
1543005787.95 40.8
1543005797.97 40.8
1543005807.99 40.8
1543005818.01 40.8
1543005828.02 40.8
1543005838.04 40.2
1543005848.05 40.8
1543005858.08 40.2
1543005868.12 40.8
1543005878.13 40.8
1543005888.16 40.8
1543005898.17 40.8
1543005908.2 40.8
1543005918.22 40.8
1543005928.24 40.2
1543005938.26 39.7
1543005948.28 40.2
1543005958.3 39.7
1543005968.32 40.8
1543005978.34 40.2
1543005988.36 40.8
1543005998.38 40.2
1543006008.41 40.2
1543006018.43 39.7
1543006028.44 40.2
1543006038.46 39.7
1543006048.48 39.7
1543006058.5 39.7
1543006068.52 39.7
1543006078.54 40.2
1543006088.56 39.7
1543006098.58 39.7
1543006108.6 39.7
1543006118.62 39.7
1543006128.64 39.7
1543006138.65 40.8
1543006148.67 40.8
1543006158.69 40.8
1543006168.7 40.8
1543006178.72 40.2
1543006188.74 40.2
1543006198.76 39.7
1543006208.78 39.7
1543006218.8 39.2
1543006228.82 39.7
1543006238.84 39.2
1543006248.86 39.7
1543006258.88 39.7
1543006268.9 38.6
1543006278.92 38.6
1543006288.94 39.2
1543006298.96 39.2
1543006308.98 39.2
1543006319.0 39.2
1543006329.03 38.6
1543006339.05 39.2
1543006349.06 39.2
1543006359.08 39.7
1543006369.1 39.7
1543006379.12 39.2
1543006389.14 38.6
1543006399.16 38.6
1543006409.18 38.6
1543006419.2 39.7
1543006429.22 38.6
1543006439.24 38.6
1543006449.26 38.6
1543006459.27 39.2
1543006469.29 39.2
1543006479.31 39.7
1543006489.32 39.2
1543006499.34 39.2
1543006509.36 38.6
1543006519.38 39.7
1543006529.4 39.2
1543006539.42 39.2
1543006549.43 38.6
1543006559.45 38.6
1543006569.47 39.2
1543006579.48 39.2
1543006589.5 38.6
1543006599.52 39.2
1543006609.54 38.6
1543006619.56 38.6
1543006629.58 38.6
1543006639.6 38.6
1543006649.62 38.1
1543006659.64 38.6
1543006669.66 38.6
1543006679.68 38.6
1543006689.7 38.1
1543006699.71 38.6
1543006709.73 38.6
1543006719.74 37.6
1543006729.76 38.6
1543006739.78 38.6
1543006749.79 37.6
1543006759.81 37.6
1543006769.84 37.6
1543006779.86 37.6
1543006789.88 36.5
1543006799.9 37.6
