1543100009.67 41.9
1543100019.68 42.9
1543100029.7 41.9
1543100039.72 42.9
1543100049.74 42.9
1543100059.76 42.9
1543100069.78 42.4
1543100079.8 42.9
1543100089.82 41.9
1543100099.83 42.9
1543100109.86 42.9
1543100119.88 42.9
1543100129.89 43.5
1543100139.91 43.5
1543100149.93 43.5
1543100159.94 44.0
1543100169.96 43.5
1543100179.98 42.9
1543100190.0 44.0
1543100200.02 44.0
1543100210.04 43.5
1543100220.06 43.5
1543100230.08 43.5
1543100240.1 44.0
1543100250.12 44.0
1543100260.14 42.9
1543100270.15 44.0
1543100280.17 44.0
1543100290.19 44.0
1543100300.2 43.5
1543100310.22 43.5
1543100320.24 44.0
1543100330.26 43.5
1543100340.28 43.5
1543100350.3 43.5
1543100360.32 43.5
1543100370.34 43.5
1543100380.36 43.5
1543100390.38 44.0
1543100400.39 43.5
