1543200003.09 42.9
1543200013.11 44.0
1543200023.13 42.9
1543200033.15 43.5
1543200043.16 42.9
1543200053.18 43.5
1543200063.21 43.5
1543200073.22 42.9
1543200083.24 42.9
1543200093.26 42.9
1543200103.28 42.9
1543200113.31 43.5
1543200123.33 42.9
1543200133.35 42.9
1543200143.37 42.9
1543200153.39 42.9
1543200163.42 42.4
1543200173.44 42.4
1543200183.46 42.4
1543200193.48 42.9
1543200203.5 42.9
1543200213.52 42.9
1543200223.53 42.9
1543200233.55 42.9
1543200243.58 42.9
1543200253.6 42.9
1543200263.61 42.9
1543200273.63 43.5
1543200283.64 42.9
1543200293.65 42.9
1543200303.67 43.5
1543200313.69 43.5
1543200323.71 43.5
1543200333.73 42.9
1543200343.74 42.9
1543200353.76 42.9
1543200363.78 42.9
1543200373.8 43.5
1543200383.82 42.9
1543200393.84 43.5
1543200403.85 44.0
1543200413.87 43.5
1543200423.89 43.5
1543200433.91 44.0
1543200443.93 42.9
1543200453.94 44.0
1543200463.96 44.5
1543200473.98 44.0
1543200483.99 44.0
1543200494.01 44.0
1543200504.02 44.0
1543200514.04 44.0
1543200524.06 44.5
1543200534.08 44.0
1543200544.09 44.0
1543200554.1 44.0
1543200564.11 45.1
1543200574.13 44.5
1543200584.15 44.5
1543200594.17 44.0
1543200604.19 44.5
1543200614.21 44.0
1543200624.24 44.0
1543200634.27 43.5
1543200644.29 45.1
1543200654.3 44.0
1543200664.32 44.0
1543200674.34 44.0
1543200684.35 44.5
1543200694.37 45.1
1543200704.39 44.0
1543200714.41 43.5
1543200724.43 43.5
1543200734.45 44.5
1543200744.47 43.5
1543200754.49 42.9
1543200764.5 43.5
1543200774.52 43.5
1543200784.54 44.0
1543200794.56 42.9
1543200804.58 44.0
1543200814.59 44.0
1543200824.61 44.0
1543200834.63 44.0
1543200844.64 44.0
1543200854.66 44.5
1543200864.68 43.5
1543200874.7 43.5
1543200884.71 44.0
1543200894.73 44.0
1543200904.75 44.0
1543200914.77 42.9
1543200924.79 42.9
1543200934.81 43.5
1543200944.83 44.0
1543200954.84 42.9
1543200964.87 44.0
1543200974.88 44.0
1543200984.91 44.0
1543200994.92 44.0
1543201004.95 44.0
1543201014.97 44.0
1543201024.99 44.0
1543201035.01 43.5
1543201045.03 42.9
1543201055.05 43.5
1543201065.07 44.5
1543201075.09 43.5
1543201085.11 42.9
1543201095.13 44.0
1543201105.15 43.5
1543201115.16 44.0
1543201125.18 44.0
1543201135.2 42.9
1543201145.22 44.0
1543201155.23 44.0
1543201165.26 44.0
1543201175.28 43.5
1543201185.3 43.5
1543201195.31 44.0
1543201205.33 44.0
1543201215.35 44.5
1543201225.37 45.1
1543201235.39 44.0
1543201245.41 44.5
1543201255.43 44.0
1543201265.46 43.5
1543201275.48 44.5
1543201285.5 44.0
1543201295.51 44.5
1543201305.53 44.0
1543201315.55 44.5
1543201325.56 44.5
1543201335.58 44.5
1543201345.6 45.1
1543201355.61 45.1
1543201365.63 45.1
1543201375.64 45.1
1543201385.66 45.1
1543201395.68 44.5
1543201405.7 45.1
1543201415.71 45.1
1543201425.74 44.0
1543201435.75 44.5
1543201445.76 44.5
1543201455.79 44.0
1543201465.8 44.0
1543201475.82 44.0
1543201485.84 44.0
1543201495.86 45.1
1543201505.87 45.1
1543201515.89 44.5
1543201525.91 44.5
1543201535.93 44.0
1543201545.95 44.5
1543201555.97 44.5
1543201565.98 45.1
1543201576.0 44.0
1543201586.02 44.0
1543201596.04 44.5
1543201606.05 44.0
1543201616.07 44.0
1543201626.09 44.5
1543201636.11 44.0
1543201646.12 44.0
1543201656.14 44.0
1543201666.16 44.5
1543201676.18 44.0
1543201686.19 44.5
1543201696.22 44.0
1543201706.24 43.5
1543201716.25 43.5
1543201726.28 43.5
1543201736.3 42.9
1543201746.32 43.5
1543201756.34 43.5
1543201766.36 44.5
1543201776.37 44.0
1543201786.39 45.1
1543201796.41 44.0
1543201806.43 42.9
1543201816.45 43.5
1543201826.47 44.5
1543201836.48 44.5
1543201846.5 44.0
1543201856.52 44.0
1543201866.53 44.5
1543201876.55 44.0
1543201886.57 44.0
1543201896.58 44.0
1543201906.6 43.5
1543201916.62 44.5
1543201926.64 44.0
1543201936.65 43.5
1543201946.67 44.0
1543201956.68 44.0
1543201966.7 43.5
1543201976.72 44.0
1543201986.74 44.0
1543201996.76 44.0
1543202006.77 44.0
1543202016.79 43.5
1543202026.81 42.9
1543202036.83 44.0
1543202046.85 43.5
1543202056.87 43.5
1543202066.89 44.0
1543202076.9 44.0
1543202086.92 44.0
1543202096.93 44.0
1543202106.95 44.0
1543202116.97 44.5
1543202126.98 44.0
1543202137.0 42.9
1543202147.03 44.0
1543202157.05 44.0
1543202167.07 42.9
1543202177.1 42.9
1543202187.11 42.9
1543202197.13 42.9
1543202207.15 42.9
1543202217.17 42.9
1543202227.19 42.9
1543202237.21 42.9
1543202247.24 42.9
1543202257.25 42.4
1543202267.27 42.9
1543202277.29 42.9
1543202287.31 43.5
1543202297.32 42.4
1543202307.34 42.4
1543202317.37 42.4
1543202327.38 41.9
1543202337.4 42.9
1543202347.42 42.4
1543202357.44 41.9
1543202367.46 42.4
1543202377.48 42.4
1543202387.5 41.9
1543202397.52 42.9
1543202407.54 42.4
1543202417.56 42.4
1543202427.57 41.9
1543202437.59 42.4
1543202447.62 42.4
1543202457.63 41.9
1543202467.66 41.9
1543202477.67 42.4
1543202487.69 42.4
1543202497.71 42.4
1543202507.73 41.9
1543202517.75 41.9
1543202527.77 42.9
1543202537.79 42.4
1543202547.81 42.9
1543202557.83 41.9
1543202567.85 42.4
1543202577.87 42.4
1543202587.88 42.4
1543202597.9 41.9
1543202607.92 42.4
1543202617.94 41.9
1543202627.96 41.9
1543202637.98 42.4
1543202648.0 41.9
1543202658.02 41.9
1543202668.04 41.9
1543202678.06 42.9
1543202688.08 41.9
1543202698.09 42.9
1543202708.11 41.9
1543202718.13 41.3
1543202728.15 42.4
1543202738.17 42.4
1543202748.18 41.9
1543202758.2 42.9
1543202768.22 42.9
1543202778.24 42.9
1543202788.25 43.5
1543202798.27 41.9
1543202808.3 42.9
1543202818.32 42.4
1543202828.33 42.4
1543202838.35 42.9
1543202848.37 42.9
1543202858.39 42.9
1543202868.41 42.9
1543202878.43 42.4
1543202888.45 42.9
1543202898.47 42.4
1543202908.49 42.4
1543202918.51 41.9
1543202928.53 41.3
1543202938.55 41.9
1543202948.57 41.9
1543202958.59 41.9
1543202968.61 41.3
1543202978.64 41.3
1543202988.66 41.9
1543202998.68 41.9
1543203008.69 41.9
1543203018.71 41.9
1543203028.74 41.9
1543203038.76 41.9
1543203048.78 41.9
1543203058.79 42.4
1543203068.82 41.9
1543203078.84 41.9
1543203088.86 41.9
1543203098.87 42.4
1543203108.89 41.9
1543203118.91 42.9
1543203128.93 41.9
1543203138.95 42.9
1543203148.97 41.9
1543203158.99 41.9
1543203169.01 42.4
1543203179.03 41.9
1543203189.05 41.9
1543203199.08 41.9
1543203209.1 41.9
1543203219.12 41.9
1543203229.14 42.4
1543203239.16 42.4
1543203249.18 41.9
1543203259.2 41.9
1543203269.22 41.9
1543203279.25 41.9
1543203289.27 41.9
1543203299.29 41.9
1543203309.31 41.9
1543203319.33 41.9
1543203329.34 41.3
1543203339.36 41.9
1543203349.39 42.4
1543203359.41 41.9
1543203369.43 42.9
1543203379.44 42.9
1543203389.47 42.4
1543203399.48 42.9
1543203409.5 42.9
1543203419.51 42.9
1543203429.53 42.9
1543203439.55 42.9
1543203449.57 42.9
1543203459.59 41.9
1543203469.61 42.9
1543203479.63 42.9
1543203489.64 41.9
1543203499.67 41.9
1543203509.69 42.4
1543203519.71 42.9
1543203529.73 42.9
1543203539.75 42.4
1543203549.77 42.4
1543203559.79 42.9
1543203569.81 41.9
1543203579.83 41.9
1543203589.84 42.4
1543203599.86 43.5
1543203609.88 42.4
1543203619.9 42.9
1543203629.92 41.9
1543203639.94 42.9
1543203649.96 42.4
1543203659.98 41.9
1543203670.0 42.4
1543203680.02 42.4
1543203690.04 42.9
1543203700.06 42.4
1543203710.08 42.4
1543203720.09 42.9
1543203730.11 42.4
1543203740.13 41.9
1543203750.15 41.9
1543203760.17 42.9
1543203770.19 42.9
1543203780.2 41.9
1543203790.22 41.9
1543203800.25 41.9
1543203810.27 41.9
1543203820.29 41.9
1543203830.3 42.4
1543203840.33 41.9
1543203850.34 41.9
1543203860.36 42.4
1543203870.38 42.4
1543203880.4 42.9
1543203890.42 42.9
1543203900.44 42.9
1543203910.46 42.9
1543203920.48 42.9
1543203930.49 42.9
1543203940.51 42.9
1543203950.54 43.5
1543203960.56 42.9
1543203970.58 42.9
1543203980.59 42.9
1543203990.61 42.9
1543204000.63 43.5
1543204010.65 42.9
1543204020.67 42.9
1543204030.7 42.9
1543204040.71 43.5
1543204050.73 42.9
1543204060.75 42.9
1543204070.77 42.9
1543204080.79 42.9
1543204090.8 42.9
1543204100.82 41.9
1543204110.84 41.9
1543204120.87 42.4
1543204130.89 42.9
1543204140.9 41.9
1543204150.92 42.9
1543204160.94 41.9
1543204170.96 41.9
1543204180.98 42.9
1543204191.0 41.9
1543204201.02 42.9
1543204211.04 41.9
1543204221.06 41.9
1543204231.08 42.9
1543204241.1 42.9
1543204251.12 42.9
1543204261.14 42.9
1543204271.16 42.9
1543204281.18 42.4
1543204291.2 42.9
1543204301.21 42.9
1543204311.23 42.4
1543204321.25 42.9
1543204331.27 42.4
1543204341.29 42.4
1543204351.31 42.9
1543204361.33 41.9
1543204371.35 42.9
1543204381.38 42.9
1543204391.4 42.4
1543204401.42 41.9
1543204411.44 42.9
1543204421.45 42.9
1543204431.47 42.9
1543204441.49 42.9
1543204451.51 42.9
1543204461.53 42.9
1543204471.55 42.9
1543204481.58 42.4
1543204491.59 42.4
1543204501.61 42.9
1543204511.63 42.4
1543204521.65 42.9
1543204531.66 42.9
1543204541.68 41.9
1543204551.7 42.9
1543204561.72 42.4
1543204571.74 42.9
1543204581.76 42.9
1543204591.78 42.9
1543204601.79 42.9
1543204611.81 43.5
1543204621.83 43.5
1543204631.84 42.9
1543204641.86 42.9
1543204651.88 42.9
1543204661.9 42.9
1543204671.92 42.9
1543204681.93 42.9
1543204691.95 42.9
1543204701.97 42.9
1543204711.98 42.9
1543204722.0 42.9
1543204732.02 43.5
1543204742.03 41.9
1543204752.05 43.5
1543204762.07 42.4
1543204772.09 42.4
1543204782.11 42.9
1543204792.13 42.9
1543204802.15 42.9
