1543400008.96 35.4
1543400018.98 34.9
1543400029.0 35.9
1543400039.02 34.9
1543400049.03 34.9
1543400059.05 36.5
1543400069.07 35.4
1543400079.09 34.9
1543400089.11 35.4
1543400099.13 35.4
1543400109.16 35.4
1543400119.17 35.4
1543400129.19 34.9
1543400139.21 34.3
1543400149.23 34.3
1543400159.25 34.3
1543400169.28 34.9
1543400179.3 34.9
1543400189.32 35.4
1543400199.34 35.4
1543400209.36 35.4
1543400219.38 34.9
1543400229.4 35.4
1543400239.42 35.4
1543400249.44 34.9
1543400259.46 34.9
1543400269.49 34.9
1543400279.5 34.3
1543400289.52 35.4
1543400299.54 34.9
1543400309.56 35.4
1543400319.57 34.9
1543400329.59 34.9
1543400339.62 34.9
1543400349.63 34.9
1543400359.65 35.4
1543400369.67 34.9
1543400379.7 34.9
1543400389.72 34.3
1543400399.74 34.9
1543400409.75 35.4
1543400419.77 34.9
1543400429.79 34.9
1543400439.81 34.9
1543400449.83 34.3
1543400459.85 35.4
1543400469.87 34.3
1543400479.89 34.9
1543400489.91 35.4
1543400499.93 34.9
1543400509.95 34.9
1543400519.97 34.3
1543400529.99 34.3
1543400540.01 34.3
1543400550.03 34.3
1543400560.05 34.3
1543400570.08 34.3
1543400580.1 34.3
1543400590.11 34.9
1543400600.13 34.9
1543400610.14 34.3
1543400620.16 34.3
1543400630.18 34.9
1543400640.2 34.9
1543400650.22 35.4
1543400660.24 34.9
1543400670.26 34.3
1543400680.28 34.3
1543400690.3 34.9
1543400700.32 34.3
1543400710.34 34.9
1543400720.36 34.9
1543400730.38 34.9
1543400740.4 34.3
1543400750.42 34.3
1543400760.44 34.9
1543400770.46 34.9
1543400780.49 34.9
1543400790.5 35.4
1543400800.52 34.9
1543400810.54 35.4
1543400820.57 34.9
1543400830.59 34.9
1543400840.6 35.4
1543400850.62 34.9
1543400860.65 34.9
1543400870.67 35.4
1543400880.69 34.9
1543400890.7 35.4
1543400900.72 34.9
1543400910.74 35.4
1543400920.75 35.4
1543400930.77 34.9
1543400940.79 35.4
1543400950.81 34.9
1543400960.83 34.9
1543400970.85 35.4
1543400980.87 35.4
1543400990.89 34.9
1543401000.91 35.4
1543401010.93 34.9
1543401020.95 35.4
1543401030.97 35.4
1543401040.99 34.9
1543401051.0 34.9
1543401061.02 34.3
1543401071.03 34.9
1543401081.05 34.3
1543401091.07 34.9
1543401101.09 34.3
1543401111.11 34.3
1543401121.13 34.9
1543401131.15 34.9
1543401141.17 34.9
1543401151.19 34.3
1543401161.21 34.9
1543401171.23 34.3
1543401181.25 34.9
1543401191.27 34.3
1543401201.28 34.9
1543401211.3 34.3
1543401221.32 34.9
1543401231.34 34.9
1543401241.36 34.9
1543401251.38 34.9
1543401261.4 34.3
1543401271.43 34.9
1543401281.45 34.9
1543401291.47 35.4
1543401301.49 34.9
1543401311.5 35.4
1543401321.52 34.9
1543401331.54 35.9
1543401341.56 34.9
1543401351.58 35.4
1543401361.6 35.4
1543401371.62 35.4
1543401381.64 35.9
1543401391.66 35.4
1543401401.68 34.3
1543401411.71 34.9
1543401421.73 34.9
1543401431.75 35.4
1543401441.77 34.9
1543401451.78 34.9
1543401461.8 35.4
1543401471.82 35.4
1543401481.84 35.4
1543401491.86 35.4
1543401501.88 34.9
1543401511.9 34.9
1543401521.92 34.9
1543401531.94 35.9
1543401541.96 34.3
1543401551.97 35.4
1543401561.99 34.9
1543401572.01 35.4
1543401582.03 35.4
1543401592.06 34.3
1543401602.08 34.3
1543401612.09 35.4
1543401622.11 34.9
1543401632.13 35.4
1543401642.16 35.4
1543401652.18 35.4
1543401662.22 35.4
1543401672.23 34.9
1543401682.25 34.9
1543401692.27 35.9
1543401702.29 34.9
1543401712.31 35.4
1543401722.33 34.9
1543401732.35 36.5
1543401742.36 36.5
1543401752.38 35.9
1543401762.4 34.9
1543401772.43 36.5
1543401782.45 35.9
1543401792.47 35.9
1543401802.48 35.9
1543401812.5 35.4
1543401822.52 35.9
1543401832.54 35.4
1543401842.56 35.4
1543401852.58 35.9
1543401862.6 36.5
1543401872.61 35.9
1543401882.63 36.5
1543401892.64 36.5
1543401902.66 35.4
1543401912.68 36.5
1543401922.7 35.9
1543401932.72 35.4
1543401942.74 35.4
1543401952.75 36.5
1543401962.77 36.5
1543401972.79 35.9
1543401982.81 35.9
1543401992.82 36.5
1543402002.85 36.5
1543402012.86 35.9
1543402022.88 36.5
1543402032.89 36.5
1543402042.91 36.5
1543402052.93 37.0
1543402062.94 35.9
1543402072.96 36.5
1543402082.98 36.5
1543402093.01 36.5
1543402103.03 36.5
1543402113.05 35.4
1543402123.06 35.4
1543402133.08 35.9
1543402143.1 35.9
1543402153.12 36.5
1543402163.14 36.5
1543402173.16 36.5
1543402183.18 35.9
1543402193.2 35.4
1543402203.22 35.4
1543402213.24 35.4
1543402223.26 36.5
1543402233.27 35.4
1543402243.29 35.4
1543402253.31 35.4
1543402263.33 36.5
1543402273.35 35.4
1543402283.37 35.4
1543402293.39 35.4
1543402303.41 35.4
1543402313.42 35.4
1543402323.45 35.9
1543402333.46 35.9
1543402343.48 36.5
1543402353.5 35.4
1543402363.53 35.4
1543402373.55 35.4
1543402383.56 35.4
1543402393.58 35.9
1543402403.6 35.4
1543402413.62 36.5
1543402423.64 36.5
1543402433.66 35.4
1543402443.68 35.4
1543402453.69 36.5
1543402463.71 36.5
1543402473.73 36.5
1543402483.75 36.5
1543402493.77 36.5
1543402503.79 36.5
1543402513.81 36.5
1543402523.83 35.4
1543402533.85 35.9
1543402543.87 35.4
1543402553.89 36.5
1543402563.91 36.5
1543402573.92 36.5
1543402583.94 36.5
1543402593.97 35.4
1543402603.99 35.4
1543402614.0 35.4
1543402624.02 35.9
1543402634.04 36.5
1543402644.06 35.4
1543402654.09 35.9
1543402664.11 35.9
1543402674.13 36.5
1543402684.15 35.4
1543402694.17 36.5
1543402704.19 36.5
1543402714.21 36.5
1543402724.23 36.5
1543402734.25 35.9
1543402744.27 36.5
1543402754.29 36.5
1543402764.3 36.5
1543402774.32 36.5
1543402784.34 36.5
1543402794.36 36.5
1543402804.38 37.6
1543402814.4 36.5
1543402824.42 36.5
1543402834.43 35.9
1543402844.45 36.5
1543402854.47 35.9
1543402864.49 34.9
1543402874.51 35.9
1543402884.53 34.9
1543402894.55 35.4
1543402904.57 35.4
1543402914.59 35.4
1543402924.6 35.4
1543402934.62 34.9
1543402944.64 35.4
1543402954.67 35.9
1543402964.69 35.4
1543402974.71 35.4
1543402984.73 35.4
1543402994.75 35.4
1543403004.77 34.9
1543403014.79 35.4
1543403024.81 35.4
1543403034.84 35.4
1543403044.86 35.4
1543403054.88 35.4
1543403064.9 35.4
1543403074.92 34.9
1543403084.94 35.9
1543403094.96 35.4
1543403104.98 35.4
1543403115.0 35.4
1543403125.02 35.4
1543403135.04 35.4
1543403145.06 35.4
1543403155.08 34.9
1543403165.1 35.4
1543403175.12 35.9
1543403185.13 36.5
1543403195.15 35.4
1543403205.17 34.9
1543403215.19 35.4
1543403225.21 36.5
1543403235.23 35.9
1543403245.24 35.9
1543403255.26 35.4
1543403265.29 35.4
1543403275.31 34.9
1543403285.33 36.5
1543403295.35 34.9
1543403305.37 35.4
1543403315.39 35.4
1543403325.41 35.4
1543403335.43 35.9
1543403345.45 34.9
1543403355.47 35.4
1543403365.49 35.4
1543403375.51 35.4
1543403385.52 35.4
1543403395.55 35.4
1543403405.57 35.4
1543403415.58 35.9
1543403425.6 35.9
1543403435.62 35.9
1543403445.64 35.9
1543403455.66 35.4
1543403465.68 35.4
1543403475.7 35.4
1543403485.72 35.9
1543403495.74 35.4
1543403505.75 34.9
1543403515.77 35.4
1543403525.79 35.4
1543403535.81 35.4
1543403545.83 36.5
1543403555.85 35.9
1543403565.87 35.4
1543403575.89 35.9
1543403585.91 35.4
1543403595.94 35.4
1543403605.96 35.4
1543403615.97 35.9
1543403625.99 35.4
1543403636.01 36.5
1543403646.03 35.9
1543403656.05 35.9
1543403666.07 36.5
1543403676.09 36.5
1543403686.1 36.5
1543403696.12 35.9
1543403706.14 35.9
1543403716.16 36.5
1543403726.18 35.9
1543403736.2 36.5
1543403746.22 37.0
1543403756.24 36.5
1543403766.25 36.5
1543403776.27 35.9
1543403786.29 36.5
1543403796.31 36.5
1543403806.32 36.5
1543403816.34 37.0
1543403826.36 36.5
1543403836.38 36.5
1543403846.4 37.0
1543403856.41 36.5
1543403866.43 36.5
1543403876.45 35.9
1543403886.47 36.5
1543403896.49 37.0
1543403906.51 37.0
1543403916.52 36.5
1543403926.54 37.6
1543403936.56 36.5
1543403946.57 37.0
1543403956.59 37.0
1543403966.61 36.5
1543403976.62 37.6
1543403986.65 37.0
1543403996.67 36.5
1543404006.69 36.5
1543404016.7 37.6
1543404026.72 37.6
1543404036.74 36.5
1543404046.77 36.5
1543404056.78 37.0
1543404066.8 37.0
1543404076.82 37.6
1543404086.83 38.1
1543404096.86 36.5
1543404106.87 37.6
1543404116.89 37.6
1543404126.9 37.6
1543404136.92 37.0
1543404146.94 37.0
1543404156.96 38.1
1543404166.98 37.6
1543404177.0 38.1
1543404187.01 37.6
1543404197.03 37.6
1543404207.05 37.0
1543404217.07 37.6
1543404227.09 37.6
1543404237.1 37.6
1543404247.12 37.6
1543404257.14 37.0
1543404267.16 37.6
1543404277.18 37.6
1543404287.19 37.6
1543404297.22 37.0
1543404307.25 37.0
1543404317.27 37.0
1543404327.28 37.6
1543404337.3 37.6
1543404347.32 37.6
1543404357.34 37.0
1543404367.36 37.6
1543404377.38 37.6
1543404387.41 37.6
1543404397.43 37.6
1543404407.44 37.6
1543404417.47 38.1
1543404427.49 37.0
1543404437.51 37.6
1543404447.52 38.1
1543404457.54 37.6
1543404467.56 37.0
1543404477.58 37.6
1543404487.6 38.1
1543404497.62 37.6
1543404507.64 37.0
1543404517.66 37.6
1543404527.68 37.6
1543404537.7 37.6
1543404547.71 37.6
1543404557.73 38.1
1543404567.74 38.1
1543404577.77 37.6
1543404587.79 37.6
1543404597.81 37.0
1543404607.83 37.0
1543404617.85 37.0
1543404627.87 36.5
1543404637.88 37.0
1543404647.9 37.6
1543404657.92 36.5
1543404667.94 36.5
1543404677.96 37.6
1543404687.97 37.6
1543404697.99 37.0
1543404708.01 37.6
1543404718.02 38.1
1543404728.05 36.5
1543404738.07 37.6
1543404748.09 37.0
1543404758.1 37.6
1543404768.13 37.0
1543404778.15 37.0
1543404788.17 36.5
1543404798.2 37.0
1543404808.22 37.0
1543404818.23 38.1
1543404828.25 37.6
1543404838.27 37.6
1543404848.28 37.6
1543404858.3 37.6
1543404868.31 37.0
1543404878.33 37.6
1543404888.35 37.6
1543404898.37 38.1
1543404908.38 37.0
1543404918.4 37.0
1543404928.42 37.0
1543404938.44 37.6
1543404948.46 36.5
1543404958.48 37.6
1543404968.5 37.6
1543404978.51 37.0
1543404988.53 37.0
1543404998.55 37.6
1543405008.56 37.6
1543405018.57 37.6
1543405028.59 37.0
1543405038.61 38.1
1543405048.63 37.6
1543405058.64 37.6
1543405068.66 37.6
1543405078.67 37.6
1543405088.69 37.6
1543405098.71 38.1
1543405108.73 37.0
1543405118.75 37.6
1543405128.76 37.6
1543405138.78 37.6
1543405148.8 38.1
1543405158.82 38.6
1543405168.83 38.1
1543405178.85 38.6
1543405188.86 38.6
1543405198.89 37.6
1543405208.9 38.1
1543405218.92 37.6
1543405228.94 37.6
1543405238.97 37.6
1543405248.98 37.6
1543405259.0 37.6
1543405269.02 37.0
1543405279.04 37.6
1543405289.06 37.0
1543405299.07 37.6
1543405309.09 37.0
1543405319.1 37.0
1543405329.12 37.6
1543405339.14 36.5
1543405349.15 36.5
1543405359.18 36.5
1543405369.19 37.0
1543405379.21 36.5
1543405389.23 37.6
1543405399.26 36.5
1543405409.28 36.5
1543405419.29 36.5
1543405429.31 36.5
1543405439.33 36.5
1543405449.35 37.0
1543405459.37 37.0
1543405469.38 37.0
1543405479.4 37.6
1543405489.42 37.6
1543405499.44 36.5
1543405509.46 37.0
1543405519.47 36.5
1543405529.49 36.5
1543405539.51 37.6
1543405549.53 37.0
1543405559.55 37.0
1543405569.57 36.5
1543405579.59 37.6
1543405589.6 37.0
1543405599.62 36.5
1543405609.64 37.0
1543405619.67 35.9
1543405629.69 37.6
1543405639.7 37.0
1543405649.72 37.0
1543405659.75 37.6
1543405669.76 37.6
1543405679.78 37.0
1543405689.8 37.6
1543405699.81 37.0
1543405709.82 37.0
1543405719.84 37.0
1543405729.85 37.0
1543405739.87 36.5
1543405749.89 37.0
1543405759.91 36.5
1543405769.93 37.0
1543405779.95 38.1
1543405789.97 37.0
1543405799.99 36.5
1543405810.01 37.0
1543405820.03 36.5
1543405830.05 36.5
1543405840.08 35.9
1543405850.1 37.0
1543405860.12 36.5
1543405870.14 36.5
1543405880.15 37.0
1543405890.17 36.5
1543405900.19 35.9
1543405910.21 37.0
1543405920.22 37.0
1543405930.24 36.5
1543405940.26 36.5
1543405950.28 35.4
1543405960.3 37.0
1543405970.32 36.5
1543405980.34 36.5
1543405990.36 37.0
1543406000.37 36.5
1543406010.39 36.5
1543406020.41 35.9
1543406030.43 36.5
1543406040.45 36.5
1543406050.47 36.5
1543406060.49 36.5
1543406070.51 36.5
1543406080.53 36.5
1543406090.55 36.5
1543406100.56 37.0
1543406110.58 36.5
1543406120.6 36.5
1543406130.62 36.5
1543406140.63 37.0
1543406150.65 36.5
1543406160.67 36.5
1543406170.69 36.5
1543406180.71 37.0
1543406190.73 36.5
1543406200.75 36.5
1543406210.77 37.0
1543406220.79 36.5
1543406230.81 36.5
1543406240.83 36.5
1543406250.85 35.9
1543406260.87 37.0
1543406270.89 37.0
1543406280.91 36.5
1543406290.93 36.5
1543406300.95 36.5
1543406310.97 36.5
1543406320.99 37.0
1543406331.01 36.5
1543406341.03 37.0
1543406351.05 36.5
1543406361.07 37.0
1543406371.09 36.5
1543406381.11 36.5
1543406391.14 36.5
1543406401.16 36.5
1543406411.18 36.5
1543406421.2 36.5
1543406431.22 36.5
1543406441.24 36.5
1543406451.26 36.5
1543406461.28 36.5
1543406471.3 36.5
1543406481.32 37.0
1543406491.33 36.5
1543406501.35 36.5
1543406511.37 37.0
1543406521.39 36.5
1543406531.42 36.5
1543406541.44 36.5
1543406551.45 37.6
1543406561.47 36.5
1543406571.5 35.9
1543406581.52 35.4
1543406591.54 35.4
1543406601.56 35.4
1543406611.58 36.5
1543406621.61 35.9
1543406631.63 36.5
1543406641.64 36.5
1543406651.66 36.5
1543406661.68 35.9
1543406671.7 35.9
1543406681.72 35.4
1543406691.75 35.4
1543406701.77 36.5
1543406711.78 36.5
1543406721.8 36.5
1543406731.83 36.5
1543406741.85 36.5
1543406751.86 37.0
1543406761.88 36.5
1543406771.91 36.5
1543406781.93 36.5
1543406791.94 37.0
1543406801.96 36.5
1543406811.98 36.5
1543406822.01 36.5
1543406832.02 36.5
1543406842.04 36.5
1543406852.05 37.6
1543406862.08 35.9
1543406872.1 36.5
1543406882.11 36.5
1543406892.13 37.6
1543406902.15 35.9
1543406912.17 37.0
1543406922.18 37.6
1543406932.2 36.5
1543406942.23 36.5
1543406952.25 35.9
1543406962.27 35.9
1543406972.29 36.5
1543406982.31 37.0
1543406992.33 36.5
1543407002.34 36.5
1543407012.36 37.0
1543407022.38 36.5
1543407032.4 37.6
1543407042.42 36.5
1543407052.44 37.6
1543407062.46 37.6
1543407072.48 37.0
1543407082.49 37.0
1543407092.51 37.0
1543407102.53 37.6
1543407112.55 36.5
1543407122.57 37.0
1543407132.59 36.5
1543407142.61 37.0
1543407152.63 37.6
1543407162.65 37.0
1543407172.67 37.0
1543407182.69 37.6
1543407192.7 37.0
1543407202.72 37.6
1543407212.74 36.5
1543407222.76 36.5
1543407232.78 37.0
1543407242.8 37.6
1543407252.81 37.6
1543407262.83 38.6
1543407272.86 38.6
1543407282.88 38.6
1543407292.89 38.1
1543407302.91 38.1
1543407312.93 38.1
1543407322.95 38.6
1543407332.96 38.6
1543407342.98 38.6
1543407353.0 38.6
1543407363.02 38.1
1543407373.04 38.6
1543407383.06 38.6
1543407393.08 38.6
1543407403.09 38.6
1543407413.11 38.6
1543407423.13 38.6
1543407433.15 38.6
1543407443.17 39.2
1543407453.19 39.2
1543407463.21 39.7
1543407473.23 39.7
1543407483.25 39.2
1543407493.27 39.7
1543407503.28 39.7
1543407513.3 39.7
1543407523.32 39.2
1543407533.34 39.7
1543407543.36 39.7
1543407553.38 39.7
1543407563.4 39.2
1543407573.41 39.2
1543407583.43 39.7
1543407593.46 39.7
1543407603.47 39.2
1543407613.49 39.2
1543407623.5 39.7
1543407633.53 39.7
1543407643.54 40.2
1543407653.56 40.8
1543407663.57 40.2
1543407673.59 40.2
1543407683.6 40.8
1543407693.62 40.2
1543407703.64 39.7
1543407713.66 40.8
1543407723.68 39.7
1543407733.7 39.2
1543407743.72 39.7
1543407753.74 40.2
1543407763.76 39.7
1543407773.79 40.2
1543407783.81 40.2
1543407793.83 39.7
1543407803.85 39.7
1543407813.87 39.7
1543407823.89 40.2
1543407833.91 39.7
1543407843.93 39.7
1543407853.94 40.2
1543407863.96 40.8
1543407873.98 40.2
1543407884.0 39.7
1543407894.02 40.8
1543407904.04 40.2
1543407914.05 40.8
1543407924.07 40.8
1543407934.09 40.2
1543407944.11 40.8
1543407954.13 40.8
1543407964.14 40.2
1543407974.16 39.7
1543407984.18 39.7
1543407994.2 40.2
1543408004.22 40.8
1543408014.23 39.7
1543408024.24 40.2
1543408034.26 40.8
1543408044.28 40.8
1543408054.29 39.7
1543408064.31 40.8
1543408074.32 40.8
1543408084.34 40.2
1543408094.36 41.3
1543408104.37 40.8
1543408114.39 40.8
1543408124.41 40.8
1543408134.43 41.9
1543408144.44 41.3
1543408154.47 40.8
1543408164.49 40.8
1543408174.51 40.8
1543408184.52 41.9
1543408194.54 41.9
1543408204.56 41.9
1543408214.58 40.8
1543408224.6 41.3
1543408234.62 41.9
1543408244.64 40.8
1543408254.66 41.3
1543408264.68 41.9
1543408274.69 41.3
1543408284.71 40.8
1543408294.73 40.8
1543408304.75 40.8
1543408314.76 41.3
1543408324.78 40.8
1543408334.81 40.8
1543408344.82 40.8
1543408354.84 41.3
1543408364.86 40.8
1543408374.88 40.8
1543408384.9 41.3
1543408394.91 41.3
1543408404.93 40.8
1543408414.95 40.8
1543408424.96 40.8
1543408434.98 41.3
1543408445.0 40.8
1543408455.01 41.3
1543408465.03 40.8
1543408475.05 41.3
1543408485.07 41.9
1543408495.09 40.8
1543408505.1 40.2
1543408515.12 40.2
1543408525.14 40.2
1543408535.16 40.8
1543408545.18 40.8
1543408555.2 40.8
1543408565.22 40.8
1543408575.24 40.8
1543408585.28 40.8
1543408595.3 40.8
1543408605.32 40.8
1543408615.34 39.7
1543408625.35 40.8
1543408635.37 41.3
1543408645.38 40.8
1543408655.41 40.8
1543408665.43 40.8
1543408675.45 40.8
1543408685.48 40.2
1543408695.5 40.8
1543408705.52 40.8
1543408715.53 40.8
1543408725.55 40.8
1543408735.56 40.8
1543408745.58 40.8
1543408755.59 40.8
1543408765.61 40.2
1543408775.62 40.8
1543408785.64 41.9
1543408795.66 41.9
1543408805.67 40.8
1543408815.68 41.3
1543408825.7 40.8
1543408835.72 41.3
1543408845.73 41.3
1543408855.75 40.8
1543408865.77 40.8
1543408875.79 41.3
1543408885.8 40.8
1543408895.82 41.3
1543408905.83 41.3
1543408915.85 40.8
1543408925.87 41.3
1543408935.88 41.3
1543408945.9 40.2
1543408955.92 40.8
1543408965.94 40.8
1543408975.96 40.8
1543408985.99 40.8
1543408996.0 40.2
1543409006.02 40.2
1543409016.04 40.8
1543409026.05 40.8
1543409036.07 40.8
1543409046.08 40.8
1543409056.1 41.3
1543409066.12 40.8
1543409076.13 40.8
1543409086.15 41.3
1543409096.17 39.7
1543409106.19 40.8
1543409116.21 41.3
1543409126.23 40.8
1543409136.25 40.8
1543409146.26 40.8
1543409156.28 40.8
1543409166.3 39.7
1543409176.32 40.8
1543409186.34 40.8
1543409196.36 40.2
1543409206.38 40.8
1543409216.4 40.8
1543409226.42 40.8
1543409236.43 39.7
1543409246.44 40.8
1543409256.45 40.8
1543409266.46 40.2
1543409276.48 40.8
1543409286.49 40.8
1543409296.51 40.8
1543409306.53 40.8
1543409316.55 40.8
1543409326.56 40.8
1543409336.58 39.7
1543409346.61 40.8
1543409356.62 39.7
1543409366.64 40.2
1543409376.65 39.7
1543409386.67 40.8
1543409396.69 39.7
1543409406.7 40.2
1543409416.72 40.2
1543409426.74 39.7
1543409436.76 40.8
1543409446.79 39.7
1543409456.81 40.2
1543409466.82 40.8
1543409476.84 39.7
1543409486.85 40.8
1543409496.86 39.7
1543409506.88 40.8
1543409516.89 40.2
1543409526.91 39.7
1543409536.92 39.7
1543409546.94 38.6
1543409556.97 38.6
1543409566.98 39.2
1543409576.99 38.6
1543409587.01 39.2
1543409597.02 39.2
1543409607.04 39.7
1543409617.06 38.6
1543409627.08 39.2
1543409637.1 38.6
1543409647.12 37.6
1543409657.14 38.1
1543409667.16 38.6
1543409677.18 38.6
1543409687.21 38.6
1543409697.23 38.1
1543409707.24 38.6
1543409717.26 38.6
1543409727.28 38.6
1543409737.3 37.6
1543409747.32 38.1
1543409757.34 38.6
1543409767.36 37.6
1543409777.38 38.6
1543409787.4 37.6
1543409797.41 38.6
1543409807.43 38.6
1543409817.45 38.6
1543409827.48 38.1
1543409837.49 38.1
1543409847.5 37.6
1543409857.52 37.0
1543409867.54 38.1
1543409877.55 38.6
1543409887.57 38.6
1543409897.59 38.6
1543409907.61 38.6
1543409917.63 38.6
1543409927.65 37.6
1543409937.67 38.6
1543409947.69 38.6
1543409957.71 38.6
1543409967.73 38.6
1543409977.74 38.6
1543409987.76 38.6
1543409997.78 38.6
