1543800002.51 44.5
1543800012.53 44.0
1543800022.54 44.0
1543800032.56 44.5
1543800042.57 43.5
1543800052.59 43.5
1543800062.61 44.0
1543800072.63 43.5
1543800082.65 44.0
1543800092.67 44.0
1543800102.69 45.1
1543800112.71 43.5
1543800122.72 43.5
1543800132.74 44.0
1543800142.75 44.0
1543800152.77 43.5
1543800162.79 44.5
1543800172.81 44.5
1543800182.82 44.5
1543800192.84 44.0
1543800202.86 43.5
1543800212.88 44.0
1543800222.89 44.5
1543800232.92 44.5
1543800242.94 44.0
1543800252.96 44.0
1543800262.98 44.5
1543800273.0 45.1
1543800283.02 45.1
1543800293.04 44.0
1543800303.06 44.5
1543800313.08 43.5
1543800323.1 43.5
1543800333.12 44.0
1543800343.14 45.1
1543800353.16 44.0
1543800363.18 43.5
1543800373.2 44.5
1543800383.21 44.5
1543800393.23 45.1
1543800403.25 44.5
1543800413.27 45.1
1543800423.28 45.1
1543800433.3 45.1
1543800443.32 45.1
1543800453.33 45.1
1543800463.35 44.5
1543800473.37 44.5
1543800483.39 44.0
1543800493.41 44.0
1543800503.43 43.5
1543800513.45 44.0
1543800523.48 44.0
1543800533.5 44.0
1543800543.52 44.0
1543800553.54 44.0
1543800563.56 44.5
1543800573.58 45.1
1543800583.59 44.5
1543800593.61 45.1
1543800603.63 44.0
1543800613.65 44.0
1543800623.67 44.5
1543800633.69 44.5
1543800643.71 44.0
1543800653.73 44.0
1543800663.75 44.0
1543800673.77 44.0
1543800683.8 44.0
1543800693.81 44.5
1543800703.83 44.5
1543800713.85 44.0
1543800723.87 44.5
1543800733.89 44.0
1543800743.91 44.0
1543800753.93 44.0
1543800763.96 44.0
1543800773.99 43.5
1543800784.01 44.0
1543800794.03 44.0
1543800804.05 44.5
1543800814.07 44.0
1543800824.08 44.5
1543800834.1 44.0
1543800844.12 44.0
1543800854.14 44.0
1543800864.16 43.5
1543800874.19 44.0
1543800884.21 42.9
1543800894.23 43.5
1543800904.25 43.5
1543800914.26 44.0
1543800924.28 44.0
1543800934.3 44.5
1543800944.32 45.1
1543800954.33 45.1
1543800964.35 44.0
1543800974.37 44.5
1543800984.39 45.1
1543800994.4 44.5
1543801004.42 45.1
1543801014.44 44.5
1543801024.46 45.1
1543801034.48 45.1
1543801044.5 45.1
1543801054.51 45.1
1543801064.53 44.5
1543801074.55 45.1
1543801084.57 44.0
1543801094.59 44.5
1543801104.61 45.1
1543801114.63 45.1
1543801124.65 44.5
1543801134.67 44.5
1543801144.68 44.0
1543801154.7 44.5
1543801164.72 43.5
1543801174.74 44.0
1543801184.76 45.1
1543801194.78 44.0
1543801204.79 45.1
1543801214.81 44.0
1543801224.82 45.1
1543801234.83 45.1
1543801244.86 44.0
1543801254.87 44.0
1543801264.89 45.1
1543801274.9 44.0
1543801284.92 44.0
1543801294.95 45.1
1543801304.97 44.0
1543801314.99 43.5
1543801325.03 44.0
1543801335.05 44.0
1543801345.06 45.1
1543801355.08 45.1
1543801365.1 45.1
1543801375.11 45.6
1543801385.13 45.1
1543801395.15 45.1
1543801405.17 45.1
1543801415.19 45.1
1543801425.2 45.6
1543801435.23 45.1
1543801445.25 45.1
1543801455.26 45.1
1543801465.28 45.1
1543801475.3 45.1
1543801485.32 46.2
1543801495.33 46.2
1543801505.35 45.6
1543801515.37 45.6
1543801525.38 45.1
1543801535.4 46.2
1543801545.41 45.6
1543801555.43 46.2
1543801565.45 45.6
1543801575.47 45.6
1543801585.49 45.1
1543801595.51 45.6
1543801605.52 46.2
1543801615.54 45.6
1543801625.57 45.6
1543801635.65 45.1
1543801645.67 45.6
1543801655.69 45.1
1543801665.71 45.1
1543801675.72 45.6
1543801685.75 45.1
1543801695.77 45.1
1543801705.78 45.6
1543801715.8 45.1
1543801725.82 44.5
1543801735.84 45.1
1543801745.86 44.5
1543801755.88 45.1
1543801765.9 45.1
1543801775.92 44.5
1543801785.94 45.1
1543801795.96 44.5
1543801805.98 44.5
1543801816.0 45.6
1543801826.01 45.1
1543801836.03 45.1
1543801846.05 45.1
1543801856.07 45.1
1543801866.08 45.1
1543801876.1 45.1
1543801886.12 45.1
1543801896.14 45.1
1543801906.16 44.0
1543801916.19 45.1
1543801926.2 44.0
1543801936.21 45.1
1543801946.28 45.1
1543801956.3 44.5
1543801966.32 45.1
1543801976.34 44.5
1543801986.35 44.5
1543801996.36 45.1
1543802006.38 44.0
1543802016.4 45.1
1543802026.41 45.1
1543802036.43 45.1
1543802046.45 45.1
1543802056.46 44.5
1543802066.47 45.1
1543802076.49 45.1
1543802086.51 44.0
1543802096.53 44.5
1543802106.55 45.1
1543802116.57 45.1
1543802126.58 44.5
1543802136.6 45.1
1543802146.62 45.6
1543802156.64 45.1
1543802166.65 44.5
1543802176.67 44.5
1543802186.69 45.1
1543802196.71 45.1
1543802206.73 45.1
1543802216.74 45.1
1543802226.75 45.1
1543802236.77 45.1
1543802246.79 45.1
1543802256.81 45.1
1543802266.82 45.6
1543802276.84 44.5
1543802286.86 44.5
1543802296.88 45.1
1543802306.9 45.1
1543802316.92 44.5
1543802326.93 45.1
1543802336.95 45.1
1543802346.97 45.1
1543802356.98 44.0
1543802367.0 44.5
1543802377.03 44.5
1543802387.04 44.0
1543802397.06 43.5
