1543900006.36 39.2
1543900016.38 39.7
1543900026.4 39.7
1543900036.42 39.2
1543900046.44 39.7
1543900056.46 39.2
1543900066.48 39.2
1543900076.51 39.2
1543900086.52 39.7
1543900096.55 39.2
1543900106.57 39.2
1543900116.59 39.7
1543900126.61 39.7
1543900136.63 39.2
1543900146.65 39.7
1543900156.67 39.7
1543900166.69 40.2
1543900176.7 40.2
1543900186.72 39.7
1543900196.74 40.8
1543900206.76 39.7
1543900216.77 40.2
1543900226.79 39.7
1543900236.82 40.2
1543900246.84 39.7
1543900256.86 39.7
1543900266.87 40.8
1543900276.89 40.2
1543900286.91 39.7
1543900296.92 40.8
1543900306.94 40.2
1543900316.97 40.2
1543900326.99 39.7
1543900337.0 40.8
1543900347.02 39.2
1543900357.04 40.2
1543900367.06 40.2
1543900377.08 39.2
1543900387.1 39.7
1543900397.12 40.2
1543900407.14 40.8
1543900417.16 39.7
1543900427.17 39.7
1543900437.19 39.7
1543900447.21 39.7
1543900457.23 39.2
1543900467.24 40.8
1543900477.26 39.7
1543900487.28 40.2
1543900497.29 40.2
1543900507.32 39.7
1543900517.33 39.7
1543900527.35 39.7
1543900537.37 39.7
1543900547.39 39.7
1543900557.41 39.7
1543900567.43 39.7
1543900577.45 39.7
1543900587.47 39.7
1543900597.49 40.2
1543900607.51 40.8
1543900617.53 40.8
1543900627.55 40.8
1543900637.59 39.7
1543900647.61 39.7
1543900657.63 39.7
1543900667.65 39.7
1543900677.67 39.7
1543900687.69 40.2
1543900697.71 40.2
1543900707.73 39.7
1543900717.75 39.7
1543900727.77 39.7
1543900737.79 39.7
1543900747.81 39.7
1543900757.83 39.7
1543900767.85 39.7
1543900777.86 40.2
1543900787.88 39.7
1543900797.9 39.7
1543900807.92 40.8
1543900817.94 39.7
1543900827.95 40.2
1543900837.97 40.8
1543900847.99 39.7
1543900858.01 39.7
1543900868.03 40.2
1543900878.04 39.7
1543900888.06 40.2
1543900898.07 39.7
1543900908.09 39.7
1543900918.11 39.7
1543900928.13 39.7
1543900938.15 39.7
1543900948.17 39.7
1543900958.19 39.7
1543900968.21 39.7
1543900978.23 39.7
1543900988.25 40.8
1543900998.27 39.2
1543901008.28 40.8
1543901018.3 39.2
1543901028.32 39.7
1543901038.34 39.7
1543901048.36 38.6
1543901058.38 39.7
1543901068.4 39.2
1543901078.42 39.7
1543901088.43 39.2
1543901098.45 38.6
1543901108.48 39.2
1543901118.5 39.7
1543901128.52 39.7
1543901138.54 38.6
1543901148.56 39.2
1543901158.58 39.7
1543901168.6 39.2
1543901178.61 39.7
1543901188.64 39.2
1543901198.65 39.7
1543901208.67 39.7
1543901218.69 39.7
1543901228.71 39.7
1543901238.73 39.7
1543901248.75 39.2
1543901258.77 39.2
1543901268.78 39.7
1543901278.8 39.2
1543901288.83 38.6
1543901298.85 39.2
1543901308.87 39.2
1543901318.89 38.6
1543901328.91 39.7
1543901338.93 38.6
1543901348.95 38.6
1543901358.97 38.6
1543901368.99 38.6
1543901379.01 39.2
1543901389.04 38.6
1543901399.06 39.2
1543901409.07 38.6
1543901419.09 38.6
1543901429.11 39.2
1543901439.13 39.2
1543901449.16 39.2
1543901459.18 38.6
1543901469.2 38.6
1543901479.21 39.2
1543901489.24 39.2
1543901499.26 38.6
1543901509.28 39.2
1543901519.3 38.6
1543901529.32 39.2
1543901539.34 39.7
1543901549.36 38.6
1543901559.38 39.2
1543901569.4 39.7
1543901579.42 39.7
1543901589.44 38.6
1543901599.46 39.2
1543901609.48 39.7
1543901619.49 39.7
1543901629.51 38.6
1543901639.53 39.2
1543901649.55 38.6
1543901659.57 39.2
1543901669.59 38.6
1543901679.61 38.6
1543901689.63 39.2
1543901699.65 39.7
1543901709.67 38.6
1543901719.69 38.6
1543901729.7 39.7
1543901739.72 39.7
1543901749.74 39.2
1543901759.76 38.6
1543901769.78 39.7
1543901779.79 39.7
1543901789.82 38.6
1543901799.83 39.2
1543901809.85 39.2
1543901819.87 38.6
1543901829.89 39.7
1543901839.91 39.7
1543901849.93 39.2
1543901859.94 39.7
1543901869.97 38.6
1543901879.99 38.6
1543901890.01 38.6
1543901900.03 39.2
1543901910.05 39.2
1543901920.07 39.7
1543901930.09 38.6
1543901940.11 39.2
1543901950.13 39.2
1543901960.15 39.7
1543901970.17 39.2
1543901980.19 38.6
1543901990.21 38.6
1543902000.23 39.7
1543902010.25 38.6
1543902020.27 38.6
1543902030.29 38.6
1543902040.31 38.6
1543902050.33 38.6
1543902060.34 38.6
1543902070.36 39.7
1543902080.38 38.6
1543902090.4 39.2
1543902100.42 38.6
1543902110.44 38.6
1543902120.46 39.2
1543902130.48 38.6
1543902140.5 38.6
1543902150.52 38.6
1543902160.54 38.6
1543902170.56 38.6
1543902180.58 38.1
1543902190.6 38.6
1543902200.62 38.6
1543902210.64 38.6
1543902220.66 38.6
1543902230.68 38.6
1543902240.7 38.6
1543902250.72 38.6
1543902260.75 38.6
1543902270.77 38.6
1543902280.79 38.6
1543902290.81 38.6
1543902300.83 38.6
1543902310.85 38.6
1543902320.87 38.6
1543902330.89 38.6
1543902340.91 38.6
1543902350.93 38.6
1543902360.95 38.1
1543902370.98 38.6
1543902381.0 38.1
1543902391.02 38.6
1543902401.04 38.6
1543902411.06 38.6
1543902421.08 38.1
1543902431.1 38.1
1543902441.11 38.6
1543902451.13 38.6
1543902461.15 37.6
1543902471.17 38.6
1543902481.19 38.6
1543902491.21 38.6
1543902501.24 38.6
1543902511.26 38.6
1543902521.28 38.6
1543902531.3 38.6
1543902541.32 38.6
1543902551.34 38.6
1543902561.36 39.2
1543902571.38 38.6
1543902581.4 38.6
1543902591.42 38.6
1543902601.44 38.1
1543902611.46 39.2
1543902621.48 38.1
1543902631.51 38.6
1543902641.52 39.2
1543902651.54 38.6
1543902661.56 38.6
1543902671.58 38.6
1543902681.59 38.6
1543902691.61 38.6
1543902701.62 38.6
1543902711.64 38.6
1543902721.66 39.2
1543902731.68 39.7
1543902741.7 38.6
1543902751.72 38.6
1543902761.74 39.2
1543902771.76 38.6
1543902781.77 38.6
1543902791.8 39.2
1543902801.82 38.6
1543902811.84 38.6
1543902821.86 38.6
1543902831.87 38.6
1543902841.89 38.6
1543902851.91 38.6
1543902861.93 39.2
1543902871.95 39.2
1543902881.97 38.6
1543902891.99 38.6
1543902902.01 38.6
1543902912.03 38.6
1543902922.05 38.6
1543902932.06 39.2
1543902942.08 38.6
1543902952.1 38.6
1543902962.12 38.6
1543902972.14 38.6
1543902982.16 38.1
1543902992.18 39.2
1543903002.2 38.6
1543903012.22 38.6
1543903022.23 38.6
1543903032.25 38.6
1543903042.27 38.6
1543903052.29 38.6
1543903062.31 38.1
1543903072.33 38.6
1543903082.35 38.6
1543903092.38 38.6
1543903102.4 38.1
1543903112.42 38.1
1543903122.44 38.1
1543903132.46 37.6
1543903142.48 37.6
1543903152.51 38.6
1543903162.53 38.1
1543903172.55 37.6
1543903182.57 38.1
1543903192.59 37.6
1543903202.61 38.6
