1543600001.91 47.2
1543600011.94 47.2
1543600021.96 47.2
1543600031.99 46.7
1543600042.01 46.2
1543600052.03 46.2
1543600062.04 46.7
1543600072.05 46.2
1543600082.08 46.2
1543600092.1 46.2
1543600102.11 46.2
1543600112.13 46.2
1543600122.16 46.7
1543600132.18 46.2
1543600142.2 46.2
1543600152.22 46.2
1543600162.24 47.2
1543600172.26 46.2
1543600182.28 45.6
1543600192.3 46.2
1543600202.32 46.7
1543600212.33 46.7
1543600222.35 46.2
1543600232.37 46.2
1543600242.39 46.2
1543600252.41 46.2
1543600262.42 46.2
1543600272.44 45.6
1543600282.48 45.6
1543600292.51 45.6
1543600302.53 45.6
1543600312.55 46.2
1543600322.57 45.1
1543600332.59 45.1
1543600342.61 45.1
1543600352.63 45.1
1543600362.65 45.6
1543600372.67 45.6
1543600382.68 45.1
1543600392.7 45.6
1543600402.72 45.1
1543600412.74 45.6
1543600422.76 46.2
1543600432.77 46.2
1543600442.79 46.2
1543600452.8 46.2
1543600462.82 45.6
1543600472.83 46.2
1543600482.85 46.2
1543600492.87 45.6
1543600502.89 46.2
1543600512.91 45.6
1543600522.93 46.2
1543600532.95 45.1
1543600542.96 45.1
1543600552.98 45.6
1543600563.0 45.1
1543600573.02 45.1
1543600583.04 45.6
1543600593.06 45.6
1543600603.08 46.2
1543600613.1 45.6
1543600623.12 46.2
1543600633.14 46.2
1543600643.15 46.2
1543600653.17 46.2
1543600663.19 46.7
1543600673.21 46.7
1543600683.23 46.2
1543600693.25 46.2
1543600703.27 47.2
1543600713.28 46.7
1543600723.3 46.7
1543600733.31 47.2
1543600743.33 47.2
1543600753.35 47.2
1543600763.36 47.2
1543600773.38 47.2
1543600783.4 47.2
1543600793.41 46.7
1543600803.43 47.8
1543600813.45 46.2
1543600823.47 47.2
1543600833.49 46.7
1543600843.51 47.2
1543600853.52 46.7
1543600863.54 47.2
1543600873.56 46.2
1543600883.58 46.7
1543600893.6 47.2
1543600903.62 46.7
1543600913.63 46.2
1543600923.65 46.2
1543600933.67 45.1
1543600943.69 46.2
1543600953.71 45.6
1543600963.73 45.6
1543600973.75 45.1
1543600983.76 45.6
1543600993.78 46.2
1543601003.8 45.6
1543601013.82 45.6
1543601023.84 45.1
1543601033.85 46.2
1543601043.87 45.1
1543601053.89 46.2
1543601063.9 46.2
1543601073.92 45.1
1543601083.94 46.2
1543601093.96 46.2
1543601103.98 46.2
1543601113.99 46.2
1543601124.01 46.2
1543601134.02 46.2
1543601144.04 45.6
1543601154.06 46.2
1543601164.08 47.2
1543601174.09 47.2
1543601184.11 47.2
1543601194.12 46.2
1543601204.13 46.2
1543601214.15 46.7
1543601224.17 46.2
1543601234.18 47.2
1543601244.2 46.2
1543601254.21 46.7
1543601264.22 46.2
1543601274.24 46.2
1543601284.25 46.7
1543601294.26 46.2
1543601304.27 46.2
1543601314.29 46.7
1543601324.31 46.2
1543601334.32 46.7
1543601344.34 46.2
1543601354.35 46.2
1543601364.37 46.2
1543601374.4 45.6
1543601384.42 45.1
1543601394.44 46.2
1543601404.45 46.2
1543601414.47 45.6
1543601424.49 46.2
1543601434.5 46.2
1543601444.52 46.2
1543601454.54 46.2
1543601464.55 46.2
1543601474.57 46.2
1543601484.58 46.2
1543601494.6 46.2
1543601504.62 46.2
1543601514.63 45.6
1543601524.65 45.6
1543601534.67 46.2
1543601544.69 46.2
1543601554.7 46.2
1543601564.72 45.1
1543601574.74 45.1
1543601584.76 45.1
1543601594.78 45.1
1543601604.79 45.1
1543601614.81 45.1
1543601624.82 45.6
1543601634.84 45.1
1543601644.87 45.1
1543601654.88 45.1
1543601664.9 45.1
1543601674.92 45.1
1543601684.93 45.1
1543601694.95 45.1
1543601704.97 45.1
1543601714.99 44.0
1543601725.0 44.0
1543601735.02 44.0
1543601745.04 44.5
1543601755.06 44.5
1543601765.08 43.5
1543601775.1 44.0
1543601785.12 44.0
1543601795.14 45.1
1543601805.16 44.0
1543601815.18 45.1
1543601825.19 45.1
1543601835.21 44.5
1543601845.24 43.5
1543601855.26 44.0
1543601865.28 44.5
1543601875.3 45.1
1543601885.32 44.5
1543601895.34 45.1
1543601905.35 44.5
1543601915.37 45.1
1543601925.39 45.6
1543601935.4 45.6
1543601945.43 45.1
1543601955.45 45.1
1543601965.46 44.5
1543601975.48 45.1
1543601985.5 44.5
1543601995.51 45.1
1543602005.52 45.1
1543602015.54 45.1
1543602025.56 45.1
1543602035.57 45.1
1543602045.59 45.1
1543602055.61 45.1
1543602065.62 45.1
1543602075.64 45.1
1543602085.65 44.5
1543602095.67 45.1
1543602105.69 45.1
1543602115.7 45.1
1543602125.72 44.0
1543602135.74 45.1
1543602145.76 45.1
1543602155.77 45.1
1543602165.79 45.6
1543602175.81 44.5
1543602185.82 45.1
1543602195.85 45.1
1543602205.86 45.1
1543602215.88 45.1
1543602225.9 44.0
1543602235.92 44.5
1543602245.94 45.1
1543602255.96 44.5
1543602265.99 45.1
1543602276.01 44.0
1543602286.03 45.1
1543602296.05 44.0
1543602306.07 44.5
1543602316.09 44.5
1543602326.1 44.5
1543602336.12 44.5
1543602346.14 44.0
1543602356.16 43.5
1543602366.18 44.0
1543602376.2 44.0
1543602386.22 44.0
1543602396.23 44.0
1543602406.25 44.0
1543602416.27 44.0
1543602426.28 44.5
1543602436.3 44.0
1543602446.32 44.5
1543602456.34 43.5
1543602466.36 44.0
1543602476.38 44.0
1543602486.4 43.5
1543602496.42 43.5
1543602506.44 44.0
1543602516.45 44.0
1543602526.47 44.0
1543602536.49 44.0
1543602546.51 44.0
1543602556.52 43.5
1543602566.54 44.0
1543602576.55 44.0
1543602586.57 44.5
1543602596.59 44.0
1543602606.61 44.0
1543602616.62 44.0
1543602626.64 44.0
1543602636.66 44.5
1543602646.68 44.0
1543602656.7 44.5
1543602666.72 44.0
1543602676.74 44.0
1543602686.75 44.5
1543602696.77 44.0
1543602706.79 44.5
1543602716.81 44.0
1543602726.83 44.0
1543602736.84 44.0
1543602746.86 44.0
1543602756.88 44.0
1543602766.9 44.0
1543602776.92 43.5
1543602786.95 43.5
1543602796.96 42.9
1543602806.98 43.5
1543602817.0 42.9
1543602827.02 42.9
1543602837.05 44.0
1543602847.07 42.9
1543602857.08 42.9
1543602867.1 42.9
1543602877.12 42.9
1543602887.14 43.5
1543602897.15 44.0
1543602907.17 44.0
1543602917.19 43.5
1543602927.21 42.9
1543602937.22 42.9
1543602947.24 42.4
1543602957.26 42.9
1543602967.29 42.9
1543602977.31 42.9
1543602987.32 43.5
1543602997.34 43.5
1543603007.36 42.9
1543603017.38 42.9
1543603027.4 42.9
1543603037.41 43.5
1543603047.42 42.9
1543603057.43 42.9
1543603067.45 42.9
1543603077.46 42.9
1543603087.48 42.9
1543603097.5 42.9
1543603107.51 42.9
1543603117.53 43.5
1543603127.55 42.9
1543603137.56 43.5
1543603147.58 43.5
1543603157.6 42.9
1543603167.62 43.5
1543603177.63 43.5
1543603187.65 42.4
1543603197.67 44.0
1543603207.68 42.9
1543603217.7 43.5
1543603227.72 41.9
1543603237.73 43.5
1543603247.76 42.9
1543603257.77 43.5
1543603267.79 42.9
1543603277.81 44.0
1543603287.83 43.5
1543603297.85 43.5
1543603307.86 43.5
1543603317.88 43.5
1543603327.9 42.9
1543603337.92 43.5
1543603347.94 42.9
1543603357.95 44.0
1543603367.97 44.0
1543603377.99 43.5
1543603388.01 43.5
1543603398.02 42.9
1543603408.04 44.0
1543603418.06 44.0
1543603428.07 43.5
1543603438.09 43.5
1543603448.1 44.0
1543603458.12 44.0
1543603468.14 44.0
1543603478.16 43.5
1543603488.18 44.0
1543603498.2 44.0
1543603508.21 44.0
1543603518.23 42.9
1543603528.26 42.9
1543603538.27 43.5
1543603548.29 43.5
1543603558.31 42.9
1543603568.33 43.5
1543603578.35 42.9
1543603588.37 44.5
1543603598.39 42.9
1543603608.41 43.5
1543603618.43 43.5
1543603628.45 44.0
1543603638.47 42.9
1543603648.49 44.0
1543603658.51 44.0
1543603668.53 44.0
1543603678.54 44.0
1543603688.56 44.0
1543603698.57 45.1
1543603708.58 44.5
1543603718.6 44.0
1543603728.62 43.5
1543603738.64 44.0
1543603748.65 44.0
1543603758.67 44.0
1543603768.69 44.5
1543603778.71 44.5
1543603788.72 44.5
1543603798.74 45.1
1543603808.76 45.1
1543603818.78 45.1
1543603828.79 45.1
1543603838.8 44.0
1543603848.82 45.1
1543603858.84 44.0
1543603868.86 43.5
1543603878.88 44.5
1543603888.9 43.5
1543603898.92 44.0
1543603908.94 43.5
1543603918.96 44.0
1543603928.98 43.5
1543603939.0 44.0
1543603949.01 44.0
1543603959.03 44.0
1543603969.05 44.5
1543603979.07 44.0
1543603989.08 44.0
1543603999.1 45.1
1543604009.12 44.5
1543604019.14 42.9
1543604029.16 45.1
1543604039.18 44.0
1543604049.19 44.5
1543604059.21 44.0
1543604069.23 44.0
1543604079.25 43.5
1543604089.27 44.5
1543604099.29 42.9
1543604109.31 43.5
1543604119.33 44.0
1543604129.35 43.5
1543604139.37 43.5
1543604149.39 42.9
1543604159.42 43.5
1543604169.43 43.5
1543604179.46 42.9
1543604189.48 42.9
1543604199.49 43.5
1543604209.51 42.9
1543604219.54 41.9
1543604229.55 42.9
1543604239.57 42.9
1543604249.59 43.5
1543604259.6 42.9
1543604269.62 44.0
1543604279.64 43.5
1543604289.66 42.9
1543604299.68 42.9
1543604309.7 43.5
1543604319.72 42.9
1543604329.74 42.9
1543604339.75 42.9
1543604349.77 42.9
1543604359.79 43.5
1543604369.81 43.5
1543604379.82 42.9
1543604389.84 44.0
1543604399.86 42.9
1543604409.88 43.5
1543604419.9 44.0
1543604429.91 44.0
1543604439.92 43.5
1543604449.94 42.9
1543604459.96 43.5
1543604469.98 43.5
1543604480.0 43.5
1543604490.01 43.5
1543604500.03 42.9
1543604510.05 43.5
1543604520.07 42.9
1543604530.09 42.9
1543604540.11 42.4
1543604550.13 42.4
1543604560.15 42.9
1543604570.17 42.9
1543604580.19 42.9
1543604590.21 42.4
1543604600.23 42.4
1543604610.24 42.9
1543604620.27 42.9
1543604630.28 42.9
1543604640.3 42.4
1543604650.32 42.9
1543604660.34 42.4
1543604670.36 42.9
1543604680.37 42.9
1543604690.39 42.4
1543604700.41 41.9
1543604710.42 42.4
1543604720.44 42.9
1543604730.45 43.5
1543604740.47 42.9
1543604750.49 43.5
1543604760.5 42.9
1543604770.52 42.9
1543604780.53 42.9
1543604790.55 42.9
1543604800.57 42.4
1543604810.58 42.9
1543604820.6 42.9
1543604830.62 42.9
1543604840.64 42.4
1543604850.65 41.9
1543604860.67 41.9
1543604870.69 41.9
1543604880.71 41.9
1543604890.72 42.9
1543604900.74 41.9
1543604910.76 41.9
1543604920.77 42.9
1543604930.78 42.4
1543604940.8 41.9
1543604950.82 42.4
1543604960.84 42.4
1543604970.85 42.9
1543604980.87 42.9
1543604990.89 41.9
1543605000.91 42.9
1543605010.93 42.9
1543605020.94 42.4
1543605030.96 42.9
1543605040.98 41.9
1543605051.01 41.9
1543605061.03 41.9
1543605071.04 41.9
1543605081.06 41.9
1543605091.08 41.9
1543605101.1 41.9
1543605111.12 42.4
1543605121.13 42.4
1543605131.15 41.3
1543605141.17 41.9
1543605151.18 41.9
1543605161.2 41.9
1543605171.22 42.4
1543605181.24 41.3
1543605191.26 41.9
1543605201.27 42.4
1543605211.29 42.4
1543605221.31 42.9
1543605231.32 41.9
1543605241.34 42.4
1543605251.36 41.9
1543605261.38 42.4
1543605271.4 42.4
1543605281.42 42.9
1543605291.43 42.9
1543605301.45 42.4
1543605311.47 42.9
1543605321.48 42.9
1543605331.5 42.9
1543605341.51 42.9
1543605351.52 43.5
1543605361.54 42.9
1543605371.55 43.5
1543605381.57 43.5
1543605391.59 43.5
1543605401.6 42.9
1543605411.62 42.9
1543605421.64 43.5
1543605431.65 43.5
1543605441.66 43.5
1543605451.67 43.5
1543605461.69 43.5
1543605471.71 42.9
1543605481.72 42.9
1543605491.74 44.0
1543605501.76 44.0
1543605511.77 44.0
1543605521.79 44.0
1543605531.81 44.0
1543605541.83 44.0
1543605551.84 43.5
1543605561.86 44.0
1543605571.87 44.0
1543605581.88 44.0
1543605591.89 44.5
1543605601.91 44.5
1543605611.93 43.5
1543605621.95 44.0
1543605631.98 44.0
1543605642.0 44.5
1543605652.01 44.0
1543605662.03 44.0
1543605672.05 44.5
1543605682.06 44.0
1543605692.08 44.0
1543605702.1 43.5
1543605712.12 43.5
1543605722.13 44.0
1543605732.15 44.0
1543605742.17 44.5
1543605752.19 44.0
1543605762.2 44.0
1543605772.22 43.5
1543605782.23 43.5
1543605792.25 44.5
1543605802.27 44.5
1543605812.28 44.0
1543605822.3 44.0
1543605832.32 43.5
1543605842.33 44.0
1543605852.35 44.0
1543605862.37 43.5
1543605872.38 44.0
1543605882.41 43.5
1543605892.43 44.0
1543605902.44 44.0
1543605912.46 43.5
1543605922.48 43.5
1543605932.5 44.0
1543605942.52 43.5
1543605952.53 43.5
1543605962.55 44.0
1543605972.57 44.0
1543605982.59 42.9
1543605992.61 44.0
1543606002.63 42.9
1543606012.65 42.9
1543606022.67 43.5
1543606032.69 43.5
1543606042.7 43.5
1543606052.73 43.5
1543606062.74 43.5
1543606072.76 43.5
1543606082.78 43.5
1543606092.79 43.5
1543606102.81 43.5
1543606112.83 43.5
1543606122.85 44.0
1543606132.87 44.0
1543606142.88 42.9
1543606152.9 43.5
1543606162.91 43.5
1543606172.93 43.5
1543606182.94 42.9
1543606192.96 43.5
1543606202.98 44.0
1543606213.0 42.9
1543606223.01 44.0
1543606233.03 43.5
1543606243.05 43.5
1543606253.07 44.0
1543606263.08 44.0
1543606273.1 44.0
1543606283.12 43.5
1543606293.13 44.0
1543606303.15 44.0
1543606313.16 44.0
1543606323.18 44.5
1543606333.2 44.0
1543606343.21 44.0
1543606353.23 44.0
1543606363.24 44.0
1543606373.26 44.0
1543606383.28 43.5
1543606393.29 44.0
1543606403.31 44.0
1543606413.33 44.0
1543606423.36 43.5
1543606433.37 44.0
1543606443.39 44.0
1543606453.42 44.0
1543606463.44 43.5
1543606473.46 42.9
1543606483.48 42.9
1543606493.5 42.9
1543606503.52 42.9
1543606513.54 43.5
1543606523.56 43.5
1543606533.58 43.5
1543606543.6 42.9
1543606553.62 43.5
1543606563.63 43.5
1543606573.65 42.9
1543606583.67 42.9
1543606593.7 43.5
1543606603.72 42.4
1543606613.74 42.9
1543606623.76 42.9
1543606633.77 42.9
1543606643.79 42.9
1543606653.8 42.9
1543606663.82 43.5
1543606673.84 42.9
1543606683.85 42.9
1543606693.87 43.5
1543606703.89 42.9
1543606713.93 42.4
1543606723.95 42.9
1543606733.97 42.9
1543606743.99 43.5
1543606754.01 44.0
1543606764.03 43.5
1543606774.05 43.5
1543606784.07 42.9
1543606794.09 42.9
1543606804.11 43.5
1543606814.13 44.0
1543606824.15 42.9
1543606834.17 43.5
1543606844.19 43.5
1543606854.21 43.5
1543606864.22 44.0
1543606874.24 44.0
1543606884.26 43.5
1543606894.28 44.0
1543606904.29 44.0
1543606914.31 43.5
1543606924.33 44.0
1543606934.35 43.5
1543606944.37 43.5
1543606954.39 44.0
1543606964.41 42.9
1543606974.43 43.5
1543606984.45 42.9
1543606994.47 44.0
1543607004.48 42.9
1543607014.49 43.5
1543607024.51 44.0
1543607034.52 43.5
1543607044.53 44.0
1543607054.55 42.9
1543607064.57 43.5
1543607074.59 44.0
1543607084.6 43.5
1543607094.62 42.9
1543607104.64 44.0
1543607114.66 42.4
1543607124.68 44.0
1543607134.69 44.0
1543607144.71 43.5
1543607154.73 44.0
1543607164.74 44.0
1543607174.75 43.5
1543607184.76 44.0
1543607194.77 43.5
1543607204.79 43.5
1543607214.81 44.0
1543607224.82 44.0
1543607234.84 44.5
1543607244.85 45.1
1543607254.87 44.5
1543607264.9 44.0
1543607274.92 44.5
1543607284.93 45.1
1543607294.95 45.1
1543607304.97 45.1
1543607314.99 44.0
1543607325.01 45.1
1543607335.02 45.1
1543607345.04 45.1
1543607355.06 44.5
1543607365.08 44.5
1543607375.1 44.0
1543607385.12 44.0
1543607395.14 44.0
1543607405.16 44.0
1543607415.18 45.1
1543607425.19 45.1
1543607435.21 44.5
1543607445.23 44.5
1543607455.25 44.0
1543607465.27 44.5
1543607475.29 44.0
1543607485.31 44.5
1543607495.33 44.5
1543607505.35 45.1
1543607515.37 45.1
1543607525.38 44.5
1543607535.39 44.5
1543607545.4 44.5
1543607555.42 44.5
1543607565.44 44.0
1543607575.46 44.0
1543607585.47 44.5
1543607595.49 44.0
1543607605.51 44.0
1543607615.53 42.9
1543607625.55 43.5
1543607635.58 43.5
1543607645.6 43.5
1543607655.61 43.5
1543607665.63 44.0
1543607675.65 44.0
1543607685.67 44.0
1543607695.69 43.5
1543607705.71 44.0
1543607715.73 43.5
1543607725.75 43.5
1543607735.77 43.5
1543607745.79 44.0
1543607755.81 44.5
1543607765.83 43.5
1543607775.85 42.9
1543607785.87 43.5
1543607795.9 44.0
1543607805.92 43.5
1543607815.95 44.0
1543607825.97 43.5
1543607835.99 43.5
1543607846.02 42.9
1543607856.03 42.9
1543607866.05 43.5
1543607876.07 44.0
1543607886.09 44.0
1543607896.11 42.9
1543607906.13 43.5
1543607916.15 42.9
1543607926.17 42.9
1543607936.19 42.9
1543607946.2 43.5
1543607956.22 43.5
1543607966.24 42.9
1543607976.25 42.9
1543607986.27 43.5
1543607996.29 43.5
