1543700009.0 40.8
1543700019.02 40.8
1543700029.03 41.9
1543700039.05 40.8
1543700049.07 41.3
1543700059.08 40.8
1543700069.11 40.8
1543700079.13 40.8
1543700089.15 40.8
1543700099.16 41.3
1543700109.19 40.8
1543700119.2 40.8
1543700129.22 40.8
1543700139.24 40.8
1543700149.26 40.8
1543700159.28 40.8
1543700169.3 40.8
1543700179.32 39.7
1543700189.34 40.8
1543700199.36 40.8
1543700209.38 41.3
1543700219.4 40.8
1543700229.42 40.8
1543700239.44 40.8
1543700249.45 41.3
1543700259.47 40.8
1543700269.48 40.8
1543700279.49 40.8
1543700289.51 41.3
1543700299.53 40.8
1543700309.55 40.8
1543700319.56 41.3
1543700329.58 41.9
1543700339.59 41.3
1543700349.62 41.9
1543700359.64 41.9
1543700369.65 41.9
1543700379.67 40.8
1543700389.69 41.3
1543700399.71 41.9
1543700409.73 41.3
1543700419.75 41.9
1543700429.77 41.3
1543700439.78 41.3
1543700449.8 41.9
1543700459.82 41.3
1543700469.84 40.8
1543700479.85 41.3
1543700489.88 40.8
1543700499.9 40.8
1543700509.92 40.8
1543700519.94 39.7
1543700529.95 40.8
1543700539.97 40.8
1543700549.99 40.8
1543700560.01 40.8
1543700570.03 40.8
1543700580.04 40.8
1543700590.06 41.9
1543700600.08 41.3
1543700610.1 41.3
1543700620.12 41.9
1543700630.14 41.9
1543700640.16 41.9
1543700650.17 41.9
1543700660.19 42.9
1543700670.2 41.9
1543700680.22 42.4
1543700690.24 41.9
1543700700.26 41.9
1543700710.28 41.9
1543700720.3 41.3
1543700730.32 41.9
1543700740.33 41.9
1543700750.35 41.3
1543700760.37 41.9
1543700770.39 40.8
1543700780.41 40.8
1543700790.43 41.3
1543700800.44 40.8
1543700810.46 39.7
1543700820.49 40.8
1543700830.5 40.8
1543700840.52 40.2
1543700850.53 40.8
1543700860.55 40.8
1543700870.57 40.8
1543700880.6 40.8
1543700890.61 40.8
1543700900.63 41.3
1543700910.64 41.3
1543700920.66 41.3
1543700930.68 40.8
1543700940.7 41.3
1543700950.72 41.3
1543700960.74 40.8
1543700970.76 40.8
1543700980.77 40.8
1543700990.79 40.8
1543701000.81 40.8
1543701010.83 40.8
1543701020.85 40.2
1543701030.87 40.2
1543701040.88 40.8
1543701050.9 40.2
1543701060.92 40.2
1543701070.94 40.8
1543701080.96 40.8
1543701090.98 39.7
1543701101.0 40.2
1543701111.02 39.7
1543701121.04 39.7
1543701131.06 39.7
1543701141.08 39.7
1543701151.1 39.7
1543701161.12 39.7
1543701171.14 38.6
1543701181.15 39.2
1543701191.17 39.7
1543701201.19 39.2
1543701211.2 39.7
1543701221.22 39.2
1543701231.24 39.2
1543701241.27 39.7
1543701251.28 39.7
1543701261.3 39.7
1543701271.32 40.2
1543701281.34 39.2
1543701291.36 38.6
1543701301.38 39.2
1543701311.4 38.6
1543701321.42 39.2
1543701331.44 38.6
1543701341.46 39.2
1543701351.49 39.2
1543701361.51 38.6
1543701371.53 38.6
1543701381.54 39.7
1543701391.56 39.7
1543701401.58 39.7
1543701411.6 38.6
1543701421.61 39.7
1543701431.64 39.7
1543701441.66 39.2
1543701451.67 39.7
1543701461.69 39.2
1543701471.71 39.2
1543701481.73 39.2
1543701491.75 39.7
1543701501.78 39.2
1543701511.8 38.6
1543701521.81 39.2
1543701531.83 39.7
1543701541.85 39.7
1543701551.86 39.7
1543701561.88 38.6
1543701571.9 39.2
1543701581.92 39.2
1543701591.94 39.2
