1543500008.95 50.5
1543500018.96 49.4
1543500028.98 48.3
1543500038.99 49.4
1543500049.01 48.3
1543500059.03 48.3
1543500069.05 48.9
1543500079.07 48.3
1543500089.09 48.3
1543500099.1 48.3
1543500109.12 48.3
1543500119.14 48.3
1543500129.17 48.3
1543500139.19 48.3
1543500149.21 48.3
1543500159.22 48.3
1543500169.23 49.4
1543500179.25 48.3
1543500189.27 48.3
1543500199.29 47.8
1543500209.31 48.3
1543500219.33 47.8
1543500229.35 47.8
1543500239.37 47.8
1543500249.39 48.3
1543500259.41 47.8
1543500269.43 47.8
1543500279.45 47.8
1543500289.47 47.8
1543500299.49 47.8
1543500309.51 47.8
1543500319.53 47.8
1543500329.54 48.3
1543500339.56 47.8
1543500349.57 48.3
1543500359.59 48.3
1543500369.61 48.3
1543500379.64 48.3
1543500389.66 48.3
1543500399.68 48.3
1543500409.69 48.3
1543500419.72 47.8
1543500429.74 47.8
1543500439.76 47.2
1543500449.78 48.3
1543500459.8 47.8
1543500469.82 47.8
1543500479.84 48.3
1543500489.86 48.3
1543500499.88 47.8
1543500509.9 47.8
1543500519.92 47.8
1543500529.94 47.8
1543500539.97 47.2
1543500549.99 48.3
1543500560.01 47.8
1543500570.02 48.9
1543500580.05 47.8
1543500590.07 47.2
1543500600.08 48.9
1543500610.1 47.2
1543500620.13 47.2
1543500630.14 48.3
1543500640.16 47.8
1543500650.18 48.3
1543500660.2 48.3
1543500670.22 48.9
1543500680.24 47.8
1543500690.26 48.3
1543500700.28 47.8
1543500710.3 47.8
1543500720.32 48.3
1543500730.34 48.3
1543500740.36 47.8
1543500750.38 47.8
1543500760.4 47.8
1543500770.42 47.8
1543500780.45 48.3
1543500790.47 48.3
1543500800.49 47.8
1543500810.51 47.8
1543500820.53 47.8
1543500830.55 48.3
1543500840.58 47.8
1543500850.6 47.8
1543500860.62 47.8
1543500870.64 48.3
1543500880.66 48.3
1543500890.68 48.3
1543500900.7 49.4
1543500910.72 48.9
1543500920.73 48.9
1543500930.75 49.4
1543500940.77 48.9
1543500950.79 49.4
1543500960.81 48.3
1543500970.83 49.4
1543500980.85 48.3
1543500990.86 49.4
1543501000.88 48.3
1543501010.9 49.4
1543501020.92 49.4
1543501030.94 48.3
1543501040.95 49.4
1543501050.96 48.9
1543501060.98 49.4
1543501071.0 48.3
1543501081.02 49.4
1543501091.03 49.4
1543501101.05 48.9
1543501111.07 48.3
1543501121.09 49.4
1543501131.12 49.4
1543501141.14 49.4
1543501151.15 49.9
1543501161.17 49.4
1543501171.19 49.4
1543501181.21 49.4
1543501191.24 49.9
1543501201.25 50.5
1543501211.27 50.5
1543501221.28 49.9
1543501231.31 49.4
1543501241.32 49.4
1543501251.34 49.9
1543501261.36 49.4
1543501271.38 49.4
1543501281.4 49.4
1543501291.41 49.4
1543501301.44 49.4
1543501311.46 49.4
1543501321.47 50.5
1543501331.49 49.4
1543501341.51 49.4
1543501351.53 49.4
1543501361.55 49.4
1543501371.57 48.9
1543501381.59 49.4
1543501391.6 49.9
1543501401.62 49.4
1543501411.64 49.4
1543501421.66 50.5
1543501431.68 49.4
1543501441.7 49.4
1543501451.71 50.5
1543501461.73 50.5
1543501471.75 49.4
1543501481.77 50.5
1543501491.79 50.5
1543501501.81 50.5
1543501511.83 50.5
1543501521.86 50.5
1543501531.88 50.5
1543501541.89 50.5
1543501551.92 50.5
1543501561.94 50.5
1543501571.96 50.5
1543501581.98 49.9
1543501591.99 49.9
1543501602.01 50.5
1543501612.02 50.5
1543501622.04 51.0
1543501632.06 50.5
1543501642.07 49.9
1543501652.09 51.0
1543501662.1 51.5
1543501672.12 51.5
1543501682.14 51.0
1543501692.15 50.5
1543501702.17 50.5
1543501712.28 50.5
1543501722.3 50.5
1543501732.32 50.5
1543501742.33 50.5
1543501752.35 50.5
1543501762.36 49.9
1543501772.38 51.0
1543501782.4 49.9
1543501792.42 49.9
1543501802.44 51.0
1543501812.46 50.5
1543501822.47 50.5
1543501832.49 51.0
1543501842.51 51.5
1543501852.53 50.5
1543501862.55 50.5
1543501872.57 50.5
1543501882.59 49.9
1543501892.61 50.5
1543501902.63 50.5
1543501912.65 51.0
1543501922.67 49.9
1543501932.7 50.5
1543501942.71 51.5
1543501952.73 51.5
1543501962.75 50.5
1543501972.76 51.0
1543501982.78 50.5
1543501992.8 50.5
1543502002.82 49.9
1543502012.83 50.5
1543502022.85 50.5
1543502032.87 50.5
1543502042.89 50.5
1543502052.91 49.9
1543502062.93 50.5
1543502072.96 49.9
1543502082.98 51.0
1543502093.0 50.5
1543502103.01 51.5
1543502113.03 51.0
1543502123.05 50.5
1543502133.07 51.5
1543502143.09 51.0
1543502153.11 50.5
1543502163.12 51.0
1543502173.14 50.5
1543502183.17 50.5
1543502193.18 51.0
1543502203.2 50.5
1543502213.22 51.0
1543502223.23 51.5
1543502233.25 50.5
1543502243.27 51.0
1543502253.28 51.5
1543502263.3 51.0
1543502273.32 51.5
1543502283.34 51.0
1543502293.36 51.0
1543502303.37 51.5
1543502313.39 51.5
1543502323.41 50.5
1543502333.43 50.5
1543502343.44 51.5
1543502353.46 50.5
1543502363.47 51.0
1543502373.49 50.5
1543502383.52 51.5
1543502393.53 51.0
1543502403.55 50.5
1543502413.58 49.9
1543502423.59 50.5
1543502433.61 50.5
1543502443.63 50.5
1543502453.64 49.9
1543502463.66 50.5
1543502473.68 50.5
1543502483.7 49.9
1543502493.71 50.5
1543502503.73 50.5
1543502513.75 49.9
1543502523.77 50.5
1543502533.79 50.5
1543502543.8 50.5
1543502553.83 49.9
1543502563.85 50.5
1543502573.86 51.0
1543502583.88 50.5
1543502593.9 51.0
1543502603.91 50.5
1543502613.94 49.4
1543502623.96 49.4
1543502633.98 49.4
1543502643.99 49.9
1543502654.01 50.5
1543502664.03 49.4
1543502674.05 49.9
1543502684.07 49.4
1543502694.09 49.9
1543502704.11 50.5
1543502714.13 50.5
1543502724.14 50.5
1543502734.17 50.5
1543502744.18 49.9
1543502754.2 49.4
1543502764.22 50.5
1543502774.24 49.4
1543502784.26 49.4
1543502794.28 49.4
1543502804.3 48.9
1543502814.32 49.9
1543502824.34 49.4
1543502834.35 49.9
1543502844.37 49.4
1543502854.39 49.4
1543502864.42 49.4
1543502874.44 49.4
1543502884.46 49.4
1543502894.47 49.9
1543502904.48 50.5
1543502914.5 49.9
1543502924.51 49.9
1543502934.53 48.9
1543502944.55 49.4
1543502954.56 49.4
1543502964.58 49.9
1543502974.6 49.4
1543502984.61 49.9
1543502994.63 49.9
1543503004.64 50.5
1543503014.66 50.5
1543503024.68 50.5
1543503034.7 49.9
1543503044.72 49.9
1543503054.74 49.9
1543503064.75 49.9
1543503074.77 50.5
1543503084.78 50.5
1543503094.8 50.5
1543503104.82 49.9
1543503114.84 49.4
1543503124.86 50.5
1543503134.87 50.5
1543503144.89 49.4
1543503154.91 50.5
1543503164.93 49.4
1543503174.95 49.4
1543503184.97 49.4
1543503194.99 49.4
1543503205.0 49.4
1543503215.02 49.4
1543503225.04 48.9
1543503235.06 48.3
1543503245.08 48.9
1543503255.1 48.9
1543503265.12 49.9
1543503275.14 48.9
1543503285.16 49.4
1543503295.17 49.4
1543503305.19 48.3
1543503315.21 49.4
1543503325.23 48.3
1543503335.25 48.9
1543503345.27 48.9
1543503355.29 48.9
1543503365.31 49.4
1543503375.33 48.3
1543503385.34 49.4
1543503395.36 48.3
1543503405.4 48.9
1543503415.42 48.9
1543503425.44 49.9
1543503435.45 49.4
1543503445.47 49.4
1543503455.49 49.4
1543503465.51 49.4
1543503475.53 49.4
1543503485.55 49.4
1543503495.57 49.4
1543503505.58 49.4
1543503515.6 49.9
1543503525.62 49.4
1543503535.64 48.9
1543503545.65 49.4
1543503555.67 49.4
1543503565.69 48.9
1543503575.71 48.3
1543503585.73 48.3
1543503595.75 48.9
