1544000003.85 27.3
1544000013.87 27.9
1544000023.89 26.8
1544000033.91 26.8
1544000043.93 27.3
1544000053.95 27.9
1544000063.97 27.9
1544000073.99 26.8
1544000084.01 26.8
1544000094.02 27.9
1544000104.04 27.9
1544000114.06 27.3
1544000124.08 27.3
1544000134.1 27.9
1544000144.12 26.8
1544000154.14 27.9
1544000164.16 26.8
1544000174.18 27.9
1544000184.2 27.3
1544000194.22 27.9
1544000204.24 27.3
1544000214.26 27.9
1544000224.28 27.3
1544000234.3 26.8
1544000244.31 27.9
1544000254.34 27.9
1544000264.37 26.8
1544000274.4 26.8
1544000284.42 27.3
1544000294.44 27.3
1544000304.45 27.9
1544000314.47 26.8
1544000324.5 27.3
1544000334.52 27.3
1544000344.54 27.3
1544000354.56 26.8
1544000364.58 26.8
1544000374.6 27.3
1544000384.62 27.3
1544000394.64 27.3
1544000404.66 27.9
