1544900000.39 48.9
1544900010.41 49.4
1544900020.43 49.4
1544900030.45 48.9
1544900040.46 49.4
1544900050.48 49.4
1544900060.5 48.9
1544900070.52 49.4
1544900080.54 49.4
1544900090.56 48.9
1544900100.58 49.4
1544900110.6 48.3
1544900120.62 49.4
1544900130.64 49.4
1544900140.65 49.4
1544900150.67 49.4
1544900160.69 48.3
1544900170.71 48.3
1544900180.73 48.3
1544900190.75 48.3
1544900200.77 48.3
1544900210.79 48.3
1544900220.81 49.4
1544900230.82 49.4
1544900240.84 48.9
1544900250.87 48.3
1544900260.89 48.3
1544900270.91 48.3
1544900280.93 48.9
1544900290.95 49.4
1544900300.96 48.9
1544900310.99 48.3
1544900321.0 48.9
1544900331.02 49.4
1544900341.04 48.9
1544900351.06 48.3
1544900361.08 48.3
1544900371.1 48.3
1544900381.12 48.9
1544900391.15 49.4
1544900401.17 48.3
