1544500002.33 30.0
1544500012.35 30.6
1544500022.36 30.6
1544500032.38 30.6
1544500042.39 30.0
1544500052.42 28.9
1544500062.43 30.6
1544500072.45 29.5
1544500082.47 28.9
1544500092.5 30.0
1544500102.52 30.0
1544500112.54 29.5
1544500122.55 30.6
1544500132.58 29.5
1544500142.6 29.5
1544500152.62 28.9
1544500162.64 30.0
1544500172.66 30.0
1544500182.68 30.0
1544500192.7 30.6
1544500202.72 30.0
1544500212.74 30.0
1544500222.76 30.6
1544500232.78 30.0
1544500242.79 30.6
1544500252.81 29.5
1544500262.83 30.0
1544500272.85 30.0
1544500282.87 30.0
1544500292.9 29.5
1544500302.91 30.0
1544500312.93 28.9
1544500322.95 30.0
1544500332.97 30.0
1544500342.99 28.9
1544500353.01 30.0
1544500363.03 30.0
1544500373.05 30.0
1544500383.07 29.5
1544500393.09 28.9
1544500403.11 29.5
1544500413.13 28.9
1544500423.15 30.0
1544500433.17 28.9
1544500443.19 30.0
1544500453.2 30.6
1544500463.22 30.0
1544500473.24 30.0
1544500483.25 30.0
1544500493.28 29.5
1544500503.29 30.0
1544500513.31 30.0
1544500523.32 30.0
1544500533.35 28.9
1544500543.36 28.9
1544500553.38 28.9
1544500563.41 28.9
1544500573.43 28.9
1544500583.45 28.9
1544500593.47 28.9
1544500603.49 28.9
1544500613.51 28.4
1544500623.53 28.4
1544500633.56 28.9
1544500643.58 27.9
1544500653.6 28.4
1544500663.62 28.4
1544500673.64 28.9
1544500683.66 28.4
1544500693.7 28.4
1544500703.72 28.9
1544500713.73 29.5
1544500723.74 28.9
1544500733.76 29.5
1544500743.78 28.9
1544500753.8 28.4
1544500763.82 28.9
1544500773.84 28.9
1544500783.86 28.9
1544500793.88 28.9
1544500803.9 30.6
1544500813.92 28.9
1544500823.94 28.9
1544500833.95 28.9
1544500843.97 28.4
1544500854.0 28.9
1544500864.01 28.9
1544500874.03 28.9
1544500884.05 28.9
1544500894.08 28.9
1544500904.1 28.9
1544500914.12 28.4
1544500924.14 28.9
1544500934.15 28.9
1544500944.18 28.9
1544500954.2 28.9
1544500964.21 28.9
1544500974.23 29.5
1544500984.25 28.4
1544500994.27 28.4
1544501004.29 28.9
1544501014.31 28.4
1544501024.34 28.4
1544501034.36 28.4
1544501044.38 28.9
1544501054.39 28.9
1544501064.42 28.9
1544501074.44 28.9
1544501084.46 28.9
1544501094.49 28.4
1544501104.51 28.9
1544501114.53 28.9
1544501124.55 30.0
1544501134.57 29.5
1544501144.59 28.9
1544501154.6 30.0
1544501164.63 28.9
1544501174.65 28.9
1544501184.68 28.9
1544501194.7 28.9
1544501204.72 29.5
1544501214.74 28.9
1544501224.76 28.9
1544501234.78 28.9
1544501244.81 28.9
1544501254.82 29.5
1544501264.84 28.9
1544501274.86 28.9
1544501284.88 28.9
1544501294.9 28.4
1544501304.93 28.9
1544501314.95 28.4
1544501324.97 28.9
1544501334.99 28.9
1544501345.02 28.9
1544501355.04 28.9
1544501365.06 28.9
1544501375.07 29.5
1544501385.1 28.9
1544501395.12 28.9
1544501405.14 28.9
1544501415.16 28.9
1544501425.18 27.9
1544501435.2 28.9
1544501445.22 28.9
1544501455.24 28.9
1544501465.26 28.9
1544501475.28 28.9
1544501485.3 29.5
1544501495.32 28.9
1544501505.34 28.9
1544501515.37 28.9
1544501525.38 28.9
1544501535.4 28.4
1544501545.42 30.0
1544501555.45 29.5
1544501565.47 28.9
1544501575.48 29.5
1544501585.5 30.0
1544501595.51 29.5
1544501605.54 28.9
1544501615.55 30.0
1544501625.56 30.0
1544501635.58 30.0
1544501645.6 28.9
1544501655.62 29.5
1544501665.65 29.5
1544501675.67 28.9
1544501685.71 28.9
1544501695.73 30.0
1544501705.76 28.4
1544501715.79 28.9
1544501725.81 28.9
1544501735.83 28.9
1544501745.84 30.0
1544501755.86 29.5
1544501765.88 28.9
1544501775.9 28.9
1544501785.93 28.9
1544501795.94 30.0
1544501805.96 28.9
1544501815.99 28.9
1544501826.02 29.5
1544501836.04 29.5
1544501846.05 30.6
1544501856.07 29.5
1544501866.09 29.5
1544501876.11 30.6
1544501886.13 28.9
1544501896.15 28.9
1544501906.17 28.9
1544501916.19 28.9
1544501926.21 28.9
1544501936.23 28.9
1544501946.25 29.5
1544501956.27 28.9
1544501966.3 28.9
1544501976.31 29.5
1544501986.33 28.9
1544501996.35 28.9
1544502006.38 29.5
1544502016.4 28.9
1544502026.41 28.9
1544502036.43 28.9
1544502046.46 29.5
1544502056.48 30.0
1544502066.5 30.0
1544502076.52 30.0
1544502086.54 28.9
1544502096.56 30.0
1544502106.58 28.9
1544502116.6 29.5
1544502126.62 29.5
1544502136.64 30.0
1544502146.66 28.4
1544502156.68 29.5
1544502166.7 30.0
1544502176.72 30.0
1544502186.74 29.5
1544502196.77 28.9
1544502206.79 29.5
1544502216.81 29.5
1544502226.83 29.5
1544502236.85 30.0
1544502246.87 30.0
1544502256.89 30.0
1544502266.91 30.0
1544502276.93 30.0
1544502286.94 30.0
1544502296.96 29.5
1544502306.99 28.9
1544502317.01 30.0
1544502327.02 30.0
1544502337.04 28.9
1544502347.07 30.0
1544502357.09 29.5
1544502367.11 30.0
1544502377.13 30.0
1544502387.15 30.0
1544502397.17 28.9
1544502407.19 28.9
1544502417.21 29.5
1544502427.23 30.0
1544502437.25 30.0
1544502447.27 29.5
1544502457.29 28.9
1544502467.31 28.9
1544502477.34 28.9
1544502487.35 30.0
1544502497.37 29.5
1544502507.39 30.0
1544502517.41 30.0
1544502527.43 30.6
1544502537.44 30.6
1544502547.46 30.0
1544502557.48 29.5
1544502567.51 29.5
1544502577.53 28.9
1544502587.55 28.9
1544502597.57 28.9
1544502607.59 28.9
1544502617.61 28.9
1544502627.63 28.9
1544502637.66 28.9
1544502647.68 28.9
1544502657.7 28.4
1544502667.72 28.9
1544502677.74 28.9
1544502687.76 28.9
1544502697.78 28.9
1544502707.8 28.9
1544502717.82 28.9
1544502727.83 28.9
1544502737.86 28.9
1544502747.88 28.9
1544502757.9 28.4
1544502767.91 28.9
1544502777.94 28.4
1544502787.95 28.9
1544502797.97 28.9
1544502807.99 27.9
1544502818.01 28.4
1544502828.03 28.9
1544502838.05 28.9
1544502848.07 27.9
1544502858.08 28.4
1544502868.11 28.9
1544502878.13 28.9
1544502888.15 28.4
1544502898.17 28.9
1544502908.19 28.9
1544502918.21 28.9
1544502928.23 28.9
1544502938.25 28.4
1544502948.27 27.9
1544502958.29 28.9
1544502968.31 28.9
1544502978.33 28.9
1544502988.35 28.9
1544502998.37 28.9
1544503008.39 28.9
1544503018.41 27.9
1544503028.43 28.4
1544503038.45 27.9
1544503048.47 28.9
1544503058.49 27.9
1544503068.51 28.9
1544503078.53 29.5
1544503088.54 28.9
1544503098.57 28.9
1544503108.59 28.4
1544503118.61 28.4
1544503128.63 28.4
1544503138.65 28.4
1544503148.66 28.9
1544503158.69 28.4
1544503168.71 28.4
1544503178.73 27.9
1544503188.75 27.9
1544503198.78 28.4
1544503208.8 27.9
1544503218.82 28.9
1544503228.84 28.9
1544503238.86 27.9
1544503248.88 27.9
1544503258.9 27.9
1544503268.92 28.9
1544503278.94 28.4
1544503288.96 27.9
1544503298.98 27.9
1544503309.0 28.9
1544503319.02 27.9
1544503329.04 28.4
1544503339.06 28.9
1544503349.08 27.9
1544503359.09 28.9
1544503369.11 27.9
1544503379.14 28.4
1544503389.16 28.9
1544503399.18 28.4
1544503409.2 28.4
1544503419.22 27.9
1544503429.24 28.4
1544503439.26 27.9
1544503449.28 28.4
1544503459.3 28.9
1544503469.32 28.4
1544503479.34 27.9
1544503489.36 28.4
1544503499.38 28.4
1544503509.41 28.4
1544503519.43 28.4
1544503529.45 28.4
1544503539.46 28.9
1544503549.48 28.9
1544503559.5 27.9
1544503569.52 28.9
1544503579.54 28.9
1544503589.56 28.9
1544503599.58 28.9
1544503609.6 28.4
1544503619.62 28.9
1544503629.64 28.4
1544503639.66 28.9
1544503649.69 28.4
1544503659.7 28.9
1544503669.72 28.9
1544503679.74 28.9
1544503689.76 28.4
1544503699.79 28.9
1544503709.81 28.4
1544503719.83 28.9
1544503729.85 28.4
1544503739.87 28.9
1544503749.89 28.9
1544503759.9 28.9
1544503769.92 28.4
1544503779.94 28.4
1544503789.97 28.4
1544503799.98 28.9
1544503810.0 28.4
1544503820.01 28.9
1544503830.04 28.9
1544503840.06 28.4
1544503850.08 28.4
1544503860.1 28.9
1544503870.12 28.4
1544503880.14 28.9
1544503890.16 28.9
1544503900.18 28.4
1544503910.21 28.4
1544503920.23 28.4
1544503930.25 28.9
1544503940.27 28.4
1544503950.29 27.9
1544503960.32 28.4
1544503970.34 27.9
1544503980.36 28.4
1544503990.38 28.4
1544504000.4 27.9
1544504010.42 28.4
1544504020.44 28.4
1544504030.46 28.4
1544504040.48 28.4
1544504050.5 27.9
1544504060.52 28.4
1544504070.54 27.9
1544504080.56 28.4
1544504090.58 28.4
1544504100.6 27.9
1544504110.62 28.4
1544504120.64 28.4
1544504130.66 27.9
1544504140.69 28.4
1544504150.71 27.9
1544504160.73 28.4
1544504170.75 28.4
1544504180.77 29.5
1544504190.79 28.9
1544504200.81 28.9
1544504210.83 27.9
1544504220.85 29.5
1544504230.87 27.9
1544504240.89 27.9
1544504250.91 28.4
1544504260.93 27.9
1544504270.95 27.9
1544504280.97 28.4
1544504290.99 28.9
1544504301.0 28.9
1544504311.02 28.9
1544504321.04 29.5
1544504331.06 29.5
1544504341.07 28.9
1544504351.09 28.4
1544504361.11 28.9
1544504371.13 28.9
1544504381.15 27.9
1544504391.16 28.9
1544504401.18 28.4
