1544400009.16 35.9
1544400019.18 34.3
1544400029.2 34.9
1544400039.22 34.3
1544400049.24 34.9
1544400059.26 34.3
1544400069.27 34.9
1544400079.29 34.9
1544400089.31 34.3
1544400099.33 34.9
1544400109.35 35.4
1544400119.37 35.4
1544400129.38 35.4
1544400139.4 34.9
1544400149.42 34.9
1544400159.43 35.4
1544400169.45 34.9
1544400179.47 35.4
1544400189.49 34.9
1544400199.5 35.9
1544400209.52 35.4
1544400219.53 34.9
1544400229.55 35.4
1544400239.57 35.4
1544400249.58 35.9
1544400259.6 34.9
1544400269.62 36.5
1544400279.64 35.4
1544400289.67 34.9
1544400299.68 35.4
1544400309.71 34.9
1544400319.73 34.9
1544400329.74 35.9
1544400339.76 35.4
1544400349.78 34.9
1544400359.8 34.9
1544400369.82 34.9
1544400379.84 34.9
1544400389.86 35.4
1544400399.87 35.4
1544400409.91 34.9
1544400419.93 35.4
1544400429.94 35.4
1544400439.96 35.4
1544400449.98 35.4
1544400459.99 34.9
1544400470.01 34.9
1544400480.03 34.9
1544400490.05 35.4
1544400500.07 34.9
1544400510.09 34.9
1544400520.11 34.3
1544400530.13 34.3
1544400540.14 34.9
1544400550.16 35.4
1544400560.18 34.3
1544400570.2 34.9
1544400580.21 34.9
1544400590.23 34.9
1544400600.25 34.9
1544400610.27 34.9
1544400620.28 35.4
1544400630.3 34.9
1544400640.32 34.9
1544400650.34 35.4
1544400660.35 34.3
1544400670.37 34.9
1544400680.39 34.9
1544400690.41 34.9
1544400700.42 35.4
1544400710.44 35.4
1544400720.45 35.4
1544400730.47 34.9
1544400740.49 34.9
1544400750.51 34.9
1544400760.52 34.9
1544400770.54 34.9
1544400780.55 34.9
1544400790.58 34.9
1544400800.6 35.4
1544400810.61 36.5
1544400820.63 35.9
1544400830.65 34.9
1544400840.67 35.4
1544400850.69 35.4
1544400860.71 35.4
1544400870.72 35.9
1544400880.74 36.5
1544400890.76 35.4
1544400900.77 36.5
1544400910.79 36.5
1544400920.81 36.5
1544400930.83 35.9
1544400940.84 36.5
1544400950.86 35.4
1544400960.88 35.4
1544400970.9 36.5
1544400980.91 35.4
1544400990.93 35.4
1544401000.95 35.4
1544401010.97 35.9
1544401020.98 35.4
1544401030.99 35.9
1544401041.01 35.9
1544401051.03 35.4
1544401061.04 35.4
1544401071.06 35.9
1544401081.07 35.4
1544401091.09 35.4
1544401101.11 35.4
1544401111.12 34.9
1544401121.14 35.4
1544401131.15 35.9
1544401141.17 35.4
1544401151.2 35.4
1544401161.22 34.9
1544401171.24 35.4
1544401181.26 35.9
1544401191.27 35.9
1544401201.29 35.9
1544401211.31 35.4
1544401221.32 35.9
1544401231.34 35.4
1544401241.36 35.9
1544401251.38 35.4
1544401261.4 35.4
1544401271.41 35.4
1544401281.43 35.4
1544401291.45 34.9
1544401301.47 35.4
1544401311.49 35.4
1544401321.5 35.4
1544401331.52 34.9
1544401341.54 35.4
1544401351.55 35.9
1544401361.57 35.4
1544401371.58 36.5
1544401381.6 35.4
1544401391.62 35.4
1544401401.63 35.4
1544401411.65 35.9
1544401421.67 36.5
1544401431.7 35.4
1544401441.73 34.9
1544401451.75 34.9
1544401461.76 35.9
1544401471.78 35.9
1544401481.8 35.4
1544401491.81 35.9
1544401501.82 35.4
1544401511.84 35.4
1544401521.85 35.4
1544401531.87 34.3
1544401541.9 34.9
1544401551.91 34.9
1544401561.93 35.4
1544401571.95 35.4
1544401581.96 35.4
1544401591.98 35.4
1544401601.99 34.9
1544401612.0 35.9
1544401622.02 35.4
1544401632.03 34.9
1544401642.05 34.9
1544401652.07 34.3
1544401662.09 34.3
1544401672.11 34.9
1544401682.12 34.9
1544401692.15 34.3
1544401702.17 34.9
1544401712.19 34.9
1544401722.21 34.3
1544401732.22 34.9
1544401742.24 34.9
1544401752.26 35.4
1544401762.28 34.9
1544401772.29 35.4
1544401782.31 34.3
1544401792.33 35.9
1544401802.35 34.9
1544401812.37 34.3
1544401822.38 35.4
1544401832.4 34.9
1544401842.42 35.9
1544401852.44 34.9
1544401862.45 34.9
1544401872.46 35.4
1544401882.48 34.9
1544401892.5 34.9
1544401902.52 35.4
1544401912.53 35.4
1544401922.55 35.4
1544401932.57 35.9
1544401942.58 34.9
1544401952.61 35.4
1544401962.63 34.9
1544401972.65 35.4
1544401982.67 34.3
1544401992.69 34.3
1544402002.71 35.4
1544402012.72 34.9
1544402022.74 35.4
1544402032.76 34.9
1544402042.77 34.9
1544402052.79 35.4
1544402062.8 34.9
1544402072.82 35.4
1544402082.84 35.4
1544402092.86 34.3
1544402102.88 34.3
1544402112.89 34.3
1544402122.91 34.9
1544402132.93 34.9
1544402142.95 34.3
1544402152.96 34.9
1544402162.98 34.3
1544402173.0 34.9
1544402183.02 34.9
1544402193.04 34.3
1544402203.06 34.3
1544402213.08 34.3
1544402223.1 34.9
1544402233.12 34.3
1544402243.15 34.3
1544402253.17 34.3
1544402263.19 34.3
1544402273.21 34.3
1544402283.23 34.3
1544402293.25 34.3
1544402303.27 34.3
1544402313.29 33.8
1544402323.31 33.2
1544402333.33 33.8
1544402343.34 34.3
1544402353.36 34.3
1544402363.38 33.8
1544402373.4 33.8
1544402383.42 34.3
1544402393.44 34.3
1544402403.46 33.8
1544402413.48 33.8
1544402423.49 34.3
1544402433.51 34.3
1544402443.53 34.3
1544402453.55 34.3
1544402463.57 34.3
1544402473.59 34.3
1544402483.61 34.3
1544402493.63 33.8
1544402503.65 33.2
1544402513.66 34.3
1544402523.68 34.3
1544402533.7 33.2
1544402543.71 34.3
1544402553.73 34.3
1544402563.75 34.3
1544402573.76 34.3
1544402583.78 34.3
1544402593.8 34.3
1544402603.82 34.3
1544402613.83 34.3
1544402623.85 33.2
1544402633.86 33.8
1544402643.88 33.2
1544402653.89 33.8
1544402663.92 34.3
1544402673.93 34.3
1544402683.95 33.8
1544402693.97 34.3
1544402703.99 34.3
1544402714.01 34.3
1544402724.03 34.3
1544402734.05 34.3
1544402744.06 34.3
1544402754.08 34.3
1544402764.11 34.3
1544402774.13 33.2
1544402784.14 34.3
1544402794.16 33.2
1544402804.18 32.7
1544402814.2 33.8
1544402824.22 33.8
1544402834.23 33.2
1544402844.25 33.8
1544402854.26 33.2
1544402864.28 34.3
1544402874.3 33.2
1544402884.32 33.2
1544402894.34 32.7
1544402904.36 33.8
1544402914.38 33.2
1544402924.4 33.2
1544402934.42 33.8
1544402944.44 34.3
1544402954.46 34.3
1544402964.47 34.3
1544402974.48 34.3
1544402984.49 34.3
1544402994.51 34.3
1544403004.53 34.3
1544403014.54 34.9
1544403024.57 33.8
1544403034.58 34.3
1544403044.6 34.3
1544403054.61 34.3
1544403064.62 35.4
1544403074.64 34.3
1544403084.66 34.3
1544403094.68 34.3
1544403104.7 34.3
1544403114.72 34.9
1544403124.73 34.9
1544403134.75 33.8
1544403144.77 33.2
1544403154.79 34.3
1544403164.8 34.3
1544403174.82 34.9
1544403184.84 34.3
1544403194.85 34.9
1544403204.87 34.3
1544403214.89 34.3
1544403224.91 34.3
1544403234.93 33.2
1544403244.95 34.3
1544403254.97 34.9
1544403264.99 34.3
1544403275.01 34.9
1544403285.03 34.3
1544403295.05 33.8
1544403305.07 34.3
1544403315.09 33.8
1544403325.1 34.3
1544403335.12 33.2
1544403345.14 33.8
1544403355.16 34.3
1544403365.18 33.2
1544403375.2 33.2
1544403385.22 32.7
1544403395.24 33.2
1544403405.25 33.8
1544403415.27 34.3
1544403425.29 33.2
1544403435.31 33.2
1544403445.33 33.2
1544403455.35 33.2
1544403465.37 34.3
1544403475.39 33.8
1544403485.41 33.2
1544403495.42 34.3
1544403505.44 34.3
1544403515.46 34.9
1544403525.47 34.3
1544403535.49 34.3
1544403545.51 34.9
1544403555.53 34.3
1544403565.54 34.9
1544403575.57 34.3
1544403585.58 34.3
1544403595.6 34.9
1544403605.61 34.3
1544403615.63 34.3
1544403625.64 34.3
1544403635.66 34.9
1544403645.67 34.3
1544403655.69 34.3
1544403665.71 34.9
1544403675.72 34.9
1544403685.74 34.3
1544403695.76 33.8
1544403705.78 34.3
1544403715.79 34.9
1544403725.81 34.3
1544403735.83 35.4
1544403745.85 34.3
1544403755.87 34.9
1544403765.88 34.9
1544403775.9 34.9
1544403785.92 34.9
1544403795.94 34.3
1544403805.95 34.9
1544403815.97 34.3
1544403825.99 34.3
1544403836.01 35.4
1544403846.03 34.9
1544403856.04 35.4
1544403866.06 34.3
1544403876.09 34.3
1544403886.11 34.9
1544403896.13 34.3
1544403906.15 34.3
1544403916.16 34.9
1544403926.18 35.4
1544403936.2 34.9
1544403946.21 35.4
1544403956.23 34.3
1544403966.25 35.4
1544403976.26 34.9
1544403986.28 34.9
1544403996.29 34.9
1544404006.31 34.3
1544404016.33 34.3
1544404026.35 34.9
1544404036.37 34.3
1544404046.4 33.8
1544404056.42 34.3
1544404066.44 33.8
1544404076.46 34.3
1544404086.48 33.8
1544404096.49 34.3
1544404106.51 34.3
1544404116.53 33.8
1544404126.54 33.2
1544404136.56 34.3
1544404146.57 33.8
1544404156.59 33.2
1544404166.6 34.3
1544404176.62 34.3
1544404186.63 34.3
1544404196.66 33.8
1544404206.67 34.9
1544404216.69 33.2
1544404226.71 34.3
1544404236.73 34.3
1544404246.75 33.8
1544404256.77 33.8
1544404266.81 33.8
1544404276.82 34.3
1544404286.84 34.3
1544404296.86 34.3
1544404306.88 34.3
1544404316.9 34.3
1544404326.92 34.3
1544404336.94 34.3
1544404346.95 34.9
1544404356.97 34.9
1544404366.98 35.4
1544404377.0 34.3
1544404387.02 34.9
1544404397.03 34.3
1544404407.05 34.3
1544404417.07 34.3
1544404427.09 34.3
1544404437.11 34.9
1544404447.13 34.3
1544404457.15 34.3
1544404467.17 34.9
1544404477.19 34.9
1544404487.2 35.4
1544404497.22 34.3
1544404507.24 34.3
1544404517.26 34.9
1544404527.27 33.8
1544404537.29 34.3
1544404547.3 34.3
1544404557.33 34.3
1544404567.34 34.3
1544404577.37 34.3
1544404587.38 34.9
1544404597.4 34.9
1544404607.42 34.3
1544404617.44 34.3
1544404627.46 34.3
1544404637.47 34.3
1544404647.49 33.2
1544404657.52 33.2
1544404667.53 34.3
1544404677.55 34.3
1544404687.57 34.3
1544404697.58 34.9
1544404707.6 34.3
1544404717.61 34.9
1544404727.63 34.9
1544404737.65 34.3
1544404747.66 34.9
1544404757.68 34.9
1544404767.69 34.9
1544404777.71 34.3
1544404787.74 34.3
1544404797.76 34.9
1544404807.78 34.3
1544404817.8 34.9
1544404827.82 34.3
1544404837.84 34.9
1544404847.86 35.4
1544404857.88 34.3
1544404867.9 34.9
1544404877.92 34.3
1544404887.93 34.9
1544404897.95 34.9
1544404907.97 35.4
1544404917.99 34.9
1544404928.0 35.4
1544404938.02 35.4
1544404948.04 34.9
1544404958.06 34.9
1544404968.08 35.4
1544404978.09 34.9
1544404988.11 34.9
1544404998.13 34.3
1544405008.15 34.3
1544405018.17 34.9
1544405028.19 34.3
1544405038.21 34.3
1544405048.23 34.9
1544405058.25 34.9
1544405068.27 34.3
1544405078.29 34.3
1544405088.31 34.9
1544405098.33 34.3
1544405108.35 34.3
1544405118.36 35.4
1544405128.38 34.3
1544405138.4 34.3
1544405148.42 34.9
1544405158.44 34.3
1544405168.46 35.4
1544405178.48 34.9
1544405188.5 34.3
1544405198.51 34.9
1544405208.53 34.9
1544405218.55 34.9
1544405228.56 34.3
1544405238.58 34.9
1544405248.59 34.9
1544405258.61 34.9
1544405268.62 34.9
1544405278.64 34.9
1544405288.65 34.9
1544405298.67 33.8
1544405308.69 34.3
1544405318.71 34.3
1544405328.73 34.9
1544405338.75 33.2
1544405348.76 34.3
1544405358.78 34.3
1544405368.8 34.3
1544405378.81 34.3
1544405388.83 33.8
1544405398.85 34.3
1544405408.86 34.3
1544405418.88 33.8
1544405428.9 34.3
1544405438.91 33.8
1544405448.92 34.3
1544405458.94 33.2
1544405468.95 33.8
1544405478.96 34.3
1544405488.98 33.8
1544405499.0 33.2
1544405509.02 33.2
1544405519.03 34.3
1544405529.05 34.3
1544405539.07 34.3
1544405549.09 34.3
1544405559.11 33.2
1544405569.13 34.3
1544405579.15 33.8
1544405589.17 33.8
1544405599.19 33.2
1544405609.21 33.2
1544405619.23 34.3
1544405629.25 33.2
1544405639.27 33.2
1544405649.3 33.8
1544405659.32 33.2
1544405669.34 33.2
1544405679.35 34.3
1544405689.37 33.8
1544405699.39 34.3
1544405709.41 34.3
1544405719.43 34.3
1544405729.45 33.2
1544405739.46 34.3
1544405749.48 33.8
1544405759.49 34.3
1544405769.52 34.3
1544405779.54 34.3
1544405789.56 33.8
1544405799.58 33.8
1544405809.59 33.8
1544405819.62 33.2
1544405829.64 33.2
1544405839.66 33.8
1544405849.68 33.8
1544405859.69 34.3
1544405869.72 33.8
1544405879.73 33.8
1544405889.75 33.8
1544405899.77 34.9
1544405909.78 34.3
1544405919.8 34.3
1544405929.82 33.8
1544405939.84 34.3
1544405949.86 33.8
1544405959.88 34.3
1544405969.89 34.3
1544405979.92 33.2
1544405989.94 33.2
1544405999.96 33.8
1544406009.97 34.3
1544406019.99 33.8
1544406030.01 33.2
1544406040.03 33.2
1544406050.05 33.2
1544406060.07 33.2
1544406070.09 33.8
1544406080.11 32.7
1544406090.13 33.2
1544406100.15 33.2
1544406110.18 33.2
1544406120.19 33.8
1544406130.21 34.3
1544406140.23 33.2
1544406150.24 33.2
1544406160.26 34.3
1544406170.27 33.8
1544406180.29 34.3
1544406190.31 34.3
1544406200.33 34.3
1544406210.35 33.8
1544406220.36 33.8
1544406230.38 34.3
1544406240.4 33.2
1544406250.42 33.2
1544406260.44 33.8
1544406270.46 32.7
1544406280.48 33.8
1544406290.5 33.2
1544406300.52 32.7
1544406310.54 33.2
1544406320.56 33.8
1544406330.58 33.2
1544406340.6 33.2
1544406350.61 33.2
1544406360.65 33.2
1544406370.66 33.2
1544406380.68 33.2
1544406390.7 33.8
1544406400.72 33.2
1544406410.74 33.2
1544406420.76 33.2
1544406430.79 33.2
1544406440.81 33.2
1544406450.83 32.7
1544406460.85 33.2
1544406470.87 32.2
1544406480.89 33.2
1544406490.91 33.2
1544406500.93 33.8
1544406510.94 33.8
1544406520.96 33.8
1544406530.98 32.7
1544406541.0 33.2
1544406551.02 33.8
1544406561.03 33.2
1544406571.05 33.8
1544406581.07 33.2
1544406591.09 33.2
1544406601.11 33.2
1544406611.13 33.2
1544406621.15 32.7
1544406631.17 32.7
1544406641.19 32.7
1544406651.21 32.2
1544406661.23 32.7
1544406671.24 33.2
1544406681.26 33.2
1544406691.28 32.7
1544406701.3 32.7
1544406711.32 33.2
1544406721.34 33.2
1544406731.35 33.2
1544406741.37 33.2
1544406751.4 33.2
1544406761.41 33.2
1544406771.43 33.2
1544406781.45 33.8
1544406791.47 33.2
1544406801.49 33.2
1544406811.51 33.2
1544406821.53 33.2
1544406831.55 34.3
1544406841.57 34.3
1544406851.59 32.7
1544406861.61 33.2
1544406871.63 33.2
1544406881.65 33.2
1544406891.66 33.8
1544406901.68 32.7
1544406911.7 33.2
1544406921.72 33.8
1544406931.74 33.2
1544406941.76 33.8
1544406951.78 33.2
1544406961.8 33.2
1544406971.82 33.2
1544406981.84 33.2
1544406991.86 34.3
1544407001.88 32.7
1544407011.9 33.2
1544407021.92 33.2
1544407031.95 33.8
1544407041.97 33.2
1544407051.99 32.7
1544407062.01 33.2
1544407072.03 33.8
1544407082.04 33.8
1544407092.06 34.3
1544407102.08 34.3
1544407112.1 33.2
1544407122.12 33.2
1544407132.14 33.2
1544407142.16 33.8
1544407152.18 33.2
1544407162.2 34.3
1544407172.21 33.2
1544407182.23 33.2
1544407192.27 33.2
