1544100009.65 37.0
1544100019.67 36.5
1544100029.69 36.5
1544100039.71 36.5
1544100049.73 36.5
1544100059.75 36.5
1544100069.77 36.5
1544100079.79 36.5
1544100089.81 37.0
1544100099.83 36.5
1544100109.85 37.0
1544100119.86 37.0
1544100129.88 36.5
1544100139.9 36.5
1544100149.92 36.5
1544100159.94 36.5
1544100169.96 37.6
1544100179.97 37.0
1544100189.99 37.0
1544100200.01 36.5
1544100210.03 36.5
1544100220.05 37.6
1544100230.06 37.0
1544100240.08 37.6
1544100250.1 36.5
1544100260.12 37.0
1544100270.14 36.5
1544100280.16 36.5
1544100290.18 37.6
1544100300.2 37.0
1544100310.22 38.1
1544100320.24 36.5
1544100330.25 37.6
1544100340.27 37.0
1544100350.29 37.0
1544100360.32 36.5
1544100370.34 36.5
1544100380.35 38.1
1544100390.37 37.0
1544100400.39 37.6
1544100410.4 37.6
1544100420.42 36.5
1544100430.44 37.6
1544100440.45 37.6
1544100450.48 36.5
1544100460.5 37.6
1544100470.52 38.1
1544100480.54 36.5
1544100490.55 37.6
1544100500.56 37.6
1544100510.58 37.0
1544100520.6 38.1
1544100530.61 38.1
1544100540.63 37.6
1544100550.65 38.6
1544100560.67 38.1
1544100570.68 38.6
1544100580.7 38.6
1544100590.73 37.6
1544100600.75 37.6
1544100610.77 38.1
1544100620.78 38.6
1544100630.81 37.6
1544100640.82 37.6
1544100650.84 38.6
1544100660.86 37.6
1544100670.88 37.6
1544100680.9 38.6
1544100690.92 38.1
1544100700.93 38.6
1544100710.95 38.1
1544100720.98 38.6
1544100731.0 38.1
1544100741.02 38.1
1544100751.04 38.1
1544100761.06 38.1
1544100771.08 37.6
1544100781.1 38.6
1544100791.12 37.6
1544100801.14 38.1
1544100811.16 37.6
1544100821.18 37.6
1544100831.2 37.6
1544100841.22 38.1
1544100851.24 38.1
1544100861.26 38.6
1544100871.27 38.6
1544100881.29 38.6
1544100891.31 38.6
1544100901.33 38.6
1544100911.35 38.1
1544100921.37 38.6
1544100931.39 38.6
1544100941.41 38.6
1544100951.43 38.6
1544100961.45 39.7
1544100971.46 39.2
1544100981.48 39.2
1544100991.5 38.6
1544101001.52 38.6
1544101011.54 38.6
1544101021.56 39.7
1544101031.58 38.6
1544101041.6 38.6
1544101051.62 38.6
1544101061.64 38.6
1544101071.66 39.2
1544101081.68 39.2
1544101091.7 39.2
1544101101.72 38.6
1544101111.74 38.6
1544101121.75 39.2
1544101131.77 39.7
1544101141.79 39.2
1544101151.81 39.7
1544101161.83 39.7
1544101171.84 39.7
1544101181.86 39.7
1544101191.87 39.7
1544101201.88 39.7
