1544200007.68 49.4
1544200017.7 49.4
1544200027.71 48.3
1544200037.73 47.8
1544200047.76 48.3
1544200057.77 48.9
1544200067.79 49.4
1544200077.8 48.3
1544200087.82 48.3
1544200097.84 49.4
1544200107.86 48.3
1544200117.88 48.3
1544200127.9 48.3
1544200137.92 48.3
1544200147.95 47.8
1544200157.96 48.3
1544200167.98 48.3
1544200178.0 48.3
1544200188.02 48.3
1544200198.03 48.9
1544200208.05 47.8
1544200218.07 48.3
1544200228.08 48.3
1544200238.1 47.8
1544200248.12 48.3
1544200258.14 48.3
1544200268.15 47.8
1544200278.17 47.8
1544200288.18 48.3
1544200298.2 47.8
1544200308.23 47.2
1544200318.24 47.8
1544200328.26 48.3
1544200338.28 47.8
1544200348.3 48.3
1544200358.32 47.2
1544200368.34 48.3
1544200378.36 47.8
1544200388.38 48.3
1544200398.39 48.3
1544200408.4 47.8
1544200418.42 47.8
1544200428.44 48.3
1544200438.46 47.2
1544200448.47 48.3
1544200458.48 48.3
1544200468.5 47.8
1544200478.52 47.2
1544200488.54 48.3
1544200498.56 47.2
1544200508.58 47.8
1544200518.6 47.8
1544200528.62 48.3
1544200538.64 47.2
1544200548.65 48.3
1544200558.67 47.8
1544200568.69 48.3
1544200578.71 47.8
1544200588.73 47.2
1544200598.75 47.8
1544200608.77 47.2
1544200618.78 47.2
1544200628.8 47.8
1544200638.83 47.8
1544200648.85 47.8
1544200658.86 48.9
1544200668.89 47.8
1544200678.9 48.9
1544200688.92 48.3
1544200698.94 48.3
1544200708.96 48.3
1544200718.98 48.3
1544200728.99 49.4
1544200739.01 47.8
1544200749.03 48.3
1544200759.05 47.8
1544200769.07 48.9
1544200779.08 48.9
1544200789.09 48.3
1544200799.11 48.9
1544200809.13 48.3
1544200819.14 49.4
1544200829.15 49.4
1544200839.16 49.4
1544200849.18 49.4
1544200859.19 49.4
1544200869.2 48.3
1544200879.22 49.4
1544200889.24 48.3
1544200899.26 48.9
1544200909.28 48.3
1544200919.3 47.8
1544200929.32 49.4
1544200939.33 48.3
1544200949.35 48.3
1544200959.38 48.3
1544200969.39 49.4
1544200979.41 48.3
1544200989.43 49.4
1544200999.45 48.9
1544201009.47 48.9
1544201019.49 49.4
1544201029.5 48.3
1544201039.52 48.9
1544201049.55 48.3
1544201059.56 49.4
1544201069.58 49.4
1544201079.6 49.4
1544201089.62 48.3
1544201099.64 48.3
1544201109.66 49.4
1544201119.68 48.3
1544201129.7 48.9
1544201139.72 48.9
1544201149.73 48.3
1544201159.75 49.4
1544201169.77 49.4
1544201179.79 49.4
1544201189.8 49.4
1544201199.82 49.4
1544201209.84 49.4
1544201219.85 49.4
1544201229.87 48.9
1544201239.88 49.4
1544201249.9 49.4
1544201259.92 49.9
1544201269.94 49.9
1544201279.96 49.4
1544201289.97 49.9
1544201299.99 49.9
1544201310.01 49.9
1544201320.02 50.5
1544201330.04 49.9
1544201340.05 49.4
1544201350.07 49.9
1544201360.09 49.9
1544201370.1 50.5
1544201380.12 50.5
1544201390.14 50.5
1544201400.16 50.5
1544201410.18 49.4
1544201420.2 49.9
1544201430.22 49.4
1544201440.24 49.4
1544201450.27 49.4
1544201460.28 49.9
1544201470.3 49.9
1544201480.32 50.5
1544201490.35 49.4
1544201500.36 49.9
1544201510.38 49.9
1544201520.4 49.4
1544201530.43 49.9
1544201540.44 49.4
1544201550.46 49.9
1544201560.48 49.4
1544201570.49 50.5
1544201580.51 50.5
1544201590.53 50.5
1544201600.54 50.5
1544201610.56 51.0
1544201620.58 50.5
1544201630.59 50.5
1544201640.61 51.0
1544201650.62 51.0
1544201660.64 50.5
1544201670.66 49.9
1544201680.68 49.9
1544201690.7 50.5
1544201700.72 49.4
1544201710.74 50.5
1544201720.76 49.9
1544201730.78 50.5
1544201740.8 50.5
1544201750.83 49.4
1544201760.85 49.4
1544201770.87 49.9
1544201780.88 49.9
1544201790.9 49.4
1544201800.92 49.4
1544201810.94 50.5
1544201820.96 49.4
1544201830.97 49.4
1544201840.99 49.9
1544201851.01 49.4
1544201861.03 49.4
1544201871.06 49.4
1544201881.09 49.9
1544201891.12 49.4
1544201901.13 50.5
1544201911.15 50.5
1544201921.17 49.9
1544201931.19 50.5
1544201941.21 49.9
1544201951.23 49.4
1544201961.25 49.4
1544201971.27 49.4
1544201981.29 49.4
1544201991.32 49.4
1544202001.33 49.9
