1544700001.17 28.4
1544700011.19 27.9
1544700021.21 27.9
1544700031.23 27.9
1544700041.25 27.9
1544700051.27 27.3
1544700061.29 27.9
1544700071.31 27.9
1544700081.33 27.9
1544700091.35 27.3
1544700101.37 27.9
1544700111.39 27.9
1544700121.4 28.4
1544700131.42 28.4
1544700141.44 28.4
1544700151.46 27.9
1544700161.47 27.9
1544700171.48 28.4
1544700181.5 28.9
1544700191.51 28.4
1544700201.53 27.9
1544700211.54 28.9
1544700221.56 27.9
1544700231.57 27.9
1544700241.58 28.4
1544700251.6 28.4
1544700261.61 28.4
1544700271.63 28.4
1544700281.65 27.9
1544700291.67 28.9
1544700301.68 28.4
1544700311.7 28.4
1544700321.72 28.4
1544700331.74 27.9
1544700341.75 28.9
1544700351.77 28.4
1544700361.78 28.4
1544700371.8 28.9
1544700381.82 27.9
1544700391.83 28.9
1544700401.85 27.9
1544700411.86 29.5
1544700421.88 28.9
1544700431.9 28.9
1544700441.92 28.9
1544700451.93 28.9
1544700461.95 28.9
1544700471.97 28.4
1544700481.99 28.4
1544700492.01 28.9
1544700502.02 28.9
1544700512.04 28.9
1544700522.05 29.5
1544700532.06 28.9
1544700542.08 28.9
1544700552.1 28.4
1544700562.12 28.9
1544700572.14 28.9
1544700582.16 28.4
1544700592.18 28.9
1544700602.2 28.9
1544700612.21 28.9
1544700622.23 27.9
1544700632.25 27.9
1544700642.27 28.9
1544700652.29 27.9
1544700662.31 27.9
1544700672.33 28.4
1544700682.35 27.9
1544700692.37 28.4
1544700702.39 27.9
1544700712.41 27.9
1544700722.42 28.4
1544700732.44 27.9
1544700742.47 27.9
1544700752.49 27.9
1544700762.51 27.9
1544700772.52 28.4
1544700782.55 27.3
1544700792.57 27.9
1544700802.59 28.9
1544700812.61 27.3
1544700822.63 27.9
1544700832.65 28.4
1544700842.66 27.9
1544700852.68 27.9
1544700862.7 27.9
1544700872.72 27.9
1544700882.73 27.9
1544700892.75 27.9
1544700902.77 27.3
1544700912.79 27.9
1544700922.81 27.9
1544700932.83 27.9
1544700942.85 28.9
1544700952.86 27.9
1544700962.88 27.9
1544700972.9 27.9
1544700982.92 27.9
1544700992.94 27.9
1544701002.96 27.3
1544701012.97 28.4
1544701022.99 27.9
1544701033.01 27.9
1544701043.03 27.9
1544701053.05 27.9
1544701063.06 28.4
1544701073.08 28.4
1544701083.1 27.9
1544701093.12 27.9
1544701103.14 27.9
1544701113.16 27.9
1544701123.18 27.9
1544701133.2 27.9
1544701143.23 27.9
1544701153.24 27.9
1544701163.26 28.4
1544701173.28 28.4
1544701183.3 27.9
1544701193.32 27.9
1544701203.34 27.9
1544701213.36 27.9
1544701223.39 28.4
1544701233.41 27.9
1544701243.43 27.9
1544701253.45 27.3
1544701263.47 28.4
1544701273.49 27.9
1544701283.51 27.9
1544701293.53 28.4
1544701303.55 27.9
1544701313.56 28.4
1544701323.58 28.4
1544701333.6 27.9
1544701343.62 27.9
1544701353.64 28.4
1544701363.65 27.9
1544701373.67 27.9
1544701383.69 27.9
1544701393.71 27.3
1544701403.72 28.4
1544701413.74 27.3
1544701423.76 27.9
1544701433.78 27.9
1544701443.8 28.4
1544701453.82 27.9
1544701463.84 27.9
1544701473.86 27.9
1544701483.88 27.9
1544701493.9 27.9
1544701503.92 27.9
1544701513.94 27.9
1544701523.96 27.9
1544701533.97 28.4
1544701543.99 27.9
1544701554.01 27.9
1544701564.04 27.3
1544701574.05 28.9
1544701584.07 27.9
1544701594.09 27.9
1544701604.11 27.9
1544701614.14 27.3
1544701624.16 27.9
1544701634.18 28.4
1544701644.2 27.3
1544701654.22 27.9
1544701664.23 28.4
1544701674.25 27.9
1544701684.27 27.9
1544701694.29 28.4
1544701704.31 27.9
1544701714.33 27.9
1544701724.35 27.9
1544701734.37 27.9
1544701744.39 27.9
1544701754.41 27.9
1544701764.43 27.9
1544701774.45 27.3
1544701784.47 26.8
1544701794.49 27.9
1544701804.51 27.9
1544701814.53 27.9
1544701824.55 27.9
1544701834.57 27.3
1544701844.59 27.3
1544701854.61 27.9
1544701864.63 27.9
1544701874.65 27.9
1544701884.67 27.9
1544701894.69 27.3
1544701904.71 27.9
1544701914.73 27.9
1544701924.75 27.9
1544701934.77 27.9
1544701944.79 27.9
1544701954.81 27.3
1544701964.82 28.4
1544701974.84 27.9
1544701984.86 27.9
1544701994.89 27.9
1544702004.91 27.3
1544702014.93 27.9
1544702024.94 27.9
1544702034.96 27.9
1544702044.98 28.4
1544702055.0 27.9
1544702065.02 27.9
1544702075.04 27.9
1544702085.06 28.4
1544702095.08 27.9
1544702105.1 27.9
1544702115.12 27.9
1544702125.14 27.9
1544702135.16 27.3
1544702145.18 27.3
1544702155.2 27.3
1544702165.22 27.3
1544702175.24 27.9
1544702185.26 27.3
1544702195.28 27.9
1544702205.3 27.9
1544702215.32 27.3
1544702225.33 27.9
1544702235.36 27.3
1544702245.37 27.9
1544702255.39 27.9
1544702265.41 27.9
1544702275.43 27.9
1544702285.45 27.3
1544702295.47 27.9
1544702305.48 27.9
1544702315.5 27.9
1544702325.53 27.9
1544702335.55 27.9
1544702345.57 27.9
1544702355.59 27.9
1544702365.61 27.9
1544702375.63 27.9
1544702385.64 27.9
1544702395.66 27.9
1544702405.69 28.4
1544702415.7 28.4
1544702425.72 27.9
1544702435.75 28.4
1544702445.76 28.4
1544702455.78 28.9
1544702465.8 27.9
1544702475.82 27.9
1544702485.84 27.9
1544702495.86 27.9
1544702505.88 27.9
1544702515.9 27.9
1544702525.92 27.9
1544702535.94 27.9
1544702545.96 28.4
1544702555.98 28.4
1544702566.0 27.9
1544702576.02 27.9
1544702586.04 27.9
1544702596.06 28.9
1544702606.08 28.4
1544702616.1 27.9
1544702626.11 28.4
1544702636.13 27.9
1544702646.16 27.9
1544702656.18 27.9
1544702666.2 27.9
1544702676.22 27.9
1544702686.24 27.9
1544702696.26 27.9
1544702706.28 27.3
1544702716.3 27.9
1544702726.32 28.4
1544702736.35 27.9
1544702746.36 28.4
1544702756.38 27.9
1544702766.4 27.9
1544702776.42 27.9
1544702786.44 27.9
1544702796.46 28.4
1544702806.48 27.9
1544702816.5 27.9
1544702826.52 27.9
1544702836.54 27.9
1544702846.56 27.9
1544702856.57 28.4
1544702866.59 28.4
1544702876.61 27.9
1544702886.63 28.4
1544702896.65 27.9
1544702906.67 27.9
1544702916.68 28.4
1544702926.7 28.4
1544702936.72 27.9
1544702946.74 27.9
1544702956.76 27.9
1544702966.78 27.9
1544702976.8 27.9
1544702986.82 27.9
1544702996.84 27.9
1544703006.86 27.9
1544703016.88 28.9
1544703026.9 27.9
1544703036.92 27.9
1544703046.94 27.9
1544703056.96 28.4
1544703066.98 28.4
1544703077.0 28.4
1544703087.02 27.9
1544703097.03 28.4
1544703107.05 28.9
1544703117.07 27.9
1544703127.09 28.9
1544703137.11 28.4
1544703147.12 29.5
1544703157.14 28.9
1544703167.16 28.9
1544703177.18 28.9
1544703187.19 28.9
1544703197.21 28.4
1544703207.23 27.9
1544703217.25 28.9
1544703227.27 29.5
1544703237.29 28.9
1544703247.31 28.9
1544703257.32 28.9
1544703267.34 28.4
1544703277.36 28.4
1544703287.38 28.9
1544703297.4 28.9
1544703307.42 28.4
1544703317.44 28.9
1544703327.46 28.9
1544703337.48 28.4
1544703347.5 28.4
1544703357.52 27.9
1544703367.54 28.9
1544703377.56 28.9
1544703387.58 28.9
1544703397.6 28.9
1544703407.61 28.9
1544703417.63 28.9
1544703427.65 28.4
1544703437.67 28.9
1544703447.68 28.9
1544703457.7 30.0
1544703467.72 28.9
1544703477.74 28.9
1544703487.76 28.9
1544703497.78 28.9
1544703507.8 28.9
1544703517.82 28.4
1544703527.84 28.9
1544703537.86 27.9
1544703547.88 27.9
1544703557.9 27.9
1544703567.92 28.4
1544703577.94 27.9
1544703587.96 27.9
1544703597.98 28.4
1544703608.01 27.9
1544703618.02 27.9
1544703628.04 27.9
1544703638.06 28.9
1544703648.08 27.9
1544703658.1 27.9
1544703668.13 27.9
1544703678.15 27.9
1544703688.17 27.9
1544703698.19 28.9
1544703708.21 27.9
1544703718.22 28.9
1544703728.24 27.9
1544703738.26 27.9
1544703748.27 28.4
1544703758.29 27.9
1544703768.32 27.9
1544703778.34 27.9
1544703788.36 27.9
1544703798.38 27.9
1544703808.4 27.9
1544703818.42 28.4
1544703828.44 27.9
1544703838.46 27.9
1544703848.47 28.4
1544703858.49 27.9
1544703868.51 27.9
1544703878.52 28.9
1544703888.54 27.9
1544703898.57 28.4
1544703908.58 28.4
1544703918.6 28.4
1544703928.62 27.9
1544703938.65 27.9
1544703948.67 27.9
1544703958.69 27.9
1544703968.71 27.9
1544703978.73 27.3
1544703988.75 27.9
1544703998.77 27.9
1544704008.78 27.9
1544704018.8 27.9
1544704028.82 27.9
1544704038.84 27.9
1544704048.86 27.9
1544704058.88 28.4
1544704068.89 27.9
1544704078.91 27.9
1544704088.93 27.9
1544704098.95 27.3
1544704108.97 26.8
1544704118.99 27.3
1544704129.01 27.3
1544704139.03 27.3
1544704149.05 27.9
1544704159.07 27.9
1544704169.1 26.8
1544704179.12 27.9
1544704189.14 28.4
1544704199.16 27.9
1544704209.18 27.9
1544704219.2 27.3
1544704229.21 28.4
1544704239.23 27.3
1544704249.25 27.9
1544704259.27 27.9
1544704269.29 26.8
1544704279.31 28.4
1544704289.33 27.9
1544704299.35 27.9
1544704309.38 27.9
1544704319.4 27.9
1544704329.42 27.3
1544704339.44 27.9
1544704349.46 27.9
1544704359.48 27.9
1544704369.51 27.9
1544704379.53 28.4
1544704389.55 27.9
1544704399.57 27.9
1544704409.59 28.4
1544704419.61 27.9
1544704429.63 28.9
1544704439.65 28.9
1544704449.67 27.9
1544704459.69 28.9
1544704469.71 27.9
1544704479.73 27.9
1544704489.74 27.9
1544704499.76 28.4
1544704509.78 27.9
1544704519.8 27.9
1544704529.82 28.4
1544704539.84 28.4
1544704549.86 28.4
1544704559.88 28.9
1544704569.91 27.9
1544704579.93 27.9
1544704589.95 27.9
1544704599.97 28.9
1544704609.98 28.4
1544704620.0 28.4
1544704630.03 28.4
1544704640.05 28.4
1544704650.08 28.4
1544704660.1 27.9
1544704670.12 28.9
1544704680.14 28.4
1544704690.16 27.9
1544704700.18 28.9
1544704710.2 28.4
1544704720.22 28.9
1544704730.23 28.9
1544704740.26 28.4
1544704750.28 27.9
1544704760.29 30.0
1544704770.31 28.9
1544704780.33 28.9
1544704790.35 28.9
1544704800.37 28.4
1544704810.39 28.4
1544704820.41 28.9
1544704830.43 28.4
1544704840.45 27.9
1544704850.47 28.9
1544704860.49 28.9
1544704870.51 28.4
1544704880.53 28.4
1544704890.54 29.5
1544704900.57 28.9
1544704910.59 28.9
1544704920.61 28.4
1544704930.63 27.9
1544704940.65 28.4
1544704950.67 27.9
1544704960.69 28.9
1544704970.71 28.4
1544704980.73 28.9
1544704990.75 28.9
1544705000.77 28.4
1544705010.79 28.4
1544705020.82 28.9
1544705030.84 28.4
1544705040.86 28.9
1544705050.88 28.4
1544705060.9 28.9
1544705070.92 28.9
1544705080.94 27.9
1544705090.96 27.9
1544705100.98 28.4
1544705111.01 28.9
1544705121.03 28.4
1544705131.04 28.9
1544705141.06 28.9
1544705151.08 28.4
1544705161.1 28.4
1544705171.12 28.4
1544705181.14 28.9
1544705191.16 28.9
1544705201.18 28.4
1544705211.21 29.5
1544705221.23 28.9
1544705231.25 28.4
1544705241.26 29.5
1544705251.29 28.9
1544705261.31 28.9
1544705271.33 28.9
1544705281.35 29.5
1544705291.36 29.5
1544705301.38 28.9
1544705311.4 28.9
1544705321.42 28.4
1544705331.44 28.9
1544705341.45 28.9
1544705351.48 28.9
1544705361.51 28.4
1544705371.53 28.9
1544705381.54 28.9
1544705391.56 28.9
1544705401.58 28.4
1544705411.6 28.9
1544705421.62 28.9
1544705431.64 28.9
1544705441.66 28.9
1544705451.68 28.4
1544705461.7 28.9
1544705471.72 28.9
1544705481.75 28.4
1544705491.77 28.9
1544705501.79 28.4
1544705511.81 28.4
1544705521.83 28.9
1544705531.85 28.4
1544705541.87 28.4
1544705551.9 28.9
1544705561.91 28.9
1544705571.93 28.9
1544705581.95 28.9
1544705591.97 28.4
1544705601.99 28.9
1544705612.01 28.9
1544705622.03 28.9
1544705632.05 28.4
1544705642.08 28.4
1544705652.1 29.5
1544705662.12 28.4
1544705672.14 28.9
1544705682.16 28.9
1544705692.19 28.9
1544705702.21 30.6
1544705712.23 28.9
1544705722.25 30.0
1544705732.26 30.0
1544705742.28 30.0
1544705752.3 30.6
1544705762.32 30.0
1544705772.34 30.0
1544705782.36 30.6
1544705792.38 30.0
1544705802.4 30.0
1544705812.41 30.6
1544705822.42 30.6
1544705832.44 30.0
1544705842.46 30.0
1544705852.48 30.0
1544705862.5 30.6
1544705872.51 30.6
1544705882.53 30.0
1544705892.55 30.6
1544705902.57 30.0
1544705912.59 30.6
1544705922.61 30.0
1544705932.64 30.6
1544705942.66 30.6
1544705952.69 30.6
1544705962.71 30.0
1544705972.73 30.0
1544705982.74 31.1
1544705992.76 30.6
1544706002.79 30.6
1544706012.81 30.6
1544706022.82 31.1
1544706032.84 31.1
1544706042.86 30.6
1544706052.88 30.6
1544706062.9 30.0
1544706072.92 31.1
1544706082.93 31.1
1544706092.95 30.0
1544706102.97 30.6
1544706112.99 31.1
1544706123.02 30.6
1544706133.04 30.0
1544706143.06 30.0
1544706153.08 30.6
1544706163.1 30.6
1544706173.12 31.1
1544706183.14 31.1
1544706193.16 31.1
1544706203.18 31.1
1544706213.2 31.1
1544706223.22 31.1
1544706233.24 31.1
1544706243.26 31.1
1544706253.28 31.1
1544706263.3 30.6
1544706273.32 31.6
1544706283.34 31.1
1544706293.35 31.1
1544706303.37 31.1
1544706313.39 31.1
1544706323.41 31.1
1544706333.43 31.1
1544706343.45 31.1
1544706353.47 31.1
1544706363.49 31.1
1544706373.51 30.6
1544706383.53 31.1
1544706393.55 31.1
1544706403.57 31.1
1544706413.58 31.1
1544706423.6 31.1
1544706433.62 30.0
1544706443.65 30.6
1544706453.66 31.1
1544706463.68 31.1
1544706473.71 31.1
1544706483.73 31.1
1544706493.75 31.1
1544706503.77 31.1
1544706513.78 31.6
1544706523.81 31.1
1544706533.83 30.6
1544706543.84 31.1
1544706553.87 31.1
1544706563.89 31.1
1544706573.91 31.1
1544706583.93 31.1
1544706593.95 31.1
1544706603.97 32.2
1544706613.99 30.6
1544706624.0 32.2
1544706634.02 31.1
1544706644.05 31.6
1544706654.07 31.1
1544706664.09 31.1
1544706674.1 32.2
1544706684.12 31.6
1544706694.15 31.6
1544706704.17 31.1
1544706714.19 31.6
1544706724.2 32.2
1544706734.22 32.2
1544706744.24 31.6
1544706754.26 31.1
1544706764.28 31.1
1544706774.31 31.1
1544706784.33 31.6
1544706794.35 32.2
1544706804.37 31.6
1544706814.39 31.6
1544706824.41 31.6
1544706834.43 31.6
1544706844.45 32.2
1544706854.47 32.2
1544706864.49 32.2
1544706874.51 32.2
1544706884.53 32.2
1544706894.55 32.2
1544706904.57 32.2
1544706914.59 32.2
1544706924.61 32.2
1544706934.63 32.2
1544706944.65 32.7
1544706954.67 32.2
1544706964.69 32.7
1544706974.7 32.2
1544706984.73 32.2
1544706994.75 32.7
1544707004.77 32.7
1544707014.79 32.7
1544707024.81 33.2
1544707034.83 32.7
1544707044.85 33.2
1544707054.87 33.2
1544707064.89 33.2
1544707074.91 32.2
1544707084.93 32.7
1544707094.95 33.2
1544707104.97 32.7
1544707114.99 32.7
1544707125.01 33.2
1544707135.03 33.2
1544707145.04 34.3
1544707155.06 33.2
1544707165.08 33.2
1544707175.1 34.3
1544707185.11 34.3
1544707195.14 34.3
1544707205.16 34.3
1544707215.18 33.2
1544707225.19 34.3
1544707235.21 33.8
1544707245.22 34.3
1544707255.24 35.4
1544707265.25 34.9
1544707275.27 34.3
1544707285.28 35.4
1544707295.29 35.4
1544707305.31 34.9
1544707315.33 33.8
1544707325.35 35.4
1544707335.37 34.9
1544707345.39 35.4
1544707355.4 35.4
1544707365.42 35.4
1544707375.43 34.9
1544707385.45 35.9
1544707395.47 35.9
1544707405.49 35.4
1544707415.5 35.9
1544707425.53 35.4
1544707435.55 35.4
1544707445.57 35.4
1544707455.6 34.9
1544707465.62 35.4
1544707475.64 34.9
1544707485.66 35.4
1544707495.68 35.4
1544707505.7 35.4
1544707515.72 35.4
1544707525.73 36.5
1544707535.75 35.9
1544707545.76 36.5
1544707555.78 35.9
1544707565.79 36.5
1544707575.81 35.4
1544707585.84 35.9
1544707595.86 35.4
1544707605.88 35.4
1544707615.9 35.4
1544707625.92 36.5
1544707635.94 35.4
1544707645.96 36.5
1544707655.98 37.0
1544707666.0 37.0
1544707676.01 37.6
1544707686.03 37.0
1544707696.05 36.5
1544707706.06 37.6
1544707716.08 37.0
1544707726.09 37.6
1544707736.11 37.6
1544707746.13 37.6
1544707756.14 38.6
1544707766.17 37.6
1544707776.18 37.6
1544707786.2 37.6
1544707796.22 38.1
1544707806.25 37.6
1544707816.27 37.6
1544707826.29 38.6
1544707836.32 37.6
1544707846.34 37.6
1544707856.36 38.1
1544707866.38 38.6
1544707876.39 38.6
1544707886.41 38.6
1544707896.43 39.2
1544707906.44 38.6
1544707916.46 38.6
1544707926.47 39.7
1544707936.49 38.6
1544707946.51 39.2
1544707956.53 38.1
1544707966.54 38.6
1544707976.57 38.6
1544707986.59 38.6
1544707996.6 38.6
1544708006.62 38.6
1544708016.64 37.6
1544708026.67 38.1
1544708036.68 39.2
1544708046.7 39.7
1544708056.72 38.1
1544708066.74 38.1
1544708076.76 38.6
1544708086.78 38.6
1544708096.8 38.6
1544708106.82 38.6
1544708116.84 39.2
1544708126.85 39.7
1544708136.87 39.2
1544708146.89 38.6
1544708156.91 39.2
1544708166.93 39.7
1544708176.95 39.2
1544708186.97 38.6
1544708196.98 39.7
1544708207.0 39.2
1544708217.02 38.6
1544708227.03 38.6
1544708237.05 39.2
1544708247.07 38.6
1544708257.09 38.6
1544708267.11 38.1
1544708277.13 38.1
1544708287.15 38.1
1544708297.18 38.1
1544708307.2 37.6
1544708317.22 37.6
1544708327.24 37.6
1544708337.25 38.6
1544708347.27 37.6
1544708357.3 38.1
1544708367.32 37.6
1544708377.34 37.6
1544708387.36 38.1
1544708397.38 38.6
1544708407.39 38.6
1544708417.41 37.6
1544708427.43 37.6
1544708437.45 38.1
1544708447.47 37.6
1544708457.48 38.6
1544708467.5 38.1
1544708477.52 37.6
1544708487.54 37.6
1544708497.55 38.6
1544708507.57 37.6
1544708517.59 37.6
1544708527.61 37.6
1544708537.63 37.6
1544708547.64 38.6
1544708557.66 37.6
1544708567.68 37.6
1544708577.69 38.1
1544708587.71 38.1
1544708597.73 37.6
1544708607.74 38.6
1544708617.76 37.6
1544708627.79 37.6
1544708637.81 37.6
1544708647.83 37.6
1544708657.85 37.6
1544708667.87 38.1
1544708677.89 37.6
1544708687.9 38.1
1544708697.92 37.6
1544708707.94 38.6
1544708717.96 37.6
1544708727.98 37.0
1544708738.0 38.1
1544708748.02 37.6
1544708758.04 37.6
1544708768.06 37.6
1544708778.08 37.6
1544708788.1 38.1
1544708798.11 38.1
1544708808.13 38.1
1544708818.14 38.6
1544708828.16 37.6
1544708838.18 37.6
1544708848.2 37.6
1544708858.22 37.6
1544708868.24 37.6
1544708878.26 37.0
1544708888.27 37.6
1544708898.29 37.0
1544708908.32 36.5
1544708918.33 37.6
1544708928.35 37.0
1544708938.37 38.1
1544708948.39 37.6
1544708958.41 36.5
1544708968.43 37.0
1544708978.45 36.5
1544708988.47 36.5
1544708998.49 36.5
1544709008.51 37.0
1544709018.53 37.0
1544709028.55 36.5
1544709038.57 36.5
1544709048.59 36.5
1544709058.62 36.5
1544709068.64 36.5
1544709078.66 36.5
1544709088.68 36.5
1544709098.7 36.5
1544709108.72 37.0
1544709118.74 35.9
1544709128.76 36.5
1544709138.78 35.4
1544709148.8 36.5
1544709158.82 35.4
1544709168.83 36.5
1544709178.85 35.4
1544709188.87 36.5
1544709198.89 35.4
1544709208.91 35.4
1544709218.93 36.5
1544709228.95 35.4
1544709238.98 35.4
1544709249.0 35.4
1544709259.02 35.4
1544709269.04 35.9
1544709279.06 35.9
1544709289.09 35.4
1544709299.12 35.9
1544709309.14 35.4
1544709319.16 35.4
1544709329.18 35.4
1544709339.2 36.5
1544709349.22 35.4
1544709359.24 35.9
1544709369.26 35.9
1544709379.28 35.4
1544709389.3 35.4
1544709399.32 35.4
1544709409.34 36.5
1544709419.36 35.4
1544709429.38 35.4
1544709439.4 34.9
1544709449.42 35.4
1544709459.44 35.4
1544709469.46 35.4
1544709479.48 35.4
1544709489.49 35.4
1544709499.51 35.4
1544709509.54 34.9
1544709519.56 34.9
1544709529.58 34.9
1544709539.59 35.4
1544709549.61 34.9
1544709559.64 34.3
1544709569.66 35.4
1544709579.67 35.4
1544709589.69 34.3
1544709599.71 35.9
