1544800007.78 54.8
1544800017.79 54.8
1544800027.8 54.8
1544800037.82 55.3
1544800047.84 53.7
1544800057.86 54.8
1544800067.87 54.8
1544800077.94 53.7
1544800087.96 53.7
1544800097.97 54.8
1544800107.99 55.3
1544800118.01 54.2
1544800128.02 54.2
1544800138.04 54.8
1544800148.06 54.8
1544800158.08 54.2
1544800168.1 55.3
1544800178.11 54.2
1544800188.13 53.7
1544800198.16 54.8
1544800208.17 54.2
1544800218.19 53.7
1544800228.21 54.8
1544800238.22 54.8
1544800248.24 54.8
1544800258.26 53.7
1544800268.28 54.2
1544800278.3 53.7
1544800288.32 53.7
1544800298.34 53.7
1544800308.36 53.7
1544800318.38 54.2
1544800328.39 53.7
1544800338.42 53.7
1544800348.44 53.7
1544800358.46 53.7
1544800368.48 53.7
1544800378.5 53.7
1544800388.52 53.7
1544800398.54 54.2
1544800408.55 54.2
1544800418.57 53.7
1544800428.59 54.2
1544800438.61 53.7
1544800448.63 54.2
1544800458.65 53.7
1544800468.67 53.7
1544800478.68 54.2
1544800488.71 53.7
1544800498.73 53.7
1544800508.75 53.7
1544800518.77 54.2
1544800528.79 53.7
1544800538.81 53.7
1544800548.83 53.7
1544800558.85 53.7
1544800568.87 53.7
1544800578.89 53.7
1544800588.91 54.8
1544800598.93 53.7
1544800608.95 53.7
1544800618.97 53.7
1544800628.99 53.7
1544800639.01 54.2
1544800649.03 54.2
1544800659.05 54.2
1544800669.06 54.2
1544800679.08 53.7
1544800689.11 54.2
1544800699.12 54.8
1544800709.14 54.8
1544800719.15 54.8
1544800729.17 54.2
1544800739.18 54.2
1544800749.2 54.2
1544800759.22 54.2
1544800769.24 54.8
1544800779.26 55.3
1544800789.27 54.8
1544800799.3 54.8
1544800809.32 54.8
1544800819.33 55.8
1544800829.35 54.8
1544800839.37 55.8
1544800849.39 55.3
1544800859.4 54.8
1544800869.42 55.3
1544800879.44 54.8
1544800889.46 54.8
1544800899.48 54.8
1544800909.51 55.8
1544800919.53 55.8
1544800929.54 55.8
1544800939.56 54.8
1544800949.58 54.8
1544800959.6 55.3
1544800969.62 55.8
1544800979.64 55.8
1544800989.65 55.8
1544800999.67 54.8
1544801009.7 55.8
1544801019.71 55.8
1544801029.73 55.8
1544801039.75 55.8
1544801049.77 56.4
1544801059.79 55.8
1544801069.8 55.8
1544801079.82 55.8
1544801089.84 55.8
1544801099.86 55.8
1544801109.88 55.3
1544801119.9 55.8
1544801129.92 56.4
1544801139.93 55.8
1544801149.95 56.4
1544801159.97 54.8
1544801169.99 55.3
1544801180.0 55.3
1544801190.02 55.3
1544801200.05 54.8
1544801210.07 54.8
1544801220.09 55.8
1544801230.1 55.3
1544801240.12 55.8
1544801250.14 54.8
1544801260.16 55.8
1544801270.17 55.8
1544801280.18 55.8
1544801290.2 55.3
1544801300.22 54.8
1544801310.23 55.8
1544801320.24 54.8
1544801330.26 54.2
1544801340.28 55.3
1544801350.31 54.2
1544801360.33 54.8
1544801370.35 54.8
1544801380.37 54.8
1544801390.39 54.8
1544801400.41 55.3
1544801410.42 55.3
1544801420.44 55.3
1544801430.46 54.8
1544801440.47 54.8
1544801450.5 54.8
1544801460.52 53.7
1544801470.54 54.2
1544801480.56 54.2
1544801490.58 53.7
1544801500.6 54.2
1544801510.62 54.2
1544801520.65 54.8
1544801530.66 54.8
1544801540.68 54.8
1544801550.7 55.3
1544801560.72 54.8
1544801570.74 53.7
1544801580.75 55.3
1544801590.77 54.8
1544801600.79 54.8
1544801610.81 54.2
1544801620.82 54.8
1544801630.85 54.2
1544801640.87 54.2
1544801650.89 54.8
1544801660.91 54.8
1544801670.93 54.2
1544801680.95 54.2
1544801690.97 54.2
1544801700.99 54.2
1544801711.01 54.8
1544801721.02 54.2
1544801731.04 54.2
1544801741.06 54.8
1544801751.08 54.8
1544801761.1 54.8
1544801771.12 54.2
1544801781.14 54.8
1544801791.16 54.8
1544801801.18 54.2
1544801811.2 53.7
1544801821.23 54.8
1544801831.25 53.7
1544801841.26 53.7
1544801851.28 53.7
1544801861.3 54.2
1544801871.32 54.8
1544801881.34 53.7
1544801891.36 54.2
1544801901.38 53.7
1544801911.4 54.8
1544801921.41 53.7
1544801931.44 53.7
1544801941.46 53.7
1544801951.48 53.7
1544801961.5 53.7
1544801971.52 53.7
1544801981.54 53.7
1544801991.56 53.2
1544802001.58 53.7
1544802011.6 53.7
1544802021.62 53.2
1544802031.64 53.2
1544802041.66 53.7
1544802051.68 52.6
1544802061.7 53.7
1544802071.72 53.7
1544802081.74 54.2
1544802091.76 53.7
1544802101.78 53.2
1544802111.79 53.7
1544802121.81 53.2
1544802131.82 53.7
1544802141.84 53.7
1544802151.86 53.7
1544802161.87 53.7
1544802171.88 53.7
1544802181.9 54.2
1544802191.92 53.2
1544802201.94 53.7
1544802211.96 53.7
1544802221.97 53.7
1544802231.99 53.7
1544802242.02 53.2
1544802252.05 53.7
1544802262.07 53.7
1544802272.09 53.2
1544802282.11 53.2
1544802292.12 53.2
1544802302.14 53.2
1544802312.16 53.7
1544802322.18 53.2
1544802332.2 53.7
1544802342.22 54.2
1544802352.23 53.7
1544802362.25 53.7
1544802372.28 53.7
1544802382.29 53.7
1544802392.31 54.2
1544802402.33 53.7
1544802412.35 53.7
1544802422.37 53.7
1544802432.39 53.2
1544802442.43 53.7
1544802452.44 53.7
1544802462.46 54.8
1544802472.48 54.2
1544802482.5 53.2
1544802492.51 53.7
1544802502.54 53.7
1544802512.55 53.7
1544802522.57 53.2
1544802532.59 53.7
1544802542.61 53.7
1544802552.63 52.6
1544802562.64 53.7
1544802572.66 53.7
1544802582.68 53.7
1544802592.71 53.7
1544802602.74 53.7
1544802612.76 53.7
1544802622.77 53.7
1544802632.79 53.7
1544802642.81 53.7
1544802652.83 52.6
1544802662.85 53.2
1544802672.87 53.7
1544802682.89 52.6
1544802692.91 52.6
1544802702.94 52.1
1544802712.96 53.2
1544802722.97 52.6
1544802733.0 52.1
1544802743.02 52.1
1544802753.03 52.6
1544802763.05 51.5
1544802773.07 52.1
1544802783.08 52.6
1544802793.1 52.6
1544802803.11 52.1
1544802813.13 52.6
1544802823.15 52.1
1544802833.17 52.6
1544802843.19 53.2
1544802853.21 52.1
1544802863.23 52.1
1544802873.25 52.1
1544802883.27 52.6
1544802893.29 52.1
1544802903.31 52.1
1544802913.33 52.1
1544802923.34 52.6
1544802933.36 52.1
1544802943.38 52.6
1544802953.4 52.1
1544802963.42 52.1
1544802973.44 52.1
1544802983.46 52.6
1544802993.48 52.6
1544803003.49 52.6
1544803013.5 53.2
1544803023.52 52.1
1544803033.54 52.1
1544803043.56 52.1
1544803053.58 52.6
1544803063.6 53.2
1544803073.62 52.6
1544803083.63 52.6
1544803093.65 52.1
1544803103.66 52.1
1544803113.68 52.6
1544803123.7 52.1
1544803133.72 51.5
1544803143.74 52.1
1544803153.77 52.1
1544803163.79 52.6
1544803173.81 52.1
1544803183.83 52.1
1544803193.85 52.1
