1544600001.89 33.2
1544600011.91 33.2
1544600021.94 33.2
1544600031.96 33.2
1544600041.98 33.2
1544600052.0 33.8
1544600062.01 33.2
1544600072.03 33.8
1544600082.05 33.2
1544600092.07 33.2
1544600102.09 33.2
1544600112.11 33.2
1544600122.13 33.2
1544600132.15 33.2
1544600142.17 33.8
1544600152.19 33.2
1544600162.22 33.2
1544600172.23 33.8
1544600182.25 33.8
1544600192.27 33.2
1544600202.3 33.2
1544600212.32 33.2
1544600222.34 33.2
1544600232.36 33.2
1544600242.38 33.8
1544600252.4 33.2
1544600262.42 33.8
1544600272.44 33.2
1544600282.47 33.8
1544600292.49 33.2
1544600302.51 33.2
1544600312.52 33.8
1544600322.54 33.2
1544600332.56 33.2
1544600342.58 33.2
1544600352.61 34.3
1544600362.63 33.2
1544600372.65 33.2
1544600382.68 33.2
1544600392.7 33.8
1544600402.72 32.7
1544600412.74 33.8
1544600422.76 33.8
1544600432.78 33.2
1544600442.8 34.3
1544600452.82 33.2
1544600462.84 34.3
1544600472.86 33.8
1544600482.88 33.2
1544600492.9 33.2
1544600502.92 33.2
1544600512.94 33.2
1544600522.97 33.2
1544600532.98 33.8
1544600543.0 33.2
1544600553.02 33.2
1544600563.05 33.2
1544600573.07 33.8
1544600583.09 33.2
1544600593.11 33.2
1544600603.13 33.2
1544600613.15 33.2
1544600623.18 33.2
1544600633.19 33.2
1544600643.21 33.2
1544600653.23 33.2
1544600663.25 33.2
1544600673.27 33.2
1544600683.29 33.8
1544600693.31 33.2
1544600703.33 33.2
1544600713.35 33.2
1544600723.37 33.2
1544600733.39 33.2
1544600743.4 33.2
1544600753.42 33.2
1544600763.45 33.2
1544600773.47 33.2
1544600783.49 34.3
1544600793.5 33.2
1544600803.52 33.8
1544600813.54 33.2
1544600823.56 33.2
1544600833.58 32.7
1544600843.61 33.2
1544600853.62 33.2
1544600863.64 33.2
1544600873.66 33.2
1544600883.69 33.2
1544600893.7 33.8
1544600903.72 34.3
1544600913.74 33.2
1544600923.77 33.2
1544600933.79 32.7
1544600943.81 33.2
1544600953.83 33.2
1544600963.85 33.8
1544600973.87 33.2
1544600983.89 33.2
1544600993.92 33.2
1544601003.93 33.2
1544601013.95 33.8
1544601023.97 33.2
1544601034.0 33.2
1544601044.02 33.2
1544601054.05 33.2
1544601064.07 33.8
1544601074.09 33.2
1544601084.21 33.8
1544601094.23 33.8
1544601104.25 33.2
1544601114.27 34.3
1544601124.29 33.2
1544601134.31 33.2
1544601144.33 33.2
1544601154.35 33.2
1544601164.37 33.8
1544601174.38 33.8
1544601184.41 33.2
1544601194.43 34.3
1544601204.45 33.2
1544601214.47 33.2
1544601224.49 33.8
1544601234.51 33.8
1544601244.53 33.2
1544601254.56 33.2
1544601264.58 33.2
1544601274.6 33.2
1544601284.62 33.2
1544601294.64 33.8
1544601304.66 32.7
1544601314.68 33.2
1544601324.7 33.2
1544601334.72 33.8
1544601344.75 33.2
1544601354.77 33.2
1544601364.79 33.8
1544601374.81 33.2
1544601384.82 33.2
1544601394.84 33.2
1544601404.86 33.8
1544601414.89 33.2
1544601424.91 33.2
1544601434.92 32.7
1544601444.94 33.2
1544601454.96 33.2
1544601464.99 33.2
1544601475.01 33.2
1544601485.03 33.2
1544601495.05 33.2
1544601505.07 33.2
1544601515.1 33.2
1544601525.12 33.2
1544601535.14 32.7
1544601545.16 33.2
1544601555.18 34.3
1544601565.2 33.8
1544601575.21 33.8
1544601585.23 33.8
1544601595.25 33.2
