1544300009.12 40.8
1544300019.14 40.8
1544300029.15 40.2
1544300039.17 40.2
1544300049.18 39.7
1544300059.21 39.7
1544300069.23 40.8
1544300079.25 39.7
1544300089.26 40.8
1544300099.28 39.7
1544300109.3 39.7
1544300119.32 40.2
1544300129.33 40.8
1544300139.36 40.2
1544300149.38 40.2
1544300159.4 39.7
1544300169.42 39.2
1544300179.44 39.7
1544300189.46 39.7
1544300199.48 39.7
1544300209.5 39.7
1544300219.52 39.2
1544300229.54 39.2
1544300239.56 39.2
1544300249.58 39.2
1544300259.6 38.6
1544300269.62 39.2
1544300279.64 38.1
1544300289.65 37.6
1544300299.67 38.6
1544300309.69 38.6
1544300319.71 37.6
1544300329.73 38.1
1544300339.75 38.1
1544300349.77 38.6
1544300359.8 37.6
1544300369.81 38.1
1544300379.83 37.6
1544300389.85 38.6
1544300399.86 38.1
1544300409.89 37.6
1544300419.9 37.6
1544300429.92 37.0
1544300440.04 37.0
1544300450.06 37.6
1544300460.08 37.6
1544300470.09 37.6
1544300480.11 37.0
1544300490.13 37.6
1544300500.15 37.6
1544300510.17 37.6
1544300520.18 37.0
1544300530.21 36.5
1544300540.22 38.1
1544300550.25 37.0
1544300560.26 37.0
1544300570.28 37.0
1544300580.3 37.6
1544300590.32 37.6
1544300600.34 37.6
1544300610.36 36.5
1544300620.37 37.0
1544300630.4 36.5
1544300640.41 37.0
1544300650.42 36.5
1544300660.43 37.0
1544300670.45 36.5
1544300680.47 36.5
1544300690.49 36.5
1544300700.51 36.5
1544300710.53 36.5
1544300720.55 36.5
1544300730.57 36.5
1544300740.58 36.5
1544300750.6 36.5
1544300760.62 36.5
1544300770.64 36.5
1544300780.65 36.5
1544300790.67 37.0
1544300800.69 36.5
1544300810.71 35.9
1544300820.73 35.4
1544300830.75 35.9
1544300840.78 35.9
1544300850.82 36.5
1544300860.83 35.9
1544300870.85 35.4
1544300880.88 35.9
1544300890.9 35.9
1544300900.92 35.4
1544300910.94 35.4
1544300920.96 35.9
1544300930.98 35.9
1544300941.0 36.5
1544300951.02 35.4
1544300961.04 35.9
1544300971.06 35.9
1544300981.09 34.9
1544300991.1 35.4
1544301001.12 35.4
1544301011.14 35.9
1544301021.16 35.4
1544301031.19 35.4
1544301041.21 35.9
1544301051.22 35.9
1544301061.24 35.4
1544301071.26 36.5
1544301081.28 35.9
1544301091.3 35.4
1544301101.32 35.4
1544301111.34 35.4
1544301121.37 34.9
1544301131.38 35.9
1544301141.4 34.9
1544301151.42 34.9
1544301161.45 34.9
1544301171.47 34.3
1544301181.49 34.9
1544301191.51 34.9
1544301201.53 34.3
1544301211.55 34.3
1544301221.56 34.9
1544301231.58 34.9
1544301241.6 34.9
1544301251.61 35.4
1544301261.63 34.9
1544301271.64 35.4
1544301281.66 34.3
1544301291.68 34.3
1544301301.7 34.3
1544301311.71 34.3
1544301321.73 34.3
1544301331.75 33.8
1544301341.78 34.3
1544301351.8 34.3
1544301361.82 33.8
1544301371.84 34.3
1544301381.85 33.8
1544301391.87 34.3
1544301401.9 34.3
1544301411.91 34.3
1544301421.93 34.3
1544301431.95 33.8
1544301441.97 34.9
1544301451.99 34.3
1544301462.01 34.3
1544301472.03 34.9
1544301482.05 34.3
1544301492.07 34.3
1544301502.09 34.3
1544301512.11 34.3
1544301522.13 34.3
1544301532.15 33.8
1544301542.17 34.3
1544301552.19 34.3
1544301562.2 34.9
1544301572.22 34.3
1544301582.24 34.3
1544301592.26 34.3
1544301602.28 34.9
1544301612.3 33.8
1544301622.31 34.3
1544301632.33 34.9
1544301642.35 33.8
1544301652.37 34.3
1544301662.39 33.8
1544301672.41 34.3
1544301682.43 33.8
1544301692.45 34.3
1544301702.47 33.8
1544301712.5 34.3
1544301722.52 34.3
1544301732.53 34.3
1544301742.55 34.3
1544301752.57 34.3
1544301762.59 33.8
1544301772.61 33.8
1544301782.63 34.3
1544301792.65 33.8
1544301802.67 33.8
1544301812.69 34.3
1544301822.71 34.3
1544301832.73 33.8
1544301842.74 34.9
1544301852.76 34.3
1544301862.79 34.3
1544301872.8 34.3
1544301882.82 34.3
1544301892.83 34.3
1544301902.85 34.3
1544301912.87 34.3
1544301922.89 34.3
1544301932.92 33.8
1544301942.94 34.3
1544301952.95 34.3
1544301962.98 33.8
1544301972.99 34.9
1544301983.01 34.9
1544301993.03 34.9
1544302003.04 35.4
1544302013.06 35.4
1544302023.08 34.9
1544302033.1 34.3
1544302043.11 34.9
1544302053.14 34.3
1544302063.16 34.3
1544302073.18 34.3
1544302083.19 34.9
1544302093.22 34.9
1544302103.23 34.9
1544302113.25 34.9
1544302123.28 34.9
1544302133.3 34.9
1544302143.31 34.9
1544302153.33 34.9
1544302163.35 35.4
1544302173.37 34.9
1544302183.39 34.9
1544302193.4 34.9
1544302203.42 35.4
1544302213.44 34.9
1544302223.46 35.4
1544302233.48 35.4
1544302243.49 34.3
1544302253.51 34.9
1544302263.53 35.4
1544302273.55 35.4
1544302283.57 35.4
1544302293.59 35.9
1544302303.61 34.9
1544302313.63 34.9
1544302323.64 35.4
1544302333.66 34.9
1544302343.68 34.3
1544302353.7 35.4
1544302363.73 34.9
1544302373.74 34.9
1544302383.76 35.9
1544302393.78 35.4
1544302403.79 34.3
1544302413.81 35.4
1544302423.83 35.4
1544302433.85 34.9
1544302443.87 35.4
1544302453.89 34.9
1544302463.91 35.4
1544302473.93 35.4
1544302483.94 35.4
1544302493.95 35.4
1544302503.97 35.9
1544302514.0 35.4
1544302524.01 35.4
1544302534.04 34.9
1544302544.05 35.4
1544302554.07 35.4
1544302564.09 34.9
1544302574.11 34.9
1544302584.13 34.9
1544302594.15 35.4
1544302604.17 35.4
1544302614.18 35.4
1544302624.2 35.9
1544302634.22 35.4
1544302644.24 35.4
1544302654.26 35.9
1544302664.28 35.4
1544302674.3 35.4
1544302684.32 34.9
1544302694.34 35.4
1544302704.36 35.9
1544302714.38 35.4
1544302724.4 35.4
1544302734.42 34.9
1544302744.44 35.9
1544302754.46 35.4
1544302764.48 35.4
1544302774.5 35.4
1544302784.52 35.4
1544302794.53 35.9
1544302804.55 36.5
1544302814.57 35.9
1544302824.59 35.9
1544302834.6 35.4
1544302844.62 34.9
1544302854.64 34.9
1544302864.65 35.4
1544302874.67 34.9
1544302884.69 35.4
1544302894.71 35.4
1544302904.73 36.5
1544302914.74 35.4
1544302924.76 34.9
1544302934.78 35.4
1544302944.8 35.4
1544302954.81 35.4
1544302964.83 35.4
1544302974.85 34.9
1544302984.92 35.4
1544302994.94 35.4
1544303004.95 35.4
1544303014.97 35.4
1544303024.99 34.9
1544303035.01 34.9
1544303045.03 35.4
1544303055.05 35.4
1544303065.07 35.4
1544303075.09 35.4
1544303085.12 34.9
1544303095.14 35.4
1544303105.15 35.4
1544303115.17 35.4
1544303125.19 34.3
1544303135.22 34.3
1544303145.24 34.3
1544303155.26 34.3
1544303165.27 35.4
1544303175.29 34.9
1544303185.32 34.9
1544303195.35 33.8
1544303205.37 34.9
1544303215.39 34.3
1544303225.4 34.3
1544303235.42 34.9
1544303245.44 34.3
1544303255.46 34.3
1544303265.47 34.9
1544303275.49 34.3
1544303285.51 34.3
1544303295.54 34.3
1544303305.56 34.3
1544303315.58 34.3
1544303325.6 34.3
1544303335.61 34.9
1544303345.63 33.8
1544303355.65 34.3
1544303365.67 34.3
1544303375.69 34.3
1544303385.71 34.3
1544303395.72 35.4
1544303405.73 34.9
1544303415.76 34.9
1544303425.77 35.4
1544303435.79 35.4
1544303445.81 34.3
1544303455.83 34.9
1544303465.85 34.3
1544303475.86 33.8
1544303485.88 34.9
1544303495.9 34.9
1544303505.92 34.3
1544303515.93 34.9
1544303525.95 34.9
1544303535.97 35.4
1544303545.98 34.9
1544303556.0 34.9
1544303566.01 35.4
1544303576.03 34.9
1544303586.06 34.3
1544303596.08 34.3
1544303606.1 34.3
1544303616.12 35.4
1544303626.13 34.3
1544303636.15 34.3
1544303646.17 34.3
1544303656.19 34.3
1544303666.21 34.3
1544303676.22 34.3
1544303686.24 33.8
1544303696.27 34.3
1544303706.28 34.3
1544303716.3 34.3
1544303726.32 34.3
1544303736.34 34.3
1544303746.35 33.2
1544303756.37 33.8
1544303766.39 34.9
1544303776.4 34.3
1544303786.41 34.3
1544303796.43 33.8
1544303806.45 34.3
1544303816.47 33.2
1544303826.5 33.8
1544303836.52 33.2
1544303846.53 34.3
1544303856.56 34.3
1544303866.58 34.3
1544303876.59 33.8
1544303886.61 33.8
1544303896.63 34.3
1544303906.65 33.8
1544303916.67 33.2
1544303926.69 33.8
1544303936.71 34.3
1544303946.73 33.8
1544303956.75 33.2
1544303966.77 34.3
1544303976.79 33.2
1544303986.81 33.2
1544303996.83 34.3
1544304006.84 34.3
1544304016.86 33.8
1544304026.88 32.7
1544304036.9 33.8
1544304046.91 33.8
1544304056.92 33.2
1544304066.95 33.2
1544304076.97 33.2
1544304086.99 33.2
1544304097.02 33.2
1544304107.04 33.2
1544304117.06 32.7
1544304127.08 32.2
1544304137.1 33.2
1544304147.11 33.2
1544304157.13 33.2
1544304167.14 33.8
1544304177.16 32.7
1544304187.17 33.2
1544304197.19 33.8
1544304207.21 33.2
1544304217.23 33.2
1544304227.25 33.2
1544304237.27 33.2
1544304247.28 32.2
1544304257.3 32.2
1544304267.32 32.2
1544304277.34 33.2
1544304287.36 33.8
1544304297.38 32.7
1544304307.41 32.2
1544304317.42 32.7
1544304327.44 32.7
1544304337.46 33.2
1544304347.48 33.2
1544304357.5 32.7
1544304367.52 32.2
1544304377.54 32.7
1544304387.56 32.7
1544304397.58 32.7
1544304407.6 33.2
1544304417.62 32.7
1544304427.63 33.2
1544304437.65 33.2
1544304447.67 32.7
1544304457.68 32.7
1544304467.7 32.2
1544304477.72 33.2
1544304487.74 32.2
1544304497.76 33.2
1544304507.78 33.2
1544304517.8 32.7
1544304527.82 33.2
1544304537.83 33.2
1544304547.85 33.2
1544304557.87 32.7
1544304567.89 33.2
1544304577.9 33.8
1544304587.92 32.7
1544304597.94 33.2
1544304607.96 33.2
1544304617.98 33.2
1544304627.99 32.7
1544304638.01 34.3
1544304648.03 33.2
1544304658.04 33.8
1544304668.06 33.2
1544304678.08 33.2
1544304688.11 33.2
1544304698.12 33.2
1544304708.14 33.2
1544304718.16 33.2
1544304728.18 32.2
1544304738.2 33.2
1544304748.22 33.2
1544304758.24 33.8
1544304768.26 33.8
1544304778.28 33.2
1544304788.3 33.2
1544304798.32 32.7
1544304808.34 33.2
1544304818.36 33.2
1544304828.38 32.7
1544304838.4 32.7
1544304848.42 32.7
1544304858.44 32.2
1544304868.47 33.2
1544304878.48 33.2
1544304888.5 32.7
1544304898.53 32.2
1544304908.54 32.2
1544304918.56 32.7
1544304928.58 32.2
1544304938.6 32.2
1544304948.62 32.2
1544304958.65 32.2
1544304968.68 32.2
1544304978.69 32.2
1544304988.7 32.2
1544304998.73 32.2
1544305008.74 32.7
1544305018.75 32.2
1544305028.77 32.2
1544305038.79 32.2
1544305048.81 32.2
1544305058.83 32.2
1544305068.86 31.6
1544305078.88 32.2
1544305088.9 31.6
1544305098.92 31.1
1544305108.94 32.2
1544305118.96 32.2
1544305128.98 32.2
1544305139.0 32.2
1544305149.02 32.2
1544305159.04 32.2
1544305169.06 32.2
1544305179.08 32.2
1544305189.09 32.2
1544305199.11 32.2
1544305209.13 32.2
1544305219.15 32.2
1544305229.17 32.7
1544305239.19 32.2
1544305249.21 31.1
1544305259.23 32.2
1544305269.25 32.2
1544305279.27 31.6
1544305289.29 32.2
1544305299.31 32.2
1544305309.33 32.2
1544305319.35 32.2
1544305329.36 32.7
1544305339.38 32.2
1544305349.4 32.2
1544305359.41 32.2
1544305369.44 31.6
1544305379.46 32.2
1544305389.47 32.2
1544305399.5 31.6
1544305409.51 32.2
1544305419.53 31.1
1544305429.55 31.6
1544305439.58 32.2
1544305449.59 31.6
1544305459.61 32.2
1544305469.68 32.2
1544305479.69 31.6
1544305489.71 32.2
1544305499.72 31.1
1544305509.74 32.2
1544305519.76 31.1
1544305529.77 31.1
1544305539.79 31.6
1544305549.81 31.1
1544305559.83 31.6
1544305569.85 32.2
1544305579.87 31.6
1544305589.89 32.2
1544305599.91 32.2
1544305609.93 32.7
1544305619.95 31.6
1544305629.96 31.1
1544305639.98 31.1
1544305650.0 31.1
1544305660.03 31.1
1544305670.05 31.6
1544305680.06 32.2
1544305690.08 31.1
1544305700.1 31.6
1544305710.13 31.1
1544305720.15 31.1
1544305730.16 31.6
1544305740.18 30.6
1544305750.2 31.1
1544305760.23 31.1
1544305770.25 31.1
1544305780.27 30.6
1544305790.29 31.1
1544305800.31 30.6
1544305810.33 31.1
1544305820.35 30.6
1544305830.37 31.1
1544305840.4 31.1
1544305850.42 31.1
1544305860.44 31.1
1544305870.46 30.6
1544305880.48 31.1
1544305890.5 31.1
1544305900.52 31.6
1544305910.54 31.1
1544305920.56 31.1
1544305930.58 32.2
1544305940.59 31.6
1544305950.61 31.1
1544305960.63 31.6
1544305970.65 31.1
1544305980.67 31.1
1544305990.69 31.6
1544306000.71 31.1
1544306010.73 31.1
1544306020.75 31.1
1544306030.77 31.1
1544306040.79 31.1
1544306050.81 31.1
1544306060.83 31.1
1544306070.85 31.1
1544306080.86 31.1
1544306090.88 30.6
1544306100.9 30.6
1544306110.92 31.1
1544306120.94 31.1
1544306130.97 30.6
1544306140.99 31.1
1544306151.0 31.1
1544306161.02 31.1
1544306171.04 31.1
1544306181.05 30.6
1544306191.07 31.1
1544306201.1 30.6
1544306211.12 30.6
1544306221.14 31.1
1544306231.16 30.6
1544306241.18 31.1
1544306251.2 30.6
1544306261.22 30.6
1544306271.24 31.1
1544306281.26 31.1
1544306291.28 31.1
1544306301.31 31.1
1544306311.33 31.1
1544306321.35 31.1
1544306331.37 30.6
1544306341.39 30.6
1544306351.4 31.1
1544306361.42 31.1
1544306371.44 31.1
1544306381.46 30.6
1544306391.48 31.6
1544306401.5 30.6
