1545600005.7 39.7
1545600015.72 40.8
1545600025.74 39.7
1545600035.76 39.7
1545600045.78 38.6
1545600055.8 39.2
1545600065.82 39.7
1545600075.83 39.7
1545600085.85 39.7
1545600095.88 39.7
1545600105.89 40.8
1545600115.91 40.2
1545600125.93 40.8
1545600135.95 39.7
1545600145.96 40.2
1545600155.98 40.2
1545600165.99 39.7
1545600176.02 39.7
1545600186.03 39.7
1545600196.05 39.7
1545600206.07 39.7
1545600216.08 39.7
1545600226.1 39.7
1545600236.13 39.7
1545600246.14 39.7
1545600256.16 39.7
1545600266.17 39.7
1545600276.19 39.7
1545600286.21 39.7
1545600296.22 39.2
1545600306.25 39.2
1545600316.27 39.7
1545600326.29 39.2
1545600336.31 39.2
1545600346.33 39.7
1545600356.35 39.2
1545600366.36 39.2
1545600376.38 38.6
1545600386.39 39.7
1545600396.41 39.2
1545600406.43 38.6
1545600416.45 39.2
1545600426.49 39.2
1545600436.5 39.7
1545600446.52 39.2
1545600456.53 38.6
1545600466.55 38.6
1545600476.58 38.6
1545600486.6 39.2
1545600496.62 38.1
1545600506.64 38.6
1545600516.65 39.7
1545600526.67 39.2
1545600536.69 39.7
1545600546.7 39.2
1545600556.72 39.2
1545600566.74 39.7
1545600576.75 39.2
1545600586.77 38.6
1545600596.8 38.6
1545600606.82 39.2
1545600616.84 38.6
1545600626.86 39.2
1545600636.87 39.2
1545600646.9 38.1
1545600656.92 39.7
1545600666.94 39.2
1545600676.95 39.2
1545600686.98 38.6
1545600696.99 39.2
1545600707.01 39.2
1545600717.03 37.6
1545600727.04 39.2
1545600737.06 38.1
1545600747.09 38.1
1545600757.11 39.2
1545600767.13 39.2
1545600777.15 39.2
1545600787.16 39.2
1545600797.18 39.2
1545600807.19 39.2
1545600817.2 39.2
1545600827.22 38.6
1545600837.23 39.2
1545600847.25 38.6
1545600857.27 38.6
1545600867.29 38.6
1545600877.31 39.2
1545600887.32 39.2
1545600897.34 38.6
1545600907.36 38.6
1545600917.38 38.6
1545600927.39 39.2
1545600937.41 39.7
1545600947.42 39.2
1545600957.44 39.2
1545600967.46 38.6
1545600977.48 39.2
1545600987.5 39.7
1545600997.52 38.6
1545601007.54 39.2
1545601017.55 39.7
1545601027.57 39.7
1545601037.58 39.7
1545601047.6 39.7
1545601057.62 39.7
1545601067.63 39.7
1545601077.65 39.7
1545601087.66 40.2
1545601097.68 39.7
1545601107.69 39.7
1545601117.71 39.7
1545601127.73 39.7
1545601137.75 39.7
1545601147.76 40.2
1545601157.78 39.7
1545601167.8 39.7
1545601177.82 39.7
1545601187.84 39.7
1545601197.85 39.7
1545601207.87 40.2
1545601217.89 40.2
1545601227.91 39.7
1545601237.93 39.7
1545601247.94 39.7
1545601257.96 39.2
1545601267.98 39.2
1545601278.0 39.7
1545601288.01 39.7
1545601298.03 39.7
1545601308.05 39.7
1545601318.07 39.7
1545601328.09 39.2
1545601338.11 39.7
1545601348.12 39.7
1545601358.14 39.2
1545601368.16 39.7
1545601378.18 39.7
1545601388.2 39.7
1545601398.21 39.7
1545601408.24 39.2
1545601418.27 39.7
1545601428.29 40.2
1545601438.3 39.7
1545601448.32 39.7
1545601458.34 40.2
1545601468.35 39.7
1545601478.37 39.7
1545601488.39 39.7
1545601498.4 39.7
1545601508.43 39.7
1545601518.44 39.7
1545601528.46 39.7
1545601538.48 39.7
1545601548.49 39.7
1545601558.51 39.7
1545601568.53 40.2
1545601578.55 39.7
1545601588.57 39.7
1545601598.59 38.6
1545601608.61 38.6
1545601618.63 39.7
1545601628.65 38.6
1545601638.67 39.7
1545601648.68 39.7
1545601658.71 39.7
1545601668.72 39.2
1545601678.74 39.2
1545601688.76 39.7
1545601698.77 39.2
1545601708.8 38.6
1545601718.81 39.7
1545601728.83 38.6
1545601738.85 39.7
1545601748.87 39.2
1545601758.88 38.6
1545601768.9 38.6
1545601778.91 39.2
1545601788.93 38.6
1545601798.95 38.6
1545601808.97 39.2
1545601818.98 38.6
1545601829.0 39.2
1545601839.02 38.6
1545601849.04 39.2
1545601859.05 39.2
1545601869.07 39.2
1545601879.09 38.6
1545601889.11 39.2
1545601899.12 39.2
1545601909.14 39.2
1545601919.16 39.7
1545601929.17 39.7
1545601939.18 39.2
1545601949.2 39.7
1545601959.22 39.7
1545601969.24 39.7
1545601979.25 39.7
1545601989.27 39.7
1545601999.29 38.6
1545602009.3 39.2
1545602019.32 39.2
1545602029.33 38.6
1545602039.36 38.6
1545602049.38 39.2
1545602059.39 39.2
1545602069.41 38.6
1545602079.43 38.6
1545602089.45 39.2
1545602099.49 38.1
1545602109.51 38.6
1545602119.54 38.6
1545602129.56 38.6
1545602139.58 39.2
1545602149.59 39.2
1545602159.61 38.6
1545602169.63 39.2
1545602179.66 37.6
1545602189.68 38.1
1545602199.7 37.6
1545602209.72 37.6
1545602219.74 38.6
1545602229.76 38.6
1545602239.78 37.6
1545602249.8 38.6
1545602259.81 38.1
1545602269.83 38.1
1545602279.85 37.6
1545602289.86 37.0
1545602299.88 37.6
1545602309.9 37.6
1545602319.92 37.6
1545602329.95 37.6
1545602339.96 37.6
1545602349.98 38.1
1545602359.99 37.6
1545602370.01 38.6
1545602380.03 38.1
1545602390.05 37.6
1545602400.07 38.1
1545602410.09 38.6
1545602420.1 38.6
1545602430.13 37.6
1545602440.15 37.6
1545602450.16 38.1
1545602460.18 37.0
1545602470.2 37.6
1545602480.22 38.1
1545602490.24 37.6
1545602500.26 36.5
1545602510.28 37.6
1545602520.3 37.0
1545602530.32 37.0
1545602540.33 37.6
1545602550.35 36.5
1545602560.38 36.5
1545602570.4 37.6
1545602580.42 37.0
1545602590.44 37.0
1545602600.45 37.6
1545602610.47 37.6
1545602620.49 36.5
1545602630.51 37.6
1545602640.52 37.6
1545602650.54 36.5
1545602660.56 36.5
1545602670.58 37.0
1545602680.6 37.0
1545602690.62 37.6
1545602700.63 36.5
1545602710.65 37.0
1545602720.67 37.6
1545602730.7 37.0
1545602740.72 37.0
1545602750.74 36.5
1545602760.76 36.5
1545602770.78 36.5
1545602780.8 37.0
1545602790.81 37.0
1545602800.83 37.6
1545602810.85 36.5
1545602820.87 36.5
1545602830.89 36.5
1545602840.9 37.6
1545602850.93 37.0
1545602860.94 37.6
1545602870.95 36.5
1545602880.97 37.0
1545602890.99 36.5
1545602901.01 37.6
1545602911.03 37.6
1545602921.04 37.0
1545602931.06 36.5
1545602941.09 36.5
1545602951.11 36.5
1545602961.13 36.5
1545602971.14 37.6
1545602981.16 37.0
1545602991.17 37.6
1545603001.18 37.0
1545603011.2 37.0
1545603021.22 37.6
1545603031.24 37.0
1545603041.26 36.5
1545603051.28 36.5
1545603061.3 37.0
1545603071.31 37.6
1545603081.33 36.5
1545603091.35 36.5
1545603101.37 36.5
1545603111.38 36.5
1545603121.4 36.5
1545603131.43 35.9
1545603141.45 37.6
1545603151.47 37.6
1545603161.48 37.6
1545603171.5 37.6
1545603181.52 37.6
1545603191.53 37.6
1545603201.55 37.0
1545603211.57 36.5
1545603221.59 36.5
1545603231.61 37.6
1545603241.63 36.5
1545603251.65 37.0
1545603261.67 36.5
1545603271.69 37.6
1545603281.71 36.5
1545603291.73 37.6
1545603301.75 36.5
1545603311.78 37.6
1545603321.79 37.0
1545603331.8 36.5
1545603341.82 37.6
1545603351.83 38.1
1545603361.85 37.6
1545603371.87 37.0
1545603381.89 37.0
1545603391.91 37.6
1545603401.93 38.1
1545603411.95 38.1
1545603421.96 37.6
1545603431.98 37.6
1545603442.0 38.1
1545603452.02 37.6
1545603462.03 37.0
1545603472.05 37.6
1545603482.06 37.6
1545603492.08 37.0
1545603502.1 37.6
1545603512.11 38.1
1545603522.13 38.1
1545603532.15 37.0
1545603542.16 37.6
1545603552.18 38.1
1545603562.2 36.5
1545603572.21 37.0
1545603582.24 37.0
1545603592.26 37.6
1545603602.29 36.5
1545603612.31 36.5
1545603622.33 36.5
1545603632.35 36.5
1545603642.37 38.1
1545603652.39 37.6
1545603662.4 37.6
1545603672.42 38.1
1545603682.44 38.1
1545603692.46 37.6
1545603702.48 38.1
1545603712.49 37.6
1545603722.51 37.6
1545603732.53 37.6
1545603742.55 37.0
1545603752.56 38.6
1545603762.58 38.1
1545603772.6 38.1
1545603782.62 38.6
1545603792.63 38.6
1545603802.65 38.6
1545603812.66 38.1
1545603822.68 38.1
1545603832.7 38.1
1545603842.72 38.6
1545603852.74 37.6
1545603862.75 37.6
1545603872.76 38.6
1545603882.78 38.1
1545603892.79 38.1
1545603902.81 38.6
1545603912.83 37.6
1545603922.84 38.6
1545603932.86 37.6
1545603942.87 38.6
1545603952.89 38.1
1545603962.91 37.6
1545603972.93 38.1
1545603982.95 37.0
1545603992.96 38.1
1545604002.98 37.6
1545604013.0 38.1
1545604023.02 37.6
1545604033.04 37.0
1545604043.06 37.0
1545604053.08 37.6
1545604063.1 37.6
1545604073.12 38.1
1545604083.14 37.0
1545604093.16 37.6
1545604103.17 38.1
1545604113.18 38.1
1545604123.21 37.6
1545604133.22 38.6
1545604143.24 37.6
1545604153.26 37.6
1545604163.28 38.1
1545604173.3 37.6
1545604183.31 37.6
1545604193.33 37.6
1545604203.35 37.6
1545604213.36 37.6
1545604223.38 37.6
1545604233.4 37.0
1545604243.42 36.5
1545604253.43 36.5
1545604263.45 37.6
1545604273.47 36.5
1545604283.49 36.5
1545604293.51 36.5
1545604303.53 37.6
1545604313.55 37.0
1545604323.57 37.0
1545604333.59 37.6
1545604343.61 36.5
1545604353.63 37.0
1545604363.65 36.5
1545604373.67 36.5
1545604383.69 37.0
1545604393.71 37.0
1545604403.73 37.0
1545604413.75 36.5
1545604423.77 37.0
1545604433.81 36.5
1545604443.83 36.5
1545604453.85 36.5
1545604463.87 37.6
1545604473.89 37.6
1545604483.91 36.5
1545604493.92 36.5
1545604503.95 36.5
1545604513.97 36.5
1545604523.99 37.6
1545604534.01 36.5
1545604544.03 37.0
1545604554.05 36.5
1545604564.08 35.9
1545604574.09 36.5
1545604584.11 36.5
1545604594.14 36.5
1545604604.15 36.5
1545604614.17 36.5
1545604624.19 36.5
1545604634.21 36.5
1545604644.23 36.5
1545604654.25 37.6
1545604664.27 36.5
1545604674.28 37.0
1545604684.3 37.0
1545604694.31 37.6
1545604704.33 37.6
1545604714.35 37.6
1545604724.36 37.6
1545604734.38 37.0
1545604744.4 37.6
1545604754.42 36.5
1545604764.44 36.5
1545604774.46 36.5
1545604784.48 37.0
1545604794.5 37.0
1545604804.52 37.0
1545604814.53 37.6
1545604824.55 37.6
1545604834.56 37.6
1545604844.59 37.6
1545604854.61 37.0
1545604864.63 37.0
1545604874.65 37.6
1545604884.67 36.5
1545604894.69 37.0
1545604904.71 37.6
1545604914.73 36.5
1545604924.75 37.0
1545604934.76 37.0
1545604944.78 36.5
1545604954.8 36.5
1545604964.82 37.6
1545604974.84 37.6
1545604984.85 37.6
1545604994.87 37.6
1545605004.89 37.6
1545605014.91 37.6
1545605024.93 36.5
1545605034.95 37.6
1545605044.97 36.5
1545605054.99 37.0
1545605065.01 36.5
1545605075.02 37.6
1545605085.04 36.5
1545605095.06 36.5
1545605105.08 36.5
1545605115.1 36.5
1545605125.12 36.5
1545605135.14 36.5
1545605145.16 37.0
1545605155.18 36.5
1545605165.2 36.5
1545605175.22 36.5
1545605185.24 36.5
1545605195.26 35.9
1545605205.28 36.5
1545605215.3 37.0
1545605225.32 37.0
1545605235.33 37.0
1545605245.36 36.5
1545605255.37 37.6
1545605265.39 37.0
1545605275.41 37.0
1545605285.42 37.6
1545605295.44 36.5
1545605305.46 37.0
1545605315.48 37.0
1545605325.49 36.5
1545605335.51 36.5
1545605345.53 36.5
1545605355.56 37.0
1545605365.57 37.0
1545605375.59 37.6
1545605385.61 36.5
1545605395.63 37.6
1545605405.65 37.0
1545605415.67 36.5
1545605425.68 37.6
1545605435.7 37.6
1545605445.72 36.5
1545605455.74 36.5
1545605465.76 36.5
1545605475.78 36.5
1545605485.8 37.0
1545605495.83 37.0
1545605505.85 36.5
1545605515.86 37.0
1545605525.88 36.5
1545605535.9 36.5
1545605545.92 37.0
1545605555.94 36.5
1545605565.96 36.5
1545605575.97 37.6
1545605585.99 37.6
1545605596.01 37.6
1545605606.03 36.5
1545605616.05 36.5
1545605626.07 37.0
1545605636.09 36.5
1545605646.11 36.5
1545605656.13 37.0
1545605666.15 37.0
1545605676.17 36.5
1545605686.19 37.6
1545605696.2 37.6
1545605706.22 37.0
1545605716.23 37.0
1545605726.26 36.5
1545605736.28 35.9
1545605746.29 36.5
1545605756.31 36.5
1545605766.33 36.5
1545605776.36 36.5
1545605786.37 35.4
1545605796.39 36.5
1545605806.41 36.5
1545605816.43 36.5
1545605826.45 35.9
1545605836.46 36.5
1545605846.48 36.5
1545605856.5 36.5
1545605866.52 37.6
1545605876.54 36.5
1545605886.55 36.5
1545605896.57 36.5
1545605906.59 35.9
1545605916.61 36.5
1545605926.63 36.5
1545605936.65 35.9
1545605946.67 36.5
1545605956.69 35.9
1545605966.71 36.5
1545605976.73 37.6
1545605986.74 36.5
1545605996.76 37.0
1545606006.78 36.5
1545606016.8 36.5
1545606026.81 37.0
1545606036.83 35.4
1545606046.85 36.5
1545606056.87 36.5
1545606066.89 36.5
1545606076.91 36.5
1545606086.93 36.5
1545606096.95 35.4
1545606106.97 35.9
1545606116.99 36.5
1545606127.01 35.4
1545606137.03 35.4
1545606147.05 35.4
1545606157.07 35.9
1545606167.09 36.5
1545606177.11 35.9
1545606187.12 35.9
1545606197.14 35.4
1545606207.16 35.4
1545606217.19 35.4
1545606227.2 36.5
1545606237.22 35.9
1545606247.24 36.5
1545606257.25 36.5
1545606267.27 35.9
1545606277.29 36.5
1545606287.31 36.5
1545606297.33 37.0
1545606307.34 36.5
1545606317.37 36.5
1545606327.38 36.5
1545606337.4 35.9
1545606347.42 36.5
1545606357.44 35.4
1545606367.45 37.0
1545606377.47 36.5
1545606387.49 36.5
1545606397.51 36.5
1545606407.53 36.5
1545606417.55 35.9
1545606427.57 35.9
1545606437.59 35.4
1545606447.61 36.5
1545606457.63 35.4
1545606467.64 36.5
1545606477.66 36.5
1545606487.67 35.9
1545606497.68 36.5
1545606507.7 36.5
1545606517.72 35.4
1545606527.73 35.4
1545606537.75 36.5
1545606547.76 37.0
1545606557.77 36.5
1545606567.79 36.5
1545606577.81 35.4
1545606587.83 37.0
1545606597.85 36.5
1545606607.87 36.5
1545606617.89 36.5
1545606627.9 37.0
1545606637.91 36.5
1545606647.93 37.0
1545606657.94 37.6
1545606667.96 36.5
1545606677.98 37.0
1545606687.99 37.0
1545606698.0 36.5
1545606708.01 37.0
1545606718.02 37.0
1545606728.04 37.0
1545606738.05 37.0
1545606748.07 36.5
1545606758.08 37.0
1545606768.1 36.5
1545606778.11 37.0
1545606788.13 37.6
1545606798.14 36.5
1545606808.16 36.5
1545606818.18 36.5
1545606828.2 35.9
1545606838.22 36.5
1545606848.24 36.5
1545606858.26 36.5
1545606868.28 35.9
1545606878.3 35.9
1545606888.31 37.0
1545606898.33 36.5
1545606908.35 37.0
1545606918.37 37.0
1545606928.38 37.0
1545606938.4 36.5
1545606948.41 37.6
1545606958.43 37.0
1545606968.45 35.9
1545606978.47 36.5
1545606988.5 37.0
1545606998.52 36.5
1545607008.54 36.5
1545607018.56 35.9
1545607028.58 36.5
1545607038.59 37.0
1545607048.61 37.0
1545607058.63 36.5
1545607068.64 37.6
1545607078.67 36.5
1545607088.68 36.5
1545607098.7 36.5
1545607108.72 36.5
1545607118.74 37.0
1545607128.76 36.5
1545607138.78 37.0
1545607148.8 36.5
1545607158.82 36.5
1545607168.84 36.5
1545607178.86 36.5
1545607188.88 36.5
1545607198.9 36.5
1545607208.92 36.5
1545607218.94 36.5
1545607228.95 35.4
1545607238.97 35.9
1545607248.99 35.9
1545607259.01 35.9
1545607269.03 35.4
1545607279.05 35.9
1545607289.07 35.9
1545607299.09 36.5
1545607309.11 35.9
1545607319.12 36.5
1545607329.14 36.5
1545607339.16 35.9
1545607349.18 36.5
1545607359.2 35.9
1545607369.22 36.5
1545607379.24 36.5
1545607389.26 35.9
1545607399.27 36.5
1545607409.3 35.9
1545607419.31 35.9
1545607429.33 35.4
1545607439.36 36.5
1545607449.38 35.9
1545607459.39 36.5
1545607469.41 36.5
1545607479.43 36.5
1545607489.45 36.5
1545607499.46 36.5
1545607509.48 36.5
1545607519.5 36.5
1545607529.52 36.5
1545607539.53 36.5
1545607549.55 36.5
1545607559.57 36.5
1545607569.59 36.5
1545607579.61 37.6
1545607589.62 37.6
1545607599.64 36.5
1545607609.66 36.5
1545607619.67 36.5
1545607629.69 36.5
1545607639.71 36.5
1545607649.73 36.5
1545607659.75 36.5
1545607669.77 37.0
1545607679.79 36.5
1545607689.81 36.5
1545607699.82 37.0
1545607709.83 36.5
1545607719.85 35.9
1545607729.87 35.9
1545607739.9 36.5
1545607749.91 36.5
1545607759.93 36.5
1545607769.94 36.5
1545607779.96 37.0
1545607789.97 36.5
1545607799.99 37.0
1545607810.0 36.5
1545607820.01 37.0
1545607830.04 36.5
1545607840.05 37.0
1545607850.07 36.5
1545607860.09 36.5
1545607870.11 37.0
1545607880.13 36.5
1545607890.15 36.5
1545607900.17 36.5
1545607910.19 36.5
1545607920.21 36.5
1545607930.23 36.5
1545607940.24 37.0
1545607950.26 36.5
1545607960.28 36.5
1545607970.3 35.9
1545607980.31 36.5
1545607990.33 35.4
1545608000.35 36.5
1545608010.36 36.5
1545608020.38 35.4
1545608030.4 36.5
1545608040.42 35.9
1545608050.43 36.5
1545608060.44 35.4
1545608070.46 36.5
1545608080.48 36.5
1545608090.51 36.5
1545608100.53 37.0
1545608110.55 37.0
1545608120.57 36.5
1545608130.59 37.0
1545608140.6 37.6
1545608150.62 37.0
1545608160.64 37.6
1545608170.66 37.0
1545608180.68 37.6
1545608190.71 37.0
1545608200.73 37.0
1545608210.75 37.0
1545608220.77 37.6
1545608230.79 36.5
1545608240.8 37.6
1545608250.82 37.0
1545608260.83 38.6
1545608270.86 37.6
1545608280.87 37.6
1545608290.89 37.6
1545608300.91 36.5
1545608310.93 37.0
1545608320.94 37.0
1545608330.97 36.5
1545608340.99 37.0
1545608351.01 37.0
1545608361.04 36.5
1545608371.06 37.0
1545608381.08 37.0
1545608391.09 37.0
1545608401.11 37.6
1545608411.12 37.0
1545608421.14 37.6
1545608431.16 36.5
1545608441.18 36.5
1545608451.19 37.6
1545608461.21 37.6
1545608471.23 37.6
1545608481.24 37.0
1545608491.26 37.6
1545608501.27 37.6
1545608511.3 37.0
1545608521.31 37.6
1545608531.33 37.0
1545608541.35 36.5
1545608551.37 36.5
1545608561.39 37.0
1545608571.41 37.0
1545608581.42 37.6
1545608591.44 36.5
1545608601.46 36.5
1545608611.48 36.5
1545608621.5 36.5
1545608631.51 36.5
1545608641.53 37.0
1545608651.55 35.9
1545608661.57 37.0
1545608671.58 37.0
1545608681.6 36.5
1545608691.62 36.5
1545608701.64 37.6
1545608711.66 37.0
1545608721.67 36.5
1545608731.69 36.5
1545608741.71 36.5
1545608751.73 37.0
1545608761.74 36.5
1545608771.76 37.0
1545608781.78 36.5
1545608791.8 36.5
1545608801.81 37.0
1545608811.83 36.5
1545608821.85 37.0
1545608831.86 37.0
1545608841.88 37.0
1545608851.9 36.5
1545608861.92 37.0
1545608871.94 35.4
1545608881.96 36.5
1545608891.98 36.5
1545608902.0 37.0
1545608912.02 36.5
1545608922.04 36.5
1545608932.06 37.0
1545608942.07 36.5
1545608952.09 37.6
1545608962.1 37.0
1545608972.12 37.6
1545608982.13 37.0
1545608992.14 37.0
1545609002.16 37.0
1545609012.18 37.0
1545609022.19 37.0
1545609032.2 37.6
1545609042.22 37.0
1545609052.24 37.6
1545609062.25 37.6
1545609072.27 36.5
1545609082.29 37.6
1545609092.31 36.5
1545609102.32 37.0
1545609112.34 36.5
1545609122.37 36.5
1545609132.39 36.5
1545609142.41 36.5
1545609152.42 36.5
1545609162.44 36.5
1545609172.46 36.5
1545609182.48 36.5
1545609192.5 37.0
1545609202.52 36.5
1545609212.54 36.5
1545609222.57 36.5
1545609232.65 37.6
1545609242.67 36.5
1545609252.69 36.5
1545609262.71 37.0
1545609272.72 37.0
1545609282.74 36.5
1545609292.76 36.5
1545609302.78 36.5
1545609312.8 36.5
1545609322.81 36.5
1545609332.83 37.0
1545609342.85 36.5
1545609352.86 36.5
1545609362.88 36.5
1545609372.9 37.0
1545609382.91 36.5
1545609392.93 36.5
1545609402.95 36.5
1545609412.97 36.5
1545609422.99 36.5
1545609433.0 36.5
1545609443.02 36.5
1545609453.04 36.5
1545609463.06 36.5
1545609473.07 36.5
1545609483.09 37.6
1545609493.11 36.5
1545609503.13 37.0
1545609513.14 37.0
1545609523.16 37.6
1545609533.18 36.5
1545609543.2 36.5
1545609553.21 36.5
1545609563.23 37.0
1545609573.24 37.0
1545609583.27 36.5
1545609593.28 37.0
1545609603.3 36.5
1545609613.32 37.0
1545609623.34 36.5
1545609633.36 36.5
1545609643.38 36.5
1545609653.4 36.5
1545609663.42 35.9
1545609673.44 37.0
1545609683.46 36.5
1545609693.48 36.5
1545609703.49 36.5
1545609713.51 36.5
1545609723.53 35.4
1545609733.55 36.5
1545609743.57 36.5
1545609753.6 35.9
1545609763.61 36.5
1545609773.63 35.9
1545609783.65 36.5
1545609793.68 36.5
1545609803.7 36.5
1545609813.72 36.5
1545609823.74 35.9
1545609833.75 36.5
1545609843.78 36.5
1545609853.79 36.5
1545609863.81 36.5
1545609873.83 35.4
1545609883.85 36.5
1545609893.87 36.5
1545609903.89 36.5
1545609913.9 36.5
1545609923.93 36.5
1545609933.95 36.5
1545609943.97 35.9
1545609953.98 35.9
1545609964.0 36.5
1545609974.02 36.5
1545609984.04 35.9
1545609994.07 36.5
1545610004.08 36.5
1545610014.1 35.9
1545610024.11 36.5
1545610034.13 36.5
1545610044.15 36.5
1545610054.17 36.5
1545610064.19 35.4
1545610074.21 35.9
1545610084.22 35.9
1545610094.24 36.5
1545610104.25 36.5
1545610114.27 36.5
1545610124.29 35.4
1545610134.31 36.5
1545610144.33 35.4
1545610154.35 35.4
1545610164.37 35.4
1545610174.39 35.4
1545610184.41 34.9
1545610194.43 35.4
1545610204.45 36.5
1545610214.46 36.5
1545610224.48 35.4
1545610234.5 35.4
1545610244.52 35.4
1545610254.56 36.5
1545610264.57 36.5
1545610274.59 36.5
1545610284.61 36.5
1545610294.63 36.5
1545610304.65 35.9
1545610314.66 36.5
1545610324.68 36.5
1545610334.69 35.4
1545610344.71 36.5
1545610354.73 37.0
1545610364.75 35.9
1545610374.76 35.4
1545610384.78 36.5
1545610394.8 36.5
1545610404.82 36.5
1545610414.84 35.4
1545610424.85 36.5
1545610434.87 35.9
1545610444.88 36.5
1545610454.9 36.5
1545610464.91 36.5
1545610474.93 36.5
1545610484.95 36.5
1545610494.96 36.5
1545610504.98 36.5
1545610515.01 35.4
1545610525.02 36.5
1545610535.04 35.4
1545610545.06 35.9
1545610555.08 35.9
1545610565.1 36.5
1545610575.11 36.5
1545610585.12 36.5
1545610595.14 36.5
1545610605.15 35.9
1545610615.17 36.5
1545610625.18 36.5
1545610635.21 37.0
1545610645.22 36.5
1545610655.24 36.5
1545610665.26 36.5
1545610675.27 36.5
1545610685.28 35.9
1545610695.3 35.9
1545610705.32 35.9
1545610715.35 35.9
1545610725.37 35.9
1545610735.39 35.9
1545610745.4 36.5
1545610755.42 36.5
1545610765.44 36.5
1545610775.46 36.5
1545610785.48 35.4
1545610795.49 36.5
1545610805.52 35.4
1545610815.54 36.5
1545610825.56 36.5
1545610835.57 36.5
1545610845.59 35.9
1545610855.61 36.5
1545610865.63 35.9
1545610875.65 36.5
1545610885.67 36.5
1545610895.69 36.5
1545610905.71 36.5
1545610915.73 35.9
1545610925.75 35.9
1545610935.77 35.9
1545610945.79 35.4
1545610955.82 35.4
1545610965.84 35.4
1545610975.86 35.9
1545610985.88 35.4
1545610995.9 35.9
1545611005.92 35.9
1545611015.93 36.5
1545611025.95 35.4
1545611035.97 35.9
1545611046.0 35.4
1545611056.01 37.0
1545611066.03 36.5
1545611076.05 36.5
1545611086.06 35.9
1545611096.08 36.5
1545611106.1 36.5
1545611116.11 36.5
1545611126.13 35.4
1545611136.15 36.5
1545611146.17 36.5
1545611156.19 36.5
1545611166.21 36.5
1545611176.23 36.5
1545611186.25 36.5
1545611196.27 36.5
1545611206.29 35.4
1545611216.31 35.4
1545611226.32 35.9
1545611236.34 36.5
1545611246.36 36.5
1545611256.38 35.9
1545611266.4 36.5
1545611276.41 36.5
1545611286.43 36.5
1545611296.45 36.5
1545611306.47 35.4
1545611316.48 36.5
1545611326.5 35.4
1545611336.53 35.4
1545611346.54 35.4
1545611356.56 36.5
1545611366.57 36.5
1545611376.6 35.9
1545611386.63 35.4
1545611396.65 35.9
1545611406.66 35.4
1545611416.68 34.9
1545611426.71 35.9
1545611436.72 35.9
1545611446.74 35.4
1545611456.76 35.4
1545611466.78 34.9
1545611476.8 35.9
1545611486.82 35.4
1545611496.84 35.4
1545611506.86 34.9
1545611516.88 34.9
1545611526.9 35.4
1545611536.93 35.4
1545611546.94 35.4
1545611556.96 34.9
1545611566.98 35.4
1545611576.99 35.4
1545611587.02 34.9
1545611597.03 35.4
1545611607.05 35.4
1545611617.07 35.4
1545611627.08 35.4
1545611637.1 35.4
1545611647.12 35.4
1545611657.14 35.4
1545611667.16 34.9
1545611677.18 34.9
1545611687.2 35.4
1545611697.22 34.3
1545611707.24 35.4
1545611717.26 35.9
1545611727.27 35.4
1545611737.3 35.4
1545611747.32 34.9
1545611757.34 35.4
1545611767.36 34.9
1545611777.38 35.4
1545611787.4 35.4
1545611797.41 35.4
1545611807.43 35.4
1545611817.44 35.4
1545611827.46 35.4
1545611837.48 34.9
1545611847.49 34.9
1545611857.51 34.9
1545611867.53 35.9
1545611877.55 35.4
1545611887.56 34.9
1545611897.58 34.3
1545611907.6 34.9
1545611917.62 34.9
1545611927.64 34.3
1545611937.66 34.9
1545611947.68 35.4
1545611957.7 34.9
1545611967.72 34.9
1545611977.74 34.3
1545611987.76 35.4
1545611997.78 34.3
1545612007.8 34.3
1545612017.82 34.9
1545612027.84 35.4
1545612037.86 35.4
1545612047.87 35.4
1545612057.89 34.9
1545612067.9 35.4
1545612077.91 35.4
1545612087.94 34.9
1545612097.96 34.9
1545612107.98 34.3
1545612117.99 34.3
1545612128.01 35.4
1545612138.03 34.9
1545612148.04 34.3
1545612158.06 34.3
1545612168.08 35.4
1545612178.1 35.4
1545612188.12 35.4
1545612198.13 35.4
1545612208.15 35.4
1545612218.16 35.4
1545612228.19 34.3
1545612238.21 34.9
1545612248.22 34.9
1545612258.24 35.4
1545612268.27 34.9
1545612278.29 34.3
1545612288.31 34.9
1545612298.32 34.3
1545612308.34 35.4
1545612318.37 35.4
1545612328.39 34.3
1545612338.41 34.3
1545612348.43 34.3
1545612358.45 34.3
1545612368.47 34.3
1545612378.49 34.9
1545612388.5 34.9
1545612398.52 34.9
1545612408.55 34.3
1545612418.57 34.3
1545612428.59 34.3
1545612438.61 34.3
1545612448.63 34.9
1545612458.64 34.9
1545612468.66 34.3
1545612478.68 34.9
1545612488.7 34.3
1545612498.72 34.9
1545612508.74 34.9
1545612518.76 34.3
1545612528.78 34.9
1545612538.8 34.3
1545612548.82 35.4
1545612558.84 34.9
1545612568.85 34.9
1545612578.87 34.9
1545612588.89 34.3
1545612598.91 34.3
1545612608.93 35.4
1545612618.97 34.3
1545612628.99 35.4
1545612639.0 35.4
1545612649.01 35.4
1545612659.03 34.9
1545612669.05 35.4
1545612679.08 34.9
1545612689.1 34.9
1545612699.11 34.3
1545612709.13 34.9
1545612719.14 34.9
1545612729.16 34.3
1545612739.18 34.3
1545612749.21 34.3
1545612759.23 34.3
1545612769.25 34.3
1545612779.27 34.3
1545612789.29 35.4
1545612799.31 34.3
1545612809.32 34.9
1545612819.34 34.3
1545612829.36 34.3
1545612839.38 34.3
1545612849.4 34.9
1545612859.42 34.9
1545612869.44 34.9
1545612879.46 35.4
1545612889.48 34.3
1545612899.49 35.4
1545612909.51 34.9
1545612919.53 34.9
1545612929.54 34.9
1545612939.56 34.9
1545612949.58 35.4
1545612959.59 35.4
1545612969.62 34.3
1545612979.64 34.3
1545612989.65 35.4
1545612999.67 34.3
1545613009.69 35.4
1545613019.71 34.9
1545613029.73 35.4
1545613039.74 35.4
1545613049.76 34.3
1545613059.79 34.3
1545613069.81 34.3
1545613079.83 34.3
1545613089.84 34.9
1545613099.86 34.9
1545613109.89 34.3
1545613119.9 34.3
1545613129.92 35.4
1545613139.93 35.4
1545613149.95 34.3
1545613159.97 33.8
1545613169.99 34.3
1545613180.01 34.3
1545613190.03 34.9
1545613200.05 34.3
