1545700007.22 35.9
1545700017.23 36.5
1545700027.25 35.9
1545700037.27 35.4
1545700047.28 35.4
1545700057.3 36.5
1545700067.32 35.4
1545700077.34 35.4
1545700087.36 35.4
1545700097.38 35.9
1545700107.4 35.9
1545700117.42 35.4
1545700127.44 35.4
1545700137.46 35.4
1545700147.48 35.4
1545700157.5 35.4
1545700167.52 35.4
1545700177.54 35.9
1545700187.55 35.4
1545700197.57 35.4
1545700207.59 35.9
1545700217.61 35.9
1545700227.63 34.9
1545700237.65 35.4
1545700247.67 35.4
1545700257.69 35.4
1545700267.71 36.5
1545700277.72 35.4
1545700287.74 36.5
1545700297.76 35.9
1545700307.79 35.4
1545700317.81 35.4
1545700327.83 34.9
1545700337.85 35.4
1545700347.87 35.4
1545700357.9 34.9
1545700367.91 35.4
1545700377.93 34.9
1545700387.95 35.9
1545700397.97 35.9
1545700407.99 35.9
1545700418.01 35.4
1545700428.03 35.4
1545700438.05 35.9
1545700448.07 36.5
1545700458.09 34.9
1545700468.11 35.4
1545700478.12 35.9
1545700488.14 34.9
1545700498.17 35.4
1545700508.18 36.5
1545700518.2 36.5
1545700528.22 35.9
1545700538.24 35.4
1545700548.26 36.5
1545700558.28 35.4
1545700568.3 35.4
1545700578.32 35.4
1545700588.34 36.5
1545700598.36 36.5
1545700608.38 36.5
1545700618.39 36.5
1545700628.41 36.5
1545700638.43 35.4
1545700648.44 36.5
1545700658.46 35.4
1545700668.48 36.5
1545700678.5 35.4
1545700688.52 35.9
1545700698.54 34.9
1545700708.56 35.4
1545700718.58 35.4
1545700728.6 36.5
1545700738.61 35.9
1545700748.63 36.5
1545700758.65 35.4
1545700768.67 36.5
1545700778.68 36.5
1545700788.7 36.5
1545700798.72 35.9
1545700808.74 36.5
1545700818.76 35.4
1545700828.78 36.5
1545700838.79 35.9
1545700848.81 35.4
1545700858.83 36.5
1545700868.85 35.9
1545700878.86 36.5
1545700888.88 35.4
1545700898.9 35.4
1545700908.92 35.4
1545700918.94 36.5
1545700928.95 35.9
1545700938.97 35.4
1545700948.99 35.4
1545700959.01 35.9
1545700969.03 35.4
1545700979.05 35.9
1545700989.07 35.9
1545700999.08 35.9
1545701009.11 35.9
1545701019.13 35.4
1545701029.15 35.9
1545701039.17 35.9
1545701049.18 35.4
1545701059.21 36.5
1545701069.23 35.9
1545701079.25 35.4
1545701089.27 36.5
1545701099.29 35.9
1545701109.3 36.5
1545701119.31 35.9
1545701129.33 36.5
1545701139.35 35.9
1545701149.36 35.9
1545701159.38 35.9
1545701169.4 35.4
1545701179.42 36.5
1545701189.44 35.4
1545701199.45 35.9
1545701209.47 35.4
1545701219.49 35.9
1545701229.5 36.5
1545701239.52 36.5
1545701249.54 35.9
1545701259.56 36.5
1545701269.57 36.5
1545701279.59 35.4
1545701289.61 35.4
1545701299.63 35.9
1545701309.65 35.9
1545701319.66 36.5
1545701329.68 35.4
1545701339.69 35.9
1545701349.71 35.9
1545701359.73 35.9
1545701369.75 35.4
1545701379.76 35.9
1545701389.78 36.5
1545701399.8 36.5
1545701409.81 35.4
1545701419.83 36.5
1545701429.85 35.4
1545701439.87 35.9
1545701449.89 36.5
1545701459.9 35.9
1545701469.92 35.4
1545701479.93 36.5
1545701489.95 36.5
1545701499.96 36.5
1545701509.98 36.5
1545701520.0 36.5
1545701530.02 36.5
1545701540.03 35.9
1545701550.05 35.9
1545701560.07 36.5
1545701570.09 36.5
1545701580.1 36.5
1545701590.12 36.5
1545701600.14 36.5
1545701610.16 36.5
1545701620.18 36.5
1545701630.2 35.9
1545701640.21 35.9
1545701650.23 36.5
1545701660.25 35.9
1545701670.27 35.9
1545701680.29 35.4
1545701690.31 35.4
1545701700.33 35.4
1545701710.35 35.4
1545701720.36 36.5
1545701730.38 36.5
1545701740.4 36.5
1545701750.42 36.5
1545701760.44 37.0
1545701770.45 36.5
1545701780.47 37.0
1545701790.49 36.5
1545701800.51 36.5
1545701810.53 35.9
1545701820.55 36.5
1545701830.57 36.5
1545701840.59 35.9
1545701850.61 36.5
1545701860.63 36.5
1545701870.65 36.5
1545701880.67 35.9
1545701890.69 35.9
1545701900.71 36.5
1545701910.73 35.4
1545701920.74 35.9
1545701930.76 36.5
1545701940.78 35.4
1545701950.8 36.5
1545701960.82 36.5
1545701970.84 36.5
1545701980.86 36.5
1545701990.88 35.4
1545702000.9 35.9
1545702010.92 36.5
1545702020.93 36.5
1545702030.94 35.9
1545702040.96 36.5
1545702050.98 36.5
1545702061.0 35.9
1545702071.02 36.5
1545702081.03 36.5
1545702091.05 35.4
1545702101.08 35.9
1545702111.1 36.5
1545702121.11 36.5
1545702131.13 36.5
1545702141.15 36.5
1545702151.17 36.5
1545702161.19 37.0
1545702171.2 37.0
1545702181.22 36.5
1545702191.24 37.0
1545702201.26 37.0
1545702211.27 37.6
1545702221.29 36.5
1545702231.32 36.5
1545702241.33 36.5
1545702251.35 36.5
1545702261.37 36.5
1545702271.38 36.5
1545702281.4 37.6
1545702291.42 36.5
1545702301.44 36.5
1545702311.46 36.5
1545702321.48 36.5
1545702331.5 35.4
1545702341.52 35.4
1545702351.54 36.5
1545702361.56 35.9
1545702371.58 35.4
1545702381.6 35.9
1545702391.63 36.5
1545702401.64 36.5
1545702411.66 37.0
1545702421.68 37.0
1545702431.7 36.5
1545702441.71 36.5
1545702451.73 37.6
1545702461.74 36.5
1545702471.76 36.5
1545702481.78 36.5
1545702491.8 37.0
1545702501.82 36.5
1545702511.84 36.5
1545702521.86 36.5
1545702531.89 36.5
1545702541.91 37.0
1545702551.93 36.5
1545702561.95 36.5
1545702571.96 37.0
1545702581.98 37.0
1545702591.99 37.0
1545702602.01 37.0
1545702612.03 36.5
1545702622.04 36.5
1545702632.06 37.0
1545702642.07 36.5
1545702652.09 36.5
1545702662.11 36.5
1545702672.12 36.5
1545702682.14 36.5
1545702692.16 36.5
1545702702.18 36.5
1545702712.2 36.5
1545702722.22 36.5
1545702732.24 35.9
1545702742.26 36.5
1545702752.27 37.0
1545702762.29 36.5
1545702772.31 36.5
1545702782.32 36.5
1545702792.34 36.5
1545702802.36 36.5
1545702812.38 36.5
1545702822.4 36.5
1545702832.42 36.5
1545702842.44 35.4
1545702852.46 35.4
1545702862.47 36.5
1545702872.49 36.5
1545702882.51 36.5
1545702892.53 36.5
1545702902.55 35.9
1545702912.57 36.5
1545702922.59 35.9
1545702932.61 35.9
1545702942.63 35.9
1545702952.66 35.9
1545702962.68 36.5
1545702972.7 35.4
1545702982.72 35.9
1545702992.74 36.5
1545703002.76 35.9
1545703012.78 35.9
1545703022.8 36.5
1545703032.81 36.5
1545703042.84 36.5
1545703052.86 35.9
1545703062.88 35.9
1545703072.9 36.5
1545703082.92 35.4
1545703092.94 35.4
1545703102.96 36.5
1545703112.98 35.4
1545703123.0 35.4
1545703133.01 35.9
1545703143.02 36.5
1545703153.04 35.4
1545703163.06 36.5
1545703173.08 35.9
1545703183.1 35.4
1545703193.12 35.9
1545703203.23 35.9
