1545000008.56 41.3
1545000018.58 41.9
1545000028.6 41.3
1545000038.62 40.8
1545000048.64 41.3
1545000058.66 41.9
1545000068.68 41.3
1545000078.69 40.8
1545000088.72 40.8
1545000098.74 41.9
1545000108.76 41.3
1545000118.77 40.8
1545000128.79 41.3
1545000138.81 40.8
1545000148.83 40.8
1545000158.85 40.8
1545000168.87 40.8
1545000178.89 40.8
1545000188.92 40.8
1545000198.93 40.8
1545000208.95 40.8
1545000218.97 40.8
1545000228.98 41.3
1545000239.0 41.3
1545000249.01 40.8
1545000259.03 40.8
1545000269.05 40.8
1545000279.06 40.8
1545000289.08 41.3
1545000299.09 41.3
1545000309.11 40.8
1545000319.13 41.9
1545000329.15 41.3
1545000339.17 40.8
1545000349.18 40.8
1545000359.2 41.3
1545000369.22 40.8
1545000379.24 40.8
1545000389.25 40.8
1545000399.28 40.8
1545000409.29 40.8
1545000419.31 40.8
1545000429.32 41.3
1545000439.34 41.3
1545000449.36 41.9
1545000459.37 40.8
1545000469.39 40.8
1545000479.41 40.8
1545000489.43 40.8
1545000499.45 41.9
1545000509.46 41.3
1545000519.48 41.9
1545000529.52 41.9
1545000539.53 41.9
1545000549.55 41.3
1545000559.57 41.9
1545000569.58 41.9
1545000579.6 40.8
1545000589.62 41.3
1545000599.64 40.8
1545000609.66 41.3
1545000619.68 41.9
1545000629.7 41.9
1545000639.72 41.3
1545000649.73 41.9
1545000659.75 40.8
1545000669.77 40.8
1545000679.79 40.8
1545000689.81 41.3
1545000699.83 39.7
1545000709.85 40.8
1545000719.86 40.8
1545000729.88 40.8
1545000739.9 40.8
1545000749.92 39.7
1545000759.94 41.3
1545000769.95 40.2
1545000779.97 40.8
1545000789.99 40.8
1545000800.01 41.3
1545000810.03 40.8
1545000820.05 40.8
1545000830.07 40.8
1545000840.09 40.8
1545000850.11 41.3
1545000860.12 41.3
1545000870.14 40.8
1545000880.16 40.8
1545000890.18 40.8
1545000900.2 40.8
1545000910.22 40.8
1545000920.23 40.8
1545000930.25 40.8
1545000940.26 40.8
1545000950.28 40.8
1545000960.3 40.8
1545000970.32 40.2
1545000980.34 40.8
1545000990.36 40.8
1545001000.38 40.2
1545001010.4 40.2
1545001020.41 39.7
1545001030.43 39.7
1545001040.45 40.8
1545001050.47 40.2
1545001060.49 40.2
1545001070.51 40.8
1545001080.52 40.8
1545001090.53 40.8
1545001100.55 40.2
1545001110.57 40.8
1545001120.59 40.8
1545001130.6 40.8
1545001140.62 40.8
1545001150.65 40.8
1545001160.66 40.8
1545001170.68 40.8
1545001180.69 41.3
1545001190.7 41.3
1545001200.71 40.8
