1545300003.38 32.7
1545300013.41 34.3
1545300023.43 33.2
1545300033.45 32.2
1545300043.47 32.7
1545300053.49 32.2
1545300063.51 33.2
1545300073.53 33.8
1545300083.55 33.2
1545300093.56 33.2
1545300103.58 34.3
1545300113.6 32.7
1545300123.62 32.2
1545300133.64 33.2
1545300143.66 32.7
1545300153.68 33.2
1545300163.7 33.2
1545300173.71 33.8
1545300183.73 32.2
1545300193.75 33.2
1545300203.77 32.7
1545300213.79 32.2
1545300223.81 32.7
1545300233.82 33.2
1545300243.84 32.7
1545300253.86 33.2
1545300263.88 32.7
1545300273.9 32.2
1545300283.92 32.2
1545300293.94 32.2
1545300303.95 33.2
1545300313.97 33.2
1545300323.99 32.7
1545300334.01 32.2
1545300344.03 32.7
1545300354.05 32.2
1545300364.07 32.7
1545300374.1 32.2
1545300384.12 32.2
1545300394.15 32.2
1545300404.16 32.7
1545300414.18 32.7
1545300424.2 32.7
1545300434.23 32.2
1545300444.25 32.2
1545300454.27 32.2
1545300464.29 32.2
1545300474.3 32.7
1545300484.33 33.2
1545300494.35 32.7
1545300504.36 33.2
1545300514.39 32.2
1545300524.4 32.7
1545300534.42 33.2
1545300544.44 33.2
1545300554.46 32.7
1545300564.48 33.2
1545300574.5 33.2
1545300584.51 33.2
1545300594.54 32.7
1545300604.56 33.2
1545300614.58 32.7
1545300624.59 33.2
1545300634.61 32.7
1545300644.63 32.7
1545300654.65 32.7
1545300664.67 32.7
1545300674.69 32.2
1545300684.71 33.8
1545300694.72 33.2
1545300704.75 33.2
1545300714.77 33.2
1545300724.79 33.2
1545300734.8 33.2
1545300744.82 33.2
1545300754.85 33.2
1545300764.87 33.2
1545300774.88 33.2
1545300784.9 33.2
1545300794.92 33.2
1545300804.95 33.2
1545300814.96 33.8
1545300824.98 33.2
1545300835.01 32.7
1545300845.03 33.2
1545300855.04 33.2
1545300865.06 33.2
1545300875.08 32.7
1545300885.09 33.2
1545300895.1 34.3
1545300905.11 33.8
1545300915.13 33.2
1545300925.15 33.8
1545300935.17 33.2
1545300945.19 33.2
1545300955.21 33.2
1545300965.23 33.2
1545300975.24 34.3
1545300985.27 34.3
1545300995.28 34.3
1545301005.3 33.2
1545301015.32 33.8
1545301025.34 33.2
1545301035.36 33.2
1545301045.38 33.8
1545301055.4 33.2
1545301065.42 33.2
1545301075.44 32.2
1545301085.46 32.7
1545301095.48 33.2
1545301105.5 33.2
1545301115.52 33.2
1545301125.54 33.2
1545301135.56 32.7
1545301145.58 32.7
1545301155.6 33.2
1545301165.62 32.7
1545301175.64 32.7
1545301185.67 32.7
1545301195.68 33.2
1545301205.7 33.2
1545301215.72 32.7
1545301225.74 32.7
1545301235.76 33.2
1545301245.78 32.7
1545301255.8 32.7
1545301265.82 32.7
1545301275.84 33.2
1545301285.86 33.8
1545301295.88 33.2
1545301305.9 33.2
1545301315.92 32.7
1545301325.94 32.7
1545301335.97 33.2
1545301345.99 32.7
1545301356.01 33.2
1545301366.03 33.2
1545301376.05 32.7
1545301386.07 32.2
1545301396.09 33.2
1545301406.11 32.7
1545301416.12 33.8
1545301426.14 33.8
1545301436.16 33.8
1545301446.18 33.2
1545301456.2 33.2
1545301466.22 33.2
1545301476.24 33.8
1545301486.26 33.8
1545301496.28 33.2
1545301506.3 33.2
1545301516.32 33.2
1545301526.34 33.2
1545301536.36 33.8
1545301546.38 33.2
1545301556.4 32.7
1545301566.42 33.2
1545301576.44 33.2
1545301586.46 33.2
1545301596.48 32.2
1545301606.5 32.7
1545301616.52 32.7
1545301626.54 33.2
1545301636.56 33.2
1545301646.58 33.2
1545301656.6 33.2
1545301666.62 32.7
1545301676.65 33.2
1545301686.67 32.7
1545301696.68 34.3
1545301706.7 33.2
1545301716.72 33.8
1545301726.74 33.2
1545301736.76 32.7
1545301746.78 33.2
1545301756.8 33.2
1545301766.82 33.2
1545301776.85 32.7
1545301786.87 33.2
1545301796.89 33.2
1545301806.91 32.2
1545301816.94 33.2
1545301826.96 32.7
1545301836.99 32.2
1545301847.01 32.7
1545301857.03 32.7
1545301867.05 32.7
1545301877.07 32.2
1545301887.09 32.2
1545301897.11 32.7
1545301907.13 32.2
1545301917.15 32.2
1545301927.17 32.2
1545301937.19 32.2
1545301947.31 32.2
1545301957.33 33.2
1545301967.35 32.2
1545301977.37 32.7
1545301987.39 32.7
1545301997.41 32.2
1545302007.43 32.2
1545302017.45 32.2
1545302027.47 32.2
1545302037.49 32.2
1545302047.51 32.2
1545302057.53 33.2
1545302067.55 32.2
1545302077.57 32.2
1545302087.59 32.2
1545302097.61 32.7
1545302107.63 33.2
1545302117.65 33.2
1545302127.67 33.2
1545302137.69 32.7
1545302147.7 32.7
1545302157.72 32.7
1545302167.74 32.7
1545302177.76 32.7
1545302187.78 32.7
1545302197.8 33.2
1545302207.82 32.2
1545302217.84 32.2
1545302227.86 32.2
1545302237.88 32.7
1545302247.9 32.7
1545302257.92 32.2
1545302267.94 32.2
1545302277.96 32.2
1545302287.98 32.7
1545302297.99 32.7
1545302308.02 32.2
1545302318.04 32.7
1545302328.06 32.7
1545302338.08 32.2
1545302348.1 32.2
1545302358.12 32.7
1545302368.14 32.2
1545302378.16 32.7
1545302388.18 32.2
1545302398.2 32.2
1545302408.22 33.2
1545302418.24 32.7
1545302428.26 32.2
1545302438.28 33.2
1545302448.3 32.2
1545302458.32 32.7
1545302468.33 33.2
1545302478.35 32.7
1545302488.37 32.2
1545302498.4 32.2
1545302508.42 32.2
1545302518.44 33.2
1545302528.45 33.2
1545302538.47 32.7
1545302548.5 32.7
1545302558.52 32.7
1545302568.54 32.2
1545302578.56 32.2
1545302588.58 32.7
1545302598.6 33.2
1545302608.62 32.2
1545302618.64 32.2
1545302628.66 32.2
1545302638.68 33.2
1545302648.69 33.8
1545302658.71 33.2
1545302668.73 32.7
1545302678.76 33.2
1545302688.78 33.2
1545302698.8 32.2
1545302708.82 32.7
1545302718.83 33.2
1545302728.86 32.2
1545302738.88 32.2
1545302748.9 32.7
1545302758.92 33.2
1545302768.94 32.7
1545302778.96 32.2
1545302788.98 32.7
1545302798.99 33.2
1545302809.01 32.7
1545302819.03 33.2
1545302829.05 32.2
1545302839.07 32.7
1545302849.09 32.7
1545302859.1 33.2
1545302869.12 32.2
1545302879.14 33.2
1545302889.16 33.2
1545302899.17 33.8
1545302909.2 33.2
1545302919.21 33.8
1545302929.23 33.8
1545302939.25 32.7
1545302949.27 33.2
1545302959.29 33.8
1545302969.31 33.8
1545302979.33 32.7
1545302989.35 33.8
1545302999.38 32.7
1545303009.39 33.8
1545303019.42 32.7
1545303029.44 33.8
1545303039.46 33.2
1545303049.48 32.2
1545303059.49 33.8
1545303069.52 32.7
1545303079.54 33.2
1545303089.56 33.2
1545303099.58 32.7
1545303109.6 33.2
1545303119.62 33.2
1545303129.64 32.7
1545303139.66 33.2
1545303149.68 33.2
1545303159.7 32.7
1545303169.72 33.2
1545303179.74 33.2
1545303189.76 33.2
1545303199.78 33.2
1545303209.8 33.2
1545303219.81 34.3
1545303229.84 33.8
1545303239.85 33.2
1545303249.87 33.2
1545303259.89 34.3
1545303269.91 33.8
1545303279.93 34.3
1545303289.95 33.2
1545303299.97 33.2
1545303309.99 33.2
1545303320.01 33.2
1545303330.04 32.7
1545303340.06 33.2
1545303350.08 33.8
1545303360.1 33.2
1545303370.12 33.2
1545303380.13 33.8
1545303390.15 33.2
1545303400.17 33.2
1545303410.18 33.8
1545303420.2 33.8
1545303430.21 34.3
1545303440.23 34.3
1545303450.25 33.2
1545303460.27 32.7
1545303470.29 33.2
1545303480.31 33.8
1545303490.33 32.7
1545303500.35 34.9
1545303510.38 33.2
1545303520.4 34.3
1545303530.4 34.3
1545303540.42 33.8
1545303550.44 33.2
1545303560.46 33.2
1545303570.48 33.2
1545303580.5 33.2
1545303590.52 33.8
1545303600.53 34.3
