1545100001.75 37.6
1545100011.77 37.6
1545100021.79 38.1
1545100031.81 38.6
1545100041.82 37.6
1545100051.84 38.6
1545100061.85 38.6
1545100071.87 38.6
1545100081.89 37.6
1545100091.91 38.6
1545100101.92 38.6
1545100111.94 38.6
1545100121.96 38.6
1545100131.97 39.2
1545100141.99 37.6
1545100152.01 38.6
1545100162.03 38.6
1545100172.05 38.6
1545100182.07 37.6
1545100192.08 38.6
1545100202.11 38.1
1545100212.12 38.6
1545100222.14 37.6
1545100232.16 37.6
1545100242.19 38.1
1545100252.2 37.6
1545100262.22 37.6
1545100272.24 37.6
1545100282.26 37.6
1545100292.28 37.0
1545100302.29 37.0
1545100312.3 37.6
1545100322.32 37.6
1545100332.34 37.6
1545100342.36 37.0
1545100352.38 36.5
1545100362.4 37.6
1545100372.42 37.0
1545100382.43 37.6
1545100392.45 37.0
1545100402.47 37.0
1545100412.49 37.6
1545100422.51 37.0
1545100432.53 38.6
1545100442.55 37.6
1545100452.57 37.6
1545100462.59 38.1
1545100472.61 37.6
1545100482.63 37.0
1545100492.64 37.6
1545100502.66 37.6
1545100512.68 37.6
1545100522.7 38.1
1545100532.72 36.5
1545100542.74 37.6
1545100552.76 37.6
1545100562.78 38.1
1545100572.8 36.5
1545100582.82 37.6
1545100592.84 37.6
1545100602.86 38.1
1545100612.88 37.6
1545100622.9 37.0
1545100632.92 37.6
1545100642.94 37.6
1545100652.96 38.1
1545100662.98 38.1
1545100672.99 37.6
1545100683.01 37.6
1545100693.03 36.5
1545100703.05 37.0
1545100713.07 36.5
1545100723.1 36.5
1545100733.11 37.6
1545100743.13 36.5
1545100753.15 37.6
1545100763.17 37.6
1545100773.19 37.0
1545100783.21 37.0
1545100793.22 36.5
1545100803.25 36.5
1545100813.27 37.6
1545100823.28 37.6
1545100833.3 37.0
1545100843.32 37.0
1545100853.34 37.0
1545100863.36 36.5
1545100873.38 36.5
1545100883.4 36.5
1545100893.43 37.0
1545100903.45 36.5
1545100913.47 36.5
1545100923.49 36.5
1545100933.51 36.5
1545100943.53 36.5
1545100953.56 36.5
1545100963.57 37.0
1545100973.59 35.9
1545100983.62 36.5
1545100993.64 37.0
1545101003.66 36.5
1545101013.68 35.9
1545101023.7 36.5
1545101033.72 36.5
1545101043.74 36.5
1545101053.77 36.5
1545101063.79 37.0
1545101073.8 36.5
1545101083.83 36.5
1545101093.85 36.5
1545101103.87 36.5
1545101113.88 37.0
1545101123.9 37.0
1545101133.92 37.0
1545101143.94 37.0
1545101153.96 36.5
1545101163.98 36.5
1545101174.0 36.5
1545101184.02 37.0
1545101194.05 36.5
1545101204.06 37.0
1545101214.08 37.0
1545101224.09 37.6
1545101234.11 37.0
1545101244.12 37.0
1545101254.14 37.0
1545101264.17 36.5
1545101274.19 36.5
1545101284.2 37.0
1545101294.22 36.5
1545101304.26 37.0
1545101314.27 37.0
1545101324.29 37.6
1545101334.31 37.0
1545101344.32 37.6
1545101354.34 37.0
1545101364.36 36.5
1545101374.38 36.5
1545101384.4 36.5
1545101394.43 36.5
1545101404.45 36.5
1545101414.46 37.0
1545101424.48 36.5
1545101434.51 37.0
1545101444.53 36.5
1545101454.54 36.5
1545101464.56 37.0
1545101474.58 37.6
1545101484.6 37.6
1545101494.62 36.5
1545101504.64 37.0
1545101514.66 37.6
1545101524.68 37.0
1545101534.7 37.6
1545101544.72 37.6
1545101554.74 37.0
1545101564.76 37.0
1545101574.78 38.1
1545101584.8 37.6
1545101594.82 38.1
1545101604.83 37.6
1545101614.85 37.6
1545101624.87 37.0
1545101634.88 37.6
1545101644.9 36.5
1545101654.92 37.6
1545101664.94 36.5
1545101674.96 37.0
1545101684.98 36.5
1545101695.0 37.0
1545101705.02 36.5
1545101715.03 37.0
1545101725.05 36.5
1545101735.07 38.1
1545101745.09 36.5
1545101755.11 37.0
1545101765.13 37.0
1545101775.15 37.0
1545101785.17 36.5
1545101795.19 38.1
1545101805.21 37.6
1545101815.23 37.6
1545101825.25 37.6
1545101835.26 38.1
1545101845.28 37.6
1545101855.3 37.6
1545101865.32 37.0
1545101875.35 38.1
1545101885.36 37.6
1545101895.38 37.0
1545101905.4 37.6
1545101915.42 37.6
1545101925.44 37.6
1545101935.46 38.6
1545101945.48 37.6
1545101955.5 37.6
1545101965.52 38.1
1545101975.54 37.6
1545101985.56 38.1
1545101995.58 38.1
1545102005.6 38.6
1545102015.61 38.1
1545102025.62 38.1
1545102035.64 37.6
1545102045.66 38.1
1545102055.68 38.6
1545102065.7 37.0
1545102075.72 37.6
1545102085.74 38.1
1545102095.76 37.6
1545102105.78 37.0
1545102115.8 37.6
1545102125.82 38.6
1545102135.85 37.6
1545102145.87 37.6
1545102155.89 37.0
1545102165.91 37.6
1545102175.93 37.6
1545102185.95 37.6
1545102195.97 37.6
1545102205.98 38.1
1545102216.0 37.6
1545102226.02 37.0
1545102236.04 36.5
1545102246.07 37.6
1545102256.09 37.6
1545102266.1 38.1
1545102276.12 37.6
1545102286.14 38.6
1545102296.16 37.6
1545102306.18 37.6
1545102316.2 38.1
1545102326.22 37.6
1545102336.24 38.1
1545102346.26 37.6
1545102356.27 38.6
1545102366.29 38.1
1545102376.32 38.1
1545102386.34 37.6
1545102396.35 37.6
1545102406.37 37.0
1545102416.39 37.0
1545102426.41 37.0
1545102436.43 37.0
1545102446.45 37.6
1545102456.47 37.6
1545102466.49 37.6
1545102476.51 38.6
1545102486.52 37.6
1545102496.54 38.6
1545102506.56 37.6
1545102516.58 38.6
1545102526.6 38.1
1545102536.62 37.6
1545102546.64 37.0
1545102556.66 38.1
1545102566.68 38.1
1545102576.7 37.6
1545102586.72 38.1
1545102596.74 38.6
1545102606.75 38.1
1545102616.76 38.6
1545102626.78 37.6
1545102636.8 38.6
1545102646.83 38.6
1545102656.85 37.0
1545102666.87 37.6
1545102676.89 37.6
1545102686.9 37.6
1545102696.91 38.1
1545102706.93 37.6
1545102716.95 38.1
1545102726.97 37.0
1545102736.99 38.6
1545102747.0 37.6
1545102757.02 37.6
1545102767.04 37.6
1545102777.06 37.6
1545102787.08 37.6
1545102797.1 37.0
1545102807.12 37.0
1545102817.14 37.6
1545102827.16 37.0
1545102837.17 37.6
1545102847.2 38.1
1545102857.22 37.0
1545102867.24 37.6
1545102877.26 38.1
1545102887.28 38.1
1545102897.3 38.1
1545102907.32 37.0
1545102917.34 37.6
1545102927.36 37.6
1545102937.38 38.1
1545102947.4 37.0
1545102957.42 37.6
1545102967.43 37.0
1545102977.46 37.6
1545102987.48 37.0
1545102988.62 37.6
1545102998.63 38.1
1545103008.65 38.1
1545103018.67 37.6
1545103028.69 37.0
1545103038.71 37.0
1545103048.73 36.5
1545103058.76 37.0
1545103068.77 37.6
1545103078.79 37.6
1545103088.81 37.6
1545103098.83 38.1
1545103108.85 38.6
1545103118.87 37.6
1545103128.88 37.6
1545103138.9 37.6
1545103148.92 37.6
1545103158.93 37.6
1545103168.95 37.0
1545103178.98 37.6
1545103189.0 37.0
1545103199.02 37.6
1545103209.04 36.5
1545103219.06 37.6
1545103229.08 37.0
1545103239.1 37.0
1545103249.12 37.6
1545103259.14 36.5
1545103269.16 37.0
1545103279.18 37.6
1545103289.19 37.6
1545103299.21 37.6
1545103309.23 37.6
1545103319.25 37.6
1545103329.27 36.5
1545103339.29 36.5
1545103349.31 36.5
1545103359.34 37.6
1545103369.35 38.1
1545103379.37 36.5
1545103389.39 37.0
1545103399.41 37.0
1545103409.43 36.5
1545103419.45 37.0
1545103429.47 37.0
1545103439.49 37.6
1545103449.5 37.0
1545103459.52 37.0
1545103469.54 36.5
1545103479.56 36.5
1545103489.58 36.5
1545103499.6 36.5
1545103509.62 36.5
1545103519.64 36.5
1545103529.66 36.5
1545103539.68 36.5
1545103549.7 37.6
1545103559.72 37.0
1545103569.74 36.5
1545103579.76 36.5
1545103589.77 37.6
1545103599.8 36.5
1545103609.82 37.0
1545103619.86 36.5
1545103629.87 37.0
1545103639.9 36.5
1545103649.91 37.0
1545103659.93 36.5
1545103669.95 37.6
1545103679.97 37.0
1545103689.99 36.5
1545103700.01 36.5
1545103710.03 37.0
1545103720.06 36.5
1545103730.08 37.0
1545103740.1 36.5
1545103750.12 37.6
1545103760.14 37.6
1545103770.16 37.6
1545103780.18 37.0
1545103790.2 38.1
1545103800.22 37.6
1545103810.23 38.1
1545103820.25 38.6
1545103830.27 37.6
1545103840.28 38.6
1545103850.3 38.6
1545103860.32 38.1
1545103870.33 38.1
1545103880.35 37.6
1545103890.37 38.1
1545103900.39 36.5
1545103910.41 38.6
1545103920.43 38.1
1545103930.44 37.6
1545103940.46 37.6
1545103950.49 37.6
1545103960.52 37.6
1545103970.53 38.6
1545103980.55 38.1
1545103990.57 38.6
1545104000.59 38.6
1545104010.61 37.6
1545104020.63 37.6
1545104030.64 38.6
1545104040.66 38.1
1545104050.68 37.6
1545104060.7 38.6
1545104070.72 37.6
1545104080.74 38.6
1545104090.75 38.6
1545104100.77 38.6
1545104110.8 37.6
1545104120.82 38.1
1545104130.84 37.6
1545104140.85 38.1
1545104150.88 37.0
1545104160.9 37.0
1545104170.92 37.6
1545104180.93 37.6
1545104190.96 37.6
1545104200.97 37.0
1545104210.99 38.1
1545104221.01 37.6
1545104231.03 36.5
1545104241.05 37.0
1545104251.07 37.6
1545104261.08 37.6
1545104271.1 37.0
1545104281.12 38.1
1545104291.14 37.6
1545104301.16 36.5
1545104311.18 36.5
1545104321.2 37.0
1545104331.22 38.1
1545104341.24 37.6
1545104351.26 37.6
1545104361.28 37.6
1545104371.3 36.5
1545104381.32 37.0
1545104391.34 37.0
1545104401.36 37.6
1545104411.39 37.6
1545104421.41 36.5
1545104431.43 37.0
1545104441.45 37.6
1545104451.46 37.6
1545104461.48 37.6
1545104471.5 37.6
1545104481.52 37.6
1545104491.54 37.0
1545104501.56 36.5
1545104511.58 37.0
1545104521.61 37.0
1545104531.62 37.6
1545104541.64 37.6
1545104551.66 36.5
1545104561.68 37.6
1545104571.7 37.0
1545104581.72 36.5
1545104591.74 36.5
1545104601.76 36.5
1545104611.78 36.5
1545104621.8 37.0
1545104631.82 37.6
1545104641.84 36.5
1545104651.86 36.5
1545104661.88 36.5
1545104671.9 36.5
1545104681.92 36.5
1545104691.94 37.6
1545104701.96 36.5
1545104711.98 37.0
1545104721.99 37.6
1545104732.01 37.0
1545104742.02 37.6
1545104752.04 36.5
1545104762.06 36.5
1545104772.08 36.5
1545104782.1 36.5
1545104792.11 37.0
1545104802.13 36.5
1545104812.15 36.5
1545104822.16 36.5
1545104832.18 36.5
1545104842.2 36.5
1545104852.23 36.5
1545104862.24 37.6
1545104872.26 36.5
1545104882.28 36.5
1545104892.3 37.0
1545104902.33 37.0
1545104912.34 37.0
1545104922.36 37.0
1545104932.38 37.0
1545104942.4 36.5
1545104952.41 37.0
1545104962.43 36.5
1545104972.45 37.6
1545104982.47 37.0
1545104992.49 37.0
1545105002.51 36.5
1545105012.53 37.0
1545105022.55 36.5
1545105032.57 36.5
1545105042.59 37.0
1545105052.61 36.5
1545105062.62 37.6
1545105072.64 36.5
1545105082.66 36.5
1545105092.68 36.5
1545105102.69 36.5
1545105112.71 37.0
1545105122.73 36.5
1545105132.75 36.5
1545105142.77 36.5
1545105152.79 36.5
1545105162.8 37.6
1545105172.83 37.0
1545105182.85 37.0
1545105192.87 37.0
1545105202.89 37.6
1545105212.91 36.5
1545105222.93 37.6
1545105232.95 36.5
1545105242.97 37.6
1545105252.99 37.6
1545105263.01 36.5
1545105273.03 37.6
1545105283.04 37.0
1545105293.06 37.0
1545105303.08 36.5
1545105313.09 37.6
1545105323.12 37.0
1545105333.14 37.0
1545105343.16 36.5
1545105353.18 37.0
1545105363.2 36.5
1545105373.22 37.0
1545105383.23 37.6
1545105393.25 37.6
1545105403.27 37.0
1545105413.29 37.0
1545105423.3 38.6
1545105433.32 36.5
1545105443.34 37.6
1545105453.36 37.0
1545105463.38 37.6
1545105473.4 37.0
1545105483.42 37.0
1545105493.44 37.0
1545105503.46 36.5
1545105513.48 37.0
1545105523.5 37.0
1545105533.52 36.5
1545105543.54 36.5
1545105553.56 36.5
1545105563.58 37.0
1545105573.6 36.5
1545105583.62 37.0
1545105593.64 37.0
1545105603.66 36.5
