1545900007.54 34.3
1545900017.56 34.9
1545900027.58 34.3
1545900037.61 34.3
1545900047.63 34.3
1545900057.65 34.3
1545900067.68 34.3
1545900077.7 34.3
1545900087.72 33.8
1545900097.75 33.8
1545900107.77 34.3
1545900117.78 33.2
1545900127.8 33.8
1545900137.82 34.3
1545900147.85 34.3
1545900157.87 34.3
1545900167.88 34.3
1545900177.9 33.8
1545900187.93 33.8
1545900197.95 34.3
1545900207.97 34.9
1545900217.99 34.3
1545900228.02 34.3
1545900238.04 34.3
1545900248.05 34.3
1545900258.07 34.3
1545900268.1 34.9
1545900278.12 34.3
1545900288.14 33.8
1545900298.16 34.3
1545900308.19 34.3
1545900318.21 34.3
1545900328.23 34.9
1545900338.26 34.3
1545900348.28 34.3
1545900358.31 34.3
1545900368.33 34.9
1545900378.35 33.8
1545900388.38 34.3
1545900398.4 34.3
1545900408.42 34.3
1545900418.44 34.3
1545900428.47 34.3
1545900438.5 34.9
1545900448.52 34.3
1545900458.54 34.3
1545900468.56 33.2
1545900478.59 34.3
1545900488.62 34.3
1545900498.65 34.3
1545900508.68 34.3
1545900518.7 34.3
1545900528.72 34.3
1545900538.74 34.9
1545900548.76 34.3
1545900558.79 34.3
1545900568.81 34.3
1545900578.84 34.3
1545900588.86 34.3
1545900598.89 34.3
1545900608.91 34.3
1545900618.94 34.3
1545900628.97 33.8
1545900638.99 34.3
1545900649.02 34.3
1545900659.04 34.3
1545900669.06 34.3
1545900679.08 34.3
1545900689.11 33.8
1545900699.14 34.3
1545900709.16 35.4
1545900719.18 34.3
1545900729.21 34.3
1545900739.23 34.3
1545900749.26 34.3
1545900759.28 34.9
1545900769.31 34.3
1545900779.33 35.4
1545900789.35 34.3
1545900799.37 35.4
1545900809.39 34.3
1545900819.42 34.3
1545900829.44 34.3
1545900839.46 34.9
1545900849.49 34.3
1545900859.52 34.3
1545900869.54 34.3
1545900879.56 34.3
1545900889.57 34.3
1545900899.59 34.3
1545900909.61 34.3
1545900919.64 34.3
1545900929.66 34.3
1545900939.68 33.8
1545900949.71 34.3
1545900959.73 34.3
1545900969.75 34.3
1545900979.77 34.3
1545900989.79 34.9
1545900999.81 34.9
1545901009.83 34.9
1545901019.85 34.3
1545901029.87 34.3
1545901039.89 34.9
1545901049.92 34.9
1545901059.94 34.3
1545901069.96 34.9
1545901079.98 34.3
1545901090.01 34.3
1545901100.03 34.9
1545901110.04 35.4
1545901120.06 34.9
1545901130.07 34.9
1545901140.1 34.3
1545901150.12 34.9
1545901160.14 34.9
1545901170.16 34.9
1545901180.18 35.4
1545901190.2 35.4
1545901200.22 34.9
1545901210.24 34.9
1545901220.26 34.9
1545901230.29 34.9
1545901240.31 34.3
1545901250.33 34.9
1545901260.35 34.9
1545901270.37 34.9
1545901280.4 34.9
1545901290.41 34.9
1545901300.43 34.9
1545901310.46 34.3
1545901320.47 34.9
1545901330.5 34.3
1545901340.52 34.3
1545901350.54 34.3
1545901360.56 35.4
1545901370.58 34.3
1545901380.61 34.9
1545901390.63 34.3
1545901400.65 34.9
1545901410.67 34.9
1545901420.69 34.3
1545901430.72 34.3
1545901440.74 34.9
1545901450.76 34.3
1545901460.79 34.9
1545901470.81 34.3
1545901480.83 34.3
1545901490.85 34.3
1545901500.88 34.3
1545901510.9 34.3
1545901520.92 34.3
1545901530.95 34.3
1545901540.97 34.3
1545901551.0 34.9
1545901561.02 34.3
1545901571.04 34.3
1545901581.07 34.3
1545901591.09 34.3
1545901601.11 34.3
1545901611.14 33.8
1545901621.16 34.9
1545901631.18 34.3
1545901641.21 34.9
1545901651.23 34.3
1545901661.25 34.3
1545901671.27 34.9
1545901681.29 34.3
1545901691.32 34.3
1545901701.34 34.3
1545901711.36 34.3
1545901721.39 34.9
1545901731.41 34.9
1545901741.43 34.3
1545901751.46 34.3
1545901761.48 34.9
1545901771.5 34.3
1545901781.52 34.9
1545901791.54 34.3
1545901801.56 34.3
1545901811.58 34.9
1545901821.6 34.3
1545901831.63 34.3
1545901841.65 34.9
1545901851.66 34.3
1545901861.68 34.3
1545901871.7 34.9
1545901881.73 34.3
1545901891.74 34.3
1545901901.76 33.8
1545901911.78 34.9
1545901921.8 34.3
1545901931.82 34.3
1545901941.84 34.9
1545901951.86 34.9
1545901961.89 34.3
1545901971.91 34.3
1545901981.93 34.3
1545901991.95 34.3
1545902001.98 34.3
1545902012.0 34.9
1545902022.02 34.9
1545902032.04 34.9
1545902042.06 34.9
1545902052.08 34.3
1545902062.1 34.3
1545902072.12 34.3
1545902082.14 34.3
1545902092.16 34.9
1545902102.18 35.4
1545902112.2 35.4
1545902122.22 35.4
1545902132.25 34.9
1545902142.28 35.4
1545902152.3 34.9
1545902162.33 34.9
1545902172.35 34.9
1545902182.37 34.3
1545902192.38 35.4
1545902202.4 34.3
1545902212.43 34.3
1545902222.45 34.3
1545902232.47 34.3
1545902242.49 34.9
1545902252.51 34.3
1545902262.53 34.3
1545902272.55 34.3
1545902282.57 34.3
1545902292.6 34.9
1545902302.62 34.3
1545902312.64 33.8
1545902322.65 34.3
1545902332.67 34.3
1545902342.69 34.3
1545902352.72 34.3
1545902362.74 34.9
1545902372.76 34.9
1545902382.77 34.3
1545902392.79 35.4
1545902402.8 34.9
1545902412.81 34.3
1545902422.83 34.3
1545902432.85 34.3
1545902442.88 34.3
1545902452.9 34.3
1545902462.91 34.3
1545902472.92 35.4
1545902482.94 34.3
1545902492.96 34.3
1545902502.99 34.3
1545902513.01 34.3
1545902523.03 33.8
1545902533.05 33.8
1545902543.06 34.3
1545902553.08 34.3
1545902563.1 34.3
1545902573.12 34.9
1545902583.14 34.9
1545902593.16 35.4
1545902603.18 34.3
1545902613.19 34.3
1545902623.21 34.9
1545902633.23 34.3
1545902643.25 34.3
1545902653.27 34.3
1545902663.29 34.3
1545902673.31 34.3
1545902683.33 34.3
1545902693.35 34.3
1545902703.37 34.3
1545902713.39 34.3
1545902723.42 34.3
1545902733.43 34.3
1545902743.45 34.3
1545902753.47 34.9
1545902763.5 33.8
1545902773.52 34.3
1545902783.54 34.3
1545902793.56 34.3
1545902803.58 34.3
1545902813.6 34.3
1545902823.61 35.4
1545902833.63 34.3
1545902843.66 34.3
1545902853.68 33.8
1545902863.7 33.8
1545902873.72 33.8
1545902883.74 34.3
1545902893.77 34.3
1545902903.78 33.2
1545902913.8 34.3
1545902923.82 34.3
1545902933.83 33.8
1545902943.86 33.8
1545902953.88 34.3
1545902963.9 33.2
1545902973.91 34.3
1545902983.94 33.8
1545902993.96 34.3
1545903003.98 33.8
1545903014.01 33.8
1545903024.03 34.3
1545903034.05 34.3
1545903044.08 34.3
1545903054.1 34.3
1545903064.12 34.3
1545903074.13 34.3
1545903084.14 35.4
1545903094.15 35.4
1545903104.16 34.9
1545903114.18 34.3
1545903124.21 34.3
1545903134.23 34.3
1545903144.24 34.9
1545903154.26 34.9
1545903164.28 34.9
1545903174.31 34.3
1545903184.33 34.3
1545903194.35 34.3
1545903204.37 35.4
1545903214.39 35.4
1545903224.41 34.3
1545903234.43 34.3
1545903244.45 34.9
1545903254.47 34.3
1545903264.49 34.9
1545903274.51 34.3
1545903284.52 34.3
1545903294.54 34.9
1545903304.55 34.3
1545903314.57 34.9
1545903324.59 34.3
1545903334.61 33.8
1545903344.62 34.3
1545903354.65 34.3
1545903364.67 35.4
1545903374.69 34.3
1545903384.71 34.3
1545903394.73 33.8
1545903404.75 34.3
1545903414.76 34.9
1545903424.78 34.3
1545903434.79 34.3
1545903444.81 34.9
1545903454.82 34.9
1545903464.84 35.4
1545903474.86 34.9
1545903484.88 34.3
1545903494.9 34.3
1545903504.92 34.3
1545903514.96 34.3
1545903524.98 33.8
1545903535.0 34.3
1545903545.02 34.3
1545903555.04 33.8
1545903565.06 34.9
1545903575.08 34.9
1545903585.1 34.3
1545903595.12 34.3
1545903605.14 34.3
1545903615.16 34.3
1545903625.18 34.3
1545903635.2 34.3
1545903645.22 34.3
1545903655.23 34.3
1545903665.25 34.3
1545903675.27 34.3
1545903685.29 34.3
1545903695.3 34.3
1545903705.31 34.3
1545903715.33 34.3
1545903725.36 33.8
1545903735.38 34.3
1545903745.39 34.3
1545903755.41 34.3
1545903765.42 34.3
1545903775.44 33.8
1545903785.46 34.3
1545903795.48 34.3
1545903805.5 33.2
1545903815.52 33.8
1545903825.54 33.8
1545903835.56 34.3
1545903845.57 33.2
1545903855.59 33.8
1545903865.61 33.8
1545903875.63 34.3
1545903885.65 34.3
1545903895.67 34.3
1545903905.69 33.8
1545903915.71 33.8
1545903925.74 34.3
1545903935.76 33.2
1545903945.78 33.8
1545903955.8 34.3
1545903965.82 33.2
1545903975.84 33.8
1545903985.86 34.3
1545903995.88 34.3
1545904005.91 33.8
1545904015.94 33.2
1545904025.96 34.3
1545904035.99 33.8
1545904046.01 33.8
1545904056.04 33.8
1545904066.06 33.8
1545904076.08 33.8
1545904086.11 33.2
1545904096.13 33.8
1545904106.16 33.2
1545904116.18 33.2
1545904126.21 32.7
1545904136.24 33.2
1545904146.26 33.2
1545904156.28 33.8
1545904166.31 33.2
1545904176.33 34.3
1545904186.36 33.2
1545904196.38 33.2
1545904206.41 33.2
1545904216.43 33.2
1545904226.46 33.2
1545904236.48 34.3
1545904246.5 33.8
1545904256.52 33.2
1545904266.54 34.3
1545904276.57 33.2
1545904286.59 34.3
1545904296.61 33.8
1545904306.63 33.8
1545904316.65 34.3
1545904326.68 33.2
1545904336.69 34.3
1545904346.71 34.3
1545904356.73 33.8
1545904366.76 33.8
1545904376.78 33.2
1545904386.8 33.2
1545904396.82 34.3
1545904406.85 33.2
1545904416.87 32.7
1545904426.9 33.2
1545904436.92 33.2
1545904446.95 32.7
1545904456.98 33.2
1545904466.99 34.3
1545904477.01 33.2
1545904487.04 33.2
1545904497.06 33.8
1545904507.08 33.8
1545904517.11 33.2
1545904527.12 34.3
1545904537.15 33.2
1545904547.17 33.2
1545904557.19 33.2
1545904567.21 33.8
1545904577.24 33.8
1545904587.26 34.3
1545904597.28 33.2
1545904607.3 33.8
1545904617.32 33.2
1545904627.36 33.2
1545904637.37 34.3
1545904647.39 33.2
1545904657.41 33.2
1545904667.43 33.2
1545904677.45 33.2
1545904687.47 33.2
1545904697.48 33.2
1545904707.5 32.7
1545904717.52 33.2
1545904727.54 33.8
1545904737.56 33.2
1545904747.57 33.8
1545904757.59 34.3
1545904767.62 33.2
1545904777.63 33.2
1545904787.65 33.2
1545904797.67 33.8
