1545200001.43 27.9
1545200011.45 27.9
1545200021.47 27.9
1545200031.49 27.9
1545200041.51 27.9
1545200051.53 27.9
1545200061.55 28.4
1545200071.57 27.9
1545200081.6 27.9
1545200091.62 27.9
1545200101.64 27.9
1545200111.66 27.9
1545200121.68 27.9
1545200131.71 27.9
1545200141.73 27.9
1545200151.74 27.9
1545200161.76 28.4
1545200171.78 28.4
1545200181.8 27.9
1545200191.82 27.9
1545200201.84 27.9
1545200211.86 27.9
1545200221.88 28.9
1545200231.9 27.9
1545200241.92 27.9
1545200251.94 28.4
1545200261.96 28.4
1545200271.98 28.4
1545200282.0 27.9
1545200292.01 27.9
1545200302.03 28.4
1545200312.05 28.4
1545200322.07 27.9
1545200332.09 28.9
1545200342.11 27.9
1545200352.13 28.9
1545200362.15 27.9
1545200372.17 28.4
1545200382.19 27.9
1545200392.21 27.9
1545200402.23 28.4
1545200412.25 27.9
1545200422.28 27.9
1545200432.3 27.9
1545200442.31 28.4
1545200452.33 27.3
1545200462.36 27.9
1545200472.38 27.9
1545200482.47 27.9
1545200492.48 27.9
1545200502.5 27.9
1545200512.52 27.9
1545200522.55 27.9
1545200532.57 27.9
1545200542.59 27.9
1545200552.61 27.9
1545200562.63 27.9
1545200572.64 27.9
1545200582.66 28.4
1545200592.68 27.9
1545200602.7 28.4
1545200612.72 27.9
1545200622.74 26.8
1545200632.76 27.9
1545200642.78 27.9
1545200652.81 27.9
1545200662.83 27.9
1545200672.85 27.9
1545200682.87 27.9
1545200692.89 27.9
1545200702.91 27.3
1545200712.93 27.9
1545200722.95 27.9
1545200732.97 27.9
1545200743.0 27.9
1545200753.02 27.3
1545200763.03 28.4
1545200773.05 27.9
1545200783.07 27.9
1545200793.09 27.9
1545200803.11 27.9
1545200813.13 27.9
1545200823.15 27.9
1545200833.17 27.9
1545200843.2 27.9
1545200853.22 27.9
1545200863.24 27.9
1545200873.27 27.9
1545200883.29 27.9
1545200893.31 27.9
1545200903.33 27.9
1545200913.35 27.3
1545200923.37 28.4
1545200933.38 28.4
1545200943.4 27.9
1545200953.42 27.9
1545200963.45 27.9
1545200973.46 28.4
1545200983.48 27.9
1545200993.5 27.9
1545201003.52 27.9
1545201013.55 27.9
1545201023.57 27.9
1545201033.58 27.9
1545201043.6 27.9
1545201053.62 27.9
1545201063.64 27.9
1545201073.67 28.4
1545201083.69 27.9
1545201093.71 27.9
1545201103.73 27.9
1545201113.75 27.9
1545201123.77 27.9
1545201133.79 27.9
1545201143.81 27.9
1545201153.83 27.9
1545201163.85 27.9
1545201173.87 28.9
1545201183.89 27.9
1545201193.91 27.9
1545201203.93 27.9
1545201213.95 27.9
1545201223.97 28.4
1545201233.99 27.9
1545201244.01 27.9
1545201254.03 27.9
1545201264.05 27.9
1545201274.08 27.9
1545201284.1 27.9
1545201294.12 27.9
1545201304.14 28.4
1545201314.16 28.4
1545201324.18 27.9
1545201334.2 28.4
1545201344.22 27.9
1545201354.24 27.9
1545201364.26 27.9
1545201374.28 27.9
1545201384.29 27.9
1545201394.31 27.9
1545201404.33 27.9
1545201414.35 27.9
1545201424.37 27.9
1545201434.39 27.9
1545201444.41 27.9
1545201454.43 27.9
1545201464.45 27.9
1545201474.48 27.9
1545201484.5 27.9
1545201494.53 27.9
1545201504.55 27.9
1545201514.57 27.3
1545201524.59 27.9
1545201534.61 27.9
1545201544.62 27.9
1545201554.64 27.9
1545201564.66 27.9
1545201574.68 27.9
1545201584.7 27.9
1545201594.72 27.3
1545201604.74 27.9
1545201614.77 27.9
1545201624.78 27.9
1545201634.8 27.9
1545201644.82 27.9
1545201654.84 27.9
1545201664.86 27.9
1545201674.88 27.9
1545201684.9 27.9
1545201694.93 27.9
1545201704.95 27.9
1545201714.97 27.9
1545201724.99 27.9
1545201735.01 27.9
1545201745.03 27.9
1545201755.05 27.3
1545201765.07 27.9
1545201775.09 27.9
1545201785.11 27.9
1545201795.13 27.9
1545201805.16 27.9
1545201815.18 27.3
1545201825.2 27.9
1545201835.22 27.3
1545201845.24 27.9
1545201855.26 27.9
1545201865.28 27.9
1545201875.3 27.9
1545201885.31 28.4
1545201895.33 27.9
1545201905.36 27.9
1545201915.38 27.3
1545201925.39 27.9
1545201935.41 27.9
1545201945.43 28.4
1545201955.45 27.9
1545201965.47 27.9
1545201975.48 27.9
1545201985.51 27.9
1545201995.53 27.9
1545202005.55 27.9
1545202015.57 27.9
1545202025.59 27.9
1545202035.6 27.9
1545202045.62 27.9
1545202055.64 27.9
1545202065.66 27.9
1545202075.68 27.9
1545202085.71 27.9
1545202095.73 27.9
1545202105.75 27.9
1545202115.77 27.9
1545202125.8 27.9
1545202135.82 27.3
1545202145.84 27.9
1545202155.86 27.9
1545202165.88 27.3
1545202175.9 27.9
1545202185.93 27.9
1545202195.94 27.9
1545202205.96 27.9
1545202215.98 27.9
1545202226.0 27.3
1545202236.02 27.9
1545202246.04 27.9
1545202256.06 27.9
1545202266.08 27.9
1545202276.1 27.9
1545202286.12 27.9
1545202296.15 27.9
1545202306.16 27.3
1545202316.18 27.9
1545202326.2 27.9
1545202336.23 27.9
1545202346.25 27.9
1545202356.27 27.9
1545202366.28 27.3
1545202376.3 27.9
1545202386.32 27.3
1545202396.34 27.9
1545202406.37 27.3
1545202416.39 27.9
1545202426.41 27.9
1545202436.43 27.9
1545202446.44 27.9
1545202456.46 27.9
1545202466.48 27.9
1545202476.5 27.9
1545202486.52 27.9
1545202496.54 27.9
1545202506.56 27.9
1545202516.59 27.9
1545202526.61 27.9
1545202536.63 27.9
1545202546.66 27.3
1545202556.68 27.9
1545202566.7 27.3
1545202576.72 27.9
1545202586.74 27.9
1545202596.77 27.9
1545202606.79 27.9
1545202616.8 27.9
1545202626.82 27.3
1545202636.84 27.9
1545202646.86 27.9
1545202656.88 27.9
1545202666.9 27.9
1545202676.92 27.9
1545202686.94 27.9
1545202696.96 27.9
1545202706.98 27.9
1545202717.0 27.9
1545202727.02 27.9
1545202737.04 27.9
1545202747.07 27.3
1545202757.09 27.9
1545202767.11 27.9
1545202777.13 27.9
1545202787.15 27.9
1545202797.17 27.9
1545202807.19 29.5
1545202817.21 28.4
1545202827.23 28.4
1545202837.25 27.9
1545202847.27 27.9
1545202857.29 27.9
1545202867.31 27.9
1545202877.33 27.9
1545202887.36 27.9
1545202897.38 28.4
1545202907.4 27.9
1545202917.42 27.9
1545202927.44 28.4
1545202937.46 27.9
1545202947.48 27.9
1545202957.5 27.3
1545202967.52 27.9
1545202977.55 27.9
1545202987.57 27.9
1545202997.59 27.9
1545203007.61 28.4
1545203017.63 27.9
1545203027.65 27.9
1545203037.67 27.9
1545203047.69 28.9
1545203057.71 27.9
1545203067.73 27.9
1545203077.75 28.4
1545203087.77 27.9
1545203097.79 27.9
1545203107.81 27.9
1545203117.84 27.9
1545203127.86 27.9
1545203137.88 27.9
1545203147.91 27.3
1545203157.93 27.9
1545203167.94 27.9
1545203177.96 27.3
1545203187.98 27.9
1545203198.0 27.9
1545203208.02 27.9
1545203218.04 27.9
1545203228.06 27.3
1545203238.08 27.9
1545203248.1 27.9
1545203258.11 27.9
1545203268.13 27.9
1545203278.15 27.9
1545203288.17 28.4
1545203298.18 27.9
1545203308.2 28.4
1545203318.21 27.9
1545203328.23 27.9
1545203338.25 28.4
1545203348.26 27.9
1545203358.28 27.9
1545203368.3 27.9
1545203378.32 28.4
1545203388.34 27.9
1545203398.35 27.9
1545203408.37 27.9
1545203418.39 27.9
1545203428.41 27.9
1545203438.43 27.9
1545203448.45 27.9
1545203458.47 27.9
1545203468.5 27.3
1545203478.52 27.9
1545203488.55 27.9
1545203498.57 27.9
1545203508.58 28.4
1545203518.6 27.9
1545203528.62 27.9
1545203538.64 27.9
1545203548.66 27.9
1545203558.68 27.9
1545203568.7 27.9
1545203578.72 27.9
1545203588.75 27.9
1545203598.77 27.9
1545203608.78 27.9
1545203618.8 27.9
1545203628.82 27.9
1545203638.84 27.9
1545203648.86 27.9
1545203658.89 27.9
1545203668.91 27.9
1545203678.93 27.9
1545203688.95 27.3
1545203698.97 28.4
1545203708.98 27.3
1545203719.0 27.9
1545203729.02 27.9
1545203739.04 27.3
1545203749.06 27.3
1545203759.08 27.9
1545203769.11 27.9
1545203779.13 27.3
1545203789.14 27.9
1545203799.16 27.9
1545203809.18 27.9
1545203819.21 27.9
1545203829.22 27.9
1545203839.24 27.9
1545203849.26 27.9
1545203859.29 27.9
1545203869.31 27.9
1545203879.33 27.9
1545203889.35 27.9
1545203899.37 27.9
1545203909.39 27.9
1545203919.41 27.9
1545203929.43 27.9
1545203939.44 27.9
1545203949.46 27.9
1545203959.48 27.9
1545203969.51 27.9
1545203979.53 27.9
1545203989.55 27.9
1545203999.57 27.9
1545204009.59 27.9
1545204019.61 27.9
1545204029.64 27.9
1545204039.66 27.9
1545204049.67 27.9
1545204059.69 27.9
1545204069.72 27.9
1545204079.74 27.9
1545204089.75 28.4
1545204099.78 27.9
1545204109.8 27.9
1545204119.83 27.9
1545204129.84 27.9
1545204139.86 27.9
1545204149.88 27.9
1545204159.9 28.9
1545204169.92 27.9
1545204179.94 28.4
1545204189.96 27.9
1545204199.98 27.9
1545204210.0 28.4
1545204220.02 27.9
1545204230.04 27.9
1545204240.06 27.9
1545204250.08 27.9
1545204260.1 27.9
1545204270.12 27.9
1545204280.14 27.9
1545204290.15 28.9
1545204300.18 27.9
1545204310.2 27.9
1545204320.22 27.9
1545204330.24 27.9
1545204340.26 27.9
1545204350.28 27.9
1545204360.3 27.9
1545204370.32 27.3
1545204380.34 27.9
1545204390.36 27.9
1545204400.38 27.9
1545204410.4 27.9
1545204420.42 27.9
1545204430.44 28.4
1545204440.46 27.9
1545204450.48 27.9
1545204460.5 27.9
1545204470.52 27.9
1545204480.55 28.4
1545204490.57 28.4
1545204500.59 27.9
1545204510.61 27.9
1545204520.63 27.9
1545204530.65 27.9
1545204540.67 27.9
1545204550.69 27.9
1545204560.72 27.9
1545204570.74 27.9
1545204580.76 27.9
1545204590.78 27.9
1545204600.8 27.9
1545204610.82 27.9
1545204620.84 27.9
1545204630.86 27.9
1545204640.88 27.9
1545204650.9 27.9
1545204660.93 27.9
1545204670.95 27.9
1545204680.97 27.3
1545204690.99 27.9
1545204701.01 27.9
1545204711.03 27.9
1545204721.05 28.4
1545204731.06 27.9
1545204741.08 27.9
1545204751.1 27.9
1545204761.13 27.9
1545204771.15 28.9
1545204781.17 27.9
1545204791.19 27.9
1545204801.21 27.9
1545204811.23 27.9
1545204821.25 27.9
1545204831.27 28.4
1545204841.3 27.9
1545204851.32 27.9
1545204861.34 27.9
1545204871.36 27.3
1545204881.38 27.3
1545204891.4 27.9
1545204901.42 27.9
1545204911.44 27.9
1545204921.46 27.9
1545204931.48 27.9
1545204941.5 27.9
1545204951.52 27.9
1545204961.55 27.9
1545204971.56 27.9
1545204981.58 27.9
1545204991.6 27.9
1545205001.62 27.9
1545205011.64 27.9
1545205021.66 27.9
1545205031.68 27.9
1545205041.7 27.9
1545205051.72 27.9
1545205061.74 27.9
1545205071.77 27.9
1545205081.78 27.3
1545205091.8 27.9
1545205101.82 27.9
1545205111.84 27.9
1545205121.86 27.9
1545205131.89 27.9
1545205141.9 27.9
1545205151.92 27.9
1545205161.94 27.9
1545205171.96 27.9
1545205181.98 27.9
1545205192.01 27.9
1545205202.03 27.9
1545205212.05 27.9
1545205222.06 27.9
1545205232.08 27.9
1545205242.1 28.4
1545205252.12 27.9
1545205262.14 27.9
1545205272.17 27.9
1545205282.18 28.4
1545205292.2 27.9
1545205302.22 27.3
1545205312.24 27.9
1545205322.27 27.9
1545205332.29 27.9
1545205342.31 27.9
1545205352.33 27.9
1545205362.34 28.4
1545205372.37 27.3
1545205382.39 27.9
1545205392.41 27.9
1545205402.43 27.9
1545205412.45 27.9
1545205422.47 27.9
1545205432.49 27.9
1545205442.51 27.9
1545205452.53 28.4
1545205462.56 27.9
1545205472.57 28.9
1545205482.59 28.9
1545205492.61 28.4
1545205502.64 28.4
1545205512.66 27.9
1545205522.68 27.9
1545205532.7 27.9
1545205542.72 28.9
1545205552.74 28.4
1545205562.75 27.9
1545205572.77 28.4
1545205582.79 27.9
1545205592.82 27.9
1545205602.84 28.4
1545205612.85 28.4
1545205622.87 27.9
1545205632.89 27.9
1545205642.92 27.9
1545205652.93 27.9
1545205662.95 27.9
1545205672.97 27.9
1545205682.99 27.9
1545205693.01 27.9
1545205703.04 27.3
1545205713.06 27.9
1545205723.08 27.9
1545205733.1 27.9
1545205743.12 27.9
1545205753.13 27.9
1545205763.15 28.4
1545205773.17 27.9
1545205783.19 27.9
1545205793.21 27.9
1545205803.23 27.9
1545205813.25 27.9
1545205823.27 27.9
1545205833.28 27.9
1545205843.3 27.9
1545205853.32 27.9
1545205863.34 27.9
1545205873.37 27.9
1545205883.39 27.9
1545205893.41 27.9
1545205903.43 28.4
1545205913.45 27.9
1545205923.47 27.9
1545205933.49 28.4
1545205943.52 27.9
1545205953.53 28.4
1545205963.55 27.9
1545205973.57 28.9
1545205983.59 27.9
1545205993.61 28.4
1545206003.62 27.9
1545206013.64 28.4
1545206023.66 27.9
1545206033.68 27.9
1545206043.71 27.9
1545206053.73 27.9
1545206063.75 27.9
1545206073.76 27.9
1545206083.78 27.9
1545206093.8 27.9
1545206103.82 27.9
1545206113.85 27.9
1545206123.87 27.9
1545206133.88 27.9
1545206143.9 27.9
1545206153.92 27.9
1545206163.94 27.9
1545206173.96 27.9
1545206183.98 27.9
1545206194.01 27.9
1545206204.03 28.4
1545206214.06 27.9
1545206224.08 26.8
1545206234.1 27.9
1545206244.13 27.9
1545206254.15 27.9
1545206264.17 27.9
1545206274.19 27.9
1545206284.21 27.9
1545206294.23 27.9
1545206304.25 27.9
1545206314.27 27.9
1545206324.29 28.4
1545206334.31 27.9
1545206344.33 28.4
1545206354.35 27.9
1545206364.37 27.9
1545206374.39 27.9
1545206384.42 27.9
1545206394.44 27.9
1545206404.46 27.9
1545206414.48 28.4
1545206424.49 28.4
1545206434.51 27.9
1545206444.53 27.9
1545206454.56 27.9
1545206464.58 28.4
1545206474.6 27.9
1545206484.62 27.9
1545206494.64 27.9
1545206504.66 27.9
1545206514.68 27.9
1545206524.7 27.9
1545206534.72 28.4
1545206544.73 28.4
1545206554.75 27.9
1545206564.77 27.9
1545206574.79 28.4
1545206584.81 27.9
1545206594.83 27.9
1545206604.85 27.9
1545206614.87 28.4
1545206624.89 27.9
1545206634.92 27.9
1545206644.94 27.9
1545206654.96 27.9
1545206664.98 28.9
1545206675.0 27.9
1545206685.02 27.9
1545206695.04 27.9
1545206705.06 27.9
1545206715.08 27.9
1545206725.1 28.4
1545206735.13 27.9
1545206745.15 27.9
1545206755.17 28.4
1545206765.19 28.4
1545206775.21 27.9
1545206785.23 28.4
1545206795.25 27.9
1545206805.27 27.9
1545206815.29 27.9
1545206825.31 27.9
1545206835.33 28.4
1545206845.35 27.9
1545206855.37 28.4
1545206865.39 27.9
1545206875.41 27.9
1545206885.43 27.3
1545206895.46 27.9
1545206905.48 27.9
1545206915.5 27.9
1545206925.53 27.9
1545206935.55 27.9
1545206945.57 27.9
1545206955.58 28.4
1545206965.6 28.4
1545206975.63 27.9
1545206985.65 27.9
1545206995.67 27.9
1545207005.69 28.4
1545207015.71 27.9
1545207025.73 27.9
1545207035.75 28.4
1545207045.77 27.9
1545207055.79 27.9
1545207065.81 27.9
1545207075.84 28.4
1545207085.86 28.4
1545207095.88 28.4
1545207105.89 27.9
1545207115.91 28.9
1545207125.93 27.9
1545207135.95 27.9
1545207145.97 28.9
1545207155.99 27.9
1545207166.01 27.9
1545207176.03 27.9
1545207186.05 27.9
1545207196.07 27.9
1545207206.09 27.9
1545207216.11 27.9
1545207226.13 28.4
1545207236.16 27.9
1545207246.18 27.9
1545207256.2 27.9
1545207266.22 27.9
1545207276.24 28.4
1545207286.26 27.9
1545207296.28 27.9
1545207306.3 27.9
1545207316.32 27.9
1545207326.34 27.9
1545207336.37 27.9
1545207346.39 27.9
1545207356.41 27.9
1545207366.42 27.9
1545207376.44 28.4
1545207386.46 27.9
1545207396.48 27.9
1545207406.51 27.9
1545207416.53 27.9
1545207426.55 27.9
1545207436.57 27.9
1545207446.59 27.9
1545207456.61 27.9
1545207466.63 27.9
1545207476.65 27.9
1545207486.67 27.9
1545207496.69 27.9
1545207506.71 27.9
1545207516.73 28.4
1545207526.76 27.9
1545207536.78 27.9
1545207546.8 27.9
1545207556.82 27.9
1545207566.84 27.9
1545207576.86 27.9
1545207586.88 28.9
1545207596.9 27.9
1545207606.93 28.4
1545207616.95 27.9
1545207626.97 27.9
1545207636.99 28.9
1545207647.01 27.9
1545207657.03 28.4
1545207667.05 27.9
1545207677.07 27.9
1545207687.09 27.9
1545207697.13 27.9
1545207707.15 27.9
1545207717.16 28.9
1545207727.19 27.9
1545207737.21 27.9
1545207747.23 27.9
1545207757.25 27.9
1545207767.27 28.4
1545207777.29 28.4
1545207787.31 27.9
1545207797.33 28.4
1545207807.35 28.4
1545207817.37 28.4
1545207827.39 27.9
1545207837.41 27.9
1545207847.43 28.4
1545207857.45 28.4
1545207867.47 27.9
1545207877.49 27.9
1545207887.51 27.9
1545207897.53 27.9
1545207907.55 27.9
1545207917.57 27.9
1545207927.59 27.9
1545207937.62 27.9
1545207947.64 27.9
1545207957.66 28.4
1545207967.68 27.9
1545207977.7 27.9
1545207987.71 27.9
1545207997.73 28.4
1545208007.75 27.9
1545208017.77 27.9
1545208027.8 28.4
1545208037.82 28.4
1545208047.84 27.9
1545208057.86 28.4
1545208067.88 27.9
1545208077.9 28.4
1545208087.92 28.4
1545208097.94 28.4
1545208107.96 27.9
1545208117.98 27.9
1545208128.01 28.9
1545208138.03 27.9
1545208148.05 28.4
1545208158.06 28.4
1545208168.08 28.9
1545208178.1 27.9
1545208188.12 27.9
1545208198.14 28.4
1545208208.16 28.9
1545208218.18 28.4
1545208228.2 27.9
1545208238.22 28.4
1545208248.24 28.4
1545208258.26 28.4
1545208268.28 27.9
1545208278.3 28.4
1545208288.32 27.9
1545208298.34 27.9
1545208308.36 28.4
1545208318.39 27.9
1545208328.41 28.4
1545208338.42 28.9
1545208348.46 27.9
1545208358.48 27.9
1545208368.49 28.9
1545208378.51 28.9
1545208388.54 28.9
1545208398.55 28.9
1545208408.57 28.4
1545208418.58 27.9
1545208428.6 28.4
1545208438.62 27.9
1545208448.64 27.9
1545208458.67 27.9
1545208468.69 27.9
1545208478.71 27.9
1545208488.73 28.9
1545208498.75 28.9
1545208508.77 28.4
1545208518.79 28.4
1545208528.81 27.9
1545208538.83 27.9
1545208548.85 27.9
1545208558.87 27.9
1545208568.89 27.9
1545208578.91 27.9
1545208588.93 27.9
1545208598.95 27.9
1545208608.97 27.9
1545208618.99 27.9
1545208629.01 28.4
1545208639.03 27.9
1545208649.05 28.9
1545208659.07 27.9
1545208669.09 28.9
1545208679.11 27.9
1545208689.13 27.9
1545208699.16 27.9
1545208709.18 28.9
1545208719.19 28.4
1545208729.21 27.9
1545208739.23 27.9
1545208749.25 27.9
1545208759.27 28.4
1545208769.29 27.9
1545208779.32 27.9
1545208789.34 27.9
1545208799.36 27.9
1545208809.38 27.9
1545208819.4 28.9
1545208829.42 27.9
1545208839.44 27.9
1545208849.46 27.9
1545208859.48 28.4
1545208869.5 28.4
1545208879.53 27.9
1545208889.54 28.9
1545208899.56 28.4
1545208909.58 28.4
1545208919.6 28.4
1545208929.62 28.4
1545208939.64 28.4
1545208949.66 27.9
1545208959.68 27.9
1545208969.7 27.9
1545208979.72 27.9
1545208989.74 28.9
1545208999.76 28.4
1545209009.78 28.4
1545209019.8 28.4
1545209029.82 27.9
1545209039.84 28.4
1545209049.86 28.4
1545209059.88 27.9
1545209069.91 28.4
1545209079.93 27.9
1545209089.95 28.4
1545209099.97 27.9
1545209109.99 28.4
1545209120.01 27.9
1545209130.03 28.4
1545209140.05 28.4
1545209150.07 28.4
1545209160.09 28.4
1545209170.12 27.9
1545209180.13 28.4
1545209190.15 27.9
1545209200.17 27.9
1545209210.2 28.4
1545209220.22 27.9
1545209230.23 27.9
1545209240.25 28.4
1545209250.27 28.4
1545209260.29 27.9
1545209270.31 28.4
1545209280.33 27.9
1545209290.35 28.4
1545209300.38 27.9
1545209310.4 27.9
1545209320.42 28.4
1545209330.44 28.4
1545209340.46 27.9
1545209350.47 28.9
1545209360.5 28.4
1545209370.52 28.9
1545209380.54 28.4
1545209390.56 28.4
1545209400.58 27.9
1545209410.6 28.4
1545209420.62 27.9
1545209430.64 27.9
1545209440.66 27.9
1545209450.68 27.9
1545209460.71 28.4
1545209470.73 28.4
1545209480.75 27.9
1545209490.77 27.9
1545209500.79 28.4
1545209510.81 28.9
1545209520.83 27.9
1545209530.85 27.9
1545209540.87 28.4
1545209550.89 27.9
1545209560.91 27.9
1545209570.94 27.9
1545209580.96 28.4
1545209590.98 27.9
1545209601.0 27.9
1545209611.02 27.9
1545209621.04 28.4
1545209631.06 27.9
1545209641.08 28.9
1545209651.1 27.9
1545209661.12 27.9
1545209671.14 28.4
1545209681.16 28.4
1545209691.18 28.9
1545209701.2 28.4
1545209711.22 28.4
1545209721.24 28.4
1545209731.27 28.9
1545209741.29 28.4
1545209751.31 27.9
1545209761.33 28.9
1545209771.35 28.4
1545209781.37 28.4
1545209791.39 28.4
1545209801.41 28.9
1545209811.43 28.9
1545209821.45 27.9
1545209831.47 28.9
1545209841.49 28.4
1545209851.51 28.4
1545209861.53 28.4
1545209871.55 28.4
1545209881.58 28.4
1545209891.62 28.4
1545209901.64 28.9
1545209911.66 27.9
1545209921.67 28.9
1545209931.7 28.4
1545209941.71 28.9
1545209951.73 27.9
1545209961.75 28.4
1545209971.77 28.9
1545209981.8 28.9
1545209991.82 28.4
1545210001.83 28.9
