1545500004.03 41.9
1545500014.05 42.4
1545500024.07 42.9
1545500034.09 41.9
1545500044.11 41.9
1545500054.13 42.4
1545500064.15 41.9
1545500074.17 42.4
1545500084.19 42.9
1545500094.21 42.9
1545500104.22 43.5
1545500114.24 42.9
1545500124.26 42.9
1545500134.28 42.9
1545500144.3 42.9
1545500154.31 42.9
1545500164.33 42.4
1545500174.35 42.9
1545500184.36 43.5
1545500194.39 42.9
1545500204.4 42.9
1545500214.42 41.9
1545500224.44 41.9
1545500234.46 42.9
1545500244.48 41.9
1545500254.49 42.4
1545500264.51 42.9
1545500274.53 43.5
1545500284.54 41.9
1545500294.56 42.4
1545500304.58 42.9
1545500314.6 41.9
1545500324.62 42.9
1545500334.63 42.9
1545500344.64 43.5
1545500354.67 41.9
1545500364.69 42.4
1545500374.71 42.4
1545500384.73 41.9
1545500394.75 41.9
1545500404.77 42.9
1545500414.79 42.4
1545500424.8 41.9
1545500434.82 42.4
1545500444.84 42.9
1545500454.85 42.4
1545500464.87 41.9
1545500474.89 41.9
1545500484.91 41.9
1545500494.93 41.9
1545500504.96 41.9
1545500514.97 42.4
1545500524.99 41.9
1545500535.01 42.9
1545500545.02 42.4
1545500555.04 41.9
1545500565.05 42.4
1545500575.08 41.9
1545500585.09 42.9
1545500595.11 41.9
1545500605.12 42.9
1545500615.14 42.9
1545500625.16 42.9
1545500635.18 42.9
1545500645.2 42.9
1545500655.23 43.5
1545500665.25 42.9
1545500675.27 42.9
1545500685.28 42.9
1545500695.3 42.9
1545500705.33 42.4
1545500715.35 42.4
1545500725.36 42.9
1545500735.38 42.9
1545500745.4 41.9
1545500755.42 42.4
1545500765.44 42.9
1545500775.45 42.9
1545500785.47 42.9
1545500795.49 42.9
1545500805.51 42.9
1545500815.53 42.4
1545500825.55 42.9
1545500835.57 42.9
1545500845.59 42.4
1545500855.61 42.9
1545500865.63 42.9
1545500875.65 42.9
1545500885.67 42.9
1545500895.69 42.9
1545500905.69 43.5
1545500915.72 42.9
1545500925.82 44.0
1545500935.85 42.9
1545500945.87 43.5
1545500955.88 43.5
1545500965.91 42.9
1545500975.92 42.9
1545500985.94 42.9
1545500995.96 42.4
1545501005.98 42.9
1545501016.01 42.9
1545501026.02 43.5
1545501036.04 42.9
1545501046.06 41.9
1545501056.08 42.9
1545501066.1 43.5
1545501076.12 42.9
1545501086.14 42.9
1545501096.16 42.9
1545501106.16 43.5
1545501116.19 42.9
1545501126.2 42.9
1545501136.22 42.9
1545501146.23 43.5
1545501156.25 44.0
1545501166.27 43.5
1545501176.28 44.0
1545501186.3 42.9
1545501196.32 42.9
1545501206.34 42.9
1545501216.36 42.4
1545501226.36 42.9
1545501236.39 42.4
1545501246.4 42.9
1545501256.42 43.5
1545501266.44 42.9
1545501276.45 43.5
1545501286.47 42.9
1545501296.49 42.9
1545501306.51 42.9
1545501316.52 43.5
1545501326.54 43.5
1545501336.56 42.9
1545501346.57 43.5
1545501356.59 44.0
1545501366.61 43.5
1545501376.63 42.9
1545501386.64 44.0
1545501396.67 42.9
1545501406.68 42.9
1545501416.7 42.9
1545501426.72 43.5
1545501436.73 43.5
1545501446.76 43.5
1545501456.77 42.9
1545501466.79 43.5
1545501476.81 42.4
1545501486.82 42.9
1545501496.84 42.9
1545501506.86 43.5
1545501516.87 42.9
1545501526.9 42.9
1545501536.92 42.9
1545501546.94 42.9
1545501556.95 43.5
1545501566.97 42.9
1545501576.99 41.9
1545501587.01 42.9
1545501597.03 41.9
