1546400000.62 34.9
1546400010.64 34.9
1546400020.66 34.9
1546400030.68 35.4
1546400040.7 34.9
1546400050.72 34.9
1546400060.75 35.4
1546400070.77 34.9
1546400080.79 35.9
1546400090.8 35.4
1546400100.82 34.9
1546400110.84 35.4
1546400120.86 35.4
1546400130.88 34.9
1546400140.9 35.4
1546400150.93 34.3
1546400160.95 34.9
1546400170.96 35.4
1546400180.98 34.9
1546400191.0 34.9
1546400201.02 35.4
1546400211.04 35.4
1546400221.06 34.9
1546400231.08 35.4
1546400241.1 35.4
1546400251.12 35.4
1546400261.14 35.9
1546400271.15 35.9
1546400281.17 35.4
1546400291.18 35.9
1546400301.2 35.4
1546400311.22 35.4
1546400321.24 36.5
1546400331.26 35.4
1546400341.28 35.9
1546400351.29 35.4
1546400361.31 34.9
1546400371.33 35.4
1546400381.35 34.9
1546400391.37 35.9
1546400401.39 35.9
1546400411.41 35.4
1546400421.43 34.9
1546400431.46 35.4
1546400441.48 35.4
1546400451.51 34.9
1546400461.53 34.9
1546400471.54 35.4
1546400481.56 34.3
1546400491.59 34.9
1546400501.61 34.9
1546400511.63 35.4
1546400521.65 34.9
1546400531.67 34.9
1546400541.69 35.4
1546400551.71 35.4
1546400561.73 36.5
1546400571.75 36.5
1546400581.76 35.4
1546400591.77 35.4
1546400601.8 34.9
1546400611.81 35.4
1546400621.83 35.4
1546400631.84 35.9
1546400641.87 35.4
1546400651.88 35.4
1546400661.9 35.4
1546400671.92 35.4
1546400681.95 35.9
1546400691.97 35.4
1546400701.98 35.4
1546400712.0 35.4
1546400722.02 35.4
1546400732.04 34.9
1546400742.07 35.4
1546400752.09 34.9
1546400762.11 34.9
1546400772.13 34.9
1546400782.15 34.3
1546400792.17 34.3
1546400802.19 34.3
1546400812.22 35.4
1546400822.24 34.3
1546400832.26 34.3
1546400842.28 35.4
1546400852.31 34.9
1546400862.32 34.9
1546400872.35 34.3
1546400882.37 34.9
1546400892.39 35.4
1546400902.41 34.9
1546400912.44 34.9
1546400922.46 34.3
1546400932.49 34.9
1546400942.51 35.4
1546400952.53 35.9
1546400962.55 34.9
1546400972.58 35.4
1546400982.6 34.3
1546400992.62 34.3
1546401002.64 34.9
1546401012.66 34.3
1546401022.67 35.4
1546401032.69 34.9
1546401042.72 34.3
1546401052.74 34.3
1546401062.76 34.9
1546401072.78 34.3
1546401082.8 34.3
1546401092.83 34.9
1546401102.85 34.3
1546401112.87 34.3
1546401122.89 34.3
1546401132.91 34.9
1546401142.93 35.4
1546401152.95 34.3
1546401162.97 34.9
1546401173.0 34.3
1546401183.02 34.3
1546401193.03 34.9
1546401203.05 34.9
1546401213.07 35.4
1546401223.09 34.9
1546401233.11 34.9
1546401243.13 34.9
1546401253.15 34.3
1546401263.18 34.3
1546401273.19 34.9
1546401283.21 35.4
1546401293.23 34.9
1546401303.25 33.2
1546401313.27 33.8
1546401323.29 34.3
1546401333.32 34.3
1546401343.34 34.3
1546401353.37 34.3
1546401363.39 34.3
1546401373.41 34.3
1546401383.43 34.9
1546401393.44 34.9
1546401403.47 34.3
1546401413.49 33.8
1546401423.51 34.9
1546401433.52 34.9
1546401443.54 34.3
1546401453.56 34.3
1546401463.58 33.8
1546401473.6 34.3
1546401483.62 34.3
1546401493.64 34.3
1546401503.66 33.8
1546401513.68 33.8
1546401523.71 34.3
1546401533.73 34.9
1546401543.75 34.3
1546401553.77 34.3
1546401563.79 34.9
1546401573.81 34.9
1546401583.83 34.3
1546401593.85 34.3
1546401603.87 35.9
1546401613.89 34.9
1546401623.91 34.3
1546401633.93 34.3
1546401643.95 34.3
1546401653.97 34.3
1546401663.99 33.8
1546401674.02 34.3
1546401684.04 33.8
1546401694.06 34.3
1546401704.08 34.9
1546401714.1 34.3
1546401724.12 33.8
1546401734.14 34.9
1546401744.15 34.3
1546401754.17 34.3
1546401764.18 34.3
1546401774.21 33.8
1546401784.23 34.3
1546401794.25 33.8
1546401804.27 34.3
1546401814.29 34.3
1546401824.3 34.9
1546401834.33 33.8
1546401844.34 34.3
1546401854.36 34.9
1546401864.38 34.3
1546401874.4 34.3
1546401884.42 33.8
1546401894.43 34.3
1546401904.45 33.2
1546401914.48 33.8
1546401924.5 34.3
1546401934.52 34.3
1546401944.54 33.8
1546401954.56 34.3
1546401964.58 33.8
1546401974.6 33.8
1546401984.62 33.2
1546401994.65 34.3
1546402004.67 33.8
1546402014.69 34.3
1546402024.71 34.9
1546402034.73 34.3
1546402044.75 34.3
1546402054.78 33.8
1546402064.8 34.9
1546402074.82 34.3
1546402084.84 33.8
1546402094.86 34.9
1546402104.88 34.3
1546402114.9 34.3
1546402124.92 34.3
1546402134.95 34.3
1546402144.97 34.3
1546402154.99 34.9
1546402165.02 34.3
1546402175.05 33.8
1546402185.07 33.8
1546402195.1 34.3
1546402205.12 33.8
1546402215.15 34.3
1546402225.17 34.3
1546402235.19 34.3
1546402245.21 33.2
1546402255.23 33.8
1546402265.25 34.3
1546402275.28 34.3
1546402285.3 33.8
1546402295.33 33.2
1546402305.35 33.8
1546402315.38 33.8
1546402325.4 33.2
1546402335.42 33.2
1546402345.45 33.2
1546402355.48 33.8
1546402365.5 33.2
1546402375.53 33.8
1546402385.55 33.8
1546402395.58 33.8
1546402405.6 33.2
1546402415.62 33.2
1546402425.66 33.2
1546402435.68 34.3
1546402445.7 34.3
1546402455.73 33.8
1546402465.75 33.8
1546402475.78 33.2
1546402485.8 34.3
1546402495.82 34.3
1546402505.84 33.8
1546402515.86 34.3
1546402525.88 34.3
1546402535.91 34.9
1546402545.93 34.3
1546402555.95 33.8
1546402565.98 34.3
1546402576.0 33.8
1546402586.02 34.9
1546402596.04 34.9
1546402606.06 34.3
1546402616.08 33.8
1546402626.1 34.3
1546402636.13 34.3
1546402646.15 34.3
1546402656.17 33.2
1546402666.19 34.3
1546402676.21 33.2
1546402686.23 33.8
1546402696.25 33.2
1546402706.27 33.8
1546402716.3 33.2
1546402726.32 33.8
1546402736.34 33.8
1546402746.36 34.3
1546402756.38 33.2
1546402766.4 34.3
1546402776.42 33.8
1546402786.44 33.8
1546402796.47 33.8
1546402806.49 34.3
1546402816.51 34.3
1546402826.53 33.2
1546402836.56 33.2
1546402846.58 34.3
1546402856.6 33.8
1546402866.61 34.3
1546402876.63 34.3
1546402886.65 33.2
1546402896.67 33.2
1546402906.69 33.2
1546402916.71 33.2
1546402926.73 33.8
1546402936.75 33.8
1546402946.77 33.2
1546402956.79 33.8
1546402966.81 33.2
1546402976.83 33.8
1546402986.84 33.8
1546402996.86 33.8
1546403006.89 33.2
1546403016.9 33.8
1546403026.92 33.8
1546403036.94 33.8
1546403046.96 34.3
1546403056.98 34.3
1546403067.0 34.3
1546403077.01 33.8
1546403087.03 33.8
1546403097.05 34.3
1546403107.07 34.3
1546403117.09 34.3
1546403127.11 33.8
1546403137.13 34.3
1546403147.15 34.3
1546403157.17 33.2
1546403167.19 33.2
1546403177.2 34.3
1546403187.23 34.3
1546403197.25 33.8
1546403207.26 34.3
1546403217.28 34.3
1546403227.3 34.9
1546403237.31 34.3
1546403247.34 33.2
1546403257.36 33.2
1546403267.38 34.3
1546403277.39 34.9
1546403287.41 33.2
1546403297.43 34.3
1546403307.45 34.3
1546403317.46 34.3
1546403327.48 33.2
1546403337.5 33.2
1546403347.51 34.3
1546403357.53 34.3
1546403367.55 33.8
1546403377.57 34.9
1546403387.58 34.9
1546403397.61 34.3
1546403407.61 34.9
1546403417.63 34.3
1546403427.66 33.8
1546403437.68 34.3
1546403447.7 34.3
1546403457.72 34.3
1546403467.74 34.9
1546403477.76 34.3
1546403487.79 34.3
1546403497.81 34.3
1546403507.82 34.9
1546403517.84 34.3
1546403527.87 33.8
1546403537.89 34.3
1546403547.91 33.8
1546403557.93 34.3
1546403567.99 34.3
1546403578.01 33.2
1546403588.03 34.9
1546403598.05 34.3
1546403608.07 33.2
1546403618.09 33.2
1546403628.11 34.3
1546403638.12 33.2
1546403648.14 33.8
1546403658.16 34.9
1546403668.18 33.2
1546403678.2 34.3
1546403688.23 33.8
1546403698.25 34.3
1546403708.27 34.3
1546403718.29 34.3
1546403728.31 34.3
1546403738.33 33.8
1546403748.36 33.2
1546403758.38 33.2
1546403768.4 34.3
1546403778.42 33.8
1546403788.44 34.3
1546403798.47 33.2
1546403808.49 34.3
1546403818.51 33.2
1546403828.53 33.2
1546403838.55 33.2
1546403848.58 33.8
1546403858.59 34.3
1546403868.62 34.3
1546403878.64 33.2
1546403888.66 33.2
1546403898.68 33.2
1546403908.7 33.8
1546403918.72 33.2
1546403928.74 33.2
1546403938.77 33.2
1546403948.79 33.2
1546403958.81 33.2
1546403968.83 33.2
1546403978.85 33.8
1546403988.89 34.3
1546403998.9 33.8
1546404008.92 34.3
1546404018.94 32.2
1546404028.97 33.2
1546404038.99 33.2
1546404049.01 33.2
1546404059.03 32.7
1546404069.06 33.2
1546404079.08 33.2
1546404089.1 33.2
1546404099.12 33.2
1546404109.15 33.2
1546404119.17 32.7
1546404129.19 33.2
1546404139.21 32.7
1546404149.23 33.2
1546404159.26 33.2
1546404169.27 33.8
1546404179.3 33.2
1546404189.31 33.8
1546404199.34 33.2
1546404209.36 33.2
1546404219.38 33.2
1546404229.41 33.2
1546404239.44 32.7
1546404249.46 33.2
1546404259.48 33.2
1546404269.51 33.2
1546404279.53 33.2
1546404289.55 33.8
1546404299.56 33.2
1546404309.59 33.2
1546404319.61 33.2
1546404329.63 33.8
1546404339.65 33.2
1546404349.67 34.3
1546404359.68 33.8
1546404369.7 34.3
1546404379.72 34.3
1546404389.74 34.3
1546404399.76 34.3
1546404409.78 34.3
1546404419.8 34.3
1546404429.82 33.8
1546404439.84 33.8
1546404449.86 34.3
1546404459.88 34.3
1546404469.91 33.8
1546404479.93 33.2
1546404489.95 34.3
1546404499.97 33.2
1546404509.99 33.2
1546404520.01 34.3
1546404530.03 33.8
1546404540.05 34.3
1546404550.06 34.9
1546404560.08 34.3
1546404570.1 34.3
1546404580.12 34.3
1546404590.14 34.3
1546404600.16 34.9
1546404610.19 34.3
1546404620.21 34.3
1546404630.23 34.3
1546404640.25 34.3
1546404650.26 34.3
1546404660.28 34.3
1546404670.3 34.9
1546404680.31 34.3
1546404690.34 34.3
1546404700.36 33.8
1546404710.37 34.3
1546404720.4 34.9
1546404730.42 34.3
1546404740.44 34.3
1546404750.46 34.3
1546404760.49 34.3
1546404770.51 34.3
1546404780.53 33.8
1546404790.56 33.8
1546404800.58 33.2
1546404810.6 33.2
1546404820.62 34.3
1546404830.64 33.8
1546404840.67 33.2
1546404850.69 33.8
1546404860.71 33.2
1546404870.73 33.2
1546404880.76 33.8
1546404890.78 33.8
1546404900.8 33.2
1546404910.82 33.2
1546404920.84 32.7
1546404930.86 33.2
1546404940.88 33.2
1546404950.9 33.2
1546404960.92 33.2
1546404970.95 33.2
1546404980.96 33.2
1546404990.99 33.2
1546405001.01 33.2
1546405011.03 32.7
1546405021.06 32.7
1546405031.07 34.3
1546405041.09 33.8
1546405051.12 33.2
1546405061.14 33.2
1546405071.16 33.8
1546405081.18 32.7
1546405091.25 32.7
1546405101.27 32.7
1546405111.3 32.7
1546405121.32 32.7
1546405131.34 34.3
1546405141.36 32.2
1546405151.38 32.7
1546405161.41 33.2
1546405171.43 33.2
1546405181.45 33.2
1546405191.48 33.2
1546405201.5 32.7
