1546700007.94 40.8
1546700017.96 40.8
1546700027.97 41.9
1546700037.99 40.8
1546700048.01 41.9
1546700058.02 41.9
1546700068.04 40.8
1546700078.06 41.3
1546700088.08 40.8
1546700098.1 41.9
1546700108.12 41.3
1546700118.15 41.9
1546700128.17 40.8
1546700138.19 41.3
1546700148.21 40.8
1546700158.23 41.9
1546700168.25 41.3
1546700178.27 42.4
1546700188.29 41.9
1546700198.32 41.9
1546700208.34 41.3
1546700218.36 42.4
1546700228.39 41.9
1546700238.4 41.9
1546700248.42 40.8
1546700258.45 40.8
1546700268.47 41.9
1546700278.49 41.9
1546700288.51 41.3
1546700298.53 41.9
1546700308.56 41.9
1546700318.58 40.8
1546700328.6 41.3
1546700338.63 41.3
1546700348.65 42.4
1546700358.67 41.9
1546700368.69 41.9
1546700378.71 40.8
1546700388.73 41.9
1546700398.75 41.9
