1546100006.87 53.7
1546100016.88 54.2
1546100026.9 53.7
1546100036.92 54.2
1546100046.93 53.7
1546100056.95 55.3
1546100066.97 54.2
1546100076.98 54.8
1546100087.0 54.2
1546100097.02 53.7
1546100107.04 54.2
1546100117.05 54.2
1546100127.07 54.8
1546100137.09 54.8
1546100147.1 54.8
1546100157.12 54.8
1546100167.14 54.8
1546100177.16 54.8
1546100187.18 54.8
1546100197.2 54.8
1546100207.22 54.8
1546100217.24 54.8
1546100227.26 54.2
1546100237.27 54.8
1546100247.3 55.3
1546100257.32 55.3
1546100267.33 54.8
1546100277.35 54.8
1546100287.36 54.8
1546100297.38 55.3
1546100307.4 55.8
1546100317.41 54.8
1546100327.43 55.3
1546100337.45 54.2
1546100347.47 53.7
1546100357.48 54.8
1546100367.49 54.8
1546100377.51 54.8
1546100387.52 55.3
1546100397.54 54.2
1546100407.56 54.2
1546100417.57 54.8
1546100427.59 54.8
1546100437.61 54.2
1546100447.63 54.2
1546100457.65 54.2
1546100467.67 54.8
1546100477.69 54.8
1546100487.71 54.8
1546100497.72 54.8
1546100507.74 55.3
1546100517.76 54.2
1546100527.78 54.8
1546100537.8 55.3
1546100547.81 55.3
1546100557.82 55.3
1546100567.84 55.3
1546100577.86 55.8
1546100587.88 55.3
1546100597.89 54.8
1546100607.91 54.8
1546100617.92 55.8
1546100627.94 54.8
1546100637.96 54.8
1546100647.99 54.8
1546100658.02 54.8
1546100668.02 55.8
1546100678.04 55.8
1546100688.06 54.8
1546100698.08 55.3
1546100708.1 54.8
1546100718.12 55.8
1546100728.15 55.8
1546100738.18 55.3
1546100748.2 55.3
1546100758.22 55.8
1546100768.24 56.4
1546100778.27 54.2
1546100788.29 54.8
1546100798.32 55.8
1546100808.34 55.8
1546100818.36 54.8
1546100828.38 55.8
1546100838.4 55.3
1546100848.42 56.4
1546100858.44 55.8
1546100868.46 55.8
1546100878.48 55.8
1546100888.5 55.3
1546100898.53 55.8
1546100908.55 55.3
1546100918.57 54.8
1546100928.6 55.3
1546100938.62 54.8
1546100948.64 55.3
1546100958.67 55.3
1546100968.7 54.8
1546100978.72 55.8
1546100988.74 55.8
1546100998.75 54.8
1546101008.78 54.8
1546101018.8 55.3
1546101028.83 54.8
1546101038.85 54.8
1546101048.87 54.8
1546101058.89 55.3
1546101068.92 55.3
1546101078.94 54.2
1546101088.96 55.3
1546101098.99 54.8
1546101109.02 54.2
1546101119.04 54.2
1546101129.06 54.8
1546101139.07 55.8
1546101149.09 55.3
1546101159.12 55.3
1546101169.12 55.8
1546101179.14 54.8
1546101189.16 54.8
1546101199.17 55.3
1546101209.2 54.2
1546101219.22 54.2
1546101229.24 55.8
1546101239.25 55.3
1546101249.28 54.8
1546101259.3 55.3
1546101269.32 54.8
1546101279.34 54.8
1546101289.36 55.8
1546101299.38 55.3
1546101309.41 54.8
1546101319.43 55.3
1546101329.45 54.8
1546101339.48 55.3
1546101349.5 54.8
1546101359.52 54.8
1546101369.55 54.8
1546101379.57 54.2
1546101389.6 54.8
1546101399.62 54.8
1546101409.64 55.3
1546101419.66 54.8
1546101429.68 54.2
1546101439.71 55.3
1546101449.73 55.3
1546101459.75 55.8
1546101469.78 54.8
1546101479.8 54.8
1546101489.82 55.3
1546101499.85 54.8
1546101509.88 54.8
1546101519.9 54.8
1546101529.92 54.8
1546101539.94 54.8
1546101549.97 54.8
1546101559.99 54.8
1546101570.02 53.7
1546101580.04 54.8
1546101590.06 54.8
1546101600.09 54.2
1546101610.11 54.8
1546101620.13 54.2
1546101630.15 54.8
1546101640.18 54.8
1546101650.2 54.2
1546101660.22 54.2
1546101670.25 53.7
1546101680.27 53.7
1546101690.3 53.7
1546101700.32 54.8
1546101710.34 53.7
1546101720.37 55.3
1546101730.38 54.8
1546101740.41 53.7
1546101750.43 54.8
1546101760.44 54.8
1546101770.46 54.2
1546101780.48 54.8
1546101790.5 53.7
1546101800.52 53.7
1546101810.54 54.8
1546101820.56 54.8
1546101830.58 53.7
1546101840.6 54.8
1546101850.62 54.8
1546101860.63 53.7
1546101870.65 53.7
1546101880.67 53.7
1546101890.69 54.8
1546101900.71 54.8
1546101910.73 54.8
1546101920.75 54.8
1546101930.76 54.2
1546101940.77 54.8
1546101950.8 54.8
1546101960.81 54.8
1546101970.83 55.3
1546101980.84 54.8
1546101990.86 55.3
1546102000.87 55.3
1546102010.89 54.8
1546102020.91 54.8
1546102030.93 54.8
1546102040.95 55.3
1546102050.96 54.8
1546102060.99 55.3
1546102071.01 54.2
1546102081.01 53.7
1546102091.03 54.8
1546102101.04 54.8
1546102111.05 55.3
1546102121.07 54.8
1546102131.08 54.8
1546102141.1 54.8
1546102151.12 54.8
1546102161.13 54.8
1546102171.14 54.8
1546102181.16 54.8
1546102191.18 54.8
1546102201.19 55.3
1546102211.21 54.8
1546102221.23 55.3
1546102231.26 54.8
1546102241.27 54.8
1546102251.29 54.8
1546102261.3 55.3
1546102271.32 54.8
1546102281.34 54.8
1546102291.36 53.7
1546102301.38 54.2
1546102311.4 54.2
1546102321.42 54.2
1546102331.44 53.7
1546102341.46 54.2
1546102351.48 54.2
1546102361.5 54.8
1546102371.52 54.8
1546102381.54 54.2
1546102391.56 54.2
1546102401.58 54.8
1546102411.6 54.8
1546102421.62 54.2
1546102431.64 54.8
1546102441.66 54.8
1546102451.69 54.8
1546102461.7 55.3
1546102471.73 54.8
1546102481.75 54.2
1546102491.76 54.8
1546102501.78 54.8
1546102511.81 54.8
1546102521.84 54.2
1546102531.86 54.8
1546102541.87 54.8
1546102551.9 54.8
1546102561.92 54.8
1546102571.94 54.8
1546102581.96 54.8
1546102591.98 54.2
1546102602.0 54.8
1546102612.01 54.8
1546102622.02 54.2
1546102632.04 54.8
1546102642.06 54.2
1546102652.08 54.8
1546102662.1 54.8
1546102672.12 54.2
1546102682.14 54.2
1546102692.16 53.7
1546102702.18 53.7
1546102712.2 53.7
1546102722.22 54.2
1546102732.24 53.7
1546102742.26 53.7
1546102752.28 53.7
1546102762.3 54.8
1546102772.32 54.2
1546102782.34 53.7
1546102792.36 53.7
