1546200008.44 53.7
1546200018.46 52.6
1546200028.48 53.2
1546200038.5 53.2
1546200048.51 53.2
1546200058.54 52.1
1546200068.55 53.7
1546200078.57 52.6
1546200088.6 53.2
1546200098.62 52.6
1546200108.64 53.2
1546200118.66 52.6
1546200128.68 52.6
1546200138.69 52.6
1546200148.71 52.6
1546200158.74 52.1
1546200168.76 52.6
1546200178.77 53.2
1546200188.79 52.1
1546200198.81 52.6
1546200208.85 52.1
1546200218.86 52.6
1546200228.88 52.6
1546200238.9 52.1
1546200248.91 52.6
1546200258.93 52.6
1546200268.95 52.6
1546200278.97 51.5
1546200288.99 52.6
1546200299.0 52.6
1546200309.03 52.6
1546200319.04 52.6
1546200329.06 53.2
1546200339.08 52.1
1546200349.11 52.1
1546200359.13 53.2
1546200369.15 52.6
1546200379.17 52.6
1546200389.19 52.1
1546200399.21 51.5
1546200409.24 52.6
1546200419.26 51.5
1546200429.28 52.1
1546200439.3 52.6
1546200449.32 52.6
1546200459.34 52.6
1546200469.36 52.1
1546200479.39 52.1
1546200489.41 52.1
1546200499.44 52.6
1546200509.46 52.6
1546200519.47 52.6
1546200529.5 52.1
1546200539.52 52.1
1546200549.54 52.1
1546200559.57 52.6
1546200569.59 52.1
1546200579.61 52.6
1546200589.63 52.1
1546200599.65 52.6
1546200609.67 52.1
1546200619.69 51.5
1546200629.71 52.1
1546200639.73 51.5
1546200649.76 52.1
1546200659.78 52.6
1546200669.8 52.6
1546200679.82 53.2
1546200689.83 52.6
1546200699.85 52.6
1546200709.88 53.2
1546200719.9 52.6
1546200729.92 52.1
1546200739.94 52.1
1546200749.97 51.5
1546200759.99 52.1
1546200770.02 52.1
1546200780.04 51.5
1546200790.06 52.6
1546200800.09 51.5
1546200810.11 52.1
1546200820.14 52.1
1546200830.16 52.1
1546200840.19 51.5
1546200850.21 51.5
1546200860.24 51.5
1546200870.25 52.1
1546200880.27 52.1
1546200890.29 51.5
1546200900.31 51.0
1546200910.33 51.5
1546200920.35 52.1
1546200930.37 51.5
1546200940.39 51.5
1546200950.4 51.5
1546200960.43 51.0
1546200970.46 51.5
1546200980.48 52.1
1546200990.49 51.5
1546201000.51 52.6
1546201010.53 52.1
1546201020.54 51.5
1546201030.57 51.5
1546201040.59 52.6
1546201050.61 51.5
1546201060.63 51.5
1546201070.66 52.1
1546201080.69 51.5
1546201090.71 51.5
1546201100.73 51.5
1546201110.75 51.5
1546201120.77 51.5
1546201130.78 51.0
1546201140.8 51.5
1546201150.83 51.5
1546201160.87 51.5
1546201170.89 50.5
1546201180.91 51.5
1546201190.93 50.5
1546201200.95 50.5
1546201210.97 51.0
1546201220.98 51.5
1546201231.0 49.9
1546201241.01 51.0
1546201251.02 51.0
1546201261.04 50.5
1546201271.06 50.5
1546201281.08 50.5
1546201291.1 49.4
1546201301.12 50.5
1546201311.14 49.9
1546201321.16 49.9
1546201331.18 49.4
1546201341.2 49.9
1546201351.22 49.4
1546201361.24 49.9
1546201371.26 49.4
1546201381.27 50.5
1546201391.29 49.4
1546201401.32 49.4
1546201411.34 49.4
1546201421.36 48.3
1546201431.37 48.3
1546201441.39 48.3
1546201451.41 48.3
1546201461.43 48.3
1546201471.45 49.4
1546201481.47 48.3
1546201491.48 48.3
1546201501.49 49.4
1546201511.51 48.3
1546201521.53 48.3
1546201531.55 48.3
1546201541.57 48.9
1546201551.59 47.8
1546201561.61 48.3
1546201571.63 47.2
1546201581.65 48.3
1546201591.67 47.8
1546201601.7 47.2
1546201611.73 47.2
1546201621.75 47.2
1546201631.77 46.2
1546201641.79 47.2
1546201651.81 47.2
1546201661.84 46.7
1546201671.86 47.2
1546201681.88 47.2
1546201691.9 46.2
1546201701.92 46.7
1546201711.93 46.7
1546201721.95 46.2
1546201731.98 45.6
1546201741.99 46.2
1546201752.02 45.1
1546201762.04 45.6
1546201772.06 45.1
1546201782.08 45.6
1546201792.1 45.6
1546201802.12 45.6
1546201812.15 44.5
1546201822.17 45.1
1546201832.19 45.6
1546201842.21 45.1
1546201852.22 45.6
1546201862.25 45.6
1546201872.27 45.1
1546201882.3 45.1
1546201892.31 45.6
1546201902.33 45.1
1546201912.35 45.1
1546201922.37 45.1
1546201932.4 44.5
1546201942.42 45.1
1546201952.44 44.0
1546201962.46 45.1
1546201972.47 45.1
1546201982.49 44.5
1546201992.51 44.5
1546202002.53 45.1
1546202012.54 45.1
1546202022.56 44.5
1546202032.59 44.0
1546202042.61 44.0
1546202052.63 44.0
1546202062.65 44.0
1546202072.67 44.0
1546202082.69 45.1
1546202092.71 44.0
1546202102.73 43.5
1546202112.75 44.0
1546202122.77 44.0
1546202132.79 44.0
1546202142.81 44.0
1546202152.83 44.5
1546202162.85 44.0
1546202172.87 44.0
1546202182.89 43.5
1546202192.92 43.5
1546202202.94 42.9
1546202212.96 44.0
1546202222.98 44.0
1546202233.0 43.5
1546202243.02 43.5
1546202253.04 44.0
1546202263.06 44.0
1546202273.08 44.0
1546202283.09 45.1
1546202293.11 44.0
1546202303.13 44.5
1546202313.15 43.5
1546202323.16 44.5
1546202333.18 44.0
1546202343.2 44.5
1546202353.22 44.0
1546202363.24 44.0
1546202373.26 44.0
1546202383.28 44.5
1546202393.3 44.0
1546202403.32 44.0
1546202413.34 44.0
1546202423.36 43.5
1546202433.39 43.5
1546202443.4 43.5
1546202453.42 44.0
1546202463.45 43.5
1546202473.47 42.9
1546202483.5 42.9
1546202493.52 42.9
1546202503.54 42.9
1546202513.55 42.4
1546202523.57 42.9
1546202533.59 41.9
1546202543.61 42.9
1546202553.63 42.9
1546202563.66 42.4
1546202573.68 42.4
1546202583.7 42.9
1546202593.72 41.9
1546202603.74 41.9
1546202613.77 40.8
1546202623.79 41.9
1546202633.82 41.9
1546202643.84 41.9
1546202653.86 41.9
1546202663.88 41.9
1546202673.9 41.9
1546202683.93 41.3
1546202693.95 41.3
1546202703.97 41.9
1546202713.99 40.8
1546202724.01 41.3
1546202734.03 41.9
1546202744.06 41.3
1546202754.08 40.8
1546202764.11 40.8
1546202774.13 40.8
1546202784.16 40.8
1546202794.18 41.3
1546202804.21 41.3
1546202814.23 41.3
1546202824.26 40.8
1546202834.28 40.8
1546202844.31 41.3
1546202854.33 41.3
1546202864.35 41.3
1546202874.37 40.8
1546202884.39 40.8
1546202894.41 41.9
1546202904.43 41.3
1546202914.46 41.9
1546202924.48 41.3
1546202934.5 41.3
1546202944.52 40.8
1546202954.55 40.8
1546202964.57 40.8
1546202974.6 41.3
1546202984.62 41.9
1546202994.64 41.9
1546203004.67 41.9
1546203014.69 41.3
1546203024.72 40.8
1546203034.74 41.3
1546203044.77 40.8
1546203054.79 42.4
1546203064.81 41.9
1546203074.83 41.3
1546203084.85 41.9
1546203094.89 41.3
1546203104.91 41.3
1546203114.93 41.9
1546203124.95 41.9
1546203134.97 41.9
1546203144.98 42.4
1546203155.0 41.9
1546203165.01 41.9
1546203175.03 41.9
1546203185.05 41.3
1546203195.07 41.9
1546203205.08 40.8
1546203215.11 40.8
1546203225.11 40.8
1546203235.13 41.3
1546203245.16 41.9
1546203255.17 41.3
1546203265.19 41.9
1546203275.21 41.9
1546203285.22 41.9
1546203295.24 41.9
1546203305.26 41.9
1546203315.28 42.4
1546203325.3 41.9
1546203335.32 42.9
1546203345.33 41.9
1546203355.35 41.3
1546203365.36 41.9
1546203375.38 41.9
1546203385.4 40.8
1546203395.42 40.8
1546203405.44 40.8
1546203415.46 41.3
1546203425.47 41.3
1546203435.48 41.9
1546203445.5 41.3
1546203455.51 41.3
1546203465.52 41.9
1546203475.54 41.9
1546203485.56 40.8
1546203495.59 41.9
1546203505.61 40.8
1546203515.63 40.8
1546203525.66 39.7
1546203535.68 39.7
1546203545.69 40.8
1546203555.71 40.8
1546203565.73 40.8
1546203575.74 40.8
1546203585.76 40.8
1546203595.77 40.8
1546203605.79 40.8
1546203615.81 41.3
1546203625.83 41.3
1546203635.85 40.8
1546203645.87 40.8
1546203655.88 40.8
1546203665.9 41.3
1546203675.92 40.2
1546203685.94 40.8
1546203695.96 41.3
1546203705.98 40.8
1546203716.0 41.3
1546203726.02 41.3
1546203736.04 41.3
1546203746.06 40.8
1546203756.08 40.8
1546203766.1 40.8
1546203776.11 40.8
1546203786.13 40.8
1546203796.15 40.8
1546203806.16 41.9
1546203816.18 40.8
1546203826.2 40.8
1546203836.22 40.8
1546203846.24 40.8
1546203856.26 40.8
1546203866.28 40.8
1546203876.31 40.8
1546203886.32 40.8
1546203896.34 40.8
1546203906.36 40.8
1546203916.38 40.8
1546203926.4 40.8
1546203936.41 40.8
1546203946.43 40.2
1546203956.45 40.8
1546203966.46 40.2
1546203976.49 40.8
1546203986.51 40.8
1546203996.53 39.7
1546204006.54 40.8
1546204016.56 41.3
1546204026.58 40.8
1546204036.6 40.8
1546204046.62 41.3
1546204056.63 40.8
1546204066.66 40.8
1546204076.68 41.3
1546204086.7 40.8
1546204096.72 41.3
1546204106.74 40.8
1546204116.76 40.8
1546204126.78 40.8
1546204136.81 40.8
1546204146.84 40.8
1546204156.86 40.8
1546204166.87 40.8
1546204176.9 40.8
1546204186.92 40.8
1546204196.95 39.7
1546204206.97 39.7
1546204217.0 39.7
1546204227.02 39.7
1546204237.05 39.7
1546204247.07 40.8
1546204257.09 39.7
1546204267.11 40.8
1546204277.14 40.8
1546204287.16 40.8
1546204297.18 40.8
1546204307.2 40.8
1546204317.22 40.8
1546204327.24 41.3
1546204337.26 41.3
1546204347.28 40.8
1546204357.3 41.3
1546204367.33 40.8
1546204377.36 40.8
1546204387.38 41.3
1546204397.4 40.8
1546204407.42 41.9
1546204417.44 40.8
1546204427.47 40.8
1546204437.5 40.8
1546204447.52 40.8
1546204457.55 40.8
1546204467.57 40.2
1546204477.59 41.3
1546204487.62 40.8
1546204497.64 40.8
1546204507.66 41.3
1546204517.68 41.3
1546204527.7 40.8
1546204537.72 40.8
1546204547.74 40.8
1546204557.76 39.7
1546204567.79 40.8
1546204577.81 39.7
1546204587.83 39.7
1546204597.85 40.8
1546204607.86 40.8
1546204617.88 39.7
1546204627.9 40.2
1546204637.92 39.7
1546204647.94 39.7
1546204657.96 39.7
1546204667.98 40.2
1546204677.99 39.7
1546204688.01 39.7
1546204698.02 39.7
1546204708.04 39.7
1546204718.06 39.7
1546204728.07 39.7
1546204738.09 39.7
1546204748.11 39.7
1546204758.13 39.7
1546204768.15 40.2
1546204778.17 39.7
1546204788.18 39.7
1546204798.2 39.7
1546204808.23 39.2
1546204818.24 39.2
1546204828.26 39.7
1546204838.28 38.6
1546204848.3 38.6
1546204858.32 39.2
1546204868.34 38.6
1546204878.37 38.6
1546204888.39 39.2
1546204898.4 38.6
1546204908.42 38.6
1546204918.43 39.2
1546204928.45 39.7
1546204938.47 38.6
1546204948.49 38.6
1546204958.51 38.6
1546204968.53 39.7
1546204978.55 39.2
1546204988.57 38.6
1546204998.59 38.6
1546205008.61 39.2
1546205018.63 38.1
1546205028.65 38.6
1546205038.67 38.6
1546205048.69 38.6
1546205058.71 38.6
1546205068.72 38.6
1546205078.74 38.1
1546205088.76 38.6
1546205098.77 37.6
1546205108.79 37.6
1546205118.81 37.6
1546205128.83 38.1
1546205138.84 37.6
1546205148.86 38.6
1546205158.87 38.6
1546205168.89 37.6
1546205178.9 38.1
1546205188.92 38.1
1546205198.95 37.0
1546205208.95 38.1
1546205218.97 37.0
1546205228.99 37.6
1546205239.01 37.6
1546205249.02 37.0
1546205259.04 37.6
1546205269.06 37.6
1546205279.08 37.6
1546205289.09 38.1
1546205299.11 37.6
1546205309.13 37.6
1546205319.14 38.1
1546205329.16 38.6
1546205339.19 37.6
1546205349.2 38.6
1546205359.22 37.6
1546205369.24 37.6
1546205379.26 37.6
1546205389.28 38.1
1546205399.3 37.6
1546205409.32 37.6
1546205419.33 38.1
1546205429.35 37.6
1546205439.38 38.1
1546205449.4 38.1
1546205459.42 38.1
1546205469.44 37.6
1546205479.46 38.1
1546205489.47 38.1
1546205499.49 38.6
1546205509.52 38.6
1546205519.53 38.6
1546205529.55 38.6
1546205539.57 39.2
1546205549.59 38.6
1546205559.62 38.6
1546205569.64 38.6
1546205579.67 38.6
1546205589.69 39.2
1546205599.71 38.6
1546205609.73 39.2
1546205619.75 38.6
1546205629.77 38.6
1546205639.79 38.6
1546205649.81 38.6
1546205659.83 39.2
1546205669.85 39.2
1546205679.87 38.6
1546205689.9 38.6
1546205699.92 38.6
1546205709.94 38.6
1546205719.96 38.6
1546205729.97 38.1
1546205739.99 38.6
1546205750.02 38.6
1546205760.05 38.1
1546205770.07 38.6
1546205780.07 38.6
1546205790.09 39.2
1546205800.11 38.6
1546205810.13 38.6
1546205820.16 38.6
1546205830.18 38.6
1546205840.2 38.6
1546205850.22 38.6
1546205860.24 38.6
1546205870.26 38.6
1546205880.27 38.1
1546205890.29 38.6
1546205900.31 38.6
1546205910.33 38.6
1546205920.35 38.6
1546205930.37 38.6
1546205940.39 38.6
1546205950.41 38.6
1546205960.43 38.6
1546205970.45 38.1
1546205980.47 38.1
1546205990.49 38.6
1546206000.51 38.6
1546206010.53 38.6
1546206020.55 37.6
1546206030.57 37.6
1546206040.6 37.6
1546206050.62 37.0
1546206060.64 38.6
1546206070.66 38.6
1546206080.68 38.1
1546206090.71 37.6
1546206100.73 38.1
1546206110.74 38.1
1546206120.76 38.1
1546206130.78 38.6
1546206140.8 38.6
1546206150.83 37.6
1546206160.85 38.1
1546206170.86 38.1
1546206180.89 37.6
1546206190.91 38.1
1546206200.94 37.6
1546206210.95 38.1
1546206220.98 38.1
1546206231.0 38.6
1546206241.02 38.1
1546206251.04 37.6
1546206261.07 38.1
1546206271.09 37.6
1546206281.11 37.6
1546206291.13 37.6
1546206301.17 37.0
1546206311.18 37.6
1546206321.19 37.0
1546206331.2 37.6
1546206341.22 37.6
1546206351.24 38.1
1546206361.27 37.6
1546206371.28 37.6
1546206381.29 38.6
1546206391.32 37.0
1546206401.34 37.6
1546206411.36 37.6
1546206421.38 38.1
1546206431.41 37.6
1546206441.43 37.6
1546206451.46 37.0
1546206461.48 38.6
1546206471.5 37.6
1546206481.52 37.0
1546206491.54 37.6
1546206501.56 37.6
1546206511.59 36.5
1546206521.61 37.0
1546206531.63 37.0
1546206541.65 37.0
1546206551.68 36.5
1546206561.7 37.0
1546206571.73 36.5
1546206581.75 36.5
1546206591.77 37.6
1546206601.79 37.6
1546206611.82 37.0
1546206621.83 37.6
1546206631.85 36.5
1546206641.88 36.5
1546206651.9 36.5
1546206661.92 36.5
1546206671.93 36.5
1546206681.95 36.5
1546206691.96 36.5
1546206701.99 35.9
1546206711.99 35.9
1546206722.01 35.9
1546206732.03 35.9
1546206742.05 35.4
1546206752.07 35.9
1546206762.09 35.9
1546206772.1 35.9
1546206782.13 35.4
1546206792.14 36.5
1546206802.16 35.9
1546206812.19 35.4
1546206822.2 36.5
1546206832.23 35.9
1546206842.25 35.9
1546206852.27 35.4
1546206862.29 36.5
1546206872.32 35.4
1546206882.34 35.4
1546206892.36 35.4
1546206902.38 35.4
1546206912.4 36.5
1546206922.41 36.5
1546206932.44 35.9
1546206942.47 36.5
1546206952.48 36.5
1546206962.5 36.5
1546206972.51 36.5
1546206982.54 36.5
1546206992.55 36.5
1546207002.57 36.5
1546207012.58 36.5
1546207022.6 35.9
1546207032.62 35.4
1546207042.64 36.5
1546207052.66 36.5
1546207062.67 37.0
1546207072.69 36.5
1546207082.71 36.5
1546207092.72 36.5
1546207102.73 36.5
1546207112.75 36.5
1546207122.77 36.5
1546207132.79 36.5
1546207142.8 36.5
1546207152.82 36.5
1546207162.83 36.5
1546207172.85 36.5
1546207182.86 37.0
1546207192.88 37.0
