1546600008.72 35.4
1546600018.74 34.9
1546600028.76 35.4
1546600038.78 36.5
1546600048.8 35.4
1546600058.82 34.9
1546600068.84 34.9
1546600078.86 35.9
1546600088.88 34.9
1546600098.9 35.4
1546600108.91 35.4
1546600118.93 35.4
1546600128.95 35.9
1546600138.96 35.4
1546600148.99 35.4
1546600159.01 34.9
1546600169.02 34.9
1546600179.04 34.9
1546600189.07 35.9
1546600199.08 35.4
1546600209.11 35.4
1546600219.13 35.4
1546600229.14 34.3
1546600239.16 35.4
1546600249.18 35.4
1546600259.21 34.9
1546600269.23 34.3
1546600279.25 34.9
1546600289.27 35.4
1546600299.29 34.9
1546600309.32 34.9
1546600319.34 35.4
1546600329.36 34.9
1546600339.38 35.9
1546600349.4 34.9
1546600359.42 35.9
1546600369.45 35.4
1546600379.47 35.4
1546600389.49 35.4
1546600399.51 35.4
1546600409.53 35.4
1546600419.55 34.9
1546600429.57 34.9
1546600439.59 34.9
1546600449.62 34.9
1546600459.65 34.9
1546600469.67 34.9
1546600479.68 34.9
1546600489.7 35.4
1546600499.72 34.9
1546600509.75 34.9
1546600519.76 35.9
1546600529.78 35.4
1546600539.8 35.4
1546600549.82 36.5
1546600559.84 35.9
1546600569.86 36.5
1546600579.88 35.4
1546600589.9 35.4
1546600599.92 35.4
1546600609.95 35.4
1546600619.97 35.9
1546600629.99 35.4
1546600640.01 35.4
1546600650.04 34.9
1546600660.05 34.9
1546600670.07 36.5
1546600680.09 34.9
1546600690.1 35.9
1546600700.11 35.4
1546600710.13 35.9
1546600720.16 35.9
1546600730.18 35.4
1546600740.2 35.9
1546600750.22 35.9
1546600760.23 35.9
1546600770.25 35.9
1546600780.28 35.4
1546600790.3 35.4
1546600800.32 35.9
1546600810.34 34.9
1546600820.35 36.5
1546600830.38 34.9
1546600840.4 35.4
1546600850.42 36.5
1546600860.43 36.5
1546600870.45 36.5
1546600880.47 36.5
1546600890.49 36.5
1546600900.51 36.5
1546600910.54 36.5
1546600920.57 36.5
1546600930.59 35.4
1546600940.62 36.5
1546600950.64 36.5
1546600960.65 36.5
1546600970.67 36.5
1546600980.69 36.5
1546600990.71 36.5
1546601000.73 36.5
1546601010.76 35.9
1546601020.78 35.9
1546601030.8 35.4
1546601040.83 35.4
1546601050.85 35.9
1546601060.87 35.9
1546601070.89 34.9
1546601080.91 35.4
1546601090.93 35.4
1546601100.95 36.5
1546601110.98 36.5
1546601121.01 36.5
1546601131.03 36.5
1546601141.05 35.9
1546601151.07 36.5
1546601161.09 35.9
1546601171.12 35.4
1546601181.14 35.4
1546601191.17 36.5
1546601201.19 36.5
1546601211.21 36.5
1546601221.23 36.5
1546601231.24 36.5
1546601241.27 35.9
1546601251.29 35.4
1546601261.31 36.5
1546601271.33 35.9
1546601281.35 36.5
1546601291.37 36.5
1546601301.39 36.5
1546601311.42 36.5
1546601321.44 35.4
1546601331.45 35.9
1546601341.47 36.5
1546601351.49 36.5
1546601361.51 35.4
1546601371.54 36.5
1546601381.55 36.5
1546601391.58 35.9
1546601401.6 36.5
1546601411.62 35.9
1546601421.65 35.9
1546601431.67 36.5
1546601441.7 36.5
1546601451.72 36.5
1546601461.74 36.5
1546601471.76 36.5
1546601481.78 36.5
1546601491.81 35.9
1546601501.82 36.5
1546601511.84 36.5
1546601521.86 35.4
1546601531.88 36.5
1546601541.89 36.5
1546601551.92 36.5
1546601561.94 36.5
1546601571.96 36.5
1546601581.98 35.9
1546601592.01 36.5
1546601602.02 36.5
1546601612.05 36.5
1546601622.07 36.5
1546601632.08 37.0
1546601642.1 36.5
1546601652.11 36.5
1546601662.14 36.5
1546601672.16 36.5
1546601682.19 36.5
1546601692.22 36.5
1546601702.24 36.5
1546601712.26 36.5
1546601722.27 36.5
1546601732.29 36.5
1546601742.31 36.5
1546601752.32 36.5
1546601762.35 36.5
1546601772.37 36.5
1546601782.39 36.5
1546601792.41 36.5
1546601802.42 36.5
1546601812.44 36.5
1546601822.47 36.5
1546601832.48 36.5
1546601842.51 36.5
1546601852.52 36.5
1546601862.55 36.5
1546601872.56 36.5
1546601882.58 36.5
1546601892.6 36.5
1546601902.62 35.9
1546601912.63 37.0
1546601922.64 36.5
1546601932.67 37.0
1546601942.69 36.5
1546601952.7 36.5
1546601962.72 36.5
1546601972.75 35.4
1546601982.76 37.0
1546601992.78 37.0
1546602002.8 36.5
1546602012.82 37.0
1546602022.84 36.5
1546602032.86 36.5
1546602042.88 36.5
1546602052.91 36.5
1546602062.92 36.5
1546602072.94 35.9
1546602082.96 36.5
1546602092.98 36.5
1546602102.99 35.9
1546602113.01 37.0
1546602123.03 36.5
1546602133.05 36.5
1546602143.07 36.5
1546602153.09 36.5
1546602163.1 36.5
1546602173.12 36.5
1546602183.15 36.5
1546602193.17 35.9
1546602203.19 35.9
1546602213.2 36.5
1546602223.23 36.5
1546602233.24 35.9
1546602243.26 36.5
1546602253.28 35.9
1546602263.3 36.5
1546602273.32 36.5
1546602283.33 36.5
1546602293.35 36.5
1546602303.37 36.5
1546602313.39 35.9
1546602323.4 36.5
1546602333.42 35.4
1546602343.44 35.9
1546602353.46 36.5
1546602363.48 35.9
1546602373.49 35.4
1546602383.51 36.5
1546602393.53 36.5
1546602403.55 35.4
1546602413.56 36.5
1546602423.58 36.5
1546602433.6 36.5
1546602443.62 35.9
1546602453.63 36.5
1546602463.65 36.5
1546602473.67 35.4
1546602483.69 36.5
1546602493.71 36.5
1546602503.72 35.9
1546602513.74 35.9
1546602523.77 35.9
1546602533.78 35.9
1546602543.8 37.0
1546602553.81 35.9
1546602563.84 36.5
1546602573.86 35.4
1546602583.88 35.9
1546602593.91 35.4
1546602603.93 36.5
1546602613.95 35.9
1546602623.96 35.9
1546602633.98 35.4
1546602644.01 35.4
1546602654.03 35.4
1546602664.05 35.4
1546602674.08 35.4
1546602684.1 35.9
1546602694.12 35.4
1546602704.14 35.9
1546602714.15 35.4
1546602724.17 35.4
1546602734.18 35.9
1546602744.2 35.9
1546602754.22 36.5
1546602764.24 36.5
1546602774.27 36.5
1546602784.29 36.5
1546602794.31 36.5
1546602804.33 35.4
1546602814.36 35.4
1546602824.38 36.5
1546602834.4 36.5
1546602844.42 36.5
1546602854.45 35.9
1546602864.47 35.9
1546602874.48 36.5
1546602884.5 36.5
1546602894.52 36.5
1546602904.54 35.4
1546602914.57 34.9
1546602924.59 35.4
1546602934.61 35.4
1546602944.63 36.5
1546602954.65 36.5
1546602964.68 35.4
1546602974.69 35.4
1546602984.71 36.5
1546602994.73 35.4
1546603004.74 35.4
1546603014.76 35.9
1546603024.78 35.9
1546603034.8 35.9
1546603044.82 35.4
1546603054.84 35.4
1546603064.86 35.4
1546603074.88 35.4
1546603084.9 35.4
1546603094.92 35.4
1546603104.94 34.9
1546603114.96 35.4
1546603124.97 35.4
1546603134.99 35.4
1546603145.01 35.9
1546603155.03 35.4
1546603165.05 35.4
1546603175.07 35.9
1546603185.09 35.4
1546603195.11 34.9
1546603205.14 36.5
1546603215.15 35.4
1546603225.18 35.4
1546603235.19 35.4
1546603245.21 35.9
1546603255.23 35.9
1546603265.25 36.5
1546603275.26 35.4
1546603285.29 35.9
1546603295.3 35.4
1546603305.32 35.9
1546603315.34 35.9
1546603325.36 35.9
1546603335.37 34.9
1546603345.4 34.9
1546603355.42 35.9
1546603365.44 35.4
1546603375.46 34.9
1546603385.48 35.4
1546603395.49 35.9
1546603405.51 35.4
1546603415.53 35.4
1546603425.55 35.4
1546603435.58 34.9
1546603445.6 35.4
1546603455.62 36.5
1546603465.64 35.9
1546603475.66 35.9
1546603485.69 35.9
1546603495.71 35.9
1546603505.73 36.5
1546603515.74 35.9
1546603525.77 35.4
1546603535.79 34.9
1546603545.81 35.9
1546603555.83 35.4
1546603565.85 36.5
1546603575.87 35.4
1546603585.9 34.9
1546603595.91 35.4
1546603605.93 35.4
1546603615.95 36.5
1546603625.97 34.9
1546603635.99 35.4
1546603646.01 35.4
1546603656.03 36.5
1546603666.05 35.4
1546603676.07 35.4
1546603686.09 34.9
1546603696.11 35.9
1546603706.13 34.9
1546603716.14 35.9
1546603726.16 35.9
1546603736.19 35.4
1546603746.2 35.9
1546603756.22 35.9
1546603766.24 35.4
1546603776.27 35.4
1546603786.29 35.4
1546603796.31 35.4
1546603806.33 35.4
1546603816.34 36.5
1546603826.36 36.5
1546603836.38 35.4
1546603846.39 35.9
1546603856.41 35.4
1546603866.43 35.9
1546603876.45 35.4
1546603886.46 35.9
1546603896.48 36.5
1546603906.49 35.4
1546603916.5 35.9
1546603926.52 35.4
1546603936.55 35.4
1546603946.56 36.5
1546603956.58 36.5
1546603966.59 36.5
1546603976.61 36.5
1546603986.63 36.5
1546603996.65 35.4
1546604006.66 35.9
1546604016.68 36.5
1546604026.7 35.9
1546604036.72 35.9
1546604046.74 36.5
1546604056.76 36.5
1546604066.78 35.9
1546604076.79 35.9
1546604086.81 36.5
1546604096.83 35.4
1546604106.86 34.9
1546604116.89 35.4
1546604126.91 35.4
1546604136.92 35.9
1546604146.94 36.5
1546604156.96 35.4
1546604166.98 35.4
1546604176.99 36.5
1546604187.01 36.5
1546604197.02 36.5
1546604207.04 35.9
1546604217.06 35.9
1546604227.09 35.4
1546604237.11 35.9
1546604247.12 36.5
1546604257.14 36.5
1546604267.17 36.5
1546604277.18 36.5
1546604287.2 36.5
1546604297.22 36.5
1546604307.24 36.5
1546604317.26 35.9
1546604327.28 36.5
1546604337.29 36.5
1546604347.31 36.5
1546604357.33 36.5
1546604367.34 36.5
1546604377.36 36.5
1546604387.38 36.5
1546604397.4 36.5
1546604407.41 36.5
1546604417.43 36.5
1546604427.45 36.5
1546604437.47 36.5
1546604447.49 36.5
1546604457.51 35.9
1546604467.53 36.5
1546604477.54 36.5
1546604487.56 36.5
1546604497.58 36.5
1546604507.6 37.0
1546604517.62 36.5
1546604527.64 36.5
1546604537.66 35.9
1546604547.67 35.9
1546604557.69 37.0
1546604567.71 35.9
1546604577.73 36.5
1546604587.74 36.5
1546604597.76 35.9
1546604607.78 36.5
1546604617.8 36.5
1546604627.82 35.4
1546604637.84 36.5
1546604647.85 35.4
1546604657.88 35.4
1546604667.9 35.4
1546604677.92 35.4
1546604687.94 35.9
1546604697.96 35.9
1546604707.98 35.9
1546604717.99 35.4
1546604728.01 36.5
1546604738.02 35.4
1546604748.05 34.9
1546604758.07 35.4
1546604768.09 36.5
1546604778.1 35.9
1546604788.13 36.5
1546604798.14 36.5
1546604808.16 36.5
1546604818.19 37.0
1546604828.21 37.0
1546604838.23 36.5
1546604848.25 36.5
1546604858.27 36.5
1546604868.3 36.5
1546604878.32 37.0
1546604888.34 36.5
1546604898.36 37.0
1546604908.38 37.6
1546604918.41 37.6
1546604928.43 37.0
1546604938.46 37.0
1546604948.48 36.5
1546604958.5 37.6
1546604968.52 37.0
1546604978.55 36.5
1546604988.57 37.6
1546604998.59 37.6
1546605008.61 37.0
1546605018.63 37.6
1546605028.64 37.6
1546605038.66 37.6
1546605048.69 37.0
1546605058.7 37.6
1546605068.73 38.1
1546605078.75 37.6
1546605088.77 38.1
1546605098.79 37.6
1546605108.8 38.6
1546605118.82 37.6
1546605128.84 38.1
1546605138.85 37.0
1546605148.88 38.1
1546605158.89 37.6
1546605168.91 37.6
1546605178.93 37.6
1546605188.94 37.6
1546605198.96 37.6
1546605208.97 38.6
1546605218.99 38.1
1546605229.01 37.6
1546605239.02 38.1
1546605249.04 37.6
1546605259.05 37.6
1546605269.06 38.1
1546605279.08 38.1
1546605289.1 38.6
1546605299.12 38.6
1546605309.13 37.6
1546605319.15 38.1
1546605329.18 38.1
1546605339.19 37.6
1546605349.2 38.6
1546605359.21 37.6
1546605369.22 38.6
1546605379.24 37.6
1546605389.26 38.1
1546605399.28 38.6
1546605409.29 38.1
1546605419.31 37.6
1546605429.35 37.0
1546605439.38 37.6
1546605449.4 37.6
1546605459.42 38.1
1546605469.44 37.6
1546605479.46 38.1
1546605489.48 37.6
1546605499.49 38.6
1546605509.51 37.6
1546605519.53 38.1
1546605529.54 38.6
1546605539.56 38.6
1546605549.59 38.6
1546605559.61 38.6
1546605569.63 38.6
1546605579.65 39.2
1546605589.67 38.6
1546605599.69 38.6
1546605609.72 39.2
1546605619.73 38.6
1546605629.74 38.1
1546605639.77 38.6
1546605649.78 38.6
1546605659.8 38.6
1546605669.81 39.2
1546605679.83 38.6
1546605689.86 39.2
1546605699.88 39.7
1546605709.89 39.2
1546605719.91 39.7
1546605729.93 38.6
1546605739.95 38.6
1546605749.97 38.6
1546605759.98 39.2
1546605769.99 38.6
1546605780.01 38.6
1546605790.02 39.2
1546605800.04 39.7
1546605810.05 39.2
1546605820.08 38.6
1546605830.1 38.6
1546605840.11 39.7
1546605850.13 39.7
1546605860.15 39.7
1546605870.16 39.7
1546605880.18 39.7
1546605890.19 39.7
1546605900.21 39.2
1546605910.23 39.2
1546605920.24 39.7
1546605930.26 39.7
1546605940.28 39.2
1546605950.3 39.7
1546605960.31 39.7
1546605970.33 39.7
1546605980.34 39.7
1546605990.36 39.2
1546606000.38 39.2
1546606010.4 39.7
1546606020.41 39.7
1546606030.43 39.7
1546606040.45 39.7
1546606050.46 39.7
1546606060.48 39.7
1546606070.49 40.2
1546606080.51 39.7
1546606090.52 39.7
1546606100.54 40.2
1546606110.55 40.2
1546606120.57 40.2
1546606130.59 39.7
1546606140.61 39.7
1546606150.63 40.2
1546606160.65 39.7
1546606170.67 39.7
1546606180.69 40.2
1546606190.71 39.7
1546606200.73 39.7
1546606210.74 39.7
1546606220.76 39.7
1546606230.78 39.2
1546606240.79 39.7
1546606250.81 38.6
1546606260.83 39.2
1546606270.86 40.8
1546606280.88 39.2
1546606290.89 39.7
1546606300.91 39.7
1546606310.93 39.2
1546606320.95 39.2
1546606330.96 39.7
1546606340.98 39.7
1546606351.0 40.2
1546606361.02 39.7
1546606371.03 39.2
1546606381.05 39.2
1546606391.07 38.6
1546606401.09 39.7
1546606411.11 39.2
1546606421.13 39.2
1546606431.15 38.6
1546606441.17 38.6
1546606451.19 39.7
1546606461.21 39.7
1546606471.23 39.2
1546606481.24 39.7
1546606491.26 39.7
1546606501.28 39.7
1546606511.3 39.7
1546606521.32 39.7
1546606531.34 39.2
1546606541.36 40.8
1546606551.38 39.7
1546606561.4 39.7
1546606571.41 40.2
1546606581.43 40.2
1546606591.45 39.7
1546606601.47 39.7
1546606611.49 39.7
1546606621.51 40.2
1546606631.52 40.2
1546606641.55 40.8
1546606651.56 39.7
1546606661.58 40.2
1546606671.59 39.7
1546606681.61 40.8
1546606691.63 40.2
1546606701.64 40.2
1546606711.66 40.2
1546606721.67 39.7
1546606731.7 39.2
1546606741.71 39.7
1546606751.73 40.2
1546606761.75 39.7
1546606771.77 40.8
1546606781.79 40.2
1546606791.8 39.7
1546606801.82 39.7
1546606811.85 40.2
1546606821.87 39.7
1546606831.89 39.7
1546606841.91 39.7
1546606851.93 40.8
1546606861.95 39.7
1546606871.97 39.7
1546606881.98 39.7
1546606892.0 39.7
1546606902.02 40.8
1546606912.04 39.2
1546606922.06 39.2
1546606932.08 38.6
1546606942.1 39.7
1546606952.12 39.7
1546606962.14 38.6
1546606972.16 39.2
1546606982.18 39.2
1546606992.19 39.7
1546607002.21 39.2
1546607012.23 39.7
1546607022.25 39.2
1546607032.26 40.8
1546607042.28 39.7
1546607052.3 39.7
1546607062.32 40.2
1546607072.33 39.7
1546607082.36 39.7
1546607092.38 39.7
1546607102.39 40.8
1546607112.41 39.7
1546607122.43 40.8
1546607132.45 39.7
1546607142.47 40.8
1546607152.49 40.2
1546607162.51 39.7
1546607172.53 40.8
1546607182.54 40.8
1546607192.57 40.8
1546607202.59 39.7
1546607212.6 39.7
1546607222.62 39.2
1546607232.65 40.8
1546607242.66 40.2
1546607252.68 39.7
1546607262.7 40.8
1546607272.72 39.7
1546607282.74 39.7
1546607292.75 39.7
1546607302.77 39.7
1546607312.79 40.2
1546607322.81 40.8
1546607332.83 40.8
1546607342.84 39.7
1546607352.86 39.7
1546607362.87 40.8
1546607372.89 39.7
1546607382.91 39.7
1546607392.93 40.8
1546607402.94 40.2
1546607412.96 40.8
1546607422.98 40.8
1546607433.01 40.8
1546607443.02 40.8
1546607453.03 40.8
1546607463.05 41.9
1546607473.07 40.8
1546607483.08 41.3
1546607493.1 41.9
1546607503.12 41.3
1546607513.13 41.3
1546607523.15 41.3
1546607533.18 40.8
1546607543.19 41.3
1546607553.22 40.8
1546607563.24 41.3
1546607573.25 41.3
1546607583.28 40.8
1546607593.3 39.7
1546607603.32 40.8
1546607613.34 40.8
1546607623.36 39.7
1546607633.37 41.3
1546607643.39 40.8
1546607653.41 40.8
1546607663.44 39.7
1546607673.45 41.3
1546607683.46 40.8
1546607693.49 40.8
1546607703.51 39.7
1546607713.54 40.8
1546607723.56 40.8
1546607733.57 40.8
1546607743.59 41.3
1546607753.61 41.3
1546607763.63 40.8
1546607773.66 41.3
1546607783.68 40.8
1546607793.7 41.3
1546607803.72 41.9
1546607813.74 41.9
1546607823.75 41.9
1546607833.78 41.9
1546607843.79 41.9
1546607853.82 41.3
1546607863.84 41.9
1546607873.87 41.9
1546607883.89 41.3
1546607893.9 42.4
1546607903.92 41.9
1546607913.94 41.9
1546607923.97 41.3
1546607933.99 42.4
1546607944.01 41.3
1546607954.03 41.9
1546607964.05 41.9
1546607974.08 41.9
1546607984.09 41.3
1546607994.12 41.9
1546608004.13 41.3
1546608014.15 41.9
1546608024.16 42.4
1546608034.18 41.9
1546608044.19 42.9
1546608054.21 41.9
1546608064.23 41.9
1546608074.25 42.4
1546608084.27 41.9
1546608094.29 42.9
1546608104.31 42.9
1546608114.33 42.9
1546608124.35 41.3
1546608134.37 42.4
1546608144.4 41.3
1546608154.42 41.9
1546608164.44 41.9
1546608174.45 42.9
1546608184.47 42.9
1546608194.49 42.4
1546608204.5 42.4
1546608214.52 42.4
1546608224.54 41.9
1546608234.56 42.9
1546608244.57 41.9
1546608254.59 42.9
1546608264.62 42.9
1546608274.64 42.9
1546608284.66 41.9
1546608294.67 42.9
1546608304.69 42.9
1546608314.7 42.4
1546608324.72 42.4
1546608334.74 42.9
1546608344.77 41.9
1546608354.79 42.4
1546608364.81 41.9
1546608374.83 41.3
1546608384.85 42.4
1546608394.87 43.5
1546608404.89 42.4
1546608414.9 42.9
1546608424.92 41.9
1546608434.93 42.9
1546608444.95 42.4
1546608454.96 41.3
1546608464.98 41.9
1546608475.0 41.9
1546608485.02 42.9
1546608495.04 41.9
1546608505.06 42.9
1546608515.08 41.9
1546608525.1 41.3
1546608535.12 41.9
1546608545.14 41.3
1546608555.17 41.3
1546608565.19 42.4
1546608575.21 41.9
1546608585.24 41.9
1546608595.25 42.4
1546608605.27 42.4
1546608615.29 42.9
1546608625.31 42.4
1546608635.33 41.9
1546608645.35 41.9
1546608655.37 42.9
1546608665.4 42.9
1546608675.41 43.5
1546608685.43 42.4
1546608695.45 41.9
1546608705.47 42.9
1546608715.49 41.9
1546608725.51 41.9
1546608735.54 42.4
1546608745.57 41.9
1546608755.58 42.4
1546608765.6 42.4
1546608775.62 41.9
1546608785.65 40.8
1546608795.67 41.9
1546608805.68 42.9
1546608815.7 41.9
1546608825.72 42.4
1546608835.74 41.9
1546608845.75 42.4
1546608855.86 41.9
1546608865.88 41.9
1546608875.9 42.4
1546608885.91 42.4
1546608895.94 42.4
1546608905.96 42.4
1546608915.98 41.9
1546608925.99 42.4
1546608936.02 41.9
1546608946.04 41.9
1546608956.06 42.4
1546608966.08 42.4
1546608976.1 41.9
1546608986.11 41.9
1546608996.13 42.9
1546609006.15 43.5
1546609016.17 42.9
1546609026.18 42.9
1546609036.21 42.9
1546609046.23 43.5
1546609056.24 43.5
1546609066.27 42.9
1546609076.28 42.9
1546609086.3 43.5
1546609096.33 42.9
1546609106.34 43.5
1546609116.36 44.0
1546609126.38 42.9
1546609136.41 42.9
1546609146.43 43.5
1546609156.46 43.5
1546609166.47 44.0
1546609176.49 43.5
1546609186.51 42.9
1546609196.53 43.5
1546609206.55 43.5
1546609216.56 44.5
1546609226.58 44.0
1546609236.6 42.9
1546609246.62 42.9
1546609256.64 44.0
1546609266.65 44.0
1546609276.68 44.0
1546609286.71 44.0
1546609296.72 44.0
1546609306.74 42.9
1546609316.76 44.0
1546609326.79 44.0
1546609336.8 44.0
1546609346.82 44.0
1546609356.84 44.0
1546609366.86 44.0
1546609376.87 45.1
1546609386.89 45.1
1546609396.91 45.1
1546609406.92 45.1
1546609416.94 45.1
1546609426.95 44.0
1546609436.97 44.0
1546609446.98 44.0
1546609457.0 44.5
1546609467.03 44.0
1546609477.04 44.0
1546609487.06 44.5
1546609497.08 44.0
1546609507.1 44.0
1546609517.12 43.5
1546609527.13 44.0
1546609537.15 44.5
1546609547.17 43.5
1546609557.18 44.0
1546609567.2 42.9
1546609577.21 43.5
1546609587.24 42.9
1546609597.25 42.9
1546609607.27 44.0
1546609617.29 43.5
1546609627.31 43.5
1546609637.33 43.5
1546609647.35 42.9
1546609657.37 43.5
1546609667.39 42.9
1546609677.42 42.9
1546609687.43 43.5
1546609697.45 43.5
1546609707.47 42.9
1546609717.48 43.5
1546609727.49 43.5
1546609737.51 44.0
1546609747.53 43.5
1546609757.55 43.5
1546609767.57 42.9
1546609777.59 42.9
1546609787.61 42.9
1546609797.63 43.5
1546609807.65 42.9
1546609817.67 43.5
1546609827.69 43.5
1546609837.71 42.9
1546609847.73 43.5
1546609857.74 43.5
1546609867.76 42.9
1546609877.78 43.5
1546609887.8 42.9
1546609897.83 42.9
1546609907.84 42.9
1546609917.86 42.4
1546609927.88 42.9
1546609937.9 42.9
1546609947.93 43.5
1546609957.94 44.0
1546609967.96 43.5
1546609977.98 44.0
1546609988.0 42.9
1546609998.02 42.9
1546610008.04 42.9
1546610018.06 42.9
1546610028.08 42.9
1546610038.1 42.9
1546610048.11 43.5
1546610058.13 42.9
1546610068.15 42.9
1546610078.16 44.0
1546610088.19 42.9
1546610098.2 44.0
1546610108.22 43.5
1546610118.24 44.0
1546610128.25 43.5
1546610138.27 43.5
1546610148.29 43.5
1546610158.32 42.9
1546610168.34 43.5
1546610178.36 43.5
1546610188.38 44.0
1546610198.39 42.9
1546610208.41 43.5
1546610218.42 44.0
1546610228.44 44.5
1546610238.47 44.0
1546610248.48 43.5
1546610258.5 43.5
1546610268.53 43.5
1546610278.56 43.5
1546610288.57 44.0
1546610298.59 42.9
1546610308.61 43.5
1546610318.63 43.5
1546610328.64 44.0
1546610338.67 43.5
1546610348.69 42.9
1546610358.71 43.5
1546610368.72 44.0
1546610378.74 44.0
1546610388.76 44.0
1546610398.79 44.5
