1546000005.9 35.9
1546000015.91 36.5
1546000025.93 36.5
1546000035.95 37.0
1546000045.98 35.9
1546000056.0 36.5
1546000066.01 36.5
1546000076.03 36.5
1546000086.06 36.5
1546000096.07 36.5
1546000106.09 36.5
1546000116.1 36.5
1546000126.13 36.5
1546000136.14 37.0
1546000146.16 36.5
1546000156.18 35.9
1546000166.21 36.5
1546000176.23 36.5
1546000186.24 36.5
1546000196.27 35.9
1546000206.29 36.5
1546000216.31 36.5
1546000226.33 36.5
1546000236.36 36.5
1546000246.38 35.4
1546000256.4 36.5
1546000266.42 36.5
1546000276.44 36.5
1546000286.46 35.4
1546000296.48 37.0
1546000306.5 36.5
1546000316.52 36.5
1546000326.54 35.4
1546000336.55 36.5
1546000346.56 35.9
1546000356.58 35.9
1546000366.6 36.5
1546000376.62 36.5
1546000386.64 37.0
1546000396.66 35.4
1546000406.67 36.5
1546000416.69 35.9
1546000426.72 36.5
1546000436.74 36.5
1546000446.76 36.5
1546000456.77 36.5
1546000466.79 36.5
1546000476.81 36.5
1546000486.83 36.5
1546000496.85 36.5
1546000506.87 35.9
1546000516.88 35.9
1546000526.9 35.9
1546000536.92 36.5
1546000546.94 36.5
1546000556.96 36.5
1546000566.98 36.5
1546000576.99 36.5
1546000587.01 37.0
1546000597.03 36.5
1546000607.04 37.0
1546000617.06 36.5
1546000627.08 36.5
1546000637.1 36.5
1546000647.12 36.5
1546000657.14 36.5
1546000667.17 36.5
1546000677.19 36.5
1546000687.2 36.5
1546000697.22 37.0
1546000707.24 36.5
1546000717.25 36.5
1546000727.27 37.0
1546000737.3 36.5
1546000747.31 37.0
1546000757.32 36.5
1546000767.33 37.6
1546000777.35 37.6
1546000787.37 37.6
1546000797.39 38.1
1546000807.4 37.6
1546000817.43 37.0
1546000827.45 37.6
1546000837.47 37.6
1546000847.49 37.6
1546000857.5 38.1
1546000867.52 38.1
1546000877.54 36.5
1546000887.57 37.0
1546000897.59 37.6
1546000907.61 37.6
1546000917.63 36.5
1546000927.65 38.6
1546000937.67 37.6
1546000947.7 37.6
1546000957.71 38.6
1546000967.73 38.6
1546000977.75 38.6
1546000987.76 38.6
1546000997.79 37.6
1546001007.8 38.6
1546001017.82 38.6
1546001027.83 38.6
1546001037.86 38.6
1546001047.87 38.1
1546001057.89 38.6
1546001067.9 38.6
1546001077.92 38.1
1546001087.93 38.1
1546001097.95 38.6
1546001107.97 38.1
1546001117.99 39.2
1546001128.01 38.6
1546001138.04 38.1
1546001148.05 38.6
1546001158.07 37.6
1546001168.09 38.6
1546001178.11 38.6
1546001188.14 38.1
1546001198.16 39.2
1546001208.17 38.6
1546001218.19 38.6
1546001228.21 38.6
1546001238.23 39.2
1546001248.25 39.2
1546001258.26 38.6
1546001268.29 38.6
1546001278.3 38.6
1546001288.33 38.1
1546001298.34 38.6
1546001308.36 38.6
1546001318.38 37.6
1546001328.39 37.6
1546001338.4 38.6
1546001348.42 38.1
1546001358.44 37.6
1546001368.46 37.6
1546001378.48 37.6
1546001388.51 38.1
1546001398.53 37.0
1546001408.55 37.0
1546001418.57 37.6
1546001428.59 37.0
1546001438.61 37.6
1546001448.63 37.6
1546001458.65 37.6
1546001468.68 37.6
1546001478.7 36.5
1546001488.72 36.5
1546001498.74 37.0
1546001508.77 36.5
1546001518.79 37.0
1546001528.81 37.0
1546001538.84 37.6
1546001548.86 37.0
1546001558.88 37.0
1546001568.91 36.5
1546001578.93 37.6
1546001588.95 37.0
1546001598.98 36.5
1546001609.0 37.0
1546001619.02 37.6
1546001629.04 36.5
1546001639.06 36.5
1546001649.08 37.0
1546001659.11 36.5
1546001669.12 36.5
1546001679.15 36.5
1546001689.17 36.5
1546001699.19 36.5
1546001709.22 36.5
1546001719.24 36.5
1546001729.26 36.5
1546001739.28 36.5
1546001749.3 37.0
1546001759.32 36.5
1546001769.34 37.0
1546001779.37 37.0
1546001789.39 36.5
1546001799.4 37.0
1546001809.43 37.0
1546001819.44 37.6
1546001829.47 36.5
1546001839.49 37.0
1546001849.51 36.5
1546001859.53 36.5
1546001869.55 37.0
1546001879.57 36.5
1546001889.6 36.5
1546001899.62 37.6
1546001909.64 37.6
1546001919.66 37.0
1546001929.69 37.0
1546001939.71 37.0
1546001949.73 37.6
1546001959.75 37.6
1546001969.78 37.0
1546001979.8 37.0
1546001989.82 37.6
1546001999.85 36.5
