1546500010.02 34.3
1546500020.04 34.3
1546500030.06 34.3
1546500040.08 34.3
1546500050.1 34.3
1546500060.12 34.3
1546500070.14 34.3
1546500080.16 34.3
1546500090.17 34.3
1546500100.19 34.3
1546500110.21 34.3
1546500120.23 34.3
1546500130.25 34.3
1546500140.27 34.3
1546500150.29 33.8
1546500160.32 34.3
1546500170.34 34.3
1546500180.36 34.9
1546500190.38 34.3
1546500200.4 34.3
1546500210.42 34.3
1546500220.44 34.3
1546500230.46 34.9
1546500240.48 33.8
1546500250.5 34.3
1546500260.52 34.3
1546500270.54 35.4
1546500280.56 34.9
1546500290.58 34.9
1546500300.6 34.3
1546500310.61 34.3
1546500320.63 34.9
1546500330.65 34.3
1546500340.67 35.4
1546500350.69 34.3
1546500360.7 34.9
1546500370.72 34.3
1546500380.74 34.3
1546500390.77 34.3
1546500400.79 34.3
1546500410.8 34.3
1546500420.82 34.9
1546500430.84 33.2
1546500440.85 34.3
1546500450.88 34.3
1546500460.9 34.3
1546500470.93 34.3
1546500480.95 34.3
1546500490.97 34.3
1546500501.0 33.8
1546500511.01 34.3
1546500521.04 34.3
1546500531.06 33.2
1546500541.08 34.3
1546500551.1 34.3
1546500561.13 33.8
1546500571.15 34.3
1546500581.18 34.3
1546500591.2 34.3
1546500601.22 34.3
1546500611.25 34.3
1546500621.27 34.3
1546500631.3 34.3
1546500641.31 34.9
1546500651.34 34.3
1546500661.36 34.3
1546500671.38 34.3
1546500681.4 34.3
1546500691.43 34.3
1546500701.45 34.3
1546500711.46 34.3
1546500721.48 33.8
1546500731.51 34.3
1546500741.52 34.3
1546500751.55 34.3
1546500761.57 34.3
1546500771.58 34.3
1546500781.6 34.9
1546500791.62 34.3
1546500801.64 34.3
1546500811.67 34.9
1546500821.69 34.9
1546500831.71 34.3
1546500841.74 34.3
1546500851.76 34.3
1546500861.78 34.3
1546500871.8 34.3
1546500881.83 34.3
1546500891.85 34.3
1546500901.87 34.3
1546500911.88 34.3
1546500921.91 34.3
1546500931.93 34.3
1546500941.96 34.3
1546500951.98 34.3
1546500962.0 34.3
1546500972.02 34.9
1546500982.04 34.9
1546500992.06 34.3
1546501002.08 34.9
1546501012.1 34.3
1546501022.12 34.3
1546501032.15 34.3
1546501042.17 34.3
1546501052.19 34.3
1546501062.21 34.3
1546501072.24 34.9
1546501082.26 34.3
1546501092.28 33.8
1546501102.3 34.3
1546501112.31 35.4
1546501122.34 34.3
1546501132.36 34.3
1546501142.38 34.9
1546501152.4 34.3
1546501162.43 34.3
1546501172.44 34.3
1546501182.45 34.9
1546501192.47 34.3
1546501202.5 34.3
1546501212.51 34.3
1546501222.54 34.3
1546501232.56 34.9
1546501242.58 34.3
1546501252.6 34.3
1546501262.62 34.3
1546501272.65 34.3
1546501282.67 34.9
1546501292.7 34.3
1546501302.71 34.9
1546501312.74 34.3
1546501322.75 34.3
1546501332.78 34.3
1546501342.8 34.3
1546501352.82 34.9
1546501362.84 34.3
1546501372.87 34.3
1546501382.89 34.3
1546501392.92 34.3
1546501402.94 34.3
1546501412.96 34.3
1546501422.99 34.3
1546501433.02 34.3
1546501443.04 34.3
1546501453.06 34.3
1546501463.09 34.3
1546501473.11 33.8
1546501483.14 34.3
1546501493.16 34.3
1546501503.18 34.9
1546501513.2 34.9
1546501523.22 34.3
1546501533.24 34.3
1546501543.26 34.3
1546501553.28 34.3
1546501563.3 34.9
1546501573.32 34.3
1546501583.35 34.9
1546501593.36 34.3
1546501603.39 34.9
1546501613.4 34.9
1546501623.42 34.3
1546501633.44 34.3
1546501643.46 34.3
1546501653.48 34.3
1546501663.5 34.3
1546501673.52 34.3
1546501683.53 34.3
1546501693.55 34.9
1546501703.56 33.8
1546501713.58 34.3
1546501723.6 34.3
1546501733.62 34.3
1546501743.63 34.9
1546501753.66 34.9
1546501763.69 34.3
1546501773.71 34.3
1546501783.73 34.3
1546501793.76 34.3
1546501803.78 34.3
1546501813.81 34.9
1546501823.83 34.3
1546501833.85 34.3
1546501843.88 34.3
1546501853.9 34.9
1546501863.92 34.3
1546501873.95 34.3
1546501883.97 34.3
1546501893.99 34.9
1546501904.02 34.3
1546501914.05 34.9
1546501924.07 34.9
1546501934.09 34.3
1546501944.12 33.8
1546501954.14 34.3
1546501964.17 34.3
1546501974.19 34.3
1546501984.21 34.3
1546501994.24 34.3
1546502004.26 34.3
1546502014.28 34.3
1546502024.3 34.3
1546502034.31 34.3
1546502044.34 34.3
1546502054.36 34.3
1546502064.37 34.9
1546502074.39 34.3
1546502084.42 34.3
1546502094.44 34.9
1546502104.46 34.3
1546502114.48 34.3
1546502124.5 34.3
1546502134.52 34.3
1546502144.53 34.3
1546502154.56 34.9
1546502164.57 34.9
1546502174.59 34.3
1546502184.61 34.3
1546502194.64 33.8
1546502204.66 34.3
1546502214.68 34.3
1546502224.71 34.3
1546502234.73 34.3
1546502244.75 34.3
1546502254.77 34.9
1546502264.8 34.3
1546502274.82 34.3
1546502284.84 34.9
1546502294.87 34.3
1546502304.88 34.9
1546502314.89 34.3
1546502324.91 34.3
1546502334.94 34.9
1546502344.96 34.3
1546502354.98 34.3
1546502365.0 34.3
1546502375.02 34.9
1546502385.04 34.9
1546502395.07 34.9
1546502405.09 35.4
1546502415.11 34.9
1546502425.13 35.4
1546502435.15 34.9
1546502445.17 33.8
1546502455.19 34.3
1546502465.22 34.9
1546502475.24 35.4
1546502485.26 34.3
1546502495.28 34.9
1546502505.31 34.9
1546502515.33 34.9
1546502525.35 34.3
1546502535.37 34.9
1546502545.39 34.9
1546502555.41 34.9
1546502565.43 34.9
1546502575.45 34.3
1546502585.47 34.9
1546502595.49 34.9
1546502605.51 34.9
1546502615.53 34.3
1546502625.56 34.9
1546502635.58 34.9
1546502645.59 34.3
1546502655.62 34.3
1546502665.64 34.9
1546502675.66 34.3
1546502685.68 34.3
1546502695.7 34.3
1546502705.73 34.3
1546502715.75 34.9
1546502725.77 34.3
1546502735.8 34.9
1546502745.83 34.9
1546502755.85 34.3
1546502765.86 35.4
1546502775.88 35.4
1546502785.9 35.4
1546502795.92 34.9
1546502805.94 34.3
1546502815.96 34.3
1546502825.98 35.4
1546502836.0 34.3
1546502846.03 34.9
1546502856.05 34.9
1546502866.07 34.9
1546502876.09 34.3
1546502886.11 34.3
1546502896.12 34.3
1546502906.15 34.3
1546502916.17 34.3
1546502926.19 34.3
1546502936.2 35.4
1546502946.23 34.9
1546502956.25 35.4
1546502966.28 34.9
1546502976.3 35.4
1546502986.32 34.9
1546502996.33 35.4
1546503006.35 34.9
1546503016.38 34.3
1546503026.41 34.3
1546503036.43 34.3
1546503046.45 34.3
1546503056.48 34.9
1546503066.5 34.9
1546503076.52 34.3
1546503086.55 34.9
1546503096.57 35.4
1546503106.59 34.3
1546503116.62 34.9
1546503126.64 34.3
1546503136.67 34.3
1546503146.69 35.4
1546503156.7 34.9
1546503166.72 34.9
1546503176.74 35.4
1546503186.76 35.9
1546503196.78 35.4
1546503206.79 34.9
1546503216.81 34.3
1546503226.83 34.3
1546503236.86 34.9
1546503246.87 34.9
1546503256.89 34.9
1546503266.91 34.3
1546503276.94 35.4
1546503286.96 35.4
1546503296.98 34.9
1546503307.01 34.9
1546503317.02 34.9
1546503327.05 34.3
1546503337.07 34.9
1546503347.09 34.9
1546503357.12 34.9
1546503367.14 34.9
1546503377.16 34.3
1546503387.19 34.9
1546503397.21 34.3
1546503407.24 34.9
1546503417.26 34.9
1546503427.28 34.3
1546503437.31 34.3
1546503447.34 34.9
1546503457.36 34.3
1546503467.38 34.3
1546503477.4 34.9
1546503487.41 34.9
1546503497.43 34.3
1546503507.46 34.3
1546503517.48 34.3
1546503527.5 34.3
1546503537.52 35.4
1546503547.54 34.9
1546503557.57 34.9
1546503567.58 34.9
1546503577.6 34.9
1546503587.62 35.4
1546503597.64 34.9
1546503607.66 34.9
1546503617.68 34.9
1546503627.7 35.4
1546503637.73 34.3
1546503647.74 35.4
1546503657.77 34.9
1546503667.8 34.9
1546503677.82 34.9
1546503687.84 34.9
1546503697.87 34.3
1546503707.89 34.3
1546503717.92 35.4
1546503727.94 34.3
1546503737.96 35.4
1546503747.98 34.3
1546503758.01 34.9
1546503768.03 34.9
1546503778.05 34.9
1546503788.08 34.9
1546503798.1 34.3
1546503808.13 34.3
1546503818.15 34.3
1546503828.17 34.9
1546503838.2 34.3
1546503848.22 34.3
1546503858.25 34.3
1546503868.27 34.3
1546503878.3 34.3
1546503888.32 34.3
1546503898.35 34.3
1546503908.37 34.3
1546503918.4 34.9
1546503928.42 34.3
1546503938.44 34.9
1546503948.46 34.9
1546503958.49 34.9
1546503968.51 34.9
1546503978.54 34.9
1546503988.56 35.4
1546503998.58 34.9
1546504008.6 34.9
1546504018.63 34.9
1546504028.66 35.4
1546504038.68 35.4
1546504048.7 34.9
1546504058.71 34.3
1546504068.73 34.9
1546504078.75 34.3
1546504088.78 34.9
1546504098.8 34.9
1546504108.82 34.9
1546504118.84 34.3
1546504128.86 34.3
1546504138.88 34.9
1546504148.9 34.3
1546504158.93 34.3
1546504168.94 34.3
1546504178.97 34.3
1546504188.99 34.9
1546504199.01 34.3
1546504209.04 34.3
1546504219.06 34.3
1546504229.08 34.3
1546504239.1 34.3
1546504249.12 34.3
1546504259.15 34.3
1546504269.17 34.3
1546504279.2 34.3
1546504289.22 34.9
1546504299.24 34.3
1546504309.26 35.4
1546504319.29 34.9
1546504329.31 34.3
1546504339.34 34.3
1546504349.36 34.3
1546504359.38 34.3
1546504369.41 34.3
1546504379.42 34.9
1546504389.45 34.3
1546504399.47 34.3
1546504409.5 34.9
1546504419.52 34.3
1546504429.54 34.9
1546504439.57 34.3
1546504449.59 34.3
1546504459.61 34.3
1546504469.63 34.9
1546504479.65 34.9
1546504489.68 34.3
1546504499.7 34.3
1546504509.73 34.3
1546504519.75 34.3
1546504529.77 34.9
1546504539.8 34.9
1546504549.82 34.9
1546504559.84 34.3
1546504569.86 34.3
1546504579.89 34.3
1546504589.91 34.3
1546504599.93 34.9
1546504609.96 34.9
1546504619.98 34.3
1546504630.0 34.9
1546504640.02 34.9
1546504650.04 34.9
1546504660.07 34.3
1546504670.09 34.3
1546504680.11 34.3
1546504690.13 35.4
1546504700.16 34.9
1546504710.18 34.3
1546504720.2 34.3
1546504730.23 34.3
1546504740.25 34.9
1546504750.28 34.9
1546504760.3 35.4
1546504770.32 34.3
1546504780.35 34.3
1546504790.37 34.3
1546504800.39 34.3
1546504810.42 34.3
1546504820.44 34.3
1546504830.47 34.3
1546504840.5 34.3
1546504850.52 34.3
1546504860.54 34.3
1546504870.56 34.9
1546504880.59 34.3
1546504890.61 34.9
1546504900.63 34.9
1546504910.65 34.3
1546504920.67 34.9
1546504930.7 34.3
1546504940.71 35.4
1546504950.74 34.9
1546504960.76 34.3
1546504970.78 34.9
1546504980.81 34.9
1546504990.83 34.9
1546505000.84 34.3
1546505010.86 34.9
1546505020.88 34.3
1546505030.91 34.9
1546505040.93 34.9
1546505050.95 35.4
1546505060.97 34.3
1546505071.0 34.9
1546505081.02 34.9
1546505091.04 34.9
1546505101.06 35.4
1546505111.08 34.9
1546505121.1 35.4
1546505131.13 35.4
1546505141.15 34.9
1546505151.17 35.4
1546505161.19 34.9
1546505171.22 34.9
1546505181.25 34.9
1546505191.27 35.4
1546505201.3 34.3
1546505211.32 34.9
1546505221.34 34.3
1546505231.37 34.9
1546505241.39 34.9
1546505251.42 34.3
1546505261.44 34.9
1546505271.46 34.9
1546505281.49 34.9
1546505291.51 34.9
1546505301.53 34.9
1546505311.55 34.9
1546505321.57 34.3
1546505331.6 34.9
1546505341.62 34.3
1546505351.63 34.3
1546505361.66 34.9
1546505371.69 34.9
1546505381.71 34.3
1546505391.74 34.9
1546505401.76 34.3
1546505411.78 34.9
1546505421.81 34.9
1546505431.83 34.9
1546505441.85 34.9
1546505451.87 34.3
1546505461.89 34.9
1546505471.92 34.9
1546505481.94 34.9
1546505491.97 35.4
1546505501.99 35.4
1546505512.01 34.3
1546505522.03 34.9
1546505532.05 34.3
1546505542.07 34.3
1546505552.1 35.4
1546505562.12 34.9
1546505572.14 34.9
1546505582.16 34.9
1546505592.19 34.9
1546505602.21 34.3
1546505612.23 34.9
1546505622.26 34.3
1546505632.29 35.4
1546505642.3 34.3
1546505652.32 34.9
1546505662.34 35.4
1546505672.35 35.4
1546505682.37 34.3
1546505692.4 34.9
1546505702.42 35.4
1546505712.43 35.4
1546505722.45 34.9
1546505732.48 34.9
1546505742.5 35.4
1546505752.52 34.9
1546505762.54 34.9
1546505772.56 34.9
1546505782.58 34.3
1546505792.61 34.9
1546505802.64 34.9
1546505812.66 34.9
1546505822.68 34.3
1546505832.7 34.3
1546505842.73 34.9
1546505852.75 34.3
1546505862.77 34.3
1546505872.8 34.9
1546505882.82 34.3
1546505892.85 34.9
1546505902.87 34.9
1546505912.89 34.3
1546505922.92 34.3
1546505932.94 34.3
1546505942.95 35.4
1546505952.98 34.9
1546505963.0 34.3
1546505973.03 34.3
1546505983.05 34.3
1546505993.07 34.9
1546506003.09 34.9
1546506013.11 34.9
1546506023.13 34.3
1546506033.16 34.9
1546506043.18 34.9
1546506053.2 34.9
1546506063.22 34.3
1546506073.24 34.3
1546506083.26 34.3
1546506093.28 34.9
1546506103.3 34.9
1546506113.33 34.3
1546506123.35 34.3
1546506133.37 34.9
1546506143.38 34.3
1546506153.41 34.9
1546506163.42 34.9
1546506173.45 34.3
1546506183.46 34.9
1546506193.48 34.9
1546506203.5 34.9
1546506213.52 34.9
1546506223.54 34.3
1546506233.57 34.3
1546506243.59 34.3
1546506253.61 34.3
1546506263.63 34.3
1546506273.65 34.9
1546506283.67 34.9
1546506293.69 34.9
1546506303.7 35.4
1546506313.73 34.9
1546506323.75 34.3
1546506333.76 35.4
1546506343.77 34.9
1546506353.8 35.4
1546506363.82 34.9
1546506373.83 35.9
1546506383.85 35.4
1546506393.88 34.3
1546506403.9 35.4
1546506413.91 34.3
1546506423.94 34.9
1546506433.96 35.9
1546506443.97 35.9
1546506453.99 34.9
1546506464.02 35.4
1546506474.04 34.9
1546506484.07 35.4
1546506494.09 34.9
1546506504.11 35.4
1546506514.13 35.9
1546506524.14 35.4
1546506534.16 35.4
1546506544.19 35.4
1546506554.22 35.4
1546506564.24 35.4
1546506574.25 35.9
1546506584.27 35.4
1546506594.3 34.9
1546506604.32 35.4
1546506614.35 35.4
1546506624.36 35.4
1546506634.38 35.9
1546506644.4 35.4
1546506654.43 35.4
1546506664.44 35.4
1546506674.47 35.4
1546506684.49 35.9
1546506694.51 35.4
1546506704.53 35.4
1546506714.56 35.4
1546506724.57 34.9
1546506734.6 34.9
1546506744.62 34.9
1546506754.64 35.4
1546506764.67 34.9
1546506774.69 35.4
1546506784.71 35.4
1546506794.73 34.9
1546506804.76 35.9
1546506814.78 35.4
1546506824.8 35.4
1546506834.82 34.9
1546506844.84 35.4
1546506854.85 35.4
1546506864.87 35.4
1546506874.89 35.4
1546506884.92 35.4
1546506894.94 35.4
1546506904.96 34.9
1546506914.99 34.9
1546506925.01 35.4
1546506935.03 34.9
1546506945.07 34.9
1546506955.08 35.9
1546506965.11 35.4
1546506975.13 34.3
1546506985.14 35.9
1546506995.16 34.9
1546507005.19 34.9
1546507015.2 34.9
1546507025.22 34.3
1546507035.25 35.4
1546507045.27 34.9
1546507055.29 35.4
1546507065.31 34.9
1546507075.34 34.9
1546507085.36 34.9
1546507095.38 34.9
1546507105.4 34.9
1546507115.42 34.9
1546507125.44 35.4
1546507135.47 35.4
1546507145.49 34.9
1546507155.51 35.4
1546507165.53 35.4
1546507175.55 35.4
1546507185.57 34.9
1546507195.6 34.9
1546507205.62 34.9
1546507215.64 34.9
1546507225.67 35.4
1546507235.69 34.9
1546507245.71 34.3
1546507255.74 34.9
1546507265.76 34.9
1546507275.79 34.9
1546507285.81 35.4
1546507295.83 35.4
1546507305.85 35.9
1546507315.88 35.4
1546507325.9 35.4
1546507335.92 35.4
1546507345.94 34.9
1546507355.97 35.4
1546507365.99 34.9
1546507376.02 35.4
1546507386.04 35.4
1546507396.07 34.9
1546507406.09 35.4
1546507416.12 35.4
1546507426.13 35.4
1546507436.16 34.9
1546507446.18 35.4
1546507456.2 35.4
1546507466.23 35.9
1546507476.25 35.4
1546507486.27 35.4
1546507496.29 36.5
1546507506.31 34.9
1546507516.33 36.5
1546507526.36 35.4
1546507536.38 35.9
1546507546.4 35.4
1546507556.43 34.9
1546507566.45 35.4
1546507576.48 34.9
1546507586.51 34.9
1546507596.53 34.9
1546507606.55 34.9
1546507616.58 35.4
1546507626.61 35.4
1546507636.63 34.9
1546507646.65 34.9
1546507656.67 35.4
1546507666.69 36.5
1546507676.71 34.9
1546507686.73 35.4
1546507696.75 35.4
1546507706.77 35.4
1546507716.79 34.9
1546507726.82 34.9
1546507736.84 34.9
1546507746.86 35.9
1546507756.88 34.9
1546507766.91 34.9
1546507776.93 34.9
1546507786.95 35.4
1546507796.98 34.9
1546507807.0 35.4
1546507817.02 35.4
1546507827.05 35.4
1546507837.08 35.4
1546507847.1 34.9
1546507857.12 34.9
1546507867.15 34.9
1546507877.17 34.3
1546507887.19 35.4
1546507897.22 34.9
1546507907.24 34.9
1546507917.27 34.9
1546507927.29 34.9
1546507937.32 34.3
1546507947.34 34.3
1546507957.37 34.9
1546507967.49 34.9
1546507977.52 34.3
1546507987.54 34.9
1546507997.57 34.3
1546508007.59 34.9
1546508017.61 34.9
1546508027.64 34.3
1546508037.66 34.9
1546508047.69 34.9
1546508057.71 34.3
1546508067.74 34.3
1546508077.77 34.9
1546508087.79 34.9
1546508097.81 35.4
1546508107.83 35.4
1546508117.85 34.9
1546508127.88 34.3
1546508137.9 34.9
1546508147.92 34.3
1546508157.95 34.3
1546508167.97 35.4
1546508177.99 34.9
1546508188.02 35.4
1546508198.04 34.9
1546508208.07 34.9
1546508218.09 34.9
1546508228.11 34.3
1546508238.14 34.9
1546508248.16 34.9
1546508258.17 34.9
1546508268.2 34.9
1546508278.22 34.3
1546508288.25 34.3
1546508298.27 34.9
1546508308.3 34.9
1546508318.32 35.4
1546508328.34 35.4
1546508338.37 35.4
1546508348.39 35.9
1546508358.42 35.4
1546508368.44 34.9
1546508378.46 35.4
1546508388.49 34.9
1546508398.51 34.9
1546508408.54 35.9
1546508418.56 35.4
1546508428.58 35.4
1546508438.61 35.4
1546508448.63 35.9
1546508458.65 36.5
1546508468.68 35.9
1546508478.7 36.5
1546508488.72 35.4
1546508498.74 35.9
1546508508.76 35.4
1546508518.78 35.9
1546508528.79 36.5
1546508538.82 35.4
1546508548.84 35.4
1546508558.87 35.4
1546508568.89 35.9
1546508578.91 36.5
1546508588.93 36.5
1546508598.95 35.4
1546508608.98 35.9
1546508619.0 35.4
1546508629.02 36.5
1546508639.05 35.9
1546508649.07 35.4
1546508659.09 35.9
1546508669.12 36.5
1546508679.13 35.4
1546508689.16 35.9
1546508699.18 35.4
1546508709.2 36.5
1546508719.22 36.5
1546508729.24 35.9
1546508739.26 36.5
1546508749.28 35.9
1546508759.3 36.5
1546508769.31 35.9
1546508779.34 36.5
1546508789.36 36.5
1546508799.38 35.9
1546508809.4 36.5
1546508819.43 35.4
1546508829.45 35.4
1546508839.47 36.5
1546508849.49 35.4
1546508859.5 36.5
1546508869.52 35.4
1546508879.55 35.4
1546508889.57 35.9
1546508899.59 36.5
1546508909.61 35.4
1546508919.63 35.4
1546508929.66 35.4
1546508939.68 35.4
1546508949.7 35.9
1546508959.73 35.4
1546508969.75 35.4
1546508979.78 34.9
1546508989.8 35.4
1546508999.81 35.9
1546509009.84 35.4
1546509019.86 35.4
1546509029.88 35.4
1546509039.91 35.4
1546509049.93 35.4
1546509059.95 35.4
1546509069.96 35.4
1546509079.98 35.4
1546509090.02 35.4
1546509100.04 35.4
1546509110.06 35.4
1546509120.08 35.4
1546509130.11 35.4
1546509140.13 35.4
1546509150.16 35.4
1546509160.17 35.4
1546509170.19 36.5
1546509180.21 34.9
1546509190.22 35.4
1546509200.24 35.4
1546509210.27 35.4
1546509220.28 35.4
1546509230.31 35.9
1546509240.33 35.4
1546509250.35 35.4
1546509260.37 36.5
1546509270.4 35.4
1546509280.41 36.5
1546509290.44 36.5
1546509300.46 35.4
1546509310.49 35.4
1546509320.51 35.9
1546509330.53 35.4
1546509340.55 35.9
1546509350.58 36.5
1546509360.59 36.5
1546509370.62 35.4
1546509380.64 36.5
1546509390.67 35.9
1546509400.69 35.9
1546509410.71 36.5
1546509420.73 35.9
1546509430.76 35.4
1546509440.79 35.4
1546509450.81 36.5
1546509460.83 36.5
1546509470.86 36.5
1546509480.88 36.5
1546509490.9 35.9
1546509500.93 35.4
1546509510.95 35.4
1546509520.98 34.9
1546509531.0 35.4
1546509541.02 35.4
1546509551.05 36.5
1546509561.07 35.4
1546509571.1 35.4
1546509581.13 35.4
1546509591.15 36.5
1546509601.16 34.9
1546509611.19 35.4
1546509621.21 36.5
1546509631.23 35.9
1546509641.25 35.9
1546509651.27 36.5
1546509661.29 35.9
1546509671.31 35.4
1546509681.33 35.4
1546509691.35 35.4
1546509701.36 35.4
1546509711.38 35.9
1546509721.41 35.4
1546509731.43 35.4
1546509741.45 35.4
1546509751.47 35.4
1546509761.49 35.4
1546509771.51 35.4
1546509781.53 35.4
1546509791.55 35.4
1546509801.58 35.4
1546509811.6 35.4
1546509821.62 35.9
1546509831.64 35.4
1546509841.65 35.4
1546509851.67 35.4
1546509861.7 34.9
1546509871.71 35.4
1546509881.73 35.9
1546509891.75 35.4
1546509901.77 35.4
1546509911.79 34.9
1546509921.8 35.4
1546509931.83 36.5
1546509941.85 35.4
1546509951.87 34.9
1546509961.89 35.9
1546509971.91 36.5
1546509981.92 35.4
1546509991.96 35.9
1546510001.98 36.5
1546510012.0 35.4
1546510022.02 35.4
1546510032.04 35.4
1546510042.06 35.4
1546510052.08 35.4
1546510062.1 35.4
1546510072.12 35.4
1546510082.14 35.9
1546510092.17 36.5
1546510102.18 35.4
1546510112.2 35.4
1546510122.24 35.4
1546510132.26 35.4
1546510142.27 35.9
1546510152.29 34.9
1546510162.31 35.4
1546510172.34 36.5
1546510182.36 35.4
1546510192.38 35.9
1546510202.4 35.9
1546510212.42 36.5
1546510222.44 35.9
1546510232.46 37.0
1546510242.48 36.5
1546510252.51 35.9
1546510262.53 35.4
1546510272.55 35.9
1546510274.24 36.5
1546510284.27 35.4
1546510294.29 36.5
1546510304.3 36.5
1546510314.32 36.5
1546510324.34 35.9
1546510334.36 36.5
1546510344.38 36.5
1546510354.4 35.4
1546510364.43 35.9
1546510374.45 36.5
1546510384.47 35.9
1546510394.5 36.5
1546510404.52 36.5
1546510414.53 36.5
1546510424.55 36.5
1546510434.57 36.5
1546510444.59 36.5
1546510454.61 36.5
1546510464.63 35.9
1546510474.65 35.4
1546510484.68 35.9
1546510494.69 35.4
1546510504.71 35.9
1546510514.73 36.5
1546510524.74 36.5
1546510534.77 36.5
1546510544.78 36.5
1546510554.8 35.4
1546510564.83 35.9
1546510574.84 36.5
1546510584.86 36.5
1546510594.88 36.5
1546510604.91 36.5
1546510614.93 35.4
1546510624.95 35.9
1546510634.97 35.4
1546510644.99 35.9
1546510655.01 35.4
1546510665.04 35.9
1546510675.05 35.9
1546510685.07 35.4
1546510695.1 35.4
1546510705.11 35.4
1546510715.13 35.4
1546510725.15 35.4
1546510735.18 36.5
1546510745.2 35.9
1546510755.21 35.9
1546510765.23 36.5
1546510775.24 36.5
1546510785.26 35.4
1546510795.27 36.5
1546510805.28 36.5
1546510815.31 35.9
1546510825.32 35.4
1546510835.34 35.4
1546510845.36 36.5
1546510855.38 35.9
1546510865.4 35.4
1546510875.41 35.9
1546510885.43 35.4
1546510895.46 35.4
1546510905.48 35.9
1546510915.5 35.9
1546510925.52 36.5
1546510935.54 35.9
1546510945.56 35.9
1546510955.59 35.9
1546510965.61 35.9
1546510975.63 35.4
1546510985.65 36.5
1546510995.67 35.4
1546511005.69 35.9
1546511015.71 35.4
1546511025.73 36.5
1546511035.76 35.4
1546511045.78 35.9
1546511055.8 35.9
1546511065.82 35.4
1546511075.84 35.4
1546511085.86 35.4
1546511095.89 35.4
1546511105.92 35.9
1546511115.94 35.4
1546511125.96 35.4
1546511135.98 35.4
1546511146.0 35.9
1546511156.03 35.4
1546511166.05 35.9
1546511176.08 35.9
1546511186.1 36.5
1546511196.12 36.5
1546511206.14 36.5
1546511216.16 35.4
1546511226.18 35.4
1546511236.2 35.4
1546511246.23 35.4
1546511256.25 35.9
1546511266.27 35.4
1546511276.29 34.9
1546511286.31 35.4
1546511296.33 35.4
1546511306.35 35.4
1546511316.37 35.9
1546511326.39 36.5
1546511336.41 35.9
1546511346.43 35.4
1546511356.46 35.4
1546511366.48 35.4
1546511376.5 35.4
1546511386.52 35.4
1546511396.54 35.4
1546511406.56 35.4
1546511416.58 35.9
1546511426.6 34.9
1546511436.62 36.5
1546511446.63 35.9
1546511456.65 35.9
1546511466.68 34.9
1546511476.7 35.4
1546511486.72 34.9
1546511496.74 35.4
1546511506.77 35.4
1546511516.78 35.4
1546511526.81 34.9
1546511536.83 36.5
1546511546.85 35.4
1546511556.87 34.9
1546511566.88 35.4
1546511576.9 34.9
1546511586.92 34.9
1546511596.94 35.9
1546511606.97 35.4
1546511616.99 35.4
1546511627.01 35.4
1546511637.03 35.4
1546511647.06 36.5
1546511657.07 35.4
1546511667.09 35.4
1546511677.11 34.9
1546511687.13 35.4
1546511697.16 35.4
1546511707.18 34.9
1546511717.2 35.4
1546511727.22 35.9
1546511737.24 35.4
1546511747.26 36.5
1546511757.27 35.9
1546511767.29 35.4
1546511777.31 36.5
1546511787.33 36.5
1546511797.34 36.5
1546511807.36 35.9
1546511817.38 36.5
1546511827.4 35.4
1546511837.42 36.5
1546511847.45 36.5
1546511857.47 36.5
1546511867.49 35.9
1546511877.51 36.5
1546511887.53 35.9
1546511897.55 35.9
1546511907.57 35.4
1546511917.59 35.9
1546511927.61 35.9
1546511937.63 35.4
1546511947.66 35.9
1546511957.68 36.5
1546511967.69 36.5
1546511977.71 36.5
1546511987.73 35.9
1546511997.75 36.5
1546512007.77 35.9
1546512017.79 36.5
1546512027.81 36.5
1546512037.83 36.5
1546512047.85 36.5
1546512057.87 36.5
1546512067.89 35.9
1546512077.92 35.9
1546512087.93 36.5
1546512097.96 36.5
1546512107.98 36.5
1546512118.0 35.9
1546512128.02 36.5
1546512138.03 36.5
1546512148.05 36.5
1546512158.07 35.9
1546512168.09 35.9
1546512178.11 35.4
1546512188.13 36.5
1546512198.16 35.9
1546512208.17 36.5
1546512218.19 36.5
1546512228.21 36.5
1546512238.24 36.5
1546512248.26 36.5
1546512258.28 35.9
1546512268.3 36.5
1546512278.32 36.5
1546512288.35 36.5
1546512298.37 36.5
1546512308.39 35.9
1546512318.42 36.5
1546512328.43 35.9
1546512338.45 36.5
1546512348.48 36.5
1546512358.51 35.9
1546512368.52 35.9
1546512378.54 35.9
1546512388.56 36.5
1546512398.59 35.9
1546512408.61 36.5
1546512418.63 35.4
1546512428.65 35.4
1546512438.67 36.5
1546512448.69 36.5
1546512458.72 36.5
1546512468.74 35.4
1546512478.76 35.9
1546512488.79 35.4
1546512498.81 35.9
1546512508.83 35.4
1546512518.85 36.5
1546512528.87 35.4
1546512538.9 36.5
1546512548.92 35.4
1546512558.96 35.4
1546512568.98 35.4
1546512579.0 35.9
1546512589.02 36.5
1546512599.05 36.5
1546512609.07 36.5
1546512619.08 36.5
1546512629.1 35.4
1546512639.13 36.5
1546512649.15 35.4
1546512659.17 36.5
1546512669.19 36.5
1546512679.21 37.0
1546512689.23 36.5
1546512699.25 36.5
1546512709.27 36.5
1546512719.29 36.5
1546512729.31 37.0
1546512739.33 36.5
1546512749.35 36.5
1546512759.37 37.0
1546512769.39 36.5
1546512779.41 36.5
1546512789.43 36.5
1546512799.45 36.5
1546512809.46 36.5
1546512819.48 36.5
1546512829.5 37.0
1546512839.52 36.5
1546512849.54 36.5
1546512859.56 36.5
1546512869.58 35.9
1546512879.6 37.0
1546512889.61 36.5
1546512899.64 36.5
1546512909.66 36.5
1546512919.68 36.5
1546512929.71 35.4
1546512939.73 35.4
1546512949.75 36.5
1546512959.76 36.5
1546512969.77 36.5
1546512979.79 35.9
1546512989.81 37.0
1546512999.83 37.0
1546513009.85 36.5
1546513019.87 36.5
1546513029.9 36.5
1546513039.92 36.5
1546513049.94 36.5
1546513059.96 37.0
1546513069.99 36.5
1546513080.01 35.9
1546513090.03 36.5
1546513100.05 36.5
1546513110.07 36.5
1546513120.09 37.0
1546513130.12 36.5
1546513140.14 36.5
1546513150.17 36.5
1546513160.19 36.5
1546513170.21 36.5
1546513180.24 37.0
1546513190.26 36.5
1546513200.28 36.5
