1546900007.06 34.3
1546900017.08 34.3
1546900027.1 34.3
1546900037.12 34.3
1546900047.14 34.3
1546900057.17 33.8
1546900067.19 33.8
1546900077.21 33.8
1546900087.23 34.3
1546900097.26 33.2
1546900107.27 34.3
1546900117.3 34.3
1546900127.32 34.3
1546900137.34 34.3
1546900147.36 33.8
1546900157.38 34.3
1546900167.4 33.2
1546900177.43 34.3
1546900187.45 34.3
1546900197.47 34.9
1546900207.49 34.3
1546900217.51 34.3
1546900227.53 34.3
1546900237.55 33.2
1546900247.58 34.3
1546900257.6 33.2
1546900267.62 33.8
1546900277.64 34.3
1546900287.66 33.2
1546900297.69 34.3
1546900307.7 34.3
1546900317.73 33.2
1546900327.74 34.3
1546900337.77 33.2
1546900347.79 34.3
1546900357.82 33.2
1546900367.84 34.3
1546900377.86 33.2
1546900387.89 33.8
1546900397.91 33.8
1546900407.93 33.8
1546900417.95 33.8
1546900427.98 34.9
1546900438.0 33.2
1546900448.03 33.2
1546900458.05 33.2
1546900468.07 33.2
1546900478.1 34.3
1546900488.12 33.8
1546900498.14 34.3
1546900508.17 33.2
1546900518.19 33.8
1546900528.21 33.8
1546900538.24 33.2
1546900548.25 34.3
1546900558.28 33.2
1546900568.3 33.8
1546900578.32 33.2
1546900588.34 33.2
1546900598.36 34.3
1546900608.38 34.3
1546900618.41 34.3
1546900628.42 34.3
1546900638.44 34.3
1546900648.45 34.3
1546900658.47 34.3
1546900668.49 34.3
1546900678.51 33.8
1546900688.53 34.3
1546900698.55 33.2
1546900708.58 33.2
1546900718.59 34.3
1546900728.61 34.3
1546900738.63 33.2
1546900748.65 34.3
1546900758.67 33.2
1546900768.7 33.2
1546900778.72 33.2
1546900788.74 34.3
1546900798.76 33.8
1546900808.79 33.2
1546900818.81 33.2
1546900828.83 33.8
1546900838.86 33.2
1546900848.87 34.3
1546900858.88 33.2
1546900868.91 33.2
1546900878.93 33.2
1546900888.95 33.2
1546900898.97 34.3
1546900908.99 33.2
1546900919.01 33.2
1546900929.04 33.2
1546900939.06 33.2
1546900949.08 33.2
1546900959.11 33.8
1546900969.13 33.8
1546900979.16 34.3
1546900989.18 33.2
1546900999.2 34.3
1546901009.22 33.8
1546901019.25 33.8
1546901029.27 33.2
1546901039.3 33.2
1546901049.31 33.2
1546901059.34 33.8
1546901069.36 34.3
1546901079.39 33.8
1546901089.41 33.8
1546901099.43 33.2
1546901109.46 33.8
1546901119.48 33.8
1546901129.51 33.2
1546901139.53 33.8
1546901149.55 33.2
1546901159.57 33.8
1546901169.59 34.3
1546901179.61 33.2
1546901189.63 33.2
1546901199.65 33.8
1546901209.67 34.3
1546901219.69 34.3
1546901229.71 34.3
1546901239.73 34.9
1546901249.75 35.4
1546901259.77 34.3
1546901269.79 34.9
1546901279.81 34.9
1546901289.83 34.9
1546901299.84 34.9
1546901309.86 34.9
1546901319.88 34.3
1546901329.9 34.9
1546901339.92 34.3
1546901349.94 34.3
1546901359.96 34.3
1546901369.98 34.3
1546901380.0 34.9
1546901390.03 34.3
1546901400.05 35.4
1546901410.07 34.9
1546901420.09 34.9
1546901430.12 35.4
1546901440.14 35.4
1546901450.17 34.9
1546901460.18 34.9
1546901470.2 34.9
1546901480.22 34.3
1546901490.24 34.9
1546901500.26 34.9
1546901510.28 34.3
1546901520.3 34.3
1546901530.32 34.9
1546901540.35 35.4
1546901550.37 35.4
1546901560.39 34.9
1546901570.42 35.4
1546901580.44 34.9
1546901590.47 35.4
1546901600.5 35.9
1546901610.52 35.9
1546901620.55 35.4
1546901630.57 34.3
1546901640.6 35.4
1546901650.62 34.9
1546901660.64 35.4
1546901670.67 34.9
1546901680.69 35.4
1546901690.71 35.4
1546901700.73 35.4
1546901710.75 35.4
1546901720.77 34.9
1546901730.8 35.4
1546901740.82 35.9
1546901750.84 35.9
1546901760.87 34.9
1546901770.89 35.4
1546901780.91 35.4
1546901790.93 34.9
1546901800.96 35.4
1546901810.99 34.9
1546901821.01 35.4
1546901831.04 35.4
1546901841.06 35.4
1546901851.08 35.4
1546901861.1 34.3
1546901871.12 34.3
1546901881.15 34.9
1546901891.17 35.4
1546901901.19 35.4
1546901911.21 34.9
1546901921.23 34.3
1546901931.26 34.3
1546901941.27 34.3
1546901951.3 34.3
1546901961.32 34.3
1546901971.34 35.4
1546901981.37 34.3
1546901991.4 34.9
1546902001.42 34.9
