1546300000.64 40.8
1546300010.66 40.2
1546300020.68 40.8
1546300030.7 40.8
1546300040.71 40.2
1546300050.73 41.3
1546300060.75 40.8
1546300070.77 40.8
1546300080.79 39.7
1546300090.81 39.7
1546300100.83 40.8
1546300110.85 39.7
1546300120.87 40.8
1546300130.88 39.7
1546300140.9 40.8
1546300150.92 39.7
1546300160.94 39.7
1546300170.96 39.7
1546300180.97 40.8
1546300191.0 40.2
1546300201.02 40.2
1546300211.04 40.2
1546300221.06 39.7
1546300231.08 39.7
1546300241.1 39.7
1546300251.12 39.7
1546300261.14 39.7
1546300271.16 39.7
1546300281.18 40.2
1546300291.2 39.7
1546300301.22 39.2
1546300311.24 39.7
1546300321.26 39.7
1546300331.28 39.7
1546300341.3 39.7
1546300351.32 40.2
1546300361.34 39.7
1546300371.36 39.7
1546300381.38 40.2
1546300391.39 40.8
1546300401.41 39.7
1546300411.43 39.7
1546300421.45 39.7
1546300431.47 39.7
1546300441.5 39.7
1546300451.52 40.8
1546300461.54 39.7
1546300471.56 39.2
1546300481.59 40.2
1546300491.61 39.7
1546300501.63 39.7
1546300511.65 40.2
1546300521.67 40.2
1546300531.68 40.2
1546300541.7 40.2
1546300551.71 40.8
1546300561.73 39.7
1546300571.75 40.8
1546300581.77 39.7
1546300591.79 40.8
1546300601.81 40.2
1546300611.83 40.8
1546300621.86 40.8
1546300631.88 40.8
1546300641.9 40.2
1546300651.93 39.7
1546300661.94 40.2
1546300671.95 40.8
1546300681.97 40.2
1546300691.99 39.7
1546300702.0 40.8
1546300712.03 39.7
1546300722.05 40.8
1546300732.07 39.7
1546300742.08 40.8
1546300752.09 40.8
1546300762.12 40.8
1546300772.14 40.8
1546300782.16 40.8
1546300792.18 40.8
1546300802.2 39.7
1546300812.23 40.8
1546300822.24 41.3
1546300832.26 40.8
1546300842.28 40.8
1546300852.3 40.2
1546300862.32 40.2
1546300872.35 40.8
1546300882.37 40.8
1546300892.39 40.2
1546300902.4 40.8
1546300912.43 39.7
1546300922.44 39.7
1546300932.46 39.7
1546300942.48 39.7
1546300952.51 39.7
1546300962.53 39.2
1546300972.56 40.2
1546300982.58 39.7
1546300992.6 40.2
1546301002.62 39.7
1546301012.64 39.7
1546301022.66 40.2
1546301032.68 39.2
1546301042.7 39.7
1546301052.72 39.7
1546301062.75 39.7
1546301072.78 39.7
1546301082.8 39.7
1546301092.82 40.8
1546301102.84 39.2
1546301112.86 39.7
1546301122.88 40.2
1546301132.91 39.7
1546301142.93 39.7
1546301152.95 40.2
1546301162.97 39.7
1546301173.0 39.2
1546301183.02 40.2
1546301193.05 39.7
1546301203.07 39.7
1546301213.1 38.6
1546301223.12 39.2
1546301233.14 39.7
1546301243.16 38.6
1546301253.18 39.2
1546301263.2 39.2
1546301273.23 38.6
1546301283.25 39.2
1546301293.27 38.6
1546301303.29 39.2
1546301313.32 38.6
1546301323.35 39.2
1546301333.37 38.6
1546301343.38 39.2
1546301353.41 38.6
1546301363.43 39.7
1546301373.44 39.2
1546301383.47 38.6
1546301393.49 39.2
1546301403.49 38.6
1546301413.51 39.7
1546301423.54 39.2
1546301433.56 38.6
1546301443.58 39.7
1546301453.6 39.2
1546301463.62 39.2
1546301473.64 39.7
1546301483.66 39.2
1546301493.69 39.2
1546301503.7 39.2
1546301513.72 38.6
1546301523.74 39.2
1546301533.76 39.7
1546301543.79 39.2
1546301553.81 39.2
1546301563.83 39.2
1546301573.85 38.6
1546301583.88 38.6
1546301593.9 39.2
1546301603.92 39.2
1546301613.95 38.6
1546301623.97 39.2
1546301633.99 38.6
1546301644.01 39.2
1546301654.04 38.6
1546301664.07 38.6
1546301674.09 38.6
1546301684.11 38.6
1546301694.13 38.1
1546301704.15 39.2
1546301714.16 39.2
1546301724.18 38.6
1546301734.21 38.6
1546301744.23 38.6
1546301754.24 38.6
1546301764.26 38.1
1546301774.28 38.6
1546301784.3 38.6
1546301794.32 38.6
1546301804.34 39.2
1546301814.37 38.6
1546301824.39 38.6
1546301834.42 38.6
1546301844.44 39.2
1546301854.46 38.6
1546301864.48 39.2
1546301874.5 38.6
1546301884.52 39.2
1546301894.54 38.6
1546301904.56 38.6
1546301914.58 38.6
1546301924.61 37.6
1546301934.63 39.2
1546301944.65 38.6
1546301954.67 38.1
1546301964.69 38.6
1546301974.71 38.6
1546301984.73 39.2
1546301994.75 38.6
1546302004.78 38.1
1546302014.8 38.1
1546302024.82 38.1
1546302034.84 38.1
1546302044.86 37.6
1546302054.88 38.6
1546302064.9 38.6
1546302074.91 38.6
1546302084.93 38.6
1546302094.95 37.6
1546302104.97 37.6
1546302114.99 37.6
1546302125.01 38.6
1546302135.03 38.1
1546302145.05 38.6
1546302155.08 38.1
1546302165.09 38.6
1546302175.11 37.6
1546302185.13 37.6
1546302195.15 37.6
1546302205.17 37.6
1546302215.19 37.6
1546302225.21 37.6
1546302235.23 38.1
1546302245.25 37.6
1546302255.27 37.6
1546302265.29 37.6
1546302275.32 38.1
1546302285.34 37.6
1546302295.35 37.0
1546302305.36 37.6
1546302315.39 37.6
1546302325.41 37.6
1546302335.43 37.6
1546302345.45 36.5
1546302355.47 36.5
1546302365.49 37.0
1546302375.51 38.1
1546302385.53 37.0
1546302395.55 37.0
1546302405.57 37.0
1546302415.59 38.1
1546302425.61 37.0
1546302435.63 36.5
1546302445.65 36.5
1546302455.67 37.6
1546302465.69 37.0
1546302475.71 37.6
1546302485.73 37.0
1546302495.75 37.6
1546302505.77 37.0
1546302515.79 37.0
1546302525.81 37.0
1546302535.83 37.6
1546302545.85 36.5
1546302555.87 37.0
1546302565.89 36.5
1546302575.91 37.0
1546302585.93 37.0
1546302595.95 37.6
1546302605.97 37.6
1546302615.99 37.6
1546302626.01 37.0
1546302636.03 37.0
1546302646.05 37.6
1546302656.07 36.5
1546302666.09 37.0
1546302676.11 37.0
1546302686.14 37.0
1546302696.16 37.0
1546302706.17 37.0
1546302716.19 37.6
1546302726.22 36.5
1546302736.24 37.6
1546302746.25 37.6
1546302756.27 37.0
1546302766.3 36.5
1546302776.31 37.6
1546302786.33 37.6
1546302796.35 38.1
1546302806.37 37.0
1546302816.39 37.0
1546302826.41 37.0
1546302836.44 36.5
1546302846.46 36.5
1546302856.48 37.0
1546302866.49 38.1
1546302876.52 37.0
1546302886.53 38.1
1546302896.55 36.5
1546302906.57 36.5
1546302916.58 37.6
1546302926.59 37.6
1546302936.61 36.5
1546302946.63 37.0
1546302956.65 37.6
1546302966.67 36.5
1546302976.69 37.0
1546302986.71 37.6
1546302996.72 37.6
1546303006.74 37.0
1546303016.76 36.5
1546303026.78 37.6
1546303036.8 37.0
1546303046.82 37.6
1546303056.84 37.0
1546303066.86 36.5
1546303076.89 37.6
1546303086.9 37.0
1546303096.91 37.6
1546303106.93 37.0
1546303116.94 37.6
1546303126.97 37.0
1546303136.98 37.6
1546303147.0 36.5
1546303157.02 36.5
1546303167.05 37.0
1546303177.07 37.0
1546303187.09 36.5
1546303197.1 37.6
1546303207.12 37.6
1546303217.15 36.5
1546303227.17 37.6
1546303237.19 36.5
1546303247.2 37.6
1546303257.23 37.0
1546303267.24 37.6
1546303277.26 37.6
1546303287.28 37.0
1546303297.3 37.6
1546303307.32 37.0
1546303317.34 37.0
1546303327.35 37.6
1546303337.38 37.6
1546303347.4 37.6
1546303357.41 37.6
1546303367.43 37.6
1546303377.45 37.6
1546303387.48 38.1
1546303397.5 37.6
1546303407.52 37.0
1546303417.54 37.0
1546303427.56 37.0
1546303437.58 38.1
1546303447.6 37.6
1546303457.62 38.1
1546303467.64 38.6
1546303477.66 37.6
1546303487.68 37.6
1546303497.69 38.6
1546303507.72 37.0
1546303517.74 37.6
1546303527.76 38.6
1546303537.78 38.6
1546303547.8 37.6
1546303557.82 37.6
1546303567.84 37.6
1546303577.86 37.6
1546303587.88 38.6
1546303597.9 38.1
1546303607.92 38.6
1546303617.95 38.6
1546303627.98 38.6
1546303638.0 38.6
1546303648.01 38.6
1546303658.02 38.6
1546303668.04 38.1
1546303678.06 38.6
1546303688.08 38.6
1546303698.09 38.6
1546303708.11 38.1
1546303718.13 38.1
1546303728.15 38.6
1546303738.17 38.6
1546303748.17 38.6
1546303758.2 38.6
1546303768.22 38.1
1546303778.23 38.6
1546303788.25 38.6
1546303798.28 38.6
1546303808.3 38.6
1546303818.32 38.6
1546303828.34 38.6
1546303838.36 39.2
1546303848.38 38.6
1546303858.4 38.6
1546303868.43 38.6
1546303878.45 38.6
1546303888.47 38.6
1546303898.49 38.6
1546303908.5 38.6
1546303918.53 38.1
1546303928.55 38.6
1546303938.57 38.6
1546303948.59 39.2
1546303958.61 38.6
1546303968.63 38.6
1546303978.64 38.6
1546303988.66 38.6
1546303998.68 38.6
1546304008.7 38.6
1546304018.72 38.6
1546304028.74 38.6
1546304038.76 38.6
1546304048.78 38.6
1546304058.8 38.6
1546304068.81 38.6
1546304078.83 39.2
1546304088.85 38.6
1546304098.87 38.6
1546304108.89 38.6
1546304118.91 39.2
1546304128.92 38.6
1546304138.94 39.2
1546304148.96 38.6
1546304158.98 39.2
1546304169.0 39.2
1546304179.02 38.6
1546304189.03 38.6
1546304199.05 38.6
1546304209.07 39.2
1546304219.09 38.6
1546304229.1 38.6
1546304239.12 38.6
1546304249.14 38.6
1546304259.16 38.6
1546304269.18 37.6
1546304279.2 38.6
1546304289.22 38.6
1546304299.24 38.6
1546304309.25 38.6
1546304319.27 38.6
1546304329.29 38.6
1546304339.31 38.6
1546304349.33 38.6
1546304359.35 38.1
1546304369.36 37.6
1546304379.38 37.6
1546304389.39 38.6
1546304399.42 37.6
1546304409.43 38.1
1546304419.45 38.6
1546304429.47 38.6
1546304439.49 38.6
1546304449.51 37.6
1546304459.53 38.6
1546304469.56 37.6
1546304479.58 38.1
1546304489.61 38.1
1546304499.63 38.6
1546304509.65 38.6
1546304519.68 37.6
1546304529.7 37.6
1546304539.72 37.6
1546304549.75 37.6
1546304559.77 37.6
1546304569.78 38.6
1546304579.81 37.6
1546304589.84 37.6
1546304599.85 37.6
1546304609.88 37.6
1546304619.9 38.1
1546304629.93 37.0
1546304639.95 38.1
1546304649.97 37.6
1546304659.99 37.6
1546304670.02 37.6
1546304680.04 37.6
1546304690.06 37.6
1546304700.08 37.6
1546304710.11 37.0
1546304720.12 37.6
1546304730.14 37.6
1546304740.15 37.6
1546304750.18 37.0
1546304760.19 37.0
1546304770.21 37.0
1546304780.23 38.1
1546304790.25 37.6
1546304800.27 37.0
1546304810.29 37.6
1546304820.31 37.6
1546304830.34 38.1
1546304840.36 38.1
1546304850.38 38.1
1546304860.4 37.6
1546304870.41 37.6
1546304880.42 37.6
1546304890.44 37.0
1546304900.46 37.6
1546304910.47 38.1
1546304920.5 37.6
1546304930.52 37.0
1546304940.54 37.6
1546304950.56 37.6
1546304960.58 37.6
1546304970.6 36.5
1546304980.62 37.6
1546304990.64 38.1
1546305000.66 37.6
1546305010.68 38.1
1546305020.7 37.6
1546305030.71 38.1
1546305040.74 37.6
1546305050.76 37.6
1546305060.78 37.6
1546305070.8 37.6
1546305080.82 36.5
1546305090.84 37.6
1546305100.86 37.6
1546305110.89 37.0
1546305120.91 37.6
1546305130.93 37.6
1546305140.95 37.6
1546305150.97 37.6
1546305160.98 37.6
1546305171.01 37.0
1546305181.03 36.5
1546305191.05 37.0
1546305201.07 36.5
1546305211.09 37.6
1546305221.11 36.5
1546305231.13 37.6
1546305241.16 37.0
1546305251.18 37.0
1546305261.2 37.6
1546305271.21 37.6
1546305281.24 37.6
1546305291.25 38.1
1546305301.27 37.6
1546305311.29 37.0
1546305321.31 37.6
1546305331.33 37.0
1546305341.37 37.6
1546305351.39 37.0
1546305361.41 37.0
1546305371.43 37.6
1546305381.45 37.0
1546305391.47 37.0
1546305401.5 37.0
1546305411.52 37.0
1546305421.54 37.6
1546305431.56 37.0
1546305441.59 36.5
1546305451.61 37.6
1546305461.63 37.0
1546305471.66 36.5
1546305481.68 36.5
1546305491.7 37.6
1546305501.72 36.5
1546305511.74 37.0
1546305521.76 36.5
1546305531.78 36.5
1546305541.8 36.5
1546305551.82 36.5
1546305561.85 36.5
1546305571.87 37.6
1546305581.89 36.5
1546305591.91 36.5
1546305601.93 36.5
1546305611.95 36.5
1546305621.97 36.5
1546305631.99 36.5
1546305642.02 36.5
1546305652.04 37.0
1546305662.05 37.0
1546305672.07 37.0
1546305682.09 36.5
1546305692.11 36.5
1546305702.14 36.5
1546305712.16 35.9
1546305722.18 36.5
1546305732.2 36.5
1546305742.22 37.0
1546305752.24 36.5
1546305762.27 36.5
1546305772.29 36.5
1546305782.31 37.0
1546305792.33 36.5
1546305802.35 36.5
1546305812.37 36.5
1546305822.39 36.5
1546305832.41 36.5
1546305842.44 36.5
1546305852.45 36.5
1546305862.47 37.0
1546305872.49 37.0
1546305882.51 37.0
1546305892.53 37.0
1546305902.55 36.5
1546305912.57 36.5
1546305922.59 36.5
1546305932.62 37.0
1546305942.63 36.5
1546305952.65 37.0
1546305962.67 37.0
1546305972.69 36.5
1546305982.71 37.0
1546305992.73 36.5
1546306002.75 36.5
1546306012.77 36.5
1546306022.79 36.5
1546306032.81 36.5
1546306042.83 36.5
1546306052.86 35.9
1546306062.88 36.5
1546306072.89 37.0
1546306082.92 36.5
1546306092.93 36.5
1546306102.95 35.9
1546306112.97 36.5
1546306122.99 37.0
1546306133.01 37.0
1546306143.02 37.0
1546306153.04 37.6
1546306163.06 36.5
1546306173.09 36.5
1546306183.1 37.0
1546306193.13 36.5
1546306203.15 36.5
1546306213.17 36.5
1546306223.19 37.0
1546306233.21 36.5
1546306243.23 37.0
1546306253.25 37.6
1546306263.27 36.5
1546306273.29 37.0
1546306283.31 36.5
1546306293.33 36.5
1546306303.35 37.6
1546306313.37 37.6
1546306323.39 36.5
1546306333.41 36.5
1546306343.43 36.5
1546306353.45 37.6
1546306363.47 37.0
1546306373.49 37.6
1546306383.51 36.5
1546306393.54 37.0
1546306403.56 36.5
1546306413.58 37.0
1546306423.6 36.5
1546306433.62 37.0
1546306443.65 36.5
1546306453.66 37.6
1546306463.67 37.6
1546306473.7 37.0
1546306483.71 37.0
1546306493.73 36.5
1546306503.75 36.5
1546306513.77 37.0
1546306523.79 37.0
1546306533.82 37.6
1546306543.84 36.5
1546306553.86 36.5
1546306563.88 36.5
1546306573.9 36.5
1546306583.93 36.5
1546306593.94 37.0
1546306603.96 37.6
1546306613.98 36.5
1546306624.0 37.6
1546306634.01 37.0
1546306644.03 37.0
1546306654.05 36.5
1546306664.07 36.5
1546306674.09 37.0
1546306684.11 37.0
1546306694.14 36.5
1546306704.15 37.6
1546306714.17 37.0
1546306724.19 36.5
1546306734.21 37.0
1546306744.23 36.5
1546306754.25 37.0
1546306764.27 37.0
1546306774.29 37.6
1546306784.31 38.1
1546306794.33 37.6
1546306804.35 36.5
1546306814.37 36.5
1546306824.39 37.6
1546306834.4 37.6
1546306844.42 37.6
1546306854.44 36.5
1546306864.46 37.0
1546306874.49 37.0
1546306884.51 36.5
1546306894.53 36.5
1546306904.55 36.5
1546306914.56 36.5
1546306924.58 37.0
1546306934.61 36.5
1546306944.63 37.0
1546306954.65 37.6
1546306964.67 37.0
1546306974.7 36.5
1546306984.72 36.5
1546306994.75 36.5
1546307004.77 36.5
1546307014.79 36.5
1546307024.81 36.5
1546307034.84 37.0
1546307044.85 37.0
1546307054.88 36.5
1546307064.9 37.6
1546307074.92 36.5
1546307084.93 36.5
1546307094.95 36.5
1546307104.97 37.6
1546307114.99 37.6
1546307125.01 36.5
1546307135.03 37.0
1546307145.05 37.0
1546307155.07 37.6
1546307165.08 37.6
1546307175.1 36.5
1546307185.12 36.5
1546307195.13 37.6
1546307205.14 37.6
1546307215.16 37.6
1546307225.18 37.0
1546307235.2 37.0
1546307245.22 37.0
1546307255.24 36.5
1546307265.26 37.6
1546307275.27 36.5
1546307285.28 37.0
1546307295.3 37.6
1546307305.32 37.6
1546307315.34 37.6
1546307325.36 37.0
1546307335.38 37.0
1546307345.4 37.6
1546307355.42 36.5
1546307365.44 36.5
1546307375.45 36.5
1546307385.48 36.5
1546307395.5 36.5
1546307405.51 37.0
1546307415.53 37.0
1546307425.56 36.5
1546307435.58 36.5
1546307445.6 35.4
1546307455.62 36.5
1546307465.64 35.9
1546307475.66 36.5
1546307485.68 36.5
1546307495.7 35.9
1546307505.72 36.5
1546307515.74 36.5
1546307525.76 37.0
1546307535.78 36.5
1546307545.8 36.5
1546307555.82 36.5
1546307565.85 36.5
1546307575.87 36.5
1546307585.88 37.6
1546307595.9 37.0
1546307605.92 36.5
1546307615.94 36.5
1546307625.96 37.6
1546307635.98 36.5
1546307645.99 36.5
1546307656.01 36.5
1546307666.03 36.5
1546307676.05 36.5
1546307686.07 36.5
1546307696.09 36.5
1546307706.11 36.5
1546307716.13 36.5
1546307726.14 37.0
1546307736.16 37.6
1546307746.19 36.5
1546307756.2 36.5
1546307766.21 37.0
1546307776.23 37.0
1546307786.25 36.5
1546307796.27 36.5
1546307806.29 36.5
1546307816.31 36.5
1546307826.32 37.0
1546307836.34 36.5
1546307846.36 36.5
1546307856.38 37.0
1546307866.4 36.5
1546307876.42 36.5
1546307886.44 36.5
1546307896.45 37.0
1546307906.48 36.5
1546307916.5 37.0
1546307926.52 37.0
1546307936.54 36.5
1546307946.56 36.5
1546307956.58 37.6
1546307966.59 36.5
1546307976.61 36.5
1546307986.63 36.5
1546307996.64 36.5
