1546800000.37 49.9
1546800010.39 49.4
1546800020.41 48.3
1546800030.44 48.9
1546800040.46 49.9
1546800050.48 49.4
1546800060.5 49.4
1546800070.52 49.4
1546800080.53 49.9
1546800090.54 49.9
1546800100.56 49.9
1546800110.58 49.4
1546800120.6 48.9
1546800130.62 49.9
1546800140.63 49.9
1546800150.65 49.9
1546800160.67 50.5
1546800170.69 49.4
1546800180.71 50.5
1546800190.73 49.9
1546800200.74 50.5
1546800210.76 49.9
1546800220.78 49.9
1546800230.8 50.5
1546800240.82 50.5
1546800250.84 49.9
1546800260.86 49.9
1546800270.87 50.5
1546800280.89 49.9
1546800290.91 49.4
1546800300.93 50.5
1546800310.95 50.5
1546800320.97 49.9
1546800330.98 50.5
1546800341.01 51.0
1546800351.02 50.5
1546800361.05 50.5
1546800371.07 51.5
1546800381.08 51.0
1546800391.1 50.5
1546800401.12 50.5
1546800411.13 51.5
1546800421.15 51.5
1546800431.17 51.5
1546800441.19 50.5
1546800451.21 52.1
1546800461.22 51.5
1546800471.24 51.5
1546800481.27 50.5
1546800491.28 51.5
1546800501.3 51.5
1546800511.32 52.1
1546800521.34 51.5
1546800531.36 51.5
1546800541.38 51.5
1546800551.4 51.5
1546800561.41 52.1
1546800571.43 51.5
1546800581.45 51.5
1546800591.48 52.1
1546800601.49 52.1
1546800611.51 52.1
1546800621.52 52.1
1546800631.54 52.1
1546800641.57 51.5
1546800651.59 52.6
1546800661.61 52.1
1546800671.63 51.5
1546800681.65 51.5
1546800691.67 51.5
1546800701.68 52.1
1546800711.7 52.6
1546800721.71 53.2
1546800731.72 52.6
1546800741.73 52.6
1546800751.74 52.6
1546800761.75 53.7
1546800771.77 53.7
1546800781.78 53.7
1546800791.8 52.6
1546800801.82 53.7
1546800811.84 53.7
1546800821.86 53.2
1546800831.88 52.6
1546800841.9 53.7
1546800851.92 53.7
1546800861.95 53.7
1546800871.96 53.7
1546800881.98 53.7
1546800892.0 53.7
1546800902.01 53.7
1546800912.03 53.7
1546800922.05 53.2
1546800932.08 53.2
1546800942.09 53.2
1546800952.11 53.7
1546800962.13 52.6
1546800972.14 53.7
1546800982.16 53.2
1546800992.18 52.6
1546801002.19 53.7
1546801012.21 52.6
1546801022.23 52.6
1546801032.25 52.6
1546801042.26 53.7
1546801052.28 53.2
1546801062.3 51.5
1546801072.32 52.1
1546801082.34 52.1
1546801092.35 52.6
1546801102.37 51.5
1546801112.4 52.6
1546801122.42 51.5
1546801132.43 52.1
1546801142.45 51.5
1546801152.48 51.5
1546801162.5 51.5
1546801172.52 51.5
1546801182.54 51.5
1546801192.55 52.1
1546801202.56 53.2
1546801212.58 51.5
1546801222.59 52.1
1546801232.61 52.6
1546801242.64 51.5
1546801252.65 51.5
1546801262.68 51.5
1546801272.69 51.5
1546801282.71 51.5
1546801292.73 51.0
1546801302.83 52.1
1546801312.86 52.1
1546801322.88 50.5
1546801332.9 51.5
1546801342.92 51.5
1546801352.94 51.5
1546801362.96 50.5
1546801372.98 51.5
1546801383.0 50.5
1546801393.02 51.5
1546801403.04 51.0
1546801413.06 50.5
1546801423.09 51.0
1546801433.11 50.5
1546801443.13 51.5
1546801453.15 49.9
1546801463.17 50.5
1546801473.19 49.9
1546801483.21 49.9
1546801493.24 50.5
1546801503.26 50.5
1546801513.29 49.9
1546801523.31 50.5
1546801533.33 49.9
1546801543.36 51.0
1546801553.37 51.5
1546801563.4 50.5
1546801573.43 51.5
1546801583.45 49.9
1546801593.46 50.5
1546801603.48 49.9
1546801613.5 50.5
1546801623.53 50.5
1546801633.54 50.5
1546801643.56 50.5
1546801653.58 50.5
1546801663.61 50.5
1546801673.62 50.5
1546801683.64 51.0
1546801693.66 50.5
1546801703.68 50.5
1546801713.7 50.5
1546801723.72 51.5
1546801733.74 51.5
1546801743.76 50.5
1546801753.78 50.5
1546801763.8 49.9
1546801773.81 51.0
1546801783.83 49.9
1546801793.85 50.5
1546801803.87 50.5
1546801813.89 50.5
1546801823.91 51.0
1546801833.94 50.5
1546801843.96 51.5
1546801853.98 50.5
1546801864.01 50.5
1546801874.03 51.0
1546801884.05 50.5
1546801894.08 50.5
1546801904.1 50.5
1546801914.12 50.5
1546801924.15 50.5
1546801934.17 50.5
1546801944.18 51.5
1546801954.21 50.5
1546801964.23 51.5
1546801974.25 51.0
1546801984.27 51.5
1546801994.29 51.0
1546802004.32 51.5
1546802014.34 51.0
1546802024.36 51.0
1546802034.38 50.5
1546802044.4 52.1
1546802054.43 52.6
1546802064.45 52.6
1546802074.48 52.1
1546802084.5 52.1
1546802094.52 52.6
1546802104.54 51.5
1546802114.56 52.1
1546802124.58 52.1
1546802134.6 52.6
1546802144.62 52.6
1546802154.64 53.2
1546802164.66 52.1
1546802174.69 52.6
1546802184.71 52.6
1546802194.73 53.2
1546802204.75 51.5
1546802214.76 52.6
1546802224.78 52.1
1546802234.8 52.6
1546802244.82 52.6
1546802254.85 52.1
1546802264.86 52.6
1546802274.88 53.2
1546802284.9 52.6
1546802294.92 52.6
1546802304.97 52.6
1546802314.99 52.6
1546802325.01 52.6
1546802335.03 52.1
1546802345.05 52.6
1546802355.07 52.6
1546802365.08 52.6
1546802375.1 52.6
1546802385.12 52.6
1546802395.14 52.6
1546802405.15 52.1
1546802415.18 53.2
1546802425.2 53.7
1546802435.22 52.1
1546802445.24 52.1
1546802455.26 52.6
1546802465.28 53.2
1546802475.31 52.6
1546802485.33 52.6
1546802495.35 52.1
1546802505.37 52.6
1546802515.39 52.6
1546802525.41 52.6
1546802535.44 52.6
1546802545.47 53.7
1546802555.49 52.6
1546802565.51 52.6
1546802575.52 53.7
1546802585.54 53.7
1546802595.55 52.6
1546802605.57 53.2
1546802615.59 52.1
1546802625.61 52.6
1546802635.62 53.7
1546802645.64 52.6
1546802655.66 52.6
1546802665.68 52.6
1546802675.7 52.6
1546802685.72 52.1
1546802695.74 53.2
1546802705.76 52.6
1546802715.78 52.6
1546802725.8 52.6
1546802735.82 52.1
1546802745.85 52.6
1546802755.86 52.6
1546802765.88 52.1
1546802775.9 52.6
1546802785.92 52.1
1546802795.94 52.6
1546802805.97 52.1
1546802815.99 52.6
1546802826.0 52.6
1546802836.02 52.6
1546802846.04 52.1
1546802856.06 52.6
1546802866.08 52.6
1546802876.1 52.6
1546802886.11 52.6
1546802896.14 52.1
1546802906.15 52.6
1546802916.17 52.1
1546802926.2 52.6
1546802936.21 52.6
1546802946.23 51.5
1546802956.25 52.6
1546802966.26 52.6
1546802976.27 52.6
1546802986.29 53.2
1546802996.31 52.6
1546803006.32 52.6
1546803016.34 53.7
1546803026.37 53.2
1546803036.39 52.6
1546803046.42 52.6
1546803056.43 52.6
1546803066.45 52.1
1546803076.48 53.2
1546803086.5 52.6
1546803096.52 52.6
1546803106.54 52.1
1546803116.55 52.6
1546803126.56 52.6
1546803136.59 52.1
1546803146.61 52.6
1546803156.64 52.1
1546803166.65 52.6
1546803176.67 52.6
1546803186.7 51.5
1546803196.72 52.1
1546803206.74 52.6
1546803216.76 51.5
1546803226.78 51.5
1546803236.8 51.5
1546803246.82 52.1
1546803256.85 51.5
1546803266.86 51.5
1546803276.88 51.0
1546803286.9 52.1
1546803296.91 52.1
1546803306.93 51.5
1546803316.95 51.0
1546803326.97 51.5
1546803336.99 51.5
1546803347.01 51.5
1546803357.02 50.5
1546803367.05 50.5
1546803377.06 51.5
1546803387.08 51.0
1546803397.1 50.5
1546803407.13 50.5
1546803417.15 50.5
1546803427.17 49.9
1546803437.18 51.5
1546803447.2 50.5
1546803457.23 51.5
1546803467.25 50.5
1546803477.27 50.5
1546803487.29 50.5
1546803497.32 50.5
1546803507.34 51.0
1546803517.36 51.5
1546803527.38 51.0
1546803537.4 50.5
1546803547.42 52.1
1546803557.44 51.5
1546803567.46 50.5
1546803577.48 49.9
1546803587.51 51.5
1546803597.52 51.5
1546803607.54 51.0
1546803617.56 50.5
1546803627.58 50.5
1546803637.6 51.5
1546803647.62 51.5
1546803657.64 50.5
1546803667.66 51.0
1546803677.69 50.5
1546803687.71 51.0
1546803697.73 51.0
1546803707.75 51.5
1546803717.77 51.0
1546803727.79 51.5
1546803737.8 51.5
1546803747.82 51.0
1546803757.83 51.5
1546803767.86 51.5
1546803777.88 52.1
1546803787.89 52.1
1546803797.91 52.1
1546803807.93 52.1
1546803817.95 52.1
1546803827.96 52.1
1546803837.98 51.5
1546803848.0 52.1
1546803858.02 52.1
1546803868.04 51.5
1546803878.06 51.0
1546803888.09 51.5
1546803898.11 51.5
1546803908.14 51.5
1546803918.16 51.5
1546803928.18 51.5
1546803938.2 50.5
1546803948.22 51.5
1546803958.24 51.0
1546803968.26 51.0
1546803978.28 51.5
1546803988.3 51.5
1546803998.32 51.5
1546804008.34 51.5
1546804018.36 51.5
1546804028.37 51.0
1546804038.39 51.5
1546804048.41 50.5
1546804058.42 50.5
1546804068.43 51.5
1546804078.45 51.0
1546804088.47 50.5
1546804098.48 51.5
1546804108.5 51.5
1546804118.52 50.5
1546804128.54 50.5
1546804138.55 50.5
1546804148.57 50.5
1546804158.59 50.5
1546804168.61 51.0
1546804178.63 50.5
1546804188.64 50.5
1546804198.67 50.5
1546804208.69 50.5
1546804218.71 49.9
1546804228.74 50.5
1546804238.76 50.5
1546804248.79 49.9
1546804258.81 50.5
1546804268.82 49.9
1546804278.84 49.4
1546804288.86 50.5
1546804298.89 49.9
1546804308.91 50.5
1546804318.93 49.9
1546804328.94 51.0
1546804338.96 50.5
1546804348.99 49.4
1546804359.01 50.5
1546804369.03 49.9
1546804379.04 51.0
1546804389.07 50.5
1546804399.1 50.5
1546804409.12 49.4
1546804419.15 49.4
1546804429.17 49.4
1546804439.18 49.9
1546804449.21 49.9
1546804459.23 48.9
1546804469.25 49.4
1546804479.28 49.9
1546804489.3 49.4
1546804499.32 49.4
1546804509.34 49.4
1546804519.36 49.4
1546804529.38 49.4
1546804539.4 48.9
1546804549.42 48.9
1546804559.45 48.9
1546804569.46 49.4
1546804579.48 48.3
1546804589.51 48.3
1546804599.53 48.3
1546804609.55 48.3
1546804619.57 48.9
1546804629.59 49.4
1546804639.61 48.9
1546804649.63 48.9
1546804659.66 48.3
1546804669.67 48.3
1546804679.69 48.3
1546804689.71 48.3
1546804699.74 48.3
1546804709.75 48.3
1546804719.77 48.3
1546804729.79 47.8
1546804739.8 47.2
1546804749.81 48.3
1546804759.83 47.8
1546804769.85 47.8
1546804779.86 47.2
1546804789.88 47.8
1546804799.9 47.8
