1547700009.75 33.2
1547700019.77 33.2
1547700029.79 32.7
1547700039.81 33.2
1547700049.83 33.2
1547700059.84 32.7
1547700069.86 33.2
1547700079.88 33.2
1547700089.9 34.3
1547700099.91 33.2
1547700109.93 33.2
1547700119.95 33.2
1547700129.97 33.8
1547700139.99 33.2
1547700150.01 33.2
1547700160.03 33.8
1547700170.05 33.2
1547700180.07 33.2
1547700190.09 33.2
1547700200.1 33.2
1547700210.11 33.2
1547700220.13 33.2
1547700230.15 33.2
1547700240.16 33.2
1547700250.17 34.3
1547700260.18 33.2
1547700270.2 32.7
1547700280.21 33.8
1547700290.22 34.3
1547700300.23 33.8
1547700310.26 33.2
1547700320.27 33.2
1547700330.29 33.2
1547700340.31 33.8
1547700350.33 33.2
1547700360.35 32.7
1547700370.36 33.8
1547700380.38 32.7
1547700390.4 33.8
1547700400.42 33.2
1547700410.44 33.8
1547700420.45 33.2
1547700430.47 34.3
1547700440.49 33.8
1547700450.5 34.3
1547700460.51 34.3
1547700470.53 34.3
1547700480.55 34.3
1547700490.57 33.2
1547700500.59 33.2
1547700510.61 33.2
1547700520.63 34.9
1547700530.65 33.8
1547700540.67 33.8
1547700550.69 33.8
1547700560.71 33.2
1547700570.73 33.8
1547700580.75 33.8
1547700590.77 33.8
1547700600.79 33.8
1547700610.81 32.7
1547700620.83 33.2
1547700630.84 33.2
1547700640.86 33.8
1547700650.88 33.2
1547700660.9 33.8
1547700670.92 33.2
1547700680.94 33.2
1547700690.96 33.2
1547700700.98 34.3
1547700711.0 33.2
1547700721.02 33.2
1547700731.04 33.8
1547700741.06 34.3
1547700751.08 32.7
1547700761.09 33.2
1547700771.11 34.3
1547700781.12 34.3
1547700791.14 33.8
1547700801.16 33.8
1547700811.19 34.3
1547700821.2 34.3
1547700831.22 33.2
1547700841.24 34.3
1547700851.26 33.8
1547700861.28 33.2
1547700871.29 33.2
1547700881.32 33.2
1547700891.33 33.2
1547700901.34 32.2
1547700911.36 33.2
1547700921.38 33.8
1547700931.4 34.3
1547700941.41 33.2
1547700951.44 33.2
1547700961.45 33.2
1547700971.47 33.8
1547700981.49 33.8
1547700991.51 33.2
1547701001.53 33.2
1547701011.55 33.2
1547701021.56 33.8
1547701031.58 33.8
1547701041.59 33.8
1547701051.62 33.2
1547701061.64 33.8
1547701071.66 32.7
1547701081.68 33.2
1547701091.7 33.2
1547701101.72 33.2
1547701111.74 33.2
1547701121.76 32.7
1547701131.78 33.2
1547701141.81 33.2
1547701151.83 33.2
1547701161.85 33.8
1547701171.87 32.7
1547701181.89 32.7
1547701191.91 33.2
1547701201.93 33.2
1547701211.95 33.8
1547701221.97 33.2
1547701231.98 33.2
1547701242.0 33.2
1547701252.03 33.8
1547701262.05 33.2
1547701272.06 33.2
1547701282.09 33.2
1547701292.11 33.2
1547701302.12 33.8
1547701312.14 33.2
1547701322.16 33.2
1547701332.19 33.2
1547701342.21 33.2
1547701352.23 32.7
1547701362.25 32.7
1547701372.27 33.2
1547701382.28 33.2
1547701392.3 32.7
1547701402.32 32.7
1547701412.33 32.7
1547701422.35 33.2
1547701432.37 33.2
1547701442.38 32.7
1547701452.4 33.8
1547701462.42 34.3
1547701472.45 33.8
1547701482.47 33.2
1547701492.49 33.8
1547701502.51 33.2
1547701512.53 33.2
1547701522.55 32.7
1547701532.57 33.2
1547701542.59 33.2
1547701552.6 33.2
1547701562.62 33.2
1547701572.64 32.7
1547701582.66 33.2
1547701592.69 32.7
1547701602.7 33.2
1547701612.72 33.2
1547701622.73 32.7
1547701632.76 33.2
1547701642.77 33.2
1547701652.79 33.2
1547701662.81 32.7
1547701672.83 32.2
1547701682.85 32.2
1547701692.86 33.2
1547701702.88 32.7
1547701712.9 33.2
1547701722.92 33.2
1547701732.94 33.8
1547701742.96 33.2
1547701752.98 32.7
1547701763.0 33.2
1547701773.01 33.2
1547701783.03 33.2
1547701793.05 33.8
1547701803.07 33.2
1547701813.09 32.2
1547701823.11 33.2
1547701833.12 34.3
1547701843.14 32.7
1547701853.16 33.2
1547701863.17 34.3
1547701873.2 33.2
1547701883.22 33.8
1547701893.24 33.2
1547701903.26 33.2
1547701913.28 33.2
1547701923.3 32.7
1547701933.31 33.2
1547701943.34 32.7
1547701953.36 32.7
1547701963.38 32.7
1547701973.4 32.7
1547701983.42 33.2
1547701993.44 33.2
1547702003.45 33.8
1547702013.47 33.2
1547702023.48 33.2
1547702033.5 32.7
1547702043.52 32.7
1547702053.54 32.2
1547702063.56 32.2
1547702073.58 33.2
1547702083.6 33.2
1547702093.62 33.8
1547702103.64 33.2
1547702113.66 33.8
1547702123.68 33.2
1547702133.7 33.2
1547702143.72 33.2
1547702153.74 33.2
1547702163.76 34.3
1547702173.78 33.8
1547702183.79 33.2
1547702193.81 33.2
1547702203.83 32.7
1547702213.84 33.8
1547702223.87 33.8
1547702233.89 33.2
1547702243.91 33.2
1547702253.92 33.2
1547702263.94 33.2
1547702273.96 33.2
1547702283.99 33.2
1547702294.01 33.2
1547702304.03 33.8
1547702314.05 33.2
1547702324.06 33.8
1547702334.08 33.2
1547702344.09 33.2
1547702354.11 33.8
1547702364.13 32.7
1547702374.15 33.2
1547702384.17 33.2
1547702394.19 33.2
1547702404.22 32.7
1547702414.24 33.2
1547702424.26 33.2
1547702434.28 33.2
1547702444.3 33.2
1547702454.32 33.8
1547702464.34 33.2
1547702474.38 33.2
1547702484.4 33.8
1547702494.42 33.2
1547702504.44 32.7
1547702514.46 33.8
1547702524.48 33.2
1547702534.5 33.2
1547702544.52 33.2
1547702554.54 33.2
1547702564.56 33.2
1547702574.59 33.2
1547702584.61 33.8
1547702594.63 32.2
1547702604.65 33.2
1547702614.67 33.2
1547702624.69 32.7
1547702634.7 32.7
1547702644.72 34.3
1547702654.74 33.2
1547702664.76 32.7
1547702674.78 33.2
1547702684.8 33.2
1547702694.82 33.2
1547702704.84 32.7
1547702714.86 33.2
1547702724.88 32.2
1547702734.9 33.2
1547702744.92 33.8
1547702754.94 32.7
1547702764.96 33.2
1547702774.98 33.2
1547702785.0 32.7
1547702795.02 32.7
1547702805.04 32.7
1547702815.06 33.2
1547702825.08 32.7
1547702835.09 32.7
1547702845.11 33.2
1547702855.14 32.7
1547702865.16 32.7
1547702875.18 32.7
1547702885.2 33.2
1547702895.22 33.2
1547702905.23 32.2
1547702915.26 32.2
1547702925.28 32.7
1547702935.29 33.2
1547702945.31 33.2
1547702955.33 32.7
1547702965.35 32.7
1547702975.37 32.7
1547702985.39 32.7
1547702995.4 33.8
1547703005.41 33.2
1547703015.43 32.7
1547703025.46 32.7
1547703035.47 33.2
1547703045.49 32.7
1547703055.5 33.2
1547703065.52 32.7
1547703075.54 32.7
1547703085.56 33.2
1547703095.57 33.2
1547703105.59 33.2
1547703115.61 32.7
1547703125.63 33.2
1547703135.64 33.2
1547703145.66 32.2
1547703155.68 33.2
1547703165.7 33.8
1547703175.71 33.2
1547703185.73 32.7
1547703195.75 33.2
1547703205.76 32.7
1547703215.78 33.2
1547703225.8 33.2
1547703235.81 32.7
1547703245.83 33.2
1547703255.85 33.2
1547703265.87 33.2
1547703275.88 33.2
1547703285.9 33.8
1547703295.92 33.2
1547703305.94 33.2
1547703315.95 33.2
1547703325.97 34.3
1547703335.98 34.3
1547703346.0 33.8
1547703356.02 33.8
1547703366.03 34.3
1547703376.05 33.8
1547703386.08 32.7
1547703396.09 33.2
1547703406.11 33.2
1547703416.13 33.8
1547703426.14 34.3
1547703436.15 34.3
1547703446.17 33.2
1547703456.19 33.2
1547703466.21 32.7
1547703476.23 33.2
1547703486.24 33.2
1547703496.27 32.7
1547703506.28 33.2
1547703516.3 32.7
1547703526.32 32.7
1547703536.34 32.2
1547703546.35 32.2
1547703556.37 32.7
1547703566.38 32.7
1547703576.4 33.2
1547703586.42 32.2
1547703596.44 32.7
1547703606.45 32.7
1547703616.47 33.2
1547703626.49 33.2
1547703636.51 32.7
1547703646.52 32.2
1547703656.54 33.2
1547703666.55 33.2
1547703676.58 33.2
1547703686.59 32.2
1547703696.61 33.2
1547703706.62 32.7
1547703716.64 32.2
1547703726.66 32.7
1547703736.68 32.2
1547703746.7 32.2
1547703756.72 32.2
1547703766.73 33.2
1547703776.75 32.2
1547703786.76 33.2
1547703796.77 33.2
1547703806.78 32.2
1547703816.8 33.2
1547703826.82 32.2
1547703836.84 32.7
1547703846.86 33.2
1547703856.87 32.2
1547703866.89 33.2
1547703876.9 33.2
1547703886.92 32.2
1547703896.94 32.2
1547703906.96 33.2
1547703916.98 32.2
1547703927.0 32.2
1547703937.01 32.2
1547703947.03 33.2
1547703957.06 32.2
1547703967.07 33.2
1547703977.1 33.2
1547703987.11 32.7
1547703997.13 32.7
1547704007.15 32.7
1547704017.17 32.7
1547704027.18 33.2
1547704037.2 32.2
1547704047.22 32.2
1547704057.24 32.7
1547704067.25 33.2
1547704077.28 32.7
1547704087.29 33.2
1547704097.31 32.7
1547704107.33 32.7
1547704117.34 33.2
1547704127.36 32.2
1547704137.37 32.7
1547704147.4 32.7
1547704157.42 32.7
1547704167.44 32.7
1547704177.46 32.7
1547704187.47 32.2
1547704197.49 32.7
1547704207.51 32.2
1547704217.53 32.2
1547704227.54 32.2
1547704237.57 32.2
1547704247.58 32.2
1547704257.6 32.2
1547704267.61 32.2
1547704277.63 32.2
1547704287.65 32.2
1547704297.67 32.2
1547704307.69 32.2
1547704317.71 32.2
1547704327.73 32.2
1547704337.74 32.7
1547704347.77 32.2
1547704357.78 32.7
1547704367.8 32.2
1547704377.81 32.2
1547704387.83 32.2
1547704397.85 32.2
1547704407.87 32.2
1547704417.89 31.1
1547704427.91 31.1
1547704437.93 32.2
1547704447.95 32.2
1547704457.96 32.2
1547704467.99 31.6
1547704478.0 31.1
1547704488.02 32.2
1547704498.05 31.1
1547704508.07 31.1
1547704518.08 32.2
1547704528.1 32.2
1547704538.12 32.2
1547704548.14 31.1
1547704558.16 32.2
1547704568.18 31.6
1547704578.19 31.1
1547704588.21 32.2
1547704598.23 31.1
1547704608.26 31.1
1547704618.28 31.1
1547704628.3 31.6
1547704638.31 32.2
1547704648.33 31.1
1547704658.36 31.1
1547704668.37 31.1
1547704678.4 31.1
1547704688.42 31.6
1547704698.43 31.1
1547704708.44 31.1
1547704718.46 31.6
1547704728.48 31.6
1547704738.49 31.1
1547704748.51 32.2
1547704758.53 32.2
1547704768.55 31.6
1547704778.57 31.1
1547704788.59 32.2
1547704798.61 31.1
1547704808.63 31.1
1547704818.64 32.2
1547704828.65 31.1
1547704838.67 31.1
1547704848.7 31.6
1547704858.72 31.1
1547704868.74 31.1
1547704878.76 31.6
1547704888.78 31.6
1547704898.79 32.2
1547704908.81 31.6
1547704918.83 31.1
1547704928.86 32.2
1547704938.88 31.1
1547704948.9 31.1
1547704958.92 31.1
1547704968.94 31.1
1547704978.96 31.6
1547704988.98 31.6
1547704999.0 31.1
1547705009.02 31.1
1547705019.04 31.6
1547705029.05 31.6
1547705039.07 32.2
1547705049.09 31.1
1547705059.11 31.1
1547705069.13 32.2
1547705079.15 31.1
1547705089.18 31.1
1547705099.2 31.6
1547705109.22 31.1
1547705119.25 31.1
1547705129.27 31.6
1547705139.29 31.1
1547705149.31 31.1
1547705159.32 32.2
1547705169.34 32.2
1547705179.36 31.1
1547705189.38 32.2
1547705199.4 31.1
1547705209.42 31.6
1547705219.44 31.6
1547705229.46 32.2
1547705239.5 32.2
1547705249.52 32.2
1547705259.53 32.7
1547705269.55 31.1
1547705279.57 31.6
1547705289.59 31.1
1547705299.61 31.1
1547705309.63 32.2
1547705319.65 32.2
1547705329.67 32.2
1547705339.69 31.6
1547705349.71 31.6
1547705359.72 32.2
1547705369.74 32.2
1547705379.76 31.6
1547705389.78 31.6
1547705399.8 32.2
1547705409.82 31.1
1547705419.84 31.6
1547705429.86 31.1
1547705439.88 31.1
1547705449.9 31.1
1547705459.91 32.2
1547705469.93 31.1
1547705479.95 32.2
1547705489.97 31.1
1547705499.99 31.1
1547705510.0 31.1
1547705520.02 31.6
1547705530.04 31.1
1547705540.06 31.1
1547705550.08 31.6
1547705560.09 32.2
1547705570.1 31.1
1547705580.12 31.1
1547705590.14 32.2
1547705600.15 31.6
1547705610.18 31.1
1547705620.2 31.6
1547705630.22 31.6
1547705640.24 32.2
1547705650.26 31.6
1547705660.28 31.1
1547705670.3 31.1
1547705680.32 30.6
1547705690.34 31.1
1547705700.36 31.6
1547705710.38 31.6
1547705720.4 32.2
1547705730.42 31.1
1547705740.44 31.1
1547705750.46 31.1
1547705760.49 31.1
1547705770.51 32.2
1547705780.53 32.2
1547705790.54 32.2
1547705800.56 32.2
1547705810.58 32.2
1547705820.6 32.2
1547705830.61 32.2
1547705840.62 31.1
1547705850.64 32.2
1547705860.66 32.7
1547705870.67 32.2
1547705880.68 32.2
1547705890.69 31.1
1547705900.71 32.2
1547705910.72 32.2
1547705920.73 32.2
1547705930.76 31.6
1547705940.78 31.1
1547705950.8 31.6
1547705960.82 32.2
1547705970.83 32.2
1547705980.85 31.6
1547705990.87 31.1
1547706000.89 31.6
1547706010.91 31.6
1547706020.93 31.6
1547706030.95 31.1
1547706040.97 31.1
1547706050.99 31.1
1547706061.01 31.1
1547706071.03 31.1
1547706081.05 31.1
1547706091.07 31.6
1547706101.09 31.1
1547706111.1 32.2
1547706121.12 31.1
1547706131.14 31.1
1547706141.16 31.1
1547706151.18 31.1
1547706161.21 31.1
1547706171.22 31.6
1547706181.24 31.1
1547706191.26 31.1
1547706201.28 31.1
1547706211.3 31.1
1547706221.32 31.1
1547706231.34 32.2
1547706241.36 31.1
1547706251.38 31.1
1547706261.4 31.6
1547706271.42 31.1
1547706281.44 31.1
1547706291.46 32.2
1547706301.48 31.1
1547706311.5 31.1
1547706321.52 31.1
1547706331.54 30.6
1547706341.56 31.1
1547706351.58 31.1
1547706361.6 31.1
1547706371.62 31.1
1547706381.64 31.1
1547706391.67 30.6
1547706401.69 31.1
1547706411.71 31.1
1547706421.73 30.6
1547706431.75 31.1
1547706441.77 30.6
1547706451.79 30.6
1547706461.81 31.1
1547706471.83 31.1
1547706481.85 31.1
1547706491.87 31.1
1547706501.89 31.1
1547706511.91 31.1
1547706521.94 31.1
1547706531.96 30.6
1547706541.97 30.6
1547706551.99 30.6
1547706562.01 31.1
1547706572.03 30.6
1547706582.04 30.6
1547706592.06 30.6
1547706602.07 31.1
1547706612.09 31.1
1547706622.11 31.1
1547706632.13 30.6
1547706642.16 30.6
1547706652.17 30.6
1547706662.2 30.6
1547706672.21 30.6
1547706682.23 30.6
1547706692.25 30.6
1547706702.27 30.6
1547706712.3 30.6
1547706722.32 30.6
1547706732.34 30.0
1547706742.36 30.0
1547706752.39 30.0
1547706762.41 30.0
1547706772.43 30.0
1547706782.45 30.6
1547706792.47 30.6
1547706802.49 31.1
1547706812.51 31.1
1547706822.53 30.0
1547706832.55 30.6
1547706842.57 30.6
1547706852.59 30.6
1547706862.61 31.1
1547706872.64 30.6
1547706882.66 31.1
1547706892.67 31.6
1547706902.68 30.0
1547706912.7 30.6
1547706922.73 31.1
1547706932.75 30.6
1547706942.76 31.1
1547706952.77 31.1
1547706962.8 31.1
1547706972.81 31.1
1547706982.83 30.6
1547706992.85 30.0
1547707002.87 30.6
1547707012.89 30.0
1547707022.91 30.0
1547707032.93 30.6
1547707042.95 30.6
1547707052.98 31.1
1547707063.0 30.0
1547707073.02 30.0
1547707083.04 30.6
1547707093.06 30.0
1547707103.08 30.6
1547707113.09 31.1
1547707123.11 30.0
1547707133.14 30.0
1547707143.15 30.6
1547707153.18 30.6
1547707163.2 30.6
1547707173.21 31.1
1547707183.23 30.6
1547707193.25 30.0
1547707203.27 30.6
1547707213.29 31.1
1547707223.31 30.0
1547707233.33 30.0
1547707243.35 30.0
1547707253.37 30.6
1547707263.39 30.6
1547707273.41 30.0
1547707283.43 30.0
1547707293.45 30.0
1547707303.47 30.6
1547707313.5 30.0
1547707323.51 31.1
1547707333.52 30.0
1547707343.55 30.0
1547707353.56 30.6
1547707363.58 30.6
1547707373.59 30.0
1547707383.61 31.1
1547707393.63 30.0
1547707403.65 30.6
1547707413.67 30.6
1547707423.68 30.0
1547707433.7 30.6
1547707443.72 30.0
1547707453.74 30.6
1547707463.76 30.0
1547707473.78 30.0
1547707483.8 30.6
1547707493.82 30.6
1547707503.84 30.6
1547707513.86 30.6
1547707523.88 30.6
1547707533.9 30.0
1547707543.92 30.6
1547707553.94 30.6
1547707563.95 30.6
1547707573.97 30.0
1547707583.99 30.6
1547707594.01 30.0
1547707604.03 30.6
1547707614.05 30.6
1547707624.07 30.0
1547707634.09 30.6
1547707644.11 30.6
1547707654.13 30.0
1547707664.15 30.0
1547707674.16 31.1
1547707684.18 30.6
1547707694.2 30.6
1547707704.22 30.0
1547707714.24 30.0
1547707724.25 31.1
1547707734.27 30.6
1547707744.29 30.6
1547707754.31 30.6
1547707764.33 30.0
1547707774.35 30.6
1547707784.37 30.6
1547707794.39 30.0
1547707804.41 30.6
1547707814.43 30.0
1547707824.45 30.0
1547707834.46 30.0
1547707844.49 30.0
1547707854.51 30.0
1547707864.53 30.0
1547707874.54 30.0
1547707884.56 30.0
1547707894.57 30.0
1547707904.59 30.6
1547707914.62 30.0
1547707924.63 30.6
1547707934.65 30.0
1547707944.67 30.6
1547707954.69 30.0
1547707964.7 30.0
1547707974.72 30.0
1547707984.74 30.0
1547707994.76 30.0
1547708004.78 30.0
1547708014.8 30.0
1547708024.81 30.0
1547708034.83 30.0
1547708044.85 30.0
1547708054.87 30.6
1547708064.88 30.6
1547708074.9 30.0
1547708084.92 30.0
1547708094.94 30.0
1547708104.96 30.6
1547708114.98 29.5
1547708125.0 30.6
1547708135.01 30.6
1547708145.03 30.0
1547708155.05 30.0
1547708165.07 30.0
1547708175.09 30.0
1547708185.11 30.0
1547708195.12 30.6
1547708205.14 30.0
1547708215.16 30.0
1547708225.18 30.0
1547708235.2 30.0
1547708245.22 30.0
1547708255.24 30.0
1547708265.26 30.0
1547708275.27 29.5
1547708285.29 29.5
1547708295.31 29.5
1547708305.33 30.0
1547708315.35 29.5
1547708325.37 30.0
1547708335.39 30.0
1547708345.41 30.0
1547708355.42 30.6
1547708365.44 30.6
1547708375.45 30.0
1547708385.47 30.6
1547708395.49 30.0
