1547600003.02 33.2
1547600013.04 33.2
1547600023.06 33.2
1547600033.07 33.2
1547600043.09 33.2
1547600053.11 32.2
1547600063.13 32.7
1547600073.14 33.2
1547600083.16 33.2
1547600093.18 33.2
1547600103.19 33.2
1547600113.21 33.2
1547600123.22 33.8
1547600133.24 33.2
1547600143.25 33.2
1547600153.26 33.2
1547600163.27 33.2
1547600173.28 33.8
1547600183.3 33.2
1547600193.32 33.2
1547600203.33 33.8
1547600213.35 33.2
1547600223.37 33.2
1547600233.39 33.2
1547600243.4 33.2
1547600253.42 34.3
1547600263.44 34.3
1547600273.45 33.2
1547600283.47 33.8
1547600293.49 34.3
1547600303.5 34.3
1547600313.52 34.3
1547600323.53 34.9
1547600333.55 34.3
1547600343.57 34.9
1547600353.59 34.3
1547600363.6 34.3
1547600373.62 34.9
1547600383.64 34.3
1547600393.65 34.9
1547600403.67 33.8
