1547900005.17 30.6
1547900015.19 30.6
1547900025.21 31.1
1547900035.23 30.0
1547900045.24 31.1
1547900055.26 31.1
1547900065.28 31.1
1547900075.3 31.1
1547900085.32 31.1
1547900095.33 31.1
1547900105.34 31.1
1547900115.36 31.1
1547900125.38 31.1
1547900135.4 31.1
1547900145.42 31.1
1547900155.44 30.6
1547900165.46 30.6
1547900175.48 30.0
1547900185.5 31.1
1547900195.52 31.6
1547900205.54 31.1
1547900215.56 31.1
1547900225.57 31.1
1547900235.6 31.1
1547900245.62 31.1
1547900255.63 31.6
1547900265.65 32.2
1547900275.66 31.6
1547900285.69 31.1
1547900295.71 31.6
1547900305.72 32.2
1547900315.74 32.2
1547900325.76 32.2
1547900335.78 32.2
1547900345.79 32.2
1547900355.81 32.2
1547900365.82 32.2
1547900375.84 32.2
1547900385.87 32.2
1547900395.89 32.2
1547900405.91 32.7
1547900415.92 32.2
1547900425.94 32.2
1547900435.96 32.2
1547900445.97 32.2
1547900455.98 32.2
1547900466.0 31.1
1547900476.03 31.1
1547900486.05 32.2
1547900496.06 31.6
1547900506.09 32.2
1547900516.11 31.1
1547900526.12 32.2
1547900536.14 32.2
1547900546.16 32.2
1547900556.18 32.2
1547900566.2 31.6
1547900576.22 32.2
1547900586.24 32.2
1547900596.25 32.2
1547900606.27 32.2
1547900616.29 32.2
1547900626.3 32.2
1547900636.32 32.2
1547900646.34 31.1
1547900656.35 32.2
1547900666.37 32.2
1547900676.38 31.1
1547900686.4 32.2
1547900696.42 31.1
1547900706.44 31.6
1547900716.45 31.6
1547900726.47 31.6
1547900736.49 31.6
1547900746.5 32.2
1547900756.52 31.6
1547900766.54 31.1
1547900776.56 31.1
1547900786.58 32.7
1547900796.59 32.2
1547900806.61 31.6
1547900816.63 31.1
1547900826.65 31.6
1547900836.67 32.2
1547900846.68 31.6
1547900856.69 32.2
1547900866.71 31.1
1547900876.72 32.2
1547900886.73 32.2
1547900896.75 31.1
1547900906.77 31.1
1547900916.79 31.1
1547900926.81 31.6
1547900936.82 31.1
1547900946.84 31.6
1547900956.85 31.1
1547900966.87 31.1
1547900976.89 30.6
1547900986.91 31.1
1547900996.92 31.6
1547901006.94 31.6
1547901016.96 31.1
1547901026.97 31.6
1547901036.99 32.2
1547901047.0 31.1
1547901057.02 31.1
1547901067.04 31.1
1547901077.06 31.1
1547901087.07 31.6
1547901097.09 31.6
1547901107.1 31.1
1547901117.12 31.6
1547901127.14 31.1
1547901137.16 31.1
1547901147.18 31.1
1547901157.19 32.2
1547901167.21 30.6
1547901177.23 31.1
1547901187.25 31.1
1547901197.27 31.1
1547901207.29 30.6
1547901217.31 32.2
1547901227.32 31.6
1547901237.34 31.1
1547901247.36 31.6
1547901257.38 31.1
1547901267.4 31.1
1547901277.43 31.6
1547901287.45 31.6
1547901297.47 32.2
1547901307.49 32.2
1547901317.5 32.2
1547901327.53 32.2
1547901337.55 32.7
1547901347.57 32.7
1547901357.58 33.2
1547901367.61 32.7
1547901377.63 32.2
1547901387.64 33.2
1547901397.67 32.2
1547901407.69 33.2
1547901417.71 33.2
1547901427.73 32.7
1547901437.74 33.8
1547901447.76 32.2
1547901457.78 33.2
1547901467.8 32.7
1547901477.82 33.2
1547901487.84 33.2
1547901497.86 33.2
1547901507.87 33.2
1547901517.89 33.8
1547901527.91 33.2
1547901537.93 33.8
1547901547.94 33.2
1547901557.96 32.7
1547901567.98 33.2
1547901578.0 33.2
1547901588.01 34.3
1547901598.03 33.2
1547901608.05 33.8
1547901618.07 34.3
1547901628.08 34.3
1547901638.1 34.3
1547901648.1 34.3
1547901658.12 34.3
1547901668.14 33.8
1547901678.16 34.3
1547901688.18 34.9
1547901698.19 34.9
1547901708.21 34.3
1547901718.23 34.3
1547901728.24 33.8
1547901738.26 34.3
1547901748.28 33.8
1547901758.3 34.3
1547901768.32 34.9
1547901778.33 34.3
1547901788.35 34.3
1547901798.36 34.9
1547901808.38 34.3
1547901818.39 34.9
1547901828.41 34.3
1547901838.43 34.3
1547901848.45 35.4
1547901858.47 34.9
1547901868.49 35.4
1547901878.5 35.4
1547901888.52 34.9
1547901898.54 35.4
1547901908.55 35.4
1547901918.57 35.4
1547901928.58 35.4
1547901938.61 35.4
1547901948.62 35.4
1547901958.64 35.4
1547901968.66 35.4
1547901978.68 35.4
1547901988.7 34.9
1547901998.72 34.9
1547902008.74 35.4
1547902018.76 35.4
1547902028.77 35.4
1547902038.79 35.4
1547902048.8 35.4
1547902058.82 35.9
1547902068.84 34.9
1547902078.86 35.4
1547902088.88 35.4
1547902098.9 35.9
1547902108.92 35.4
1547902118.95 35.4
1547902128.96 36.5
1547902138.97 34.9
1547902148.99 35.4
1547902159.0 35.4
1547902169.01 36.5
1547902179.03 35.9
1547902189.04 35.4
1547902199.06 35.4
1547902209.07 36.5
1547902219.08 36.5
1547902229.1 37.6
1547902239.11 36.5
1547902249.13 36.5
1547902259.14 36.5
1547902269.15 36.5
1547902279.16 36.5
1547902289.18 36.5
1547902299.19 36.5
1547902309.21 35.9
1547902319.22 36.5
1547902329.24 35.9
1547902339.25 35.4
1547902349.27 35.4
1547902359.29 35.4
1547902369.3 35.9
1547902379.31 35.4
1547902389.33 36.5
1547902399.34 36.5
1547902409.36 36.5
1547902419.38 36.5
1547902429.4 36.5
1547902439.41 36.5
1547902449.42 35.9
1547902459.44 36.5
1547902469.46 36.5
1547902479.47 37.0
1547902489.49 36.5
1547902499.5 35.9
1547902509.51 36.5
1547902519.53 37.0
1547902529.54 36.5
1547902539.56 36.5
1547902549.58 36.5
1547902559.59 37.0
1547902569.61 37.0
1547902579.62 37.0
1547902589.63 37.6
1547902599.64 36.5
1547902609.66 36.5
1547902619.68 36.5
1547902629.7 35.9
1547902639.72 36.5
1547902649.75 35.9
1547902659.77 35.4
1547902669.78 36.5
1547902679.79 36.5
1547902689.82 36.5
1547902699.84 36.5
1547902709.85 36.5
1547902719.87 35.4
1547902729.89 36.5
1547902739.92 35.9
1547902749.93 36.5
1547902759.95 36.5
1547902769.97 36.5
1547902780.0 36.5
1547902790.01 36.5
1547902800.02 36.5
