1547100009.18 34.9
1547100019.2 34.9
1547100029.21 34.9
1547100039.23 34.3
1547100049.25 34.3
1547100059.26 34.3
1547100069.28 34.9
1547100079.3 34.9
1547100089.31 34.9
1547100099.33 34.3
1547100109.35 34.3
1547100119.37 34.3
1547100129.39 34.3
1547100139.4 34.3
1547100149.42 34.3
1547100159.44 34.9
1547100169.46 34.3
1547100179.47 34.3
1547100189.49 34.3
1547100199.51 34.3
1547100209.52 34.3
1547100219.54 34.9
1547100229.56 34.3
1547100239.57 34.3
1547100249.58 34.3
1547100259.6 34.3
1547100269.62 34.9
1547100279.63 34.3
1547100289.65 34.3
1547100299.67 34.3
1547100309.69 34.3
1547100319.7 33.8
1547100329.72 34.3
1547100339.74 33.8
1547100349.75 34.3
1547100359.77 34.3
1547100369.79 34.3
1547100379.8 34.3
1547100389.82 34.3
1547100399.84 34.3
1547100409.86 34.3
1547100419.88 34.3
1547100429.89 34.3
1547100439.91 34.3
1547100449.92 34.3
1547100459.94 34.3
1547100469.96 33.8
1547100479.98 34.3
1547100489.99 34.3
1547100500.01 34.3
1547100510.03 34.3
1547100520.05 34.3
1547100530.07 34.3
1547100540.08 34.9
1547100550.1 33.8
1547100560.11 34.3
1547100570.13 34.3
1547100580.14 33.8
1547100590.16 34.3
1547100600.18 34.3
1547100610.2 33.8
1547100620.22 34.3
1547100630.23 34.3
1547100640.25 34.3
1547100650.26 34.3
1547100660.28 34.3
1547100670.3 34.3
1547100680.32 33.8
1547100690.33 34.3
1547100700.35 34.3
1547100710.37 33.8
1547100720.39 33.8
1547100730.4 34.3
1547100740.42 33.8
1547100750.43 34.3
1547100760.45 34.3
1547100770.46 34.3
1547100780.48 34.3
1547100790.5 34.3
1547100800.52 34.3
1547100810.53 34.9
1547100820.55 34.3
1547100830.57 34.3
1547100840.58 34.3
1547100850.6 34.3
1547100860.62 34.3
1547100870.64 34.3
1547100880.65 34.3
1547100890.67 34.3
1547100900.69 34.3
1547100910.7 34.9
1547100920.71 34.3
1547100930.73 34.3
1547100940.75 34.9
1547100950.77 33.8
1547100960.79 34.3
1547100970.81 33.2
1547100980.83 34.3
1547100990.85 34.3
1547101000.86 34.3
1547101010.88 33.8
1547101020.9 33.8
1547101030.92 33.2
1547101040.93 34.3
1547101050.94 34.3
1547101060.96 34.3
1547101070.98 33.8
1547101081.0 33.8
1547101091.02 34.3
1547101101.03 33.2
1547101111.05 33.8
1547101121.07 33.8
1547101131.08 33.8
1547101141.1 33.8
1547101151.12 33.8
1547101161.14 33.2
1547101171.15 34.3
1547101181.17 33.8
1547101191.19 34.3
1547101201.21 33.8
1547101211.22 33.8
1547101221.24 33.8
1547101231.26 33.8
1547101241.27 33.2
1547101251.29 34.3
1547101261.3 33.8
1547101271.32 34.3
1547101281.34 33.2
1547101291.35 34.3
1547101301.38 33.8
1547101311.4 33.2
1547101321.42 33.2
1547101331.44 33.2
1547101341.45 33.8
1547101351.47 33.8
1547101361.48 33.2
1547101371.5 33.2
1547101381.52 34.3
1547101391.54 33.2
1547101401.56 33.8
1547101411.58 33.8
1547101421.6 33.8
1547101431.62 33.8
1547101441.63 33.2
1547101451.65 34.3
1547101461.67 33.8
1547101471.69 34.3
1547101481.71 33.2
1547101491.73 34.3
1547101501.75 33.8
1547101511.76 33.8
1547101521.78 33.8
1547101531.8 33.2
1547101541.82 33.8
1547101551.84 33.8
1547101561.86 33.2
1547101571.88 33.2
1547101581.9 33.8
1547101591.92 33.2
1547101601.94 33.8
1547101611.95 33.2
1547101621.97 33.2
1547101631.99 33.2
1547101642.01 33.8
1547101652.03 33.2
1547101662.05 33.2
1547101672.07 33.2
1547101682.09 33.2
1547101692.11 33.2
1547101702.13 33.2
1547101712.15 33.2
1547101722.17 33.2
1547101732.19 34.3
1547101742.21 33.8
1547101752.23 33.2
1547101762.25 33.2
1547101772.27 33.8
1547101782.29 33.2
1547101792.31 33.2
1547101802.33 33.2
1547101812.35 33.2
1547101822.36 33.2
1547101832.38 33.2
1547101842.4 33.2
1547101852.42 33.2
1547101862.44 33.2
1547101872.46 34.3
1547101882.47 33.8
1547101892.49 33.2
1547101902.51 33.2
1547101912.53 33.2
1547101922.55 33.8
1547101932.57 33.2
1547101942.59 33.2
1547101952.62 33.2
1547101962.62 34.3
1547101972.64 33.2
1547101982.66 33.8
1547101992.68 33.2
1547102002.7 33.2
1547102012.71 33.2
1547102022.73 33.2
1547102032.75 33.8
1547102042.77 33.8
1547102052.79 33.2
1547102062.81 33.2
1547102072.84 33.2
1547102082.85 33.2
1547102092.87 33.8
1547102102.89 33.2
1547102112.91 33.8
1547102122.93 33.2
1547102132.95 33.2
1547102142.96 33.8
1547102152.98 33.2
1547102163.0 33.2
1547102173.04 33.2
1547102183.06 33.2
1547102193.07 32.7
1547102203.09 33.2
1547102213.11 33.8
1547102223.14 33.2
1547102233.16 33.2
1547102243.18 33.2
1547102253.2 33.2
1547102263.22 33.8
1547102273.23 33.2
1547102283.25 33.2
1547102293.27 33.2
1547102303.29 33.2
1547102313.31 33.2
1547102323.33 33.2
1547102333.35 34.9
1547102343.37 33.8
1547102353.39 34.3
1547102363.41 34.3
1547102373.43 33.2
1547102383.45 33.8
1547102393.47 33.8
1547102403.49 34.3
1547102413.51 33.8
1547102423.53 33.2
1547102433.55 33.2
1547102443.57 33.8
1547102453.59 34.3
1547102463.6 33.8
1547102473.62 32.7
1547102483.63 34.3
1547102493.65 33.8
1547102503.67 33.8
1547102513.68 33.8
1547102523.7 33.8
1547102533.72 33.8
1547102543.72 33.8
1547102553.75 33.8
1547102563.76 32.7
1547102573.78 33.2
1547102583.8 33.8
1547102593.82 34.3
1547102603.84 33.2
1547102613.85 34.3
1547102623.88 33.8
1547102633.89 33.2
1547102643.91 33.8
1547102653.93 33.8
1547102663.96 34.3
1547102673.98 33.2
1547102684.0 33.8
1547102694.02 33.8
1547102704.04 33.8
1547102714.06 33.2
1547102724.08 33.2
1547102734.1 33.8
1547102744.11 33.8
1547102754.13 33.2
1547102764.15 33.8
1547102774.17 33.8
1547102784.19 32.7
1547102794.21 33.2
1547102804.22 33.2
1547102814.24 33.8
1547102824.26 33.2
1547102834.3 33.2
1547102844.31 33.8
1547102854.33 33.2
1547102864.35 33.2
1547102874.37 33.8
1547102884.39 33.2
1547102894.41 33.8
1547102904.43 33.2
1547102914.45 33.2
1547102924.46 33.2
1547102934.48 33.2
1547102944.49 33.8
1547102954.51 33.2
1547102964.53 32.2
1547102974.55 33.2
1547102984.57 33.8
1547102994.59 33.2
1547103004.61 33.2
1547103014.63 32.2
1547103024.65 33.2
1547103034.67 33.8
1547103044.69 32.7
1547103054.71 32.7
1547103064.73 32.7
1547103074.75 32.7
1547103084.77 33.2
1547103094.79 33.2
1547103104.82 33.2
1547103114.84 33.2
1547103124.86 32.7
1547103134.88 33.8
1547103144.9 33.2
1547103154.91 32.2
1547103164.93 32.7
1547103174.95 33.2
1547103184.97 33.2
1547103194.98 33.8
1547103205.0 33.2
1547103215.02 32.7
1547103225.03 33.2
1547103235.05 32.7
1547103245.08 33.2
1547103255.1 33.8
1547103265.12 33.2
1547103275.13 33.2
1547103285.15 33.2
1547103295.17 34.3
1547103305.19 33.2
1547103315.21 33.8
1547103325.23 33.2
1547103335.24 33.2
1547103345.26 33.2
1547103355.28 33.2
1547103365.29 33.2
1547103375.32 33.2
1547103385.33 32.7
1547103395.35 33.2
1547103405.38 33.2
1547103415.4 32.7
1547103425.42 33.2
1547103435.44 32.7
1547103445.46 33.2
1547103455.48 33.2
1547103465.5 33.2
1547103475.52 33.2
1547103485.54 32.7
1547103495.56 33.2
1547103505.58 33.2
1547103515.59 33.8
1547103525.61 33.2
1547103535.63 33.2
1547103545.65 33.2
1547103555.67 33.2
1547103565.69 33.2
1547103575.7 33.2
1547103585.72 33.2
1547103595.74 32.7
1547103605.76 33.2
1547103615.78 32.7
1547103625.8 33.2
1547103635.82 33.2
1547103645.84 33.2
1547103655.86 33.8
1547103665.88 33.2
1547103675.9 33.2
1547103685.92 33.2
1547103695.94 33.2
1547103705.96 32.7
1547103715.98 32.7
1547103726.0 32.7
1547103736.02 33.2
1547103746.05 32.7
1547103756.07 33.2
1547103766.09 32.7
1547103776.11 33.2
1547103786.14 32.7
1547103796.16 32.2
1547103806.18 32.7
1547103816.2 32.2
1547103826.22 32.7
1547103836.24 32.2
1547103846.26 32.7
1547103856.28 33.2
1547103866.3 32.7
1547103876.33 32.7
1547103886.35 32.7
1547103896.36 33.2
1547103906.38 33.2
1547103916.41 33.2
1547103926.43 32.7
1547103936.44 33.2
1547103946.46 32.2
1547103956.48 32.7
1547103966.51 33.2
1547103976.52 32.7
1547103986.54 33.2
1547103996.56 32.7
1547104006.58 32.7
1547104016.6 33.2
1547104026.62 33.2
1547104036.65 33.2
1547104046.66 33.2
1547104056.68 33.2
1547104066.7 33.8
1547104076.72 33.2
1547104086.74 33.2
1547104096.76 33.2
1547104106.78 32.7
1547104116.8 32.7
1547104126.83 32.7
1547104136.85 33.2
1547104146.87 33.2
1547104156.89 32.7
1547104166.91 32.2
1547104176.93 32.7
1547104186.95 33.2
1547104196.97 33.2
1547104206.99 33.8
1547104217.01 33.2
1547104227.03 32.2
1547104237.05 33.2
1547104247.07 32.7
1547104257.09 33.2
1547104267.11 33.2
1547104277.13 33.2
1547104287.15 32.7
1547104297.17 33.2
1547104307.19 32.2
1547104317.21 33.2
1547104327.24 33.2
1547104337.26 33.2
1547104347.28 32.7
1547104357.3 32.7
1547104367.32 32.7
1547104377.34 32.7
1547104387.36 33.2
1547104397.38 33.2
1547104407.4 33.2
1547104417.42 33.2
1547104427.43 33.2
1547104437.45 33.2
1547104447.47 33.8
1547104457.48 33.2
1547104467.5 33.2
1547104477.52 33.2
1547104487.53 32.7
1547104497.55 33.2
1547104507.57 33.2
1547104517.59 33.2
1547104527.61 33.2
1547104537.63 33.2
1547104547.65 33.2
1547104557.67 33.8
1547104567.69 33.2
1547104577.71 33.2
1547104587.73 33.2
1547104597.75 33.8
1547104607.77 33.2
1547104617.79 33.2
1547104627.81 33.2
1547104637.83 33.2
1547104647.85 33.2
1547104657.87 33.2
1547104667.89 33.2
1547104677.91 33.2
1547104687.92 33.8
1547104697.94 33.2
1547104707.96 33.8
1547104717.97 33.8
1547104728.0 33.2
1547104738.02 33.2
1547104748.04 33.2
1547104758.06 33.2
1547104768.08 33.2
1547104778.1 33.2
1547104788.12 33.8
1547104798.14 33.2
1547104808.16 33.2
1547104818.18 33.2
1547104828.2 33.2
1547104838.23 33.2
1547104848.25 33.2
1547104858.27 33.2
1547104868.29 33.2
1547104878.31 32.7
1547104888.33 33.8
1547104898.35 33.8
1547104908.37 33.2
1547104918.39 33.2
1547104928.42 33.2
1547104938.44 33.8
1547104948.46 33.2
1547104958.48 33.2
1547104968.5 33.2
1547104978.52 33.2
1547104988.54 33.8
1547104998.56 33.2
1547105008.58 33.2
1547105018.6 33.2
1547105028.62 33.2
1547105038.65 33.8
1547105048.67 33.2
1547105058.68 33.8
1547105068.7 33.2
1547105078.72 33.8
1547105088.74 33.8
1547105098.75 33.2
1547105108.78 33.2
1547105118.8 32.7
1547105128.82 33.2
1547105138.83 33.8
1547105148.85 33.8
1547105158.87 34.3
1547105168.89 33.2
1547105178.91 32.7
1547105188.93 33.2
1547105198.95 32.7
1547105208.97 33.2
1547105218.99 32.7
1547105229.01 33.8
1547105239.04 33.2
1547105249.06 33.8
1547105259.08 33.8
1547105269.1 33.8
1547105279.12 33.2
1547105289.14 33.8
1547105299.16 33.8
1547105309.18 33.2
1547105319.2 33.8
1547105329.22 34.3
1547105339.25 33.2
1547105349.26 33.8
1547105359.28 33.8
1547105369.3 33.2
1547105379.32 33.8
1547105389.34 33.8
1547105399.36 33.2
1547105409.38 33.8
1547105419.4 33.8
1547105429.42 33.2
1547105439.45 33.2
1547105449.46 34.9
1547105459.48 33.2
1547105469.5 33.8
1547105479.52 34.3
1547105489.54 33.2
1547105499.56 33.2
1547105509.58 33.2
1547105519.6 34.3
1547105529.62 33.8
1547105539.64 34.3
1547105549.66 33.2
1547105559.68 33.8
1547105569.7 33.2
1547105579.73 33.2
1547105589.74 34.3
1547105599.76 33.2
1547105609.78 33.2
1547105619.8 33.2
1547105629.83 33.8
1547105639.85 33.2
1547105649.87 33.2
1547105659.89 33.2
1547105669.9 34.3
1547105679.91 34.3
1547105689.93 33.8
1547105699.95 33.2
1547105709.97 34.3
1547105719.99 33.2
1547105730.01 33.8
1547105740.03 33.2
1547105750.05 33.8
1547105760.07 33.2
1547105770.09 33.8
1547105780.11 33.8
1547105790.13 33.2
1547105800.16 33.2
1547105810.18 33.2
1547105820.2 33.2
1547105830.23 33.2
1547105840.25 33.8
1547105850.27 33.2
1547105860.29 33.2
1547105870.31 34.3
1547105880.33 33.8
1547105890.35 34.3
1547105900.37 33.8
1547105910.39 33.8
1547105920.42 33.2
1547105930.44 33.2
1547105940.46 33.2
1547105950.49 33.8
1547105960.51 33.2
1547105970.53 33.8
1547105980.55 33.8
1547105990.57 33.2
1547106000.59 34.3
1547106010.61 33.8
1547106020.63 33.2
1547106030.65 33.2
1547106040.67 34.3
1547106050.68 34.3
1547106060.71 33.8
1547106070.72 33.2
1547106080.74 34.3
1547106090.76 33.2
1547106100.78 33.2
1547106110.8 34.3
1547106120.82 33.2
1547106130.84 33.8
1547106140.87 33.8
1547106150.89 33.2
1547106160.91 33.2
1547106170.93 33.8
1547106180.95 33.2
1547106190.97 33.2
1547106200.99 33.8
1547106211.01 33.8
1547106221.04 33.8
1547106231.06 33.2
1547106241.08 33.2
1547106251.1 33.8
1547106261.12 33.8
1547106271.14 34.3
1547106281.16 33.8
1547106291.18 33.8
1547106301.2 33.8
1547106311.21 34.3
1547106321.23 33.2
1547106331.25 33.8
1547106341.27 33.2
1547106351.29 34.3
1547106361.31 34.3
1547106371.34 33.8
1547106381.36 33.8
1547106391.38 33.2
1547106401.4 33.2
1547106411.42 33.8
1547106421.44 33.2
1547106431.46 33.2
1547106441.48 33.8
1547106451.51 33.8
1547106461.53 33.8
1547106471.54 34.3
1547106481.56 33.2
1547106491.58 33.2
1547106501.6 33.2
1547106511.62 33.8
1547106521.64 34.3
1547106531.67 33.8
1547106541.69 33.2
1547106551.71 33.8
1547106561.73 33.8
1547106571.75 33.2
1547106581.77 33.8
1547106591.79 34.3
1547106601.81 33.2
1547106611.83 33.8
1547106621.85 34.3
1547106631.87 33.8
1547106641.89 33.8
1547106651.91 34.3
1547106661.93 33.2
1547106671.95 33.8
1547106681.97 33.8
1547106691.99 33.2
1547106702.01 33.2
1547106712.03 33.2
1547106722.05 33.8
1547106732.07 33.2
1547106742.09 33.2
1547106752.11 34.3
1547106762.13 34.3
1547106772.15 33.2
1547106782.18 33.2
1547106792.19 33.2
1547106802.21 33.8
1547106812.23 34.3
1547106822.25 34.3
1547106832.27 34.3
1547106842.29 33.8
1547106852.31 33.2
1547106862.33 33.8
1547106872.36 34.3
1547106882.38 33.2
1547106892.39 33.8
1547106902.41 33.2
1547106912.43 34.3
1547106922.45 33.8
1547106932.48 33.8
1547106942.5 33.2
1547106952.52 33.2
1547106962.55 34.3
1547106972.57 33.2
1547106982.59 34.3
1547106992.61 34.3
1547107002.62 33.8
1547107012.64 33.8
1547107022.66 33.8
1547107032.68 33.8
1547107042.7 33.8
1547107052.73 34.3
1547107062.75 33.8
1547107072.77 33.2
1547107082.79 33.8
1547107092.81 33.8
1547107102.83 33.8
1547107112.85 34.3
1547107122.87 33.2
1547107132.89 33.2
1547107142.91 33.8
1547107152.93 33.8
1547107162.95 33.8
1547107172.97 34.3
1547107182.99 33.8
1547107193.01 33.2
1547107203.02 34.3
1547107213.04 34.3
1547107223.08 34.3
1547107233.1 34.3
1547107243.12 33.2
1547107253.14 33.8
1547107263.16 34.3
1547107273.18 34.3
1547107283.2 33.8
1547107293.22 34.3
1547107303.25 33.8
1547107313.27 33.8
1547107323.29 34.3
1547107333.31 33.8
1547107343.33 33.8
1547107353.35 34.3
1547107363.37 34.3
1547107373.39 34.3
1547107383.41 33.8
1547107393.43 33.8
1547107403.45 34.3
1547107413.47 34.3
1547107423.49 33.8
1547107433.5 34.3
1547107443.52 33.8
1547107453.54 34.3
1547107463.56 34.9
1547107473.58 34.3
1547107483.6 34.3
1547107493.62 33.8
1547107503.64 34.3
1547107513.66 34.3
1547107523.68 34.3
1547107533.7 33.8
1547107543.71 34.3
1547107553.73 34.3
1547107563.74 34.3
1547107573.76 34.3
1547107583.78 34.3
1547107593.81 34.3
1547107603.83 34.3
1547107613.85 34.3
1547107623.87 34.3
1547107633.89 34.3
1547107643.91 34.3
1547107653.93 34.3
1547107663.95 34.9
1547107673.97 34.3
1547107683.99 34.3
1547107694.01 33.8
1547107704.03 34.9
1547107714.05 34.3
1547107724.07 34.3
1547107734.09 34.9
1547107744.11 34.3
1547107754.13 34.3
1547107764.15 34.9
1547107774.17 34.3
1547107784.19 33.8
1547107794.21 34.3
1547107804.24 34.3
1547107814.26 33.8
1547107824.28 34.3
1547107834.3 34.9
1547107844.32 34.3
1547107854.34 34.3
1547107864.36 34.3
1547107874.38 34.3
1547107884.4 34.3
1547107894.42 34.3
1547107904.44 34.3
1547107914.46 34.3
1547107924.48 34.3
1547107934.5 34.3
1547107944.52 34.3
1547107954.54 34.3
1547107964.56 34.3
1547107974.58 34.3
1547107984.6 34.3
1547107994.62 33.8
1547108004.64 34.3
1547108014.66 34.3
1547108024.68 34.3
1547108034.7 34.3
1547108044.72 34.3
1547108054.74 34.3
1547108064.77 34.3
1547108074.79 34.3
1547108084.8 34.9
1547108094.82 34.3
1547108104.84 34.9
1547108114.86 34.3
1547108124.88 34.3
1547108134.9 33.8
1547108144.92 34.3
1547108154.94 34.3
1547108164.96 34.9
1547108174.98 34.3
1547108185.0 34.3
1547108195.02 34.3
1547108205.03 34.9
1547108215.05 35.4
1547108225.06 34.3
1547108235.08 34.3
1547108245.1 35.4
1547108255.11 34.3
1547108265.13 34.9
1547108275.15 33.8
1547108285.17 34.3
1547108295.19 34.3
1547108305.21 34.3
1547108315.23 33.8
1547108325.25 34.3
1547108335.27 34.3
1547108345.29 34.3
1547108355.31 34.3
1547108365.33 34.3
1547108375.35 34.3
1547108385.38 34.3
1547108395.39 33.8
1547108405.41 33.8
1547108415.43 34.3
1547108425.45 34.3
1547108435.47 34.3
1547108445.49 34.3
1547108455.51 33.8
1547108465.53 34.3
1547108475.55 33.8
1547108485.58 34.3
1547108495.6 34.3
1547108505.62 33.2
1547108515.64 34.3
1547108525.65 34.3
1547108535.68 34.3
1547108545.7 34.3
1547108555.72 34.3
1547108565.74 34.3
1547108575.76 33.8
1547108585.78 34.3
1547108595.8 34.3
1547108605.82 34.9
1547108615.84 34.3
1547108625.86 34.3
1547108635.88 34.3
1547108645.9 33.8
1547108655.92 34.3
1547108665.93 34.3
1547108675.95 34.3
1547108685.97 34.3
1547108695.99 33.8
1547108706.01 34.3
1547108716.03 34.3
1547108726.05 34.3
1547108736.07 33.8
1547108746.1 33.8
1547108756.12 34.3
1547108766.13 34.3
1547108776.15 34.3
1547108786.17 34.3
1547108796.19 34.3
1547108806.21 34.3
1547108816.23 34.3
1547108826.26 34.3
1547108836.28 33.8
1547108846.3 34.3
1547108856.32 34.3
1547108866.34 34.3
1547108876.38 34.3
1547108886.4 34.3
1547108896.42 34.3
1547108906.43 34.3
1547108916.45 34.3
1547108926.47 34.3
1547108936.49 34.3
1547108946.51 34.3
1547108956.53 34.3
1547108966.55 34.3
1547108976.57 33.8
1547108986.59 34.3
1547108996.62 33.8
1547109006.64 34.3
1547109016.66 34.3
1547109026.68 34.3
1547109036.7 33.8
1547109046.73 34.3
1547109056.75 34.9
1547109066.77 33.8
1547109076.79 33.8
1547109086.82 33.8
1547109096.84 34.3
1547109106.85 34.9
1547109116.87 34.3
1547109126.89 34.3
1547109136.91 34.3
1547109146.93 34.3
1547109156.95 34.3
1547109166.97 34.3
1547109176.99 34.3
1547109187.01 34.3
1547109197.03 34.3
1547109207.04 34.3
1547109217.06 34.3
1547109227.07 34.3
1547109237.09 33.8
1547109247.11 34.3
1547109257.13 34.3
1547109267.15 33.8
1547109277.16 34.3
1547109287.18 34.9
1547109297.2 34.3
1547109307.22 33.8
1547109317.24 33.2
1547109327.26 33.2
1547109337.28 33.8
1547109347.3 34.3
1547109357.32 34.3
1547109367.34 33.8
1547109377.36 34.3
1547109387.38 34.3
1547109397.4 34.3
1547109407.41 33.8
1547109417.43 34.3
1547109427.45 34.3
1547109437.46 34.3
1547109447.48 33.8
1547109457.49 34.3
1547109467.51 33.8
1547109477.53 33.8
1547109487.55 34.3
1547109497.57 34.3
1547109507.59 34.3
1547109517.61 33.8
1547109527.63 33.8
1547109537.64 34.3
1547109547.67 34.3
1547109557.69 33.8
1547109567.71 34.3
1547109577.73 34.3
1547109587.75 34.3
1547109597.77 34.3
1547109607.79 34.3
1547109617.81 34.3
1547109627.83 34.3
1547109637.85 34.3
1547109647.87 34.3
1547109657.9 34.3
1547109667.91 34.9
1547109677.93 34.3
1547109687.95 34.3
1547109697.98 34.3
1547109708.0 34.3
1547109718.02 33.8
1547109728.04 34.3
1547109738.06 33.8
1547109748.08 33.2
1547109758.1 34.3
1547109768.12 34.3
1547109778.14 34.3
1547109788.16 34.3
1547109798.18 34.3
1547109808.2 33.2
1547109818.22 34.3
1547109828.24 33.8
1547109838.26 34.3
1547109848.29 34.3
1547109858.31 34.3
1547109868.32 34.3
1547109878.34 33.8
1547109888.36 33.8
1547109898.38 33.8
1547109908.4 33.8
1547109918.42 33.8
1547109928.45 34.3
1547109938.46 34.3
1547109948.48 34.3
1547109958.5 33.8
1547109968.53 33.8
1547109978.55 34.3
1547109988.57 33.8
1547109998.59 34.3
1547110008.62 34.3
1547110018.64 34.3
1547110028.67 34.3
1547110038.69 34.3
1547110048.71 34.3
1547110058.72 34.3
1547110068.74 34.3
1547110078.76 34.3
1547110088.79 33.8
1547110098.81 34.3
1547110108.83 34.3
1547110118.84 33.8
1547110128.87 34.3
1547110138.89 34.3
1547110148.91 33.8
1547110158.93 34.3
1547110168.95 33.2
1547110178.97 34.3
1547110188.99 34.3
1547110199.01 34.3
1547110209.03 33.2
1547110219.05 33.2
1547110229.07 34.3
1547110239.1 33.8
1547110249.11 34.3
1547110259.13 34.3
1547110269.15 33.8
1547110279.17 34.3
1547110289.19 34.3
1547110299.21 34.3
1547110309.23 34.3
1547110319.25 34.3
1547110329.27 34.3
1547110339.29 34.3
1547110349.31 34.3
1547110359.33 34.3
1547110369.35 33.8
1547110379.37 33.8
1547110389.39 34.3
1547110399.41 34.3
1547110409.43 34.3
1547110419.44 34.3
1547110429.46 34.9
1547110439.48 34.9
1547110449.5 33.8
1547110459.52 34.3
1547110469.54 34.3
1547110479.55 34.3
1547110489.57 34.3
1547110499.59 34.3
1547110509.61 34.3
1547110519.63 34.3
1547110529.65 34.3
1547110539.68 34.3
1547110549.69 34.3
1547110559.71 34.3
1547110569.73 34.9
1547110579.75 34.3
1547110589.77 33.8
1547110599.79 34.9
1547110609.81 34.3
1547110619.83 34.3
1547110629.85 34.3
1547110639.87 33.8
1547110649.9 34.3
1547110659.92 34.3
1547110669.94 34.9
1547110679.96 34.3
1547110689.98 34.3
1547110700.0 34.3
1547110710.02 34.3
1547110720.04 34.3
1547110730.06 34.9
1547110740.08 34.3
1547110750.1 34.3
1547110760.12 34.3
1547110770.14 34.3
1547110780.16 34.3
1547110790.18 35.4
1547110800.2 34.3
1547110810.22 34.3
1547110820.23 34.3
1547110830.25 34.9
1547110840.27 34.3
1547110850.29 34.3
1547110860.31 34.9
1547110870.33 34.3
1547110880.35 34.3
1547110890.37 34.3
1547110900.39 33.8
1547110910.41 34.3
1547110920.43 34.9
1547110930.45 34.3
1547110940.47 34.3
1547110950.49 34.3
1547110960.51 34.3
1547110970.54 34.3
1547110980.56 33.8
1547110990.58 33.8
1547111000.6 34.3
1547111010.62 34.3
1547111020.64 34.3
1547111030.66 34.3
1547111040.68 34.3
1547111050.7 34.3
1547111060.72 34.3
1547111070.74 33.8
1547111080.75 34.3
1547111090.77 34.3
1547111100.79 34.3
1547111110.81 34.9
1547111120.83 34.3
1547111130.85 34.3
1547111140.87 33.8
1547111150.89 34.3
1547111160.92 34.3
1547111170.94 34.3
1547111180.96 34.9
1547111190.97 34.3
1547111201.0 34.9
1547111211.03 34.3
1547111221.05 34.3
1547111231.07 34.3
1547111241.08 34.3
1547111251.1 34.3
1547111261.12 34.9
1547111271.15 34.3
1547111281.18 33.8
1547111291.2 34.3
1547111301.21 35.9
1547111311.23 34.3
1547111321.25 34.3
1547111331.26 34.3
1547111341.28 34.3
1547111351.3 34.3
1547111361.32 34.3
1547111371.34 34.3
1547111381.36 34.3
1547111391.38 34.3
1547111401.41 34.3
1547111411.43 34.3
1547111421.44 34.3
1547111431.46 34.3
1547111441.48 34.3
1547111451.5 34.3
1547111461.52 34.9
1547111471.54 34.3
1547111481.56 34.9
1547111491.58 34.3
1547111501.6 34.9
1547111511.61 34.3
1547111521.63 34.9
1547111531.65 34.3
1547111541.67 33.8
1547111551.68 34.3
1547111561.7 34.3
1547111571.72 34.3
1547111581.74 34.3
1547111591.76 34.3
1547111601.77 33.8
1547111611.79 34.3
1547111621.8 34.9
1547111631.81 34.9
1547111641.83 34.9
1547111651.85 34.3
1547111661.87 34.3
1547111671.88 33.2
1547111681.9 34.9
1547111691.92 34.3
1547111701.94 33.8
1547111711.95 34.3
1547111721.98 34.3
1547111731.99 33.8
1547111742.01 34.3
1547111752.03 34.3
1547111762.05 34.3
1547111772.07 34.3
1547111782.09 34.3
1547111792.11 34.3
1547111802.13 34.3
1547111812.15 34.3
1547111822.17 34.3
1547111832.2 33.2
1547111842.22 34.3
1547111852.24 34.9
1547111862.25 34.9
1547111872.27 34.3
1547111882.29 34.3
1547111892.31 34.9
1547111902.33 34.9
1547111912.34 35.4
1547111922.37 34.9
1547111932.4 34.9
1547111942.42 34.3
1547111952.43 34.9
1547111962.45 34.9
1547111972.47 34.9
1547111982.49 34.9
1547111992.51 34.3
1547112002.53 35.4
1547112012.55 35.4
1547112022.57 34.3
1547112032.6 33.8
1547112042.61 34.9
1547112052.63 34.9
1547112062.64 35.4
1547112072.66 34.9
1547112082.68 34.9
1547112092.7 35.4
1547112102.72 34.9
1547112112.74 34.9
1547112122.76 34.3
1547112132.78 35.4
1547112142.8 34.9
1547112152.82 34.3
1547112162.84 36.5
1547112172.85 34.3
1547112182.87 35.4
1547112192.89 34.3
1547112202.9 34.9
1547112212.91 34.9
1547112222.93 34.3
1547112232.94 35.4
1547112242.96 34.9
1547112252.98 34.3
1547112263.0 34.9
1547112273.01 35.4
1547112283.02 34.9
1547112293.04 34.9
1547112303.06 34.3
1547112313.08 34.3
1547112323.1 35.4
1547112333.11 35.4
1547112343.12 35.4
1547112353.14 34.9
1547112363.15 35.4
1547112373.17 34.9
1547112383.18 34.3
1547112393.2 35.4
1547112403.21 35.4
1547112413.23 34.9
1547112423.25 34.9
1547112433.27 35.4
1547112443.28 35.4
1547112453.3 34.9
1547112463.31 34.9
1547112473.33 34.9
1547112483.35 34.3
1547112493.37 34.3
1547112503.38 34.3
1547112513.4 34.9
1547112523.42 34.3
1547112533.44 35.9
1547112543.46 35.4
1547112553.48 35.4
1547112563.5 34.9
1547112573.52 34.9
1547112583.54 34.9
1547112593.56 34.9
1547112603.58 34.9
1547112613.6 35.4
1547112623.62 34.3
1547112633.64 35.4
1547112643.66 35.4
1547112653.67 35.4
1547112663.69 35.4
1547112673.7 34.3
1547112683.72 34.9
1547112693.74 34.3
1547112703.75 34.3
1547112713.76 35.4
1547112723.78 34.3
1547112733.8 34.3
1547112743.82 35.4
1547112753.84 34.3
1547112763.86 34.9
1547112773.87 34.9
1547112783.89 34.3
1547112793.91 34.9
1547112803.93 34.9
1547112813.94 34.9
1547112823.96 34.3
1547112833.98 34.3
1547112843.99 34.3
1547112854.07 34.9
1547112864.09 35.4
1547112874.12 34.3
1547112884.14 35.4
1547112894.16 34.9
1547112904.18 34.9
1547112914.19 34.9
1547112924.2 35.4
1547112934.22 34.3
1547112944.24 34.3
1547112954.25 35.4
1547112964.27 35.4
1547112974.28 34.9
1547112984.29 34.3
1547112994.31 34.3
1547113004.33 34.9
1547113014.35 34.9
1547113024.37 34.3
1547113034.38 34.3
1547113044.41 34.9
1547113054.43 35.4
1547113064.45 34.9
1547113074.47 34.3
1547113084.49 34.3
1547113094.5 34.9
1547113104.52 34.3
1547113114.54 34.3
1547113124.56 34.3
1547113134.57 34.3
1547113144.59 33.8
1547113154.61 34.3
1547113164.63 34.3
1547113174.64 34.3
1547113184.66 34.9
1547113194.68 34.3
1547113204.7 34.3
1547113214.71 34.3
1547113224.73 34.9
1547113234.75 34.3
1547113244.77 34.3
1547113254.78 34.3
1547113264.8 34.9
1547113274.82 34.3
1547113284.84 34.3
1547113294.85 34.3
1547113304.87 34.3
1547113314.88 34.3
1547113324.9 34.3
1547113334.92 33.8
1547113344.94 34.3
1547113354.94 34.9
1547113364.96 34.3
1547113374.99 34.3
1547113385.01 34.3
1547113395.03 34.3
1547113405.05 34.3
1547113415.07 33.8
1547113425.09 34.3
1547113435.11 34.3
1547113445.13 34.3
1547113455.15 34.3
1547113465.17 34.3
1547113475.19 34.3
1547113485.2 35.4
1547113495.22 34.9
1547113505.23 34.3
1547113515.25 34.3
1547113525.27 34.3
1547113535.29 35.4
1547113545.31 34.9
1547113555.32 35.4
1547113565.34 34.3
1547113575.36 34.9
1547113585.39 34.3
1547113595.41 33.8
1547113605.42 34.3
1547113615.44 34.3
1547113625.46 33.8
1547113635.48 34.9
1547113645.49 34.9
1547113655.51 34.9
1547113665.52 34.3
1547113675.54 34.3
1547113685.56 34.3
1547113695.57 34.3
1547113705.59 34.3
1547113715.6 34.3
1547113725.62 34.3
1547113735.64 34.3
1547113745.66 34.3
1547113755.68 34.9
1547113765.69 34.9
1547113775.71 34.3
1547113785.72 34.3
1547113795.74 34.3
1547113805.76 34.3
1547113815.78 34.3
1547113825.79 34.3
1547113835.81 34.3
1547113845.82 34.9
1547113855.84 34.3
1547113865.86 34.3
1547113875.87 34.3
1547113885.89 34.3
1547113895.91 34.3
1547113905.93 34.3
1547113915.94 34.3
1547113925.96 34.3
1547113935.98 34.9
1547113946.0 34.3
1547113956.01 34.9
1547113966.03 34.3
1547113976.05 34.3
1547113986.07 34.3
1547113996.08 34.3
1547114006.1 34.3
1547114016.12 34.3
1547114026.13 34.3
1547114036.15 34.3
1547114046.17 34.3
1547114056.18 34.3
1547114066.2 34.3
1547114076.22 34.3
1547114086.24 34.3
1547114096.25 34.3
1547114106.27 34.3
1547114116.28 34.3
1547114126.29 34.9
1547114136.31 34.3
1547114146.33 33.8
1547114156.34 34.3
1547114166.36 34.3
1547114176.38 34.3
1547114186.39 34.3
1547114196.41 34.9
1547114206.43 34.3
1547114216.44 34.3
1547114226.47 34.3
1547114236.49 33.8
1547114246.51 33.8
1547114256.52 34.3
1547114266.54 34.3
1547114276.56 34.3
1547114286.57 34.3
1547114296.59 34.3
1547114306.61 33.8
1547114316.62 34.9
1547114326.63 34.9
1547114336.65 34.3
1547114346.67 34.3
1547114356.68 34.3
1547114366.7 34.3
1547114376.72 34.3
1547114386.74 34.3
1547114396.76 34.3
