1547200005.96 28.4
1547200015.98 28.4
1547200026.0 27.9
1547200036.02 28.4
1547200046.04 28.4
1547200056.06 28.9
1547200066.08 28.4
1547200076.1 28.9
1547200086.12 28.4
1547200096.13 28.9
1547200106.16 28.9
1547200116.18 28.9
1547200126.2 28.9
1547200136.22 28.4
1547200146.24 27.9
1547200156.25 29.5
1547200166.27 28.9
1547200176.3 28.9
1547200186.32 28.4
1547200196.34 28.9
1547200206.36 28.4
1547200216.38 28.4
1547200226.39 28.4
1547200236.41 28.9
1547200246.43 28.9
1547200256.45 28.4
1547200266.47 28.4
1547200276.49 28.9
1547200286.51 28.4
1547200296.53 28.9
1547200306.55 28.9
1547200316.57 28.9
1547200326.59 28.9
1547200336.61 28.9
1547200346.63 28.9
1547200356.65 28.9
1547200366.67 28.9
1547200376.69 28.9
1547200386.7 28.9
1547200396.73 28.9
1547200406.75 28.4
1547200416.77 28.4
1547200426.78 29.5
1547200436.8 29.5
1547200446.81 30.0
1547200456.83 28.9
1547200466.85 28.9
1547200476.87 28.9
1547200486.89 27.9
1547200496.91 28.9
1547200506.93 28.4
1547200516.95 28.9
1547200526.97 28.9
1547200536.99 28.9
1547200547.01 28.9
1547200557.03 28.9
1547200567.05 28.9
1547200577.08 28.9
1547200587.1 28.9
1547200597.12 28.9
1547200607.14 28.9
1547200617.16 28.9
1547200627.18 28.4
1547200637.2 28.9
1547200647.22 28.9
1547200657.24 30.0
1547200667.25 28.4
1547200677.27 28.9
1547200687.29 28.9
1547200697.31 28.9
1547200707.33 28.9
1547200717.34 28.4
1547200727.36 28.4
1547200737.38 28.9
1547200747.4 27.9
1547200757.43 28.9
1547200767.45 28.4
1547200777.47 30.0
1547200787.49 28.4
1547200797.51 28.9
1547200807.53 30.0
1547200817.55 28.9
1547200827.57 28.9
1547200837.59 28.9
1547200847.61 29.5
1547200857.63 28.9
1547200867.65 28.9
1547200877.66 29.5
1547200887.68 28.9
1547200897.7 28.9
1547200907.72 28.4
1547200917.74 27.9
1547200927.76 28.9
1547200937.78 28.9
1547200947.8 28.4
1547200957.82 28.9
1547200967.84 28.4
1547200977.86 27.9
1547200987.88 28.9
1547200997.9 28.9
1547201007.92 28.9
1547201017.93 30.0
1547201027.95 29.5
1547201037.97 28.9
1547201047.99 28.4
1547201058.01 27.9
1547201068.03 28.4
1547201078.05 28.9
1547201088.07 28.9
1547201098.09 28.4
1547201108.11 28.9
1547201118.13 27.9
1547201128.15 28.9
1547201138.17 28.4
1547201148.2 28.4
1547201158.21 28.9
1547201168.23 28.4
1547201178.25 28.9
1547201188.27 28.9
1547201198.29 29.5
1547201208.31 28.9
1547201218.33 28.4
1547201228.35 28.9
1547201238.37 28.9
1547201248.4 28.9
1547201258.42 28.9
1547201268.44 28.9
1547201278.46 28.9
1547201288.47 29.5
1547201298.5 28.9
1547201308.52 28.9
1547201318.53 28.9
1547201328.55 28.4
1547201338.57 28.9
1547201348.58 29.5
1547201358.6 28.9
1547201368.62 30.0
1547201378.64 28.9
1547201388.66 28.9
1547201398.68 28.9
1547201408.71 28.9
1547201418.73 28.4
1547201428.75 29.5
1547201438.76 28.9
1547201448.78 28.9
1547201458.8 28.4
1547201468.82 28.4
1547201478.84 28.9
1547201488.86 28.4
1547201498.88 28.4
1547201508.9 28.4
1547201518.92 28.9
1547201528.94 28.4
1547201538.95 29.5
1547201548.97 29.5
1547201558.99 28.4
1547201569.01 28.9
1547201579.03 28.9
1547201589.05 28.9
1547201599.07 28.9
1547201609.09 29.5
1547201619.11 28.9
1547201629.13 28.9
1547201639.15 28.9
1547201649.17 28.9
1547201659.19 28.4
1547201669.2 29.5
1547201679.22 28.4
1547201689.24 28.9
1547201699.26 29.5
1547201709.26 28.9
1547201719.28 28.9
1547201729.3 28.9
1547201739.32 28.9
1547201749.34 29.5
1547201759.35 28.9
1547201769.37 28.9
1547201779.39 28.9
1547201789.41 30.0
1547201799.43 29.5
1547201809.45 28.9
1547201819.47 28.9
1547201829.49 30.0
1547201839.51 28.9
1547201849.53 28.9
1547201859.55 28.9
1547201869.56 28.9
1547201879.58 28.4
1547201889.61 28.9
1547201899.63 28.9
1547201909.65 28.9
1547201919.67 28.9
1547201929.68 28.9
1547201939.7 30.0
1547201949.72 28.9
1547201959.73 30.0
1547201969.75 28.9
1547201979.77 28.4
1547201989.8 28.9
1547201999.82 28.9
1547202009.84 28.9
1547202019.85 29.5
1547202029.87 29.5
1547202039.89 28.9
1547202049.91 28.9
1547202059.92 30.0
1547202069.94 30.0
1547202079.96 30.0
1547202089.98 28.9
1547202100.0 30.0
1547202110.01 30.0
1547202120.03 30.0
1547202130.05 30.0
1547202140.07 30.0
1547202150.08 29.5
1547202160.1 28.9
1547202170.12 30.0
1547202180.14 30.0
1547202190.16 30.6
1547202200.18 30.0
1547202210.2 30.0
1547202220.22 30.6
1547202230.24 30.0
1547202240.26 30.6
1547202250.28 30.6
1547202260.3 30.0
1547202270.32 30.0
1547202280.34 30.0
1547202290.36 30.0
1547202300.38 30.0
1547202310.4 30.0
1547202320.41 30.6
1547202330.43 30.0
1547202340.45 29.5
1547202350.47 30.0
1547202360.49 28.9
1547202370.51 28.9
1547202380.53 28.9
1547202390.55 29.5
1547202400.57 28.9
1547202410.59 28.9
1547202420.61 28.9
1547202430.63 28.9
1547202440.65 28.9
1547202450.67 28.9
1547202460.69 28.9
1547202470.71 28.9
1547202480.73 28.9
1547202490.75 28.9
1547202500.77 28.9
1547202510.79 28.4
1547202520.81 28.9
1547202530.83 28.9
1547202540.85 29.5
1547202550.87 28.9
1547202560.89 30.0
1547202570.91 28.9
1547202580.93 28.9
1547202590.95 29.5
1547202600.97 28.9
1547202611.0 28.9
1547202621.02 28.9
1547202631.04 28.9
1547202641.06 28.9
1547202651.07 28.9
1547202661.1 28.9
1547202671.11 29.5
1547202681.13 28.4
1547202691.15 28.9
1547202701.18 28.9
1547202711.2 28.9
1547202721.22 28.9
1547202731.24 28.9
1547202741.26 28.9
1547202751.29 28.4
1547202761.31 29.5
1547202771.34 30.0
1547202781.36 28.4
1547202791.38 28.9
1547202801.4 28.9
1547202811.42 28.9
1547202821.44 28.4
1547202831.46 28.9
1547202841.48 30.0
1547202851.51 28.9
1547202861.53 30.0
1547202871.55 28.9
1547202881.56 29.5
1547202891.59 28.4
1547202901.6 30.0
1547202911.62 28.9
1547202921.64 28.9
1547202931.66 28.9
1547202941.69 28.9
1547202951.71 28.9
1547202961.73 28.9
1547202971.75 28.9
1547202981.77 28.9
1547202991.78 28.9
1547203001.8 30.0
1547203011.82 28.4
1547203021.84 30.0
1547203031.86 28.9
1547203041.87 29.5
1547203051.89 28.9
1547203061.92 30.0
1547203071.94 30.0
1547203081.96 28.9
1547203091.98 29.5
1547203102.0 28.9
1547203112.02 28.4
1547203122.04 29.5
1547203132.06 28.9
1547203142.08 29.5
1547203152.1 28.9
1547203162.12 28.9
1547203172.14 30.0
1547203182.16 28.9
1547203192.18 28.9
1547203202.2 30.0
1547203212.22 28.9
1547203222.24 28.9
1547203232.26 28.9
1547203242.29 28.9
1547203252.3 28.9
1547203262.32 30.0
1547203272.34 29.5
1547203282.36 30.0
1547203292.38 30.0
1547203302.4 28.9
1547203312.42 30.0
1547203322.44 30.6
1547203332.47 30.0
1547203342.48 30.0
1547203352.51 30.0
1547203362.53 30.0
1547203372.54 30.0
1547203382.56 30.0
1547203392.58 28.9
1547203402.6 29.5
1547203412.62 29.5
1547203422.64 28.9
1547203432.66 29.5
1547203442.68 28.9
1547203452.7 30.6
1547203462.72 28.9
1547203472.74 30.0
1547203482.76 28.9
1547203492.78 28.9
1547203502.8 28.9
1547203512.82 30.0
1547203522.84 30.0
1547203532.87 29.5
1547203542.89 30.6
1547203552.9 30.0
1547203562.92 29.5
1547203572.95 28.9
1547203582.97 28.9
1547203592.99 30.0
1547203603.0 30.0
1547203613.02 29.5
1547203623.04 29.5
1547203633.06 28.9
1547203643.09 28.9
1547203653.11 30.0
1547203663.13 29.5
1547203673.14 30.6
1547203683.16 28.9
1547203693.18 29.5
1547203703.21 30.0
1547203713.22 30.0
1547203723.24 29.5
1547203733.26 30.0
1547203743.28 29.5
1547203753.3 29.5
1547203763.32 30.0
1547203773.33 30.0
1547203783.36 29.5
1547203793.37 29.5
1547203803.39 29.5
1547203813.41 30.0
1547203823.41 30.0
1547203833.44 30.0
1547203843.45 30.0
1547203853.47 30.0
1547203863.48 30.0
1547203873.51 29.5
1547203883.52 28.9
1547203893.54 28.9
1547203903.56 28.9
1547203913.58 30.0
1547203923.6 29.5
1547203933.62 30.6
1547203943.63 29.5
1547203953.65 28.9
1547203963.66 30.0
1547203973.68 30.0
1547203983.7 29.5
1547203993.72 28.9
1547204003.74 28.9
1547204013.76 28.9
1547204023.78 30.0
1547204033.8 29.5
1547204043.82 28.9
1547204053.84 30.0
1547204063.86 30.0
1547204073.87 30.0
1547204083.89 28.9
1547204093.91 28.9
1547204103.93 28.9
1547204113.95 29.5
1547204123.98 28.9
1547204133.99 30.0
1547204144.01 28.9
1547204154.03 28.9
1547204164.05 28.9
1547204174.07 28.9
1547204184.09 28.9
1547204194.11 30.0
1547204204.12 30.0
1547204214.14 30.0
1547204224.16 28.9
1547204234.19 28.4
1547204244.21 28.9
1547204254.22 30.0
1547204264.24 30.0
1547204274.26 28.9
1547204284.28 30.0
1547204294.31 29.5
1547204304.33 30.0
1547204314.34 30.0
1547204324.36 30.0
1547204334.38 29.5
1547204344.4 30.0
1547204354.42 30.0
1547204364.44 30.0
1547204374.46 29.5
1547204384.48 30.0
1547204394.5 30.0
1547204404.51 30.0
1547204414.53 30.0
1547204424.55 28.9
1547204434.56 29.5
1547204444.58 29.5
1547204454.59 30.6
1547204464.61 28.9
1547204474.63 30.0
1547204484.65 30.6
1547204494.67 28.9
1547204504.69 30.0
1547204514.71 28.9
1547204524.73 29.5
1547204534.75 28.9
1547204544.77 28.9
1547204554.79 29.5
1547204564.81 28.9
1547204574.83 29.5
1547204584.85 29.5
1547204594.86 29.5
1547204604.88 28.9
1547204614.9 28.9
1547204624.92 28.9
1547204634.93 30.0
1547204644.95 30.0
1547204654.96 30.0
1547204664.98 28.9
1547204675.0 29.5
1547204685.02 29.5
1547204695.03 30.0
1547204705.05 29.5
1547204715.07 28.9
1547204725.09 30.0
1547204735.1 29.5
1547204745.12 30.6
1547204755.14 28.9
1547204765.15 30.0
1547204775.17 28.9
1547204785.19 29.5
1547204795.21 29.5
1547204805.23 28.9
1547204815.25 28.9
1547204825.27 30.0
1547204835.29 28.9
1547204845.3 30.0
1547204855.32 29.5
1547204865.34 28.9
1547204875.36 28.9
1547204885.38 28.9
1547204895.41 28.9
1547204905.43 29.5
1547204915.44 30.0
1547204925.46 28.9
1547204935.47 30.0
1547204945.48 28.9
1547204955.5 28.9
1547204965.52 28.9
1547204975.54 28.9
1547204985.56 30.0
1547204995.58 29.5
1547205005.59 29.5
1547205015.61 30.0
1547205025.63 30.0
1547205035.65 30.6
1547205045.66 30.6
1547205055.68 30.0
1547205065.71 30.0
1547205075.72 30.6
1547205085.74 30.6
1547205095.75 30.6
1547205105.78 30.0
1547205115.8 28.9
1547205125.81 30.6
1547205135.83 30.0
1547205145.85 30.6
1547205155.87 30.0
1547205165.88 30.6
1547205175.91 30.0
1547205185.92 30.0
1547205195.94 30.0
1547205205.96 29.5
1547205215.98 30.0
1547205225.99 28.9
1547205236.01 28.9
1547205246.03 28.9
1547205256.05 28.9
1547205266.07 29.5
1547205276.09 30.0
1547205286.11 30.0
1547205296.13 30.0
1547205306.15 28.9
1547205316.17 29.5
1547205326.19 28.9
1547205336.21 28.9
1547205346.23 30.0
1547205356.25 30.0
1547205366.28 30.0
1547205376.3 30.0
1547205386.32 28.9
1547205396.33 28.9
1547205406.35 30.0
1547205416.37 28.9
1547205426.38 28.9
1547205436.4 28.9
1547205446.42 30.0
1547205456.44 28.9
1547205466.46 28.4
1547205476.48 28.9
1547205486.5 28.9
1547205496.52 28.9
1547205506.54 28.4
1547205516.56 28.9
1547205526.58 29.5
1547205536.6 28.9
1547205546.62 28.9
1547205556.64 30.0
1547205566.65 30.0
1547205576.68 29.5
1547205586.7 28.9
1547205596.72 28.9
1547205606.74 28.9
1547205616.76 28.4
1547205626.77 28.9
1547205636.79 28.9
1547205646.81 27.9
1547205656.82 28.9
1547205666.84 28.9
1547205676.86 28.9
1547205686.88 29.5
1547205696.9 28.9
1547205706.91 28.9
1547205716.93 29.5
1547205726.94 28.9
1547205736.96 29.5
1547205746.98 28.9
1547205756.99 28.9
1547205767.01 28.9
1547205777.03 28.9
1547205787.05 28.9
1547205797.07 28.9
1547205807.08 28.9
1547205817.1 29.5
1547205827.12 29.5
1547205837.14 29.5
1547205847.15 29.5
1547205857.17 28.9
1547205867.19 29.5
1547205877.21 28.9
1547205887.23 28.9
1547205897.25 28.9
1547205907.26 30.0
1547205917.28 29.5
1547205927.3 30.0
1547205937.32 28.9
1547205947.34 28.9
1547205957.36 28.9
1547205967.38 28.9
1547205977.39 30.0
1547205987.41 28.9
1547205997.42 29.5
1547206007.45 28.9
1547206017.47 29.5
1547206027.49 28.9
1547206037.5 29.5
1547206047.52 28.9
1547206057.54 29.5
1547206067.56 28.4
1547206077.58 28.9
1547206087.6 29.5
1547206097.62 29.5
1547206107.64 28.4
1547206117.66 28.9
1547206127.68 28.9
1547206137.7 28.9
1547206147.72 28.9
1547206157.73 30.0
1547206167.75 28.9
1547206177.77 28.9
1547206187.79 29.5
1547206197.81 30.0
1547206207.82 30.0
1547206217.84 30.0
1547206227.86 28.9
1547206237.88 29.5
1547206247.9 29.5
1547206257.92 30.0
1547206267.94 29.5
1547206277.96 30.0
1547206287.99 28.9
1547206298.0 28.9
1547206308.02 30.6
1547206318.03 29.5
1547206328.05 28.9
1547206338.07 28.9
1547206348.09 29.5
1547206358.11 30.0
1547206368.13 30.0
1547206378.14 30.0
1547206388.15 30.0
1547206398.17 30.6
1547206408.19 30.0
1547206418.21 30.0
1547206428.22 30.6
1547206438.24 30.0
1547206448.26 28.9
1547206458.28 28.9
1547206468.3 30.6
1547206478.31 30.0
1547206488.32 30.6
1547206498.34 30.0
1547206508.35 30.6
1547206518.37 30.6
1547206528.38 30.6
1547206538.4 30.6
1547206548.42 30.0
1547206558.44 30.6
1547206568.45 30.0
1547206578.47 30.0
1547206588.48 30.6
1547206598.5 30.6
1547206608.53 30.0
1547206618.55 30.0
1547206628.57 30.0
1547206638.59 29.5
1547206648.61 30.6
1547206658.63 30.6
1547206668.65 30.6
1547206678.68 30.0
1547206688.7 30.0
1547206698.71 30.6
1547206708.73 30.6
1547206718.76 30.6
1547206728.78 30.0
1547206738.8 30.6
1547206748.82 30.6
1547206758.84 30.0
1547206768.86 30.0
1547206778.87 30.6
1547206788.89 30.6
1547206798.91 30.0
1547206808.92 30.0
1547206818.95 30.0
1547206828.97 30.0
1547206838.99 29.5
1547206849.01 30.0
1547206859.03 30.0
1547206869.05 31.1
1547206879.07 30.0
1547206889.09 30.6
1547206899.11 30.0
1547206909.12 30.0
1547206919.15 30.0
1547206929.17 30.0
1547206939.18 30.6
1547206949.2 30.0
1547206959.22 30.0
1547206969.24 30.0
1547206979.25 30.0
1547206989.27 29.5
1547206999.29 29.5
1547207009.31 28.9
1547207019.33 28.9
1547207029.35 30.0
1547207039.37 28.9
1547207049.4 29.5
1547207059.41 30.6
1547207069.43 30.0
1547207079.45 30.0
1547207089.47 29.5
1547207099.49 30.0
1547207109.51 30.0
1547207119.52 30.0
1547207129.54 30.0
1547207139.56 29.5
1547207149.58 30.0
1547207159.6 28.9
1547207169.62 28.9
1547207179.64 28.9
1547207189.66 29.5
1547207199.68 29.5
1547207209.7 30.0
1547207219.72 30.6
1547207229.74 28.9
1547207239.76 30.0
1547207249.77 30.0
1547207259.79 28.9
1547207269.81 28.9
1547207279.83 30.0
1547207289.85 28.9
1547207299.87 28.9
1547207309.89 28.9
1547207319.91 28.9
1547207329.93 28.9
1547207339.95 28.9
1547207349.96 30.0
1547207359.98 28.9
1547207370.01 28.9
1547207380.03 30.0
1547207390.05 30.0
1547207400.07 28.9
1547207410.08 30.0
1547207420.12 30.0
1547207430.14 28.9
1547207440.16 30.0
1547207450.18 28.9
1547207460.19 30.0
1547207470.21 28.9
1547207480.23 30.0
1547207490.25 30.0
1547207500.26 30.0
1547207510.29 29.5
1547207520.3 30.0
1547207530.32 28.9
1547207540.34 30.0
1547207550.36 29.5
1547207560.38 28.9
1547207570.4 29.5
1547207580.42 30.0
1547207590.44 28.9
1547207600.46 28.9
1547207610.48 28.9
1547207620.5 28.9
1547207630.51 30.0
1547207640.53 28.9
1547207650.55 30.0
1547207660.56 30.0
1547207670.58 29.5
1547207680.6 30.0
1547207690.61 30.0
1547207700.63 30.0
1547207710.65 29.5
1547207720.67 30.0
1547207730.69 30.0
1547207740.7 30.0
1547207763.12 29.5
1547207773.14 28.9
1547207783.16 28.9
1547207793.18 29.5
1547207803.19 30.0
1547207813.22 30.0
1547207823.24 28.9
1547207833.26 29.5
1547207843.27 30.0
1547207853.29 28.9
1547207863.31 30.0
1547207873.33 29.5
1547207883.35 29.5
1547207893.37 30.0
1547207903.39 30.0
1547207913.41 30.0
1547207923.43 30.0
1547207933.45 28.9
1547207943.47 29.5
1547207953.48 30.0
1547207963.5 30.6
1547207973.52 30.0
1547207983.54 30.0
1547207993.55 30.0
1547208003.57 30.0
