1547000010.03 37.0
1547000020.04 36.5
1547000030.05 36.5
1547000040.07 36.5
1547000050.1 36.5
1547000060.12 36.5
1547000070.14 35.9
1547000080.16 36.5
1547000090.18 36.5
1547000100.2 36.5
1547000110.22 36.5
1547000120.24 36.5
1547000130.26 37.0
1547000140.27 36.5
1547000150.29 36.5
1547000160.31 36.5
1547000170.33 37.6
1547000180.34 37.6
1547000190.36 36.5
1547000200.38 37.0
1547000210.4 37.0
1547000220.42 36.5
1547000230.44 37.0
1547000240.44 37.6
1547000250.46 37.6
1547000260.47 37.0
1547000270.49 37.6
1547000280.5 37.0
1547000290.52 37.0
1547000300.53 37.0
1547000310.55 37.0
1547000320.56 37.0
1547000330.57 37.6
1547000340.58 37.6
1547000350.6 38.1
1547000360.61 38.1
1547000370.63 37.6
1547000380.64 37.6
1547000390.67 37.6
1547000400.69 36.5
1547000410.7 37.6
1547000420.71 37.6
1547000430.72 37.6
1547000440.74 37.0
1547000450.76 36.5
1547000460.77 37.0
1547000470.78 37.6
1547000480.8 37.0
1547000490.82 37.0
1547000500.84 36.5
1547000510.86 36.5
1547000520.87 37.6
1547000530.9 37.6
1547000540.91 37.6
1547000550.92 37.6
1547000560.94 37.6
1547000570.96 37.6
1547000580.98 37.6
1547000590.99 37.6
1547000601.01 37.6
1547000611.02 37.0
1547000621.05 36.5
1547000631.06 37.6
1547000641.07 38.1
1547000651.09 38.1
1547000661.11 36.5
1547000671.13 37.6
1547000681.14 37.6
1547000691.15 38.1
1547000701.17 37.0
1547000711.19 36.5
1547000721.2 37.6
1547000731.22 36.5
1547000741.27 37.0
1547000751.29 36.5
1547000761.3 37.6
1547000771.33 37.6
1547000781.35 36.5
1547000791.36 37.0
1547000801.38 37.0
1547000811.4 36.5
1547000821.41 37.0
1547000831.43 37.0
1547000841.45 37.0
1547000851.47 37.6
1547000861.49 36.5
1547000871.52 36.5
1547000881.54 36.5
1547000891.56 36.5
1547000901.57 37.0
1547000911.59 36.5
1547000921.61 36.5
1547000931.63 36.5
1547000941.65 36.5
1547000951.67 35.4
1547000961.69 35.4
1547000971.7 35.9
1547000981.73 36.5
1547000991.75 35.9
1547001001.76 36.5
1547001011.78 36.5
1547001021.79 36.5
1547001031.81 35.9
1547001041.83 36.5
1547001051.85 35.9
1547001061.87 35.4
1547001071.89 35.9
1547001081.91 35.4
1547001091.93 35.9
1547001101.95 35.4
1547001111.97 35.4
1547001121.99 35.4
1547001132.01 35.9
1547001142.03 35.9
1547001152.05 35.9
1547001162.07 36.5
1547001172.09 36.5
1547001182.11 35.4
1547001192.12 36.5
1547001202.14 36.5
1547001212.16 35.9
1547001222.18 35.4
1547001232.18 35.9
1547001242.2 35.4
1547001252.22 35.4
1547001262.24 35.4
1547001272.25 36.5
1547001282.27 35.4
1547001292.29 35.9
1547001302.31 35.4
1547001312.33 35.4
1547001322.34 36.5
1547001332.36 36.5
1547001342.37 36.5
1547001352.39 35.4
1547001362.41 36.5
1547001372.42 36.5
1547001382.44 35.9
1547001392.46 35.4
1547001402.48 35.4
1547001412.5 36.5
1547001422.52 35.4
1547001432.54 35.4
1547001442.56 35.9
1547001452.58 35.9
1547001462.6 35.9
1547001472.62 36.5
1547001482.64 35.9
1547001492.66 36.5
1547001502.68 35.4
1547001512.68 35.9
1547001522.7 35.4
1547001532.72 35.4
1547001542.74 35.4
1547001552.74 35.9
1547001562.76 35.4
1547001572.78 35.9
1547001582.8 35.4
1547001592.82 36.5
1547001602.83 36.5
1547001612.85 36.5
1547001622.86 36.5
1547001632.87 36.5
1547001642.88 36.5
1547001652.9 36.5
1547001662.92 36.5
1547001672.94 36.5
1547001682.95 35.4
1547001692.97 36.5
1547001702.99 35.9
1547001713.02 36.5
1547001723.04 35.9
1547001733.06 35.4
1547001743.08 35.4
1547001753.1 35.9
1547001763.11 36.5
1547001773.13 35.9
1547001783.15 35.9
1547001793.18 35.4
1547001803.2 36.5
1547001813.22 36.5
1547001823.24 36.5
1547001833.26 35.9
1547001843.28 36.5
1547001853.29 36.5
1547001863.31 35.4
1547001873.33 35.9
1547001883.35 36.5
1547001893.37 36.5
1547001903.38 37.0
1547001913.4 35.9
1547001923.42 36.5
1547001933.43 36.5
1547001943.45 36.5
1547001953.46 36.5
1547001963.48 36.5
1547001973.51 36.5
1547001983.52 36.5
1547001993.54 35.9
1547002003.56 36.5
1547002013.58 37.0
1547002023.6 35.9
1547002033.61 36.5
1547002043.64 35.9
1547002053.66 36.5
1547002063.67 36.5
1547002073.69 36.5
1547002083.7 37.0
1547002093.72 36.5
1547002103.74 36.5
1547002113.76 36.5
1547002123.78 36.5
1547002133.8 37.0
1547002143.83 37.0
1547002153.84 37.6
1547002163.86 37.0
1547002173.87 37.6
1547002183.88 37.6
1547002193.9 36.5
1547002203.91 37.6
1547002213.93 37.6
1547002223.94 37.6
1547002233.95 38.1
1547002243.97 38.1
1547002253.98 38.1
1547002264.0 38.1
1547002274.02 37.6
1547002284.04 38.1
1547002294.05 37.6
1547002304.07 37.6
1547002314.08 37.0
1547002324.1 37.6
1547002334.11 37.0
1547002344.13 37.0
1547002354.15 37.6
1547002364.16 37.6
1547002374.17 38.1
1547002384.2 37.0
1547002394.22 37.6
1547002404.23 36.5
1547002414.25 36.5
1547002424.27 37.0
1547002434.29 37.0
1547002444.3 37.6
1547002454.31 37.0
1547002464.32 37.6
1547002474.34 37.0
1547002484.36 36.5
1547002494.38 37.0
1547002504.4 36.5
1547002514.41 36.5
1547002524.43 37.6
1547002534.45 37.0
1547002544.46 36.5
1547002554.48 36.5
1547002564.5 36.5
1547002574.52 36.5
1547002584.53 36.5
1547002594.55 37.0
1547002604.57 37.0
1547002614.59 37.0
1547002624.61 37.0
1547002634.62 36.5
1547002644.63 37.0
1547002654.65 37.0
1547002664.67 37.0
1547002674.68 37.0
1547002684.7 36.5
1547002694.72 36.5
1547002704.74 37.0
1547002714.76 37.0
1547002724.78 37.6
1547002734.8 37.0
1547002744.82 36.5
1547002754.83 37.0
1547002764.85 37.0
1547002774.87 36.5
1547002784.88 37.0
1547002794.9 36.5
1547002804.91 37.0
