1547400004.15 53.7
1547400014.17 53.7
1547400024.19 53.7
1547400034.21 53.7
1547400044.23 53.7
1547400054.24 54.2
1547400064.26 53.7
1547400074.28 53.7
1547400084.3 52.6
1547400094.32 54.2
1547400104.34 53.7
1547400114.37 54.2
1547400124.38 54.2
1547400134.4 54.8
1547400144.42 53.7
1547400154.44 54.2
1547400164.46 53.7
1547400174.47 54.2
1547400184.49 53.7
1547400194.51 53.7
1547400204.53 54.2
1547400214.55 54.2
1547400224.56 53.7
1547400234.58 54.8
1547400244.6 53.7
1547400254.61 54.8
1547400264.63 54.8
1547400274.65 54.8
1547400284.67 54.2
1547400294.69 54.2
1547400304.71 54.8
1547400314.73 54.8
1547400324.75 54.8
1547400334.77 54.2
1547400344.78 55.3
1547400354.8 54.2
1547400364.82 54.8
1547400374.83 54.2
1547400384.85 54.8
1547400394.87 54.8
1547400404.89 54.8
1547400414.91 53.7
1547400424.93 53.7
1547400434.95 54.2
1547400444.97 53.7
1547400454.99 53.7
1547400465.02 53.7
1547400475.04 53.7
1547400485.05 54.8
1547400495.07 53.7
1547400505.09 54.2
1547400515.11 53.7
1547400525.13 53.7
1547400535.15 54.2
1547400545.17 53.7
1547400555.19 53.7
1547400565.21 53.7
1547400575.23 53.7
1547400585.25 53.7
1547400595.27 53.7
1547400605.29 53.7
1547400615.31 53.7
1547400625.33 53.7
1547400635.34 53.7
1547400645.36 52.6
1547400655.38 53.7
1547400665.4 53.7
1547400675.42 53.7
1547400685.43 54.2
1547400695.45 53.7
1547400705.48 53.7
1547400715.49 53.2
1547400725.51 53.7
1547400735.53 53.2
1547400745.55 53.7
1547400755.57 53.7
1547400765.59 53.7
1547400775.61 53.7
1547400785.62 53.2
1547400795.64 53.7
1547400805.66 53.7
1547400815.68 53.2
1547400825.69 54.2
1547400835.71 53.7
1547400845.73 53.7
1547400855.74 53.7
1547400865.75 54.2
1547400875.77 53.7
1547400885.79 53.7
1547400895.81 53.2
1547400905.83 54.2
1547400915.85 53.7
1547400925.87 53.7
1547400935.89 54.2
1547400945.91 55.3
1547400955.93 55.3
1547400965.95 54.8
1547400975.97 55.3
1547400985.98 54.8
1547400996.0 54.8
1547401006.02 54.2
1547401016.03 55.3
1547401026.05 54.8
1547401036.06 54.8
1547401046.08 54.2
1547401056.09 54.8
1547401066.1 54.2
1547401076.13 54.8
1547401086.15 54.8
1547401096.17 54.8
1547401106.18 54.8
1547401116.2 54.2
1547401126.22 55.3
1547401136.23 54.8
1547401146.25 54.2
1547401156.27 54.2
1547401166.29 54.2
1547401176.31 54.2
1547401186.33 54.2
1547401196.35 54.2
1547401206.37 54.2
1547401216.38 54.2
1547401226.39 54.2
1547401236.41 54.8
1547401246.43 54.2
1547401256.45 54.2
1547401266.47 53.7
1547401276.48 53.7
1547401286.5 53.7
1547401296.52 53.7
1547401306.55 53.7
1547401316.57 53.7
1547401326.58 54.8
1547401336.6 53.7
1547401346.63 53.7
1547401356.65 53.7
1547401366.67 53.7
1547401376.68 54.2
1547401386.7 54.2
1547401396.72 54.2
1547401406.73 54.8
1547401416.75 54.8
1547401426.76 54.8
1547401436.77 55.8
1547401446.79 54.8
1547401456.82 55.3
1547401466.83 55.8
1547401476.85 55.3
1547401486.87 55.8
1547401496.89 54.8
1547401506.91 54.2
1547401516.93 54.8
1547401526.94 55.8
1547401536.96 54.2
1547401546.98 55.3
1547401556.99 55.3
1547401567.01 54.8
1547401577.03 54.8
1547401587.05 55.8
1547401597.06 54.8
1547401607.09 55.3
1547401617.19 55.3
1547401627.21 55.3
1547401637.23 55.8
1547401647.24 55.3
1547401657.26 54.8
1547401667.29 54.8
1547401677.3 55.3
1547401687.32 54.8
1547401697.34 54.8
1547401707.36 55.3
1547401717.38 54.2
1547401727.4 54.2
1547401737.42 54.8
1547401747.43 54.8
1547401757.45 55.8
1547401767.47 55.8
1547401777.49 54.8
1547401787.51 54.8
1547401797.53 55.3
1547401807.55 55.3
1547401817.56 55.3
1547401827.59 54.8
1547401837.6 55.8
1547401847.62 55.8
1547401857.64 55.8
1547401867.65 55.3
1547401877.67 55.8
1547401887.69 56.4
1547401897.71 55.3
1547401907.72 54.8
1547401917.74 55.8
1547401927.76 55.8
1547401937.78 54.8
1547401947.8 54.8
1547401957.82 55.8
1547401967.84 54.8
1547401977.86 55.8
1547401987.87 55.8
1547401997.89 54.8
1547402007.91 55.8
1547402017.93 54.8
1547402027.95 54.2
1547402037.97 54.2
1547402047.99 54.2
1547402058.01 55.8
1547402068.03 54.8
1547402078.05 55.3
1547402088.07 55.3
1547402098.08 54.8
1547402108.1 54.8
1547402118.12 54.8
1547402128.14 54.8
1547402138.15 54.8
1547402148.17 55.3
1547402158.19 54.8
1547402168.21 54.8
1547402178.24 55.3
1547402188.25 54.8
1547402198.27 55.3
1547402208.29 54.8
1547402218.31 54.8
1547402228.32 55.3
1547402238.33 55.3
1547402248.35 54.2
1547402258.37 54.8
1547402268.38 54.8
1547402278.41 54.8
1547402288.43 54.2
1547402298.44 54.8
1547402308.46 54.8
1547402318.48 53.7
1547402328.5 53.7
1547402338.52 54.2
1547402348.54 53.7
1547402358.56 53.7
1547402368.58 53.7
1547402378.6 53.7
1547402388.61 54.8
1547402398.63 54.8
1547402408.64 55.8
1547402418.66 54.8
1547402428.67 55.3
1547402438.69 55.8
1547402448.71 54.8
1547402458.73 54.8
1547402468.75 54.8
1547402478.77 54.8
1547402488.79 55.3
1547402498.81 54.2
1547402508.83 55.8
1547402518.85 55.3
1547402528.87 54.8
1547402538.89 55.8
1547402548.91 55.8
1547402558.93 55.3
1547402568.95 54.8
1547402578.97 55.8
1547402588.99 55.8
1547402599.0 55.8
1547402609.02 55.8
1547402619.04 55.8
1547402629.06 56.4
1547402639.08 56.4
1547402649.09 56.4
1547402659.11 56.4
1547402669.13 56.4
1547402679.14 56.4
1547402689.16 55.8
1547402699.18 56.4
1547402709.2 56.4
1547402719.21 56.9
1547402729.23 56.4
1547402739.25 56.9
1547402749.27 56.9
1547402759.28 56.9
1547402769.3 56.9
1547402779.32 56.9
1547402789.33 56.9
1547402799.35 55.8
1547402809.37 56.9
1547402819.39 56.9
1547402829.41 55.8
1547402839.42 56.4
1547402849.44 56.4
1547402859.47 56.4
1547402869.48 56.4
1547402879.5 55.8
1547402889.52 55.8
1547402899.54 55.3
1547402909.56 55.8
1547402919.58 55.8
1547402929.6 55.3
1547402939.63 55.3
1547402949.64 55.8
1547402959.66 54.8
1547402969.68 55.3
1547402979.7 55.3
1547402989.71 55.8
1547402999.73 55.8
1547403009.75 55.3
1547403019.77 54.8
1547403029.79 55.3
1547403039.81 55.8
1547403049.83 54.8
1547403059.84 55.3
1547403069.86 55.8
1547403079.88 55.8
1547403089.9 55.8
1547403099.91 55.8
1547403109.93 56.4
1547403119.95 55.8
1547403129.97 55.8
1547403139.99 56.4
1547403150.01 55.8
1547403160.02 55.8
1547403170.04 55.8
1547403180.06 55.8
1547403190.08 55.8
1547403200.1 55.8
1547403210.11 55.8
1547403220.13 55.8
1547403230.15 55.8
1547403240.17 56.4
1547403250.18 55.8
1547403260.2 56.4
1547403270.22 56.4
1547403280.23 56.4
1547403290.25 55.3
1547403300.27 56.4
1547403310.29 56.4
1547403320.3 55.8
1547403330.33 56.4
1547403340.34 56.4
1547403350.36 55.8
1547403360.38 55.3
1547403370.4 55.8
1547403380.42 56.4
1547403390.44 54.8
1547403400.46 56.4
1547403410.48 55.8
1547403420.49 56.4
1547403430.51 55.8
1547403440.54 55.8
1547403450.55 56.4
1547403460.57 55.8
1547403470.59 55.8
1547403480.61 56.9
1547403490.62 56.4
1547403500.64 55.8
1547403510.64 56.9
1547403520.65 56.9
1547403530.67 56.4
1547403540.68 56.4
1547403550.69 56.4
1547403560.69 56.4
1547403570.7 56.4
1547403580.72 56.4
1547403590.73 56.4
1547403600.74 55.8
1547403610.76 56.4
1547403620.77 56.4
1547403630.78 55.8
1547403640.8 56.4
1547403650.82 55.8
1547403660.84 56.4
1547403670.85 56.4
1547403680.87 56.9
1547403690.89 55.8
1547403700.9 56.4
1547403710.91 56.4
1547403720.92 56.4
1547403730.93 56.9
1547403740.96 56.4
1547403750.97 56.9
1547403760.99 55.8
1547403771.01 56.4
1547403781.03 56.4
1547403791.05 55.8
1547403801.07 56.4
1547403811.08 56.4
1547403821.1 56.4
1547403831.11 56.9
1547403841.13 56.9
1547403851.16 56.4
1547403861.18 57.5
1547403871.19 56.9
1547403881.2 56.9
1547403891.22 56.9
1547403901.24 56.9
1547403911.26 56.4
1547403921.28 56.4
1547403931.3 56.9
1547403941.32 55.8
1547403951.33 56.9
1547403961.35 56.9
1547403971.36 56.9
1547403981.38 56.9
1547403991.4 57.5
1547404001.41 56.9
1547404011.43 56.9
1547404021.44 56.9
1547404031.45 57.5
1547404041.46 56.9
1547404051.48 56.9
1547404061.5 56.9
1547404071.52 56.9
1547404081.53 58.0
1547404091.56 56.4
1547404101.57 56.4
1547404111.59 56.9
1547404121.61 56.9
1547404131.62 56.9
1547404141.64 56.4
1547404151.65 55.8
1547404161.67 55.8
1547404171.69 56.9
1547404181.7 56.9
1547404191.72 55.8
1547404201.74 55.8
1547404211.75 56.9
1547404221.78 55.8
1547404231.79 55.8
1547404241.81 56.9
1547404251.83 55.8
1547404261.85 55.8
1547404271.87 55.8
1547404281.89 55.8
1547404291.92 55.8
1547404301.93 55.8
1547404311.95 56.4
1547404321.97 55.8
1547404331.98 56.4
1547404342.0 55.8
1547404352.02 55.8
1547404362.05 55.8
1547404372.06 55.3
1547404382.08 55.8
1547404392.1 55.8
1547404402.12 55.8
1547404412.14 55.8
1547404422.16 56.4
1547404432.18 56.9
1547404442.2 55.8
1547404452.2 55.8
1547404462.22 56.9
1547404472.24 56.4
1547404482.25 56.4
1547404492.27 55.8
1547404502.29 56.9
1547404512.31 56.4
1547404522.33 56.4
1547404532.34 56.4
1547404542.36 56.4
1547404552.38 55.8
1547404562.39 56.9
1547404572.41 56.4
1547404582.43 56.9
1547404592.45 56.4
1547404602.47 56.9
1547404612.48 56.9
1547404622.5 56.9
1547404632.52 56.9
1547404642.54 57.5
1547404652.56 56.4
1547404662.57 56.9
1547404672.59 56.4
1547404682.62 56.9
1547404692.63 55.8
1547404702.65 56.4
1547404712.67 55.8
1547404722.69 56.9
1547404732.7 56.4
1547404742.72 55.8
1547404752.74 56.4
1547404762.75 56.4
1547404772.77 56.4
1547404782.79 56.4
1547404792.8 56.4
1547404802.82 56.4
1547404812.83 56.4
1547404822.85 56.4
1547404832.87 56.4
1547404842.9 55.8
1547404852.91 56.4
1547404862.93 56.4
1547404872.94 56.4
1547404882.96 55.8
1547404892.99 55.8
1547404903.01 55.8
1547404913.03 54.8
1547404923.05 54.8
1547404933.07 55.3
1547404943.08 55.8
1547404953.1 54.8
1547404963.12 55.3
1547404973.14 54.8
1547404983.16 54.8
1547404993.18 54.8
1547405003.2 55.3
1547405013.22 54.8
1547405023.24 54.8
1547405033.26 55.3
1547405043.28 54.8
1547405053.3 54.8
1547405063.31 55.8
1547405073.33 54.8
1547405083.35 54.8
1547405093.37 55.8
1547405103.39 55.8
1547405113.41 54.2
1547405123.43 54.8
1547405133.45 54.8
1547405143.47 54.2
1547405153.49 54.8
1547405163.5 55.3
1547405173.52 54.8
1547405183.54 54.8
1547405193.56 55.3
1547405203.58 54.8
1547405213.59 54.8
1547405223.6 55.3
1547405233.62 55.8
1547405243.63 55.8
1547405253.65 55.8
1547405263.66 55.3
1547405273.68 53.7
1547405283.7 54.8
1547405293.72 54.8
1547405303.74 55.3
1547405313.75 55.3
1547405323.77 54.8
1547405333.79 54.8
1547405343.8 55.3
1547405353.82 55.3
1547405363.84 55.8
1547405373.85 55.8
1547405383.87 54.8
1547405393.9 55.3
1547405403.91 55.8
1547405413.93 54.8
1547405423.95 54.8
1547405433.98 54.8
1547405444.0 55.3
1547405454.01 55.8
1547405464.03 54.8
1547405474.05 54.8
1547405484.06 55.3
1547405494.08 56.4
1547405504.1 55.8
1547405514.12 55.8
1547405524.14 55.8
1547405534.16 56.4
1547405544.17 55.8
1547405554.19 56.4
1547405564.2 55.8
1547405574.22 55.8
1547405584.23 55.8
1547405594.25 55.8
1547405604.27 55.8
1547405614.29 56.4
1547405624.31 55.3
1547405634.32 56.4
1547405644.34 55.8
1547405654.37 55.3
1547405664.38 55.8
1547405674.4 55.8
1547405684.42 55.8
1547405694.44 55.8
1547405704.46 54.8
1547405714.48 55.3
1547405724.49 55.8
1547405734.51 55.8
1547405744.53 55.8
1547405754.55 54.8
1547405764.57 55.3
1547405774.6 55.3
1547405784.61 55.3
1547405794.63 55.3
1547405804.65 55.8
1547405814.67 55.8
1547405824.68 55.8
1547405834.72 55.8
1547405844.74 54.8
1547405854.75 54.8
1547405864.77 55.8
1547405874.79 55.8
1547405884.81 55.3
1547405894.83 55.8
1547405904.84 54.8
1547405914.86 55.8
1547405924.88 55.3
1547405934.9 55.8
1547405944.92 55.8
1547405954.94 55.8
1547405964.96 56.4
1547405974.97 55.3
1547405984.99 55.8
1547405995.01 55.8
