1547500003.5 44.0
1547500013.52 44.5
1547500023.53 44.5
1547500033.56 44.5
1547500043.57 44.5
1547500053.58 45.1
1547500063.6 44.0
1547500073.61 45.1
1547500083.63 44.5
1547500093.65 45.1
1547500103.66 45.1
1547500113.68 44.5
1547500123.7 44.0
1547500133.71 44.5
1547500143.72 44.5
1547500153.73 45.1
1547500163.75 45.1
1547500173.76 45.1
1547500183.77 46.2
1547500193.79 45.1
1547500203.8 44.5
1547500213.81 45.1
1547500223.83 45.1
1547500233.84 45.1
1547500243.85 45.1
1547500253.87 45.1
1547500263.88 45.1
1547500273.89 45.1
1547500283.91 45.1
1547500293.92 45.1
1547500303.93 45.6
1547500313.94 45.1
1547500323.96 45.1
1547500333.98 44.5
1547500344.0 46.2
1547500354.01 45.1
1547500364.02 45.1
1547500374.04 45.1
1547500384.05 45.1
1547500394.06 46.2
1547500404.08 45.1
1547500414.09 45.1
1547500424.1 45.1
1547500434.11 45.1
1547500444.13 45.1
1547500454.15 45.1
1547500464.16 45.1
1547500474.17 45.1
1547500484.18 44.5
1547500494.2 44.0
1547500504.22 44.5
1547500514.23 44.5
1547500524.25 44.5
1547500534.26 45.1
1547500544.27 44.0
1547500554.28 45.1
1547500564.29 45.1
1547500574.31 44.5
1547500584.32 45.1
1547500594.34 45.1
1547500604.35 44.0
1547500614.36 44.0
1547500624.38 44.0
1547500634.4 42.9
1547500644.41 44.0
1547500654.43 43.5
1547500664.44 42.9
1547500674.46 43.5
1547500684.48 43.5
1547500694.49 43.5
1547500704.5 43.5
1547500714.52 43.5
1547500724.53 44.0
1547500734.54 44.0
1547500744.56 43.5
1547500754.57 43.5
1547500764.59 43.5
1547500774.61 44.0
1547500784.62 44.0
1547500794.64 43.5
1547500804.65 43.5
1547500814.67 44.0
1547500824.68 44.0
1547500834.69 44.0
1547500844.71 42.9
1547500854.72 43.5
1547500864.74 44.0
1547500874.75 43.5
1547500884.77 43.5
1547500894.78 43.5
1547500904.8 43.5
1547500914.81 44.0
1547500924.83 43.5
1547500934.84 42.9
1547500944.86 43.5
1547500954.88 42.9
1547500964.89 43.5
1547500974.9 43.5
1547500984.92 42.9
1547500994.94 42.4
1547501004.96 42.9
1547501014.97 43.5
1547501024.99 41.9
1547501035.0 41.9
1547501045.01 41.9
1547501055.03 41.9
1547501065.04 42.4
1547501075.07 42.4
1547501085.08 42.9
1547501095.09 42.9
1547501105.11 42.4
1547501115.13 41.9
1547501125.15 41.9
1547501135.17 42.9
1547501145.18 42.9
1547501155.19 41.9
1547501165.22 42.4
1547501175.23 42.9
1547501185.25 41.9
1547501195.26 42.4
1547501205.28 41.9
1547501215.3 41.9
1547501225.32 41.9
1547501235.33 41.9
1547501245.34 42.9
1547501255.36 41.9
1547501265.38 42.4
1547501275.4 41.3
1547501285.41 41.9
1547501295.43 42.9
1547501305.45 40.8
1547501315.46 41.9
1547501325.47 42.4
1547501335.49 41.9
1547501345.51 42.9
1547501355.52 41.3
1547501365.53 41.3
1547501375.55 41.9
1547501385.56 41.9
1547501395.57 42.4
1547501405.58 41.9
1547501415.6 41.9
1547501425.61 41.9
1547501435.63 42.4
1547501445.65 41.9
1547501455.66 41.3
1547501465.68 41.3
1547501475.69 42.4
1547501485.7 42.4
1547501495.71 41.9
1547501505.72 41.9
1547501515.74 41.3
1547501525.75 41.9
1547501535.77 42.4
1547501545.79 41.9
1547501555.8 41.3
1547501565.82 41.9
1547501575.83 41.9
1547501585.84 41.9
1547501595.86 41.9
1547501605.88 41.3
1547501615.89 41.3
1547501625.91 41.9
1547501635.93 40.8
1547501645.94 40.8
1547501655.96 41.3
1547501665.97 41.3
1547501675.99 40.8
1547501686.01 41.9
1547501696.03 40.8
1547501706.04 41.3
1547501716.06 41.3
1547501726.08 40.8
1547501736.1 40.8
1547501746.12 40.8
1547501756.13 40.8
1547501766.15 39.7
1547501776.19 40.8
1547501786.2 40.8
1547501796.22 40.8
1547501806.23 40.2
1547501816.24 40.8
1547501826.26 40.2
1547501836.28 40.8
1547501846.29 40.2
1547501856.3 40.8
1547501866.31 40.8
1547501876.33 39.7
1547501886.35 39.7
1547501896.36 40.2
1547501906.37 39.7
1547501916.39 39.7
1547501926.4 39.7
1547501936.42 39.7
1547501946.43 38.6
1547501956.45 39.2
1547501966.47 39.7
1547501976.48 39.7
1547501986.49 39.7
1547501996.51 39.2
1547502006.53 39.2
1547502016.55 39.2
1547502026.56 39.7
1547502036.58 39.2
1547502046.6 39.7
1547502056.62 38.6
1547502066.64 38.6
1547502076.65 39.2
1547502086.66 38.6
1547502096.67 39.2
1547502106.69 39.2
1547502116.7 38.6
1547502126.72 38.6
1547502136.73 38.6
1547502146.76 38.6
1547502156.77 37.6
1547502166.79 38.6
1547502176.8 37.6
1547502186.82 37.6
1547502196.84 37.6
1547502206.86 37.0
1547502216.87 37.6
1547502226.89 37.6
1547502236.91 37.6
1547502246.92 37.6
1547502256.94 37.0
1547502266.96 37.0
1547502276.99 37.0
1547502287.0 36.5
1547502297.02 37.0
1547502307.03 37.0
1547502317.05 37.0
1547502327.08 36.5
1547502337.1 37.6
1547502347.12 36.5
1547502357.13 37.0
1547502367.16 37.6
1547502377.17 37.0
1547502387.19 36.5
1547502397.21 36.5
1547502407.23 36.5
1547502417.26 36.5
1547502427.28 36.5
1547502437.29 36.5
1547502447.31 36.5
1547502457.33 36.5
1547502467.35 36.5
1547502477.37 36.5
1547502487.39 35.9
1547502497.41 35.4
1547502507.43 36.5
1547502517.44 36.5
1547502527.46 36.5
1547502537.47 35.9
1547502547.5 35.9
1547502557.52 36.5
1547502567.54 35.9
1547502577.55 35.4
1547502587.57 36.5
1547502597.58 35.4
1547502607.6 35.4
1547502617.63 35.4
1547502627.65 35.9
1547502637.66 35.4
1547502647.68 35.4
1547502657.7 35.4
1547502667.73 35.4
1547502677.75 36.5
1547502687.76 36.5
1547502697.79 36.5
1547502707.81 35.9
1547502717.83 35.9
1547502727.85 35.9
1547502737.87 35.4
1547502747.89 35.4
1547502757.91 36.5
1547502767.92 36.5
1547502777.95 35.4
1547502787.96 35.4
1547502797.98 36.5
1547502808.0 35.9
1547502818.02 35.9
1547502828.04 36.5
1547502838.05 36.5
1547502848.07 36.5
1547502858.09 36.5
1547502868.11 35.9
1547502878.13 36.5
1547502888.14 36.5
1547502898.16 36.5
1547502908.17 35.9
1547502918.19 36.5
1547502928.21 35.9
1547502938.22 36.5
1547502948.24 35.4
1547502958.26 35.4
1547502968.28 36.5
1547502978.3 36.5
1547502988.32 36.5
1547502998.33 36.5
1547503008.35 35.9
1547503018.36 36.5
1547503028.38 36.5
1547503038.4 36.5
1547503048.41 36.5
1547503058.44 35.4
1547503068.46 35.9
1547503078.49 35.4
1547503088.51 35.9
1547503098.52 36.5
1547503108.54 35.9
1547503118.56 35.4
1547503128.57 35.9
1547503138.59 35.4
1547503148.6 35.4
1547503158.63 35.4
1547503168.64 35.9
1547503178.66 35.4
1547503188.68 34.9
1547503198.71 35.4
1547503208.72 35.4
