1547300003.73 29.5
1547300013.74 30.0
1547300023.75 30.0
1547300033.77 30.0
1547300043.78 30.6
1547300053.8 30.0
1547300063.82 30.0
1547300073.83 30.0
1547300083.85 30.0
1547300093.87 30.6
1547300103.89 30.0
1547300113.91 31.1
1547300123.93 30.0
1547300133.94 30.6
1547300143.95 30.6
1547300153.97 30.0
1547300163.99 29.5
1547300174.01 29.5
1547300184.03 28.9
1547300194.05 30.0
1547300204.08 30.0
1547300214.09 30.6
1547300224.11 30.0
1547300234.14 30.6
1547300244.15 30.0
1547300254.18 30.0
1547300264.19 31.1
1547300274.21 30.0
1547300284.22 31.1
1547300294.25 30.6
1547300304.27 30.6
1547300314.28 30.0
1547300324.31 31.6
1547300334.34 30.6
1547300344.36 30.6
1547300354.38 30.6
1547300364.4 31.1
1547300374.42 31.1
1547300384.43 30.6
1547300394.45 31.1
1547300404.46 32.2
1547300414.48 32.2
1547300424.5 31.1
1547300434.52 31.1
1547300444.54 31.6
1547300454.55 31.1
1547300464.57 31.1
1547300474.59 31.6
1547300484.62 32.2
1547300494.64 32.2
1547300504.66 32.2
1547300514.67 32.2
1547300524.68 32.7
1547300534.69 32.2
1547300544.71 32.2
1547300554.73 32.7
1547300564.75 33.2
1547300574.76 32.2
1547300584.78 32.2
1547300594.8 32.2
1547300604.81 32.7
1547300614.83 33.2
1547300624.85 32.2
1547300634.86 33.2
1547300644.88 32.7
1547300654.89 33.2
1547300664.91 32.2
1547300674.93 32.2
1547300684.95 32.2
1547300694.97 32.2
1547300704.99 32.7
1547300715.01 32.2
1547300725.03 33.8
1547300735.04 33.2
1547300745.06 33.8
1547300755.08 34.3
1547300765.11 33.2
1547300775.12 34.3
1547300785.14 33.8
1547300795.16 33.8
1547300805.18 33.8
1547300815.19 34.3
1547300825.22 33.2
1547300835.24 33.2
1547300845.25 34.9
1547300855.27 34.3
1547300865.29 34.3
1547300875.3 34.9
1547300885.32 34.9
1547300895.33 33.2
1547300905.35 34.3
1547300915.37 34.9
1547300925.38 34.3
1547300935.4 34.3
1547300945.42 33.8
1547300955.44 34.9
1547300965.45 34.9
1547300975.47 34.3
1547300985.49 34.9
1547300995.51 34.3
1547301005.53 34.3
1547301015.55 34.3
1547301025.57 33.8
1547301035.59 34.3
1547301045.6 34.3
1547301055.62 34.3
1547301065.64 34.9
1547301075.66 34.3
1547301085.68 34.3
1547301095.7 34.3
1547301105.72 34.3
1547301115.73 34.3
1547301125.75 34.3
1547301135.77 34.3
1547301145.79 34.3
1547301155.81 33.8
1547301165.82 34.9
1547301175.84 34.3
1547301185.86 34.3
1547301195.88 34.3
1547301205.9 34.3
1547301215.92 34.3
1547301225.94 33.8
1547301235.96 34.3
1547301245.97 33.8
1547301255.99 33.8
1547301266.01 33.2
1547301276.02 33.8
1547301286.03 34.3
1547301296.05 34.3
1547301306.07 34.3
1547301316.09 34.3
1547301326.1 34.3
1547301336.13 33.8
1547301346.14 34.3
1547301356.16 34.3
1547301366.18 34.3
1547301376.19 34.3
1547301386.21 33.8
1547301396.23 34.3
1547301406.26 33.8
1547301416.27 33.2
1547301426.3 33.8
1547301436.31 34.3
1547301446.32 34.3
1547301456.33 34.3
1547301466.35 34.9
1547301476.37 34.3
1547301486.39 34.3
1547301496.41 34.3
1547301506.43 34.3
1547301516.45 33.2
1547301526.47 33.8
1547301536.49 33.8
1547301546.52 34.3
1547301556.53 34.3
1547301566.56 34.3
1547301576.57 34.3
1547301586.58 33.8
1547301596.61 34.3
1547301606.63 35.4
1547301616.64 35.4
1547301626.66 34.9
1547301636.68 34.3
1547301646.7 34.3
1547301656.71 34.9
1547301666.73 34.9
1547301676.75 34.3
1547301686.77 34.3
1547301696.8 34.9
1547301706.82 34.9
1547301716.84 34.9
1547301726.85 34.9
1547301736.87 34.9
1547301746.89 35.4
1547301756.91 34.9
1547301766.92 34.3
1547301776.93 34.3
1547301786.95 34.3
1547301796.96 34.3
1547301806.98 34.3
1547301817.0 33.8
1547301827.01 33.8
1547301837.03 34.3
1547301847.04 34.3
1547301857.06 33.2
1547301867.08 33.2
1547301877.09 33.8
1547301887.11 33.2
1547301897.13 33.8
1547301907.14 33.8
1547301917.16 34.3
1547301927.18 33.8
1547301937.19 33.8
1547301947.21 33.2
1547301957.22 34.3
1547301967.24 33.2
1547301977.26 33.8
1547301987.28 33.8
1547301997.3 33.2
1547302007.32 33.8
1547302017.34 32.7
1547302027.35 33.8
1547302037.37 32.7
1547302047.38 33.8
1547302057.4 33.2
1547302067.41 32.7
1547302077.43 33.2
1547302087.45 33.8
1547302097.46 32.7
1547302107.47 33.8
1547302117.49 33.2
1547302127.51 32.7
1547302137.53 32.2
1547302147.55 32.7
1547302157.57 33.2
1547302167.58 33.8
1547302177.6 33.2
1547302187.61 33.2
1547302197.63 32.2
1547302207.65 32.7
1547302217.67 32.7
1547302227.69 32.7
1547302237.71 32.7
1547302247.72 33.2
1547302257.74 32.7
1547302267.76 33.2
1547302277.78 33.2
1547302287.8 33.8
1547302297.82 32.7
1547302307.84 33.2
1547302317.86 33.2
1547302327.88 32.7
1547302337.9 32.7
1547302347.92 32.7
1547302357.94 32.2
1547302367.96 32.2
1547302377.98 32.2
1547302388.0 32.2
1547302398.02 31.6
1547302408.04 32.2
1547302418.05 31.6
1547302428.07 32.2
1547302438.09 32.2
1547302448.11 32.2
1547302458.13 31.6
1547302468.15 32.2
1547302478.16 32.2
1547302488.17 32.2
1547302498.19 31.6
1547302508.21 32.2
1547302518.24 32.2
1547302528.25 32.2
1547302538.26 32.7
1547302548.28 31.6
1547302558.31 32.2
1547302568.32 32.2
1547302578.34 31.6
1547302588.35 32.2
1547302598.37 32.2
1547302608.39 31.1
1547302618.4 31.6
1547302628.42 31.1
1547302638.43 32.2
1547302648.45 32.2
1547302658.47 31.6
1547302668.49 31.1
1547302678.51 31.6
1547302688.53 31.6
1547302698.55 31.6
1547302708.56 32.2
1547302718.58 32.2
1547302728.6 31.1
1547302738.61 31.1
1547302748.63 31.1
1547302758.65 31.1
1547302768.67 31.1
1547302778.69 31.1
1547302788.7 31.1
1547302798.73 31.1
1547302808.74 31.1
1547302818.75 31.1
1547302828.78 30.6
1547302838.79 30.0
1547302848.82 30.6
1547302858.83 30.6
1547302868.85 30.0
1547302878.86 30.0
1547302888.89 30.0
1547302898.9 31.1
1547302908.92 30.0
1547302918.94 30.6
1547302928.96 31.1
1547302939.0 30.0
1547302949.02 30.0
1547302959.04 29.5
1547302969.05 30.6
1547302979.07 30.0
1547302989.08 30.6
1547302999.1 30.0
1547303009.11 30.0
1547303019.13 30.0
1547303029.14 30.6
1547303039.15 30.0
1547303049.17 30.6
1547303059.19 30.0
1547303069.22 30.0
1547303079.24 30.0
1547303089.25 30.6
1547303099.27 30.0
1547303109.28 30.0
1547303119.29 30.6
1547303129.31 31.1
1547303139.32 31.1
1547303149.34 30.6
1547303159.35 30.0
1547303169.37 30.6
1547303179.38 30.0
1547303189.39 30.6
1547303199.41 30.6
1547303209.43 31.1
1547303219.44 30.0
1547303229.46 30.0
1547303239.47 31.1
1547303249.49 31.1
1547303259.51 30.6
1547303269.52 31.1
1547303279.53 31.1
1547303289.55 31.1
1547303299.57 30.6
1547303309.58 31.6
1547303319.59 31.1
1547303329.61 31.1
1547303339.63 31.1
1547303349.65 31.1
1547303359.67 31.1
1547303369.68 31.1
1547303379.7 31.1
1547303389.72 31.1
1547303399.73 31.6
1547303409.75 30.6
1547303419.76 31.1
1547303429.78 31.1
1547303439.8 31.1
1547303449.82 31.6
1547303459.83 31.1
1547303469.85 31.6
1547303479.87 31.6
1547303489.88 32.2
1547303499.9 31.6
1547303509.92 31.6
1547303519.93 32.2
1547303529.95 32.2
1547303539.96 32.2
1547303549.98 32.2
1547303559.99 32.2
1547303570.01 32.2
1547303580.02 32.2
1547303590.04 32.2
1547303600.06 32.2
1547303610.07 32.2
1547303620.09 32.2
1547303630.1 32.2
1547303640.12 32.7
1547303650.14 32.2
1547303660.15 33.2
1547303670.17 32.7
1547303680.18 32.7
1547303690.2 32.7
1547303700.22 33.2
1547303710.24 33.8
1547303720.26 33.2
1547303730.28 33.2
1547303740.3 32.7
1547303750.32 33.2
1547303760.34 33.2
1547303770.36 33.2
1547303780.37 34.3
1547303790.4 33.2
1547303800.42 33.8
1547303810.44 33.8
1547303820.45 34.3
1547303830.47 33.8
1547303840.49 33.2
1547303850.51 33.8
1547303860.53 34.3
1547303870.55 33.8
1547303880.57 33.8
1547303890.59 34.3
1547303900.61 34.3
1547303910.63 34.3
1547303920.65 34.3
1547303930.67 34.9
1547303940.68 34.9
1547303950.69 34.9
1547303960.71 34.9
1547303970.73 34.9
1547303980.75 34.3
1547303990.77 35.4
1547304000.79 35.4
1547304010.81 35.4
1547304020.82 35.4
1547304030.84 34.3
1547304040.86 35.4
1547304050.88 35.4
1547304060.9 34.9
1547304070.92 35.4
1547304080.94 34.3
1547304090.96 35.4
1547304100.99 35.4
1547304111.01 35.4
1547304121.03 34.9
1547304131.04 35.4
1547304141.06 34.9
1547304151.08 35.4
1547304161.1 35.4
1547304171.12 35.9
1547304181.14 35.4
1547304191.16 35.4
1547304201.17 35.4
1547304211.2 35.4
1547304221.21 35.4
1547304231.23 35.9
1547304241.24 35.4
1547304251.27 35.4
1547304261.29 35.4
1547304271.31 35.4
1547304281.32 35.4
1547304291.33 35.9
1547304301.36 35.4
1547304311.37 35.9
1547304321.39 36.5
1547304331.41 35.9
1547304341.43 36.5
1547304351.45 36.5
1547304361.47 36.5
1547304371.49 36.5
1547304381.5 37.0
1547304391.53 35.9
1547304401.54 36.5
1547304411.56 36.5
1547304421.57 36.5
1547304431.6 35.9
1547304441.61 36.5
1547304451.63 35.9
1547304461.65 36.5
1547304471.67 36.5
1547304481.69 36.5
1547304491.7 36.5
1547304501.72 37.0
1547304511.74 37.0
1547304521.76 37.6
1547304531.78 36.5
1547304541.8 36.5
1547304551.81 37.0
1547304561.83 37.0
1547304571.85 37.0
1547304581.87 37.0
1547304591.89 36.5
1547304601.9 36.5
1547304611.92 37.0
1547304621.94 37.0
1547304631.96 36.5
1547304641.98 36.5
1547304651.99 37.0
1547304662.02 37.0
1547304672.04 37.0
1547304682.05 37.0
1547304692.08 37.0
1547304702.1 36.5
1547304712.12 37.0
1547304722.14 37.0
1547304732.16 37.0
1547304742.17 36.5
1547304752.2 37.0
1547304762.22 36.5
1547304772.24 37.0
1547304782.26 37.0
1547304792.28 36.5
1547304802.3 37.0
1547304812.32 37.6
1547304822.34 36.5
1547304832.36 37.0
1547304842.38 36.5
1547304852.4 38.1
1547304862.42 38.1
1547304872.44 37.0
1547304882.45 37.6
1547304892.47 37.0
1547304902.49 36.5
1547304912.51 37.6
1547304922.53 37.6
1547304932.55 37.0
1547304942.57 36.5
1547304952.59 36.5
1547304962.61 37.0
1547304972.63 37.6
1547304982.65 37.0
1547304992.67 37.6
1547305002.69 37.6
1547305012.72 37.6
1547305022.74 37.6
1547305032.76 38.6
1547305042.79 37.6
1547305052.81 38.6
1547305062.82 37.0
1547305072.85 37.6
1547305082.87 37.6
1547305092.89 37.0
1547305102.91 37.0
1547305112.93 37.0
1547305122.95 37.0
1547305132.97 37.0
1547305143.0 37.6
1547305153.01 37.6
1547305163.03 38.1
1547305173.04 38.6
1547305183.05 38.1
1547305193.07 38.6
