1547800003.6 31.6
1547800013.62 31.1
1547800023.64 31.1
1547800033.67 31.1
1547800043.69 31.6
1547800053.71 31.6
1547800063.73 31.1
1547800073.75 32.2
1547800083.77 31.1
1547800093.79 32.2
1547800103.81 31.6
1547800113.84 31.6
1547800123.86 31.1
1547800133.88 31.6
1547800143.9 32.2
1547800153.92 31.1
1547800163.95 31.6
1547800173.97 31.6
1547800183.99 31.6
1547800194.01 31.1
1547800204.03 31.1
1547800214.05 31.1
1547800224.07 31.1
1547800234.08 32.2
1547800244.1 32.2
1547800254.13 31.1
1547800264.14 32.2
1547800274.16 32.2
1547800284.18 31.1
1547800294.2 31.6
1547800304.22 31.6
1547800314.23 31.6
1547800324.25 31.1
1547800334.27 32.2
1547800344.29 32.2
1547800354.3 32.2
1547800364.32 31.6
1547800374.34 32.2
1547800384.36 32.2
1547800394.38 32.2
1547800404.4 32.2
1547800414.43 31.6
1547800424.45 32.2
1547800434.47 32.2
1547800444.48 32.2
1547800454.51 32.7
1547800464.53 32.2
1547800474.55 32.2
1547800484.57 32.2
1547800494.59 32.2
1547800504.61 31.6
1547800514.63 31.6
1547800524.64 32.2
1547800534.66 32.2
1547800544.69 32.2
1547800554.7 32.2
1547800564.72 32.2
1547800574.73 32.2
1547800584.76 32.2
1547800594.78 32.2
1547800604.8 31.6
1547800614.82 31.1
1547800624.84 32.2
1547800634.85 32.2
1547800644.87 32.2
1547800654.88 32.2
1547800664.9 31.1
1547800674.93 31.6
1547800684.95 31.6
1547800694.97 31.6
1547800704.98 31.1
1547800715.01 32.2
1547800725.03 31.6
1547800735.05 31.6
1547800745.07 32.2
1547800755.08 31.1
1547800765.11 32.2
1547800775.12 32.2
1547800785.14 32.2
1547800795.16 31.1
1547800805.19 32.2
1547800815.2 31.6
1547800825.22 31.1
1547800835.24 31.1
1547800845.26 31.6
1547800855.27 31.1
1547800865.29 31.6
1547800875.31 32.2
1547800885.33 32.2
1547800895.34 31.6
1547800905.36 31.6
1547800915.38 32.2
1547800925.39 32.2
1547800935.42 32.2
1547800945.44 31.1
1547800955.46 32.2
1547800965.48 31.6
1547800975.5 32.2
1547800985.52 32.2
1547800995.54 32.2
1547801005.56 31.1
1547801015.58 31.1
1547801025.6 31.1
1547801035.62 31.6
1547801045.64 31.6
1547801055.65 31.6
1547801065.67 31.6
1547801075.69 32.2
1547801085.71 31.6
1547801095.73 31.1
1547801105.74 32.2
1547801115.76 32.2
1547801125.77 32.2
1547801135.78 32.2
1547801145.8 31.1
1547801155.81 32.2
1547801165.83 32.2
1547801175.84 32.2
1547801185.86 31.1
1547801195.88 32.2
1547801205.9 32.2
1547801215.92 32.2
1547801225.93 32.2
1547801235.95 32.2
1547801245.97 31.1
1547801255.98 31.6
1547801266.0 32.2
1547801276.02 31.1
1547801286.03 32.2
1547801296.05 31.6
1547801306.07 31.6
1547801316.08 32.2
1547801326.1 31.6
1547801336.12 32.2
1547801346.13 31.6
1547801356.15 32.2
1547801366.17 32.2
1547801376.18 32.2
1547801386.2 32.2
1547801396.22 31.1
1547801406.25 31.6
1547801416.26 32.2
1547801426.27 32.2
1547801436.29 32.2
1547801446.31 31.6
1547801456.33 32.2
1547801466.34 32.2
1547801476.36 32.7
1547801486.38 31.6
1547801496.4 31.1
1547801506.42 32.2
1547801516.44 32.2
1547801526.46 32.2
1547801536.47 32.2
1547801546.49 32.2
1547801556.5 32.2
1547801566.53 32.2
1547801576.56 32.2
1547801586.58 32.2
1547801596.6 32.2
1547801606.62 32.7
1547801616.64 32.2
1547801626.65 32.2
1547801636.67 32.2
1547801646.69 32.2
1547801656.71 32.7
1547801666.73 32.2
1547801676.75 33.2
1547801686.77 32.7
1547801696.79 32.2
1547801706.81 32.7
1547801716.82 32.7
1547801726.84 32.7
1547801736.86 32.7
1547801746.87 32.7
1547801756.89 33.2
1547801766.91 32.2
1547801776.93 32.7
1547801786.94 32.2
1547801796.96 33.2
1547801806.98 32.2
1547801817.01 32.7
1547801827.03 32.2
1547801837.05 32.2
1547801847.06 32.7
1547801857.08 32.7
1547801867.09 32.2
1547801877.11 32.2
1547801887.13 32.2
1547801897.15 32.2
1547801907.17 32.2
1547801917.19 32.2
1547801927.2 32.2
1547801937.22 32.2
1547801947.23 32.2
1547801957.25 32.2
1547801967.28 32.2
1547801977.29 32.2
1547801987.31 32.2
1547801997.33 32.2
1547802007.34 32.7
1547802017.37 32.2
1547802027.38 32.2
1547802037.39 32.2
1547802047.42 32.2
1547802057.43 32.2
1547802067.46 32.2
1547802077.47 32.2
1547802087.48 32.7
1547802097.51 32.2
1547802107.52 32.2
1547802117.54 32.2
1547802127.56 32.2
1547802137.59 32.2
1547802147.6 32.2
1547802157.62 32.2
1547802167.63 32.2
1547802177.66 32.2
1547802187.67 32.2
1547802197.69 32.2
1547802207.71 32.2
1547802217.73 32.2
1547802227.76 32.2
1547802237.78 32.2
1547802247.79 32.2
1547802257.81 32.2
1547802267.84 31.6
1547802277.85 32.2
1547802287.87 32.7
1547802297.89 32.2
1547802307.9 32.2
1547802317.92 32.7
1547802327.94 32.2
1547802337.95 32.7
1547802347.97 32.2
1547802357.99 32.2
1547802368.0 33.2
1547802378.02 32.2
1547802388.04 32.2
1547802398.05 32.2
1547802408.07 32.2
1547802418.08 32.7
1547802428.1 32.7
1547802438.12 32.2
1547802448.14 32.2
1547802458.15 32.2
1547802468.16 32.7
1547802478.17 32.7
1547802488.19 32.2
1547802498.21 32.2
1547802508.23 32.2
1547802518.25 32.7
1547802528.28 32.2
1547802538.29 31.6
1547802548.31 32.2
1547802558.32 32.7
1547802568.34 32.2
1547802578.36 32.2
1547802588.38 32.2
1547802598.4 32.7
1547802608.42 32.2
1547802618.43 32.2
1547802628.45 32.2
1547802638.46 32.2
1547802648.48 32.2
1547802658.5 32.2
1547802668.52 32.2
1547802678.54 32.2
1547802688.56 32.2
1547802698.58 32.2
1547802708.6 31.1
1547802718.62 32.2
1547802728.63 32.2
1547802738.65 32.2
1547802748.67 32.2
1547802758.69 32.2
1547802768.71 31.6
1547802778.72 32.2
1547802788.74 32.2
1547802798.76 32.2
1547802808.78 32.7
1547802818.8 32.2
1547802828.82 32.2
1547802838.83 32.2
1547802848.85 32.2
1547802858.87 32.2
1547802868.89 32.2
1547802878.91 32.2
1547802888.93 32.2
1547802898.95 31.6
1547802908.97 32.7
1547802918.98 32.2
1547802929.0 31.6
1547802939.02 31.6
1547802949.04 32.2
1547802959.06 32.2
1547802969.08 32.2
1547802979.1 32.2
1547802989.12 31.6
1547802999.13 31.6
1547803009.15 31.1
1547803019.16 32.2
1547803029.19 31.1
1547803039.2 32.2
1547803049.23 32.2
1547803059.25 31.6
1547803069.26 31.6
1547803079.28 31.6
1547803089.3 31.1
1547803099.32 31.6
1547803109.34 31.6
1547803119.36 31.6
1547803129.38 32.2
1547803139.4 32.2
1547803149.41 31.6
1547803159.43 31.1
1547803169.45 31.1
1547803179.47 32.2
1547803189.48 32.2
1547803199.5 31.6
1547803209.52 31.1
1547803219.53 32.2
1547803229.55 32.2
1547803239.56 31.6
1547803249.58 32.2
1547803259.6 32.2
1547803269.62 31.1
1547803279.64 31.6
1547803289.66 31.6
1547803299.67 32.2
1547803309.69 32.2
1547803319.71 32.2
1547803329.73 31.6
1547803339.74 32.2
1547803349.75 32.2
1547803359.77 32.2
1547803369.78 32.2
1547803379.8 31.1
1547803389.82 32.2
1547803399.83 32.2
1547803409.85 31.6
1547803419.86 33.2
1547803429.88 32.2
1547803439.9 32.2
1547803449.91 31.1
1547803459.93 31.6
1547803469.95 31.6
1547803479.97 31.1
1547803489.99 32.2
1547803500.01 32.2
1547803510.02 32.2
1547803520.03 32.2
1547803530.05 32.2
1547803540.07 31.1
1547803550.09 31.6
1547803560.11 31.6
1547803570.15 32.2
1547803580.17 31.6
1547803590.19 32.2
1547803600.21 32.2
1547803610.23 32.2
1547803620.24 32.7
1547803630.26 32.2
1547803640.28 32.7
1547803650.3 32.2
1547803660.32 32.2
1547803670.33 32.2
1547803680.34 32.2
1547803690.36 32.2
1547803700.38 32.2
1547803710.39 32.2
1547803720.4 32.2
1547803730.42 32.2
1547803740.45 31.6
1547803750.47 32.2
1547803760.48 32.7
1547803770.5 32.2
1547803780.51 32.2
1547803790.53 32.2
1547803800.55 32.2
1547803810.57 32.2
1547803820.59 32.7
1547803830.61 32.2
1547803840.63 32.2
1547803850.65 32.2
1547803860.66 32.2
1547803870.69 32.2
1547803880.71 32.2
1547803890.73 32.2
1547803900.74 32.2
1547803910.77 32.2
1547803920.78 32.7
1547803930.79 32.2
1547803940.81 33.2
1547803950.83 32.7
1547803960.85 32.2
1547803970.87 32.2
1547803980.89 32.2
1547803990.91 31.1
1547804000.93 32.2
1547804010.94 32.7
1547804020.96 32.2
1547804030.97 32.2
1547804041.0 31.6
1547804051.02 31.6
1547804061.04 31.6
1547804071.06 31.1
1547804081.08 32.2
1547804091.11 32.2
1547804101.13 32.2
1547804111.14 31.6
1547804121.16 32.2
1547804131.19 32.2
1547804141.21 31.6
1547804151.22 32.2
1547804161.24 32.2
1547804171.26 31.6
1547804181.28 32.2
1547804191.31 31.6
1547804201.32 32.2
1547804211.34 32.7
1547804221.36 32.2
1547804231.38 32.2
1547804241.41 32.2
1547804251.43 32.2
1547804261.44 32.2
1547804271.47 32.2
1547804281.49 32.2
1547804291.5 32.7
1547804301.53 32.2
1547804311.55 32.2
1547804321.57 32.2
1547804331.59 32.2
1547804341.6 32.2
1547804351.62 32.2
1547804361.64 32.2
1547804371.66 32.2
1547804381.68 32.2
1547804391.7 32.2
1547804401.72 32.2
1547804411.74 32.2
1547804421.76 32.7
1547804431.78 32.7
1547804441.8 31.6
1547804451.82 32.2
1547804461.84 32.2
1547804471.86 32.2
1547804481.88 32.2
1547804491.9 33.2
1547804501.92 32.2
1547804511.94 32.2
1547804521.96 32.2
1547804531.98 32.2
1547804542.0 32.2
1547804552.02 32.2
1547804562.04 32.2
1547804572.06 32.2
1547804582.07 32.2
1547804592.09 32.2
1547804602.11 32.7
1547804612.12 32.7
1547804622.14 32.2
1547804632.17 32.2
1547804642.19 32.2
1547804652.2 32.2
1547804662.22 32.2
1547804672.23 32.2
1547804682.25 32.2
1547804692.27 32.2
1547804702.29 32.2
1547804712.32 32.2
1547804722.34 31.6
1547804732.35 32.2
1547804742.36 32.7
1547804752.38 32.2
1547804762.4 32.2
1547804772.42 31.6
1547804782.44 31.6
1547804792.47 32.2
1547804802.49 32.2
1547804812.51 32.2
1547804822.53 32.2
1547804832.55 32.2
1547804842.57 32.7
1547804852.59 32.2
1547804862.6 32.2
1547804872.62 32.2
1547804882.65 32.2
1547804892.67 32.2
1547804902.68 31.1
1547804912.71 32.2
1547804922.72 32.2
1547804932.73 32.2
1547804942.75 32.2
1547804952.77 32.2
1547804962.79 32.2
1547804972.81 32.2
1547804982.83 32.2
1547804992.84 31.6
1547805002.87 31.6
1547805012.88 32.2
1547805022.9 32.2
1547805032.92 31.6
1547805042.94 32.2
1547805052.96 32.2
1547805062.98 32.7
1547805072.99 32.2
1547805083.0 32.7
1547805093.02 32.2
1547805103.04 32.2
1547805113.06 32.2
1547805123.08 32.2
1547805133.1 32.2
1547805143.12 32.2
1547805153.13 32.7
1547805163.14 32.2
1547805173.16 32.7
1547805183.18 32.7
1547805193.19 32.7
1547805203.21 32.2
1547805213.23 32.2
1547805223.25 32.2
1547805233.26 32.2
1547805243.28 32.2
1547805253.3 32.7
1547805263.31 33.2
1547805273.33 33.2
1547805283.35 32.2
1547805293.36 32.2
1547805303.39 32.2
1547805313.41 32.2
1547805323.42 32.7
1547805333.44 31.6
1547805343.47 32.2
1547805353.48 32.2
1547805363.51 32.2
1547805373.52 32.2
1547805383.54 32.2
1547805393.56 32.2
1547805403.58 32.2
1547805413.6 32.2
1547805423.61 32.7
1547805433.63 32.2
1547805443.66 32.2
1547805453.68 31.1
1547805463.7 32.2
1547805473.72 31.6
1547805483.73 32.7
1547805493.76 32.2
1547805503.78 32.2
1547805513.8 32.2
1547805523.82 32.2
1547805533.84 32.2
1547805543.86 32.2
1547805553.88 31.6
1547805563.89 32.7
1547805573.9 32.2
1547805583.92 31.6
1547805593.94 31.1
1547805603.96 32.2
