1548700008.17 52.1
1548700018.19 52.1
1548700028.21 52.1
1548700038.22 52.1
1548700048.23 51.5
1548700058.25 53.2
1548700068.26 52.1
1548700078.28 52.6
1548700088.29 52.1
1548700098.31 52.1
1548700108.32 52.6
1548700118.34 52.1
1548700128.35 52.6
1548700138.36 52.6
1548700148.38 52.1
1548700158.39 52.6
1548700168.41 51.5
1548700178.42 51.5
1548700188.43 52.6
1548700198.45 51.5
1548700208.47 52.6
1548700218.49 51.5
1548700228.5 52.1
1548700238.52 51.5
1548700248.53 51.5
1548700258.55 51.0
1548700268.57 51.5
1548700278.59 50.5
1548700288.61 51.5
1548700298.63 51.5
1548700308.64 51.0
1548700318.65 51.5
1548700328.66 51.5
1548700338.68 51.0
1548700348.69 51.5
1548700358.71 51.5
1548700368.72 51.5
1548700378.73 50.5
1548700388.74 51.5
1548700398.76 50.5
1548700408.77 51.0
1548700418.79 51.5
1548700428.81 51.0
1548700438.83 51.5
1548700448.84 51.5
1548700458.86 51.0
1548700468.88 51.5
1548700478.9 51.5
1548700488.92 51.5
1548700498.94 51.5
1548700508.97 51.0
1548700518.99 51.5
1548700529.0 51.5
1548700539.02 52.1
1548700549.03 51.5
1548700559.04 51.5
1548700569.05 51.5
1548700579.07 51.0
1548700589.08 51.5
1548700599.09 51.5
1548700609.11 51.0
1548700619.12 51.5
1548700629.14 52.1
1548700639.16 51.5
1548700649.17 51.5
1548700659.18 51.5
1548700669.19 51.5
1548700679.21 52.1
1548700689.23 51.5
1548700699.25 52.1
1548700709.27 52.1
1548700719.28 51.5
1548700729.3 51.5
1548700739.33 51.5
1548700749.35 52.6
1548700759.36 52.1
1548700769.38 52.1
1548700779.39 51.5
1548700789.41 52.1
1548700799.43 52.1
1548700809.45 51.5
1548700819.47 51.5
1548700829.49 51.5
1548700839.5 52.1
1548700849.52 51.5
1548700859.54 51.5
1548700869.55 51.5
1548700879.56 52.1
1548700889.58 51.5
1548700899.6 52.1
1548700909.62 51.5
1548700919.64 51.5
1548700929.66 51.5
1548700939.67 52.1
1548700949.69 52.1
1548700959.7 52.1
1548700969.72 51.5
1548700979.74 52.6
1548700989.75 52.1
1548700999.77 51.5
1548701009.79 52.1
1548701019.8 51.5
1548701029.83 51.5
1548701039.84 51.5
1548701049.85 51.5
1548701059.87 52.1
1548701069.88 51.5
1548701079.9 52.1
1548701089.91 52.1
1548701099.93 51.5
1548701109.94 51.5
1548701119.96 51.5
1548701129.97 51.5
1548701139.99 51.5
1548701150.01 51.5
1548701160.04 51.5
1548701170.05 51.5
1548701180.06 51.5
1548701190.08 51.0
1548701200.1 51.5
1548701210.11 51.5
1548701220.13 51.5
1548701230.15 51.5
1548701240.16 50.5
1548701250.18 51.5
1548701260.19 51.0
1548701270.21 50.5
1548701280.23 50.5
1548701290.25 50.5
1548701300.26 49.9
1548701310.28 50.5
1548701320.29 50.5
1548701330.31 49.9
1548701340.33 49.4
1548701350.35 49.9
1548701360.37 49.9
1548701370.38 49.4
1548701380.4 49.9
1548701390.42 50.5
1548701400.44 49.4
1548701410.46 49.9
1548701420.47 49.4
1548701430.49 49.4
1548701440.51 49.4
1548701450.53 49.9
1548701460.54 49.4
1548701470.56 49.4
1548701480.58 49.4
1548701490.6 49.4
1548701500.61 49.4
1548701510.63 49.4
1548701520.65 49.4
1548701530.67 49.4
1548701540.69 49.4
1548701550.71 49.4
1548701560.73 49.4
1548701570.75 49.4
1548701580.77 49.4
1548701590.78 49.4
1548701600.81 49.4
1548701610.83 49.4
1548701620.84 49.4
1548701630.85 49.4
1548701640.86 49.4
1548701650.88 49.4
1548701660.9 49.4
1548701670.92 49.4
1548701680.93 49.4
1548701690.95 49.4
1548701700.96 49.9
1548701710.98 49.9
1548701721.0 50.5
1548701731.01 50.5
1548701741.03 49.4
1548701751.05 49.4
1548701761.06 49.9
1548701771.08 50.5
1548701781.09 50.5
1548701791.11 49.4
1548701801.13 50.5
1548701811.15 50.5
1548701821.16 49.9
1548701831.17 49.4
1548701841.19 50.5
1548701851.21 50.5
1548701861.22 49.9
1548701871.24 50.5
1548701881.26 49.9
1548701891.28 50.5
1548701901.29 49.9
1548701911.31 49.9
1548701921.32 49.4
1548701931.34 49.9
1548701941.35 49.4
1548701951.37 49.9
1548701961.39 50.5
1548701971.4 49.9
1548701981.42 49.9
1548701991.44 49.4
1548702001.45 49.4
