1548600005.87 47.2
1548600015.89 47.8
1548600025.91 46.2
1548600035.93 46.7
1548600045.94 47.8
1548600055.97 46.2
1548600065.98 46.2
1548600076.0 46.7
1548600086.02 46.2
1548600096.03 46.2
1548600106.05 46.2
1548600116.07 46.2
1548600126.09 46.2
1548600136.1 46.2
1548600146.13 45.1
1548600156.14 46.2
1548600166.16 46.2
1548600176.18 46.2
1548600186.2 46.2
1548600196.22 46.2
1548600206.24 46.7
1548600216.26 46.2
1548600226.28 46.2
1548600236.3 46.2
1548600246.32 46.2
1548600256.33 46.7
1548600266.35 46.2
1548600276.36 46.2
1548600286.38 45.6
1548600296.4 45.6
1548600306.43 45.6
1548600316.45 46.2
1548600326.47 46.2
1548600336.48 45.6
1548600346.5 45.1
1548600356.52 45.1
1548600366.54 45.1
1548600376.56 45.1
1548600386.58 45.6
1548600396.6 45.1
1548600406.62 45.6
1548600416.65 45.1
1548600426.67 45.6
1548600436.68 46.2
1548600446.7 45.6
1548600456.72 45.1
1548600466.74 45.1
1548600476.76 45.1
1548600486.77 45.6
1548600496.79 45.1
1548600506.82 45.1
1548600516.84 45.1
1548600526.86 45.1
1548600536.88 45.1
1548600546.9 45.1
1548600556.92 45.1
1548600566.94 45.1
1548600576.96 45.1
1548600586.99 45.1
1548600597.0 45.6
1548600607.02 45.1
1548600617.04 45.6
1548600627.06 45.1
1548600637.08 45.1
1548600647.1 45.1
1548600657.12 45.6
1548600667.13 46.2
1548600677.15 45.1
1548600687.17 46.2
1548600697.19 45.1
1548600707.2 45.6
1548600717.22 45.1
1548600727.24 45.6
1548600737.26 45.1
1548600747.28 45.1
1548600757.3 45.1
1548600767.32 45.6
1548600777.35 45.6
1548600787.37 45.1
1548600797.39 45.1
1548600807.41 45.1
1548600817.43 45.6
1548600827.45 45.1
1548600837.47 46.2
1548600847.49 45.6
1548600857.51 45.1
1548600867.53 45.1
1548600877.54 45.1
1548600887.56 45.6
1548600897.58 45.6
1548600907.6 45.6
1548600917.62 46.2
1548600927.64 46.2
1548600937.65 45.6
1548600947.67 45.1
1548600957.69 46.2
1548600967.71 45.1
1548600977.73 45.6
1548600987.75 45.1
1548600997.77 45.6
1548601007.79 45.1
1548601017.8 46.2
1548601027.82 45.1
1548601037.84 46.2
1548601047.85 45.6
1548601057.87 45.1
1548601067.89 45.6
1548601077.91 45.6
1548601087.93 46.2
1548601097.95 45.6
1548601107.97 45.6
1548601117.98 46.2
1548601128.0 46.2
1548601138.02 45.6
1548601148.04 45.6
1548601158.05 46.2
1548601168.07 46.2
1548601178.08 46.2
1548601188.1 46.2
1548601198.11 46.2
1548601208.13 47.2
1548601218.16 47.2
1548601228.18 47.2
1548601238.19 47.2
1548601248.21 47.2
1548601258.23 46.2
1548601268.24 47.2
1548601278.26 47.2
1548601288.27 46.2
1548601298.29 47.8
1548601308.31 47.2
1548601318.32 47.2
1548601328.34 47.2
1548601338.36 47.8
1548601348.38 47.2
1548601358.4 47.2
1548601368.42 47.2
1548601378.44 47.8
1548601388.45 47.8
1548601398.47 47.8
1548601408.49 48.3
1548601418.51 47.8
1548601428.52 47.8
1548601438.54 46.2
1548601448.56 47.8
1548601458.57 47.2
1548601468.59 47.2
1548601478.61 46.7
1548601488.63 47.2
1548601498.64 47.2
1548601508.66 47.2
1548601518.68 47.2
1548601528.7 48.3
1548601538.72 47.2
1548601548.74 48.3
1548601558.76 48.3
1548601568.78 48.3
1548601578.79 47.8
1548601588.82 47.2
1548601598.83 47.2
1548601608.85 47.8
1548601618.86 47.2
1548601628.87 47.2
1548601638.89 47.8
1548601648.9 48.3
1548601658.91 48.3
1548601668.93 47.2
1548601678.95 47.8
1548601688.97 47.2
1548601698.98 47.8
1548601709.0 48.3
1548601719.02 47.2
1548601729.04 47.2
1548601739.06 47.8
1548601749.08 48.3
1548601759.09 48.3
1548601769.11 47.2
1548601779.13 48.3
1548601789.14 47.8
1548601799.16 47.8
1548601809.18 47.8
1548601819.2 47.2
1548601829.22 47.2
1548601839.24 48.3
1548601849.25 47.8
1548601859.27 47.8
1548601869.29 47.8
1548601879.31 48.3
1548601889.33 47.2
1548601899.35 47.8
1548601909.36 48.3
1548601919.38 47.2
1548601929.39 48.3
1548601939.41 48.3
1548601949.43 47.8
1548601959.45 47.2
1548601969.47 47.8
1548601979.49 47.8
1548601989.5 49.4
1548601999.52 47.8
1548602009.55 47.8
1548602019.57 47.2
1548602029.59 47.2
1548602039.61 47.2
1548602049.62 48.3
1548602059.64 47.8
1548602069.66 47.2
1548602079.68 47.2
1548602089.69 48.3
1548602099.71 47.8
1548602109.72 47.8
1548602119.74 47.8
1548602129.75 47.8
1548602139.76 47.8
1548602149.78 48.3
1548602159.79 48.3
1548602169.81 48.3
1548602179.83 48.3
1548602189.85 47.8
1548602199.87 47.2
1548602209.89 47.8
1548602219.9 47.2
1548602229.92 47.2
1548602239.94 47.2
1548602249.97 47.8
1548602259.99 47.2
1548602270.01 47.2
1548602280.03 47.2
1548602290.05 46.2
1548602300.06 47.2
1548602310.08 47.2
1548602320.1 47.2
1548602330.12 48.3
1548602340.14 47.8
1548602350.16 47.2
1548602360.18 47.8
1548602370.2 47.8
1548602380.21 48.3
1548602390.23 47.8
1548602400.25 48.3
1548602410.27 47.8
1548602420.29 48.3
1548602430.31 47.2
1548602440.33 48.3
1548602450.35 47.8
1548602460.37 47.2
1548602470.38 47.8
1548602480.4 47.8
1548602490.42 47.8
1548602500.44 48.3
1548602510.46 47.8
1548602520.47 48.3
1548602530.49 47.8
1548602540.51 47.2
1548602550.53 47.8
1548602560.54 48.3
1548602570.56 47.2
1548602580.58 47.2
1548602590.6 47.8
1548602600.62 47.8
1548602610.63 48.3
1548602620.64 48.9
1548602630.66 48.3
1548602640.68 48.9
1548602650.7 48.3
1548602660.71 48.3
1548602670.73 47.8
1548602680.75 48.3
1548602690.76 48.3
1548602700.78 48.3
1548602710.8 48.3
1548602720.82 48.3
1548602730.83 48.3
1548602740.85 48.3
1548602750.87 48.3
1548602760.88 48.3
1548602770.9 47.8
1548602780.92 47.8
1548602790.93 48.3
1548602800.95 48.9
1548602810.97 47.8
1548602820.99 47.8
1548602831.0 48.3
1548602841.02 48.3
1548602851.04 48.3
1548602861.06 48.3
1548602871.09 48.3
1548602881.1 49.4
1548602891.14 48.3
1548602901.16 47.8
1548602911.17 48.3
1548602921.19 47.8
1548602931.21 48.3
1548602941.23 48.3
1548602951.24 48.9
1548602961.26 48.9
1548602971.28 47.8
1548602981.3 47.8
1548602991.31 48.3
1548603001.33 47.2
1548603011.35 47.8
1548603021.37 48.3
1548603031.39 47.8
1548603041.41 48.3
1548603051.43 48.3
1548603061.44 48.3
1548603071.46 48.9
1548603081.48 48.3
1548603091.5 48.9
1548603101.52 48.3
1548603111.54 48.3
1548603121.56 48.3
1548603131.57 49.4
1548603141.59 48.9
1548603151.6 49.4
1548603161.62 48.9
1548603171.64 48.3
1548603181.66 48.3
1548603191.68 48.3
1548603201.7 47.8
1548603211.72 48.3
1548603221.73 48.3
1548603231.75 48.3
1548603241.77 49.4
1548603251.78 48.3
1548603261.8 47.8
1548603271.82 48.3
1548603281.84 49.4
1548603291.86 48.3
1548603301.87 48.3
1548603311.89 47.8
1548603321.91 49.4
1548603331.92 48.3
1548603341.94 48.9
1548603351.96 48.9
1548603361.98 47.8
1548603371.99 48.3
1548603382.01 49.4
1548603392.03 49.4
1548603402.05 48.3
1548603412.07 48.9
1548603422.09 48.3
1548603432.11 48.3
1548603442.12 48.9
1548603452.13 48.3
1548603462.14 48.3
1548603472.16 48.3
1548603482.18 48.3
1548603492.2 49.4
1548603502.22 48.3
1548603512.23 49.4
1548603522.25 48.9
1548603532.26 49.4
1548603542.28 48.3
1548603552.3 48.3
1548603562.31 49.4
1548603572.34 48.3
1548603582.36 49.4
1548603592.38 49.4
1548603602.4 48.3
1548603612.41 48.9
1548603622.42 49.4
1548603632.44 48.3
1548603642.45 47.8
1548603652.47 48.9
1548603662.48 49.4
1548603672.49 48.9
1548603682.51 48.9
1548603692.52 48.3
1548603702.54 47.8
1548603712.56 48.3
1548603722.58 48.3
1548603732.59 48.3
1548603742.6 48.3
1548603752.67 47.2
1548603762.69 47.8
1548603772.71 47.8
1548603782.72 47.8
1548603792.74 47.8
1548603802.76 47.2
1548603812.77 48.3
1548603822.79 46.7
1548603832.81 47.2
1548603842.83 47.2
1548603852.85 47.2
1548603862.86 47.2
1548603872.88 47.2
1548603882.9 47.2
1548603892.92 47.2
1548603902.94 47.2
1548603912.96 47.2
1548603922.98 48.3
1548603932.99 47.2
1548603943.01 47.8
1548603953.03 47.2
1548603963.05 47.2
1548603973.07 47.2
1548603983.09 47.8
1548603993.11 47.2
1548604003.13 47.8
1548604013.15 47.2
1548604023.16 47.8
1548604033.18 47.2
1548604043.2 47.2
1548604053.22 47.2
1548604063.23 47.8
1548604073.25 47.2
1548604083.26 47.8
1548604093.28 48.3
1548604103.3 47.8
1548604113.32 47.2
1548604123.33 47.2
1548604133.35 47.2
1548604143.36 47.8
1548604153.38 47.2
1548604163.4 47.2
1548604173.42 47.2
1548604183.43 47.2
1548604193.45 47.2
1548604203.47 46.7
1548604213.49 47.2
1548604223.51 46.7
1548604233.52 46.7
1548604243.55 47.2
1548604253.57 47.2
1548604263.58 47.2
1548604273.6 47.8
1548604283.62 47.2
1548604293.64 47.2
1548604303.66 47.2
1548604313.68 47.2
1548604323.7 47.8
1548604333.72 47.2
1548604343.74 47.2
1548604353.76 47.2
1548604363.79 46.7
1548604373.81 47.2
1548604383.83 47.2
1548604393.85 46.7
1548604403.87 47.2
1548604413.89 47.2
1548604423.92 47.2
1548604433.93 47.2
1548604443.95 47.8
1548604453.97 46.7
1548604463.99 47.2
1548604474.01 47.8
1548604484.03 47.8
1548604494.05 47.2
1548604504.07 48.3
1548604514.09 47.8
1548604524.11 48.3
1548604534.13 48.3
1548604544.15 47.8
1548604554.17 47.8
1548604564.19 47.8
1548604574.21 47.2
1548604584.23 47.2
1548604594.25 47.8
1548604604.27 47.8
1548604614.28 48.3
1548604624.3 47.8
1548604634.32 48.3
1548604644.34 47.2
1548604654.36 47.8
1548604664.38 47.2
1548604674.4 47.2
1548604684.42 47.2
1548604694.44 47.2
1548604704.46 48.3
1548604714.47 48.3
1548604724.49 48.3
1548604734.51 47.8
1548604744.53 47.8
1548604754.55 47.2
1548604764.57 47.8
1548604774.59 47.2
1548604784.61 48.3
1548604794.63 48.3
