1548300009.06 39.7
1548300019.07 40.8
1548300029.09 40.8
1548300039.11 40.8
1548300049.13 39.7
1548300059.15 40.8
1548300069.16 40.8
1548300079.18 40.2
1548300089.2 40.8
1548300099.23 40.2
1548300109.25 40.2
1548300119.26 40.8
1548300129.28 40.8
1548300139.29 40.8
1548300149.31 40.8
1548300159.33 40.8
1548300169.35 39.7
1548300179.37 39.7
1548300189.39 39.7
1548300199.41 40.2
1548300209.43 40.2
1548300219.45 40.8
1548300229.46 40.8
1548300239.48 40.8
1548300249.5 40.8
1548300259.52 39.7
1548300269.54 40.8
1548300279.56 40.8
1548300289.57 40.8
1548300299.59 39.7
1548300309.61 40.8
1548300319.63 40.8
1548300329.65 40.2
1548300339.66 40.8
1548300349.68 40.8
1548300359.7 41.3
1548300369.71 40.8
1548300379.73 40.8
1548300389.75 40.8
1548300399.76 41.3
1548300409.78 40.8
1548300419.8 40.2
1548300429.82 40.2
1548300439.84 39.7
1548300449.86 39.7
1548300459.88 39.7
1548300469.9 39.7
1548300479.91 40.8
1548300489.93 40.8
1548300499.95 40.8
1548300509.97 40.8
1548300519.99 40.8
1548300530.01 39.7
1548300540.03 40.8
1548300550.06 40.2
1548300560.08 39.7
1548300570.11 40.2
1548300580.13 40.8
1548300590.15 39.7
1548300600.17 40.2
1548300610.19 39.7
1548300620.21 40.8
1548300630.23 40.2
1548300640.24 40.8
1548300650.26 40.2
1548300660.28 40.8
1548300670.3 39.7
1548300680.32 39.7
1548300690.34 40.8
1548300700.36 40.8
1548300710.38 40.8
1548300720.4 40.2
1548300730.42 40.8
1548300740.44 39.7
1548300750.46 40.8
1548300760.48 40.2
1548300770.5 41.3
1548300780.51 40.8
1548300790.52 40.8
1548300800.54 41.9
1548300810.56 40.2
1548300820.58 40.8
1548300830.6 40.8
1548300840.61 41.3
1548300850.63 40.8
1548300860.65 41.3
1548300870.67 40.8
1548300880.69 40.8
1548300890.71 40.2
1548300900.73 40.2
1548300910.75 40.2
1548300920.77 40.2
1548300930.79 39.7
1548300940.81 40.8
1548300950.82 40.2
1548300960.84 40.8
1548300970.86 39.7
1548300980.87 40.8
1548300990.89 40.8
1548301000.9 41.3
1548301010.92 40.8
1548301020.94 40.2
1548301030.96 40.8
1548301040.98 39.7
1548301051.0 39.7
1548301061.02 40.2
1548301071.04 39.7
1548301081.05 40.8
1548301091.06 40.8
1548301101.08 40.8
1548301111.1 41.3
1548301121.12 40.8
1548301131.13 40.8
1548301141.15 39.7
1548301151.17 40.2
1548301161.19 40.8
1548301171.21 40.8
1548301181.23 40.8
1548301191.25 40.8
1548301201.27 40.8
1548301211.29 40.8
1548301221.3 39.7
1548301231.32 40.2
1548301241.34 40.2
1548301251.36 40.2
1548301261.38 40.8
1548301271.39 39.7
1548301281.41 40.8
1548301291.43 40.8
1548301301.45 40.8
1548301311.47 40.2
1548301321.48 40.8
1548301331.49 40.8
1548301341.51 39.7
1548301351.53 40.2
1548301361.54 40.8
1548301371.56 41.3
1548301381.58 40.8
1548301391.6 40.8
1548301401.62 40.8
1548301411.64 40.8
1548301421.66 40.8
1548301431.68 40.2
1548301441.7 40.8
1548301451.72 40.8
1548301461.74 40.8
1548301471.76 40.8
1548301481.78 40.2
1548301491.79 40.8
1548301501.81 40.8
1548301511.82 40.8
1548301521.83 40.8
1548301531.85 40.8
1548301541.86 40.8
1548301551.88 40.8
1548301561.89 40.2
1548301571.91 40.8
1548301581.93 40.8
1548301591.95 41.3
1548301601.97 40.8
1548301611.98 41.9
1548301621.99 41.3
1548301632.01 40.8
1548301642.02 41.3
1548301652.04 40.8
1548301662.05 41.3
1548301672.07 41.3
1548301682.08 41.9
1548301692.09 41.3
1548301702.1 41.9
1548301712.12 40.8
1548301722.14 40.8
1548301732.16 41.3
1548301742.18 41.3
1548301752.19 41.9
1548301762.21 41.3
1548301772.23 40.8
1548301782.24 41.3
1548301792.26 40.8
1548301802.28 41.3
1548301812.29 40.8
1548301822.31 41.3
1548301832.33 41.9
1548301842.35 41.9
1548301852.36 42.4
1548301862.37 41.9
1548301872.38 41.3
1548301882.41 41.9
1548301892.42 41.9
1548301902.43 41.9
1548301912.44 41.3
1548301922.46 41.3
1548301932.48 40.8
1548301942.5 41.9
1548301952.51 41.9
1548301962.53 41.3
1548301972.55 41.9
1548301982.56 42.4
1548301992.58 41.3
1548302002.59 42.9
1548302012.61 41.9
1548302022.62 41.9
1548302032.64 41.9
1548302042.65 41.3
1548302052.67 40.8
1548302062.69 41.9
1548302072.7 41.9
1548302082.72 41.3
1548302092.73 42.4
1548302102.74 41.9
1548302112.76 41.9
1548302122.77 41.9
1548302132.79 41.3
1548302142.81 41.3
1548302152.83 41.9
1548302162.85 40.8
1548302172.87 40.8
1548302182.88 41.9
1548302192.9 41.3
1548302202.92 40.8
1548302212.94 41.9
1548302222.95 41.9
1548302232.97 41.9
1548302242.99 41.3
1548302253.01 41.3
1548302263.03 42.4
1548302273.05 40.8
1548302283.06 41.3
1548302293.08 42.4
1548302303.1 41.9
1548302313.12 42.4
1548302323.14 41.9
1548302333.16 41.9
1548302343.18 41.9
1548302353.19 41.9
1548302363.21 41.3
1548302373.23 41.9
1548302383.25 41.9
1548302393.26 41.3
1548302403.28 41.9
