1548900001.04 25.7
1548900011.05 27.3
1548900021.07 25.7
1548900031.09 26.8
1548900041.11 25.7
1548900051.13 25.7
1548900061.15 26.3
1548900071.17 26.3
1548900081.19 26.8
1548900091.21 26.8
1548900101.23 26.8
1548900111.25 25.7
1548900121.27 25.7
1548900131.29 26.8
1548900141.31 26.3
1548900151.33 26.8
1548900161.35 26.8
1548900171.37 26.8
1548900181.4 26.8
1548900191.42 26.8
1548900201.43 26.8
1548900211.45 27.3
1548900221.47 26.8
1548900231.48 26.8
1548900241.5 26.8
1548900251.52 25.7
1548900261.53 26.3
1548900271.55 26.3
1548900281.56 26.3
1548900291.58 26.3
1548900301.6 25.7
1548900311.62 25.7
1548900321.64 26.8
1548900331.66 25.7
1548900341.68 26.8
1548900351.7 25.7
1548900361.72 25.7
1548900371.74 25.7
1548900381.76 26.8
1548900391.78 26.3
1548900401.81 25.7
1548900411.83 26.3
1548900421.85 25.7
1548900431.87 26.3
1548900441.88 26.8
1548900451.9 25.7
1548900461.92 25.7
1548900471.94 25.7
1548900481.96 25.7
1548900491.98 25.2
1548900502.0 25.7
1548900512.02 26.8
1548900522.04 25.7
1548900532.05 26.8
1548900542.08 26.3
1548900552.09 26.3
1548900562.11 25.7
1548900572.12 25.7
1548900582.13 26.3
1548900592.15 25.7
1548900602.16 26.3
1548900612.17 26.3
1548900622.19 25.7
1548900632.2 26.8
1548900642.22 26.3
1548900652.24 26.8
1548900662.25 26.8
1548900672.26 26.8
1548900682.28 25.7
1548900692.3 25.7
1548900702.32 25.7
1548900712.33 26.3
1548900722.34 26.3
1548900732.36 25.7
1548900742.38 25.2
1548900752.4 25.7
1548900762.42 25.7
1548900772.43 25.7
1548900782.45 25.7
1548900792.47 25.7
1548900802.49 25.7
1548900812.51 25.7
1548900822.53 25.7
1548900832.54 25.2
1548900842.57 25.7
1548900852.58 25.7
1548900862.6 24.6
1548900872.62 25.7
1548900882.64 25.7
1548900892.65 26.8
1548900902.67 26.3
1548900912.69 25.7
1548900922.7 25.2
1548900932.72 25.7
1548900942.73 25.7
1548900952.75 25.7
1548900962.77 24.6
1548900972.79 25.2
1548900982.81 24.6
1548900992.82 25.2
1548901002.84 24.6
1548901012.85 24.6
1548901022.88 24.6
1548901032.89 24.6
1548901042.9 25.2
1548901052.91 24.6
1548901062.93 24.6
1548901072.95 24.6
1548901082.96 25.7
1548901092.98 24.6
1548901103.0 24.6
1548901113.01 25.7
1548901123.03 25.7
1548901133.04 25.2
1548901143.06 24.6
1548901153.07 24.6
1548901163.09 25.2
1548901173.11 24.6
1548901183.12 24.6
1548901193.14 24.6
1548901203.16 24.6
1548901213.18 24.6
1548901223.2 24.6
1548901233.22 25.2
1548901243.24 24.1
1548901253.26 24.6
1548901263.28 24.6
1548901273.3 24.6
1548901283.32 24.1
1548901293.34 24.6
1548901303.35 24.6
1548901313.37 24.6
1548901323.39 24.1
1548901333.41 24.6
1548901343.43 24.6
1548901353.45 24.6
1548901363.47 24.1
1548901373.49 24.1
1548901383.51 24.1
1548901393.53 24.6
1548901403.55 25.2
1548901413.57 25.2
1548901423.58 24.6
1548901433.6 24.1
1548901443.62 24.1
1548901453.64 24.6
1548901463.65 24.6
1548901473.68 24.6
1548901483.69 24.6
1548901493.71 25.2
1548901503.73 24.6
1548901513.75 24.6
1548901523.78 25.2
1548901533.8 25.2
1548901543.82 24.6
1548901553.84 24.6
1548901563.86 24.6
1548901573.88 24.6
1548901583.91 23.6
1548901593.93 24.6
1548901603.96 24.6
1548901613.98 24.6
1548901624.0 24.1
1548901634.02 24.1
1548901644.04 24.1
1548901654.06 24.6
1548901664.08 24.6
1548901674.09 24.6
1548901684.11 24.6
1548901694.13 24.6
1548901704.15 24.1
1548901714.16 24.6
1548901724.18 24.6
1548901734.2 24.1
1548901744.22 24.6
1548901754.24 23.6
1548901764.26 24.6
1548901774.29 24.6
1548901784.31 24.1
1548901794.32 24.6
1548901804.34 23.6
1548901814.36 23.6
1548901824.38 25.2
1548901834.39 23.6
1548901844.41 23.6
1548901854.43 24.6
1548901864.45 24.6
1548901874.46 24.6
1548901884.48 24.6
1548901894.5 24.1
1548901904.52 24.6
1548901914.54 24.6
1548901924.56 24.6
1548901934.58 24.6
1548901944.6 24.1
1548901954.62 23.6
1548901964.64 24.6
1548901974.66 24.1
1548901984.68 23.6
1548901994.7 23.6
1548902004.72 24.6
1548902014.74 23.6
1548902024.76 24.1
1548902034.78 24.1
1548902044.79 23.6
1548902054.81 23.6
1548902064.83 23.6
1548902074.85 23.6
1548902084.87 23.6
1548902094.89 24.1
1548902104.91 23.6
1548902114.93 23.6
1548902124.95 23.6
1548902134.97 23.6
1548902144.99 23.6
1548902155.0 24.1
1548902165.03 23.6
1548902175.05 23.6
1548902185.07 23.6
1548902195.09 23.6
1548902205.11 23.6
1548902215.13 23.0
1548902225.15 23.0
1548902235.17 22.5
1548902245.19 23.6
1548902255.21 23.6
1548902265.23 23.6
1548902275.25 23.6
1548902285.27 24.1
1548902295.28 23.6
1548902305.3 23.0
1548902315.32 24.6
1548902325.33 24.6
1548902335.34 24.1
1548902345.36 23.0
1548902355.38 22.5
1548902365.4 23.6
1548902375.41 23.6
1548902385.43 24.1
1548902395.44 24.1
1548902405.45 23.6
1548902415.47 24.6
1548902425.49 24.1
1548902435.51 23.6
1548902445.52 24.6
1548902455.54 24.6
1548902465.55 23.6
1548902475.57 23.6
1548902485.59 24.6
1548902495.6 24.6
1548902505.62 24.6
1548902515.63 24.1
1548902525.65 24.1
1548902535.67 24.6
1548902545.68 24.6
1548902555.7 24.1
1548902565.72 24.6
1548902575.73 24.6
1548902585.75 24.6
1548902595.77 24.6
1548902605.78 24.6
1548902615.8 23.6
1548902625.82 24.1
1548902635.85 24.6
1548902645.87 23.6
1548902655.89 23.6
1548902665.9 24.1
1548902675.92 23.6
1548902685.94 24.1
1548902695.96 23.6
1548902705.98 23.6
1548902716.0 24.1
1548902726.02 23.6
1548902736.04 23.6
1548902746.05 24.6
1548902756.07 23.6
1548902766.09 24.1
1548902776.11 23.6
1548902786.13 24.1
1548902796.15 23.6
1548902806.17 23.6
1548902816.19 23.0
1548902826.21 23.6
1548902836.23 24.1
1548902846.25 23.6
1548902856.27 23.6
1548902866.29 23.6
1548902876.3 24.6
1548902886.32 23.6
1548902896.34 23.6
1548902906.37 23.6
1548902916.38 23.6
1548902926.4 23.6
1548902936.42 23.6
1548902946.44 24.6
1548902956.46 23.6
1548902966.47 23.6
1548902976.5 24.1
1548902986.51 23.6
1548902996.53 23.6
1548903006.55 23.6
1548903016.56 23.6
1548903026.58 23.6
1548903036.6 23.6
1548903046.62 23.6
1548903056.63 23.6
1548903066.65 23.6
1548903076.68 22.5
1548903086.7 23.6
1548903096.72 23.6
1548903106.73 23.6
1548903116.75 23.6
1548903126.76 23.6
1548903136.79 23.6
1548903146.8 23.6
1548903156.82 23.0
1548903166.84 23.0
1548903176.85 23.6
1548903186.87 24.6
1548903196.89 23.6
1548903206.9 23.6
1548903216.93 23.6
1548903226.95 23.6
1548903236.96 23.6
1548903246.98 23.6
1548903257.0 23.6
1548903267.02 24.1
1548903277.03 23.6
1548903287.05 24.1
1548903297.07 23.6
1548903307.08 24.1
1548903317.1 23.6
1548903327.12 23.6
1548903337.14 23.6
1548903347.16 22.5
1548903357.18 23.6
1548903367.19 23.6
1548903377.21 23.6
1548903387.23 23.6
1548903397.25 23.6
1548903407.27 23.6
1548903417.28 23.0
1548903427.31 23.0
1548903437.33 23.0
1548903447.35 23.0
1548903457.38 23.0
1548903467.4 23.0
1548903477.42 23.0
1548903487.44 22.5
1548903497.46 23.6
1548903507.49 23.0
1548903517.51 23.6
1548903527.53 22.5
1548903537.55 23.6
1548903547.57 22.5
1548903557.59 23.6
1548903567.61 23.6
1548903577.64 23.6
1548903587.66 23.0
1548903597.67 24.1
1548903607.76 22.5
1548903617.77 23.6
1548903627.78 22.5
1548903637.8 23.0
1548903647.81 23.6
1548903657.83 22.5
1548903667.85 23.6
1548903677.86 22.5
1548903687.88 23.0
1548903697.89 23.6
1548903707.91 23.6
1548903717.92 23.6
1548903727.94 23.0
1548903737.96 22.5
1548903747.97 23.6
1548903757.98 22.5
1548903768.0 23.6
1548903778.02 22.5
1548903788.04 22.5
1548903798.06 23.0
1548903808.08 23.6
1548903818.1 22.5
1548903828.12 22.5
1548903838.13 23.6
1548903848.15 23.0
1548903858.16 22.5
1548903868.18 23.6
1548903878.2 23.6
1548903888.21 23.0
1548903898.23 23.6
1548903908.25 22.5
1548903918.27 22.5
1548903928.29 23.6
1548903938.31 23.0
1548903948.33 23.0
1548903958.34 23.6
1548903968.36 23.6
1548903978.37 22.5
1548903988.39 22.5
1548903998.4 23.6
1548904008.41 23.6
1548904018.43 23.6
1548904028.44 23.6
1548904038.46 24.1
1548904048.47 23.6
1548904058.49 23.6
1548904068.5 24.1
1548904078.52 23.6
1548904088.54 24.1
1548904098.56 23.6
1548904108.57 23.6
1548904118.59 23.6
1548904128.61 24.1
1548904138.63 22.5
1548904148.65 23.0
1548904158.67 23.6
1548904168.68 24.6
1548904178.7 23.6
1548904188.73 23.6
1548904198.74 23.6
1548904208.76 23.6
1548904218.78 23.6
1548904228.8 23.6
1548904238.82 23.6
1548904248.84 23.6
1548904258.85 23.6
1548904268.88 23.6
1548904278.9 23.6
1548904288.91 23.6
1548904298.93 23.6
1548904308.95 24.1
1548904318.97 23.0
1548904328.99 23.6
1548904339.01 23.0
1548904349.02 23.6
1548904359.04 23.6
1548904369.07 23.6
1548904379.08 24.1
1548904389.1 23.6
1548904399.12 23.0
1548904409.13 23.6
1548904419.15 23.6
1548904429.16 23.6
1548904439.17 23.6
1548904449.19 23.6
1548904459.21 23.0
1548904469.23 22.5
1548904479.25 22.5
1548904489.27 23.0
1548904499.28 23.0
1548904509.3 22.5
1548904519.32 22.5
1548904529.34 22.5
1548904539.35 23.6
1548904549.37 22.5
1548904559.38 23.0
1548904569.4 22.5
1548904579.42 22.5
1548904589.44 22.5
1548904599.46 22.5
1548904609.47 22.5
1548904619.48 23.6
1548904629.5 22.5
1548904639.52 22.5
1548904649.55 21.4
1548904659.57 22.5
1548904669.59 22.5
1548904679.61 22.0
1548904689.63 22.5
1548904699.64 23.0
1548904709.66 22.5
1548904719.68 22.5
1548904729.7 22.5
1548904739.72 22.5
1548904749.74 23.6
1548904759.75 23.6
1548904769.77 23.6
1548904779.79 22.5
1548904789.81 22.5
1548904799.83 22.5
1548904809.85 22.5
1548904819.87 22.0
1548904829.88 22.5
1548904839.9 23.0
1548904849.92 22.5
1548904859.94 23.0
1548904869.95 22.5
1548904879.97 22.5
1548904889.99 22.5
1548904900.01 22.5
1548904910.03 22.0
1548904920.05 22.5
1548904930.08 22.5
1548904940.09 23.0
1548904950.11 22.5
1548904960.13 22.5
1548904970.15 22.5
1548904980.17 22.5
1548904990.19 22.5
1548905000.21 22.5
1548905010.23 23.0
1548905020.26 22.5
1548905030.28 23.0
1548905040.29 22.0
1548905050.31 22.0
1548905060.33 23.0
1548905070.35 22.5
1548905080.37 23.0
1548905090.39 22.5
1548905100.41 22.5
1548905110.43 22.5
1548905120.45 22.5
1548905130.47 22.5
1548905140.48 22.5
1548905150.5 22.5
1548905160.52 22.5
1548905170.54 22.0
1548905180.56 22.5
1548905190.58 23.6
1548905200.6 22.5
1548905210.62 22.5
1548905220.63 23.0
1548905230.65 22.5
1548905240.67 23.6
1548905250.68 23.0
1548905260.7 22.5
1548905270.72 23.6
1548905280.74 22.5
1548905290.76 22.5
1548905300.78 22.5
1548905310.8 22.5
1548905320.82 22.0
1548905330.84 22.5
1548905340.86 22.0
1548905350.88 22.0
1548905360.9 22.5
1548905370.92 22.5
1548905380.93 22.5
1548905390.95 22.5
1548905400.97 22.0
1548905410.99 21.4
1548905421.01 22.0
1548905431.03 22.5
1548905441.04 22.0
1548905451.07 22.0
1548905461.08 21.4
1548905471.11 22.0
1548905481.12 23.0
1548905491.15 21.4
1548905501.17 22.5
1548905511.18 22.5
1548905521.2 22.5
1548905531.22 22.5
1548905541.24 22.0
1548905551.26 22.0
1548905561.29 22.5
1548905571.31 22.5
1548905581.33 22.0
1548905591.35 22.0
1548905601.37 22.0
1548905611.39 22.5
1548905621.4 22.5
1548905631.41 22.5
1548905641.43 22.5
1548905651.45 22.0
1548905661.46 22.5
1548905671.48 22.5
1548905681.5 22.5
1548905691.52 21.4
1548905701.54 22.0
1548905711.55 22.5
1548905721.57 21.4
1548905731.59 22.5
1548905741.61 22.0
1548905751.62 22.0
1548905761.64 22.0
1548905771.66 22.5
1548905781.67 21.4
1548905791.69 22.5
1548905801.71 22.5
1548905811.73 22.0
1548905821.75 22.5
1548905831.77 22.5
1548905841.78 23.0
1548905851.8 22.5
1548905861.82 22.0
1548905871.84 21.4
1548905881.86 22.0
1548905891.87 22.0
1548905901.89 22.5
1548905911.91 22.5
1548905921.92 21.4
1548905931.94 22.0
1548905941.96 22.5
1548905951.98 22.0
1548905962.0 22.0
1548905972.02 22.5
1548905982.04 21.4
1548905992.06 22.0
1548906002.08 22.0
1548906012.1 22.5
1548906022.11 22.5
1548906032.13 22.0
1548906042.15 22.0
1548906052.17 21.4
1548906062.19 21.4
1548906072.21 22.0
1548906082.23 22.0
1548906092.25 22.0
1548906102.27 22.0
1548906112.29 22.0
1548906122.31 21.4
1548906132.33 22.0
1548906142.36 22.0
1548906152.38 21.4
1548906162.4 22.5
1548906172.42 22.5
1548906182.44 22.5
1548906192.46 22.0
1548906202.47 22.0
1548906212.49 22.0
1548906222.51 22.0
1548906232.54 22.5
1548906242.56 21.4
1548906252.58 21.4
1548906262.6 22.0
1548906272.61 22.0
1548906282.62 22.5
1548906292.63 22.0
1548906302.65 22.5
1548906312.67 22.5
1548906322.68 22.5
1548906332.7 22.0
1548906342.72 22.5
1548906352.74 22.0
1548906362.76 21.4
1548906372.78 22.0
1548906382.79 22.5
1548906392.81 22.5
1548906402.83 22.5
1548906412.85 22.5
1548906422.87 23.0
1548906432.88 22.5
1548906442.9 22.5
1548906452.92 23.0
1548906462.94 22.5
1548906472.96 22.5
1548906482.98 23.6
1548906493.0 22.0
1548906503.02 22.5
1548906513.04 22.5
1548906523.05 22.5
1548906533.07 22.5
1548906543.08 23.6
1548906553.1 22.5
1548906563.12 22.5
1548906573.14 22.0
1548906583.15 23.0
1548906593.17 22.5
1548906603.19 22.5
1548906613.21 22.5
1548906623.23 22.0
1548906633.25 22.5
1548906643.27 22.0
1548906653.28 22.0
1548906663.31 22.5
1548906673.33 22.5
1548906683.35 22.0
1548906693.36 22.0
1548906703.38 22.5
1548906713.4 22.5
1548906723.41 23.6
1548906733.43 23.6
1548906743.45 23.0
1548906753.46 22.5
1548906763.48 22.5
1548906773.51 22.5
1548906783.53 22.5
1548906793.55 22.5
1548906803.57 23.6
1548906813.59 22.5
1548906823.61 22.5
1548906833.63 22.5
1548906843.65 22.5
1548906853.67 22.5
1548906863.69 22.5
1548906873.71 22.0
1548906883.73 22.0
1548906893.74 22.0
1548906903.76 22.0
1548906913.78 22.5
1548906923.8 22.0
1548906933.82 21.4
1548906943.84 22.0
1548906953.85 21.4
1548906963.87 21.4
1548906973.89 22.5
1548906983.91 21.4
1548906993.93 22.0
1548907003.95 22.5
1548907013.96 22.0
1548907023.98 22.0
1548907034.0 21.4
1548907044.02 21.4
1548907054.04 22.5
1548907064.06 22.5
1548907074.07 22.0
1548907084.09 22.0
1548907094.11 22.5
1548907104.12 21.4
1548907114.14 22.5
1548907124.16 22.0
1548907134.17 22.5
1548907144.2 22.0
1548907154.22 22.0
1548907164.23 22.5
1548907174.25 22.0
1548907184.27 22.5
1548907194.29 22.0
1548907204.31 22.5
1548907214.33 22.5
1548907224.35 22.0
1548907234.36 22.0
1548907244.38 22.0
1548907254.4 22.0
1548907264.42 22.5
1548907274.43 22.0
1548907284.45 22.0
1548907294.47 22.5
1548907304.49 22.0
1548907314.5 22.0
1548907324.52 22.5
1548907334.54 23.0
1548907344.56 22.5
1548907354.57 23.0
1548907364.58 22.5
1548907374.6 22.5
1548907384.62 23.0
1548907394.64 22.0
1548907404.66 22.5
1548907414.68 22.0
1548907424.7 22.5
1548907434.72 22.5
1548907444.74 22.5
1548907454.75 23.0
1548907464.77 22.5
1548907474.8 22.5
1548907484.81 22.5
1548907494.83 22.0
1548907504.85 22.0
1548907514.87 22.5
1548907524.88 22.5
1548907534.89 22.0
1548907544.91 22.5
1548907554.93 22.5
1548907564.95 21.4
1548907574.97 22.0
1548907584.98 21.4
1548907595.0 22.5
1548907605.01 22.5
1548907615.02 22.5
1548907625.04 22.0
1548907635.05 22.5
1548907645.07 22.5
1548907655.09 22.5
1548907665.11 22.0
1548907675.13 22.0
1548907685.15 22.5
1548907695.16 22.5
1548907705.17 22.5
1548907715.19 22.5
1548907725.21 22.5
1548907735.23 22.0
1548907745.25 22.0
1548907755.26 22.0
1548907765.28 22.5
1548907775.3 22.0
1548907785.32 22.5
1548907795.34 22.5
1548907805.36 22.0
1548907815.37 21.4
1548907825.39 22.0
1548907835.4 21.4
1548907845.42 22.0
1548907855.44 22.0
1548907865.46 21.4
1548907875.48 21.4
1548907885.49 21.4
1548907895.51 21.4
1548907905.53 22.5
1548907915.54 22.0
1548907925.55 22.0
1548907935.57 21.4
1548907945.59 22.0
1548907955.6 22.0
1548907965.62 21.4
1548907975.63 22.0
1548907985.65 22.5
1548907995.66 21.4
1548908005.68 22.0
1548908015.7 21.4
1548908025.71 21.4
1548908035.73 21.4
1548908045.74 22.5
1548908055.76 21.4
1548908065.77 22.5
1548908075.79 22.5
1548908085.8 21.4
1548908095.81 21.4
1548908105.84 21.4
1548908115.85 22.5
1548908125.87 22.0
1548908135.88 21.4
1548908145.89 21.4
1548908155.91 21.4
1548908165.93 22.0
1548908175.94 21.4
1548908185.96 22.0
1548908195.97 21.4
1548908205.99 22.0
1548908216.01 21.4
1548908226.03 22.0
1548908236.04 22.0
1548908246.05 23.0
1548908256.07 22.0
1548908266.09 22.0
1548908276.1 21.4
1548908286.14 21.4
1548908296.15 22.0
1548908306.17 21.4
1548908316.19 22.0
1548908326.2 21.4
1548908336.22 22.5
1548908346.23 21.4
1548908356.25 22.0
1548908366.26 23.0
1548908376.28 22.5
1548908386.29 23.0
1548908396.31 22.5
1548908406.33 22.5
1548908416.34 22.5
1548908426.35 22.5
1548908436.37 22.0
1548908446.39 22.5
1548908456.41 22.5
1548908466.43 22.5
1548908476.44 22.5
1548908486.46 22.5
1548908496.48 21.4
1548908506.5 21.4
1548908516.51 21.4
1548908526.53 22.5
1548908536.55 22.0
1548908546.57 22.0
1548908556.59 22.5
1548908566.61 22.0
1548908576.63 22.5
1548908586.64 23.6
1548908596.66 22.0
1548908606.68 21.4
1548908616.7 21.4
1548908626.72 21.4
1548908636.74 21.4
1548908646.76 22.5
1548908656.78 21.4
1548908666.8 22.5
1548908676.82 21.4
1548908686.84 21.4
1548908696.86 21.4
1548908706.87 21.4
1548908716.89 22.0
1548908726.91 21.4
1548908736.93 21.4
1548908746.95 21.4
1548908756.97 21.4
1548908766.99 21.4
1548908777.0 22.0
1548908787.02 21.4
1548908797.04 21.4
1548908807.06 21.4
1548908817.08 21.4
1548908827.1 21.4
1548908837.12 21.4
1548908847.14 21.4
1548908857.17 21.4
1548908867.19 21.4
1548908877.2 20.9
1548908887.23 21.4
1548908897.25 21.4
1548908907.28 20.9
1548908917.3 21.4
1548908927.32 21.4
1548908937.34 21.4
1548908947.35 20.9
1548908957.37 21.4
1548908967.39 21.4
1548908977.41 21.4
1548908987.43 20.3
1548908997.45 21.4
1548909007.47 20.3
1548909017.49 21.4
1548909027.51 20.9
1548909037.53 21.4
1548909047.55 21.4
1548909057.57 21.4
1548909067.59 21.4
1548909077.62 21.4
1548909087.64 21.4
1548909097.66 21.4
1548909107.67 20.9
1548909117.69 21.4
1548909127.7 21.4
1548909137.71 22.0
1548909147.73 21.4
1548909157.75 21.4
1548909167.76 20.3
1548909177.78 21.4
1548909187.8 21.4
1548909197.82 20.3
1548909207.84 20.9
1548909217.86 20.9
1548909227.87 21.4
1548909237.89 21.4
1548909247.91 21.4
1548909257.93 20.9
1548909267.95 21.4
1548909277.97 20.9
1548909287.99 20.9
1548909298.01 21.4
1548909308.03 20.9
1548909318.05 21.4
1548909328.07 20.3
1548909338.08 21.4
1548909348.1 21.4
1548909358.12 20.9
1548909368.14 21.4
1548909378.16 20.9
1548909388.18 21.4
1548909398.2 21.4
1548909408.22 21.4
1548909418.23 21.4
1548909428.25 21.4
1548909438.26 22.0
1548909448.28 22.0
1548909458.3 21.4
1548909468.32 22.0
1548909478.34 22.0
1548909488.36 20.9
1548909498.38 21.4
1548909508.39 21.4
1548909518.41 21.4
1548909528.43 21.4
1548909538.45 21.4
1548909548.47 21.4
1548909558.49 21.4
1548909568.51 21.4
1548909578.53 22.0
1548909588.55 22.0
1548909598.56 21.4
1548909608.57 21.4
1548909618.59 21.4
1548909628.61 21.4
1548909638.63 21.4
1548909648.64 22.0
1548909658.66 22.0
1548909668.68 21.4
1548909678.69 21.4
1548909688.71 22.0
1548909698.73 22.0
1548909708.75 22.0
1548909718.77 21.4
1548909728.78 22.0
1548909738.8 21.4
1548909748.82 22.0
1548909758.84 22.0
1548909768.85 22.5
1548909778.86 22.0
1548909788.88 21.4
1548909798.9 21.4
1548909808.92 21.4
1548909818.93 22.0
1548909828.94 21.4
1548909838.96 20.9
1548909848.98 22.0
1548909859.0 21.4
1548909869.02 21.4
1548909879.04 22.0
1548909889.05 22.0
1548909899.07 21.4
1548909909.09 21.4
1548909919.11 22.0
1548909929.13 21.4
1548909939.15 21.4
1548909949.17 21.4
1548909959.19 22.0
1548909969.21 21.4
1548909979.22 20.3
1548909989.24 21.4
1548909999.26 20.9
1548910009.28 20.3
1548910019.3 21.4
1548910029.32 20.3
1548910039.34 20.9
1548910049.36 20.9
1548910059.38 20.3
1548910069.4 21.4
1548910079.42 20.3
1548910089.44 21.4
1548910099.46 21.4
1548910109.48 20.3
1548910119.51 20.3
1548910129.52 21.4
1548910139.54 20.3
1548910149.56 21.4
1548910159.58 21.4
1548910169.6 20.9
1548910179.62 20.9
1548910189.64 20.9
1548910199.66 20.9
1548910209.68 20.3
1548910219.69 21.4
1548910229.71 21.4
1548910239.73 21.4
1548910249.75 20.3
1548910259.77 20.3
1548910269.79 20.3
1548910279.81 21.4
1548910289.83 20.3
1548910299.85 20.3
1548910309.87 20.3
1548910319.89 20.3
1548910329.91 21.4
1548910339.93 21.4
1548910349.95 20.3
1548910359.97 20.3
1548910369.99 20.9
1548910380.01 20.9
1548910390.02 21.4
1548910400.05 21.4
1548910410.06 21.4
1548910420.08 20.3
1548910430.1 20.3
1548910440.12 20.9
1548910450.14 20.3
1548910460.16 20.3
1548910470.18 20.3
1548910480.2 20.3
1548910490.22 20.9
1548910500.24 21.4
1548910510.26 21.4
1548910520.28 20.3
1548910530.3 21.4
1548910540.32 20.3
1548910550.34 20.3
1548910560.36 20.9
1548910570.38 21.4
1548910580.4 20.9
1548910590.42 21.4
1548910600.43 21.4
1548910610.45 20.9
1548910620.47 20.3
1548910630.49 21.4
1548910640.51 20.9
1548910650.53 21.4
1548910660.55 20.9
1548910670.57 21.4
1548910680.59 21.4
1548910690.61 22.0
1548910700.63 21.4
1548910710.65 21.4
1548910720.67 20.3
1548910730.69 20.9
1548910740.71 20.9
1548910750.73 20.3
1548910760.75 20.9
1548910770.77 21.4
1548910780.79 20.3
1548910790.81 20.3
1548910800.83 20.9
