1548400006.84 33.2
1548400016.86 33.2
1548400026.87 33.8
1548400036.89 33.2
1548400046.91 33.2
1548400056.93 33.2
1548400066.95 32.7
1548400076.97 32.7
1548400086.99 32.7
1548400097.01 33.2
1548400107.03 32.7
1548400117.06 32.7
1548400127.07 33.2
1548400137.09 32.7
1548400147.11 33.2
1548400157.13 33.2
1548400167.15 32.2
1548400177.17 32.2
1548400187.19 32.7
1548400197.21 32.7
1548400207.23 32.7
1548400217.26 32.7
1548400227.27 33.2
1548400237.29 32.7
1548400247.31 32.7
1548400257.33 33.8
1548400267.35 32.2
1548400277.37 33.2
1548400287.39 33.2
1548400297.41 33.2
1548400307.43 32.7
1548400317.46 33.2
1548400327.48 32.7
1548400337.5 32.2
1548400347.51 33.2
1548400357.53 33.8
1548400367.55 33.2
1548400377.57 33.2
1548400387.59 32.7
1548400397.6 32.7
1548400407.62 33.2
1548400417.64 32.7
1548400427.67 33.2
1548400437.69 32.2
1548400447.71 32.7
1548400457.72 32.7
1548400467.74 32.7
1548400477.77 32.7
1548400487.79 33.2
1548400497.81 32.7
1548400507.83 32.7
1548400517.85 32.2
1548400527.88 32.2
1548400537.9 32.7
1548400547.92 32.7
1548400557.94 32.2
1548400567.96 32.2
1548400577.98 33.2
1548400588.0 32.7
1548400598.04 32.7
1548400608.06 33.2
1548400618.08 32.7
1548400628.1 33.2
1548400638.12 33.2
1548400648.14 32.7
1548400658.16 32.7
1548400668.18 32.7
1548400678.2 33.2
1548400688.22 32.2
1548400698.24 32.7
1548400708.27 33.2
1548400718.29 32.7
1548400728.31 33.2
1548400738.33 32.7
1548400748.35 33.8
1548400758.37 33.2
1548400768.39 33.2
1548400778.41 33.2
1548400788.43 32.7
1548400798.46 32.7
1548400808.48 33.8
1548400818.51 33.2
1548400828.53 33.2
1548400838.54 33.8
1548400848.56 33.2
1548400858.58 33.2
1548400868.6 32.7
1548400878.62 33.2
1548400888.63 33.2
1548400898.65 33.2
1548400908.67 33.2
1548400918.68 33.2
1548400928.7 33.2
1548400938.72 33.2
1548400948.74 33.2
1548400958.75 33.2
1548400968.77 33.2
1548400978.79 33.2
1548400988.8 32.7
1548400998.82 33.2
1548401008.84 32.7
1548401018.85 32.2
1548401028.87 32.7
1548401038.89 33.2
1548401048.9 33.2
1548401058.92 32.7
1548401068.94 33.2
1548401078.96 32.7
1548401088.98 33.2
1548401098.99 32.7
1548401109.01 33.2
1548401119.03 32.7
1548401129.05 32.2
1548401139.06 33.8
1548401149.07 33.2
1548401159.09 33.2
1548401169.11 33.2
1548401179.12 32.7
1548401189.14 33.2
1548401199.16 33.2
1548401209.18 32.7
1548401219.19 33.2
1548401229.21 32.7
1548401239.22 32.2
1548401249.24 32.7
1548401259.26 33.2
1548401269.28 33.2
1548401279.29 33.2
1548401289.31 33.2
1548401299.33 33.2
1548401309.35 32.7
1548401319.36 32.7
1548401329.38 33.2
1548401339.39 32.7
1548401349.41 32.7
1548401359.43 33.2
1548401369.45 33.2
1548401379.47 32.2
1548401389.49 32.2
1548401399.5 32.2
1548401409.52 33.2
1548401419.54 33.2
1548401429.55 32.7
1548401439.57 32.2
1548401449.58 33.2
1548401459.6 32.7
1548401469.61 34.3
1548401479.63 32.7
1548401489.65 33.2
1548401499.67 33.2
1548401509.68 32.7
1548401519.7 32.7
1548401529.72 32.2
1548401539.75 32.7
1548401549.76 32.2
1548401559.78 32.7
1548401569.8 32.7
1548401579.82 32.7
1548401589.83 32.7
1548401599.85 32.7
1548401609.87 32.7
1548401619.88 32.7
1548401629.9 32.7
1548401639.92 33.2
1548401649.94 32.7
1548401659.96 32.7
1548401669.98 32.7
1548401680.0 32.7
1548401690.01 32.2
1548401700.03 33.2
1548401710.05 33.2
1548401720.06 33.2
1548401730.07 32.7
1548401740.09 33.2
1548401750.11 32.7
1548401760.13 32.7
1548401770.14 32.2
1548401780.16 32.7
1548401790.18 33.2
1548401800.19 32.2
1548401810.21 32.2
1548401820.22 32.7
1548401830.24 32.2
1548401840.25 33.2
1548401850.27 32.2
1548401860.29 32.7
1548401870.3 32.2
1548401880.32 32.7
1548401890.34 32.7
1548401900.35 33.2
1548401910.37 32.7
1548401920.39 32.7
1548401930.41 33.2
1548401940.42 32.2
1548401950.44 32.2
1548401960.46 32.7
1548401970.47 32.7
1548401980.49 32.7
1548401990.5 32.2
1548402000.52 32.7
1548402010.54 32.2
1548402020.55 32.7
1548402030.57 33.2
1548402040.58 32.2
1548402050.6 33.2
1548402060.62 33.2
1548402070.64 32.7
1548402080.65 33.2
1548402090.67 33.2
1548402100.69 32.2
1548402110.7 33.2
1548402120.72 32.7
1548402130.74 32.7
1548402140.75 32.7
1548402150.77 32.2
1548402160.79 32.7
1548402170.81 32.2
1548402180.84 32.2
1548402190.86 33.2
1548402200.88 32.2
1548402210.89 32.2
1548402220.91 32.7
1548402230.93 32.7
1548402240.94 32.2
1548402250.96 32.7
1548402260.98 32.2
1548402271.0 32.7
1548402281.01 33.2
1548402291.03 32.7
1548402301.05 33.2
1548402311.07 32.7
1548402321.09 32.7
1548402331.11 32.7
1548402341.13 32.7
1548402351.15 32.7
1548402361.17 32.2
1548402371.19 32.7
1548402381.21 32.7
1548402391.23 32.7
1548402401.25 32.7
1548402411.27 32.2
1548402421.29 32.7
1548402431.31 33.2
1548402441.33 32.2
1548402451.35 32.7
1548402461.37 32.2
1548402471.38 33.2
1548402481.4 32.2
1548402491.42 32.2
1548402501.44 32.7
1548402511.46 32.7
1548402521.48 32.7
1548402531.5 32.2
1548402541.52 32.7
1548402551.53 32.2
1548402561.56 33.2
1548402571.59 32.7
1548402581.61 32.2
1548402591.62 33.2
1548402601.64 32.2
1548402611.67 32.2
1548402621.69 32.7
1548402631.7 33.2
1548402641.72 32.7
1548402651.74 32.7
1548402661.76 32.7
1548402671.78 32.7
1548402681.8 32.2
1548402691.81 32.7
1548402701.83 33.2
1548402711.84 32.7
1548402721.86 32.2
1548402731.88 32.2
1548402741.9 32.2
1548402751.92 33.2
1548402761.94 32.7
1548402771.96 32.7
1548402781.98 32.2
1548402792.0 33.2
1548402802.02 33.2
1548402812.03 33.2
1548402822.05 32.2
1548402832.07 32.2
1548402842.09 32.2
1548402852.11 32.2
1548402862.13 32.7
1548402872.15 32.2
1548402882.17 32.7
1548402892.19 32.7
1548402902.21 32.2
1548402912.23 32.2
1548402922.25 32.2
1548402932.27 32.7
1548402942.29 32.2
1548402952.31 32.2
1548402962.34 32.7
1548402972.36 32.2
1548402982.38 32.2
1548402992.39 32.2
1548403002.41 32.2
1548403012.44 32.2
1548403022.46 32.2
1548403032.48 32.2
1548403042.5 32.7
1548403052.52 32.2
1548403062.54 32.2
1548403072.55 33.2
1548403082.57 32.2
1548403092.59 32.2
1548403102.61 32.7
1548403112.63 32.7
1548403122.65 32.7
1548403132.67 33.2
1548403142.69 32.2
1548403152.71 32.7
1548403162.73 32.2
1548403172.75 32.7
1548403182.78 32.7
1548403192.8 32.2
1548403202.82 33.2
1548403212.84 33.8
1548403222.85 32.2
1548403232.87 32.7
1548403242.88 32.7
1548403252.9 33.2
1548403262.91 32.2
1548403272.93 33.2
1548403282.95 32.7
1548403292.98 32.2
1548403302.99 32.7
1548403313.01 32.7
1548403323.03 32.2
1548403333.05 32.7
1548403343.07 33.2
1548403353.09 32.2
1548403363.11 32.2
1548403373.13 32.2
1548403383.14 33.2
1548403393.16 32.7
1548403403.18 32.7
1548403413.2 32.2
1548403423.21 32.7
1548403433.23 32.7
1548403443.25 33.2
1548403453.27 32.7
1548403463.29 32.2
1548403473.3 33.2
1548403483.32 33.2
1548403493.33 32.2
1548403503.35 33.2
1548403513.37 32.7
1548403523.38 32.2
1548403533.4 32.7
1548403543.42 32.7
1548403553.44 32.2
1548403563.46 32.2
1548403573.48 32.2
1548403583.5 32.7
1548403593.51 32.7
1548403603.52 32.7
1548403613.54 33.2
1548403623.56 32.7
1548403633.58 32.2
1548403643.59 32.7
1548403653.61 32.7
1548403663.63 32.7
1548403673.64 32.2
1548403683.66 32.7
1548403693.67 33.2
1548403703.69 32.7
1548403713.71 32.2
1548403723.73 32.2
1548403733.74 32.7
1548403743.76 33.2
1548403753.77 32.7
1548403763.79 32.7
1548403773.81 32.2
1548403783.83 32.7
1548403793.85 33.2
1548403803.86 32.7
1548403813.88 32.2
1548403823.9 32.2
1548403833.92 32.2
1548403843.94 32.2
1548403853.95 32.7
1548403863.97 32.2
1548403873.99 33.2
1548403884.0 32.2
1548403894.02 32.7
1548403904.04 32.7
1548403914.05 32.7
1548403924.07 32.2
1548403934.08 32.2
1548403944.11 32.7
1548403954.12 32.7
1548403964.14 32.7
1548403974.15 33.2
1548403984.17 32.7
1548403994.18 32.7
1548404004.2 32.7
1548404014.21 32.7
1548404024.23 32.7
1548404034.24 33.2
1548404044.26 32.2
1548404054.28 32.2
1548404064.3 32.2
1548404074.31 32.2
1548404084.33 32.7
1548404094.35 32.7
1548404104.37 32.2
1548404114.38 32.2
1548404124.4 32.2
1548404134.42 32.7
1548404144.43 32.7
1548404154.45 32.2
1548404164.46 33.2
1548404174.48 32.2
1548404184.5 32.7
1548404194.52 32.2
1548404204.53 32.7
1548404214.55 32.2
1548404224.57 32.2
1548404234.59 32.2
1548404244.6 32.7
1548404254.62 32.7
1548404264.65 32.2
1548404274.67 32.2
1548404284.68 32.2
1548404294.7 32.2
1548404304.71 33.2
1548404314.73 32.2
1548404324.75 32.7
1548404334.77 32.2
1548404344.79 32.7
1548404354.82 32.2
1548404364.83 32.2
1548404374.85 32.2
1548404384.87 32.2
1548404394.89 32.2
1548404404.9 32.2
1548404414.92 32.2
1548404424.94 32.2
1548404434.96 32.2
1548404444.98 32.7
1548404454.99 32.7
1548404465.01 33.2
1548404475.02 32.2
1548404485.04 32.7
1548404495.06 32.7
1548404505.08 32.7
1548404515.09 32.2
1548404525.11 32.7
1548404535.13 32.7
1548404545.14 32.7
1548404555.16 32.2
1548404565.18 32.2
1548404575.2 32.7
1548404585.22 32.2
1548404595.24 32.7
1548404605.26 32.2
1548404615.28 32.2
1548404625.3 33.2
1548404635.31 33.2
1548404645.34 32.2
1548404655.36 32.2
1548404665.38 32.2
1548404675.4 32.7
1548404685.42 32.2
1548404695.44 32.2
1548404705.46 32.7
1548404715.48 33.2
1548404725.49 32.7
1548404735.51 32.7
1548404745.54 32.2
1548404755.55 33.2
1548404765.57 32.2
1548404775.59 32.2
1548404785.61 32.2
1548404795.63 32.2
1548404805.66 32.2
1548404815.68 32.2
1548404825.7 32.7
1548404835.72 32.7
1548404845.74 32.7
1548404855.76 32.7
1548404865.78 32.2
1548404875.79 32.2
1548404885.81 32.2
1548404895.83 32.2
1548404905.84 32.2
1548404915.86 32.7
1548404925.88 33.2
1548404935.9 33.2
1548404945.92 32.7
1548404955.94 32.2
1548404965.96 32.7
1548404975.98 32.7
1548404986.0 32.7
1548404996.01 32.7
1548405006.03 33.2
1548405016.04 32.2
1548405026.06 33.2
1548405036.08 33.2
1548405046.09 32.2
1548405056.11 32.2
1548405066.12 33.2
1548405076.14 33.8
1548405086.15 32.7
1548405096.17 33.8
1548405106.18 32.2
1548405116.2 32.7
1548405126.22 33.2
1548405136.24 33.2
1548405146.25 33.2
1548405156.26 33.2
1548405166.28 33.8
1548405176.3 33.2
1548405186.32 33.2
1548405196.34 32.7
1548405206.36 32.7
1548405216.38 32.7
1548405226.39 33.2
1548405236.41 32.7
1548405246.42 33.2
1548405256.44 33.2
1548405266.46 32.2
1548405276.48 32.7
1548405286.5 33.2
1548405296.53 33.2
1548405306.54 33.2
1548405316.56 32.7
1548405326.58 33.8
1548405336.59 33.2
1548405346.61 32.7
1548405356.63 32.7
1548405366.65 32.7
1548405376.67 32.2
1548405386.69 32.7
1548405396.71 32.7
1548405406.73 32.2
1548405416.75 32.7
1548405426.76 32.2
1548405436.78 32.7
1548405446.8 32.2
1548405456.82 32.7
1548405466.84 32.2
1548405476.86 32.2
1548405486.88 32.7
1548405496.91 32.7
1548405506.93 32.2
1548405516.94 32.2
1548405526.96 32.7
1548405536.98 32.2
1548405547.0 32.7
1548405557.02 32.7
1548405567.04 32.2
1548405577.06 32.7
1548405587.08 32.2
1548405597.1 33.8
1548405607.12 32.7
1548405617.14 32.7
1548405627.16 32.2
1548405637.18 32.2
1548405647.2 32.2
1548405657.23 33.2
1548405667.25 32.7
1548405677.27 32.7
1548405687.28 32.7
1548405697.3 32.7
1548405707.32 32.2
1548405717.34 33.2
1548405727.36 32.7
1548405737.38 33.2
1548405747.4 32.2
1548405757.43 32.2
1548405767.45 32.2
1548405777.46 32.7
1548405787.48 32.7
1548405797.5 32.2
1548405807.52 33.2
1548405817.53 32.2
1548405827.55 32.7
1548405837.57 32.2
1548405847.59 32.7
1548405857.62 32.2
1548405867.64 32.2
1548405877.66 32.2
1548405887.68 32.7
1548405897.7 32.7
1548405907.72 32.2
1548405917.74 32.2
1548405927.76 32.7
1548405937.78 32.2
1548405947.8 32.7
1548405957.82 32.2
1548405967.84 32.2
1548405977.86 32.7
1548405987.88 32.2
1548405997.9 32.7
1548406007.92 32.2
1548406017.94 32.2
1548406027.96 32.7
1548406037.98 32.2
1548406048.0 32.7
1548406058.02 32.7
1548406068.04 32.2
1548406078.06 32.2
1548406088.08 32.2
1548406098.11 32.7
1548406108.13 32.2
1548406118.15 32.2
1548406128.17 32.2
1548406138.19 32.2
1548406148.21 32.2
1548406158.23 32.7
1548406168.25 32.2
1548406178.27 32.7
1548406188.28 32.7
1548406198.29 33.2
1548406208.31 32.2
1548406218.33 32.2
1548406228.36 32.2
1548406238.38 32.2
1548406248.4 32.2
1548406258.42 32.2
1548406268.44 32.2
1548406278.46 32.2
1548406288.48 32.2
1548406298.5 32.2
1548406308.52 32.2
1548406318.53 32.7
1548406328.55 32.7
1548406338.57 32.7
1548406348.59 32.2
1548406358.61 32.2
1548406368.63 32.2
1548406378.65 32.2
1548406388.67 32.2
1548406398.7 32.2
1548406408.72 32.2
1548406418.74 32.2
1548406428.76 32.2
1548406438.78 32.2
1548406448.8 32.2
1548406458.82 32.7
1548406468.84 32.2
1548406478.86 32.7
1548406488.88 32.2
1548406498.9 32.2
1548406508.92 32.2
1548406518.94 32.2
1548406528.96 32.2
1548406538.99 32.2
1548406549.01 32.2
1548406559.04 32.2
1548406569.06 32.7
1548406579.07 32.7
1548406589.09 32.2
1548406599.11 32.7
1548406609.12 32.7
1548406619.14 32.2
1548406629.15 32.7
1548406639.17 32.2
1548406649.19 32.2
1548406659.21 32.2
1548406669.23 32.2
1548406679.24 32.2
1548406689.26 32.2
1548406699.28 32.2
1548406709.3 32.2
1548406719.32 32.2
1548406729.33 32.2
1548406739.35 32.7
1548406749.37 32.7
1548406759.39 32.7
1548406769.41 33.2
1548406779.42 32.2
1548406789.44 32.2
1548406799.46 32.7
1548406809.48 32.7
1548406819.5 32.7
1548406829.52 32.7
1548406839.54 32.7
1548406849.56 32.2
1548406859.58 32.2
1548406869.61 32.7
1548406879.63 32.2
1548406889.64 33.2
1548406899.66 32.7
1548406909.68 32.2
1548406919.69 32.2
1548406929.71 32.2
1548406939.73 32.2
1548406949.75 32.2
1548406959.77 32.2
1548406969.79 32.2
1548406979.81 32.2
1548406989.83 32.2
1548406999.85 32.2
1548407009.87 31.6
1548407019.89 32.2
1548407029.91 32.2
1548407039.93 32.2
1548407049.95 32.2
1548407059.97 32.2
1548407069.98 32.2
1548407080.01 32.2
1548407090.03 32.2
1548407100.05 32.7
1548407110.06 32.2
1548407120.08 32.2
1548407130.1 32.2
1548407140.12 32.2
1548407150.14 32.2
1548407160.16 32.2
1548407170.19 32.2
1548407180.2 32.2
1548407190.22 32.2
1548407200.24 32.2
1548407210.26 32.2
1548407220.27 32.2
1548407230.29 32.2
1548407240.31 32.2
1548407250.33 32.2
1548407260.36 32.2
1548407270.37 32.2
1548407280.39 32.2
1548407290.42 32.2
1548407300.43 33.2
1548407310.45 32.2
1548407320.47 32.2
1548407330.48 32.7
1548407340.5 32.2
1548407350.52 32.2
1548407360.54 32.2
1548407370.56 32.2
1548407380.58 32.7
1548407390.6 32.2
1548407400.62 32.2
1548407410.64 32.7
1548407420.66 32.2
1548407430.68 32.2
1548407440.7 32.2
1548407450.71 32.2
1548407460.73 32.2
1548407470.75 32.2
1548407480.77 32.2
1548407490.78 32.7
1548407500.8 32.2
1548407510.82 32.2
1548407520.84 31.6
1548407530.86 32.7
1548407540.88 32.2
1548407550.89 32.2
1548407560.91 32.2
1548407570.93 32.2
1548407580.95 32.2
1548407590.97 32.2
1548407600.99 32.2
1548407611.01 32.2
1548407621.02 32.2
1548407631.04 32.7
1548407641.06 32.2
1548407651.08 32.2
1548407661.1 33.2
1548407671.11 32.2
1548407681.13 32.2
1548407691.15 32.7
1548407701.17 32.2
1548407711.21 31.6
1548407721.23 31.6
1548407731.24 32.2
1548407741.26 32.2
1548407751.27 33.2
1548407761.29 32.2
1548407771.3 33.2
1548407781.32 32.2
1548407791.33 32.7
1548407801.35 32.2
1548407811.37 32.2
1548407821.38 32.2
1548407831.4 32.2
1548407841.42 32.2
1548407851.44 32.2
1548407861.46 32.2
1548407871.48 32.2
1548407881.5 33.2
1548407891.51 33.2
1548407901.52 32.7
1548407911.53 33.2
1548407921.55 33.2
1548407931.57 32.2
1548407941.59 32.7
1548407951.61 32.7
1548407961.62 32.2
1548407971.64 32.2
1548407981.67 32.2
1548407991.68 32.2
1548408001.7 32.2
1548408011.72 32.2
1548408021.74 32.2
1548408031.76 32.2
1548408041.78 32.2
1548408051.79 32.2
1548408061.81 32.2
1548408071.82 32.2
1548408081.84 32.2
1548408091.85 32.7
1548408101.87 32.2
1548408111.88 32.7
1548408121.9 32.2
1548408131.92 32.7
1548408141.93 32.7
1548408151.95 32.2
1548408161.97 32.2
1548408171.98 32.2
1548408182.0 32.2
1548408192.01 32.2
1548408202.03 32.2
1548408212.05 32.2
1548408222.06 32.2
1548408232.08 33.2
1548408242.1 32.2
1548408252.12 32.2
1548408262.14 32.2
1548408272.16 32.2
1548408282.18 32.2
1548408292.2 32.2
1548408302.22 32.7
1548408312.24 32.2
1548408322.26 32.2
1548408332.28 32.2
1548408342.3 32.2
1548408352.32 32.2
1548408362.35 32.7
1548408372.36 32.2
1548408382.38 31.6
1548408392.4 32.2
1548408402.41 32.7
1548408412.43 32.2
1548408422.44 32.7
1548408432.46 32.2
1548408442.48 32.7
1548408452.5 33.2
1548408462.51 33.2
1548408472.53 32.7
1548408482.55 32.7
1548408492.57 33.2
1548408502.59 33.2
1548408512.6 33.2
1548408522.62 32.2
1548408532.64 33.2
1548408542.65 33.2
1548408552.67 32.2
1548408562.69 33.2
1548408572.71 33.2
1548408582.73 33.2
1548408592.75 33.2
1548408602.76 32.7
1548408612.78 33.2
1548408622.8 33.2
1548408632.81 33.2
1548408642.84 33.8
1548408652.85 33.8
1548408662.87 33.2
1548408672.89 33.2
1548408682.91 33.2
1548408692.93 32.7
1548408702.95 33.8
1548408712.97 33.2
1548408722.98 33.2
1548408733.0 33.8
1548408743.02 33.2
1548408753.04 33.2
1548408763.06 33.2
1548408773.07 33.8
1548408783.09 33.2
1548408793.11 33.2
1548408803.13 33.8
1548408813.14 33.2
1548408823.16 33.8
1548408833.18 33.2
1548408843.2 33.2
1548408853.22 33.8
1548408863.24 33.8
1548408873.25 33.8
1548408883.26 33.2
1548408893.28 33.8
1548408903.3 32.7
1548408913.31 33.2
1548408923.33 33.2
1548408933.35 32.7
1548408943.37 33.2
1548408953.39 33.8
1548408963.4 33.2
1548408973.42 33.8
1548408983.44 33.2
1548408993.46 32.2
1548409003.48 33.2
1548409013.5 33.2
1548409023.51 33.8
1548409033.52 33.8
1548409043.54 33.2
1548409053.56 33.2
1548409063.58 33.2
1548409073.6 33.2
1548409083.61 33.2
1548409093.63 33.2
1548409103.65 33.8
1548409113.67 33.2
1548409123.69 33.8
1548409133.71 33.2
1548409143.73 32.7
1548409153.74 33.2
1548409163.76 32.7
1548409173.78 33.8
1548409183.8 33.2
1548409193.81 33.8
1548409203.84 33.2
1548409213.85 33.2
1548409223.87 32.7
1548409233.89 33.8
1548409243.9 32.7
1548409253.92 33.2
1548409263.93 33.2
1548409273.95 33.2
1548409283.97 32.7
1548409293.99 33.2
1548409304.01 33.2
1548409314.02 32.7
1548409324.04 33.2
1548409334.06 33.2
1548409344.07 33.2
1548409354.09 33.8
1548409364.11 32.7
1548409374.13 32.2
1548409384.14 32.7
1548409394.16 32.2
1548409404.18 33.2
1548409414.19 32.7
1548409424.21 32.7
1548409434.22 33.2
1548409444.24 33.8
1548409454.26 32.7
1548409464.27 33.2
1548409474.29 32.7
1548409484.31 32.2
1548409494.33 33.2
1548409504.34 32.7
1548409514.36 32.7
1548409524.37 32.2
1548409534.39 32.7
1548409544.41 32.2
1548409554.43 32.7
1548409564.44 32.2
1548409574.46 32.7
1548409584.48 32.7
1548409594.5 32.2
1548409604.52 32.7
1548409614.55 32.7
1548409624.56 32.2
1548409634.58 32.2
1548409644.6 32.2
1548409654.63 32.7
1548409664.65 32.2
1548409674.66 33.2
1548409684.68 32.2
1548409694.7 33.2
1548409704.72 32.7
1548409714.74 33.2
1548409724.76 32.2
1548409734.78 32.2
1548409744.8 32.2
1548409754.82 32.2
1548409764.84 32.2
1548409774.87 32.2
1548409784.88 33.2
1548409794.9 32.2
1548409804.92 32.2
1548409814.94 32.2
1548409824.97 32.2
1548409834.99 31.6
1548409845.01 32.2
1548409855.03 32.2
1548409865.05 32.2
1548409875.07 32.2
1548409885.09 32.2
1548409895.11 32.2
1548409905.13 32.2
1548409915.15 32.2
1548409925.17 32.2
1548409935.19 32.2
1548409945.21 32.2
1548409955.23 32.2
1548409965.25 32.2
1548409975.27 32.2
1548409985.3 31.6
1548409995.32 32.2
1548410005.34 32.2
1548410015.36 32.2
1548410025.38 32.2
1548410035.4 32.2
1548410045.42 32.2
1548410055.44 32.2
1548410065.46 32.2
1548410075.48 32.7
1548410085.5 32.2
1548410095.52 32.2
1548410105.53 32.2
1548410115.55 32.2
1548410125.57 32.2
1548410135.6 32.2
1548410145.62 32.2
1548410155.64 32.2
1548410165.66 32.2
1548410175.68 32.2
1548410185.7 32.7
1548410195.72 32.2
1548410205.74 32.2
1548410215.76 32.2
1548410225.78 32.7
1548410235.8 32.2
1548410245.82 32.2
1548410255.84 31.6
1548410265.86 32.2
1548410275.88 32.2
1548410285.9 32.2
1548410295.92 32.2
1548410305.94 32.2
1548410315.96 32.2
1548410325.98 32.2
1548410336.01 32.2
1548410346.03 32.2
1548410356.05 31.6
1548410366.06 32.2
1548410376.08 32.2
1548410386.1 32.2
1548410396.11 32.2
1548410406.13 32.2
1548410416.15 32.2
1548410426.17 32.2
1548410436.19 32.7
1548410446.2 32.2
1548410456.22 32.2
1548410466.25 31.6
1548410476.27 32.2
1548410486.29 32.2
1548410496.3 32.2
1548410506.32 32.2
1548410516.34 32.2
1548410526.35 32.2
1548410536.37 32.2
1548410546.39 32.2
1548410556.4 31.6
1548410566.42 31.6
1548410576.44 32.2
1548410586.46 32.2
1548410596.48 31.6
1548410606.5 32.2
1548410616.52 32.2
1548410626.54 32.2
1548410636.57 32.2
1548410646.59 31.6
1548410656.6 31.6
1548410666.62 31.6
1548410676.64 32.2
1548410686.67 32.2
1548410696.68 32.2
1548410706.7 32.2
1548410716.72 32.2
1548410726.74 32.2
1548410736.76 31.1
1548410746.78 32.2
1548410756.79 32.2
1548410766.81 32.2
1548410776.83 32.2
1548410786.84 32.2
1548410796.87 32.2
1548410806.88 32.2
1548410816.9 32.2
1548410826.92 32.2
1548410836.94 32.7
1548410846.96 32.2
1548410856.98 32.2
1548410867.01 32.2
1548410877.02 32.2
1548410887.04 32.7
1548410897.06 32.7
1548410907.07 32.7
1548410917.1 32.7
1548410927.11 32.7
1548410937.13 32.7
1548410947.14 32.2
1548410957.17 32.2
1548410967.18 32.2
1548410977.2 32.2
1548410987.21 32.2
1548410997.24 32.2
1548411007.26 32.2
1548411017.27 32.2
1548411027.29 32.2
1548411037.31 33.2
1548411047.32 33.2
1548411057.33 32.2
1548411067.35 32.2
1548411077.37 32.2
1548411087.39 33.2
1548411097.41 32.7
1548411107.42 32.7
1548411117.43 32.7
1548411127.45 33.8
1548411137.47 33.2
1548411147.48 33.2
1548411157.5 32.2
1548411167.52 32.7
1548411177.54 33.2
1548411187.56 33.2
1548411197.58 32.2
1548411207.6 33.2
1548411217.61 33.2
1548411227.63 33.2
1548411237.66 32.2
1548411247.67 33.8
1548411257.69 33.2
1548411267.7 33.2
1548411277.72 33.2
1548411287.74 33.2
1548411297.76 33.2
1548411307.78 33.2
1548411317.8 33.2
1548411327.81 32.2
1548411337.83 32.7
1548411347.86 33.2
1548411357.88 33.2
1548411367.9 33.2
1548411377.93 32.7
1548411387.94 33.8
1548411397.96 33.2
1548411407.98 33.2
1548411418.0 33.2
1548411428.02 33.2
1548411438.03 32.7
1548411448.04 33.2
1548411458.06 33.8
1548411468.08 33.2
1548411478.1 33.8
1548411488.12 32.2
1548411498.14 32.2
1548411508.16 33.2
1548411518.18 33.8
1548411528.2 32.7
1548411538.21 33.8
1548411548.23 33.8
1548411558.24 33.2
1548411568.26 34.3
1548411578.28 34.3
1548411588.3 33.2
1548411598.31 33.2
1548411608.33 33.8
1548411618.36 32.7
1548411628.37 33.2
1548411638.39 33.2
1548411648.4 33.2
1548411658.42 33.2
1548411668.45 33.2
1548411678.47 33.2
1548411688.48 34.3
1548411698.5 34.3
1548411708.52 33.2
1548411718.53 32.7
1548411728.55 34.3
1548411738.56 33.8
1548411748.58 32.7
1548411758.6 33.8
1548411768.61 33.8
1548411778.63 34.3
1548411788.65 34.3
1548411798.66 34.3
1548411808.68 33.2
1548411818.7 33.8
1548411828.71 34.3
1548411838.73 33.2
1548411848.75 33.8
1548411858.76 33.2
1548411868.78 33.8
1548411878.8 32.7
1548411888.82 32.7
1548411898.84 33.8
1548411908.86 33.2
1548411918.88 33.2
1548411928.9 33.2
1548411938.92 33.2
1548411948.94 32.7
1548411958.96 33.2
1548411968.97 32.2
1548411978.99 33.2
1548411989.01 33.2
1548411999.03 33.2
1548412009.04 33.2
1548412019.06 33.8
1548412029.08 33.2
1548412039.1 32.7
1548412049.11 33.2
1548412059.13 32.7
1548412069.15 32.2
1548412079.17 33.2
1548412089.18 33.2
1548412099.2 33.2
1548412109.22 33.2
1548412119.23 32.7
1548412129.25 33.2
1548412139.26 32.7
1548412149.28 33.2
1548412159.3 32.2
1548412169.32 32.7
1548412179.34 32.7
1548412189.36 32.7
1548412199.38 32.7
1548412209.4 32.7
1548412219.42 32.2
1548412229.44 32.7
1548412239.46 32.7
1548412249.47 32.7
1548412259.49 32.2
1548412269.51 33.2
1548412279.53 32.2
1548412289.55 32.2
1548412299.57 32.2
1548412309.59 32.2
1548412319.61 32.7
1548412329.63 32.2
1548412339.65 32.7
1548412349.67 32.2
1548412359.69 32.7
1548412369.71 32.2
1548412379.75 32.2
1548412389.76 32.7
1548412399.78 32.2
1548412409.8 33.2
1548412419.82 32.2
1548412429.84 32.7
1548412439.85 32.7
1548412449.86 33.2
1548412459.88 33.2
1548412469.89 32.2
1548412479.91 33.2
1548412489.92 32.2
1548412499.95 32.2
1548412509.97 32.2
1548412519.98 32.2
1548412530.0 32.2
1548412540.03 32.7
1548412550.04 32.2
1548412560.06 32.2
1548412570.09 32.7
1548412580.1 32.2
1548412590.12 32.2
1548412600.13 33.2
1548412610.16 32.2
1548412620.18 32.7
1548412630.2 31.6
1548412640.22 32.7
1548412650.23 32.7
1548412660.25 32.2
1548412670.27 32.7
1548412680.29 32.2
1548412690.3 32.2
1548412700.32 32.2
1548412710.35 32.2
1548412720.37 32.7
1548412730.38 32.7
1548412740.39 32.7
1548412750.4 32.7
1548412760.42 32.7
1548412770.45 32.7
1548412780.47 32.7
1548412790.49 32.7
1548412800.51 33.2
1548412810.53 33.2
1548412820.55 32.2
1548412830.56 32.2
1548412840.58 33.2
1548412850.6 32.7
1548412860.62 32.2
1548412870.63 32.7
1548412880.65 33.2
1548412890.66 32.7
1548412900.69 32.7
1548412910.71 32.7
1548412920.73 32.2
1548412930.74 32.7
1548412940.75 33.2
1548412950.77 32.2
1548412960.78 32.2
1548412970.8 32.2
1548412980.82 32.2
1548412990.84 32.2
1548413000.86 32.7
1548413010.87 32.2
1548413020.89 33.2
1548413030.91 32.2
1548413040.92 32.2
1548413050.94 32.2
1548413060.96 32.2
1548413070.98 32.2
1548413081.0 32.2
1548413091.02 32.2
1548413101.04 32.2
1548413111.06 32.2
1548413121.08 32.2
1548413131.1 32.7
1548413141.11 32.7
1548413151.13 32.2
1548413161.15 32.2
1548413171.17 32.2
1548413181.19 32.2
1548413191.21 32.2
1548413201.22 32.2
1548413211.24 32.2
1548413221.26 32.2
1548413231.28 32.2
1548413241.3 32.2
1548413251.31 32.2
1548413261.33 32.7
1548413271.34 33.2
1548413281.36 33.2
1548413291.37 32.7
1548413301.39 33.2
1548413311.41 32.7
1548413321.43 32.7
1548413331.45 32.2
1548413341.47 32.7
1548413351.49 32.7
1548413361.51 32.7
1548413371.53 32.2
1548413381.55 32.2
1548413391.57 32.2
1548413401.59 32.7
1548413411.6 32.7
1548413421.62 33.2
1548413431.64 32.7
1548413441.65 32.2
1548413451.68 32.7
1548413461.7 32.2
1548413471.71 32.7
1548413481.72 33.2
1548413491.74 33.2
1548413501.76 32.7
1548413511.78 32.7
1548413521.8 32.2
1548413531.82 32.2
1548413541.84 32.2
1548413551.86 32.2
1548413561.88 32.7
1548413571.89 32.7
1548413581.91 32.2
1548413591.93 32.7
1548413601.95 32.7
1548413611.97 32.2
1548413621.99 31.6
1548413632.01 32.2
1548413642.03 32.7
1548413652.04 33.2
1548413662.06 32.2
1548413672.08 32.2
1548413682.1 33.2
1548413692.12 33.2
1548413702.14 33.2
1548413712.16 33.2
1548413722.18 32.2
1548413732.2 33.2
1548413742.21 32.2
1548413752.23 33.2
1548413762.25 32.2
1548413772.27 32.7
1548413782.28 33.2
1548413792.3 33.2
1548413802.31 33.8
1548413812.33 33.2
1548413822.36 32.7
1548413832.38 32.7
1548413842.4 32.2
1548413852.42 32.2
1548413862.44 32.7
1548413872.46 32.2
1548413882.48 32.7
1548413892.5 32.7
1548413902.52 33.2
1548413912.53 32.7
1548413922.55 33.2
1548413932.56 33.2
1548413942.59 32.7
1548413952.6 33.2
1548413962.62 32.2
1548413972.64 32.2
1548413982.66 32.2
1548413992.68 32.7
1548414002.7 32.2
1548414012.72 32.7
1548414022.74 32.7
1548414032.76 32.2
1548414042.78 32.7
1548414052.8 33.2
1548414062.81 33.2
1548414072.83 32.7
1548414082.85 33.2
1548414092.88 33.2
1548414102.89 33.2
1548414112.91 32.7
1548414122.93 32.7
1548414132.95 32.2
1548414142.97 33.2
1548414152.99 33.2
1548414163.01 32.7
1548414173.03 32.7
1548414183.05 33.2
1548414193.07 32.7
1548414203.1 33.2
1548414213.12 32.7
1548414223.13 33.2
1548414233.15 33.2
1548414243.18 33.2
1548414253.2 32.7
1548414263.23 32.2
1548414273.24 33.8
1548414283.26 32.7
1548414293.29 32.7
1548414303.3 33.2
1548414313.32 33.2
1548414323.34 33.8
1548414333.36 33.8
1548414343.38 33.8
1548414353.4 33.8
1548414363.41 33.8
1548414373.42 34.3
1548414383.44 33.8
1548414393.45 34.3
1548414403.47 34.3
1548414413.49 34.3
1548414423.51 34.3
1548414433.52 33.8
1548414443.55 34.3
1548414453.57 33.8
1548414463.59 33.8
1548414473.61 34.3
1548414483.63 34.3
1548414493.65 34.3
1548414503.67 34.9
1548414513.69 33.2
1548414523.7 34.3
1548414533.72 34.3
1548414543.73 34.3
1548414553.75 34.3
1548414563.77 33.8
1548414573.78 33.8
1548414583.8 34.3
1548414593.82 33.8
1548414603.84 34.3
1548414613.85 34.3
1548414623.87 33.8
1548414633.89 34.3
1548414643.91 33.2
1548414653.93 33.2
1548414663.94 33.8
1548414673.96 33.2
1548414683.98 33.2
1548414693.99 32.7
1548414704.02 32.7
1548414714.03 33.2
1548414724.05 33.8
1548414734.07 33.2
1548414744.09 32.7
1548414754.1 32.7
1548414764.12 32.2
1548414774.13 33.8
1548414784.14 33.2
1548414794.16 32.7
1548414804.18 33.2
1548414814.19 33.8
1548414824.2 32.7
1548414834.22 33.2
1548414844.23 32.7
1548414854.24 33.2
1548414864.26 32.7
1548414874.28 32.2
1548414884.3 32.2
1548414894.31 32.2
1548414904.33 33.2
1548414914.34 32.7
1548414924.36 32.7
1548414934.38 32.7
1548414944.39 32.2
1548414954.41 33.2
1548414964.42 33.2
1548414974.43 32.7
1548414984.45 32.7
1548414994.47 32.7
1548415004.48 32.7
1548415014.49 32.2
1548415024.51 32.2
1548415034.53 32.2
1548415044.55 32.7
1548415054.57 32.2
1548415064.58 32.7
1548415074.6 33.2
1548415084.61 33.2
1548415094.63 33.2
1548415104.65 33.2
1548415114.67 32.2
1548415124.68 33.2
1548415134.7 32.2
1548415144.72 32.2
1548415154.73 32.2
1548415164.75 32.2
1548415174.76 33.2
1548415184.78 33.2
1548415194.8 32.7
1548415204.81 33.2
1548415214.83 32.7
1548415224.84 32.7
1548415234.86 33.2
1548415244.88 33.2
1548415254.9 32.2
1548415264.91 33.2
1548415274.92 33.2
1548415284.94 33.2
1548415294.95 33.2
1548415304.96 33.2
1548415314.98 33.2
1548415324.99 33.8
1548415335.0 33.2
1548415345.02 33.2
1548415355.03 33.2
1548415365.05 33.2
1548415375.06 34.3
1548415385.07 33.8
1548415395.09 34.3
1548415405.11 33.2
1548415415.12 33.8
1548415425.13 33.2
1548415435.15 33.2
1548415445.17 34.3
1548415455.18 33.8
1548415465.2 34.3
1548415475.22 33.2
1548415485.23 33.8
1548415495.25 33.2
1548415505.27 34.3
1548415515.29 33.8
1548415525.3 33.2
1548415535.32 34.3
1548415545.34 34.3
1548415555.35 33.2
1548415565.37 33.8
1548415575.38 33.8
1548415585.4 33.2
1548415595.42 33.8
1548415605.44 33.2
1548415615.45 33.8
1548415625.47 33.8
1548415635.49 33.8
1548415645.51 33.8
1548415655.52 33.8
1548415665.54 33.8
1548415675.56 33.8
1548415685.58 34.3
1548415695.59 34.3
1548415705.61 33.2
1548415715.63 33.8
1548415725.65 33.2
1548415735.66 33.8
1548415745.68 33.8
1548415755.7 32.7
1548415765.72 33.8
1548415775.74 33.8
1548415785.76 34.3
1548415795.77 34.3
1548415805.79 33.8
1548415815.8 33.2
1548415825.82 34.3
1548415835.84 34.3
1548415845.86 34.3
1548415855.87 34.3
1548415865.89 34.3
1548415875.91 34.3
1548415885.92 33.8
1548415895.94 34.3
1548415905.95 34.3
1548415915.97 34.3
1548415925.98 34.3
1548415935.99 33.8
1548415946.0 34.3
1548415956.01 34.3
1548415966.03 34.3
1548415976.05 33.2
1548415986.06 34.3
1548415996.08 34.3
1548416006.1 33.2
1548416016.12 34.3
1548416026.14 34.3
1548416036.16 34.3
1548416046.18 33.8
1548416056.2 33.2
1548416066.21 34.3
1548416076.23 34.3
1548416086.25 33.8
1548416096.27 34.3
1548416106.28 34.3
1548416116.3 34.3
1548416126.32 33.8
1548416136.33 34.3
1548416146.35 34.3
1548416156.37 33.8
1548416166.39 34.3
1548416176.41 34.3
1548416186.42 34.3
1548416196.44 34.3
1548416206.45 34.3
1548416216.47 33.8
1548416226.49 33.8
1548416236.51 34.3
1548416246.53 33.2
1548416256.55 33.8
1548416266.56 33.8
1548416276.58 34.3
1548416286.6 34.3
1548416296.62 33.2
1548416306.64 33.8
1548416316.66 33.2
1548416326.68 33.8
1548416336.7 33.2
1548416346.71 34.3
1548416356.74 33.2
1548416366.76 32.7
1548416376.78 33.2
1548416386.8 32.2
1548416396.82 32.7
1548416406.84 32.7
1548416416.86 33.2
1548416426.88 32.7
1548416436.9 33.2
1548416446.91 34.3
1548416456.93 33.8
1548416466.95 33.2
1548416476.97 33.8
1548416486.99 33.2
1548416497.01 33.2
1548416507.03 33.2
1548416517.05 33.8
1548416527.06 34.9
1548416537.08 33.2
1548416547.1 33.2
1548416557.11 32.7
1548416567.13 33.2
1548416577.15 33.2
1548416587.17 32.7
1548416597.19 34.3
1548416607.21 33.2
1548416617.23 33.2
1548416627.25 33.8
1548416637.27 34.3
1548416647.28 33.8
1548416657.29 33.8
1548416667.31 33.2
1548416677.33 33.2
1548416687.35 33.2
1548416697.37 34.3
1548416707.39 33.8
1548416717.41 33.8
1548416727.43 33.2
1548416737.45 33.2
1548416747.47 34.3
1548416757.49 33.2
1548416767.5 33.8
1548416777.51 33.8
1548416787.53 33.2
1548416797.55 33.2
1548416807.57 33.2
1548416817.59 33.8
1548416827.6 34.3
1548416837.62 34.3
1548416847.63 33.2
1548416857.65 33.8
1548416867.67 34.3
1548416877.69 33.2
1548416887.71 33.8
1548416897.72 33.2
1548416907.74 33.2
1548416917.75 34.3
1548416927.76 34.3
1548416937.78 34.3
1548416947.79 33.2
1548416957.81 34.3
1548416967.83 33.2
1548416977.85 33.8
1548416987.88 34.3
1548416997.9 34.9
1548417007.91 34.9
1548417017.93 34.3
1548417027.94 34.3
1548417037.95 34.9
1548417047.97 34.3
1548417057.99 34.3
1548417068.01 34.3
1548417078.03 34.3
1548417088.05 34.3
1548417098.06 34.3
1548417108.07 34.3
1548417118.09 34.3
1548417128.11 33.8
1548417138.13 34.3
1548417148.15 33.8
1548417158.16 34.3
1548417168.18 33.8
1548417178.19 34.3
1548417188.21 34.3
1548417198.22 34.3
1548417208.24 34.3
1548417218.25 33.8
1548417228.27 34.3
1548417238.28 33.8
1548417248.29 34.3
1548417258.31 33.8
1548417268.34 33.8
1548417278.36 34.3
1548417288.37 34.3
1548417298.39 34.3
1548417308.41 34.3
1548417318.43 33.8
1548417328.44 34.3
1548417338.46 34.3
1548417348.48 33.8
1548417358.5 34.3
1548417368.52 34.3
1548417378.54 33.8
1548417388.55 34.3
1548417398.57 34.3
1548417408.59 33.8
1548417418.61 33.8
1548417428.64 33.8
1548417438.65 34.3
1548417448.66 34.9
1548417458.68 34.9
1548417468.7 34.3
1548417478.72 34.3
1548417488.74 34.3
1548417498.75 34.3
1548417508.77 34.3
1548417518.79 34.3
1548417528.8 34.3
1548417538.81 34.3
1548417548.83 33.8
1548417558.86 33.8
1548417568.88 34.3
1548417578.89 34.3
1548417588.91 34.3
1548417598.93 34.3
1548417608.95 34.3
1548417618.97 34.3
1548417628.98 34.9
1548417639.0 34.3
1548417649.02 34.9
1548417659.03 33.8
1548417669.05 33.8
1548417679.07 34.3
1548417689.09 34.3
1548417699.11 34.9
1548417709.13 34.3
1548417719.14 34.3
1548417729.17 34.3
1548417739.19 33.2
1548417749.21 34.3
1548417759.23 33.8
1548417769.25 34.3
1548417779.27 34.3
1548417789.29 34.3
1548417799.31 34.3
1548417809.33 34.9
1548417819.35 34.3
1548417829.37 34.9
1548417839.38 34.3
1548417849.4 34.3
1548417859.42 35.4
1548417869.44 34.9
1548417879.45 34.9
1548417889.47 34.3
1548417899.49 34.3
1548417909.51 34.3
1548417919.53 34.3
1548417929.55 34.3
1548417939.57 34.9
1548417949.59 34.3
1548417959.61 34.9
1548417969.62 34.9
1548417979.64 35.4
1548417989.65 34.9
1548417999.67 34.9
1548418009.68 34.9
1548418019.7 34.9
1548418029.72 34.3
1548418039.74 34.3
1548418049.76 34.9
1548418059.77 34.9
1548418069.79 34.3
1548418079.81 34.9
1548418089.83 34.3
1548418099.85 34.9
1548418109.87 34.3
1548418119.89 34.3
1548418129.91 34.3
1548418139.92 34.3
1548418149.95 33.8
1548418159.97 34.3
1548418169.99 34.3
1548418180.01 34.3
1548418190.03 34.3
1548418200.06 34.9
1548418210.07 34.9
1548418220.09 34.3
1548418230.1 34.9
1548418240.12 34.3
1548418250.14 34.3
1548418260.16 34.3
1548418270.18 34.3
1548418280.19 34.9
1548418290.21 34.3
1548418300.23 34.9
1548418310.24 34.3
1548418320.26 34.3
1548418330.28 34.3
1548418340.3 34.9
1548418350.32 34.3
1548418360.33 34.3
1548418370.35 34.3
1548418380.37 34.9
1548418390.39 34.3
1548418400.41 34.9
1548418410.42 34.3
1548418420.44 34.3
1548418430.46 34.3
1548418440.48 33.8
1548418450.5 34.3
1548418460.52 34.3
1548418470.54 34.9
1548418480.56 35.4
1548418490.58 34.3
1548418500.6 34.9
1548418510.61 34.3
1548418520.63 33.8
1548418530.64 34.3
1548418540.66 34.3
1548418550.68 34.3
1548418560.7 33.8
1548418570.71 34.9
1548418580.73 34.3
1548418590.75 33.8
1548418600.77 33.8
1548418610.79 34.3
1548418620.8 34.3
1548418630.82 34.3
1548418640.84 34.3
1548418650.86 34.3
1548418660.87 34.3
1548418670.88 34.3
1548418680.9 34.3
1548418690.91 34.3
1548418700.92 34.9
1548418710.94 34.9
1548418720.96 33.8
1548418730.98 34.3
1548418740.99 34.3
1548418751.01 33.8
1548418761.03 34.3
1548418771.05 33.8
1548418781.06 34.3
1548418791.07 34.3
1548418801.09 34.3
1548418811.1 34.9
1548418821.12 34.3
1548418831.14 34.3
1548418841.15 35.4
1548418851.17 34.3
1548418861.18 34.3
1548418871.2 34.3
1548418881.22 34.9
1548418891.23 34.3
1548418901.24 34.9
1548418911.26 34.3
1548418921.29 34.3
1548418931.31 34.3
1548418941.33 34.3
1548418951.35 34.3
1548418961.37 34.3
1548418971.38 34.9
1548418981.41 33.2
1548418991.42 34.3
1548419001.44 34.3
1548419011.46 34.3
1548419021.48 34.9
1548419031.5 34.9
1548419041.51 34.9
1548419051.53 34.9
1548419061.55 34.3
1548419071.57 35.4
1548419081.59 34.3
1548419091.61 34.3
1548419101.62 33.2
1548419111.64 34.3
1548419121.65 34.9
1548419131.67 34.3
1548419141.69 34.3
1548419151.71 34.9
1548419161.73 35.4
1548419171.75 35.4
1548419181.77 34.9
1548419191.78 35.4
1548419201.8 34.9
1548419211.82 34.9
1548419221.84 34.9
1548419231.86 35.4
1548419241.88 34.3
1548419251.89 34.9
1548419261.91 35.4
1548419271.93 34.3
1548419281.95 35.4
1548419291.97 34.9
1548419301.99 34.9
1548419312.0 35.4
1548419322.03 34.9
1548419332.05 34.3
1548419342.07 34.9
1548419352.09 34.9
1548419362.1 34.9
1548419372.12 35.4
1548419382.13 35.4
1548419392.15 34.9
1548419402.17 34.9
1548419412.19 34.9
1548419422.21 34.9
1548419432.22 35.4
1548419442.24 34.9
1548419452.26 35.4
1548419462.28 35.4
1548419472.3 34.9
1548419482.32 34.9
1548419492.34 34.9
1548419502.36 35.9
1548419512.37 35.4
1548419522.38 35.9
1548419532.4 35.4
1548419542.42 34.9
1548419552.44 34.9
1548419562.45 34.9
1548419572.47 34.9
1548419582.48 35.4
1548419592.5 35.4
1548419602.51 35.4
1548419612.53 35.4
1548419622.55 35.4
1548419632.56 35.4
1548419642.58 35.4
1548419652.59 35.4
1548419662.61 35.4
1548419672.63 35.9
1548419682.64 36.5
1548419692.66 35.4
1548419702.68 35.9
1548419712.69 36.5
1548419722.71 35.9
1548419732.73 35.9
1548419742.75 35.9
1548419752.77 35.4
1548419762.79 36.5
1548419772.81 36.5
1548419782.83 36.5
1548419792.85 36.5
1548419802.87 37.0
1548419812.97 36.5
1548419822.98 36.5
1548419833.0 35.9
1548419843.02 36.5
1548419853.04 36.5
1548419863.06 36.5
1548419873.07 37.6
1548419883.09 37.0
1548419893.1 36.5
1548419903.13 36.5
1548419913.14 37.0
1548419923.16 36.5
1548419933.17 37.0
1548419943.19 36.5
1548419953.21 37.6
1548419963.22 37.6
1548419973.24 37.0
1548419983.25 38.1
1548419993.27 37.6
1548420003.29 37.0
1548420013.31 37.6
1548420023.32 37.6
1548420033.35 37.6
1548420043.36 36.5
1548420053.38 37.6
1548420063.4 37.6
1548420073.41 37.0
1548420083.43 37.6
1548420093.44 37.6
1548420103.46 37.6
1548420113.47 37.6
1548420123.49 37.6
1548420133.51 37.6
1548420143.53 36.5
1548420153.55 38.1
1548420163.56 38.1
1548420173.57 38.1
1548420183.59 37.6
1548420193.61 37.6
1548420203.63 38.6
1548420213.64 37.6
1548420223.66 37.6
1548420233.68 37.6
1548420243.7 37.6
1548420253.72 38.6
1548420263.73 39.2
1548420273.75 38.6
1548420283.77 38.6
1548420293.78 39.2
1548420303.79 38.6
1548420313.81 39.2
1548420323.83 38.6
1548420333.85 38.6
1548420343.86 38.6
1548420353.88 39.2
1548420363.9 38.1
1548420373.92 37.6
1548420383.94 38.6
1548420393.96 38.6
1548420403.97 39.2
1548420413.99 38.6
1548420424.01 38.6
1548420434.03 38.6
1548420444.05 39.2
1548420454.07 38.6
1548420464.09 38.6
1548420474.11 39.2
1548420484.13 38.6
1548420494.15 38.6
1548420504.16 38.6
1548420514.18 38.6
1548420524.2 38.1
1548420534.22 38.1
1548420544.25 37.6
1548420554.27 38.1
1548420564.28 38.6
1548420574.3 38.6
1548420584.32 38.6
1548420594.33 38.6
1548420604.35 38.6
1548420614.37 38.6
1548420624.39 38.6
1548420634.41 38.6
1548420644.42 38.6
1548420654.44 37.0
1548420664.46 37.6
1548420674.48 38.1
1548420684.5 38.6
1548420694.52 38.6
1548420704.53 38.1
1548420714.55 38.1
1548420724.57 37.6
1548420734.59 37.0
1548420744.6 38.1
1548420754.62 38.6
1548420764.64 38.6
1548420774.66 38.6
1548420784.68 38.6
1548420794.69 38.6
1548420804.71 38.6
1548420814.72 38.1
1548420824.74 38.6
1548420834.76 38.6
1548420844.77 38.6
1548420854.79 38.6
1548420864.81 38.6
1548420874.83 37.6
1548420884.85 38.6
1548420894.87 38.6
1548420904.88 39.2
1548420914.9 38.6
1548420924.91 38.6
1548420934.93 38.6
1548420944.94 39.2
1548420954.97 38.1
1548420964.99 38.6
1548420975.01 37.6
1548420985.03 38.6
1548420995.05 38.6
1548421005.06 39.2
1548421015.08 38.6
1548421025.1 38.1
1548421035.12 38.6
1548421045.13 38.1
1548421055.16 38.6
1548421065.17 38.1
1548421075.2 37.6
1548421085.21 38.1
1548421095.22 38.1
1548421105.24 38.1
1548421115.25 38.1
1548421125.27 38.1
1548421135.29 39.2
1548421145.31 38.6
1548421155.33 38.6
1548421165.35 38.6
1548421175.37 38.1
1548421185.39 38.1
1548421195.41 38.6
1548421205.43 39.2
1548421215.44 39.2
1548421225.46 39.2
1548421235.48 38.6
1548421245.49 38.6
1548421255.51 39.2
1548421265.52 38.6
1548421275.54 39.2
1548421285.56 38.6
1548421295.57 38.6
1548421305.59 38.6
1548421315.6 38.6
1548421325.62 38.6
1548421335.64 38.6
1548421345.66 38.6
1548421355.67 38.6
1548421365.68 39.2
1548421375.7 38.6
1548421385.72 38.6
1548421395.74 37.6
1548421405.76 38.6
1548421415.77 38.6
1548421425.79 39.2
1548421435.81 39.2
1548421445.83 39.2
1548421455.84 38.6
1548421465.86 38.6
1548421475.88 38.6
1548421485.9 39.7
1548421495.92 38.6
1548421505.93 39.2
1548421515.95 38.6
1548421525.97 38.6
1548421535.98 38.6
1548421546.0 38.6
1548421556.03 38.6
1548421566.05 37.6
1548421576.06 39.2
1548421586.08 39.7
1548421596.1 39.2
1548421606.12 38.6
1548421616.13 39.7
1548421626.15 39.7
1548421636.17 38.6
1548421646.18 38.6
1548421656.21 38.6
1548421666.23 38.6
1548421676.25 38.6
1548421686.27 38.6
1548421696.28 38.6
1548421706.3 38.6
1548421716.32 39.2
1548421726.34 39.2
1548421736.36 38.6
1548421746.38 39.7
1548421756.4 39.2
1548421766.41 39.2
1548421776.43 39.2
1548421786.45 40.2
1548421796.47 40.2
1548421806.49 39.7
1548421816.51 38.6
1548421826.53 39.7
1548421836.55 40.2
1548421846.56 39.7
1548421856.57 40.8
1548421866.59 39.7
1548421876.61 39.2
1548421886.62 40.8
1548421896.63 40.2
1548421906.65 40.8
1548421916.68 40.2
1548421926.7 40.2
1548421936.72 40.8
1548421946.73 40.8
1548421956.75 39.7
1548421966.77 40.8
1548421976.78 40.8
1548421986.8 39.7
1548421996.83 39.7
1548422006.85 40.8
1548422016.86 40.8
1548422026.88 40.8
1548422036.9 39.7
1548422046.91 40.8
1548422056.93 40.2
1548422066.95 40.8
1548422076.97 40.8
1548422086.99 40.8
1548422097.01 40.8
1548422107.02 40.8
1548422117.04 40.8
1548422127.06 39.7
1548422137.08 40.8
1548422147.09 40.8
1548422157.12 40.8
1548422167.14 41.3
1548422177.15 41.3
1548422187.17 41.3
1548422197.19 40.8
1548422207.2 41.9
1548422217.22 41.3
1548422227.24 40.8
1548422237.26 41.3
1548422247.28 41.3
1548422257.3 40.8
1548422267.32 41.3
1548422277.34 40.8
1548422287.36 40.8
1548422297.38 41.3
1548422307.4 40.2
1548422317.42 40.2
1548422327.44 40.8
1548422337.47 40.8
1548422347.49 40.8
1548422357.51 40.8
1548422367.52 41.3
1548422377.54 40.8
1548422387.56 40.8
1548422397.58 40.8
1548422407.6 39.7
1548422417.62 41.3
1548422427.64 39.7
1548422437.66 40.8
1548422447.67 40.8
1548422457.7 39.7
1548422467.72 41.3
1548422477.74 40.8
1548422487.76 40.8
1548422497.78 40.2
1548422507.79 41.3
1548422517.82 40.8
1548422527.83 40.8
1548422537.85 40.8
1548422547.87 41.3
1548422557.89 41.3
1548422567.91 40.8
1548422577.92 40.8
1548422587.94 40.8
1548422597.96 41.3
1548422607.98 40.8
1548422618.0 40.2
1548422628.02 39.7
1548422638.04 40.8
1548422648.06 40.2
1548422658.07 40.8
1548422668.09 40.8
1548422678.11 40.2
1548422688.13 40.2
1548422698.16 40.8
1548422708.18 40.8
1548422718.2 40.8
1548422728.22 39.7
1548422738.24 40.8
1548422748.26 40.8
1548422758.28 40.8
1548422768.3 40.8
1548422778.32 40.2
1548422788.34 40.8
1548422798.36 40.2
1548422808.38 40.8
1548422818.4 40.8
1548422828.42 39.7
1548422838.44 40.8
1548422848.46 40.2
1548422858.48 39.7
1548422868.49 40.8
1548422878.51 39.7
1548422888.53 40.8
1548422898.55 39.7
1548422908.57 39.7
1548422918.59 40.2
1548422928.61 40.2
1548422938.63 39.7
1548422948.65 39.7
1548422958.67 39.7
1548422968.69 40.2
1548422978.7 39.7
1548422988.72 39.7
1548422998.73 40.2
1548423008.75 40.8
1548423018.77 39.7
1548423028.79 39.7
1548423038.81 40.2
1548423048.83 40.8
1548423058.85 40.2
1548423068.86 40.8
1548423078.89 40.2
1548423088.91 39.2
1548423098.92 40.8
1548423108.94 39.7
1548423118.96 40.2
1548423128.98 40.8
1548423139.0 39.7
1548423149.02 40.8
1548423159.04 40.2
1548423169.07 40.2
1548423179.08 40.8
1548423189.09 40.8
1548423199.1 39.7
1548423209.12 39.7
1548423219.13 40.8
1548423229.15 39.7
1548423239.18 39.7
1548423249.2 40.8
1548423259.22 39.7
1548423269.23 40.2
1548423279.25 39.7
1548423289.27 39.7
1548423299.29 39.7
1548423309.31 40.8
1548423319.33 39.7
1548423329.35 40.2
1548423339.37 39.7
1548423349.39 39.7
1548423359.41 40.8
1548423369.44 39.7
1548423379.46 39.7
1548423389.48 40.8
1548423399.49 40.2
1548423409.51 40.8
1548423419.52 39.7
1548423429.54 39.7
1548423439.56 40.8
1548423449.58 39.7
1548423459.6 40.8
1548423469.62 40.2
1548423479.64 39.7
1548423489.66 39.7
1548423499.68 39.7
1548423509.7 40.2
1548423519.72 39.2
1548423529.74 39.7
1548423539.76 39.7
1548423549.78 40.8
1548423559.8 39.7
1548423569.81 40.8
1548423579.83 39.7
1548423589.85 40.2
1548423599.87 39.7
1548423609.89 39.7
1548423619.91 39.7
1548423629.92 40.8
1548423639.94 39.7
1548423649.96 39.2
1548423659.98 39.7
1548423670.0 39.2
1548423680.02 39.7
1548423690.03 39.7
1548423700.05 39.7
1548423710.07 39.7
1548423720.09 39.7
1548423730.11 39.7
1548423740.14 39.2
1548423750.16 39.2
1548423760.18 39.7
1548423770.2 39.7
1548423780.22 39.7
1548423790.23 39.7
1548423800.25 40.2
1548423810.27 40.2
1548423820.29 39.7
1548423830.31 39.2
1548423840.32 39.7
1548423850.33 39.7
1548423860.35 40.8
1548423870.36 39.7
1548423880.38 40.8
1548423890.4 40.8
1548423900.41 39.7
1548423910.43 39.7
1548423920.45 40.2
1548423930.47 40.8
1548423940.48 39.7
1548423950.49 39.7
1548423960.51 40.8
1548423970.52 40.8
1548423980.53 41.3
1548423990.54 40.8
1548424000.55 40.8
1548424010.57 40.8
1548424020.59 40.8
1548424030.6 39.7
1548424040.63 39.7
1548424050.65 39.7
1548424060.66 40.8
1548424070.68 39.7
1548424080.7 40.8
1548424090.72 40.8
1548424100.74 41.3
1548424110.76 40.8
1548424120.77 41.3
1548424130.79 40.2
1548424140.8 41.3
1548424150.82 41.3
1548424160.84 40.8
1548424170.86 41.3
1548424180.88 40.8
1548424190.9 41.9
1548424200.91 41.3
1548424210.93 41.3
1548424220.95 41.9
1548424230.97 41.9
1548424240.98 42.4
1548424251.0 41.9
1548424261.02 41.9
1548424271.04 41.3
1548424281.05 42.4
1548424291.07 41.9
1548424301.09 40.8
1548424311.1 41.9
1548424321.11 41.9
1548424331.13 41.3
1548424341.15 41.3
1548424351.17 41.9
1548424361.18 42.4
1548424371.19 41.9
1548424381.21 42.4
1548424391.23 41.3
1548424401.25 41.9
1548424411.27 41.9
1548424421.29 41.9
1548424431.31 42.4
1548424441.32 41.9
1548424451.34 41.9
1548424461.36 41.9
1548424471.38 41.3
1548424481.4 40.8
1548424491.42 41.9
1548424501.44 41.3
1548424511.46 42.4
1548424521.48 41.3
1548424531.5 41.3
1548424541.52 41.9
1548424551.54 41.9
1548424561.56 41.9
1548424571.58 41.9
1548424581.59 42.9
1548424591.61 41.9
1548424601.63 41.9
1548424611.65 41.9
1548424621.67 41.9
1548424631.69 41.9
1548424641.71 41.9
1548424651.73 42.9
1548424661.75 42.9
1548424671.76 42.4
1548424681.78 41.9
1548424691.8 42.9
1548424701.82 42.9
1548424711.84 43.5
1548424721.86 42.9
1548424731.87 42.9
1548424741.89 42.9
1548424751.91 43.5
1548424761.93 42.9
1548424771.95 42.9
1548424781.96 42.9
1548424791.98 43.5
1548424802.0 43.5
1548424812.02 43.5
1548424822.04 42.9
1548424832.06 42.9
1548424842.07 42.9
1548424852.09 42.9
1548424862.11 43.5
1548424872.13 43.5
1548424882.15 44.0
1548424892.16 42.9
1548424902.18 43.5
1548424912.2 42.9
1548424922.23 42.9
1548424932.24 44.0
1548424942.26 42.9
1548424952.28 42.9
1548424962.3 44.0
1548424972.31 44.0
1548424982.34 43.5
1548424992.35 44.0
1548425002.37 43.5
1548425012.39 43.5
1548425022.41 44.0
1548425032.43 44.5
1548425042.44 43.5
1548425052.46 43.5
1548425062.48 43.5
1548425072.5 43.5
1548425082.52 43.5
1548425092.54 43.5
1548425102.56 43.5
1548425112.58 42.9
1548425122.6 43.5
1548425132.62 43.5
1548425142.64 42.9
1548425152.66 42.9
1548425162.68 42.9
1548425172.7 42.9
1548425182.72 42.9
1548425192.74 42.9
1548425202.76 42.9
1548425212.78 42.9
1548425222.8 42.9
1548425232.82 42.9
1548425242.84 42.4
1548425252.86 42.9
1548425262.87 44.0
1548425272.89 42.9
1548425282.91 44.0
1548425292.93 42.9
1548425302.95 42.9
1548425312.98 43.5
1548425323.0 42.9
1548425333.02 42.9
1548425343.04 43.5
1548425353.06 43.5
1548425363.08 43.5
1548425373.09 42.9
1548425383.11 43.5
1548425393.13 43.5
1548425403.15 42.9
1548425413.17 42.9
1548425423.18 43.5
1548425433.2 42.9
1548425443.22 43.5
1548425453.24 42.9
1548425463.26 42.9
1548425473.28 43.5
1548425483.3 42.9
1548425493.32 42.9
1548425503.35 42.9
1548425513.36 42.9
1548425523.38 42.9
1548425533.4 43.5
1548425543.42 42.9
1548425553.44 43.5
1548425563.46 42.9
1548425573.47 43.5
1548425583.49 42.9
1548425593.51 41.9
1548425603.53 42.9
1548425613.55 42.9
1548425623.56 42.9
1548425633.59 42.9
1548425643.6 42.9
1548425653.62 42.9
1548425663.64 42.9
1548425673.66 43.5
1548425683.68 41.9
1548425693.7 42.9
1548425703.71 43.5
1548425713.73 42.9
1548425723.75 42.9
1548425733.77 42.9
1548425743.8 41.9
1548425753.81 42.4
1548425763.83 41.9
1548425773.85 42.4
1548425783.87 42.9
1548425793.89 41.9
1548425803.91 42.4
1548425813.93 42.4
1548425823.95 41.9
1548425833.97 42.4
1548425843.98 41.9
1548425854.0 41.9
1548425864.02 41.3
1548425874.04 41.9
1548425884.06 40.8
1548425894.08 40.8
1548425904.1 41.9
1548425914.12 41.9
1548425924.14 41.3
1548425934.16 41.3
1548425944.17 41.9
1548425954.18 41.9
1548425964.2 41.9
1548425974.21 41.9
1548425984.23 41.3
1548425994.25 40.8
1548426004.27 40.8
1548426014.29 41.9
1548426024.31 41.3
1548426034.32 41.3
1548426044.35 41.3
1548426054.36 41.3
1548426064.38 40.8
1548426074.39 41.3
1548426084.41 40.8
1548426094.43 40.8
1548426104.45 41.3
1548426114.47 41.3
1548426124.49 41.9
1548426134.51 41.9
1548426144.53 41.9
1548426154.55 41.3
1548426164.56 40.8
1548426174.58 40.8
1548426184.6 41.3
1548426194.62 40.8
1548426204.64 41.3
1548426214.66 40.2
1548426224.68 41.3
1548426234.69 40.8
1548426244.72 40.8
1548426254.74 40.8
1548426264.75 40.8
1548426274.77 40.8
1548426284.79 41.3
1548426294.81 41.9
1548426304.83 41.9
1548426314.85 41.3
1548426324.86 40.8
1548426334.88 40.8
1548426344.9 41.3
1548426354.92 41.9
1548426364.93 41.9
1548426374.95 41.9
1548426384.96 41.3
1548426394.98 40.8
1548426405.01 41.9
1548426415.02 41.9
1548426425.04 41.3
1548426435.06 40.8
1548426445.09 41.3
1548426455.11 40.8
1548426465.13 40.8
1548426475.15 40.8
1548426485.17 41.3
1548426495.18 40.8
1548426505.2 40.8
1548426515.21 40.8
1548426525.23 41.3
1548426535.25 40.8
1548426545.26 40.8
1548426555.28 40.8
1548426565.3 40.8
1548426575.32 40.8
1548426585.34 40.8
1548426595.36 41.3
1548426605.38 40.8
1548426615.4 41.3
1548426625.42 41.3
1548426635.44 41.3
1548426645.46 40.8
1548426655.48 41.9
1548426665.49 41.9
1548426675.51 41.3
1548426685.52 41.9
1548426695.55 41.9
1548426705.57 41.9
1548426715.58 41.3
1548426725.6 41.9
1548426735.62 42.4
1548426745.64 41.9
1548426755.66 41.9
1548426765.68 42.4
1548426775.7 41.3
1548426785.72 41.9
1548426795.74 41.9
1548426805.76 41.9
1548426815.78 41.9
1548426825.8 42.9
1548426835.83 42.9
1548426845.84 42.9
1548426855.86 42.9
1548426865.88 42.9
1548426875.9 43.5
1548426885.91 43.5
1548426895.93 42.9
1548426905.95 43.5
1548426915.97 42.9
1548426925.99 43.5
1548426936.01 42.9
1548426946.02 44.0
1548426956.04 44.0
1548426966.06 44.0
1548426976.08 44.5
1548426986.1 43.5
1548426996.12 43.5
1548427006.14 44.0
1548427016.15 44.0
1548427026.17 44.0
1548427036.19 44.0
1548427046.21 44.0
1548427056.23 44.5
1548427066.25 44.0
1548427076.26 44.5
1548427086.29 44.5
1548427096.31 45.1
1548427106.32 45.1
1548427116.34 45.1
1548427126.36 45.1
1548427136.38 45.1
1548427146.39 45.1
1548427156.41 45.1
1548427166.44 45.6
1548427176.45 45.1
1548427186.47 45.1
1548427196.48 45.6
1548427206.5 45.1
1548427216.51 46.2
1548427226.53 45.6
1548427236.55 46.2
1548427246.56 46.2
1548427256.57 46.7
1548427266.59 46.2
1548427276.61 46.2
1548427286.63 46.2
1548427296.65 46.2
1548427306.67 45.6
1548427316.7 46.2
1548427326.72 46.2
1548427336.73 46.7
1548427346.75 46.2
1548427356.77 46.2
1548427366.78 47.2
1548427376.8 47.2
1548427386.81 47.2
1548427396.83 46.7
1548427406.85 47.2
1548427416.86 47.8
1548427426.88 47.2
1548427436.9 47.2
1548427446.92 47.8
1548427456.94 47.8
1548427466.95 47.8
1548427476.97 47.8
1548427486.99 47.8
1548427497.01 47.2
1548427507.03 47.8
1548427517.04 47.8
1548427527.06 47.8
1548427537.09 47.8
1548427547.11 47.2
1548427557.13 47.2
1548427567.14 47.2
1548427577.16 47.8
1548427587.17 47.8
1548427597.19 47.8
1548427607.2 47.8
1548427617.22 47.8
1548427627.24 47.8
1548427637.26 47.2
1548427647.29 47.2
1548427657.3 47.8
1548427667.32 47.2
1548427677.33 47.2
1548427687.35 47.2
1548427697.37 46.7
1548427707.39 46.7
1548427717.4 46.2
1548427727.42 46.7
1548427737.44 46.2
1548427747.45 47.2
1548427757.48 47.2
1548427767.5 47.2
1548427777.51 47.2
1548427787.52 46.7
1548427797.54 47.2
1548427807.57 46.2
1548427817.58 47.2
1548427827.61 46.2
1548427837.62 47.2
1548427847.64 46.2
1548427857.66 47.2
1548427867.68 46.2
1548427877.7 46.2
1548427887.72 46.2
1548427897.73 46.7
1548427907.75 46.7
1548427917.76 46.2
1548427927.78 46.2
1548427937.79 46.2
1548427947.81 46.7
1548427957.83 46.2
1548427967.84 47.2
1548427977.85 46.7
1548427987.86 46.2
1548427997.88 46.7
1548428007.9 46.2
1548428017.92 46.2
1548428027.94 45.1
1548428037.96 45.6
1548428047.98 46.2
1548428058.0 46.2
1548428068.01 45.6
1548428078.03 45.6
1548428088.05 46.2
1548428098.07 45.6
1548428108.09 46.2
1548428118.11 46.2
1548428128.13 45.6
1548428138.15 46.7
1548428148.16 47.2
1548428158.17 47.2
1548428168.19 46.2
1548428178.21 46.7
1548428188.23 46.7
1548428198.25 46.2
1548428208.26 46.7
1548428218.28 46.2
1548428228.3 47.2
1548428238.32 46.7
1548428248.35 46.7
1548428258.36 46.7
1548428268.38 46.2
1548428278.4 47.2
1548428288.42 46.2
1548428298.43 47.2
1548428308.45 47.2
1548428318.47 47.2
1548428328.49 47.2
1548428338.5 47.2
1548428348.52 47.2
1548428358.54 47.2
1548428368.56 47.2
1548428378.58 47.2
1548428388.59 47.8
1548428398.61 46.7
1548428408.63 47.2
1548428418.65 47.8
1548428428.67 47.2
1548428438.69 47.2
1548428448.71 47.2
1548428458.73 47.2
1548428468.75 47.2
1548428478.77 47.2
1548428488.78 46.2
1548428498.8 47.2
1548428508.82 47.2
1548428518.84 47.8
1548428528.86 47.2
1548428538.87 47.2
1548428548.89 46.2
1548428558.91 47.2
1548428568.93 47.2
1548428578.95 46.2
1548428588.96 46.7
1548428598.98 46.2
1548428609.0 46.2
1548428619.02 47.2
1548428629.04 47.2
1548428639.05 46.7
1548428649.07 46.7
1548428659.09 46.2
1548428669.11 47.2
1548428679.13 46.2
1548428689.15 46.7
1548428699.17 46.2
1548428709.19 46.2
1548428719.21 46.2
1548428729.23 46.2
1548428739.25 46.7
1548428749.27 46.7
1548428759.29 45.6
1548428769.31 45.1
1548428779.33 46.2
1548428789.35 46.7
1548428799.37 46.2
1548428809.38 46.2
1548428819.39 47.2
1548428829.41 46.2
1548428839.43 46.7
1548428849.45 47.2
1548428859.46 47.2
1548428869.48 47.2
1548428879.49 47.2
1548428889.52 47.2
1548428899.54 45.6
1548428909.55 46.7
1548428919.57 46.2
1548428929.6 46.2
1548428939.61 46.7
1548428949.63 46.7
1548428959.65 47.2
1548428969.67 47.2
1548428979.69 47.8
1548428989.71 46.2
1548428999.73 47.2
1548429009.74 47.2
1548429019.76 46.2
1548429029.78 46.2
1548429039.8 47.2
1548429049.81 47.2
1548429059.83 47.2
1548429069.85 46.2
1548429079.87 47.2
1548429089.89 47.2
1548429099.91 47.2
1548429109.93 47.2
1548429119.95 47.2
1548429129.96 47.2
1548429139.98 47.2
1548429150.0 47.2
1548429160.02 46.7
1548429170.04 47.2
1548429180.06 47.8
1548429190.08 47.2
1548429200.09 47.8
1548429210.11 47.8
1548429220.13 47.2
1548429230.15 47.2
1548429240.17 47.2
1548429250.19 47.2
1548429260.21 47.2
1548429270.23 47.2
1548429280.25 48.3
1548429290.26 47.8
1548429300.28 47.2
1548429310.3 47.2
1548429320.32 47.2
1548429330.35 47.2
1548429340.37 47.2
1548429350.39 47.2
1548429360.41 47.2
1548429370.43 47.2
1548429380.44 47.8
1548429390.46 47.2
1548429400.48 47.2
1548429410.5 47.2
1548429420.51 48.3
1548429430.53 47.2
1548429440.55 47.2
1548429450.57 47.2
1548429460.59 47.8
1548429470.61 47.2
1548429480.63 47.8
1548429490.65 47.2
1548429500.66 47.8
1548429510.68 47.2
1548429520.7 47.8
1548429530.72 47.8
1548429540.74 47.2
1548429550.75 48.3
1548429560.77 47.2
1548429570.78 48.3
1548429580.79 48.3
1548429590.81 47.8
1548429600.83 48.3
1548429610.85 47.8
1548429620.86 48.3
1548429630.88 48.3
1548429640.89 48.9
1548429650.91 48.3
1548429660.93 48.3
1548429670.95 48.3
1548429680.97 47.8
1548429690.99 48.3
1548429701.0 48.3
1548429711.01 48.9
1548429721.02 48.3
1548429731.04 48.3
1548429741.06 48.3
1548429751.08 48.3
1548429761.13 48.9
1548429771.15 48.9
1548429781.17 48.3
1548429791.18 48.9
1548429801.2 48.3
1548429811.22 48.3
1548429821.24 47.2
1548429831.26 47.8
1548429841.27 48.9
1548429851.29 48.3
1548429861.31 48.9
1548429871.32 48.3
1548429881.33 48.9
1548429891.35 49.4
1548429901.37 49.4
1548429911.4 48.3
1548429921.42 49.4
1548429931.44 48.3
1548429941.47 48.9
1548429951.48 49.4
1548429961.5 49.4
1548429971.51 49.4
1548429981.53 48.3
1548429991.55 48.3
1548430001.56 49.4
1548430011.58 49.4
1548430021.59 49.4
1548430031.61 49.4
1548430041.63 49.4
1548430051.64 49.4
1548430061.66 49.9
1548430071.68 49.4
1548430081.7 49.4
1548430091.72 49.4
1548430101.74 49.9
1548430111.76 49.4
1548430121.77 49.9
1548430131.79 49.4
1548430141.8 49.9
1548430151.82 48.3
1548430161.84 49.4
1548430171.86 48.9
1548430181.87 49.4
1548430191.89 48.3
1548430201.91 49.4
1548430211.93 49.4
1548430221.94 49.9
1548430231.96 49.4
1548430241.98 49.4
1548430252.0 49.4
1548430262.02 49.9
1548430272.04 49.4
1548430282.06 50.5
1548430292.08 49.4
1548430302.09 49.4
1548430312.12 49.9
1548430322.13 49.9
1548430332.15 49.4
1548430342.17 49.4
1548430352.18 49.4
1548430362.2 50.5
1548430372.22 49.9
1548430382.23 49.9
1548430392.25 49.4
1548430402.27 49.9
1548430412.29 50.5
1548430422.3 49.4
1548430432.32 49.9
1548430442.36 49.4
1548430452.37 49.9
1548430462.39 49.4
1548430472.41 51.0
1548430482.43 49.4
1548430492.45 49.4
1548430502.47 49.4
1548430512.48 49.4
1548430522.5 49.9
1548430532.52 49.4
1548430542.54 49.4
1548430552.56 49.4
1548430562.57 49.4
1548430572.59 48.9
1548430582.62 49.4
1548430592.64 48.9
1548430602.66 49.4
1548430612.67 49.9
1548430622.69 49.4
1548430632.71 50.5
1548430642.73 48.3
1548430652.75 48.9
1548430662.77 48.9
1548430672.78 48.9
1548430682.8 48.9
1548430692.82 48.9
1548430702.84 48.9
1548430712.85 49.4
1548430722.87 49.4
1548430732.88 48.3
1548430742.9 48.3
1548430752.92 48.9
1548430762.93 49.4
1548430772.96 48.9
1548430782.98 47.8
1548430793.0 48.3
1548430803.02 48.3
1548430813.03 49.4
1548430823.05 49.4
1548430833.07 48.3
1548430843.09 48.3
1548430853.11 48.9
1548430863.13 48.3
1548430873.15 48.3
1548430883.17 47.8
1548430893.19 49.4
1548430903.22 47.8
1548430913.24 48.9
1548430923.25 48.3
1548430933.27 48.3
1548430943.28 47.8
1548430953.3 47.8
1548430963.32 47.8
1548430973.35 47.8
1548430983.36 48.3
1548430993.38 48.3
1548431003.4 48.3
1548431013.42 48.3
1548431023.44 48.3
1548431033.46 48.9
1548431043.47 47.8
1548431053.49 48.3
1548431063.51 48.3
1548431073.53 48.3
1548431083.55 48.3
1548431093.57 48.9
1548431103.59 49.4
1548431113.61 49.4
1548431123.62 49.4
1548431133.64 48.9
1548431143.66 49.4
1548431153.68 48.9
1548431163.69 49.4
1548431173.71 49.4
1548431183.73 48.9
1548431193.74 48.3
1548431203.76 48.9
1548431213.78 48.3
1548431223.79 48.9
1548431233.81 48.3
1548431243.83 48.3
1548431253.85 48.3
1548431263.87 48.3
1548431273.9 48.3
1548431283.92 48.3
1548431293.93 48.3
1548431303.95 49.4
1548431313.96 48.3
1548431323.97 48.3
1548431333.99 48.3
1548431344.01 47.8
1548431354.03 47.8
1548431364.04 48.3
1548431374.06 48.3
1548431384.08 48.3
1548431394.1 47.8
1548431404.12 48.3
1548431414.13 47.8
1548431424.15 47.2
1548431434.17 47.8
1548431444.19 48.3
1548431454.21 48.3
1548431464.22 47.2
1548431474.25 47.2
1548431484.27 47.2
1548431494.28 48.3
1548431504.3 47.2
1548431514.32 47.8
1548431524.34 48.3
1548431534.35 47.8
1548431544.37 47.2
1548431554.39 47.2
1548431564.41 47.8
1548431574.43 47.8
1548431584.45 47.2
1548431594.47 47.8
1548431604.49 47.2
1548431614.51 47.8
1548431624.52 47.8
1548431634.54 48.3
1548431644.56 47.8
1548431654.58 48.3
1548431664.6 47.8
1548431674.62 47.2
1548431684.64 48.3
1548431694.66 47.8
1548431704.67 48.3
1548431714.7 47.2
1548431724.72 47.8
1548431734.74 47.8
1548431744.76 47.8
1548431754.78 47.2
1548431764.8 47.8
1548431774.82 47.2
1548431784.84 47.2
1548431794.86 47.8
1548431804.88 47.2
1548431814.9 47.8
1548431824.92 48.3
1548431834.94 47.8
1548431844.96 47.8
1548431854.97 48.3
1548431864.99 48.3
1548431875.01 47.8
1548431885.03 47.8
1548431895.05 47.2
1548431905.07 47.2
1548431915.09 48.3
1548431925.11 47.8
1548431935.12 48.3
1548431945.15 47.8
1548431955.16 47.8
1548431965.19 48.3
1548431975.21 48.3
1548431985.23 48.3
1548431995.24 48.9
1548432005.26 49.4
1548432015.28 48.3
1548432025.3 48.3
1548432035.32 49.4
1548432045.34 49.4
1548432055.35 48.9
1548432065.37 48.9
1548432075.39 48.3
1548432085.41 48.9
1548432095.42 48.3
1548432105.44 48.3
1548432115.46 48.3
1548432125.48 48.3
1548432135.51 48.3
1548432145.53 48.3
1548432155.55 47.8
1548432165.57 48.3
1548432175.59 48.3
1548432185.6 48.3
1548432195.62 49.4
1548432205.63 49.4
1548432215.65 49.4
1548432225.67 49.4
1548432235.68 49.4
1548432245.7 49.4
1548432255.71 49.9
1548432265.72 49.4
1548432275.74 49.4
1548432285.75 49.4
1548432295.76 50.5
1548432305.77 50.5
1548432315.78 50.5
1548432325.79 49.9
1548432335.81 50.5
1548432345.82 51.0
1548432355.84 51.0
1548432365.85 50.5
1548432375.86 50.5
1548432385.88 51.5
1548432395.9 50.5
1548432405.92 51.0
1548432415.94 49.9
1548432425.95 50.5
1548432435.97 51.5
1548432445.99 49.9
1548432456.0 50.5
1548432466.02 50.5
1548432476.03 49.9
1548432486.05 50.5
1548432496.07 51.0
1548432506.09 49.9
1548432516.11 51.0
1548432526.12 50.5
1548432536.14 49.4
1548432546.16 50.5
1548432556.18 50.5
1548432566.19 50.5
1548432576.21 49.9
1548432586.23 50.5
1548432596.25 49.4
1548432606.27 49.9
1548432616.28 50.5
1548432626.3 50.5
1548432636.32 49.9
1548432646.34 50.5
1548432656.35 49.4
1548432666.37 49.9
1548432676.38 49.4
1548432686.4 49.9
1548432696.42 49.4
1548432706.44 49.4
1548432716.46 49.4
1548432726.48 49.4
1548432736.49 49.4
1548432746.5 49.4
1548432756.52 48.3
1548432766.54 48.9
1548432776.55 49.9
1548432786.57 49.4
1548432796.59 48.9
1548432806.61 48.9
1548432816.62 48.3
1548432826.64 48.3
1548432836.67 48.3
1548432846.68 49.4
1548432856.7 49.4
1548432866.71 49.4
1548432876.73 49.4
1548432886.75 49.4
1548432896.77 49.4
1548432906.78 49.4
1548432916.79 49.4
1548432926.8 49.4
1548432936.81 49.4
1548432946.83 49.4
1548432956.84 49.4
1548432966.86 48.9
1548432976.88 48.9
1548432986.89 48.9
1548432996.91 49.4
1548433006.92 48.3
1548433016.93 49.4
1548433026.95 48.9
1548433036.96 49.4
1548433046.98 48.3
1548433057.0 48.9
1548433067.02 48.3
1548433077.03 48.3
1548433087.05 47.8
1548433097.07 48.3
1548433107.08 48.3
1548433117.1 47.8
1548433127.11 48.9
1548433137.13 48.3
1548433147.15 47.8
1548433157.16 48.3
1548433167.18 48.3
1548433177.2 48.3
1548433187.21 47.8
1548433197.23 48.3
1548433207.24 47.8
1548433217.26 48.3
1548433227.28 48.9
1548433237.29 48.3
1548433247.31 48.3
1548433257.32 47.2
1548433267.34 48.3
1548433277.36 48.9
1548433287.38 48.3
1548433297.39 48.9
1548433307.4 48.3
1548433317.42 47.8
1548433327.43 48.3
1548433337.45 48.3
1548433347.46 48.3
1548433357.48 47.8
1548433367.49 48.3
1548433377.5 48.3
1548433387.52 47.8
1548433397.54 47.8
1548433407.55 47.2
1548433417.57 47.2
1548433427.59 48.3
1548433437.6 47.2
1548433447.62 47.2
1548433457.64 47.8
1548433467.66 47.8
1548433477.68 47.2
1548433487.7 47.2
1548433497.72 47.2
1548433507.73 47.2
1548433517.75 47.2
1548433527.77 46.7
1548433537.78 47.2
1548433547.8 47.2
1548433557.82 47.2
1548433567.84 47.2
1548433577.87 47.2
1548433587.88 47.2
1548433597.9 47.2
1548433607.91 47.8
1548433617.93 47.8
1548433627.95 47.8
1548433637.97 47.2
1548433647.98 47.8
1548433658.0 47.2
1548433668.02 47.8
1548433678.03 47.2
1548433688.05 47.8
1548433698.06 48.3
1548433708.08 47.8
1548433718.11 47.8
1548433728.12 48.3
1548433738.14 48.3
1548433748.16 48.3
1548433758.17 48.3
1548433768.19 47.8
1548433778.2 48.9
1548433788.22 47.8
1548433798.23 48.3
1548433808.26 48.3
1548433818.28 48.3
1548433828.3 48.3
1548433838.32 47.8
1548433848.33 47.8
1548433858.35 48.3
1548433868.38 47.8
1548433878.39 48.3
1548433888.41 48.3
1548433898.43 47.2
1548433908.45 47.2
1548433918.47 47.8
1548433928.49 47.2
1548433938.51 47.8
1548433948.52 48.3
1548433958.55 48.3
1548433968.57 47.2
1548433978.59 47.8
1548433988.6 47.8
1548433998.61 48.3
1548434008.63 47.2
1548434018.64 47.8
1548434028.66 47.2
1548434038.68 47.8
1548434048.7 47.8
1548434058.72 47.2
1548434068.73 47.8
1548434078.75 47.8
1548434088.76 47.8
1548434098.78 48.3
1548434108.8 48.3
1548434118.81 47.2
1548434128.83 47.8
1548434138.85 47.8
1548434148.87 47.8
1548434158.88 47.8
1548434168.9 47.2
1548434178.92 47.2
1548434188.94 46.7
1548434198.96 47.2
1548434208.97 47.8
1548434218.99 46.2
1548434229.01 46.7
1548434239.03 46.7
1548434249.04 46.7
1548434259.06 46.7
1548434269.08 46.2
1548434279.1 46.2
1548434289.12 45.6
1548434299.13 46.2
1548434309.15 46.2
1548434319.16 46.2
1548434329.19 46.2
1548434339.2 46.2
1548434349.21 46.2
1548434359.23 46.2
1548434369.25 46.2
1548434379.27 45.6
1548434389.29 45.1
1548434399.3 45.6
1548434409.32 45.1
1548434419.34 45.1
1548434429.36 45.6
1548434439.37 45.6
1548434449.4 45.6
1548434459.41 45.1
1548434469.43 45.1
1548434479.45 45.1
1548434489.48 45.1
1548434499.5 45.1
1548434509.52 45.1
1548434519.53 46.2
1548434529.55 45.1
1548434539.57 45.6
1548434549.58 45.6
1548434559.6 45.1
1548434569.62 45.1
1548434579.64 44.5
1548434589.66 45.1
1548434599.68 44.5
1548434609.7 45.1
1548434619.71 45.1
1548434629.72 44.5
1548434639.74 44.5
1548434649.76 44.5
1548434659.77 45.1
1548434669.79 45.1
1548434679.8 45.1
1548434689.82 45.1
1548434699.83 44.0
1548434709.86 45.1
1548434719.88 45.1
1548434729.89 45.6
1548434739.9 45.1
1548434749.92 45.1
1548434759.94 45.1
1548434769.95 45.1
1548434779.97 44.0
1548434789.99 45.1
1548434800.0 45.1
1548434810.02 45.1
1548434820.03 45.1
1548434830.05 45.1
1548434840.07 45.6
1548434850.09 44.5
1548434860.1 45.1
1548434870.12 45.1
1548434880.13 44.5
1548434890.15 45.1
1548434900.16 45.1
1548434910.18 44.5
1548434920.2 45.1
1548434930.22 45.1
1548434940.24 44.5
1548434950.26 44.0
1548434960.28 44.0
1548434970.3 43.5
1548434980.31 44.0
1548434990.33 44.0
1548435000.35 44.0
1548435010.37 44.5
1548435020.4 44.0
1548435030.41 44.0
1548435040.43 44.0
1548435050.45 43.5
1548435060.47 44.0
1548435070.5 44.0
1548435080.52 44.0
1548435090.53 44.0
1548435100.55 43.5
1548435110.57 44.0
1548435120.58 44.0
1548435130.6 44.0
1548435140.62 43.5
1548435150.64 42.9
1548435160.66 42.9
1548435170.69 42.9
1548435180.7 42.9
1548435190.72 42.9
1548435200.74 43.5
1548435210.77 43.5
1548435220.79 42.9
1548435230.81 42.9
1548435240.82 43.5
1548435250.85 42.9
1548435260.88 43.5
1548435270.89 44.0
1548435280.91 44.0
1548435290.92 43.5
1548435300.93 43.5
1548435310.94 43.5
1548435320.95 44.0
1548435330.96 43.5
1548435340.98 44.0
1548435350.99 44.0
1548435361.01 44.0
1548435371.02 44.0
1548435381.04 43.5
1548435391.07 44.0
1548435401.08 44.0
1548435411.1 44.5
1548435421.11 44.0
1548435431.13 43.5
1548435441.15 44.0
1548435451.16 44.5
1548435461.17 43.5
1548435471.19 44.5
1548435481.2 44.0
1548435491.21 44.0
1548435501.22 44.5
1548435511.25 44.0
1548435521.26 44.0
1548435531.28 44.5
1548435541.3 44.0
1548435551.31 44.0
1548435561.32 44.0
1548435571.35 43.5
1548435581.36 44.0
1548435591.38 44.0
1548435601.39 44.5
