1548800009.84 35.4
1548800019.86 36.5
1548800029.88 35.9
1548800039.9 35.4
1548800049.92 35.9
1548800059.94 35.9
1548800069.95 36.5
1548800079.97 36.5
1548800089.98 36.5
1548800100.0 36.5
1548800110.02 36.5
1548800120.04 37.0
1548800130.06 36.5
1548800140.08 36.5
1548800150.1 36.5
1548800160.12 36.5
1548800170.14 36.5
1548800180.16 36.5
1548800190.18 36.5
1548800200.2 36.5
1548800210.22 36.5
1548800220.24 36.5
1548800230.26 37.0
1548800240.28 36.5
1548800250.3 37.0
1548800260.32 36.5
1548800270.34 36.5
1548800280.35 36.5
1548800290.37 36.5
1548800300.39 37.0
1548800310.41 36.5
1548800320.43 37.6
1548800330.44 37.6
1548800340.48 37.0
1548800350.5 36.5
1548800360.52 37.0
1548800370.53 36.5
1548800380.55 36.5
1548800390.57 36.5
1548800400.59 36.5
1548800410.62 36.5
1548800420.64 35.4
1548800430.65 36.5
1548800440.67 36.5
1548800450.7 36.5
1548800460.71 36.5
1548800470.73 37.0
1548800480.75 35.9
1548800490.77 37.0
1548800500.78 36.5
1548800510.8 36.5
1548800520.82 36.5
1548800530.84 36.5
1548800540.86 37.6
1548800550.88 37.0
1548800560.9 37.0
1548800570.92 37.0
1548800580.94 37.0
1548800590.96 36.5
1548800600.98 36.5
1548800611.0 37.0
1548800621.01 37.6
1548800631.03 37.0
1548800641.05 37.6
1548800651.06 38.1
1548800661.17 37.0
1548800671.19 37.0
1548800681.21 37.0
1548800691.22 37.6
1548800701.25 37.6
1548800711.26 37.0
1548800721.28 37.6
1548800731.29 37.6
1548800741.31 36.5
1548800751.33 37.6
1548800761.36 36.5
1548800771.38 37.0
1548800781.39 36.5
1548800791.41 36.5
1548800801.43 36.5
1548800811.45 36.5
1548800821.47 36.5
1548800831.49 36.5
1548800841.51 36.5
1548800851.53 36.5
1548800861.55 36.5
1548800871.57 36.5
1548800881.6 37.0
1548800891.61 37.0
1548800901.63 37.0
1548800911.65 36.5
1548800921.67 36.5
1548800931.69 35.4
1548800941.71 36.5
1548800951.73 36.5
1548800961.75 36.5
1548800971.77 36.5
1548800981.8 36.5
1548800991.81 36.5
1548801001.83 37.6
1548801011.85 36.5
1548801021.87 36.5
1548801031.89 36.5
1548801041.91 36.5
1548801051.92 37.0
1548801061.94 37.0
1548801071.95 36.5
1548801081.97 36.5
1548801091.98 36.5
1548801102.0 36.5
1548801112.02 36.5
1548801122.03 36.5
1548801132.05 37.0
1548801142.07 36.5
1548801152.09 36.5
1548801162.1 37.0
1548801172.12 37.0
1548801182.14 37.6
1548801192.15 37.6
1548801202.17 36.5
1548801212.19 37.0
1548801222.2 37.6
1548801232.22 37.6
1548801242.24 38.1
1548801252.25 37.6
1548801262.27 37.0
1548801272.29 37.0
1548801282.31 37.0
1548801292.33 37.6
1548801302.34 37.0
1548801312.36 36.5
1548801322.38 37.0
1548801332.4 37.6
1548801342.42 37.0
1548801352.43 36.5
1548801362.46 37.6
1548801372.47 37.6
1548801382.49 37.0
1548801392.51 37.0
1548801402.53 38.1
1548801412.55 37.0
1548801422.57 38.1
1548801432.58 36.5
1548801442.6 37.6
1548801452.62 37.6
1548801462.63 37.6
1548801472.65 36.5
1548801482.68 36.5
1548801492.69 36.5
1548801502.71 37.0
1548801512.73 35.9
1548801522.75 37.0
1548801532.77 36.5
1548801542.79 37.0
1548801552.81 36.5
1548801562.83 36.5
1548801572.84 36.5
1548801582.86 37.0
1548801592.87 37.6
1548801602.89 36.5
1548801612.9 37.0
1548801622.92 37.0
1548801632.94 37.0
1548801642.96 37.6
1548801652.98 36.5
1548801663.0 37.6
1548801673.01 36.5
1548801683.03 36.5
1548801693.05 37.0
1548801703.08 37.0
1548801713.1 37.6
1548801723.12 36.5
1548801733.13 37.6
1548801743.16 36.5
1548801753.18 36.5
1548801763.2 37.6
1548801773.21 37.6
1548801783.23 37.6
1548801793.25 36.5
1548801803.27 37.6
1548801813.28 37.6
1548801823.3 37.0
1548801833.32 37.6
1548801843.35 36.5
1548801853.36 37.0
1548801863.38 37.6
1548801873.39 37.0
1548801883.41 36.5
1548801893.5 37.6
1548801903.51 37.6
1548801913.53 36.5
1548801923.54 37.0
1548801933.57 37.6
1548801943.58 37.6
1548801953.6 36.5
1548801963.61 37.6
1548801973.63 37.6
1548801983.64 37.6
1548801993.67 37.0
1548802003.68 37.6
1548802013.7 37.0
1548802023.72 37.0
1548802033.74 36.5
1548802043.75 36.5
1548802053.77 37.0
1548802063.79 37.0
1548802073.81 37.0
1548802083.83 36.5
1548802093.85 36.5
1548802103.87 37.0
1548802113.89 38.1
1548802123.91 37.6
1548802133.92 38.1
1548802143.96 37.6
1548802153.98 36.5
1548802164.0 37.6
1548802174.02 37.6
1548802184.03 37.6
1548802194.05 37.6
1548802204.06 38.1
1548802214.07 36.5
1548802224.09 37.6
1548802234.11 37.6
1548802244.12 37.0
1548802254.14 37.0
1548802264.15 37.6
1548802274.17 37.6
1548802284.19 38.1
1548802294.2 37.0
1548802304.22 38.1
1548802314.24 37.6
1548802324.26 37.6
1548802334.29 37.0
1548802344.31 37.0
1548802354.33 37.6
1548802364.35 37.0
1548802374.36 37.6
1548802384.38 37.6
1548802394.4 37.6
1548802404.42 37.6
1548802414.44 38.1
1548802424.46 37.0
1548802434.47 38.1
1548802444.49 37.6
1548802454.51 37.0
1548802464.53 38.6
1548802474.55 38.1
1548802484.57 38.1
1548802494.59 38.1
1548802504.6 38.6
1548802514.62 37.6
1548802524.64 38.1
1548802534.66 37.0
1548802544.68 38.1
1548802554.69 38.1
1548802564.71 38.1
1548802574.73 38.6
1548802584.74 38.6
1548802594.76 38.6
1548802604.77 38.6
1548802614.78 38.6
1548802624.8 38.6
1548802634.81 38.1
1548802644.83 37.6
1548802654.85 38.6
1548802664.86 38.6
1548802674.88 38.6
1548802684.89 38.6
1548802694.91 38.6
1548802704.93 38.1
1548802714.95 38.1
1548802724.97 37.6
1548802734.99 37.6
1548802745.01 37.6
1548802755.02 37.0
1548802765.04 37.6
1548802775.05 38.1
1548802785.08 38.1
1548802795.1 38.1
1548802805.12 39.2
1548802815.14 38.6
1548802825.15 38.1
1548802835.17 38.6
1548802845.18 37.6
1548802855.2 37.6
1548802865.21 37.6
1548802875.23 37.0
1548802885.25 37.6
1548802895.27 37.6
1548802905.29 36.5
1548802915.31 36.5
1548802925.33 37.6
1548802935.34 37.6
1548802945.36 37.6
1548802955.38 36.5
1548802965.4 37.0
1548802975.42 37.0
1548802985.44 37.6
1548802995.45 37.6
1548803005.47 37.6
1548803015.49 37.6
1548803025.51 36.5
1548803035.53 36.5
1548803045.55 37.0
1548803055.57 36.5
1548803065.59 37.6
1548803075.61 37.6
1548803085.63 37.0
1548803095.65 36.5
1548803105.66 37.6
1548803115.68 36.5
1548803125.7 37.6
1548803135.71 37.0
1548803145.74 37.0
1548803155.75 38.1
1548803165.77 37.6
1548803175.78 37.0
1548803185.8 37.6
1548803195.81 38.1
1548803205.83 38.1
1548803215.85 37.0
1548803225.87 37.6
1548803235.89 37.0
1548803245.91 37.6
1548803255.92 37.6
1548803265.94 37.6
1548803275.95 37.6
1548803285.97 37.6
1548803295.99 37.6
1548803306.01 37.0
1548803316.03 37.6
1548803326.05 37.6
1548803336.07 37.0
1548803346.09 37.6
1548803356.11 37.0
1548803366.13 36.5
1548803376.15 36.5
1548803386.17 37.0
1548803396.18 38.1
1548803406.2 37.6
1548803416.22 37.6
1548803426.23 37.6
1548803436.25 38.1
1548803446.26 38.1
1548803456.27 37.6
1548803466.29 38.1
1548803476.3 38.6
1548803486.32 37.6
1548803496.33 38.1
1548803506.35 37.6
1548803516.36 38.1
1548803526.38 37.6
1548803536.4 38.6
1548803546.42 38.6
1548803556.43 38.1
1548803566.45 38.1
1548803576.47 37.6
1548803586.49 38.1
1548803596.51 38.1
1548803606.53 37.6
1548803616.55 38.6
1548803626.58 37.6
1548803636.6 38.1
1548803646.62 37.6
1548803656.64 37.6
1548803666.65 37.6
1548803676.67 37.0
1548803686.7 37.0
1548803696.71 37.6
1548803706.73 37.6
1548803716.74 37.6
1548803726.76 37.6
1548803736.78 37.6
1548803746.8 37.6
1548803756.82 37.6
1548803766.84 38.1
1548803776.86 37.6
1548803786.88 38.1
1548803796.9 37.6
1548803806.91 37.6
1548803816.93 38.1
1548803826.95 37.6
1548803836.97 37.0
1548803847.0 37.0
1548803857.02 38.1
1548803867.04 37.6
1548803877.06 37.6
1548803887.08 36.5
1548803897.09 37.6
1548803907.11 37.0
1548803917.13 37.6
1548803927.15 37.0
1548803937.17 37.0
1548803947.18 37.0
1548803957.2 37.6
1548803967.22 37.6
1548803977.24 36.5
1548803987.26 36.5
1548803997.27 36.5
1548804007.29 37.6
1548804017.3 37.0
1548804027.32 37.0
1548804037.34 36.5
1548804047.36 37.6
1548804057.38 36.5
1548804067.4 36.5
1548804077.42 37.0
1548804087.43 37.0
1548804097.45 35.9
1548804107.47 36.5
1548804117.49 37.0
1548804127.51 36.5
1548804137.53 36.5
1548804147.54 37.0
1548804157.56 36.5
1548804167.57 36.5
1548804177.59 36.5
1548804187.61 36.5
1548804197.63 36.5
1548804207.65 36.5
1548804217.67 36.5
1548804227.69 36.5
1548804237.71 35.9
1548804247.73 36.5
1548804257.74 36.5
1548804267.76 36.5
1548804277.78 37.0
1548804287.8 36.5
1548804297.82 36.5
1548804307.84 35.9
1548804317.86 36.5
1548804327.88 36.5
1548804337.89 36.5
1548804347.91 37.6
1548804357.92 37.0
1548804367.94 36.5
1548804377.96 37.0
1548804387.98 36.5
1548804398.0 36.5
1548804408.02 36.5
1548804418.03 37.0
1548804428.05 36.5
1548804438.07 35.9
1548804448.09 36.5
1548804458.11 36.5
1548804468.14 36.5
1548804478.15 36.5
1548804488.17 36.5
1548804498.19 36.5
1548804508.2 37.0
1548804518.21 37.0
1548804528.22 37.0
1548804538.23 37.6
1548804548.25 37.0
1548804558.26 37.0
1548804568.28 36.5
1548804578.3 37.6
1548804588.31 37.6
1548804598.33 37.0
1548804608.34 37.6
1548804618.36 37.0
1548804628.38 37.6
1548804638.39 37.0
1548804648.41 38.1
1548804658.42 37.0
1548804668.44 37.6
1548804678.45 36.5
1548804688.47 37.6
1548804698.48 37.6
1548804708.5 37.6
1548804718.51 37.6
1548804728.53 38.1
1548804738.54 37.0
1548804748.55 37.6
1548804758.57 37.0
1548804768.59 37.6
1548804778.61 37.6
1548804788.63 37.0
1548804798.65 37.6
1548804808.67 37.0
1548804818.68 36.5
1548804828.7 37.6
1548804838.72 36.5
1548804848.73 37.0
1548804858.75 37.6
1548804868.78 37.6
1548804878.79 37.6
1548804888.81 37.0
1548804898.82 37.6
1548804908.84 37.6
1548804918.86 37.6
1548804928.88 37.0
1548804938.89 37.6
1548804948.9 38.6
1548804958.92 38.6
1548804968.95 38.1
1548804978.97 38.6
1548804988.99 37.6
1548804999.0 38.6
1548805009.02 38.1
1548805019.03 38.6
1548805029.04 37.6
1548805039.06 38.6
1548805049.07 38.6
1548805059.09 38.1
1548805069.11 38.6
1548805079.12 38.6
1548805089.14 38.1
1548805099.16 38.6
1548805109.17 38.6
1548805119.19 37.6
1548805129.21 38.1
1548805139.23 38.6
1548805149.25 38.1
1548805159.26 38.6
1548805169.28 38.6
1548805179.29 38.6
1548805189.31 37.6
1548805199.33 37.6
1548805209.35 37.6
1548805219.37 37.6
1548805229.39 38.1
1548805239.41 38.6
1548805249.43 37.6
1548805259.44 37.6
1548805269.46 38.6
1548805279.48 38.6
1548805289.49 38.6
1548805299.52 37.6
1548805309.53 37.6
1548805319.55 38.1
1548805329.56 38.6
1548805339.58 38.6
1548805349.59 38.6
1548805359.61 38.1
1548805369.62 38.6
1548805379.64 38.1
1548805389.66 37.6
1548805399.67 38.1
1548805409.69 37.6
1548805419.7 36.5
1548805429.72 37.6
1548805439.74 37.6
1548805449.75 38.1
1548805459.77 37.6
1548805469.78 37.0
1548805479.8 37.6
1548805489.82 37.6
1548805499.84 38.1
1548805509.86 36.5
1548805519.88 37.6
1548805529.9 36.5
1548805539.93 37.0
1548805549.94 36.5
1548805559.96 37.0
1548805569.98 37.6
1548805580.0 37.6
1548805590.02 37.0
1548805600.05 37.0
1548805610.07 36.5
1548805620.09 37.6
1548805630.1 37.6
1548805640.12 37.0
1548805650.13 37.6
1548805660.15 37.0
1548805670.17 37.0
1548805680.19 36.5
1548805690.2 37.6
1548805700.22 38.1
1548805710.24 36.5
1548805720.25 37.6
1548805730.27 37.6
1548805740.29 37.0
1548805750.32 36.5
1548805760.34 36.5
1548805770.36 37.0
1548805780.37 37.6
1548805790.39 37.0
1548805800.41 37.0
1548805810.43 37.6
1548805820.44 38.1
1548805830.45 37.0
1548805840.47 36.5
1548805850.49 37.0
1548805860.51 37.0
1548805870.52 38.1
1548805880.54 37.6
1548805890.55 37.6
1548805900.58 36.5
1548805910.59 37.0
1548805920.6 37.0
1548805930.62 36.5
1548805940.64 37.6
1548805950.66 37.0
1548805960.67 37.6
1548805970.69 37.6
1548805980.71 36.5
1548805990.73 36.5
1548806000.74 37.0
1548806010.76 36.5
1548806020.77 36.5
1548806030.79 37.0
1548806040.8 37.0
1548806050.82 36.5
1548806060.84 37.0
1548806070.85 37.0
1548806080.87 37.0
1548806090.89 36.5
1548806100.9 37.6
1548806110.92 37.0
1548806120.94 37.0
1548806130.95 36.5
1548806140.96 37.0
1548806150.97 37.0
1548806160.98 36.5
1548806171.0 37.0
1548806181.02 37.0
1548806191.04 37.0
1548806201.05 36.5
1548806211.06 37.6
1548806221.08 37.6
1548806231.1 37.6
1548806241.12 37.0
1548806251.13 38.1
1548806261.15 37.0
1548806271.16 37.6
1548806281.18 36.5
1548806291.19 38.1
1548806301.2 37.6
1548806311.22 37.0
1548806321.24 37.6
1548806331.26 37.6
1548806341.28 37.6
1548806351.3 37.6
1548806361.31 38.1
1548806371.32 37.6
1548806381.34 37.6
1548806391.35 38.1
1548806401.37 37.6
1548806411.39 38.1
1548806421.4 38.1
1548806431.42 38.1
1548806441.43 38.1
1548806451.45 37.6
1548806461.47 37.6
1548806471.49 37.6
1548806481.51 37.6
1548806491.53 37.6
1548806501.54 38.6
1548806511.56 38.1
1548806521.57 38.1
1548806531.59 38.1
1548806541.61 38.6
1548806551.63 38.1
1548806561.64 38.6
1548806571.66 38.1
1548806581.68 37.6
1548806591.7 37.6
1548806601.72 38.1
1548806611.74 37.6
1548806621.75 38.1
1548806631.77 37.6
1548806641.79 37.6
1548806651.81 37.6
1548806661.83 37.0
1548806671.85 38.6
1548806681.87 37.6
1548806691.89 37.6
1548806701.91 38.1
1548806711.92 37.6
1548806721.94 37.6
1548806731.95 36.5
1548806741.97 37.0
1548806752.0 37.0
1548806762.02 37.0
1548806772.04 36.5
1548806782.06 37.6
1548806792.08 36.5
1548806802.09 37.0
1548806812.11 36.5
1548806822.13 36.5
1548806832.15 36.5
1548806842.17 36.5
1548806852.19 36.5
1548806862.2 36.5
1548806872.22 37.0
1548806882.24 36.5
1548806892.26 37.6
1548806902.28 36.5
1548806912.3 37.0
1548806922.32 37.0
1548806932.34 37.6
1548806942.36 36.5
1548806952.38 37.0
1548806962.4 37.0
1548806972.42 37.6
1548806982.44 37.0
1548806992.46 37.0
1548807002.48 37.0
1548807012.5 37.6
1548807022.52 37.6
1548807032.53 36.5
1548807042.55 37.6
1548807052.57 36.5
1548807062.59 37.0
1548807072.61 37.6
1548807082.63 36.5
1548807092.65 37.0
1548807102.67 37.6
1548807112.69 37.0
1548807122.7 38.1
1548807132.72 36.5
1548807142.74 37.0
1548807152.76 37.6
1548807162.78 37.0
1548807172.8 37.6
1548807182.82 37.0
1548807192.84 36.5
1548807202.86 36.5
1548807212.88 37.0
1548807222.9 36.5
1548807232.92 37.0
1548807242.94 36.5
1548807252.95 37.0
1548807262.98 38.1
1548807272.99 38.1
1548807283.02 37.6
1548807293.03 37.6
1548807303.05 38.1
1548807313.07 38.6
1548807323.08 37.6
1548807333.09 37.0
1548807343.12 37.6
1548807353.14 37.0
1548807363.16 37.0
1548807373.18 37.0
1548807383.2 37.6
1548807393.21 37.6
1548807403.23 36.5
1548807413.25 37.0
1548807423.27 37.6
1548807433.29 37.0
1548807443.31 37.6
1548807453.33 37.0
1548807463.35 36.5
1548807473.37 36.5
1548807483.39 37.0
1548807493.41 37.6
1548807503.43 37.6
1548807513.45 37.0
1548807523.47 37.6
1548807533.48 37.6
1548807543.5 38.1
1548807553.52 37.6
1548807563.53 38.1
1548807573.54 37.6
1548807583.56 37.6
1548807593.58 38.6
1548807603.6 38.1
1548807613.62 38.1
1548807623.63 38.1
1548807633.65 38.6
1548807643.66 38.1
1548807653.68 38.6
1548807663.7 38.1
1548807673.71 38.6
1548807683.73 37.6
1548807693.74 38.6
1548807703.76 37.6
1548807713.77 38.6
1548807723.78 37.6
1548807733.8 38.1
1548807743.81 38.6
1548807753.83 38.6
1548807763.84 38.6
1548807773.86 37.6
1548807783.88 39.2
1548807793.89 38.6
1548807803.91 38.6
1548807813.92 38.6
1548807823.94 39.2
1548807833.96 38.6
1548807843.97 38.6
1548807853.98 39.7
1548807863.99 38.6
1548807874.01 39.2
1548807884.02 38.6
1548807894.03 39.2
1548807904.04 38.6
1548807914.06 38.6
1548807924.08 38.6
1548807934.09 38.6
1548807944.1 38.6
1548807954.12 38.1
1548807964.14 37.6
1548807974.15 38.1
1548807984.17 38.6
1548807994.19 38.6
1548808004.2 38.1
1548808014.22 38.1
1548808024.24 37.6
1548808034.26 38.6
1548808044.27 37.6
1548808054.29 38.1
1548808064.31 37.6
1548808074.33 38.6
1548808084.35 38.1
1548808094.36 38.6
1548808104.38 37.6
1548808114.4 38.1
1548808124.41 37.6
1548808134.43 38.1
1548808144.45 37.6
1548808154.46 37.6
1548808164.48 38.6
1548808174.49 38.1
1548808184.51 38.6
1548808194.53 37.6
1548808204.55 37.6
1548808214.56 38.1
1548808224.6 37.6
1548808234.61 37.6
1548808244.64 38.1
1548808254.66 38.6
1548808264.67 38.6
1548808274.69 37.6
1548808284.71 37.6
1548808294.74 38.6
1548808304.76 38.1
1548808314.77 38.1
1548808324.79 37.6
1548808334.81 38.1
1548808344.83 37.6
1548808354.85 38.1
1548808364.87 38.6
1548808374.89 38.6
1548808384.91 38.6
1548808394.93 38.6
1548808404.95 39.2
1548808414.97 39.2
1548808424.99 38.6
1548808435.01 38.6
1548808445.03 39.2
1548808455.05 39.2
1548808465.07 38.6
1548808475.09 39.2
1548808485.11 38.6
1548808495.13 39.2
1548808505.14 38.6
1548808515.15 38.6
1548808525.17 37.6
1548808535.19 38.1
1548808545.21 38.6
1548808555.22 38.6
1548808565.25 38.6
1548808575.26 38.6
1548808585.28 38.6
1548808595.29 38.6
1548808605.31 38.6
1548808615.32 38.6
1548808625.34 38.6
1548808635.36 38.6
1548808645.37 38.6
1548808655.39 38.6
1548808665.4 39.2
1548808675.42 39.2
1548808685.43 39.2
1548808695.45 38.6
1548808705.47 39.7
1548808715.48 38.6
1548808725.5 39.2
1548808735.52 38.1
1548808745.54 38.6
1548808755.55 38.6
1548808765.57 38.6
1548808775.59 38.6
1548808785.61 38.6
1548808795.63 38.6
1548808805.65 38.6
1548808815.66 38.6
1548808825.68 38.1
1548808835.7 38.6
1548808845.72 38.6
1548808855.74 38.6
1548808865.76 38.1
1548808875.77 38.6
1548808885.8 38.1
1548808895.82 38.1
1548808905.84 38.1
1548808915.85 38.6
1548808925.87 37.6
1548808935.89 38.6
1548808945.91 38.1
1548808955.93 38.1
1548808965.95 38.6
1548808975.97 38.6
1548808985.98 38.6
1548808996.01 38.6
1548809006.03 38.6
1548809016.05 37.6
1548809026.06 37.6
1548809036.08 38.1
1548809046.11 38.6
1548809056.12 37.6
1548809066.14 38.6
1548809076.16 37.6
1548809086.18 38.1
1548809096.2 37.6
1548809106.22 37.6
1548809116.24 38.6
1548809126.26 38.6
1548809136.27 38.6
1548809146.29 38.6
1548809156.31 38.6
1548809166.32 38.1
1548809176.34 38.6
1548809186.36 38.6
1548809196.37 38.6
1548809206.39 38.6
1548809216.4 38.6
1548809226.42 39.2
1548809236.44 39.2
1548809246.46 39.2
1548809256.48 39.2
1548809266.5 38.6
1548809276.51 38.6
1548809286.53 39.2
1548809296.54 39.2
1548809306.56 39.7
1548809316.58 38.6
1548809326.59 39.7
1548809336.6 38.6
1548809346.61 38.6
1548809356.63 38.6
1548809366.65 39.2
1548809376.66 39.2
1548809386.68 39.2
1548809396.7 39.7
1548809406.71 39.2
1548809416.73 39.2
1548809426.75 38.6
1548809436.76 39.7
1548809446.78 39.7
1548809456.79 39.2
1548809466.8 39.7
1548809476.81 39.2
1548809486.83 39.7
1548809496.84 40.2
1548809506.85 39.7
1548809516.87 39.7
1548809526.88 39.2
1548809536.89 39.2
1548809546.9 39.7
1548809556.92 39.2
1548809566.94 39.2
1548809576.95 39.2
1548809586.97 38.6
1548809596.98 38.6
1548809607.0 38.1
1548809617.01 39.2
1548809627.03 38.1
1548809637.04 38.1
1548809647.06 38.1
1548809657.08 38.1
1548809667.09 38.6
1548809677.11 38.6
1548809687.13 38.6
1548809697.15 37.6
1548809707.17 39.2
1548809717.18 38.6
1548809727.2 38.6
1548809737.22 38.6
1548809747.24 39.2
1548809757.26 38.6
1548809767.27 38.6
1548809777.29 39.2
1548809787.31 37.6
1548809797.33 38.6
1548809807.34 38.6
1548809817.36 37.6
1548809827.38 37.6
1548809837.39 38.6
1548809847.4 37.6
1548809857.42 37.6
1548809867.45 37.6
1548809877.47 37.0
1548809887.49 37.6
1548809897.51 37.6
1548809907.53 37.0
1548809917.55 37.6
1548809927.57 37.6
1548809937.59 38.1
1548809947.6 37.6
1548809957.62 38.1
1548809967.64 37.6
1548809977.65 37.6
1548809987.66 37.0
1548809997.68 37.6
