1548200006.59 30.6
1548200016.62 30.0
1548200026.64 29.5
1548200036.66 30.0
1548200046.68 30.0
1548200056.7 30.0
1548200066.72 28.9
1548200076.74 30.0
1548200086.76 30.0
1548200096.78 30.0
1548200106.8 29.5
1548200116.82 30.0
1548200126.84 29.5
1548200136.86 30.0
1548200146.88 29.5
1548200156.9 29.5
1548200166.92 30.6
1548200176.94 30.0
1548200186.96 30.0
1548200196.98 28.9
1548200207.0 30.0
1548200217.02 30.0
1548200227.03 30.6
1548200237.05 30.0
1548200247.07 30.0
1548200257.09 30.0
1548200267.11 30.0
1548200277.13 30.0
1548200287.14 30.6
1548200297.16 30.6
1548200307.18 30.0
1548200317.21 30.0
1548200327.23 28.9
1548200337.25 29.5
1548200347.26 29.5
1548200357.28 28.9
1548200367.3 28.9
1548200377.32 29.5
1548200387.34 29.5
1548200397.36 28.9
1548200407.38 29.5
1548200417.4 30.0
1548200427.42 29.5
1548200437.44 30.0
1548200447.46 30.0
1548200457.48 28.9
1548200467.5 30.0
1548200477.52 29.5
1548200487.54 28.9
1548200497.56 30.6
1548200507.57 30.0
1548200517.59 30.0
1548200527.6 30.0
1548200537.62 30.0
1548200547.64 30.0
1548200557.66 29.5
1548200567.67 30.0
1548200577.69 30.0
1548200587.71 30.0
1548200597.73 30.0
1548200607.75 30.0
1548200617.76 30.0
1548200627.78 30.0
1548200637.8 30.0
1548200647.82 30.0
1548200657.84 30.6
1548200667.86 29.5
1548200677.88 30.6
1548200687.89 30.0
1548200697.91 29.5
1548200707.94 28.9
1548200717.96 29.5
1548200727.98 28.9
1548200738.0 29.5
1548200748.02 28.9
1548200758.04 28.9
1548200768.06 29.5
1548200778.08 29.5
1548200788.1 30.0
1548200798.12 29.5
1548200808.14 30.0
1548200818.16 28.9
1548200828.17 30.0
1548200838.19 29.5
1548200848.2 30.0
1548200858.22 30.0
1548200868.24 28.9
1548200878.26 28.9
1548200888.28 28.9
1548200898.3 30.0
1548200908.33 30.0
1548200918.35 28.9
1548200928.37 29.5
1548200938.39 29.5
1548200948.4 29.5
1548200958.42 30.0
1548200968.44 30.6
1548200978.46 30.0
1548200988.48 30.0
1548200998.5 30.6
1548201008.52 29.5
1548201018.54 30.0
1548201028.56 30.0
1548201038.58 29.5
1548201048.6 30.0
1548201058.63 29.5
1548201068.65 28.9
1548201078.67 29.5
1548201088.68 30.6
1548201098.7 30.0
1548201108.73 30.0
1548201118.75 29.5
1548201128.77 30.0
1548201138.78 30.0
1548201148.8 30.0
1548201158.82 30.0
1548201168.83 30.0
1548201178.85 30.6
1548201188.87 30.6
1548201198.89 30.0
1548201208.91 30.0
1548201218.93 30.0
1548201228.95 30.0
1548201239.06 30.6
1548201249.08 30.0
1548201259.1 30.0
1548201269.12 30.0
1548201279.14 30.0
1548201289.17 29.5
1548201299.19 30.0
1548201309.21 28.9
1548201319.23 28.9
1548201329.25 30.0
1548201339.27 29.5
1548201349.29 30.0
1548201359.31 30.0
1548201369.33 30.0
1548201379.35 30.0
1548201389.37 30.0
1548201399.39 30.0
1548201409.41 30.0
1548201419.43 30.0
1548201429.45 30.6
1548201439.48 30.0
1548201449.5 28.9
1548201459.52 29.5
1548201469.54 30.0
1548201479.56 30.0
1548201489.58 30.0
1548201499.6 30.0
1548201509.62 28.9
1548201519.64 29.5
1548201529.67 30.0
1548201539.68 30.6
1548201549.7 30.0
1548201559.72 30.0
1548201569.74 30.6
1548201579.76 30.0
1548201589.78 30.0
1548201599.8 30.0
1548201609.82 30.0
1548201619.84 30.0
1548201629.86 30.0
1548201639.88 30.0
1548201649.9 30.0
1548201659.91 30.6
1548201669.93 30.0
1548201679.95 30.6
1548201689.96 31.1
1548201699.97 30.0
1548201709.99 30.0
1548201720.01 28.9
1548201730.03 30.0
1548201740.05 30.0
1548201750.07 30.0
1548201760.09 30.6
1548201770.11 30.6
1548201780.13 30.0
1548201790.15 30.0
1548201800.17 30.0
1548201810.19 30.6
1548201820.21 30.6
1548201830.23 30.0
1548201840.25 30.0
1548201850.27 30.0
1548201860.29 30.0
1548201870.31 31.1
1548201880.33 31.1
1548201890.35 30.0
1548201900.37 31.1
1548201910.39 30.0
1548201920.41 30.6
1548201930.42 30.6
1548201940.44 30.0
1548201950.45 31.1
1548201960.47 31.1
1548201970.49 30.6
1548201980.52 30.6
1548201990.53 31.1
1548202000.57 31.1
1548202010.58 31.1
1548202020.6 31.1
1548202030.61 31.1
1548202040.64 30.0
1548202050.65 31.1
1548202060.66 31.1
1548202070.68 31.1
1548202080.7 31.1
1548202090.72 30.6
1548202100.74 30.6
1548202110.75 30.6
1548202120.77 30.6
1548202130.79 31.1
1548202140.81 30.6
1548202150.83 30.6
1548202160.85 30.6
1548202170.87 30.6
1548202180.89 30.0
1548202190.91 30.6
1548202200.93 31.1
1548202210.95 30.0
1548202220.97 30.0
1548202230.99 30.0
1548202241.0 30.6
1548202251.02 30.0
1548202261.04 30.0
1548202271.06 30.0
1548202281.08 30.0
1548202291.1 30.0
1548202301.12 30.6
1548202311.13 30.6
1548202321.15 30.0
1548202331.17 30.6
1548202341.19 30.0
1548202351.21 30.0
1548202361.23 30.6
1548202371.25 31.1
1548202381.27 30.0
1548202391.29 30.6
1548202401.31 30.6
1548202411.34 30.6
1548202421.36 30.6
1548202431.38 30.6
1548202441.4 30.6
1548202451.42 30.6
1548202461.43 30.6
1548202471.45 30.0
1548202481.47 29.5
1548202491.49 31.1
1548202501.51 30.0
1548202511.53 30.0
1548202521.55 30.0
1548202531.57 30.0
1548202541.6 30.0
1548202551.61 31.1
1548202561.63 30.0
1548202571.65 30.0
1548202581.68 30.0
1548202591.7 30.0
1548202601.71 30.0
1548202611.73 29.5
1548202621.76 29.5
1548202631.78 30.0
1548202641.8 29.5
1548202651.82 30.0
1548202661.84 30.0
1548202671.86 30.0
1548202681.88 30.0
1548202691.89 30.0
1548202701.92 30.6
1548202711.94 30.0
1548202721.96 30.0
1548202731.98 30.0
1548202741.99 30.0
1548202752.01 30.0
1548202762.03 30.6
1548202772.05 30.0
1548202782.07 30.0
1548202792.09 30.0
1548202802.11 30.0
1548202812.13 29.5
1548202822.14 30.0
1548202832.16 28.9
1548202842.18 30.0
1548202852.2 30.0
1548202862.22 28.9
1548202872.24 30.0
1548202882.26 30.0
1548202892.28 30.0
1548202902.3 30.6
1548202912.32 30.0
1548202922.35 29.5
1548202932.37 30.0
1548202942.39 30.0
1548202952.41 30.0
1548202962.43 30.6
1548202972.44 30.0
1548202982.46 30.0
1548202992.48 30.6
1548203002.5 30.0
1548203012.52 30.0
1548203022.54 30.6
1548203032.56 30.0
1548203042.58 30.0
1548203052.6 30.0
1548203062.62 30.0
1548203072.64 30.0
1548203082.66 30.0
1548203092.68 30.0
1548203102.7 30.0
1548203112.72 29.5
1548203122.74 30.0
1548203132.75 30.0
1548203142.77 30.0
1548203152.8 30.0
1548203162.82 30.0
1548203172.83 30.0
1548203182.85 30.0
1548203192.87 30.6
1548203202.89 30.0
1548203212.92 29.5
1548203222.94 30.0
1548203232.96 30.0
1548203242.98 30.0
1548203253.0 30.0
1548203263.02 30.0
1548203273.04 30.0
1548203283.06 29.5
1548203293.08 28.9
1548203303.1 30.0
1548203313.12 30.0
1548203323.13 30.0
1548203333.15 29.5
1548203343.17 30.0
1548203353.19 30.0
1548203363.21 28.9
1548203373.23 30.0
1548203383.25 28.9
1548203393.27 30.0
1548203403.3 28.9
1548203413.32 30.0
1548203423.35 29.5
1548203433.37 28.9
1548203443.39 30.0
1548203453.41 29.5
1548203463.43 30.0
1548203473.45 28.9
1548203483.47 29.5
1548203493.49 28.9
1548203503.51 29.5
1548203513.54 29.5
1548203523.56 29.5
1548203533.58 30.0
1548203543.59 30.0
1548203553.61 30.0
1548203563.63 30.0
1548203573.65 28.9
1548203583.67 29.5
1548203593.69 30.0
1548203603.71 28.9
1548203613.73 30.0
1548203623.75 30.0
1548203633.77 29.5
1548203643.79 29.5
1548203653.81 28.9
1548203663.83 29.5
1548203673.84 30.6
1548203683.86 28.9
1548203693.89 28.9
1548203703.91 30.6
1548203713.92 30.0
1548203723.94 30.0
1548203733.96 30.0
1548203743.98 29.5
1548203754.0 30.0
1548203764.02 30.0
1548203774.04 30.6
1548203784.06 29.5
1548203794.08 28.9
1548203804.1 28.9
1548203814.12 30.0
1548203824.14 30.0
1548203834.16 29.5
1548203844.19 30.0
1548203854.21 30.0
1548203864.23 30.0
1548203874.24 30.6
1548203884.26 30.0
1548203894.29 29.5
1548203904.31 30.0
1548203914.32 30.0
1548203924.34 30.6
1548203934.36 29.5
1548203944.38 29.5
1548203954.4 30.0
1548203964.42 30.0
1548203974.43 30.0
1548203984.45 29.5
1548203994.47 30.0
1548204004.49 30.0
1548204014.51 30.0
1548204024.53 30.0
1548204034.55 30.0
1548204044.57 30.0
1548204054.59 30.0
1548204064.6 31.1
1548204074.62 30.6
1548204084.64 30.0
1548204094.66 30.0
1548204104.68 30.0
1548204114.7 30.0
1548204124.73 30.0
1548204134.75 30.6
1548204144.76 30.0
1548204154.78 30.0
1548204164.8 30.0
1548204174.82 30.0
1548204184.84 30.0
1548204194.86 30.0
1548204204.88 30.6
1548204214.89 31.1
1548204224.9 30.0
1548204234.92 30.0
1548204244.94 30.0
1548204254.96 30.0
1548204264.98 30.0
1548204275.0 30.0
1548204285.02 31.1
1548204295.03 30.0
1548204305.05 30.0
1548204315.07 30.6
1548204325.09 29.5
1548204335.11 30.0
1548204345.13 30.6
1548204355.15 29.5
1548204365.17 30.6
1548204375.19 31.1
1548204385.21 30.6
1548204395.23 30.6
1548204405.25 29.5
1548204415.26 30.0
1548204425.28 30.6
1548204435.3 30.0
1548204445.32 30.0
1548204455.34 30.0
1548204465.36 30.0
1548204475.38 30.0
1548204485.4 29.5
1548204495.42 30.0
1548204505.44 29.5
1548204515.47 29.5
1548204525.49 30.6
1548204535.51 30.0
1548204545.53 30.0
1548204555.54 30.0
1548204565.56 30.0
1548204575.58 30.6
1548204585.6 30.0
1548204595.62 30.0
1548204605.64 30.0
1548204615.66 30.0
1548204625.68 30.0
1548204635.7 29.5
1548204645.72 30.0
1548204655.74 30.0
1548204665.76 29.5
1548204675.79 30.0
1548204685.81 30.0
1548204695.82 29.5
1548204705.84 30.0
1548204715.86 30.0
1548204725.88 30.0
1548204735.9 28.9
1548204745.92 29.5
1548204755.94 30.0
1548204765.96 28.9
1548204775.98 30.0
1548204785.99 30.0
1548204796.02 30.0
1548204806.03 30.0
1548204816.05 30.0
1548204826.07 28.9
1548204836.08 28.9
1548204846.1 28.9
1548204856.12 28.4
1548204866.14 28.9
1548204876.16 29.5
1548204886.18 29.5
1548204896.2 29.5
1548204906.22 28.9
1548204916.24 28.9
1548204926.27 28.9
1548204936.29 28.9
1548204946.31 30.0
1548204956.33 28.9
1548204966.35 30.0
1548204976.37 28.9
1548204986.39 29.5
1548204996.4 30.0
1548205006.42 30.0
1548205016.44 30.0
1548205026.46 29.5
1548205036.47 30.0
1548205046.49 30.0
1548205056.51 28.9
1548205066.53 30.0
1548205076.54 29.5
1548205086.56 28.9
1548205096.58 29.5
1548205106.6 29.5
1548205116.63 28.9
1548205126.65 30.0
1548205136.67 28.9
1548205146.69 28.9
1548205156.71 29.5
1548205166.73 29.5
1548205176.75 29.5
1548205186.77 30.0
1548205196.78 28.9
1548205206.79 30.0
1548205216.81 30.0
1548205226.83 28.9
1548205236.85 28.9
1548205246.87 30.0
1548205256.89 29.5
1548205266.91 28.9
1548205276.93 28.9
1548205286.95 28.9
1548205296.96 29.5
1548205306.98 28.9
1548205317.0 30.0
1548205327.02 30.0
1548205337.04 29.5
1548205347.06 29.5
1548205357.08 28.9
1548205367.1 29.5
1548205377.12 29.5
1548205387.14 28.9
1548205397.16 28.9
1548205407.18 28.9
1548205417.2 30.0
1548205427.22 29.5
1548205437.24 28.9
1548205447.26 29.5
1548205457.28 28.9
1548205467.3 28.9
1548205477.32 29.5
1548205487.34 28.9
1548205497.36 29.5
1548205507.38 29.5
1548205517.4 28.9
1548205527.42 28.9
1548205537.44 28.9
1548205547.46 29.5
1548205557.48 28.4
1548205567.5 28.9
1548205577.52 28.9
1548205587.54 28.9
1548205597.56 28.9
1548205607.58 29.5
1548205617.6 28.9
1548205627.62 28.9
1548205637.64 28.9
1548205647.65 28.9
1548205657.67 28.9
1548205667.69 28.9
1548205677.71 29.5
1548205687.73 28.9
1548205697.75 28.9
1548205707.77 28.9
1548205717.79 28.9
1548205727.81 30.0
1548205737.83 28.9
1548205747.85 28.9
1548205757.87 28.9
1548205767.89 28.9
1548205777.91 28.9
1548205787.93 29.5
1548205797.96 28.9
1548205807.97 29.5
1548205818.0 28.9
1548205828.01 29.5
1548205838.03 28.9
1548205848.05 28.4
1548205858.07 30.0
1548205868.08 28.9
1548205878.11 28.9
1548205888.13 28.4
1548205898.15 28.9
1548205908.17 28.9
1548205918.19 28.9
1548205928.21 28.9
1548205938.23 29.5
1548205948.25 28.9
1548205958.27 28.9
1548205968.29 28.9
1548205978.31 28.9
1548205988.33 28.9
1548205998.35 28.4
1548206008.38 28.9
1548206018.4 28.9
1548206028.42 28.9
1548206038.44 28.9
1548206048.46 28.9
1548206058.48 28.9
1548206068.5 28.9
1548206078.52 28.9
1548206088.54 29.5
1548206098.56 28.9
1548206108.58 28.9
1548206118.6 28.9
1548206128.62 28.9
1548206138.64 28.9
1548206148.66 29.5
1548206158.68 28.9
1548206168.7 30.6
1548206178.72 29.5
1548206188.74 29.5
1548206198.76 29.5
1548206208.78 29.5
1548206218.8 30.0
1548206228.82 29.5
1548206238.84 29.5
1548206248.86 30.0
1548206258.87 30.0
1548206268.88 30.0
1548206278.9 28.9
1548206288.93 30.0
1548206298.94 30.0
1548206308.96 30.0
1548206318.98 30.0
1548206329.0 29.5
1548206339.02 30.0
1548206349.04 29.5
1548206359.05 29.5
1548206369.07 30.0
1548206379.09 29.5
1548206389.1 30.0
1548206399.12 30.0
1548206409.13 30.6
1548206419.15 30.0
1548206429.18 29.5
1548206439.2 28.9
1548206449.21 30.6
1548206459.23 29.5
1548206469.25 29.5
1548206479.27 30.6
1548206489.29 28.9
1548206499.31 28.9
1548206509.33 30.0
1548206519.35 30.0
1548206529.38 30.0
1548206539.39 30.0
1548206549.41 30.6
1548206559.43 28.9
1548206569.45 30.0
1548206579.47 29.5
1548206589.49 28.9
1548206599.51 28.9
1548206609.53 28.9
1548206619.55 28.9
1548206629.58 28.9
1548206639.59 30.0
1548206649.61 28.9
1548206659.63 28.9
1548206669.65 30.0
1548206679.67 28.9
1548206689.69 28.9
1548206699.71 28.9
1548206709.73 29.5
1548206719.75 28.9
1548206729.77 28.9
1548206739.8 28.9
1548206749.82 29.5
1548206759.84 30.0
1548206769.86 28.9
1548206779.88 29.5
1548206789.91 28.9
1548206799.93 30.0
1548206809.95 28.9
1548206819.97 29.5
1548206829.99 28.9
1548206840.02 30.0
1548206850.04 28.9
1548206860.05 30.0
1548206870.07 28.9
1548206880.09 30.0
1548206890.11 28.9
1548206900.13 28.9
1548206910.15 28.9
1548206920.17 30.0
1548206930.18 28.9
1548206940.2 28.9
1548206950.22 28.9
1548206960.24 29.5
1548206970.26 28.9
1548206980.28 30.0
1548206990.3 28.9
1548207000.32 28.9
1548207010.34 28.9
1548207020.36 28.9
1548207030.38 30.0
1548207040.4 28.9
1548207050.42 30.0
1548207060.44 28.9
1548207070.46 29.5
1548207080.48 28.9
1548207090.5 28.9
1548207100.52 29.5
1548207110.54 30.0
1548207120.56 30.0
1548207130.58 30.0
1548207140.6 28.9
1548207150.62 28.9
1548207160.64 30.0
1548207170.67 28.9
1548207180.69 28.9
1548207190.71 28.9
1548207200.72 30.0
1548207210.75 28.9
1548207220.77 30.0
1548207230.79 30.0
1548207240.81 28.9
1548207250.82 30.6
1548207260.84 29.5
1548207270.86 30.0
1548207280.88 30.0
1548207290.9 30.0
1548207300.91 30.0
1548207310.93 30.0
1548207320.95 28.9
1548207330.97 29.5
1548207340.99 29.5
1548207351.02 30.0
1548207361.04 29.5
1548207371.05 29.5
1548207381.07 30.0
1548207391.09 29.5
1548207401.11 30.0
1548207411.13 30.0
1548207421.14 30.0
1548207431.16 30.0
1548207441.18 30.0
1548207451.2 30.0
1548207461.23 30.0
1548207471.24 30.0
1548207481.26 31.1
1548207491.28 30.0
1548207501.3 30.0
1548207511.32 30.6
1548207521.34 30.0
1548207531.36 30.0
1548207541.38 29.5
1548207551.4 30.0
1548207561.42 30.0
1548207571.44 29.5
1548207581.46 28.9
1548207591.48 30.0
1548207601.5 30.0
1548207611.52 29.5
1548207621.54 30.6
1548207631.56 29.5
1548207641.57 30.6
1548207651.59 30.0
1548207661.61 30.0
1548207671.63 29.5
1548207681.65 30.0
1548207691.67 30.0
1548207701.69 28.9
1548207711.71 29.5
1548207721.73 29.5
1548207731.75 30.6
1548207741.77 29.5
1548207751.79 30.0
1548207761.82 30.0
1548207771.84 30.0
1548207781.86 30.0
1548207791.88 30.0
1548207801.9 30.0
1548207811.92 29.5
1548207821.94 30.0
1548207831.96 30.0
1548207841.98 28.9
1548207852.0 30.0
1548207862.02 29.5
1548207872.05 29.5
1548207882.07 30.0
1548207892.09 30.0
1548207902.11 30.0
1548207912.13 30.0
1548207922.15 29.5
1548207932.17 30.0
1548207942.19 30.0
1548207952.21 30.0
1548207962.23 29.5
1548207972.25 30.0
1548207982.27 29.5
1548207992.29 30.0
1548208002.31 29.5
1548208012.33 30.0
1548208022.35 30.0
1548208032.36 30.6
1548208042.38 28.9
1548208052.41 28.9
1548208062.42 30.0
1548208072.44 30.0
1548208082.46 29.5
1548208092.48 29.5
1548208102.5 29.5
1548208112.52 28.9
1548208122.54 29.5
1548208132.56 30.0
1548208142.57 30.0
1548208152.59 29.5
1548208162.62 30.0
1548208172.63 30.0
1548208182.65 30.0
1548208192.67 30.0
1548208202.69 30.0
1548208212.71 29.5
1548208222.73 30.0
1548208232.74 30.0
1548208242.77 30.0
1548208252.79 30.0
1548208262.81 28.9
1548208272.82 30.0
1548208282.85 30.0
1548208292.87 29.5
1548208302.89 29.5
1548208312.91 29.5
1548208322.93 30.0
1548208332.95 29.5
1548208342.97 30.0
1548208352.99 29.5
1548208363.01 30.0
1548208373.03 30.0
1548208383.05 30.0
1548208393.07 30.6
1548208403.09 30.0
1548208413.11 30.0
1548208423.12 30.0
1548208433.14 30.0
1548208443.16 28.9
1548208453.18 29.5
1548208463.2 30.0
1548208473.23 30.0
1548208483.25 30.0
1548208493.27 30.0
1548208503.29 30.0
1548208513.3 28.9
1548208523.32 29.5
1548208533.34 28.9
1548208543.36 30.0
1548208553.38 29.5
1548208563.41 29.5
1548208573.43 30.0
1548208583.44 28.9
1548208593.46 28.9
1548208603.48 30.0
1548208613.5 30.0
1548208623.52 28.9
1548208633.54 30.0
1548208643.56 29.5
1548208653.57 30.0
1548208663.59 30.0
1548208673.61 30.0
1548208683.63 28.9
1548208693.65 28.9
1548208703.67 28.9
1548208713.69 30.0
1548208723.71 28.9
1548208733.73 29.5
1548208743.75 28.9
1548208753.77 29.5
1548208763.79 28.9
1548208773.81 30.0
1548208783.83 29.5
1548208793.85 28.9
1548208803.87 30.6
1548208813.89 30.0
1548208823.92 30.0
1548208833.93 30.0
1548208843.94 30.6
1548208853.95 30.0
1548208863.96 30.6
1548208873.98 30.0
1548208884.0 31.1
1548208894.02 30.0
1548208904.03 30.6
1548208914.05 30.0
1548208924.06 30.6
1548208934.08 30.0
1548208944.1 30.6
1548208954.11 30.0
1548208964.13 30.0
1548208974.15 30.0
1548208984.17 30.6
1548208994.19 30.0
1548209004.21 30.0
1548209014.23 30.0
1548209024.25 28.9
1548209034.27 30.0
1548209044.29 30.0
1548209054.31 29.5
1548209064.33 29.5
1548209074.34 28.9
1548209084.36 28.9
1548209094.38 30.0
1548209104.4 28.9
1548209114.42 30.0
1548209124.44 29.5
1548209134.46 30.0
1548209144.48 29.5
1548209154.5 28.9
1548209164.52 30.0
1548209174.55 28.9
1548209184.57 30.0
1548209194.59 30.0
1548209204.61 28.9
1548209214.63 30.0
1548209224.65 29.5
1548209234.67 30.0
1548209244.69 28.9
1548209254.71 29.5
1548209264.73 30.0
1548209274.75 30.6
1548209284.77 30.0
1548209294.79 30.0
1548209304.81 28.9
1548209314.83 28.9
1548209324.85 30.0
1548209334.86 30.0
1548209344.88 29.5
1548209354.91 28.9
1548209364.92 30.0
1548209374.94 30.0
1548209384.96 28.9
1548209394.98 29.5
1548209405.01 28.9
1548209415.03 28.9
1548209425.04 28.9
1548209435.06 28.9
1548209445.06 29.5
1548209455.09 29.5
1548209465.11 30.0
1548209475.13 28.9
1548209485.15 30.0
1548209495.17 30.0
1548209505.2 30.0
1548209515.23 28.9
1548209525.24 29.5
1548209535.26 28.9
1548209545.28 29.5
1548209555.31 29.5
1548209565.32 29.5
1548209575.34 28.9
1548209585.36 29.5
1548209595.38 28.9
1548209605.4 28.9
1548209615.42 29.5
1548209625.45 30.0
1548209635.47 30.0
1548209645.49 30.0
1548209655.5 30.6
1548209665.52 30.6
1548209675.55 30.0
1548209685.56 30.0
1548209695.58 30.0
1548209705.6 30.0
1548209715.62 30.0
1548209725.65 29.5
1548209735.66 29.5
1548209745.68 28.9
1548209755.7 28.9
1548209765.72 28.4
1548209775.74 29.5
1548209785.76 28.9
1548209795.78 30.0
1548209805.8 29.5
1548209815.82 28.9
1548209825.83 30.0
1548209835.85 28.9
1548209845.87 29.5
1548209855.89 29.5
1548209865.91 30.6
1548209875.93 28.9
1548209885.95 28.9
1548209895.97 28.9
1548209905.99 30.0
1548209916.01 30.0
1548209926.03 28.9
1548209936.05 30.0
1548209946.07 28.9
1548209956.08 30.0
1548209966.11 29.5
1548209976.12 30.0
1548209986.14 30.0
1548209996.16 29.5
1548210006.18 29.5
1548210016.2 28.9
1548210026.21 30.0
1548210036.23 30.0
1548210046.25 28.9
1548210056.27 29.5
1548210066.29 30.0
1548210076.32 28.9
1548210086.33 28.9
1548210096.35 28.9
1548210106.37 29.5
1548210116.39 29.5
1548210126.41 28.9
1548210136.43 29.5
1548210146.45 28.9
1548210156.47 29.5
1548210166.5 28.4
1548210176.52 28.9
1548210186.54 28.4
1548210196.56 28.9
1548210206.58 28.9
1548210216.6 28.9
1548210226.61 30.0
1548210236.63 28.9
1548210246.65 28.9
1548210256.67 29.5
1548210266.69 29.5
1548210276.71 28.9
1548210286.73 29.5
1548210296.75 28.9
1548210306.77 28.9
1548210316.79 28.9
1548210326.81 28.9
1548210336.83 29.5
1548210346.85 28.9
1548210356.87 29.5
1548210366.9 29.5
1548210376.92 28.9
1548210386.94 28.9
1548210396.95 28.9
1548210406.97 28.9
1548210416.99 28.9
1548210427.01 29.5
1548210437.02 29.5
1548210447.03 29.5
1548210457.04 28.9
1548210467.06 30.0
1548210477.07 29.5
1548210487.09 28.9
1548210497.11 28.9
1548210507.13 28.9
1548210517.15 29.5
1548210527.17 29.5
1548210537.18 30.0
1548210547.2 28.9
1548210557.22 28.9
1548210567.24 30.0
1548210577.26 29.5
1548210587.28 28.9
1548210597.3 28.9
1548210607.32 28.9
1548210617.35 28.9
1548210627.37 28.9
1548210637.39 29.5
1548210647.41 29.5
1548210657.43 28.9
1548210667.45 28.9
1548210677.47 28.9
1548210687.49 28.4
1548210697.52 28.9
1548210707.54 28.4
1548210717.55 28.9
1548210727.57 28.9
1548210737.59 28.9
1548210747.6 28.9
1548210757.61 28.9
1548210767.63 28.4
1548210777.65 28.9
1548210787.67 28.9
1548210797.69 28.9
1548210807.71 28.9
1548210817.73 28.9
1548210827.75 28.9
1548210837.77 28.9
1548210847.78 28.9
1548210857.8 28.9
1548210867.82 28.4
1548210877.83 29.5
1548210887.86 28.9
1548210897.87 28.9
1548210907.88 28.9
1548210917.9 29.5
1548210927.92 28.9
1548210937.94 30.0
1548210947.96 29.5
1548210957.98 29.5
1548210968.0 28.9
1548210978.02 28.9
1548210988.03 28.9
1548210998.05 29.5
1548211008.07 28.9
1548211018.09 30.0
1548211028.11 28.9
1548211038.13 28.9
1548211048.15 28.4
1548211058.17 28.9
1548211068.19 28.9
1548211078.21 28.9
1548211088.23 28.9
1548211098.25 28.9
1548211108.27 28.9
1548211118.28 28.4
1548211128.3 28.9
1548211138.32 28.4
1548211148.34 28.9
1548211158.36 28.9
1548211168.38 28.4
1548211178.4 28.9
1548211188.42 28.4
1548211198.44 28.4
1548211208.46 27.9
1548211218.48 28.9
1548211228.5 27.9
1548211238.53 28.4
1548211248.55 28.9
1548211258.57 28.9
1548211268.59 28.4
1548211278.6 28.9
1548211288.62 28.9
1548211298.64 28.9
1548211308.66 28.4
1548211318.68 28.4
1548211328.7 28.9
1548211338.72 28.9
1548211348.74 28.4
1548211358.76 28.9
1548211368.78 28.9
1548211378.8 28.9
1548211388.82 27.9
1548211398.84 27.9
1548211408.86 28.9
1548211418.87 28.9
1548211428.89 28.9
1548211438.91 28.9
1548211448.92 28.9
1548211458.94 28.9
1548211468.96 28.9
1548211478.98 28.4
1548211488.99 27.9
1548211499.01 28.9
1548211509.03 28.9
1548211519.05 28.4
1548211529.07 28.9
1548211539.09 28.9
1548211549.1 28.9
1548211559.12 28.9
1548211569.14 28.4
1548211579.16 27.9
1548211589.18 29.5
1548211599.19 28.4
1548211609.22 28.9
1548211619.23 28.9
1548211629.25 28.4
1548211639.27 28.4
1548211649.29 27.9
1548211659.31 28.9
1548211669.34 28.4
1548211679.36 28.9
1548211689.38 28.9
1548211699.4 28.9
1548211709.42 28.9
1548211719.43 28.4
1548211729.45 29.5
1548211739.46 28.9
1548211749.48 28.4
1548211759.5 28.4
1548211769.52 28.9
1548211779.54 29.5
1548211789.56 28.4
1548211799.58 28.4
1548211809.6 28.9
1548211819.62 28.9
1548211829.64 27.9
1548211839.66 28.9
1548211849.68 27.9
1548211859.7 28.4
1548211869.73 28.4
1548211879.74 28.9
1548211889.76 28.4
1548211899.78 28.4
1548211909.8 29.5
1548211919.82 28.4
1548211929.84 28.9
1548211939.86 28.9
1548211949.88 28.9
1548211959.89 28.4
1548211969.91 27.9
1548211979.92 28.9
1548211989.94 28.4
1548211999.95 28.4
1548212009.97 28.9
1548212019.98 28.9
1548212030.0 27.9
1548212040.02 28.4
1548212050.04 27.9
1548212060.06 28.4
1548212070.08 28.4
1548212080.1 27.9
1548212090.12 28.4
1548212100.14 27.9
1548212110.16 27.9
1548212120.18 27.9
1548212130.2 27.9
1548212140.22 28.4
1548212150.24 27.9
1548212160.26 27.9
1548212170.28 27.9
1548212180.3 27.9
1548212190.32 28.4
1548212200.34 27.9
1548212210.36 27.9
1548212220.38 27.9
1548212230.4 27.9
1548212240.42 27.9
1548212250.44 28.4
1548212260.46 28.4
1548212270.48 28.4
1548212280.49 28.4
1548212290.51 27.9
1548212300.53 28.4
1548212310.55 27.9
1548212320.57 27.9
1548212330.59 28.9
1548212340.61 27.9
1548212350.63 27.9
1548212360.65 27.9
1548212370.67 28.4
1548212380.69 27.9
1548212390.71 27.9
1548212400.73 27.9
1548212410.74 28.9
1548212420.76 28.9
1548212430.78 28.4
1548212440.8 27.9
1548212450.82 28.4
1548212460.84 28.4
1548212470.86 28.4
1548212480.88 27.9
1548212490.9 28.4
1548212500.92 28.4
1548212510.94 27.9
1548212520.95 28.9
1548212530.97 27.9
1548212540.99 28.4
1548212551.01 27.9
1548212561.03 28.9
1548212571.05 28.4
1548212581.06 28.9
1548212591.08 27.9
1548212601.1 27.9
1548212611.11 27.9
1548212621.13 28.4
1548212631.15 27.9
1548212641.17 28.9
1548212651.18 27.9
1548212661.2 27.9
1548212671.22 28.4
1548212681.24 28.4
1548212691.25 28.4
1548212701.27 28.4
1548212711.29 27.9
1548212721.31 28.4
1548212731.32 28.4
1548212741.34 28.9
1548212751.35 27.9
1548212761.37 28.4
1548212771.39 28.4
1548212781.41 27.9
1548212791.43 28.9
1548212801.45 27.9
1548212811.47 28.4
1548212821.49 27.9
1548212831.51 27.9
1548212841.53 27.9
1548212851.55 27.9
1548212861.57 27.9
1548212871.59 27.9
1548212881.61 27.9
1548212891.63 28.4
1548212901.65 28.4
1548212911.67 28.4
1548212921.68 28.9
1548212931.7 27.9
1548212941.72 28.9
1548212951.74 28.9
1548212961.76 28.4
1548212971.78 28.9
1548212981.8 28.4
1548212991.82 28.4
1548213001.84 27.9
1548213011.86 28.9
1548213021.88 28.4
1548213031.9 28.9
1548213041.92 28.4
1548213051.94 28.9
1548213061.96 28.4
1548213071.98 28.4
1548213082.0 28.4
1548213092.02 27.9
1548213102.04 27.9
1548213112.05 28.4
1548213122.07 28.4
1548213132.09 28.9
1548213142.11 28.9
1548213152.13 27.9
1548213162.15 27.9
1548213172.17 28.9
1548213182.2 27.9
1548213192.22 28.9
1548213202.24 27.9
1548213212.25 27.9
1548213222.27 28.9
1548213232.29 27.9
1548213242.31 28.9
1548213252.31 28.9
1548213262.34 28.4
1548213272.35 28.9
1548213282.37 28.9
1548213292.39 27.9
1548213302.41 28.4
1548213312.42 27.9
1548213322.44 27.9
1548213332.46 28.9
1548213342.48 28.4
1548213352.5 28.4
1548213362.52 28.4
1548213372.54 27.9
1548213382.56 27.9
1548213392.58 28.4
1548213402.6 27.9
1548213412.62 27.9
1548213422.64 28.4
1548213432.66 27.9
1548213442.68 28.4
1548213452.7 28.4
1548213462.73 28.4
1548213472.74 28.4
1548213482.76 27.9
1548213492.78 27.9
1548213502.8 28.4
1548213512.82 27.9
1548213522.86 28.4
1548213532.88 28.9
1548213542.9 27.9
1548213552.92 27.9
1548213562.94 27.9
1548213572.97 28.4
1548213582.99 28.4
1548213593.01 27.9
1548213603.03 27.9
1548213613.05 27.9
1548213623.07 27.9
1548213633.09 27.9
1548213643.11 28.4
1548213653.13 28.4
1548213663.15 27.9
1548213673.17 27.9
1548213683.19 27.9
1548213693.21 28.9
1548213703.23 27.9
1548213713.24 28.9
1548213723.26 28.9
1548213733.28 27.9
1548213743.3 27.9
1548213753.32 28.4
1548213763.34 28.4
1548213773.36 27.9
1548213783.38 27.9
1548213793.4 28.4
1548213803.41 28.9
1548213813.43 27.9
1548213823.45 28.9
1548213833.46 28.9
1548213843.48 28.4
1548213853.49 28.9
1548213863.51 28.4
1548213873.53 28.9
1548213883.55 28.4
1548213893.57 27.9
1548213903.59 28.4
1548213913.61 28.9
1548213923.63 27.9
1548213933.65 28.9
1548213943.67 28.9
1548213953.68 28.4
1548213963.7 28.4
1548213973.72 27.9
1548213983.74 27.9
1548213993.76 28.9
1548214003.78 28.9
1548214013.8 28.9
1548214023.82 27.9
1548214033.84 28.4
1548214043.86 27.9
1548214053.88 27.9
1548214063.89 28.4
1548214073.91 28.4
1548214083.93 27.9
1548214093.95 27.9
1548214103.97 27.9
1548214114.0 27.9
1548214124.02 27.9
1548214134.05 27.9
1548214144.07 27.9
1548214154.09 28.9
1548214164.11 28.9
1548214174.13 27.9
1548214184.14 28.9
1548214194.16 28.9
1548214204.17 28.9
1548214214.19 28.9
1548214224.2 27.9
1548214234.22 28.9
1548214244.24 27.9
1548214254.26 28.4
1548214264.28 27.9
1548214274.3 27.9
1548214284.32 28.4
1548214294.34 28.4
1548214304.36 28.4
1548214314.38 27.9
1548214324.4 27.9
1548214334.42 27.9
1548214344.44 27.9
1548214354.45 28.4
1548214364.48 27.9
1548214374.5 27.9
1548214384.52 27.9
1548214394.53 28.4
1548214404.55 28.4
1548214414.57 27.9
1548214424.59 28.4
1548214434.61 27.9
1548214444.62 27.9
1548214454.64 27.9
1548214464.65 28.4
1548214474.66 28.9
1548214484.68 27.9
1548214494.7 27.9
1548214504.72 28.4
1548214514.74 27.9
1548214524.76 28.4
1548214534.78 27.9
1548214544.8 28.4
1548214554.82 27.9
1548214564.84 27.9
1548214574.86 28.4
1548214584.88 28.4
1548214594.9 27.9
1548214604.92 28.4
1548214614.94 27.9
1548214624.95 28.9
1548214634.97 27.9
1548214644.99 28.4
1548214655.01 27.9
1548214665.02 27.9
1548214675.04 28.4
1548214685.06 27.9
1548214695.07 28.4
1548214705.09 28.9
1548214715.1 27.9
1548214725.13 27.9
1548214735.14 28.4
1548214745.16 27.9
1548214755.18 27.9
1548214765.2 27.9
1548214775.21 27.9
1548214785.23 27.9
1548214795.24 28.4
1548214805.26 28.9
1548214815.28 28.4
1548214825.29 28.9
1548214835.31 28.4
1548214845.33 27.9
1548214855.34 28.9
1548214865.36 27.9
1548214875.37 27.9
1548214885.39 28.4
1548214895.41 27.9
1548214905.42 28.9
1548214915.43 28.4
1548214925.45 27.9
1548214935.47 28.9
1548214945.49 28.4
1548214955.5 27.9
1548214965.51 28.9
1548214975.54 28.9
1548214985.56 28.4
1548214995.58 28.4
1548215005.6 27.9
1548215015.62 28.9
1548215025.64 28.4
1548215035.66 28.4
1548215045.68 28.9
1548215055.7 27.9
1548215065.71 27.9
1548215075.73 27.9
1548215085.75 27.9
1548215095.76 27.9
1548215105.78 27.9
1548215115.8 28.4
1548215125.82 27.9
1548215135.84 27.9
1548215145.85 27.9
1548215155.88 28.9
1548215165.89 28.4
1548215175.91 27.9
1548215185.93 27.9
1548215195.95 27.9
1548215205.97 27.9
1548215215.99 28.4
1548215226.01 27.9
1548215236.03 27.9
1548215246.05 28.9
1548215256.07 28.4
1548215266.09 27.9
1548215276.11 27.9
1548215286.13 27.9
1548215296.14 27.9
1548215306.16 27.9
1548215316.18 28.9
1548215326.2 27.9
1548215336.22 28.4
1548215346.24 28.4
1548215356.26 28.4
1548215366.28 28.4
1548215376.29 28.4
1548215386.31 27.9
1548215396.33 28.4
1548215406.35 27.9
1548215416.36 27.9
1548215426.38 27.9
1548215436.4 27.9
1548215446.42 27.9
1548215456.43 28.9
1548215466.45 27.9
1548215476.47 27.9
1548215486.49 27.9
1548215496.5 27.9
1548215506.52 27.9
1548215516.53 27.9
1548215526.55 27.9
1548215536.57 27.9
1548215546.59 27.9
1548215556.6 27.9
1548215566.63 27.9
1548215576.65 28.4
1548215586.67 28.4
1548215596.68 28.9
1548215606.7 28.4
1548215616.71 28.4
1548215626.73 28.9
1548215636.75 28.4
1548215646.77 28.4
1548215656.79 27.9
1548215666.8 28.4
1548215676.82 27.9
1548215686.84 28.4
1548215696.85 27.9
1548215706.87 28.9
1548215716.89 28.4
1548215726.91 27.9
1548215736.93 28.4
1548215746.95 28.4
1548215756.97 28.9
1548215766.99 27.9
1548215777.01 28.4
1548215787.03 28.4
1548215797.05 27.9
1548215807.07 27.9
1548215817.08 27.9
1548215827.1 27.9
1548215837.12 27.9
1548215847.14 27.9
1548215857.15 28.9
1548215867.16 27.9
1548215877.18 27.9
1548215887.2 27.9
1548215897.21 27.9
1548215907.23 27.9
1548215917.25 27.9
1548215927.27 28.4
1548215937.29 27.9
1548215947.3 27.9
1548215957.32 27.9
1548215967.34 27.9
1548215977.35 27.9
1548215987.37 27.9
1548215997.39 27.9
1548216007.41 28.4
1548216017.43 28.4
1548216027.45 27.9
1548216037.47 27.9
1548216047.48 27.9
1548216057.5 28.4
1548216067.52 27.9
1548216077.54 27.9
1548216087.56 27.9
1548216097.58 27.9
1548216107.6 27.9
1548216117.62 27.9
1548216127.64 27.9
1548216137.67 28.9
1548216147.69 27.9
1548216157.71 28.4
1548216167.73 28.4
1548216177.74 28.9
1548216187.78 28.9
1548216197.8 27.9
1548216207.81 28.4
1548216217.83 27.9
1548216227.85 28.4
1548216237.87 27.9
1548216247.89 27.9
1548216257.91 28.9
1548216267.93 28.4
1548216277.95 27.9
1548216287.97 28.9
1548216297.99 28.4
1548216308.01 27.9
1548216318.03 27.9
1548216328.05 27.9
1548216338.07 27.9
1548216348.09 27.9
1548216358.1 27.9
1548216368.12 27.9
1548216378.14 28.4
1548216388.16 27.9
1548216398.18 27.9
1548216408.2 27.9
1548216418.22 27.9
1548216428.24 28.4
1548216438.26 27.9
1548216448.28 27.9
1548216458.3 27.9
1548216468.32 28.4
1548216478.34 27.9
1548216488.36 28.9
1548216498.38 28.9
1548216508.4 27.9
1548216518.42 27.9
1548216528.44 28.4
1548216538.46 27.9
1548216548.48 28.9
1548216558.5 28.4
1548216568.52 28.4
1548216578.54 27.9
1548216588.56 27.9
1548216598.57 27.9
1548216608.59 27.9
1548216618.61 28.4
1548216628.63 28.9
1548216638.64 28.9
1548216648.66 27.9
1548216658.68 27.9
1548216668.7 28.4
1548216678.72 28.4
1548216688.74 27.9
1548216698.76 27.9
1548216708.78 27.9
1548216718.8 27.9
1548216728.82 28.4
1548216738.84 27.9
1548216748.86 27.9
1548216758.88 27.9
1548216768.9 27.9
1548216778.92 27.9
1548216788.94 27.9
1548216798.96 28.4
1548216808.98 27.9
1548216819.0 27.9
1548216829.02 27.9
1548216839.04 27.9
1548216849.06 27.9
1548216859.07 27.9
1548216869.09 27.9
1548216879.11 27.9
1548216889.13 27.9
1548216899.15 27.9
1548216909.17 28.4
1548216919.19 27.9
1548216929.21 27.9
1548216939.23 27.9
1548216949.25 27.9
1548216959.27 27.9
1548216969.29 28.4
1548216979.31 28.4
1548216989.33 27.9
1548216999.34 28.4
1548217009.36 27.9
1548217019.38 27.9
1548217029.4 27.9
1548217039.42 28.4
1548217049.43 28.9
1548217059.44 27.9
1548217069.46 28.4
1548217079.47 27.9
1548217089.49 28.4
1548217099.51 27.9
1548217109.53 28.9
1548217119.55 28.4
1548217129.57 28.4
1548217139.59 27.9
1548217149.61 28.4
1548217159.63 28.9
1548217169.66 28.4
1548217179.68 28.4
1548217189.69 29.5
1548217199.71 28.9
1548217209.73 27.9
1548217219.75 28.9
1548217229.76 28.9
1548217239.78 28.9
1548217249.8 28.4
1548217259.81 28.9
1548217269.83 27.9
1548217279.85 27.9
1548217289.87 28.9
1548217299.89 28.9
1548217309.91 28.9
1548217319.92 27.9
1548217329.94 28.4
1548217339.96 27.9
1548217349.98 28.4
1548217360.0 27.9
1548217370.02 28.4
1548217380.03 27.9
1548217390.05 27.9
1548217400.07 27.9
1548217410.09 27.9
1548217420.11 27.9
1548217430.14 27.9
1548217440.15 27.9
1548217450.17 28.4
1548217460.19 28.9
1548217470.21 27.9
1548217480.22 27.9
1548217490.24 27.9
1548217500.26 27.9
1548217510.28 27.9
1548217520.3 27.9
1548217530.32 27.9
1548217540.34 27.9
1548217550.36 27.9
1548217560.38 27.3
1548217570.4 27.9
1548217580.42 27.9
1548217590.44 27.9
1548217600.46 27.9
1548217610.48 27.3
1548217620.49 28.4
1548217630.51 27.9
1548217640.53 27.9
1548217650.54 28.4
1548217660.56 27.9
1548217670.58 27.9
1548217680.6 27.9
1548217690.62 28.4
1548217700.63 28.4
1548217710.66 27.9
1548217720.68 27.9
1548217730.69 28.4
1548217740.71 27.9
1548217750.73 27.9
1548217760.75 27.9
1548217770.77 27.9
1548217780.79 27.9
1548217790.81 27.9
1548217800.82 27.9
1548217810.84 27.9
1548217820.86 28.9
1548217830.88 27.9
1548217840.9 27.9
1548217850.91 27.9
1548217860.93 27.9
1548217870.95 28.4
1548217880.98 27.9
1548217891.0 27.9
1548217901.02 27.9
1548217911.04 27.9
1548217921.07 27.9
1548217931.09 27.9
1548217941.11 28.4
1548217951.12 27.9
1548217961.14 27.9
1548217971.16 27.9
1548217981.18 27.9
1548217991.2 27.9
1548218001.22 27.9
1548218011.25 27.9
1548218021.27 27.9
1548218031.29 28.4
1548218041.31 27.9
1548218051.33 27.9
1548218061.35 27.9
1548218071.36 27.9
1548218081.39 27.9
1548218091.41 27.9
1548218101.43 27.3
1548218111.44 28.4
1548218121.46 28.4
1548218131.48 27.9
1548218141.5 27.9
1548218151.52 27.3
1548218161.54 27.9
1548218171.56 27.9
1548218181.58 27.9
1548218191.6 27.9
1548218201.62 27.9
1548218211.63 27.9
1548218221.65 27.9
1548218231.67 27.9
1548218241.69 27.9
1548218251.71 27.9
1548218261.73 27.9
1548218271.75 27.9
1548218281.77 28.4
1548218291.79 28.4
1548218301.8 28.4
1548218311.82 28.4
1548218321.84 27.9
1548218331.85 28.4
1548218341.88 27.9
1548218351.9 27.9
1548218361.91 28.9
1548218371.93 27.9
1548218381.95 27.9
1548218391.97 27.9
1548218401.99 27.9
1548218412.01 27.9
1548218422.03 27.9
1548218432.05 27.3
1548218442.07 27.9
1548218452.09 27.9
1548218462.11 27.9
1548218472.13 27.3
1548218482.15 27.9
1548218492.17 27.3
1548218502.19 27.3
1548218512.2 27.9
1548218522.22 27.9
1548218532.24 27.3
1548218542.26 27.9
1548218552.28 27.3
1548218562.3 27.3
1548218572.32 27.9
1548218582.33 27.9
1548218592.35 27.9
1548218602.37 27.3
1548218612.38 27.9
1548218622.39 28.4
1548218632.41 27.9
1548218642.43 27.3
1548218652.45 28.4
1548218662.47 27.9
1548218672.5 27.9
1548218682.52 27.9
1548218692.54 27.9
1548218702.56 28.4
1548218712.58 27.9
1548218722.61 27.9
1548218732.62 27.9
1548218742.64 27.9
1548218752.66 27.9
1548218762.69 27.9
1548218772.72 27.9
1548218782.74 27.9
1548218792.76 27.9
1548218802.78 27.9
1548218812.8 27.9
1548218822.82 27.9
1548218832.83 27.9
1548218842.85 26.8
1548218852.87 26.8
1548218862.89 27.9
1548218872.92 27.9
1548218882.94 27.9
1548218892.96 27.3
1548218902.98 27.9
1548218913.0 27.9
1548218923.02 27.3
1548218933.04 27.9
1548218943.06 26.8
1548218953.08 27.9
1548218963.1 27.9
1548218973.12 27.3
1548218983.14 27.9
1548218993.16 27.3
1548219003.18 27.3
1548219013.2 27.9
1548219023.23 27.9
1548219033.25 26.8
1548219043.26 27.9
1548219053.28 27.9
1548219063.3 27.9
1548219073.33 27.9
1548219083.35 27.3
1548219093.36 28.4
1548219103.38 27.9
1548219113.4 27.9
1548219123.42 27.9
1548219133.44 27.9
1548219143.46 27.9
1548219153.49 27.3
1548219163.51 27.9
1548219173.53 27.9
1548219183.55 28.4
1548219193.57 27.9
1548219203.59 27.9
1548219213.61 27.9
1548219223.63 27.9
1548219233.65 27.9
1548219243.67 27.9
1548219253.69 27.9
1548219263.7 27.9
1548219273.72 27.9
1548219283.74 27.9
1548219293.75 27.9
1548219303.77 27.9
1548219313.79 27.9
1548219323.81 27.9
1548219333.82 27.9
1548219343.83 27.9
1548219353.85 28.4
1548219363.87 27.9
1548219373.89 27.9
1548219383.9 27.3
1548219393.92 27.3
1548219403.93 27.9
1548219413.95 27.9
1548219423.97 27.9
1548219433.99 27.9
1548219444.0 27.9
1548219454.02 27.3
1548219464.04 27.9
1548219474.05 28.4
1548219484.07 27.9
1548219494.09 27.9
1548219504.1 27.9
1548219514.13 27.9
1548219524.15 27.9
1548219534.17 27.9
1548219544.19 27.3
1548219554.21 27.9
1548219564.23 27.9
1548219574.25 28.4
1548219584.27 27.3
1548219594.29 27.9
1548219604.31 27.9
1548219614.33 27.9
1548219624.35 28.9
1548219634.37 27.9
1548219644.39 27.9
1548219654.4 27.9
1548219664.42 28.4
1548219674.44 27.9
1548219684.46 27.9
1548219694.48 28.4
1548219704.5 27.9
1548219714.51 27.9
1548219724.53 27.9
1548219734.54 28.9
1548219744.56 27.9
1548219754.57 27.9
1548219764.59 27.9
1548219774.61 27.9
1548219784.63 27.9
1548219794.65 27.9
1548219804.67 28.9
1548219814.68 28.4
1548219824.7 27.9
1548219834.72 27.9
1548219844.74 27.9
1548219854.76 27.9
1548219864.78 27.9
1548219874.8 27.9
1548219884.82 27.9
1548219894.84 27.9
1548219904.86 27.9
1548219914.88 27.9
1548219924.9 27.9
1548219934.92 27.9
1548219944.94 27.9
1548219954.95 27.9
1548219964.97 27.9
1548219974.99 27.9
1548219985.0 27.9
1548219995.02 27.9
1548220005.04 26.8
1548220015.06 27.3
1548220025.07 27.9
1548220035.09 27.3
1548220045.11 27.9
1548220055.13 27.9
1548220065.14 27.3
1548220075.16 27.9
1548220085.17 27.9
1548220095.19 27.9
1548220105.21 27.3
1548220115.23 27.3
1548220125.25 27.3
1548220135.27 26.8
1548220145.29 27.3
1548220155.31 27.9
1548220165.32 27.3
1548220175.34 27.3
1548220185.36 27.9
1548220195.37 27.9
1548220205.39 27.3
1548220215.41 26.8
1548220225.42 27.3
1548220235.44 26.8
1548220245.46 27.9
1548220255.48 26.8
1548220265.5 26.8
1548220275.52 27.3
1548220285.54 27.9
1548220295.56 27.3
1548220305.58 27.3
1548220315.59 26.8
1548220325.62 27.9
1548220335.64 27.3
1548220345.65 27.3
1548220355.67 27.3
1548220365.68 27.3
1548220375.7 27.9
1548220385.72 27.3
1548220395.74 27.3
1548220405.75 27.3
1548220415.77 27.9
1548220425.79 28.4
1548220435.8 27.9
1548220445.82 27.3
1548220455.84 28.4
1548220465.85 27.9
1548220475.87 28.4
1548220485.89 28.4
1548220495.9 27.9
1548220505.92 27.9
1548220515.94 27.3
1548220525.95 27.9
1548220535.97 27.9
1548220545.99 28.4
1548220556.0 27.9
1548220566.02 27.9
1548220576.04 28.4
1548220586.06 27.9
1548220596.08 28.4
1548220606.1 27.9
1548220616.12 28.4
1548220626.14 28.4
1548220636.16 27.9
1548220646.18 27.9
1548220656.2 27.3
1548220666.22 27.3
1548220676.24 27.9
1548220686.26 27.9
1548220696.28 27.9
1548220706.31 27.9
1548220716.33 27.9
1548220726.35 27.9
1548220736.37 27.9
1548220746.39 28.4
1548220756.41 27.3
1548220766.42 27.3
1548220776.44 27.9
1548220786.46 27.9
1548220796.47 28.4
1548220806.49 27.9
1548220816.51 27.9
1548220826.52 27.9
1548220836.54 27.9
1548220846.55 27.9
1548220856.57 27.9
1548220866.58 27.9
1548220876.59 28.4
1548220886.61 27.9
1548220896.62 27.9
1548220906.63 27.3
1548220916.65 27.3
1548220926.67 27.9
1548220936.69 27.9
1548220946.7 27.9
1548220956.72 27.9
1548220966.74 27.9
1548220976.76 27.9
1548220986.77 27.9
1548220996.79 28.4
1548221006.8 27.9
1548221016.82 27.3
1548221026.83 27.9
1548221036.85 27.9
1548221046.87 27.3
1548221056.88 27.9
1548221066.9 27.9
1548221076.91 27.9
1548221086.93 28.4
1548221096.95 27.3
1548221106.96 27.9
1548221116.98 28.4
1548221127.0 27.3
1548221137.01 27.3
1548221147.03 27.9
1548221157.05 27.9
1548221167.06 27.9
1548221177.07 27.3
1548221187.08 27.9
1548221197.1 27.9
1548221207.12 27.3
1548221217.14 27.9
1548221227.15 27.3
1548221237.17 27.9
1548221247.18 26.8
1548221257.2 27.9
1548221267.22 27.9
1548221277.24 26.8
1548221287.25 27.9
1548221297.27 27.9
1548221307.28 28.9
1548221317.3 27.9
1548221327.31 27.9
1548221337.33 27.3
1548221347.34 28.4
1548221357.36 27.9
1548221367.38 27.9
1548221377.4 27.9
1548221387.41 27.9
1548221397.43 27.3
1548221407.45 27.9
1548221417.46 28.4
1548221427.48 26.8
1548221437.5 27.9
1548221447.52 27.3
1548221457.53 27.3
1548221467.55 27.9
1548221477.56 27.9
1548221487.58 27.9
1548221497.6 27.9
1548221507.62 27.3
1548221517.63 27.9
1548221527.65 27.9
1548221537.67 27.9
1548221547.68 27.3
1548221557.7 27.3
1548221567.72 27.9
1548221577.74 27.3
1548221587.76 27.9
1548221597.78 27.9
1548221607.8 27.9
1548221617.82 27.9
1548221627.84 27.9
1548221637.86 27.9
1548221647.88 28.4
1548221657.9 27.9
1548221667.92 27.9
1548221677.94 27.9
1548221687.96 28.4
1548221697.97 27.9
1548221707.99 27.3
1548221718.01 27.9
1548221728.03 27.9
1548221738.05 26.8
1548221748.07 27.9
1548221758.08 27.9
1548221768.1 27.9
1548221778.12 27.9
1548221788.14 27.9
1548221798.16 27.9
1548221808.18 27.9
1548221818.2 27.9
1548221828.22 27.3
1548221838.24 27.9
1548221848.26 27.9
1548221858.28 27.9
1548221868.3 27.3
1548221878.32 27.9
1548221888.34 27.9
1548221898.35 27.9
1548221908.36 27.9
1548221918.38 27.9
1548221928.39 27.9
1548221938.41 27.9
1548221948.42 27.3
1548221958.44 27.9
1548221968.46 27.3
1548221978.48 27.9
1548221988.5 27.9
1548221998.51 27.9
1548222008.53 27.9
1548222018.55 27.9
1548222028.57 27.9
1548222038.59 27.3
1548222048.61 27.9
1548222058.63 27.9
1548222068.64 28.4
1548222078.66 27.9
1548222088.67 27.9
1548222098.69 26.8
1548222108.71 27.9
1548222118.73 27.3
1548222128.75 26.8
1548222138.77 27.3
1548222148.79 27.9
1548222158.81 27.3
1548222168.83 27.9
1548222178.85 26.8
1548222188.87 27.9
1548222198.89 27.3
1548222208.9 27.9
1548222218.92 27.3
1548222228.94 27.9
1548222238.95 27.9
1548222248.97 26.8
1548222258.99 26.8
1548222269.01 27.9
1548222279.03 26.8
1548222289.05 26.8
1548222299.07 26.8
1548222309.09 27.3
1548222319.1 26.8
1548222329.12 26.8
1548222339.14 27.9
1548222349.16 26.8
1548222359.18 27.3
1548222369.2 26.8
1548222379.22 27.3
1548222389.24 27.9
1548222399.26 27.9
1548222409.27 28.4
1548222419.28 27.9
1548222429.3 27.3
1548222439.31 27.9
1548222449.33 27.3
1548222459.35 27.9
1548222469.37 27.9
1548222479.39 27.3
1548222489.41 26.8
1548222499.42 27.3
1548222509.44 26.8
1548222519.46 26.8
1548222529.48 27.9
1548222539.49 27.9
1548222549.51 27.3
1548222559.53 27.9
1548222569.54 27.3
1548222579.56 27.3
1548222589.58 27.9
1548222599.59 27.9
1548222609.61 27.3
1548222619.63 27.3
1548222629.65 27.9
1548222639.67 27.9
1548222649.69 27.3
1548222659.7 27.9
1548222669.72 27.3
1548222679.73 26.8
1548222689.75 27.9
1548222699.77 27.3
1548222709.79 27.3
1548222719.81 26.8
1548222729.82 27.9
1548222739.84 27.3
1548222749.86 27.9
1548222759.88 27.3
1548222769.9 26.8
1548222779.92 26.8
1548222789.93 27.9
1548222799.95 27.9
1548222809.97 27.3
1548222819.98 26.8
1548222830.0 27.9
1548222840.02 26.8
1548222850.04 26.8
1548222860.06 26.8
1548222870.08 26.8
1548222880.11 26.8
1548222890.13 26.8
1548222900.15 27.9
1548222910.16 27.3
1548222920.18 26.8
1548222930.2 26.8
1548222940.22 27.9
1548222950.25 26.8
1548222960.27 27.3
1548222970.29 26.8
1548222980.31 27.9
1548222990.32 26.8
1548223000.34 26.8
1548223010.36 27.3
1548223020.38 26.8
1548223030.4 26.8
1548223040.42 27.3
1548223050.44 26.8
1548223060.46 27.9
1548223070.47 27.3
1548223080.49 27.3
1548223090.51 26.8
1548223100.53 27.3
1548223110.55 27.9
1548223120.57 26.3
1548223130.59 26.8
1548223140.61 27.3
1548223150.63 26.8
1548223160.65 27.3
1548223170.67 27.3
1548223180.69 27.9
1548223190.71 27.3
1548223200.72 26.8
