1548100009.67 22.5
1548100019.68 22.5
1548100029.71 22.5
1548100039.72 23.6
1548100049.73 22.5
1548100059.75 23.6
1548100069.78 23.6
1548100079.79 23.0
1548100089.8 23.6
1548100099.82 22.5
1548100109.84 22.5
1548100119.86 23.0
1548100129.88 23.6
1548100139.9 23.0
1548100149.91 23.6
1548100159.93 23.0
1548100169.95 23.6
1548100179.97 23.0
1548100189.99 23.6
1548100200.01 22.5
1548100210.03 23.0
1548100220.05 22.5
1548100230.06 23.6
1548100240.08 23.6
1548100250.1 23.6
1548100260.12 23.0
1548100270.14 23.0
1548100280.16 22.5
1548100290.18 22.0
1548100300.2 22.5
1548100310.22 22.5
1548100320.24 22.5
1548100330.26 22.5
1548100340.28 22.5
1548100350.3 22.5
1548100360.32 22.5
1548100370.34 23.6
1548100380.36 22.5
1548100390.38 23.6
1548100400.4 22.5
1548100410.41 22.5
1548100420.43 22.5
1548100430.44 22.5
1548100440.46 23.0
1548100450.48 22.5
1548100460.5 22.5
1548100470.52 23.0
1548100480.53 22.5
1548100490.55 22.5
1548100500.57 22.5
1548100510.59 22.5
1548100520.6 22.5
1548100530.62 23.6
1548100540.64 22.5
1548100550.66 22.5
1548100560.68 22.5
1548100570.7 22.5
1548100580.71 22.5
1548100590.73 22.5
1548100600.74 23.0
1548100610.76 22.5
1548100620.78 22.5
1548100630.81 23.0
1548100640.82 23.6
1548100650.84 23.0
1548100660.86 22.5
1548100670.88 23.0
1548100680.9 22.5
1548100690.92 22.0
1548100700.93 22.0
1548100710.95 22.0
1548100720.97 22.0
1548100730.99 22.0
1548100741.01 22.5
1548100751.02 22.5
1548100761.05 22.5
1548100771.06 23.0
1548100781.08 22.5
1548100791.09 22.5
1548100801.12 22.0
