1548000000.03 32.2
1548000010.05 32.2
1548000020.06 32.2
1548000030.07 32.2
1548000040.09 32.2
1548000050.1 33.2
1548000060.12 32.7
1548000070.14 32.2
1548000080.15 33.2
1548000090.17 32.7
1548000100.18 32.7
1548000110.2 32.7
1548000120.22 32.2
1548000130.23 32.7
1548000140.25 32.2
1548000150.27 32.2
1548000160.29 32.2
1548000170.31 32.2
1548000180.33 32.2
1548000190.35 32.2
1548000200.37 32.2
1548000210.38 32.7
1548000220.4 32.7
1548000230.41 32.7
1548000240.43 32.2
1548000250.45 33.2
1548000260.48 32.2
1548000270.5 32.2
1548000280.51 32.2
1548000290.53 32.7
1548000300.55 32.7
1548000310.57 32.2
1548000320.59 32.2
1548000330.6 32.2
1548000340.62 31.6
1548000350.64 32.2
1548000360.66 32.2
1548000370.68 32.2
1548000380.69 32.2
1548000390.71 32.2
1548000400.73 32.2
1548000410.75 32.7
1548000420.77 32.2
1548000430.79 32.7
1548000440.81 32.2
1548000450.82 33.2
1548000460.84 32.2
1548000470.85 32.7
1548000480.89 33.2
1548000490.91 32.7
1548000500.93 33.2
1548000510.95 33.2
1548000520.97 33.2
1548000530.99 33.2
1548000541.01 32.7
1548000551.02 32.2
1548000561.04 33.2
1548000571.06 32.7
1548000581.12 33.2
1548000591.13 32.7
1548000601.16 33.2
1548000611.17 32.2
1548000621.19 31.6
1548000631.22 33.2
1548000641.23 32.2
1548000651.25 33.2
1548000661.27 32.2
1548000671.29 32.2
1548000681.31 33.2
1548000691.33 32.7
1548000701.34 33.2
1548000711.36 32.2
1548000721.37 32.2
1548000731.39 32.7
1548000741.41 32.2
1548000751.43 32.2
1548000761.45 32.2
1548000771.48 32.2
1548000781.49 32.7
1548000791.51 32.2
1548000801.52 32.2
1548000811.54 32.2
1548000821.56 32.2
1548000831.58 32.2
1548000841.6 32.2
1548000851.63 32.2
1548000861.64 32.7
1548000871.65 32.2
1548000881.67 32.2
1548000891.69 32.2
1548000901.71 32.7
1548000911.73 32.2
1548000921.75 32.2
1548000931.77 32.2
1548000941.78 32.7
1548000951.8 32.2
1548000961.82 32.2
1548000971.84 32.2
1548000981.86 32.2
1548000991.88 32.2
1548001001.89 32.2
1548001011.91 32.7
1548001021.92 32.7
1548001031.94 33.2
1548001041.96 32.2
1548001051.97 32.2
1548001061.99 32.2
1548001072.01 33.2
1548001082.03 32.2
1548001092.05 32.2
1548001102.07 32.2
1548001112.09 32.2
1548001122.11 32.7
1548001132.13 32.2
1548001142.15 32.2
1548001152.17 32.2
1548001162.19 32.2
1548001172.21 32.2
1548001182.23 32.2
1548001192.26 32.2
1548001202.27 32.7
1548001212.29 33.2
1548001222.31 32.2
1548001232.33 32.2
1548001242.34 32.7
1548001252.36 32.7
1548001262.38 32.2
1548001272.4 32.7
1548001282.42 32.7
1548001292.44 32.7
1548001302.46 32.7
1548001312.48 32.7
1548001322.5 32.2
1548001332.52 32.7
1548001342.53 33.2
1548001352.55 32.2
1548001362.57 32.2
1548001372.59 33.2
1548001382.61 32.2
1548001392.63 32.7
1548001402.65 32.2
1548001412.67 31.6
1548001422.69 32.2
1548001432.71 32.2
1548001442.72 32.2
1548001452.74 32.2
1548001462.77 32.2
1548001472.79 31.6
1548001482.81 32.2
1548001492.83 32.2
1548001502.85 32.2
1548001512.87 32.2
1548001522.89 32.2
1548001532.91 31.6
1548001542.93 32.2
1548001552.94 32.2
1548001562.96 31.1
1548001572.98 31.6
1548001583.0 32.2
1548001593.02 31.6
1548001603.04 32.2
1548001613.06 32.2
1548001623.08 32.7
1548001633.1 31.1
1548001643.11 32.2
1548001653.13 32.2
1548001663.16 32.2
1548001673.18 31.1
1548001683.2 31.6
1548001693.22 32.2
1548001703.24 31.1
1548001713.26 32.2
1548001723.28 31.6
1548001733.3 31.1
1548001743.32 31.6
1548001753.34 31.1
1548001763.36 32.2
1548001773.38 31.6
1548001783.4 31.6
1548001793.42 31.6
1548001803.44 31.1
1548001813.46 32.2
1548001823.48 31.6
1548001833.5 32.2
1548001843.52 32.2
1548001853.54 32.2
1548001863.56 32.2
1548001873.58 32.2
1548001883.6 32.2
1548001893.62 31.6
1548001903.64 32.2
1548001913.65 32.2
1548001923.67 32.2
1548001933.7 32.2
1548001943.72 32.2
1548001953.74 31.6
1548001963.76 31.6
1548001973.79 31.6
1548001983.82 31.1
1548001993.83 31.1
1548002003.86 31.6
1548002013.88 31.1
1548002023.89 31.1
1548002033.91 31.1
1548002043.93 31.1
1548002053.95 31.1
1548002063.98 31.6
1548002073.99 32.2
1548002084.0 31.1
1548002094.02 31.1
1548002104.05 31.1
1548002114.07 31.1
1548002124.09 31.1
1548002134.11 31.6
1548002144.13 31.6
1548002154.15 32.2
1548002164.17 32.2
1548002174.18 32.2
1548002184.21 31.1
1548002194.22 31.1
1548002204.24 31.1
1548002214.27 31.1
1548002224.29 31.1
1548002234.31 31.1
1548002244.33 31.1
1548002254.34 31.6
1548002264.36 31.1
1548002274.38 31.6
1548002284.4 31.1
1548002294.43 31.1
1548002304.45 31.6
1548002314.47 31.1
1548002324.49 31.1
1548002334.5 31.1
1548002344.52 31.1
1548002354.55 31.1
1548002364.57 31.1
1548002374.59 31.1
1548002384.61 31.6
1548002394.63 30.6
1548002404.66 31.1
1548002414.68 31.1
1548002424.7 31.1
1548002434.72 31.1
1548002444.74 30.6
1548002454.76 30.6
1548002464.78 31.1
1548002474.8 30.6
1548002484.82 31.1
1548002494.84 31.1
1548002504.87 31.1
1548002514.88 32.2
1548002524.9 31.1
1548002534.92 31.1
1548002544.93 31.1
1548002554.95 31.1
1548002564.97 31.1
1548002574.99 32.2
1548002585.01 31.1
1548002595.03 31.1
1548002605.05 31.1
1548002615.07 31.1
1548002625.09 31.6
1548002635.11 31.1
1548002645.12 31.1
1548002655.14 31.1
1548002665.16 31.1
1548002675.18 31.1
1548002685.2 31.1
1548002695.22 31.1
1548002705.25 31.6
1548002715.27 31.1
1548002725.29 30.0
1548002735.31 30.6
1548002745.32 31.1
1548002755.34 31.6
1548002765.36 31.6
1548002775.39 31.1
1548002785.4 31.6
1548002795.42 31.1
1548002805.44 31.6
1548002815.46 31.1
1548002825.48 31.6
1548002835.49 32.2
1548002845.51 31.6
1548002855.53 31.1
1548002865.55 31.6
1548002875.56 31.1
1548002885.58 31.1
1548002895.6 32.2
1548002905.62 31.1
1548002915.64 31.1
1548002925.66 32.2
1548002935.68 31.6
1548002945.7 30.6
1548002955.72 31.1
1548002965.74 31.1
1548002975.76 31.1
1548002985.78 31.1
1548002995.8 30.6
1548003005.82 31.1
1548003015.83 31.1
1548003025.85 32.2
1548003035.87 31.1
1548003045.89 31.1
1548003055.91 30.6
1548003065.92 30.6
1548003075.94 31.6
1548003085.96 31.1
1548003095.98 32.2
1548003106.0 31.6
1548003116.02 31.1
1548003126.04 31.1
1548003136.05 31.1
1548003146.08 32.2
1548003156.1 32.2
1548003166.12 31.1
1548003176.14 31.1
1548003186.16 31.1
1548003196.17 32.2
1548003206.19 31.1
1548003216.21 31.1
1548003226.23 31.1
1548003236.25 32.2
1548003246.27 31.1
1548003256.31 31.1
1548003266.32 31.1
1548003276.34 31.1
1548003286.37 31.1
1548003296.39 31.6
1548003306.41 31.6
1548003316.43 31.1
1548003326.46 31.1
1548003336.48 31.1
1548003346.5 31.1
1548003356.52 31.1
1548003366.54 31.1
1548003376.56 31.1
1548003386.58 30.6
1548003396.6 31.6
1548003406.62 31.1
1548003416.65 31.6
1548003426.66 31.1
1548003436.68 31.1
1548003446.7 31.1
1548003456.72 31.6
1548003466.74 32.2
1548003476.75 32.2
1548003486.77 32.2
1548003496.79 32.2
1548003506.81 32.2
1548003516.83 31.1
1548003526.85 31.1
1548003536.87 32.2
1548003546.88 32.2
1548003556.9 31.6
1548003566.92 32.2
1548003576.94 31.6
1548003586.97 31.1
1548003596.99 32.2
