1549800004.08 31.1
1549800014.1 29.5
1549800024.11 30.0
1549800034.13 29.5
1549800044.14 30.6
1549800054.15 30.6
1549800064.17 30.0
1549800074.19 29.5
1549800084.21 28.9
1549800094.23 28.9
1549800104.25 30.0
1549800114.27 30.0
1549800124.28 30.0
1549800134.3 30.0
1549800144.32 30.0
1549800154.34 30.0
1549800164.36 29.5
1549800174.38 30.0
1549800184.4 30.0
1549800194.41 29.5
1549800204.43 28.9
1549800214.45 28.9
1549800224.48 28.9
1549800234.5 28.9
1549800244.52 29.5
1549800254.54 29.5
1549800264.56 28.9
1549800274.57 28.9
1549800284.59 30.0
1549800294.61 28.9
1549800304.63 28.9
1549800314.65 29.5
1549800324.67 28.9
1549800334.69 28.9
1549800344.72 28.4
1549800354.73 28.9
1549800364.75 28.9
1549800374.77 28.9
1549800384.79 28.9
1549800394.81 28.9
1549800404.82 28.9
1549800414.85 29.5
1549800424.87 28.9
1549800434.88 29.5
1549800444.9 28.9
1549800454.92 28.9
1549800464.94 29.5
1549800474.96 29.5
1549800484.98 28.9
1549800494.99 29.5
1549800505.02 28.9
1549800515.03 29.5
1549800525.04 30.0
1549800535.06 28.9
1549800545.09 28.9
1549800555.11 28.9
1549800565.13 28.9
1549800575.15 30.0
1549800585.17 30.0
1549800595.19 29.5
1549800605.21 30.0
1549800615.23 29.5
1549800625.25 30.0
1549800635.26 29.5
1549800645.28 28.9
1549800655.3 28.9
1549800665.32 30.0
1549800675.34 28.9
1549800685.35 29.5
1549800695.37 30.0
1549800705.39 29.5
1549800715.41 29.5
1549800725.42 30.0
1549800735.44 30.0
1549800745.46 30.0
1549800755.48 29.5
1549800765.5 28.9
1549800775.51 28.9
1549800785.53 30.0
1549800795.55 30.0
1549800805.56 30.6
1549800815.57 28.9
1549800825.59 30.6
1549800835.6 30.0
1549800845.62 30.0
1549800855.63 30.6
1549800865.65 30.0
1549800875.66 30.0
1549800885.68 30.0
1549800895.7 30.0
1549800905.71 30.6
1549800915.73 30.0
1549800925.75 30.0
1549800935.77 30.0
1549800945.79 29.5
1549800955.81 30.0
1549800965.82 29.5
1549800975.84 30.0
1549800985.86 30.6
1549800995.88 30.0
1549801005.9 30.0
1549801015.93 30.0
1549801025.94 30.0
1549801035.96 30.0
1549801045.98 29.5
1549801056.0 30.0
1549801066.02 30.0
1549801076.04 30.0
1549801086.06 30.6
1549801096.08 30.0
1549801106.1 29.5
1549801116.12 30.0
1549801126.14 30.0
1549801136.16 30.0
1549801146.18 30.0
1549801156.2 30.6
1549801166.21 30.0
1549801176.23 30.0
1549801186.25 30.6
1549801196.27 31.1
1549801206.29 30.6
1549801216.31 30.6
1549801226.32 30.0
1549801236.34 30.0
1549801246.36 30.0
1549801256.37 31.1
1549801266.39 31.1
1549801276.4 31.1
1549801286.42 30.0
1549801296.44 31.1
1549801306.45 30.6
1549801316.46 31.1
1549801326.48 31.6
1549801336.49 31.1
1549801346.51 31.1
1549801356.53 31.1
1549801366.54 30.6
1549801376.56 31.1
1549801386.58 31.6
1549801396.6 31.1
1549801406.62 31.1
1549801416.63 31.1
1549801426.65 30.0
1549801436.66 30.0
1549801446.68 30.6
1549801456.69 31.1
1549801466.71 31.1
1549801476.73 31.1
1549801486.75 31.1
1549801496.77 30.6
1549801506.79 30.6
1549801516.8 31.1
1549801526.82 30.6
1549801536.84 30.6
1549801546.85 31.1
1549801556.87 31.1
1549801566.89 31.1
1549801576.9 30.6
1549801586.92 30.6
1549801596.93 30.0
1549801606.95 30.0
1549801616.97 31.1
1549801626.98 31.1
1549801636.99 32.2
1549801647.01 32.2
1549801657.02 31.6
1549801667.04 31.1
1549801677.06 31.6
1549801687.07 31.1
1549801697.09 30.6
1549801707.1 31.1
1549801717.11 31.1
1549801727.13 31.1
1549801737.14 31.1
1549801747.16 31.1
1549801757.18 31.1
1549801767.19 31.1
1549801777.21 30.6
1549801787.22 31.1
1549801797.24 31.1
1549801807.26 30.6
1549801817.28 30.6
1549801827.3 31.1
1549801837.31 31.1
1549801847.33 31.1
1549801857.34 31.1
1549801867.36 31.1
1549801877.38 31.1
1549801887.39 32.2
1549801897.41 31.1
1549801907.43 31.6
1549801917.44 32.2
1549801927.46 31.1
1549801937.48 31.1
1549801947.49 32.2
1549801957.51 31.1
1549801967.52 32.2
1549801977.53 32.2
1549801987.55 32.2
1549801997.56 32.7
1549802007.58 31.1
1549802017.59 32.7
1549802027.61 32.7
1549802037.63 31.1
1549802047.65 31.1
1549802057.66 32.7
1549802067.68 32.2
1549802077.7 31.6
1549802087.71 31.1
1549802097.73 32.2
1549802107.75 32.2
1549802117.76 32.7
1549802127.78 31.6
1549802137.79 31.1
1549802147.81 31.6
1549802157.82 32.2
1549802167.84 32.7
1549802177.85 32.2
1549802187.87 32.2
1549802197.89 32.2
1549802207.91 32.2
1549802217.92 32.2
1549802227.94 33.2
1549802237.95 32.7
1549802247.97 33.2
1549802257.98 33.2
1549802268.0 33.2
1549802278.01 33.2
1549802288.03 32.2
1549802298.04 33.2
1549802308.06 32.7
1549802318.08 33.2
1549802328.09 33.2
1549802338.1 33.8
1549802348.12 32.7
1549802358.13 32.7
1549802368.15 32.7
1549802378.16 33.2
1549802388.18 32.2
1549802398.19 33.2
1549802408.21 33.2
1549802418.22 33.2
1549802428.23 33.2
1549802438.24 32.7
1549802448.26 33.2
1549802458.28 32.2
1549802468.3 32.7
1549802478.32 32.2
1549802488.33 32.2
1549802498.35 32.2
1549802508.37 32.7
1549802518.39 32.2
1549802528.41 32.2
1549802538.42 32.2
1549802548.44 32.2
1549802558.46 32.2
1549802568.48 32.2
1549802578.5 31.6
1549802588.52 31.6
1549802598.54 31.6
1549802608.56 32.2
1549802618.57 31.6
1549802628.59 31.6
1549802638.62 32.2
1549802648.63 32.2
1549802658.65 32.7
1549802668.67 32.2
1549802678.7 32.2
1549802688.72 32.2
1549802698.74 32.2
1549802708.75 32.7
1549802718.77 32.2
1549802728.8 32.2
1549802738.83 32.2
1549802748.85 33.2
1549802758.87 32.2
1549802768.89 32.2
1549802778.91 32.7
1549802788.93 32.2
1549802798.95 32.7
1549802808.97 32.2
1549802818.99 32.7
1549802829.01 32.7
1549802839.03 32.2
1549802849.06 32.2
1549802859.08 32.7
1549802869.09 33.8
1549802879.11 32.7
1549802889.13 32.7
1549802899.15 32.2
1549802909.17 33.8
1549802919.19 32.7
1549802929.2 33.2
1549802939.22 32.7
1549802949.24 33.2
1549802959.26 33.2
1549802969.28 33.2
1549802979.3 33.2
1549802989.32 33.2
1549802999.34 33.2
1549803009.36 32.7
1549803019.37 33.2
1549803029.39 34.3
1549803039.4 34.3
1549803049.42 33.2
1549803059.44 33.8
1549803069.46 33.8
1549803079.48 33.2
1549803089.5 33.2
1549803099.52 33.8
1549803109.53 34.3
1549803119.55 33.8
1549803129.56 33.8
1549803139.57 34.3
1549803149.59 33.8
1549803159.61 33.2
1549803169.63 33.8
1549803179.64 34.3
1549803189.65 34.3
1549803199.67 34.3
1549803209.68 34.3
1549803219.69 34.3
1549803229.71 34.3
1549803239.73 34.3
1549803249.74 34.3
1549803259.76 34.3
1549803269.78 33.8
1549803279.8 34.9
1549803289.82 34.3
1549803299.83 34.9
1549803309.84 34.9
1549803319.86 34.9
1549803329.87 34.9
1549803339.89 34.3
1549803349.92 34.3
1549803359.94 34.3
1549803369.96 34.9
1549803379.98 34.9
1549803389.99 34.9
1549803400.01 34.9
1549803410.04 35.4
1549803420.06 34.9
1549803430.08 35.4
1549803440.1 34.3
1549803450.12 34.3
1549803460.14 35.4
1549803470.15 34.9
1549803480.18 34.3
1549803490.2 34.3
1549803500.22 35.4
1549803510.24 34.3
1549803520.25 35.4
1549803530.27 34.9
1549803540.28 35.4
1549803550.3 35.4
1549803560.32 34.9
1549803570.33 35.4
1549803580.35 35.4
1549803590.37 35.9
1549803600.38 35.9
