1549500001.37 37.6
1549500011.39 37.0
1549500021.42 37.0
1549500031.43 37.6
1549500041.46 37.6
1549500051.48 37.6
1549500061.5 37.6
1549500071.52 37.6
1549500081.54 37.6
1549500091.55 37.6
1549500101.58 37.0
1549500111.59 37.6
1549500121.62 36.5
1549500131.64 37.6
1549500141.66 37.6
1549500151.68 37.0
1549500161.7 37.6
1549500171.72 37.0
1549500181.74 37.6
1549500191.76 37.6
1549500201.78 37.6
1549500211.8 37.6
1549500221.82 38.6
1549500231.84 38.1
1549500241.86 37.6
1549500251.88 37.6
1549500261.9 38.1
1549500271.92 37.6
1549500281.95 38.1
1549500291.96 37.6
1549500301.98 38.6
1549500312.0 37.6
1549500322.02 38.6
1549500332.04 38.6
1549500342.06 38.6
1549500352.08 38.1
1549500362.09 39.2
1549500372.11 38.6
1549500382.13 38.6
1549500392.14 38.1
1549500402.16 39.2
1549500412.18 38.6
1549500422.19 38.6
1549500432.22 38.1
1549500442.23 38.6
1549500452.25 38.1
1549500462.27 38.6
1549500472.29 37.6
1549500482.31 38.1
1549500492.33 38.1
1549500502.35 37.6
1549500512.37 39.2
1549500522.38 38.6
1549500532.41 38.6
1549500542.42 38.6
1549500552.45 38.1
1549500562.46 38.6
1549500572.49 37.6
1549500582.5 38.6
1549500592.52 39.2
1549500602.53 38.6
1549500612.55 38.6
1549500622.57 38.6
1549500632.59 38.6
1549500642.61 39.2
1549500652.63 38.6
1549500662.64 38.6
1549500672.66 38.6
1549500682.68 37.6
1549500692.71 38.1
1549500702.73 37.6
1549500712.75 38.1
1549500722.77 38.6
1549500732.79 38.1
1549500742.81 38.6
1549500752.83 38.6
1549500762.84 38.6
1549500772.86 38.1
1549500782.88 38.6
1549500792.9 38.6
1549500802.91 38.6
1549500812.93 38.6
1549500822.95 38.6
1549500832.97 38.6
1549500842.99 38.6
1549500853.01 38.6
1549500863.03 38.6
1549500873.05 38.6
1549500883.07 38.1
1549500893.09 38.1
1549500903.11 37.6
1549500913.13 38.1
1549500923.15 38.6
1549500933.17 38.6
1549500943.2 38.6
1549500953.22 38.6
1549500963.23 38.6
1549500973.26 38.6
1549500983.28 38.6
1549500993.31 38.6
1549501003.32 38.1
1549501013.34 38.6
1549501023.36 38.1
1549501033.38 38.1
1549501043.4 38.6
1549501053.41 38.6
1549501063.43 38.6
1549501073.45 38.1
1549501083.47 38.6
1549501093.48 38.6
1549501103.5 38.6
1549501113.52 38.1
1549501123.54 37.6
1549501133.56 37.6
1549501143.58 37.6
1549501153.61 37.6
1549501163.63 37.6
1549501173.65 37.6
1549501183.67 38.1
1549501193.69 38.6
1549501203.7 40.8
1549501213.72 39.2
1549501223.74 38.1
1549501233.76 38.6
1549501243.78 38.6
1549501253.81 38.1
1549501263.82 38.1
1549501273.85 37.6
1549501283.86 37.6
1549501293.89 37.6
1549501303.91 37.6
1549501313.93 37.6
1549501323.95 37.6
1549501333.97 37.0
1549501343.99 37.0
1549501354.01 37.0
1549501364.03 37.6
1549501374.06 37.0
1549501384.09 37.0
1549501394.1 37.6
1549501404.12 37.6
1549501414.14 36.5
1549501424.16 37.0
1549501434.18 37.6
1549501444.2 37.6
1549501454.22 36.5
1549501464.25 37.0
1549501474.27 37.6
1549501484.29 36.5
1549501494.31 37.6
1549501504.33 37.6
1549501514.34 37.0
1549501524.36 37.6
1549501534.38 37.0
1549501544.4 38.1
1549501554.42 37.0
1549501564.44 37.6
1549501574.45 37.0
1549501584.46 37.0
1549501594.48 38.1
1549501604.49 37.6
1549501614.51 37.0
1549501624.53 36.5
1549501634.55 37.0
1549501644.57 37.6
1549501654.6 37.0
1549501664.62 37.0
1549501674.63 37.6
1549501684.66 37.0
1549501694.68 36.5
1549501704.7 36.5
1549501714.72 37.0
1549501724.75 37.6
1549501734.76 37.6
1549501744.77 37.6
1549501754.8 37.0
1549501764.82 37.6
1549501774.84 37.6
1549501784.86 37.6
1549501794.88 37.0
1549501804.89 37.6
1549501814.91 37.0
1549501824.93 37.6
1549501834.94 38.1
1549501844.96 37.6
1549501854.98 38.1
1549501865.0 38.1
1549501875.02 37.6
1549501885.03 38.1
1549501895.05 38.1
1549501905.06 37.6
1549501915.08 38.6
1549501925.1 37.6
1549501935.11 38.6
1549501945.13 38.6
1549501955.15 38.6
1549501965.17 37.6
1549501975.19 38.6
1549501985.21 37.6
1549501995.23 38.1
1549502005.24 38.1
1549502015.26 38.6
1549502025.28 38.6
1549502035.3 37.6
1549502045.32 38.6
1549502055.34 38.6
1549502065.36 38.6
1549502075.38 38.1
1549502085.4 38.6
1549502095.42 37.6
1549502105.44 37.6
1549502115.46 37.6
1549502125.48 37.6
1549502135.5 37.0
1549502145.53 37.0
1549502155.55 37.0
1549502165.57 36.5
1549502175.58 37.0
1549502185.61 36.5
1549502195.62 38.1
1549502205.64 37.6
1549502215.66 37.6
1549502225.68 37.6
1549502235.7 37.6
1549502245.72 38.1
1549502255.75 37.0
1549502265.76 37.6
1549502275.79 37.0
1549502285.81 37.0
1549502295.83 37.0
1549502305.85 36.5
1549502315.88 37.0
1549502325.9 37.0
1549502335.92 36.5
1549502345.94 36.5
1549502355.96 36.5
1549502365.98 36.5
1549502376.0 36.5
1549502386.02 36.5
1549502396.04 36.5
1549502406.06 35.9
1549502416.08 36.5
1549502426.1 36.5
1549502436.12 35.9
1549502446.15 36.5
1549502456.17 35.9
1549502466.18 37.0
1549502476.19 36.5
1549502486.21 37.0
1549502496.23 36.5
1549502506.25 37.0
1549502516.26 36.5
1549502526.27 36.5
1549502536.29 35.4
1549502546.31 37.0
1549502556.32 36.5
1549502566.35 35.4
1549502576.36 37.0
1549502586.39 36.5
1549502596.41 36.5
1549502606.43 36.5
1549502616.45 36.5
1549502626.47 36.5
1549502636.5 35.9
1549502646.52 35.4
1549502656.54 35.4
1549502666.57 35.9
1549502676.59 35.9
1549502686.61 36.5
1549502696.63 36.5
1549502706.65 36.5
1549502716.67 35.9
1549502726.7 36.5
1549502736.71 36.5
1549502746.73 35.4
1549502756.74 35.4
1549502766.76 35.4
1549502776.78 35.4
1549502786.81 35.4
1549502796.83 35.4
1549502806.85 35.9
1549502816.87 35.9
1549502826.89 36.5
1549502836.91 36.5
1549502846.93 36.5
1549502856.95 37.0
1549502866.96 36.5
1549502876.98 35.4
1549502887.0 36.5
1549502897.01 36.5
1549502907.03 36.5
1549502917.04 36.5
1549502927.06 35.4
1549502937.08 36.5
1549502947.1 34.9
1549502957.13 35.4
1549502967.14 35.9
1549502977.17 35.4
1549502987.19 35.9
1549502997.21 36.5
1549503007.23 35.4
1549503017.25 35.4
1549503027.28 35.9
1549503037.29 36.5
1549503047.32 35.4
1549503057.34 35.9
1549503067.36 35.9
1549503077.38 35.4
1549503087.4 35.9
1549503097.42 36.5
1549503107.43 35.9
1549503117.45 35.9
1549503127.46 35.4
1549503137.47 36.5
1549503147.48 36.5
1549503157.5 36.5
1549503167.51 36.5
1549503177.53 35.9
1549503187.55 35.9
1549503197.56 35.9
1549503207.59 36.5
1549503217.61 35.4
1549503227.62 36.5
1549503237.64 36.5
1549503247.66 36.5
1549503257.68 36.5
1549503267.7 36.5
1549503277.71 36.5
1549503287.73 36.5
1549503297.76 35.4
1549503307.77 36.5
1549503317.79 36.5
1549503327.81 36.5
1549503337.83 36.5
1549503347.84 36.5
1549503357.86 35.9
1549503367.88 36.5
1549503377.9 36.5
1549503387.92 36.5
1549503397.94 36.5
1549503407.97 36.5
1549503417.98 37.0
1549503428.0 36.5
1549503438.02 36.5
1549503448.03 37.0
1549503458.05 36.5
1549503468.07 36.5
1549503478.09 36.5
1549503488.11 36.5
1549503498.13 36.5
1549503508.15 35.9
1549503518.18 36.5
1549503528.2 35.9
1549503538.22 36.5
1549503548.24 36.5
1549503558.27 36.5
1549503568.29 35.4
1549503578.31 36.5
1549503588.33 35.4
1549503598.35 37.0
1549503608.37 36.5
1549503618.39 36.5
1549503628.4 37.0
1549503638.43 37.0
1549503648.44 36.5
1549503658.45 36.5
1549503668.48 36.5
1549503678.49 36.5
1549503688.51 36.5
1549503698.53 36.5
1549503708.55 36.5
1549503718.58 35.9
1549503728.6 36.5
1549503738.62 35.9
1549503748.64 35.9
1549503758.76 35.4
1549503768.78 35.4
1549503778.8 35.9
1549503788.82 36.5
1549503798.84 36.5
1549503808.86 34.9
1549503818.87 35.9
1549503828.89 35.4
1549503838.92 35.9
1549503848.94 34.9
1549503858.96 35.4
1549503868.98 35.4
1549503878.99 36.5
1549503889.01 35.4
1549503899.03 35.4
1549503909.05 34.9
1549503919.06 35.4
1549503929.07 35.9
1549503939.09 35.9
1549503949.11 35.4
1549503959.13 35.4
1549503969.15 34.9
1549503979.17 34.9
1549503989.19 35.4
1549503999.22 34.3
1549504009.24 35.4
1549504019.26 34.9
1549504029.27 35.4
1549504039.29 34.9
1549504049.31 34.9
1549504059.33 34.9
1549504069.35 34.9
1549504079.37 35.9
1549504089.4 34.9
1549504099.42 35.4
1549504109.44 34.9
1549504119.46 35.4
1549504129.48 34.9
1549504139.5 35.4
1549504149.52 35.4
1549504159.54 35.4
1549504169.55 34.9
1549504179.57 35.4
1549504189.59 35.4
1549504199.61 35.9
1549504209.63 35.4
1549504219.65 35.4
1549504229.67 34.9
1549504239.69 35.4
1549504249.7 35.4
1549504259.73 35.4
1549504269.75 35.4
1549504279.77 35.4
1549504289.79 34.9
1549504299.8 35.4
1549504309.82 34.3
1549504319.84 35.4
1549504329.86 35.9
1549504339.88 35.4
1549504349.9 34.9
1549504359.92 36.5
1549504369.93 36.5
1549504379.95 34.9
1549504389.98 34.9
1549504400.0 35.4
1549504410.02 34.9
1549504420.04 34.9
1549504430.06 35.4
1549504440.08 34.9
1549504450.1 35.4
1549504460.11 34.9
1549504470.13 35.4
1549504480.15 34.9
1549504490.17 35.9
1549504500.19 35.4
1549504510.21 34.9
1549504520.23 34.3
1549504530.25 34.9
1549504540.27 34.9
1549504550.29 35.9
1549504560.31 35.4
1549504570.32 35.9
1549504580.34 35.4
1549504590.36 34.9
1549504600.39 35.4
1549504610.4 35.9
1549504620.42 35.4
1549504630.44 35.4
1549504640.46 35.4
1549504650.48 35.9
1549504660.5 35.9
1549504670.52 35.4
1549504680.53 35.4
1549504690.55 34.9
1549504700.57 35.4
1549504710.59 35.4
1549504720.61 34.9
1549504730.63 35.4
1549504740.65 35.9
1549504750.67 35.4
1549504760.69 35.4
1549504770.71 35.9
1549504780.72 35.4
1549504790.74 35.9
1549504800.75 36.5
1549504810.77 36.5
1549504820.79 35.9
1549504830.81 35.4
1549504840.82 36.5
1549504850.84 36.5
1549504860.86 36.5
1549504870.88 36.5
1549504880.9 35.9
1549504890.91 36.5
1549504900.93 35.4
1549504910.95 35.9
1549504920.97 36.5
1549504930.98 36.5
1549504941.01 36.5
1549504951.02 36.5
1549504961.04 36.5
1549504971.06 36.5
1549504981.08 37.6
1549504991.1 36.5
1549505001.12 37.0
1549505011.13 37.6
1549505021.15 36.5
1549505031.16 37.0
1549505041.18 37.0
1549505051.19 37.0
1549505061.21 37.0
1549505071.23 37.0
1549505081.25 37.0
1549505091.27 37.6
1549505101.29 37.6
1549505111.3 37.0
1549505121.31 37.6
1549505131.33 37.6
1549505141.35 37.6
1549505151.37 37.6
1549505161.39 37.0
1549505171.41 37.0
1549505181.43 36.5
1549505191.45 37.0
1549505201.46 36.5
1549505211.48 37.0
1549505221.5 37.6
1549505231.53 36.5
1549505241.55 36.5
1549505251.57 36.5
1549505261.6 36.5
1549505271.62 36.5
1549505281.64 36.5
1549505291.66 37.0
1549505301.68 36.5
1549505311.7 36.5
1549505321.71 37.0
1549505331.73 37.0
1549505341.74 37.0
1549505351.77 36.5
1549505361.78 37.0
1549505371.8 37.0
1549505381.82 36.5
1549505391.84 37.0
1549505401.87 37.0
1549505411.89 36.5
1549505421.91 37.0
1549505431.93 37.6
1549505441.94 37.0
1549505451.97 37.0
1549505461.99 37.0
1549505472.01 37.0
1549505482.03 37.6
1549505492.05 37.6
1549505502.07 37.0
1549505512.09 36.5
1549505522.12 37.0
1549505532.14 36.5
1549505542.16 36.5
1549505552.18 35.9
1549505562.2 36.5
1549505572.22 36.5
1549505582.24 36.5
1549505592.27 36.5
1549505602.28 37.0
1549505612.3 36.5
1549505622.33 36.5
1549505632.35 36.5
1549505642.37 37.0
1549505652.38 36.5
1549505662.4 36.5
1549505672.43 35.9
1549505682.45 36.5
1549505692.48 36.5
1549505702.5 36.5
1549505712.52 36.5
1549505722.54 36.5
1549505732.56 37.0
1549505742.59 35.9
1549505752.61 36.5
1549505762.64 35.9
1549505772.65 36.5
1549505782.67 36.5
1549505792.69 37.0
1549505802.71 37.0
1549505812.73 36.5
1549505822.75 36.5
1549505832.77 36.5
1549505842.79 37.0
1549505852.81 37.0
1549505862.83 37.0
1549505872.85 36.5
1549505882.87 36.5
1549505892.89 36.5
1549505902.91 36.5
1549505912.93 36.5
1549505922.96 36.5
1549505932.98 36.5
1549505943.0 37.0
1549505953.02 36.5
1549505963.04 37.0
1549505973.06 36.5
1549505983.08 36.5
1549505993.1 36.5
1549506003.12 37.0
1549506013.14 36.5
1549506023.16 36.5
1549506033.18 36.5
1549506043.2 36.5
1549506053.22 36.5
1549506063.24 36.5
1549506073.25 36.5
1549506083.27 36.5
1549506093.29 36.5
1549506103.31 35.4
1549506113.33 35.9
1549506123.35 35.9
1549506133.37 36.5
1549506143.38 36.5
1549506153.4 36.5
1549506163.43 36.5
1549506173.45 36.5
1549506183.47 37.6
1549506193.49 37.0
1549506203.5 37.0
1549506213.53 37.0
1549506223.54 35.9
1549506233.56 36.5
1549506243.59 36.5
1549506253.61 36.5
1549506263.63 36.5
1549506273.65 36.5
1549506283.66 36.5
1549506293.69 36.5
1549506303.7 37.0
1549506313.73 37.0
1549506323.75 36.5
1549506333.76 37.0
1549506343.79 36.5
1549506353.81 37.0
1549506363.83 37.6
1549506373.85 36.5
1549506383.87 37.6
1549506393.88 37.6
1549506403.9 37.6
1549506413.92 37.0
1549506423.94 37.0
1549506433.97 37.0
1549506443.98 37.0
1549506454.0 37.6
1549506464.02 37.6
1549506474.04 37.0
1549506484.06 37.0
1549506494.08 37.0
1549506504.1 37.6
1549506514.11 37.6
1549506524.13 38.1
1549506534.15 37.6
1549506544.17 37.6
1549506554.19 38.1
1549506564.21 37.6
1549506574.23 37.6
1549506584.25 36.5
1549506594.27 37.0
1549506604.29 37.6
1549506614.31 37.6
1549506624.32 37.6
1549506634.34 37.6
1549506644.36 37.0
1549506654.37 37.0
1549506664.39 37.0
1549506674.41 37.0
1549506684.43 37.0
1549506694.45 37.0
1549506704.46 37.6
1549506714.48 36.5
1549506724.5 37.0
1549506734.52 36.5
1549506744.54 36.5
1549506754.56 37.0
1549506764.58 37.6
1549506774.6 37.0
1549506784.62 37.0
1549506794.64 36.5
1549506804.66 36.5
1549506814.68 36.5
1549506824.69 35.9
1549506834.71 37.0
1549506844.72 36.5
1549506854.74 36.5
1549506864.76 36.5
1549506874.78 36.5
1549506884.79 36.5
1549506894.81 36.5
1549506904.82 36.5
1549506914.84 36.5
1549506924.86 37.6
1549506934.88 37.0
1549506944.9 36.5
1549506954.92 36.5
1549506964.94 37.6
1549506974.96 36.5
1549506984.98 36.5
1549506995.0 35.9
1549507005.02 36.5
1549507015.04 36.5
1549507025.06 36.5
1549507035.09 36.5
1549507045.11 36.5
1549507055.13 36.5
1549507065.15 36.5
1549507075.17 36.5
1549507085.19 36.5
1549507095.21 36.5
1549507105.23 36.5
1549507115.25 36.5
1549507125.27 36.5
1549507135.29 36.5
1549507145.31 36.5
1549507155.34 36.5
1549507165.36 36.5
1549507175.38 36.5
1549507185.4 36.5
1549507195.42 37.6
1549507205.44 37.0
1549507215.46 35.9
1549507225.48 37.6
1549507235.49 37.6
1549507245.51 36.5
1549507255.54 36.5
1549507265.56 35.9
1549507275.57 36.5
1549507285.58 37.0
1549507295.6 36.5
1549507305.62 36.5
1549507315.63 37.0
1549507325.64 36.5
1549507335.66 35.9
1549507345.68 36.5
1549507355.7 36.5
1549507365.72 35.9
1549507375.75 35.9
1549507385.77 36.5
1549507395.78 36.5
1549507405.8 37.0
1549507415.83 36.5
1549507425.85 36.5
1549507435.87 36.5
1549507445.89 36.5
1549507455.91 36.5
1549507465.93 36.5
1549507475.95 36.5
1549507485.97 36.5
1549507495.99 35.9
1549507506.0 36.5
1549507516.02 36.5
1549507526.04 36.5
1549507536.07 35.9
1549507546.08 37.0
1549507556.1 36.5
1549507566.13 36.5
1549507576.15 36.5
1549507586.17 37.0
1549507596.18 36.5
1549507606.2 36.5
1549507616.22 37.0
1549507626.24 36.5
1549507636.26 36.5
1549507646.28 37.6
1549507656.29 36.5
1549507666.31 37.0
1549507676.32 36.5
1549507686.34 36.5
1549507696.36 37.0
1549507706.38 37.6
1549507716.39 37.6
1549507726.4 37.0
1549507736.42 37.6
1549507746.43 37.6
1549507756.45 37.6
1549507766.47 37.6
1549507776.49 37.6
1549507786.5 37.6
1549507796.52 36.5
1549507806.54 36.5
1549507816.55 37.6
1549507826.57 37.0
1549507836.58 36.5
1549507846.6 37.0
1549507856.62 37.6
1549507866.63 37.6
1549507876.65 37.6
1549507886.67 36.5
1549507896.69 35.9
1549507906.71 37.6
1549507916.73 37.0
1549507926.75 37.0
1549507936.76 37.0
1549507946.78 37.6
1549507956.8 37.6
1549507966.81 37.0
1549507976.83 36.5
1549507986.85 37.6
1549507996.87 37.0
1549508006.89 36.5
1549508016.91 36.5
1549508026.93 36.5
1549508036.95 36.5
1549508046.97 37.0
1549508056.99 36.5
1549508067.01 37.6
1549508077.03 37.6
1549508087.05 36.5
1549508097.08 36.5
1549508107.09 37.6
1549508117.12 36.5
1549508127.13 37.0
1549508137.15 36.5
1549508147.17 36.5
1549508157.19 37.0
1549508167.21 37.0
1549508177.24 36.5
1549508187.26 35.9
1549508197.28 36.5
1549508207.3 36.5
1549508217.32 37.6
1549508227.34 36.5
1549508237.36 36.5
1549508247.38 36.5
1549508257.4 35.9
1549508267.42 36.5
1549508277.44 36.5
1549508287.46 36.5
1549508297.47 36.5
1549508307.49 36.5
1549508317.51 36.5
1549508327.54 35.4
1549508337.55 36.5
1549508347.56 36.5
1549508357.58 35.9
1549508367.6 36.5
1549508377.62 36.5
1549508387.64 35.9
1549508397.66 35.4
