1549600006.85 38.6
1549600016.87 38.1
1549600026.9 38.1
1549600036.92 38.1
1549600046.94 38.6
1549600056.95 38.6
1549600066.97 38.6
1549600076.99 38.6
1549600087.0 39.2
1549600097.02 37.6
1549600107.05 38.1
1549600117.06 38.6
1549600127.08 38.6
1549600137.1 38.1
1549600147.12 38.6
1549600157.14 38.1
1549600167.16 38.6
1549600177.18 38.1
1549600187.2 38.6
1549600197.22 37.6
1549600207.24 38.6
1549600217.26 38.6
1549600227.28 37.6
1549600237.3 38.6
1549600247.32 37.6
1549600257.34 38.6
1549600267.35 38.1
1549600277.37 37.6
1549600287.39 38.1
1549600297.42 38.6
1549600307.44 37.6
1549600317.46 38.1
1549600327.49 39.2
1549600337.5 38.6
1549600347.53 38.6
1549600357.54 38.6
1549600367.57 38.6
1549600377.61 38.6
1549600387.63 38.6
1549600397.65 38.1
1549600407.67 38.6
1549600417.69 38.6
1549600427.71 38.6
1549600437.73 38.6
1549600447.75 39.2
1549600457.77 38.6
1549600467.79 37.6
1549600477.81 38.6
1549600487.83 38.6
1549600497.85 38.6
1549600507.87 37.6
1549600517.9 38.6
1549600527.92 38.6
1549600537.93 39.2
1549600547.95 38.6
1549600557.97 38.6
1549600567.99 38.6
1549600578.01 37.6
1549600588.03 38.6
1549600598.06 39.2
1549600608.08 38.6
1549600618.1 38.1
1549600628.11 39.2
1549600638.13 39.2
1549600648.15 37.6
1549600658.18 38.6
1549600668.2 38.6
1549600678.22 38.6
1549600688.25 38.6
1549600698.27 38.6
1549600708.29 37.6
1549600718.31 38.6
1549600728.33 38.6
1549600738.35 39.2
1549600748.36 38.6
1549600758.38 39.2
1549600768.4 38.6
1549600778.43 38.6
1549600788.45 38.6
1549600798.48 38.6
1549600808.5 38.1
1549600818.52 38.6
1549600828.55 38.6
1549600838.57 38.6
1549600848.59 39.2
1549600858.61 38.6
1549600868.63 39.2
1549600878.66 39.2
1549600888.68 39.2
1549600898.7 38.6
1549600908.72 39.7
1549600918.74 38.6
1549600928.76 39.7
1549600938.78 38.6
1549600948.8 39.7
1549600958.81 38.6
1549600968.83 39.2
1549600978.85 39.2
1549600988.89 39.2
1549600998.9 39.7
1549601008.92 39.7
1549601018.95 38.6
1549601028.96 39.7
1549601038.98 39.7
1549601049.01 38.6
1549601059.03 39.2
1549601069.05 38.6
1549601079.07 39.2
1549601089.09 38.6
1549601099.11 38.6
1549601109.13 38.6
1549601119.15 39.7
1549601129.17 38.6
1549601139.19 39.2
1549601149.21 38.6
1549601159.23 38.6
1549601169.26 39.2
1549601179.28 38.6
1549601189.3 39.2
1549601199.32 39.2
1549601209.34 38.6
1549601219.37 38.6
1549601229.39 38.6
1549601239.41 39.2
1549601249.43 39.7
1549601259.45 38.6
1549601269.47 39.2
1549601279.5 38.6
1549601289.53 38.6
1549601299.55 38.6
1549601309.57 38.6
1549601319.61 38.6
1549601329.63 38.6
1549601339.65 38.6
1549601349.67 38.6
1549601359.69 38.6
1549601369.71 38.6
1549601379.73 38.6
1549601389.75 39.7
1549601399.77 38.1
1549601409.79 38.6
1549601419.81 38.6
1549601429.82 39.2
1549601439.84 38.6
1549601449.86 39.2
1549601459.88 38.6
1549601469.9 39.2
1549601479.93 38.6
1549601489.95 38.6
1549601499.96 38.6
1549601509.98 38.1
1549601520.0 38.6
1549601530.02 39.2
1549601540.04 39.2
1549601550.06 39.2
1549601560.08 38.6
1549601570.1 38.6
1549601580.12 38.6
1549601590.13 39.2
1549601600.16 39.2
1549601610.18 38.6
1549601620.19 39.2
1549601630.21 38.6
1549601640.23 38.1
1549601650.25 39.2
1549601660.27 38.6
1549601670.29 38.6
1549601680.32 38.6
1549601690.34 38.6
1549601700.35 38.1
1549601710.37 38.6
1549601720.39 38.6
1549601730.42 39.2
1549601740.44 38.6
1549601750.46 38.6
1549601760.48 38.1
1549601770.5 38.1
1549601780.52 38.6
1549601790.53 39.2
1549601800.55 39.7
1549601810.58 38.6
1549601820.6 39.2
1549601830.62 38.1
1549601840.64 38.6
1549601850.66 38.6
1549601860.68 38.6
1549601870.7 38.6
1549601880.72 39.2
1549601890.74 39.7
1549601900.76 38.6
1549601910.78 38.6
1549601920.8 39.2
1549601930.82 38.6
1549601940.84 38.1
1549601950.86 39.2
1549601960.88 39.2
1549601970.9 39.2
1549601980.92 39.7
1549601990.94 39.2
1549602000.96 39.2
1549602010.98 39.2
1549602021.0 38.6
1549602031.02 39.2
1549602041.04 39.2
1549602051.05 39.2
1549602061.07 38.6
1549602071.09 38.6
1549602081.1 39.7
1549602091.12 38.6
1549602101.13 38.6
1549602111.15 38.6
1549602121.17 38.6
1549602131.19 39.2
1549602141.21 38.6
1549602151.23 39.2
1549602161.25 38.6
1549602171.27 38.6
1549602181.29 38.6
1549602191.31 38.6
1549602201.34 38.6
1549602211.36 39.2
1549602221.38 38.6
1549602231.4 39.2
1549602241.42 39.2
1549602251.44 38.6
1549602261.46 38.1
1549602271.49 38.6
1549602281.51 38.6
1549602291.53 38.6
1549602301.55 38.1
1549602311.57 39.2
1549602321.59 39.2
1549602331.62 38.6
1549602341.64 38.1
1549602351.66 38.6
1549602361.68 38.6
1549602371.7 38.6
1549602381.72 38.6
1549602391.74 39.2
1549602401.76 39.2
1549602411.78 39.2
1549602421.81 38.6
1549602431.82 39.2
1549602441.85 38.6
1549602451.87 39.2
1549602461.89 39.2
1549602471.91 39.2
1549602481.93 38.6
1549602491.94 39.2
1549602501.97 38.6
1549602511.98 39.2
1549602522.0 38.6
1549602532.02 38.6
1549602542.04 39.2
1549602552.06 38.6
1549602562.09 38.6
1549602572.11 39.2
1549602582.13 38.6
1549602592.16 38.6
1549602602.18 38.6
1549602612.2 38.6
1549602622.22 39.2
1549602632.24 38.6
1549602642.27 39.2
1549602652.29 38.6
1549602662.31 39.7
1549602672.32 39.2
1549602682.35 39.7
1549602692.36 39.7
1549602702.39 39.2
1549602712.41 39.7
1549602722.42 39.2
1549602732.44 38.6
1549602742.47 39.2
1549602752.49 38.1
1549602762.51 39.2
1549602772.52 39.7
1549602782.54 39.2
1549602792.55 39.2
1549602802.57 38.6
1549602812.59 38.6
1549602822.61 38.6
1549602832.63 38.6
1549602842.65 38.1
1549602852.67 38.6
1549602862.7 38.6
1549602872.72 38.6
1549602882.74 38.6
1549602892.75 38.1
1549602902.77 38.6
1549602912.79 39.2
1549602922.81 38.6
1549602932.83 39.2
1549602942.84 38.6
1549602952.87 38.6
1549602962.88 38.6
1549602972.9 39.2
1549602982.91 39.7
1549602992.93 39.2
1549603002.95 39.2
1549603012.97 38.6
1549603022.98 38.6
1549603033.0 39.7
1549603043.02 39.7
1549603053.04 39.7
1549603063.06 39.7
1549603073.08 39.2
1549603083.1 39.2
1549603093.12 39.2
1549603103.14 38.6
1549603113.16 38.6
1549603123.18 39.2
1549603133.2 39.2
1549603143.21 38.6
1549603153.24 39.2
1549603163.26 38.6
1549603173.28 38.6
1549603183.3 39.2
1549603193.32 39.2
1549603203.35 39.2
1549603213.37 39.7
1549603223.38 39.2
1549603233.4 38.6
1549603243.42 39.2
1549603253.44 39.7
1549603263.45 40.2
1549603273.47 40.2
1549603283.48 40.8
1549603293.49 39.7
1549603303.5 39.2
1549603313.52 39.7
1549603323.54 39.7
1549603333.56 39.7
1549603343.58 39.7
1549603353.6 39.7
1549603363.61 39.7
1549603373.63 39.7
1549603383.64 39.7
1549603393.66 39.7
1549603403.68 39.7
1549603413.7 39.2
1549603423.72 39.2
1549603433.75 39.7
1549603443.77 39.7
1549603453.79 39.7
1549603463.81 39.2
1549603473.83 39.2
1549603483.85 38.6
1549603493.87 39.7
1549603503.89 39.2
1549603513.9 39.7
1549603523.93 39.2
1549603533.94 39.7
1549603543.96 39.2
1549603553.98 39.7
1549603564.0 39.2
1549603574.02 39.7
1549603584.03 39.7
1549603594.05 39.2
1549603604.07 39.7
1549603614.09 39.7
1549603624.11 39.7
1549603634.13 39.7
1549603644.15 40.8
1549603654.16 39.7
1549603664.18 40.8
1549603674.2 40.2
1549603684.21 40.2
1549603694.23 40.8
1549603704.25 39.7
1549603714.27 39.7
1549603724.29 39.7
1549603734.31 39.7
1549603744.33 39.7
1549603754.35 39.7
1549603764.37 39.2
1549603774.39 39.2
1549603784.41 39.2
1549603794.43 39.7
1549603804.45 39.7
1549603814.47 39.7
1549603824.49 39.2
1549603834.52 39.7
1549603844.53 39.7
1549603854.55 39.7
1549603864.58 39.2
1549603874.6 39.7
1549603884.61 39.2
1549603894.63 39.2
1549603904.66 39.2
1549603914.67 38.6
1549603924.69 39.2
1549603934.71 38.6
1549603944.73 38.6
1549603954.75 39.2
1549603964.77 39.7
1549603974.79 38.6
1549603984.83 39.2
1549603994.85 39.2
1549604004.87 39.2
1549604014.89 39.7
1549604024.91 38.6
1549604034.93 39.7
1549604044.95 38.6
1549604054.97 39.2
1549604064.99 38.6
1549604075.01 39.2
1549604085.03 39.7
1549604095.05 39.2
1549604105.07 38.6
1549604115.09 39.7
1549604125.11 38.6
1549604135.13 38.6
1549604145.15 39.7
1549604155.16 39.7
1549604165.18 39.7
1549604175.2 39.2
1549604185.22 39.2
1549604195.25 39.2
1549604205.27 39.7
1549604215.29 39.2
1549604225.31 40.2
1549604235.33 39.2
1549604245.35 39.7
1549604255.36 39.7
1549604265.39 38.6
1549604275.41 39.7
1549604285.42 39.7
1549604295.45 39.7
1549604305.47 38.6
1549604315.49 38.6
1549604325.51 39.7
1549604335.54 39.7
1549604345.56 39.2
1549604355.57 39.7
1549604365.6 39.7
1549604375.62 39.7
1549604385.64 39.7
1549604395.66 39.7
1549604405.68 39.2
1549604415.7 38.6
1549604425.72 38.6
1549604435.74 38.6
1549604445.77 39.2
1549604455.79 39.2
1549604465.8 39.7
1549604475.82 38.6
1549604485.84 39.2
1549604495.86 39.7
1549604505.88 39.2
1549604515.91 39.2
1549604525.93 38.6
1549604535.95 38.6
1549604545.97 38.6
1549604555.99 38.6
1549604566.02 38.6
1549604576.04 38.6
1549604586.06 39.2
1549604596.08 39.2
1549604606.1 38.6
1549604616.13 38.6
1549604626.14 38.6
1549604636.17 38.6
1549604646.19 39.2
1549604656.22 38.6
1549604666.24 38.6
1549604676.26 38.6
1549604686.29 39.2
1549604696.31 39.2
1549604706.33 39.2
1549604716.35 38.6
1549604726.37 39.2
1549604736.4 38.6
1549604746.42 38.6
1549604756.44 38.6
1549604766.46 39.2
1549604776.48 38.6
1549604786.5 39.7
1549604796.53 39.2
1549604806.55 39.2
1549604816.56 39.2
1549604826.58 39.7
1549604836.6 39.7
1549604846.63 38.6
1549604856.65 39.2
1549604866.67 38.6
1549604876.7 39.2
1549604886.72 39.7
1549604896.74 38.6
1549604906.76 39.7
1549604916.78 39.7
1549604926.8 39.2
1549604936.83 39.2
1549604946.85 39.2
1549604956.86 38.6
1549604966.88 38.6
1549604976.91 39.2
1549604986.93 39.7
1549604996.95 39.7
1549605006.97 39.7
1549605016.99 39.2
1549605027.02 39.2
1549605037.04 39.2
1549605047.06 39.2
1549605057.07 39.7
1549605067.09 39.7
1549605077.11 39.7
1549605087.12 39.7
1549605097.14 39.7
1549605107.16 39.7
1549605117.18 39.7
1549605127.2 39.2
1549605137.22 40.2
1549605147.24 39.7
1549605157.26 38.6
1549605167.27 39.2
1549605177.3 39.2
1549605187.31 39.7
1549605197.33 39.7
1549605207.35 39.7
1549605217.37 39.7
1549605227.39 39.7
1549605237.4 39.7
1549605247.43 39.2
1549605257.45 39.2
1549605267.47 39.2
1549605277.49 39.7
1549605287.51 39.2
1549605297.53 38.6
1549605307.55 39.2
1549605317.57 39.2
1549605327.59 39.2
1549605337.61 38.6
1549605347.63 38.6
1549605357.65 38.6
1549605367.67 39.7
1549605377.69 38.6
1549605387.71 39.2
1549605397.73 38.6
1549605407.75 38.6
1549605417.77 38.6
1549605427.79 39.2
1549605437.81 39.2
1549605447.83 39.2
1549605457.85 38.6
1549605467.87 38.6
1549605477.89 39.2
1549605487.91 39.7
1549605497.93 39.2
1549605507.95 39.7
1549605517.97 39.2
1549605527.99 39.2
1549605538.01 39.2
1549605548.03 39.2
1549605558.05 39.2
1549605568.08 39.2
1549605578.1 38.6
1549605588.11 39.7
1549605598.13 39.2
1549605608.16 39.2
1549605618.18 39.2
1549605628.19 39.7
1549605638.22 39.2
1549605648.24 39.2
1549605658.26 39.2
1549605668.28 38.6
1549605678.3 39.2
1549605688.31 39.2
1549605698.33 38.6
1549605708.35 39.2
1549605718.37 39.2
1549605728.4 38.6
1549605738.42 38.6
1549605748.44 38.6
1549605758.46 38.6
1549605768.49 39.2
1549605778.51 39.2
1549605788.52 39.7
1549605798.54 39.2
1549605808.57 39.2
1549605818.59 39.7
1549605828.6 39.7
1549605838.62 39.7
1549605848.64 39.2
1549605858.66 40.8
1549605868.69 39.7
1549605878.71 40.2
1549605888.73 39.7
1549605898.75 39.7
1549605908.77 39.7
1549605918.79 39.2
1549605928.8 39.7
1549605938.82 39.7
1549605948.84 39.7
1549605958.86 39.2
1549605968.87 39.7
1549605978.9 39.7
1549605988.91 39.2
1549605998.93 39.7
1549606008.95 39.2
1549606018.97 39.2
1549606029.0 39.2
1549606039.02 39.2
1549606049.04 39.2
1549606059.07 39.7
1549606069.09 39.7
1549606079.11 39.7
1549606089.14 39.7
1549606099.15 38.6
1549606109.17 39.2
1549606119.19 38.6
1549606129.22 39.2
1549606139.23 39.2
1549606149.25 39.7
1549606159.27 39.2
1549606169.29 38.6
1549606179.32 39.2
1549606189.34 39.2
1549606199.36 39.2
1549606209.38 40.2
1549606219.4 39.2
1549606229.42 39.2
1549606239.44 38.6
1549606249.46 39.2
1549606259.48 39.7
1549606269.51 39.7
1549606279.52 39.7
1549606289.54 39.7
1549606299.56 39.2
1549606309.58 39.7
1549606319.6 39.2
1549606329.62 39.2
1549606339.64 39.7
1549606349.66 38.6
1549606359.68 39.2
1549606369.7 39.7
1549606379.72 38.6
1549606389.74 39.2
1549606399.77 39.2
1549606409.79 39.7
1549606419.81 38.6
1549606429.84 38.6
1549606439.87 38.6
1549606449.89 39.2
1549606459.92 38.6
1549606469.94 39.2
1549606479.97 38.6
1549606489.99 38.6
1549606500.02 38.6
1549606510.04 39.2
1549606520.06 39.2
1549606530.09 39.7
1549606540.11 39.2
1549606550.13 39.7
1549606560.15 39.7
1549606570.18 39.7
1549606580.2 39.7
1549606590.22 39.7
1549606600.25 39.7
1549606610.27 39.2
1549606620.29 39.2
1549606630.32 39.2
1549606640.35 39.2
1549606650.37 39.2
1549606660.39 38.6
1549606670.41 39.7
1549606680.43 39.2
1549606690.46 39.2
1549606700.48 39.2
1549606710.51 39.7
1549606720.53 39.7
1549606730.56 39.7
1549606740.58 39.2
1549606750.61 39.2
1549606760.63 39.2
1549606770.66 39.2
1549606780.68 39.7
1549606790.7 39.7
1549606800.73 39.2
1549606810.75 40.2
1549606820.77 39.7
1549606830.8 39.2
1549606840.82 39.7
1549606850.84 39.7
1549606860.86 39.7
1549606870.88 39.2
1549606880.9 39.2
1549606890.92 39.7
1549606900.95 39.7
1549606910.97 39.7
1549606920.99 39.7
1549606931.02 39.7
1549606941.04 39.7
1549606951.07 39.2
1549606961.09 39.7
1549606971.11 39.2
1549606981.13 39.7
1549606991.16 39.7
1549607001.18 39.2
1549607011.2 38.6
1549607021.22 38.6
1549607031.24 39.2
1549607041.27 38.6
1549607051.29 38.6
1549607061.31 39.2
1549607071.33 38.6
1549607081.35 39.2
1549607091.37 38.6
1549607101.39 39.2
1549607111.42 39.2
1549607121.44 38.6
1549607131.46 38.6
1549607141.48 38.6
1549607151.5 39.2
1549607161.53 39.7
1549607171.54 39.2
1549607181.56 39.2
1549607191.58 39.7
1549607201.6 39.2
1549607211.63 39.2
1549607221.65 39.2
1549607231.67 39.2
1549607241.69 38.6
1549607251.71 38.6
1549607261.73 39.2
1549607271.75 39.7
1549607281.78 38.6
1549607291.8 39.2
1549607301.82 39.7
1549607311.84 39.2
1549607321.85 39.7
1549607331.88 38.6
1549607341.9 38.6
1549607351.92 38.6
1549607361.94 39.2
1549607371.96 39.2
1549607381.98 39.2
1549607392.0 38.6
1549607402.03 38.6
1549607412.05 39.2
1549607422.07 38.6
1549607432.09 39.2
1549607442.11 38.6
1549607452.13 38.6
1549607462.15 38.6
1549607472.18 38.6
1549607482.2 38.6
1549607492.22 38.6
1549607502.24 39.2
1549607512.26 38.6
1549607522.29 38.6
1549607532.31 38.6
1549607542.33 38.6
1549607552.35 39.2
1549607562.37 39.2
1549607572.39 39.7
1549607582.41 39.2
1549607592.43 39.2
1549607602.45 39.2
1549607612.47 38.6
1549607622.49 39.2
1549607632.51 39.2
1549607642.52 39.7
1549607652.54 39.7
1549607662.56 38.6
1549607672.58 39.2
1549607682.61 38.6
1549607692.63 38.6
1549607702.65 39.2
1549607712.67 39.2
1549607722.69 38.6
1549607732.71 39.2
1549607742.73 38.6
1549607752.75 39.7
1549607762.77 39.7
1549607772.79 39.2
1549607782.81 39.2
1549607792.83 38.6
1549607802.85 39.2
1549607812.87 38.6
1549607822.89 39.2
1549607832.91 39.2
1549607842.93 39.2
1549607852.95 38.6
1549607862.97 38.6
1549607872.99 38.6
1549607883.01 38.6
1549607893.03 39.2
1549607903.05 38.6
1549607913.07 38.6
1549607923.09 38.6
1549607933.11 38.1
1549607943.13 38.6
1549607953.15 38.6
1549607963.17 38.6
1549607973.2 39.2
1549607983.22 38.6
1549607993.24 38.6
1549608003.26 38.6
1549608013.28 39.2
1549608023.3 38.6
1549608033.32 38.6
1549608043.34 38.1
1549608053.36 38.6
1549608063.38 38.6
1549608073.4 38.6
1549608083.42 39.2
1549608093.44 38.6
1549608103.46 38.6
1549608113.48 38.6
1549608123.5 39.2
1549608133.52 39.2
1549608143.54 39.2
1549608153.56 39.2
1549608163.58 38.6
1549608173.6 39.2
1549608183.62 38.6
1549608193.65 38.6
1549608203.67 38.6
1549608213.69 39.2
1549608223.71 38.6
1549608233.73 38.6
1549608243.75 39.2
1549608253.77 38.6
1549608263.79 38.6
1549608273.82 38.6
1549608283.84 38.1
1549608293.86 38.6
1549608303.89 38.6
1549608313.91 38.6
1549608323.93 38.6
1549608333.95 38.6
1549608343.97 38.6
1549608353.99 39.2
1549608364.01 39.2
1549608374.03 38.6
1549608384.05 38.6
1549608394.06 39.2
1549608404.08 38.6
1549608414.1 38.6
1549608424.12 38.6
1549608434.14 38.6
1549608444.16 38.6
1549608454.18 38.6
1549608464.2 38.1
1549608474.22 38.6
1549608484.24 38.6
1549608494.27 39.7
1549608504.29 38.6
1549608514.31 38.6
1549608524.32 39.2
1549608534.34 38.6
1549608544.36 38.6
1549608554.38 39.2
1549608564.4 38.6
1549608574.42 38.6
1549608584.44 38.6
1549608594.46 38.6
1549608604.48 38.6
1549608614.5 38.6
1549608624.52 39.2
1549608634.55 39.2
1549608644.56 38.6
1549608654.58 38.6
1549608664.6 38.6
1549608674.62 38.6
1549608684.65 39.2
1549608694.67 38.6
1549608704.69 38.1
1549608714.71 38.6
1549608724.73 38.6
1549608734.75 38.6
1549608744.77 38.6
1549608754.79 38.6
1549608764.81 38.6
1549608774.83 38.1
1549608784.85 38.6
1549608794.87 38.6
1549608804.9 38.6
1549608814.92 39.2
1549608824.94 38.6
1549608834.96 38.6
1549608844.98 38.6
1549608855.0 38.6
1549608865.02 38.6
1549608875.03 39.2
1549608885.05 38.1
1549608895.07 38.6
1549608905.09 39.2
1549608915.11 38.6
1549608925.13 38.6
1549608935.15 38.6
1549608945.17 38.6
1549608955.19 39.2
1549608965.21 39.2
1549608975.23 38.6
1549608985.25 38.6
1549608995.27 38.1
1549609005.29 38.1
1549609015.31 38.6
1549609025.33 38.6
1549609035.35 38.6
1549609045.37 38.6
1549609055.39 38.6
1549609065.41 38.6
1549609075.43 38.1
1549609085.45 38.6
1549609095.47 38.6
1549609105.49 38.1
1549609115.51 38.6
1549609125.53 38.1
1549609135.55 38.6
1549609145.57 38.6
1549609155.59 38.6
1549609165.61 38.1
1549609175.64 38.6
1549609185.66 38.6
1549609195.68 38.6
1549609205.7 39.2
1549609215.73 39.2
1549609225.75 39.2
1549609235.77 38.6
1549609245.79 39.2
1549609255.81 39.2
1549609265.84 38.6
1549609275.86 38.6
1549609285.88 38.6
1549609295.9 38.6
1549609305.92 39.7
1549609315.94 38.6
1549609325.96 38.6
1549609335.98 38.6
1549609345.99 38.6
1549609356.01 38.6
1549609366.03 39.2
1549609376.06 38.6
1549609386.08 39.2
1549609396.1 38.6
1549609406.12 37.6
1549609416.14 38.6
1549609426.17 38.6
1549609436.19 38.6
1549609446.21 38.6
1549609456.23 39.2
1549609466.25 38.6
1549609476.27 38.6
1549609486.29 38.6
1549609496.32 38.6
1549609506.34 38.6
1549609516.36 39.2
1549609526.38 38.6
1549609536.4 38.6
1549609546.42 38.6
1549609556.44 38.6
1549609566.46 39.2
1549609576.48 38.1
1549609586.51 38.1
1549609596.53 38.6
1549609606.55 38.6
1549609616.58 38.1
1549609626.59 38.6
1549609636.62 37.6
1549609646.64 38.1
1549609656.66 38.6
1549609666.69 38.1
1549609676.71 38.6
1549609686.73 38.6
1549609696.76 38.6
1549609706.77 38.6
1549609716.79 38.6
1549609726.81 39.2
1549609736.83 38.6
1549609746.86 38.6
1549609756.88 38.6
1549609766.9 38.6
1549609776.93 38.1
1549609786.95 38.6
1549609796.97 38.1
1549609806.99 39.2
1549609817.02 38.1
1549609827.03 38.1
1549609837.05 38.6
1549609847.07 38.6
1549609857.1 38.1
1549609867.11 39.2
1549609877.13 38.6
1549609887.15 38.6
1549609897.18 38.6
1549609907.2 38.6
1549609917.22 38.6
1549609927.24 38.6
1549609937.26 39.2
1549609947.27 38.6
1549609957.3 38.6
1549609967.32 38.1
1549609977.34 38.6
1549609987.36 38.6
1549609997.38 38.6
1549610007.4 38.6
1549610017.42 39.7
1549610027.44 38.6
1549610037.46 39.7
1549610047.47 39.2
1549610057.48 38.6
1549610067.5 38.6
1549610077.53 38.6
1549610087.55 38.6
1549610097.56 39.7
1549610107.58 38.6
1549610117.6 38.6
1549610127.62 38.6
1549610137.65 38.6
1549610147.66 38.1
1549610157.68 38.6
1549610167.71 37.6
1549610177.73 38.1
1549610187.75 38.6
1549610197.77 38.6
1549610207.79 38.6
1549610217.81 39.2
1549610227.82 39.2
1549610237.84 39.2
1549610247.86 38.6
1549610257.88 38.6
1549610267.9 38.1
1549610277.92 38.6
1549610287.94 39.2
1549610297.96 38.6
1549610307.98 38.6
1549610318.0 38.6
1549610328.03 39.7
1549610338.05 38.6
1549610348.06 38.6
1549610358.08 38.6
1549610368.11 38.6
1549610378.13 38.6
1549610388.15 39.2
1549610398.17 38.6
1549610408.2 38.6
1549610418.22 38.6
1549610428.24 39.2
1549610438.26 38.6
1549610448.28 38.6
1549610458.31 38.6
1549610468.33 38.6
1549610478.35 38.6
1549610488.37 38.6
1549610498.39 38.6
1549610508.41 37.6
1549610518.43 38.6
1549610528.46 37.6
1549610538.47 38.6
1549610548.5 38.6
1549610558.52 38.6
1549610568.54 38.6
1549610578.56 37.6
1549610588.59 38.1
1549610598.61 38.6
1549610608.64 38.6
1549610618.67 38.6
1549610628.69 38.1
1549610638.71 38.6
1549610648.74 38.6
1549610658.76 38.1
1549610668.77 38.6
1549610678.8 38.6
1549610688.83 38.1
1549610698.85 38.6
1549610708.87 39.2
1549610718.89 38.6
1549610728.91 38.6
1549610738.93 39.2
1549610748.95 38.6
1549610758.97 38.6
1549610768.99 38.6
1549610779.01 38.6
1549610789.03 39.7
1549610799.05 38.6
1549610809.07 39.2
1549610819.1 39.2
1549610829.12 38.6
1549610839.14 38.6
1549610849.16 39.2
1549610859.18 39.2
1549610869.21 38.6
1549610879.24 39.2
1549610889.26 38.6
1549610899.28 39.2
1549610909.3 38.6
1549610919.32 38.6
1549610929.35 38.6
1549610939.37 38.1
1549610949.39 38.6
1549610959.41 38.1
1549610969.44 38.6
1549610979.46 38.6
1549610989.48 38.6
1549610999.51 38.6
1549611009.52 38.6
1549611019.55 38.6
1549611029.56 38.6
1549611039.59 39.2
1549611049.61 37.6
1549611059.63 38.6
1549611069.65 39.2
1549611079.67 39.2
1549611089.69 39.7
1549611099.71 39.2
1549611109.74 38.6
1549611119.76 38.6
1549611129.78 38.6
1549611139.8 38.6
1549611149.82 39.7
1549611159.85 38.6
1549611169.87 38.6
1549611179.89 38.6
1549611189.92 38.6
1549611199.94 39.2
1549611209.96 38.6
1549611219.99 38.6
1549611230.01 38.6
1549611240.03 38.6
1549611250.06 38.6
1549611260.08 39.2
1549611270.1 38.6
1549611280.13 38.6
1549611290.15 38.1
1549611300.18 38.6
1549611310.2 38.6
1549611320.23 38.6
1549611330.25 38.6
1549611340.27 38.6
1549611350.3 38.6
1549611360.31 38.6
1549611370.33 38.6
1549611380.36 39.2
1549611390.38 39.2
1549611400.4 39.2
1549611410.43 39.2
1549611420.45 39.7
1549611430.47 39.7
1549611440.49 39.2
1549611450.51 39.2
1549611460.62 38.6
1549611470.64 39.2
1549611480.66 38.6
1549611490.68 39.7
1549611500.7 38.6
1549611510.73 38.6
1549611520.75 38.6
1549611530.77 38.1
1549611540.8 38.6
1549611550.82 38.6
1549611560.84 38.6
1549611570.86 39.2
1549611580.89 37.6
1549611590.91 38.6
1549611600.93 38.6
1549611610.95 38.6
1549611620.98 38.6
1549611631.0 38.6
1549611641.02 38.6
1549611651.04 37.6
1549611661.07 38.6
1549611671.09 38.1
1549611681.11 38.6
1549611691.15 38.6
1549611701.17 38.1
1549611711.19 38.1
1549611721.22 38.6
1549611731.24 38.1
1549611741.25 38.6
1549611751.28 38.1
1549611761.3 38.6
1549611771.32 38.6
1549611781.35 38.1
1549611791.37 38.6
1549611801.39 37.6
1549611811.41 38.1
1549611821.44 38.6
1549611831.46 38.1
1549611841.48 38.1
1549611851.51 38.1
1549611861.53 38.6
1549611871.55 38.6
1549611881.57 38.1
1549611891.59 37.6
1549611901.61 38.1
1549611911.62 38.6
1549611921.65 37.6
1549611931.66 38.1
1549611941.68 38.6
1549611951.7 38.6
1549611961.72 38.6
1549611971.74 38.1
1549611981.77 38.6
1549611991.79 38.6
1549612001.81 38.6
1549612011.84 38.6
1549612021.86 37.6
1549612031.88 38.1
1549612041.91 38.1
1549612051.93 38.1
1549612061.95 37.6
1549612071.97 38.1
1549612081.99 37.6
1549612092.01 38.1
1549612102.03 38.1
1549612112.05 38.6
1549612122.06 38.1
1549612132.08 39.2
1549612142.1 38.6
1549612152.11 37.6
1549612162.14 37.6
1549612172.16 38.1
1549612182.18 38.1
1549612192.2 38.6
1549612202.22 38.1
1549612212.24 38.1
1549612222.26 38.1
1549612232.28 38.6
1549612242.3 38.1
1549612252.34 38.1
1549612262.36 37.6
1549612272.38 38.1
1549612282.4 38.6
1549612292.42 38.1
1549612302.44 38.6
1549612312.46 38.1
1549612322.49 37.6
1549612332.51 38.6
1549612342.53 37.6
1549612352.55 38.6
1549612362.56 38.1
1549612372.58 38.6
1549612382.61 38.1
1549612392.62 38.6
1549612402.64 38.6
1549612412.66 37.6
1549612422.68 38.6
1549612432.7 37.6
1549612442.72 38.1
1549612452.75 38.1
1549612462.77 37.6
1549612472.79 37.6
1549612482.81 38.1
1549612492.83 38.1
1549612502.85 38.6
1549612512.87 38.1
1549612522.9 38.6
1549612532.92 38.6
1549612542.95 38.6
1549612552.97 38.1
1549612562.99 37.6
1549612573.01 37.6
1549612583.04 38.1
1549612593.06 37.6
1549612603.08 38.1
1549612613.1 38.6
1549612623.12 38.6
1549612633.14 38.6
1549612643.16 38.1
1549612653.18 38.6
1549612663.2 37.6
1549612673.22 38.6
1549612683.24 38.6
1549612693.26 38.1
1549612703.28 38.1
1549612713.3 38.6
1549612723.33 38.6
1549612733.35 38.1
1549612743.37 38.1
1549612753.4 38.1
1549612763.42 38.6
1549612773.45 37.6
1549612783.46 38.6
1549612793.49 38.6
1549612803.5 38.6
1549612813.52 38.6
1549612823.54 38.1
1549612833.57 38.1
1549612843.59 38.1
1549612853.62 37.6
1549612863.64 38.1
1549612873.66 38.6
1549612883.68 37.6
1549612893.71 38.6
1549612903.73 38.1
1549612913.75 38.6
1549612923.78 38.1
1549612933.8 38.1
1549612943.83 38.6
1549612953.86 38.6
1549612963.89 38.1
1549612973.91 38.6
1549612983.94 38.1
1549612993.96 38.6
1549613003.99 37.6
1549613014.01 38.1
1549613024.03 38.1
1549613034.05 38.1
1549613044.08 38.6
1549613054.1 38.6
1549613064.12 38.1
1549613074.15 38.6
1549613084.17 37.6
1549613094.19 37.6
1549613104.21 37.6
1549613114.23 37.6
1549613124.25 38.6
1549613134.27 39.2
1549613144.3 38.1
1549613154.32 38.1
1549613164.35 38.6
1549613174.37 37.6
1549613184.38 38.6
1549613194.4 38.1
1549613204.42 38.1
1549613214.44 38.6
1549613224.47 38.6
1549613234.48 39.2
1549613244.5 38.6
1549613254.53 38.6
1549613264.55 37.6
1549613274.57 38.1
1549613284.59 38.6
1549613294.62 38.6
1549613304.64 37.6
1549613314.66 37.6
1549613324.68 38.1
1549613334.7 38.6
1549613344.72 38.1
1549613354.75 37.6
1549613364.77 38.6
1549613374.78 38.1
1549613384.8 38.6
1549613394.82 38.6
1549613404.85 38.6
1549613414.86 39.2
1549613424.88 38.6
1549613434.9 38.6
1549613444.92 39.2
1549613454.94 38.1
1549613464.97 38.6
1549613474.99 38.6
1549613485.01 38.6
1549613495.03 37.6
1549613505.06 38.6
1549613515.08 38.1
1549613525.1 38.6
1549613535.12 38.6
1549613545.14 38.6
1549613555.16 38.6
1549613565.19 38.6
1549613575.2 38.6
1549613585.22 38.6
1549613595.24 38.6
1549613605.27 38.6
1549613615.29 38.6
1549613625.31 38.6
1549613635.33 38.6
1549613645.36 38.1
1549613655.38 38.6
1549613665.41 38.6
1549613675.43 38.6
1549613685.45 38.6
1549613695.48 38.6
1549613705.5 38.6
1549613715.52 38.1
1549613725.55 38.6
1549613735.57 39.2
1549613745.59 38.1
1549613755.61 39.2
1549613765.63 38.6
1549613775.65 38.6
1549613785.67 37.6
1549613795.7 38.1
1549613805.72 38.6
1549613815.75 38.6
1549613825.77 38.1
1549613835.79 38.1
1549613845.81 38.1
1549613855.83 38.6
1549613865.86 38.6
1549613875.88 38.1
1549613885.9 38.1
1549613895.92 38.6
1549613905.94 38.6
1549613915.96 38.6
1549613925.98 38.6
1549613936.0 38.1
1549613946.02 39.2
1549613956.04 38.6
1549613966.06 38.6
1549613976.08 39.2
1549613986.1 38.6
1549613996.12 38.6
1549614006.14 38.1
1549614016.16 39.2
1549614026.18 38.6
1549614036.2 38.6
1549614046.22 38.6
1549614056.24 38.1
1549614066.26 38.6
1549614076.28 38.6
1549614086.3 38.6
1549614096.32 39.2
1549614106.34 38.6
1549614116.37 38.6
1549614126.39 37.6
1549614136.4 38.6
1549614146.43 38.6
1549614156.47 38.6
1549614166.5 38.6
1549614176.52 37.6
1549614186.53 39.2
1549614196.55 38.6
1549614206.58 38.6
1549614216.6 38.6
1549614226.62 38.1
1549614236.64 38.6
1549614246.66 38.1
1549614256.68 38.6
1549614266.7 38.6
1549614276.72 38.1
1549614286.74 37.6
1549614296.76 38.1
1549614306.78 38.6
1549614316.8 38.1
1549614326.83 38.1
1549614336.85 37.6
1549614346.87 38.1
1549614356.89 38.6
1549614366.91 38.6
1549614376.93 38.6
1549614386.95 38.6
1549614396.97 37.6
1549614406.98 38.6
1549614417.0 38.6
1549614427.02 37.6
1549614437.04 39.2
1549614447.05 38.1
1549614457.06 37.6
1549614467.08 38.6
1549614477.1 38.6
1549614487.12 38.6
1549614497.14 38.6
1549614507.16 38.6
1549614517.18 38.1
1549614527.2 38.6
1549614537.23 38.1
1549614547.25 38.6
1549614557.28 38.1
1549614567.3 38.6
1549614577.32 38.1
1549614587.35 38.6
1549614597.37 39.2
1549614607.39 37.6
1549614617.41 38.6
1549614627.43 38.6
1549614637.45 38.6
1549614647.47 38.6
1549614657.49 38.1
1549614667.51 38.1
1549614677.52 38.1
1549614687.54 39.2
1549614697.56 38.6
1549614707.58 38.1
1549614717.61 38.1
1549614727.63 38.1
1549614737.65 38.1
1549614747.67 38.6
1549614757.7 37.6
1549614767.72 38.6
1549614777.74 37.6
1549614787.76 38.1
1549614797.78 37.6
1549614807.8 38.6
1549614817.82 38.6
1549614827.84 38.6
1549614837.86 38.6
1549614847.88 37.6
1549614857.91 38.1
1549614867.93 38.6
1549614877.95 38.6
1549614887.97 38.1
1549614897.99 38.6
1549614908.01 38.6
1549614918.02 37.6
1549614928.04 38.6
1549614938.05 38.6
1549614948.08 38.6
1549614958.1 37.6
1549614968.13 37.6
1549614978.15 37.6
1549614988.17 37.6
1549614998.19 37.6
1549615008.21 38.1
1549615018.23 37.6
1549615028.25 37.6
1549615038.27 38.1
1549615048.29 37.6
1549615058.31 38.1
1549615068.32 38.1
1549615078.35 37.6
1549615088.36 38.1
1549615098.38 38.6
1549615108.4 38.6
1549615118.42 37.6
1549615128.45 37.6
1549615138.47 37.6
1549615148.48 38.6
1549615158.5 37.6
1549615168.53 37.6
1549615178.55 37.6
1549615188.57 37.0
1549615198.58 38.1
1549615208.61 38.1
1549615218.63 37.6
1549615228.64 37.6
1549615238.66 37.6
1549615248.68 37.6
1549615258.7 37.6
1549615268.72 37.6
1549615278.74 37.6
1549615288.76 37.6
1549615298.78 37.6
1549615308.8 37.6
1549615318.82 38.6
1549615328.84 37.6
1549615338.86 37.6
1549615348.88 38.1
1549615358.9 37.6
1549615368.93 37.0
1549615378.95 37.6
1549615388.96 37.6
1549615398.99 37.6
1549615409.01 37.6
1549615419.02 38.6
1549615429.05 37.6
1549615439.07 37.6
1549615449.09 38.6
1549615459.11 38.6
1549615469.12 38.6
1549615479.14 38.1
1549615489.16 38.6
1549615499.18 37.6
1549615509.2 37.6
1549615519.22 38.6
1549615529.24 38.6
1549615539.26 37.6
1549615549.28 37.6
1549615559.3 37.6
1549615569.32 37.6
1549615579.34 37.0
1549615589.37 37.0
1549615599.39 37.6
1549615609.41 37.6
1549615619.43 37.6
1549615629.45 37.6
1549615639.47 37.6
1549615649.49 37.6
1549615659.52 37.6
1549615669.53 38.6
1549615679.55 37.6
1549615689.58 37.6
1549615699.6 38.1
1549615709.62 37.0
1549615719.64 37.0
1549615729.66 37.0
1549615739.68 37.6
1549615749.7 37.6
1549615759.72 38.1
1549615769.75 37.6
1549615779.77 37.6
1549615789.79 37.0
1549615799.82 37.0
1549615809.84 37.0
1549615819.86 37.0
1549615829.89 37.6
1549615839.91 37.6
1549615849.93 37.0
1549615859.95 37.0
1549615869.97 37.6
1549615880.0 37.6
1549615890.01 37.0
1549615900.03 37.6
1549615910.05 37.0
1549615920.07 37.0
1549615930.09 37.6
1549615940.11 37.6
1549615950.13 36.5
1549615960.16 37.6
1549615970.18 37.6
1549615980.2 38.1
1549615990.23 37.6
1549616000.26 37.6
1549616010.28 37.0
1549616020.31 37.0
1549616030.33 37.0
1549616040.36 37.0
1549616050.38 37.6
1549616060.4 37.0
1549616070.43 37.6
1549616080.45 37.6
1549616090.47 37.0
1549616100.49 37.6
1549616110.52 37.6
1549616120.54 38.1
1549616130.56 37.6
1549616140.58 37.0
1549616150.61 37.0
1549616160.64 37.6
1549616170.66 36.5
1549616180.69 37.0
1549616190.71 37.6
1549616200.73 37.0
1549616210.76 37.6
1549616220.78 38.1
1549616230.8 37.6
1549616240.84 37.6
1549616250.86 37.0
1549616260.89 37.0
1549616270.92 37.6
1549616280.94 36.5
1549616290.96 37.6
1549616300.99 37.6
1549616311.01 37.6
1549616321.03 37.6
1549616331.06 37.0
1549616341.08 37.6
1549616351.11 37.0
1549616361.13 37.6
1549616371.15 37.6
1549616381.17 38.1
1549616391.19 37.6
1549616401.21 38.1
1549616411.23 37.0
1549616421.25 38.6
1549616431.27 37.6
1549616441.28 38.1
1549616451.3 38.1
1549616461.32 37.6
1549616471.34 38.1
1549616481.36 38.6
1549616491.38 37.6
1549616501.4 38.1
1549616511.43 37.6
1549616521.44 37.6
1549616531.46 37.6
1549616541.48 38.1
1549616551.5 37.0
1549616561.52 38.1
1549616571.55 37.6
1549616581.56 38.6
1549616591.58 37.6
1549616601.6 37.6
1549616611.61 37.6
1549616621.63 37.6
1549616631.66 37.6
1549616641.68 37.6
1549616651.7 37.6
1549616661.72 37.6
1549616671.74 38.6
1549616681.76 38.6
1549616691.78 37.6
1549616701.8 37.6
1549616711.82 37.6
1549616721.85 37.6
1549616731.87 37.6
1549616741.89 38.1
1549616751.91 37.6
1549616761.93 37.6
1549616771.95 37.6
1549616781.97 37.6
1549616792.0 37.6
1549616802.02 37.6
1549616812.04 38.1
1549616822.07 37.6
1549616832.09 37.6
1549616842.11 37.6
1549616852.13 37.6
1549616862.16 38.1
1549616872.17 37.6
1549616882.19 37.6
1549616892.22 37.0
1549616902.24 37.6
1549616912.25 37.6
1549616922.27 37.6
1549616932.28 37.6
1549616942.3 37.6
1549616952.32 37.6
1549616962.34 37.0
1549616972.36 37.6
1549616982.38 37.6
1549616992.4 37.6
1549617002.41 37.0
1549617012.43 37.6
1549617022.44 38.6
1549617032.46 37.6
1549617042.48 36.5
1549617052.51 37.6
1549617062.52 38.1
1549617072.54 38.6
1549617082.57 37.6
1549617092.58 37.6
1549617102.61 37.0
1549617112.63 37.0
1549617122.65 37.6
1549617132.67 37.6
1549617142.7 38.1
1549617152.72 38.6
1549617162.75 37.6
1549617172.77 38.1
1549617182.8 37.6
1549617192.82 38.1
1549617202.84 37.0
1549617212.86 38.1
1549617222.89 37.6
1549617232.91 37.6
1549617242.93 37.6
1549617252.96 38.1
1549617262.98 37.6
1549617273.0 38.1
1549617283.03 37.6
1549617293.05 37.6
1549617303.08 37.0
1549617313.17 38.1
1549617323.2 37.0
1549617333.21 37.6
1549617343.22 37.6
1549617353.24 37.6
1549617363.27 37.6
1549617373.29 37.6
1549617383.31 37.6
1549617393.33 37.0
1549617403.36 37.6
1549617413.38 37.0
1549617423.4 37.0
1549617433.42 37.0
1549617443.44 37.0
1549617453.46 37.6
1549617463.48 37.6
1549617473.5 37.6
1549617483.52 37.0
1549617493.54 37.0
1549617503.56 37.0
1549617513.59 37.6
1549617523.6 37.6
1549617533.63 36.5
1549617543.65 36.5
1549617553.67 37.6
1549617563.69 37.0
1549617573.71 37.0
1549617583.73 37.6
1549617593.75 37.0
1549617603.77 37.6
1549617613.79 37.0
1549617623.81 37.6
1549617633.83 37.0
1549617643.86 37.0
1549617653.88 37.0
1549617663.9 36.5
1549617673.93 36.5
1549617683.95 37.6
1549617693.97 38.1
1549617703.99 37.6
1549617714.02 36.5
1549617724.04 38.1
1549617734.06 37.0
1549617744.08 37.0
1549617754.11 37.0
1549617764.13 37.6
1549617774.15 37.6
1549617784.18 37.0
1549617794.2 37.0
1549617804.22 37.6
1549617814.24 38.1
1549617824.25 38.1
1549617834.28 37.0
1549617844.3 37.6
1549617854.33 37.6
1549617864.35 38.6
1549617874.37 37.0
1549617884.4 37.0
1549617894.42 37.0
1549617904.44 38.1
1549617914.47 37.6
1549617924.49 37.0
1549617934.52 37.6
1549617944.54 37.6
1549617954.56 37.0
1549617964.59 37.0
1549617974.61 37.0
1549617984.64 36.5
1549617994.66 36.5
1549618004.68 37.6
1549618014.71 37.6
1549618024.73 37.0
1549618034.76 37.0
1549618044.78 36.5
1549618054.81 36.5
1549618064.83 37.0
1549618074.85 37.0
1549618084.88 37.0
1549618094.9 36.5
1549618104.93 36.5
1549618114.95 37.6
1549618124.97 36.5
1549618135.0 37.0
1549618145.02 37.6
1549618155.05 37.0
1549618165.07 37.0
1549618175.1 36.5
1549618185.12 36.5
1549618195.14 36.5
1549618205.17 37.0
1549618215.2 36.5
1549618225.22 36.5
1549618235.25 36.5
1549618245.27 36.5
1549618255.3 36.5
1549618265.33 36.5
1549618275.35 36.5
1549618285.37 36.5
1549618295.4 37.0
1549618305.42 36.5
1549618315.45 37.6
1549618325.47 36.5
1549618335.49 37.0
1549618345.52 36.5
1549618355.55 37.0
1549618365.57 36.5
1549618375.59 36.5
1549618385.62 36.5
1549618395.64 36.5
1549618405.66 37.6
1549618415.68 36.5
1549618425.71 37.0
1549618435.73 37.6
1549618445.75 36.5
1549618455.78 37.6
1549618465.8 36.5
1549618475.82 37.0
1549618485.85 37.6
1549618495.87 36.5
1549618505.9 36.5
1549618515.93 36.5
1549618525.95 37.0
1549618535.97 36.5
1549618546.0 36.5
1549618556.02 37.6
1549618566.04 37.6
1549618576.07 36.5
1549618586.09 36.5
1549618596.11 37.6
1549618606.14 37.6
1549618616.16 37.0
1549618626.19 37.6
1549618636.22 37.0
1549618646.23 37.0
1549618656.26 36.5
1549618666.28 37.6
1549618676.3 36.5
1549618686.33 36.5
1549618696.36 37.0
1549618706.37 36.5
1549618716.4 36.5
1549618726.43 36.5
1549618736.45 37.6
1549618746.47 36.5
1549618756.5 37.6
1549618766.52 36.5
1549618776.54 37.0
1549618786.56 36.5
1549618796.59 36.5
1549618806.61 37.0
1549618816.64 37.0
1549618826.66 37.6
1549618836.68 37.6
1549618846.7 36.5
1549618856.72 37.0
1549618866.74 37.6
1549618876.75 37.6
1549618886.78 37.0
1549618896.8 36.5
1549618906.83 37.6
1549618916.85 37.6
1549618926.87 37.0
1549618936.89 36.5
1549618946.92 36.5
1549618956.94 36.5
1549618966.97 36.5
1549618976.99 36.5
1549618987.01 36.5
1549618997.04 37.0
1549619007.06 37.0
1549619017.08 36.5
1549619027.1 37.0
1549619037.13 37.6
1549619047.15 37.0
1549619057.18 37.0
1549619067.2 37.0
1549619077.22 37.6
1549619087.24 37.0
1549619097.27 37.0
1549619107.3 37.6
1549619117.32 37.6
1549619127.34 37.6
1549619137.36 37.6
1549619147.38 37.6
1549619157.4 38.1
1549619167.43 37.0
1549619177.45 37.6
1549619187.48 36.5
1549619197.5 37.6
1549619207.52 37.0
1549619217.54 37.6
1549619227.56 37.0
1549619237.59 37.6
1549619247.61 37.6
1549619257.63 36.5
1549619267.65 36.5
1549619277.68 36.5
1549619287.7 37.0
1549619297.72 37.6
1549619307.74 37.6
1549619317.75 37.6
1549619327.77 37.0
1549619337.78 37.6
1549619347.8 37.6
1549619357.82 37.6
1549619367.84 37.0
1549619377.86 37.6
1549619387.88 37.0
1549619397.9 36.5
1549619407.92 37.0
1549619417.95 36.5
1549619427.96 37.6
1549619437.98 37.0
1549619448.0 37.6
1549619458.02 38.1
1549619468.04 37.0
1549619478.06 36.5
1549619488.08 37.6
1549619498.1 37.6
1549619508.12 36.5
1549619518.13 37.0
1549619528.15 36.5
1549619538.17 37.0
1549619548.19 36.5
1549619558.21 37.0
1549619568.23 37.6
1549619578.25 37.0
1549619588.27 36.5
1549619598.29 36.5
1549619608.31 36.5
1549619618.33 37.0
1549619628.36 36.5
1549619638.37 36.5
1549619648.39 36.5
1549619658.41 36.5
1549619668.43 37.0
1549619678.45 37.6
1549619688.47 36.5
1549619698.49 37.6
1549619708.51 37.0
1549619718.53 36.5
1549619728.55 36.5
1549619738.57 36.5
1549619748.59 37.0
1549619758.61 37.0
1549619768.63 37.6
1549619778.65 37.0
1549619788.67 37.0
1549619798.69 36.5
1549619808.71 36.5
1549619818.73 36.5
1549619828.75 36.5
1549619838.77 36.5
1549619848.8 37.6
1549619858.81 37.0
1549619868.83 36.5
1549619878.85 36.5
1549619888.88 37.0
1549619898.9 36.5
1549619908.92 36.5
1549619918.94 36.5
1549619928.96 36.5
1549619938.98 36.5
1549619949.0 36.5
1549619959.02 37.0
1549619969.04 36.5
1549619979.08 36.5
1549619989.09 36.5
1549619999.11 36.5
1549620009.15 36.5
1549620019.17 36.5
1549620029.19 36.5
1549620039.21 36.5
1549620049.23 36.5
1549620059.25 37.0
1549620069.27 36.5
1549620079.29 36.5
1549620089.31 36.5
1549620099.33 36.5
1549620109.35 36.5
1549620119.37 37.0
1549620129.39 36.5
1549620139.41 36.5
1549620149.43 36.5
1549620159.45 36.5
1549620169.47 36.5
1549620179.49 37.0
1549620189.51 36.5
1549620199.53 37.6
1549620209.55 36.5
1549620219.57 37.6
1549620229.59 36.5
1549620239.61 38.1
1549620249.63 37.6
1549620259.65 36.5
1549620269.67 37.6
1549620279.69 36.5
1549620289.71 36.5
1549620299.73 37.6
1549620309.75 37.0
1549620319.77 37.6
1549620329.79 37.0
1549620339.81 37.0
1549620349.83 37.0
1549620359.85 37.0
1549620369.87 38.1
1549620379.88 38.1
1549620389.9 37.6
1549620399.92 37.6
1549620409.94 36.5
1549620419.97 37.6
1549620429.98 37.6
1549620440.01 36.5
1549620450.02 37.6
1549620460.04 38.1
1549620470.06 37.6
1549620480.08 37.6
1549620490.1 37.0
1549620500.12 37.0
1549620510.14 37.6
1549620520.16 37.6
1549620530.18 36.5
1549620540.19 37.0
1549620550.21 37.6
1549620560.23 37.6
1549620570.24 37.6
1549620580.26 37.6
1549620590.28 37.0
1549620600.3 37.6
1549620610.31 37.6
1549620620.33 37.0
1549620630.35 37.6
1549620640.37 37.6
1549620650.38 38.6
1549620660.4 37.6
1549620670.42 36.5
1549620680.45 38.1
1549620690.47 37.0
1549620700.49 37.0
1549620710.51 36.5
1549620720.53 37.6
1549620730.55 37.6
1549620740.56 37.6
1549620750.57 37.6
1549620760.59 38.1
1549620770.6 38.1
1549620780.62 37.6
1549620790.63 38.1
1549620800.65 37.6
1549620810.67 37.6
1549620820.69 37.0
1549620830.71 37.6
1549620840.74 37.0
1549620850.76 37.0
1549620860.78 37.6
1549620870.8 37.6
1549620880.81 37.6
1549620890.83 37.6
1549620900.85 38.1
1549620910.87 37.0
1549620920.89 37.0
1549620930.91 37.6
1549620940.93 37.0
1549620950.95 37.6
1549620960.97 38.1
1549620970.98 37.6
1549620981.0 38.6
1549620991.02 37.6
1549621001.05 37.6
1549621011.06 38.1
1549621021.07 37.6
1549621031.09 37.6
1549621041.11 37.6
1549621051.13 38.1
1549621061.15 37.6
1549621071.17 37.6
1549621081.19 37.6
1549621091.21 37.6
1549621101.23 37.6
1549621111.25 36.5
1549621121.27 37.6
1549621131.29 37.6
1549621141.31 37.6
1549621151.33 37.0
1549621161.35 37.6
1549621171.38 37.6
1549621181.4 37.6
1549621191.42 37.6
1549621201.44 37.6
1549621211.46 37.6
1549621221.48 37.6
1549621231.5 37.0
1549621241.52 37.0
1549621251.54 38.1
1549621261.55 37.6
1549621271.57 38.6
1549621281.59 37.6
1549621291.61 37.6
1549621301.63 38.1
1549621311.64 38.1
1549621321.67 37.6
1549621331.68 38.6
1549621341.7 37.6
1549621351.72 38.1
1549621361.73 38.6
1549621371.76 38.1
1549621381.78 37.6
1549621391.8 37.6
1549621401.82 38.1
1549621411.84 37.6
1549621421.86 37.6
1549621431.88 37.6
1549621441.91 38.6
1549621451.93 38.1
1549621461.94 38.1
1549621471.96 37.6
1549621481.98 38.6
1549621491.99 38.1
1549621502.02 38.1
1549621512.04 38.6
1549621522.05 38.6
1549621532.07 38.1
1549621542.1 38.1
1549621552.12 37.6
1549621562.15 37.6
1549621572.17 37.6
1549621582.18 38.6
1549621592.19 38.6
1549621602.21 38.6
1549621612.23 38.6
1549621622.25 37.6
1549621632.28 37.6
1549621642.3 37.6
1549621652.32 38.1
1549621662.34 37.6
1549621672.37 37.6
1549621682.39 38.1
1549621692.41 37.6
1549621702.43 37.6
1549621712.44 38.1
1549621722.46 37.0
1549621732.48 37.6
1549621742.51 37.6
1549621752.53 37.6
1549621762.54 37.6
1549621772.55 37.0
1549621782.57 38.6
1549621792.58 37.6
1549621802.6 37.6
1549621812.62 38.6
1549621822.64 37.6
1549621832.65 37.6
1549621842.66 37.6
1549621852.69 37.0
1549621862.7 37.6
1549621872.72 37.0
1549621882.74 38.1
1549621892.76 37.6
1549621902.78 37.0
1549621912.81 37.0
1549621922.83 38.1
1549621932.85 38.6
1549621942.86 37.6
1549621952.88 38.1
1549621962.9 37.0
1549621972.92 37.6
1549621982.94 37.6
1549621992.96 38.1
1549622002.98 37.0
1549622013.01 37.6
1549622023.03 37.0
1549622033.06 37.6
1549622043.08 37.0
1549622053.1 37.0
1549622063.12 38.1
1549622073.14 38.6
1549622083.16 37.6
1549622093.18 37.6
1549622103.2 37.6
1549622113.22 37.6
1549622123.24 37.6
1549622133.26 37.6
1549622143.28 38.6
1549622153.3 37.0
1549622163.32 37.6
1549622173.35 37.6
1549622183.36 38.1
1549622193.38 37.6
1549622203.41 37.6
1549622213.43 37.6
1549622223.45 38.1
1549622233.48 37.6
1549622243.5 37.6
1549622253.52 37.6
1549622263.54 36.5
1549622273.56 37.6
1549622283.59 37.0
1549622293.6 38.1
1549622303.62 37.0
1549622313.65 37.0
1549622323.67 37.0
1549622333.69 36.5
1549622343.71 37.0
1549622353.74 37.0
1549622363.76 36.5
1549622373.78 36.5
1549622383.8 37.0
1549622393.82 37.0
1549622403.84 37.0
1549622413.87 36.5
1549622423.89 37.0
1549622433.91 37.0
1549622443.93 37.0
1549622453.95 37.0
1549622463.98 36.5
1549622474.0 37.0
1549622484.01 37.0
1549622494.03 37.0
1549622504.05 36.5
1549622514.08 37.0
1549622524.09 36.5
1549622534.11 37.6
1549622544.14 37.0
1549622554.15 37.6
1549622564.18 37.6
1549622574.19 37.0
1549622584.21 37.6
1549622594.23 37.6
1549622604.25 38.1
1549622614.27 37.0
1549622624.29 38.1
1549622634.31 36.5
1549622644.33 38.6
1549622654.35 37.6
1549622664.37 36.5
1549622674.39 37.6
1549622684.41 37.6
1549622694.43 38.6
1549622704.45 38.1
1549622714.47 38.1
1549622724.49 37.0
1549622734.51 38.6
1549622744.53 38.6
1549622754.55 38.6
1549622764.56 38.6
1549622774.58 37.6
1549622784.6 38.1
1549622794.63 37.6
1549622804.65 37.0
1549622814.67 37.6
1549622824.69 37.6
1549622834.71 37.6
1549622844.73 37.6
1549622854.75 37.6
1549622864.77 38.6
1549622874.79 37.6
1549622884.81 37.6
1549622894.83 38.1
1549622904.85 37.6
1549622914.87 37.6
1549622924.89 37.6
1549622934.92 37.6
1549622944.94 37.6
1549622954.95 38.6
1549622964.97 38.1
1549622974.99 38.6
1549622985.01 37.6
1549622995.03 37.6
1549623005.05 37.6
1549623015.07 38.6
1549623025.08 38.6
1549623035.11 38.1
1549623045.12 38.6
1549623055.14 38.6
1549623065.16 38.1
1549623075.19 38.6
1549623085.21 38.6
1549623095.23 38.6
1549623105.25 38.6
1549623115.27 38.6
1549623125.28 38.6
1549623135.31 37.6
1549623145.33 38.1
1549623155.34 38.6
1549623165.37 38.1
1549623175.39 38.6
1549623185.41 37.6
1549623195.43 37.6
1549623205.45 38.1
1549623215.47 37.6
1549623225.48 38.6
1549623235.5 38.6
1549623245.52 38.6
1549623255.55 38.1
1549623265.57 37.6
1549623275.59 37.6
1549623285.61 37.6
1549623295.63 38.1
1549623305.66 38.1
1549623315.68 37.6
1549623325.7 37.6
1549623335.72 37.6
1549623345.74 38.1
1549623355.77 37.6
1549623365.79 37.6
1549623375.8 37.6
1549623385.83 37.6
1549623395.85 37.6
1549623405.87 37.0
1549623415.9 37.0
1549623425.92 37.0
1549623435.94 37.6
1549623445.96 37.6
1549623455.98 37.6
1549623466.0 37.6
1549623476.02 38.1
1549623486.04 38.1
1549623496.06 38.1
1549623506.09 37.6
1549623516.1 38.6
1549623526.12 37.6
1549623536.14 38.1
1549623546.16 37.0
1549623556.18 37.0
1549623566.2 37.0
1549623576.22 37.6
1549623586.24 37.0
1549623596.27 36.5
