1549300003.5 62.3
1549300013.52 61.8
1549300023.53 62.3
1549300033.55 62.3
1549300043.57 62.3
1549300053.58 62.3
1549300063.6 62.3
1549300073.62 62.3
1549300083.63 62.8
1549300093.65 62.3
1549300103.67 62.3
1549300113.69 61.8
1549300123.71 61.8
1549300133.72 61.8
1549300143.74 62.3
1549300153.76 61.2
1549300163.78 61.8
1549300173.8 62.3
1549300183.81 62.3
1549300193.82 61.8
1549300203.84 62.3
1549300213.86 62.3
1549300223.87 62.3
1549300233.89 62.3
1549300243.91 62.3
1549300253.93 62.3
1549300263.95 61.8
1549300273.97 61.8
1549300283.99 62.3
1549300294.01 62.3
1549300304.02 62.3
1549300314.04 61.2
1549300324.06 62.3
1549300334.08 62.3
1549300344.1 62.3
1549300354.11 62.3
1549300364.13 62.3
1549300374.15 63.4
1549300384.16 62.3
1549300394.18 62.3
1549300404.19 62.3
1549300414.21 62.8
1549300424.22 62.3
1549300434.24 62.3
1549300444.26 62.8
1549300454.28 62.3
1549300464.29 62.3
1549300474.31 62.8
1549300484.33 62.3
1549300494.34 63.4
1549300504.36 63.4
1549300514.37 62.8
1549300524.39 62.8
1549300534.41 62.3
1549300544.43 63.4
1549300554.44 62.8
1549300564.46 63.4
1549300574.47 63.4
1549300584.49 63.4
1549300594.51 62.8
1549300604.52 63.4
1549300614.54 63.4
1549300624.55 63.4
1549300634.56 63.9
1549300644.58 63.4
1549300654.6 63.4
1549300664.62 63.9
1549300674.64 64.5
1549300684.66 63.9
1549300694.67 63.9
1549300704.7 63.4
1549300714.71 64.5
1549300724.73 63.9
1549300734.74 64.5
1549300744.76 65.0
1549300754.78 64.5
1549300764.79 64.5
1549300774.81 64.5
1549300784.83 64.5
1549300794.85 64.5
1549300804.86 64.5
1549300814.88 64.5
1549300824.89 65.5
1549300834.91 65.0
1549300844.93 65.0
1549300854.94 65.0
1549300864.96 64.5
1549300874.97 65.5
1549300885.0 64.5
1549300895.02 65.0
1549300905.03 65.0
1549300915.05 65.0
1549300925.07 65.0
1549300935.09 65.0
1549300945.11 64.5
1549300955.13 65.0
1549300965.14 65.0
1549300975.16 65.0
1549300985.17 65.5
1549300995.19 65.5
1549301005.21 65.0
1549301015.23 65.0
1549301025.24 65.5
1549301035.26 65.5
1549301045.27 65.5
1549301055.29 65.0
1549301065.3 65.0
1549301075.32 65.5
1549301085.34 65.5
1549301095.35 65.0
1549301105.37 65.5
1549301115.39 65.5
1549301125.41 65.5
1549301135.42 65.0
1549301145.44 65.5
1549301155.46 65.5
1549301165.48 65.5
1549301175.49 65.5
1549301185.51 65.5
1549301195.53 65.0
1549301205.54 65.5
1549301215.56 65.5
1549301225.58 66.6
1549301235.59 65.5
1549301245.61 65.0
1549301255.63 65.5
1549301265.65 65.5
1549301275.66 66.1
1549301285.68 65.5
1549301295.7 66.1
1549301305.71 65.5
1549301315.73 65.5
1549301325.74 65.5
1549301335.76 65.5
1549301345.77 65.0
1549301355.79 64.5
1549301365.81 65.5
1549301375.83 65.0
1549301385.84 65.5
1549301395.85 65.0
1549301405.87 65.0
1549301415.89 65.0
1549301425.9 65.0
1549301435.93 65.0
1549301445.95 65.5
1549301455.96 65.5
1549301465.98 64.5
1549301476.0 65.0
1549301486.02 65.5
1549301496.04 65.0
1549301506.05 65.5
1549301516.08 65.0
1549301526.1 64.5
1549301536.11 65.5
1549301546.13 65.0
1549301556.15 65.0
1549301566.16 65.5
1549301576.18 65.0
1549301586.19 65.0
1549301596.21 64.5
1549301606.22 64.5
1549301616.25 64.5
1549301626.26 65.0
1549301636.28 65.5
1549301646.3 63.9
1549301656.32 65.0
1549301666.33 65.0
1549301676.35 65.0
1549301686.37 64.5
1549301696.38 64.5
1549301706.4 64.5
1549301716.42 64.5
1549301726.43 64.5
1549301736.45 63.9
1549301746.46 64.5
1549301756.48 63.9
1549301766.49 64.5
1549301776.51 64.5
1549301786.52 64.5
1549301796.54 64.5
1549301806.55 64.5
1549301816.57 64.5
1549301826.58 64.5
1549301836.6 64.5
1549301846.61 65.0
1549301856.63 64.5
1549301866.65 65.0
1549301876.67 64.5
1549301886.68 65.0
1549301896.7 65.0
1549301906.73 65.0
1549301916.74 64.5
1549301926.76 64.5
1549301936.78 64.5
1549301946.79 64.5
1549301956.81 65.0
1549301966.83 64.5
1549301976.85 65.0
1549301986.87 64.5
1549301996.89 65.0
1549302006.9 64.5
1549302016.92 64.5
1549302026.94 65.0
1549302036.95 64.5
1549302046.97 65.0
1549302056.98 64.5
1549302067.02 65.0
1549302077.05 65.0
1549302087.06 64.5
1549302097.08 65.0
1549302107.1 64.5
1549302117.13 65.0
1549302127.14 64.5
1549302137.16 65.0
1549302147.17 65.5
1549302157.19 64.5
1549302167.21 65.0
1549302177.22 64.5
1549302187.24 65.0
1549302197.25 66.1
1549302207.28 65.0
1549302217.29 65.5
1549302227.31 65.5
1549302237.33 64.5
1549302247.34 65.5
1549302257.35 65.0
1549302267.36 65.0
1549302277.38 65.5
1549302287.4 64.5
1549302297.41 65.0
1549302307.43 65.5
1549302317.44 65.5
1549302327.46 64.5
1549302337.48 65.0
1549302347.5 65.5
1549302357.51 65.0
1549302367.53 65.0
1549302377.55 65.0
1549302387.56 65.5
1549302397.57 65.0
1549302407.58 65.0
1549302417.59 64.5
1549302427.61 65.5
1549302437.63 65.5
1549302447.64 65.0
1549302457.66 64.5
1549302467.68 64.5
1549302477.7 64.5
1549302487.71 65.0
1549302497.73 64.5
1549302507.75 64.5
1549302517.78 64.5
1549302527.8 64.5
1549302537.83 64.5
1549302547.84 64.5
1549302557.86 65.5
1549302567.88 65.0
1549302577.89 65.0
1549302587.91 64.5
1549302597.94 65.5
1549302607.95 64.5
1549302617.97 65.0
1549302627.99 65.0
1549302638.02 64.5
1549302648.04 64.5
1549302658.05 64.5
1549302668.07 64.5
1549302678.09 64.5
1549302688.11 64.5
1549302698.14 64.5
1549302708.15 64.5
1549302718.17 64.5
1549302728.19 65.0
1549302738.21 64.5
1549302748.23 64.5
1549302758.25 63.9
1549302768.28 64.5
1549302778.3 63.9
1549302788.32 63.4
1549302798.34 64.5
1549302808.36 63.4
1549302818.38 63.4
1549302828.4 63.4
1549302838.43 62.8
1549302848.45 62.8
1549302858.47 63.9
1549302868.49 63.4
1549302878.52 62.8
1549302888.54 63.4
1549302898.56 63.4
1549302908.59 63.4
1549302918.61 63.4
1549302928.63 63.9
1549302938.65 63.4
1549302948.67 63.4
1549302958.68 63.4
1549302968.7 63.4
1549302978.71 63.4
1549302988.73 62.8
1549302998.76 62.8
1549303008.78 63.4
1549303018.79 63.4
1549303028.81 62.8
1549303038.82 62.3
1549303048.84 62.3
1549303058.85 62.8
1549303068.86 63.4
1549303078.88 63.4
1549303088.89 62.8
1549303098.91 63.4
1549303108.92 63.4
1549303118.93 63.9
1549303128.94 63.4
1549303138.95 63.4
1549303148.97 63.4
1549303158.99 63.9
1549303169.01 63.4
1549303179.03 63.4
1549303189.05 63.4
1549303199.06 62.8
1549303209.08 63.9
1549303219.09 63.4
1549303229.11 63.4
1549303239.14 63.4
1549303249.16 62.3
1549303259.18 62.8
1549303269.2 62.3
1549303279.22 63.4
1549303289.25 62.8
1549303299.27 62.8
1549303309.29 63.4
1549303319.31 62.3
1549303329.34 62.8
1549303339.35 63.4
1549303349.36 62.8
1549303359.38 63.4
1549303369.4 62.8
1549303379.43 63.4
1549303389.45 63.4
1549303399.47 62.8
1549303409.5 63.4
1549303419.52 62.8
1549303429.54 63.4
1549303439.57 63.4
1549303449.59 63.4
1549303459.61 62.8
1549303469.63 63.4
1549303479.65 63.4
1549303489.67 62.3
1549303499.69 63.4
1549303509.72 62.8
1549303519.74 63.4
1549303529.76 63.4
1549303539.78 63.4
1549303549.81 63.4
1549303559.83 63.4
1549303569.85 62.8
1549303579.89 62.8
1549303589.91 63.4
1549303599.93 63.4
1549303609.95 63.4
1549303619.97 63.9
1549303629.99 63.4
1549303640.01 63.9
1549303650.04 63.9
1549303660.08 63.4
1549303670.1 63.4
1549303680.12 63.4
1549303690.14 63.4
1549303700.16 63.4
1549303710.18 63.9
1549303720.2 63.4
1549303730.22 63.4
1549303740.24 63.9
1549303750.26 64.5
1549303760.28 63.4
1549303770.31 63.4
1549303780.33 63.4
1549303790.35 63.4
1549303800.37 63.4
1549303810.39 63.9
1549303820.41 63.4
1549303830.43 63.4
1549303840.44 63.4
1549303850.47 62.3
1549303860.49 62.3
1549303870.5 62.3
1549303880.53 63.4
1549303890.54 62.3
1549303900.56 63.4
1549303910.58 63.9
1549303920.6 63.4
1549303930.62 63.9
1549303940.64 63.9
1549303950.66 64.5
1549303960.67 64.5
1549303970.69 63.9
1549303980.71 63.4
1549303990.73 63.9
1549304000.74 63.4
1549304010.76 63.4
1549304020.78 64.5
1549304030.79 63.4
1549304040.81 63.4
1549304050.84 63.4
1549304060.85 63.4
1549304070.87 63.4
1549304080.88 63.4
1549304090.91 63.9
1549304100.93 63.4
1549304110.95 64.5
1549304120.96 63.4
1549304130.98 63.4
1549304141.0 63.9
1549304151.02 63.4
1549304161.04 63.4
1549304171.06 64.5
1549304181.07 63.9
1549304191.09 64.5
1549304201.11 63.9
1549304211.12 63.9
1549304221.14 63.9
1549304231.16 63.4
1549304241.18 63.9
1549304251.19 63.9
1549304261.21 64.5
1549304271.22 63.4
1549304281.24 64.5
1549304291.25 63.4
1549304301.27 64.5
1549304311.29 63.4
1549304321.31 63.4
1549304331.34 63.4
1549304341.36 62.8
1549304351.38 63.4
1549304361.4 63.4
1549304371.42 64.5
1549304381.44 63.9
1549304391.47 63.9
1549304401.5 63.4
1549304411.51 63.9
1549304421.52 63.9
1549304431.54 64.5
1549304441.56 64.5
1549304451.59 64.5
1549304461.61 63.9
1549304471.62 64.5
1549304481.64 63.4
1549304491.67 64.5
1549304501.69 63.4
1549304511.71 63.4
1549304521.72 63.9
1549304531.74 64.5
1549304541.76 63.4
1549304551.77 64.5
1549304561.79 63.9
1549304571.81 63.4
1549304581.83 63.4
1549304591.85 63.4
1549304601.86 63.4
1549304611.88 63.9
1549304621.9 63.4
1549304631.91 63.4
1549304641.94 64.5
1549304651.96 63.4
1549304661.97 63.4
1549304671.99 64.5
1549304682.0 64.5
1549304692.01 64.5
1549304702.03 64.5
1549304712.05 64.5
1549304722.07 64.5
1549304732.09 63.9
1549304742.11 63.4
1549304752.13 63.9
1549304762.15 63.4
1549304772.16 64.5
1549304782.19 63.9
1549304792.21 63.9
1549304802.23 64.5
1549304812.25 64.5
1549304822.27 64.5
1549304832.29 63.9
1549304842.31 63.4
1549304852.33 63.9
1549304862.35 63.4
1549304872.37 63.4
1549304882.39 63.4
1549304892.42 63.4
1549304902.44 63.4
1549304912.46 63.4
1549304922.49 63.4
1549304932.51 64.5
1549304942.53 64.5
1549304952.55 63.9
1549304962.57 63.9
1549304972.59 63.9
1549304982.62 63.9
1549304992.64 64.5
1549305002.66 63.9
1549305012.68 64.5
1549305022.7 63.9
1549305032.72 64.5
1549305042.75 64.5
1549305052.77 64.5
1549305062.79 64.5
1549305072.81 64.5
1549305082.83 63.9
1549305092.85 64.5
1549305102.87 64.5
1549305112.89 64.5
1549305122.91 64.5
1549305132.94 65.0
1549305142.96 64.5
1549305152.98 64.5
1549305163.0 65.0
1549305173.03 65.0
1549305183.05 65.0
1549305193.07 64.5
1549305203.09 64.5
1549305213.11 64.5
1549305223.13 64.5
1549305233.15 65.5
1549305243.18 65.0
1549305253.2 64.5
1549305263.22 64.5
1549305273.25 65.0
1549305283.27 63.9
1549305293.3 64.5
1549305303.32 64.5
1549305313.35 64.5
1549305323.36 64.5
1549305333.39 63.9
1549305343.41 65.0
1549305353.43 64.5
1549305363.45 64.5
1549305373.47 65.0
1549305383.5 64.5
1549305393.52 64.5
1549305403.54 64.5
1549305413.57 64.5
1549305423.59 64.5
1549305433.61 65.0
1549305443.63 65.0
1549305453.65 64.5
1549305463.67 65.5
1549305473.69 65.5
1549305483.71 65.5
1549305493.74 64.5
1549305503.76 65.0
1549305513.79 64.5
1549305523.81 65.0
1549305533.84 65.0
1549305543.85 65.0
1549305553.88 64.5
1549305563.89 65.0
1549305573.91 64.5
1549305583.93 65.0
1549305593.95 64.5
1549305603.96 64.5
1549305613.97 65.0
1549305623.99 65.0
1549305634.02 64.5
1549305644.04 65.0
1549305654.06 65.0
1549305664.08 64.5
1549305674.09 64.5
1549305684.11 65.5
1549305694.12 65.5
1549305704.14 65.0
1549305714.15 65.0
1549305724.17 65.0
1549305734.19 64.5
1549305744.21 65.0
1549305754.23 65.0
1549305764.24 65.0
1549305774.27 65.0
1549305784.29 65.0
1549305794.31 65.0
1549305804.33 64.5
1549305814.35 65.0
1549305824.36 64.5
1549305834.38 64.5
1549305844.39 64.5
1549305854.42 63.9
1549305864.44 64.5
1549305874.45 65.0
1549305884.47 65.0
1549305894.49 65.0
1549305904.51 64.5
1549305914.53 65.0
1549305924.55 64.5
1549305934.56 64.5
1549305944.59 64.5
1549305954.68 64.5
1549305964.7 65.0
1549305974.71 65.0
1549305984.73 64.5
1549305994.75 64.5
1549306004.77 65.0
1549306014.79 65.0
1549306024.81 64.5
1549306034.83 64.5
1549306044.84 65.0
1549306054.85 64.5
1549306064.86 64.5
1549306074.88 65.5
1549306084.89 64.5
1549306094.91 65.0
1549306104.93 64.5
1549306114.94 64.5
1549306124.96 65.0
1549306134.98 65.0
1549306144.99 64.5
1549306155.01 65.0
1549306165.02 65.0
1549306175.04 64.5
1549306185.05 64.5
1549306195.06 64.5
1549306205.07 65.0
1549306215.09 64.5
1549306225.11 65.0
1549306235.13 64.5
1549306245.15 65.0
1549306255.17 65.0
1549306265.19 65.0
1549306275.2 65.0
1549306285.21 65.5
1549306295.24 65.5
1549306305.26 65.0
1549306315.28 65.0
1549306325.29 65.5
1549306335.31 65.5
1549306345.33 65.5
1549306355.35 65.5
1549306365.37 65.5
1549306375.38 65.5
1549306385.4 65.0
1549306395.41 65.5
1549306405.42 65.5
1549306415.44 65.0
1549306425.46 65.0
1549306435.48 65.5
1549306445.49 64.5
1549306455.51 65.5
1549306465.53 65.5
1549306475.55 65.5
1549306485.56 65.5
1549306495.58 65.5
1549306505.6 65.5
1549306515.61 65.5
1549306525.63 64.5
1549306535.65 65.5
1549306545.66 65.0
1549306555.68 65.0
1549306565.7 65.0
1549306575.71 65.5
1549306585.73 65.0
1549306595.75 65.0
1549306605.77 64.5
1549306615.78 65.5
1549306625.8 65.0
1549306635.82 65.5
1549306645.83 65.5
1549306655.85 65.5
1549306665.86 65.5
1549306675.88 65.5
1549306685.9 65.5
1549306695.91 65.5
1549306705.93 65.5
1549306715.95 65.5
1549306725.96 65.5
1549306735.98 65.5
1549306746.0 65.5
1549306756.02 64.5
1549306766.03 65.5
1549306776.04 65.5
1549306786.06 65.5
1549306796.08 65.5
1549306806.1 66.1
1549306816.11 65.0
1549306826.13 65.5
1549306836.15 65.5
1549306846.16 65.5
1549306856.17 65.5
1549306866.19 65.5
1549306876.21 65.5
1549306886.22 65.5
1549306896.24 65.5
1549306906.25 65.5
1549306916.27 65.5
1549306926.28 65.0
1549306936.29 65.5
1549306946.31 65.0
1549306956.32 65.5
1549306966.34 65.5
1549306976.35 65.0
1549306986.37 64.5
1549306996.39 64.5
1549307006.41 65.0
1549307016.43 65.0
1549307026.45 64.5
1549307036.47 64.5
1549307046.49 64.5
1549307056.51 64.5
1549307066.52 64.5
1549307076.54 64.5
1549307086.56 64.5
1549307096.58 64.5
1549307106.6 64.5
1549307116.62 64.5
1549307126.63 64.5
1549307136.65 64.5
1549307146.66 64.5
1549307156.69 63.9
1549307166.71 64.5
1549307176.72 63.9
1549307186.74 64.5
1549307196.76 63.9
1549307206.78 64.5
1549307216.8 63.9
1549307226.81 64.5
1549307236.83 63.9
1549307246.84 63.4
1549307256.86 64.5
1549307266.87 64.5
1549307276.89 63.4
1549307286.9 64.5
1549307296.91 64.5
1549307306.93 64.5
1549307316.94 64.5
1549307326.96 63.4
1549307336.98 64.5
1549307347.0 64.5
1549307357.01 63.4
1549307367.03 63.4
1549307377.06 64.5
1549307387.07 64.5
1549307397.1 64.5
1549307407.11 63.9
1549307417.13 63.4
1549307427.15 64.5
1549307437.16 64.5
1549307447.18 63.9
1549307457.2 63.9
1549307467.22 63.4
1549307477.23 64.5
1549307487.25 63.9
1549307497.27 63.4
1549307507.29 63.9
1549307517.3 63.9
1549307527.31 62.8
1549307537.33 63.4
1549307547.35 63.4
1549307557.36 63.4
1549307567.38 63.9
1549307577.39 63.4
1549307587.41 64.5
1549307597.42 63.4
1549307607.44 62.8
1549307617.46 63.4
1549307627.48 63.4
1549307637.5 62.8
1549307647.52 63.4
1549307657.54 63.4
1549307667.56 62.8
1549307677.58 62.8
1549307687.6 63.4
1549307697.62 63.4
1549307707.64 63.4
1549307717.67 62.8
1549307727.69 63.4
1549307737.71 64.5
1549307747.74 63.9
1549307757.76 63.4
1549307767.78 62.8
1549307777.81 63.4
1549307787.83 63.9
1549307797.85 64.5
1549307807.88 62.8
1549307817.89 64.5
1549307827.91 64.5
1549307837.92 65.0
1549307847.94 64.5
1549307857.96 63.4
1549307867.99 63.4
1549307878.01 64.5
1549307888.04 64.5
1549307898.05 64.5
1549307908.07 64.5
1549307918.09 65.0
1549307928.11 65.0
1549307938.13 65.0
1549307948.15 65.0
1549307958.17 64.5
1549307968.18 64.5
1549307978.2 64.5
1549307988.22 64.5
1549307998.25 64.5
1549308008.26 64.5
1549308018.29 65.0
1549308028.31 64.5
1549308038.33 63.9
1549308048.35 64.5
1549308058.37 65.0
1549308068.39 65.0
1549308078.4 65.0
1549308088.42 65.0
1549308098.44 65.0
1549308108.47 64.5
1549308118.49 65.0
1549308128.52 63.4
1549308138.54 64.5
1549308148.56 65.0
1549308158.58 65.0
1549308168.6 65.0
1549308178.63 65.5
1549308188.65 65.0
1549308198.67 64.5
1549308208.69 65.5
1549308218.72 65.5
1549308228.74 65.0
1549308238.76 65.0
1549308248.78 65.0
1549308258.8 64.5
1549308268.82 64.5
1549308278.85 64.5
1549308288.87 65.0
1549308298.9 65.0
1549308308.92 65.0
1549308318.94 65.0
1549308328.96 64.5
1549308338.98 64.5
1549308349.01 63.9
1549308359.03 65.0
1549308369.05 64.5
1549308379.08 64.5
1549308389.09 64.5
1549308399.11 64.5
1549308409.13 64.5
1549308419.15 64.5
1549308429.17 64.5
1549308439.18 64.5
1549308449.2 63.9
1549308459.23 63.9
1549308469.24 63.4
1549308479.27 63.4
1549308489.31 64.5
1549308499.33 63.4
1549308509.35 63.9
1549308519.37 64.5
1549308529.39 64.5
1549308539.4 63.9
1549308549.42 63.9
1549308559.43 63.9
1549308569.45 63.4
1549308579.47 64.5
1549308589.48 63.9
1549308599.5 62.8
1549308609.52 63.9
1549308619.53 63.9
1549308629.55 64.5
1549308639.58 63.4
1549308649.59 63.4
1549308659.62 63.9
1549308669.64 63.9
1549308679.65 63.9
1549308689.67 64.5
1549308699.69 63.9
1549308709.71 64.5
1549308719.72 63.4
1549308729.74 64.5
1549308739.76 65.0
1549308749.78 63.9
1549308759.8 65.0
1549308769.82 64.5
1549308779.84 63.4
1549308789.86 64.5
1549308799.88 64.5
1549308809.89 63.9
1549308819.91 65.0
1549308829.93 63.9
1549308839.96 64.5
1549308849.98 63.4
1549308860.01 63.4
1549308870.03 63.4
1549308880.05 63.4
1549308890.07 63.9
1549308900.1 63.4
1549308910.12 63.4
1549308920.14 63.4
1549308930.16 64.5
1549308940.19 63.9
1549308950.21 63.9
1549308960.22 63.4
1549308970.25 64.5
1549308980.27 64.5
1549308990.29 64.5
1549309000.31 64.5
1549309010.33 64.5
1549309020.35 63.9
1549309030.38 63.9
1549309040.4 64.5
1549309050.42 64.5
1549309060.44 63.4
1549309070.47 64.5
1549309080.5 63.4
1549309090.53 64.5
1549309100.54 63.9
1549309110.56 64.5
1549309120.57 63.4
1549309130.6 63.4
1549309140.61 63.9
1549309150.62 64.5
1549309160.64 64.5
1549309170.65 64.5
1549309180.68 64.5
1549309190.7 64.5
1549309200.72 64.5
1549309210.73 64.5
1549309220.76 63.4
1549309230.77 64.5
1549309240.79 63.4
1549309250.82 64.5
1549309260.85 64.5
1549309270.86 65.0
1549309280.88 65.0
1549309290.9 65.0
1549309300.91 65.0
1549309310.93 65.0
1549309320.94 65.5
1549309330.96 65.0
1549309340.97 65.0
1549309350.99 65.0
1549309361.0 64.5
1549309371.03 65.5
1549309381.04 65.0
1549309391.06 65.5
1549309401.07 65.5
1549309411.09 65.0
1549309421.11 65.5
1549309431.13 65.5
1549309441.15 65.5
1549309451.16 66.1
1549309461.18 65.5
1549309471.2 65.5
1549309481.21 65.5
1549309491.23 65.5
1549309501.25 65.5
1549309511.26 65.5
1549309521.28 65.5
1549309531.3 65.5
1549309541.32 64.5
1549309551.33 65.0
1549309561.35 65.0
1549309571.37 65.0
1549309581.38 65.5
1549309591.4 65.5
1549309601.42 65.0
1549309611.43 65.5
1549309621.45 65.5
1549309631.47 65.5
1549309641.48 65.5
1549309651.51 65.5
1549309661.53 65.5
1549309671.55 65.5
1549309681.57 65.0
1549309691.59 65.5
1549309701.61 65.5
1549309711.62 65.5
1549309721.64 65.0
1549309731.66 65.0
1549309741.68 65.0
1549309751.69 65.0
1549309761.71 64.5
1549309771.74 65.5
1549309781.75 65.0
1549309791.77 65.5
1549309801.79 65.5
1549309811.8 65.5
1549309821.81 65.0
1549309831.83 64.5
1549309841.85 65.0
1549309851.86 65.0
1549309861.88 65.5
1549309871.9 64.5
1549309881.92 65.0
1549309891.94 65.0
1549309901.96 64.5
1549309911.98 64.5
1549309922.0 64.5
1549309932.02 63.9
1549309942.04 65.0
1549309952.06 64.5
1549309962.08 64.5
1549309972.09 64.5
1549309982.12 64.5
1549309992.14 64.5
1549310002.16 65.0
1549310012.18 64.5
1549310022.2 64.5
1549310032.21 64.5
1549310042.24 63.9
1549310052.25 65.0
1549310062.27 65.0
1549310072.29 64.5
1549310082.31 65.0
1549310092.33 64.5
1549310102.35 65.5
1549310112.36 65.0
1549310122.39 65.0
1549310132.41 65.5
1549310142.44 64.5
1549310152.46 63.9
1549310162.49 64.5
1549310172.51 64.5
1549310182.53 64.5
1549310192.55 64.5
1549310202.56 64.5
1549310212.59 64.5
1549310222.61 64.5
1549310232.63 64.5
1549310242.65 64.5
1549310252.67 64.5
1549310262.69 64.5
1549310272.72 64.5
1549310282.74 64.5
1549310292.76 63.9
1549310302.78 63.9
1549310312.79 63.4
1549310322.8 63.4
1549310332.82 64.5
1549310342.84 63.9
1549310352.86 63.4
1549310362.88 64.5
1549310372.89 65.0
1549310382.91 63.9
1549310392.92 64.5
1549310402.93 65.0
1549310412.95 64.5
1549310422.97 63.9
1549310432.98 63.4
1549310443.0 63.9
1549310453.01 64.5
1549310463.03 64.5
1549310473.04 63.9
1549310483.06 64.5
1549310493.07 64.5
1549310503.09 64.5
1549310513.11 64.5
1549310523.12 63.9
1549310533.15 63.9
1549310543.17 63.9
1549310553.2 63.4
1549310563.23 64.5
1549310573.24 64.5
1549310583.26 64.5
1549310593.28 64.5
1549310603.29 64.5
1549310613.3 64.5
1549310623.31 64.5
1549310633.33 64.5
1549310643.35 63.9
1549310653.37 63.9
1549310663.39 63.9
1549310673.41 63.4
1549310683.43 63.4
1549310693.45 64.5
1549310703.47 63.9
1549310713.48 63.9
1549310723.5 63.9
1549310733.52 63.9
1549310743.53 64.5
1549310753.55 63.9
1549310763.57 63.9
1549310773.58 63.4
1549310783.6 63.4
1549310793.62 62.8
1549310803.64 63.4
1549310813.66 63.9
1549310823.67 64.5
1549310833.69 63.4
1549310843.7 63.9
1549310853.72 63.4
1549310863.74 63.4
1549310873.76 63.4
1549310883.77 63.4
1549310893.79 63.9
1549310903.81 63.9
1549310913.82 63.4
1549310923.84 63.4
1549310933.85 63.4
1549310943.86 64.5
1549310953.88 63.9
1549310963.89 63.4
1549310973.91 64.5
1549310983.92 64.5
1549310993.94 64.5
1549311003.96 63.9
1549311013.97 63.9
1549311023.99 65.0
1549311034.0 64.5
1549311044.02 64.5
1549311054.04 63.9
1549311064.06 64.5
1549311074.08 64.5
1549311084.09 63.9
1549311094.11 63.9
1549311104.12 63.9
1549311114.13 64.5
1549311124.15 63.4
1549311134.16 63.4
1549311144.18 64.5
1549311154.2 63.9
1549311164.21 63.4
1549311174.23 63.9
1549311184.25 63.4
1549311194.26 63.4
1549311204.29 63.4
1549311214.31 63.4
1549311224.33 63.4
1549311234.34 63.4
1549311244.36 63.9
1549311254.38 63.9
1549311264.4 63.4
1549311274.41 63.4
1549311284.43 63.9
1549311294.44 63.9
1549311304.46 64.5
1549311314.47 63.4
1549311324.49 64.5
1549311334.5 64.5
1549311344.52 63.4
1549311354.54 63.4
1549311364.56 63.4
1549311374.58 63.9
1549311384.59 63.4
1549311394.61 63.9
1549311404.62 63.9
1549311414.65 63.9
1549311424.66 64.5
1549311434.68 63.4
1549311444.69 64.5
1549311454.71 64.5
1549311464.72 64.5
1549311474.74 63.9
1549311484.76 64.5
1549311494.78 64.5
1549311504.79 64.5
1549311514.81 64.5
1549311524.83 63.4
1549311534.85 64.5
1549311544.87 64.5
1549311554.88 64.5
1549311564.9 64.5
1549311574.91 63.9
1549311584.93 64.5
1549311594.95 64.5
1549311604.96 63.4
1549311614.98 63.9
1549311625.0 63.9
1549311635.01 64.5
1549311645.03 64.5
1549311655.04 63.4
1549311665.06 63.4
1549311675.08 64.5
1549311685.09 63.9
1549311695.11 64.5
1549311705.13 64.5
1549311715.15 64.5
1549311725.16 64.5
1549311735.18 63.4
1549311745.2 63.4
1549311755.22 63.9
1549311765.23 63.4
1549311775.25 63.9
1549311785.27 63.4
1549311795.28 63.4
1549311805.3 63.4
1549311815.32 63.4
1549311825.34 63.4
1549311835.35 63.4
1549311845.37 63.4
1549311855.39 63.4
1549311865.41 62.8
1549311875.42 63.4
1549311885.44 63.4
1549311895.45 63.4
1549311905.47 62.3
1549311915.49 63.4
1549311925.5 62.8
1549311935.52 62.8
1549311945.54 62.8
1549311955.55 63.4
1549311965.57 63.4
1549311975.59 63.4
1549311985.61 63.4
1549311995.62 63.4
1549312005.64 62.8
1549312015.65 63.4
1549312025.67 62.3
1549312035.69 63.4
1549312045.71 62.8
1549312055.72 63.9
1549312065.74 62.3
1549312075.76 62.8
1549312085.77 62.8
1549312095.79 62.8
1549312105.81 62.3
1549312115.83 62.3
1549312125.84 62.3
1549312135.86 62.8
1549312145.88 61.2
1549312155.91 62.3
1549312165.92 62.3
1549312175.94 62.8
1549312185.96 62.3
1549312195.99 62.3
1549312206.01 62.8
1549312216.03 62.3
1549312226.05 62.3
1549312236.08 62.3
1549312246.1 62.8
1549312256.12 62.8
1549312266.14 62.3
1549312276.16 62.3
1549312286.19 62.8
1549312296.21 62.8
1549312306.23 62.3
1549312316.25 62.8
1549312326.27 62.3
1549312336.3 62.3
1549312346.32 62.3
1549312356.34 62.3
1549312366.37 62.3
1549312376.39 62.3
1549312386.41 62.3
1549312396.43 62.3
1549312406.46 61.2
1549312416.49 62.3
1549312426.51 62.3
1549312436.53 62.3
1549312446.54 62.3
1549312456.57 62.8
1549312466.58 62.3
1549312476.61 61.8
1549312486.63 62.3
1549312496.64 62.3
1549312506.66 62.3
1549312516.68 62.3
1549312526.7 62.3
1549312536.72 62.3
1549312546.74 62.3
1549312556.76 62.3
1549312566.78 62.3
1549312576.8 62.8
1549312586.82 62.8
1549312596.84 62.3
1549312606.85 62.3
1549312616.87 62.8
1549312626.88 62.3
1549312636.89 62.8
1549312646.91 62.3
1549312656.93 62.3
1549312666.95 62.3
1549312676.97 62.3
1549312686.99 62.3
1549312697.0 62.3
1549312707.02 62.3
1549312717.04 62.3
1549312727.05 62.3
1549312737.07 62.3
1549312747.09 61.8
1549312757.11 62.3
1549312767.12 62.8
1549312777.14 62.3
1549312787.15 61.8
1549312797.17 62.3
1549312807.18 62.3
1549312817.2 61.8
1549312827.21 61.8
1549312837.23 62.3
1549312847.25 62.3
1549312857.26 62.3
1549312867.27 61.8
1549312877.3 61.8
1549312887.31 62.3
1549312897.33 61.8
1549312907.35 61.8
1549312917.37 61.2
1549312927.39 61.2
1549312937.41 61.8
1549312947.44 61.2
1549312957.45 61.2
1549312967.48 61.2
1549312977.49 61.8
1549312987.51 61.8
1549312997.53 61.2
1549313007.55 61.8
1549313017.58 61.2
1549313027.6 61.2
1549313037.62 61.2
1549313047.65 60.7
1549313057.66 61.2
1549313067.68 61.2
1549313077.7 61.2
1549313087.72 61.2
1549313097.73 61.2
1549313107.75 61.2
1549313117.77 61.2
1549313127.79 60.7
1549313137.8 61.2
1549313147.81 60.7
1549313157.84 60.7
1549313167.86 60.1
1549313177.88 60.7
1549313187.9 60.7
1549313197.91 60.1
1549313207.94 60.7
1549313217.96 60.7
1549313227.98 60.1
1549313238.0 60.1
1549313248.02 60.1
1549313258.05 60.1
1549313268.07 60.1
1549313278.09 60.1
1549313288.11 60.1
1549313298.14 59.1
1549313308.15 60.1
1549313318.18 60.1
1549313328.2 59.1
1549313338.22 60.1
1549313348.24 60.7
1549313358.26 60.1
1549313368.29 60.1
1549313378.31 60.1
1549313388.32 60.1
1549313398.34 59.1
1549313408.36 60.1
1549313418.38 59.6
1549313428.4 60.1
1549313438.41 59.6
1549313448.44 59.6
1549313458.47 60.1
1549313468.49 60.1
1549313478.5 60.1
1549313488.52 60.7
1549313498.54 60.1
1549313508.56 60.1
1549313518.58 59.6
1549313528.61 60.1
1549313538.63 59.6
1549313548.65 59.1
1549313558.67 60.1
1549313568.7 60.1
1549313578.71 60.1
1549313588.73 59.6
1549313598.76 60.1
1549313608.77 60.1
1549313618.78 60.1
1549313628.8 60.1
1549313638.82 60.1
1549313648.84 59.1
1549313658.87 59.6
1549313668.89 60.1
1549313678.9 60.1
1549313688.92 60.1
1549313698.95 59.1
1549313708.97 60.1
1549313718.98 60.1
1549313729.0 60.1
1549313739.02 60.1
1549313749.04 60.1
1549313759.06 60.1
1549313769.08 60.1
1549313779.11 60.1
1549313789.13 60.1
1549313799.15 60.1
1549313809.16 60.1
1549313819.18 60.1
1549313829.2 60.1
1549313839.22 60.1
1549313849.23 60.7
1549313859.25 60.1
1549313869.26 60.7
1549313879.28 60.1
1549313889.31 59.6
1549313899.32 60.1
1549313909.34 60.7
1549313919.35 60.1
1549313929.37 60.7
1549313939.39 60.1
1549313949.41 60.7
1549313959.43 60.1
1549313969.45 60.1
1549313979.47 60.1
1549313989.49 60.1
1549313999.51 60.1
1549314009.53 60.1
1549314019.55 60.7
1549314029.56 60.1
1549314039.58 60.7
1549314049.59 60.1
1549314059.61 60.1
1549314069.62 60.7
1549314079.63 60.7
1549314089.64 60.1
1549314099.65 60.1
1549314109.66 60.1
1549314119.67 60.1
1549314129.69 60.1
1549314139.71 59.1
1549314149.72 60.1
1549314159.74 60.1
1549314169.75 60.7
1549314179.76 60.1
1549314189.78 60.7
1549314199.8 60.1
1549314209.81 59.1
1549314219.84 59.1
1549314229.86 59.6
1549314239.88 59.6
1549314249.89 59.1
1549314259.92 59.6
1549314269.93 60.1
1549314279.95 60.1
1549314289.97 59.6
1549314299.99 60.1
1549314310.01 60.1
1549314320.03 60.7
1549314330.04 60.1
1549314340.06 60.1
1549314350.08 60.7
1549314360.09 60.1
1549314370.11 60.1
1549314380.12 59.6
1549314390.14 60.1
1549314400.16 59.6
1549314410.17 60.1
1549314420.19 60.1
1549314430.21 59.6
1549314440.23 60.1
1549314450.25 59.6
1549314460.26 60.1
1549314470.29 60.1
1549314480.3 60.1
1549314490.32 59.1
1549314500.34 59.6
1549314510.36 60.1
1549314520.38 60.1
1549314530.4 60.1
1549314540.41 60.1
1549314550.43 60.1
1549314560.45 59.6
1549314570.47 60.1
1549314580.48 60.1
1549314590.5 60.1
1549314600.52 60.1
1549314610.53 60.7
1549314620.55 60.1
1549314630.58 60.1
1549314640.59 60.1
1549314650.61 59.6
1549314660.62 59.6
1549314670.64 59.6
1549314680.66 59.6
1549314690.68 60.1
1549314700.69 59.1
1549314710.71 60.1
1549314720.73 59.1
1549314730.74 60.1
1549314740.75 59.6
1549314750.77 59.6
1549314760.79 60.1
1549314770.81 59.1
1549314780.84 60.1
1549314790.86 59.1
1549314800.87 59.6
1549314810.89 59.1
1549314820.91 59.6
1549314830.92 59.1
1549314840.94 59.1
1549314850.96 59.6
1549314860.98 59.1
1549314870.99 59.1
1549314881.0 60.1
1549314891.02 60.1
1549314901.03 60.1
1549314911.04 59.1
1549314921.06 59.1
1549314931.08 59.6
1549314941.1 60.1
1549314951.11 59.1
1549314961.12 60.1
1549314971.13 60.1
1549314981.15 59.1
1549314991.16 59.1
1549315001.18 59.1
1549315011.2 59.6
1549315021.21 58.5
1549315031.24 59.1
1549315041.25 59.6
1549315051.27 59.1
1549315061.29 59.1
1549315071.31 59.6
1549315081.33 59.1
1549315091.34 59.6
1549315101.36 59.1
1549315111.38 59.1
1549315121.4 59.1
1549315131.42 58.0
1549315141.43 59.1
1549315151.45 59.1
1549315161.47 59.1
1549315171.5 59.1
1549315181.51 59.1
1549315191.53 59.1
1549315201.55 58.5
1549315211.57 58.0
1549315221.6 59.1
1549315231.62 59.1
1549315241.63 59.1
1549315251.65 59.1
1549315261.67 59.1
1549315271.69 59.1
1549315281.71 59.1
1549315291.72 58.5
1549315301.74 59.1
1549315311.75 59.1
1549315321.78 58.0
1549315331.79 59.1
1549315341.81 59.1
1549315351.84 59.1
1549315361.86 58.5
1549315371.87 59.6
1549315381.89 59.1
1549315391.91 58.5
1549315401.93 59.1
1549315411.94 59.1
1549315421.96 59.1
1549315431.97 58.5
1549315441.99 59.1
1549315452.01 59.1
1549315462.03 59.1
1549315472.05 59.6
1549315482.06 59.1
1549315492.08 59.1
1549315502.09 60.1
1549315512.11 58.5
1549315522.12 58.5
1549315532.14 58.5
1549315542.16 58.5
1549315552.18 58.5
1549315562.19 59.1
1549315572.21 59.1
1549315582.22 59.1
1549315592.25 58.5
1549315602.26 58.5
1549315612.28 58.0
1549315622.29 58.0
1549315632.31 58.0
1549315642.33 58.5
1549315652.35 58.0
1549315662.37 58.0
1549315672.39 58.0
1549315682.4 58.5
1549315692.41 59.1
1549315702.43 58.0
1549315712.44 58.0
1549315722.46 58.5
1549315732.47 58.0
1549315742.49 58.0
1549315752.51 56.9
1549315762.52 56.9
1549315772.55 57.5
1549315782.56 58.0
1549315792.57 58.0
1549315802.59 58.5
1549315812.6 56.9
1549315822.62 56.9
1549315832.64 56.9
1549315842.66 57.5
1549315852.68 56.9
1549315862.7 56.9
1549315872.72 58.0
1549315882.74 58.0
1549315892.76 57.5
1549315902.77 58.0
1549315912.79 58.0
1549315922.81 58.0
1549315932.83 57.5
1549315942.85 57.5
1549315952.87 56.4
1549315962.89 58.0
1549315972.92 56.4
1549315982.93 56.4
1549315992.95 57.5
1549316002.97 56.4
1549316012.99 56.9
1549316023.01 56.9
1549316033.03 56.4
1549316043.04 56.9
1549316053.06 57.5
1549316063.08 55.8
1549316073.09 56.4
1549316083.11 56.9
1549316093.14 56.9
1549316103.15 56.9
1549316113.17 56.9
1549316123.19 55.8
1549316133.22 55.8
1549316143.24 55.8
1549316153.26 55.8
1549316163.28 56.4
1549316173.31 55.8
1549316183.32 56.4
1549316193.34 55.8
1549316203.35 55.8
1549316213.37 55.8
1549316223.39 55.8
1549316233.4 55.8
1549316243.42 55.8
1549316253.43 55.3
1549316263.45 55.3
1549316273.47 54.8
1549316283.49 55.3
1549316293.51 55.3
1549316303.53 55.8
1549316313.54 55.8
1549316323.57 55.8
1549316333.59 55.8
1549316343.61 55.8
1549316353.62 55.8
1549316363.64 55.8
1549316373.66 55.8
1549316383.67 55.3
1549316393.69 55.8
1549316403.71 55.8
1549316413.72 55.8
1549316423.74 55.3
1549316433.76 55.8
1549316443.78 55.8
1549316453.79 55.8
1549316463.81 54.8
1549316473.83 55.3
1549316483.85 55.8
1549316493.86 55.8
1549316503.88 55.8
1549316513.9 55.8
1549316523.91 55.8
1549316533.93 55.3
1549316543.94 55.8
1549316553.96 55.8
1549316563.97 55.8
1549316573.99 55.8
1549316584.0 55.8
1549316594.03 54.8
1549316604.04 55.3
1549316614.06 55.8
1549316624.07 55.8
1549316634.09 55.8
1549316644.11 55.8
1549316654.12 56.4
1549316664.14 55.8
1549316674.16 55.8
1549316684.18 55.3
1549316694.2 55.8
1549316704.21 55.8
1549316714.24 55.8
1549316724.26 55.8
1549316734.27 55.8
1549316744.29 55.3
1549316754.31 55.8
1549316764.33 55.8
1549316774.34 55.8
1549316784.36 55.8
1549316794.38 56.4
1549316804.39 56.9
1549316814.41 55.8
1549316824.45 55.8
1549316834.46 55.8
1549316844.48 55.8
1549316854.49 55.8
1549316864.52 55.8
1549316874.53 55.8
1549316884.56 55.8
1549316894.57 55.8
1549316904.58 55.3
1549316914.6 55.8
1549316924.62 55.8
1549316934.64 54.2
1549316944.66 54.2
1549316954.67 54.8
1549316964.7 54.8
1549316974.71 55.3
1549316984.73 54.8
1549316994.74 55.3
1549317004.76 55.8
1549317014.78 55.8
1549317024.8 55.3
1549317034.81 55.3
1549317044.84 54.8
1549317054.85 55.8
1549317064.87 55.8
1549317074.89 55.3
1549317084.91 54.8
1549317094.93 55.3
1549317104.95 54.2
1549317114.96 55.3
1549317124.98 54.2
1549317134.99 54.8
1549317145.01 54.8
1549317155.04 54.8
1549317165.06 54.2
1549317175.08 54.8
1549317185.09 54.8
1549317195.11 54.2
1549317205.13 54.8
1549317215.15 53.7
1549317225.17 53.7
1549317235.19 54.2
1549317245.2 53.7
1549317255.22 53.7
1549317265.23 53.7
1549317275.25 53.7
1549317285.27 54.2
1549317295.28 53.7
1549317305.3 53.7
1549317315.32 53.7
1549317325.34 53.7
1549317335.35 53.7
1549317345.37 53.7
1549317355.39 53.7
1549317365.4 53.7
1549317375.43 53.7
1549317385.45 53.7
1549317395.47 52.6
1549317405.49 53.7
1549317415.5 53.2
1549317425.52 53.2
1549317435.54 53.7
1549317445.55 52.6
1549317455.57 53.2
1549317465.59 52.6
1549317475.61 52.6
1549317485.62 53.2
1549317495.65 52.6
1549317505.66 52.1
1549317515.68 52.1
1549317525.7 52.6
1549317535.73 51.5
1549317545.74 52.1
1549317555.76 52.1
1549317565.78 51.0
1549317575.8 51.0
1549317585.82 52.1
1549317595.83 52.1
1549317605.85 53.2
1549317615.87 51.5
1549317625.89 51.5
1549317635.91 51.5
1549317645.94 51.5
1549317655.95 52.1
1549317665.97 52.1
1549317675.99 51.5
1549317686.01 52.6
1549317696.03 51.5
1549317706.05 51.5
1549317716.06 52.1
1549317726.07 52.1
1549317736.09 52.1
1549317746.11 52.1
1549317756.13 52.1
1549317766.15 51.5
1549317776.17 51.5
1549317786.19 51.5
1549317796.21 51.5
1549317806.23 51.5
1549317816.25 51.0
1549317826.26 51.5
1549317836.28 52.1
1549317846.3 51.5
1549317856.33 50.5
1549317866.34 51.5
1549317876.36 52.6
1549317886.37 52.1
1549317896.39 51.5
1549317906.41 52.1
1549317916.43 50.5
1549317926.46 50.5
1549317936.48 50.5
1549317946.49 49.9
1549317956.51 50.5
1549317966.54 50.5
1549317976.56 49.9
1549317986.58 50.5
1549317996.6 50.5
1549318006.62 50.5
1549318016.63 50.5
1549318026.66 51.0
1549318036.67 50.5
1549318046.69 50.5
1549318056.71 50.5
1549318066.73 50.5
1549318076.75 50.5
1549318086.76 50.5
1549318096.78 50.5
1549318106.8 50.5
1549318116.82 50.5
1549318126.83 50.5
1549318136.85 50.5
1549318146.87 50.5
1549318156.89 50.5
1549318166.9 50.5
1549318176.91 50.5
1549318186.93 51.0
1549318196.95 50.5
1549318206.96 50.5
1549318216.98 50.5
1549318227.0 51.5
1549318237.01 50.5
1549318247.03 50.5
1549318257.04 50.5
1549318267.06 50.5
1549318277.07 49.9
1549318287.09 50.5
1549318297.11 50.5
1549318307.12 51.0
1549318317.13 50.5
1549318327.15 50.5
1549318337.16 50.5
1549318347.18 49.9
1549318357.2 49.4
1549318367.22 49.9
1549318377.24 50.5
1549318387.26 50.5
1549318397.28 50.5
1549318407.3 49.4
1549318417.32 49.9
1549318427.33 49.4
1549318437.35 50.5
1549318447.37 49.4
1549318457.38 49.9
1549318467.4 49.9
1549318477.43 49.9
1549318487.45 49.9
1549318497.46 49.9
1549318507.48 49.9
1549318517.5 49.9
1549318527.52 49.4
1549318537.53 49.4
1549318547.54 49.4
1549318557.56 49.9
1549318567.58 49.4
1549318577.6 49.4
1549318587.61 49.4
1549318597.64 49.4
1549318607.66 49.9
1549318617.67 48.3
1549318627.69 49.4
1549318637.72 49.4
1549318647.74 48.3
1549318657.75 49.4
1549318667.77 48.3
1549318677.79 49.4
1549318687.81 49.4
1549318697.83 48.3
1549318707.84 48.9
1549318717.87 48.9
1549318727.88 49.4
1549318737.9 49.4
1549318747.91 49.4
1549318757.93 49.4
1549318767.95 48.9
1549318777.96 49.9
1549318787.98 50.5
1549318797.99 49.9
1549318808.0 49.9
1549318818.01 50.5
1549318828.02 50.5
1549318838.03 50.5
1549318848.05 50.5
1549318858.07 49.4
1549318868.09 50.5
1549318878.11 50.5
1549318888.13 50.5
1549318898.14 49.4
1549318908.16 49.4
1549318918.18 49.4
1549318928.2 49.4
1549318938.22 49.9
1549318948.24 49.4
1549318958.26 49.4
1549318968.29 49.4
1549318978.31 49.4
1549318988.33 49.4
1549318998.34 49.4
1549319008.37 49.4
1549319018.39 49.4
1549319028.41 49.4
1549319038.43 49.4
1549319048.45 49.4
1549319058.47 49.4
1549319068.49 49.4
1549319078.5 49.4
1549319088.52 49.4
1549319098.54 48.9
1549319108.55 49.4
1549319118.57 49.4
1549319128.59 49.4
1549319138.61 48.9
1549319148.62 49.4
1549319158.64 49.4
1549319168.65 48.9
1549319178.68 49.4
1549319188.7 48.3
1549319198.72 48.9
1549319208.74 48.3
1549319218.76 49.4
1549319228.78 49.4
1549319238.79 49.4
1549319248.87 49.9
1549319258.9 49.4
1549319268.91 49.4
1549319278.92 49.4
1549319288.94 49.4
1549319298.96 49.4
1549319308.98 48.9
1549319318.99 49.4
1549319329.01 49.4
1549319339.03 48.9
1549319349.05 49.4
1549319359.06 49.4
1549319369.07 48.9
1549319379.09 48.9
1549319389.1 49.9
1549319399.11 48.3
1549319409.13 49.4
1549319419.14 49.4
1549319429.15 49.9
1549319439.17 49.4
1549319449.18 49.9
1549319459.2 49.4
1549319469.21 49.4
1549319479.23 49.9
1549319489.25 49.4
1549319499.27 49.4
1549319509.29 49.4
1549319519.31 49.9
1549319529.32 49.4
1549319539.34 49.4
1549319549.36 49.9
1549319559.38 49.4
1549319569.39 49.9
1549319579.41 49.4
1549319589.42 49.4
1549319599.44 49.9
1549319609.46 49.4
1549319619.47 49.4
1549319629.49 49.4
1549319639.51 49.4
1549319649.53 48.9
1549319659.55 49.4
1549319669.57 48.9
1549319679.58 49.4
1549319689.6 48.9
1549319699.62 48.9
1549319709.63 48.9
1549319719.65 48.9
1549319729.68 48.3
1549319739.69 48.9
1549319749.7 48.3
1549319759.72 48.9
1549319769.75 47.8
1549319779.77 48.3
1549319789.79 49.4
1549319799.82 49.4
1549319809.84 49.4
1549319819.86 48.9
1549319829.88 49.4
1549319839.9 49.4
1549319849.93 49.4
1549319859.95 48.9
1549319869.97 48.3
1549319880.0 48.9
1549319890.02 48.3
1549319900.05 48.9
1549319910.07 49.4
1549319920.1 48.9
1549319930.11 48.9
1549319940.13 48.9
1549319950.16 49.4
1549319960.18 48.3
1549319970.21 48.9
1549319980.22 49.4
1549319990.25 48.3
1549320000.26 49.4
1549320010.29 48.3
1549320020.31 48.9
1549320030.33 49.4
1549320040.35 49.4
1549320050.37 49.9
1549320060.4 49.4
1549320070.42 48.9
1549320080.45 49.4
1549320090.47 49.4
1549320100.49 48.9
1549320110.52 49.4
1549320120.54 49.4
1549320130.57 49.4
1549320140.58 49.4
1549320150.6 49.4
1549320160.62 49.4
1549320170.65 49.4
1549320180.66 50.5
1549320190.68 49.4
1549320200.7 49.4
1549320210.73 49.9
1549320220.75 49.4
1549320230.77 49.9
1549320240.8 48.9
1549320250.82 49.4
1549320260.84 49.4
1549320270.87 49.4
1549320280.9 49.4
1549320290.92 49.4
1549320300.94 48.9
1549320310.96 49.4
1549320320.98 49.4
1549320331.0 49.9
1549320341.03 49.4
1549320351.05 49.4
1549320361.07 49.4
1549320371.09 49.4
1549320381.11 49.9
1549320391.12 50.5
1549320401.14 50.5
1549320411.16 50.5
1549320421.18 50.5
1549320431.21 50.5
1549320441.23 50.5
1549320451.25 49.9
1549320461.28 50.5
1549320471.3 50.5
1549320481.32 49.9
1549320491.34 50.5
1549320501.36 49.9
1549320511.38 49.9
1549320521.4 49.4
1549320531.42 49.9
1549320541.44 49.9
1549320551.46 49.4
1549320561.48 49.4
1549320571.5 49.9
1549320581.52 49.4
1549320591.54 49.4
1549320601.56 49.4
1549320611.59 49.4
1549320621.61 49.4
1549320631.63 49.9
1549320641.66 49.4
1549320651.68 49.4
1549320661.7 49.4
1549320671.71 49.4
1549320681.74 49.4
1549320691.76 49.9
1549320701.78 49.9
1549320711.8 49.4
1549320721.82 49.4
1549320731.83 49.4
1549320741.86 49.4
1549320751.88 49.4
1549320761.9 49.4
1549320771.93 49.4
1549320781.95 49.9
1549320791.97 49.4
1549320801.99 48.9
1549320812.01 49.9
1549320822.03 50.5
1549320832.05 49.9
1549320842.08 49.4
1549320852.1 49.4
1549320862.12 49.4
1549320872.15 49.4
1549320882.16 49.4
1549320892.18 49.4
1549320902.2 49.4
1549320912.22 48.3
1549320922.24 48.3
1549320932.25 49.4
1549320942.27 49.4
1549320952.28 49.4
1549320962.3 49.4
1549320972.31 48.9
1549320982.33 49.4
1549320992.35 49.4
1549321002.36 49.4
1549321012.37 49.4
1549321022.39 49.4
1549321032.41 49.4
1549321042.42 49.4
1549321052.43 49.4
1549321062.45 49.4
1549321072.47 48.9
1549321082.49 49.4
1549321092.5 49.4
1549321102.52 49.9
1549321112.54 49.4
1549321122.56 49.9
1549321132.58 49.9
1549321142.6 49.4
1549321152.61 49.4
1549321162.63 49.4
1549321172.65 49.9
1549321182.66 49.9
1549321192.68 49.9
1549321202.7 50.5
1549321212.71 49.9
1549321222.72 50.5
1549321232.74 49.9
1549321242.76 49.9
1549321252.77 49.9
1549321262.78 49.4
1549321272.8 49.4
1549321282.81 49.4
1549321292.83 49.4
1549321302.84 49.4
1549321312.86 49.4
1549321322.88 49.9
1549321332.89 49.4
1549321342.91 49.9
1549321352.93 49.4
1549321362.95 49.4
1549321372.96 49.9
1549321382.98 49.4
1549321393.0 49.9
1549321403.03 49.4
1549321413.05 49.4
1549321423.07 49.4
1549321433.09 49.9
1549321443.11 49.4
1549321453.14 49.4
1549321463.16 49.4
1549321473.18 49.4
1549321483.2 48.3
1549321493.22 49.4
1549321503.25 49.4
1549321513.27 49.4
1549321523.3 48.9
1549321533.31 48.9
1549321543.33 49.4
1549321553.35 49.4
1549321563.37 49.4
1549321573.4 49.4
1549321583.42 49.4
1549321593.44 49.4
1549321603.47 49.4
1549321613.48 49.4
1549321623.5 49.4
1549321633.51 48.9
1549321643.53 48.3
1549321653.56 49.4
1549321663.57 49.4
1549321673.59 49.4
1549321683.62 49.9
1549321693.64 49.4
1549321703.65 49.4
1549321713.66 49.4
1549321723.69 48.3
1549321733.7 49.4
1549321743.72 49.4
1549321753.74 49.4
1549321763.76 49.4
1549321773.78 49.9
1549321783.8 49.9
1549321793.82 49.4
1549321803.84 49.4
1549321813.85 49.9
1549321823.87 49.4
1549321833.88 49.4
1549321843.9 49.4
1549321853.91 49.9
1549321863.93 49.4
1549321873.94 49.9
1549321883.96 49.9
1549321893.97 49.4
1549321903.99 49.9
1549321914.01 48.9
1549321924.03 49.4
1549321934.04 49.4
1549321944.06 49.4
1549321954.08 49.9
1549321964.1 49.4
1549321974.11 49.9
1549321984.13 50.5
1549321994.14 50.5
1549322004.16 50.5
1549322014.2 50.5
1549322024.21 50.5
1549322034.23 50.5
1549322044.25 49.4
1549322054.26 50.5
1549322064.28 49.9
1549322074.3 49.4
1549322084.32 49.4
1549322094.34 49.4
1549322104.36 49.4
1549322114.38 49.4
1549322124.39 49.4
1549322134.4 49.4
1549322144.41 49.9
1549322154.43 49.4
1549322164.45 49.4
1549322174.46 48.3
1549322184.48 49.4
1549322194.49 49.4
1549322204.51 49.4
1549322214.52 48.3
1549322224.54 48.3
1549322234.56 48.3
1549322244.58 48.3
1549322254.6 49.4
1549322264.62 49.4
1549322274.64 48.9
1549322284.66 48.9
1549322294.68 48.3
1549322304.7 48.3
1549322314.72 48.3
1549322324.73 48.3
1549322334.75 48.3
1549322344.77 48.9
1549322354.78 48.3
1549322364.81 49.4
1549322374.82 49.4
1549322384.83 49.4
1549322394.84 48.9
1549322404.86 49.4
1549322414.88 48.9
1549322424.89 48.3
1549322434.91 48.3
1549322444.94 47.8
1549322454.95 48.9
1549322464.97 48.3
1549322474.98 48.9
1549322485.0 48.3
1549322495.02 48.9
1549322505.04 49.4
1549322515.06 49.4
1549322525.07 49.4
1549322535.09 49.4
1549322545.11 49.4
1549322555.12 49.4
1549322565.14 49.4
1549322575.16 49.9
1549322585.17 49.9
1549322595.19 49.4
1549322605.21 48.9
1549322615.22 49.4
1549322625.24 49.4
1549322635.25 49.4
1549322645.27 49.9
1549322655.29 49.4
1549322665.31 49.4
1549322675.33 49.4
1549322685.35 49.4
1549322695.36 48.9
1549322705.38 49.4
1549322715.4 49.4
1549322725.41 49.4
1549322735.43 49.4
1549322745.45 49.4
1549322755.46 49.4
1549322765.48 49.4
1549322775.5 49.9
1549322785.51 49.4
1549322795.53 49.4
1549322805.55 49.9
1549322815.56 49.4
1549322825.58 49.4
1549322835.59 49.4
1549322845.62 48.9
1549322855.64 49.4
1549322865.65 49.4
1549322875.68 48.9
1549322885.7 48.9
1549322895.72 49.4
1549322905.74 49.4
1549322915.76 48.9
1549322925.77 48.9
1549322935.79 48.9
1549322945.81 47.8
1549322955.83 48.3
1549322965.85 48.9
1549322975.88 49.4
1549322985.89 49.4
1549322995.91 49.4
1549323005.93 48.9
1549323015.94 49.4
1549323025.97 49.4
1549323035.99 49.4
1549323046.0 48.9
1549323056.02 48.9
1549323066.04 49.4
1549323076.06 48.9
1549323086.07 49.4
1549323096.08 48.3
1549323106.1 49.4
1549323116.11 49.4
1549323126.13 48.9
1549323136.14 49.4
1549323146.16 49.4
1549323156.18 49.4
1549323166.19 49.4
1549323176.21 49.9
1549323186.22 49.4
1549323196.24 49.4
1549323206.26 49.4
1549323216.28 49.4
1549323226.29 49.4
1549323236.31 49.4
1549323246.33 48.3
1549323256.36 48.3
1549323266.37 48.9
1549323276.39 49.4
1549323286.41 49.4
1549323296.43 48.9
1549323306.45 48.3
1549323316.47 47.8
1549323326.49 49.4
1549323336.5 48.3
1549323346.52 49.4
1549323356.54 48.3
1549323366.56 48.3
1549323376.58 48.3
1549323386.59 48.3
1549323396.62 47.8
1549323406.63 48.3
1549323416.65 48.9
1549323426.66 48.9
1549323436.68 48.3
1549323446.7 48.3
1549323456.72 48.3
1549323466.73 48.9
1549323476.75 48.3
1549323486.77 48.9
1549323496.79 48.9
1549323506.81 48.3
1549323516.82 49.4
1549323526.84 48.3
1549323536.85 48.9
1549323546.86 49.4
1549323556.89 49.4
1549323566.9 49.4
1549323576.92 49.4
1549323586.93 48.9
1549323596.95 48.9
1549323606.97 49.4
1549323616.99 49.4
1549323627.01 49.4
1549323637.03 48.9
1549323647.05 48.9
1549323657.07 48.9
1549323667.09 48.3
1549323677.1 48.9
1549323687.12 49.4
1549323697.14 48.3
1549323707.16 48.3
1549323717.18 48.3
1549323727.19 49.4
1549323737.21 49.4
1549323747.23 48.9
1549323757.24 49.4
1549323767.27 48.3
1549323777.29 48.3
1549323787.32 48.3
1549323797.34 48.3
1549323807.36 48.3
1549323817.38 48.3
1549323827.41 48.3
1549323837.43 48.3
1549323847.45 48.3
1549323857.47 48.3
1549323867.48 48.3
1549323877.51 48.3
1549323887.52 48.3
1549323897.53 48.3
1549323907.55 48.3
1549323917.57 46.7
1549323927.59 48.3
1549323937.62 47.2
1549323947.64 47.2
1549323957.66 48.3
1549323967.68 47.2
1549323977.7 46.7
1549323987.72 47.2
1549323997.74 46.2
1549324007.76 47.2
1549324017.77 46.7
1549324027.8 47.2
1549324037.81 47.8
1549324047.83 47.8
1549324057.85 47.8
1549324067.87 47.8
1549324077.89 47.2
1549324087.91 47.2
1549324097.92 47.2
1549324107.94 47.2
1549324117.96 47.2
1549324127.98 47.2
1549324138.0 47.8
1549324148.02 47.2
1549324158.03 47.8
1549324168.05 47.8
1549324178.06 48.3
1549324188.08 48.3
1549324198.1 48.9
1549324208.12 48.3
1549324218.13 48.3
1549324228.15 48.3
1549324238.16 48.3
1549324248.18 48.3
1549324258.2 47.8
1549324268.22 48.3
1549324278.23 47.8
1549324288.25 47.2
1549324298.27 47.8
1549324308.28 48.3
1549324318.29 48.3
1549324328.31 48.3
1549324338.33 48.3
1549324348.34 48.3
1549324358.37 47.8
1549324368.38 47.2
1549324378.39 48.3
1549324388.4 48.3
1549324398.42 48.3
1549324408.44 47.8
1549324418.45 48.3
1549324428.48 48.3
1549324438.5 48.3
1549324448.51 48.9
1549324458.54 48.3
1549324468.55 48.3
1549324478.57 48.9
1549324488.59 49.4
1549324498.61 48.3
1549324508.63 48.3
1549324518.64 47.2
1549324528.65 47.2
1549324538.68 47.8
1549324548.7 48.3
1549324558.72 47.8
1549324568.74 48.3
1549324578.76 48.3
1549324588.77 48.3
1549324598.79 48.3
1549324608.8 48.3
1549324618.82 48.9
1549324628.83 48.3
1549324638.85 48.3
1549324648.86 48.3
1549324658.88 48.3
1549324668.89 48.3
1549324678.91 48.3
1549324688.94 47.8
1549324698.96 47.2
1549324708.97 47.8
1549324718.99 47.2
1549324729.01 47.8
1549324739.03 48.3
1549324749.06 47.2
1549324759.07 48.3
1549324769.08 48.3
1549324779.1 48.3
1549324789.12 47.8
1549324799.13 48.3
1549324809.15 48.3
1549324819.17 47.8
1549324829.19 47.2
1549324839.21 47.2
1549324849.23 47.2
1549324859.24 47.2
1549324869.26 47.8
1549324879.28 47.2
1549324889.3 47.2
1549324899.32 47.2
1549324909.34 47.2
1549324919.36 47.2
1549324929.38 46.7
1549324939.4 47.2
1549324949.42 47.2
1549324959.44 46.2
1549324969.46 46.2
1549324979.48 46.2
1549324989.49 46.7
1549324999.51 47.2
1549325009.53 47.2
1549325019.55 47.2
1549325029.57 46.2
1549325039.59 47.2
1549325049.6 45.6
1549325059.63 46.2
1549325069.64 46.7
1549325079.66 46.2
1549325089.68 46.2
1549325099.69 46.2
1549325109.71 47.2
1549325119.73 47.2
1549325129.75 46.2
1549325139.77 47.2
1549325149.78 46.2
1549325159.8 46.2
1549325169.82 47.2
1549325179.83 47.2
1549325189.86 47.2
1549325199.88 46.7
1549325209.89 47.2
1549325219.91 46.2
1549325229.92 46.7
1549325239.93 46.2
1549325249.95 46.7
1549325259.97 47.2
1549325269.99 46.2
1549325280.01 46.7
1549325290.03 47.2
1549325300.04 46.7
1549325310.06 46.7
1549325320.08 46.7
1549325330.1 47.2
1549325340.11 47.2
1549325350.12 47.2
1549325360.14 46.2
1549325370.16 46.7
1549325380.18 47.2
1549325390.2 47.2
1549325400.22 47.2
1549325410.23 47.2
1549325420.25 47.8
1549325430.27 47.2
1549325440.29 47.2
1549325450.32 46.7
1549325460.35 46.7
1549325470.37 46.7
1549325480.38 46.2
1549325490.4 47.2
1549325500.42 47.2
1549325510.43 46.7
1549325520.45 47.8
1549325530.47 47.2
1549325540.49 47.2
1549325550.51 47.8
1549325560.53 47.2
1549325570.55 47.2
1549325580.57 47.2
1549325590.58 47.8
1549325600.59 47.2
1549325610.6 47.2
1549325620.62 47.2
1549325630.63 47.2
1549325640.64 47.2
1549325650.66 47.2
1549325660.68 47.8
1549325670.69 47.8
1549325680.71 47.2
1549325690.72 47.2
1549325700.73 48.3
1549325710.75 47.2
1549325720.76 47.2
1549325730.77 47.2
1549325740.78 47.2
1549325750.8 47.8
1549325760.82 47.2
1549325770.83 48.3
1549325780.85 48.3
1549325790.87 47.2
1549325800.9 48.3
1549325810.91 48.3
1549325820.93 47.2
1549325830.94 47.8
1549325840.96 47.2
1549325850.97 47.2
1549325860.99 47.2
1549325871.0 47.2
1549325881.02 47.8
1549325891.04 47.8
1549325901.05 47.8
1549325911.07 47.8
1549325921.09 47.8
1549325931.1 48.3
1549325941.12 47.8
1549325951.13 47.2
1549325961.15 47.8
1549325971.18 47.2
1549325981.2 48.3
1549325991.22 46.7
1549326001.24 48.3
1549326011.25 47.8
1549326021.27 48.3
1549326031.3 47.8
1549326041.31 48.3
1549326051.33 47.8
1549326061.35 47.8
1549326071.37 47.2
1549326081.39 47.8
1549326091.41 46.2
1549326101.43 47.2
1549326111.45 47.2
1549326121.47 47.2
1549326131.5 47.2
1549326141.52 47.2
1549326151.56 46.2
1549326161.58 46.7
1549326171.6 47.2
1549326181.63 46.2
1549326191.65 47.2
1549326201.67 46.2
1549326211.69 46.2
1549326221.71 47.2
1549326231.72 46.7
1549326241.74 46.2
1549326251.76 47.2
1549326261.79 46.2
1549326271.81 46.2
1549326281.83 46.7
1549326291.85 47.2
1549326301.87 46.2
1549326311.89 47.2
1549326321.92 46.7
1549326331.94 46.2
1549326341.96 47.2
1549326351.98 46.2
1549326361.99 46.7
1549326372.02 47.2
1549326382.04 47.2
1549326392.06 47.2
1549326402.08 47.2
1549326412.1 47.2
1549326422.12 47.2
1549326432.14 46.2
1549326442.16 46.7
1549326452.19 46.2
1549326462.21 46.7
1549326472.23 46.2
1549326482.25 46.2
1549326492.27 46.7
1549326502.29 46.2
1549326512.32 46.7
1549326522.34 46.2
1549326532.36 46.2
1549326542.38 46.2
1549326552.41 46.7
1549326562.43 46.2
1549326572.44 46.2
1549326582.46 46.2
1549326592.49 45.1
1549326602.51 46.2
1549326612.53 46.2
1549326622.56 45.1
1549326632.57 46.2
1549326642.59 46.2
1549326652.61 46.7
1549326662.63 46.2
1549326672.65 46.2
1549326682.68 45.6
1549326692.7 46.2
1549326702.72 46.2
1549326712.74 46.7
1549326722.76 46.2
1549326732.78 46.2
1549326742.81 45.6
1549326752.82 46.2
1549326762.84 45.6
1549326772.86 46.2
1549326782.88 45.1
1549326792.9 46.2
1549326802.91 45.6
1549326812.92 46.2
1549326822.94 46.2
1549326832.96 46.2
1549326842.97 46.2
1549326852.99 45.1
1549326863.01 45.6
1549326873.03 46.2
1549326883.04 46.2
1549326893.06 46.2
1549326903.09 45.6
1549326913.13 46.2
1549326923.15 45.6
1549326933.16 46.2
1549326943.18 46.2
1549326953.19 45.6
1549326963.22 45.6
1549326973.24 45.6
1549326983.25 45.6
1549326993.27 45.1
1549327003.29 45.1
1549327013.3 45.1
1549327023.33 45.1
1549327033.35 45.1
1549327043.36 45.6
1549327053.38 45.6
1549327063.4 45.6
1549327073.41 45.6
1549327083.43 45.1
1549327093.44 45.1
1549327103.46 45.1
1549327113.49 45.6
1549327123.51 45.6
1549327133.53 45.1
1549327143.55 45.6
1549327153.58 46.2
1549327163.59 46.2
1549327173.61 45.6
1549327183.63 45.6
1549327193.65 46.7
1549327203.68 45.6
1549327213.7 45.1
1549327223.72 45.6
1549327233.74 45.6
1549327243.77 45.6
1549327253.79 45.1
1549327263.8 45.6
1549327273.82 45.6
1549327283.84 45.1
1549327293.86 46.2
1549327303.88 45.6
1549327313.89 46.2
1549327323.91 45.1
1549327333.92 45.1
1549327343.95 46.2
1549327353.97 45.6
1549327364.0 45.6
1549327374.02 45.1
1549327384.04 46.2
1549327394.06 46.2
1549327404.07 45.6
1549327414.1 45.1
1549327424.12 46.2
1549327434.14 46.2
1549327444.16 45.1
1549327454.17 46.2
1549327464.2 45.1
1549327474.22 45.1
1549327484.25 45.1
1549327494.26 45.6
1549327504.28 45.1
1549327514.3 44.5
1549327524.32 45.6
1549327534.35 45.1
1549327544.37 45.1
1549327554.39 44.5
1549327564.4 45.6
1549327574.41 45.6
1549327584.43 46.2
1549327594.45 45.1
1549327604.47 45.6
1549327614.49 45.1
1549327624.51 45.1
1549327634.53 46.2
1549327644.55 46.2
1549327654.57 45.1
1549327664.59 45.1
1549327674.62 45.1
1549327684.63 45.6
1549327694.65 45.1
1549327704.67 45.6
1549327714.69 45.6
1549327724.71 45.6
1549327734.73 46.2
1549327744.75 45.6
1549327754.77 45.6
1549327764.79 46.2
1549327774.8 46.2
1549327784.83 46.2
1549327794.84 45.6
1549327804.85 45.1
1549327814.87 45.6
1549327824.88 45.6
1549327834.9 46.2
1549327844.92 46.2
1549327854.94 45.6
1549327864.95 46.2
1549327874.97 45.6
1549327884.99 46.2
1549327895.01 46.2
1549327905.03 45.6
1549327915.04 46.2
1549327925.07 46.2
1549327935.08 46.2
1549327945.1 46.2
1549327955.11 45.6
1549327965.13 45.6
1549327975.15 46.2
1549327985.17 46.2
1549327995.18 46.2
1549328005.2 46.2
1549328015.22 46.2
1549328025.24 46.2
1549328035.26 46.2
1549328045.27 46.2
1549328055.29 46.2
1549328065.31 47.2
1549328075.33 47.2
1549328085.35 46.7
1549328095.38 46.2
1549328105.39 46.7
1549328115.42 46.2
1549328125.44 46.2
1549328135.46 46.2
1549328145.48 46.2
1549328155.49 46.2
1549328165.52 45.6
1549328175.54 45.6
1549328185.57 45.1
1549328195.59 45.1
1549328205.61 45.6
1549328215.64 45.1
1549328225.66 45.6
1549328235.67 46.2
1549328245.7 44.0
1549328255.72 45.6
1549328265.75 45.1
1549328275.77 45.1
1549328285.78 44.5
1549328295.8 45.6
1549328305.82 45.1
1549328315.83 44.5
1549328325.85 45.1
1549328335.87 45.1
1549328345.89 45.1
1549328355.91 45.6
1549328365.92 45.1
1549328375.94 45.1
1549328385.96 45.1
1549328395.97 45.6
1549328405.99 46.2
1549328416.0 45.6
1549328426.03 45.1
1549328436.05 45.1
1549328446.08 45.1
1549328456.1 45.1
1549328466.12 45.6
1549328476.14 45.1
1549328486.15 45.1
1549328496.18 45.1
1549328506.21 45.1
1549328516.23 45.1
1549328526.25 45.1
1549328536.27 45.6
1549328546.29 45.1
1549328556.32 44.5
1549328566.33 45.1
1549328576.36 45.1
1549328586.38 45.1
1549328596.4 44.0
1549328606.44 44.0
1549328616.46 44.5
1549328626.49 44.0
1549328636.51 44.5
1549328646.54 44.0
1549328656.56 45.1
1549328666.58 43.5
1549328676.61 44.0
1549328686.63 43.5
1549328696.66 43.5
1549328706.68 44.0
1549328716.7 44.5
1549328726.72 44.5
1549328736.75 44.0
1549328746.76 45.1
1549328756.78 44.5
1549328766.8 44.5
1549328776.82 45.1
1549328786.84 45.1
1549328796.85 45.1
1549328806.86 45.1
1549328816.88 44.0
1549328826.9 44.0
1549328836.91 45.1
1549328846.94 44.5
1549328856.97 44.0
1549328866.99 44.0
1549328877.01 44.0
1549328887.03 44.0
1549328897.05 43.5
1549328907.08 43.5
1549328917.1 44.0
1549328927.12 43.5
1549328937.14 42.9
1549328947.15 44.0
1549328957.17 44.0
1549328967.19 43.5
1549328977.21 44.0
1549328987.23 43.5
1549328997.24 42.9
1549329007.27 43.5
1549329017.29 42.9
1549329027.3 42.9
1549329037.33 42.9
1549329047.34 44.0
1549329057.36 44.0
1549329067.37 43.5
1549329077.39 44.0
1549329087.42 44.0
1549329097.43 44.0
1549329107.45 44.0
1549329117.47 44.5
1549329127.49 44.5
1549329137.51 43.5
1549329147.53 44.5
1549329157.55 42.9
1549329167.57 43.5
1549329177.6 43.5
1549329187.61 44.5
1549329197.63 43.5
1549329207.65 44.0
1549329217.66 44.0
1549329227.69 43.5
1549329237.7 44.0
1549329247.73 44.0
1549329257.75 44.0
1549329267.77 44.0
1549329277.8 44.0
1549329287.81 43.5
1549329297.84 43.5
1549329307.85 44.0
1549329317.87 44.0
1549329327.89 44.0
1549329337.9 44.0
1549329347.92 45.1
1549329357.94 44.5
1549329367.96 43.5
1549329377.98 44.0
1549329388.0 43.5
1549329398.02 44.0
1549329408.04 44.5
1549329418.06 44.5
1549329428.08 44.0
1549329438.09 44.5
1549329448.11 44.0
1549329458.14 44.0
1549329468.15 44.0
1549329478.17 44.0
1549329488.2 44.0
1549329498.21 44.5
1549329508.23 44.0
1549329518.25 44.0
1549329528.26 44.5
1549329538.28 44.0
1549329548.3 44.0
1549329558.32 44.5
1549329568.35 43.5
1549329578.37 44.5
1549329588.38 44.0
1549329598.4 44.0
1549329608.42 45.1
1549329618.44 44.0
1549329628.46 44.0
1549329638.48 44.0
1549329648.49 44.0
1549329658.51 44.5
1549329668.54 44.0
1549329678.55 44.0
1549329688.57 43.5
1549329698.6 44.0
1549329708.61 44.5
1549329718.64 44.0
1549329728.66 44.5
1549329738.68 44.0
1549329748.7 43.5
1549329758.72 44.5
1549329768.74 44.0
1549329778.76 44.0
1549329788.78 44.0
1549329798.8 44.5
1549329808.81 44.5
1549329818.83 44.5
1549329828.85 44.5
1549329838.87 43.5
1549329848.88 44.0
1549329858.91 44.5
1549329868.93 44.5
1549329878.95 44.0
1549329888.97 45.1
1549329898.99 44.0
1549329909.02 44.0
1549329919.04 44.0
1549329929.06 45.1
1549329939.07 45.1
1549329949.09 44.5
1549329959.11 44.5
1549329969.13 44.0
1549329979.15 44.0
1549329989.18 43.5
1549329999.22 44.0
1549330009.24 44.5
1549330019.26 43.5
1549330029.28 44.0
1549330039.3 44.0
1549330049.32 44.5
1549330059.33 43.5
1549330069.36 44.0
1549330079.38 44.5
1549330089.39 44.5
1549330099.42 43.5
1549330109.43 44.0
1549330119.45 43.5
1549330129.46 43.5
1549330139.49 44.0
1549330149.5 44.0
1549330159.52 44.0
1549330169.54 44.0
1549330179.56 44.5
1549330189.58 44.5
1549330199.6 44.5
1549330209.61 44.5
1549330219.64 44.0
1549330229.67 43.5
1549330239.69 43.5
1549330249.71 44.0
1549330259.74 44.0
1549330269.75 44.5
1549330279.78 43.5
1549330289.8 44.0
1549330299.82 44.5
1549330309.84 44.5
1549330319.85 45.1
1549330329.88 44.0
1549330339.9 45.1
1549330349.92 45.1
1549330359.95 45.1
1549330369.97 45.1
1549330379.99 45.1
1549330390.01 45.1
1549330400.03 45.1
1549330410.05 45.1
1549330420.07 45.1
1549330430.09 45.1
1549330440.11 45.6
1549330450.13 45.6
1549330460.16 45.1
1549330470.18 45.1
1549330480.2 45.1
1549330490.22 45.1
1549330500.24 45.1
1549330510.26 45.1
1549330520.28 45.6
1549330530.3 45.6
1549330540.32 45.1
1549330550.34 45.6
1549330560.36 45.6
1549330570.39 46.2
1549330580.41 45.6
1549330590.43 45.1
1549330600.45 45.1
1549330610.47 45.6
1549330620.49 46.2
1549330630.5 46.2
1549330640.52 46.2
1549330650.53 46.2
1549330660.55 46.2
1549330670.56 46.7
1549330680.58 46.2
1549330690.59 46.7
1549330700.6 47.2
1549330710.61 46.7
1549330720.63 46.2
1549330730.64 46.2
1549330740.66 46.7
1549330750.67 47.2
1549330760.69 46.7
1549330770.7 46.2
1549330780.72 46.2
1549330790.74 46.2
1549330800.76 47.8
1549330810.77 47.8
1549330820.79 47.2
1549330830.81 47.2
1549330840.83 46.7
1549330850.85 45.6
1549330860.87 46.2
1549330870.89 46.2
1549330880.9 46.2
1549330890.91 46.2
1549330900.92 46.2
1549330910.94 47.2
1549330920.95 46.2
1549330930.97 46.2
1549330940.99 46.2
1549330951.0 45.6
1549330961.02 46.2
1549330971.04 45.6
1549330981.06 46.2
1549330991.08 46.2
1549331001.1 46.2
1549331011.12 46.2
1549331021.14 46.2
1549331031.15 45.6
1549331041.16 46.2
1549331051.18 45.6
1549331061.2 45.1
1549331071.22 45.6
1549331081.23 45.1
1549331091.25 45.6
1549331101.27 45.6
1549331111.29 45.1
1549331121.3 45.6
1549331131.32 45.1
1549331141.34 45.1
1549331151.36 45.6
1549331161.37 46.2
1549331171.4 45.1
1549331181.41 46.2
1549331191.43 45.1
1549331201.45 45.6
1549331211.47 45.1
1549331221.49 45.1
1549331231.52 45.6
1549331241.53 45.6
1549331251.55 45.1
1549331261.57 45.6
1549331271.59 45.6
1549331281.6 45.6
1549331291.62 45.6
1549331301.64 45.1
1549331311.66 45.1
1549331321.68 45.1
1549331331.69 45.1
1549331341.72 45.1
1549331351.74 45.1
1549331361.76 45.1
1549331371.77 45.1
1549331381.79 45.1
1549331391.81 45.1
1549331401.83 45.1
1549331411.84 45.1
1549331421.86 45.1
1549331431.88 45.1
1549331441.9 45.1
1549331451.91 44.0
1549331461.93 45.1
1549331471.95 45.1
1549331481.97 45.6
1549331491.98 45.1
1549331502.01 45.1
1549331512.04 45.1
1549331522.06 45.1
1549331532.08 45.1
1549331542.1 45.1
1549331552.12 44.0
1549331562.13 44.0
1549331572.16 44.5
1549331582.17 45.1
1549331592.19 44.0
1549331602.21 44.5
1549331612.22 44.0
1549331622.24 45.1
1549331632.25 44.0
1549331642.27 43.5
1549331652.3 43.5
1549331662.32 42.9
1549331672.35 42.9
1549331682.37 44.0
1549331692.39 42.9
1549331702.41 44.0
1549331712.43 44.5
1549331722.45 43.5
1549331732.47 43.5
1549331742.49 43.5
1549331752.52 43.5
1549331762.54 44.0
1549331772.56 43.5
1549331782.58 43.5
1549331792.59 44.0
1549331802.62 44.0
1549331812.64 43.5
1549331822.66 44.0
1549331832.69 42.9
1549331842.72 44.0
1549331852.74 44.0
1549331862.76 44.0
1549331872.78 43.5
1549331882.8 43.5
1549331892.84 43.5
1549331902.86 44.0
1549331912.88 44.0
1549331922.91 44.0
1549331932.93 44.0
1549331942.95 44.0
1549331952.97 44.0
1549331962.99 44.0
1549331973.02 42.9
1549331983.04 43.5
1549331993.06 44.0
1549332003.08 45.1
1549332013.1 42.9
1549332023.12 44.0
1549332033.14 44.5
1549332043.16 44.5
1549332053.17 44.0
1549332063.19 44.0
1549332073.21 44.0
1549332083.24 43.5
1549332093.26 42.9
1549332103.28 42.9
1549332113.3 43.5
1549332123.32 44.0
1549332133.34 43.5
1549332143.36 44.0
1549332153.38 42.9
1549332163.39 44.0
1549332173.41 44.0
1549332183.43 44.0
1549332193.44 43.5
1549332203.46 42.9
1549332213.48 44.0
1549332223.5 44.0
1549332233.52 44.5
1549332243.54 44.0
1549332253.56 44.5
1549332263.58 44.0
1549332273.59 44.0
1549332283.61 44.0
1549332293.64 43.5
1549332303.66 44.0
1549332313.68 44.0
1549332323.69 44.0
1549332333.71 44.0
1549332343.72 44.0
1549332353.74 44.5
1549332363.76 44.0
1549332373.78 44.0
1549332383.8 44.0
1549332393.82 44.0
1549332403.84 44.5
1549332413.85 44.5
1549332423.87 44.0
1549332433.89 42.9
1549332443.91 43.5
1549332453.93 44.0
1549332463.95 44.5
1549332473.97 42.9
1549332483.99 43.5
1549332494.0 44.0
1549332504.02 42.9
1549332514.04 44.0
1549332524.06 44.0
1549332534.07 44.0
1549332544.09 44.5
1549332554.11 44.5
1549332564.13 42.9
1549332574.14 44.5
1549332584.16 44.5
1549332594.17 44.5
1549332604.19 44.0
1549332614.2 44.0
1549332624.23 44.0
1549332634.24 44.5
1549332644.26 45.1
1549332654.28 44.0
1549332664.29 44.0
1549332674.32 44.5
1549332684.34 43.5
1549332694.36 44.0
1549332704.37 44.0
1549332714.39 45.1
1549332724.4 44.0
1549332734.42 44.0
1549332744.43 44.5
1549332754.46 45.1
1549332764.47 44.5
1549332774.49 44.0
1549332784.5 44.0
1549332794.52 44.0
1549332804.54 44.0
1549332814.56 44.5
1549332824.57 45.1
1549332834.58 45.1
1549332844.6 44.0
1549332854.62 44.5
1549332864.64 44.0
1549332874.67 44.0
1549332884.68 44.5
1549332894.7 44.5
1549332904.72 44.5
1549332914.74 44.5
1549332924.76 44.5
1549332934.79 44.0
1549332944.81 45.1
1549332954.82 44.0
1549332964.84 44.5
1549332974.87 44.0
1549332984.89 45.1
1549332994.9 45.1
1549333004.92 45.1
1549333014.94 44.0
1549333024.98 44.0
1549333034.99 44.0
1549333045.01 44.0
1549333055.02 44.0
1549333065.04 45.1
1549333075.06 44.0
1549333085.09 44.0
1549333095.1 44.0
1549333105.13 44.0
1549333115.14 44.0
1549333125.16 44.0
1549333135.18 44.5
1549333145.2 44.0
1549333155.21 44.0
1549333165.23 44.5
1549333175.25 44.0
1549333185.26 45.1
1549333195.28 44.0
1549333205.3 44.0
1549333215.32 44.0
1549333225.35 44.0
1549333235.37 44.0
1549333245.39 44.0
1549333255.4 44.0
1549333265.42 44.5
1549333275.44 44.0
1549333285.46 44.0
1549333295.48 44.0
1549333305.51 44.0
1549333315.53 43.5
1549333325.55 43.5
1549333335.57 43.5
1549333345.59 43.5
1549333355.62 42.9
1549333365.64 42.9
1549333375.66 43.5
1549333385.68 43.5
1549333395.7 44.0
1549333405.72 43.5
1549333415.75 44.0
1549333425.76 43.5
1549333435.78 44.0
1549333445.81 43.5
1549333455.83 44.0
1549333465.84 44.0
1549333475.86 42.9
1549333485.88 43.5
1549333495.91 43.5
1549333505.93 44.0
1549333515.94 43.5
1549333525.96 43.5
1549333535.98 43.5
1549333546.0 42.9
1549333556.02 42.9
1549333566.04 42.9
1549333576.06 44.0
1549333586.07 43.5
1549333596.08 42.9
1549333606.1 42.9
1549333616.13 42.9
1549333626.15 42.9
1549333636.17 42.9
1549333646.19 43.5
1549333656.21 42.9
1549333666.23 42.4
1549333676.25 42.9
1549333686.27 42.4
1549333696.3 42.4
1549333706.32 41.9
1549333716.34 43.5
1549333726.37 42.9
1549333736.39 42.9
1549333746.41 42.4
1549333756.43 42.4
1549333766.45 42.4
1549333776.47 42.9
1549333786.49 42.4
1549333796.51 42.9
1549333806.53 41.9
1549333816.55 41.9
1549333826.57 41.9
1549333836.59 41.9
1549333846.61 42.9
1549333856.62 42.9
1549333866.64 41.9
1549333876.66 41.9
1549333886.68 42.9
1549333896.7 41.9
1549333906.72 41.9
1549333916.74 42.4
1549333926.76 42.9
1549333936.78 42.9
1549333946.8 42.4
1549333956.83 41.9
1549333966.84 42.9
1549333976.87 41.9
1549333986.89 42.9
1549333996.91 42.4
1549334006.93 42.4
1549334016.95 41.9
1549334026.98 41.9
1549334037.0 42.9
1549334047.02 41.9
1549334057.04 41.9
1549334067.06 42.9
1549334077.08 42.9
1549334087.11 41.9
1549334097.13 41.9
1549334107.15 42.9
1549334117.16 42.9
1549334127.18 42.9
1549334137.19 42.9
1549334147.21 42.4
1549334157.24 41.9
1549334167.26 41.9
1549334177.28 42.9
1549334187.31 41.9
1549334197.33 42.9
1549334207.35 42.9
1549334217.37 42.9
1549334227.4 41.9
1549334237.42 42.4
1549334247.44 41.9
1549334257.47 41.9
1549334267.49 41.9
1549334277.51 41.9
1549334287.52 41.9
1549334297.55 41.3
1549334307.57 41.9
1549334317.58 40.8
1549334327.61 41.3
1549334337.63 41.9
1549334347.65 41.9
1549334357.67 41.9
1549334367.69 41.9
1549334377.71 41.9
1549334387.73 42.9
1549334397.75 42.9
1549334407.77 41.9
1549334417.78 43.5
1549334427.8 42.9
1549334437.82 41.9
1549334447.84 42.4
1549334457.87 41.9
1549334467.88 42.9
1549334477.9 42.9
1549334487.92 42.4
1549334497.93 43.5
1549334507.95 42.4
1549334517.97 42.9
1549334527.99 41.9
1549334538.01 42.4
1549334548.03 42.4
1549334558.05 42.4
1549334568.07 42.4
1549334578.09 42.9
1549334588.11 42.4
1549334598.13 41.3
1549334608.16 41.9
1549334618.19 42.4
1549334628.21 42.4
1549334638.23 41.9
1549334648.25 41.3
1549334658.27 40.8
1549334668.29 41.9
1549334678.31 41.3
1549334688.33 41.9
1549334698.35 41.9
1549334708.37 41.3
1549334718.38 42.9
1549334728.41 40.8
1549334738.42 41.9
1549334748.44 41.9
1549334758.46 41.9
1549334768.48 41.9
1549334778.5 42.4
1549334788.52 40.8
1549334798.54 41.9
1549334808.57 41.3
1549334818.6 41.9
1549334828.62 41.9
1549334838.64 41.3
1549334848.66 41.9
1549334858.68 42.4
1549334868.71 42.4
1549334878.73 42.9
1549334888.75 41.3
1549334898.78 41.9
1549334908.8 41.3
1549334918.82 41.9
1549334928.84 41.9
1549334938.86 42.9
1549334948.88 42.4
1549334958.91 42.9
1549334968.92 42.9
1549334978.95 42.9
1549334988.97 42.9
1549334998.98 42.9
1549335009.01 41.9
1549335019.03 41.9
1549335029.05 42.9
1549335039.07 42.9
1549335049.1 41.9
1549335059.13 41.9
1549335069.14 42.9
1549335079.16 42.9
1549335089.18 42.9
1549335099.2 42.9
1549335109.22 42.9
1549335119.25 42.9
1549335129.28 41.9
1549335139.3 42.4
1549335149.32 42.9
1549335159.33 42.9
1549335169.35 42.9
1549335179.37 42.9
1549335189.39 42.4
1549335199.41 42.9
1549335209.43 42.9
1549335219.46 42.9
1549335229.48 42.9
1549335239.5 42.9
1549335249.52 42.9
1549335259.54 42.9
1549335269.56 42.9
1549335279.57 42.9
1549335289.6 42.9
1549335299.62 43.5
1549335309.64 42.4
1549335319.66 42.9
1549335329.68 42.9
1549335339.7 42.9
1549335349.71 42.9
1549335359.73 43.5
1549335369.75 42.9
1549335379.77 43.5
1549335389.79 44.0
1549335399.81 44.0
1549335409.83 43.5
1549335419.85 43.5
1549335429.86 44.0
1549335439.88 44.0
1549335449.89 43.5
1549335459.9 43.5
1549335469.91 44.0
1549335479.93 43.5
1549335489.94 43.5
1549335499.96 44.0
1549335509.97 44.0
1549335519.99 44.0
1549335530.02 43.5
1549335540.04 43.5
1549335550.07 43.5
1549335560.08 44.5
1549335570.11 44.0
1549335580.12 44.0
1549335590.13 44.0
1549335600.16 44.5
1549335610.17 44.5
1549335620.2 44.5
1549335630.21 45.1
1549335640.22 44.0
1549335650.24 45.1
1549335660.26 44.0
1549335670.28 44.0
1549335680.3 44.0
1549335690.32 44.0
1549335700.34 44.0
1549335710.35 44.5
1549335720.37 44.0
1549335730.39 44.5
1549335740.4 44.5
1549335750.42 44.5
1549335760.44 45.1
1549335770.45 43.5
1549335780.47 44.0
1549335790.49 44.0
1549335800.5 44.0
1549335810.52 44.5
1549335820.55 44.0
1549335830.57 44.5
1549335840.59 44.0
1549335850.6 44.0
1549335860.61 44.5
1549335870.63 44.0
1549335880.65 44.0
1549335890.66 43.5
1549335900.68 44.0
1549335910.7 44.5
1549335920.71 43.5
1549335930.73 44.0
1549335940.75 44.0
1549335950.77 44.0
1549335960.79 43.5
1549335970.81 44.0
1549335980.84 44.0
1549335990.86 44.0
1549336000.87 44.5
1549336010.89 42.9
1549336020.91 44.0
1549336030.94 44.0
1549336040.95 43.5
1549336050.97 44.0
1549336061.02 44.5
1549336071.03 44.5
1549336081.05 44.0
1549336091.07 43.5
1549336101.09 44.0
1549336111.1 43.5
1549336121.12 44.0
1549336131.13 44.0
1549336141.15 43.5
1549336151.16 43.5
1549336161.18 43.5
1549336171.19 42.9
1549336181.21 43.5
1549336191.23 44.0
1549336201.24 44.0
1549336211.26 43.5
1549336221.28 43.5
1549336231.29 43.5
1549336241.31 43.5
1549336251.33 42.9
1549336261.35 42.9
1549336271.37 43.5
1549336281.39 43.5
1549336291.4 42.9
1549336301.42 42.9
1549336311.44 43.5
1549336321.46 43.5
1549336331.47 43.5
1549336341.5 42.9
1549336351.51 42.9
1549336361.53 44.0
1549336371.57 43.5
1549336381.59 44.0
1549336391.61 43.5
1549336401.63 43.5
1549336411.65 42.4
1549336421.68 43.5
1549336431.69 42.9
1549336441.71 43.5
1549336451.73 43.5
1549336461.74 43.5
1549336471.76 43.5
1549336481.79 42.9
1549336491.8 43.5
1549336501.82 43.5
1549336511.84 43.5
1549336521.86 44.0
1549336531.88 42.9
1549336541.91 43.5
1549336551.93 42.9
1549336561.95 42.9
1549336571.97 43.5
1549336581.99 42.9
1549336592.01 42.9
1549336602.03 43.5
1549336612.05 42.9
1549336622.07 43.5
1549336632.09 43.5
1549336642.11 42.9
1549336652.14 43.5
1549336662.15 42.9
1549336672.18 43.5
1549336682.2 43.5
1549336692.22 43.5
1549336702.24 42.9
1549336712.27 43.5
1549336722.29 44.0
1549336732.31 43.5
1549336742.32 44.0
1549336752.34 44.0
1549336762.36 42.9
1549336772.38 42.9
1549336782.41 42.9
1549336792.43 42.9
1549336802.46 41.9
1549336812.48 42.9
1549336822.5 43.5
1549336832.52 42.9
1549336842.54 42.9
1549336852.56 42.9
1549336862.58 42.9
1549336872.59 42.9
1549336882.61 43.5
1549336892.64 41.9
1549336902.66 42.4
1549336912.69 42.9
1549336922.72 43.5
1549336932.74 42.9
1549336942.76 43.5
1549336952.78 43.5
1549336962.8 42.4
1549336972.84 42.9
1549336982.86 42.9
1549336992.88 41.9
1549337002.9 41.9
1549337012.94 42.4
1549337022.96 41.9
1549337032.99 41.9
1549337043.01 42.4
1549337053.04 41.9
1549337063.07 42.4
1549337073.09 41.9
1549337083.12 41.9
1549337093.14 41.9
1549337103.17 42.4
1549337113.19 41.9
1549337123.21 42.9
1549337133.23 42.9
1549337143.24 42.9
1549337153.26 42.9
1549337163.28 42.4
1549337173.3 42.9
1549337183.32 42.9
1549337193.33 42.9
1549337203.35 42.4
1549337213.38 41.9
1549337223.39 42.9
1549337233.41 42.9
1549337243.43 41.9
1549337253.45 42.9
1549337263.47 41.9
1549337273.49 41.9
1549337283.5 42.9
1549337293.52 42.9
1549337303.54 42.9
1549337313.56 43.5
1549337323.58 42.9
1549337333.6 42.9
1549337343.61 42.9
1549337353.62 42.9
1549337363.64 42.9
1549337373.66 43.5
1549337383.67 43.5
1549337393.69 42.9
1549337403.71 43.5
1549337413.73 43.5
1549337423.75 43.5
1549337433.77 42.9
1549337443.79 42.9
1549337453.82 42.9
1549337463.83 42.9
1549337473.86 42.4
1549337483.88 42.9
1549337493.89 41.9
1549337503.91 41.9
1549337513.94 42.4
1549337523.95 41.9
1549337533.97 42.4
1549337544.0 42.9
1549337554.02 42.9
1549337564.04 43.5
1549337574.06 42.9
1549337584.07 42.9
1549337594.09 43.5
1549337604.11 43.5
1549337614.13 42.9
1549337624.15 42.9
1549337634.18 42.9
1549337644.2 43.5
1549337654.21 42.9
1549337664.23 43.5
1549337674.25 42.9
1549337684.26 42.9
1549337694.28 42.9
1549337704.3 43.5
1549337714.32 43.5
1549337724.33 42.9
1549337734.35 42.9
1549337744.37 42.9
1549337754.39 42.9
1549337764.4 42.9
1549337774.41 42.9
1549337784.44 42.9
1549337794.46 42.9
1549337804.48 42.9
1549337814.5 42.4
1549337824.52 42.4
1549337834.53 41.9
1549337844.55 42.9
1549337854.57 42.9
1549337864.59 42.9
1549337874.6 42.9
1549337884.63 42.9
1549337894.65 42.4
1549337904.66 42.4
1549337914.68 42.9
1549337924.7 41.9
1549337934.71 42.9
1549337944.73 42.4
1549337954.74 42.9
1549337964.77 41.9
1549337974.79 42.9
1549337984.81 42.4
1549337994.83 42.4
1549338004.86 42.9
1549338014.88 42.9
1549338024.9 42.9
1549338034.92 42.9
1549338044.94 41.9
1549338054.96 41.9
1549338064.99 42.9
1549338075.01 42.4
1549338085.03 42.9
1549338095.05 42.9
1549338105.09 41.9
1549338115.11 42.4
1549338125.13 42.9
1549338135.15 41.9
1549338145.17 42.4
1549338155.19 42.9
1549338165.21 41.9
1549338175.23 42.9
1549338185.25 43.5
1549338195.26 43.5
1549338205.28 42.9
1549338215.3 42.9
1549338225.31 42.9
1549338235.33 43.5
1549338245.36 42.9
1549338255.38 43.5
1549338265.4 42.9
1549338275.42 43.5
1549338285.44 42.9
1549338295.46 42.9
1549338305.47 43.5
1549338315.5 42.9
1549338325.52 42.4
1549338335.54 42.9
1549338345.56 42.9
1549338355.59 42.9
1549338365.61 42.9
1549338375.63 43.5
1549338385.65 42.9
1549338395.67 43.5
1549338405.69 44.0
1549338415.71 42.9
1549338425.72 42.9
1549338435.74 43.5
1549338445.77 42.9
1549338455.78 42.9
1549338465.8 43.5
1549338475.82 44.0
1549338485.83 43.5
1549338495.85 42.9
1549338505.86 42.9
1549338515.88 41.9
1549338525.91 42.9
1549338535.92 42.9
1549338545.93 42.4
1549338555.95 42.9
1549338565.97 42.9
1549338575.99 41.9
1549338586.01 42.4
1549338596.02 42.9
1549338606.04 42.9
1549338616.05 42.4
1549338626.07 41.9
1549338636.08 41.9
1549338646.11 41.3
1549338656.12 42.9
1549338666.14 42.4
1549338676.16 41.9
1549338686.18 42.4
1549338696.2 41.9
1549338706.22 41.9
1549338716.25 41.9
1549338726.28 41.9
1549338736.29 42.4
1549338746.32 42.4
1549338756.34 41.9
1549338766.36 42.9
1549338776.38 42.9
1549338786.41 41.9
1549338796.43 40.8
1549338806.45 42.4
1549338816.48 41.9
1549338826.5 42.4
1549338836.52 42.4
1549338846.54 42.9
1549338856.55 41.9
1549338866.58 41.3
1549338876.61 41.9
1549338886.63 41.9
1549338896.65 41.9
1549338906.68 41.9
1549338916.7 41.9
1549338926.72 42.4
1549338936.74 42.9
1549338946.76 42.9
1549338956.78 42.4
1549338966.8 42.9
1549338976.82 42.4
1549338986.84 42.4
1549338996.85 42.9
1549339006.88 42.9
1549339016.9 41.9
1549339026.92 42.4
1549339036.93 42.9
1549339046.96 41.9
1549339056.98 41.9
1549339067.0 41.9
1549339077.02 43.5
1549339087.04 41.9
1549339097.06 42.9
1549339107.08 42.9
1549339117.1 42.9
1549339127.12 42.9
1549339137.13 42.9
1549339147.15 42.9
1549339157.17 43.5
1549339167.18 42.9
1549339177.21 43.5
1549339187.23 42.9
1549339197.25 42.4
1549339207.27 43.5
1549339217.29 43.5
1549339227.31 42.9
1549339237.33 42.9
1549339247.34 42.9
1549339257.37 42.9
1549339267.39 42.4
1549339277.42 42.4
1549339287.45 42.9
1549339297.47 41.9
1549339307.49 42.4
1549339317.52 42.9
1549339327.55 42.9
1549339337.57 42.9
1549339347.59 41.9
1549339357.61 42.9
1549339367.63 41.9
1549339377.66 41.9
1549339387.68 42.4
1549339397.7 42.9
1549339407.72 42.9
1549339417.74 41.9
1549339427.76 42.9
1549339437.78 42.9
1549339447.8 42.4
1549339457.83 42.9
1549339467.85 41.9
1549339477.87 41.9
1549339487.9 41.9
1549339497.91 41.9
1549339507.94 42.4
1549339517.95 41.9
1549339527.97 42.4
1549339538.0 42.4
1549339548.02 41.9
1549339558.04 41.9
1549339568.05 41.3
1549339578.07 41.9
1549339588.1 41.9
1549339598.11 42.9
1549339608.13 41.9
1549339618.16 41.9
1549339628.18 42.4
1549339638.2 41.3
1549339648.23 41.3
1549339658.26 40.8
1549339668.27 41.9
1549339678.29 41.3
1549339688.31 41.3
1549339698.33 41.9
1549339708.35 41.3
1549339718.37 41.9
1549339728.39 41.9
1549339738.42 41.9
1549339748.44 41.9
1549339758.46 41.9
1549339768.48 41.9
1549339778.49 41.9
1549339788.51 41.9
1549339798.53 42.9
1549339808.55 41.9
1549339818.56 42.9
1549339828.59 41.9
1549339838.6 42.9
1549339848.62 41.9
1549339858.64 42.4
1549339868.66 41.9
1549339878.69 42.4
1549339888.7 42.9
1549339898.72 41.9
1549339908.73 41.9
1549339918.76 41.9
1549339928.77 41.9
1549339938.79 41.9
1549339948.81 41.9
1549339958.83 41.3
1549339968.85 42.4
1549339978.87 42.4
1549339988.88 41.9
1549339998.9 41.3
1549340008.92 42.4
1549340018.94 41.9
1549340028.97 41.3
1549340038.99 41.9
1549340049.01 41.3
1549340059.04 41.9
1549340069.05 41.9
1549340079.08 40.8
1549340089.1 41.9
1549340099.12 40.8
1549340109.13 41.3
1549340119.15 41.3
1549340129.16 41.9
1549340139.18 41.9
1549340149.2 40.8
1549340159.22 41.9
1549340169.25 41.3
1549340179.27 41.3
1549340189.29 41.3
1549340199.3 41.9
1549340209.32 40.8
1549340219.34 41.3
1549340229.36 40.8
1549340239.38 41.3
1549340249.41 40.8
1549340259.43 40.8
1549340269.44 41.3
1549340279.46 41.3
1549340289.48 40.8
1549340299.5 40.8
1549340309.53 40.8
1549340319.55 40.8
1549340329.57 40.8
1549340339.59 40.8
1549340349.62 40.8
1549340359.64 40.2
1549340369.65 40.8
1549340379.68 40.8
1549340389.7 40.8
1549340399.72 41.3
1549340409.75 40.8
1549340419.76 40.8
1549340429.79 41.3
1549340439.8 40.8
1549340449.82 40.8
1549340459.84 41.3
1549340469.86 41.3
1549340479.88 40.8
1549340489.89 40.8
1549340499.91 40.8
1549340509.93 40.8
1549340519.95 40.8
1549340529.97 40.8
1549340539.99 40.8
1549340550.01 40.8
1549340560.04 40.2
1549340570.06 40.8
1549340580.08 40.8
1549340590.1 40.2
1549340600.12 39.7
1549340610.13 40.8
1549340620.16 40.8
1549340630.17 40.2
1549340640.19 40.8
1549340650.21 40.8
1549340660.23 40.8
1549340670.24 40.2
1549340680.26 40.2
1549340690.28 40.2
1549340700.3 39.7
1549340710.31 40.8
1549340720.33 40.8
1549340730.35 39.7
1549340740.38 39.7
1549340750.39 40.8
1549340760.41 39.2
1549340770.43 39.7
1549340780.45 39.7
1549340790.48 39.7
1549340800.49 39.7
1549340810.52 39.7
1549340820.53 40.2
1549340830.55 40.2
1549340840.57 39.7
1549340850.6 40.2
1549340860.62 39.2
1549340870.64 39.2
1549340880.66 40.2
1549340890.69 40.2
1549340900.72 40.2
1549340910.73 40.8
1549340920.74 39.7
1549340930.77 40.2
1549340940.79 39.7
1549340950.81 40.2
1549340960.83 40.2
1549340970.85 39.7
1549340980.88 39.7
1549340990.9 39.7
1549341000.92 39.7
1549341010.94 40.8
1549341020.96 39.7
1549341030.98 39.7
1549341041.01 39.7
1549341051.03 39.7
1549341061.05 39.7
1549341071.06 40.8
1549341081.08 39.7
1549341091.11 40.2
1549341101.13 40.2
1549341111.15 39.7
1549341121.17 39.7
1549341131.19 39.7
1549341141.21 40.2
1549341151.23 40.8
1549341161.25 39.7
1549341171.27 40.8
1549341181.29 40.8
1549341191.31 40.2
1549341201.32 40.8
1549341211.35 39.7
1549341221.37 39.7
1549341231.39 39.7
1549341241.41 39.7
1549341251.43 40.8
1549341261.45 40.8
1549341271.47 39.7
1549341281.49 40.2
1549341291.51 40.2
1549341301.53 39.7
1549341311.55 39.7
1549341321.58 39.7
1549341331.59 40.8
1549341341.61 39.7
1549341351.63 39.2
1549341361.65 39.7
1549341371.67 40.2
1549341381.69 39.7
1549341391.72 39.2
1549341401.74 39.7
1549341411.76 39.2
1549341421.78 39.7
1549341431.8 39.7
1549341441.82 39.7
1549341451.84 40.2
1549341461.86 39.2
1549341471.88 39.7
1549341481.91 39.7
1549341491.93 39.7
1549341501.94 39.7
1549341511.97 39.7
1549341521.99 39.2
1549341532.01 39.2
1549341542.03 39.7
1549341552.05 39.7
1549341562.06 39.7
1549341572.08 40.2
1549341582.1 39.7
1549341592.12 39.7
1549341602.14 39.7
1549341612.16 39.7
1549341622.18 39.7
1549341632.2 40.8
1549341642.22 39.7
1549341652.24 39.7
1549341662.26 39.7
1549341672.28 39.7
1549341682.3 40.2
1549341692.32 39.2
1549341702.34 40.2
1549341712.36 39.7
1549341722.38 40.2
1549341732.4 40.2
1549341742.42 39.7
1549341752.44 40.2
1549341762.46 39.7
1549341772.48 39.7
1549341782.5 40.2
1549341792.52 39.7
1549341802.55 39.7
1549341812.57 40.2
1549341822.59 39.7
1549341832.61 39.7
1549341842.63 39.7
1549341852.66 39.2
1549341862.68 39.7
1549341872.7 39.7
1549341882.72 39.2
1549341892.74 39.2
1549341902.76 39.7
1549341912.78 39.7
1549341922.79 39.7
1549341932.81 39.7
1549341942.84 40.2
1549341952.86 39.2
1549341962.87 39.7
1549341972.89 39.7
1549341982.92 39.7
1549341992.93 39.7
1549342002.96 39.2
1549342012.98 39.7
1549342023.0 39.7
1549342033.02 39.7
1549342043.03 39.7
1549342053.05 39.7
1549342063.09 40.2
1549342073.1 39.7
1549342083.12 39.7
1549342093.14 38.6
1549342103.16 39.7
1549342113.18 39.7
1549342123.21 39.2
1549342133.23 39.2
1549342143.25 39.7
1549342153.26 39.2
1549342163.29 39.7
1549342173.31 39.2
1549342183.33 39.7
1549342193.36 39.2
1549342203.38 39.2
1549342213.39 39.7
1549342223.41 39.2
1549342233.44 39.7
1549342243.45 39.7
1549342253.47 39.7
1549342263.49 40.2
1549342273.5 39.7
1549342283.53 39.7
1549342293.55 39.7
1549342303.57 40.2
1549342313.59 40.2
1549342323.6 39.7
1549342333.62 39.7
1549342343.65 39.2
1549342353.67 39.2
1549342363.68 39.7
1549342373.7 39.7
1549342383.72 39.7
1549342393.74 39.7
1549342403.76 39.2
1549342413.77 39.2
1549342423.79 39.7
1549342433.81 39.7
1549342443.82 39.7
1549342453.85 39.7
1549342463.87 39.2
1549342473.89 39.7
1549342483.9 39.2
1549342493.92 38.6
1549342503.94 39.7
1549342513.96 39.7
1549342523.98 39.7
1549342534.0 39.7
1549342544.01 38.6
1549342554.03 38.6
1549342564.06 39.2
1549342574.07 39.7
1549342584.08 39.2
1549342594.1 39.7
1549342604.12 39.2
1549342614.13 38.6
1549342624.16 39.2
1549342634.17 39.2
1549342644.2 39.2
1549342654.22 39.2
1549342664.24 39.7
1549342674.25 39.7
1549342684.26 39.2
1549342694.29 38.6
1549342704.31 39.2
1549342714.33 39.2
1549342724.35 39.7
1549342734.37 40.2
1549342744.38 39.7
1549342754.4 38.6
1549342764.41 39.7
1549342774.43 39.7
1549342784.45 39.2
1549342794.47 39.7
1549342804.48 40.8
1549342814.5 39.7
1549342824.52 39.7
1549342834.54 39.7
1549342844.56 39.7
1549342854.58 39.2
1549342864.6 39.2
1549342874.62 39.2
1549342884.64 38.6
1549342894.66 39.7
1549342904.68 39.2
1549342914.7 39.7
1549342924.72 39.7
1549342934.74 39.7
1549342944.76 39.2
1549342954.78 38.6
1549342964.8 39.2
1549342974.82 39.7
1549342984.83 39.2
1549342994.85 38.6
1549343004.87 39.7
1549343014.89 39.2
1549343024.91 39.7
1549343034.92 39.7
1549343044.94 39.7
1549343054.95 38.6
1549343064.98 39.7
1549343075.0 39.2
1549343085.01 39.2
1549343095.03 39.2
1549343105.05 39.2
1549343115.07 39.2
1549343125.09 39.2
1549343135.12 39.2
1549343145.14 38.6
1549343155.16 39.2
1549343165.18 39.2
1549343175.2 39.2
1549343185.22 39.2
1549343195.24 38.6
1549343205.26 38.6
1549343215.29 38.6
1549343225.3 39.2
1549343235.32 38.6
1549343245.35 39.2
1549343255.36 38.6
1549343265.38 39.2
1549343275.41 38.6
1549343285.42 39.2
1549343295.44 39.7
1549343305.45 38.6
1549343315.48 38.6
1549343325.5 39.2
1549343335.52 38.6
1549343345.54 38.6
1549343355.56 38.6
1549343365.58 38.6
1549343375.6 38.6
1549343385.62 38.6
1549343395.64 38.6
1549343405.67 38.6
1549343415.69 38.6
1549343425.71 38.6
1549343435.72 39.2
1549343445.75 38.6
1549343455.76 38.6
1549343465.79 38.6
1549343475.81 38.6
1549343485.83 39.2
1549343495.85 38.6
1549343505.86 38.6
1549343515.89 38.6
1549343525.91 39.7
1549343535.93 39.2
1549343545.95 39.2
1549343555.96 39.7
1549343565.98 39.2
1549343576.0 39.7
1549343586.02 38.6
1549343596.03 39.7
1549343606.06 39.2
1549343616.08 39.2
1549343626.1 38.6
1549343636.12 39.2
1549343646.14 39.2
1549343656.16 39.7
1549343666.18 38.6
1549343676.19 39.7
1549343686.22 39.2
1549343696.24 39.2
1549343706.25 38.6
1549343716.27 39.7
1549343726.29 39.7
1549343736.3 39.7
1549343746.32 40.2
1549343756.34 39.7
1549343766.36 39.2
1549343776.38 38.6
1549343786.4 38.1
1549343796.42 38.6
1549343806.44 38.6
1549343816.46 39.7
1549343826.47 39.2
1549343836.49 38.6
1549343846.52 38.6
1549343856.54 38.6
1549343866.56 39.2
1549343876.58 39.2
1549343886.6 40.2
1549343896.62 39.2
1549343906.64 39.2
1549343916.67 39.2
1549343926.68 39.7
1549343936.7 39.7
1549343946.72 40.2
1549343956.74 39.7
1549343966.75 39.7
1549343976.77 40.8
1549343986.79 39.7
1549343996.81 38.6
1549344006.83 39.7
1549344016.85 39.7
1549344026.87 39.7
1549344036.89 39.7
1549344046.91 39.7
1549344056.93 39.2
1549344066.94 39.7
1549344076.96 39.2
1549344086.98 39.2
1549344097.01 39.2
1549344107.03 39.2
1549344117.04 39.7
1549344127.06 39.7
1549344137.09 39.7
1549344147.11 39.2
1549344157.13 39.2
1549344167.15 39.2
1549344177.17 39.2
1549344187.19 39.2
1549344197.21 38.6
1549344207.23 39.7
1549344217.25 39.7
1549344227.27 39.7
1549344237.28 39.2
1549344247.3 39.2
1549344257.31 39.2
1549344267.33 39.7
1549344277.35 39.7
1549344287.38 39.7
1549344297.4 39.2
1549344307.41 39.2
1549344317.44 39.2
1549344327.46 38.6
1549344337.47 39.2
1549344347.49 39.2
1549344357.51 38.6
1549344367.53 39.2
1549344377.55 39.2
1549344387.65 39.2
1549344397.66 39.2
1549344407.69 38.6
1549344417.7 39.2
1549344427.72 38.6
1549344437.74 38.6
1549344447.77 38.6
1549344457.79 38.6
1549344467.82 38.6
1549344477.84 38.6
1549344487.86 38.6
1549344497.88 39.2
1549344507.9 39.7
1549344517.91 39.7
1549344527.93 39.7
1549344537.95 39.7
1549344547.97 39.7
1549344557.99 39.2
1549344568.0 38.6
1549344578.03 39.2
1549344588.05 39.7
1549344598.07 39.2
1549344608.09 39.2
1549344618.11 39.2
1549344628.12 40.2
1549344638.14 39.7
1549344648.16 39.2
1549344658.18 39.7
1549344668.19 39.2
1549344678.22 39.2
1549344688.23 39.7
1549344698.25 39.2
1549344708.27 39.7
1549344718.29 38.6
1549344728.31 38.6
1549344738.33 39.7
1549344748.35 39.7
1549344758.37 39.2
1549344768.39 38.6
1549344778.41 38.6
1549344788.43 39.2
1549344798.45 39.2
1549344808.46 39.7
1549344818.49 39.2
1549344828.5 38.6
1549344838.52 39.7
1549344848.54 39.2
1549344858.56 38.6
1549344868.59 38.6
1549344878.61 38.6
1549344888.62 38.6
1549344898.65 39.2
1549344908.67 39.2
1549344918.69 39.7
1549344928.71 39.2
1549344938.73 38.6
1549344948.75 38.6
1549344958.77 39.2
1549344968.8 39.2
1549344978.82 38.6
1549344988.84 38.6
1549344998.85 38.6
1549345008.88 38.6
1549345018.9 39.2
1549345028.92 38.6
1549345038.94 38.6
1549345048.96 38.6
1549345058.98 38.6
1549345069.0 38.6
1549345079.03 38.1
1549345089.06 39.2
1549345099.08 38.6
1549345109.1 38.1
1549345119.12 38.6
1549345129.14 39.2
1549345139.16 39.2
1549345149.18 38.6
1549345159.21 39.2
1549345169.23 38.6
1549345179.25 39.2
1549345189.27 39.2
1549345199.3 39.2
1549345209.32 38.6
1549345219.34 38.6
1549345229.36 38.6
1549345239.38 38.6
1549345249.4 39.2
1549345259.41 39.7
1549345269.43 38.6
1549345279.45 38.6
1549345289.47 38.6
1549345299.49 39.7
1549345309.51 38.6
1549345319.53 38.6
1549345329.55 38.6
1549345339.57 38.6
1549345349.59 38.6
1549345359.61 39.7
1549345369.63 38.6
1549345379.66 38.6
1549345389.67 39.2
1549345399.69 38.6
1549345409.71 38.6
1549345419.74 38.6
1549345429.75 38.6
1549345439.76 38.6
1549345449.78 38.6
1549345459.8 38.6
1549345469.82 38.6
1549345479.84 38.6
1549345489.85 38.6
1549345499.87 38.6
1549345509.89 38.6
1549345519.9 38.6
1549345529.92 38.6
1549345539.94 39.2
1549345549.96 38.6
1549345559.99 38.6
1549345570.0 38.6
1549345580.03 38.6
1549345590.05 38.6
1549345600.07 38.6
1549345610.08 38.6
1549345620.11 38.6
1549345630.13 38.1
1549345640.15 38.6
1549345650.17 38.6
1549345660.19 38.6
1549345670.21 38.6
1549345680.22 38.6
1549345690.25 38.6
1549345700.27 38.6
1549345710.28 39.2
1549345720.31 38.6
1549345730.33 38.6
1549345740.34 38.1
1549345750.37 38.6
1549345760.39 38.1
1549345770.4 39.2
1549345780.42 37.6
1549345790.44 38.6
1549345800.46 38.6
1549345810.48 38.6
1549345820.5 38.6
1549345830.52 38.6
1549345840.54 38.6
1549345850.56 39.2
1549345860.58 38.6
1549345870.6 38.6
1549345880.62 38.6
1549345890.64 38.6
1549345900.67 38.6
1549345910.69 38.6
1549345920.7 38.6
1549345930.73 38.6
1549345940.74 38.6
1549345950.76 38.6
1549345960.78 38.6
1549345970.81 38.1
1549345980.83 38.6
1549345990.85 39.2
1549346000.87 38.6
1549346010.89 38.6
1549346020.91 38.1
1549346030.93 38.6
1549346040.95 38.1
1549346050.98 38.6
1549346061.0 38.6
1549346071.02 38.1
1549346081.04 38.6
1549346091.06 38.6
1549346101.08 39.2
1549346111.1 38.6
1549346121.12 38.1
1549346131.15 38.6
1549346141.16 38.6
1549346151.19 37.6
1549346161.21 38.6
1549346171.23 38.6
1549346181.25 38.6
1549346191.27 38.1
1549346201.29 38.1
1549346211.3 39.2
1549346221.32 38.6
1549346231.34 38.6
1549346241.36 38.6
1549346251.38 38.1
1549346261.4 39.2
1549346271.41 38.6
1549346281.44 38.6
1549346291.45 38.6
1549346301.47 39.2
1549346311.49 38.6
1549346321.51 39.2
1549346331.53 39.2
1549346341.54 38.6
1549346351.57 38.6
1549346361.59 38.1
1549346371.61 38.1
1549346381.63 38.6
1549346391.65 39.2
1549346401.67 38.6
