1549100008.98 23.0
1549100019.0 22.5
1549100029.03 22.5
1549100039.05 22.5
1549100049.07 22.5
1549100059.09 22.5
1549100069.11 23.0
1549100079.13 23.6
1549100089.15 23.0
1549100099.17 22.5
1549100109.19 22.5
1549100119.21 23.0
1549100129.23 22.5
1549100139.25 23.6
1549100149.26 23.6
1549100159.28 23.0
1549100169.3 23.0
1549100179.32 23.6
1549100189.34 23.0
1549100199.36 22.5
1549100209.38 23.6
1549100219.4 22.5
1549100229.42 23.0
1549100239.44 23.0
1549100249.46 22.5
1549100259.48 23.0
1549100269.51 22.5
1549100279.52 22.5
1549100289.54 22.5
1549100299.56 22.5
1549100309.58 23.6
1549100319.6 23.0
1549100329.61 23.0
1549100339.63 23.6
1549100349.65 23.0
1549100359.67 23.0
1549100369.69 23.0
1549100379.71 22.5
1549100389.73 22.5
1549100399.75 23.0
1549100409.77 23.6
1549100419.79 22.5
1549100429.81 23.6
1549100439.83 22.5
1549100449.86 22.5
1549100459.87 23.6
1549100469.89 23.6
1549100479.91 22.5
1549100489.93 23.6
1549100499.95 22.5
1549100509.97 22.5
1549100519.99 22.5
1549100530.01 22.5
1549100540.02 23.0
1549100550.04 22.5
1549100560.05 22.5
1549100570.08 22.5
1549100580.1 22.0
1549100590.12 22.5
1549100600.14 22.5
1549100610.16 22.0
1549100620.18 22.5
1549100630.2 22.5
1549100640.22 22.5
1549100650.24 22.5
1549100660.26 22.0
1549100670.28 22.5
1549100680.3 22.5
1549100690.31 23.0
1549100700.32 23.6
1549100710.34 22.5
1549100720.36 23.0
1549100730.38 23.0
1549100740.4 22.5
1549100750.42 23.0
1549100760.44 22.5
1549100770.46 22.5
1549100780.47 23.0
1549100790.49 22.5
1549100800.5 23.6
1549100810.52 22.5
1549100820.54 22.5
1549100830.56 23.6
1549100840.56 23.6
1549100850.58 23.0
1549100860.6 23.6
1549100870.62 22.5
1549100880.63 23.6
1549100890.65 22.5
1549100900.67 22.5
1549100910.69 22.5
1549100920.7 23.6
1549100930.73 22.5
1549100940.75 22.5
1549100950.77 22.5
1549100960.79 22.5
1549100970.81 22.5
1549100980.83 22.5
1549100990.85 22.5
1549101000.87 22.5
1549101010.89 22.5
1549101020.91 23.0
1549101030.93 22.5
1549101040.95 22.5
1549101050.97 22.5
1549101060.99 22.5
1549101071.01 22.5
1549101081.02 22.5
1549101091.04 23.6
1549101101.06 22.5
1549101111.08 23.0
1549101121.1 22.5
1549101131.13 23.6
1549101141.15 22.5
1549101151.17 22.0
1549101161.19 22.5
1549101171.21 22.0
1549101181.22 22.5
1549101191.24 22.5
1549101201.26 23.0
1549101211.28 22.5
1549101221.3 22.5
1549101231.32 22.5
1549101241.34 22.0
1549101251.36 22.5
1549101261.37 23.6
1549101271.4 22.5
1549101281.42 22.5
1549101291.44 22.5
1549101301.46 22.5
1549101311.48 22.5
1549101321.5 22.5
1549101331.52 22.5
1549101341.54 22.5
1549101351.55 22.5
1549101361.57 22.5
1549101371.6 22.5
1549101381.61 23.0
1549101391.63 22.5
1549101401.65 22.5
1549101411.67 22.5
1549101421.69 22.5
1549101431.71 23.0
1549101441.73 22.5
1549101451.75 22.5
1549101461.77 22.5
1549101471.79 22.5
1549101481.81 22.0
1549101491.83 22.5
1549101501.85 22.0
1549101511.87 22.5
1549101521.89 22.5
1549101531.91 22.5
1549101541.93 22.0
1549101551.95 23.0
1549101561.97 22.5
1549101571.99 22.5
1549101582.01 22.5
1549101592.03 22.0
1549101602.05 22.0
