1549400008.35 60.7
1549400018.36 60.1
1549400028.48 59.6
1549400038.5 59.6
1549400048.52 60.7
1549400058.54 60.1
1549400068.56 60.1
1549400078.57 60.1
1549400088.58 60.1
1549400098.61 59.1
1549400108.63 60.1
1549400118.65 60.1
1549400128.67 60.1
1549400138.69 60.1
1549400148.7 60.1
1549400158.72 60.1
1549400168.74 60.7
1549400178.76 60.1
1549400188.78 59.6
1549400198.8 60.1
1549400208.82 60.1
1549400218.84 60.1
1549400228.85 60.7
1549400238.87 60.1
1549400248.89 60.1
1549400258.91 60.1
1549400268.94 60.1
1549400278.95 60.1
1549400288.98 60.1
1549400298.99 60.1
1549400309.01 61.2
1549400319.03 60.1
1549400329.05 60.1
1549400339.07 60.1
1549400349.09 60.1
1549400359.1 60.7
1549400369.11 60.7
1549400379.12 60.1
1549400389.14 60.7
1549400399.15 61.2
1549400409.17 61.8
1549400419.18 60.7
1549400429.2 60.1
1549400439.22 60.1
1549400449.24 60.7
1549400459.26 60.1
1549400469.28 60.1
1549400479.29 60.7
1549400489.31 60.7
1549400499.34 60.7
1549400509.35 61.2
1549400519.37 60.1
1549400529.38 60.1
1549400539.41 60.1
1549400549.42 60.7
1549400559.43 60.1
1549400569.46 60.1
1549400579.48 60.1
1549400589.5 60.1
1549400599.52 60.1
1549400609.53 59.6
1549400619.56 59.6
1549400629.57 60.7
1549400639.59 60.1
1549400649.6 60.1
1549400659.61 60.7
1549400669.63 60.7
1549400679.65 60.1
1549400689.65 60.1
1549400699.68 59.6
1549400709.69 60.1
1549400719.71 60.7
1549400729.73 59.6
1549400739.75 59.6
1549400749.76 59.6
1549400759.78 59.1
1549400769.8 60.1
1549400779.82 60.1
1549400789.83 60.1
1549400799.84 60.1
1549400809.86 59.6
1549400819.88 59.1
1549400829.89 59.6
1549400839.9 59.6
1549400849.92 59.6
1549400859.94 59.1
1549400869.96 59.1
1549400879.98 59.1
1549400890.0 59.1
1549400900.02 59.1
1549400910.03 59.1
1549400920.04 59.1
1549400930.06 59.1
1549400940.08 59.1
1549400950.1 59.1
1549400960.12 58.5
1549400970.14 58.5
1549400980.15 59.1
1549400990.17 58.5
1549401000.19 59.6
1549401010.21 59.1
1549401020.23 58.5
1549401030.24 58.5
1549401040.26 59.1
1549401050.27 58.5
1549401060.3 59.1
1549401070.31 59.1
1549401080.33 58.5
1549401090.35 59.1
1549401100.37 59.1
1549401110.39 59.1
1549401120.4 58.5
1549401130.42 59.1
1549401140.44 58.5
1549401150.45 59.1
1549401160.47 59.1
1549401170.49 58.5
1549401180.51 58.0
1549401190.52 59.1
1549401200.54 58.5
1549401210.56 58.5
1549401220.57 59.1
1549401230.59 59.1
1549401240.61 58.0
1549401250.63 58.0
1549401260.64 58.5
1549401270.67 59.1
1549401280.68 59.1
1549401290.7 58.5
1549401300.73 58.5
1549401310.75 58.5
1549401320.76 59.1
1549401330.78 59.1
1549401340.8 58.0
1549401350.82 58.5
1549401360.84 59.1
1549401370.85 59.1
1549401380.87 59.1
1549401390.89 59.1
1549401400.91 59.1
1549401410.92 59.1
1549401420.94 59.1
1549401430.96 58.0
1549401440.98 59.1
1549401450.98 59.1
1549401461.0 59.1
1549401471.02 59.1
1549401481.04 59.1
1549401491.06 58.5
1549401501.08 59.1
1549401511.1 58.5
1549401521.12 58.5
1549401531.13 59.1
1549401541.15 59.1
1549401551.17 58.0
1549401561.19 58.5
1549401571.21 57.5
1549401581.23 58.0
1549401591.25 58.5
1549401601.27 58.0
1549401611.29 56.9
1549401621.31 58.0
1549401631.32 58.0
1549401641.34 58.0
1549401651.36 58.5
1549401661.37 58.0
1549401671.38 58.0
1549401681.4 58.5
1549401691.42 58.5
1549401701.43 58.0
1549401711.45 58.5
1549401721.47 58.0
1549401731.49 59.1
1549401741.51 58.0
1549401751.53 58.0
1549401761.54 59.1
1549401771.56 58.0
1549401781.57 58.0
1549401791.59 58.0
1549401801.61 58.0
1549401811.63 58.0
1549401821.65 58.5
1549401831.67 57.5
1549401841.69 56.9
1549401851.71 58.0
1549401861.73 58.0
1549401871.75 56.9
1549401881.77 56.9
1549401891.79 57.5
1549401901.81 56.9
1549401911.83 56.9
1549401921.85 56.9
1549401931.87 57.5
1549401941.89 56.9
1549401951.9 56.9
1549401961.92 56.9
1549401971.94 56.4
1549401981.96 56.9
1549401991.98 56.4
1549402002.0 56.4
1549402012.02 56.9
1549402022.04 56.4
1549402032.06 56.9
1549402042.08 56.9
1549402052.11 56.4
1549402062.13 55.8
1549402072.15 56.4
1549402082.17 56.9
1549402092.18 56.9
1549402102.21 56.4
1549402112.23 56.9
1549402122.25 56.4
1549402132.27 56.9
1549402142.29 56.4
1549402152.32 56.4
1549402162.33 56.4
1549402172.35 56.9
1549402182.37 56.9
1549402192.38 56.9
1549402202.4 56.9
1549402212.42 56.9
1549402222.44 57.5
1549402232.46 56.9
1549402242.48 57.5
1549402252.49 57.5
1549402262.51 56.9
1549402272.53 56.9
1549402282.55 58.0
1549402292.56 56.9
1549402302.58 56.9
1549402312.6 56.4
1549402322.61 56.9
1549402332.63 56.9
1549402342.65 56.4
1549402352.67 56.9
1549402362.68 56.9
1549402372.7 56.9
1549402382.72 56.9
1549402392.74 56.9
1549402402.75 56.9
1549402412.77 56.9
1549402422.79 56.9
1549402432.81 56.9
1549402442.83 56.9
1549402452.84 56.9
1549402462.87 56.9
1549402472.89 56.9
1549402482.9 56.9
1549402492.92 56.9
1549402502.95 56.4
1549402512.96 56.9
1549402522.97 56.9
1549402532.99 56.4
1549402543.01 56.9
1549402553.02 56.4
1549402563.04 55.8
1549402573.05 56.4
1549402583.07 55.8
1549402593.09 55.8
1549402603.1 55.8
1549402613.12 54.8
1549402623.15 55.8
1549402633.17 55.8
1549402643.18 55.8
1549402653.19 55.8
1549402663.21 55.8
1549402673.23 55.8
1549402683.24 54.8
1549402693.26 55.8
1549402703.28 55.3
1549402713.28 54.8
1549402723.3 55.8
1549402733.31 55.3
1549402743.33 55.8
1549402753.35 54.8
1549402763.37 54.8
1549402773.39 54.8
1549402783.41 54.8
1549402793.43 54.2
1549402803.45 55.8
1549402813.46 54.8
1549402823.47 54.8
1549402833.49 54.2
1549402843.51 54.2
1549402853.53 54.8
1549402863.55 54.2
1549402873.56 55.3
1549402883.58 54.8
1549402893.6 54.8
1549402903.61 54.8
1549402913.63 55.8
1549402923.65 55.8
1549402933.65 55.8
1549402943.67 55.8
1549402953.69 55.8
1549402963.7 55.8
1549402973.73 55.8
1549402983.75 54.8
1549402993.76 54.8
1549403003.79 54.8
1549403013.8 54.8
1549403023.82 55.3
1549403033.84 55.8
1549403043.85 55.8
1549403053.87 55.8
1549403063.89 56.4
1549403073.9 54.8
1549403083.92 55.8
1549403093.94 55.8
1549403103.96 55.8
1549403113.97 55.8
1549403123.99 55.8
1549403134.0 55.8
1549403144.02 55.3
1549403154.04 55.8
1549403164.06 54.8
1549403174.06 55.8
1549403184.08 55.8
1549403194.1 55.8
1549403204.12 54.2
1549403214.13 55.3
1549403224.15 54.8
1549403234.17 54.8
1549403244.19 54.8
1549403254.21 54.8
1549403264.23 55.3
1549403274.25 54.8
1549403284.27 54.8
1549403294.29 55.3
1549403304.3 55.8
1549403314.33 54.8
1549403324.36 55.3
1549403334.38 55.8
1549403344.39 54.8
1549403354.41 55.3
1549403364.43 55.3
1549403374.45 54.2
1549403384.46 55.3
1549403394.48 55.8
1549403404.5 55.3
1549403414.52 55.3
1549403424.53 55.3
1549403434.55 54.8
1549403444.57 55.8
1549403454.59 55.8
1549403464.6 54.8
1549403474.62 54.2
1549403484.64 55.3
1549403494.66 54.8
1549403504.67 54.8
1549403514.7 54.8
1549403524.72 54.2
1549403534.74 54.8
1549403544.76 54.8
1549403554.77 54.8
1549403564.8 54.8
1549403574.81 54.8
1549403584.83 54.8
1549403594.85 54.2
1549403604.87 54.2
1549403614.88 53.7
1549403624.9 54.8
1549403634.92 53.7
1549403644.94 53.7
1549403654.95 53.7
1549403664.98 53.7
1549403674.99 53.7
1549403685.01 54.8
1549403695.02 54.2
1549403705.03 54.2
1549403715.06 54.2
1549403725.07 54.2
1549403735.09 53.7
1549403745.11 53.7
1549403755.13 54.8
1549403765.14 54.2
1549403775.16 54.8
1549403785.17 54.8
1549403795.19 54.2
1549403805.21 54.8
1549403815.22 54.2
1549403825.24 54.2
1549403835.25 53.7
1549403845.27 54.2
1549403855.29 53.2
1549403865.31 53.7
1549403875.31 53.2
1549403885.33 53.7
1549403895.35 53.7
1549403905.37 53.7
1549403915.39 53.7
1549403925.41 53.7
1549403935.42 53.7
1549403945.45 53.7
1549403955.46 53.7
1549403965.48 54.2
1549403975.49 53.7
1549403985.52 52.6
1549403995.54 52.6
