1549900008.82 43.5
1549900018.84 44.0
1549900028.86 43.5
1549900038.88 44.0
1549900048.9 44.0
1549900058.91 44.0
1549900068.93 44.0
1549900078.94 44.5
1549900088.96 44.0
1549900098.98 44.5
1549900109.0 44.0
1549900119.01 44.5
1549900129.03 44.0
1549900139.05 45.1
1549900149.07 44.0
1549900159.09 44.5
1549900169.11 44.0
1549900179.13 45.1
1549900189.15 44.0
1549900199.16 45.1
1549900209.18 45.1
1549900219.2 44.5
1549900229.22 44.0
1549900239.24 44.5
1549900249.26 44.0
1549900259.27 44.5
1549900269.29 44.5
1549900279.31 45.1
1549900289.33 45.1
1549900299.34 45.1
1549900309.36 45.1
1549900319.39 45.1
1549900329.4 45.1
1549900339.42 45.1
1549900349.44 45.1
1549900359.45 45.1
1549900369.48 45.1
1549900379.49 45.1
1549900389.51 45.1
1549900399.55 45.1
1549900409.57 45.1
1549900419.59 46.2
1549900429.6 45.1
1549900439.62 45.1
1549900449.63 45.6
1549900459.65 45.1
1549900469.67 45.1
1549900479.69 45.1
1549900489.7 45.6
1549900499.71 45.1
1549900509.73 44.5
1549900519.75 45.1
1549900529.76 45.1
1549900539.78 44.5
1549900549.8 44.5
1549900559.82 44.0
1549900569.84 45.1
1549900579.87 44.5
1549900589.88 45.1
1549900599.9 45.6
1549900609.91 45.6
1549900619.93 45.1
1549900629.95 45.1
1549900639.96 46.2
1549900649.98 45.6
1549900660.0 46.2
1549900670.01 46.2
1549900680.03 46.2
1549900690.04 46.2
1549900700.06 46.2
1549900710.08 46.2
1549900720.09 46.2
1549900730.11 45.6
1549900740.13 46.2
1549900750.15 46.2
1549900760.17 46.2
1549900770.18 46.2
1549900780.19 46.2
1549900790.2 45.6
1549900800.21 46.2
1549900810.23 47.2
1549900820.25 46.2
1549900830.27 46.7
1549900840.28 46.2
1549900850.31 46.2
1549900860.32 46.2
1549900870.33 46.7
1549900880.35 46.2
1549900890.36 46.2
1549900900.37 45.6
1549900910.39 46.2
1549900920.41 46.2
1549900930.43 46.2
1549900940.45 45.6
1549900950.47 46.2
1549900960.49 45.6
1549900970.5 46.2
1549900980.53 46.2
1549900990.56 46.2
1549901000.57 46.2
1549901010.58 45.1
1549901020.6 46.7
1549901030.61 46.2
1549901040.62 46.2
1549901050.63 45.6
1549901060.66 45.6
1549901070.67 47.2
1549901080.69 46.2
1549901090.7 46.7
1549901100.72 46.2
1549901110.73 46.7
1549901120.75 46.2
1549901130.76 45.6
1549901140.78 46.2
1549901150.8 46.2
1549901160.83 46.2
1549901170.84 46.7
1549901180.86 45.6
1549901190.88 47.2
1549901200.9 47.2
1549901210.92 47.2
1549901220.93 47.2
1549901230.95 47.2
1549901240.97 46.2
1549901250.98 47.2
1549901261.0 47.2
1549901271.02 47.2
1549901281.03 47.2
1549901291.05 47.2
1549901301.07 47.2
1549901311.09 47.2
1549901321.1 46.7
1549901331.13 47.2
1549901341.15 47.2
1549901351.16 47.2
1549901361.18 47.2
1549901371.2 47.2
1549901381.21 47.2
1549901391.23 47.2
1549901401.25 46.2
1549901411.27 47.8
1549901421.28 46.7
1549901431.3 47.2
1549901441.31 46.2
1549901451.33 46.7
1549901461.35 47.2
1549901471.37 47.2
1549901481.39 47.2
1549901491.4 46.7
1549901501.42 46.2
1549901511.44 47.2
1549901521.45 47.2
1549901531.46 47.8
1549901541.48 47.2
1549901551.49 47.2
1549901561.51 47.2
1549901571.53 47.2
1549901581.55 47.2
1549901591.56 46.7
1549901601.58 47.2
1549901611.6 47.8
1549901621.61 47.2
1549901631.63 47.2
1549901641.65 47.2
1549901651.66 46.2
1549901661.69 47.2
1549901671.7 46.7
1549901681.72 46.2
1549901691.74 46.2
1549901701.76 46.7
1549901711.77 47.2
1549901721.79 46.7
1549901731.81 46.2
1549901741.82 46.2
1549901751.84 46.2
1549901761.86 45.6
1549901771.88 45.1
1549901781.89 45.6
1549901791.91 45.1
1549901801.93 45.1
1549901811.95 45.1
1549901821.97 45.1
1549901831.98 45.1
1549901842.0 44.5
1549901852.0 45.1
1549901862.01 45.1
1549901872.03 45.1
1549901882.05 45.1
1549901892.08 45.1
1549901902.1 45.1
1549901912.11 45.1
1549901922.13 45.1
1549901932.15 44.5
1549901942.17 45.1
1549901952.19 45.1
1549901962.21 44.0
1549901972.23 45.1
1549901982.25 45.1
1549901992.26 45.6
1549902002.28 44.5
1549902012.3 45.1
1549902022.32 45.6
1549902032.34 45.1
1549902042.36 44.5
1549902052.37 45.1
1549902062.4 45.1
1549902072.41 45.1
1549902082.43 45.1
1549902092.45 44.5
1549902102.47 45.1
1549902112.48 45.1
1549902122.5 45.1
1549902132.52 45.1
1549902142.54 45.1
1549902152.56 45.1
1549902162.58 45.6
1549902172.6 45.6
1549902182.61 45.6
1549902192.63 45.1
1549902202.65 46.2
1549902212.67 45.1
1549902222.69 45.1
1549902232.71 46.2
1549902242.73 45.1
1549902252.74 46.2
1549902262.76 45.6
1549902272.78 45.1
1549902282.79 46.2
1549902292.81 45.6
1549902302.83 46.2
1549902312.85 45.1
1549902322.87 45.1
1549902332.88 45.1
1549902342.9 45.1
1549902352.92 45.6
1549902362.93 45.6
1549902372.95 46.2
1549902382.97 46.2
1549902392.98 45.6
1549902403.0 46.2
1549902413.02 45.6
1549902423.04 45.6
1549902433.05 45.1
1549902443.07 45.6
1549902453.08 45.6
1549902463.1 45.6
1549902473.12 45.1
1549902483.14 45.6
1549902493.16 45.6
1549902503.17 46.2
1549902513.2 46.2
1549902523.22 45.6
1549902533.24 46.2
1549902543.26 46.2
1549902553.28 46.7
1549902563.3 46.2
1549902573.32 46.2
1549902583.33 46.7
1549902593.35 46.7
1549902603.36 46.2
1549902613.38 46.2
1549902623.4 46.7
1549902633.42 46.7
1549902643.43 47.2
1549902653.44 46.7
1549902663.47 47.2
1549902673.48 47.2
1549902683.5 46.2
1549902693.52 47.2
1549902703.54 47.2
1549902713.55 46.2
1549902723.57 47.2
1549902733.58 47.2
1549902743.6 46.2
1549902753.62 46.2
1549902763.63 46.7
1549902773.65 46.7
1549902783.66 46.7
1549902793.68 46.2
1549902803.71 46.7
1549902813.73 46.7
1549902823.74 47.2
1549902833.76 47.2
1549902843.78 47.2
1549902853.79 47.8
1549902863.81 47.2
1549902873.83 47.8
1549902883.84 47.8
1549902893.85 47.8
1549902903.86 48.3
1549902913.87 47.2
1549902923.89 47.8
1549902933.91 47.2
1549902943.93 47.2
1549902953.95 47.8
1549902963.96 47.2
1549902973.98 47.8
1549902984.0 46.2
1549902994.01 47.2
1549903004.03 47.2
1549903014.04 48.3
1549903024.05 47.8
1549903034.07 47.8
1549903044.08 47.8
1549903054.11 47.8
1549903064.12 47.8
1549903074.14 48.3
1549903084.15 47.2
1549903094.17 47.2
1549903104.19 47.8
1549903114.2 48.3
1549903124.22 48.3
1549903134.24 47.2
1549903144.25 48.3
1549903154.26 47.2
1549903164.3 47.2
1549903174.31 48.3
1549903184.33 48.3
1549903194.35 48.3
1549903204.37 47.8
1549903214.38 47.8
1549903224.4 48.3
1549903234.41 48.9
1549903244.43 48.3
1549903254.45 48.3
1549903264.47 48.9
1549903274.48 48.3
1549903284.5 48.3
1549903294.52 48.3
1549903304.54 48.9
1549903314.55 48.9
1549903324.56 48.9
1549903334.58 48.9
1549903344.59 48.9
1549903354.61 49.4
1549903364.62 49.4
1549903374.65 48.3
1549903384.66 49.4
1549903394.67 48.9
1549903404.69 48.9
1549903414.7 48.3
1549903424.71 49.4
1549903434.73 49.4
1549903444.75 49.4
1549903454.77 49.4
1549903464.78 49.4
1549903474.79 49.4
1549903484.81 49.4
1549903494.82 49.4
1549903504.83 49.4
1549903514.85 49.9
1549903524.86 49.9
1549903534.88 50.5
1549903544.9 49.9
1549903554.91 50.5
1549903564.93 49.9
1549903574.95 49.9
1549903584.97 48.9
1549903594.99 49.9
1549903605.0 50.5
1549903615.02 50.5
1549903625.04 49.4
1549903635.06 49.9
1549903645.07 49.9
1549903655.08 49.9
1549903665.11 49.4
1549903675.12 49.9
1549903685.14 49.9
1549903695.15 49.9
1549903705.17 49.9
1549903715.18 49.4
1549903725.19 50.5
1549903735.21 50.5
1549903745.22 49.9
1549903755.24 49.9
1549903765.25 50.5
1549903775.27 49.9
1549903785.29 49.4
1549903795.3 49.4
1549903805.32 49.4
1549903815.33 49.4
1549903825.36 49.4
1549903835.37 49.4
1549903845.39 50.5
1549903855.4 49.9
1549903865.42 49.9
1549903875.44 49.4
1549903885.45 49.4
1549903895.47 49.4
1549903905.48 50.5
1549903915.49 49.9
1549903925.51 49.9
1549903935.52 50.5
1549903945.53 50.5
1549903955.54 51.0
1549903965.56 51.0
1549903975.58 51.0
1549903985.6 49.9
1549903995.63 49.9
1549904005.64 50.5
1549904015.66 50.5
1549904025.67 50.5
1549904035.68 50.5
1549904045.7 50.5
1549904055.72 50.5
1549904065.74 49.9
1549904075.76 50.5
1549904085.79 50.5
1549904095.81 49.9
1549904105.82 51.0
1549904115.84 50.5
1549904125.85 50.5
1549904135.87 49.9
1549904145.89 50.5
1549904155.91 51.5
1549904165.92 50.5
1549904175.93 51.0
1549904185.95 51.0
1549904195.97 50.5
1549904205.98 50.5
1549904216.0 50.5
1549904226.02 50.5
1549904236.03 51.5
1549904246.05 51.5
1549904256.07 50.5
1549904266.09 50.5
1549904276.11 50.5
1549904286.13 50.5
1549904296.15 50.5
1549904306.17 50.5
1549904316.18 50.5
1549904326.2 50.5
1549904336.21 50.5
1549904346.23 50.5
1549904356.26 51.5
1549904366.27 50.5
1549904376.29 50.5
1549904386.3 50.5
1549904396.32 51.0
1549904406.34 51.0
1549904416.37 50.5
1549904426.38 51.5
1549904436.4 51.5
1549904446.42 51.0
1549904456.44 51.5
1549904466.46 50.5
1549904476.48 50.5
1549904486.49 50.5
1549904496.52 50.5
1549904506.53 49.9
1549904516.55 50.5
1549904526.57 51.5
1549904536.58 51.5
1549904546.6 51.5
1549904556.62 51.5
1549904566.64 52.6
1549904576.65 51.5
1549904586.67 51.5
1549904596.69 51.5
1549904606.71 51.5
1549904616.72 50.5
1549904626.74 50.5
1549904636.77 51.5
1549904646.79 50.5
1549904656.81 50.5
1549904666.82 50.5
1549904676.84 51.5
1549904686.86 51.5
1549904696.87 51.5
1549904706.88 51.5
1549904716.9 52.1
1549904726.91 51.5
1549904736.93 52.1
1549904746.94 52.6
1549904756.95 51.5
1549904766.97 52.6
1549904776.98 52.6
1549904786.99 51.5
1549904797.01 52.1
1549904807.03 52.6
1549904817.05 52.6
1549904827.06 52.6
1549904837.08 52.6
1549904847.09 52.6
1549904857.11 52.6
1549904867.13 53.2
1549904877.14 52.6
1549904887.17 52.6
1549904897.18 52.6
1549904907.2 52.6
1549904917.22 52.6
1549904927.24 52.6
1549904937.27 52.6
1549904947.29 52.6
1549904957.31 53.2
1549904967.32 52.1
1549904977.33 52.6
1549904987.35 52.6
1549904997.36 52.6
1549905007.37 53.2
1549905017.39 53.7
1549905027.41 52.6
1549905037.42 53.2
1549905047.44 53.2
1549905057.46 52.6
1549905067.47 52.6
1549905077.5 52.6
1549905087.52 52.6
1549905097.54 52.6
1549905107.56 52.6
1549905117.57 52.6
1549905127.58 51.5
1549905137.6 52.1
1549905147.62 52.6
1549905157.64 52.6
1549905167.65 52.6
1549905177.67 52.1
1549905187.69 51.5
1549905197.72 52.6
1549905207.74 51.5
1549905217.75 52.1
1549905227.76 51.5
1549905237.78 51.5
1549905247.81 51.5
1549905257.83 50.5
1549905267.84 52.1
1549905277.85 51.5
1549905287.87 52.6
1549905297.89 52.1
1549905307.9 51.5
1549905317.91 52.1
1549905327.94 51.5
1549905337.95 52.6
1549905347.97 51.5
1549905357.99 52.1
1549905368.0 52.6
1549905378.02 52.6
1549905388.04 52.6
1549905398.06 52.6
1549905408.08 52.6
1549905418.09 52.6
1549905428.11 52.6
1549905438.12 52.6
1549905448.13 52.6
1549905458.15 52.6
1549905468.16 53.2
1549905478.18 52.6
1549905488.19 53.2
1549905498.2 52.6
1549905508.22 53.7
1549905518.23 53.2
1549905528.24 53.2
1549905538.26 53.2
1549905548.27 52.6
1549905558.29 53.2
1549905568.31 52.6
1549905578.33 53.2
1549905588.35 53.2
1549905598.37 52.6
1549905608.39 53.2
1549905618.41 52.6
1549905628.43 52.6
1549905638.44 52.6
1549905648.46 52.6
1549905658.48 53.2
1549905668.51 52.6
1549905678.52 52.6
1549905688.54 53.2
1549905698.55 53.2
1549905708.56 53.7
1549905718.58 52.6
1549905728.59 52.6
1549905738.61 53.2
1549905748.62 53.7
1549905758.64 53.7
1549905768.65 53.2
1549905778.67 52.6
1549905788.68 53.2
1549905798.7 53.7
1549905808.71 53.7
1549905818.72 53.7
1549905828.73 52.6
1549905838.74 52.6
1549905848.77 52.6
1549905858.79 52.6
1549905868.8 53.7
1549905878.82 53.7
1549905888.83 53.2
1549905898.86 52.6
1549905908.87 53.7
1549905918.88 53.7
1549905928.9 53.7
1549905938.91 53.7
1549905948.92 53.7
1549905958.94 53.7
1549905968.95 53.7
1549905978.96 53.7
1549905988.97 53.7
1549905998.98 53.7
1549906008.99 54.2
1549906019.0 53.7
1549906029.01 53.7
1549906039.03 53.7
1549906049.04 53.7
1549906059.05 53.7
1549906069.06 53.7
1549906079.08 53.7
1549906089.09 53.7
1549906099.11 53.7
1549906109.12 53.7
1549906119.13 53.7
1549906129.15 53.7
1549906139.16 53.7
1549906149.18 53.2
1549906159.2 53.7
1549906169.21 53.2
1549906179.22 53.7
1549906189.24 54.2
1549906199.25 53.7
1549906209.27 54.2
1549906219.28 53.7
1549906229.29 52.6
1549906239.31 53.7
1549906249.32 53.7
1549906259.33 54.2
1549906269.35 53.7
1549906279.37 52.6
1549906289.38 53.7
1549906299.39 53.7
1549906309.41 53.7
1549906319.43 52.6
1549906329.45 53.7
1549906339.46 52.6
1549906349.48 53.7
1549906359.49 53.7
1549906369.5 53.2
1549906379.52 53.7
1549906389.53 53.2
1549906399.54 52.6
1549906409.55 52.6
1549906419.56 52.6
1549906429.58 52.6
1549906439.59 51.5
1549906449.6 52.6
1549906459.62 52.1
1549906469.63 52.1
1549906479.64 52.6
1549906489.66 52.6
1549906499.67 52.1
1549906509.69 52.6
1549906519.71 52.1
1549906529.72 52.1
1549906539.74 51.5
1549906549.75 51.5
1549906559.77 52.6
1549906569.79 52.1
1549906579.8 52.1
1549906589.81 52.1
1549906599.82 51.5
1549906609.84 52.1
1549906619.86 51.5
1549906629.87 51.0
1549906639.89 50.5
1549906649.92 51.5
1549906659.94 51.5
1549906669.96 52.1
1549906679.97 50.5
1549906690.0 51.5
1549906700.01 51.5
1549906710.03 51.5
1549906720.05 51.5
1549906730.07 52.1
1549906740.09 51.0
1549906750.11 52.1
1549906760.13 51.5
1549906770.15 51.5
1549906780.17 51.5
1549906790.19 51.5
1549906800.21 51.5
1549906810.23 51.5
1549906820.24 51.5
1549906830.26 51.5
1549906840.29 51.5
1549906850.31 50.5
1549906860.33 51.5
1549906870.34 51.5
1549906880.36 51.5
1549906890.37 51.5
1549906900.38 51.5
1549906910.39 51.5
1549906920.41 51.5
1549906930.43 50.5
1549906940.44 50.5
1549906950.46 51.5
1549906960.48 51.0
1549906970.49 51.5
1549906980.5 51.0
1549906990.52 51.0
1549907000.53 52.1
1549907010.55 51.5
1549907020.56 51.5
1549907030.57 52.1
1549907040.58 52.1
1549907050.6 52.1
1549907060.61 52.1
1549907070.63 51.5
1549907080.65 52.6
1549907090.67 51.5
1549907100.69 51.5
1549907110.71 52.1
1549907120.72 52.1
1549907130.74 51.5
1549907140.76 51.5
1549907150.78 50.5
1549907160.81 51.5
1549907170.82 51.5
1549907180.84 51.5
1549907190.85 50.5
1549907200.88 50.5
1549907210.89 51.5
1549907220.91 51.0
1549907230.93 50.5
1549907240.96 50.5
1549907250.97 51.5
1549907260.99 50.5
1549907271.02 50.5
1549907281.03 50.5
1549907291.05 50.5
1549907301.07 50.5
1549907311.09 50.5
1549907321.1 51.5
1549907331.12 50.5
1549907341.14 51.5
1549907351.16 51.0
1549907361.18 51.0
1549907371.2 51.0
1549907381.21 51.5
1549907391.23 51.5
1549907401.24 51.5
1549907411.25 50.5
1549907421.27 51.5
1549907431.29 51.5
1549907441.31 50.5
1549907451.32 51.5
1549907461.34 51.5
1549907471.36 51.5
1549907481.38 51.5
1549907491.39 51.0
1549907501.41 51.5
1549907511.42 51.5
1549907521.44 51.0
1549907531.45 50.5
1549907541.47 51.5
1549907551.48 50.5
1549907561.49 51.5
1549907571.51 50.5
1549907581.53 51.5
1549907591.54 50.5
1549907601.56 50.5
1549907611.57 50.5
1549907621.58 51.5
1549907631.6 51.0
1549907641.62 51.0
1549907651.63 52.1
1549907661.65 52.6
1549907671.66 51.5
1549907681.68 51.5
1549907691.69 51.5
1549907701.71 51.5
1549907711.73 50.5
1549907721.75 52.1
1549907731.76 52.1
1549907741.77 52.1
1549907751.78 52.1
1549907761.8 51.5
1549907771.81 52.1
1549907781.82 52.1
1549907791.84 52.1
1549907801.86 52.1
1549907811.88 52.6
1549907821.89 51.5
1549907831.91 52.6
1549907841.93 52.1
1549907851.95 52.6
1549907861.97 52.6
1549907871.98 52.6
1549907882.0 53.2
1549907892.01 52.6
1549907902.03 53.2
1549907912.05 52.6
1549907922.07 53.2
1549907932.08 52.6
1549907942.09 53.2
1549907952.11 52.6
1549907962.13 52.6
1549907972.15 53.2
1549907982.16 52.6
1549907992.18 53.7
1549908002.19 53.2
1549908012.21 53.7
1549908022.23 53.7
1549908032.24 52.6
1549908042.26 53.7
1549908052.28 53.7
1549908062.29 53.7
1549908072.31 53.7
1549908082.33 53.7
1549908092.35 54.2
1549908102.36 53.7
1549908112.37 54.2
1549908122.39 54.2
1549908132.4 54.2
1549908142.42 54.2
1549908152.43 53.7
1549908162.45 53.7
1549908172.47 54.2
1549908182.48 53.7
1549908192.5 54.2
1549908202.51 53.7
1549908212.53 53.7
1549908222.54 54.2
1549908232.57 53.7
1549908242.58 53.7
1549908252.6 53.7
1549908262.61 53.7
1549908272.62 52.6
1549908282.64 53.7
1549908292.65 53.7
1549908302.67 53.7
1549908312.69 53.7
1549908322.7 53.7
1549908332.71 53.7
1549908342.73 54.2
1549908352.74 54.2
1549908362.75 54.2
1549908372.77 54.2
1549908382.79 53.7
1549908392.8 54.2
1549908402.81 54.8
1549908412.83 53.2
1549908422.84 53.7
1549908432.85 54.2
1549908442.87 53.7
1549908452.88 53.7
1549908462.9 54.2
1549908472.91 53.7
1549908482.93 54.2
1549908492.95 54.2
1549908502.96 54.8
1549908512.97 54.2
1549908522.99 54.2
1549908533.0 54.2
1549908543.01 53.7
1549908553.02 54.2
1549908563.04 54.2
1549908573.05 54.2
1549908583.06 54.2
1549908593.08 54.8
1549908603.09 54.8
1549908613.1 54.8
1549908623.12 54.2
1549908633.13 54.2
1549908643.15 53.7
1549908653.18 53.7
1549908663.19 54.2
1549908673.2 54.2
1549908683.21 54.8
1549908693.22 54.8
1549908703.24 54.2
1549908713.25 54.2
1549908723.27 53.7
1549908733.29 54.8
1549908743.3 54.8
1549908753.32 54.2
1549908763.34 54.8
1549908773.35 54.8
1549908783.36 54.2
1549908793.38 54.2
1549908803.4 53.7
1549908813.42 53.7
1549908823.43 54.8
1549908833.45 53.7
1549908843.47 53.2
1549908853.49 53.7
1549908863.5 54.2
1549908873.52 53.7
1549908883.54 54.8
1549908893.56 54.2
1549908903.58 54.2
1549908913.59 54.2
1549908923.62 53.7
1549908933.63 53.7
1549908943.66 53.7
1549908953.67 54.2
1549908963.69 54.2
1549908973.71 53.7
1549908983.72 53.2
1549908993.74 53.7
1549909003.76 53.7
1549909013.78 53.7
1549909023.8 53.7
1549909033.82 53.7
1549909043.84 53.7
1549909053.86 53.2
1549909063.88 53.7
1549909073.89 53.7
1549909083.91 53.7
1549909093.93 53.7
1549909103.94 53.7
1549909113.97 53.7
1549909123.99 53.7
1549909134.0 53.7
1549909144.01 54.2
1549909154.02 53.7
1549909164.03 53.7
1549909174.05 53.2
1549909184.08 52.6
1549909194.1 52.6
1549909204.12 53.7
1549909214.13 53.7
1549909224.15 53.7
1549909234.17 53.7
1549909244.19 53.7
1549909254.22 53.7
1549909264.23 54.2
1549909274.24 52.6
1549909284.27 53.2
1549909294.28 54.2
1549909304.29 53.2
1549909314.31 53.7
1549909324.33 53.7
1549909334.35 53.7
1549909344.37 53.7
1549909354.38 53.7
1549909364.39 53.7
1549909374.4 53.7
1549909384.41 53.7
1549909394.42 52.6
1549909404.44 53.7
1549909414.46 53.7
1549909424.48 52.6
1549909434.5 53.2
1549909444.51 53.7
1549909454.53 53.2
1549909464.55 53.7
1549909474.56 53.7
1549909484.58 53.2
1549909494.59 53.2
1549909504.61 53.2
1549909514.63 53.7
1549909524.64 53.7
1549909534.65 53.7
1549909544.68 53.2
1549909554.69 54.2
1549909564.71 53.7
1549909574.73 53.7
1549909584.75 53.7
1549909594.77 53.7
1549909604.79 54.8
1549909614.8 53.7
1549909624.82 54.2
1549909634.83 53.7
1549909644.85 53.7
1549909654.87 54.8
1549909664.89 53.7
1549909674.9 54.8
1549909684.92 53.7
1549909694.93 54.8
1549909704.94 53.7
1549909714.96 54.8
1549909724.97 54.8
1549909734.99 54.8
1549909745.01 53.7
1549909755.03 54.2
1549909765.05 54.2
1549909775.07 54.2
1549909785.09 53.7
1549909795.11 53.7
1549909805.13 53.7
1549909815.15 53.7
1549909825.17 52.6
1549909835.19 53.2
1549909845.21 53.2
1549909855.22 53.7
1549909865.24 53.7
1549909875.25 53.7
1549909885.27 53.7
1549909895.28 53.7
1549909905.3 53.7
1549909915.31 53.7
1549909925.33 53.7
1549909935.34 54.2
1549909945.36 54.8
1549909955.37 54.8
1549909965.38 53.7
1549909975.4 54.2
1549909985.41 54.2
1549909995.43 54.2
1549910005.44 54.2
1549910015.46 54.2
1549910025.47 54.8
1549910035.49 53.7
1549910045.5 53.7
1549910055.52 53.7
1549910065.53 53.7
1549910075.55 54.2
1549910085.56 53.7
1549910095.57 54.8
1549910105.59 53.7
1549910115.6 54.2
1549910125.62 53.7
1549910135.63 54.8
1549910145.64 53.7
1549910155.66 55.3
1549910165.67 54.8
1549910175.69 53.7
1549910185.7 54.2
1549910195.72 55.3
1549910205.73 54.2
1549910215.75 54.8
1549910225.77 53.7
1549910235.78 54.8
1549910245.79 54.2
1549910255.81 53.7
1549910265.82 54.8
1549910275.84 54.8
1549910285.85 54.8
1549910295.87 54.8
1549910305.88 54.8
1549910315.9 54.8
1549910325.91 54.8
1549910335.93 54.2
1549910345.94 54.2
1549910355.96 53.7
1549910365.99 54.2
1549910376.0 54.2
1549910386.02 53.7
1549910396.04 54.2
1549910406.05 54.2
1549910416.07 53.7
1549910426.09 54.2
1549910436.11 54.8
1549910446.13 54.8
1549910456.14 54.8
1549910466.15 55.3
1549910476.17 55.3
1549910486.18 54.8
1549910496.21 54.8
1549910506.23 54.2
1549910516.25 54.8
1549910526.26 54.8
1549910536.28 54.8
1549910546.3 54.8
1549910556.32 54.8
1549910566.33 54.8
1549910576.35 54.2
1549910586.36 54.8
1549910596.38 54.2
1549910606.4 54.8
1549910616.41 54.8
1549910626.43 54.2
1549910636.44 54.8
1549910646.46 54.8
1549910656.58 54.8
1549910666.6 54.8
1549910676.62 54.2
1549910686.64 53.7
1549910696.65 54.2
1549910706.67 54.2
1549910716.69 54.2
1549910726.71 53.7
1549910736.72 54.8
1549910746.74 54.8
1549910756.75 54.2
1549910766.77 53.7
1549910776.79 54.2
1549910786.81 54.2
1549910796.83 54.8
1549910806.84 54.8
1549910816.86 54.2
1549910826.89 54.8
1549910836.91 55.3
1549910846.93 53.7
1549910856.94 53.7
1549910866.97 53.7
1549910876.99 54.2
1549910887.01 54.2
1549910897.02 54.2
1549910907.04 54.8
1549910917.06 54.8
1549910927.12 54.8
1549910937.14 54.2
1549910947.17 54.2
1549910957.18 54.8
1549910967.2 53.7
1549910977.23 54.2
1549910987.25 54.8
1549910997.27 53.7
1549911007.28 54.8
1549911017.3 53.7
1549911027.32 54.2
1549911037.34 54.2
1549911047.36 53.7
1549911057.37 54.2
1549911067.39 53.7
1549911077.42 53.7
1549911087.43 53.7
1549911097.45 54.2
1549911107.47 54.2
1549911117.48 54.2
1549911127.5 54.2
1549911137.52 53.7
1549911147.53 54.2
1549911157.55 54.2
1549911167.57 53.7
1549911177.59 53.2
1549911187.6 54.2
1549911197.62 53.7
1549911207.64 53.7
1549911217.66 54.2
1549911227.67 54.2
1549911237.69 53.7
1549911247.71 53.7
1549911257.73 53.7
1549911267.74 53.7
1549911277.76 54.2
1549911287.78 53.7
1549911297.8 54.2
1549911307.82 53.7
1549911317.83 53.7
1549911327.85 54.8
1549911337.87 53.7
1549911347.89 53.7
1549911357.91 53.7
1549911367.93 53.7
1549911377.95 52.6
1549911387.96 53.7
1549911397.98 53.2
1549911408.0 54.2
1549911418.02 53.7
1549911428.04 53.2
1549911438.06 54.2
1549911448.08 53.7
1549911458.1 54.8
1549911468.12 54.2
1549911478.13 54.2
1549911488.15 54.8
1549911498.17 53.7
1549911508.19 54.2
1549911518.2 54.2
1549911528.22 53.7
1549911538.24 54.2
1549911548.26 54.2
1549911558.28 54.2
1549911568.3 53.7
1549911578.32 54.2
1549911588.34 53.7
1549911598.35 54.2
1549911608.37 54.2
1549911618.39 54.2
1549911628.41 54.8
1549911638.44 54.8
1549911648.45 54.8
1549911658.47 54.8
1549911668.48 54.8
1549911678.49 54.2
1549911688.5 54.8
1549911698.52 55.3
1549911708.53 54.8
1549911718.55 54.8
1549911728.57 55.3
1549911738.58 54.8
1549911748.6 54.8
1549911758.63 54.8
1549911768.73 55.8
1549911778.75 54.8
1549911788.76 55.8
1549911798.78 55.8
1549911808.8 55.3
1549911818.81 55.8
1549911828.83 54.8
1549911838.85 55.8
1549911848.87 55.8
1549911858.89 54.8
1549911868.91 54.2
1549911878.94 54.8
1549911888.96 54.8
1549911898.97 54.8
1549911908.99 54.8
1549911919.01 54.8
1549911929.02 54.8
1549911939.04 54.8
1549911949.06 54.8
1549911959.07 54.8
1549911969.09 54.8
1549911979.11 55.3
1549911989.13 53.7
1549911999.15 54.8
1549912009.17 54.8
1549912019.19 54.8
1549912029.21 54.8
1549912039.23 54.8
1549912049.25 54.8
1549912059.26 54.8
1549912069.29 54.2
1549912079.3 54.8
1549912089.32 54.2
1549912099.33 54.8
1549912109.36 54.8
1549912119.38 55.8
1549912129.4 55.3
1549912139.42 54.8
1549912149.43 54.8
1549912159.45 54.8
1549912169.47 54.8
1549912179.48 54.8
1549912189.5 54.2
1549912199.52 54.8
1549912209.54 53.7
1549912219.55 53.7
1549912229.57 53.7
1549912239.59 54.8
1549912249.6 54.8
1549912259.62 54.8
1549912269.64 54.2
1549912279.66 54.8
1549912289.68 53.7
1549912299.69 54.2
1549912309.7 53.7
1549912319.72 54.2
1549912329.74 54.2
1549912339.76 53.2
1549912349.78 53.7
1549912359.8 53.7
1549912369.82 54.2
1549912379.83 53.7
1549912389.86 53.7
1549912399.87 53.7
1549912409.89 53.7
1549912419.91 53.2
1549912429.92 53.7
1549912439.93 53.7
1549912449.95 53.2
1549912459.97 54.2
1549912469.99 52.6
1549912480.02 53.7
1549912490.04 53.7
1549912500.06 52.6
1549912510.07 53.7
1549912520.08 54.2
1549912530.1 53.7
1549912540.11 52.6
1549912550.12 53.7
1549912560.14 53.7
1549912570.17 53.7
1549912580.18 53.7
1549912590.2 53.7
1549912600.22 53.7
1549912610.23 53.7
1549912620.24 53.7
1549912630.25 53.7
1549912640.28 53.2
1549912650.29 53.7
1549912660.31 53.7
1549912670.33 53.7
1549912680.34 53.7
1549912690.35 53.7
1549912700.38 53.7
1549912710.41 53.7
1549912720.43 52.6
1549912730.44 53.7
1549912740.46 53.7
1549912750.48 52.6
1549912760.5 53.7
1549912770.52 53.7
1549912780.54 53.7
1549912790.55 53.7
1549912800.57 53.2
1549912810.6 53.7
1549912820.62 53.7
1549912830.64 53.7
1549912840.65 53.7
1549912850.68 53.7
1549912860.69 54.2
1549912870.71 53.7
1549912880.73 53.7
1549912890.75 54.2
1549912900.76 53.7
1549912910.78 54.8
1549912920.8 54.8
1549912930.82 54.2
1549912940.84 54.8
1549912950.86 54.2
1549912960.88 54.8
1549912970.9 54.8
1549912980.91 54.2
1549912990.93 54.2
1549913000.95 54.8
1549913010.97 54.8
1549913020.99 55.3
1549913031.0 54.8
1549913041.01 54.8
1549913051.03 54.8
1549913061.05 54.8
1549913071.07 54.8
1549913081.08 54.8
1549913091.09 55.3
1549913101.1 54.8
1549913111.12 54.8
1549913121.13 55.3
1549913131.15 54.8
1549913141.16 54.8
1549913151.18 54.2
1549913161.21 54.2
1549913171.23 54.2
1549913181.24 55.3
1549913191.25 55.8
1549913201.26 55.8
1549913211.28 55.3
1549913221.29 55.3
1549913231.3 55.3
1549913241.31 55.3
1549913251.33 55.8
1549913261.34 55.8
1549913271.35 55.8
1549913281.37 54.2
1549913291.38 54.8
1549913301.4 54.8
1549913311.41 55.8
1549913321.42 54.8
1549913331.44 54.2
1549913341.45 54.8
1549913351.48 54.8
1549913361.49 54.2
1549913371.51 53.7
1549913381.53 54.2
1549913391.54 54.8
1549913401.56 53.7
1549913411.57 55.3
1549913421.59 54.2
1549913431.61 54.8
1549913441.62 54.2
1549913451.64 53.7
1549913461.66 53.7
1549913471.69 54.8
1549913481.7 54.2
1549913491.72 55.3
1549913501.73 54.8
1549913511.75 55.3
1549913521.77 55.3
1549913531.79 55.8
1549913541.8 55.3
1549913551.82 54.8
1549913561.83 54.8
1549913571.85 54.8
1549913581.87 55.8
1549913591.88 55.3
1549913601.9 54.8
1549913611.92 55.8
1549913621.94 55.3
1549913631.96 55.3
1549913641.97 55.8
1549913651.98 55.8
1549913662.0 54.8
1549913672.01 55.8
1549913682.02 55.8
1549913692.04 55.8
1549913702.05 55.8
1549913712.07 54.8
1549913722.08 55.8
1549913732.1 55.3
1549913742.12 55.3
1549913752.13 55.8
1549913762.15 55.8
1549913772.17 54.8
1549913782.19 54.8
1549913792.2 55.3
1549913802.22 54.8
1549913812.24 55.3
1549913822.25 55.3
1549913832.27 54.8
1549913842.29 54.8
1549913852.32 54.8
1549913862.33 54.8
1549913872.35 54.8
1549913882.37 54.8
1549913892.39 54.8
1549913902.41 55.3
1549913912.43 54.8
1549913922.44 55.3
1549913932.46 55.3
1549913942.48 55.8
1549913952.49 55.3
1549913962.51 55.3
1549913972.52 54.8
1549913982.54 55.8
1549913992.56 55.3
1549914002.58 55.3
1549914012.59 55.3
1549914022.61 55.3
1549914032.63 55.3
1549914042.65 55.3
1549914052.66 55.8
1549914062.68 55.8
1549914072.7 55.8
1549914082.72 55.3
1549914092.74 54.8
1549914102.75 55.8
1549914112.77 55.8
1549914122.79 55.8
1549914132.8 55.8
1549914142.82 55.8
1549914152.83 56.4
1549914162.86 55.3
1549914172.87 55.8
1549914182.89 55.8
1549914192.91 55.8
1549914202.92 55.8
1549914212.95 54.8
1549914222.96 56.4
1549914232.98 55.8
1549914242.99 55.8
1549914253.01 55.8
1549914263.02 55.8
1549914273.04 55.8
1549914283.06 55.8
1549914293.08 56.4
1549914303.1 55.8
1549914313.11 55.3
1549914323.13 54.8
1549914333.15 55.8
1549914343.17 55.8
1549914353.18 55.8
1549914363.21 55.3
1549914373.23 55.8
1549914383.25 55.8
1549914393.26 55.8
1549914403.28 55.8
1549914413.3 55.8
1549914423.31 54.8
1549914433.33 55.8
1549914443.35 54.8
1549914453.37 55.3
1549914463.39 55.3
1549914473.41 55.8
1549914483.42 55.8
1549914493.44 55.8
1549914503.46 55.8
1549914513.47 55.3
1549914523.49 54.8
1549914533.51 54.8
1549914543.53 55.8
1549914553.55 55.3
1549914563.56 55.8
1549914573.57 54.8
1549914583.59 55.3
1549914593.61 55.3
1549914603.63 55.8
1549914613.64 55.3
1549914623.66 54.8
1549914633.68 54.8
1549914643.7 54.8
1549914653.72 55.3
1549914663.74 55.3
1549914673.76 55.3
1549914683.77 54.8
1549914693.79 55.3
1549914703.8 54.8
1549914713.82 53.7
1549914723.84 54.8
1549914733.86 54.2
1549914743.88 53.7
1549914753.9 54.8
1549914763.92 53.7
1549914773.94 53.7
1549914783.96 53.7
1549914793.99 54.2
1549914804.01 54.8
1549914814.02 54.2
1549914824.04 54.8
1549914834.06 54.8
1549914844.07 54.2
1549914854.08 54.2
1549914864.09 53.7
1549914874.1 53.7
1549914884.12 53.7
1549914894.15 53.7
1549914904.16 53.7
1549914914.18 53.7
1549914924.19 54.2
1549914934.2 54.8
1549914944.22 54.8
1549914954.24 54.2
1549914964.25 54.8
1549914974.27 54.2
1549914984.29 54.8
1549914994.3 54.8
1549915004.32 54.8
1549915014.33 54.2
1549915024.34 54.8
1549915034.36 54.8
1549915044.37 54.8
1549915054.39 54.8
1549915064.4 54.8
1549915074.42 54.2
1549915084.44 54.2
1549915094.45 54.2
1549915104.47 55.3
1549915114.48 55.3
1549915124.5 54.8
1549915134.51 54.8
1549915144.53 54.2
1549915154.55 54.8
1549915164.57 54.8
1549915174.58 54.2
1549915184.6 54.8
1549915194.62 54.2
1549915204.63 55.3
1549915214.65 54.8
1549915224.66 54.8
1549915234.67 55.3
1549915244.69 54.8
1549915254.71 55.3
1549915264.72 54.8
1549915274.74 54.8
1549915284.75 54.8
1549915294.77 53.7
1549915304.78 54.8
1549915314.8 55.3
1549915324.82 54.2
1549915334.84 54.8
1549915344.86 54.8
1549915354.87 54.8
1549915364.9 54.8
1549915374.91 55.3
1549915384.92 55.3
1549915394.94 55.3
1549915404.96 54.8
1549915414.97 55.3
1549915424.98 54.8
1549915435.0 54.8
1549915445.01 54.8
1549915455.03 55.3
1549915465.04 54.8
1549915475.06 54.2
1549915485.07 53.7
1549915495.09 54.8
1549915505.1 54.8
1549915515.12 54.8
1549915525.13 54.2
1549915535.15 54.8
1549915545.16 53.7
1549915555.18 53.7
1549915565.21 54.2
1549915575.22 54.2
1549915585.24 54.2
1549915595.27 53.7
1549915605.28 54.2
1549915615.3 53.7
1549915625.31 53.7
1549915635.33 53.7
1549915645.35 53.7
1549915655.37 53.7
1549915665.39 53.7
1549915675.4 53.7
1549915685.42 53.7
1549915695.43 54.2
1549915705.45 54.2
1549915715.46 53.7
1549915725.48 53.7
1549915735.5 53.7
1549915745.51 53.7
1549915755.54 53.2
1549915765.55 53.7
1549915775.56 53.2
1549915785.59 53.2
1549915795.61 53.2
1549915805.62 53.7
1549915815.64 53.7
1549915825.65 53.7
1549915835.67 53.7
1549915845.68 54.2
1549915855.7 53.7
1549915865.71 53.7
1549915875.72 53.7
1549915885.74 53.7
1549915895.75 54.2
1549915905.77 53.7
1549915915.78 53.7
1549915925.8 53.7
1549915935.81 53.7
1549915945.83 53.7
1549915955.85 53.7
1549915965.87 53.2
1549915975.88 53.7
1549915985.9 53.7
1549915995.92 53.7
1549916005.94 54.2
1549916015.96 53.7
1549916025.98 54.2
1549916036.0 54.2
1549916046.01 54.2
1549916056.02 53.7
1549916066.04 53.7
1549916076.05 54.8
1549916086.07 54.2
1549916096.09 54.2
1549916106.11 54.8
1549916116.13 54.8
1549916126.14 54.2
1549916136.17 54.8
1549916146.2 54.2
1549916156.21 55.3
1549916166.23 54.8
1549916176.25 54.8
1549916186.27 55.3
1549916196.28 54.8
1549916206.3 54.8
1549916216.31 54.8
1549916226.33 54.8
1549916236.34 54.2
1549916246.36 54.2
1549916256.37 53.7
1549916266.39 54.2
1549916276.41 54.8
1549916286.42 54.8
1549916296.44 54.2
1549916306.46 55.3
1549916316.48 54.2
1549916326.5 53.7
1549916336.52 53.7
1549916346.54 54.2
1549916356.56 53.7
1549916366.57 54.2
1549916376.59 53.7
1549916386.6 54.8
1549916396.63 53.7
1549916406.64 54.8
1549916416.66 54.8
1549916426.68 54.8
1549916436.7 53.7
1549916446.72 54.8
1549916456.73 54.2
1549916466.75 53.7
1549916476.77 54.8
1549916486.79 53.7
1549916496.81 53.7
1549916506.83 53.7
1549916516.84 54.2
1549916526.86 54.2
1549916536.87 53.7
1549916546.89 53.7
1549916556.91 53.7
1549916566.92 53.7
1549916576.94 53.7
1549916586.96 53.7
1549916596.98 52.6
1549916606.99 53.7
1549916617.01 53.7
1549916627.02 53.2
1549916637.04 52.6
1549916647.07 53.2
1549916657.09 52.6
1549916667.1 52.6
1549916677.12 53.2
1549916687.14 52.6
1549916697.17 52.1
1549916707.19 52.6
1549916717.2 52.6
1549916727.22 52.1
1549916737.24 52.1
1549916747.27 51.5
1549916757.28 52.1
1549916767.3 51.5
1549916777.32 52.1
1549916787.34 51.5
1549916797.35 50.5
1549916807.38 51.5
1549916817.39 51.5
1549916827.41 51.5
1549916837.43 52.1
1549916847.45 51.5
1549916857.47 52.1
1549916867.48 52.1
1549916877.5 51.0
1549916887.52 52.1
1549916897.54 52.6
1549916907.56 52.6
1549916917.59 52.6
1549916927.6 52.6
1549916937.62 52.6
1549916947.64 52.1
1549916957.65 52.6
1549916967.66 51.5
1549916977.68 52.1
1549916987.69 52.6
1549916997.71 52.6
1549917007.72 52.6
1549917017.74 52.6
1549917027.76 52.6
1549917037.77 52.6
1549917047.78 53.7
1549917057.8 52.6
1549917067.81 52.6
1549917077.83 52.6
1549917087.84 52.6
1549917097.86 53.2
1549917107.87 53.2
1549917117.89 53.2
1549917127.9 52.6
1549917137.92 53.2
1549917147.93 53.2
1549917157.95 52.6
1549917167.97 52.6
1549917177.98 52.6
1549917188.0 52.6
1549917198.01 52.1
1549917208.03 53.2
1549917218.04 52.6
1549917228.05 52.6
1549917238.06 52.6
1549917248.08 52.1
1549917258.09 52.1
1549917268.11 52.1
1549917278.13 52.1
1549917288.15 53.2
1549917298.16 52.1
1549917308.18 51.5
1549917318.19 52.1
1549917328.2 51.5
1549917338.22 51.5
1549917348.23 51.0
1549917358.25 52.1
1549917368.27 51.5
1549917378.29 51.5
1549917388.3 52.1
1549917398.31 51.5
1549917408.34 51.5
1549917418.35 52.1
1549917428.37 51.5
1549917438.39 51.5
1549917448.4 52.6
1549917458.42 51.5
1549917468.43 51.5
1549917478.45 51.5
1549917488.47 51.5
1549917498.48 50.5
1549917508.5 51.0
1549917518.51 51.5
1549917528.53 51.5
1549917538.55 51.0
1549917548.57 52.1
1549917558.62 51.5
1549917568.63 51.5
1549917578.65 51.5
1549917588.66 51.5
1549917598.68 51.5
1549917608.7 51.5
1549917618.72 52.6
1549917628.73 52.1
1549917638.75 51.5
1549917648.77 51.5
1549917658.79 51.5
1549917668.81 51.5
1549917678.83 51.5
1549917688.86 51.5
1549917698.87 52.1
1549917708.89 51.5
1549917718.9 52.1
1549917728.92 51.5
1549917738.94 51.5
1549917748.95 50.5
1549917758.97 51.0
1549917768.99 51.5
1549917779.01 51.5
1549917789.03 51.5
1549917799.05 51.5
1549917809.07 51.5
1549917819.09 52.1
1549917829.1 51.5
1549917839.12 52.1
1549917849.13 52.1
1549917859.16 52.1
1549917869.17 52.1
1549917879.19 51.5
1549917889.2 52.1
1549917899.22 51.5
1549917909.23 52.1
1549917919.25 52.1
1549917929.27 51.5
1549917939.29 51.5
1549917949.31 51.0
1549917959.33 51.5
1549917969.34 51.5
1549917979.36 52.1
1549917989.38 52.1
1549917999.4 52.1
1549918009.42 52.1
1549918019.43 51.5
1549918029.45 52.1
1549918039.47 52.6
1549918049.48 52.6
1549918059.49 52.1
1549918069.51 52.6
1549918079.52 52.6
1549918089.53 52.1
1549918099.56 52.1
1549918109.57 52.1
1549918119.59 52.6
1549918129.61 52.6
1549918139.62 52.1
1549918149.64 52.6
1549918159.66 52.1
1549918169.68 52.6
1549918179.69 52.1
1549918189.7 52.1
1549918199.72 52.6
1549918209.73 52.1
1549918219.75 52.1
1549918229.76 52.1
1549918239.77 52.1
1549918249.79 51.5
1549918259.81 51.5
1549918269.83 52.1
1549918279.84 51.5
1549918289.86 52.1
1549918299.87 51.5
1549918309.89 51.5
1549918319.91 51.5
1549918329.93 52.1
1549918339.94 51.0
1549918349.96 51.5
1549918359.97 51.5
1549918369.99 52.1
1549918380.01 52.1
1549918390.02 52.1
1549918400.03 52.1
1549918410.04 52.1
1549918420.05 51.5
1549918430.06 52.1
1549918440.08 51.0
1549918450.1 51.0
1549918460.11 51.5
1549918470.14 51.0
1549918480.15 50.5
1549918490.16 52.1
1549918500.18 51.5
1549918510.2 51.5
1549918520.22 51.5
1549918530.23 51.5
1549918540.25 51.5
1549918550.26 51.0
1549918560.28 51.5
1549918570.29 51.5
1549918580.31 52.1
1549918590.33 51.5
1549918600.34 51.5
1549918610.36 51.5
1549918620.37 50.5
1549918630.39 50.5
1549918640.41 50.5
1549918650.43 51.0
1549918660.45 50.5
1549918670.47 51.5
1549918680.48 50.5
1549918690.51 49.9
1549918700.52 49.9
1549918710.54 49.4
1549918720.57 49.9
1549918730.58 50.5
1549918740.6 49.9
1549918750.61 49.4
1549918760.63 49.9
1549918770.65 49.9
1549918780.66 50.5
1549918790.68 50.5
1549918800.7 50.5
