1549700003.29 30.0
1549700013.3 29.5
1549700023.32 30.0
1549700033.34 30.0
1549700043.37 30.0
1549700053.39 30.0
1549700063.41 30.0
1549700073.43 30.0
1549700083.44 31.1
1549700093.46 31.1
1549700103.48 30.0
1549700113.5 30.0
1549700123.52 30.0
1549700133.54 30.0
1549700143.56 30.6
1549700153.57 29.5
1549700163.58 30.0
1549700173.61 30.0
1549700183.62 30.6
1549700193.64 30.0
1549700203.66 30.0
1549700213.67 30.0
1549700223.69 30.0
1549700233.71 30.0
1549700243.73 29.5
1549700253.76 30.0
1549700263.77 30.6
1549700273.79 30.0
1549700283.81 30.0
1549700293.83 30.0
1549700303.86 30.0
1549700313.88 30.0
1549700323.9 30.0
1549700333.92 30.0
1549700343.94 30.6
1549700353.96 30.6
1549700363.97 28.9
1549700374.0 29.5
1549700384.01 30.0
1549700394.04 30.0
1549700404.05 30.0
1549700414.07 28.9
1549700424.09 30.6
1549700434.11 30.0
1549700444.13 30.0
1549700454.14 30.0
1549700464.17 30.0
1549700474.19 30.0
1549700484.21 30.0
1549700494.23 30.0
1549700504.25 30.0
1549700514.27 30.0
1549700524.29 30.6
1549700534.31 30.6
1549700544.33 30.0
1549700554.35 30.0
1549700564.37 30.6
1549700574.38 30.6
1549700584.41 30.0
1549700594.42 30.0
1549700604.44 30.0
1549700614.46 30.0
1549700624.48 30.0
1549700634.5 30.0
1549700644.51 31.1
1549700654.53 30.0
1549700664.56 30.0
1549700674.57 30.0
1549700684.58 30.6
1549700694.61 30.0
1549700704.63 30.0
1549700714.65 30.0
1549700724.66 30.6
1549700734.67 30.6
1549700744.69 30.0
1549700754.7 30.6
1549700764.72 30.6
1549700774.74 30.6
1549700784.77 30.6
1549700794.79 30.6
1549700804.81 30.0
1549700814.83 30.0
1549700824.85 30.6
1549700834.87 30.0
1549700844.9 30.0
1549700854.92 30.6
1549700864.94 30.0
1549700874.95 30.6
1549700884.97 30.6
1549700895.0 30.0
1549700905.01 30.6
1549700915.03 30.0
1549700925.05 30.0
1549700935.07 30.0
1549700945.09 29.5
1549700955.11 30.0
1549700965.13 30.6
1549700975.15 30.0
1549700985.17 30.0
1549700995.19 30.0
1549701005.21 30.0
1549701015.23 30.0
1549701025.24 30.6
1549701035.26 31.1
1549701045.28 31.1
1549701055.3 30.0
1549701065.32 31.1
1549701075.34 30.6
1549701085.36 30.6
1549701095.38 31.1
1549701105.4 30.0
1549701115.42 30.6
1549701125.44 30.0
1549701135.46 30.0
1549701145.48 30.0
1549701155.5 31.1
1549701165.52 30.0
1549701175.54 30.0
1549701185.56 30.0
1549701195.58 30.0
1549701205.6 30.0
1549701215.62 28.9
1549701225.64 30.6
1549701235.66 30.0
1549701245.68 30.0
1549701255.7 30.0
1549701265.72 30.0
1549701275.74 30.0
1549701285.76 30.0
1549701295.78 30.0
1549701305.79 29.5
1549701315.81 30.0
1549701325.83 30.0
1549701335.84 30.0
1549701345.86 30.0
1549701355.87 30.6
1549701365.9 30.0
1549701375.92 30.6
1549701385.94 30.0
1549701395.95 30.0
1549701405.97 29.5
1549701415.99 29.5
1549701426.01 30.6
1549701436.03 30.0
1549701446.04 30.0
1549701456.06 30.0
1549701466.09 30.0
1549701476.1 30.6
1549701486.12 28.9
1549701496.14 30.6
1549701506.16 30.6
1549701516.17 29.5
1549701526.19 30.0
1549701536.21 30.0
1549701546.23 30.0
1549701556.24 30.0
1549701566.26 30.0
1549701576.28 30.0
1549701586.3 29.5
1549701596.32 30.0
1549701606.34 30.0
1549701616.36 30.0
1549701626.38 30.0
1549701636.4 28.9
1549701646.41 30.6
1549701656.44 30.0
1549701666.46 30.0
1549701676.48 30.0
1549701686.5 30.0
1549701696.52 30.0
1549701706.54 30.6
1549701716.57 30.0
1549701726.6 29.5
1549701736.62 30.0
1549701746.64 30.0
1549701756.66 28.9
1549701766.68 30.0
1549701776.7 30.0
1549701786.72 29.5
1549701796.74 30.6
1549701806.76 30.0
1549701816.78 30.0
1549701826.79 30.6
1549701836.81 29.5
1549701846.83 30.0
1549701856.85 29.5
1549701866.87 28.9
1549701876.9 29.5
1549701886.92 29.5
1549701896.94 30.0
1549701906.96 30.0
1549701916.98 30.0
1549701927.0 30.0
1549701937.02 28.9
1549701947.04 30.6
1549701957.05 30.0
1549701967.07 30.0
1549701977.09 30.0
1549701987.11 30.6
1549701997.13 30.0
1549702007.15 30.0
1549702017.17 30.0
1549702027.19 28.9
1549702037.21 28.9
1549702047.23 29.5
1549702057.25 30.0
1549702067.28 30.0
1549702077.3 28.9
1549702087.32 30.0
1549702097.35 29.5
1549702107.37 30.0
1549702117.4 29.5
1549702127.41 30.0
1549702137.42 28.9
1549702147.45 30.0
1549702157.47 30.0
1549702167.49 29.5
1549702177.51 30.0
1549702187.56 30.0
1549702197.57 30.0
1549702207.59 30.0
1549702217.62 28.9
1549702227.64 30.0
1549702237.65 30.0
1549702247.68 29.5
1549702257.7 29.5
1549702267.71 28.9
1549702277.74 29.5
1549702287.75 30.0
1549702297.77 29.5
1549702307.79 28.9
1549702317.81 29.5
1549702327.83 29.5
1549702337.86 30.0
1549702347.88 29.5
1549702357.9 29.5
1549702367.92 29.5
1549702377.93 30.0
1549702387.95 30.6
1549702397.97 28.9
1549702407.99 28.9
1549702418.01 28.9
1549702428.03 28.9
1549702438.06 30.0
1549702448.08 29.5
1549702458.09 30.0
1549702468.12 28.9
1549702478.14 29.5
1549702488.15 30.0
1549702498.18 29.5
1549702508.2 29.5
1549702518.21 30.0
1549702528.23 30.0
1549702538.25 28.9
1549702548.27 30.0
1549702558.29 28.9
1549702568.31 30.0
1549702578.32 30.0
1549702588.35 30.0
1549702598.37 29.5
1549702608.39 29.5
1549702618.41 30.0
1549702628.43 28.9
1549702638.44 30.0
1549702648.46 30.0
1549702658.47 30.0
1549702668.49 28.9
1549702678.51 29.5
1549702688.53 30.0
1549702698.55 29.5
1549702708.58 28.9
1549702718.6 28.9
1549702728.62 29.5
1549702738.63 30.0
1549702748.65 30.0
1549702758.67 30.0
1549702768.69 28.9
1549702778.7 30.6
1549702788.72 30.0
1549702798.74 30.0
1549702808.76 31.1
1549702818.78 30.0
1549702828.8 30.0
1549702838.82 30.6
1549702848.84 30.0
1549702858.86 30.0
1549702868.89 30.0
1549702878.9 29.5
1549702888.92 30.0
1549702898.94 29.5
1549702908.96 30.0
1549702918.98 29.5
1549702929.0 30.0
1549702939.03 28.9
1549702949.04 30.0
1549702959.06 29.5
1549702969.08 30.6
1549702979.1 30.0
1549702989.12 30.6
1549702999.14 30.0
1549703009.15 30.0
1549703019.17 30.0
1549703029.19 29.5
1549703039.21 30.0
1549703049.22 30.0
1549703059.24 28.9
1549703069.26 30.0
1549703079.28 28.9
1549703089.3 30.0
1549703099.32 29.5
1549703109.34 30.0
1549703119.36 30.0
1549703129.38 29.5
1549703139.4 30.0
1549703149.42 29.5
1549703159.44 30.0
1549703169.46 30.0
1549703179.48 29.5
1549703189.5 29.5
1549703199.52 29.5
1549703209.54 30.0
1549703219.56 30.0
1549703235.73 30.0
1549703245.75 30.0
1549703255.77 30.0
1549703265.79 30.0
1549703275.81 30.0
1549703285.83 30.6
1549703295.84 30.0
1549703305.86 30.6
1549703315.87 30.6
1549703325.89 30.0
1549703335.91 30.0
1549703345.93 29.5
1549703355.95 28.9
1549703365.97 30.0
1549703375.98 29.5
1549703386.0 30.0
1549703396.02 30.0
1549703406.04 30.0
1549703416.06 29.5
1549703426.08 28.9
1549703436.09 30.0
1549703446.11 29.5
1549703456.13 29.5
1549703466.15 29.5
1549703476.17 29.5
1549703486.19 30.0
1549703496.21 29.5
1549703506.23 30.0
1549703516.25 28.9
1549703526.26 30.6
1549703536.28 29.5
1549703546.29 28.9
1549703556.31 30.0
1549703566.32 29.5
1549703576.34 30.0
1549703586.36 30.0
1549703596.38 29.5
1549703606.4 28.9
1549703616.42 29.5
1549703626.44 28.9
1549703636.45 29.5
1549703646.48 30.0
1549703656.5 30.0
1549703666.51 28.9
1549703676.53 30.0
1549703686.55 29.5
1549703696.57 30.0
1549703706.59 28.9
1549703716.61 30.0
1549703726.65 29.5
1549703736.67 29.5
1549703746.68 30.0
1549703756.7 28.9
1549703766.72 29.5
1549703776.75 28.9
1549703786.77 28.9
1549703796.78 30.0
1549703806.8 29.5
1549703816.83 30.0
1549703826.85 28.9
1549703836.86 29.5
1549703846.88 28.9
1549703856.9 29.5
1549703866.92 30.0
1549703876.93 30.0
1549703886.96 30.0
1549703896.98 29.5
1549703907.0 30.0
1549703917.01 30.0
1549703927.03 30.0
1549703937.05 30.0
1549703947.07 30.0
1549703957.09 28.9
1549703967.1 30.0
1549703977.13 29.5
1549703987.15 29.5
1549703997.18 30.0
1549704007.2 30.0
1549704017.22 29.5
1549704027.24 28.9
1549704037.26 29.5
1549704047.27 30.0
1549704057.29 28.9
1549704067.31 30.0
1549704077.32 29.5
1549704087.35 28.9
1549704097.37 28.9
1549704107.39 28.9
1549704117.41 28.9
1549704127.43 28.9
1549704137.44 30.6
1549704147.46 28.9
1549704157.49 30.0
1549704167.51 30.0
1549704177.52 30.6
1549704187.54 30.0
1549704197.55 30.0
1549704207.57 30.0
1549704217.6 30.0
1549704227.62 30.0
1549704237.64 30.6
1549704247.66 30.6
1549704257.68 30.6
1549704267.69 31.1
1549704277.71 30.6
1549704287.72 31.1
1549704297.73 31.1
1549704307.75 31.1
1549704317.77 31.1
1549704327.79 31.1
1549704337.81 31.1
1549704347.83 31.1
1549704357.84 31.1
1549704367.86 31.1
1549704377.87 31.1
1549704387.89 30.6
1549704397.91 31.1
1549704407.93 31.1
1549704417.95 30.6
1549704427.97 31.1
1549704437.98 30.6
1549704448.0 30.6
1549704458.02 30.6
1549704468.04 30.6
1549704478.06 30.0
1549704488.08 30.6
1549704498.1 30.6
1549704508.12 30.6
1549704518.14 30.0
1549704528.16 30.6
1549704538.18 30.6
1549704548.21 31.1
1549704558.23 30.0
1549704568.25 30.0
1549704578.27 30.0
1549704588.29 30.0
1549704598.31 30.6
1549704608.33 31.1
1549704618.36 30.0
1549704628.38 29.5
1549704638.4 29.5
1549704648.42 30.0
1549704658.44 30.0
1549704668.46 30.0
1549704678.48 28.9
1549704688.5 30.0
1549704698.52 30.0
1549704708.54 30.0
1549704718.56 30.0
1549704728.57 30.0
1549704738.59 30.0
1549704748.62 30.0
1549704758.64 29.5
1549704768.66 30.0
1549704778.67 30.6
1549704788.69 30.6
1549704798.7 30.0
1549704808.73 30.0
1549704818.74 30.0
1549704828.76 30.6
1549704838.77 30.0
1549704848.79 30.0
1549704858.8 30.0
1549704868.83 30.6
1549704878.84 30.0
1549704888.86 30.0
1549704898.88 28.9
1549704908.9 30.0
1549704918.92 30.0
1549704928.94 30.6
1549704938.96 30.0
1549704948.97 30.6
1549704958.99 29.5
1549704969.01 30.0
1549704979.03 30.0
1549704989.05 30.0
1549704999.07 30.0
1549705009.09 30.0
1549705019.11 30.0
1549705029.13 30.0
1549705039.15 28.9
1549705049.17 29.5
1549705059.19 30.0
1549705069.21 28.9
1549705079.23 28.9
1549705089.25 28.9
1549705099.27 28.9
1549705109.29 28.9
1549705119.31 28.9
1549705129.33 29.5
1549705139.35 28.9
1549705149.37 28.9
1549705159.39 28.9
1549705169.41 28.9
1549705179.43 28.9
1549705189.45 28.9
1549705199.47 28.9
1549705209.49 28.9
1549705219.5 29.5
1549705229.52 28.9
1549705239.54 28.9
1549705249.56 28.9
1549705259.58 30.0
1549705269.6 28.9
1549705279.62 30.0
1549705289.64 28.9
1549705299.66 28.9
1549705309.68 28.9
1549705319.7 28.9
1549705329.72 29.5
1549705339.74 28.9
1549705349.77 28.9
1549705359.79 28.9
1549705369.81 28.9
1549705379.82 30.0
1549705389.83 30.0
1549705399.85 28.9
1549705409.87 28.9
1549705419.88 28.9
1549705429.9 29.5
1549705439.92 28.9
1549705449.94 28.9
1549705459.96 29.5
1549705469.99 28.9
1549705480.01 30.0
1549705490.02 30.0
1549705500.04 28.9
1549705510.05 29.5
1549705520.07 30.0
1549705530.08 29.5
1549705540.1 30.0
1549705550.12 28.4
1549705560.14 29.5
1549705570.16 28.9
1549705580.17 29.5
1549705590.19 28.9
1549705600.21 28.9
1549705610.24 29.5
1549705620.26 28.4
1549705630.27 28.9
1549705640.29 28.9
1549705650.31 28.4
1549705660.32 28.4
1549705670.34 28.9
1549705680.36 28.9
1549705690.38 30.0
1549705700.4 28.9
1549705710.42 28.9
1549705720.44 29.5
1549705730.46 28.9
1549705740.47 28.9
1549705750.49 28.4
1549705760.51 28.9
1549705770.52 28.9
1549705780.54 29.5
1549705790.55 28.9
1549705800.57 28.9
1549705810.59 29.5
1549705820.6 30.0
1549705830.62 28.9
1549705840.64 28.9
1549705850.65 29.5
1549705860.67 30.0
1549705870.69 28.9
1549705880.7 30.0
1549705890.71 28.9
1549705900.73 29.5
1549705910.74 30.0
1549705920.75 30.0
1549705930.77 28.9
1549705940.78 30.0
1549705950.8 28.9
1549705960.81 28.9
1549705970.83 30.0
1549705980.85 30.0
1549705990.87 30.0
1549706000.88 30.0
1549706010.89 30.6
1549706020.92 28.9
1549706030.93 29.5
1549706040.95 28.9
1549706050.97 28.9
1549706060.99 28.9
1549706071.0 28.9
1549706081.02 28.9
1549706091.04 28.9
1549706101.06 28.9
1549706111.08 29.5
1549706121.1 28.9
1549706131.11 29.5
1549706141.13 29.5
1549706151.15 28.9
1549706161.16 28.9
1549706171.18 28.4
1549706181.2 30.0
1549706191.22 28.9
1549706201.24 29.5
1549706211.26 28.9
1549706221.28 28.9
1549706231.29 28.9
1549706241.31 28.9
1549706251.33 28.9
1549706261.34 29.5
1549706271.36 28.9
1549706281.38 28.9
1549706291.39 28.9
1549706301.41 29.5
1549706311.42 28.9
1549706321.44 28.9
1549706331.46 28.9
1549706341.48 28.9
1549706351.5 28.9
1549706361.51 28.9
1549706371.53 28.9
1549706381.55 30.0
1549706391.57 29.5
1549706401.58 30.0
1549706411.6 28.9
1549706421.62 29.5
1549706431.65 29.5
1549706441.67 30.0
1549706451.69 29.5
1549706461.7 30.0
1549706471.72 30.0
1549706481.74 28.9
1549706491.76 28.4
1549706501.78 30.0
1549706511.8 28.9
1549706521.81 30.0
1549706531.83 30.0
1549706541.85 30.0
1549706551.87 29.5
1549706561.89 28.9
1549706571.91 28.9
1549706581.93 28.9
1549706591.95 28.9
1549706601.97 30.0
1549706611.99 28.9
1549706622.0 30.0
1549706632.02 30.0
1549706642.04 29.5
1549706652.06 28.9
1549706662.08 29.5
1549706672.1 28.9
1549706682.12 28.9
1549706692.14 30.0
1549706702.16 29.5
1549706712.18 28.9
1549706722.2 28.9
1549706732.22 29.5
1549706742.23 30.0
1549706752.25 28.9
1549706762.27 28.9
1549706772.29 29.5
1549706782.31 29.5
1549706792.33 28.9
1549706802.35 30.0
1549706812.38 28.9
1549706822.4 28.9
1549706832.41 29.5
1549706842.43 30.0
1549706852.45 30.0
1549706862.47 28.9
1549706872.49 29.5
1549706882.51 28.9
1549706892.53 28.9
1549706902.54 30.0
1549706912.56 28.9
1549706922.58 28.9
1549706932.6 28.9
1549706942.61 30.0
1549706952.63 28.9
1549706962.65 28.9
1549706972.66 30.0
1549706982.68 28.9
1549706992.69 30.0
1549707002.71 29.5
1549707012.72 30.0
1549707022.74 30.0
1549707032.76 30.0
1549707042.78 28.9
1549707052.8 28.9
1549707062.82 28.9
1549707072.84 29.5
1549707082.85 28.9
1549707092.87 28.9
1549707102.89 29.5
1549707112.9 30.0
1549707122.92 29.5
1549707132.94 28.9
1549707142.95 29.5
1549707152.97 30.0
1549707162.99 30.0
1549707173.0 28.9
1549707183.02 28.9
1549707193.04 28.9
1549707203.06 28.9
1549707213.08 28.9
1549707223.1 28.9
1549707233.12 28.9
1549707243.14 28.4
1549707253.15 28.9
1549707263.18 27.9
1549707273.2 28.9
1549707283.22 28.9
1549707293.24 28.4
1549707303.25 28.4
1549707313.27 28.4
1549707323.3 28.4
1549707333.31 28.9
1549707343.34 28.9
1549707353.36 28.9
1549707363.38 28.9
1549707373.39 28.9
1549707383.42 28.9
1549707393.43 28.9
1549707403.45 28.9
1549707413.47 28.9
1549707423.49 29.5
1549707433.51 28.4
1549707443.52 28.4
1549707453.54 28.9
1549707463.56 28.4
1549707473.58 28.9
1549707483.6 29.5
1549707493.61 28.9
1549707503.63 28.9
1549707513.65 28.9
1549707523.67 28.9
1549707533.69 28.9
1549707543.71 28.9
1549707553.73 28.4
1549707563.74 29.5
1549707573.76 28.9
1549707583.78 28.9
1549707593.79 28.4
1549707603.81 28.4
1549707613.83 28.9
1549707623.84 28.9
1549707633.86 28.9
1549707643.88 28.9
1549707653.91 28.9
1549707663.92 28.9
1549707673.94 28.9
1549707683.96 28.9
1549707693.98 28.9
1549707704.0 28.9
1549707714.01 30.0
1549707724.03 28.9
1549707734.05 28.9
1549707744.06 28.9
1549707754.09 28.9
1549707764.11 28.9
1549707774.12 28.9
1549707784.14 28.9
1549707794.16 28.9
1549707804.18 28.9
1549707814.21 28.4
1549707824.22 28.9
1549707834.24 28.9
1549707844.26 29.5
1549707854.3 28.9
1549707864.32 28.9
1549707874.33 28.9
1549707884.35 28.9
1549707894.37 30.0
1549707904.39 28.9
1549707914.41 30.0
1549707924.42 28.9
1549707934.44 28.9
1549707944.46 28.9
1549707954.48 28.9
1549707964.5 30.0
1549707974.51 30.0
1549707984.54 28.9
1549707994.56 28.9
1549708004.58 28.9
1549708014.6 28.9
1549708024.62 28.9
1549708034.63 29.5
1549708044.66 28.9
1549708054.68 28.9
1549708064.69 30.0
1549708074.7 28.9
1549708084.73 28.9
1549708094.74 28.4
1549708104.77 28.9
1549708114.79 28.4
1549708124.8 28.9
1549708134.82 28.9
1549708144.84 28.4
1549708154.86 28.9
1549708164.88 28.4
1549708174.89 29.5
1549708184.92 28.9
1549708194.93 28.4
1549708204.95 28.4
1549708214.97 28.4
1549708224.99 29.5
1549708235.01 28.9
1549708245.02 27.9
1549708255.04 28.4
1549708265.06 28.9
1549708275.08 28.4
1549708285.09 28.9
1549708295.11 28.9
1549708305.13 28.4
1549708315.15 28.4
1549708325.17 28.4
1549708335.19 28.9
1549708345.2 28.9
1549708355.22 28.9
1549708365.25 27.9
1549708375.26 30.0
1549708385.28 28.9
1549708395.3 28.9
1549708405.32 28.9
1549708415.33 30.0
1549708425.35 30.0
1549708435.37 28.9
1549708445.39 28.9
1549708455.4 30.0
1549708465.42 28.9
1549708475.44 28.9
1549708485.46 28.9
1549708495.48 29.5
1549708505.49 29.5
1549708515.5 30.0
1549708525.52 28.9
1549708535.54 28.9
1549708545.56 28.9
1549708555.59 28.9
1549708565.6 29.5
1549708575.62 28.9
1549708585.64 29.5
1549708595.66 30.0
1549708605.67 30.0
1549708615.68 30.0
1549708625.69 30.6
1549708635.71 30.0
1549708645.73 28.9
1549708655.75 28.9
1549708665.77 28.9
1549708675.79 29.5
1549708685.81 28.9
1549708695.83 28.9
1549708705.85 28.9
1549708715.87 30.0
1549708725.89 28.9
1549708735.9 30.0
1549708745.92 28.9
1549708755.94 28.9
1549708765.96 30.0
1549708775.98 28.9
1549708786.0 30.0
1549708796.02 30.0
1549708806.04 30.0
1549708816.05 28.9
1549708826.07 30.0
1549708836.09 30.0
1549708846.11 28.9
1549708856.13 28.9
1549708866.15 28.9
1549708876.17 28.9
1549708886.19 29.5
1549708896.2 30.0
1549708906.22 30.0
1549708916.24 28.9
1549708926.26 28.9
1549708936.28 28.9
1549708946.29 30.0
1549708956.32 28.9
1549708966.33 30.0
1549708976.35 28.9
1549708986.37 30.0
1549708996.38 30.0
1549709006.4 30.0
1549709016.42 30.0
1549709026.44 30.0
1549709036.46 28.9
1549709046.48 29.5
1549709056.49 30.0
1549709066.5 30.0
1549709076.52 30.0
1549709086.54 29.5
1549709096.56 29.5
1549709106.57 30.0
1549709116.59 28.9
1549709126.6 30.0
1549709136.62 30.0
1549709146.63 30.0
1549709156.66 30.0
1549709166.68 30.0
1549709176.69 30.0
1549709186.71 30.0
1549709196.72 30.0
1549709206.74 29.5
1549709216.76 30.0
1549709226.78 30.0
1549709236.8 29.5
1549709246.82 30.0
1549709256.84 30.0
1549709266.86 29.5
1549709276.87 30.0
1549709286.89 29.5
1549709296.91 30.0
1549709306.94 30.0
1549709316.95 30.0
1549709326.96 30.0
1549709336.98 30.6
1549709347.0 28.9
1549709357.01 28.9
1549709367.04 29.5
1549709377.05 28.9
1549709387.07 28.9
1549709397.09 29.5
1549709407.11 28.4
1549709417.14 28.9
1549709427.16 28.9
1549709437.17 30.0
1549709447.19 28.9
1549709457.21 29.5
1549709467.23 30.0
1549709477.25 29.5
1549709487.26 28.9
1549709497.29 29.5
1549709507.31 28.9
1549709517.32 28.9
1549709527.34 30.0
1549709537.36 28.9
1549709547.37 28.9
1549709557.4 28.9
1549709567.42 29.5
1549709577.44 28.9
1549709587.45 28.9
1549709597.47 28.9
1549709607.5 28.9
1549709617.51 28.4
1549709627.53 29.5
1549709637.55 28.9
1549709647.57 28.9
1549709657.58 30.0
1549709667.6 28.9
1549709677.62 28.4
1549709687.64 28.9
1549709697.66 28.9
1549709707.68 28.9
1549709717.7 28.9
1549709727.72 28.9
1549709737.74 28.9
1549709747.76 28.9
1549709757.78 28.9
1549709767.8 28.9
1549709777.82 29.5
1549709787.84 30.0
1549709797.85 30.0
1549709807.87 28.9
1549709817.9 29.5
1549709827.91 30.6
1549709837.93 30.0
1549709847.94 30.6
1549709857.96 30.0
1549709867.97 30.0
1549709877.99 30.6
1549709888.01 30.6
1549709898.02 30.6
1549709908.04 30.0
1549709918.06 30.0
1549709928.07 30.6
1549709938.09 30.6
1549709948.1 31.1
1549709958.12 30.6
1549709968.14 30.0
1549709978.16 30.6
1549709988.18 30.6
1549709998.2 30.0
1549710008.21 31.1
1549710018.23 30.6
1549710028.25 30.0
1549710038.27 30.0
1549710048.3 30.6
1549710058.32 30.0
1549710068.35 30.6
1549710078.38 30.0
1549710088.4 30.6
1549710098.42 30.6
1549710108.45 31.1
1549710118.47 31.1
1549710128.48 31.1
1549710138.5 30.0
1549710148.53 31.1
1549710158.55 30.0
1549710168.56 31.1
1549710178.58 30.6
1549710188.6 30.0
1549710198.62 30.0
1549710208.64 30.6
1549710218.66 31.1
1549710228.68 30.0
1549710238.7 30.0
1549710248.72 30.0
1549710258.74 30.0
1549710268.77 30.0
1549710278.79 29.5
1549710288.8 30.0
1549710298.82 30.0
1549710308.84 30.0
1549710318.86 30.6
1549710328.88 30.0
1549710338.9 30.6
1549710348.91 30.0
1549710358.93 30.0
1549710368.94 30.0
1549710378.96 30.0
1549710388.97 30.0
1549710398.98 30.0
1549710409.0 29.5
1549710419.02 30.6
1549710429.04 31.1
1549710439.06 30.0
1549710449.11 30.6
1549710459.13 30.0
1549710469.15 30.0
1549710479.16 30.0
1549710489.18 30.0
1549710499.19 31.1
1549710509.21 30.6
1549710519.23 30.0
1549710529.25 30.0
1549710539.27 30.0
1549710549.3 30.0
1549710559.33 29.5
1549710569.34 30.6
1549710579.36 30.0
1549710589.38 30.6
1549710599.4 30.0
1549710609.43 30.0
1549710619.45 30.0
1549710629.46 30.6
1549710639.48 30.0
1549710649.5 30.0
1549710659.52 28.9
1549710669.54 30.6
1549710679.56 28.9
1549710689.58 29.5
1549710699.59 30.0
1549710709.61 30.0
1549710719.63 28.9
1549710729.65 30.0
1549710739.67 28.9
1549710749.69 30.0
1549710759.71 28.9
1549710769.73 30.0
1549710779.75 29.5
1549710789.77 29.5
1549710799.79 28.9
1549710809.81 30.0
1549710819.83 28.9
1549710829.85 29.5
1549710839.87 28.9
1549710849.89 28.9
1549710859.91 28.9
1549710869.93 29.5
1549710879.94 29.5
1549710889.96 28.9
1549710899.99 29.5
1549710910.01 30.0
1549710920.02 28.9
1549710930.05 28.9
1549710940.06 30.0
1549710950.08 28.9
1549710960.1 29.5
1549710970.12 30.0
1549710980.14 30.0
1549710990.16 28.9
1549711000.18 28.9
1549711010.2 30.0
1549711020.22 28.9
1549711030.24 30.0
1549711040.26 29.5
1549711050.27 30.6
1549711060.29 29.5
1549711070.31 29.5
1549711080.34 30.0
1549711090.35 30.0
1549711100.37 29.5
1549711110.38 30.0
1549711120.4 30.0
1549711130.42 29.5
1549711140.44 30.0
1549711150.46 29.5
1549711160.48 30.6
1549711170.49 30.6
1549711180.51 30.0
1549711190.53 30.0
1549711200.55 30.0
1549711210.56 30.0
1549711220.58 30.0
1549711230.6 30.0
1549711240.61 30.6
1549711250.63 30.0
1549711260.65 30.0
1549711270.66 30.0
1549711280.68 30.0
1549711290.7 30.0
1549711300.72 30.0
1549711310.74 30.6
1549711320.76 30.0
1549711330.78 30.6
1549711340.8 30.0
1549711350.81 31.1
1549711360.83 30.0
1549711370.85 30.6
1549711380.87 30.0
1549711390.89 30.0
1549711400.9 30.6
1549711410.93 30.0
1549711420.95 30.0
1549711430.96 30.6
1549711440.98 30.0
1549711451.0 28.9
1549711461.02 28.9
1549711471.03 30.6
1549711481.05 30.0
1549711491.07 29.5
1549711501.09 29.5
1549711511.11 30.0
1549711521.13 30.0
1549711531.15 29.5
1549711541.17 29.5
1549711551.19 30.0
1549711561.21 30.0
1549711571.23 30.0
1549711581.25 29.5
1549711591.27 29.5
1549711601.29 28.9
1549711611.31 30.0
1549711621.35 30.0
1549711631.36 30.0
1549711641.38 30.0
1549711651.4 30.0
1549711661.42 30.0
1549711671.43 30.0
1549711681.45 30.0
1549711691.47 29.5
1549711701.48 30.0
1549711711.51 30.0
1549711721.53 30.0
1549711731.64 30.0
1549711741.66 30.6
1549711751.68 30.0
1549711761.69 30.0
1549711771.71 30.0
1549711781.72 30.0
1549711791.74 30.0
1549711801.75 30.0
1549711811.78 29.5
1549711821.79 30.0
1549711831.81 30.0
1549711841.83 30.0
1549711851.85 30.6
1549711861.87 29.5
1549711871.89 30.0
1549711881.9 30.6
1549711891.92 30.0
1549711901.94 30.6
1549711911.96 28.9
1549711921.98 30.0
1549711932.0 30.0
1549711942.02 30.0
1549711952.03 30.6
1549711962.05 28.9
1549711972.07 30.0
1549711982.09 30.0
1549711992.11 29.5
1549712002.13 30.0
1549712012.15 30.0
1549712022.16 30.0
1549712032.18 30.0
1549712042.21 28.9
1549712052.23 28.9
1549712062.24 30.0
1549712072.26 30.0
1549712082.28 29.5
1549712092.3 28.9
1549712102.31 30.0
1549712112.34 30.0
1549712122.36 30.0
1549712132.37 29.5
1549712142.39 28.9
1549712152.41 30.0
1549712162.43 28.9
1549712172.45 28.9
1549712182.46 30.0
1549712192.48 30.0
1549712202.51 28.9
1549712212.53 28.9
1549712222.55 29.5
1549712232.56 30.0
1549712242.58 30.0
1549712252.61 30.0
1549712262.63 28.9
1549712272.65 30.0
1549712282.67 29.5
1549712292.7 30.0
1549712302.71 30.0
1549712312.73 30.0
1549712322.75 28.9
1549712332.77 28.9
1549712342.79 29.5
1549712352.81 29.5
1549712362.82 29.5
1549712372.84 28.9
1549712382.86 30.0
1549712392.88 30.0
1549712402.89 30.0
1549712412.92 28.9
1549712422.93 30.0
1549712432.95 30.0
1549712442.96 30.0
1549712452.98 30.6
1549712463.0 30.0
1549712473.02 30.0
1549712483.04 28.9
1549712493.06 30.0
1549712503.08 28.9
1549712513.1 30.0
1549712523.12 28.9
1549712533.14 29.5
1549712543.16 28.9
1549712553.17 29.5
1549712563.19 28.9
1549712573.21 28.9
1549712583.24 28.9
1549712593.26 30.0
1549712603.28 28.9
1549712613.3 29.5
1549712623.32 28.9
1549712633.34 28.9
1549712643.36 30.0
1549712653.38 29.5
1549712663.4 29.5
1549712673.42 28.9
1549712683.44 28.9
1549712693.46 29.5
1549712703.48 28.9
1549712713.5 28.9
1549712723.52 28.9
1549712733.53 30.0
1549712743.56 29.5
1549712753.58 29.5
1549712763.6 28.9
1549712773.61 30.0
1549712783.63 29.5
1549712793.66 28.9
1549712803.68 28.4
1549712813.69 29.5
1549712823.71 28.9
1549712833.73 28.4
1549712843.75 28.9
1549712853.78 28.9
1549712863.79 30.0
1549712873.81 28.9
1549712883.83 28.4
1549712893.85 28.9
1549712903.87 28.9
1549712913.89 28.9
1549712923.91 29.5
1549712933.93 30.0
1549712943.95 28.9
1549712953.96 28.9
1549712963.99 28.9
1549712974.02 28.9
1549712984.04 28.9
1549712994.06 28.4
1549713004.08 28.9
1549713014.1 28.9
1549713024.12 28.9
1549713034.15 30.0
1549713044.17 30.0
1549713054.19 30.0
1549713064.21 29.5
1549713074.23 30.0
1549713084.24 28.9
1549713094.26 30.0
1549713104.28 28.9
1549713114.3 29.5
1549713124.31 30.0
1549713134.33 30.0
1549713144.35 30.0
1549713154.36 29.5
1549713164.38 29.5
1549713174.4 29.5
1549713184.41 30.0
1549713194.44 28.9
1549713204.45 28.9
1549713214.46 30.0
1549713224.48 30.0
1549713234.49 29.5
1549713244.52 30.0
1549713254.54 30.0
1549713264.55 30.0
1549713274.57 30.0
1549713284.59 29.5
1549713294.6 29.5
1549713304.62 28.9
1549713314.64 30.6
1549713324.66 30.0
1549713334.68 30.0
1549713344.7 30.0
1549713354.72 28.9
1549713364.74 30.0
1549713374.75 30.0
1549713384.77 28.9
1549713394.78 30.0
1549713404.8 29.5
1549713414.81 28.9
1549713424.84 28.9
1549713434.86 30.6
1549713444.87 30.0
1549713454.89 30.0
1549713464.91 29.5
1549713474.93 30.0
1549713484.95 30.0
1549713494.97 30.0
1549713504.99 29.5
1549713515.01 30.0
1549713525.03 30.0
1549713535.04 30.0
1549713545.06 30.0
1549713555.07 30.0
1549713565.08 30.0
1549713575.1 30.0
1549713585.12 30.0
1549713595.13 30.0
