1549200006.81 36.5
1549200016.83 36.5
1549200026.85 36.5
1549200036.87 35.9
1549200046.88 36.5
1549200056.9 36.5
1549200066.92 36.5
1549200076.94 35.9
1549200086.97 35.9
1549200096.99 36.5
1549200107.0 36.5
1549200117.03 35.4
1549200127.05 37.0
1549200137.07 36.5
1549200147.09 35.4
1549200157.11 35.9
1549200167.13 35.9
1549200177.15 36.5
1549200187.16 35.4
1549200197.18 36.5
1549200207.2 35.9
1549200217.22 35.9
1549200227.25 35.9
1549200237.26 36.5
1549200247.28 36.5
1549200257.29 35.9
1549200267.31 36.5
1549200277.33 36.5
1549200287.35 35.9
1549200297.36 36.5
1549200307.38 36.5
1549200317.4 35.4
1549200327.42 35.9
1549200337.44 36.5
1549200347.46 36.5
1549200357.48 35.4
1549200367.5 36.5
1549200377.52 36.5
1549200387.53 36.5
1549200397.55 36.5
1549200407.57 36.5
1549200417.6 35.9
1549200427.61 37.0
1549200437.63 36.5
1549200447.65 36.5
1549200457.67 37.0
1549200467.69 36.5
1549200477.71 37.0
1549200487.73 36.5
1549200497.75 37.0
1549200507.77 36.5
1549200517.78 37.0
1549200527.81 36.5
1549200537.83 36.5
1549200547.85 36.5
1549200557.87 36.5
1549200567.88 37.0
1549200577.9 37.0
1549200587.92 37.0
1549200597.94 37.0
1549200607.95 37.0
1549200617.97 36.5
1549200627.99 36.5
1549200638.01 36.5
1549200648.03 36.5
1549200658.05 37.0
1549200668.07 36.5
1549200678.08 37.0
1549200688.1 36.5
1549200698.13 36.5
1549200708.15 36.5
1549200718.17 36.5
1549200728.19 36.5
1549200738.22 35.9
1549200748.24 35.9
1549200758.26 35.9
1549200768.27 36.5
1549200778.3 36.5
1549200788.31 36.5
1549200798.32 36.5
1549200808.35 35.4
1549200818.36 36.5
1549200828.38 36.5
1549200838.4 36.5
1549200848.42 37.0
1549200858.43 36.5
1549200868.45 36.5
1549200878.47 36.5
1549200888.49 36.5
1549200898.51 36.5
1549200908.52 36.5
1549200918.55 36.5
1549200928.56 37.0
1549200938.58 36.5
1549200948.6 36.5
1549200958.62 37.0
1549200968.63 37.6
1549200978.65 37.0
1549200988.68 36.5
1549200998.7 36.5
1549201008.72 37.0
1549201018.74 36.5
1549201028.76 37.0
1549201038.78 37.6
1549201048.8 37.0
1549201058.83 37.0
1549201068.85 37.6
1549201078.88 36.5
1549201088.89 37.0
1549201098.91 37.0
1549201108.93 37.0
1549201118.96 37.0
1549201128.98 37.0
1549201139.0 37.0
1549201149.03 36.5
1549201159.05 36.5
1549201169.08 37.0
1549201179.09 37.0
1549201189.11 37.6
1549201199.14 36.5
1549201209.16 36.5
1549201219.18 37.0
1549201229.2 37.6
1549201239.22 36.5
1549201249.24 36.5
1549201259.27 36.5
1549201269.29 36.5
1549201279.32 36.5
1549201289.34 35.9
1549201299.36 35.9
1549201309.39 35.9
1549201319.41 35.9
1549201329.43 36.5
1549201339.45 35.4
1549201349.48 36.5
1549201359.51 35.4
1549201369.53 35.9
1549201379.55 36.5
1549201389.57 37.0
1549201399.6 36.5
1549201409.62 36.5
1549201419.65 35.9
1549201429.67 36.5
1549201439.7 35.9
1549201449.72 36.5
1549201459.73 36.5
1549201469.76 36.5
1549201479.78 36.5
1549201489.81 35.4
1549201499.83 36.5
1549201509.84 36.5
1549201519.86 36.5
1549201529.87 36.5
1549201539.9 36.5
1549201549.93 36.5
1549201559.95 36.5
1549201569.98 36.5
1549201579.99 36.5
1549201590.02 36.5
1549201600.04 36.5
1549201610.07 36.5
1549201620.09 37.0
1549201630.12 36.5
1549201640.14 36.5
1549201650.16 36.5
1549201660.18 36.5
1549201670.2 36.5
1549201680.22 36.5
1549201690.23 36.5
1549201700.26 36.5
1549201710.27 36.5
1549201720.29 36.5
1549201730.31 36.5
1549201740.34 35.9
1549201750.35 36.5
1549201760.37 37.6
1549201770.39 36.5
1549201780.41 36.5
1549201790.43 37.0
1549201800.45 36.5
1549201810.46 36.5
1549201820.48 37.0
1549201830.51 35.9
1549201840.52 36.5
1549201850.54 36.5
1549201860.56 36.5
1549201870.58 36.5
1549201880.61 35.9
1549201890.63 35.4
1549201900.65 35.4
1549201910.68 35.4
1549201920.71 35.9
1549201930.73 35.4
1549201940.76 35.9
1549201950.76 36.5
1549201960.77 36.5
1549201970.8 36.5
1549201980.82 35.9
1549201990.84 36.5
1549202000.86 36.5
1549202010.88 36.5
1549202020.9 35.9
1549202030.93 35.9
1549202040.95 36.5
1549202050.97 36.5
1549202060.99 35.4
1549202071.01 35.9
1549202081.04 36.5
1549202091.06 35.9
1549202101.08 35.4
1549202111.1 35.4
1549202121.12 36.5
1549202131.14 35.4
1549202141.16 36.5
1549202151.18 35.4
1549202161.21 36.5
1549202171.23 35.4
1549202181.24 36.5
1549202191.26 35.4
1549202201.27 36.5
1549202211.29 36.5
1549202221.31 35.4
1549202231.32 36.5
1549202241.33 35.9
1549202251.34 36.5
1549202261.36 36.5
1549202271.39 36.5
1549202281.41 36.5
1549202291.43 35.9
1549202301.45 36.5
1549202311.46 35.4
1549202321.48 36.5
1549202331.5 35.9
1549202341.52 35.4
1549202351.54 36.5
1549202361.55 36.5
1549202371.58 35.9
1549202381.6 35.9
1549202391.62 35.4
1549202401.63 36.5
