1550700006.52 35.4
1550700016.55 35.9
1550700026.56 34.9
1550700036.58 35.4
1550700046.6 35.4
1550700056.61 34.9
1550700066.63 34.3
1550700076.65 35.4
1550700086.66 34.9
1550700096.68 35.4
1550700106.7 34.9
1550700116.72 34.9
1550700126.74 34.9
1550700136.76 34.9
1550700146.78 34.9
1550700156.8 35.4
1550700166.81 35.4
1550700176.83 34.9
1550700186.85 34.3
1550700196.87 34.3
1550700206.89 34.9
1550700216.91 34.3
1550700226.92 34.3
1550700236.94 34.3
1550700246.96 34.3
1550700256.98 34.3
1550700267.0 34.9
1550700277.02 34.3
1550700287.04 34.3
1550700297.06 34.9
1550700307.07 34.3
1550700317.09 34.9
1550700327.11 34.9
1550700337.13 34.3
1550700347.15 35.4
1550700357.16 34.3
1550700367.17 34.9
1550700377.19 34.9
1550700387.21 34.9
1550700397.22 34.3
1550700407.24 34.3
1550700417.25 34.3
1550700427.27 34.9
1550700437.29 34.3
1550700447.3 34.3
1550700457.32 34.3
1550700467.33 34.3
1550700477.35 35.4
1550700487.36 34.9
1550700497.37 35.4
1550700507.39 34.3
1550700517.4 35.4
1550700527.41 35.4
1550700537.42 35.4
1550700547.43 35.4
1550700557.45 34.3
1550700567.47 34.3
1550700577.48 35.4
1550700587.5 34.9
1550700597.51 34.3
1550700607.53 34.9
1550700617.54 34.3
1550700627.56 34.3
1550700637.57 34.9
1550700647.59 34.9
1550700657.6 34.3
1550700667.62 34.3
1550700677.64 34.3
1550700687.66 33.8
1550700697.68 34.3
1550700707.69 34.3
1550700717.71 34.3
1550700727.73 33.8
1550700737.75 34.9
1550700747.77 34.3
1550700757.79 34.3
1550700767.8 34.9
1550700777.83 34.3
1550700787.85 34.9
1550700797.87 33.8
1550700807.89 34.3
1550700817.91 34.3
1550700827.93 34.3
1550700837.95 33.8
1550700847.97 34.3
1550700857.99 34.3
1550700868.01 33.8
1550700878.03 34.3
1550700888.05 34.3
1550700898.07 34.3
1550700908.08 34.3
1550700918.09 34.3
1550700928.11 34.3
1550700938.12 34.3
1550700948.14 34.9
1550700958.16 34.9
1550700968.17 35.4
1550700978.18 35.4
1550700988.2 35.4
1550700998.21 35.4
1550701008.23 34.3
1550701018.25 34.9
1550701028.26 35.4
1550701038.28 35.4
1550701048.29 34.9
1550701058.3 35.4
1550701068.32 34.9
1550701078.34 34.9
1550701088.36 35.4
1550701098.37 34.9
1550701108.38 35.9
1550701118.4 35.4
1550701128.41 35.4
1550701138.42 35.4
1550701148.44 34.9
1550701158.46 35.4
1550701168.47 35.4
1550701178.49 34.9
1550701188.51 34.9
1550701198.52 34.9
1550701208.54 34.9
1550701218.56 34.9
1550701228.58 35.9
1550701238.59 35.4
1550701248.61 34.3
1550701258.63 34.9
1550701268.65 35.4
1550701278.67 34.9
1550701288.68 34.9
1550701298.7 34.9
1550701308.72 34.3
1550701318.74 34.3
1550701328.76 34.3
1550701338.78 34.3
1550701348.8 34.9
1550701358.81 34.9
1550701368.83 34.9
1550701378.85 34.3
1550701388.87 34.9
1550701398.88 34.9
1550701408.9 34.3
1550701418.91 34.3
1550701428.93 34.9
1550701438.95 35.4
1550701448.96 34.3
1550701458.97 35.4
1550701469.0 35.4
1550701479.02 34.3
1550701489.03 34.9
1550701499.04 34.3
1550701509.06 34.9
1550701519.09 35.4
1550701529.1 35.4
1550701539.12 34.9
1550701549.14 34.3
1550701559.16 35.4
1550701569.17 35.4
1550701579.19 35.4
1550701589.2 34.9
1550701599.22 34.9
1550701609.24 35.4
1550701619.26 35.4
1550701629.28 35.4
1550701639.3 34.9
1550701649.33 34.3
1550701659.34 34.9
1550701669.36 34.3
1550701679.39 35.4
1550701689.41 34.9
1550701699.43 34.3
1550701709.45 34.9
1550701719.46 34.9
1550701729.48 34.3
1550701739.5 35.4
1550701749.51 34.9
1550701759.53 34.9
1550701769.55 35.4
1550701779.57 34.3
1550701789.59 34.3
1550701799.61 34.9
1550701809.63 34.9
1550701819.65 35.4
1550701829.67 35.4
1550701839.69 35.4
1550701849.7 35.4
1550701859.72 34.9
1550701869.73 35.4
1550701879.75 34.9
1550701889.76 35.4
1550701899.78 35.4
1550701909.81 35.4
1550701919.83 34.3
1550701929.85 35.4
1550701939.87 35.4
1550701949.89 34.9
1550701959.91 34.9
1550701969.93 35.4
1550701979.95 34.9
1550701989.96 35.4
1550701999.98 35.4
1550702010.0 35.4
1550702020.02 35.4
1550702030.04 35.4
1550702040.05 34.9
1550702050.06 35.4
1550702060.09 35.4
1550702070.11 35.4
1550702080.12 35.4
1550702090.13 35.9
1550702100.15 35.9
1550702110.17 35.4
1550702120.19 34.9
1550702130.21 34.9
1550702140.23 35.4
1550702150.24 35.9
1550702160.26 35.4
1550702170.28 35.4
1550702180.28 35.4
1550702190.3 34.9
1550702200.32 35.4
1550702210.34 35.4
1550702220.35 34.9
1550702230.38 34.9
1550702240.39 35.9
1550702250.41 35.4
1550702260.43 35.4
1550702270.45 34.9
1550702280.47 35.4
1550702290.48 35.9
1550702300.49 35.4
1550702310.5 35.4
1550702320.52 35.4
1550702330.54 35.4
1550702340.57 34.9
1550702350.59 34.3
1550702360.61 34.9
1550702370.62 35.4
1550702380.65 34.9
1550702390.66 34.9
1550702400.68 34.9
1550702410.7 34.3
1550702420.72 35.4
1550702430.73 34.3
1550702440.75 35.4
1550702450.77 35.4
1550702460.79 34.9
1550702470.81 34.9
1550702480.83 34.3
1550702490.85 34.9
1550702500.87 34.3
1550702510.89 34.3
1550702520.91 34.3
1550702530.93 33.8
1550702540.95 34.3
1550702550.97 34.3
1550702560.99 35.4
1550702571.0 34.3
1550702581.03 34.3
1550702591.04 34.3
1550702601.06 33.8
1550702611.08 35.4
1550702621.09 34.9
1550702631.1 34.9
1550702641.11 35.4
1550702651.13 34.3
1550702661.15 34.9
1550702671.17 34.3
1550702681.19 34.3
1550702691.21 34.9
1550702701.23 34.3
1550702711.25 34.9
1550702721.27 34.3
1550702731.29 34.3
1550702741.31 34.3
1550702751.32 34.3
1550702761.34 35.4
1550702771.36 34.9
1550702781.37 35.4
1550702791.39 35.4
1550702801.41 34.9
1550702811.43 34.3
1550702821.45 34.3
1550702831.47 35.4
1550702841.48 34.9
1550702851.51 34.9
1550702861.52 35.4
1550702871.54 35.9
1550702881.55 35.4
1550702891.57 35.4
1550702901.59 35.4
1550702911.61 35.4
1550702921.63 35.9
1550702931.65 34.9
1550702941.67 34.9
1550702951.69 35.4
1550702961.71 34.9
1550702971.72 34.9
1550702981.74 35.4
1550702991.76 34.9
1550703001.78 34.9
1550703011.8 34.9
1550703021.81 34.3
1550703031.83 34.9
1550703041.85 34.9
1550703051.86 35.4
1550703061.88 34.9
1550703071.9 34.3
1550703081.92 34.3
1550703091.93 35.4
1550703101.95 35.4
1550703111.97 34.9
1550703121.99 34.9
1550703132.0 35.4
1550703142.02 35.4
1550703152.03 34.3
1550703162.05 34.9
1550703172.07 34.3
1550703182.08 35.4
1550703192.09 35.4
1550703202.11 35.4
1550703212.12 35.4
1550703222.14 34.9
1550703232.15 35.4
1550703242.18 35.4
1550703252.2 35.4
1550703262.22 34.9
1550703272.24 35.4
1550703282.26 34.9
1550703292.28 34.9
1550703302.29 35.9
1550703312.31 35.4
1550703322.33 35.4
1550703332.34 35.9
1550703342.36 35.4
1550703352.37 35.9
1550703362.39 35.9
1550703372.4 35.9
1550703382.41 35.9
1550703392.44 35.9
1550703402.44 36.5
1550703412.46 35.4
1550703422.49 34.9
1550703432.5 35.4
1550703442.52 35.9
1550703452.54 35.9
1550703462.56 36.5
1550703472.58 35.9
1550703482.6 35.9
1550703492.61 35.4
1550703502.63 35.9
1550703512.65 35.9
1550703522.66 35.4
1550703532.68 35.9
1550703542.71 36.5
1550703552.73 35.9
1550703562.74 36.5
1550703572.75 36.5
1550703582.77 36.5
1550703592.79 36.5
