1550400002.26 27.9
1550400012.28 27.9
1550400022.3 27.9
1550400032.32 27.9
1550400042.34 28.4
1550400052.36 27.9
1550400062.38 27.9
1550400072.4 27.9
1550400082.42 27.9
1550400092.43 27.9
1550400102.45 27.9
1550400112.47 27.9
1550400122.49 27.9
1550400132.51 27.9
1550400142.53 28.4
1550400152.55 27.9
1550400162.57 28.9
1550400172.59 27.9
1550400182.61 27.9
1550400192.63 27.3
1550400202.65 27.9
1550400212.67 27.9
1550400222.69 27.9
1550400232.71 27.9
1550400242.73 27.9
1550400252.75 27.9
1550400262.76 27.3
1550400272.78 27.9
1550400282.8 27.9
1550400292.82 27.9
1550400302.84 27.9
1550400312.85 27.3
1550400322.87 27.9
1550400332.89 27.9
1550400342.91 27.9
1550400352.93 27.9
1550400362.95 27.9
1550400372.97 27.9
1550400382.99 27.9
1550400393.01 27.9
1550400403.03 27.9
1550400413.06 27.9
1550400423.08 27.9
1550400433.1 27.9
1550400443.12 28.4
1550400453.14 27.3
1550400463.16 27.9
1550400473.18 27.9
1550400483.2 27.9
1550400493.22 27.3
1550400503.24 27.9
1550400513.26 27.9
1550400523.28 27.9
1550400533.3 27.3
1550400543.33 27.9
1550400553.35 27.9
1550400563.37 27.9
1550400573.39 27.3
1550400583.41 27.3
1550400593.43 26.8
1550400603.46 27.3
1550400613.48 27.3
1550400623.5 27.9
1550400633.51 27.9
1550400643.53 26.8
1550400653.55 27.9
1550400663.57 27.9
1550400673.58 27.9
1550400683.6 27.3
1550400693.61 27.9
1550400703.63 26.8
1550400713.65 27.3
1550400723.67 27.9
1550400733.68 27.9
1550400743.7 27.9
1550400753.72 27.9
1550400763.74 27.9
1550400773.76 27.9
1550400783.79 27.9
1550400793.8 27.9
1550400803.82 27.9
1550400813.83 27.9
1550400823.85 27.9
1550400833.87 27.9
1550400843.89 27.9
1550400853.9 27.9
1550400863.92 27.3
1550400873.93 27.9
1550400883.95 27.9
1550400893.96 27.9
1550400903.98 27.9
1550400914.0 27.9
1550400924.01 27.9
1550400934.03 27.9
1550400944.04 27.9
1550400954.06 27.9
1550400964.08 27.9
1550400974.1 27.9
1550400984.12 27.3
1550400994.14 27.3
1550401004.16 27.9
1550401014.18 28.9
1550401024.2 27.9
1550401034.22 27.9
1550401044.24 28.9
1550401054.25 28.4
1550401064.27 28.4
1550401074.29 28.4
1550401084.32 27.9
1550401094.34 27.9
1550401104.35 27.9
1550401114.37 27.9
1550401124.39 27.9
1550401134.42 27.9
1550401144.43 27.9
1550401154.45 27.9
1550401164.47 28.9
1550401174.49 28.4
1550401184.51 27.9
1550401194.53 27.9
