1550900007.59 34.3
1550900017.61 34.3
1550900027.63 33.8
1550900037.65 33.8
1550900047.67 33.2
1550900057.68 34.3
1550900067.7 34.3
1550900077.72 34.3
1550900087.73 33.2
1550900097.74 33.2
1550900107.77 33.8
1550900117.78 34.3
1550900127.8 33.8
1550900137.82 33.2
1550900147.84 33.2
1550900157.85 34.3
1550900167.87 34.3
1550900177.89 33.8
1550900187.91 33.8
1550900197.93 33.8
1550900207.94 33.8
1550900217.96 33.8
1550900227.98 33.2
1550900238.0 33.8
1550900248.02 34.3
1550900258.03 34.3
1550900268.05 34.3
1550900278.07 33.8
1550900288.08 34.3
1550900298.1 34.3
1550900308.1 34.3
1550900318.12 34.3
1550900328.13 34.9
1550900338.14 34.3
1550900348.16 33.8
1550900358.17 34.3
1550900368.19 33.8
1550900378.21 33.2
1550900388.23 34.3
1550900398.25 34.3
1550900408.27 34.3
1550900418.29 33.8
1550900428.3 33.8
1550900438.32 33.2
1550900448.33 34.3
1550900458.35 33.8
1550900468.36 34.3
1550900478.38 34.3
1550900488.4 34.3
1550900498.42 33.8
1550900508.44 34.3
1550900518.46 34.3
1550900528.47 34.9
1550900538.49 34.3
1550900548.51 34.3
1550900558.52 34.3
1550900568.53 34.3
1550900578.55 33.8
1550900588.57 33.8
1550900598.59 34.3
1550900608.61 34.3
1550900618.62 33.8
1550900628.64 34.3
1550900638.66 33.2
1550900648.67 33.2
1550900658.69 33.8
1550900668.71 33.8
1550900678.72 34.3
1550900688.73 34.3
1550900698.75 33.8
1550900708.77 34.3
1550900718.78 33.8
1550900728.8 33.2
1550900738.82 33.8
1550900748.84 33.2
1550900758.86 33.8
1550900768.87 33.8
1550900778.89 33.2
1550900788.9 33.8
1550900798.92 33.2
1550900808.93 34.3
1550900818.95 33.2
1550900828.97 33.2
1550900838.99 34.3
1550900849.01 33.8
1550900859.03 33.8
1550900869.03 34.3
1550900879.05 34.3
1550900889.06 34.3
1550900899.08 33.8
1550900909.1 34.3
1550900919.12 33.8
1550900929.14 33.2
1550900939.16 33.2
1550900949.18 34.3
1550900959.2 34.3
1550900969.23 33.2
1550900979.25 33.2
1550900989.27 33.8
1550900999.29 33.8
1550901009.31 33.8
1550901019.33 33.8
1550901029.35 32.7
1550901039.37 33.2
1550901049.39 33.2
1550901059.41 33.2
1550901069.43 33.8
1550901079.45 33.2
1550901089.47 33.8
1550901099.49 33.8
1550901109.51 33.8
1550901119.53 32.7
1550901129.54 33.8
1550901139.56 33.8
1550901149.59 33.2
1550901159.6 33.2
1550901169.62 33.2
1550901179.64 33.8
1550901189.66 33.8
1550901199.67 34.3
1550901209.7 33.2
1550901219.72 33.2
1550901229.74 33.2
1550901239.76 33.2
1550901249.78 33.2
1550901259.8 33.2
1550901269.83 33.8
1550901279.85 33.2
1550901289.87 33.2
1550901299.9 33.2
1550901309.92 33.2
1550901319.94 33.8
1550901329.96 33.2
1550901339.98 33.2
1550901350.0 33.2
1550901360.02 33.2
1550901370.05 33.2
1550901380.07 34.3
1550901390.08 33.8
1550901400.1 33.8
1550901410.11 33.2
1550901420.13 34.3
1550901430.15 34.3
1550901440.17 34.3
1550901450.18 34.3
1550901460.2 33.2
1550901470.22 34.3
1550901480.23 33.8
1550901490.25 34.3
1550901500.26 34.3
1550901510.28 33.8
1550901520.3 34.3
1550901530.31 34.3
1550901540.34 34.3
1550901550.35 34.3
1550901560.37 33.8
1550901570.39 33.8
1550901580.4 34.9
1550901590.42 33.8
1550901600.43 33.2
