1550100004.56 39.2
1550100014.58 39.2
1550100024.59 38.6
1550100034.61 38.6
1550100044.63 38.6
1550100054.64 39.7
1550100064.66 38.6
1550100074.67 39.7
1550100084.69 39.7
1550100094.72 38.6
1550100104.73 38.6
1550100114.75 39.2
1550100124.76 39.7
1550100134.78 39.7
1550100144.79 39.7
1550100154.82 39.2
1550100164.83 39.7
1550100174.85 39.2
1550100184.87 39.2
1550100194.89 39.2
1550100204.91 39.2
1550100214.92 39.7
1550100224.94 39.7
1550100234.96 39.2
1550100244.97 40.2
1550100254.98 39.7
1550100264.99 39.7
1550100275.01 39.7
1550100285.03 39.7
1550100295.04 39.7
1550100305.06 39.2
1550100315.07 39.7
1550100325.09 39.2
1550100335.1 39.7
1550100345.11 40.2
1550100355.13 39.2
1550100365.15 39.7
1550100375.16 39.7
1550100385.18 39.2
1550100395.2 38.6
1550100405.21 39.2
1550100415.23 39.2
1550100425.25 39.2
1550100435.27 39.2
1550100445.29 39.7
1550100455.3 39.7
1550100465.32 38.6
1550100475.34 39.7
1550100485.35 39.7
1550100495.37 39.2
1550100505.38 39.2
1550100515.39 39.7
1550100525.4 38.6
1550100535.42 39.7
1550100545.44 39.2
1550100555.45 39.2
1550100565.47 38.6
1550100575.48 38.6
1550100585.5 39.2
1550100595.51 38.6
1550100605.53 38.6
1550100615.55 39.2
1550100625.56 38.6
1550100635.57 39.7
1550100645.59 38.6
1550100655.6 39.2
1550100665.62 39.2
1550100675.64 39.2
1550100685.65 39.2
1550100695.67 38.6
1550100705.68 39.2
1550100715.69 39.2
1550100725.71 39.2
1550100735.72 39.2
1550100745.73 39.2
1550100755.75 39.2
1550100765.76 39.7
1550100775.77 39.7
1550100785.79 39.7
1550100795.81 39.7
1550100805.82 39.7
1550100815.84 39.7
1550100825.85 39.2
1550100835.87 39.2
1550100845.89 38.6
1550100855.91 39.7
1550100865.92 39.7
1550100875.93 40.2
1550100885.95 39.7
1550100895.96 40.2
1550100905.98 39.7
1550100916.0 39.2
1550100926.02 40.2
1550100936.04 39.7
1550100946.05 40.2
1550100956.06 39.7
1550100966.07 40.8
1550100976.08 39.7
1550100986.09 40.2
1550100996.1 40.2
1550101006.12 39.7
1550101016.13 40.8
1550101026.14 39.7
1550101036.16 39.7
1550101046.17 40.2
1550101056.19 39.7
1550101066.2 39.7
1550101076.21 39.7
1550101086.23 39.7
1550101096.25 39.7
1550101106.26 40.2
1550101116.27 39.7
1550101126.28 40.8
1550101136.3 39.7
1550101146.32 39.7
1550101156.33 40.2
1550101166.34 40.2
1550101176.36 39.7
1550101186.37 40.8
1550101196.39 40.8
1550101206.41 39.7
1550101216.42 40.2
1550101226.43 39.7
1550101236.45 40.8
1550101246.47 40.8
1550101256.48 39.7
1550101266.5 40.8
1550101276.52 40.2
1550101286.53 39.7
1550101296.55 40.2
1550101306.56 40.8
1550101316.57 40.8
1550101326.58 40.8
1550101336.6 40.8
1550101346.61 40.8
1550101356.62 40.8
1550101366.63 40.8
1550101376.65 40.8
1550101386.67 39.7
1550101396.68 39.7
1550101406.69 40.2
1550101416.7 39.7
1550101426.72 40.8
1550101436.73 40.8
1550101446.76 40.2
1550101456.78 40.2
1550101466.8 40.2
1550101476.81 40.8
1550101486.82 40.8
1550101496.83 40.8
1550101506.85 40.8
1550101516.86 40.8
1550101526.87 40.8
1550101536.89 41.3
1550101546.9 41.3
1550101556.92 40.8
1550101566.93 40.8
1550101576.95 41.3
1550101586.96 40.8
1550101596.98 40.8
1550101606.99 40.8
1550101617.01 40.8
1550101627.03 40.8
1550101637.05 40.8
1550101647.06 40.8
1550101657.08 40.8
1550101667.09 40.8
1550101677.11 40.8
1550101687.12 40.8
1550101697.13 40.8
1550101707.15 40.8
1550101717.17 40.8
1550101727.18 40.8
1550101737.2 40.8
1550101747.21 40.8
1550101757.23 40.8
1550101767.24 40.8
1550101777.25 40.8
1550101787.26 40.8
1550101797.28 40.8
1550101807.29 40.8
1550101817.3 40.8
1550101827.32 40.8
1550101837.33 40.8
1550101847.35 40.8
1550101857.36 40.8
1550101867.38 41.3
1550101877.39 41.3
1550101887.4 40.8
1550101897.42 40.8
1550101907.43 40.8
1550101917.44 40.8
1550101927.46 40.8
1550101937.47 40.8
1550101947.48 40.8
1550101957.5 40.8
1550101967.52 41.3
1550101977.53 41.9
1550101987.54 40.8
1550101997.56 40.8
1550102007.57 40.8
1550102017.59 40.8
1550102027.6 40.8
1550102037.61 40.8
1550102047.62 41.3
1550102057.64 40.2
1550102067.65 40.8
1550102077.67 40.8
1550102087.68 40.8
1550102097.69 40.8
1550102107.7 40.8
1550102117.72 40.8
1550102127.73 41.3
1550102137.75 40.8
1550102147.76 40.8
1550102157.79 40.8
1550102167.81 40.8
1550102177.82 40.8
1550102187.84 40.8
1550102197.85 40.8
1550102207.86 40.8
1550102217.87 40.8
1550102227.88 40.8
1550102237.89 41.3
1550102247.92 40.8
1550102257.94 40.8
1550102267.95 40.8
1550102277.96 41.3
1550102287.97 40.8
1550102297.99 40.8
1550102308.0 40.8
1550102318.02 40.2
1550102328.04 40.2
1550102338.05 40.2
1550102348.06 40.8
1550102358.07 40.8
1550102368.08 40.2
1550102378.1 40.8
1550102388.11 40.2
1550102398.12 40.8
1550102408.13 41.9
1550102418.24 39.7
1550102428.25 40.8
1550102438.27 39.7
1550102448.28 40.2
1550102458.3 40.2
1550102468.31 40.8
1550102478.33 40.8
1550102488.34 40.2
1550102498.36 40.2
1550102508.38 39.7
1550102518.4 39.7
1550102528.41 39.7
1550102538.42 39.7
1550102548.43 40.2
1550102558.44 39.7
1550102568.46 40.8
1550102578.47 40.8
1550102588.49 40.8
1550102598.5 40.8
1550102608.52 40.8
1550102618.53 40.8
1550102628.54 40.8
1550102638.55 40.8
1550102648.57 40.8
1550102658.59 40.8
1550102668.6 40.2
1550102678.62 40.8
1550102688.64 40.8
1550102698.64 40.8
1550102708.66 40.8
1550102718.68 40.2
1550102728.69 40.8
1550102738.71 39.7
1550102748.73 40.8
1550102758.75 40.8
1550102768.76 40.8
1550102778.78 40.8
1550102788.81 40.8
1550102798.83 40.8
1550102808.85 40.8
1550102818.86 40.2
1550102828.88 40.2
1550102838.9 39.7
1550102848.92 40.8
1550102858.94 39.7
1550102868.95 40.2
1550102878.96 40.2
1550102888.99 40.2
1550102899.01 39.7
1550102909.03 40.8
1550102919.04 39.7
1550102929.05 39.2
1550102939.07 40.2
1550102949.09 39.7
1550102959.11 39.7
1550102969.12 38.6
1550102979.14 39.7
1550102989.15 40.2
1550102999.17 39.2
1550103009.19 39.7
1550103019.2 38.6
1550103029.22 38.6
1550103039.24 39.2
1550103049.26 38.6
1550103059.27 39.2
1550103069.29 39.2
1550103079.31 38.6
1550103089.33 39.7
1550103099.35 39.2
1550103109.37 38.6
1550103119.39 38.6
1550103129.41 39.2
1550103139.43 39.2
1550103149.44 38.6
1550103159.47 38.6
1550103169.49 38.6
1550103179.5 39.2
1550103189.51 39.2
1550103199.53 38.6
1550103209.54 38.6
1550103219.56 38.6
1550103229.58 39.7
1550103239.59 38.6
1550103249.61 38.6
1550103259.62 38.6
1550103269.64 38.6
1550103279.65 38.6
1550103289.66 38.6
1550103299.67 39.2
1550103309.7 38.6
1550103319.7 39.2
1550103329.71 39.2
1550103339.74 39.7
1550103349.76 39.2
1550103359.77 38.6
1550103369.78 39.7
1550103379.8 39.7
1550103389.81 38.6
1550103399.83 39.2
1550103409.84 38.6
1550103419.86 38.6
1550103429.87 39.2
1550103439.88 38.6
1550103449.9 38.6
1550103459.91 38.6
1550103469.93 38.6
1550103479.95 38.6
1550103489.96 39.2
1550103499.97 38.6
1550103509.99 38.6
1550103520.01 38.6
1550103530.03 38.6
1550103540.05 38.6
1550103550.07 39.2
1550103560.09 38.1
1550103570.1 38.6
1550103580.12 38.6
1550103590.14 37.6
1550103600.16 37.6
1550103610.17 38.6
1550103620.19 38.6
1550103630.21 38.6
1550103640.23 38.6
1550103650.24 37.6
1550103660.26 37.6
1550103670.28 37.6
1550103680.3 38.1
1550103690.31 38.1
1550103700.33 38.1
1550103710.34 38.6
1550103720.36 38.6
1550103730.38 38.6
1550103740.4 37.6
1550103750.42 38.6
1550103760.44 37.6
1550103770.45 38.6
1550103780.47 38.6
1550103790.49 38.6
1550103800.5 38.6
1550103810.51 38.6
1550103820.52 38.6
1550103830.54 38.6
1550103840.56 38.1
1550103850.57 37.6
1550103860.58 38.6
1550103870.6 38.1
1550103880.62 38.6
1550103890.64 38.6
1550103900.64 37.6
1550103910.66 37.6
1550103920.68 37.6
1550103930.7 36.5
1550103940.71 37.6
1550103950.73 37.0
1550103960.74 37.6
1550103970.75 37.6
1550103980.77 37.0
1550103990.79 37.0
1550104000.81 37.0
1550104010.83 37.0
1550104020.83 37.0
1550104030.85 37.0
1550104040.86 37.6
1550104050.88 38.1
1550104060.9 37.6
1550104070.92 37.6
1550104080.93 37.6
1550104090.95 37.6
1550104100.97 38.1
1550104110.98 37.6
1550104121.01 37.6
1550104131.02 38.6
1550104141.04 38.6
1550104151.05 37.6
1550104161.07 38.1
1550104171.08 37.6
1550104181.1 37.6
1550104191.12 38.6
1550104201.14 37.6
1550104211.16 38.1
1550104221.18 37.6
1550104231.19 38.1
1550104241.21 37.6
1550104251.23 37.6
1550104261.25 37.6
1550104271.27 37.6
1550104281.29 37.6
1550104291.31 37.6
1550104301.32 37.6
1550104311.34 38.1
1550104321.35 38.1
1550104331.37 38.1
1550104341.39 37.6
1550104351.41 37.6
1550104361.43 37.6
1550104371.45 37.6
1550104381.47 37.6
1550104391.48 38.1
1550104401.5 37.6
1550104411.52 38.1
1550104421.53 37.6
1550104431.55 37.0
1550104441.57 37.6
1550104451.59 37.6
1550104461.61 37.6
1550104471.63 37.0
1550104481.64 37.6
1550104491.66 37.0
1550104501.68 37.0
1550104511.7 37.0
1550104521.71 37.6
1550104531.73 37.6
1550104541.75 36.5
1550104551.76 37.6
1550104561.78 36.5
1550104571.8 36.5
1550104581.83 36.5
1550104591.84 37.0
1550104601.86 36.5
1550104611.88 36.5
1550104621.91 36.5
1550104631.92 37.0
1550104641.94 36.5
1550104651.94 37.6
1550104661.96 37.6
1550104671.97 37.0
1550104681.99 36.5
1550104692.01 37.0
1550104702.02 37.6
1550104712.04 37.6
1550104722.05 37.6
1550104732.07 37.6
1550104742.09 37.6
1550104752.11 37.6
1550104762.13 36.5
1550104772.13 38.1
1550104782.14 37.6
1550104792.16 36.5
1550104802.18 37.0
1550104812.2 36.5
1550104822.22 36.5
1550104832.24 36.5
1550104842.25 37.0
1550104852.27 37.0
1550104862.29 37.6
1550104872.31 37.6
1550104882.32 37.6
1550104892.33 37.6
1550104902.35 37.6
1550104912.36 37.0
1550104922.39 37.0
1550104932.4 37.6
1550104942.41 37.0
1550104952.43 37.6
1550104962.45 37.0
1550104972.47 37.6
1550104982.49 37.6
1550104992.51 37.6
1550105002.52 38.1
1550105012.54 36.5
1550105022.55 37.6
1550105032.57 36.5
1550105042.59 37.0
1550105052.6 37.6
1550105062.62 37.0
1550105072.63 37.6
1550105082.64 37.0
1550105092.66 37.6
1550105102.67 38.1
1550105112.69 37.6
1550105122.7 38.1
1550105132.71 37.6
1550105142.73 38.1
1550105152.75 38.1
1550105162.77 38.6
1550105172.78 38.1
1550105182.79 38.6
1550105192.81 37.6
1550105202.82 38.1
1550105212.84 38.1
1550105222.86 37.6
1550105232.88 37.6
1550105242.89 37.6
1550105252.91 37.0
1550105262.92 37.6
1550105272.93 38.1
1550105282.95 37.6
1550105292.96 37.6
1550105302.98 36.5
1550105312.99 37.0
1550105323.0 37.6
1550105333.02 37.6
1550105343.03 37.0
1550105353.05 36.5
1550105363.07 37.6
1550105373.09 37.6
1550105383.1 37.6
1550105393.12 37.0
1550105403.14 37.6
1550105413.15 37.6
1550105423.16 38.6
1550105433.18 37.6
1550105443.19 38.6
1550105453.21 37.6
1550105463.22 38.6
1550105473.25 38.1
1550105483.26 38.1
1550105493.28 38.1
1550105503.29 38.6
1550105513.31 38.6
1550105523.33 38.6
1550105533.34 38.1
1550105543.36 38.1
1550105553.37 38.6
1550105563.39 38.6
1550105573.41 38.1
1550105583.42 38.1
1550105593.44 38.1
1550105603.46 38.1
1550105613.47 38.6
1550105623.49 37.6
1550105633.51 38.6
1550105643.53 38.6
1550105653.55 38.1
1550105663.56 37.6
1550105673.57 38.6
1550105683.59 37.6
1550105693.6 38.1
1550105703.61 38.1
1550105713.64 37.6
1550105723.65 38.6
1550105733.67 38.1
1550105743.68 38.6
1550105753.7 37.6
1550105763.72 37.6
1550105773.74 37.6
1550105783.76 37.6
1550105793.78 37.6
1550105803.79 37.6
1550105813.8 37.6
1550105823.82 37.6
1550105833.84 37.6
1550105843.86 37.6
1550105853.87 37.6
1550105863.91 37.6
1550105873.93 37.0
1550105883.94 37.6
1550105893.96 38.1
1550105903.98 38.6
1550105913.99 37.6
1550105924.01 36.5
1550105934.03 36.5
1550105944.05 37.6
1550105954.07 36.5
1550105964.09 36.5
1550105974.11 36.5
1550105984.13 36.5
1550105994.16 37.0
