1550300005.22 39.2
1550300015.24 39.7
1550300025.26 39.7
1550300035.28 39.2
1550300045.29 40.2
1550300055.31 39.7
1550300065.33 39.2
1550300075.35 39.7
1550300085.36 39.7
1550300095.38 39.2
1550300105.4 39.2
1550300115.42 39.7
1550300125.43 39.2
1550300135.45 39.2
1550300145.47 39.7
1550300155.49 39.7
1550300165.5 39.2
1550300175.52 39.2
1550300185.55 39.7
1550300195.56 39.7
1550300205.58 40.2
1550300215.6 39.7
1550300225.62 39.7
1550300235.64 40.2
1550300245.66 39.7
1550300255.67 39.2
1550300265.68 39.7
1550300275.7 39.7
1550300285.72 38.6
1550300295.74 39.7
1550300305.76 39.7
1550300315.78 39.2
1550300325.8 39.7
1550300335.82 39.7
1550300345.84 39.7
1550300355.86 39.7
1550300365.88 39.2
1550300375.89 40.8
1550300385.92 39.7
1550300395.94 39.7
1550300405.96 40.8
1550300415.98 40.2
1550300426.0 40.8
1550300436.02 39.7
1550300446.04 39.7
1550300456.06 40.2
1550300466.08 39.2
1550300476.1 40.2
1550300486.12 39.7
1550300496.14 39.2
1550300506.16 40.8
1550300516.18 39.7
1550300526.2 40.2
1550300536.22 40.2
1550300546.24 39.7
1550300556.26 40.8
1550300566.28 39.7
1550300576.3 39.7
1550300586.32 40.2
1550300596.34 40.8
1550300606.36 40.2
1550300616.38 40.8
1550300626.39 40.8
1550300636.41 40.2
1550300646.44 40.2
1550300656.46 40.2
1550300666.47 40.8
1550300676.5 40.8
1550300686.52 40.8
1550300696.54 40.2
1550300706.56 39.7
1550300716.57 40.2
1550300726.59 40.2
1550300736.61 39.7
1550300746.63 39.7
1550300756.64 39.7
1550300766.66 39.7
1550300776.68 39.7
1550300786.7 39.7
1550300796.72 39.2
1550300806.74 39.2
1550300816.76 39.2
1550300826.78 39.7
1550300836.79 39.7
1550300846.81 39.7
1550300856.83 39.2
1550300866.85 39.2
1550300876.86 39.2
1550300886.88 39.2
1550300896.9 39.2
1550300906.92 39.2
1550300916.94 39.2
1550300926.96 39.2
1550300936.98 39.2
1550300947.0 38.6
1550300957.02 38.6
1550300967.04 39.2
1550300977.06 38.6
1550300987.07 38.6
1550300997.09 39.7
1550301007.1 38.6
1550301017.12 39.2
1550301027.14 38.6
1550301037.16 39.2
1550301047.18 39.2
1550301057.2 38.6
1550301067.21 38.6
1550301077.23 39.2
1550301087.25 38.6
1550301097.27 38.6
1550301107.29 38.6
1550301117.3 39.2
1550301127.32 39.2
1550301137.34 39.2
1550301147.36 39.2
1550301157.38 38.6
1550301167.4 39.2
1550301177.41 39.2
1550301187.43 38.6
1550301197.44 39.2
1550301207.46 38.6
1550301217.47 39.7
1550301227.49 39.2
1550301237.51 38.6
1550301247.52 39.2
1550301257.54 38.6
1550301267.55 39.2
1550301277.58 38.6
1550301287.59 39.2
1550301297.61 39.2
1550301307.62 38.6
1550301317.64 38.6
1550301327.66 39.2
1550301337.68 39.2
1550301347.69 39.2
1550301357.7 39.2
1550301367.73 38.6
1550301377.75 38.6
1550301387.77 39.2
1550301397.78 38.6
1550301407.8 38.6
1550301417.82 38.6
1550301427.84 39.2
1550301437.86 38.6
1550301447.87 39.2
1550301457.89 39.2
1550301467.91 39.2
1550301477.92 38.6
1550301487.94 39.2
1550301497.96 38.6
1550301507.98 38.6
1550301518.0 38.6
1550301528.02 39.2
1550301538.03 38.6
1550301548.05 38.6
1550301558.07 38.6
1550301568.09 38.6
1550301578.11 38.6
1550301588.13 38.6
1550301598.14 38.6
1550301608.16 38.6
1550301618.17 38.6
1550301628.19 39.2
1550301638.21 38.6
1550301648.23 38.6
1550301658.24 39.2
1550301668.26 38.6
1550301678.28 39.2
1550301688.3 38.6
1550301698.32 38.6
1550301708.33 39.2
1550301718.34 39.2
1550301728.36 38.6
1550301738.38 39.2
1550301748.4 38.6
1550301758.42 39.2
1550301768.43 39.2
1550301778.45 38.6
1550301788.47 39.2
1550301798.48 39.7
1550301808.5 39.2
1550301818.53 38.6
1550301828.53 39.7
1550301838.55 38.1
1550301848.57 38.6
1550301858.59 38.6
1550301868.61 39.2
1550301878.63 38.6
1550301888.65 38.6
1550301898.67 38.1
1550301908.68 38.6
1550301918.7 38.6
1550301928.72 39.2
1550301938.74 38.6
1550301948.76 38.6
1550301958.78 38.6
1550301968.8 39.2
1550301978.82 38.6
1550301988.84 38.6
1550301998.86 39.2
1550302008.87 39.2
1550302018.9 38.6
1550302028.92 38.6
1550302038.94 38.6
1550302048.96 39.2
1550302058.98 38.6
1550302069.0 38.6
1550302079.02 38.1
1550302089.04 38.6
1550302099.06 39.2
1550302109.08 38.6
1550302119.09 39.2
1550302129.11 38.6
1550302139.13 39.2
1550302149.16 38.6
1550302159.17 39.2
1550302169.2 38.6
1550302179.22 38.6
1550302189.24 39.2
1550302199.27 38.6
1550302209.28 39.2
1550302219.3 39.2
1550302229.32 39.2
1550302239.34 38.6
1550302249.35 39.2
1550302259.37 38.6
1550302269.39 39.2
1550302279.41 37.6
1550302289.43 38.1
1550302299.45 38.6
1550302309.47 38.6
1550302319.49 38.6
1550302329.51 38.1
1550302339.53 38.6
1550302349.55 38.6
1550302359.57 38.6
1550302369.58 38.6
1550302379.59 38.6
1550302389.62 38.1
1550302399.64 38.6
1550302409.66 38.6
1550302419.68 39.2
1550302429.7 38.6
1550302439.73 38.6
1550302449.75 38.1
1550302459.76 38.6
1550302469.78 39.2
1550302479.8 38.6
1550302489.82 38.6
1550302499.83 38.6
1550302509.85 38.6
1550302519.86 38.6
1550302529.88 38.6
1550302539.9 38.6
1550302549.92 38.6
1550302559.94 38.6
1550302569.96 38.1
1550302579.98 38.6
1550302589.99 38.6
1550302600.01 38.6
1550302610.03 38.6
1550302620.05 38.1
1550302630.07 37.6
1550302640.09 38.6
1550302650.1 39.2
1550302660.12 38.6
1550302670.14 38.1
1550302680.16 38.1
1550302690.18 38.1
1550302700.2 38.1
1550302710.22 38.6
1550302720.23 38.6
1550302730.25 38.6
1550302740.27 38.1
1550302750.29 38.6
1550302760.31 38.6
1550302770.32 38.6
1550302780.34 38.6
1550302790.36 38.6
1550302800.38 37.6
1550302810.4 37.6
1550302820.42 38.1
1550302830.44 38.1
1550302840.46 38.1
1550302850.48 37.6
1550302860.5 37.6
1550302870.52 38.1
1550302880.53 38.1
1550302890.55 38.1
1550302900.57 38.6
1550302910.59 38.6
1550302920.61 38.6
1550302930.63 38.6
1550302940.64 38.6
1550302950.66 38.6
1550302960.68 37.6
1550302970.69 38.1
1550302980.71 37.6
1550302990.73 38.1
1550303000.74 38.6
1550303010.76 38.6
1550303020.77 39.2
1550303030.79 38.1
1550303040.81 38.6
1550303050.83 38.6
1550303060.85 38.6
1550303070.86 38.1
1550303080.88 38.6
1550303090.9 38.1
1550303100.92 37.6
1550303110.94 38.6
1550303120.95 39.2
1550303130.96 39.2
1550303140.98 37.6
1550303151.0 38.6
1550303161.01 39.2
1550303171.02 37.6
1550303181.03 38.6
1550303191.05 38.1
1550303201.07 38.6
1550303211.09 38.1
1550303221.1 38.1
1550303231.12 38.6
1550303241.14 37.6
1550303251.16 38.1
1550303261.17 38.6
1550303271.19 38.6
1550303281.21 37.6
1550303291.23 38.1
1550303301.25 38.6
1550303311.27 37.0
1550303321.29 38.1
1550303331.3 38.1
1550303341.33 37.6
1550303351.34 38.6
1550303361.36 38.1
1550303371.37 38.6
1550303381.4 37.6
1550303391.41 38.6
1550303401.43 38.6
1550303411.45 37.6
1550303421.47 38.1
1550303431.48 38.6
1550303441.5 38.6
1550303451.51 38.6
1550303461.53 37.6
1550303471.55 37.6
1550303481.57 38.6
1550303491.59 38.1
1550303501.6 37.6
1550303511.62 38.1
1550303521.63 37.6
1550303531.65 37.6
1550303541.67 38.6
1550303551.69 38.6
1550303561.7 38.6
1550303571.73 37.6
1550303581.75 37.6
1550303591.77 37.6
1550303601.79 37.6
1550303611.8 37.6
1550303621.82 37.6
1550303631.84 37.6
1550303641.87 37.6
1550303651.89 37.6
1550303661.9 37.6
1550303671.92 37.6
1550303681.95 38.1
1550303691.96 37.6
1550303701.98 37.6
1550303712.0 37.6
1550303722.02 38.6
1550303732.04 37.6
1550303742.06 38.6
1550303752.08 38.1
1550303762.1 38.6
1550303772.12 37.6
1550303782.14 37.6
1550303792.16 37.6
1550303802.18 37.0
1550303812.2 37.6
1550303822.2 38.6
1550303832.22 38.6
1550303842.24 37.6
1550303852.26 38.1
1550303862.28 37.6
1550303872.3 37.6
1550303882.32 37.6
1550303892.34 37.6
1550303902.36 37.6
1550303912.38 38.6
1550303922.4 37.6
1550303932.44 37.6
1550303942.45 37.6
1550303952.47 38.1
1550303962.49 37.6
1550303972.52 37.0
1550303982.54 37.6
1550303992.55 38.1
1550304002.57 38.6
1550304012.59 38.1
1550304022.61 37.6
1550304032.63 37.6
1550304042.64 38.6
1550304052.67 37.6
1550304062.69 38.1
1550304072.7 37.6
1550304082.72 37.6
1550304092.74 37.6
1550304102.76 38.1
1550304112.78 37.6
1550304122.8 38.1
1550304132.81 38.6
1550304142.83 37.6
1550304152.85 37.6
1550304162.87 37.6
1550304172.89 37.6
1550304182.91 37.0
1550304192.93 37.6
1550304202.96 37.6
1550304212.98 37.6
1550304222.99 38.1
1550304233.01 38.6
1550304243.03 37.6
1550304253.05 37.6
1550304263.07 37.6
1550304273.09 37.6
1550304283.11 38.1
1550304293.13 37.6
1550304303.15 37.6
1550304313.17 37.6
1550304323.19 37.0
1550304333.21 37.6
1550304343.22 38.6
1550304353.24 38.6
1550304363.25 37.6
1550304373.27 38.1
1550304383.28 37.6
1550304393.3 37.6
1550304403.32 37.0
1550304413.34 38.1
1550304423.36 37.6
1550304433.37 38.1
1550304443.39 37.6
1550304453.41 37.6
1550304463.43 37.6
1550304473.45 37.6
1550304483.47 37.6
1550304493.48 37.6
1550304503.5 37.6
1550304513.52 38.1
1550304523.54 37.6
1550304533.56 37.6
1550304543.57 38.1
1550304553.59 37.6
1550304563.61 38.1
1550304573.63 37.0
1550304583.65 37.6
1550304593.67 37.6
1550304603.69 37.6
1550304613.71 37.0
1550304623.73 37.6
1550304633.75 37.6
1550304643.77 37.6
1550304653.78 38.1
1550304663.8 37.0
1550304673.82 37.6
1550304683.84 37.6
1550304693.86 37.6
1550304703.88 38.1
1550304713.9 37.6
1550304723.92 37.6
1550304733.94 37.6
1550304743.96 37.0
1550304753.98 37.6
1550304764.0 37.6
1550304774.02 37.0
1550304784.04 37.0
1550304794.06 37.6
1550304804.08 37.6
1550304814.1 37.6
1550304824.12 37.6
1550304834.14 37.6
1550304844.16 37.6
1550304854.18 37.6
1550304864.2 36.5
1550304874.21 38.1
1550304884.23 37.0
1550304894.26 37.0
1550304904.27 37.6
1550304914.29 37.6
1550304924.31 37.6
1550304934.32 38.6
1550304944.34 37.0
1550304954.37 37.0
1550304964.39 36.5
1550304974.41 37.6
1550304984.43 37.6
1550304994.44 37.6
1550305004.46 37.0
1550305014.49 37.0
1550305024.49 37.6
1550305034.51 37.6
1550305044.53 37.6
1550305054.55 37.6
1550305064.56 38.6
1550305074.58 37.6
1550305084.6 37.6
1550305094.62 37.6
1550305104.64 37.6
1550305114.66 37.0
1550305124.68 37.6
1550305134.7 37.0
1550305144.72 37.0
1550305154.74 38.1
1550305164.76 37.6
1550305174.79 37.6
1550305184.81 37.6
1550305194.83 37.6
1550305204.85 37.6
1550305214.88 38.1
1550305224.9 37.6
1550305234.93 37.6
1550305244.95 37.6
1550305254.97 37.0
1550305264.98 37.6
1550305275.01 37.6
1550305285.02 37.6
1550305295.04 37.6
1550305305.06 37.0
1550305315.08 37.6
1550305325.1 37.0
1550305335.12 37.0
1550305345.14 37.0
1550305355.15 38.1
1550305365.18 37.6
1550305375.2 37.6
1550305385.21 37.0
1550305395.23 37.6
1550305405.25 37.0
1550305415.27 37.0
1550305425.29 37.6
1550305435.31 37.0
1550305445.33 36.5
1550305455.35 36.5
1550305465.37 37.0
1550305475.39 36.5
1550305485.41 36.5
1550305495.43 36.5
1550305505.45 37.6
1550305515.47 37.6
1550305525.49 37.6
1550305535.51 37.6
1550305545.53 37.0
1550305555.55 36.5
1550305565.57 37.0
1550305575.59 37.0
1550305585.61 37.6
1550305595.63 37.6
1550305605.65 37.6
1550305615.68 37.6
1550305625.69 37.6
1550305635.71 37.0
1550305645.73 37.6
1550305655.75 37.0
1550305665.77 37.0
1550305675.79 36.5
1550305685.81 37.6
1550305695.83 37.0
1550305705.86 37.0
1550305715.87 36.5
1550305725.9 37.0
1550305735.92 36.5
1550305745.94 36.5
1550305755.96 37.0
1550305765.97 36.5
1550305775.99 37.0
1550305786.01 37.0
1550305796.03 37.6
1550305806.05 37.0
1550305816.07 37.6
1550305826.08 36.5
1550305836.1 36.5
1550305846.12 36.5
1550305856.14 36.5
1550305866.16 37.6
1550305876.18 36.5
1550305886.2 37.0
1550305896.22 36.5
1550305906.24 36.5
1550305916.26 36.5
1550305926.28 37.6
1550305936.3 36.5
1550305946.32 37.0
1550305956.33 37.6
1550305966.35 38.1
1550305976.37 36.5
1550305986.39 37.0
1550305996.4 37.0
1550306006.42 36.5
1550306016.45 36.5
1550306026.46 36.5
1550306036.48 37.0
1550306046.5 37.0
1550306056.51 37.0
1550306066.53 37.6
1550306076.55 36.5
1550306086.57 36.5
1550306096.59 37.0
1550306106.61 36.5
1550306116.63 36.5
1550306126.65 37.0
1550306136.67 36.5
1550306146.69 37.0
1550306156.71 36.5
1550306166.72 36.5
1550306176.75 36.5
1550306186.77 37.0
1550306196.78 37.6
1550306206.8 36.5
1550306216.81 37.0
1550306226.84 37.0
1550306236.85 37.0
1550306246.88 37.0
1550306256.9 36.5
1550306266.92 37.0
1550306276.93 36.5
1550306286.95 36.5
1550306296.98 36.5
1550306307.0 37.0
1550306317.02 37.0
1550306327.04 36.5
1550306337.06 36.5
1550306347.08 36.5
1550306357.1 36.5
1550306367.12 36.5
1550306377.14 36.5
1550306387.17 37.0
1550306397.19 37.0
1550306407.2 37.6
1550306417.22 36.5
1550306427.24 37.6
1550306437.26 36.5
1550306447.28 36.5
1550306457.3 38.1
1550306467.32 37.0
1550306477.33 36.5
1550306487.35 37.6
1550306497.37 37.0
1550306507.39 36.5
1550306517.41 37.0
1550306527.43 37.0
1550306537.46 36.5
1550306547.48 37.0
1550306557.49 36.5
1550306567.51 36.5
1550306577.53 37.6
1550306587.55 37.0
1550306597.57 37.6
1550306607.58 37.6
1550306617.6 37.6
1550306627.62 36.5
1550306637.64 37.0
1550306647.65 36.5
1550306657.67 36.5
1550306667.69 37.0
1550306677.71 36.5
1550306687.73 37.0
1550306697.75 36.5
1550306707.77 37.6
1550306717.79 36.5
1550306727.82 36.5
1550306737.83 37.0
1550306747.85 36.5
1550306757.86 37.6
1550306767.88 37.6
1550306777.9 36.5
1550306787.92 36.5
1550306797.94 36.5
1550306807.96 36.5
1550306817.98 36.5
1550306828.0 36.5
1550306838.02 36.5
1550306848.04 36.5
1550306858.06 36.5
1550306868.08 36.5
1550306878.1 37.0
1550306888.12 36.5
1550306898.14 36.5
1550306908.16 36.5
1550306918.18 36.5
1550306928.2 36.5
1550306938.22 36.5
1550306948.25 36.5
1550306958.27 36.5
1550306968.28 37.0
1550306978.3 36.5
1550306988.32 37.0
1550306998.34 36.5
1550307008.36 36.5
1550307018.38 36.5
1550307028.4 37.6
1550307038.42 36.5
1550307048.44 37.6
1550307058.46 37.0
1550307068.48 37.6
1550307078.49 37.0
1550307088.51 36.5
1550307098.53 36.5
1550307108.55 37.0
1550307118.57 36.5
1550307128.59 36.5
1550307138.61 37.0
1550307148.63 36.5
1550307158.65 37.0
1550307168.67 37.0
1550307178.69 36.5
1550307188.71 37.0
1550307198.73 36.5
1550307208.75 36.5
1550307218.77 36.5
1550307228.8 36.5
1550307238.82 37.0
1550307248.84 36.5
1550307258.86 36.5
1550307268.88 36.5
1550307278.9 36.5
1550307288.92 36.5
1550307298.94 36.5
1550307308.96 37.0
1550307318.98 36.5
1550307329.0 36.5
1550307339.02 36.5
1550307349.04 36.5
1550307359.06 36.5
1550307369.1 36.5
1550307379.12 36.5
1550307389.15 36.5
1550307399.17 36.5
1550307409.19 36.5
1550307419.2 35.9
1550307429.22 36.5
1550307439.24 36.5
1550307449.26 36.5
1550307459.28 36.5
1550307469.3 36.5
1550307479.32 36.5
1550307489.33 37.0
1550307499.34 36.5
1550307509.36 36.5
1550307519.38 36.5
1550307529.4 36.5
1550307539.42 36.5
1550307549.43 36.5
1550307559.45 36.5
1550307569.46 36.5
1550307579.48 36.5
1550307589.49 36.5
1550307599.52 36.5
