1550500007.53 35.9
1550500017.55 35.4
1550500027.57 35.9
1550500037.59 35.9
1550500047.61 36.5
1550500057.63 36.5
1550500067.64 35.9
1550500077.66 35.4
1550500087.68 35.4
1550500097.71 35.4
1550500107.72 35.9
1550500117.74 35.4
1550500127.76 35.9
1550500137.78 35.4
1550500147.8 35.9
1550500157.82 36.5
1550500167.83 36.5
1550500177.85 35.9
1550500187.88 35.9
1550500197.9 36.5
1550500207.92 36.5
1550500217.93 36.5
1550500227.95 36.5
1550500237.98 36.5
1550500248.0 35.4
1550500258.02 35.9
1550500268.04 35.9
1550500278.06 35.9
1550500288.08 36.5
1550500298.09 36.5
1550500308.11 35.4
1550500318.13 35.4
1550500328.15 35.9
1550500338.17 35.4
1550500348.19 35.9
1550500358.21 36.5
1550500368.22 35.4
1550500378.25 35.9
1550500388.27 36.5
1550500398.29 35.9
1550500408.31 35.9
1550500418.33 35.4
1550500428.35 35.4
1550500438.37 35.9
1550500448.38 35.4
1550500458.4 35.4
1550500468.42 35.9
1550500478.44 36.5
1550500488.46 35.4
1550500498.48 35.9
1550500508.5 35.9
1550500518.51 35.9
1550500528.54 35.9
1550500538.56 35.4
1550500548.58 36.5
1550500558.6 35.9
1550500568.62 36.5
1550500578.64 35.9
1550500588.66 35.9
1550500598.67 36.5
1550500608.69 36.5
1550500618.71 37.6
1550500628.72 36.5
1550500638.74 36.5
1550500648.76 36.5
1550500658.78 36.5
1550500668.8 36.5
1550500678.82 36.5
1550500688.84 36.5
1550500698.85 36.5
1550500708.87 36.5
1550500718.89 36.5
1550500728.91 36.5
1550500738.92 36.5
1550500748.95 35.4
1550500758.96 36.5
1550500768.98 36.5
1550500779.0 35.9
1550500789.02 35.9
1550500799.04 36.5
1550500809.06 36.5
1550500819.07 36.5
1550500829.09 37.0
1550500839.11 36.5
1550500849.13 35.9
1550500859.15 37.0
1550500869.17 35.9
1550500879.18 36.5
1550500889.19 36.5
1550500899.2 36.5
1550500909.21 36.5
1550500919.22 36.5
1550500929.23 36.5
1550500939.25 36.5
1550500949.27 35.9
1550500959.29 36.5
1550500969.3 36.5
1550500979.32 35.9
1550500989.34 36.5
1550500999.36 36.5
1550501009.38 36.5
1550501019.4 36.5
1550501029.42 36.5
1550501039.45 36.5
1550501049.47 35.9
1550501059.49 36.5
1550501069.51 36.5
1550501079.53 36.5
1550501089.55 35.9
1550501099.57 35.9
1550501109.59 36.5
1550501119.6 36.5
1550501129.62 35.9
1550501139.64 36.5
1550501149.66 35.4
1550501159.67 36.5
1550501169.69 36.5
1550501179.7 36.5
1550501189.72 35.9
1550501199.74 35.4
1550501209.77 36.5
1550501219.78 35.4
1550501229.8 36.5
1550501239.82 35.9
1550501249.84 36.5
1550501259.86 36.5
1550501269.88 36.5
1550501279.89 36.5
1550501289.91 36.5
1550501299.93 36.5
1550501309.94 36.5
1550501319.96 35.4
1550501329.97 36.5
1550501339.99 36.5
1550501350.01 35.9
1550501360.02 36.5
1550501370.04 36.5
1550501380.06 36.5
1550501390.08 36.5
1550501400.09 36.5
1550501410.11 37.0
1550501420.13 36.5
1550501430.14 37.0
1550501440.16 36.5
1550501450.17 37.0
1550501460.19 36.5
1550501470.21 36.5
1550501480.24 37.0
1550501490.26 35.9
1550501500.28 36.5
1550501510.29 36.5
1550501520.31 37.0
1550501530.33 37.0
1550501540.35 36.5
1550501550.37 37.6
1550501560.39 36.5
1550501570.4 36.5
1550501580.42 36.5
1550501590.44 36.5
1550501600.45 36.5
1550501610.48 36.5
1550501620.49 35.4
1550501630.51 37.0
1550501640.53 36.5
1550501650.56 37.0
1550501660.57 36.5
1550501670.59 36.5
1550501680.61 37.6
1550501690.63 36.5
1550501700.64 36.5
1550501710.66 36.5
1550501720.67 36.5
1550501730.69 36.5
1550501740.71 36.5
1550501750.73 36.5
1550501760.75 36.5
1550501770.77 36.5
1550501780.79 36.5
1550501790.81 36.5
1550501800.82 36.5
1550501810.84 36.5
1550501820.86 36.5
1550501830.88 36.5
1550501840.89 37.0
1550501850.92 36.5
1550501860.93 36.5
1550501870.95 36.5
1550501880.97 36.5
1550501890.99 36.5
1550501901.01 36.5
1550501911.02 37.0
1550501921.05 36.5
1550501931.06 36.5
1550501941.07 36.5
1550501951.09 36.5
1550501961.12 36.5
1550501971.14 36.5
1550501981.15 36.5
1550501991.17 37.6
1550502001.18 36.5
1550502011.21 37.0
1550502021.23 37.0
1550502031.24 36.5
1550502041.26 37.0
1550502051.28 36.5
1550502061.3 36.5
1550502071.31 36.5
1550502081.33 36.5
1550502091.35 36.5
1550502101.37 36.5
1550502111.4 36.5
1550502121.41 36.5
1550502131.43 36.5
1550502141.45 36.5
1550502151.47 36.5
1550502161.49 37.6
1550502171.51 37.0
1550502181.53 36.5
1550502191.54 36.5
1550502201.55 36.5
1550502211.57 36.5
1550502221.58 36.5
1550502231.6 36.5
1550502241.62 35.9
1550502251.64 35.9
1550502261.66 36.5
1550502271.67 36.5
1550502281.68 36.5
1550502291.7 36.5
1550502301.72 36.5
1550502311.73 36.5
1550502321.74 36.5
1550502331.76 36.5
1550502341.78 37.6
1550502351.8 36.5
1550502361.82 37.0
1550502371.83 37.0
1550502381.85 37.0
1550502391.86 37.6
1550502401.87 38.1
1550502411.88 37.6
1550502421.91 37.6
1550502431.92 37.6
1550502441.94 37.0
1550502451.96 37.6
1550502461.97 37.6
1550502471.99 37.0
1550502482.0 37.6
1550502492.02 37.6
1550502502.03 37.6
1550502512.05 37.0
1550502522.06 37.6
1550502532.07 38.1
1550502542.09 37.6
1550502552.1 38.1
1550502562.12 36.5
1550502572.14 37.0
1550502582.17 36.5
1550502592.19 37.0
1550502602.21 37.0
1550502612.23 36.5
1550502622.25 36.5
1550502632.28 36.5
1550502642.29 37.6
1550502652.3 37.0
1550502662.32 36.5
1550502672.34 36.5
1550502682.36 36.5
1550502692.37 37.6
1550502702.39 35.9
1550502712.4 36.5
1550502722.42 36.5
1550502732.44 36.5
1550502742.46 36.5
1550502752.48 36.5
1550502762.49 37.0
1550502772.51 36.5
1550502782.53 36.5
1550502792.55 37.0
1550502802.57 36.5
1550502812.58 36.5
1550502822.6 36.5
1550502832.61 37.0
1550502842.63 36.5
1550502852.65 36.5
1550502862.66 37.0
1550502872.67 36.5
1550502882.69 36.5
1550502892.7 37.6
1550502902.72 36.5
1550502912.74 37.0
1550502922.76 36.5
1550502932.77 36.5
1550502942.79 37.0
1550502952.8 37.6
1550502962.81 37.6
1550502972.83 36.5
1550502982.85 36.5
1550502992.87 36.5
1550503002.89 37.0
1550503012.91 37.0
1550503022.93 36.5
1550503032.95 36.5
1550503042.97 36.5
1550503052.99 37.6
1550503063.0 37.6
1550503073.02 37.0
1550503083.05 37.0
1550503093.07 36.5
1550503103.1 36.5
1550503113.12 36.5
1550503123.14 36.5
1550503133.15 37.6
1550503143.18 36.5
1550503153.19 37.0
1550503163.21 37.0
1550503173.23 37.6
1550503183.25 36.5
1550503193.27 36.5
1550503203.28 36.5
1550503213.3 36.5
1550503223.32 37.0
1550503233.34 37.0
1550503243.36 37.0
1550503253.38 36.5
1550503263.41 37.0
1550503273.42 37.0
1550503283.43 37.0
1550503293.45 37.0
1550503303.47 36.5
1550503313.49 37.6
1550503323.51 37.6
1550503333.53 36.5
1550503343.55 37.6
1550503353.56 37.6
1550503363.58 36.5
1550503373.59 37.6
1550503383.61 37.6
1550503393.63 37.6
1550503403.64 37.6
1550503413.66 37.0
1550503423.68 38.1
1550503433.69 37.6
1550503443.7 38.1
1550503453.72 37.6
1550503463.73 37.6
1550503473.75 37.6
1550503483.76 37.0
1550503493.78 38.1
1550503503.8 37.6
1550503513.81 38.1
1550503523.83 37.6
1550503533.84 37.6
1550503543.86 37.6
1550503553.88 37.6
1550503563.89 38.1
1550503573.93 37.6
1550503583.94 37.6
1550503593.96 38.1
1550503603.98 37.6
1550503614.01 37.6
1550503624.03 37.6
1550503634.05 38.1
1550503644.06 37.6
1550503654.09 38.1
1550503664.1 37.6
1550503674.12 37.6
1550503684.13 38.6
1550503694.15 37.6
1550503704.17 38.6
1550503714.19 38.6
1550503724.2 38.6
1550503734.22 38.6
1550503744.24 38.1
1550503754.26 38.1
1550503764.27 38.1
1550503774.29 38.1
1550503784.3 38.6
1550503794.32 38.1
1550503804.33 38.6
1550503814.34 38.6
1550503824.35 37.6
1550503834.38 38.6
1550503844.4 38.1
1550503854.42 38.6
1550503864.43 38.6
1550503874.45 38.6
1550503884.46 38.6
1550503894.48 38.6
1550503904.51 38.6
1550503914.53 38.1
1550503924.55 38.6
1550503934.56 38.6
1550503944.58 39.2
1550503954.6 39.2
1550503964.63 38.6
1550503974.64 38.6
1550503984.66 39.7
1550503994.67 38.6
1550504004.69 39.2
1550504014.7 39.7
1550504024.71 39.2
1550504034.73 39.2
1550504044.75 38.6
1550504054.77 38.1
1550504064.79 37.6
1550504074.8 38.6
1550504084.82 39.2
1550504094.83 38.6
1550504104.85 39.2
1550504114.87 39.2
1550504124.88 38.6
1550504134.9 38.1
1550504144.92 38.6
1550504154.94 37.6
1550504164.96 38.6
1550504174.98 37.6
1550504185.0 38.6
1550504195.02 38.1
1550504205.04 37.6
1550504215.05 37.6
1550504225.07 38.1
1550504235.09 38.6
1550504245.11 38.1
1550504255.13 38.1
1550504265.14 37.6
1550504275.16 38.1
1550504285.18 38.1
1550504295.19 38.1
1550504305.21 38.1
1550504315.23 38.1
1550504325.25 37.6
1550504335.27 38.6
1550504345.29 38.6
1550504355.4 38.6
1550504365.42 38.1
1550504375.44 37.6
1550504385.45 38.6
1550504395.47 38.6
1550504405.48 37.6
1550504415.5 38.1
1550504425.52 38.1
1550504435.54 38.1
1550504445.56 37.0
1550504455.58 37.6
1550504465.59 38.6
1550504475.61 37.6
1550504485.63 37.6
1550504495.64 38.1
1550504505.66 38.6
1550504515.67 38.6
1550504525.69 38.1
1550504535.7 38.6
1550504545.71 38.6
1550504555.72 37.6
1550504565.74 38.1
1550504575.76 37.6
1550504585.78 38.1
1550504595.8 38.6
1550504605.83 38.1
1550504615.84 38.1
1550504625.86 38.6
1550504635.87 37.6
1550504645.89 38.1
1550504655.91 37.6
1550504665.93 38.6
1550504675.95 37.6
1550504685.97 38.6
1550504695.99 37.6
1550504706.01 38.6
1550504716.03 37.6
1550504726.04 38.6
1550504736.05 37.6
1550504746.07 37.6
1550504756.09 37.6
1550504766.11 37.6
1550504776.12 38.1
1550504786.14 38.6
1550504796.15 38.6
1550504806.16 38.6
1550504816.18 38.1
1550504826.2 38.6
1550504836.22 38.6
1550504846.23 38.6
1550504856.25 38.6
1550504866.27 38.1
1550504876.29 38.6
1550504886.31 38.1
1550504896.33 39.2
1550504906.35 38.1
1550504916.37 38.1
1550504926.39 38.6
1550504936.41 38.1
1550504946.42 37.6
1550504956.44 38.1
1550504966.46 37.6
1550504976.48 38.1
1550504986.5 38.6
1550504996.51 37.6
1550505006.53 38.1
1550505016.54 38.1
1550505026.56 37.6
1550505036.58 38.1
1550505046.6 38.1
1550505056.62 38.6
1550505066.64 38.6
1550505076.65 38.6
1550505086.67 38.6
1550505096.69 38.6
1550505106.71 37.6
1550505116.73 37.6
1550505126.74 37.6
1550505136.76 37.6
1550505146.78 38.6
1550505156.79 38.1
1550505166.81 37.6
1550505176.82 38.6
1550505186.84 38.1
1550505196.86 38.1
1550505206.88 37.0
1550505216.89 38.6
1550505226.92 38.1
1550505236.93 37.6
1550505246.95 37.6
1550505256.96 38.1
1550505266.97 37.0
1550505276.99 38.1
1550505287.01 37.6
1550505297.03 38.6
1550505307.05 38.1
1550505317.06 38.1
1550505327.08 37.6
1550505337.09 37.6
1550505347.11 37.6
1550505357.12 38.1
1550505367.14 37.6
1550505377.16 37.6
1550505387.18 38.6
1550505397.2 38.6
1550505407.21 37.6
1550505417.23 37.6
1550505427.24 38.1
1550505437.26 37.0
1550505447.27 37.6
1550505457.29 37.6
1550505467.31 37.6
1550505477.33 37.0
1550505487.34 37.6
1550505497.36 37.6
1550505507.38 37.6
1550505517.4 37.0
1550505527.41 37.0
1550505537.43 37.6
1550505547.44 38.1
1550505557.46 37.0
1550505567.47 36.5
1550505577.49 38.1
1550505587.51 37.0
1550505597.52 37.6
