1550600005.59 47.8
1550600015.61 48.9
1550600025.62 48.3
1550600035.63 48.3
1550600045.65 49.4
1550600055.66 48.3
1550600065.67 49.4
1550600075.69 49.4
1550600085.7 49.4
1550600095.71 48.9
1550600105.73 49.4
1550600115.74 49.4
1550600125.75 49.4
1550600135.77 48.3
1550600145.78 49.4
1550600155.79 48.3
1550600165.81 48.3
1550600175.82 48.9
1550600185.83 48.9
1550600195.85 48.3
1550600205.86 48.3
1550600215.89 49.4
1550600225.91 48.9
1550600235.92 48.3
1550600245.94 48.3
1550600255.96 48.3
1550600265.98 48.9
1550600275.99 49.4
1550600286.0 48.3
1550600296.02 48.3
1550600306.03 49.4
1550600316.05 48.9
1550600326.07 48.9
1550600336.09 49.4
1550600346.1 49.4
1550600356.11 49.4
1550600366.12 49.4
1550600376.14 49.4
1550600386.15 49.4
1550600396.17 49.4
1550600406.19 48.3
1550600416.2 48.3
1550600426.22 49.4
1550600436.23 48.3
1550600446.25 48.9
1550600456.26 49.4
1550600466.28 48.9
1550600476.3 48.3
1550600486.32 48.3
1550600496.34 48.3
1550600506.36 48.9
1550600516.38 48.9
1550600526.39 49.4
1550600536.41 48.9
1550600546.42 48.9
1550600556.44 48.9
1550600566.45 48.3
1550600576.47 48.3
1550600586.5 48.3
1550600596.51 47.8
1550600606.53 48.3
1550600616.54 48.3
1550600626.55 48.9
1550600636.57 47.2
1550600646.59 48.3
1550600656.6 47.8
1550600666.62 47.8
1550600676.64 48.3
1550600686.66 48.3
1550600696.67 48.3
1550600706.68 48.3
1550600716.71 48.3
1550600726.73 48.3
1550600736.75 48.3
1550600746.77 48.3
1550600756.78 48.3
1550600766.79 48.3
1550600776.81 48.9
1550600786.83 48.9
1550600796.84 49.4
1550600806.85 49.4
1550600816.87 48.3
1550600826.89 48.3
1550600836.91 48.3
1550600846.92 48.9
1550600856.93 49.4
1550600866.94 49.4
1550600876.95 47.8
1550600886.97 49.4
1550600896.98 48.3
1550600907.0 49.4
1550600917.02 48.3
1550600927.03 48.3
1550600937.05 49.4
1550600947.07 48.9
1550600957.09 49.4
1550600967.11 48.9
1550600977.12 49.4
1550600987.14 49.4
1550600997.16 49.4
1550601007.18 49.4
1550601017.2 48.3
1550601027.21 48.3
1550601037.23 48.9
1550601047.25 49.4
1550601057.27 48.9
1550601067.28 49.4
1550601077.3 49.4
1550601087.32 49.4
1550601097.33 49.4
1550601107.35 48.9
1550601117.36 49.4
1550601127.38 49.4
1550601137.4 49.4
1550601147.42 49.4
1550601157.44 48.3
1550601167.46 49.4
1550601177.48 49.4
1550601187.5 48.3
1550601197.51 48.9
1550601207.52 49.4
1550601217.55 49.4
1550601227.58 48.9
1550601237.6 49.4
1550601247.61 48.3
1550601257.63 48.3
1550601267.65 49.4
1550601277.66 49.4
1550601287.67 48.9
1550601297.69 49.4
1550601307.71 49.4
1550601317.73 49.4
1550601327.75 49.4
1550601337.77 49.4
1550601347.78 49.4
1550601357.8 48.9
1550601367.81 49.4
1550601377.83 48.3
1550601387.85 48.9
1550601397.87 49.4
1550601407.89 49.4
1550601417.91 48.9
1550601427.93 49.4
1550601437.94 49.4
1550601447.96 49.4
1550601457.98 48.9
1550601468.0 49.4
1550601478.01 48.9
1550601488.02 49.4
1550601498.04 49.4
1550601508.06 49.4
1550601518.08 48.9
1550601528.1 48.3
1550601538.12 48.3
1550601548.13 49.4
1550601558.15 48.3
1550601568.17 48.3
1550601578.19 48.3
1550601588.2 49.4
1550601598.21 48.3
1550601608.23 49.4
1550601618.25 48.3
1550601628.26 48.9
1550601638.28 49.4
1550601648.3 48.3
1550601658.31 48.3
1550601668.33 48.3
1550601678.35 48.9
1550601688.36 48.3
1550601698.37 48.3
1550601708.38 48.9
1550601718.4 48.3
1550601728.41 48.9
1550601738.43 49.4
1550601748.44 48.3
1550601758.46 48.3
1550601768.48 47.8
1550601778.49 48.3
1550601788.52 48.3
1550601798.53 48.3
1550601808.54 49.4
1550601818.56 48.3
1550601828.58 48.3
1550601838.59 48.3
1550601848.61 47.2
1550601858.63 48.3
1550601868.65 47.2
1550601878.66 48.3
1550601888.67 47.8
1550601898.69 47.8
1550601908.71 47.8
1550601918.72 47.2
1550601928.74 47.2
1550601938.76 47.2
1550601948.78 47.8
1550601958.79 47.8
1550601968.91 47.2
1550601978.92 47.8
1550601988.93 47.8
1550601998.95 46.7
1550602008.96 47.2
1550602018.99 47.8
1550602029.01 47.2
1550602039.02 47.2
1550602049.04 47.2
1550602059.06 47.2
1550602069.07 47.8
1550602079.09 47.2
1550602089.11 47.2
1550602099.13 46.7
1550602109.15 47.2
1550602119.17 47.2
1550602129.18 47.2
1550602139.2 46.2
1550602149.22 47.2
1550602159.24 47.2
1550602169.25 47.8
1550602179.29 47.2
1550602189.3 47.2
1550602199.32 47.2
1550602209.33 47.2
1550602219.35 47.2
1550602229.36 47.2
1550602239.38 47.2
1550602249.4 46.2
1550602259.42 46.7
1550602269.44 46.2
1550602279.46 47.2
1550602289.55 46.2
1550602299.56 47.2
1550602309.57 47.2
1550602319.59 47.2
1550602329.6 47.2
1550602339.62 47.2
1550602349.64 47.2
1550602359.66 47.2
1550602369.68 47.2
1550602379.69 46.2
1550602389.71 47.2
1550602399.73 47.2
1550602409.74 46.2
1550602419.75 47.2
1550602429.77 46.7
1550602439.79 46.2
1550602449.81 47.2
1550602459.83 47.2
1550602469.85 46.2
1550602479.86 46.2
1550602489.88 47.2
1550602499.89 47.2
1550602509.91 47.2
1550602519.92 47.2
1550602529.94 46.2
1550602539.96 47.2
1550602549.97 47.8
1550602559.99 46.2
1550602570.01 47.2
1550602580.03 47.2
1550602590.04 46.7
1550602600.06 47.2
1550602610.08 46.2
1550602620.1 47.2
1550602630.12 46.2
1550602640.14 46.7
1550602650.16 47.2
1550602660.18 47.2
1550602670.2 47.2
1550602680.21 47.8
1550602690.23 47.2
1550602700.25 46.7
1550602710.27 47.2
1550602720.29 47.2
1550602730.31 47.2
1550602740.33 47.8
1550602750.34 46.7
1550602760.36 47.2
1550602770.38 47.2
1550602780.4 47.8
1550602790.42 47.2
1550602800.44 46.7
1550602810.46 47.8
1550602820.48 47.2
1550602830.5 47.8
1550602840.52 47.2
1550602850.54 46.7
1550602860.56 47.2
1550602870.57 47.2
1550602880.59 46.2
1550602890.61 46.2
1550602900.64 47.2
1550602910.66 47.2
1550602920.67 47.2
1550602930.69 47.2
1550602940.7 47.8
1550602950.72 47.8
1550602960.73 47.2
1550602970.75 47.2
1550602980.76 47.2
1550602990.78 47.2
1550603000.81 47.8
1550603010.82 47.8
1550603020.83 47.2
1550603030.84 47.8
1550603040.86 46.2
1550603050.88 47.2
1550603060.89 47.2
1550603070.91 46.2
1550603080.93 47.2
1550603090.94 47.2
1550603100.96 47.2
1550603110.98 46.7
1550603120.99 47.2
1550603131.0 47.2
1550603141.02 47.2
1550603151.04 46.7
1550603161.06 47.8
1550603171.08 47.2
1550603181.1 48.3
1550603191.12 46.7
1550603201.14 48.3
1550603211.16 47.2
1550603221.18 47.2
1550603231.2 47.2
1550603241.22 47.2
1550603251.24 47.2
1550603261.26 46.7
1550603271.28 46.7
1550603281.29 47.8
1550603291.31 47.2
1550603301.32 47.2
1550603311.34 47.2
1550603321.35 47.8
1550603331.36 47.2
1550603341.38 47.8
1550603351.39 47.8
1550603361.4 47.2
1550603371.42 47.8
1550603381.43 47.8
1550603391.44 46.7
1550603401.46 47.2
1550603411.47 47.2
1550603421.49 47.2
1550603431.5 47.2
1550603441.51 47.2
1550603451.54 47.2
1550603461.55 47.8
1550603471.56 47.8
1550603481.57 47.8
1550603491.59 48.3
1550603501.6 47.8
1550603511.62 47.8
1550603521.63 47.2
1550603531.66 47.8
1550603541.67 48.3
1550603551.69 48.3
1550603561.71 47.2
1550603571.72 47.2
1550603581.75 47.2
1550603591.76 47.8
1550603601.78 47.2
1550603611.8 47.2
1550603621.82 47.8
1550603631.84 47.2
1550603641.86 47.2
1550603651.88 46.7
1550603661.89 47.8
1550603671.92 47.2
1550603681.94 46.7
1550603691.96 47.2
1550603701.98 48.3
1550603712.0 47.2
1550603722.02 47.2
1550603732.03 47.2
1550603742.04 47.8
1550603752.05 48.3
1550603762.08 47.2
1550603772.09 47.8
1550603782.1 47.2
1550603792.12 47.2
1550603802.13 47.8
1550603812.14 48.3
1550603822.16 47.8
1550603832.18 48.3
1550603842.2 47.8
1550603852.22 47.2
1550603862.23 48.3
1550603872.26 48.3
1550603882.28 47.8
1550603892.3 47.8
1550603902.32 47.2
1550603912.34 49.4
1550603922.36 48.9
1550603932.38 48.9
1550603942.39 49.4
1550603952.41 48.3
1550603962.43 48.9
1550603972.45 48.3
1550603982.47 48.3
1550603992.49 47.8
1550604002.51 48.3
1550604012.52 47.8
1550604022.54 48.3
1550604032.56 47.8
1550604042.58 48.3
1550604052.59 48.3
1550604062.61 48.9
1550604072.63 48.9
1550604082.64 49.4
1550604092.66 48.9
1550604102.67 49.4
1550604112.69 48.3
1550604122.71 48.3
1550604132.73 49.4
1550604142.74 49.4
1550604152.77 48.3
1550604162.78 49.4
1550604172.79 49.4
1550604182.81 49.4
1550604192.83 48.3
1550604202.85 48.3
1550604212.87 48.3
1550604222.89 48.3
1550604232.91 48.3
1550604242.93 49.4
1550604252.94 48.3
1550604262.95 49.4
1550604272.96 49.9
1550604282.98 49.4
1550604293.0 49.4
1550604303.01 49.4
1550604313.03 49.9
1550604323.04 49.4
1550604333.06 49.9
1550604343.08 49.4
1550604353.09 49.4
1550604363.11 49.9
1550604373.12 49.4
1550604383.13 48.3
1550604393.15 49.4
1550604403.17 49.4
1550604413.19 49.9
1550604423.21 49.4
1550604433.23 50.5
1550604443.25 49.4
1550604453.26 50.5
1550604463.27 49.4
1550604473.29 49.4
1550604483.3 49.9
1550604493.32 49.4
1550604503.34 49.9
1550604513.36 49.4
1550604523.38 49.4
1550604533.39 49.9
1550604543.41 49.4
1550604553.42 49.4
1550604563.44 50.5
1550604573.45 49.4
1550604583.47 49.4
1550604593.49 49.4
1550604603.51 49.4
1550604613.53 49.4
1550604623.55 49.4
1550604633.56 48.9
1550604643.58 49.9
1550604653.6 49.9
1550604663.61 49.9
1550604673.63 49.4
1550604683.64 49.9
1550604693.66 49.9
1550604703.68 49.4
1550604713.7 50.5
1550604723.71 49.9
1550604733.73 49.4
1550604743.74 49.9
1550604753.76 49.4
1550604763.78 49.4
1550604773.79 49.9
1550604783.81 49.4
1550604793.82 49.4
1550604803.85 49.9
1550604813.87 49.4
1550604823.89 49.4
1550604833.9 48.9
1550604843.92 48.3
1550604853.94 48.3
1550604863.96 47.8
1550604873.98 47.8
1550604883.99 48.3
1550604894.01 48.3
1550604904.03 48.3
1550604914.05 48.3
1550604924.07 48.3
1550604934.09 47.8
1550604944.11 48.3
1550604954.12 48.3
1550604964.14 47.2
1550604974.16 47.8
1550604984.18 46.7
1550604994.2 47.2
1550605004.22 46.7
1550605014.24 47.8
1550605024.26 47.2
1550605034.28 47.8
1550605044.29 47.8
1550605054.31 47.2
1550605064.33 47.2
1550605074.34 47.8
1550605084.36 47.8
1550605094.38 47.8
1550605104.4 47.8
1550605114.41 47.2
1550605124.43 47.2
1550605134.45 47.2
1550605144.47 47.8
1550605154.49 47.2
1550605164.51 47.2
1550605174.52 47.2
1550605184.54 47.2
1550605194.56 47.2
1550605204.57 47.8
1550605214.59 47.8
1550605224.61 47.2
1550605234.63 47.2
1550605244.64 47.2
1550605254.66 47.2
1550605264.68 47.2
1550605274.69 47.2
1550605284.71 47.8
1550605294.72 47.8
1550605304.74 47.8
1550605314.75 47.2
1550605324.77 47.8
1550605334.78 47.8
1550605344.8 47.2
1550605354.82 47.2
1550605364.84 46.2
1550605374.86 47.8
1550605384.88 46.2
1550605394.91 47.2
1550605404.92 47.2
1550605414.94 47.8
1550605424.95 47.2
1550605434.97 46.7
1550605444.99 46.2
1550605455.0 47.2
1550605465.02 46.7
1550605475.04 46.2
1550605485.06 46.7
1550605495.07 47.2
1550605505.09 46.7
1550605515.11 47.2
1550605525.14 47.2
1550605535.15 47.2
1550605545.17 46.2
1550605555.19 46.2
1550605565.21 46.7
1550605575.23 46.2
1550605585.25 47.2
1550605595.27 47.2
1550605605.28 47.2
1550605615.29 46.2
1550605625.31 47.8
1550605635.32 47.2
1550605645.33 47.8
1550605655.34 47.2
1550605665.36 47.2
1550605675.37 47.2
1550605685.39 46.7
1550605695.41 46.2
1550605705.43 47.2
1550605715.45 47.2
1550605725.46 47.2
1550605735.48 47.8
1550605745.5 47.8
1550605755.51 47.2
1550605765.53 47.2
1550605775.55 46.7
1550605785.56 47.2
1550605795.58 47.2
1550605805.6 47.2
1550605815.61 48.3
1550605825.63 47.2
1550605835.65 46.7
1550605845.67 47.2
1550605855.69 46.2
1550605865.71 47.2
1550605875.72 47.8
1550605885.74 46.7
1550605895.77 46.2
1550605905.79 47.8
1550605915.81 47.2
1550605925.83 46.7
1550605935.85 47.8
1550605945.87 47.2
1550605955.89 46.7
1550605965.91 46.2
1550605975.93 46.2
1550605985.95 47.2
1550605995.96 47.2
1550606005.98 46.7
1550606016.0 46.2
1550606026.03 46.7
1550606036.04 46.2
1550606046.08 46.2
1550606056.1 46.2
1550606066.12 47.2
1550606076.13 47.2
1550606086.15 46.2
1550606096.16 47.2
1550606106.17 46.7
1550606116.19 47.2
1550606126.21 47.2
1550606136.22 46.7
1550606146.24 47.2
1550606156.26 46.7
1550606166.27 47.2
1550606176.29 47.2
1550606186.3 46.7
1550606196.32 47.8
1550606206.34 46.2
1550606216.35 47.2
1550606226.36 47.2
1550606236.38 46.7
1550606246.4 46.2
1550606256.41 46.7
1550606266.43 46.2
1550606276.45 47.2
1550606286.46 47.2
1550606296.48 46.7
1550606306.5 47.2
1550606316.52 46.2
1550606326.53 47.2
1550606336.55 46.2
1550606346.57 47.2
1550606356.58 46.2
1550606366.6 46.7
1550606376.62 47.2
1550606386.63 47.2
1550606396.64 47.2
1550606406.66 47.8
1550606416.68 47.2
1550606426.69 47.2
1550606436.7 47.2
1550606446.72 47.2
1550606456.73 47.2
1550606466.75 46.7
1550606476.76 47.2
1550606486.77 47.2
1550606496.79 47.2
1550606506.81 46.7
1550606516.82 46.7
1550606526.84 46.7
1550606536.85 46.2
1550606546.87 46.7
1550606556.89 46.2
1550606566.91 46.7
1550606576.93 45.6
1550606586.94 46.7
1550606596.96 46.2
1550606606.98 46.2
1550606617.0 46.2
1550606627.01 47.2
1550606637.02 47.2
1550606647.04 47.8
1550606657.05 47.8
1550606667.06 47.8
1550606677.07 47.8
1550606687.08 47.2
1550606697.1 47.2
1550606707.11 47.2
1550606717.13 47.2
1550606727.14 47.2
1550606737.15 47.2
1550606747.17 47.8
1550606757.18 47.8
1550606767.2 47.2
1550606777.22 47.2
1550606787.23 47.8
1550606797.25 47.8
1550606807.26 47.8
1550606817.27 48.3
1550606827.29 47.8
1550606837.3 47.8
1550606847.31 47.2
1550606857.33 48.3
1550606867.35 48.3
1550606877.36 48.3
1550606887.38 47.8
1550606897.39 48.3
1550606907.41 47.8
1550606917.42 47.8
1550606927.44 47.8
1550606937.46 47.2
1550606947.48 47.2
1550606957.5 47.2
1550606967.52 48.3
1550606977.53 48.3
1550606987.55 47.8
1550606997.56 47.8
1550607007.58 48.3
1550607017.59 48.3
1550607027.61 47.8
1550607037.63 47.8
1550607047.65 47.2
1550607057.67 47.8
1550607067.69 47.8
1550607077.7 48.3
1550607087.72 47.8
1550607097.74 48.3
1550607107.76 48.3
1550607117.77 48.3
1550607127.78 48.3
1550607137.8 48.3
1550607147.81 48.9
1550607157.82 48.3
1550607167.84 48.3
1550607177.86 48.3
1550607187.87 47.8
1550607197.89 48.3
1550607207.9 47.8
1550607217.92 47.8
1550607227.94 47.8
1550607237.96 47.8
1550607247.98 48.3
1550607258.0 47.8
1550607268.02 47.8
1550607278.04 47.8
1550607288.06 47.8
1550607298.08 47.8
1550607308.1 47.8
1550607318.12 47.2
1550607328.13 48.3
1550607338.16 47.8
1550607348.18 48.3
1550607358.19 48.3
1550607368.21 47.8
1550607378.24 47.8
1550607388.25 48.3
1550607398.27 47.8
1550607408.29 48.3
1550607418.31 47.8
1550607428.32 47.8
1550607438.34 47.2
1550607448.36 47.8
1550607458.38 48.3
1550607468.4 47.2
1550607478.42 48.3
1550607488.43 47.8
1550607498.45 47.8
1550607508.48 47.2
1550607518.5 47.2
1550607528.51 47.8
1550607538.53 47.2
1550607548.55 47.2
1550607558.57 47.2
1550607568.58 47.2
1550607578.6 47.2
1550607588.62 47.8
1550607598.63 47.8
1550607608.65 47.2
1550607618.67 47.2
1550607628.69 48.3
1550607638.71 47.8
1550607648.72 47.8
1550607658.74 47.8
1550607668.76 47.8
1550607678.77 47.2
1550607688.79 47.2
1550607698.8 47.8
1550607708.81 47.2
1550607718.84 47.2
1550607728.86 47.2
1550607738.88 47.2
1550607748.89 47.8
1550607758.91 47.2
1550607768.93 46.2
1550607778.94 47.2
1550607788.96 46.7
1550607798.98 46.2
1550607809.0 46.2
1550607819.02 46.2
1550607829.04 46.2
1550607839.05 47.2
1550607849.07 46.2
1550607859.09 46.2
1550607869.11 46.7
1550607879.13 46.2
1550607889.15 46.2
1550607899.16 46.2
1550607909.18 46.2
1550607919.2 45.6
1550607929.22 46.2
1550607939.25 46.7
1550607949.27 46.2
1550607959.29 46.2
1550607969.31 45.6
1550607979.34 45.1
1550607989.35 46.2
1550607999.37 46.2
1550608009.39 46.2
1550608019.41 46.2
1550608029.43 45.1
1550608039.45 45.1
1550608049.48 45.1
1550608059.5 45.1
1550608069.52 45.1
1550608079.53 45.1
1550608089.55 44.5
1550608099.57 44.5
1550608109.59 44.5
1550608119.61 44.5
1550608129.63 44.0
1550608139.65 45.1
1550608149.67 45.1
1550608159.68 45.1
1550608169.7 45.6
1550608179.72 45.1
1550608189.74 45.1
1550608199.76 45.6
1550608209.78 44.5
1550608219.79 45.1
1550608229.82 45.1
1550608239.84 45.1
1550608249.86 45.1
1550608259.87 45.1
1550608269.9 45.1
1550608279.91 44.5
1550608289.93 43.5
1550608299.95 45.1
1550608309.97 45.1
1550608319.99 44.0
1550608330.01 44.5
1550608340.03 44.0
1550608350.05 45.1
1550608360.07 44.0
1550608370.09 45.1
1550608380.11 45.1
1550608390.13 44.0
1550608400.15 45.6
1550608410.16 45.1
1550608420.18 45.1
1550608430.19 45.1
1550608440.21 45.1
1550608450.23 45.1
1550608460.25 45.6
1550608470.26 45.1
1550608480.28 44.0
1550608490.3 45.1
1550608500.33 45.1
1550608510.35 45.6
1550608520.37 45.1
1550608530.39 45.1
1550608540.4 45.1
1550608550.42 44.5
1550608560.44 45.1
1550608570.46 44.5
1550608580.48 45.1
1550608590.5 45.1
1550608600.52 44.0
1550608610.53 46.2
1550608620.55 45.6
1550608630.57 45.6
1550608640.58 45.6
1550608650.6 45.1
1550608660.62 45.1
1550608670.63 45.6
1550608680.65 45.1
1550608690.67 45.1
1550608700.68 45.6
1550608710.7 45.1
1550608720.72 45.1
1550608730.74 45.1
1550608740.75 45.6
1550608750.77 45.1
1550608760.79 45.1
1550608770.8 45.1
1550608780.82 45.6
1550608790.84 45.1
1550608800.86 46.2
1550608810.87 45.6
1550608820.89 45.1
1550608830.91 45.1
1550608840.93 45.1
1550608850.96 45.1
1550608860.98 45.1
1550608870.99 45.1
1550608881.01 45.1
1550608891.03 45.1
1550608901.05 45.6
1550608911.07 45.1
1550608921.08 45.1
1550608931.1 45.1
1550608941.12 45.1
1550608951.14 45.6
1550608961.16 45.1
1550608971.17 45.6
1550608981.19 45.1
1550608991.2 45.1
1550609001.21 46.2
1550609011.23 45.1
1550609021.24 46.2
1550609031.25 46.2
1550609041.26 45.1
1550609051.28 44.5
1550609061.3 45.1
1550609071.32 45.1
1550609081.34 45.1
1550609091.36 45.1
1550609101.38 45.1
1550609111.39 45.1
1550609121.41 46.2
1550609131.43 44.5
1550609141.45 45.1
1550609151.47 45.1
1550609161.49 44.5
1550609171.51 44.0
1550609181.53 45.1
1550609191.55 45.1
1550609201.57 44.0
1550609211.58 45.1
1550609221.6 45.1
1550609231.62 45.1
1550609241.63 44.5
1550609251.65 45.1
1550609261.66 45.1
1550609271.68 44.0
1550609281.7 45.1
1550609291.72 44.0
1550609301.73 45.6
1550609311.75 44.0
1550609321.77 44.0
1550609331.79 45.1
1550609341.81 44.5
1550609351.83 44.5
1550609361.85 44.0
1550609371.86 45.1
1550609381.88 45.1
1550609391.9 45.1
1550609401.92 44.5
1550609411.94 45.1
1550609421.95 45.1
1550609431.97 45.1
1550609441.99 45.1
1550609452.01 45.1
1550609462.02 45.1
1550609472.04 45.1
1550609482.06 45.1
1550609492.09 45.1
1550609502.1 45.1
1550609512.12 45.1
1550609522.15 45.1
1550609532.16 45.1
1550609542.18 44.0
1550609552.2 45.6
1550609562.21 45.1
1550609572.23 45.6
1550609582.24 45.1
1550609592.26 45.1
1550609602.27 45.1
1550609612.29 45.1
1550609622.31 45.6
1550609632.32 45.1
1550609642.34 45.1
1550609652.36 45.1
1550609662.37 45.1
1550609672.39 45.1
1550609682.41 45.1
1550609692.43 45.1
1550609702.44 45.1
1550609712.46 45.6
1550609722.48 45.1
1550609732.5 45.1
1550609742.52 45.1
1550609752.53 45.1
1550609762.55 45.6
1550609772.57 45.1
1550609782.58 45.6
1550609792.61 45.1
1550609802.62 45.1
1550609812.64 45.6
1550609822.65 46.2
1550609832.67 46.7
1550609842.69 46.2
1550609852.7 46.2
1550609862.72 46.2
1550609872.73 46.2
1550609882.75 46.2
1550609892.76 46.2
1550609902.78 46.2
1550609912.8 46.2
1550609922.81 46.2
1550609932.83 45.1
1550609942.85 45.6
1550609952.87 46.2
1550609962.88 45.6
1550609972.9 45.1
1550609982.91 45.1
1550609992.93 45.6
1550610002.95 45.1
