1550800002.88 38.6
1550800012.91 39.2
1550800022.93 38.6
1550800032.95 38.6
1550800042.97 38.6
1550800052.99 38.6
1550800063.01 38.6
1550800073.03 38.1
1550800083.05 39.2
1550800093.07 38.1
1550800103.08 39.2
1550800113.11 38.6
1550800123.12 39.2
1550800133.14 38.6
1550800143.17 38.6
1550800153.18 39.2
1550800163.21 38.6
1550800173.22 38.6
1550800183.24 38.6
1550800193.26 38.6
1550800203.28 38.6
1550800213.3 38.6
1550800223.32 38.6
1550800233.33 38.6
1550800243.35 39.2
1550800253.37 38.6
1550800263.39 39.2
1550800273.41 38.6
1550800283.43 38.6
1550800293.45 38.6
1550800303.47 38.1
1550800313.49 37.6
1550800323.5 38.6
1550800333.52 38.6
1550800343.55 38.1
1550800353.56 39.2
1550800363.58 38.1
1550800373.59 37.6
1550800383.62 37.6
1550800393.63 38.1
1550800403.65 37.6
1550800413.67 38.6
1550800423.7 37.6
1550800433.72 38.1
1550800443.74 37.6
1550800453.75 38.6
1550800463.77 38.6
1550800473.79 37.6
1550800483.81 38.6
1550800493.83 38.6
1550800503.85 38.1
1550800513.87 38.1
1550800523.89 38.1
1550800533.91 38.6
1550800543.92 37.6
1550800553.94 38.6
1550800563.96 38.6
1550800573.98 37.6
1550800584.0 37.6
1550800594.02 38.6
1550800604.03 38.6
1550800614.05 39.2
1550800624.06 39.2
1550800634.08 38.1
1550800644.1 39.2
1550800654.12 38.1
1550800664.14 38.1
1550800674.15 38.6
1550800684.17 38.6
1550800694.2 38.1
1550800704.22 38.1
1550800714.23 39.2
1550800724.25 38.6
1550800734.27 38.1
1550800744.29 38.6
1550800754.31 38.1
1550800764.33 38.6
1550800774.34 38.6
1550800784.36 39.2
1550800794.38 38.6
1550800804.39 39.7
1550800814.41 39.2
1550800824.43 38.6
1550800834.45 39.2
1550800844.46 38.6
1550800854.48 39.2
1550800864.49 38.6
1550800874.5 38.6
1550800884.51 38.6
1550800894.52 38.6
1550800904.54 38.6
1550800914.56 38.6
1550800924.58 38.1
1550800934.59 38.6
1550800944.61 38.6
1550800954.63 38.6
1550800964.65 38.6
1550800974.67 38.6
1550800984.69 38.6
1550800994.7 38.6
1550801004.72 38.6
1550801014.73 38.6
1550801024.76 38.1
1550801034.78 38.6
1550801044.79 38.1
1550801054.81 38.6
1550801064.83 38.6
1550801074.84 38.6
1550801084.86 38.6
1550801094.89 38.6
1550801104.89 39.2
1550801114.91 39.2
1550801124.94 39.2
1550801134.95 38.6
1550801144.96 38.6
1550801154.98 38.1
1550801165.0 38.1
1550801175.02 38.1
1550801185.04 39.2
1550801195.06 37.6
1550801205.08 38.6
1550801215.1 37.6
1550801225.12 38.6
1550801235.14 38.6
1550801245.16 38.6
1550801255.17 39.2
1550801265.2 39.7
1550801275.21 39.2
1550801285.23 38.6
1550801295.25 38.6
1550801305.27 39.2
1550801315.28 39.7
1550801325.3 39.7
1550801335.31 39.7
1550801345.33 39.7
1550801355.35 39.2
1550801365.36 39.2
1550801375.38 39.2
1550801385.4 39.7
1550801395.42 39.2
1550801405.44 39.2
1550801415.46 38.6
1550801425.48 39.7
1550801435.5 40.2
1550801445.51 39.7
1550801455.53 39.7
1550801465.54 39.7
1550801475.56 39.7
1550801485.58 39.7
1550801495.6 39.7
1550801505.62 39.2
1550801515.63 39.7
1550801525.65 39.2
1550801535.67 39.7
1550801545.69 39.7
1550801555.71 39.7
1550801565.73 38.6
1550801575.75 38.6
1550801585.77 39.2
1550801595.79 38.6
1550801605.81 38.6
1550801615.83 38.6
1550801625.85 38.1
1550801635.87 38.6
1550801645.89 38.6
1550801655.91 37.6
1550801665.93 38.1
1550801675.95 37.6
1550801685.97 38.1
1550801695.99 38.6
1550801706.01 38.6
1550801716.03 38.6
1550801726.06 39.2
1550801736.06 39.2
1550801746.08 38.6
1550801756.1 39.2
1550801766.12 38.6
1550801776.14 38.6
1550801786.16 38.6
1550801796.18 38.6
1550801806.2 38.6
1550801816.21 39.2
1550801826.24 39.2
1550801836.26 38.6
1550801846.28 38.6
1550801856.29 38.6
1550801866.31 39.2
1550801876.33 38.6
1550801886.35 38.6
1550801896.37 38.6
1550801906.39 38.6
1550801916.41 38.6
1550801926.43 38.6
1550801936.45 38.6
1550801946.46 38.6
1550801956.48 38.6
1550801966.5 38.1
1550801976.53 38.1
1550801986.54 38.6
1550801996.56 37.6
1550802006.57 37.6
1550802016.58 38.6
1550802026.59 38.6
1550802036.61 38.6
1550802046.64 37.6
1550802056.66 38.1
1550802066.68 38.6
1550802076.7 38.6
1550802086.71 38.6
1550802096.74 38.1
1550802106.75 38.6
1550802116.77 38.6
1550802126.79 38.6
1550802136.81 38.6
1550802146.83 38.6
1550802156.84 38.6
1550802166.86 38.6
1550802176.88 38.1
1550802186.89 38.6
1550802196.91 38.1
1550802206.93 39.2
1550802216.94 39.2
1550802226.96 38.6
1550802236.97 38.6
1550802246.99 38.6
1550802257.0 39.2
1550802267.02 38.6
1550802277.04 38.6
1550802287.07 38.6
1550802297.09 38.6
1550802307.11 38.6
1550802317.13 39.2
1550802327.15 38.6
1550802337.17 38.6
1550802347.19 38.6
1550802357.21 38.6
1550802367.22 38.6
1550802377.24 37.6
1550802387.26 37.0
1550802397.28 37.6
1550802407.3 38.1
1550802417.32 38.6
1550802427.32 39.2
1550802437.34 38.6
1550802447.36 37.6
1550802457.37 38.6
1550802467.39 38.1
1550802477.41 38.1
1550802487.43 37.6
1550802497.45 38.6
1550802507.47 38.1
1550802517.49 38.6
1550802527.5 38.6
1550802537.52 38.1
1550802547.53 38.1
1550802557.55 38.1
1550802567.57 38.1
1550802577.58 38.1
1550802587.6 38.1
1550802597.62 37.6
1550802607.64 38.6
1550802617.66 38.6
1550802627.68 38.1
1550802637.69 38.6
1550802647.71 37.6
1550802657.73 37.6
1550802667.75 37.6
1550802677.77 37.6
1550802687.79 37.6
1550802697.81 38.6
1550802707.83 38.6
1550802717.85 38.1
1550802727.87 38.1
1550802737.89 38.6
1550802747.9 38.6
1550802757.92 38.6
1550802767.94 38.6
1550802777.96 37.6
1550802787.98 37.6
1550802798.0 38.1
1550802808.02 37.6
1550802818.04 37.6
1550802828.06 37.6
1550802838.08 38.1
1550802848.1 37.6
1550802858.12 37.6
1550802868.14 38.6
1550802878.16 38.6
1550802888.18 38.1
1550802898.2 38.1
1550802908.22 38.1
1550802918.23 37.6
1550802928.25 38.1
1550802938.27 38.6
1550802948.29 38.1
1550802958.3 38.6
1550802968.31 38.6
1550802978.33 38.6
1550802988.34 38.1
1550802998.36 38.1
1550803008.38 38.6
1550803018.4 38.6
1550803028.41 39.2
1550803038.43 38.6
1550803048.45 38.1
1550803058.46 38.6
1550803068.48 38.6
1550803078.5 38.1
1550803088.52 38.6
1550803098.54 37.6
1550803108.55 38.6
1550803118.57 38.6
1550803128.6 38.6
1550803138.62 38.6
1550803148.64 38.6
1550803158.66 38.6
1550803168.67 38.6
1550803178.69 38.6
1550803188.71 38.6
1550803198.73 38.6
1550803208.75 38.6
1550803218.79 38.6
1550803228.81 38.6
1550803238.83 38.6
1550803248.85 38.1
1550803258.87 38.6
1550803268.9 38.6
1550803278.92 38.6
1550803288.94 38.6
1550803298.96 38.6
1550803308.97 38.6
1550803318.99 38.6
1550803329.01 38.6
1550803339.04 38.6
1550803349.06 38.6
1550803359.08 38.6
1550803369.09 39.2
1550803379.11 39.2
1550803389.13 38.6
1550803399.15 39.2
1550803409.17 39.2
1550803419.18 39.2
1550803429.2 39.7
1550803439.22 39.2
1550803449.24 39.7
1550803459.25 39.7
1550803469.27 39.7
1550803479.29 39.2
1550803489.31 39.2
1550803499.32 39.7
1550803509.34 38.6
1550803519.36 39.2
1550803529.38 39.7
1550803539.4 39.2
1550803549.43 39.7
1550803559.45 39.2
1550803569.47 39.2
1550803579.49 39.7
1550803589.51 39.2
1550803599.53 39.2
1550803609.55 39.2
1550803619.56 39.7
1550803629.58 39.2
1550803639.6 38.6
1550803649.62 38.6
1550803659.64 38.6
1550803669.66 39.2
1550803679.68 39.2
1550803689.7 38.6
1550803699.71 39.7
1550803709.74 38.6
1550803719.75 39.7
1550803729.77 39.7
1550803739.79 39.2
1550803749.8 39.2
1550803759.83 39.7
1550803769.85 39.7
1550803779.86 39.7
1550803789.88 39.2
1550803799.9 39.2
1550803809.91 39.2
1550803819.94 39.2
1550803829.95 38.6
1550803839.96 39.7
1550803849.98 39.2
1550803859.99 39.7
1550803870.0 39.2
1550803880.02 39.7
1550803890.03 39.2
1550803900.04 39.7
1550803910.06 39.7
1550803920.08 38.6
1550803930.09 39.2
1550803940.11 39.2
1550803950.13 39.2
1550803960.15 39.2
1550803970.17 38.6
1550803980.18 39.2
1550803990.2 38.6
1550804000.22 39.2
1550804010.24 39.7
1550804020.25 39.7
1550804030.27 40.2
1550804040.29 39.7
1550804050.29 40.8
1550804060.31 39.7
1550804070.33 40.2
1550804080.34 39.7
1550804090.36 40.2
1550804100.38 39.7
1550804110.4 39.7
1550804120.4 40.2
1550804130.42 39.7
1550804140.43 40.2
1550804150.45 39.7
1550804160.47 39.7
1550804170.49 39.7
1550804180.5 39.7
1550804190.52 39.7
1550804200.54 39.7
1550804210.54 40.8
1550804220.56 40.8
1550804230.58 40.8
1550804240.6 40.2
1550804250.61 40.8
1550804260.63 40.8
1550804270.64 40.8
1550804280.66 41.3
1550804290.68 40.8
1550804300.69 41.3
1550804310.72 41.3
1550804320.73 41.3
1550804330.75 41.3
1550804340.76 40.8
1550804350.77 41.3
1550804360.79 40.8
1550804370.81 41.3
1550804380.83 41.3
1550804390.85 41.3
1550804400.88 40.8
1550804410.89 41.3
1550804420.91 40.8
1550804430.93 41.3
1550804440.93 40.8
1550804450.95 40.8
1550804460.95 40.8
1550804470.97 40.8
1550804480.98 40.8
1550804491.0 40.8
1550804501.01 40.8
1550804511.02 39.7
1550804521.04 41.3
1550804531.05 40.8
1550804541.07 40.8
1550804551.08 39.7
1550804561.1 39.7
1550804571.12 39.7
1550804581.14 39.7
1550804591.14 39.7
1550804601.16 39.2
1550804611.19 39.7
1550804621.21 39.7
1550804631.23 39.7
1550804641.24 39.7
1550804651.25 39.7
1550804661.27 39.7
1550804671.28 40.2
1550804681.3 40.8
1550804691.31 40.8
1550804701.33 40.2
1550804711.34 40.2
1550804721.36 40.8
1550804731.37 39.7
1550804741.39 40.8
1550804751.41 40.8
1550804761.42 40.2
1550804771.44 40.8
1550804781.46 40.8
1550804791.47 41.3
1550804801.48 41.3
1550804811.5 40.2
1550804821.52 40.8
1550804831.53 39.7
1550804841.55 39.7
1550804851.56 40.8
1550804861.58 39.7
1550804871.59 40.8
1550804881.61 40.8
1550804891.62 40.2
1550804901.65 39.7
1550804911.67 39.7
1550804921.69 40.2
1550804931.71 40.8
1550804941.72 40.8
1550804951.74 40.8
1550804961.75 40.2
1550804971.78 41.3
1550804981.8 39.7
1550804991.82 40.2
1550805001.83 40.8
1550805011.85 40.8
1550805021.87 40.8
1550805031.89 40.8
1550805041.91 40.8
1550805051.93 40.8
1550805061.95 40.2
1550805071.97 39.7
1550805081.99 39.7
1550805092.01 39.7
1550805102.03 40.2
1550805112.04 39.7
1550805122.06 39.7
1550805132.08 40.2
1550805142.1 40.8
1550805152.12 39.2
1550805162.13 39.7
1550805172.15 39.7
1550805182.18 39.7
1550805192.19 40.2
1550805202.21 40.2
1550805212.22 40.8
1550805222.23 40.8
1550805232.25 40.8
1550805242.26 39.7
1550805252.28 40.2
1550805262.31 40.8
1550805272.31 40.8
1550805282.32 40.8
1550805292.33 40.2
1550805302.36 40.8
1550805312.38 40.8
1550805322.39 40.8
1550805332.4 40.8
1550805342.42 40.8
1550805352.44 40.8
1550805362.46 40.8
1550805372.47 40.8
1550805382.49 39.7
1550805392.5 40.8
1550805402.52 39.7
1550805412.55 40.2
1550805422.57 39.7
1550805432.58 39.7
1550805442.6 39.2
1550805452.63 39.7
1550805462.65 39.2
1550805472.67 39.7
1550805482.7 39.2
1550805492.72 39.2
1550805502.74 39.2
1550805512.75 39.7
1550805522.77 39.7
1550805532.78 39.7
1550805542.8 39.2
1550805552.82 39.7
1550805562.83 40.2
1550805572.85 39.7
1550805582.87 39.7
1550805592.87 39.2
1550805602.88 38.6
1550805612.9 39.2
1550805622.92 39.2
1550805632.93 39.2
1550805642.94 39.7
1550805652.96 39.2
1550805662.97 39.2
1550805672.99 39.7
1550805683.01 39.2
1550805693.03 38.1
1550805703.04 39.7
1550805713.06 39.7
1550805723.08 38.6
1550805733.09 38.6
1550805743.11 38.6
1550805753.13 39.2
1550805763.15 38.6
1550805773.16 38.6
1550805783.18 38.6
1550805793.2 38.6
1550805803.22 38.6
1550805813.24 38.6
1550805823.26 37.6
1550805833.28 38.1
1550805843.29 38.1
1550805853.31 38.1
1550805863.33 37.6
1550805873.34 37.0
1550805883.37 37.6
1550805893.39 37.6
1550805903.41 37.6
1550805913.43 37.6
1550805923.45 37.6
1550805933.47 38.1
1550805943.49 38.1
1550805953.51 37.6
1550805963.52 38.6
1550805973.53 38.6
1550805983.55 37.6
1550805993.56 38.6
1550806003.58 38.6
1550806013.59 39.2
1550806023.61 38.6
1550806033.62 38.6
1550806043.64 38.6
1550806053.65 39.2
1550806063.67 38.6
1550806073.69 38.1
1550806083.71 38.6
1550806093.72 38.6
1550806103.73 38.1
1550806113.74 38.1
1550806123.75 38.6
1550806133.77 37.6
1550806143.8 38.1
1550806153.81 38.6
1550806163.83 38.6
1550806173.84 38.6
1550806183.86 39.2
1550806193.88 39.2
1550806203.88 38.6
1550806213.89 38.6
1550806223.9 39.7
1550806233.92 39.7
1550806243.94 38.6
1550806253.95 38.6
1550806263.97 38.6
1550806273.98 38.6
1550806284.0 38.6
1550806294.02 39.2
1550806304.03 38.6
1550806314.04 38.6
1550806324.06 38.1
1550806334.08 37.6
1550806344.1 38.1
1550806354.12 38.6
1550806364.14 38.6
1550806374.16 38.6
1550806384.18 38.1
1550806394.19 39.2
1550806404.21 38.6
1550806414.22 38.6
1550806424.24 38.6
1550806434.26 38.6
1550806444.28 38.1
1550806454.3 38.6
1550806464.32 38.1
1550806474.34 38.6
1550806484.35 38.6
1550806494.36 38.1
1550806504.38 37.6
1550806514.4 38.6
1550806524.42 38.6
1550806534.44 37.6
1550806544.46 38.6
1550806554.47 37.6
1550806564.49 38.6
1550806574.51 38.6
1550806584.52 38.6
1550806594.54 38.1
1550806604.56 38.6
1550806614.58 38.1
1550806624.59 38.6
1550806634.61 38.6
1550806644.62 38.6
1550806654.64 38.6
1550806664.65 37.6
1550806674.67 38.6
1550806684.69 38.6
1550806694.7 38.6
1550806704.72 37.6
1550806714.74 38.1
1550806724.76 38.1
1550806734.77 38.6
1550806744.8 38.1
1550806754.8 38.6
1550806764.82 38.6
1550806774.84 37.6
1550806784.86 38.1
1550806794.88 38.6
1550806804.89 38.1
1550806814.92 37.6
1550806824.93 37.6
1550806834.94 38.1
1550806844.96 37.0
1550806854.97 37.6
1550806864.99 38.1
1550806875.01 37.6
1550806885.03 38.6
1550806895.05 37.6
1550806905.06 38.6
1550806915.08 38.1
1550806925.1 37.6
1550806935.12 38.6
1550806945.14 37.6
1550806955.16 37.6
1550806965.16 38.1
1550806975.18 38.6
1550806985.2 38.6
1550806995.21 38.6
1550807005.23 38.6
1550807015.24 38.6
1550807025.26 37.6
1550807035.27 38.6
1550807045.29 38.6
1550807055.3 38.6
1550807065.32 38.6
1550807075.34 38.1
1550807085.36 38.6
1550807095.38 37.6
1550807105.39 38.6
1550807115.41 37.6
1550807125.42 38.6
1550807135.43 38.6
1550807145.46 37.6
1550807155.47 38.6
1550807165.49 37.6
1550807175.51 38.1
1550807185.53 38.6
1550807195.55 38.6
1550807205.57 38.1
1550807215.59 37.6
1550807225.61 37.6
1550807235.62 38.1
1550807245.65 38.6
1550807255.66 37.6
1550807265.68 38.1
1550807275.7 38.6
1550807285.71 37.6
1550807295.73 37.6
1550807305.75 38.1
1550807315.76 37.6
1550807325.77 38.6
1550807335.79 37.6
1550807345.81 38.6
1550807355.82 37.6
1550807365.84 37.6
1550807375.86 37.6
1550807385.88 37.6
1550807395.9 38.1
1550807405.92 37.6
1550807415.94 38.1
1550807425.96 38.1
1550807435.98 38.1
1550807445.99 38.6
1550807456.02 38.1
1550807466.03 38.1
1550807476.04 38.6
1550807486.07 38.6
1550807496.08 38.6
1550807506.1 38.1
1550807516.12 38.1
1550807526.13 38.6
1550807536.15 38.1
1550807546.17 38.6
1550807556.19 38.1
1550807566.21 37.6
1550807576.23 37.6
1550807586.24 37.0
1550807596.25 37.6
1550807606.28 37.6
1550807616.3 37.6
1550807626.32 38.1
1550807636.33 38.6
1550807646.35 38.6
1550807656.37 37.6
1550807666.38 37.6
1550807676.39 37.6
1550807686.42 37.6
1550807696.43 37.6
1550807706.46 38.1
1550807716.48 37.0
1550807726.5 37.0
1550807736.52 37.6
1550807746.53 37.6
1550807756.55 37.6
1550807766.57 36.5
1550807776.59 36.5
1550807786.6 37.6
1550807796.62 37.6
1550807806.64 37.0
1550807816.66 37.6
1550807826.67 38.6
1550807836.69 36.5
1550807846.71 37.6
1550807856.73 37.0
1550807866.75 38.1
1550807876.76 38.1
1550807886.78 36.5
1550807896.8 37.0
1550807906.82 37.0
1550807916.83 37.0
1550807926.85 36.5
1550807936.86 37.6
1550807946.88 36.5
1550807956.9 37.6
1550807966.92 36.5
1550807976.93 37.6
1550807986.94 37.6
1550807996.96 37.6
1550808006.98 37.6
1550808017.0 37.0
1550808027.02 36.5
1550808037.04 37.0
1550808047.06 37.6
1550808057.07 37.6
1550808067.09 37.6
1550808077.11 37.6
1550808087.12 37.0
1550808097.14 37.6
1550808107.15 37.6
1550808117.17 37.0
1550808127.19 37.6
1550808137.2 36.5
1550808147.22 37.6
1550808157.23 37.6
1550808167.25 37.0
1550808177.28 37.0
1550808187.3 37.0
1550808197.32 37.6
1550808207.34 38.1
1550808217.36 37.6
1550808227.38 37.6
1550808237.4 37.6
1550808247.42 37.6
1550808257.43 38.6
1550808267.45 37.6
1550808277.47 38.1
1550808287.48 38.6
1550808297.5 37.6
1550808307.52 37.6
1550808317.53 37.6
1550808327.55 37.6
1550808337.57 38.6
1550808347.59 38.1
1550808357.61 37.6
1550808367.63 37.6
1550808377.64 37.6
1550808387.66 37.6
1550808397.68 38.1
1550808407.7 37.6
1550808417.71 38.6
1550808427.72 38.1
1550808437.73 38.6
1550808447.75 37.6
1550808457.77 37.6
1550808467.78 38.1
1550808477.8 37.6
1550808487.81 38.6
1550808497.83 38.1
1550808507.85 37.6
1550808517.87 38.1
1550808527.89 38.1
1550808537.91 38.1
1550808547.93 37.6
1550808557.95 37.6
1550808567.97 37.6
1550808577.98 37.0
1550808587.99 38.1
1550808598.01 37.6
1550808608.02 38.1
1550808618.04 36.5
1550808628.06 37.6
1550808638.07 37.6
1550808648.09 37.6
1550808658.1 38.1
1550808668.12 37.0
1550808678.14 37.6
1550808688.16 37.6
1550808698.18 38.1
1550808708.2 37.6
1550808718.22 37.0
1550808728.24 37.0
1550808738.24 37.6
1550808748.26 37.6
1550808758.28 37.6
1550808768.3 37.6
1550808778.32 37.0
1550808788.34 37.6
1550808798.36 37.6
1550808808.38 38.6
1550808818.4 37.6
1550808828.41 37.6
1550808838.43 37.0
1550808848.45 37.6
1550808858.48 37.0
1550808868.49 38.1
1550808878.51 37.0
1550808888.53 37.0
1550808898.55 37.6
1550808908.57 36.5
1550808918.59 36.5
1550808928.61 36.5
1550808938.63 37.6
1550808948.65 37.6
1550808958.66 38.1
1550808968.67 38.1
1550808978.69 37.0
1550808988.71 37.6
1550808998.73 37.0
1550809008.76 37.6
1550809018.78 37.6
1550809028.8 36.5
1550809038.82 37.6
1550809048.84 36.5
1550809058.86 36.5
1550809068.88 37.0
1550809078.9 36.5
1550809088.92 36.5
1550809098.94 36.5
1550809108.96 37.6
1550809118.97 36.5
1550809129.0 36.5
1550809139.02 36.5
1550809149.03 36.5
1550809159.05 37.6
1550809169.06 37.6
1550809179.08 36.5
1550809189.1 36.5
1550809199.12 36.5
1550809209.14 37.0
1550809219.16 36.5
1550809229.17 37.6
1550809239.19 36.5
1550809249.21 37.0
1550809259.23 36.5
1550809269.25 36.5
1550809279.27 37.0
1550809289.29 36.5
1550809299.31 36.5
1550809309.33 35.9
1550809319.35 36.5
1550809329.37 37.0
1550809339.39 36.5
1550809349.41 37.0
1550809359.43 36.5
1550809369.45 36.5
1550809379.47 36.5
1550809389.49 36.5
1550809399.51 36.5
1550809409.53 37.0
1550809419.55 37.6
1550809429.57 37.0
1550809439.59 36.5
1550809449.6 36.5
1550809459.62 37.6
1550809469.64 37.6
1550809479.66 37.0
1550809489.68 37.6
1550809499.7 37.0
1550809509.71 38.6
1550809519.73 36.5
1550809529.75 37.0
1550809539.77 36.5
1550809549.8 37.6
1550809559.81 37.6
1550809569.83 36.5
1550809579.85 37.6
1550809589.87 36.5
1550809599.88 37.6
1550809609.89 37.0
1550809619.91 38.1
1550809629.93 37.0
1550809639.95 37.0
1550809649.96 37.6
1550809659.97 38.1
1550809669.99 37.0
1550809680.01 37.6
1550809690.03 37.0
1550809700.04 37.0
1550809710.06 37.6
1550809720.08 37.6
1550809730.09 37.0
1550809740.12 37.0
1550809750.14 37.0
1550809760.16 36.5
1550809770.17 36.5
1550809780.19 36.5
1550809790.21 36.5
1550809800.22 36.5
1550809810.24 36.5
1550809820.26 37.0
1550809830.28 36.5
1550809840.3 36.5
1550809850.32 36.5
1550809860.34 36.5
1550809870.36 37.0
1550809880.38 36.5
1550809890.4 36.5
1550809900.42 36.5
1550809910.43 37.6
1550809920.46 36.5
1550809930.47 36.5
1550809940.49 37.6
1550809950.51 36.5
1550809960.53 37.6
1550809970.55 37.0
1550809980.57 36.5
1550809990.59 36.5
1550810000.61 36.5
1550810010.64 36.5
1550810020.66 36.5
1550810030.68 36.5
1550810040.7 36.5
1550810050.72 37.0
1550810060.74 36.5
1550810070.76 36.5
1550810080.77 36.5
1550810090.79 36.5
1550810100.81 36.5
1550810110.83 36.5
1550810120.85 36.5
1550810130.87 37.0
1550810140.89 36.5
1550810150.91 36.5
1550810160.93 36.5
1550810170.95 36.5
1550810180.97 36.5
1550810190.98 37.0
1550810201.0 37.0
1550810211.02 37.0
1550810221.04 37.0
1550810231.06 37.0
1550810241.07 36.5
1550810251.09 36.5
1550810261.12 36.5
1550810271.13 36.5
1550810281.14 37.0
1550810291.17 37.0
1550810301.18 37.6
1550810311.2 37.0
1550810321.21 37.0
1550810331.22 37.6
1550810341.24 37.0
1550810351.27 37.0
1550810361.29 37.0
1550810371.31 37.6
1550810381.32 37.6
1550810391.33 37.6
1550810401.35 37.0
1550810411.37 37.6
1550810421.39 37.6
1550810431.41 37.6
1550810441.43 37.0
1550810451.45 37.0
1550810461.47 37.6
1550810471.49 37.0
1550810481.51 37.6
1550810491.53 38.1
1550810501.55 37.6
1550810511.56 37.6
1550810521.58 37.0
1550810531.61 37.0
1550810541.62 37.6
1550810551.63 37.6
1550810561.65 37.0
1550810571.67 37.6
1550810581.68 37.6
1550810591.69 37.6
1550810601.71 37.6
1550810611.73 37.0
1550810621.74 37.6
1550810631.75 37.6
1550810641.77 37.0
1550810651.79 37.0
1550810661.81 36.5
1550810671.82 37.0
1550810681.85 37.6
1550810691.87 37.0
1550810701.89 37.6
1550810711.91 37.6
1550810721.93 37.0
1550810731.94 37.6
1550810741.96 37.0
1550810751.98 37.6
1550810762.0 36.5
1550810772.02 37.6
1550810782.04 37.6
1550810792.06 37.0
1550810802.08 37.6
1550810812.1 36.5
1550810822.12 37.0
1550810832.14 36.5
1550810842.16 37.0
1550810852.17 37.0
1550810862.19 37.0
1550810872.21 37.0
1550810882.23 37.6
1550810892.25 37.0
1550810902.27 36.5
1550810912.29 36.5
1550810922.3 37.6
1550810932.32 37.6
1550810942.34 37.0
1550810952.36 36.5
1550810962.38 37.6
1550810972.4 37.6
1550810982.42 37.6
1550810992.44 37.0
1550811002.46 37.0
1550811012.48 37.6
1550811022.5 37.0
1550811032.52 37.6
1550811042.54 36.5
1550811052.55 37.0
1550811062.57 36.5
1550811072.59 37.6
1550811082.6 37.6
1550811092.62 37.0
1550811102.64 37.0
1550811112.66 36.5
1550811122.68 36.5
1550811132.7 37.6
1550811142.72 36.5
1550811152.74 37.0
1550811162.75 37.0
1550811172.77 37.0
1550811182.79 37.6
1550811192.8 37.0
1550811202.82 36.5
1550811212.84 37.6
1550811222.86 37.0
1550811232.87 38.1
1550811242.88 37.6
1550811252.9 37.0
1550811262.92 37.6
1550811272.94 37.0
1550811282.96 37.0
1550811292.99 37.0
1550811303.01 37.6
1550811313.03 37.6
1550811323.05 37.6
1550811333.07 37.6
1550811343.09 37.6
1550811353.11 37.6
1550811363.13 37.6
1550811373.15 37.6
1550811383.17 36.5
1550811393.19 37.6
1550811403.21 37.0
1550811413.22 37.6
1550811423.24 37.0
1550811433.26 37.6
1550811443.28 37.6
1550811453.3 37.6
1550811463.32 37.6
1550811473.33 37.6
1550811483.35 37.6
1550811493.37 37.6
1550811503.39 37.6
1550811513.41 36.5
1550811523.42 37.6
1550811533.44 37.6
1550811543.46 37.0
1550811553.47 38.1
1550811563.49 37.0
1550811573.51 36.5
1550811583.53 36.5
1550811593.55 37.0
