1550200008.26 37.0
1550200018.28 37.6
1550200028.3 37.0
1550200038.32 37.0
1550200048.34 36.5
1550200058.36 36.5
1550200068.37 36.5
1550200078.39 36.5
1550200088.4 37.0
1550200098.42 36.5
1550200108.44 36.5
1550200118.46 36.5
1550200128.47 37.0
1550200138.49 35.9
1550200148.51 36.5
1550200158.52 37.0
1550200168.53 36.5
1550200178.55 36.5
1550200188.57 36.5
1550200198.58 36.5
1550200208.6 37.0
1550200218.61 36.5
1550200228.63 36.5
1550200238.64 37.0
1550200248.66 37.0
1550200258.68 35.9
1550200268.69 35.9
1550200278.71 36.5
1550200288.72 36.5
1550200298.74 36.5
1550200308.75 35.9
1550200318.76 35.9
1550200328.79 35.9
1550200338.81 36.5
1550200348.82 36.5
1550200358.83 36.5
1550200368.85 36.5
1550200378.86 36.5
1550200388.88 35.9
1550200398.9 36.5
1550200408.91 35.9
1550200418.92 35.9
1550200428.93 36.5
1550200438.95 36.5
1550200448.97 37.0
1550200458.98 37.0
1550200468.99 35.9
1550200479.01 37.0
1550200489.04 35.9
1550200499.06 36.5
1550200509.08 36.5
1550200519.11 36.5
1550200529.12 36.5
1550200539.14 36.5
1550200549.16 35.9
1550200559.18 35.4
1550200569.2 36.5
1550200579.22 35.9
1550200589.25 35.9
1550200599.27 36.5
1550200609.28 36.5
1550200619.3 36.5
1550200629.32 35.9
1550200639.33 36.5
1550200649.35 36.5
1550200659.37 36.5
1550200669.39 36.5
1550200679.41 36.5
1550200689.43 36.5
1550200699.45 36.5
1550200709.46 35.9
1550200719.48 35.9
1550200729.49 35.9
1550200739.51 36.5
1550200749.53 36.5
1550200759.54 36.5
1550200769.56 35.4
1550200779.58 35.4
1550200789.6 36.5
1550200799.62 36.5
1550200809.63 37.0
1550200819.65 36.5
1550200829.67 36.5
1550200839.69 36.5
1550200849.7 36.5
1550200859.72 35.9
1550200869.74 35.4
1550200879.75 36.5
1550200889.78 35.9
1550200899.79 36.5
1550200909.81 36.5
1550200919.83 37.6
1550200929.84 36.5
1550200939.86 36.5
1550200949.88 36.5
1550200959.9 35.9
1550200969.91 36.5
1550200979.93 35.9
1550200989.95 37.0
1550200999.96 37.0
1550201009.98 36.5
1550201020.0 36.5
1550201030.01 36.5
1550201040.03 37.0
1550201050.05 36.5
1550201060.07 36.5
1550201070.09 36.5
1550201080.1 37.0
1550201090.12 37.0
1550201100.14 37.6
1550201110.16 37.0
1550201120.17 37.6
1550201130.19 38.1
1550201140.2 37.6
1550201150.22 37.6
1550201160.23 37.6
1550201170.25 37.6
1550201180.27 37.0
1550201190.29 37.6
1550201200.31 37.6
1550201210.32 37.6
1550201220.35 37.6
1550201230.36 38.1
1550201240.38 37.6
1550201250.39 37.6
1550201260.41 37.0
1550201270.42 37.6
1550201280.44 37.6
1550201290.45 38.1
1550201300.46 37.6
1550201310.48 38.1
1550201320.51 38.6
1550201330.51 38.6
1550201340.53 37.6
1550201350.55 37.0
1550201360.56 38.6
1550201370.58 38.6
1550201380.6 38.1
1550201390.61 38.1
1550201400.63 38.1
1550201410.64 37.6
1550201420.67 38.6
1550201430.69 38.6
1550201440.7 38.1
1550201450.72 38.6
1550201460.74 38.6
1550201470.76 38.6
1550201480.78 38.1
1550201490.8 38.1
1550201500.81 38.6
1550201510.83 38.6
1550201520.85 38.6
1550201530.87 38.6
1550201540.88 38.6
1550201550.9 38.6
1550201560.94 38.1
1550201570.95 38.6
1550201580.97 38.6
1550201590.98 39.2
1550201601.0 38.6
1550201611.02 38.1
1550201621.03 38.6
1550201631.06 37.0
1550201641.07 38.1
1550201651.1 37.6
1550201661.11 38.1
1550201671.13 38.1
1550201681.15 37.6
1550201691.17 38.1
1550201701.19 37.6
1550201711.2 38.1
1550201721.21 38.1
1550201731.23 37.6
1550201741.25 37.6
1550201751.26 38.1
1550201761.28 38.6
1550201771.3 38.6
1550201781.31 38.6
1550201791.33 37.6
1550201801.35 37.0
1550201811.37 38.6
1550201821.39 37.6
1550201831.4 38.6
1550201841.42 38.6
1550201851.43 38.6
1550201861.44 38.1
1550201871.46 38.6
1550201881.47 37.6
1550201891.49 38.1
1550201901.5 38.1
1550201911.51 37.6
1550201921.53 37.6
1550201931.55 37.6
1550201941.57 38.6
1550201951.58 38.6
1550201961.59 38.6
1550201971.6 38.6
1550201981.62 38.1
1550201991.63 38.6
1550202001.64 38.1
1550202011.65 38.1
1550202021.67 37.0
1550202031.68 37.6
1550202041.7 37.6
1550202051.72 37.6
1550202061.74 37.6
1550202071.75 37.6
1550202081.76 37.6
1550202091.78 37.0
1550202101.8 37.6
1550202111.82 37.0
1550202121.84 37.0
1550202131.86 37.0
1550202141.88 36.5
1550202151.9 37.6
1550202161.92 37.0
1550202171.94 36.5
1550202181.95 37.0
1550202191.97 37.6
1550202201.99 37.0
1550202212.01 37.0
1550202222.02 37.0
1550202232.04 37.0
1550202242.06 36.5
1550202252.08 36.5
1550202262.1 36.5
1550202272.11 36.5
1550202282.13 36.5
1550202292.14 37.0
1550202302.16 36.5
1550202312.18 35.9
1550202322.2 36.5
1550202332.22 36.5
1550202342.23 36.5
1550202352.26 36.5
1550202362.27 36.5
1550202372.29 36.5
1550202382.31 35.4
1550202392.33 36.5
1550202402.35 36.5
1550202412.37 35.9
1550202422.39 35.9
1550202432.41 34.9
1550202442.43 35.9
1550202452.45 36.5
1550202462.46 36.5
1550202472.48 36.5
1550202482.5 36.5
1550202492.53 36.5
1550202502.55 36.5
1550202512.56 37.0
1550202522.58 36.5
1550202532.6 36.5
1550202542.62 37.0
1550202552.64 36.5
1550202562.66 36.5
1550202572.68 36.5
1550202582.7 36.5
1550202592.72 37.0
1550202602.74 36.5
1550202612.76 36.5
1550202622.77 37.0
1550202632.79 37.0
1550202642.81 37.0
1550202652.83 36.5
1550202662.85 37.6
1550202672.87 36.5
1550202682.88 36.5
1550202692.9 37.0
1550202702.92 37.0
1550202712.94 36.5
1550202722.95 37.0
1550202732.97 37.6
1550202742.99 37.6
1550202753.01 36.5
1550202763.02 37.6
1550202773.03 38.1
1550202783.05 36.5
1550202793.06 38.6
1550202803.08 37.6
1550202813.1 37.6
1550202823.12 37.0
1550202833.13 37.6
1550202843.15 37.6
1550202853.17 38.6
1550202863.19 37.6
1550202873.22 37.0
1550202883.23 37.0
1550202893.25 37.6
1550202903.27 37.6
1550202913.29 37.6
1550202923.3 37.0
1550202933.32 37.0
1550202943.34 37.0
1550202953.36 37.6
1550202963.38 36.5
1550202973.39 37.6
1550202983.41 37.0
1550202993.42 37.6
1550203003.44 37.6
1550203013.45 36.5
1550203023.46 37.6
1550203033.48 37.0
1550203043.5 36.5
1550203053.52 37.0
1550203063.53 37.6
1550203073.55 37.6
1550203083.56 37.0
1550203093.58 37.0
1550203103.6 37.0
1550203113.62 36.5
1550203123.64 36.5
1550203133.65 37.6
1550203143.67 36.5
1550203153.69 36.5
1550203163.71 36.5
1550203173.73 37.6
1550203183.74 37.0
1550203193.76 37.6
1550203203.77 37.0
