1550000007.75 33.2
1550000017.77 33.8
1550000027.78 33.8
1550000037.79 34.3
1550000047.81 33.2
1550000057.83 34.3
1550000067.85 34.3
1550000077.87 33.8
1550000087.88 33.8
1550000097.9 33.8
1550000107.92 33.2
1550000117.93 33.2
1550000127.95 33.8
1550000137.97 33.2
1550000147.98 34.3
1550000158.01 33.2
1550000168.03 33.2
1550000178.04 33.8
1550000188.06 33.2
1550000198.08 33.2
1550000208.09 33.8
1550000218.1 33.8
1550000228.12 33.8
1550000238.13 34.3
1550000248.15 33.8
1550000258.16 34.3
1550000268.18 34.3
1550000278.19 33.8
1550000288.21 33.8
1550000298.22 34.3
1550000308.25 34.3
1550000318.27 33.8
1550000328.28 33.8
1550000338.3 33.8
1550000348.32 33.2
1550000358.34 34.3
1550000368.36 33.2
1550000378.37 34.9
1550000388.39 33.2
1550000398.41 33.8
1550000408.43 34.3
1550000418.45 34.3
1550000428.46 34.3
1550000438.49 34.3
1550000448.51 34.3
1550000458.53 33.8
1550000468.55 34.9
1550000478.57 33.8
1550000488.58 34.3
1550000498.6 33.8
1550000508.62 33.8
1550000518.64 34.3
1550000528.65 33.8
1550000538.67 34.3
1550000548.69 33.2
1550000558.71 33.8
1550000568.73 33.2
1550000578.75 33.2
1550000588.78 33.2
1550000598.8 33.2
1550000608.82 33.2
1550000618.84 33.2
1550000628.86 33.2
1550000638.87 33.2
1550000648.9 33.2
1550000658.92 33.2
1550000668.94 33.8
1550000678.95 33.2
1550000688.97 32.7
1550000699.0 33.2
1550000709.01 33.2
1550000719.03 33.2
1550000729.05 33.2
1550000739.07 33.2
1550000749.09 33.2
1550000759.11 33.2
1550000769.13 33.2
1550000779.15 32.7
1550000789.17 32.7
1550000799.19 33.2
1550000809.21 33.2
1550000819.23 33.8
1550000829.25 32.2
1550000839.27 33.2
1550000849.29 32.2
1550000859.31 32.7
1550000869.33 32.2
1550000879.36 33.2
1550000889.38 32.7
1550000899.39 33.8
1550000909.41 33.2
1550000919.43 32.7
1550000929.45 33.2
1550000939.47 33.2
1550000949.49 33.2
1550000959.51 32.7
1550000969.53 32.7
1550000979.56 33.2
1550000989.57 34.3
1550000999.59 32.7
1550001009.61 32.7
1550001019.63 32.7
1550001029.65 32.7
1550001039.67 33.2
1550001049.69 32.7
1550001059.71 32.7
1550001069.73 33.2
1550001079.75 33.2
1550001089.77 32.7
1550001099.79 33.8
1550001109.81 33.2
1550001119.83 33.2
1550001129.85 33.2
1550001139.87 33.2
1550001149.89 33.2
1550001159.91 33.8
1550001169.92 33.8
1550001179.94 34.3
1550001189.95 34.3
1550001199.97 34.3
1550001209.99 34.3
1550001220.0 34.3
1550001230.02 33.2
1550001240.04 33.8
1550001250.07 33.8
1550001260.09 34.3
1550001270.1 33.8
1550001280.12 33.2
1550001290.15 33.8
1550001300.17 33.8
1550001310.19 33.2
1550001320.21 33.8
1550001330.23 33.2
1550001340.25 34.3
1550001350.27 33.2
1550001360.29 33.8
1550001370.32 33.8
1550001380.34 32.7
1550001390.35 33.8
1550001400.37 34.3
1550001410.39 34.3
1550001420.41 34.3
1550001430.43 33.8
1550001440.45 33.2
1550001450.47 33.8
1550001460.49 33.8
1550001470.5 34.3
1550001480.52 34.3
1550001490.54 33.8
1550001500.56 33.2
1550001510.58 34.3
1550001520.6 33.8
1550001530.62 33.2
1550001540.64 33.2
1550001550.66 33.2
1550001560.68 33.8
1550001570.7 33.8
1550001580.72 33.2
1550001590.74 33.2
1550001600.76 34.3
1550001610.77 34.3
1550001620.79 34.3
1550001630.81 34.3
1550001640.83 34.3
1550001650.85 33.8
1550001660.87 33.8
1550001670.89 34.3
1550001680.91 33.8
1550001690.93 33.2
1550001700.95 33.8
1550001710.97 33.2
1550001720.99 32.7
1550001731.01 33.2
1550001741.03 33.2
1550001751.05 33.2
1550001761.07 33.2
1550001771.08 34.3
1550001781.1 33.2
1550001791.12 33.2
1550001801.13 32.7
1550001811.15 33.2
1550001821.16 33.8
1550001831.18 33.2
1550001841.19 33.8
1550001851.21 33.2
1550001861.22 33.8
1550001871.24 33.2
1550001881.26 33.8
1550001891.28 33.8
1550001901.3 33.2
1550001911.32 33.2
1550001921.33 33.8
1550001931.34 34.3
1550001941.35 34.3
1550001951.37 33.8
1550001961.39 33.8
1550001971.42 33.2
1550001981.44 34.3
1550001991.45 33.8
1550002001.47 33.8
1550002011.49 33.8
1550002021.51 33.8
1550002031.53 33.2
1550002041.55 34.3
1550002051.55 34.3
1550002061.57 34.3
1550002071.59 33.8
1550002081.61 33.8
1550002091.62 34.3
1550002101.64 33.2
1550002111.67 34.3
1550002121.68 34.3
1550002131.7 33.2
1550002141.72 34.3
1550002151.73 34.3
1550002161.75 34.9
1550002171.77 34.3
1550002181.79 33.8
1550002191.8 34.3
1550002201.83 33.8
1550002211.85 33.8
1550002221.87 33.2
1550002231.88 33.2
1550002241.9 33.8
1550002251.92 33.2
1550002261.94 33.8
1550002271.96 34.3
1550002281.97 33.2
1550002291.99 33.8
1550002302.01 33.2
1550002312.03 33.8
1550002322.04 34.3
1550002332.06 33.2
1550002342.08 32.7
1550002352.1 33.2
1550002362.12 32.7
1550002372.14 32.7
1550002382.16 33.2
1550002392.18 34.3
1550002402.2 34.3
1550002412.22 33.2
1550002422.23 34.3
1550002432.25 34.3
1550002442.26 34.3
1550002452.28 34.3
1550002462.29 34.3
1550002472.3 34.3
1550002482.32 34.3
1550002492.33 33.2
1550002502.35 34.3
1550002512.37 33.2
1550002522.38 34.3
1550002532.4 33.8
1550002542.42 33.8
1550002552.44 33.2
1550002562.46 33.8
1550002572.48 33.8
1550002582.5 33.2
1550002592.52 33.2
1550002602.54 33.8
1550002612.56 33.8
1550002622.58 33.2
1550002632.68 34.3
1550002642.7 34.3
1550002652.71 33.8
1550002662.73 34.3
1550002672.75 33.8
1550002682.76 33.8
1550002692.78 34.3
1550002702.8 34.3
1550002712.81 34.3
1550002722.83 34.3
1550002732.84 34.3
1550002742.86 34.3
1550002752.87 34.3
1550002762.89 34.3
1550002772.91 34.3
1550002782.92 34.3
1550002792.94 34.3
1550002802.95 34.3
1550002812.97 34.9
1550002822.98 34.3
1550002833.0 34.3
1550002843.01 34.3
1550002853.02 34.3
1550002863.04 33.8
1550002873.06 33.2
1550002883.07 33.8
1550002893.08 33.2
1550002903.1 34.3
1550002913.11 33.8
1550002923.13 33.8
1550002933.14 33.2
1550002943.16 33.8
1550002953.17 34.3
1550002963.18 34.3
1550002973.2 33.2
1550002983.22 34.3
1550002993.23 34.3
1550003003.24 34.3
1550003013.26 33.8
1550003023.27 34.3
1550003033.29 34.3
1550003043.31 33.8
1550003053.33 33.8
1550003063.35 33.8
1550003073.37 34.3
1550003083.38 34.3
1550003093.39 33.2
1550003103.41 34.3
1550003113.43 33.8
1550003123.44 33.8
1550003133.46 33.8
1550003143.47 34.3
1550003153.49 34.3
1550003163.5 33.8
1550003173.52 33.8
1550003183.54 33.8
1550003193.56 33.8
1550003203.57 34.3
1550003213.58 34.3
1550003223.59 34.3
1550003233.62 33.8
1550003243.63 33.2
1550003253.64 33.8
1550003263.66 33.2
1550003273.68 33.2
1550003283.7 33.2
1550003293.72 33.8
1550003303.73 33.8
1550003313.75 34.3
1550003323.77 33.8
1550003333.78 33.2
1550003343.8 33.8
1550003353.82 33.2
1550003363.84 33.2
1550003373.86 33.2
1550003383.88 33.2
1550003393.89 33.2
1550003403.91 33.2
1550003413.93 33.8
1550003423.94 33.2
1550003433.96 33.2
1550003443.97 33.8
1550003454.0 32.7
1550003464.01 34.3
1550003474.02 33.2
1550003484.04 33.8
1550003494.06 33.8
1550003504.08 33.2
1550003514.09 33.8
1550003524.12 32.7
1550003534.14 33.2
1550003544.16 33.8
1550003554.18 33.8
1550003564.2 33.8
1550003574.22 33.2
1550003584.23 33.2
1550003594.25 34.3
1550003604.27 33.2
1550003614.29 33.8
1550003624.31 33.2
1550003634.33 33.2
1550003644.35 33.2
1550003654.38 33.2
1550003664.4 33.8
1550003674.41 34.3
1550003684.43 33.2
1550003694.45 33.2
1550003704.47 34.3
1550003714.49 34.3
1550003724.49 33.8
1550003734.51 34.3
1550003744.53 33.8
1550003754.55 33.8
1550003764.57 33.2
1550003774.59 34.3
1550003784.62 33.8
1550003794.63 33.8
1550003804.65 33.8
1550003814.66 33.8
1550003824.68 34.3
1550003834.7 34.3
1550003844.72 33.8
1550003854.73 34.3
1550003864.75 34.3
1550003874.76 33.8
1550003884.78 34.3
1550003894.78 34.3
1550003904.8 33.8
1550003914.82 33.8
1550003924.84 34.3
1550003934.86 33.8
1550003944.87 34.3
1550003954.89 33.2
1550003964.92 33.2
1550003974.93 34.3
1550003984.95 33.2
1550003994.97 34.3
1550004004.99 33.8
1550004015.01 34.3
1550004025.01 34.3
1550004035.02 34.9
1550004045.05 34.3
1550004055.06 34.3
1550004065.07 34.9
1550004075.09 34.3
1550004085.11 34.3
1550004095.12 34.3
1550004105.14 34.3
1550004115.16 34.3
1550004125.18 33.2
1550004135.2 33.2
1550004145.22 33.8
1550004155.24 34.3
1550004165.25 33.8
1550004175.27 33.2
1550004185.29 34.3
1550004195.31 34.9
1550004205.33 33.8
1550004215.35 34.3
1550004225.36 33.2
1550004235.38 33.8
1550004245.4 33.8
1550004255.41 33.8
1550004265.43 33.8
1550004275.45 33.8
1550004285.47 33.8
1550004295.49 33.2
1550004305.5 33.8
1550004315.53 33.2
1550004325.54 33.2
1550004335.56 33.2
1550004345.57 34.3
1550004355.59 33.2
1550004365.61 34.3
1550004375.63 34.3
1550004385.65 34.3
1550004395.67 33.8
1550004405.69 34.3
1550004415.71 34.3
1550004425.73 34.3
1550004435.75 34.3
1550004445.76 34.3
1550004455.79 34.3
1550004465.8 34.3
1550004475.82 34.3
1550004485.83 33.8
1550004495.85 34.3
1550004505.87 33.8
1550004515.88 34.3
1550004525.9 34.3
1550004535.91 34.3
1550004545.93 34.3
1550004555.94 34.9
1550004565.96 34.3
1550004575.98 34.3
1550004586.0 34.9
1550004596.02 34.3
1550004606.04 34.9
1550004616.05 34.9
1550004626.07 34.9
1550004636.09 34.3
1550004646.1 34.9
1550004656.12 34.9
1550004666.14 34.3
1550004676.15 34.9
1550004686.17 34.9
1550004696.19 34.3
1550004706.21 34.3
1550004716.24 34.3
1550004726.26 34.3
1550004736.28 34.3
1550004746.29 34.9
1550004756.31 34.9
1550004766.32 34.3
1550004776.34 34.3
1550004786.36 34.3
1550004796.36 34.3
1550004806.38 35.4
1550004816.39 34.9
1550004826.41 34.3
1550004836.43 34.3
1550004846.44 34.3
1550004856.46 34.3
1550004866.47 34.9
1550004876.49 33.8
1550004886.51 34.9
1550004896.53 34.3
1550004906.54 34.9
1550004916.56 34.3
1550004926.58 34.3
1550004936.59 34.9
1550004946.61 34.9
1550004956.63 33.8
1550004966.65 34.9
1550004976.66 34.3
1550004986.68 34.3
1550004996.7 34.9
1550005006.72 34.3
1550005016.73 34.3
1550005026.75 34.9
1550005036.77 35.4
1550005046.78 34.9
1550005056.8 34.3
1550005066.82 34.3
1550005076.84 34.9
1550005086.86 34.3
1550005096.87 34.9
1550005106.89 34.9
1550005116.91 34.3
1550005126.93 34.9
1550005136.95 34.9
1550005146.96 34.9
1550005156.98 34.3
1550005167.0 34.3
1550005177.02 34.3
1550005187.04 34.3
1550005197.06 35.4
1550005207.07 35.4
1550005217.09 34.3
1550005227.11 35.4
1550005237.13 35.4
1550005247.14 35.4
1550005257.16 34.3
1550005267.18 34.3
1550005277.2 34.9
1550005287.21 34.9
1550005297.23 35.4
1550005307.25 35.4
1550005317.26 34.9
1550005327.28 35.4
1550005337.29 35.4
1550005347.3 35.4
1550005357.32 35.4
1550005367.33 34.9
1550005377.35 34.9
1550005387.36 35.4
1550005397.38 34.3
1550005407.4 34.9
1550005417.41 34.3
1550005427.43 34.3
1550005437.45 34.9
1550005447.46 34.3
1550005457.49 34.3
1550005467.5 34.9
1550005477.52 34.3
1550005487.54 34.9
1550005497.55 34.9
1550005507.57 34.9
1550005517.59 34.9
1550005527.61 34.3
1550005537.63 34.3
1550005547.65 34.9
1550005557.67 34.9
1550005567.69 34.3
1550005577.7 34.3
1550005587.72 34.9
1550005597.74 34.3
1550005607.76 34.9
1550005617.77 34.9
1550005627.79 34.9
1550005637.81 34.3
1550005647.83 34.3
1550005657.84 34.3
1550005667.86 33.8
1550005677.88 33.8
1550005687.9 33.8
1550005697.91 34.9
1550005707.93 33.8
1550005717.95 33.8
1550005727.97 34.3
1550005737.98 34.3
1550005748.0 34.9
1550005758.02 34.9
1550005768.04 34.3
1550005778.06 34.9
1550005788.07 34.9
1550005798.09 34.3
1550005808.11 34.3
1550005818.13 34.3
1550005828.14 34.9
1550005838.16 34.9
1550005848.16 34.3
1550005858.18 34.3
1550005868.2 34.9
1550005878.22 34.9
1550005888.24 34.3
1550005898.26 34.9
1550005908.27 34.9
1550005918.3 34.9
1550005928.31 34.9
1550005938.33 34.3
1550005948.35 34.3
1550005958.37 35.4
1550005968.39 35.4
1550005978.41 34.9
1550005988.43 34.3
1550005998.44 35.4
1550006008.46 34.9
1550006018.47 34.9
1550006028.5 34.3
1550006038.51 34.9
1550006048.53 35.9
1550006058.54 35.4
1550006068.56 34.9
1550006078.58 34.9
1550006088.6 34.9
1550006098.62 35.4
1550006108.64 35.4
1550006118.66 34.9
1550006128.68 34.3
1550006138.7 34.9
1550006148.72 34.3
1550006158.74 34.9
1550006168.76 34.9
1550006178.78 35.4
1550006188.8 34.9
1550006198.81 35.4
1550006208.83 35.4
1550006218.85 34.9
1550006228.85 34.3
1550006238.87 34.9
1550006248.89 34.9
1550006258.91 34.3
1550006268.92 34.9
1550006278.94 34.9
1550006288.96 35.4
1550006298.98 34.3
1550006309.0 33.8
1550006319.02 34.3
1550006329.04 34.9
1550006339.05 34.9
1550006349.06 34.3
1550006359.08 34.3
1550006369.1 34.3
1550006379.12 34.3
1550006389.14 34.3
1550006399.16 34.3
1550006409.18 34.3
1550006419.2 34.3
1550006429.21 34.9
1550006439.23 34.3
1550006449.25 34.3
1550006459.27 34.3
1550006469.29 34.3
1550006479.31 34.3
1550006489.33 34.3
1550006499.35 33.8
1550006509.37 34.3
1550006519.39 34.3
1550006529.41 34.3
1550006539.43 34.3
1550006549.45 34.3
1550006559.47 34.3
1550006569.49 33.2
1550006579.51 33.8
1550006589.53 33.8
1550006599.56 33.8
1550006609.57 33.2
1550006619.58 34.3
1550006629.6 33.8
1550006639.62 33.2
1550006649.64 33.8
1550006659.65 34.3
1550006669.68 33.8
1550006679.69 34.3
1550006689.71 33.8
1550006699.73 33.8
1550006709.75 34.3
1550006719.77 33.8
1550006729.78 34.3
1550006739.8 34.3
1550006749.82 33.8
1550006759.84 34.3
1550006769.86 33.8
1550006779.88 33.8
1550006789.9 33.2
1550006799.92 33.2
1550006809.93 33.8
1550006819.95 34.3
1550006829.97 33.8
1550006839.99 33.2
1550006850.01 33.2
1550006860.03 34.3
1550006870.05 33.2
1550006880.07 33.2
1550006890.09 33.8
1550006900.11 33.2
1550006910.12 33.8
1550006920.15 33.8
1550006930.16 33.8
1550006940.18 33.2
1550006950.21 32.7
1550006960.23 33.8
1550006970.25 32.7
1550006980.26 33.8
1550006990.28 33.8
1550007000.3 33.2
1550007010.32 33.8
1550007020.34 34.3
1550007030.34 34.3
1550007040.36 33.8
1550007050.38 33.2
1550007060.4 33.8
1550007070.42 34.3
1550007080.44 33.2
1550007090.46 33.8
1550007100.48 34.3
1550007110.49 33.8
1550007120.5 33.2
1550007130.52 34.3
1550007140.54 33.8
1550007150.56 34.3
1550007160.57 34.3
1550007170.59 34.3
1550007180.6 33.8
1550007190.62 34.3
1550007200.63 33.8
1550007210.65 34.3
1550007220.67 34.3
1550007230.69 33.8
1550007240.71 33.8
1550007250.73 33.8
1550007260.75 33.2
1550007270.77 33.8
1550007280.79 33.8
1550007290.81 34.3
1550007300.83 33.2
1550007310.85 34.3
1550007320.87 34.3
1550007330.89 33.8
1550007340.91 34.3
1550007350.93 33.2
1550007360.95 33.8
1550007370.97 34.3
1550007380.98 33.8
1550007391.0 33.2
1550007401.02 33.2
1550007411.04 33.8
1550007421.06 33.8
1550007431.08 33.2
1550007441.1 33.8
1550007451.11 33.8
1550007461.13 33.8
1550007471.14 33.8
1550007481.16 33.2
1550007491.18 33.8
1550007501.2 33.2
1550007511.22 33.8
1550007521.25 33.2
1550007531.27 33.2
1550007541.28 34.3
1550007551.3 33.2
1550007561.32 33.8
1550007571.33 34.3
1550007581.36 33.8
1550007591.37 33.2
1550007601.39 34.3
1550007611.41 33.2
1550007621.43 34.3
1550007631.45 33.2
1550007641.46 33.8
1550007651.48 33.2
1550007661.5 33.8
1550007671.52 33.8
1550007681.54 33.2
1550007691.56 33.8
1550007701.58 33.8
1550007711.59 33.8
1550007721.61 34.3
1550007731.63 33.8
1550007741.65 33.8
1550007751.67 33.8
1550007761.68 34.3
1550007771.7 34.3
1550007781.72 34.3
1550007791.73 33.8
1550007801.76 34.3
1550007811.77 33.8
1550007821.79 34.3
1550007831.81 34.3
1550007841.82 33.8
1550007851.84 33.8
1550007861.87 34.3
1550007871.9 34.3
1550007881.91 34.3
1550007891.93 33.8
1550007901.95 33.8
1550007911.97 34.3
1550007921.99 34.3
1550007932.01 34.3
1550007942.03 34.3
1550007952.05 33.8
1550007962.07 34.3
1550007972.09 34.3
1550007982.11 33.8
1550007992.12 34.3
1550008002.14 34.3
1550008012.16 34.3
1550008022.17 34.3
1550008032.19 34.3
1550008042.2 34.9
1550008052.22 34.3
1550008062.24 34.9
1550008072.26 34.3
1550008082.28 34.3
1550008092.31 34.3
1550008102.33 34.3
1550008112.35 34.3
1550008122.37 34.3
1550008132.39 34.3
1550008142.41 34.3
1550008152.43 34.3
1550008162.44 34.3
1550008172.46 33.8
1550008182.47 34.3
1550008192.49 34.9
1550008202.51 34.3
1550008212.53 33.8
1550008222.55 34.3
1550008232.57 34.3
1550008242.59 34.3
1550008252.61 34.3
1550008262.63 34.9
1550008272.64 35.4
1550008282.67 34.3
1550008292.69 34.3
1550008302.71 33.8
1550008312.72 34.3
1550008322.74 34.3
1550008332.76 34.9
1550008342.78 34.9
1550008352.79 34.9
1550008362.81 34.9
1550008372.84 34.3
1550008382.85 34.9
1550008392.86 34.9
1550008402.88 34.9
1550008412.89 34.9
1550008422.91 34.9
1550008432.93 34.9
1550008442.95 35.4
1550008452.96 34.9
1550008462.98 34.9
1550008473.0 34.3
1550008483.02 35.4
1550008493.04 34.9
1550008503.06 35.4
1550008513.08 35.4
1550008523.1 34.9
1550008533.12 34.9
1550008543.14 34.9
1550008553.16 34.3
1550008563.18 34.9
1550008573.19 34.9
1550008583.21 35.4
1550008593.23 34.3
1550008603.25 35.4
1550008613.26 34.3
1550008623.28 34.9
1550008633.3 35.4
1550008643.31 35.4
1550008653.32 34.9
1550008663.34 34.9
1550008673.36 35.4
1550008683.38 35.4
1550008693.4 34.9
1550008703.41 34.9
1550008713.43 34.9
1550008723.45 34.9
1550008733.47 35.9
1550008743.49 34.9
1550008753.51 34.9
1550008763.53 35.4
1550008773.55 34.9
1550008783.56 34.9
1550008793.58 34.9
1550008803.59 34.9
1550008813.61 34.9
1550008823.63 34.3
1550008833.64 34.3
1550008843.66 34.9
1550008853.68 34.9
1550008863.7 34.9
1550008873.72 35.4
1550008883.74 34.3
1550008893.75 34.3
1550008903.78 34.9
1550008913.78 35.4
1550008923.8 34.3
1550008933.82 34.3
1550008943.85 34.3
1550008953.87 34.3
1550008963.89 34.9
1550008973.9 35.4
1550008983.92 34.3
1550008993.93 35.4
1550009003.95 33.8
1550009013.97 34.3
1550009023.98 34.9
1550009034.0 34.3
1550009044.02 34.3
1550009054.04 34.3
1550009064.06 34.3
1550009074.08 34.3
1550009084.09 34.3
1550009094.11 33.8
1550009104.12 34.3
1550009114.14 34.3
1550009124.16 34.3
1550009134.18 34.3
1550009144.2 33.8
1550009154.22 34.3
1550009164.24 34.3
1550009174.26 34.3
1550009184.28 33.8
1550009194.3 34.3
1550009204.31 34.3
1550009214.33 33.8
1550009224.35 34.3
1550009234.37 34.3
1550009244.38 34.3
1550009254.4 35.4
1550009264.42 33.8
1550009274.44 34.3
1550009284.46 33.8
1550009294.48 34.3
1550009304.5 33.8
1550009314.52 34.3
1550009324.54 33.8
1550009334.55 34.3
1550009344.57 33.2
1550009354.73 33.8
1550009364.74 34.3
1550009374.76 33.2
1550009384.77 33.2
1550009394.79 33.2
1550009404.81 34.3
1550009414.83 33.8
1550009424.84 34.3
1550009434.86 33.2
1550009444.88 33.8
1550009454.9 34.3
1550009464.92 33.8
1550009474.94 34.3
1550009484.96 34.3
1550009494.98 34.3
1550009504.99 34.3
1550009515.0 34.9
1550009525.02 33.8
1550009535.04 33.8
1550009545.06 34.3
1550009555.08 34.3
1550009565.1 33.2
1550009575.12 33.8
1550009585.14 33.8
1550009595.16 33.8
1550009605.18 34.3
1550009615.19 34.3
1550009625.21 33.8
1550009635.23 33.8
1550009645.25 34.3
1550009655.27 33.8
1550009665.29 34.3
1550009675.31 33.8
1550009685.33 34.3
1550009695.35 34.3
1550009705.37 34.3
1550009715.39 34.3
1550009725.41 34.3
1550009735.43 34.3
1550009745.45 34.9
1550009755.46 34.3
1550009765.49 34.3
1550009775.51 33.8
1550009785.51 34.3
1550009795.53 35.4
1550009805.55 34.9
1550009815.57 34.9
1550009825.59 34.3
1550009835.6 35.4
1550009845.62 34.9
1550009855.65 34.3
1550009865.66 34.3
1550009875.67 35.4
1550009885.69 34.9
1550009895.7 34.9
1550009905.72 34.3
1550009915.74 34.3
1550009925.76 34.3
1550009935.77 34.9
1550009945.79 34.3
1550009955.81 34.3
1550009965.92 34.3
1550009975.95 34.9
1550009985.96 35.4
1550009995.97 34.3
1550010006.0 34.3
1550010016.01 34.9
1550010026.02 34.3
1550010036.04 34.3
1550010046.06 33.8
1550010056.08 34.3
1550010066.1 34.3
1550010076.12 33.8
1550010086.14 34.3
1550010096.17 34.3
1550010106.19 34.3
1550010116.21 34.3
1550010126.23 33.8
1550010136.24 34.9
1550010146.26 34.3
1550010156.28 34.3
1550010166.3 33.8
1550010176.32 33.8
1550010186.34 33.8
1550010196.36 34.3
1550010206.38 34.3
1550010216.4 34.3
1550010226.42 33.8
1550010236.44 33.8
1550010246.46 33.2
1550010256.48 34.3
1550010266.51 33.2
1550010276.53 33.2
1550010286.56 33.8
1550010296.58 34.3
1550010306.6 34.9
1550010316.6 34.3
1550010326.62 34.3
1550010336.64 33.8
1550010346.66 33.8
1550010356.68 34.3
1550010366.7 33.2
1550010376.72 33.2
1550010386.74 33.2
1550010396.75 33.8
1550010406.77 33.2
1550010416.79 33.8
1550010426.81 33.2
1550010436.83 33.2
1550010446.84 33.2
1550010456.86 33.2
1550010466.88 33.2
1550010476.9 33.2
1550010486.92 34.3
1550010496.94 33.2
1550010506.95 34.3
1550010516.97 33.8
1550010526.99 33.2
1550010537.0 33.8
1550010547.02 33.2
1550010557.05 33.2
1550010567.06 33.2
1550010577.08 33.8
1550010587.1 33.8
1550010597.12 33.8
1550010607.15 33.2
1550010617.16 33.2
1550010627.18 33.8
1550010637.2 33.2
1550010647.22 34.3
1550010657.24 33.8
1550010667.26 33.2
1550010677.28 33.2
1550010687.3 32.7
1550010697.32 34.3
1550010707.34 32.7
1550010717.36 33.2
1550010727.38 33.2
1550010737.39 33.2
1550010747.42 33.2
1550010757.43 33.2
1550010767.45 32.7
1550010777.47 33.2
1550010787.49 33.2
1550010797.51 33.2
1550010807.53 33.2
1550010817.55 33.8
1550010827.57 33.8
1550010837.59 33.2
1550010847.61 34.3
1550010857.63 33.2
1550010867.65 33.2
1550010877.67 33.2
1550010887.69 33.2
1550010897.71 33.2
1550010907.73 33.2
1550010917.75 33.2
1550010927.77 33.2
1550010937.78 33.2
1550010947.8 32.2
1550010957.82 32.7
1550010967.84 32.7
1550010977.86 32.2
1550010987.88 32.7
1550010997.9 32.7
1550011007.92 32.7
1550011017.94 33.2
1550011027.96 32.7
1550011037.98 33.8
1550011048.0 32.7
1550011058.03 33.2
1550011068.04 33.2
1550011078.06 32.7
1550011088.09 33.2
1550011098.11 33.2
1550011108.12 33.8
1550011118.14 32.7
1550011128.16 32.7
1550011138.18 33.2
1550011148.2 32.7
1550011158.22 32.7
1550011168.24 33.2
1550011178.26 33.2
1550011188.28 33.2
1550011198.3 32.7
1550011208.33 32.7
1550011218.35 33.2
1550011228.37 33.2
1550011238.38 33.2
1550011248.41 32.7
1550011258.42 32.7
1550011268.45 32.7
1550011278.46 33.2
1550011288.48 32.2
1550011298.5 32.7
1550011308.52 33.2
1550011318.54 32.7
1550011328.55 34.3
1550011338.57 33.2
1550011348.59 32.7
1550011358.61 33.8
1550011368.63 33.8
1550011378.65 33.2
1550011388.67 33.2
1550011398.69 33.8
1550011408.71 33.2
1550011418.73 32.7
1550011428.75 33.2
1550011438.77 32.7
1550011448.79 33.2
1550011458.81 33.2
1550011468.83 33.2
1550011478.85 33.8
1550011488.87 33.8
1550011498.89 33.8
1550011508.91 33.2
1550011518.93 33.2
1550011528.94 33.2
1550011538.96 33.2
1550011548.97 32.7
1550011558.99 33.8
1550011569.0 33.8
1550011579.02 33.2
1550011589.04 33.2
1550011599.06 33.2
1550011609.07 33.8
1550011619.08 33.8
1550011629.1 34.3
1550011639.11 33.8
1550011649.13 32.7
1550011659.15 33.2
1550011669.16 34.3
1550011679.18 33.2
1550011689.2 33.2
1550011699.22 33.2
1550011709.24 34.3
1550011719.26 33.2
1550011729.28 33.8
1550011739.3 34.3
1550011749.32 33.8
1550011759.34 33.8
1550011769.35 34.3
1550011779.38 34.3
1550011789.39 33.8
1550011799.41 33.8
1550011809.42 34.3
1550011819.44 33.8
1550011829.46 33.2
1550011839.47 33.2
1550011849.49 33.8
1550011859.51 34.9
1550011869.53 33.2
1550011879.54 34.3
1550011889.56 33.8
1550011899.58 33.2
1550011909.59 33.8
1550011919.61 33.8
1550011929.63 34.3
1550011939.64 34.3
1550011949.66 33.2
1550011959.67 33.2
1550011969.69 33.8
1550011979.7 33.2
1550011989.72 33.8
1550011999.74 33.8
1550012009.76 33.2
1550012019.77 33.8
1550012029.78 33.8
1550012039.8 33.8
1550012049.82 33.2
1550012059.84 33.8
1550012069.86 34.3
1550012079.88 33.2
1550012089.89 33.2
1550012099.91 33.8
1550012109.92 33.8
1550012119.93 34.3
1550012129.95 33.8
1550012139.97 34.3
1550012149.98 34.9
1550012160.0 33.8
1550012170.02 34.3
1550012180.03 34.3
1550012190.05 33.2
1550012200.07 33.2
1550012210.09 33.2
1550012220.1 33.8
1550012230.12 33.2
1550012240.14 33.8
1550012250.16 33.8
1550012260.18 33.2
1550012270.19 34.3
1550012280.21 33.8
1550012290.23 33.2
1550012300.25 34.3
1550012310.26 33.8
1550012320.28 33.2
1550012330.3 34.3
1550012340.32 33.8
1550012350.34 33.8
1550012360.36 33.2
1550012370.37 33.8
1550012380.39 34.3
1550012390.42 33.8
1550012400.44 33.8
