1551100005.35 37.6
1551100015.37 37.0
1551100025.39 37.6
1551100035.4 37.0
1551100045.42 36.5
1551100055.44 37.6
1551100065.45 37.0
1551100075.47 37.0
1551100085.49 37.0
1551100095.5 37.6
1551100105.52 37.6
1551100115.54 36.5
1551100125.56 37.6
1551100135.58 37.0
1551100145.6 37.0
1551100155.61 37.0
1551100165.62 37.0
1551100175.63 37.6
1551100185.66 37.6
1551100195.67 38.1
1551100205.68 38.6
1551100215.7 38.6
1551100225.72 38.1
1551100235.74 38.1
1551100245.75 37.6
1551100255.77 37.6
1551100265.78 37.6
1551100275.8 37.6
1551100285.82 37.6
1551100295.83 38.1
1551100305.85 38.6
1551100315.87 38.1
1551100325.88 37.6
1551100335.89 37.6
1551100345.91 37.6
1551100355.92 37.0
1551100365.94 37.6
1551100375.96 37.6
1551100385.98 37.6
1551100395.99 37.6
1551100406.01 38.1
1551100416.02 38.6
1551100426.04 38.1
1551100436.06 37.6
1551100446.07 38.6
1551100456.09 38.1
1551100466.1 38.1
1551100476.11 38.1
1551100486.13 37.6
1551100496.14 38.1
1551100506.16 38.1
1551100516.17 37.6
1551100526.19 37.6
1551100536.21 37.6
1551100546.24 37.6
1551100556.27 37.6
1551100566.28 38.1
1551100576.29 38.1
1551100586.31 38.6
1551100596.32 38.1
1551100606.34 38.6
1551100616.35 37.6
1551100626.37 38.6
1551100636.38 38.1
1551100646.4 38.1
1551100656.42 38.1
1551100666.44 38.6
1551100676.45 38.6
1551100686.47 38.1
1551100696.5 37.6
1551100706.51 38.1
1551100716.53 38.6
1551100726.55 38.6
1551100736.57 37.6
1551100746.59 37.6
1551100756.6 38.1
1551100766.62 38.6
1551100776.64 38.6
1551100786.66 37.6
1551100796.68 37.6
1551100806.7 37.0
1551100816.71 36.5
1551100826.73 37.6
1551100836.75 37.6
1551100846.77 36.5
1551100856.78 36.5
1551100866.8 36.5
1551100876.82 37.0
1551100886.84 36.5
1551100896.86 36.5
1551100906.87 36.5
1551100916.89 36.5
1551100926.91 37.0
1551100936.93 36.5
1551100946.95 36.5
1551100956.97 36.5
1551100966.99 36.5
1551100977.02 35.9
1551100987.03 36.5
1551100997.05 36.5
1551101007.07 35.4
1551101017.09 35.9
1551101027.11 35.4
1551101037.12 36.5
1551101047.14 36.5
1551101057.16 36.5
1551101067.18 35.9
1551101077.2 35.4
1551101087.22 36.5
1551101097.24 35.9
1551101107.26 36.5
1551101117.28 36.5
1551101127.3 36.5
1551101137.32 36.5
1551101147.34 36.5
1551101157.36 35.9
1551101167.38 35.9
1551101177.4 35.9
1551101187.41 36.5
1551101197.43 35.9
1551101207.45 36.5
1551101217.46 36.5
1551101227.49 36.5
1551101237.51 36.5
1551101247.52 35.4
1551101257.54 35.9
1551101267.56 37.0
1551101277.58 36.5
1551101287.6 36.5
1551101297.62 37.0
1551101307.64 37.0
1551101317.65 37.0
1551101327.67 36.5
1551101337.69 37.0
1551101347.71 37.0
1551101357.72 37.6
1551101367.74 37.0
1551101377.76 37.0
1551101387.78 37.0
1551101397.8 37.0
1551101407.82 36.5
1551101417.83 36.5
1551101427.85 36.5
1551101437.87 37.6
1551101447.88 37.6
1551101457.9 37.6
1551101467.92 37.6
1551101477.93 37.6
1551101487.95 37.6
1551101497.97 37.6
1551101507.99 37.6
1551101518.01 37.6
1551101528.02 37.6
1551101538.04 38.1
1551101548.06 37.6
1551101558.08 37.6
1551101568.09 37.6
1551101578.11 37.6
1551101588.13 37.0
1551101598.15 37.0
1551101608.16 37.0
1551101618.18 37.6
1551101628.19 37.0
1551101638.21 37.6
1551101648.24 37.0
1551101658.25 37.0
1551101668.27 36.5
1551101678.29 37.6
1551101688.31 37.0
1551101698.32 37.6
1551101708.34 37.6
1551101718.36 37.6
1551101728.37 37.6
1551101738.39 37.6
1551101748.4 37.6
1551101758.42 38.6
1551101768.43 37.6
1551101778.45 38.6
1551101788.47 38.1
1551101798.48 38.1
1551101808.52 37.6
1551101818.54 37.6
1551101828.56 37.0
1551101838.58 37.0
1551101848.6 37.6
1551101858.62 37.6
1551101868.64 37.6
1551101878.65 38.1
1551101888.67 37.6
1551101898.69 37.6
1551101908.71 37.0
1551101918.73 37.6
1551101928.75 38.1
1551101938.76 37.6
1551101948.78 37.6
1551101958.8 37.0
1551101968.82 38.1
1551101978.84 37.6
1551101988.85 37.0
1551101998.87 37.6
1551102008.89 38.1
1551102018.91 37.6
1551102028.92 38.1
1551102038.94 37.6
1551102048.96 37.6
1551102058.98 38.1
1551102069.0 38.6
1551102079.02 37.6
1551102089.03 37.6
1551102099.05 37.0
1551102109.07 37.6
1551102119.08 37.0
1551102129.1 36.5
1551102139.12 37.0
1551102149.13 36.5
1551102159.15 37.6
1551102169.16 37.6
1551102179.18 37.6
1551102189.2 37.6
1551102199.21 38.6
1551102209.23 38.1
1551102219.24 37.6
1551102229.25 37.6
1551102239.27 38.1
1551102249.28 38.6
1551102259.3 39.2
1551102269.31 38.6
1551102279.32 37.6
1551102289.33 38.6
1551102299.35 38.6
1551102309.36 39.2
1551102319.37 38.6
1551102329.38 38.6
1551102339.39 38.6
1551102349.41 38.6
1551102359.43 38.6
1551102369.45 38.6
1551102379.46 38.6
1551102389.48 38.6
1551102399.5 38.6
1551102409.52 38.6
1551102419.54 38.6
1551102429.55 38.6
1551102439.57 39.2
1551102449.59 38.6
1551102459.61 38.6
1551102469.63 38.6
1551102479.65 38.6
1551102489.67 39.2
1551102499.68 38.6
1551102509.7 39.2
1551102519.71 39.2
1551102529.73 38.6
1551102539.75 38.1
1551102549.77 38.6
1551102559.79 38.6
1551102569.8 38.6
1551102579.82 38.6
1551102589.84 38.6
1551102599.86 38.6
1551102609.88 38.1
1551102619.9 38.6
1551102629.91 39.2
1551102639.93 38.1
1551102649.95 39.2
1551102659.97 38.6
1551102669.98 39.2
1551102680.0 38.6
1551102690.02 39.2
1551102700.04 38.6
1551102710.06 38.6
1551102720.08 38.6
1551102730.11 38.6
1551102740.13 38.6
1551102750.14 39.7
1551102760.16 39.2
1551102770.18 39.2
1551102780.2 39.7
1551102790.22 39.7
1551102800.25 39.7
1551102810.27 39.7
1551102820.28 38.6
1551102830.3 39.2
1551102840.31 39.7
1551102850.33 39.7
1551102860.34 40.2
1551102870.35 39.7
1551102880.37 39.7
1551102890.39 39.7
1551102900.41 39.7
1551102910.42 40.2
1551102920.44 38.6
1551102930.46 39.2
1551102940.49 39.2
1551102950.51 39.2
1551102960.53 39.2
1551102970.54 39.2
1551102980.56 39.2
1551102990.58 39.2
1551103000.6 39.2
1551103010.61 39.7
1551103020.63 39.7
1551103030.65 40.8
1551103040.67 39.7
1551103050.69 40.2
1551103060.71 39.7
1551103070.73 39.7
1551103080.74 39.7
1551103090.76 39.7
1551103100.78 39.7
1551103110.8 39.7
1551103120.81 40.8
1551103130.84 39.7
1551103140.85 40.2
1551103150.87 39.7
1551103160.89 39.7
1551103170.91 39.7
1551103180.93 39.7
1551103190.94 40.2
1551103200.96 40.2
1551103210.98 40.8
1551103221.0 41.3
1551103231.02 41.3
1551103241.04 40.2
1551103251.05 41.3
1551103261.07 41.3
1551103271.09 41.9
1551103281.1 41.3
1551103291.12 41.9
1551103301.16 41.3
1551103311.18 40.8
1551103321.2 40.8
1551103331.21 40.2
1551103341.22 40.8
1551103351.23 40.8
1551103361.25 40.8
1551103371.26 40.8
1551103381.28 40.8
1551103391.29 41.9
1551103401.3 40.8
1551103411.32 40.8
1551103421.34 40.8
1551103431.36 40.8
1551103441.38 40.8
1551103451.39 40.8
1551103461.4 41.3
1551103471.42 40.8
1551103481.44 41.3
1551103491.46 40.8
1551103501.48 41.3
1551103511.49 40.8
1551103521.51 40.8
1551103531.52 40.8
1551103541.54 40.8
1551103551.56 40.8
1551103561.59 40.8
1551103571.6 41.9
1551103581.62 40.8
1551103591.64 40.8
1551103601.66 40.8
1551103611.68 41.9
1551103621.7 41.3
1551103631.71 41.3
1551103641.73 40.8
1551103651.74 41.3
1551103661.76 41.9
1551103671.78 41.3
1551103681.8 41.9
1551103691.82 41.3
1551103701.84 41.3
1551103711.87 41.3
1551103721.89 40.8
1551103731.9 41.9
1551103741.92 41.9
1551103751.93 41.9
1551103761.95 41.9
1551103771.97 42.4
1551103781.99 41.9
1551103792.0 41.9
1551103802.02 41.9
1551103812.04 42.4
1551103822.05 41.3
1551103832.07 41.9
1551103842.09 41.9
1551103852.1 41.9
1551103862.13 41.9
1551103872.14 41.9
1551103882.16 41.9
1551103892.18 41.9
1551103902.2 41.3
1551103912.22 41.9
1551103922.24 41.9
1551103932.26 42.4
1551103942.28 42.4
1551103952.29 41.9
1551103962.31 41.9
1551103972.34 42.4
1551103982.35 41.9
1551103992.37 42.4
1551104002.39 41.9
1551104012.41 42.4
1551104022.43 41.9
1551104032.45 42.4
1551104042.46 42.4
1551104052.48 41.9
1551104062.5 41.9
1551104072.51 41.9
1551104082.52 41.9
1551104092.54 42.4
1551104102.55 42.9
1551104112.56 42.9
1551104122.58 41.9
1551104132.59 41.9
1551104142.61 41.9
1551104152.63 42.9
1551104162.64 41.9
1551104172.66 42.4
1551104182.67 42.4
1551104192.7 41.9
1551104202.72 41.9
1551104212.74 42.4
1551104222.75 42.4
1551104232.77 41.3
1551104242.79 41.9
1551104252.82 41.9
1551104262.84 41.9
1551104272.85 41.9
1551104282.87 41.9
1551104292.89 41.3
1551104302.91 41.3
1551104312.93 41.9
1551104322.95 40.8
1551104332.96 41.3
1551104342.98 41.3
1551104353.0 41.3
1551104363.02 40.8
1551104373.04 41.3
1551104383.06 40.8
1551104393.08 41.3
1551104403.1 40.8
1551104413.11 41.3
1551104423.13 40.8
1551104433.15 41.3
1551104443.16 41.9
1551104453.18 41.9
1551104463.2 40.8
1551104473.22 41.3
1551104483.24 40.8
1551104493.25 40.8
1551104503.27 41.3
1551104513.29 41.3
1551104523.31 42.4
1551104533.33 41.9
1551104543.35 41.3
1551104553.37 40.8
1551104563.39 41.3
1551104573.41 41.9
1551104583.43 41.9
1551104593.45 41.9
1551104603.46 40.8
1551104613.48 41.3
1551104623.5 41.3
1551104633.52 41.3
1551104643.54 41.9
1551104653.56 40.8
1551104663.58 41.9
1551104673.6 41.9
1551104683.61 40.8
1551104693.63 41.3
1551104703.65 41.3
1551104713.67 41.9
1551104723.68 41.3
1551104733.7 41.3
1551104743.72 41.9
1551104753.74 41.3
1551104763.76 41.3
1551104773.78 41.9
1551104783.8 41.9
1551104793.82 41.9
1551104803.84 41.9
1551104813.86 41.9
1551104823.88 41.3
1551104833.89 41.9
1551104843.91 41.9
1551104853.93 41.3
1551104863.95 41.3
1551104873.97 41.9
1551104883.99 41.9
1551104894.01 42.9
1551104904.02 41.9
1551104914.04 41.9
1551104924.05 42.9
1551104934.07 41.9
1551104944.09 42.4
1551104954.1 42.4
1551104964.12 42.9
1551104974.14 42.9
1551104984.15 42.9
1551104994.17 42.4
1551105004.19 42.9
1551105014.2 42.9
1551105024.22 42.9
1551105034.24 42.9
1551105044.25 42.9
1551105054.27 42.4
1551105064.29 42.9
1551105074.31 41.9
1551105084.32 42.9
1551105094.33 42.4
1551105104.35 42.9
1551105114.37 41.9
1551105124.39 42.4
1551105134.4 41.9
1551105144.42 42.4
1551105154.44 42.4
1551105164.45 42.4
1551105174.47 42.4
1551105184.49 42.9
1551105194.51 41.9
1551105204.52 42.4
1551105214.54 41.9
1551105224.56 41.9
1551105234.58 41.3
1551105244.6 41.9
1551105254.62 42.4
1551105264.64 41.3
1551105274.66 41.3
1551105284.68 41.9
1551105294.7 40.8
1551105304.72 41.9
1551105314.73 41.9
1551105324.75 41.9
1551105334.77 42.9
1551105344.79 41.9
1551105354.8 41.9
1551105364.82 41.3
1551105374.83 41.9
1551105384.85 41.9
1551105394.87 41.3
1551105404.88 41.3
1551105414.9 41.3
1551105424.92 40.8
1551105434.94 40.8
1551105444.96 40.8
1551105454.98 41.3
1551105464.99 40.8
1551105475.01 41.3
1551105485.03 40.8
1551105495.05 41.3
1551105505.06 40.2
1551105515.08 40.8
1551105525.09 40.2
1551105535.11 39.7
1551105545.12 40.8
1551105555.14 40.8
1551105565.16 40.8
1551105575.17 40.2
1551105585.19 40.8
1551105595.2 40.2
1551105605.22 39.7
1551105615.24 40.8
1551105625.26 39.7
1551105635.28 39.7
1551105645.29 39.7
1551105655.31 39.7
1551105665.32 40.8
1551105675.34 39.7
1551105685.36 39.7
1551105695.37 40.2
1551105705.39 39.7
1551105715.41 39.7
1551105725.43 40.2
1551105735.44 39.7
1551105745.46 39.7
1551105755.48 40.8
1551105765.49 40.8
1551105775.51 40.8
1551105785.53 39.7
1551105795.55 39.7
1551105805.57 39.7
1551105815.58 40.2
1551105825.6 39.7
1551105835.62 39.7
1551105845.64 39.7
1551105855.65 40.8
1551105865.67 40.8
1551105875.69 40.2
1551105885.71 40.8
1551105895.73 39.7
1551105905.74 40.2
1551105915.76 40.2
1551105925.78 40.8
1551105935.8 40.8
1551105945.82 40.8
1551105955.83 40.8
1551105965.85 40.8
1551105975.87 40.8
1551105985.88 41.3
1551105995.9 41.3
1551106005.91 40.8
1551106015.92 40.8
1551106025.95 41.3
1551106035.97 41.9
1551106045.98 40.8
1551106056.01 40.8
1551106066.03 40.8
1551106076.04 41.3
1551106086.06 40.8
1551106096.09 40.8
1551106106.11 41.3
1551106116.13 40.8
1551106126.15 40.8
1551106136.16 41.3
1551106146.18 41.9
1551106156.2 40.8
1551106166.22 41.3
1551106176.24 41.9
1551106186.26 41.3
1551106196.28 41.9
1551106206.29 40.8
1551106216.31 40.8
1551106226.33 41.9
1551106236.35 41.3
1551106246.38 41.9
1551106256.4 41.3
1551106266.41 41.9
1551106276.43 41.9
1551106286.45 41.9
1551106296.46 42.4
1551106306.48 41.9
1551106316.49 42.4
1551106326.52 42.9
1551106336.54 42.9
1551106346.56 41.3
1551106356.58 41.3
1551106366.6 41.3
1551106376.63 42.9
1551106386.65 41.9
1551106396.67 42.4
1551106406.68 41.9
1551106416.7 41.9
1551106426.72 41.3
1551106436.73 41.9
1551106446.75 41.9
1551106456.77 41.9
1551106466.79 41.9
1551106476.81 41.9
1551106486.82 41.9
1551106496.84 41.9
1551106506.86 42.9
1551106516.88 41.9
1551106526.9 41.9
1551106536.92 41.9
1551106546.94 41.9
1551106556.96 42.9
1551106566.98 41.9
1551106576.99 42.9
1551106587.01 42.4
1551106597.03 41.9
1551106607.06 42.9
1551106617.08 42.9
1551106627.1 43.5
1551106637.11 43.5
1551106647.13 44.0
1551106657.15 42.9
1551106667.16 43.5
1551106677.18 42.9
1551106687.2 42.9
1551106697.21 43.5
1551106707.23 43.5
1551106717.25 43.5
1551106727.27 43.5
1551106737.29 44.0
1551106747.31 43.5
1551106757.33 43.5
1551106767.35 44.0
1551106777.37 44.5
1551106787.38 44.0
1551106797.4 44.0
