1551500001.48 36.5
1551500011.5 35.9
1551500021.52 35.4
1551500031.54 34.9
1551500041.56 34.9
1551500051.58 35.4
1551500061.6 35.4
1551500071.62 34.9
1551500081.64 35.4
1551500091.66 34.9
1551500101.68 35.4
1551500111.7 34.9
1551500121.72 35.4
1551500131.74 35.4
1551500141.76 35.4
1551500151.78 35.4
1551500161.79 35.4
1551500171.81 34.9
1551500181.83 34.9
1551500191.85 34.3
1551500201.87 34.3
1551500211.89 34.3
1551500221.91 34.3
1551500231.93 34.9
1551500241.95 34.9
1551500251.96 35.4
1551500261.99 34.3
1551500272.0 35.4
1551500282.02 35.4
1551500292.04 34.9
1551500302.06 34.9
1551500312.08 35.4
1551500322.11 34.9
1551500332.13 35.4
1551500342.15 34.9
1551500352.16 35.4
1551500362.18 34.9
1551500372.2 35.4
1551500382.22 35.4
1551500392.23 34.9
1551500402.26 34.9
1551500412.27 35.4
1551500422.29 35.4
1551500432.31 35.4
1551500442.32 35.4
1551500452.34 34.9
1551500462.36 35.9
1551500472.38 34.9
1551500482.4 35.4
1551500492.42 35.4
1551500502.44 34.9
1551500512.46 34.9
1551500522.48 34.9
1551500532.51 34.3
1551500542.52 35.4
1551500552.54 34.9
1551500562.56 35.4
1551500572.59 35.4
1551500582.6 35.4
1551500592.62 34.9
1551500602.64 35.4
1551500612.67 34.9
1551500622.68 35.4
1551500632.7 35.4
1551500642.71 35.4
1551500652.73 34.9
1551500662.75 34.9
1551500672.77 35.4
1551500682.79 35.4
1551500692.81 34.9
1551500702.83 34.9
1551500712.85 34.9
1551500722.87 34.9
1551500732.9 34.3
1551500742.92 34.9
1551500752.94 35.4
1551500762.96 35.4
1551500772.97 35.4
1551500782.99 35.4
1551500793.01 34.9
1551500803.03 34.9
1551500813.05 35.4
1551500823.07 34.9
1551500833.09 34.9
1551500843.1 35.9
1551500853.12 34.3
1551500863.15 34.9
1551500873.17 34.9
1551500883.18 35.4
1551500893.2 35.4
1551500903.22 34.3
1551500913.23 34.9
1551500923.25 34.3
1551500933.27 34.9
1551500943.29 35.4
1551500953.31 34.9
1551500963.33 34.9
1551500973.35 34.3
1551500983.37 34.3
1551500993.38 35.4
1551501003.4 35.4
1551501013.42 35.4
1551501023.44 34.3
1551501033.46 35.4
1551501043.48 34.3
1551501053.49 34.9
1551501063.51 35.4
1551501073.53 34.9
1551501083.55 34.9
1551501093.56 35.4
1551501103.58 34.9
1551501113.6 34.9
1551501123.62 34.3
1551501133.63 34.3
1551501143.65 34.3
1551501153.67 34.9
1551501163.68 34.9
1551501173.7 34.3
1551501183.72 34.3
1551501193.73 35.4
1551501203.75 35.4
1551501213.77 35.4
1551501223.79 34.9
1551501233.81 34.9
1551501243.82 35.4
1551501253.84 35.4
1551501263.86 34.9
1551501273.87 34.9
1551501283.89 35.4
1551501293.9 34.9
1551501303.92 35.9
1551501313.94 35.4
1551501323.95 35.4
1551501333.97 34.9
1551501343.99 35.4
1551501354.01 34.9
1551501364.02 35.4
1551501374.05 34.9
1551501384.06 34.9
1551501394.08 34.9
1551501404.1 34.3
1551501414.12 35.4
1551501424.13 34.3
1551501434.15 34.3
1551501444.17 34.3
1551501454.19 34.3
1551501464.21 34.3
1551501474.22 35.4
1551501484.23 34.9
1551501494.25 34.3
1551501504.27 34.3
1551501514.29 34.3
1551501524.3 34.3
1551501534.32 34.3
1551501544.34 34.3
1551501554.36 34.3
1551501564.38 34.3
1551501574.4 34.3
1551501584.42 34.3
1551501594.43 34.9
1551501604.45 34.3
1551501614.48 34.9
1551501624.5 34.3
1551501634.52 34.3
1551501644.54 34.9
1551501654.56 34.3
1551501664.58 34.3
1551501674.59 35.4
1551501684.6 34.3
1551501694.61 34.9
1551501704.63 34.3
1551501714.65 34.3
1551501724.67 34.3
1551501734.68 34.9
1551501744.7 34.3
1551501754.72 34.3
1551501764.75 34.3
1551501774.77 34.3
1551501784.78 34.9
1551501794.8 34.3
1551501804.82 34.3
1551501814.84 34.3
1551501824.86 34.9
1551501834.88 34.9
1551501844.9 34.9
1551501854.92 35.4
1551501864.94 34.3
1551501874.96 34.3
1551501884.98 34.3
1551501895.0 34.9
1551501905.02 34.9
1551501915.03 34.3
1551501925.05 34.3
1551501935.07 34.3
1551501945.09 34.9
1551501955.12 34.9
1551501965.14 34.9
1551501975.16 33.8
1551501985.18 34.9
1551501995.2 34.9
1551502005.21 35.4
1551502015.23 34.9
1551502025.25 34.3
1551502035.27 34.3
1551502045.29 35.4
1551502055.31 35.4
1551502065.33 34.9
1551502075.35 34.3
1551502085.37 34.3
1551502095.39 34.9
1551502105.41 34.9
1551502115.43 34.3
1551502125.45 35.4
1551502135.47 34.3
1551502145.48 34.9
1551502155.5 34.9
1551502165.52 34.3
1551502175.54 34.3
1551502185.56 34.3
1551502195.58 34.3
1551502205.6 34.3
1551502215.62 34.9
1551502225.64 34.3
1551502235.66 34.3
1551502245.68 34.3
1551502255.7 34.3
1551502265.73 34.3
1551502275.75 34.3
1551502285.77 34.3
1551502295.79 34.3
1551502305.81 34.3
1551502315.83 34.9
1551502325.85 34.3
1551502335.87 34.9
1551502345.88 34.9
1551502355.9 34.9
1551502365.92 35.4
1551502375.94 35.4
1551502385.96 34.9
1551502395.98 35.4
1551502405.99 35.4
1551502416.01 35.4
1551502426.03 35.4
1551502436.05 34.9
1551502446.06 35.9
1551502456.08 35.9
1551502466.1 35.4
1551502476.12 35.4
1551502486.14 34.9
1551502496.16 34.3
1551502506.18 35.4
1551502516.2 35.4
1551502526.22 34.9
1551502536.24 34.9
1551502546.27 34.9
1551502556.29 34.3
1551502566.3 35.4
1551502576.32 34.3
1551502586.34 35.4
1551502596.36 35.4
1551502606.38 34.3
1551502616.4 34.9
1551502626.42 35.4
1551502636.44 34.9
1551502646.46 35.9
1551502656.47 35.4
1551502666.49 34.9
1551502676.51 34.9
1551502686.52 35.9
1551502696.54 34.9
1551502706.56 34.9
1551502716.58 34.9
1551502726.6 34.9
1551502736.62 34.9
1551502746.64 35.4
1551502756.65 35.4
1551502766.67 35.4
1551502776.69 34.9
1551502786.71 34.3
1551502796.72 35.4
1551502806.74 37.0
1551502816.76 34.9
1551502826.78 34.9
1551502836.8 35.4
1551502846.82 35.4
1551502856.84 34.9
1551502866.86 35.4
1551502876.88 34.3
1551502886.9 34.9
1551502896.91 35.9
1551502906.93 34.9
1551502916.95 35.4
1551502926.96 34.9
1551502936.98 35.9
1551502947.0 34.3
1551502957.02 35.4
1551502967.03 35.4
1551502977.05 34.9
1551502987.06 35.4
1551502997.08 34.9
1551503007.09 35.9
1551503017.11 34.3
1551503027.12 34.3
1551503037.14 34.3
1551503047.15 34.9
1551503057.17 34.9
1551503067.19 34.3
1551503077.22 35.4
1551503087.24 34.9
1551503097.26 34.3
1551503107.28 34.9
1551503117.3 34.9
1551503127.33 34.3
1551503137.34 34.3
1551503147.36 34.3
1551503157.38 34.3
1551503167.39 35.4
1551503177.41 35.4
1551503187.43 34.9
1551503197.44 35.4
1551503207.46 34.9
1551503217.48 34.9
1551503227.5 34.9
1551503237.52 34.3
1551503247.54 34.3
1551503257.56 34.9
1551503267.58 34.9
1551503277.6 34.9
1551503287.61 35.4
1551503297.63 34.9
1551503307.65 35.4
1551503317.67 34.3
1551503327.69 34.3
1551503337.71 34.9
1551503347.72 34.3
1551503357.74 34.9
1551503367.76 35.4
1551503377.78 34.3
1551503387.79 35.4
1551503397.81 34.3
1551503407.83 35.4
1551503417.84 34.9
1551503427.87 34.9
1551503437.89 34.9
1551503447.9 34.3
1551503457.92 34.3
1551503467.94 34.3
1551503477.95 34.9
1551503487.97 34.9
1551503497.99 34.9
1551503508.01 34.3
1551503518.03 34.9
1551503528.05 34.3
1551503538.07 34.9
1551503548.08 35.4
1551503558.1 34.3
1551503568.12 34.9
1551503578.14 34.9
1551503588.15 35.4
1551503598.17 35.4
1551503608.19 35.4
1551503618.2 35.4
1551503628.21 34.3
1551503638.23 35.4
1551503648.25 34.9
1551503658.27 34.9
1551503668.29 35.4
1551503678.31 34.3
1551503688.33 34.9
1551503698.35 34.9
1551503708.36 34.9
1551503718.38 35.4
1551503728.4 34.9
1551503738.41 34.9
1551503748.43 34.9
1551503758.45 34.9
1551503768.47 34.3
1551503778.49 34.9
1551503788.5 35.4
1551503798.52 34.9
1551503808.54 35.4
1551503818.56 34.9
1551503828.57 35.4
1551503838.59 34.3
1551503848.61 35.4
1551503858.63 35.4
1551503868.65 34.9
1551503878.67 34.3
1551503888.69 35.4
1551503898.7 34.9
1551503908.72 34.3
1551503918.73 35.4
1551503928.76 34.9
1551503938.78 34.9
1551503948.8 34.9
1551503958.82 34.3
1551503968.84 34.9
1551503978.86 34.9
1551503988.88 34.9
1551503998.9 34.3
1551504008.91 34.9
1551504018.93 34.9
1551504028.94 35.4
1551504038.97 34.3
1551504048.98 34.9
1551504059.0 34.9
1551504069.02 34.9
1551504079.03 35.4
1551504089.05 34.9
1551504099.07 34.3
1551504109.08 34.9
1551504119.1 34.3
1551504129.12 34.3
1551504139.14 34.3
1551504149.16 35.4
1551504159.18 35.4
1551504169.2 34.9
1551504179.22 34.3
1551504189.24 34.9
1551504199.26 34.9
1551504209.27 34.9
1551504219.28 34.9
1551504229.29 35.4
1551504239.31 34.9
1551504249.32 34.9
1551504259.34 34.3
1551504269.36 34.3
1551504279.38 35.4
1551504289.4 34.3
1551504299.41 34.3
1551504309.44 34.3
1551504319.45 34.3
1551504329.47 34.9
1551504339.49 34.3
1551504349.5 34.3
1551504359.52 34.9
1551504369.55 34.3
1551504379.57 34.3
1551504389.58 34.9
1551504399.6 34.3
1551504409.62 34.3
1551504419.64 34.9
1551504429.66 33.8
1551504439.68 34.3
1551504449.69 34.9
1551504459.71 34.3
1551504469.73 34.3
1551504479.74 34.3
1551504489.76 34.3
1551504499.78 34.3
1551504509.79 34.9
1551504519.81 34.9
1551504529.83 34.3
1551504539.85 34.9
1551504549.86 34.9
1551504559.88 34.9
1551504569.89 34.9
1551504579.92 34.3
1551504589.94 34.9
1551504599.95 34.9
1551504609.97 34.3
1551504619.99 34.9
1551504630.01 34.9
1551504640.02 34.9
1551504650.04 34.9
1551504660.06 34.9
1551504670.08 34.3
1551504680.09 34.3
1551504690.12 34.9
1551504700.13 34.3
1551504710.15 34.9
1551504720.17 34.9
1551504730.19 34.3
1551504740.21 33.8
1551504750.23 34.3
1551504760.25 34.3
1551504770.27 34.3
1551504780.3 34.3
1551504790.32 34.3
1551504800.34 34.3
1551504810.36 34.3
1551504820.38 34.3
1551504830.4 33.2
1551504840.42 33.8
1551504850.44 34.3
1551504860.46 34.3
1551504870.48 34.3
1551504880.5 33.8
1551504890.52 34.3
1551504900.55 34.3
1551504910.57 34.3
1551504920.59 34.3
1551504930.61 33.8
1551504940.63 34.3
1551504950.65 33.8
1551504960.67 34.3
1551504970.69 34.3
1551504980.71 34.3
1551504990.73 34.3
1551505000.75 34.3
1551505010.77 34.3
1551505020.79 33.8
1551505030.81 34.3
1551505040.83 34.3
1551505050.85 33.8
1551505060.87 34.3
1551505070.89 34.3
1551505080.91 33.8
1551505090.93 33.8
1551505100.96 34.3
1551505110.97 34.3
1551505120.99 34.3
1551505131.01 33.8
1551505141.04 34.3
1551505151.06 34.3
1551505161.08 34.3
1551505171.09 34.9
1551505181.12 33.8
1551505191.14 34.3
1551505201.16 34.3
1551505211.18 33.8
1551505221.21 34.3
1551505231.23 34.3
1551505241.24 33.8
1551505251.26 34.3
1551505261.28 34.3
1551505271.29 34.9
1551505281.31 34.3
1551505291.33 34.9
1551505301.35 34.3
1551505311.37 33.8
1551505321.38 34.9
1551505331.39 34.3
1551505341.41 34.3
1551505351.43 34.3
1551505361.45 34.3
1551505371.47 34.3
1551505381.49 34.3
1551505391.51 33.2
1551505401.52 34.3
1551505411.54 34.3
1551505421.55 34.9
1551505431.57 34.3
1551505441.59 34.3
1551505451.61 34.3
1551505461.63 34.3
1551505471.65 34.3
1551505481.66 34.3
1551505491.68 34.3
1551505501.7 33.8
1551505511.72 34.3
1551505521.73 34.3
1551505531.75 34.3
1551505541.77 34.3
1551505551.79 34.9
1551505561.8 34.3
1551505571.82 34.3
1551505581.83 34.3
1551505591.84 34.9
1551505601.86 34.3
1551505611.87 34.9
1551505621.89 34.3
1551505631.91 35.4
1551505641.92 34.9
1551505651.94 34.9
1551505661.95 34.3
1551505671.97 34.3
1551505681.99 34.3
1551505692.01 34.3
1551505702.02 34.9
1551505712.04 34.3
1551505722.06 34.3
1551505732.07 34.3
1551505742.09 34.9
1551505752.11 34.3
1551505762.13 34.3
1551505772.15 34.3
1551505782.16 34.3
1551505792.17 34.9
1551505802.19 34.9
1551505812.22 34.9
1551505822.23 34.9
1551505832.25 34.3
1551505842.27 34.3
1551505852.29 34.3
1551505862.3 34.3
1551505872.32 34.3
1551505882.34 34.3
1551505892.36 34.3
1551505902.38 34.3
1551505912.4 34.3
1551505922.42 34.3
1551505932.44 33.8
1551505942.45 34.9
1551505952.46 34.3
1551505962.48 34.9
1551505972.5 34.3
1551505982.52 34.3
1551505992.53 34.3
1551506002.55 34.3
1551506012.57 34.3
1551506022.58 34.3
1551506032.6 34.3
1551506042.61 34.9
1551506052.63 34.3
1551506062.65 34.3
1551506072.66 34.3
1551506082.68 34.3
1551506092.7 34.3
1551506102.72 34.9
1551506112.74 34.3
1551506122.76 33.8
1551506132.78 34.3
1551506142.8 34.9
1551506152.82 34.3
1551506162.83 34.9
1551506172.85 34.3
1551506182.87 34.3
1551506192.88 34.3
1551506202.9 34.3
1551506212.92 34.3
1551506222.94 34.3
1551506232.96 34.3
1551506242.97 34.3
1551506252.99 34.3
1551506263.01 34.3
1551506273.03 34.9
1551506283.05 34.3
1551506293.07 34.3
1551506303.09 35.4
1551506313.1 34.9
1551506323.11 34.9
1551506333.13 35.4
1551506343.14 35.4
1551506353.15 34.9
1551506363.17 35.4
1551506373.19 35.4
1551506383.21 34.9
1551506393.23 34.9
1551506403.25 35.4
1551506413.26 34.9
1551506423.28 35.4
1551506433.3 35.4
1551506443.33 35.4
1551506453.35 35.4
1551506463.36 35.4
1551506473.38 35.4
1551506483.4 35.4
1551506493.43 35.4
1551506503.44 36.5
1551506513.46 34.9
1551506523.48 34.9
1551506533.5 35.4
1551506543.52 36.5
1551506553.54 35.4
1551506563.55 36.5
1551506573.57 35.4
1551506583.59 35.4
1551506593.61 35.4
1551506603.63 35.4
1551506613.65 35.4
1551506623.66 35.9
1551506633.68 35.4
1551506643.7 35.9
1551506653.72 35.4
1551506663.75 35.4
1551506673.77 35.4
1551506683.79 34.9
1551506693.81 35.4
1551506703.82 35.9
1551506713.84 35.9
1551506723.86 35.9
1551506733.88 35.4
1551506743.9 35.4
1551506753.92 35.4
1551506763.94 35.4
1551506773.96 35.4
1551506783.99 35.9
1551506794.0 35.9
1551506804.02 35.9
1551506814.04 35.9
1551506824.06 35.4
1551506834.08 35.4
1551506844.1 35.4
1551506854.12 35.4
1551506864.14 35.4
1551506874.16 36.5
1551506884.19 35.4
1551506894.21 34.3
1551506904.22 34.9
1551506914.24 34.9
1551506924.26 35.4
1551506934.27 35.9
1551506944.29 35.9
1551506954.3 35.4
1551506964.32 35.9
1551506974.33 36.5
1551506984.35 35.4
1551506994.37 35.4
1551507004.39 35.4
1551507014.4 35.4
1551507024.43 35.4
1551507034.45 35.4
1551507044.46 35.4
1551507054.48 35.4
1551507064.5 35.4
1551507074.52 34.9
1551507084.53 35.4
1551507094.56 35.4
1551507104.57 36.5
1551507114.59 34.9
1551507124.61 35.4
1551507134.63 35.4
1551507144.64 36.5
1551507154.67 35.9
1551507164.69 35.9
1551507174.72 35.4
1551507184.74 35.4
1551507194.76 35.4
1551507204.78 34.9
1551507214.8 35.4
1551507224.82 35.4
1551507234.85 34.9
1551507244.87 34.3
1551507254.89 35.4
1551507264.91 34.9
1551507274.93 35.4
1551507284.95 35.4
1551507294.97 35.4
1551507304.99 35.4
1551507315.01 35.4
1551507325.03 35.4
1551507335.05 35.4
1551507345.06 35.4
1551507355.09 35.4
1551507365.11 35.4
1551507375.13 34.9
1551507385.15 35.4
1551507395.17 35.4
1551507405.19 35.4
1551507415.21 34.9
1551507425.23 35.4
1551507435.25 34.9
1551507445.27 35.4
1551507455.29 35.9
1551507465.31 35.4
1551507475.33 35.9
1551507485.34 35.9
1551507495.36 35.4
1551507505.37 35.9
1551507515.39 35.4
1551507525.41 35.4
1551507535.43 34.9
1551507545.45 35.4
1551507555.47 35.4
1551507565.48 35.4
1551507575.5 35.4
1551507585.52 35.9
1551507595.55 35.4
1551507605.57 35.9
1551507615.59 36.5
1551507625.61 35.4
1551507635.62 35.9
1551507645.64 35.4
1551507655.65 36.5
1551507665.67 35.9
1551507675.7 35.9
1551507685.71 35.4
1551507695.73 35.4
1551507705.75 35.4
1551507715.77 35.9
1551507725.79 35.4
1551507735.81 35.4
1551507745.83 35.4
1551507755.86 35.4
1551507765.88 35.4
1551507775.9 35.4
1551507785.92 35.4
1551507795.93 36.5
1551507805.95 35.4
1551507815.97 35.9
1551507826.0 35.4
1551507836.02 35.4
1551507846.03 36.5
1551507856.05 35.9
1551507866.08 35.4
1551507876.1 35.9
1551507886.12 35.4
1551507896.14 34.9
1551507906.16 35.4
1551507916.18 35.9
1551507926.2 35.9
1551507936.22 35.4
1551507946.24 35.9
1551507956.26 36.5
1551507966.28 35.4
1551507976.3 35.9
1551507986.31 35.9
1551507996.33 36.5
1551508006.35 35.4
1551508016.38 35.9
1551508026.4 35.4
1551508036.42 35.4
1551508046.44 35.4
1551508056.46 35.4
1551508066.48 35.4
1551508076.5 36.5
1551508086.52 35.4
1551508096.54 35.4
1551508106.56 36.5
1551508116.58 35.4
1551508126.6 35.4
1551508136.62 35.4
1551508146.64 35.9
1551508156.66 35.4
1551508166.69 34.9
1551508176.71 35.4
1551508186.73 35.9
1551508196.74 35.9
1551508206.77 35.4
1551508216.78 35.9
1551508226.8 35.9
1551508236.82 36.5
1551508246.84 35.4
1551508256.86 35.9
1551508266.88 35.4
1551508276.89 36.5
1551508286.91 35.4
1551508296.93 35.4
1551508306.95 35.4
1551508316.98 34.9
1551508327.0 35.4
1551508337.02 35.4
1551508347.03 34.9
1551508357.05 35.4
1551508367.07 34.9
1551508377.09 35.4
1551508387.11 35.9
1551508397.13 35.4
1551508407.14 35.9
1551508417.16 35.9
1551508427.18 35.9
1551508437.2 35.4
1551508447.21 35.9
1551508457.23 35.9
1551508467.25 36.5
1551508477.26 35.9
1551508487.28 36.5
1551508497.3 35.4
1551508507.31 36.5
1551508517.33 35.9
1551508527.34 36.5
1551508537.36 35.9
1551508547.38 35.4
1551508557.39 36.5
1551508567.41 35.9
1551508577.43 35.4
1551508587.45 35.4
1551508597.47 35.4
1551508607.49 36.5
1551508617.51 35.4
1551508627.52 36.5
1551508637.54 35.4
1551508647.56 35.4
1551508657.58 35.4
1551508667.6 36.5
1551508677.61 36.5
1551508687.63 36.5
1551508697.64 36.5
1551508707.66 36.5
1551508717.67 35.9
1551508727.7 36.5
1551508737.71 36.5
1551508747.73 35.4
1551508757.76 35.9
1551508767.78 35.9
1551508777.8 36.5
1551508787.81 36.5
1551508797.83 35.4
1551508807.85 35.9
1551508817.87 36.5
1551508827.88 36.5
1551508837.9 37.0
1551508847.91 36.5
1551508857.93 36.5
1551508867.95 36.5
1551508877.97 35.9
1551508887.98 36.5
1551508897.99 37.0
1551508908.01 36.5
1551508918.03 36.5
1551508928.05 36.5
1551508938.07 35.4
1551508948.08 35.4
1551508958.09 36.5
1551508968.11 35.9
1551508978.13 35.9
1551508988.14 35.4
1551508998.16 35.4
1551509008.18 35.4
1551509018.19 35.4
1551509028.2 35.9
1551509038.22 35.4
1551509048.24 35.4
1551509058.26 35.4
1551509068.27 35.9
1551509078.29 35.9
1551509088.31 35.4
1551509098.32 35.9
1551509108.34 35.9
1551509118.35 35.4
1551509128.37 35.9
1551509138.38 35.4
1551509148.4 35.9
1551509158.42 34.9
1551509168.43 35.4
1551509178.45 35.4
1551509188.47 35.4
1551509198.48 35.4
1551509208.5 35.4
1551509218.52 35.4
1551509228.53 35.4
1551509238.55 35.4
1551509248.57 35.4
1551509258.58 35.4
1551509268.59 36.5
1551509278.61 34.9
1551509288.63 35.4
1551509298.65 35.4
1551509308.66 34.9
1551509318.68 35.4
1551509328.7 35.9
1551509338.72 34.9
1551509348.74 35.4
1551509358.75 34.9
1551509368.77 34.9
1551509378.78 35.4
1551509388.8 35.9
1551509398.81 35.4
1551509408.83 34.9
1551509418.85 35.4
1551509428.87 35.4
1551509438.89 35.4
1551509448.9 35.4
1551509458.92 35.4
1551509468.95 35.4
1551509478.97 35.4
1551509488.98 34.9
1551509499.0 35.4
1551509509.02 35.9
1551509519.04 35.4
1551509529.06 34.9
1551509539.08 34.9
1551509549.1 34.9
1551509559.12 35.4
1551509569.14 34.3
1551509579.16 34.9
1551509589.17 35.4
1551509599.19 35.9
1551509609.21 35.4
1551509619.23 35.4
1551509629.25 35.4
1551509639.27 34.9
1551509649.29 35.4
1551509659.3 35.4
1551509669.32 35.4
1551509679.33 36.5
1551509689.35 35.4
1551509699.37 35.4
1551509709.39 35.4
1551509719.41 35.4
1551509729.43 35.4
1551509739.45 35.9
1551509749.47 35.4
1551509759.49 35.4
1551509769.51 35.4
1551509779.52 35.4
1551509789.54 35.4
1551509799.56 35.4
1551509809.58 35.4
1551509819.6 35.4
1551509829.62 35.4
1551509839.64 35.4
1551509849.66 35.4
1551509859.68 35.4
1551509869.7 35.9
1551509879.72 35.9
1551509889.74 35.4
1551509899.75 35.9
1551509909.77 35.4
1551509919.79 35.9
1551509929.81 35.4
1551509939.83 35.4
1551509949.85 35.4
1551509959.87 35.9
1551509969.89 35.4
1551509979.91 35.4
1551509989.93 35.4
1551509999.95 35.4
