1551400008.0 32.2
1551400018.02 32.2
1551400028.04 32.2
1551400038.06 32.2
1551400048.08 32.7
1551400058.1 32.2
1551400068.12 31.1
1551400078.14 32.2
1551400088.16 32.2
1551400098.18 31.6
1551400108.2 32.2
1551400118.21 32.2
1551400128.23 32.2
1551400138.25 32.2
1551400148.26 32.2
1551400158.28 32.2
1551400168.3 32.2
1551400178.32 32.2
1551400188.33 32.2
1551400198.35 31.6
1551400208.37 31.1
1551400218.39 31.1
1551400228.4 32.2
1551400238.42 32.2
1551400248.44 32.2
1551400258.46 32.2
1551400268.48 31.6
1551400278.5 32.2
1551400288.52 32.2
1551400298.53 32.2
1551400308.55 32.2
1551400318.56 32.2
1551400328.58 31.6
1551400338.6 31.6
1551400348.62 31.6
1551400358.64 31.1
1551400368.66 32.2
1551400378.67 32.2
1551400388.69 32.2
1551400398.7 32.2
1551400408.72 32.2
1551400418.73 32.2
1551400428.75 31.1
1551400438.77 31.6
1551400448.79 31.6
1551400458.81 32.2
1551400468.83 32.2
1551400478.85 32.2
1551400488.86 31.6
1551400498.87 32.2
1551400508.9 31.1
1551400518.91 32.2
1551400528.93 31.6
1551400538.95 32.2
1551400548.97 31.6
1551400558.99 31.1
1551400569.01 31.6
1551400579.02 31.1
1551400589.04 31.6
1551400599.06 31.6
1551400609.07 32.2
1551400619.09 32.2
1551400629.1 32.2
1551400639.12 31.6
1551400649.22 32.2
1551400659.24 32.2
1551400669.25 32.2
1551400679.26 32.2
1551400689.27 32.7
1551400699.29 32.7
1551400709.31 32.2
1551400719.32 31.6
1551400729.34 32.2
1551400739.36 32.2
1551400749.38 32.2
1551400759.4 32.2
1551400769.41 32.2
1551400779.42 33.2
1551400789.43 31.6
1551400799.45 32.7
1551400809.47 32.7
1551400819.48 32.2
1551400829.5 32.2
1551400839.52 32.7
1551400849.54 32.7
1551400859.56 32.2
1551400869.57 33.2
1551400879.59 32.2
1551400889.61 32.2
1551400899.63 32.2
1551400909.65 32.2
1551400919.67 32.2
1551400929.68 32.2
1551400939.7 32.7
1551400949.72 32.2
1551400959.74 32.2
1551400969.76 32.7
1551400979.78 32.7
1551400989.8 32.7
1551400999.82 33.2
1551401009.84 32.2
1551401019.86 32.7
1551401029.88 32.2
1551401039.9 32.2
1551401049.92 31.6
1551401059.94 32.2
1551401069.97 31.1
1551401079.99 31.6
1551401090.01 32.2
1551401100.03 32.2
1551401110.04 32.2
1551401120.05 32.2
1551401130.07 32.2
1551401140.09 32.7
1551401150.1 32.2
1551401160.12 32.2
1551401170.14 32.7
1551401180.15 33.2
1551401190.17 32.2
1551401200.24 32.2
1551401210.26 32.2
1551401220.28 32.7
1551401230.29 33.2
1551401240.31 32.2
1551401250.33 33.2
1551401260.35 33.2
1551401270.36 32.7
1551401280.37 32.7
1551401290.39 33.2
1551401300.41 32.7
1551401310.43 32.7
1551401320.44 32.7
1551401330.46 33.2
1551401340.48 32.7
1551401350.5 32.7
1551401360.52 33.2
1551401370.54 33.2
1551401380.55 33.8
1551401390.57 33.2
1551401400.59 33.2
1551401410.61 33.2
1551401420.63 32.7
1551401430.65 33.2
1551401440.66 32.7
1551401450.68 33.2
1551401460.7 33.2
1551401470.71 32.7
1551401480.74 32.2
1551401490.76 33.2
1551401500.78 33.2
1551401510.8 32.2
1551401520.82 33.2
1551401530.83 33.2
1551401540.86 33.2
1551401550.88 33.2
1551401560.9 33.2
1551401570.92 33.2
1551401580.94 32.7
1551401590.96 33.2
1551401600.98 33.2
1551401610.99 33.8
1551401621.01 33.2
1551401631.03 33.2
1551401641.05 33.2
1551401651.07 33.2
1551401661.08 33.8
1551401671.1 33.2
1551401681.12 33.8
1551401691.14 33.2
1551401701.16 33.2
1551401711.18 33.2
1551401721.19 33.8
1551401731.21 33.2
1551401741.23 33.8
1551401751.25 33.2
1551401761.26 33.2
1551401771.28 33.8
1551401781.3 33.2
1551401791.32 33.2
1551401801.33 33.2
1551401811.35 33.2
1551401821.38 33.2
1551401831.39 33.2
1551401841.41 33.8
1551401851.43 34.3
1551401861.44 33.2
1551401871.46 33.8
1551401881.47 33.2
1551401891.48 34.3
1551401901.5 33.2
1551401911.52 33.2
1551401921.53 34.3
1551401931.55 33.8
1551401941.57 34.3
1551401951.58 34.3
1551401961.6 33.8
1551401971.61 33.2
1551401981.63 32.7
1551401991.65 33.2
1551402001.67 32.7
1551402011.68 33.2
1551402021.7 33.2
1551402031.71 33.2
1551402041.74 33.2
1551402051.75 33.8
1551402061.77 33.8
1551402071.79 32.7
1551402081.81 33.2
1551402091.82 33.8
1551402101.84 33.8
1551402111.85 33.8
1551402121.87 33.2
1551402131.89 33.2
1551402141.91 32.7
1551402151.93 32.7
1551402161.95 32.7
1551402171.96 33.2
1551402181.98 32.7
1551402192.0 33.2
1551402202.02 32.7
1551402212.05 33.2
1551402222.06 33.2
1551402232.08 33.2
1551402242.1 33.2
1551402252.11 33.2
1551402262.12 33.2
1551402272.14 32.2
1551402282.15 33.2
1551402292.17 32.2
1551402302.18 33.2
1551402312.2 32.7
1551402322.21 32.7
1551402332.23 32.7
1551402342.24 32.2
1551402352.26 32.2
1551402362.28 32.7
1551402372.29 32.2
1551402382.3 32.2
1551402392.32 32.2
1551402402.34 32.2
1551402412.35 32.2
1551402422.37 33.2
1551402432.39 32.2
1551402442.4 32.2
1551402452.42 32.2
1551402462.44 31.6
1551402472.46 32.2
1551402482.47 32.7
1551402492.49 32.2
1551402502.5 31.6
1551402512.52 32.7
1551402522.54 32.2
1551402532.56 31.1
1551402542.57 32.2
1551402552.59 31.1
1551402562.61 31.1
1551402572.63 31.1
1551402582.65 31.1
1551402592.67 31.1
1551402602.69 31.1
1551402612.7 32.2
1551402622.72 31.1
1551402632.74 31.1
1551402642.75 31.1
1551402652.77 31.1
1551402662.79 30.6
1551402672.8 31.1
1551402682.82 32.2
1551402692.83 32.2
1551402702.85 32.2
1551402712.86 31.1
1551402722.88 30.6
1551402732.89 31.1
1551402742.91 31.1
1551402752.93 31.6
1551402762.95 31.1
1551402772.97 31.1
1551402782.98 32.2
1551402793.0 31.1
1551402803.01 32.2
1551402813.03 32.2
1551402823.05 31.6
1551402833.06 32.2
1551402843.08 31.6
1551402853.09 31.1
1551402863.1 31.1
1551402873.12 31.1
1551402883.13 32.2
1551402893.14 31.1
1551402903.16 32.2
1551402913.18 32.2
1551402923.2 32.2
1551402933.21 31.6
1551402943.23 32.2
1551402953.24 32.2
1551402963.26 31.1
1551402973.28 31.6
1551402983.29 32.2
1551402993.3 32.2
1551403003.32 31.1
1551403013.33 32.2
1551403023.34 32.2
1551403033.37 31.6
1551403043.38 32.2
1551403053.4 32.2
1551403063.41 32.2
1551403073.43 32.2
1551403083.45 32.2
1551403093.46 32.2
1551403103.47 32.2
1551403113.49 32.2
1551403123.5 31.6
1551403133.52 31.6
1551403143.54 32.2
1551403153.56 32.2
1551403163.57 32.2
1551403173.59 32.7
1551403183.61 32.7
1551403193.63 32.7
1551403203.65 32.2
1551403213.67 32.2
1551403223.69 32.2
1551403233.71 32.2
1551403243.73 32.2
1551403253.75 32.2
1551403263.76 32.7
1551403273.78 32.2
1551403283.8 32.2
1551403293.82 31.1
1551403303.83 32.2
1551403313.85 32.2
1551403323.89 32.2
1551403333.9 32.7
1551403343.92 33.2
1551403353.93 32.2
1551403363.94 32.2
1551403373.96 32.2
1551403383.98 32.2
1551403394.0 32.2
1551403404.01 32.2
1551403414.03 32.2
1551403424.05 31.1
1551403434.08 32.2
1551403444.09 32.2
1551403454.11 32.2
1551403464.13 32.2
1551403474.14 32.2
1551403484.17 32.2
1551403494.18 32.7
1551403504.2 33.2
1551403514.22 32.2
1551403524.24 32.2
1551403534.26 33.2
1551403544.28 32.7
1551403554.29 33.2
1551403564.31 32.7
1551403574.33 32.2
1551403584.34 32.2
1551403594.36 32.7
1551403604.38 32.2
1551403614.4 32.2
1551403624.41 32.2
1551403634.43 32.7
1551403644.44 32.7
1551403654.47 32.7
1551403664.48 32.7
1551403674.49 32.7
1551403684.51 32.2
1551403694.53 32.2
1551403704.55 32.2
1551403714.57 32.2
1551403724.58 32.7
1551403734.6 32.2
1551403744.62 32.2
1551403754.64 32.2
1551403764.66 32.7
1551403774.67 32.2
1551403784.69 32.2
1551403794.71 32.2
1551403804.73 32.2
1551403814.75 32.7
1551403824.76 32.2
1551403834.78 32.2
1551403844.8 31.6
1551403854.82 32.2
1551403864.83 32.2
1551403874.85 32.2
1551403884.86 32.2
1551403894.87 32.2
1551403904.89 32.2
1551403914.9 32.2
1551403924.92 32.2
1551403934.94 31.6
1551403944.96 31.1
1551403954.98 31.1
1551403965.0 32.2
1551403975.02 31.1
1551403985.04 31.1
1551403995.06 30.6
1551404005.09 30.6
1551404015.1 31.1
1551404025.12 31.1
1551404035.14 31.1
1551404045.16 31.6
1551404055.17 32.2
1551404065.19 30.6
1551404075.21 30.6
1551404085.23 30.6
1551404095.24 31.1
1551404105.26 31.1
1551404115.28 31.1
1551404125.3 31.6
1551404135.31 31.1
1551404145.33 31.6
1551404155.35 30.6
1551404165.37 31.1
1551404175.39 31.6
1551404185.4 32.2
1551404195.42 31.1
1551404205.43 32.2
1551404215.45 31.6
1551404225.47 32.2
1551404235.49 32.2
1551404245.51 31.1
1551404255.53 32.2
1551404265.55 32.2
1551404275.56 32.2
1551404285.58 32.7
1551404295.6 32.2
1551404305.61 32.2
1551404315.63 32.2
1551404325.65 32.2
1551404335.66 32.2
1551404345.68 32.2
1551404355.69 32.2
1551404365.72 31.1
1551404375.73 32.2
1551404385.75 32.2
1551404395.76 32.2
1551404405.78 31.1
1551404415.8 31.1
1551404425.82 31.6
1551404435.83 31.1
1551404445.85 31.1
1551404455.87 31.6
1551404465.89 31.6
1551404475.91 31.1
1551404485.93 32.2
1551404495.94 31.6
1551404505.96 31.1
1551404515.97 31.1
1551404525.99 31.1
1551404536.01 31.1
1551404546.04 31.1
1551404556.05 31.6
1551404566.07 31.6
1551404576.09 30.6
1551404586.11 31.1
1551404596.12 32.2
1551404606.14 32.2
1551404616.16 31.1
1551404626.17 32.2
1551404636.19 32.2
1551404646.21 32.2
1551404656.22 31.6
1551404666.24 32.2
1551404676.26 31.6
1551404686.28 32.2
1551404696.3 31.6
1551404706.32 32.2
1551404716.33 31.1
1551404726.35 31.1
1551404736.36 31.1
1551404746.38 32.2
1551404756.39 31.1
1551404766.41 31.1
1551404776.43 31.1
1551404786.45 31.1
1551404796.47 31.1
1551404806.48 31.1
1551404816.5 31.1
1551404826.52 31.6
1551404836.54 31.6
1551404846.55 31.1
1551404856.57 31.1
1551404866.58 31.1
1551404876.6 31.1
1551404886.62 31.1
1551404896.64 31.1
1551404906.65 31.1
1551404916.67 31.1
1551404926.7 31.1
1551404936.72 31.1
1551404946.74 31.1
1551404956.75 30.6
1551404966.76 31.1
1551404976.78 31.1
1551404986.8 32.2
1551404996.81 31.1
1551405006.83 30.6
1551405016.85 31.1
1551405026.86 31.1
1551405036.88 31.1
1551405046.89 31.1
1551405056.91 31.1
1551405066.93 30.6
1551405076.95 30.6
1551405086.97 31.1
1551405096.99 31.1
1551405107.01 30.6
1551405117.02 30.6
1551405127.04 31.1
1551405137.06 30.6
1551405147.07 31.1
1551405157.1 31.1
1551405167.12 31.1
1551405177.14 31.1
1551405187.15 32.2
1551405197.17 31.1
1551405207.18 31.1
1551405217.2 31.6
1551405227.22 31.1
1551405237.23 31.6
1551405247.25 31.1
1551405257.27 31.1
1551405267.29 31.1
1551405277.32 32.2
1551405287.34 31.1
1551405297.35 31.6
1551405307.37 31.1
1551405317.4 31.1
1551405327.43 31.6
1551405337.45 31.1
1551405347.47 31.1
1551405357.48 30.6
1551405367.51 30.6
1551405377.53 31.6
1551405387.54 31.6
1551405397.56 31.1
1551405407.57 31.1
1551405417.6 31.1
1551405427.62 31.6
1551405437.64 31.6
1551405447.66 31.1
1551405457.68 31.6
1551405467.7 31.6
1551405477.72 30.6
1551405487.74 30.6
1551405497.76 31.6
1551405507.77 31.6
1551405517.79 31.1
1551405527.81 31.6
1551405537.83 31.1
1551405547.85 31.6
1551405557.87 32.2
1551405567.88 32.2
1551405577.9 31.1
1551405587.92 31.1
1551405597.94 31.1
