1551800002.54 45.1
1551800012.55 45.6
1551800022.57 45.1
1551800032.59 45.1
1551800042.61 45.1
1551800052.63 45.1
1551800062.64 45.1
1551800072.65 45.1
1551800082.67 45.1
1551800092.69 45.1
1551800102.7 45.1
1551800112.72 44.5
1551800122.74 44.5
1551800132.76 45.1
1551800142.77 45.6
1551800152.78 45.6
1551800162.81 45.1
1551800172.82 45.1
1551800182.84 44.0
1551800192.86 45.1
1551800202.87 45.1
1551800212.89 44.0
1551800222.9 45.1
1551800232.93 44.0
1551800242.95 45.1
1551800252.96 45.1
1551800262.98 45.1
1551800273.0 45.1
1551800283.01 44.5
1551800293.03 45.1
1551800303.05 44.5
1551800313.07 45.1
1551800323.09 44.5
1551800333.11 44.5
1551800343.13 44.5
1551800353.14 44.5
1551800363.16 45.1
1551800373.18 45.1
1551800383.2 45.1
1551800393.22 45.1
1551800403.24 44.5
1551800413.26 45.1
1551800423.28 45.1
1551800433.3 44.0
1551800443.32 44.5
1551800453.34 44.0
1551800463.36 44.5
1551800473.38 45.1
1551800483.4 45.1
1551800493.42 45.1
1551800503.44 44.5
1551800513.45 45.1
1551800523.48 44.0
1551800533.5 45.1
1551800543.52 45.1
1551800553.54 45.1
1551800563.55 45.1
1551800573.57 44.5
1551800583.58 45.1
1551800593.6 44.5
1551800603.63 45.1
1551800613.64 45.1
1551800623.66 45.1
1551800633.68 45.1
1551800643.7 45.1
1551800653.72 44.5
1551800663.74 44.5
1551800673.76 45.1
1551800683.78 44.0
1551800693.8 45.1
1551800703.82 44.5
1551800713.83 45.6
1551800723.86 45.1
1551800733.87 45.6
1551800743.89 44.5
1551800753.92 44.5
1551800763.94 45.6
1551800773.96 44.5
1551800783.98 45.1
1551800794.0 45.1
1551800804.02 45.1
1551800814.04 44.5
1551800824.06 45.1
1551800834.08 45.1
1551800844.1 45.1
1551800854.12 45.1
1551800864.14 45.1
1551800874.16 45.1
1551800884.17 45.6
1551800894.18 45.6
1551800904.2 45.1
1551800914.22 45.1
1551800924.23 45.6
1551800934.25 46.2
1551800944.27 45.1
1551800954.29 45.1
1551800964.31 44.5
1551800974.33 45.1
1551800984.34 45.6
1551800994.37 45.6
1551801004.39 45.1
1551801014.41 45.1
1551801024.44 45.1
1551801034.45 45.1
1551801044.47 45.6
1551801054.49 45.1
1551801064.5 45.1
1551801074.52 45.1
1551801084.54 45.6
1551801094.55 45.6
1551801104.57 45.1
1551801114.59 45.1
1551801124.6 45.1
1551801134.62 45.1
1551801144.64 45.1
1551801154.66 45.1
1551801164.68 45.1
1551801174.7 44.5
1551801184.72 45.1
1551801194.74 44.0
1551801204.76 45.1
1551801214.78 45.1
1551801224.8 45.1
1551801234.82 45.1
1551801244.83 44.5
1551801254.85 44.5
1551801264.87 45.1
1551801274.88 45.1
1551801284.9 45.1
1551801294.92 44.0
1551801304.93 45.1
1551801314.95 44.5
1551801324.97 44.5
1551801334.98 45.1
1551801345.0 45.1
1551801355.02 44.0
1551801365.04 44.0
1551801375.06 44.0
1551801385.09 44.0
1551801395.11 44.0
1551801405.13 44.0
1551801415.15 44.5
1551801425.17 44.5
1551801435.19 44.5
1551801445.21 45.1
1551801455.22 45.1
1551801465.25 45.1
1551801475.27 44.5
1551801485.28 45.1
1551801495.3 44.0
1551801505.32 44.5
1551801515.34 45.1
1551801525.36 44.0
1551801535.38 45.1
1551801545.4 44.0
1551801555.42 45.1
1551801565.44 45.1
1551801575.46 44.0
1551801585.48 44.0
1551801595.5 44.5
