1551200000.02 44.0
1551200010.04 43.5
1551200020.06 44.5
1551200030.07 43.5
1551200040.09 43.5
1551200050.11 44.0
1551200060.13 44.0
1551200070.14 43.5
1551200080.16 43.5
1551200090.19 44.0
1551200100.2 44.0
1551200110.22 44.0
1551200120.24 44.0
1551200130.26 44.0
1551200140.28 43.5
1551200150.3 43.5
1551200160.32 44.0
1551200170.34 44.0
1551200180.36 44.0
1551200190.38 44.0
1551200200.4 44.0
1551200210.41 45.1
1551200220.43 44.0
1551200230.45 44.5
1551200240.47 44.5
1551200250.49 45.1
1551200260.51 43.5
1551200270.52 44.5
1551200280.54 44.5
1551200290.56 44.0
1551200300.58 44.0
1551200310.6 44.0
1551200320.62 44.5
1551200330.64 44.5
1551200340.66 44.0
1551200350.67 44.5
1551200360.69 44.0
1551200370.71 44.0
1551200380.73 45.1
1551200390.74 44.0
1551200400.76 45.1
