1551600006.09 34.3
1551600016.11 33.2
1551600026.13 33.2
1551600036.15 33.2
1551600046.17 33.2
1551600056.19 33.8
1551600066.21 33.8
1551600076.23 33.2
1551600086.25 33.8
1551600096.27 33.2
1551600106.3 33.2
1551600116.32 33.2
1551600126.34 33.8
1551600136.36 33.2
1551600146.38 33.8
1551600156.4 33.2
1551600166.42 33.2
1551600176.44 33.2
1551600186.46 33.2
1551600196.48 33.2
1551600206.5 33.8
1551600216.53 33.8
1551600226.55 33.2
1551600236.57 33.2
1551600246.59 33.2
1551600256.61 33.2
1551600266.63 33.8
1551600276.65 33.8
1551600286.67 33.8
1551600296.69 33.2
1551600306.71 33.2
1551600316.73 33.2
1551600326.75 33.2
1551600336.78 33.2
1551600346.79 34.3
1551600356.81 34.3
1551600366.83 33.2
1551600376.85 33.2
1551600386.88 33.8
1551600396.9 33.2
1551600406.92 33.8
1551600416.94 33.2
1551600426.95 33.8
1551600436.96 33.8
1551600446.98 33.2
1551600457.0 33.2
1551600467.02 33.2
1551600477.04 33.8
1551600487.06 33.2
1551600497.08 33.2
1551600507.1 33.2
1551600517.12 33.2
1551600527.14 33.2
1551600537.16 33.2
1551600547.18 33.2
1551600557.2 33.2
1551600567.22 33.2
1551600577.25 33.2
1551600587.27 33.2
1551600597.28 34.3
1551600607.3 33.2
1551600617.33 34.3
1551600627.35 33.2
1551600637.36 34.3
1551600647.38 33.2
1551600657.4 33.2
1551600667.43 33.2
1551600677.44 33.8
1551600687.46 33.8
1551600697.48 33.8
1551600707.5 33.8
1551600717.52 33.2
1551600727.54 34.3
1551600737.56 33.2
1551600747.58 33.2
1551600757.6 34.3
1551600767.62 33.2
1551600777.64 33.2
1551600787.66 33.2
1551600797.68 32.7
1551600807.7 33.8
1551600817.72 33.2
1551600827.74 33.2
1551600837.76 33.2
1551600847.78 33.2
1551600857.8 33.2
1551600867.82 33.2
1551600877.84 33.8
1551600887.86 33.2
1551600897.88 33.8
1551600907.9 33.2
1551600917.91 34.3
1551600927.94 33.2
1551600937.96 33.2
1551600947.98 33.2
1551600958.0 33.2
1551600968.02 33.2
1551600978.04 33.2
1551600988.06 33.2
1551600998.08 33.2
1551601008.1 33.2
1551601018.12 33.2
1551601028.14 33.2
1551601038.16 33.2
1551601048.18 33.2
1551601058.2 33.2
1551601068.22 33.2
1551601078.24 32.7
1551601088.26 32.7
1551601098.29 33.2
1551601108.31 32.7
1551601118.33 33.2
1551601128.35 33.2
1551601138.37 32.7
1551601148.39 32.7
1551601158.41 33.8
1551601168.44 33.2
1551601178.45 33.8
1551601188.47 32.7
1551601198.49 33.2
1551601208.51 33.8
1551601218.53 33.8
1551601228.55 32.7
1551601238.57 33.2
1551601248.59 33.2
1551601258.61 33.2
1551601268.63 33.2
1551601278.65 33.2
1551601288.67 33.2
1551601298.7 32.7
1551601308.72 33.2
1551601318.74 33.2
1551601328.75 34.3
1551601338.77 33.2
1551601348.79 33.2
1551601358.81 33.8
1551601368.83 33.8
1551601378.85 33.8
1551601388.87 33.2
1551601398.89 33.8
1551601408.91 33.2
1551601418.93 33.2
1551601428.95 33.2
1551601438.97 33.2
1551601448.99 33.2
1551601459.01 33.8
1551601469.03 33.2
1551601479.06 33.2
1551601489.07 33.8
1551601499.09 33.2
1551601509.11 33.2
1551601519.13 33.2
1551601529.15 33.8
1551601539.17 33.2
1551601549.2 33.2
1551601559.22 33.2
1551601569.24 33.2
1551601579.26 33.2
1551601589.28 33.2
1551601599.3 33.8
1551601609.32 33.2
1551601619.34 33.2
1551601629.36 33.2
1551601639.39 33.8
1551601649.41 33.2
1551601659.43 33.8
1551601669.45 33.8
1551601679.46 34.3
1551601689.48 33.2
1551601699.5 33.2
1551601709.52 34.3
1551601719.54 33.8
1551601729.56 33.2
1551601739.58 33.2
1551601749.6 33.2
1551601759.62 33.8
1551601769.64 32.7
1551601779.66 33.2
1551601789.68 33.8
1551601799.71 33.8
1551601809.73 33.2
1551601819.75 32.7
1551601829.77 33.2
1551601839.78 33.2
1551601849.8 33.2
1551601859.82 33.8
1551601869.83 34.3
1551601879.84 33.2
1551601889.86 34.3
1551601899.88 33.2
1551601909.9 33.2
1551601919.92 33.2
1551601929.94 33.8
1551601939.96 33.2
1551601949.98 33.2
1551601960.0 33.2
1551601970.02 33.2
1551601980.04 33.8
1551601990.06 33.2
1551602000.08 33.8
1551602010.1 33.8
1551602020.12 33.2
1551602030.14 33.8
1551602040.16 33.2
1551602050.18 33.2
1551602060.2 33.8
1551602070.22 33.2
1551602080.24 33.2
1551602090.26 33.2
1551602100.28 33.2
1551602110.3 33.2
1551602120.32 33.2
1551602130.34 33.2
1551602140.36 33.8
1551602150.38 33.8
1551602160.4 33.2
1551602170.42 33.8
1551602180.44 33.8
1551602190.46 33.2
1551602200.48 33.2
1551602210.5 33.8
1551602220.53 33.2
1551602230.55 33.2
1551602240.57 33.2
1551602250.59 33.2
1551602260.61 33.2
1551602270.62 34.3
1551602280.64 33.2
1551602290.67 33.8
1551602300.69 33.2
1551602310.71 33.2
1551602320.73 33.2
1551602330.75 34.3
1551602340.76 33.8
1551602350.78 33.8
1551602360.8 33.8
1551602370.82 32.7
1551602380.84 33.2
1551602390.86 33.2
1551602400.89 33.8
1551602410.91 33.8
1551602420.93 33.2
1551602430.95 33.2
1551602440.97 33.2
1551602450.99 33.2
1551602461.01 33.2
1551602471.03 33.2
1551602481.05 33.2
1551602491.07 34.3
1551602501.09 34.3
1551602511.11 33.2
1551602521.12 33.8
1551602531.14 33.2
1551602541.16 33.2
1551602551.18 34.3
1551602561.2 33.2
1551602571.22 33.2
1551602581.24 34.3
1551602591.25 34.3
1551602601.27 33.2
1551602611.29 33.8
1551602621.31 34.3
1551602631.33 33.2
1551602641.35 33.2
1551602651.37 33.2
1551602661.39 33.2
1551602671.41 33.8
1551602681.43 33.2
1551602691.45 33.2
1551602701.47 33.2
1551602711.5 33.2
1551602721.52 34.3
1551602731.53 34.3
1551602741.55 33.8
1551602751.57 33.2
1551602761.59 33.2
1551602771.61 33.8
1551602781.63 33.2
1551602791.65 33.2
1551602801.67 33.2
1551602811.69 33.2
1551602821.72 32.7
1551602831.74 33.2
1551602841.75 34.3
1551602851.77 33.2
1551602861.79 33.8
1551602871.8 32.7
1551602881.82 34.3
1551602891.84 33.8
1551602901.86 33.2
1551602911.88 33.2
1551602921.9 33.2
1551602931.92 33.2
1551602941.94 33.8
1551602951.96 34.3
1551602961.98 33.8
1551602972.01 33.8
1551602982.03 33.8
1551602992.05 32.7
1551603002.07 33.2
1551603012.09 33.2
1551603022.12 33.2
1551603032.14 33.8
1551603042.16 33.2
1551603052.18 33.8
1551603062.2 33.2
1551603072.22 33.2
1551603082.23 34.3
1551603092.25 33.2
1551603102.27 33.2
1551603112.29 34.3
1551603122.31 33.2
1551603132.33 33.2
1551603142.35 33.8
1551603152.38 33.2
1551603162.4 33.2
1551603172.41 33.8
1551603182.43 33.2
1551603192.45 33.2
1551603202.47 33.2
1551603212.5 33.2
1551603222.52 33.2
1551603232.53 33.2
1551603242.55 33.2
1551603252.57 33.2
1551603262.59 32.7
1551603272.62 33.2
1551603282.64 33.2
1551603292.66 33.2
1551603302.68 33.2
1551603312.7 33.2
1551603322.72 34.3
1551603332.74 33.8
1551603342.76 33.2
1551603352.78 33.2
1551603362.8 33.2
1551603372.82 33.2
1551603382.84 33.2
1551603392.87 33.8
1551603402.88 33.2
1551603412.9 33.2
1551603422.92 33.2
1551603432.94 33.2
1551603442.97 33.2
1551603452.99 33.2
1551603463.01 33.2
1551603473.03 33.2
1551603483.05 33.2
1551603493.07 33.2
1551603503.09 32.7
1551603513.12 33.2
1551603523.14 33.2
1551603533.16 33.8
1551603543.17 33.2
1551603553.19 33.2
1551603563.21 33.2
1551603573.23 33.2
1551603583.25 33.2
1551603593.27 33.2
1551603603.29 33.2
1551603613.31 34.3
1551603623.33 34.3
1551603633.35 33.2
1551603643.37 33.2
1551603653.4 33.8
1551603663.42 33.8
1551603673.43 33.8
1551603683.45 33.8
1551603693.47 33.2
1551603703.49 33.8
1551603713.51 33.2
1551603723.53 33.2
1551603733.55 33.2
1551603743.57 32.7
1551603753.59 33.2
1551603763.61 33.8
1551603773.63 34.3
1551603783.65 33.8
1551603793.67 33.2
1551603803.69 33.2
1551603813.71 34.3
1551603823.73 33.8
1551603833.75 34.3
1551603843.77 33.8
1551603853.78 33.8
1551603863.8 34.3
1551603873.81 33.2
1551603883.83 34.3
1551603893.84 34.9
1551603903.86 33.8
1551603913.88 33.2
1551603923.9 34.3
1551603933.92 34.3
1551603943.94 33.2
1551603953.96 33.2
1551603963.98 33.8
1551603974.0 34.9
1551603984.02 33.2
1551603994.04 34.3
1551604004.05 34.3
1551604014.07 33.8
1551604024.09 33.8
1551604034.11 33.8
1551604044.13 33.8
1551604054.15 33.8
1551604064.17 33.2
1551604074.19 33.8
1551604084.21 33.8
1551604094.22 33.2
1551604104.24 33.8
1551604114.26 33.2
1551604124.29 33.8
1551604134.31 33.2
1551604144.32 33.2
1551604154.34 33.8
1551604164.36 34.3
1551604174.39 33.8
1551604184.41 33.8
1551604194.43 34.3
1551604204.45 33.8
1551604214.46 34.3
1551604224.48 33.8
1551604234.5 34.3
1551604244.52 34.3
1551604254.54 33.8
1551604264.55 33.8
1551604274.57 33.8
1551604284.59 33.2
1551604294.61 33.2
1551604304.63 33.2
1551604314.65 33.2
1551604324.67 34.3
1551604334.7 33.8
1551604344.72 33.8
1551604354.74 33.8
1551604364.76 33.8
1551604374.78 33.2
1551604384.79 34.3
1551604394.81 34.3
1551604404.83 33.8
1551604414.85 34.3
1551604424.87 33.8
1551604434.89 34.3
1551604444.9 33.2
1551604454.92 34.3
1551604464.93 33.8
1551604474.95 33.2
1551604484.97 34.3
1551604494.99 34.3
1551604505.02 34.3
1551604515.03 33.8
1551604525.05 32.7
1551604535.07 33.8
1551604545.09 34.3
1551604555.11 33.8
1551604565.13 33.2
1551604575.15 33.2
1551604585.17 33.2
1551604595.19 33.2
1551604605.21 33.2
1551604615.24 33.8
1551604625.26 33.2
1551604635.28 33.2
1551604645.3 33.2
1551604655.32 33.2
1551604665.34 33.8
1551604675.36 33.8
1551604685.38 33.8
1551604695.4 33.8
1551604705.41 33.2
1551604715.44 33.2
1551604725.45 33.2
1551604735.47 33.8
1551604745.49 33.8
1551604755.51 33.8
1551604765.52 33.2
1551604775.54 33.2
1551604785.56 32.7
1551604795.58 33.8
1551604805.6 34.3
1551604815.61 33.2
1551604825.63 33.2
1551604835.65 34.3
1551604845.67 33.8
1551604855.69 33.2
1551604865.71 33.2
1551604875.73 33.8
1551604885.75 33.2
1551604895.77 34.3
1551604905.78 33.2
1551604915.79 33.8
1551604925.81 33.2
1551604935.82 34.3
1551604945.84 34.3
1551604955.85 33.8
1551604965.87 33.8
1551604975.89 33.8
1551604985.92 33.2
1551604995.94 33.2
1551605005.95 34.3
1551605015.97 33.2
1551605025.99 33.2
1551605036.01 33.2
1551605046.03 34.3
1551605056.05 33.2
1551605066.07 33.2
1551605076.09 33.8
1551605086.11 33.8
1551605096.13 33.8
1551605106.15 33.2
1551605116.16 34.3
1551605126.18 34.3
1551605136.2 33.8
1551605146.22 33.2
1551605156.24 33.8
1551605166.26 33.2
1551605176.28 33.2
1551605186.3 33.8
1551605196.32 33.2
1551605206.34 33.2
1551605216.35 34.9
1551605226.37 33.2
1551605236.39 34.3
1551605246.41 33.2
1551605256.43 33.2
1551605266.45 33.8
1551605276.47 33.2
1551605286.49 33.2
1551605296.51 33.2
1551605306.53 33.2
1551605316.55 33.2
1551605326.57 33.8
1551605336.59 33.2
1551605346.61 33.8
1551605356.63 33.2
1551605366.65 33.2
1551605376.67 33.2
1551605386.69 32.7
1551605396.71 33.2
1551605406.73 33.2
1551605416.75 32.7
1551605426.77 32.7
1551605436.78 33.8
1551605446.8 34.3
1551605456.82 34.3
1551605466.84 33.2
1551605476.86 33.2
1551605486.88 33.2
1551605496.91 33.2
1551605506.93 33.2
1551605516.94 33.2
1551605526.96 33.2
1551605536.98 33.2
1551605547.0 33.2
1551605557.02 33.2
1551605567.04 33.8
1551605577.06 33.2
1551605587.09 33.8
1551605597.11 33.2
1551605607.13 33.2
1551605617.14 34.3
1551605627.15 33.2
1551605637.18 33.2
1551605647.2 33.2
1551605657.22 33.2
1551605667.23 33.2
1551605677.25 33.2
1551605687.28 33.2
1551605697.29 32.7
1551605707.31 34.3
1551605717.32 33.2
1551605727.34 33.2
1551605737.36 33.2
1551605747.38 34.3
1551605757.39 34.3
1551605767.41 33.2
1551605777.43 33.8
1551605787.45 32.7
1551605797.46 32.7
1551605807.48 32.7
1551605817.5 33.8
1551605827.52 33.2
1551605837.53 32.7
1551605847.54 33.8
1551605857.57 33.2
1551605867.58 33.8
1551605877.6 33.2
1551605887.62 33.2
1551605897.64 33.2
1551605907.66 33.2
1551605917.68 33.2
1551605927.69 34.3
1551605937.71 33.2
1551605947.73 33.8
1551605957.74 33.2
1551605967.77 33.2
1551605977.78 33.8
1551605987.79 33.2
1551605997.81 33.8
1551606007.83 33.2
1551606017.85 33.2
1551606027.88 33.2
1551606037.89 33.8
1551606047.91 33.2
1551606057.93 33.8
1551606067.95 33.2
1551606077.97 33.2
1551606087.99 33.8
1551606098.01 33.2
1551606108.03 33.2
1551606118.05 34.3
1551606128.06 33.2
1551606138.08 33.8
1551606148.1 33.2
1551606158.12 33.2
1551606168.14 33.2
1551606178.16 33.2
1551606188.19 33.2
1551606198.21 33.2
1551606208.23 33.2
1551606218.24 33.2
1551606228.27 33.2
1551606238.28 33.8
1551606248.3 33.2
1551606258.32 32.7
1551606268.33 34.3
1551606278.35 33.8
1551606288.38 33.2
1551606298.39 33.2
1551606308.41 33.2
1551606318.43 33.8
1551606328.45 33.2
1551606338.48 33.2
1551606348.49 32.7
1551606358.51 33.2
1551606368.52 34.3
1551606378.53 33.8
1551606388.55 33.2
1551606398.56 33.2
1551606408.59 33.2
1551606418.6 33.8
1551606428.63 33.2
1551606438.64 32.7
1551606448.67 33.2
1551606458.69 33.2
1551606468.7 33.2
1551606478.72 33.8
1551606488.74 33.2
1551606498.76 33.2
1551606508.78 33.2
1551606518.8 33.2
1551606528.82 33.2
1551606538.84 33.8
1551606548.85 33.2
1551606558.87 33.2
1551606568.88 33.2
1551606578.91 33.2
1551606588.92 33.2
1551606598.94 32.7
1551606608.96 33.2
1551606618.99 33.2
1551606629.01 33.2
1551606639.03 33.8
1551606649.05 33.8
1551606659.06 34.3
1551606669.07 33.8
1551606679.08 33.2
1551606689.1 33.2
1551606699.12 33.2
1551606709.14 33.2
1551606719.16 33.2
1551606729.17 33.2
1551606739.19 33.2
1551606749.21 33.2
1551606759.23 33.2
1551606769.25 33.2
1551606779.27 33.2
1551606789.28 33.2
1551606799.3 32.7
1551606809.32 33.2
1551606819.34 33.8
1551606829.36 33.2
1551606839.38 33.2
1551606849.4 33.8
1551606859.42 33.2
1551606869.44 32.7
1551606879.46 33.2
1551606889.47 33.2
1551606899.49 33.2
1551606909.51 33.2
1551606919.53 33.2
1551606929.55 33.8
1551606939.56 33.2
1551606949.58 33.2
1551606959.6 33.2
1551606969.62 32.2
1551606979.64 34.3
1551606989.66 33.8
1551606999.68 33.8
1551607009.7 33.8
1551607019.72 33.8
1551607029.74 33.8
1551607039.76 33.8
1551607049.78 33.2
1551607059.8 33.8
1551607069.82 33.2
1551607079.84 34.3
1551607089.86 33.2
1551607099.89 34.3
1551607109.91 33.2
1551607119.93 33.8
1551607129.95 33.2
1551607139.96 33.2
1551607149.98 33.2
1551607160.0 33.8
1551607170.02 33.8
1551607180.03 33.8
1551607190.05 33.2
1551607200.06 33.8
1551607210.08 34.3
1551607220.1 33.2
1551607230.13 33.8
1551607240.14 33.8
1551607250.16 33.8
1551607260.18 33.2
1551607270.2 33.2
1551607280.22 33.2
1551607290.24 33.2
1551607300.26 33.2
1551607310.27 33.2
1551607320.29 33.2
1551607330.31 33.2
1551607340.33 33.2
1551607350.35 33.8
1551607360.37 32.7
1551607370.39 33.2
1551607380.41 33.2
1551607390.43 33.2
1551607400.45 33.2
1551607410.47 34.3
1551607420.49 33.8
1551607430.51 33.8
1551607440.53 33.8
1551607450.55 34.3
1551607460.57 33.2
1551607470.59 33.2
1551607480.61 33.8
1551607490.63 33.2
1551607500.65 34.3
1551607510.67 34.3
1551607520.69 33.8
1551607530.71 33.2
1551607540.72 34.3
1551607550.74 33.2
1551607560.76 33.2
1551607570.77 33.2
1551607580.79 33.2
1551607590.81 33.8
1551607600.82 34.3
1551607610.83 33.8
1551607620.85 33.8
1551607630.86 34.3
1551607640.87 34.3
1551607650.89 33.2
1551607660.9 33.2
1551607670.92 33.2
1551607680.94 33.2
1551607690.96 33.8
1551607700.97 33.2
1551607710.99 33.2
1551607721.01 33.8
1551607731.02 33.8
1551607741.03 33.2
1551607751.05 33.2
1551607761.07 33.2
1551607771.08 32.7
1551607781.1 33.2
1551607791.12 32.7
1551607801.14 32.2
1551607811.16 33.2
1551607821.17 33.2
1551607831.19 33.2
1551607841.21 32.7
1551607851.22 33.2
1551607861.24 33.2
1551607871.25 33.2
1551607881.27 33.2
1551607891.29 33.2
1551607901.31 32.2
1551607911.32 32.7
1551607921.34 32.7
1551607931.35 33.8
1551607941.36 33.2
1551607951.38 33.2
1551607961.39 33.2
1551607971.41 33.2
1551607981.42 32.7
1551607991.44 33.8
1551608001.45 33.8
1551608011.47 32.7
1551608021.49 34.3
1551608031.5 33.8
1551608041.51 33.2
1551608051.52 33.2
1551608061.54 33.2
1551608071.56 33.8
1551608081.57 33.8
1551608091.59 33.8
1551608101.6 33.8
1551608111.62 33.2
1551608121.63 33.2
1551608131.65 33.8
1551608141.67 33.2
1551608151.69 33.2
1551608161.7 33.8
1551608171.71 33.2
1551608181.73 34.3
1551608191.74 33.2
1551608201.76 33.2
1551608211.78 33.2
1551608221.81 33.2
1551608231.83 33.2
1551608241.85 33.2
1551608251.87 33.2
1551608261.89 33.2
1551608271.91 32.7
1551608281.93 32.7
1551608291.95 33.2
1551608301.97 33.8
1551608311.99 33.8
1551608322.01 32.7
1551608332.03 33.8
1551608342.05 33.2
1551608352.07 33.8
1551608362.09 34.3
1551608372.11 34.3
1551608382.12 33.8
1551608392.15 33.8
1551608402.17 33.2
1551608412.19 34.3
1551608422.2 33.8
1551608432.23 33.8
1551608442.24 34.3
1551608452.26 33.2
1551608462.27 34.3
1551608472.3 33.8
1551608482.32 33.8
1551608492.33 34.3
1551608502.35 34.3
1551608512.37 33.2
1551608522.39 33.2
1551608532.41 33.8
1551608542.44 33.2
1551608552.46 33.2
1551608562.48 33.8
1551608572.5 33.2
1551608582.52 34.3
1551608592.54 33.2
1551608602.57 33.2
1551608612.59 33.8
1551608622.61 33.2
1551608632.63 34.3
1551608642.65 34.3
1551608652.66 34.3
1551608662.68 34.3
1551608672.7 33.2
1551608682.72 33.2
1551608692.74 33.8
1551608702.75 33.2
1551608712.77 33.2
1551608722.79 33.8
1551608732.8 33.8
1551608742.82 33.8
1551608752.84 33.8
1551608762.87 33.2
1551608772.89 33.2
1551608782.9 33.2
1551608792.92 33.2
1551608802.93 33.2
1551608812.95 33.2
1551608822.97 33.2
1551608833.0 33.2
1551608843.02 32.7
1551608853.05 33.2
1551608863.07 32.7
1551608873.09 32.7
1551608883.11 32.7
1551608893.12 33.2
1551608903.14 33.2
1551608913.16 32.2
1551608923.18 32.7
1551608933.2 32.2
1551608943.22 33.2
1551608953.24 32.2
1551608963.26 32.7
1551608973.28 33.2
1551608983.3 33.2
1551608993.32 32.2
1551609003.34 32.2
1551609013.36 32.2
1551609023.38 32.7
1551609033.4 32.2
1551609043.42 32.7
1551609053.43 32.7
1551609063.45 32.2
1551609073.47 32.2
1551609083.49 32.2
1551609093.51 32.2
1551609103.53 32.2
1551609113.55 32.2
1551609123.57 32.2
1551609133.59 32.2
1551609143.62 32.2
1551609153.64 32.2
1551609163.66 32.2
1551609173.68 32.2
1551609183.7 32.2
1551609193.71 32.2
1551609203.74 32.2
1551609213.76 32.2
1551609223.78 32.2
1551609233.8 32.2
1551609243.82 32.2
1551609253.84 32.2
1551609263.86 32.2
1551609273.88 32.2
1551609283.9 32.2
1551609293.93 32.2
1551609303.95 32.2
1551609313.97 32.2
1551609323.99 32.2
1551609334.01 31.6
1551609344.03 32.2
1551609354.05 32.2
1551609364.06 32.2
1551609374.08 32.2
1551609384.11 32.2
1551609394.12 32.2
1551609404.14 32.2
1551609414.16 32.2
1551609424.18 32.2
1551609434.2 32.2
1551609444.22 32.2
1551609454.24 32.2
1551609464.26 32.2
1551609474.28 32.2
1551609484.3 32.2
1551609494.32 32.2
1551609504.34 32.2
1551609514.36 31.1
1551609524.38 32.2
1551609534.4 32.2
1551609544.42 32.2
1551609554.43 32.7
1551609564.45 32.7
1551609574.47 32.2
1551609584.49 31.6
1551609594.5 32.7
1551609604.52 32.2
1551609614.53 32.7
1551609624.55 32.2
1551609634.58 32.2
1551609644.59 32.2
1551609654.61 32.2
1551609664.62 32.2
1551609674.64 32.7
1551609684.66 32.2
1551609694.68 32.7
1551609704.7 32.2
1551609714.72 32.7
1551609724.74 32.2
1551609734.76 32.7
1551609744.78 32.2
1551609754.8 32.2
1551609764.82 32.2
1551609774.84 31.6
1551609784.86 32.2
1551609794.88 32.2
1551609804.9 32.2
1551609814.92 32.2
1551609824.94 31.6
1551609834.96 31.6
1551609844.98 32.2
1551609855.0 32.2
1551609865.01 32.7
1551609875.03 32.2
1551609885.05 32.7
1551609895.07 32.2
1551609905.09 32.2
1551609915.11 32.7
1551609925.13 32.2
1551609935.15 32.2
1551609945.18 32.2
1551609955.2 32.2
1551609965.22 32.2
1551609975.24 32.2
1551609985.26 32.2
1551609995.28 32.2
1551610005.3 32.7
1551610015.31 32.7
1551610025.33 32.7
1551610035.35 32.7
1551610045.38 33.2
1551610055.39 33.2
1551610065.41 32.7
1551610075.43 33.2
1551610085.44 33.2
1551610095.47 33.2
1551610105.49 33.2
1551610115.51 32.2
1551610125.53 32.7
1551610135.54 32.7
1551610145.55 32.7
1551610155.57 32.7
1551610165.58 32.2
1551610175.59 33.2
1551610185.61 33.2
1551610195.63 33.8
1551610205.65 32.7
1551610215.67 33.2
1551610225.69 33.2
1551610235.71 33.2
1551610245.72 33.2
1551610255.75 32.7
1551610265.77 33.2
1551610275.78 33.2
1551610285.8 33.8
1551610295.82 33.2
1551610305.83 33.8
1551610315.84 33.2
1551610325.86 33.8
1551610335.87 33.2
1551610345.89 33.2
1551610355.91 33.8
1551610365.93 33.2
1551610375.95 33.2
1551610385.97 33.8
1551610395.99 32.7
1551610406.0 33.2
1551610416.02 33.8
1551610426.03 33.2
1551610436.05 33.2
1551610446.07 34.3
1551610456.08 33.2
1551610466.1 34.3
1551610476.12 32.7
1551610486.13 33.2
1551610496.14 33.8
1551610506.17 33.8
1551610516.19 34.3
1551610526.21 33.2
1551610536.22 34.3
1551610546.24 34.3
1551610556.26 33.8
1551610566.28 33.8
1551610576.3 33.2
1551610586.31 33.2
1551610596.34 33.8
1551610606.35 33.2
1551610616.37 33.2
1551610626.39 33.2
1551610636.4 33.8
1551610646.43 33.2
1551610656.45 33.2
1551610666.46 33.2
1551610676.48 33.2
1551610686.5 33.2
1551610696.52 33.2
1551610706.54 33.8
1551610716.56 33.2
1551610726.58 33.2
1551610736.6 32.7
1551610746.61 33.8
1551610756.64 33.2
1551610766.65 33.8
1551610776.67 32.2
1551610786.69 33.2
1551610796.7 33.2
1551610806.72 32.7
1551610816.74 33.2
1551610826.76 32.7
1551610836.78 32.7
1551610846.8 33.2
1551610856.81 33.2
1551610866.83 32.7
1551610876.86 32.7
1551610886.87 32.7
1551610896.89 32.7
1551610906.91 32.7
1551610916.93 32.2
1551610926.95 32.2
1551610936.97 32.7
1551610946.99 32.2
1551610957.01 32.7
1551610967.02 32.7
1551610977.05 32.2
1551610987.06 32.2
1551610997.08 32.2
1551611007.1 32.2
1551611017.12 32.2
1551611027.14 32.2
1551611037.16 32.7
1551611047.18 32.2
1551611057.2 32.2
1551611067.22 32.2
1551611077.24 32.2
1551611087.26 32.2
1551611097.28 33.2
1551611107.3 32.2
1551611117.32 32.2
1551611127.34 32.2
1551611137.36 32.7
1551611147.38 32.2
1551611157.4 32.2
1551611167.42 32.2
1551611177.44 32.7
1551611187.46 32.2
1551611197.47 32.2
1551611207.49 32.7
1551611217.51 33.2
1551611227.53 32.7
1551611237.54 32.7
1551611247.56 32.2
1551611257.58 32.2
1551611267.6 32.7
1551611277.62 32.2
1551611287.64 32.7
1551611297.66 32.2
1551611307.67 32.2
1551611317.69 32.2
1551611327.7 32.2
1551611337.72 31.6
1551611347.75 32.2
1551611357.77 32.2
1551611367.78 32.2
1551611377.8 31.6
1551611387.82 32.2
1551611397.84 32.2
1551611407.86 32.7
1551611417.87 32.7
1551611427.9 32.2
1551611437.92 32.2
1551611447.94 32.2
1551611457.95 32.7
1551611467.97 32.2
1551611477.99 32.2
1551611488.01 32.2
1551611498.03 32.7
1551611508.05 32.2
1551611518.07 32.2
1551611528.08 32.7
1551611538.1 32.2
1551611548.11 32.2
1551611558.13 32.7
1551611568.14 32.2
1551611578.16 32.2
1551611588.18 32.2
1551611598.2 32.2
1551611608.22 32.2
1551611618.24 32.2
1551611628.26 32.2
1551611638.27 32.2
1551611648.29 32.7
1551611658.31 32.2
1551611668.33 32.2
1551611678.35 32.2
1551611688.36 32.2
1551611698.38 32.2
1551611708.4 32.2
1551611718.42 32.2
1551611728.44 32.2
1551611738.45 33.2
1551611748.47 32.7
1551611758.49 32.2
1551611768.51 32.2
1551611778.53 32.2
1551611788.55 33.2
1551611798.57 32.2
1551611808.59 32.7
1551611818.6 32.7
1551611828.62 32.7
1551611838.64 32.2
1551611848.66 32.2
1551611858.68 32.2
1551611868.7 32.2
1551611878.72 32.2
1551611888.73 32.2
1551611898.76 32.2
1551611908.78 32.2
1551611918.79 33.2
1551611928.81 33.2
1551611938.83 32.2
1551611948.85 32.7
1551611958.87 32.2
1551611968.88 32.2
1551611978.9 32.7
1551611988.92 32.2
1551611998.94 32.2
1551612008.96 32.2
1551612018.98 32.7
1551612029.0 32.2
1551612039.02 32.7
1551612049.04 32.2
1551612059.05 33.2
1551612069.07 32.2
1551612079.09 32.2
1551612089.11 32.2
1551612099.12 32.7
1551612109.14 32.7
1551612119.16 32.7
1551612129.17 32.7
1551612139.19 33.2
1551612149.2 33.2
1551612159.22 33.2
1551612169.24 32.7
1551612179.26 33.2
1551612189.27 32.7
1551612199.29 32.2
1551612209.31 32.7
1551612219.33 32.2
1551612229.35 32.7
1551612239.36 33.2
1551612249.39 32.2
1551612259.41 32.2
1551612269.42 33.8
1551612279.44 32.7
1551612289.46 32.7
1551612299.48 32.2
1551612309.5 36.5
1551612319.51 34.9
1551612329.54 34.3
1551612339.55 33.8
1551612349.57 34.3
1551612359.59 34.3
1551612369.6 34.3
1551612379.63 33.2
1551612389.65 33.8
1551612399.67 33.2
1551612409.69 33.2
1551612419.71 33.2
1551612429.74 33.2
1551612439.76 33.2
1551612449.78 33.2
1551612459.8 33.2
1551612469.81 33.2
1551612479.83 32.7
1551612489.85 33.2
1551612499.87 32.2
1551612509.89 32.7
1551612519.92 33.2
1551612529.93 33.2
1551612539.95 33.2
1551612549.97 33.2
1551612559.99 33.2
1551612570.01 32.7
1551612580.03 32.7
1551612590.05 32.2
1551612600.07 32.7
1551612610.09 33.2
1551612620.11 32.2
1551612630.13 32.7
1551612640.15 33.2
1551612650.17 32.2
1551612660.18 33.2
1551612670.2 32.7
1551612680.22 32.7
1551612690.24 32.2
1551612700.26 32.2
1551612710.27 33.2
1551612720.29 32.2
1551612730.31 32.2
1551612740.33 32.7
1551612750.35 32.2
1551612760.37 33.2
1551612770.39 32.2
1551612780.4 32.2
1551612790.42 32.7
1551612800.43 33.2
1551612810.45 32.2
1551612820.46 32.7
1551612830.48 32.2
1551612840.5 33.2
1551612850.52 33.2
1551612860.53 33.2
1551612870.54 33.2
1551612880.56 32.7
1551612890.58 33.2
1551612900.59 34.3
1551612910.6 33.2
1551612920.62 33.8
1551612930.63 33.8
1551612940.65 33.2
1551612950.67 33.2
1551612960.69 33.8
1551612970.71 34.3
1551612980.73 33.2
1551612990.74 34.3
1551613000.76 33.2
1551613010.78 32.7
1551613020.8 32.2
1551613030.82 33.2
1551613040.83 33.8
1551613050.85 33.2
1551613060.87 33.2
1551613070.89 32.2
1551613080.91 33.2
1551613090.92 33.2
1551613100.94 33.2
1551613110.96 32.7
1551613120.98 32.7
1551613131.01 32.7
1551613141.02 33.8
1551613151.04 32.7
1551613161.06 33.2
1551613171.08 33.8
1551613181.1 34.3
1551613191.11 33.8
1551613201.13 33.8
1551613211.15 33.2
1551613221.17 33.2
1551613231.19 33.2
1551613241.21 34.3
1551613251.23 33.8
1551613261.25 33.2
1551613271.27 33.2
1551613281.29 33.2
1551613291.31 33.8
1551613301.33 34.3
1551613311.36 33.8
1551613321.38 33.8
1551613331.4 33.8
1551613341.42 33.2
1551613351.44 33.2
1551613361.46 34.3
1551613371.48 33.2
1551613381.51 33.2
1551613391.53 33.8
1551613401.54 33.8
1551613411.56 34.3
1551613421.58 33.8
1551613431.6 34.3
1551613441.62 34.3
1551613451.64 33.8
1551613461.66 33.8
1551613471.68 34.3
1551613481.69 34.9
1551613491.7 34.3
1551613501.72 34.3
1551613511.74 33.8
1551613521.77 34.9
1551613531.79 34.3
1551613541.81 34.3
1551613551.83 33.8
1551613561.85 33.8
1551613571.87 34.9
1551613581.88 34.3
1551613591.9 34.3
1551613601.91 33.8
1551613611.93 33.8
1551613621.95 34.3
1551613631.96 38.1
1551613641.98 34.9
1551613652.0 34.9
1551613662.02 34.3
1551613672.04 34.3
1551613682.06 34.9
1551613692.07 34.9
1551613702.09 34.3
1551613712.11 34.3
1551613722.13 34.3
1551613732.15 34.9
1551613742.17 34.9
1551613752.19 34.3
1551613762.21 34.3
1551613772.23 35.4
1551613782.25 34.3
1551613792.27 34.9
1551613802.29 34.9
1551613812.31 34.9
1551613822.33 34.9
1551613832.35 34.9
1551613842.37 34.3
1551613852.39 34.3
1551613862.4 34.9
1551613872.41 34.3
1551613882.43 34.9
1551613892.45 34.3
1551613902.47 34.9
1551613912.49 35.9
1551613922.5 35.4
1551613932.52 34.9
1551613942.54 35.4
1551613952.56 34.9
1551613962.57 35.9
1551613972.59 35.4
1551613982.61 34.9
1551613992.63 35.4
1551614002.65 35.4
1551614012.67 36.5
1551614022.69 35.4
1551614032.7 35.9
1551614042.72 35.4
1551614052.74 36.5
1551614062.75 35.9
1551614072.77 35.9
1551614082.78 36.5
1551614092.8 36.5
1551614102.82 35.4
1551614112.84 35.4
1551614122.86 34.9
1551614132.88 35.4
1551614142.9 34.3
1551614152.92 35.9
1551614162.93 35.9
1551614172.96 34.9
1551614182.98 34.9
1551614193.0 35.9
1551614203.01 35.4
1551614213.03 35.4
1551614223.05 35.4
1551614233.08 34.9
1551614243.1 34.9
1551614253.11 35.4
1551614263.13 35.4
1551614273.15 35.4
1551614283.17 34.9
1551614293.19 35.4
1551614303.21 34.9
1551614313.23 35.4
1551614323.25 34.9
1551614333.27 35.9
1551614343.29 35.9
1551614353.32 35.4
1551614363.34 35.4
1551614373.36 35.4
1551614383.37 35.9
1551614393.39 36.5
1551614403.4 36.5
1551614413.42 35.9
1551614423.44 35.9
1551614433.46 35.9
1551614443.49 35.9
1551614453.51 35.9
1551614463.53 35.4
1551614473.55 35.4
1551614483.57 35.4
1551614493.59 35.9
1551614503.61 35.9
1551614513.63 35.9
1551614523.64 36.5
1551614533.66 35.4
1551614543.68 35.4
1551614553.7 35.4
1551614563.72 36.5
1551614573.74 35.4
1551614583.75 36.5
1551614593.78 35.4
1551614603.8 35.9
1551614613.82 35.9
1551614623.84 35.4
1551614633.86 35.9
1551614643.88 35.4
1551614653.9 35.9
1551614663.92 35.4
1551614673.94 36.5
1551614683.95 35.9
1551614693.97 35.4
1551614703.99 35.4
1551614714.01 36.5
1551614724.03 35.9
1551614734.04 35.9
1551614744.06 35.4
1551614754.08 34.9
1551614764.1 36.5
1551614774.12 35.4
1551614784.14 35.4
1551614794.16 35.4
1551614804.18 35.4
1551614814.19 36.5
1551614824.21 35.4
1551614834.23 35.4
1551614844.26 35.4
1551614854.27 35.4
1551614864.29 35.4
1551614874.31 35.4
1551614884.32 35.4
1551614894.34 35.4
1551614904.36 35.4
1551614914.38 35.4
1551614924.4 35.4
1551614934.42 36.5
1551614944.43 35.4
1551614954.45 34.9
1551614964.47 35.4
1551614974.49 36.5
1551614984.51 34.9
1551614994.53 35.4
1551615004.55 34.9
1551615014.57 35.9
1551615024.59 35.4
1551615034.61 34.3
1551615044.64 35.4
1551615054.66 35.4
1551615064.68 36.5
1551615074.69 35.4
1551615084.71 35.4
1551615094.73 35.9
1551615104.75 35.4
1551615114.77 35.4
1551615124.79 35.9
1551615134.81 35.9
1551615144.82 35.9
1551615154.85 35.4
1551615164.87 35.4
1551615174.9 35.4
1551615184.92 35.9
1551615194.94 35.4
1551615204.96 35.9
1551615214.98 35.4
1551615224.99 35.9
1551615235.0 35.9
1551615245.02 35.9
1551615255.04 35.9
1551615265.06 35.4
1551615275.08 34.9
1551615285.1 35.9
1551615295.12 35.4
1551615305.14 34.3
1551615315.16 35.4
1551615325.18 35.9
1551615335.2 34.9
1551615345.22 35.4
1551615355.24 35.4
1551615365.26 35.4
1551615375.27 36.5
1551615385.3 36.5
1551615395.32 35.4
1551615405.34 35.4
1551615415.35 35.4
1551615425.38 35.4
1551615435.4 34.9
1551615445.42 35.4
1551615455.43 35.9
1551615465.45 35.9
1551615475.47 35.9
1551615485.49 35.4
1551615495.51 35.4
1551615505.52 35.9
1551615515.54 35.9
1551615525.56 35.9
1551615535.58 35.4
1551615545.6 35.4
1551615555.62 36.5
1551615565.64 36.5
1551615575.66 35.9
1551615585.68 35.4
1551615595.7 36.5
1551615605.72 35.4
1551615615.73 35.4
1551615625.76 36.5
1551615635.78 35.4
1551615645.79 35.4
1551615655.81 36.5
1551615665.83 35.4
1551615675.84 35.9
1551615685.87 35.4
1551615695.89 35.9
1551615705.91 35.9
1551615715.92 36.5
1551615725.94 36.5
1551615735.96 35.4
1551615745.97 36.5
1551615755.99 35.9
1551615766.01 36.5
1551615776.02 35.9
1551615786.04 36.5
1551615796.05 36.5
1551615806.07 36.5
1551615816.09 36.5
1551615826.11 35.9
1551615836.13 35.4
1551615846.14 36.5
1551615856.16 35.4
1551615866.18 35.4
1551615876.2 35.4
1551615886.22 36.5
1551615896.24 35.4
1551615906.27 35.9
1551615916.28 36.5
1551615926.3 36.5
1551615936.32 35.4
1551615946.34 36.5
1551615956.36 35.9
1551615966.38 35.9
1551615976.4 35.4
1551615986.42 35.9
1551615996.44 36.5
1551616006.46 36.5
1551616016.48 36.5
1551616026.5 35.9
1551616036.52 36.5
1551616046.54 35.4
1551616056.56 35.9
1551616066.58 35.4
1551616076.6 36.5
1551616086.61 36.5
1551616096.63 35.9
1551616106.65 36.5
1551616116.67 36.5
1551616126.69 36.5
1551616136.71 36.5
1551616146.73 35.4
1551616156.75 35.9
1551616166.77 36.5
1551616176.79 36.5
1551616186.81 36.5
1551616196.82 36.5
1551616206.84 36.5
1551616216.85 36.5
1551616226.87 37.0
1551616236.89 36.5
1551616246.91 37.0
1551616256.92 36.5
1551616266.94 37.0
1551616276.96 36.5
1551616286.98 37.0
1551616296.99 36.5
1551616307.02 37.6
1551616317.04 37.0
1551616327.05 37.6
1551616337.06 36.5
1551616347.08 37.6
1551616357.1 37.6
1551616367.12 37.0
1551616377.13 37.0
1551616387.15 36.5
1551616397.17 36.5
1551616407.18 36.5
1551616417.2 37.6
1551616427.21 37.0
1551616437.23 38.1
1551616447.25 36.5
1551616457.27 37.0
1551616467.29 36.5
1551616477.3 37.6
1551616487.32 37.6
1551616497.34 37.0
1551616507.36 37.0
1551616517.38 36.5
1551616527.4 36.5
1551616537.42 36.5
1551616547.42 36.5
1551616557.44 37.0
1551616567.45 37.6
1551616577.47 37.0
1551616587.49 36.5
1551616597.52 36.5
1551616607.54 36.5
1551616617.55 36.5
1551616627.57 36.5
1551616637.59 36.5
1551616647.61 37.0
1551616657.63 36.5
1551616667.64 36.5
1551616677.66 37.0
1551616687.68 36.5
1551616697.7 37.6
1551616707.72 36.5
1551616717.74 36.5
1551616727.76 36.5
1551616737.77 36.5
1551616747.79 36.5
1551616757.81 36.5
1551616767.82 36.5
1551616777.85 36.5
1551616787.86 36.5
1551616797.88 36.5
1551616807.9 36.5
1551616817.92 36.5
1551616827.94 35.9
1551616837.96 36.5
1551616847.98 36.5
1551616858.0 37.0
1551616868.02 36.5
1551616878.03 37.0
1551616888.04 37.6
1551616898.05 37.0
1551616908.07 37.6
1551616918.09 36.5
1551616928.11 37.0
1551616938.12 37.6
1551616948.13 37.6
1551616958.15 37.6
1551616968.16 37.0
1551616978.18 37.6
1551616988.19 37.6
1551616998.21 37.6
1551617008.22 37.6
1551617018.24 37.6
1551617028.26 37.6
1551617038.28 37.0
1551617048.29 37.6
1551617058.31 38.1
1551617068.33 38.1
1551617078.34 38.1
1551617088.36 37.6
1551617098.38 37.6
1551617108.39 37.6
1551617118.41 37.6
1551617128.43 37.0
1551617138.44 37.6
1551617148.46 37.0
1551617158.48 37.6
1551617168.49 37.6
1551617178.52 37.6
1551617188.53 37.0
1551617198.55 38.1
1551617208.56 38.1
1551617218.57 38.1
1551617228.59 37.6
1551617238.61 36.5
1551617248.63 37.0
1551617258.65 37.6
1551617268.66 37.0
1551617278.68 37.0
1551617288.7 37.6
1551617298.71 37.6
1551617308.73 37.6
1551617318.75 37.6
1551617328.77 38.1
1551617338.78 38.1
1551617348.79 38.6
1551617358.82 37.0
1551617368.84 37.6
1551617378.85 37.6
1551617388.87 37.6
1551617398.89 37.6
1551617408.91 37.6
1551617418.93 38.1
1551617428.95 37.6
1551617438.97 37.6
1551617448.98 37.6
1551617459.0 38.1
1551617469.01 37.6
1551617479.02 37.6
1551617489.04 37.6
1551617499.06 37.6
1551617509.08 37.6
1551617519.1 37.6
1551617529.11 36.5
1551617539.13 37.6
1551617549.15 36.5
1551617559.16 37.6
1551617569.17 37.0
1551617579.19 37.6
1551617589.21 37.6
1551617599.22 37.6
1551617609.23 37.6
1551617619.25 37.0
1551617629.27 37.0
1551617639.29 37.0
1551617649.31 36.5
1551617659.32 36.5
1551617669.34 36.5
1551617679.36 37.0
1551617689.38 37.0
1551617699.4 36.5
1551617709.42 36.5
1551617719.44 36.5
1551617729.45 37.0
1551617739.47 36.5
1551617749.49 36.5
1551617759.5 36.5
1551617769.52 36.5
1551617779.54 36.5
1551617789.56 35.9
1551617799.57 36.5
1551617809.59 36.5
1551617819.6 36.5
1551617829.62 35.9
1551617839.64 35.9
1551617849.66 35.9
1551617859.67 35.9
1551617869.69 35.9
1551617879.71 35.9
1551617889.73 36.5
1551617899.74 35.9
1551617909.76 35.9
1551617919.78 35.9
1551617929.8 35.4
1551617939.82 35.4
1551617949.83 36.5
1551617959.85 35.4
1551617969.87 35.4
1551617979.88 36.5
1551617989.9 35.9
1551617999.92 36.5
