1551900001.99 41.9
1551900012.01 41.9
1551900022.03 41.3
1551900032.05 41.9
1551900042.06 41.9
1551900052.08 41.3
1551900062.1 40.8
1551900072.12 41.3
1551900082.14 41.3
1551900092.16 41.3
1551900102.18 41.3
1551900112.2 41.3
1551900122.21 41.9
1551900132.23 41.3
1551900142.25 40.8
1551900152.26 40.8
1551900162.27 41.9
1551900172.29 41.3
1551900182.31 41.9
1551900192.32 41.9
1551900202.35 40.8
1551900212.36 41.3
1551900222.38 40.8
1551900232.4 41.3
1551900242.42 41.3
1551900252.44 41.3
1551900262.46 41.3
1551900272.47 40.8
1551900282.49 41.9
1551900292.51 40.8
1551900302.53 40.8
1551900312.55 41.3
1551900322.56 41.3
1551900332.58 41.3
1551900342.59 40.8
1551900352.61 40.8
1551900362.64 40.8
1551900372.66 40.8
1551900382.68 40.8
1551900392.69 41.3
1551900402.71 40.8
1551900412.73 41.9
1551900422.75 41.3
1551900432.77 41.3
1551900442.79 41.3
1551900452.8 41.9
1551900462.81 41.9
1551900472.83 41.3
1551900482.84 41.9
1551900492.86 40.8
1551900502.87 41.3
1551900512.89 41.3
1551900522.91 40.8
1551900532.92 40.8
1551900542.94 41.9
1551900552.95 40.8
1551900562.97 40.8
1551900572.99 41.9
1551900583.0 41.3
1551900593.02 40.8
1551900603.04 40.8
1551900613.06 40.8
1551900623.07 40.8
1551900633.09 40.2
1551900643.12 40.8
1551900653.14 40.8
1551900663.15 40.8
1551900673.16 40.8
1551900683.18 39.7
1551900693.19 40.8
1551900703.21 40.8
1551900713.23 39.7
1551900723.25 40.8
1551900733.26 40.8
1551900743.28 40.8
1551900753.3 40.8
1551900763.32 39.7
1551900773.34 40.8
1551900783.35 39.7
1551900793.37 40.8
1551900803.39 39.7
1551900813.4 40.8
1551900823.42 39.7
1551900833.44 39.7
1551900843.46 39.7
1551900853.48 39.7
1551900863.49 39.7
1551900873.51 39.7
1551900883.53 40.8
1551900893.55 39.7
1551900903.58 39.7
1551900913.59 39.7
1551900923.61 40.2
1551900933.63 39.7
1551900943.65 39.7
1551900953.66 40.8
1551900963.68 39.7
1551900973.7 39.2
1551900983.73 39.7
1551900993.74 39.2
1551901003.76 39.2
1551901013.79 39.7
1551901023.81 39.7
1551901033.83 39.7
1551901043.85 39.7
1551901053.86 39.7
1551901063.87 39.2
1551901073.89 39.7
1551901083.91 40.2
1551901093.94 39.7
1551901103.95 39.7
1551901113.97 39.2
1551901123.98 39.7
1551901134.0 39.2
1551901144.01 39.7
1551901154.03 39.2
1551901164.05 39.7
1551901174.06 39.7
1551901184.08 39.7
1551901194.1 39.2
1551901204.13 39.7
1551901214.14 39.7
1551901224.16 40.2
1551901234.17 40.2
1551901244.18 40.2
1551901254.2 39.7
1551901264.21 40.2
1551901274.22 40.8
1551901284.24 39.7
1551901294.26 39.2
1551901304.27 39.7
1551901314.29 39.2
1551901324.31 38.6
1551901334.33 39.2
1551901344.34 39.7
1551901354.37 39.2
1551901364.39 39.2
1551901374.41 39.2
1551901384.42 39.2
1551901394.44 39.2
1551901404.45 38.6
1551901414.46 39.2
1551901424.48 39.2
1551901434.5 39.2
1551901444.52 39.2
1551901454.54 39.7
1551901464.56 39.2
1551901474.58 39.7
1551901484.6 39.7
1551901494.61 39.2
1551901504.64 38.6
1551901514.66 39.2
1551901524.68 38.6
1551901534.7 39.7
1551901544.72 39.7
1551901554.74 39.2
1551901564.76 38.6
1551901574.77 39.2
1551901584.79 38.6
1551901594.8 39.7
1551901604.83 39.2
1551901614.84 39.2
1551901624.86 39.7
1551901634.87 39.7
1551901644.89 39.7
1551901654.9 39.7
1551901664.92 39.7
1551901674.93 39.7
1551901684.94 39.2
1551901694.96 39.2
1551901704.98 38.6
1551901715.0 39.2
1551901725.01 39.2
1551901735.02 39.7
1551901745.04 39.2
1551901755.05 39.2
1551901765.07 38.6
1551901775.08 38.6
1551901785.1 39.2
1551901795.11 38.6
1551901805.13 38.6
1551901815.15 39.7
1551901825.16 39.7
1551901835.18 39.7
1551901845.19 38.6
1551901855.21 39.2
1551901865.23 38.6
1551901875.24 39.2
1551901885.26 39.7
1551901895.28 39.2
1551901905.3 38.6
1551901915.32 38.6
1551901925.33 38.6
1551901935.35 38.6
1551901945.37 39.7
1551901955.38 38.6
1551901965.4 38.6
1551901975.41 38.6
1551901985.42 39.2
1551901995.44 39.2
1551902005.45 38.6
1551902015.47 39.2
1551902025.48 39.2
1551902035.49 39.2
1551902045.51 39.2
1551902055.53 39.2
1551902065.54 39.7
1551902075.56 39.2
1551902085.58 39.2
1551902095.6 38.6
1551902105.61 39.2
1551902115.62 39.7
1551902125.63 39.2
1551902135.65 39.7
1551902145.66 39.7
1551902155.68 39.2
1551902165.69 38.6
1551902175.71 39.2
1551902185.73 38.6
1551902195.75 39.2
1551902205.77 39.2
1551902215.78 39.2
1551902225.8 39.2
1551902235.81 39.7
1551902245.83 39.2
1551902255.85 38.6
1551902265.86 39.7
1551902275.88 38.6
1551902285.9 39.2
1551902295.92 38.6
1551902305.93 39.2
1551902315.95 39.7
1551902325.96 39.2
1551902335.98 39.2
1551902345.99 39.2
1551902356.01 39.2
1551902366.03 38.6
1551902376.05 39.2
1551902386.07 38.6
1551902396.08 38.6
