1551000002.57 36.5
1551000012.59 36.5
1551000022.61 37.0
1551000032.63 37.0
1551000042.65 36.5
1551000052.67 37.6
1551000062.68 36.5
1551000072.7 37.0
1551000082.72 36.5
1551000092.74 37.0
1551000102.75 36.5
1551000112.78 37.0
1551000122.8 36.5
1551000132.82 37.0
1551000142.83 36.5
1551000152.86 37.0
1551000162.88 36.5
1551000172.9 37.0
1551000182.92 37.0
1551000192.94 36.5
1551000202.96 37.0
1551000212.99 36.5
1551000223.0 37.6
1551000233.02 37.6
1551000243.03 37.0
1551000253.06 36.5
1551000263.07 36.5
1551000273.09 37.0
1551000283.11 36.5
1551000293.13 36.5
1551000303.15 36.5
1551000313.18 37.0
1551000323.19 36.5
1551000333.2 35.9
1551000343.23 37.0
1551000353.25 36.5
1551000363.27 36.5
1551000373.29 35.9
1551000383.31 36.5
1551000393.33 36.5
1551000403.35 36.5
1551000413.37 36.5
1551000423.39 36.5
1551000433.41 35.9
1551000443.44 36.5
1551000453.46 36.5
1551000463.47 36.5
1551000473.49 36.5
1551000483.52 36.5
1551000493.53 37.0
1551000503.55 36.5
1551000513.57 36.5
1551000523.59 36.5
1551000533.61 36.5
1551000543.63 36.5
1551000553.64 36.5
1551000563.66 36.5
1551000573.68 35.9
1551000583.71 36.5
1551000593.73 35.9
1551000603.75 36.5
1551000613.77 36.5
1551000623.79 36.5
1551000633.81 35.9
1551000643.82 36.5
1551000653.84 36.5
1551000663.86 36.5
1551000673.88 36.5
1551000683.9 36.5
1551000693.93 36.5
1551000703.95 36.5
1551000713.96 36.5
1551000723.99 36.5
1551000734.01 36.5
1551000744.03 36.5
1551000754.05 36.5
1551000764.07 35.9
1551000774.09 35.9
1551000784.11 37.0
1551000794.13 36.5
1551000804.14 36.5
1551000814.17 36.5
1551000824.19 36.5
1551000834.21 36.5
1551000844.23 35.9
1551000854.25 36.5
1551000864.27 36.5
1551000874.29 36.5
1551000884.31 36.5
1551000894.33 37.0
1551000904.35 36.5
1551000914.37 36.5
1551000924.39 36.5
1551000934.41 36.5
1551000944.43 36.5
1551000954.45 36.5
1551000964.47 36.5
1551000974.49 36.5
1551000984.5 37.6
1551000994.53 37.6
1551001004.54 37.6
1551001014.56 38.1
1551001024.57 37.6
1551001034.6 36.5
1551001044.62 37.0
1551001054.65 37.6
1551001064.67 36.5
1551001074.69 36.5
1551001084.71 36.5
1551001094.72 36.5
1551001104.74 36.5
1551001114.76 36.5
1551001124.79 37.0
1551001134.81 36.5
1551001144.83 36.5
1551001154.85 36.5
1551001164.87 37.0
1551001174.89 36.5
1551001184.9 37.6
1551001194.92 36.5
1551001204.94 37.0
1551001214.97 37.0
1551001224.98 36.5
1551001235.0 36.5
1551001245.02 36.5
1551001255.04 37.6
1551001265.06 37.0
1551001275.08 37.0
1551001285.09 36.5
1551001295.12 36.5
1551001305.14 36.5
1551001315.15 37.6
1551001325.17 36.5
1551001335.19 36.5
1551001345.22 37.0
1551001355.24 37.0
1551001365.26 36.5
1551001375.28 36.5
1551001385.3 37.6
1551001395.32 36.5
1551001405.33 36.5
1551001415.36 37.0
1551001425.37 37.0
1551001435.39 36.5
1551001445.41 36.5
1551001455.43 37.6
1551001465.44 36.5
1551001475.47 36.5
1551001485.49 36.5
1551001495.51 36.5
1551001505.52 37.6
1551001515.55 36.5
1551001525.57 36.5
1551001535.59 37.0
1551001545.61 36.5
1551001555.63 36.5
1551001565.65 37.0
1551001575.67 36.5
1551001585.69 36.5
1551001595.71 36.5
1551001605.73 36.5
1551001615.75 37.6
1551001625.78 37.0
1551001635.8 36.5
1551001645.82 36.5
1551001655.84 37.0
1551001665.86 36.5
1551001675.88 36.5
1551001685.9 36.5
1551001695.92 36.5
1551001705.94 36.5
1551001715.96 36.5
1551001725.99 37.0
1551001736.01 36.5
1551001746.03 36.5
1551001756.05 37.0
1551001766.07 36.5
1551001776.09 36.5
1551001786.11 36.5
1551001796.13 36.5
1551001806.15 36.5
1551001816.17 37.6
1551001826.19 37.0
1551001836.21 37.0
1551001846.23 37.6
1551001856.25 38.1
1551001866.27 36.5
1551001876.29 37.0
1551001886.31 37.0
1551001901.09 37.6
1551001911.12 37.0
1551001921.13 37.6
1551001931.15 37.0
1551001941.17 37.0
1551001951.19 37.0
1551001961.21 37.0
1551001971.23 36.5
1551001981.25 36.5
1551001991.27 36.5
1551002001.29 37.0
1551002011.31 37.6
1551002021.32 37.6
1551002031.34 37.0
1551002041.36 37.6
1551002051.38 36.5
1551002061.41 36.5
1551002071.42 37.6
1551002081.44 37.0
1551002091.46 37.0
1551002101.48 37.0
1551002111.5 36.5
1551002121.52 36.5
1551002131.54 37.0
1551002141.56 37.0
1551002151.58 37.0
1551002161.6 37.0
1551002171.62 37.0
1551002181.64 36.5
1551002191.66 36.5
1551002201.68 36.5
1551002211.7 36.5
1551002221.72 37.0
1551002231.74 37.0
1551002241.76 36.5
1551002251.78 37.0
1551002261.8 36.5
1551002271.82 36.5
1551002281.84 36.5
1551002291.86 36.5
1551002301.88 36.5
1551002311.9 36.5
1551002321.92 36.5
1551002331.94 37.0
1551002341.96 36.5
1551002351.98 36.5
1551002362.0 36.5
1551002372.02 36.5
1551002382.04 36.5
1551002392.05 37.0
1551002402.07 37.6
