1551700000.87 34.9
1551700010.89 34.3
1551700020.9 34.9
1551700030.92 34.3
1551700040.94 34.3
1551700050.95 34.9
1551700060.97 34.3
1551700070.99 34.9
1551700081.01 34.3
1551700091.03 35.4
1551700101.04 35.4
1551700111.06 34.9
1551700121.08 34.3
1551700131.1 34.9
1551700141.12 34.3
1551700151.13 34.9
1551700161.14 34.9
1551700171.16 34.9
1551700181.17 35.4
1551700191.19 34.3
1551700201.2 34.9
1551700211.22 34.3
1551700221.24 34.3
1551700231.26 34.3
1551700241.27 34.9
1551700251.28 34.9
1551700261.3 34.9
1551700271.31 34.9
1551700281.32 34.3
1551700291.34 34.3
1551700301.36 35.4
1551700311.38 34.3
1551700321.39 34.3
1551700331.41 34.3
1551700341.43 34.3
1551700351.45 34.3
1551700361.46 34.3
1551700371.48 34.3
1551700381.49 34.3
1551700391.51 34.9
1551700401.53 34.3
1551700411.54 34.9
1551700421.56 34.9
1551700431.58 34.3
1551700441.59 34.3
1551700451.61 34.3
1551700461.63 34.3
1551700471.64 34.9
1551700481.66 34.9
1551700491.68 34.3
1551700501.7 34.3
1551700511.72 34.3
1551700521.74 34.3
1551700531.76 34.3
1551700541.78 34.3
1551700551.8 34.3
1551700561.82 34.3
1551700571.85 34.3
1551700581.87 34.3
1551700591.89 34.3
1551700601.91 34.3
1551700611.93 34.3
1551700621.95 34.3
1551700631.97 34.9
1551700641.99 34.3
1551700652.01 34.3
1551700662.03 34.3
1551700672.06 34.3
1551700682.08 34.3
1551700692.1 34.3
1551700702.12 34.3
1551700712.14 33.8
1551700722.16 34.3
1551700732.18 34.3
1551700742.2 34.3
1551700752.21 34.3
1551700762.23 34.3
1551700772.26 34.3
1551700782.27 34.3
1551700792.29 34.3
1551700802.31 35.4
1551700812.33 34.3
1551700822.35 34.9
1551700832.37 34.3
1551700842.39 34.3
1551700852.41 34.3
1551700862.43 34.3
1551700872.45 34.3
1551700882.48 34.3
1551700892.5 34.9
1551700902.52 33.8
1551700912.54 34.3
1551700922.56 34.3
1551700932.58 34.9
1551700942.6 34.3
1551700952.62 34.3
1551700962.65 34.3
1551700972.67 34.3
1551700982.69 34.9
1551700992.71 34.3
1551701002.73 34.3
1551701012.75 34.3
1551701022.77 34.3
1551701032.79 34.3
1551701042.81 34.3
1551701052.83 34.3
1551701062.85 34.3
1551701072.87 34.3
1551701082.88 34.3
1551701092.9 34.3
1551701102.92 34.3
1551701112.94 33.8
1551701122.96 34.3
1551701132.98 34.3
1551701143.0 34.3
1551701153.02 34.3
1551701163.04 34.3
1551701173.06 34.3
1551701183.08 34.3
1551701193.1 34.3
1551701203.12 34.9
1551701213.14 34.3
1551701223.16 33.8
1551701233.18 34.3
1551701243.2 33.8
1551701253.23 34.3
1551701263.25 34.3
1551701273.27 34.3
1551701283.29 34.3
1551701293.3 34.3
1551701303.32 34.3
1551701313.35 34.3
1551701323.37 34.9
1551701333.39 34.3
1551701343.41 34.3
1551701353.43 34.3
1551701363.45 34.3
1551701373.47 34.3
1551701383.49 34.3
1551701393.51 34.3
1551701403.54 34.9
1551701413.56 34.3
1551701423.57 34.3
1551701433.59 34.3
1551701443.61 34.3
1551701453.63 34.3
1551701463.65 34.3
1551701473.69 34.3
1551701483.71 34.9
1551701493.73 34.3
1551701503.75 34.3
1551701513.77 34.9
1551701523.78 34.9
1551701533.8 34.3
1551701543.82 34.9
1551701553.83 34.9
1551701563.85 34.9
1551701573.87 34.9
1551701583.9 34.9
1551701593.92 34.3
1551701603.94 34.3
1551701613.96 34.9
1551701623.98 34.3
1551701634.0 34.9
1551701644.02 34.3
1551701654.04 34.3
1551701664.06 34.9
1551701674.08 34.3
1551701684.11 34.3
1551701694.13 35.4
1551701704.15 34.3
1551701714.17 34.3
1551701724.19 34.3
1551701734.21 34.3
1551701744.23 34.9
1551701754.25 34.3
1551701764.27 34.3
1551701774.29 34.3
1551701784.31 34.3
1551701794.33 34.3
1551701804.35 34.3
1551701814.37 34.3
1551701824.39 34.3
1551701834.41 34.3
1551701844.42 34.9
1551701854.44 34.3
1551701864.47 34.9
1551701874.49 34.3
1551701884.51 34.9
1551701894.53 34.3
1551701904.55 34.3
1551701914.57 34.3
1551701924.59 34.3
1551701934.61 34.3
1551701944.64 34.9
1551701954.66 34.3
1551701964.67 34.3
1551701974.69 34.3
1551701984.71 34.3
1551701994.73 34.3
1551702004.74 34.3
1551702014.75 35.4
1551702024.77 34.9
1551702034.78 34.3
1551702044.79 35.4
1551702054.81 34.3
1551702064.83 34.3
1551702074.84 34.3
1551702084.85 35.4
1551702094.87 34.9
1551702104.89 34.3
1551702114.9 34.9
1551702124.92 34.9
1551702134.94 34.3
1551702144.95 34.3
1551702154.97 34.3
1551702164.99 34.9
1551702175.0 34.3
1551702185.02 34.3
1551702195.04 34.3
1551702205.05 34.3
1551702215.07 34.3
1551702225.09 34.3
1551702235.1 34.3
1551702245.12 34.3
1551702255.14 33.8
1551702265.15 34.9
1551702275.17 34.9
1551702285.19 34.9
1551702295.21 34.9
1551702305.23 35.4
1551702315.24 34.3
1551702325.26 34.3
1551702335.28 34.3
1551702345.31 34.3
1551702355.33 34.9
1551702365.34 34.9
1551702375.36 34.3
1551702385.38 34.3
1551702395.39 34.9
1551702405.41 34.3
1551702415.43 34.3
1551702425.45 34.3
1551702435.47 34.3
1551702445.49 34.9
1551702455.51 34.9
1551702465.53 34.3
1551702475.54 34.9
1551702485.56 34.3
1551702495.58 35.4
1551702505.59 35.4
1551702515.61 34.3
1551702525.64 34.9
1551702535.66 34.3
1551702545.67 34.9
1551702555.69 34.9
1551702565.71 34.9
1551702575.73 34.3
1551702585.74 34.9
1551702595.76 34.3
1551702605.78 34.3
1551702615.8 34.3
1551702625.82 34.9
1551702635.84 34.9
1551702645.86 34.3
1551702655.88 34.3
1551702665.9 34.3
1551702675.92 34.3
1551702685.93 34.9
1551702695.96 34.3
1551702705.98 34.3
1551702715.99 34.3
1551702726.01 34.3
1551702736.03 34.3
1551702746.05 35.4
1551702756.07 34.9
1551702766.09 34.9
1551702776.11 34.9
1551702786.13 34.3
1551702796.14 34.3
1551702806.17 34.3
1551702816.19 34.3
1551702826.2 34.9
1551702836.22 34.3
1551702846.23 34.3
1551702856.25 34.3
1551702866.27 34.9
1551702876.29 34.9
1551702886.31 34.9
1551702896.33 34.3
1551702906.35 34.3
1551702916.37 34.3
1551702926.39 35.4
1551702936.41 34.3
1551702946.43 34.9
1551702956.45 35.4
1551702966.47 34.3
1551702976.49 34.9
1551702986.51 34.9
1551702996.53 34.3
1551703006.55 34.9
1551703016.57 34.3
1551703026.59 34.3
1551703036.61 34.9
1551703046.66 35.4
1551703056.68 35.4
1551703066.69 34.3
1551703076.71 34.3
1551703086.72 34.9
1551703096.74 34.3
1551703106.77 34.3
1551703116.78 34.9
1551703126.8 35.4
1551703136.82 34.9
1551703146.84 34.3
1551703156.85 34.9
1551703166.87 34.3
1551703176.89 34.9
1551703186.91 34.3
1551703196.92 34.9
1551703206.94 34.9
1551703216.96 35.4
1551703226.98 34.3
1551703237.0 34.3
1551703247.02 34.3
1551703257.04 34.9
1551703267.06 34.9
1551703277.08 34.3
1551703287.1 34.3
1551703297.11 34.3
1551703307.13 34.9
1551703317.15 34.9
1551703327.16 35.4
1551703337.17 35.4
1551703347.19 34.9
1551703357.2 35.4
1551703367.21 35.4
1551703377.23 35.4
1551703387.24 35.4
1551703397.26 34.9
1551703407.27 35.4
1551703417.29 34.9
1551703427.31 34.9
1551703437.33 34.9
1551703447.35 34.9
1551703457.37 34.9
1551703467.38 35.4
1551703477.4 34.9
1551703487.41 34.9
1551703497.43 34.9
1551703507.45 35.9
1551703517.46 35.9
1551703527.47 35.9
1551703537.49 35.4
1551703547.5 35.4
1551703557.52 35.4
1551703567.53 35.4
1551703577.55 35.4
1551703587.56 35.4
1551703597.58 35.9
1551703607.6 35.4
1551703617.62 35.4
1551703627.63 35.4
1551703637.65 35.4
1551703647.66 35.9
1551703657.67 35.9
1551703667.69 35.4
1551703677.71 35.4
1551703687.72 34.3
1551703697.74 35.4
1551703707.76 35.4
1551703717.78 35.4
1551703727.8 35.4
1551703737.82 34.9
1551703747.83 35.9
1551703757.85 35.4
1551703767.86 34.9
1551703777.88 35.4
1551703787.9 35.4
1551703797.92 35.4
1551703807.94 35.9
1551703817.96 35.4
1551703827.98 35.4
1551703838.0 35.9
1551703848.01 35.9
1551703858.03 36.5
1551703868.05 36.5
1551703878.07 35.9
1551703888.08 36.5
1551703898.1 35.9
1551703908.12 35.9
1551703918.13 36.5
1551703928.15 35.9
1551703938.17 36.5
1551703948.18 35.9
1551703958.2 35.9
1551703968.22 35.4
1551703978.24 35.9
1551703988.26 35.4
1551703998.27 36.5
1551704008.29 36.5
1551704018.31 36.5
1551704028.33 37.0
1551704038.35 37.0
1551704048.37 35.4
1551704058.38 35.9
1551704068.4 36.5
1551704078.42 35.9
1551704088.43 36.5
1551704098.45 35.9
1551704108.47 35.9
1551704118.48 35.4
1551704128.5 35.4
1551704138.51 36.5
1551704148.53 36.5
1551704158.55 36.5
1551704168.56 36.5
1551704178.57 37.0
1551704188.59 37.0
1551704198.6 36.5
1551704208.62 36.5
1551704218.64 36.5
1551704228.67 36.5
1551704238.69 35.4
1551704248.71 35.9
1551704258.73 35.9
1551704268.74 35.9
1551704278.76 36.5
1551704288.77 35.9
1551704298.79 35.9
1551704308.81 35.4
1551704318.83 35.9
1551704328.86 35.4
1551704338.88 35.4
1551704348.9 35.9
1551704358.92 35.4
1551704368.94 35.4
1551704378.96 35.4
1551704388.98 36.5
1551704399.0 37.0
