1552600006.48 48.9
1552600016.49 49.4
1552600026.51 48.9
1552600036.53 48.3
1552600046.55 48.3
1552600056.56 48.9
1552600066.58 49.4
1552600076.6 49.4
1552600086.61 48.3
1552600096.63 48.9
1552600106.64 49.4
1552600116.66 48.9
1552600126.68 49.4
1552600136.69 49.4
1552600146.71 48.3
1552600156.72 49.4
1552600166.74 49.4
1552600176.75 49.4
1552600186.76 49.9
1552600196.78 49.4
1552600206.79 49.9
1552600216.81 49.4
1552600226.82 49.4
1552600236.84 49.4
1552600246.85 49.9
1552600256.87 49.4
1552600266.9 49.4
1552600276.91 49.9
1552600286.93 49.4
1552600296.95 49.4
1552600306.96 49.4
1552600316.98 49.4
1552600326.99 49.4
1552600337.01 49.4
1552600347.02 49.9
1552600357.04 49.4
1552600367.05 49.9
1552600377.06 49.9
1552600387.08 49.9
1552600397.1 49.9
1552600407.11 49.4
1552600417.13 50.5
1552600427.15 49.4
1552600437.17 49.9
1552600447.19 50.5
1552600457.21 49.4
1552600467.22 49.4
1552600477.24 50.5
1552600487.26 50.5
1552600497.28 49.4
1552600507.29 50.5
1552600517.31 49.4
1552600527.33 49.4
1552600537.35 49.4
1552600547.37 49.4
1552600557.39 49.4
1552600567.4 49.4
1552600577.43 49.9
1552600587.45 49.9
1552600597.47 49.4
1552600607.49 49.9
1552600617.5 50.5
1552600627.52 49.4
1552600637.54 49.9
1552600647.55 50.5
1552600657.57 50.5
1552600667.58 50.5
1552600677.6 50.5
1552600687.61 50.5
1552600697.63 49.9
1552600707.64 50.5
1552600717.66 51.0
1552600727.69 50.5
1552600737.71 50.5
1552600747.73 50.5
1552600757.74 50.5
1552600767.76 49.4
1552600777.78 49.9
1552600787.79 50.5
1552600797.81 50.5
