1552300001.21 36.5
1552300011.23 36.5
1552300021.24 37.0
1552300031.26 37.0
1552300041.28 37.0
1552300051.3 36.5
1552300061.32 36.5
1552300071.34 37.6
1552300081.36 36.5
1552300091.38 36.5
1552300101.4 36.5
1552300111.42 36.5
1552300121.44 37.0
1552300131.46 37.6
1552300141.48 37.0
1552300151.5 37.0
1552300161.52 37.6
1552300171.54 37.6
1552300181.56 37.0
1552300191.58 37.6
1552300201.59 38.1
1552300211.61 38.1
1552300221.63 37.0
1552300231.65 37.0
1552300241.67 36.5
1552300251.69 37.0
1552300261.71 37.6
1552300271.73 36.5
1552300281.75 37.0
1552300291.77 37.6
1552300301.79 37.0
1552300311.81 37.0
1552300321.83 36.5
1552300331.85 36.5
1552300341.87 37.6
1552300351.89 38.1
1552300361.91 38.6
1552300371.91 37.6
1552300381.93 37.0
1552300391.95 37.6
1552300401.97 37.6
1552300411.99 37.6
1552300422.0 37.6
1552300432.02 37.6
1552300442.04 37.6
1552300452.06 37.6
1552300462.08 37.6
1552300472.1 37.6
1552300482.12 38.6
1552300492.13 38.1
1552300502.15 37.6
1552300512.17 37.0
1552300522.19 37.0
1552300532.21 37.0
1552300542.23 37.6
1552300552.24 38.1
1552300562.26 37.6
1552300572.29 36.5
1552300582.31 37.0
1552300592.33 37.6
1552300602.43 37.6
1552300612.45 37.0
1552300622.47 37.6
1552300632.48 36.5
1552300642.5 37.0
1552300652.52 37.0
1552300662.54 36.5
1552300672.56 37.0
1552300682.58 36.5
1552300692.6 36.5
1552300702.63 36.5
1552300712.65 36.5
1552300722.66 37.6
1552300732.67 37.6
1552300742.69 37.6
1552300752.7 37.6
1552300762.73 36.5
1552300772.74 36.5
1552300782.76 36.5
1552300792.78 36.5
1552300802.79 37.6
1552300812.8 38.6
1552300822.82 37.6
1552300832.85 37.0
1552300842.87 37.0
1552300852.89 37.6
1552300862.91 37.0
1552300872.92 36.5
1552300882.94 37.0
1552300892.97 37.0
1552300902.99 37.0
1552300913.01 37.0
1552300923.02 37.0
1552300933.04 36.5
1552300943.07 36.5
1552300953.08 36.5
1552300963.1 37.6
1552300973.12 37.0
1552300983.14 36.5
1552300993.16 36.5
1552301003.18 36.5
1552301013.19 36.5
1552301023.21 37.0
1552301033.23 35.9
1552301043.24 36.5
1552301053.26 37.6
1552301063.27 37.0
1552301073.3 36.5
1552301083.31 38.6
1552301093.33 37.0
1552301103.34 37.0
1552301113.36 37.0
1552301123.38 37.0
1552301133.4 37.6
1552301143.41 37.0
1552301153.43 37.6
1552301163.45 37.0
1552301173.47 37.0
1552301183.49 36.5
1552301193.52 36.5
1552301203.53 36.5
1552301213.55 37.0
1552301223.57 36.5
1552301233.58 36.5
1552301243.6 37.0
1552301253.62 37.0
1552301263.64 36.5
1552301273.66 37.0
1552301283.68 37.0
1552301293.69 37.0
1552301303.72 37.6
1552301313.73 37.0
1552301323.75 37.0
1552301333.77 36.5
1552301343.79 36.5
1552301353.81 36.5
1552301363.83 36.5
1552301373.85 36.5
1552301383.87 35.4
1552301393.89 35.4
1552301403.91 36.5
1552301413.93 36.5
1552301423.94 36.5
1552301433.97 36.5
1552301443.98 35.9
1552301453.99 35.9
1552301464.02 35.9
1552301474.04 35.9
1552301484.06 36.5
1552301494.07 36.5
1552301504.09 35.9
1552301514.1 37.0
1552301524.12 36.5
1552301534.13 37.0
1552301544.15 36.5
1552301554.17 36.5
1552301564.19 37.0
1552301574.21 36.5
1552301584.22 37.0
1552301594.24 36.5
1552301604.25 36.5
1552301614.27 37.0
1552301624.28 36.5
1552301634.29 36.5
1552301644.31 36.5
1552301654.33 36.5
1552301664.35 36.5
1552301674.37 36.5
1552301684.38 36.5
1552301694.4 36.5
1552301704.41 36.5
1552301714.43 36.5
1552301724.45 36.5
1552301734.46 36.5
1552301744.49 36.5
1552301754.51 36.5
1552301764.53 37.0
1552301774.55 36.5
1552301784.56 37.0
1552301794.57 36.5
1552301804.59 36.5
1552301814.61 36.5
1552301824.62 36.5
1552301834.63 37.6
1552301844.64 36.5
1552301854.66 37.6
1552301864.67 36.5
1552301874.69 37.6
1552301884.7 37.0
1552301894.72 36.5
1552301904.73 36.5
1552301914.75 36.5
1552301924.76 36.5
1552301934.78 37.0
1552301944.8 37.0
1552301954.82 36.5
1552301964.84 36.5
1552301974.86 36.5
1552301984.88 36.5
1552301994.89 37.6
