1552700005.57 47.8
1552700015.58 48.3
1552700025.59 47.2
1552700035.61 48.3
1552700045.62 48.3
1552700055.64 47.2
1552700065.66 47.8
1552700075.68 48.3
1552700085.69 48.3
1552700095.71 48.3
1552700105.72 48.3
1552700115.74 48.9
1552700125.75 48.9
1552700135.77 48.9
1552700145.79 47.8
1552700155.8 48.9
1552700165.82 47.8
1552700175.84 48.3
1552700185.85 48.9
1552700195.87 47.8
1552700205.89 47.8
1552700215.91 49.4
1552700225.92 48.9
1552700235.94 48.3
1552700245.95 48.3
1552700255.97 48.3
1552700265.99 48.3
1552700276.01 48.9
1552700286.02 48.3
1552700296.03 48.3
1552700306.05 48.9
1552700316.07 48.3
1552700326.08 48.9
1552700336.09 49.4
1552700346.11 49.4
1552700356.13 48.3
1552700366.14 48.9
1552700376.16 48.9
1552700386.18 49.4
1552700396.19 49.4
1552700406.21 49.4
1552700416.23 48.9
1552700426.24 49.4
1552700436.26 48.9
1552700446.28 48.3
1552700456.29 49.4
1552700466.31 48.9
1552700476.33 48.3
1552700486.34 49.4
1552700496.36 49.4
1552700506.38 48.9
1552700516.39 49.4
1552700526.41 49.4
1552700536.43 48.3
1552700546.45 48.3
1552700556.46 48.3
1552700566.49 48.3
1552700576.5 48.3
1552700586.52 48.3
1552700596.54 47.8
1552700606.56 47.8
1552700616.58 48.3
1552700626.59 48.3
1552700636.61 47.8
1552700646.62 48.3
1552700656.64 47.2
1552700666.67 48.3
1552700676.69 47.8
1552700686.71 47.2
1552700696.73 47.2
1552700706.74 48.3
1552700716.76 47.8
1552700726.78 47.8
1552700736.81 48.3
1552700746.82 48.3
1552700756.84 47.2
1552700766.85 47.8
1552700776.87 48.3
1552700786.89 47.8
1552700796.91 47.8
1552700806.93 48.3
1552700816.95 48.3
1552700826.96 47.8
1552700836.97 47.8
1552700846.99 48.3
1552700857.0 48.3
1552700867.02 47.8
1552700877.04 48.3
1552700887.06 47.8
1552700897.08 47.2
1552700907.1 47.2
1552700917.11 47.8
1552700927.13 47.8
1552700937.15 47.8
1552700947.16 47.8
1552700957.18 47.2
1552700967.19 47.2
1552700977.21 47.8
1552700987.22 47.8
1552700997.24 47.2
1552701007.26 47.8
1552701017.28 47.2
1552701027.3 47.2
1552701037.32 47.8
1552701047.34 47.2
1552701057.36 47.8
1552701067.38 47.2
1552701077.4 47.8
1552701087.42 47.2
1552701097.44 47.2
1552701107.46 47.8
1552701117.48 47.2
1552701127.49 47.8
1552701137.5 47.8
1552701147.52 46.7
1552701157.53 47.2
1552701167.55 47.8
1552701177.56 48.3
1552701187.58 47.8
1552701197.6 47.8
1552701207.61 47.8
1552701217.62 48.3
1552701227.64 47.8
1552701237.65 47.8
1552701247.67 48.3
1552701257.68 48.3
1552701267.69 48.3
1552701277.72 48.3
1552701287.73 48.3
1552701297.75 48.9
1552701307.76 48.9
1552701317.77 48.3
1552701327.79 48.3
1552701337.8 48.3
1552701347.83 48.3
1552701357.84 48.3
1552701367.85 48.9
1552701377.87 48.3
1552701387.88 48.9
1552701397.9 48.3
1552701407.91 48.3
1552701417.93 48.3
1552701427.94 48.3
1552701437.95 48.3
1552701447.97 48.3
1552701457.98 47.8
1552701468.0 47.2
1552701478.02 47.8
1552701488.04 48.3
1552701498.05 48.9
1552701508.07 47.2
1552701518.08 47.8
1552701528.1 47.2
1552701538.12 47.2
1552701548.14 47.2
1552701558.15 47.2
1552701568.17 47.2
1552701578.19 47.2
1552701588.21 47.8
1552701598.22 47.8
1552701608.23 49.4
1552701618.25 48.3
1552701628.26 47.8
1552701638.28 47.2
1552701648.3 47.2
1552701658.31 47.2
1552701668.33 47.2
1552701678.34 47.2
1552701688.36 47.2
1552701698.38 46.7
1552701708.39 47.2
1552701718.41 46.7
1552701728.43 47.8
1552701738.45 47.2
1552701748.47 47.2
1552701758.48 46.7
1552701768.5 47.2
1552701778.52 47.2
1552701788.53 47.2
1552701798.55 46.2
1552701808.56 46.7
1552701818.58 46.7
1552701828.6 47.2
1552701838.61 47.2
1552701848.63 46.7
1552701858.65 46.7
1552701868.67 46.2
1552701878.69 46.2
1552701888.71 47.2
1552701898.73 47.2
1552701908.75 46.2
1552701918.77 46.2
1552701928.79 47.2
1552701938.81 46.2
1552701948.83 46.7
1552701958.85 46.2
1552701968.87 46.7
1552701978.89 47.2
1552701988.91 46.2
1552701998.93 46.7
1552702008.95 46.2
1552702018.97 46.7
1552702028.98 47.2
1552702039.0 46.7
1552702049.02 47.2
1552702059.03 47.2
1552702069.05 47.2
1552702079.07 47.2
1552702089.09 46.2
1552702099.11 47.2
1552702109.12 47.2
1552702119.15 47.2
1552702129.16 46.7
1552702139.18 46.2
1552702149.2 46.2
1552702159.22 46.2
1552702169.24 46.2
1552702179.26 46.2
1552702189.28 46.2
1552702199.3 47.2
1552702209.32 46.2
1552702219.34 46.2
1552702229.35 46.2
1552702239.38 46.7
1552702249.4 45.6
1552702259.41 46.2
1552702269.43 46.2
1552702279.45 46.2
1552702289.46 46.2
1552702299.49 46.2
1552702309.5 46.7
1552702319.52 45.6
1552702329.54 46.2
1552702339.55 46.7
1552702349.57 47.2
1552702359.59 46.2
1552702369.61 46.2
1552702379.63 46.2
1552702389.65 45.6
1552702399.67 45.6
1552702409.69 46.2
1552702419.71 46.2
1552702429.73 46.2
1552702439.75 46.2
1552702449.76 46.2
1552702459.78 46.7
1552702469.79 46.2
1552702479.81 46.2
1552702489.83 46.7
1552702499.85 46.2
1552702509.87 46.2
1552702519.88 47.2
1552702529.91 46.2
1552702539.92 46.2
1552702549.94 46.2
1552702559.96 46.2
1552702569.98 46.2
1552702580.0 46.2
1552702590.01 45.1
1552702600.03 46.7
1552702610.04 47.2
1552702620.06 46.2
1552702630.08 46.2
1552702640.09 47.2
1552702650.11 46.2
1552702660.13 46.2
1552702670.14 46.2
1552702680.17 46.7
1552702690.18 46.2
1552702700.2 46.2
1552702710.22 46.2
1552702720.24 46.7
1552702730.25 46.2
1552702740.27 46.2
1552702750.29 47.2
1552702760.31 46.2
1552702770.32 46.2
1552702780.34 46.2
1552702790.36 46.2
1552702800.36 46.7
1552702810.38 46.2
1552702820.4 46.2
1552702830.41 46.2
1552702840.42 46.2
1552702850.44 46.2
1552702860.46 46.2
1552702870.48 45.6
1552702880.5 45.6
1552702890.52 46.2
1552702900.53 46.2
1552702910.55 46.2
1552702920.56 46.2
1552702930.59 46.2
1552702940.6 46.7
1552702950.61 46.2
1552702960.63 45.6
1552702970.64 46.2
1552702980.65 45.6
1552702990.67 45.1
1552703000.69 45.6
1552703010.71 45.6
1552703020.73 45.6
1552703030.75 45.6
1552703040.77 45.1
1552703050.79 45.6
1552703060.81 45.1
1552703070.83 45.1
1552703080.85 45.1
1552703090.87 45.1
1552703100.89 45.1
1552703110.91 45.1
1552703120.93 45.1
1552703130.94 45.1
1552703140.96 45.1
1552703150.99 45.1
1552703161.0 45.1
1552703171.02 45.1
1552703181.04 45.1
1552703191.06 45.1
1552703201.07 45.1
1552703211.09 45.1
1552703221.11 45.1
1552703231.13 45.6
1552703241.15 45.1
1552703251.16 46.2
1552703261.19 45.1
1552703271.21 45.1
1552703281.23 45.1
1552703291.25 45.1
1552703301.27 45.6
1552703311.29 45.1
1552703321.31 45.1
1552703331.33 45.1
1552703341.35 45.1
1552703351.37 45.1
1552703361.39 45.6
1552703371.4 45.1
1552703381.42 45.6
1552703391.44 45.1
1552703401.47 45.1
1552703411.49 45.1
1552703421.51 45.6
1552703431.52 46.2
1552703441.54 45.6
1552703451.57 45.1
1552703461.58 45.6
1552703471.6 45.1
1552703481.62 46.2
1552703491.64 45.6
1552703501.67 45.1
1552703511.69 45.1
1552703521.71 45.1
1552703531.74 45.1
1552703541.75 45.6
1552703551.77 45.1
1552703561.8 45.1
1552703571.81 46.2
1552703581.83 45.1
1552703591.85 45.1
1552703601.86 45.6
1552703611.88 45.6
1552703621.9 46.2
1552703631.92 45.6
1552703641.94 45.6
1552703651.96 45.1
1552703661.98 45.6
1552703672.0 45.6
1552703682.02 45.1
1552703692.04 45.1
1552703702.05 46.2
1552703712.07 45.6
1552703722.09 45.1
1552703732.11 45.1
1552703742.13 45.1
1552703752.15 45.1
1552703762.16 45.1
1552703772.18 45.1
1552703782.2 46.2
1552703792.22 46.2
1552703802.23 46.2
1552703812.25 45.1
1552703822.27 45.6
1552703832.28 46.2
1552703842.3 45.6
1552703852.32 45.6
1552703862.34 45.6
1552703872.36 46.2
1552703882.38 46.2
1552703892.39 46.2
1552703902.41 45.6
1552703912.43 45.1
1552703922.44 46.2
1552703932.45 46.2
1552703942.48 45.6
1552703952.49 45.6
1552703962.51 46.2
1552703972.53 45.6
1552703982.55 46.2
1552703992.56 46.2
1552704002.58 46.2
1552704012.61 45.6
1552704022.63 46.2
1552704032.64 46.2
1552704042.66 45.6
1552704052.68 45.1
1552704062.7 45.1
1552704072.71 45.1
1552704082.73 45.1
1552704092.74 46.2
1552704102.76 45.6
1552704112.77 45.1
1552704122.79 45.1
1552704132.81 45.1
1552704142.83 46.2
1552704152.85 45.1
1552704162.87 46.2
1552704172.89 45.1
1552704182.91 45.6
1552704192.92 46.2
1552704202.94 45.6
1552704212.96 45.6
1552704222.97 46.2
1552704232.99 45.1
1552704243.01 45.1
1552704253.04 45.6
1552704263.06 45.6
1552704273.08 45.6
1552704283.1 46.2
1552704293.13 46.2
1552704303.15 45.6
1552704313.17 45.1
1552704323.19 45.1
1552704333.2 45.1
1552704343.22 46.2
1552704353.23 46.2
1552704363.25 46.2
1552704373.27 46.2
1552704383.29 45.6
1552704393.31 45.6
1552704403.33 45.6
1552704413.34 46.2
1552704423.36 46.2
1552704433.37 46.2
1552704443.39 46.2
1552704453.4 46.7
1552704463.42 46.7
1552704473.43 45.6
1552704483.45 46.7
1552704493.46 46.2
1552704503.49 46.2
1552704513.51 45.6
1552704523.53 45.6
1552704533.55 45.6
1552704543.57 45.6
1552704553.59 46.2
1552704563.6 46.2
1552704573.62 46.2
1552704583.64 46.2
1552704593.66 45.6
1552704603.68 46.2
1552704613.69 46.2
1552704623.71 45.1
1552704633.73 46.2
1552704643.74 45.6
1552704653.76 46.2
1552704663.78 45.6
1552704673.8 45.6
1552704683.82 46.2
1552704693.84 45.1
1552704703.86 46.2
1552704713.88 46.2
1552704723.9 45.1
1552704733.92 46.2
1552704743.94 45.6
1552704753.96 46.2
1552704763.98 45.6
1552704774.0 45.1
1552704784.02 46.2
1552704794.04 45.6
1552704804.06 45.6
1552704814.07 45.6
1552704824.09 45.1
1552704834.11 46.2
1552704844.13 45.1
1552704854.15 45.1
1552704864.16 45.6
1552704874.18 46.2
1552704884.2 45.1
1552704894.21 46.2
1552704904.23 45.6
1552704914.25 45.6
1552704924.27 46.2
1552704934.29 45.1
1552704944.31 45.1
1552704954.33 45.1
1552704964.34 46.2
1552704974.36 45.6
1552704984.38 45.1
1552704994.4 46.2
1552705004.42 45.1
1552705014.44 46.2
1552705024.46 46.2
1552705034.48 46.2
1552705044.49 46.7
1552705054.51 45.6
1552705064.53 45.6
1552705074.55 46.2
1552705084.57 45.6
1552705094.59 45.6
1552705104.6 46.2
1552705114.62 46.7
1552705124.64 46.2
1552705134.66 46.2
1552705144.67 46.2
1552705154.69 47.2
1552705164.7 46.2
1552705174.73 46.7
1552705184.75 46.7
1552705194.77 47.2
