1552400007.51 47.2
1552400017.53 47.2
1552400027.55 47.8
1552400037.57 47.8
1552400047.59 47.8
1552400057.6 47.2
1552400067.62 47.2
1552400077.64 47.2
1552400087.65 47.8
1552400097.67 47.8
1552400107.69 48.3
1552400117.71 47.8
1552400127.73 47.8
1552400137.74 47.2
1552400147.76 47.2
1552400157.78 46.7
1552400167.79 47.8
1552400177.81 47.2
1552400187.83 47.8
1552400197.84 47.2
1552400207.85 48.3
1552400217.87 47.2
1552400227.88 47.8
1552400237.9 47.2
1552400247.92 47.2
1552400257.94 47.2
1552400267.95 47.8
1552400277.97 47.2
1552400287.99 47.8
1552400298.0 47.2
1552400308.02 47.2
1552400318.03 47.2
1552400328.05 47.8
1552400338.07 47.2
1552400348.09 47.8
1552400358.1 47.2
1552400368.12 47.2
1552400378.13 46.7
1552400388.15 47.8
1552400398.17 47.2
1552400408.18 47.2
1552400418.2 46.7
1552400428.22 47.2
1552400438.23 47.8
1552400448.25 47.2
1552400458.27 47.2
1552400468.29 47.2
1552400478.3 47.2
1552400488.32 47.2
1552400498.34 47.2
1552400508.36 46.7
1552400518.38 47.2
1552400528.39 47.2
1552400538.41 47.2
1552400548.43 47.2
1552400558.44 47.2
1552400568.46 47.2
1552400578.48 47.2
1552400588.5 47.2
1552400598.5 47.2
1552400608.52 46.7
1552400618.54 46.7
1552400628.56 46.7
1552400638.57 47.2
1552400648.59 47.2
1552400658.61 47.2
1552400668.62 47.2
1552400678.64 46.2
1552400688.66 47.8
1552400698.68 46.2
1552400708.7 47.2
1552400718.71 47.2
1552400728.73 47.2
1552400738.74 47.2
1552400748.75 47.2
1552400758.77 46.2
1552400768.79 47.2
1552400778.81 46.2
1552400788.82 47.2
1552400798.84 46.7
1552400808.86 46.2
1552400818.87 46.2
1552400828.89 47.2
1552400838.91 46.7
1552400848.93 46.7
1552400858.95 46.2
1552400868.97 46.7
1552400878.99 47.2
1552400889.01 47.2
1552400899.02 47.2
1552400909.03 47.2
1552400919.05 47.2
1552400929.07 47.2
1552400939.09 47.2
1552400949.1 47.8
1552400959.12 47.2
1552400969.13 47.2
1552400979.15 46.7
1552400989.16 46.7
1552400999.17 47.2
1552401009.18 46.7
1552401019.2 47.2
1552401029.22 46.2
1552401039.24 46.2
1552401049.26 46.2
1552401059.27 46.2
1552401069.29 46.2
1552401079.31 46.2
1552401089.32 46.2
1552401099.33 46.2
1552401109.34 46.2
1552401119.36 45.6
1552401129.38 46.2
1552401139.4 46.2
1552401149.42 45.1
1552401159.44 46.7
1552401169.46 45.1
1552401179.48 45.6
1552401189.5 45.1
1552401199.52 45.1
1552401209.54 45.1
1552401219.56 45.1
1552401229.57 45.6
1552401239.59 45.1
1552401249.61 45.1
1552401259.63 45.6
1552401269.64 46.2
1552401279.66 45.1
1552401289.68 46.2
1552401299.7 45.1
1552401309.72 46.2
1552401319.74 45.1
1552401329.76 46.2
1552401339.77 46.2
1552401349.79 45.6
1552401359.81 46.2
1552401369.83 45.1
1552401379.85 46.2
1552401389.87 46.2
1552401399.88 46.2
1552401409.89 45.1
1552401419.9 46.2
1552401429.92 47.2
1552401439.94 46.2
1552401449.95 46.2
1552401459.97 46.2
1552401469.98 46.2
1552401480.0 46.2
1552401490.02 46.2
1552401500.04 46.2
1552401510.06 46.7
1552401520.07 46.2
1552401530.09 46.2
1552401540.11 46.2
1552401550.12 46.7
1552401560.14 46.2
1552401570.16 46.2
1552401580.17 46.2
1552401590.18 46.2
1552401600.2 46.7
1552401610.22 46.2
1552401620.24 46.2
1552401630.26 46.2
1552401640.28 46.2
1552401650.3 45.6
1552401660.32 46.2
1552401670.33 46.2
1552401680.35 45.1
1552401690.37 46.2
1552401700.39 46.2
1552401710.4 46.2
1552401720.42 46.2
1552401730.43 45.6
1552401740.45 46.2
1552401750.47 45.6
1552401760.49 45.6
1552401770.51 46.2
1552401780.53 45.1
1552401790.54 45.6
1552401800.56 45.6
1552401810.58 45.1
1552401820.6 45.6
1552401830.62 46.2
1552401840.63 45.6
1552401850.64 45.6
1552401860.66 45.6
1552401870.67 45.6
1552401880.68 45.6
1552401890.7 45.1
1552401900.72 46.2
1552401910.74 46.2
1552401920.75 46.2
1552401930.78 46.2
1552401940.79 45.6
1552401950.81 45.1
1552401960.83 45.6
1552401970.85 45.6
1552401980.87 45.1
1552401990.89 45.1
1552402000.91 45.1
1552402010.92 45.6
1552402020.94 45.6
1552402030.96 45.1
1552402040.98 45.6
1552402050.99 45.6
1552402061.0 45.6
1552402071.02 46.2
1552402081.04 46.2
1552402091.06 45.1
1552402101.08 45.6
1552402111.09 45.6
1552402121.11 46.2
1552402131.12 45.1
1552402141.14 45.6
1552402151.16 45.1
1552402161.18 45.1
1552402171.2 45.6
1552402181.21 45.6
1552402191.23 45.1
1552402201.24 46.2
1552402211.26 46.2
1552402221.27 46.2
1552402231.29 45.1
1552402241.31 46.2
1552402251.32 46.2
1552402261.34 45.1
1552402271.36 45.6
1552402281.38 45.1
1552402291.39 45.1
1552402301.41 45.1
1552402311.43 45.1
1552402321.45 45.1
1552402331.46 45.1
1552402341.48 45.1
1552402351.5 45.1
1552402361.52 45.6
1552402371.53 45.1
1552402381.55 45.1
1552402391.57 44.5
1552402401.59 45.1
1552402411.61 44.5
1552402421.63 45.1
1552402431.64 45.1
1552402441.66 45.6
1552402451.68 45.1
1552402461.69 45.1
1552402471.71 45.1
1552402481.72 45.1
1552402491.74 45.1
1552402501.76 45.1
1552402511.77 44.5
1552402521.79 45.1
1552402531.82 45.1
1552402541.83 45.1
1552402551.85 45.1
1552402561.87 44.0
1552402571.88 45.1
1552402581.91 45.1
1552402591.94 45.1
1552402601.96 44.5
1552402611.97 45.1
1552402621.99 45.6
1552402632.01 45.1
1552402642.03 45.1
1552402652.05 45.1
1552402662.07 44.0
1552402672.09 45.1
1552402682.11 45.1
1552402692.13 45.1
1552402702.14 45.1
1552402712.16 45.1
1552402722.18 45.1
1552402732.2 45.1
1552402742.22 45.1
1552402752.23 45.1
1552402762.25 45.6
1552402772.27 45.1
1552402782.29 45.1
1552402792.31 45.1
1552402802.34 45.1
