1552900009.35 30.0
1552900019.36 31.1
1552900029.39 30.0
1552900039.4 30.6
1552900049.42 31.1
1552900059.44 30.0
1552900069.46 30.6
1552900079.48 31.1
1552900089.5 30.6
1552900099.52 30.6
1552900109.53 30.6
1552900119.55 30.6
1552900129.56 30.6
1552900139.59 30.6
1552900149.6 31.1
1552900159.62 31.1
1552900169.64 30.6
1552900179.66 30.0
1552900189.68 30.0
1552900199.7 31.1
1552900209.72 30.6
1552900219.74 30.0
1552900229.75 30.6
1552900239.77 30.0
1552900249.79 30.6
1552900259.81 30.6
1552900269.83 30.6
1552900279.85 30.0
1552900289.87 30.0
1552900299.89 30.6
1552900309.91 30.0
1552900319.93 30.0
1552900329.95 30.0
1552900339.97 30.0
1552900349.99 30.6
1552900360.01 30.6
1552900370.03 29.5
1552900380.05 30.6
1552900390.07 30.0
1552900400.09 30.0
1552900410.11 30.0
1552900420.13 30.0
1552900430.15 30.0
1552900440.17 30.0
1552900450.19 30.6
1552900460.2 30.6
1552900470.22 30.6
1552900480.24 31.1
1552900490.26 31.6
1552900500.27 31.1
1552900510.28 31.1
1552900520.31 31.1
1552900530.32 30.6
1552900540.34 31.1
1552900550.35 31.1
1552900560.37 30.6
1552900570.39 30.6
1552900580.41 31.1
1552900590.42 32.2
1552900600.44 30.6
1552900610.45 31.1
1552900620.47 31.1
1552900630.48 30.6
1552900640.5 30.6
1552900650.52 31.1
1552900660.54 30.6
1552900670.55 31.1
1552900680.57 31.1
1552900690.58 31.1
1552900700.6 30.0
1552900710.62 30.6
1552900720.63 30.6
1552900730.65 30.6
1552900740.67 30.0
1552900750.69 30.6
1552900760.71 30.6
1552900770.72 31.1
1552900780.74 31.1
1552900790.75 31.1
1552900800.77 30.6
1552900810.78 31.1
1552900820.8 31.1
1552900830.82 31.1
1552900840.84 30.0
1552900850.87 30.6
1552900860.89 30.6
1552900870.9 31.1
1552900880.92 30.6
1552900890.95 30.0
1552900900.97 30.6
1552900911.0 31.1
1552900921.02 30.0
1552900931.04 30.6
1552900941.05 30.6
1552900951.07 30.6
1552900961.08 31.1
1552900971.1 31.1
1552900981.12 30.0
1552900991.14 30.6
1552901001.16 30.0
1552901011.18 30.0
1552901021.2 30.6
1552901031.22 30.0
1552901041.24 30.0
1552901051.26 30.6
1552901061.28 30.0
1552901071.3 30.6
1552901081.32 30.0
1552901091.34 30.0
1552901101.36 30.0
1552901111.38 30.0
1552901121.39 30.6
1552901131.42 30.0
1552901141.43 30.6
1552901151.45 30.6
1552901161.46 30.6
1552901171.49 30.0
1552901181.5 30.0
1552901191.52 30.6
1552901201.54 31.1
1552901211.56 31.1
1552901221.58 30.6
1552901231.59 30.6
1552901241.6 31.1
1552901251.62 30.6
1552901261.64 30.6
1552901271.65 31.1
1552901281.67 30.6
1552901291.69 30.0
1552901301.71 30.6
1552901311.73 30.6
1552901321.75 30.0
1552901331.77 30.6
1552901341.79 30.0
1552901351.81 30.0
1552901361.83 29.5
1552901371.84 30.0
1552901381.86 30.0
1552901391.87 30.6
1552901401.89 30.0
1552901411.91 30.0
1552901421.92 30.6
1552901431.93 30.0
1552901441.95 30.0
1552901451.97 29.5
1552901461.99 30.0
1552901472.0 30.0
1552901482.02 30.0
1552901492.04 30.0
1552901502.06 30.0
1552901512.07 30.0
1552901522.09 30.0
1552901532.1 30.0
1552901542.12 30.0
1552901552.13 30.6
1552901562.15 30.6
1552901572.17 30.6
1552901582.19 30.0
1552901592.21 30.0
1552901602.22 30.0
1552901612.24 30.0
1552901622.25 30.6
1552901632.27 30.6
1552901642.29 30.0
1552901652.3 30.6
1552901662.31 30.6
1552901672.33 31.1
1552901682.34 30.0
1552901692.36 30.6
1552901702.38 30.6
1552901712.4 30.0
1552901722.41 30.0
1552901732.43 30.6
1552901742.44 30.6
1552901752.46 30.6
1552901762.48 30.6
1552901772.5 31.1
1552901782.51 30.6
1552901792.53 30.0
1552901802.55 30.0
1552901812.57 30.0
1552901822.59 30.0
1552901832.6 30.6
1552901842.62 30.6
1552901852.64 31.1
1552901862.66 31.1
1552901872.68 30.0
1552901882.7 31.1
1552901892.72 30.0
1552901902.74 30.6
1552901912.75 30.6
1552901922.78 30.6
1552901932.8 30.6
1552901942.81 31.1
1552901952.83 30.0
1552901962.85 30.6
1552901972.87 30.6
1552901982.89 30.0
1552901992.91 31.1
1552902002.93 30.6
1552902012.95 30.6
1552902022.97 30.6
1552902033.0 30.6
1552902043.02 30.6
1552902053.04 30.0
1552902063.06 30.6
1552902073.07 30.6
1552902083.09 30.0
1552902093.12 30.6
1552902103.14 31.1
1552902113.15 31.1
1552902123.17 31.1
1552902133.18 30.0
1552902143.2 30.6
1552902153.22 31.1
1552902163.24 30.0
1552902173.26 30.0
1552902183.28 30.0
1552902193.31 30.0
1552902203.33 30.0
1552902213.34 30.0
1552902223.36 30.0
1552902233.38 30.6
1552902243.4 30.6
1552902253.42 31.1
1552902263.43 31.1
1552902273.45 30.6
1552902283.47 30.6
1552902293.48 31.1
1552902303.5 30.6
1552902313.52 31.1
1552902323.53 31.1
1552902333.55 30.6
1552902343.57 30.6
1552902353.6 30.0
1552902363.61 31.1
1552902373.63 30.6
1552902383.65 31.6
1552902393.68 31.1
1552902403.7 31.1
1552902413.72 31.1
1552902423.73 31.1
1552902433.75 31.1
1552902443.77 31.1
1552902453.79 30.6
1552902463.8 31.1
1552902473.81 31.1
1552902483.82 31.6
1552902493.84 31.1
1552902503.85 31.1
1552902513.87 31.1
1552902523.89 30.6
1552902533.91 32.2
1552902543.92 32.2
1552902553.94 31.1
1552902563.96 32.2
1552902573.98 32.2
1552902583.99 32.2
1552902594.01 31.1
1552902604.04 31.1
1552902614.05 32.2
1552902624.07 32.2
1552902634.08 32.2
1552902644.1 32.2
1552902654.11 32.2
1552902664.13 31.6
1552902674.15 32.2
1552902684.17 31.1
1552902694.19 31.6
1552902704.22 31.1
1552902714.24 31.6
1552902724.26 32.2
1552902734.27 32.2
1552902744.29 31.1
1552902754.31 32.2
1552902764.33 31.1
1552902774.35 31.1
1552902784.36 32.2
1552902794.38 32.2
1552902804.4 32.2
1552902814.42 31.6
1552902824.43 31.1
1552902834.45 31.1
1552902844.48 31.1
1552902854.49 32.2
1552902864.51 31.1
1552902874.53 31.1
1552902884.55 32.2
1552902894.57 31.6
1552902904.59 32.2
1552902914.61 31.6
1552902924.63 31.6
1552902934.65 31.1
1552902944.67 32.2
1552902954.68 32.2
1552902964.7 31.1
1552902974.72 31.1
1552902984.74 31.6
1552902994.76 31.1
1552903004.78 31.6
1552903014.8 31.1
1552903024.82 31.6
1552903034.84 31.1
1552903044.86 31.1
1552903054.87 32.2
1552903064.9 31.1
1552903074.92 31.1
1552903084.94 31.1
1552903094.96 31.6
1552903104.98 32.2
1552903115.0 31.1
1552903125.02 31.1
1552903135.03 32.2
1552903145.04 31.1
1552903155.07 31.6
1552903165.08 31.6
1552903175.1 32.2
1552903185.12 31.6
1552903195.14 32.2
1552903205.16 33.2
1552903215.19 32.7
1552903225.21 32.2
1552903235.22 32.2
1552903245.24 32.2
1552903255.26 32.7
1552903265.28 31.6
1552903275.29 32.2
1552903285.31 32.2
1552903295.33 32.2
1552903305.35 32.2
1552903315.36 32.2
1552903325.38 31.6
1552903335.39 32.2
1552903345.41 32.2
1552903355.42 32.2
1552903365.44 32.7
1552903375.47 32.2
1552903385.48 32.2
1552903395.5 31.6
1552903405.52 32.2
1552903415.54 32.2
1552903425.56 32.2
1552903435.57 32.7
1552903445.58 32.7
1552903455.6 31.6
1552903465.62 32.2
1552903475.63 32.7
1552903485.65 32.2
1552903495.67 32.2
1552903505.68 32.7
1552903515.7 32.7
1552903525.72 32.2
1552903535.74 32.2
1552903545.76 32.2
1552903555.77 32.2
1552903565.79 32.7
1552903575.81 31.6
1552903585.83 31.6
1552903595.84 32.2
1552903605.86 32.2
1552903615.88 32.2
1552903625.89 32.7
1552903635.91 32.7
1552903645.93 32.2
1552903655.95 32.2
1552903665.98 31.6
1552903675.99 32.2
1552903686.01 32.2
1552903696.03 32.2
1552903706.05 31.1
1552903716.07 32.2
1552903726.08 32.2
1552903736.1 31.6
1552903746.12 32.2
1552903756.13 32.2
1552903766.15 32.2
1552903776.17 31.6
1552903786.18 32.2
1552903796.2 31.1
1552903806.22 31.1
1552903816.24 31.1
1552903826.26 30.6
1552903836.28 31.6
1552903846.3 31.6
1552903856.31 32.2
1552903866.33 31.6
1552903876.35 31.1
1552903886.37 31.1
1552903896.39 31.1
1552903906.41 31.6
1552903916.43 31.1
1552903926.45 31.1
1552903936.47 30.6
1552903946.49 31.1
1552903956.51 31.1
1552903966.52 30.6
1552903976.54 31.1
1552903986.56 31.1
1552903996.58 31.1
1552904006.6 30.6
1552904016.62 30.6
1552904026.64 30.6
1552904036.66 31.1
1552904046.68 30.6
1552904056.7 31.1
1552904066.72 30.6
1552904076.74 30.0
1552904086.76 30.6
1552904096.78 30.0
1552904106.8 30.6
1552904116.81 30.6
1552904126.83 30.0
1552904136.85 31.1
1552904146.87 31.1
1552904156.89 31.1
1552904166.9 30.6
1552904176.92 30.6
1552904186.95 30.0
1552904196.97 30.0
1552904206.99 30.0
1552904217.0 31.1
1552904227.02 30.6
1552904237.04 30.6
1552904247.06 30.6
1552904257.07 31.1
1552904267.08 30.0
1552904277.1 30.0
1552904287.13 30.6
1552904297.15 30.6
1552904307.17 30.0
1552904317.19 30.0
1552904327.2 31.1
1552904337.22 31.1
1552904347.24 31.1
1552904357.26 30.0
1552904367.28 30.0
1552904377.3 30.0
1552904387.32 30.0
1552904397.34 30.0
1552904407.37 30.6
1552904417.39 31.6
1552904427.41 31.1
1552904437.43 30.6
1552904447.45 31.1
1552904457.46 30.6
1552904467.48 31.1
1552904477.5 31.1
1552904487.51 31.1
1552904497.53 31.6
1552904507.55 32.2
1552904517.57 31.1
1552904527.59 31.6
1552904537.6 31.1
1552904547.62 31.6
1552904557.63 31.1
1552904567.65 31.1
1552904577.67 31.1
1552904587.68 31.1
1552904597.71 31.1
1552904607.73 31.1
1552904617.74 31.1
1552904627.76 31.1
1552904637.78 32.2
1552904647.79 31.6
1552904657.8 32.7
1552904667.83 32.2
1552904677.84 31.6
1552904687.86 32.2
1552904697.87 31.6
1552904707.89 33.2
1552904717.91 32.2
1552904727.92 32.2
1552904737.94 32.2
1552904747.96 32.2
1552904757.97 32.2
1552904767.99 32.2
1552904778.01 32.7
1552904788.02 32.2
1552904798.04 32.2
1552904808.06 32.7
1552904818.08 32.2
1552904828.1 32.2
1552904838.12 32.2
1552904848.14 32.7
1552904858.15 32.2
1552904868.17 32.7
1552904878.18 32.2
1552904888.2 32.2
1552904898.22 32.7
1552904908.23 32.2
1552904918.25 32.2
1552904928.27 32.7
1552904938.28 33.2
1552904948.29 32.7
1552904958.3 32.2
1552904968.31 32.2
1552904978.33 32.7
1552904988.35 32.2
1552904998.37 32.2
1552905008.39 32.2
1552905018.41 32.2
1552905028.43 32.2
1552905038.45 32.2
1552905048.47 32.2
1552905058.49 31.6
1552905068.5 32.2
1552905078.51 32.2
1552905088.53 31.1
1552905098.54 32.2
1552905108.56 31.1
1552905118.57 32.2
1552905128.59 31.6
1552905138.61 31.1
1552905148.63 31.6
1552905158.64 31.1
1552905168.67 31.6
1552905178.68 32.2
1552905188.7 31.6
1552905198.73 31.6
1552905208.74 32.2
1552905218.76 31.6
1552905228.78 32.2
1552905238.8 31.6
1552905248.82 32.2
1552905258.83 32.2
1552905268.85 31.1
1552905278.86 32.7
1552905288.88 32.2
1552905298.9 32.2
1552905308.92 32.2
1552905318.94 32.2
1552905328.96 31.1
1552905338.98 32.2
1552905349.0 32.2
1552905359.02 32.2
1552905369.03 32.7
1552905379.05 32.7
1552905389.06 32.2
1552905399.08 32.7
1552905409.1 32.2
1552905419.12 32.7
1552905429.14 32.2
1552905439.16 32.2
1552905449.18 32.2
1552905459.2 32.2
1552905469.22 32.2
1552905479.23 32.7
1552905489.25 32.7
1552905499.27 32.2
1552905509.29 32.2
1552905519.31 32.2
1552905529.33 32.2
1552905539.35 32.2
1552905549.36 32.7
1552905559.38 32.2
1552905569.4 32.2
1552905579.42 32.2
1552905589.44 32.2
1552905599.45 31.6
1552905609.47 32.2
1552905619.49 32.2
1552905629.51 32.2
1552905639.52 32.2
1552905649.53 32.2
1552905659.54 32.2
1552905669.55 32.2
1552905679.57 32.2
1552905689.59 32.2
1552905699.61 32.2
1552905709.63 31.1
1552905719.66 32.2
1552905729.67 32.2
1552905739.69 31.6
1552905749.71 32.2
1552905759.73 32.2
1552905769.75 31.1
1552905779.77 32.7
1552905789.79 32.2
1552905799.81 31.6
1552905809.83 31.1
1552905819.84 31.1
1552905829.86 31.1
1552905839.88 32.7
1552905849.9 31.1
1552905859.92 31.1
1552905869.93 32.2
1552905879.95 32.2
1552905889.97 31.1
1552905899.99 31.6
1552905910.01 31.1
1552905920.03 31.1
1552905930.04 31.1
1552905940.06 31.1
1552905950.08 31.1
1552905960.09 31.1
1552905970.1 32.2
1552905980.12 31.6
1552905990.14 31.1
1552906000.16 31.1
1552906010.18 30.6
1552906020.2 32.2
1552906030.22 30.6
1552906040.24 31.1
1552906050.26 31.1
1552906060.28 30.6
1552906070.3 30.6
1552906080.33 30.6
1552906090.34 31.1
1552906100.35 31.1
1552906110.36 31.6
1552906120.38 31.1
1552906130.4 31.1
1552906140.42 31.1
1552906150.44 31.1
1552906160.46 30.6
1552906170.49 31.1
1552906180.51 31.1
1552906190.52 32.2
1552906200.54 31.6
1552906210.56 31.6
1552906220.58 32.2
1552906230.59 31.6
1552906240.6 31.1
1552906250.62 31.6
1552906260.64 31.1
1552906270.66 32.2
1552906280.68 32.2
1552906290.69 32.2
1552906300.72 31.1
1552906310.73 31.1
1552906320.75 31.1
1552906330.77 31.1
1552906340.79 32.2
1552906350.81 31.1
1552906360.83 31.1
1552906370.85 31.1
1552906380.87 30.6
1552906390.89 32.2
1552906400.91 31.1
1552906410.93 30.6
1552906420.96 30.6
1552906430.97 31.1
1552906440.99 31.1
1552906451.01 31.1
1552906461.02 30.6
1552906471.04 31.1
1552906481.06 30.6
1552906491.08 31.1
1552906501.09 31.1
1552906511.11 30.6
1552906521.13 31.6
1552906531.14 31.1
1552906541.16 31.1
1552906551.18 31.6
1552906561.2 31.1
1552906571.22 31.6
1552906581.24 31.1
1552906591.26 31.6
1552906601.28 31.1
1552906611.3 30.6
1552906621.32 31.1
1552906631.34 31.1
1552906641.37 31.1
1552906651.39 31.6
1552906661.41 31.6
1552906671.42 31.6
1552906681.45 31.1
1552906691.46 32.2
1552906701.48 31.6
1552906711.5 31.1
1552906721.52 31.1
1552906731.54 31.1
1552906741.56 31.6
1552906751.58 31.1
1552906761.6 31.1
1552906771.62 31.1
1552906781.64 31.6
1552906791.66 31.1
1552906801.68 31.1
1552906811.69 32.2
1552906821.7 31.1
1552906831.72 32.2
1552906841.74 32.2
1552906851.76 31.1
1552906861.77 32.2
1552906871.79 32.7
1552906881.81 31.6
1552906891.83 31.6
1552906901.84 32.2
1552906911.86 31.1
1552906921.87 32.2
1552906931.89 32.2
1552906941.91 32.2
1552906951.92 31.1
1552906961.94 31.6
1552906971.96 31.1
1552906981.98 32.2
1552906992.0 32.2
1552907002.02 32.2
1552907012.03 32.2
1552907022.05 32.2
1552907032.07 32.2
1552907042.09 32.7
1552907052.1 32.2
1552907062.12 32.2
1552907072.13 31.6
1552907082.15 32.2
1552907092.17 32.7
1552907102.19 32.7
1552907112.22 32.7
1552907122.24 32.2
1552907132.26 32.7
1552907142.27 32.7
1552907152.29 32.2
1552907162.31 32.2
1552907172.33 32.2
1552907182.35 32.2
1552907192.36 32.2
1552907202.37 32.2
1552907212.38 32.2
1552907222.4 32.2
1552907232.41 31.6
1552907242.43 31.6
1552907252.44 32.7
1552907262.47 31.1
1552907272.49 32.2
1552907282.51 31.6
1552907292.53 31.6
1552907302.55 32.2
1552907312.58 31.1
1552907322.6 32.2
1552907332.62 32.2
1552907342.63 31.1
1552907352.66 31.6
1552907362.67 31.6
1552907372.69 31.1
1552907382.71 32.2
1552907392.73 31.1
1552907402.75 31.1
1552907412.77 32.2
1552907422.8 31.1
1552907432.81 31.6
1552907442.83 32.2
1552907452.84 32.2
1552907462.86 31.1
1552907472.88 31.1
1552907482.9 31.1
1552907492.92 31.1
1552907502.94 31.1
1552907512.95 30.6
1552907522.97 31.1
1552907532.99 31.1
1552907543.01 31.6
1552907553.03 31.1
1552907563.05 31.1
1552907573.06 31.1
1552907583.08 31.1
1552907593.09 32.2
1552907603.1 31.1
1552907613.13 31.6
1552907623.14 31.1
1552907633.16 31.1
1552907643.18 31.6
1552907653.19 32.2
1552907663.21 31.1
1552907673.23 31.1
1552907683.25 31.1
1552907693.27 31.1
1552907703.28 31.1
1552907713.3 31.6
1552907723.32 31.6
1552907733.34 32.2
1552907743.36 31.6
1552907753.37 31.1
1552907763.39 31.6
1552907773.42 31.1
1552907783.44 31.1
1552907793.45 31.1
1552907803.47 31.6
1552907813.49 31.1
1552907823.52 31.1
1552907833.54 32.2
1552907843.55 32.2
1552907853.56 31.1
1552907863.58 31.1
1552907873.6 32.2
1552907883.62 31.6
1552907893.63 31.1
1552907903.65 32.2
1552907913.67 32.2
1552907923.69 32.2
1552907933.71 31.1
1552907943.78 32.2
1552907953.79 32.2
1552907963.81 32.2
1552907973.83 32.2
1552907983.85 32.2
1552907993.87 32.2
1552908003.89 32.2
1552908013.91 31.1
1552908023.93 32.2
1552908033.95 32.2
1552908043.96 32.7
1552908053.98 32.2
1552908064.0 32.2
1552908074.02 32.2
1552908084.04 32.7
1552908094.06 32.2
1552908104.08 32.2
1552908114.1 33.2
1552908124.11 32.7
1552908134.12 32.2
1552908144.13 33.2
1552908154.15 32.7
1552908164.17 32.7
1552908174.19 32.7
1552908184.2 33.2
1552908194.22 32.7
1552908204.24 32.7
1552908214.25 32.7
1552908224.27 32.7
1552908234.29 32.7
1552908244.31 33.2
1552908254.33 32.2
1552908264.34 32.7
1552908274.36 32.7
1552908284.38 32.2
1552908294.39 32.2
1552908304.41 32.2
1552908314.43 32.7
1552908324.45 32.2
1552908334.47 33.2
1552908344.48 33.2
1552908354.5 32.7
1552908364.52 32.2
1552908374.54 32.2
1552908384.56 32.7
1552908394.58 32.2
1552908404.61 32.7
1552908414.62 32.2
1552908424.64 32.2
1552908434.66 32.2
1552908444.68 33.2
1552908454.7 33.2
1552908464.72 32.7
1552908474.75 33.2
1552908484.77 33.2
1552908494.78 33.2
1552908504.8 33.2
1552908514.81 33.2
1552908524.83 33.2
1552908534.84 32.2
1552908544.86 33.2
1552908554.87 33.2
1552908564.88 33.2
1552908574.89 32.7
1552908584.93 33.2
1552908594.94 33.8
1552908604.97 33.2
1552908615.0 33.2
1552908625.02 32.2
1552908635.04 32.2
1552908645.05 32.7
1552908655.07 33.2
1552908665.09 33.2
1552908675.11 33.2
1552908685.13 33.2
1552908695.15 32.7
1552908705.16 33.8
1552908715.18 33.8
1552908725.2 33.8
1552908735.22 33.2
1552908745.23 33.8
1552908755.24 33.8
1552908765.26 33.2
1552908775.27 33.8
1552908785.29 33.2
1552908795.32 33.8
1552908805.33 33.2
1552908815.35 33.2
1552908825.37 34.3
1552908835.39 32.2
1552908845.41 33.2
1552908855.42 33.2
1552908865.44 33.2
1552908875.46 32.2
1552908885.48 33.2
1552908895.5 33.2
1552908905.51 32.7
1552908915.53 32.7
1552908925.55 32.2
1552908935.57 32.7
1552908945.59 32.7
1552908955.61 32.2
1552908965.63 32.2
1552908975.64 33.2
1552908985.67 32.2
1552908995.69 32.7
1552909005.71 33.2
1552909015.72 33.8
1552909025.74 33.2
1552909035.76 32.2
1552909045.78 33.2
1552909055.8 32.2
1552909065.82 33.2
1552909075.83 32.7
1552909085.85 33.2
1552909095.86 33.2
1552909105.88 33.2
1552909115.89 33.8
1552909125.91 33.8
1552909135.92 33.8
1552909145.94 34.3
1552909155.96 33.2
1552909165.98 34.3
1552909175.99 33.8
1552909186.01 33.2
1552909196.02 33.2
1552909206.04 33.2
1552909216.06 33.2
1552909226.07 33.2
1552909236.1 33.8
1552909246.11 33.8
1552909256.12 33.2
1552909266.14 34.3
1552909276.16 34.3
1552909286.17 34.3
1552909296.19 33.8
1552909306.21 34.3
1552909316.23 34.3
1552909326.24 34.3
1552909336.25 34.3
1552909346.27 34.3
1552909356.29 34.3
1552909366.31 34.3
1552909376.33 33.8
1552909386.34 34.3
1552909396.36 34.3
1552909406.37 34.9
1552909416.38 34.9
1552909426.4 34.3
1552909436.42 34.3
1552909446.44 34.3
1552909456.45 34.3
1552909466.47 34.3
1552909476.49 34.3
1552909486.5 35.4
1552909496.52 33.8
1552909506.55 34.3
1552909516.56 34.9
1552909526.57 34.9
1552909536.58 34.3
1552909546.6 34.9
1552909556.62 35.4
1552909566.63 35.4
1552909576.65 34.9
1552909586.67 34.9
1552909596.69 35.4
1552909606.71 35.4
1552909616.73 34.9
1552909626.75 34.3
1552909636.77 34.3
1552909646.78 35.4
1552909656.79 34.3
1552909666.81 34.3
1552909676.83 34.3
1552909686.85 34.9
1552909696.87 34.3
1552909706.89 34.3
1552909716.91 34.3
1552909726.94 34.3
1552909736.95 34.3
1552909746.96 35.4
1552909756.97 35.9
1552909766.98 34.9
1552909777.0 34.3
1552909787.02 34.9
1552909797.03 34.9
1552909807.05 34.9
1552909817.07 33.8
1552909827.08 35.4
1552909837.09 34.3
1552909847.12 34.9
1552909857.13 34.9
1552909867.15 34.9
1552909877.16 34.9
1552909887.18 34.9
1552909897.2 34.3
1552909907.23 34.9
1552909917.24 35.4
1552909927.25 35.4
1552909937.27 34.3
1552909947.29 34.3
1552909957.31 35.4
1552909967.33 34.9
1552909977.35 34.9
1552909987.37 35.4
1552909997.38 35.4
1552910007.4 35.4
1552910017.42 35.4
1552910027.44 34.9
1552910037.46 35.9
1552910047.48 35.4
1552910057.5 34.9
1552910067.52 35.4
1552910077.54 35.4
1552910087.56 35.9
1552910097.58 35.9
1552910107.59 35.4
1552910117.62 35.4
1552910127.63 36.5
1552910137.65 35.4
1552910147.66 35.4
1552910157.68 35.9
1552910167.7 35.4
1552910177.72 35.4
1552910187.73 35.9
1552910197.75 35.4
1552910207.77 36.5
1552910217.78 36.5
1552910227.79 36.5
1552910237.81 35.9
1552910247.82 35.9
1552910257.84 36.5
1552910267.86 35.9
1552910277.87 37.0
1552910287.89 37.0
1552910297.91 35.9
1552910307.92 36.5
1552910317.94 36.5
1552910327.96 37.0
1552910337.98 36.5
1552910347.99 36.5
1552910358.01 36.5
1552910368.03 36.5
1552910378.06 36.5
1552910388.07 36.5
1552910398.08 36.5
