1552500005.48 53.2
1552500015.49 53.2
1552500025.51 52.6
1552500035.53 53.2
1552500045.54 53.7
1552500055.56 53.2
1552500065.57 52.6
1552500075.59 52.6
1552500085.6 52.6
1552500095.63 52.1
1552500105.65 52.6
1552500115.66 52.6
1552500125.68 52.6
1552500135.69 52.1
1552500145.71 52.1
1552500155.72 53.2
1552500165.74 53.2
1552500175.75 53.2
1552500185.77 52.6
1552500195.78 52.6
1552500205.79 52.6
1552500215.81 52.1
1552500225.82 52.6
1552500235.83 52.6
1552500245.84 52.1
1552500255.86 51.5
1552500265.88 53.2
1552500275.9 52.1
1552500285.92 52.1
1552500295.95 52.6
1552500305.96 52.6
1552500315.98 52.6
1552500325.99 52.6
1552500336.01 52.1
1552500346.02 52.1
1552500356.04 52.1
1552500366.06 52.6
1552500376.06 53.2
1552500386.07 53.7
1552500396.09 52.6
1552500406.11 53.2
1552500416.13 53.2
1552500426.15 52.6
1552500436.16 53.7
1552500446.18 52.6
1552500456.2 52.6
1552500466.22 53.2
1552500476.24 52.6
1552500486.25 53.2
1552500496.27 52.6
1552500506.29 53.2
1552500516.3 53.2
1552500526.31 53.7
1552500536.33 53.7
1552500546.34 53.7
1552500556.36 52.6
1552500566.37 53.7
1552500576.39 53.7
1552500586.41 54.2
1552500596.43 54.2
1552500606.45 54.2
1552500616.46 54.8
1552500626.47 54.2
1552500636.49 54.2
1552500646.5 53.7
1552500656.52 53.7
1552500666.53 54.8
1552500676.55 54.2
1552500686.56 54.2
1552500696.58 53.7
1552500706.6 54.2
1552500716.61 54.8
1552500726.63 54.8
1552500736.63 54.2
1552500746.65 54.2
1552500756.66 55.3
1552500766.68 54.8
1552500776.7 54.8
1552500786.71 54.8
1552500796.73 54.8
1552500806.75 54.2
1552500816.76 54.8
1552500826.78 54.8
1552500836.8 55.3
1552500846.82 54.8
1552500856.83 55.8
1552500866.84 55.3
1552500876.86 54.8
1552500886.88 54.8
1552500896.89 54.8
1552500906.91 55.3
1552500916.93 55.3
1552500926.93 55.8
1552500936.94 55.8
1552500946.96 55.8
1552500956.98 55.8
1552500967.0 55.3
1552500977.01 55.8
1552500987.03 55.8
1552500997.05 55.8
1552501007.06 55.8
1552501017.08 56.4
1552501027.09 55.8
1552501037.11 56.4
1552501047.13 55.8
1552501057.15 55.8
1552501067.16 55.8
1552501077.18 55.8
1552501087.2 55.8
1552501097.22 56.4
1552501107.24 55.8
1552501117.26 55.8
1552501127.28 56.4
1552501137.29 55.8
1552501147.31 56.4
1552501157.32 55.8
1552501167.34 55.8
1552501177.36 56.4
1552501187.37 56.9
1552501197.39 56.9
1552501207.41 56.9
1552501217.42 56.4
1552501227.44 56.4
1552501237.45 56.9
1552501247.47 56.9
1552501257.49 56.9
1552501267.51 56.4
1552501277.53 56.9
1552501287.54 56.9
1552501297.56 56.4
1552501307.58 56.4
1552501317.6 56.4
1552501327.62 56.4
1552501337.64 56.4
1552501347.65 56.9
1552501357.66 56.4
1552501367.67 56.9
1552501377.68 56.4
1552501387.7 56.4
1552501397.71 56.4
1552501407.72 56.4
1552501417.73 55.8
1552501427.75 55.8
1552501437.76 56.4
1552501447.78 56.4
1552501457.79 56.4
1552501467.8 56.4
1552501477.81 56.4
1552501487.83 55.8
1552501497.85 55.8
1552501507.87 55.8
1552501517.88 55.8
1552501527.91 55.8
1552501537.92 55.8
1552501547.94 55.8
1552501557.96 56.4
1552501567.97 55.8
1552501577.99 55.8
1552501588.0 56.4
1552501598.01 55.8
1552501608.03 56.9
1552501618.04 55.8
1552501628.05 55.8
1552501638.07 56.4
1552501648.09 55.8
1552501658.1 55.8
1552501668.11 55.8
1552501678.13 55.8
1552501688.15 55.8
1552501698.16 55.3
1552501708.18 55.3
1552501718.19 55.8
1552501728.21 55.8
1552501738.22 55.8
1552501748.24 55.8
1552501758.26 55.3
1552501768.27 55.8
1552501778.29 55.3
1552501788.3 54.8
1552501798.32 55.3
1552501808.34 55.3
1552501818.35 54.8
1552501828.37 55.8
1552501838.38 55.3
1552501848.4 55.3
1552501858.42 54.8
1552501868.43 54.8
1552501878.45 54.8
1552501888.46 55.8
1552501898.48 55.3
1552501908.49 55.3
1552501918.5 54.8
1552501928.52 55.3
1552501938.53 54.8
1552501948.54 54.8
1552501958.55 55.3
1552501968.56 54.8
1552501978.58 54.8
1552501988.6 55.3
1552501998.61 55.8
1552502008.63 54.8
1552502018.65 54.2
1552502028.67 54.8
1552502038.69 55.3
1552502048.7 54.8
1552502058.71 54.8
1552502068.73 54.2
1552502078.74 54.8
1552502088.75 54.8
1552502098.77 54.8
1552502108.78 54.2
1552502118.8 53.7
1552502128.81 54.2
1552502138.83 53.7
1552502148.84 54.2
1552502158.86 53.7
1552502168.88 53.7
1552502178.9 54.2
1552502188.92 54.8
1552502198.94 54.2
1552502208.96 54.2
1552502218.97 54.8
1552502228.99 53.7
1552502239.0 54.8
1552502249.01 53.7
1552502259.03 53.7
1552502269.04 54.2
1552502279.05 54.2
1552502289.07 54.2
1552502299.08 54.2
1552502309.1 53.7
1552502319.12 54.2
1552502329.14 54.2
1552502339.15 53.7
1552502349.16 54.2
1552502359.17 54.8
1552502369.19 54.2
1552502379.21 53.7
1552502389.23 54.2
1552502399.24 53.7
1552502409.27 53.7
1552502419.29 53.7
1552502429.31 54.2
1552502439.33 54.2
1552502449.35 54.8
1552502459.36 54.2
1552502469.38 54.8
1552502479.4 54.2
1552502489.42 53.7
1552502499.43 54.2
1552502509.45 53.7
1552502519.47 53.7
1552502529.49 53.7
1552502539.51 54.2
1552502549.53 53.7
1552502559.55 54.2
1552502569.57 54.8
1552502579.58 53.7
1552502589.6 53.7
1552502599.61 54.2
1552502609.63 53.7
1552502619.64 53.7
1552502629.66 54.2
1552502639.68 54.2
1552502649.69 53.7
1552502659.7 54.2
1552502669.72 53.7
1552502679.74 53.7
1552502689.75 53.7
1552502699.77 53.7
1552502709.78 54.2
1552502719.8 54.2
1552502729.82 53.7
1552502739.84 54.8
1552502749.85 54.2
1552502759.86 53.7
1552502769.88 53.7
1552502779.9 53.7
1552502789.92 53.7
1552502799.93 53.7
1552502809.94 53.7
1552502819.96 53.2
1552502829.97 53.7
1552502839.99 53.7
1552502850.01 53.7
1552502860.03 53.2
1552502870.04 53.7
1552502880.06 53.7
1552502890.08 52.6
1552502900.09 52.6
1552502910.11 52.6
1552502920.13 53.2
1552502930.14 52.6
1552502940.16 52.6
1552502950.17 52.6
1552502960.19 52.6
1552502970.21 51.5
1552502980.23 52.1
1552502990.24 52.6
1552503000.26 52.6
1552503010.28 51.5
1552503020.3 52.1
1552503030.32 51.5
1552503040.34 52.1
1552503050.35 51.5
1552503060.38 52.6
1552503070.38 52.1
1552503080.4 52.1
1552503090.41 52.6
1552503100.43 53.2
1552503110.45 51.5
1552503120.47 52.6
1552503130.49 52.6
1552503140.51 52.1
1552503150.53 52.1
1552503160.54 52.6
1552503170.56 52.6
1552503180.58 52.6
1552503190.6 52.6
1552503200.62 52.6
1552503210.64 52.6
1552503220.66 53.2
1552503230.67 52.6
1552503240.69 51.5
1552503250.71 52.6
1552503260.74 52.6
1552503270.75 53.2
1552503280.76 52.6
1552503290.78 53.2
1552503300.79 52.6
1552503310.81 52.6
1552503320.82 52.6
1552503330.83 52.6
1552503340.85 52.6
1552503350.86 53.2
1552503360.88 52.6
1552503370.89 52.6
1552503380.91 52.1
1552503390.93 52.1
1552503400.93 52.1
1552503410.95 52.6
1552503420.97 51.5
1552503430.98 52.1
1552503441.0 52.6
1552503451.01 52.1
1552503461.03 52.6
1552503471.04 52.1
1552503481.07 51.5
1552503491.09 51.5
1552503501.11 51.5
1552503511.13 51.5
1552503521.15 51.5
1552503531.17 51.5
1552503541.18 51.0
1552503551.2 50.5
1552503561.22 51.0
1552503571.24 51.5
1552503581.26 52.1
1552503591.28 51.5
1552503601.3 51.5
1552503611.32 51.5
1552503621.34 52.1
1552503631.36 52.1
1552503641.37 51.5
1552503651.39 52.1
1552503661.4 51.0
1552503671.42 52.1
1552503681.44 51.5
1552503691.45 51.5
1552503701.47 51.5
1552503711.49 51.5
1552503721.51 50.5
1552503731.52 51.5
1552503741.54 51.5
1552503751.55 50.5
1552503761.57 49.9
1552503771.59 50.5
1552503781.61 49.9
1552503791.62 49.9
1552503801.64 50.5
1552503811.65 50.5
1552503821.67 49.9
1552503831.69 49.9
1552503841.7 49.4
1552503851.72 49.9
1552503861.74 50.5
1552503871.76 50.5
1552503881.77 49.4
1552503891.79 50.5
1552503901.81 49.9
1552503911.83 49.4
1552503921.84 50.5
1552503931.86 49.4
1552503941.87 49.9
1552503951.89 49.9
1552503961.91 49.9
1552503971.92 49.9
1552503981.94 49.4
1552503991.96 49.4
1552504001.97 49.4
1552504011.99 49.9
1552504022.01 49.9
1552504032.02 49.9
1552504042.04 49.9
1552504052.06 49.9
1552504062.08 48.9
1552504072.09 49.9
1552504082.1 50.5
1552504092.11 49.9
1552504102.13 49.9
1552504112.15 49.9
1552504122.15 49.9
1552504132.17 49.4
1552504142.19 49.4
1552504152.21 49.4
1552504162.23 48.3
1552504172.24 48.3
1552504182.26 48.9
1552504192.28 48.3
1552504202.3 48.3
1552504212.31 47.8
1552504222.33 48.3
1552504232.35 48.3
1552504242.38 48.3
1552504252.4 48.3
1552504262.43 48.3
1552504272.45 49.4
1552504282.47 48.9
1552504292.49 48.3
1552504302.58 48.3
1552504312.6 48.3
1552504322.61 49.4
1552504332.63 48.9
1552504342.65 47.8
1552504352.67 48.3
1552504362.69 48.3
1552504372.71 48.3
1552504382.73 48.3
1552504392.75 48.3
1552504402.76 48.3
1552504412.78 48.3
1552504422.8 47.8
1552504432.82 47.8
1552504442.84 48.3
1552504452.85 47.8
1552504462.88 47.2
1552504472.89 47.8
1552504482.91 47.8
1552504492.92 47.8
1552504502.94 47.2
1552504512.97 47.2
1552504522.99 47.2
1552504533.01 47.8
1552504543.02 47.2
1552504553.05 47.8
1552504563.07 47.2
1552504573.09 47.2
1552504583.11 47.8
1552504593.12 47.2
1552504603.14 47.2
1552504613.17 47.2
1552504623.19 46.2
1552504633.21 47.2
1552504643.23 47.2
1552504653.25 46.7
1552504663.26 47.2
1552504673.28 47.2
1552504683.3 47.2
1552504693.32 46.7
1552504703.34 46.2
1552504713.35 47.2
1552504723.37 46.7
1552504733.39 47.2
1552504743.41 46.2
1552504753.42 46.2
1552504763.44 46.2
1552504773.46 46.2
1552504783.49 45.6
1552504793.51 45.6
1552504803.53 46.2
1552504813.55 46.2
1552504823.57 46.2
1552504833.58 47.2
1552504843.6 46.2
1552504853.62 46.2
1552504863.64 46.2
1552504873.66 46.2
1552504883.68 46.2
1552504893.7 46.7
1552504903.72 46.7
1552504913.73 46.2
1552504923.75 46.7
1552504933.76 46.2
1552504943.78 45.6
1552504953.8 46.2
1552504963.82 46.2
1552504973.83 46.2
1552504983.85 46.2
1552504993.86 46.7
1552505003.88 46.2
1552505013.9 47.2
1552505023.91 47.2
1552505033.93 46.2
1552505043.95 46.2
1552505053.97 47.2
1552505063.98 47.2
1552505073.99 46.2
1552505084.01 46.2
1552505094.03 47.2
1552505104.05 47.2
1552505114.08 47.2
1552505124.1 46.2
1552505134.12 47.2
1552505144.13 47.2
1552505154.16 46.7
1552505164.17 46.7
1552505174.19 47.2
1552505184.2 47.2
1552505194.21 47.2
1552505204.23 47.2
1552505214.24 47.2
1552505224.26 46.2
1552505234.27 47.2
1552505244.29 46.2
1552505254.32 46.7
1552505264.33 46.2
1552505274.35 47.2
1552505284.36 46.7
1552505294.38 46.7
1552505304.4 46.2
1552505314.41 46.7
1552505324.43 46.2
1552505334.45 47.2
1552505344.45 46.7
1552505354.47 46.7
1552505364.49 46.7
1552505374.5 46.7
1552505384.52 46.2
1552505394.54 47.2
1552505404.54 46.2
1552505414.56 46.2
1552505424.58 47.2
1552505434.59 46.2
1552505444.6 46.2
1552505454.61 46.2
1552505464.63 46.2
1552505474.65 46.2
1552505484.66 46.2
1552505494.68 46.2
1552505504.69 46.2
1552505514.71 45.1
1552505524.73 46.2
1552505534.74 46.2
1552505544.76 45.6
1552505554.78 46.2
1552505564.79 46.2
1552505574.81 46.2
1552505584.83 45.6
1552505594.84 46.2
1552505604.85 46.2
1552505614.87 46.2
1552505624.89 46.2
1552505634.9 46.2
1552505644.91 46.7
1552505654.92 46.2
1552505664.94 46.2
1552505674.95 46.2
1552505684.97 46.2
1552505694.98 46.2
1552505705.0 45.6
1552505715.02 45.1
1552505725.04 46.2
1552505735.05 46.2
1552505745.07 45.1
1552505755.09 45.1
1552505765.1 45.1
1552505775.12 46.2
1552505785.14 45.1
1552505795.15 45.1
1552505805.17 45.1
1552505815.18 44.0
1552505825.2 45.1
1552505835.21 45.1
1552505845.22 45.1
1552505855.25 45.1
1552505865.27 45.1
1552505875.29 44.0
1552505885.31 44.5
1552505895.32 45.1
1552505905.33 45.1
1552505915.35 45.1
1552505925.37 45.1
1552505935.39 44.5
1552505945.41 45.1
1552505955.42 45.1
1552505965.44 45.1
1552505975.46 45.1
1552505985.48 44.5
1552505995.49 45.1
1552506005.51 44.5
1552506015.53 44.0
1552506025.55 44.5
1552506035.57 45.1
1552506045.58 45.1
1552506055.6 45.1
1552506065.62 44.0
1552506075.63 45.1
1552506085.66 45.1
1552506095.68 45.1
1552506105.7 45.1
1552506115.71 45.1
1552506125.73 45.1
1552506135.74 45.1
1552506145.77 45.1
1552506155.79 45.1
1552506165.81 44.5
1552506175.83 45.1
1552506185.84 45.1
1552506195.86 45.1
1552506205.86 45.1
1552506215.88 45.1
1552506225.9 45.1
1552506235.92 45.1
1552506245.94 44.0
1552506255.96 44.5
1552506265.98 45.1
1552506276.0 44.5
1552506286.01 45.1
1552506296.03 44.5
1552506306.05 44.0
1552506316.07 44.0
1552506326.09 44.0
1552506336.1 44.5
1552506346.12 44.0
1552506356.13 44.5
1552506366.14 45.1
1552506376.15 45.1
1552506386.17 45.1
1552506396.18 45.6
1552506406.19 44.5
1552506416.21 45.1
1552506426.23 45.1
1552506436.24 44.5
1552506446.25 45.1
1552506456.26 45.1
1552506466.29 45.1
1552506476.3 45.1
1552506486.32 45.1
1552506496.34 44.5
1552506506.35 45.1
1552506516.37 45.1
1552506526.39 45.1
1552506536.4 45.6
1552506546.42 44.5
1552506556.43 45.1
1552506566.45 45.1
1552506576.46 45.1
1552506586.47 45.1
1552506596.49 45.1
1552506606.51 45.1
1552506616.52 45.1
1552506626.54 45.6
1552506636.55 45.6
1552506646.57 45.1
1552506656.58 45.6
1552506666.6 45.6
1552506676.62 45.6
1552506686.63 45.6
1552506696.65 46.2
1552506706.66 45.6
1552506716.68 45.1
1552506726.69 45.1
1552506736.71 45.1
1552506746.73 45.1
1552506756.75 45.1
1552506766.76 45.1
1552506776.78 44.0
1552506786.8 44.0
1552506796.81 45.1
1552506806.83 45.1
1552506816.86 44.0
1552506826.88 45.1
1552506836.9 45.1
1552506846.91 45.1
1552506856.93 45.1
1552506866.94 45.1
1552506876.96 45.1
1552506886.97 45.1
1552506896.99 44.5
1552506907.01 45.1
1552506917.02 44.5
1552506927.04 44.5
1552506937.05 45.1
1552506947.07 44.5
1552506957.09 44.0
1552506967.11 44.5
1552506977.12 45.1
1552506987.14 45.1
1552506997.16 44.0
1552507007.17 44.0
1552507017.19 45.1
1552507027.21 44.5
1552507037.22 45.1
1552507047.24 45.1
1552507057.26 45.1
1552507067.27 45.1
1552507077.29 45.1
1552507087.31 45.1
1552507097.33 45.1
1552507107.35 45.1
1552507117.37 44.0
1552507127.38 45.1
1552507137.4 45.1
1552507147.42 45.6
1552507157.44 45.1
1552507167.46 45.1
1552507177.47 45.1
1552507187.49 45.6
1552507197.51 45.6
