1552800000.54 34.3
1552800010.56 33.8
1552800020.58 33.8
1552800030.6 33.8
1552800040.61 33.2
1552800050.63 34.3
1552800060.65 33.8
1552800070.67 33.8
1552800080.69 33.2
1552800090.71 33.2
1552800100.74 33.8
1552800110.75 33.8
1552800120.77 33.8
1552800130.79 33.8
1552800140.82 33.2
1552800150.84 34.3
1552800160.85 34.3
1552800170.87 34.3
1552800180.88 33.8
1552800190.9 33.2
1552800200.92 33.2
1552800210.94 34.3
1552800220.96 33.8
1552800230.98 33.8
1552800241.0 33.2
1552800251.02 34.3
1552800261.04 33.2
1552800271.06 33.2
1552800281.08 33.8
1552800291.1 33.2
1552800301.12 33.2
1552800311.13 33.2
1552800321.15 33.2
1552800331.17 33.2
1552800341.2 33.2
1552800351.21 33.2
1552800361.23 33.2
1552800371.25 33.2
1552800381.28 33.2
1552800391.3 33.8
1552800401.32 33.2
1552800411.33 33.8
1552800421.35 34.3
1552800431.37 33.8
1552800441.39 33.2
1552800451.41 33.2
1552800461.43 33.8
1552800471.45 33.2
1552800481.47 33.2
1552800491.5 33.2
1552800501.52 33.2
1552800511.53 34.3
1552800521.55 33.8
1552800531.57 33.2
1552800541.59 33.2
1552800551.6 33.2
1552800561.63 33.2
1552800571.64 33.2
1552800581.66 33.8
1552800591.67 33.8
1552800601.7 33.8
1552800611.71 33.8
1552800621.73 33.2
1552800631.75 34.3
1552800641.77 34.3
1552800651.79 33.2
1552800661.81 33.2
1552800671.83 33.8
1552800681.85 33.8
1552800691.87 34.3
1552800701.88 33.2
1552800711.9 33.8
1552800721.92 33.8
1552800731.94 33.8
1552800741.96 33.2
1552800751.97 33.8
1552800761.99 33.8
1552800772.01 34.3
1552800782.02 34.3
1552800792.05 33.8
1552800802.06 33.8
1552800812.07 34.3
1552800822.09 34.3
1552800832.1 33.8
1552800842.12 34.3
1552800852.14 34.3
1552800862.16 34.3
1552800872.17 34.3
1552800882.19 34.3
1552800892.21 34.3
1552800902.23 34.3
1552800912.24 34.3
1552800922.26 34.3
1552800932.27 34.3
1552800942.29 34.3
1552800952.31 34.3
1552800962.32 33.8
1552800972.34 34.3
1552800982.36 34.3
1552800992.38 34.3
1552801002.4 34.9
1552801012.42 33.8
1552801022.43 33.8
1552801032.45 34.9
1552801042.47 34.3
1552801052.49 34.3
1552801062.5 33.8
1552801072.52 34.3
1552801082.53 34.9
1552801092.54 34.3
1552801102.56 34.3
1552801112.57 34.3
1552801122.59 34.3
1552801132.6 34.3
1552801142.62 33.8
1552801152.64 34.3
1552801162.65 34.3
1552801172.67 33.2
1552801182.69 33.2
1552801192.71 33.8
1552801202.73 34.3
1552801212.75 34.3
1552801222.77 33.8
1552801232.78 33.2
1552801242.8 34.3
1552801252.81 33.8
1552801262.83 34.9
1552801272.84 34.3
1552801282.86 34.3
1552801292.87 34.3
1552801302.89 34.3
1552801312.9 34.9
1552801322.92 33.8
1552801332.93 34.9
1552801342.95 33.8
1552801352.96 34.3
1552801362.98 33.8
1552801373.0 33.8
1552801383.01 34.3
1552801393.03 33.8
1552801403.04 34.3
1552801413.06 34.3
1552801423.07 33.8
1552801433.09 34.3
1552801443.1 33.8
1552801453.12 34.3
1552801463.13 34.3
1552801473.15 33.8
1552801483.16 33.8
1552801493.18 34.3
1552801503.2 34.3
1552801513.21 34.3
1552801523.23 33.8
1552801533.25 33.8
1552801543.27 33.2
1552801553.3 33.2
1552801563.31 33.8
1552801573.33 33.2
1552801583.36 34.3
1552801593.38 34.3
1552801603.39 33.2
1552801613.41 34.3
1552801623.43 34.3
1552801633.45 33.8
1552801643.47 34.3
1552801653.49 33.8
1552801663.51 34.3
1552801673.52 33.8
1552801683.54 33.8
1552801693.56 34.3
1552801703.57 34.9
1552801713.6 34.3
1552801723.61 34.3
1552801733.63 34.3
1552801743.65 34.9
1552801753.68 34.3
1552801763.69 34.3
1552801773.7 34.3
1552801783.72 34.3
1552801793.74 34.9
1552801803.76 34.9
1552801813.78 33.8
1552801823.8 34.9
1552801833.81 34.9
1552801843.83 34.3
1552801853.85 34.3
1552801863.87 34.3
1552801873.89 34.3
1552801883.91 34.3
1552801893.93 34.3
1552801903.95 34.3
1552801913.96 34.9
1552801923.98 34.3
1552801934.0 34.3
1552801944.02 34.3
1552801954.04 34.3
1552801964.06 34.9
1552801974.07 34.9
1552801984.09 34.3
1552801994.1 34.9
1552802004.12 34.9
1552802014.14 34.9
1552802024.16 35.4
1552802034.18 34.3
1552802044.2 34.3
1552802054.22 34.3
1552802064.24 34.3
1552802074.26 34.3
1552802084.27 34.3
1552802094.3 34.3
1552802104.31 34.3
1552802114.32 34.3
1552802124.34 34.3
1552802134.35 34.3
1552802144.37 33.8
1552802154.39 34.3
1552802164.41 34.3
1552802174.44 33.8
1552802184.46 33.8
1552802194.48 33.8
1552802204.49 34.3
1552802214.51 33.2
1552802224.53 34.3
1552802234.55 34.3
1552802244.56 33.2
1552802254.59 34.3
1552802264.6 33.8
1552802274.62 34.3
1552802284.63 33.2
1552802294.65 34.3
1552802304.66 34.3
1552802314.68 34.3
1552802324.69 34.3
1552802334.71 33.8
1552802344.73 33.2
1552802354.75 33.2
1552802364.77 33.2
1552802374.78 33.2
1552802384.81 33.8
1552802394.82 33.8
1552802404.84 36.5
1552802414.85 34.3
1552802424.87 34.9
1552802434.89 34.3
1552802444.91 33.8
1552802454.93 34.3
1552802464.95 34.3
1552802474.97 33.8
1552802484.99 33.8
1552802495.0 34.3
1552802505.03 33.8
1552802515.05 33.8
1552802525.07 34.3
1552802535.09 33.8
1552802545.11 33.8
1552802555.13 34.3
1552802565.15 34.3
1552802575.17 33.8
1552802585.2 34.3
1552802595.21 34.3
1552802605.25 34.3
1552802615.27 33.8
1552802625.28 34.3
1552802635.3 34.3
1552802645.32 34.3
1552802655.35 33.8
1552802665.37 34.3
1552802675.39 34.3
1552802685.41 33.2
1552802695.43 34.3
1552802705.44 34.3
1552802715.47 34.3
1552802725.49 34.3
1552802735.5 34.3
1552802745.51 34.3
1552802755.53 34.3
1552802765.56 34.3
1552802775.57 34.3
1552802785.59 35.4
1552802795.6 34.9
1552802805.61 34.3
1552802815.64 34.3
1552802825.66 33.8
1552802835.67 34.3
1552802845.7 34.3
1552802855.71 34.9
1552802865.72 34.3
1552802875.74 34.3
1552802885.76 34.3
1552802895.78 35.4
1552802905.8 34.3
1552802915.81 34.3
1552802925.84 34.3
1552802935.85 34.9
1552802945.87 33.8
1552802955.88 34.3
1552802965.91 33.8
1552802975.92 34.3
1552802985.94 34.3
1552802995.96 34.3
1552803005.99 33.8
1552803016.01 34.3
1552803026.03 34.3
1552803036.04 33.8
1552803046.06 34.3
1552803056.08 34.9
1552803066.09 34.3
1552803076.12 34.3
1552803086.13 33.8
1552803096.15 33.8
1552803106.17 34.3
1552803116.2 33.2
1552803126.21 34.3
1552803136.24 33.8
1552803146.26 33.2
1552803156.28 33.8
1552803166.3 33.8
1552803176.32 34.3
1552803186.34 33.8
1552803196.35 34.3
1552803206.37 33.2
1552803216.39 34.3
1552803226.4 33.8
1552803236.43 34.3
1552803246.45 33.2
1552803256.47 33.8
1552803266.49 33.8
1552803276.51 34.3
1552803286.53 34.3
1552803296.55 33.2
1552803306.56 34.3
1552803316.58 33.8
1552803326.6 33.8
1552803336.63 33.8
1552803346.65 34.3
1552803356.67 33.2
1552803366.69 33.8
1552803376.71 34.3
1552803386.73 33.8
1552803396.75 33.8
1552803406.78 33.8
1552803416.79 34.3
1552803426.8 33.8
1552803436.82 33.8
1552803446.85 33.2
1552803456.87 33.2
1552803466.89 34.3
1552803476.91 33.2
1552803486.93 33.8
1552803496.95 33.8
1552803506.97 33.2
1552803516.99 33.8
1552803527.01 33.2
1552803537.03 33.8
1552803547.05 33.8
1552803557.08 33.8
1552803567.1 33.8
1552803577.11 34.3
1552803587.13 33.8
1552803597.15 34.3
1552803607.17 33.8
1552803617.18 34.3
1552803627.2 34.3
1552803637.23 33.2
1552803647.24 33.2
1552803657.27 33.8
1552803667.29 34.3
1552803677.31 33.2
1552803687.32 34.3
1552803697.35 33.8
1552803707.36 34.3
1552803717.38 34.3
1552803727.4 33.8
1552803737.43 33.2
1552803747.44 34.3
1552803757.46 33.8
1552803767.48 33.8
1552803777.5 33.8
1552803787.52 33.8
1552803797.54 34.3
1552803807.55 34.3
1552803817.59 33.8
1552803827.61 33.8
1552803837.62 34.9
1552803847.64 33.8
1552803857.66 33.2
1552803867.68 34.3
1552803877.7 33.8
1552803887.72 33.8
1552803897.74 34.3
1552803907.76 33.8
1552803917.78 33.8
1552803927.8 33.8
1552803937.82 33.8
1552803947.84 34.3
1552803957.85 33.8
1552803967.88 34.3
1552803977.9 34.3
1552803987.92 33.8
1552803997.94 34.3
1552804007.96 33.8
1552804017.97 34.3
1552804028.0 33.2
1552804038.02 33.2
1552804048.03 34.3
1552804058.05 34.3
1552804068.08 33.8
1552804078.1 33.8
1552804088.12 34.3
1552804098.13 34.3
1552804108.15 33.8
1552804118.18 34.3
1552804128.2 33.8
1552804138.22 34.3
1552804148.23 34.9
1552804158.26 33.8
1552804168.27 34.3
1552804178.29 34.3
1552804188.31 34.3
1552804198.33 34.3
1552804208.34 34.3
1552804218.36 34.3
1552804228.39 33.8
1552804238.41 33.8
1552804248.42 33.8
1552804258.44 33.2
1552804268.46 34.3
1552804278.47 34.3
1552804288.5 34.3
1552804298.51 34.3
1552804308.53 33.8
1552804318.55 34.3
1552804328.57 34.3
1552804338.59 34.3
1552804348.6 34.3
1552804358.62 33.2
1552804368.65 34.3
1552804378.67 33.2
1552804388.69 33.8
1552804398.7 34.3
1552804408.72 34.3
1552804418.73 34.3
1552804428.76 34.3
1552804438.78 33.8
1552804448.8 33.8
1552804458.82 33.2
1552804468.84 33.2
1552804478.85 33.8
1552804488.88 34.3
1552804498.89 34.3
1552804508.91 33.2
1552804518.93 33.8
1552804528.96 33.8
1552804538.98 34.3
1552804549.0 33.2
1552804559.02 33.8
1552804569.04 33.8
1552804579.06 33.8
1552804589.08 33.8
1552804599.1 33.8
1552804609.12 33.2
1552804619.14 33.8
1552804629.16 33.2
1552804639.18 34.3
1552804649.2 33.2
1552804659.22 33.8
1552804669.24 33.8
1552804679.26 33.2
1552804689.27 33.2
1552804699.29 33.8
1552804709.31 33.2
1552804719.33 33.2
1552804729.35 33.2
1552804739.37 33.2
1552804749.39 33.2
1552804759.42 33.8
1552804769.44 33.8
1552804779.46 33.2
1552804789.47 34.3
1552804799.49 33.2
1552804809.52 33.2
1552804819.53 33.2
1552804829.55 33.2
1552804839.57 33.2
1552804849.59 33.2
1552804859.6 33.2
1552804869.63 33.8
1552804879.65 33.2
1552804889.66 33.2
1552804899.69 33.2
1552804909.71 33.2
1552804919.73 32.7
1552804929.74 33.2
1552804939.76 33.2
1552804949.78 33.8
1552804959.8 33.2
1552804969.82 33.2
1552804979.84 33.2
1552804989.87 33.2
1552804999.89 32.7
1552805009.91 33.2
1552805019.92 33.2
1552805029.93 33.2
1552805039.96 33.8
1552805049.98 33.2
1552805059.99 33.2
1552805070.01 34.3
1552805080.02 34.3
1552805090.05 33.2
1552805100.07 34.3
1552805110.08 33.8
1552805120.1 33.2
1552805130.13 33.2
1552805140.14 33.8
1552805150.16 34.3
1552805160.18 33.2
1552805170.2 33.2
1552805180.22 33.2
1552805190.24 33.2
1552805200.27 33.8
1552805210.29 33.2
1552805220.31 33.2
1552805230.33 33.2
1552805240.35 33.2
1552805250.36 33.8
1552805260.38 33.8
1552805270.4 33.2
1552805280.43 33.2
1552805290.44 33.2
1552805300.47 33.2
1552805310.48 33.2
1552805320.5 32.7
1552805330.52 33.2
1552805340.54 33.8
1552805350.56 33.8
1552805360.57 33.2
1552805370.59 33.2
1552805380.62 33.2
1552805390.64 32.7
1552805400.65 33.2
1552805410.68 33.2
1552805420.69 33.2
1552805430.71 33.8
1552805440.72 33.8
1552805450.74 33.2
1552805460.76 33.8
1552805470.78 34.3
1552805480.8 34.3
1552805490.83 34.3
1552805500.85 34.3
1552805510.87 33.2
1552805520.9 33.8
1552805530.92 33.8
1552805540.95 33.8
1552805550.96 33.2
1552805560.99 33.2
1552805571.01 34.3
1552805581.03 33.8
1552805591.05 33.8
1552805601.09 33.2
1552805611.11 33.8
1552805621.12 33.8
1552805631.14 33.8
1552805641.16 33.8
1552805651.19 33.2
1552805661.21 34.3
1552805671.22 33.2
1552805681.25 33.8
1552805691.27 33.8
1552805701.29 33.8
1552805711.31 33.2
1552805721.32 33.8
1552805731.34 34.3
1552805741.36 33.2
1552805751.38 33.8
1552805761.4 33.2
1552805771.41 34.3
1552805781.43 33.2
1552805791.45 34.3
1552805801.46 34.3
1552805811.49 34.3
1552805821.51 33.2
1552805831.53 33.8
1552805841.54 34.3
1552805851.56 33.8
1552805861.58 34.3
1552805871.6 33.8
1552805881.62 34.3
1552805891.64 33.2
1552805901.66 33.2
1552805911.68 33.2
1552805921.7 34.3
1552805931.72 32.7
1552805941.74 33.2
1552805951.76 33.2
1552805961.78 33.2
1552805971.8 33.2
1552805981.82 33.2
1552805991.84 33.8
1552806001.85 33.8
1552806011.87 33.2
1552806021.89 33.2
1552806031.91 34.3
1552806041.93 33.2
1552806051.95 33.2
1552806061.97 33.2
1552806071.99 33.8
1552806082.01 33.2
1552806092.03 33.8
1552806102.05 33.8
1552806112.07 33.8
1552806122.09 33.2
1552806132.11 32.7
1552806142.13 32.7
1552806152.15 33.2
1552806162.17 32.7
1552806172.19 33.2
1552806182.21 33.8
1552806192.23 33.2
1552806202.25 33.2
1552806212.27 33.8
1552806222.29 33.8
1552806232.3 34.3
1552806242.32 33.2
1552806252.35 33.8
1552806262.36 34.3
1552806272.37 33.2
1552806282.39 33.2
1552806292.41 32.2
1552806302.42 34.3
1552806312.44 34.3
1552806322.46 33.2
1552806332.47 34.3
1552806342.49 33.2
1552806352.51 33.8
1552806362.53 33.2
1552806372.54 33.2
1552806382.56 34.3
1552806392.57 33.2
1552806402.58 33.2
1552806412.6 34.3
1552806422.61 33.2
1552806432.63 33.2
1552806442.65 33.8
1552806452.66 33.2
1552806462.69 33.2
1552806472.71 33.2
1552806482.73 33.2
1552806492.74 33.2
1552806502.76 33.8
1552806512.78 33.2
1552806522.8 33.2
1552806532.82 33.2
1552806542.84 34.3
1552806552.86 33.8
1552806562.87 33.2
1552806572.9 33.8
1552806582.92 33.8
1552806592.93 33.8
1552806602.95 33.2
1552806612.97 33.2
1552806622.99 33.2
1552806633.01 33.2
1552806643.03 33.2
1552806653.05 33.2
1552806663.07 33.8
1552806673.09 33.2
1552806683.11 33.2
1552806693.13 32.2
1552806703.15 32.7
1552806713.17 32.7
1552806723.19 33.2
1552806733.21 32.7
1552806743.23 32.7
1552806753.25 33.2
1552806763.26 33.2
1552806773.28 32.7
1552806783.3 33.8
1552806793.32 33.2
1552806803.33 33.2
1552806813.35 33.2
1552806823.38 33.2
1552806833.39 33.2
1552806843.41 33.2
1552806853.42 33.2
1552806863.44 33.2
1552806873.47 33.2
1552806883.49 33.8
1552806893.51 32.7
1552806903.53 33.8
1552806913.54 33.2
1552806923.57 33.2
1552806933.58 33.2
1552806943.61 33.2
1552806953.63 33.2
1552806963.64 33.2
1552806973.67 33.2
1552806983.68 32.7
1552806993.7 33.2
1552807003.73 33.2
1552807013.75 32.7
1552807023.77 33.2
1552807033.78 33.2
1552807043.8 32.7
1552807053.82 33.8
1552807063.84 33.2
1552807073.86 33.8
1552807083.89 32.7
1552807093.91 33.2
1552807103.93 32.7
1552807113.95 33.2
1552807123.97 32.2
1552807133.99 33.8
1552807144.01 32.7
1552807154.02 33.8
1552807164.04 33.2
1552807174.06 32.7
1552807184.07 33.2
1552807194.09 32.7
1552807204.11 33.2
1552807214.14 32.7
1552807224.15 33.2
1552807234.17 33.2
1552807244.19 33.2
1552807254.21 33.2
1552807264.23 33.2
1552807274.24 33.2
1552807284.26 32.7
1552807294.28 33.2
1552807304.3 33.2
1552807314.32 33.2
1552807324.34 33.2
1552807334.36 33.2
1552807344.38 32.7
1552807354.39 33.2
1552807364.41 33.2
1552807374.43 33.2
1552807384.45 33.2
1552807394.46 32.7
1552807404.48 33.2
1552807414.5 33.2
1552807424.52 33.2
1552807434.53 33.2
1552807444.56 32.7
1552807454.58 33.2
1552807464.59 33.2
1552807474.61 33.2
1552807484.63 33.8
1552807494.65 32.7
1552807504.67 33.2
1552807514.69 33.8
1552807524.7 34.3
1552807534.72 33.2
1552807544.74 32.7
1552807554.76 33.8
1552807564.77 33.2
1552807574.79 33.2
1552807584.81 33.2
1552807594.83 33.8
1552807604.84 33.8
1552807614.85 33.8
1552807624.88 33.2
1552807634.9 33.2
1552807644.92 33.2
1552807654.94 33.8
1552807664.96 33.8
1552807674.98 34.3
1552807685.0 33.2
1552807695.02 33.2
1552807705.04 33.8
1552807715.06 33.8
1552807725.08 33.2
1552807735.1 33.2
1552807745.12 33.2
1552807755.14 33.2
1552807765.16 32.7
1552807775.18 33.2
1552807785.2 33.2
1552807795.21 33.8
1552807805.23 33.2
1552807815.25 32.7
1552807825.27 33.2
1552807835.3 33.2
1552807845.32 32.7
1552807855.33 33.2
1552807865.35 33.2
1552807875.38 33.2
1552807885.4 33.2
1552807895.41 33.2
1552807905.43 33.8
1552807915.45 33.8
1552807925.47 33.2
1552807935.49 33.2
1552807945.51 32.7
1552807955.52 33.8
1552807965.54 33.8
1552807975.56 33.2
1552807985.58 33.2
1552807995.6 33.2
1552808005.62 32.7
1552808015.63 33.2
1552808025.65 33.2
1552808035.67 32.2
1552808045.69 33.2
1552808055.7 33.2
1552808065.73 33.2
1552808075.74 32.7
1552808085.77 33.2
1552808095.79 32.7
1552808105.8 33.2
1552808115.82 33.2
1552808125.84 33.2
1552808135.86 33.2
1552808145.88 33.8
1552808155.9 32.7
1552808165.92 33.2
1552808175.94 32.7
1552808185.95 33.2
1552808195.98 33.2
1552808205.99 34.3
1552808216.0 33.2
1552808226.01 33.8
1552808236.03 33.2
1552808246.05 34.3
1552808256.06 33.2
1552808266.09 33.8
1552808276.1 33.2
1552808286.13 33.2
1552808296.14 33.8
1552808306.16 33.8
1552808316.17 33.8
1552808326.18 33.2
1552808336.2 33.8
1552808346.22 33.8
1552808356.23 34.3
1552808366.24 33.8
1552808376.26 33.8
1552808386.28 33.8
1552808396.29 34.3
1552808406.3 33.2
1552808416.33 33.2
1552808426.35 33.2
1552808436.36 33.2
1552808446.38 33.8
1552808456.4 33.2
1552808466.42 33.2
1552808476.44 33.2
1552808486.46 33.2
1552808496.47 32.7
1552808506.49 33.2
1552808516.51 33.2
1552808526.53 32.7
1552808536.55 32.2
1552808546.57 32.7
1552808556.58 33.2
1552808566.6 33.2
1552808576.61 34.3
1552808586.63 34.3
1552808596.65 32.7
1552808606.67 33.2
1552808616.69 33.8
1552808626.71 33.2
1552808636.73 33.2
1552808646.74 33.8
1552808656.77 33.2
1552808666.78 33.8
1552808676.8 33.2
1552808686.82 33.8
1552808696.84 33.2
1552808706.86 33.2
1552808716.87 34.3
1552808726.89 32.7
1552808736.91 33.8
1552808746.93 33.8
1552808756.95 32.7
1552808766.97 33.2
1552808776.99 33.8
1552808787.01 33.2
1552808797.03 33.2
1552808807.05 33.2
1552808817.06 32.7
1552808827.08 33.2
1552808837.09 33.2
1552808847.11 33.2
1552808857.13 32.7
1552808867.15 33.8
1552808877.16 33.8
1552808887.18 33.2
1552808897.21 33.2
1552808907.22 34.3
1552808917.24 33.2
1552808927.25 33.8
1552808937.27 32.7
1552808947.29 33.2
1552808957.31 33.2
1552808967.33 33.2
1552808977.35 33.2
1552808987.37 33.2
1552808997.38 32.7
1552809007.41 33.8
1552809017.43 33.2
1552809027.44 33.8
1552809037.46 33.2
1552809047.48 33.2
1552809057.5 33.2
1552809067.53 32.2
1552809077.55 33.2
1552809087.57 34.3
1552809097.63 33.2
1552809107.64 33.2
1552809117.66 32.2
1552809127.68 33.2
1552809137.71 33.2
1552809147.73 33.2
1552809157.75 33.8
1552809167.77 33.2
1552809177.79 33.2
1552809187.81 33.8
1552809197.83 33.2
1552809207.84 33.8
1552809217.85 33.2
1552809227.87 32.7
1552809237.89 32.7
1552809247.91 33.2
1552809257.93 33.2
1552809267.95 33.2
1552809277.97 32.7
1552809287.99 33.2
1552809298.0 33.8
1552809308.02 33.2
1552809318.04 33.2
1552809328.06 32.7
1552809338.08 33.2
1552809348.09 33.2
1552809358.12 33.2
1552809368.14 32.7
1552809378.15 32.7
1552809388.18 33.2
1552809398.2 32.7
1552809408.22 33.2
1552809418.24 33.2
1552809428.25 33.2
1552809438.28 33.2
1552809448.3 32.2
1552809458.31 32.7
1552809468.34 33.2
1552809478.35 33.2
1552809488.38 32.7
1552809498.4 33.2
1552809508.42 32.2
1552809518.44 33.2
1552809528.46 32.2
1552809538.48 32.7
1552809548.5 33.2
1552809558.52 33.2
1552809568.54 32.7
1552809578.56 32.7
1552809588.58 33.8
1552809598.6 32.7
1552809608.62 33.2
1552809618.64 33.2
1552809628.66 33.2
1552809638.68 32.7
1552809648.69 33.2
1552809658.71 33.2
1552809668.73 33.2
1552809678.75 32.7
1552809688.77 32.2
1552809698.79 33.2
1552809708.82 32.7
1552809718.84 33.2
1552809728.85 33.2
1552809738.88 33.2
1552809748.9 33.2
1552809758.92 32.7
1552809768.94 32.7
1552809778.96 32.7
1552809788.98 32.2
1552809798.99 33.2
1552809809.01 32.7
1552809819.03 32.7
1552809829.05 32.2
1552809839.07 32.7
1552809849.09 32.7
1552809859.11 33.2
1552809869.13 33.2
1552809879.15 32.7
1552809889.17 32.7
1552809899.19 32.2
1552809909.21 32.7
1552809919.23 32.2
1552809929.25 32.7
1552809939.27 33.2
1552809949.29 33.2
1552809959.3 33.8
1552809969.32 33.2
1552809979.34 33.8
1552809989.35 32.7
1552809999.37 33.8
1552810009.39 33.8
1552810019.41 33.2
1552810029.43 33.2
1552810039.45 33.2
1552810049.47 33.2
1552810059.5 33.8
1552810069.51 33.8
1552810079.53 33.2
1552810089.55 33.2
1552810099.56 34.3
1552810109.58 33.8
1552810119.6 34.3
1552810129.63 33.2
1552810139.65 33.8
1552810149.67 33.8
1552810159.71 34.3
1552810169.72 34.3
1552810179.73 33.8
1552810189.76 33.8
1552810199.78 33.8
1552810209.79 33.8
1552810219.81 32.7
1552810229.82 34.3
1552810239.84 33.8
1552810249.86 33.2
1552810259.88 33.8
1552810269.9 33.8
1552810279.92 33.8
1552810289.94 33.8
1552810299.95 33.2
1552810309.97 33.8
1552810319.99 33.2
1552810329.99 33.2
1552810340.01 33.2
1552810350.03 33.8
1552810360.04 33.8
1552810370.06 33.2
1552810380.08 33.2
1552810390.1 33.2
1552810400.12 33.2
1552810410.13 33.2
1552810420.15 33.8
1552810430.16 33.8
1552810440.18 33.8
1552810450.19 33.8
1552810460.2 33.2
1552810470.22 32.7
1552810480.24 33.2
1552810490.26 33.2
1552810500.28 34.3
1552810510.29 33.2
1552810520.31 33.8
1552810530.32 33.2
1552810540.34 32.7
1552810550.35 33.8
1552810560.37 33.2
1552810570.39 33.2
1552810580.4 33.2
1552810590.42 33.2
1552810600.43 33.8
1552810610.45 33.8
1552810620.47 34.3
1552810630.48 34.3
1552810640.49 32.7
1552810650.51 33.8
1552810660.52 34.3
1552810670.54 33.2
1552810680.56 33.8
1552810690.59 32.7
1552810700.6 33.2
1552810710.62 33.2
1552810720.64 33.2
1552810730.66 33.2
1552810740.68 33.2
1552810750.7 33.2
1552810760.72 33.8
1552810770.74 34.3
1552810780.76 33.2
1552810790.77 33.8
1552810800.79 33.2
1552810810.81 33.2
1552810820.83 33.2
1552810830.85 33.2
1552810840.86 33.8
1552810850.88 34.3
1552810860.9 33.8
1552810870.91 33.8
1552810880.93 33.2
1552810890.95 33.8
1552810900.97 33.2
1552810910.98 33.2
1552810921.01 33.8
1552810931.02 33.2
1552810941.04 33.2
1552810951.06 33.2
1552810961.07 34.3
1552810971.09 33.8
1552810981.11 33.8
1552810991.13 33.2
1552811001.14 33.8
1552811011.16 33.2
1552811021.18 33.2
1552811031.2 33.2
1552811041.22 33.8
1552811051.23 33.2
1552811061.25 33.2
1552811071.27 33.8
1552811081.28 33.8
1552811091.3 34.3
1552811101.31 33.2
1552811111.33 33.8
1552811121.34 33.8
1552811131.35 33.8
1552811141.37 33.8
1552811151.38 34.3
1552811161.4 33.2
1552811171.41 34.3
1552811181.43 33.2
1552811191.44 34.3
1552811201.47 33.2
1552811211.49 33.2
1552811221.51 33.2
1552811231.52 33.2
1552811241.54 33.2
1552811251.56 33.2
1552811261.59 33.2
1552811271.6 33.2
1552811281.62 33.8
1552811291.64 33.8
1552811301.66 33.8
1552811311.68 33.8
1552811321.69 34.3
1552811331.71 33.8
1552811341.73 33.8
1552811351.74 33.8
1552811361.76 33.2
1552811371.78 33.8
1552811381.81 33.2
1552811391.83 33.2
1552811401.84 33.2
1552811411.86 33.2
1552811421.87 33.2
1552811431.89 33.8
1552811441.91 33.2
1552811451.93 33.2
1552811461.95 33.2
1552811471.97 33.2
1552811481.98 33.8
1552811492.0 32.7
1552811502.01 32.2
1552811512.03 33.2
1552811522.05 33.2
1552811532.06 33.2
1552811542.09 33.2
1552811552.1 32.2
1552811562.12 33.2
1552811572.14 33.2
1552811582.15 33.2
1552811592.18 32.7
1552811602.19 33.2
1552811612.21 33.2
1552811622.23 33.2
1552811632.25 33.2
1552811642.27 34.3
1552811652.28 33.8
1552811662.29 33.2
1552811672.31 33.8
1552811682.34 33.2
1552811692.37 33.2
1552811702.38 33.8
1552811712.4 33.8
1552811722.42 33.2
1552811732.44 33.2
1552811742.45 33.2
1552811752.47 33.2
1552811762.48 33.8
1552811772.5 33.8
1552811782.51 33.2
1552811792.53 34.3
1552811802.55 33.8
1552811812.56 34.3
1552811822.58 33.2
1552811832.59 33.8
1552811842.61 33.2
1552811852.62 33.8
1552811862.63 33.8
1552811872.65 33.8
1552811882.66 34.3
1552811892.68 33.2
1552811902.69 33.8
1552811912.7 33.8
1552811922.73 33.8
1552811932.74 32.7
1552811942.75 33.8
1552811952.77 34.3
1552811962.8 33.8
1552811972.81 34.3
1552811982.83 33.8
1552811992.84 33.2
1552812002.86 34.3
1552812012.88 33.8
1552812022.9 33.2
1552812032.91 33.8
1552812042.93 33.2
1552812052.95 33.2
1552812062.97 33.2
1552812072.99 33.2
1552812083.0 33.2
1552812093.02 33.2
1552812103.03 33.2
1552812113.05 33.8
1552812123.07 33.2
1552812133.08 33.8
1552812143.09 33.2
1552812153.11 32.7
1552812163.13 32.7
1552812173.14 33.8
1552812183.16 33.8
1552812193.18 33.2
1552812203.19 33.2
1552812213.21 33.2
1552812223.22 33.2
1552812233.24 33.2
1552812243.26 33.8
1552812253.27 34.3
1552812263.28 34.3
1552812273.3 34.3
1552812283.32 33.2
1552812293.33 33.8
1552812303.34 33.2
1552812313.36 34.3
1552812323.37 34.3
1552812333.39 33.2
1552812343.41 33.8
1552812353.42 34.3
1552812363.43 34.3
1552812373.45 34.3
1552812383.46 33.2
1552812393.48 33.8
1552812403.49 34.3
1552812413.51 34.3
1552812423.52 33.8
1552812433.53 34.3
1552812443.55 34.3
1552812453.56 34.3
1552812463.58 33.8
1552812473.6 33.8
1552812483.61 34.3
1552812493.62 34.3
1552812503.64 33.2
1552812513.66 34.3
1552812523.67 33.2
1552812533.69 33.2
1552812543.71 33.2
1552812553.73 33.2
1552812563.75 33.8
1552812573.77 33.8
1552812583.79 33.8
1552812593.81 34.3
1552812603.83 33.8
1552812613.85 33.8
1552812623.87 33.8
1552812633.88 34.3
1552812643.9 34.3
1552812653.91 34.3
1552812663.93 34.3
1552812673.96 34.3
1552812683.97 34.3
1552812693.99 33.8
1552812704.0 34.3
1552812714.02 33.8
1552812724.04 33.2
1552812734.06 33.2
1552812744.07 33.8
1552812754.09 34.3
1552812764.1 34.3
1552812774.12 34.3
1552812784.14 34.3
1552812794.15 34.3
1552812804.17 33.8
1552812814.19 33.8
1552812824.21 33.8
1552812834.23 33.2
1552812844.24 34.3
1552812854.26 33.2
1552812864.29 33.8
1552812874.3 33.8
1552812884.32 34.3
1552812894.34 33.8
1552812904.36 33.8
1552812914.37 33.8
1552812924.39 33.2
1552812934.41 33.2
1552812944.42 33.2
1552812954.45 33.8
1552812964.47 33.2
1552812974.49 34.3
1552812984.5 34.3
1552812994.52 33.8
1552813004.55 33.8
1552813014.57 33.8
1552813024.58 33.2
1552813034.6 33.8
1552813044.61 33.2
1552813054.63 33.2
1552813064.65 34.3
1552813074.66 34.3
1552813084.68 33.8
1552813094.69 33.8
1552813104.71 34.3
1552813114.73 33.2
1552813124.75 33.2
1552813134.77 33.8
1552813144.78 33.8
1552813154.79 34.3
1552813164.8 34.3
1552813174.82 33.2
1552813184.84 33.8
1552813194.85 33.2
