1552000003.01 31.1
1552000013.02 31.1
1552000023.04 32.2
1552000033.06 31.1
1552000043.07 31.1
1552000053.09 32.2
1552000063.11 31.1
1552000073.13 31.6
1552000083.15 31.1
1552000093.17 31.1
1552000103.18 31.1
1552000113.19 31.6
1552000123.21 30.6
1552000133.22 31.1
1552000143.24 31.1
1552000153.26 30.6
1552000163.29 31.1
1552000173.31 31.1
1552000183.33 30.6
1552000193.34 31.1
1552000203.36 32.2
1552000213.38 30.6
1552000223.39 31.1
1552000233.41 31.1
1552000243.42 31.6
1552000253.44 31.1
1552000263.45 31.1
1552000273.48 31.1
1552000283.49 31.6
1552000293.51 31.1
1552000303.52 31.1
1552000313.54 32.2
1552000323.55 31.1
1552000333.56 31.1
1552000343.58 30.6
1552000353.59 31.1
1552000363.6 31.1
1552000373.61 31.6
1552000383.63 30.6
1552000393.64 31.1
1552000403.66 30.6
1552000413.68 30.6
1552000423.7 30.6
1552000433.72 31.1
1552000443.74 30.6
1552000453.76 30.6
1552000463.77 30.6
1552000473.79 31.1
1552000483.8 30.6
1552000493.82 31.1
1552000503.84 30.0
1552000513.85 30.6
1552000523.87 31.1
1552000533.88 31.6
1552000543.9 31.1
1552000553.92 30.0
1552000563.94 31.1
1552000573.96 30.6
1552000583.97 31.1
1552000593.99 30.6
1552000604.0 30.6
1552000614.02 31.1
1552000624.04 31.1
1552000634.05 30.6
1552000644.07 30.6
1552000654.09 31.1
1552000664.11 30.6
1552000674.12 31.1
1552000684.14 31.1
1552000694.16 31.1
1552000704.17 31.1
1552000714.18 31.6
1552000724.19 31.1
1552000734.2 32.2
1552000744.22 31.1
1552000754.24 31.1
1552000764.26 31.1
1552000774.28 31.1
1552000784.3 31.1
1552000794.32 31.1
1552000804.34 31.1
1552000814.35 31.1
1552000824.37 30.6
1552000834.39 31.1
1552000844.41 31.1
1552000854.42 31.1
1552000864.44 31.1
1552000874.46 31.1
1552000884.48 31.6
1552000894.5 31.6
1552000904.51 31.1
1552000914.53 32.2
1552000924.55 31.1
1552000934.56 31.6
1552000944.58 32.2
1552000954.6 31.1
1552000964.62 31.6
1552000974.64 31.1
1552000984.65 31.1
1552000994.67 31.6
1552001004.69 31.6
1552001014.7 31.1
1552001024.71 32.2
1552001034.73 31.6
1552001044.74 32.2
1552001054.76 31.1
1552001064.78 31.1
1552001074.8 31.1
1552001084.81 31.1
1552001094.82 32.2
1552001104.84 31.1
1552001114.86 31.1
1552001124.87 32.2
1552001134.89 31.1
1552001144.9 31.1
1552001154.91 32.2
1552001164.93 31.6
1552001174.95 31.1
1552001184.97 31.1
1552001194.98 32.2
1552001205.0 31.6
1552001215.02 31.1
1552001225.03 31.1
1552001235.05 31.1
1552001245.07 31.1
1552001255.09 31.1
1552001265.1 31.1
1552001275.12 31.1
1552001285.14 31.1
1552001295.15 31.1
1552001305.17 31.6
1552001315.19 30.6
1552001325.2 31.1
1552001335.22 30.6
1552001345.25 31.1
1552001355.26 31.1
1552001365.28 31.1
1552001375.29 30.6
1552001385.31 30.6
1552001395.33 31.1
1552001405.35 30.6
1552001415.36 30.6
1552001425.38 30.0
1552001435.4 31.1
1552001445.42 31.1
1552001455.43 31.1
1552001465.45 30.6
1552001475.47 30.6
1552001485.49 30.6
1552001495.51 30.6
1552001505.53 30.6
1552001515.55 30.6
1552001525.57 30.6
1552001535.59 30.6
1552001545.6 30.6
1552001555.62 30.6
1552001565.63 31.1
1552001575.65 30.6
1552001585.67 30.0
1552001595.69 31.1
1552001605.71 30.0
1552001615.73 30.6
1552001625.75 30.6
1552001635.77 30.6
1552001645.79 30.6
1552001655.8 30.0
1552001665.82 30.6
1552001675.83 30.6
1552001685.84 31.1
1552001695.87 30.6
1552001705.89 30.0
1552001715.91 30.6
1552001725.93 30.6
1552001735.95 30.6
1552001745.96 30.6
1552001755.98 30.6
1552001765.99 30.6
1552001776.01 30.6
1552001786.02 31.1
1552001796.03 31.1
1552001806.05 30.6
1552001816.07 30.6
1552001826.08 30.6
1552001836.11 31.1
1552001846.12 31.1
1552001856.14 30.6
1552001866.16 31.1
1552001876.18 31.1
1552001886.19 31.1
1552001896.21 31.1
1552001906.22 30.6
1552001916.24 31.1
1552001926.25 31.1
1552001936.27 31.1
1552001946.28 31.1
1552001956.3 31.6
1552001966.32 31.1
1552001976.34 31.1
1552001986.36 31.1
1552001996.38 30.6
1552002006.4 31.1
1552002016.41 31.1
1552002026.43 31.1
1552002036.45 30.6
1552002046.46 31.1
1552002056.48 30.6
1552002066.5 30.6
1552002076.52 30.6
1552002086.54 30.6
1552002096.56 30.0
1552002106.57 31.1
1552002116.59 30.6
1552002126.61 31.1
1552002136.64 31.1
1552002146.66 31.1
1552002156.67 31.1
1552002166.69 31.1
1552002176.7 31.1
1552002186.72 31.1
1552002196.73 30.6
1552002206.75 31.1
1552002216.77 31.1
1552002226.78 30.6
1552002236.8 30.0
1552002246.81 31.6
1552002256.82 31.1
1552002266.84 31.1
1552002276.86 31.1
1552002286.87 31.1
1552002296.88 30.6
1552002306.9 31.1
1552002316.92 31.1
1552002326.94 30.0
1552002336.95 30.6
1552002346.97 30.0
1552002356.99 30.6
1552002367.01 31.1
1552002377.03 30.6
1552002387.05 30.6
1552002397.07 30.0
1552002407.09 31.1
1552002417.11 30.6
1552002427.12 31.1
1552002437.14 30.6
1552002447.16 30.6
1552002457.18 30.0
1552002467.19 30.6
1552002477.2 30.6
1552002487.22 30.6
1552002497.23 30.6
1552002507.25 30.0
1552002517.27 30.0
1552002527.29 30.0
1552002537.31 30.6
1552002547.33 31.1
1552002557.36 31.1
1552002567.38 30.6
1552002577.4 30.0
1552002587.41 30.6
1552002597.43 30.6
1552002607.45 31.1
1552002617.46 31.1
1552002627.48 31.1
1552002637.49 30.6
1552002647.51 30.6
1552002657.53 31.1
1552002667.54 30.0
1552002677.56 30.6
1552002687.58 31.1
1552002697.59 30.6
1552002707.61 31.1
1552002717.64 30.6
1552002727.66 30.6
1552002737.68 31.1
1552002747.7 31.1
1552002757.72 31.1
1552002767.74 31.1
1552002777.76 30.6
1552002787.78 30.6
1552002797.79 30.6
1552002807.81 30.6
1552002817.83 31.1
1552002827.84 31.6
1552002837.85 31.1
1552002847.87 30.6
1552002857.91 31.6
1552002867.92 31.6
1552002877.93 31.1
1552002887.95 30.0
1552002897.97 31.6
1552002907.99 31.1
1552002918.01 31.1
1552002928.03 31.1
1552002938.04 32.2
1552002948.06 31.1
1552002958.08 32.2
1552002968.1 31.6
1552002978.12 31.1
1552002988.13 31.1
1552002998.14 31.6
1552003008.16 31.1
1552003018.18 31.1
1552003028.2 31.6
1552003038.21 32.2
1552003048.22 32.2
1552003058.25 32.2
1552003068.26 32.2
1552003078.27 32.2
1552003088.29 32.2
1552003098.3 32.2
1552003108.32 32.2
1552003118.34 31.1
1552003128.35 32.2
1552003138.37 32.2
1552003148.38 32.2
1552003158.41 32.2
1552003168.42 32.2
1552003178.44 32.2
1552003188.46 31.1
1552003198.48 30.6
