1552200006.96 32.2
1552200016.98 32.2
1552200027.0 32.2
1552200037.02 32.2
1552200047.04 32.2
1552200057.05 32.2
1552200067.07 32.2
1552200077.1 32.2
1552200087.11 32.2
1552200097.13 32.2
1552200107.15 32.2
1552200117.17 32.2
1552200127.19 31.6
1552200137.21 32.2
1552200147.23 32.7
1552200157.25 31.6
1552200167.27 32.2
1552200177.3 32.2
1552200187.31 32.2
1552200197.33 32.2
1552200207.35 32.2
1552200217.38 32.2
1552200227.4 32.2
1552200237.42 32.2
1552200247.44 32.2
1552200257.46 32.2
1552200267.48 32.2
1552200277.5 32.2
1552200287.52 32.2
1552200297.54 32.2
1552200307.57 32.2
1552200317.59 31.6
1552200327.61 32.2
1552200337.64 32.2
1552200347.66 32.2
1552200357.68 32.2
1552200367.7 32.2
1552200377.72 32.2
1552200387.74 32.2
1552200397.76 31.6
1552200407.77 32.7
1552200417.79 32.2
1552200427.81 32.2
1552200437.83 32.2
1552200447.85 31.1
1552200457.87 32.2
1552200467.89 32.2
1552200477.91 32.2
1552200487.93 32.2
1552200497.95 32.2
1552200507.97 32.2
1552200517.99 32.2
1552200528.01 32.2
1552200538.03 32.2
1552200548.05 32.2
1552200558.07 32.7
1552200568.09 32.2
1552200578.11 32.2
1552200588.13 32.2
1552200598.15 32.2
1552200608.17 32.2
1552200618.19 32.2
1552200628.21 32.2
1552200638.23 32.2
1552200648.25 32.2
1552200658.27 32.2
1552200668.29 32.2
1552200678.31 32.2
1552200688.33 32.2
1552200698.35 32.2
1552200708.37 32.7
1552200718.39 32.2
1552200728.41 32.2
1552200738.43 32.2
1552200748.45 32.2
1552200758.47 32.2
1552200768.49 31.6
1552200778.51 31.6
1552200788.53 32.2
1552200798.55 32.2
1552200808.57 33.2
1552200818.59 31.6
1552200828.61 32.2
1552200838.63 32.2
1552200848.65 32.2
1552200858.67 32.2
1552200868.68 32.2
1552200878.71 31.6
1552200888.73 32.2
1552200898.75 32.2
1552200908.77 32.2
1552200918.79 32.2
1552200928.81 32.2
1552200938.83 32.2
1552200948.85 32.2
1552200958.87 32.2
1552200968.89 32.2
1552200978.92 32.2
1552200988.94 32.2
1552200998.96 32.2
1552201008.98 32.2
1552201019.0 32.2
1552201029.02 32.2
1552201039.05 32.2
1552201049.07 32.2
1552201059.08 32.2
1552201069.1 32.2
1552201079.12 32.2
1552201089.14 31.6
1552201099.16 32.2
1552201109.17 32.2
1552201119.19 32.2
1552201129.2 32.2
1552201139.22 32.2
1552201149.24 32.2
1552201159.25 32.2
1552201169.27 32.2
1552201179.28 32.2
1552201189.3 32.2
1552201199.31 32.2
1552201209.33 32.7
1552201219.35 32.7
1552201229.37 32.2
1552201239.39 32.7
1552201249.41 32.2
1552201259.43 32.7
1552201269.44 32.7
1552201279.46 32.7
1552201289.48 32.2
1552201299.5 32.7
1552201309.52 32.2
1552201319.54 32.2
1552201329.56 32.2
1552201339.58 32.2
1552201349.6 32.2
1552201359.61 33.2
1552201369.63 32.7
1552201379.65 33.2
1552201389.67 32.2
1552201399.69 32.2
1552201409.71 32.7
1552201419.73 32.2
1552201429.74 32.2
1552201439.76 32.7
1552201449.79 32.2
1552201459.81 33.2
1552201469.83 32.7
1552201479.85 33.2
1552201489.87 33.2
1552201499.89 32.2
1552201509.91 32.7
1552201519.93 33.2
1552201529.95 32.7
1552201539.97 33.2
1552201549.99 33.2
1552201560.01 32.7
1552201570.03 32.7
1552201580.05 32.7
1552201590.07 33.2
1552201600.09 32.2
1552201610.11 32.7
1552201620.13 33.2
1552201630.15 33.2
1552201640.17 32.7
1552201650.19 33.2
1552201660.21 32.7
1552201670.22 33.2
1552201680.24 32.7
1552201690.26 32.7
1552201700.28 32.7
1552201710.3 32.7
1552201720.31 32.2
1552201730.33 33.2
1552201740.35 32.7
1552201750.36 32.7
1552201760.38 32.7
1552201770.4 33.2
1552201780.41 33.2
1552201790.42 32.7
1552201800.44 33.2
1552201810.47 32.7
1552201820.48 33.2
1552201830.5 33.2
1552201840.52 32.7
1552201850.53 33.2
1552201860.55 33.2
1552201870.57 33.2
1552201880.59 32.7
1552201890.61 32.7
1552201900.63 33.2
1552201910.65 32.2
1552201920.66 32.7
1552201930.68 32.7
1552201940.7 33.2
1552201950.71 32.2
1552201960.73 33.8
1552201970.75 33.2
1552201980.76 32.7
1552201990.78 32.7
1552202000.79 32.7
1552202010.81 32.7
1552202020.83 33.2
1552202030.85 33.2
1552202040.86 33.2
1552202050.88 33.2
1552202060.9 34.3
1552202070.91 32.7
1552202080.92 33.8
1552202090.94 33.2
1552202100.95 33.8
1552202110.97 32.7
1552202120.99 33.2
1552202131.01 33.2
1552202141.03 32.7
1552202151.04 32.7
1552202161.06 32.7
1552202171.08 32.7
1552202181.1 33.2
1552202191.12 32.7
1552202201.14 33.8
1552202211.16 33.8
1552202221.18 33.2
1552202231.21 33.2
1552202241.23 33.8
1552202251.24 33.2
1552202261.26 34.3
1552202271.28 33.2
1552202281.3 33.8
1552202291.32 33.2
1552202301.34 34.3
1552202311.35 34.3
1552202321.37 33.2
1552202331.4 33.2
1552202341.42 33.2
1552202351.43 33.2
1552202361.45 33.2
1552202371.47 33.8
1552202381.49 33.8
1552202391.52 34.3
1552202401.53 33.8
1552202411.55 34.3
1552202421.57 33.2
1552202431.59 33.8
1552202441.61 33.8
1552202451.63 33.8
1552202461.65 33.2
1552202496.21 33.8
1552202506.23 33.2
1552202516.25 33.2
1552202526.27 33.2
1552202536.29 33.2
1552202546.31 33.8
1552202556.33 33.2
1552202566.36 33.8
1552202576.38 33.8
1552202586.39 33.2
1552202596.41 33.8
1552202606.42 34.3
1552202616.44 33.2
1552202626.46 33.2
1552202636.49 33.2
1552202646.51 32.7
1552202656.53 33.2
1552202666.55 33.2
1552202676.56 33.8
1552202686.58 33.8
1552202696.59 33.2
1552202706.61 33.8
1552202716.62 33.2
1552202726.64 33.2
1552202736.66 33.2
1552202746.68 33.2
1552202756.7 33.8
1552202766.73 33.2
1552202776.74 33.2
1552202786.77 33.2
1552202796.79 33.8
1552202806.81 33.8
1552202816.83 33.2
1552202826.85 33.2
1552202836.87 33.2
1552202846.89 33.2
1552202856.91 33.8
1552202866.92 33.2
1552202876.94 33.2
1552202886.95 34.3
1552202896.97 33.8
1552202906.99 33.2
1552202917.01 33.8
1552202927.03 33.2
1552202937.05 33.8
1552202947.07 33.2
1552202957.09 33.8
1552202967.11 34.3
1552202977.13 33.8
1552202987.15 33.8
1552202997.17 34.3
1552203007.19 33.8
1552203017.2 33.8
1552203027.23 34.3
1552203037.25 33.8
1552203047.26 34.3
1552203057.28 33.8
1552203067.3 34.3
1552203077.31 33.8
1552203087.33 34.3
1552203097.35 33.8
1552203107.37 33.8
1552203117.39 33.8
1552203127.41 33.8
1552203137.43 34.3
1552203147.44 33.8
1552203157.46 34.3
1552203167.48 33.8
1552203177.51 33.2
1552203187.52 34.3
1552203197.53 34.3
1552203207.55 33.8
1552203217.58 34.3
1552203227.6 34.3
1552203237.62 34.3
1552203247.64 34.3
1552203257.66 34.3
1552203267.68 34.3
1552203277.7 34.3
1552203287.72 34.3
1552203297.74 34.3
1552203307.75 34.3
1552203317.77 33.8
1552203327.79 33.8
1552203337.81 34.3
1552203347.83 34.3
1552203357.85 34.3
1552203367.87 33.8
1552203377.89 34.3
1552203387.91 33.8
1552203397.93 34.3
1552203407.94 34.3
1552203417.96 34.3
1552203427.97 34.3
1552203437.99 33.8
1552203448.01 33.8
1552203458.03 34.3
1552203468.05 33.8
1552203478.07 34.3
1552203488.09 33.2
1552203498.11 33.8
1552203508.13 34.3
1552203518.15 34.3
1552203528.16 34.3
1552203538.18 33.8
1552203548.2 33.8
1552203558.22 34.3
1552203568.24 33.8
1552203578.26 33.8
1552203588.28 34.3
1552203598.3 33.8
1552203608.31 33.8
1552203618.32 34.3
1552203628.34 33.8
1552203638.36 33.8
1552203648.38 34.3
1552203658.4 34.3
1552203668.42 34.3
1552203678.44 34.3
1552203688.46 34.3
1552203698.48 33.8
1552203708.5 34.3
1552203718.51 34.3
1552203728.53 34.3
1552203738.55 34.3
1552203748.57 34.3
1552203758.59 33.8
1552203768.6 34.9
1552203778.63 34.9
1552203788.64 34.3
1552203798.66 34.3
1552203808.68 34.3
1552203818.7 34.3
1552203828.72 33.8
1552203838.74 33.8
1552203848.76 34.3
1552203858.77 34.9
1552203868.79 34.3
1552203878.81 34.3
1552203888.83 34.3
1552203898.85 34.3
1552203908.87 34.3
1552203918.89 34.3
1552203928.91 34.3
1552203938.93 34.3
1552203948.95 34.3
1552203958.97 33.8
1552203968.99 34.3
1552203979.01 33.8
1552203989.04 34.3
1552203999.05 34.3
1552204009.07 34.3
1552204019.09 34.3
1552204029.11 34.3
1552204039.13 34.9
1552204049.15 34.3
1552204059.17 34.3
1552204069.19 34.3
1552204079.21 34.3
1552204089.23 34.3
1552204099.25 34.3
1552204109.27 33.8
1552204119.29 34.9
1552204129.3 33.2
1552204139.32 34.3
1552204149.34 34.3
1552204159.36 33.8
1552204169.38 34.3
1552204179.4 34.3
1552204189.42 34.3
1552204199.43 34.3
1552204209.45 33.8
1552204219.48 34.3
1552204229.5 34.3
1552204239.52 34.3
1552204249.54 34.3
1552204259.56 34.9
1552204269.57 34.3
1552204279.59 34.3
1552204289.61 34.3
1552204299.63 33.8
1552204309.65 34.3
1552204319.67 34.3
1552204329.69 34.3
1552204339.7 34.3
1552204349.73 34.3
1552204359.74 34.9
1552204369.76 34.3
1552204379.78 33.8
1552204389.8 34.3
1552204399.82 34.3
1552204409.84 34.3
1552204419.86 34.3
1552204429.88 34.3
1552204439.9 33.8
1552204449.92 33.8
1552204459.94 34.3
1552204469.96 34.3
1552204479.98 34.3
1552204490.0 34.3
1552204500.02 33.8
1552204510.04 34.3
1552204520.05 34.9
1552204530.08 34.3
1552204540.1 34.3
1552204550.12 34.3
1552204560.14 34.9
1552204570.16 34.9
1552204580.18 34.3
1552204590.2 34.3
1552204600.22 34.9
1552204610.24 34.3
1552204620.26 34.3
1552204630.28 34.3
1552204640.3 34.9
1552204650.32 34.3
1552204660.34 34.3
1552204670.36 34.3
1552204680.39 34.9
1552204690.41 34.9
1552204700.43 34.3
1552204710.45 34.3
1552204720.47 34.3
1552204730.49 34.3
1552204740.51 34.3
1552204750.53 34.3
1552204760.55 34.9
1552204770.57 34.3
1552204780.59 34.3
1552204790.61 34.3
1552204800.63 34.9
