1552100007.47 33.2
1552100017.48 32.2
1552100027.5 32.2
1552100037.51 33.8
1552100047.53 32.2
1552100057.55 33.2
1552100067.56 33.8
1552100077.57 33.8
1552100087.59 32.2
1552100097.61 33.2
1552100107.63 32.2
1552100117.64 32.2
1552100127.66 32.7
1552100137.68 32.7
1552100147.69 32.2
1552100157.71 32.7
1552100167.73 32.2
1552100177.75 33.2
1552100187.77 33.2
1552100197.78 33.2
1552100207.8 33.2
1552100217.82 32.7
1552100227.84 33.2
1552100237.86 32.7
1552100247.87 32.7
1552100257.89 33.2
1552100267.91 33.8
1552100277.93 32.2
1552100287.95 33.2
1552100297.97 33.2
1552100307.99 32.7
1552100318.01 33.2
1552100328.02 32.2
1552100338.04 33.8
1552100348.06 32.2
1552100358.08 32.2
1552100368.1 32.2
1552100378.12 32.2
1552100388.13 32.7
1552100398.15 32.2
1552100408.17 33.2
1552100418.18 32.7
1552100428.2 32.7
1552100438.22 32.2
1552100448.23 32.7
1552100458.25 33.8
1552100468.27 32.2
1552100478.29 32.2
1552100488.31 32.2
1552100498.33 32.2
1552100508.35 32.2
1552100518.37 32.2
1552100528.39 32.2
1552100538.41 31.6
1552100548.43 32.7
1552100558.45 32.2
1552100568.47 32.2
1552100578.49 32.2
1552100588.51 32.7
1552100598.53 32.2
1552100608.55 32.2
1552100618.57 32.2
1552100628.59 32.2
1552100638.61 33.2
1552100648.63 33.2
1552100658.65 32.2
1552100668.66 32.7
1552100678.68 32.7
1552100688.69 33.2
1552100698.71 32.7
1552100708.73 32.2
1552100718.75 32.2
1552100728.77 32.7
1552100738.79 33.2
1552100748.81 32.7
1552100758.82 33.2
1552100768.84 33.2
1552100778.86 33.2
1552100788.88 33.2
1552100798.9 33.2
1552100808.92 34.3
1552100818.93 33.8
1552100828.95 33.2
1552100838.96 33.2
1552100848.98 33.2
1552100859.0 32.7
1552100869.01 33.2
1552100879.02 33.8
1552100889.04 33.2
1552100899.05 33.2
1552100909.07 33.2
1552100919.08 33.2
1552100929.1 33.2
1552100939.12 32.7
1552100949.13 33.2
1552100959.15 32.7
1552100969.18 32.7
1552100979.19 33.2
1552100989.21 33.2
1552100999.23 32.7
1552101009.25 32.2
1552101019.27 32.7
1552101029.29 33.2
1552101039.31 32.2
1552101049.32 33.2
1552101059.34 33.2
1552101069.36 32.7
1552101079.37 32.2
1552101089.39 32.7
1552101099.41 32.7
1552101109.43 32.7
1552101119.45 32.2
1552101129.46 32.2
1552101139.48 32.7
1552101149.5 32.2
1552101159.52 32.2
1552101169.53 32.7
1552101179.55 32.7
1552101189.57 32.2
1552101199.59 32.2
1552101209.61 32.2
1552101219.63 33.2
1552101229.64 32.2
1552101239.66 32.7
1552101249.67 32.7
1552101259.69 32.2
1552101269.7 32.2
1552101279.71 32.7
1552101289.74 32.7
1552101299.75 33.2
1552101309.76 32.7
1552101319.78 32.2
1552101329.79 32.7
1552101339.81 32.2
1552101349.82 33.2
1552101359.84 32.2
1552101369.86 32.2
1552101379.88 32.2
1552101389.9 32.2
1552101399.92 32.2
1552101409.95 32.2
1552101419.97 32.2
1552101429.98 32.2
1552101440.01 32.2
1552101450.02 33.2
1552101460.03 32.7
1552101470.05 32.2
1552101480.07 32.2
1552101490.09 32.2
1552101500.11 32.7
1552101510.13 32.2
1552101520.15 32.2
1552101530.17 32.2
1552101540.19 32.2
1552101550.21 32.2
1552101560.23 33.2
1552101570.24 32.2
1552101580.26 32.2
1552101590.28 32.2
1552101600.3 32.7
1552101610.32 33.2
1552101620.34 31.6
1552101630.37 32.2
1552101640.39 33.2
1552101650.4 33.2
1552101660.42 33.2
1552101670.43 33.2
1552101680.45 32.7
1552101690.46 33.8
1552101700.48 33.2
1552101710.5 32.2
1552101720.52 32.2
1552101730.54 32.7
1552101740.56 32.7
1552101750.57 32.7
1552101760.59 33.8
1552101770.6 32.7
1552101780.62 33.2
1552101790.64 33.8
1552101800.66 33.2
1552101810.68 32.2
1552101820.7 32.7
1552101830.72 32.7
1552101840.74 32.7
1552101850.75 33.2
1552101860.77 32.7
1552101870.78 32.2
1552101880.81 33.2
1552101890.82 33.2
1552101900.84 33.8
1552101910.86 33.8
1552101920.87 33.2
1552101930.88 33.8
1552101940.9 33.2
1552101950.91 33.8
1552101960.91 33.2
1552101970.94 32.7
1552101980.96 33.2
1552101990.97 33.2
1552102000.98 33.8
1552102011.0 33.8
1552102021.02 33.8
1552102031.04 33.2
1552102041.06 34.3
1552102051.08 34.3
1552102061.09 33.8
1552102071.11 34.3
1552102081.13 33.2
1552102091.15 33.2
1552102101.17 33.2
1552102111.19 33.2
1552102121.2 33.2
1552102131.22 33.8
1552102141.24 32.7
1552102151.26 33.2
1552102161.28 32.2
1552102171.3 32.7
1552102181.31 33.2
1552102191.33 33.2
1552102201.34 32.7
1552102211.36 32.2
1552102221.38 32.2
1552102231.4 33.2
1552102241.42 32.7
1552102251.43 33.2
1552102261.45 32.2
1552102271.47 33.2
1552102281.49 33.2
1552102291.5 33.2
1552102301.51 32.7
1552102311.53 33.2
1552102321.55 32.7
1552102331.56 33.2
1552102341.58 32.2
1552102351.6 32.2
1552102361.62 32.7
1552102371.64 32.7
1552102381.66 32.2
1552102391.68 32.7
1552102401.7 32.2
1552102411.72 32.2
1552102421.74 33.2
1552102431.76 32.7
1552102441.77 32.2
1552102451.79 32.7
1552102461.82 32.2
1552102471.84 32.2
1552102481.86 32.2
1552102491.88 32.2
1552102501.9 32.2
1552102511.92 32.2
1552102521.94 32.2
1552102531.96 32.2
1552102541.98 32.7
1552102551.99 32.2
1552102562.01 32.2
1552102572.03 32.2
1552102582.05 32.2
1552102592.07 32.2
1552102602.08 32.7
1552102612.1 32.2
1552102622.12 32.2
1552102632.14 32.2
1552102642.15 33.2
1552102652.16 32.2
1552102662.18 32.7
1552102672.19 32.2
1552102682.21 32.2
1552102692.23 32.7
1552102702.24 32.7
1552102712.26 32.7
1552102722.27 31.6
1552102732.29 32.2
1552102742.31 32.2
1552102752.33 32.2
1552102762.35 31.6
1552102772.37 32.2
1552102782.39 32.2
1552102792.41 32.2
1552102802.43 32.2
1552102812.44 32.7
1552102822.46 32.7
1552102832.48 32.7
1552102842.5 32.2
1552102852.51 32.7
1552102862.53 32.2
1552102872.54 32.2
1552102882.56 32.2
1552102892.57 32.2
1552102902.59 32.7
1552102912.61 32.2
1552102922.63 32.2
1552102932.69 32.7
1552102942.7 32.7
1552102952.71 33.2
1552102962.73 33.2
1552102972.74 32.2
1552102982.76 33.2
1552102992.78 32.7
1552103002.81 33.2
1552103012.83 32.7
1552103022.85 33.2
1552103032.86 32.7
1552103042.88 32.2
1552103052.9 32.2
1552103062.92 32.2
1552103072.94 32.7
1552103082.96 33.2
1552103092.98 32.7
1552103103.0 32.2
1552103113.02 32.2
1552103123.04 32.2
1552103133.06 32.2
1552103143.07 33.2
1552103153.09 32.2
1552103163.1 32.2
1552103173.12 32.2
1552103183.14 32.7
1552103193.15 33.2
1552103203.18 32.7
1552103213.2 32.2
1552103223.22 32.7
1552103233.24 33.2
1552103243.26 32.2
1552103253.28 32.2
1552103263.3 32.7
1552103273.31 33.2
1552103283.33 32.2
1552103293.35 32.2
1552103303.37 32.2
1552103313.38 32.7
1552103323.4 32.2
1552103333.41 32.2
1552103343.43 32.2
1552103353.45 32.2
1552103363.46 32.2
1552103373.48 32.2
1552103383.5 32.7
1552103393.52 32.2
1552103403.54 32.2
1552103413.56 32.2
1552103423.58 32.2
1552103433.59 32.2
1552103443.6 32.2
1552103453.62 32.2
1552103463.63 33.2
1552103473.65 32.7
1552103483.66 32.2
1552103493.69 32.2
1552103503.7 32.2
1552103513.72 32.2
1552103523.74 32.2
1552103533.76 31.6
1552103543.77 32.2
1552103553.79 32.2
1552103563.81 32.2
1552103573.83 32.2
1552103583.84 32.2
1552103593.85 32.2
1552103603.87 32.2
1552103613.89 32.2
1552103623.9 31.6
1552103633.92 32.2
1552103643.94 32.2
1552103653.95 31.6
1552103663.97 32.2
1552103673.99 32.2
1552103684.01 32.2
1552103694.02 32.7
1552103704.04 32.7
1552103714.05 32.7
1552103724.07 32.7
1552103734.08 32.7
1552103744.1 32.2
1552103754.12 32.2
1552103764.14 32.2
1552103774.15 32.2
1552103784.17 32.7
1552103794.19 32.2
1552103804.2 32.2
1552103814.22 32.2
1552103824.23 32.2
1552103834.25 32.2
1552103844.27 32.2
1552103854.29 32.2
1552103864.31 32.7
1552103874.33 32.2
1552103884.35 32.2
1552103894.36 32.2
1552103904.38 31.6
1552103914.4 32.2
1552103924.42 32.2
1552103934.44 32.2
1552103944.46 32.2
1552103954.48 32.2
1552103964.5 32.2
1552103974.52 32.2
1552103984.54 31.6
1552103994.56 32.2
1552104004.58 32.2
1552104014.6 32.2
1552104024.62 32.2
1552104034.64 32.2
1552104044.66 32.2
1552104054.69 32.2
1552104064.71 32.2
1552104074.73 32.7
1552104084.74 33.2
1552104094.76 32.2
1552104104.77 32.7
1552104114.79 32.7
1552104124.81 32.2
1552104134.83 33.2
1552104144.85 31.6
1552104154.87 32.2
1552104164.88 32.2
1552104174.89 31.1
1552104184.91 32.2
1552104194.93 32.2
1552104204.94 32.2
1552104214.97 31.6
1552104224.99 32.2
1552104235.01 32.2
1552104245.02 32.2
1552104255.04 32.2
1552104265.06 32.2
1552104275.08 32.2
1552104285.1 32.2
1552104295.12 32.2
1552104305.14 32.2
1552104315.16 31.1
1552104325.18 32.2
1552104335.2 31.6
1552104345.22 32.2
1552104355.24 32.2
1552104365.26 32.2
1552104375.27 32.2
1552104385.28 32.2
1552104395.3 31.6
1552104405.32 32.2
1552104415.33 31.6
1552104425.35 32.2
1552104435.37 32.2
1552104445.38 32.2
1552104455.4 32.2
1552104465.41 32.2
1552104475.42 32.2
1552104485.44 31.1
1552104495.46 32.2
1552104505.48 32.7
1552104515.5 31.6
1552104525.52 31.6
1552104535.53 31.1
1552104545.55 31.1
1552104555.57 32.2
1552104565.59 31.1
1552104575.61 32.2
1552104585.62 32.2
1552104595.63 32.2
1552104605.65 32.2
1552104615.66 31.6
1552104625.68 32.2
1552104635.69 32.2
1552104645.71 31.1
1552104655.73 32.2
1552104665.74 32.2
1552104675.76 32.2
1552104685.78 32.2
1552104695.79 32.7
1552104705.8 32.2
1552104715.82 32.2
1552104725.84 32.2
1552104735.85 32.2
1552104745.87 32.2
1552104755.88 32.2
1552104765.89 32.7
1552104775.91 32.2
1552104785.93 31.1
1552104795.94 32.2
1552104805.96 32.7
1552104815.98 32.2
1552104825.99 32.2
1552104836.0 32.2
1552104846.01 32.2
1552104856.03 31.6
1552104866.05 31.1
1552104876.07 32.2
1552104886.08 32.2
1552104896.1 31.6
1552104906.12 32.2
1552104916.14 31.6
1552104926.15 32.2
1552104936.17 32.2
1552104946.19 32.2
1552104956.2 31.1
1552104966.22 32.7
1552104976.24 31.6
1552104986.25 32.2
1552104996.27 31.6
1552105006.29 31.1
1552105016.31 31.1
1552105026.33 31.1
1552105036.35 31.6
1552105046.37 31.1
1552105056.39 31.1
1552105066.41 31.1
1552105076.44 30.6
1552105086.46 30.6
1552105096.48 31.1
1552105106.5 31.1
1552105116.52 31.1
1552105126.53 31.1
1552105136.54 31.1
1552105146.56 31.6
1552105156.58 31.1
1552105166.59 30.6
1552105176.61 31.1
1552105186.62 32.2
1552105196.64 31.1
1552105206.65 32.2
1552105216.67 32.2
1552105226.68 31.1
1552105236.7 31.6
1552105246.71 32.2
1552105256.73 31.1
1552105266.74 31.1
1552105276.76 31.1
1552105286.78 32.2
1552105296.79 30.6
1552105306.81 32.2
1552105316.83 31.6
1552105326.84 31.1
1552105336.86 31.1
1552105346.88 32.2
1552105356.9 32.7
1552105366.91 32.2
1552105376.93 32.2
1552105386.95 32.2
1552105396.97 31.1
1552105406.99 32.2
1552105417.01 32.2
1552105427.02 32.2
1552105437.04 32.2
1552105447.06 31.1
1552105457.08 32.2
1552105467.09 32.2
1552105477.11 32.2
1552105487.13 32.2
1552105497.15 32.7
1552105507.17 32.2
1552105517.18 32.7
1552105527.2 31.6
1552105537.22 32.2
1552105547.23 32.2
1552105557.26 32.2
1552105567.27 32.2
1552105577.28 31.6
1552105587.3 32.2
1552105597.32 31.1
1552105607.34 32.2
1552105617.36 32.2
1552105627.38 32.2
1552105637.39 32.2
1552105647.41 32.2
1552105657.42 32.2
1552105667.43 32.2
1552105677.45 32.2
1552105687.46 33.2
1552105697.48 32.2
1552105707.5 32.2
1552105717.51 31.6
1552105727.53 31.1
1552105737.55 32.2
1552105747.56 31.1
1552105757.58 31.6
1552105767.59 31.1
1552105777.61 31.6
1552105787.63 31.6
1552105797.65 31.6
1552105807.67 31.1
1552105817.68 32.2
1552105827.7 31.1
1552105837.72 31.1
1552105847.74 32.2
1552105857.76 31.6
1552105867.78 31.1
1552105877.8 31.6
1552105887.82 31.6
1552105897.83 32.2
1552105907.85 31.1
1552105917.87 31.6
1552105927.88 32.2
1552105937.9 31.1
1552105947.92 31.1
1552105957.94 31.6
1552105967.95 31.6
1552105977.97 32.2
1552105987.98 32.2
1552105997.99 32.2
1552106008.01 31.6
1552106018.03 31.1
1552106028.04 32.2
1552106038.06 31.6
1552106048.07 31.6
1552106058.09 32.2
1552106068.1 32.2
1552106078.12 31.6
1552106088.13 32.2
1552106098.15 32.2
1552106108.16 32.2
1552106118.18 31.1
1552106128.19 32.2
1552106138.21 31.1
1552106148.22 31.1
1552106158.24 32.2
1552106168.25 31.1
1552106178.26 32.2
1552106188.28 31.1
1552106198.31 31.1
1552106208.32 31.6
1552106218.33 31.1
1552106228.35 31.6
1552106238.37 31.1
1552106248.38 32.2
1552106258.4 31.6
1552106268.42 31.6
1552106278.43 31.1
1552106288.45 31.1
1552106298.47 31.1
1552106308.49 31.1
1552106318.5 32.2
1552106328.52 31.1
1552106338.54 31.1
1552106348.55 30.6
1552106358.57 31.1
1552106368.6 31.1
1552106378.62 30.6
1552106388.64 31.1
1552106398.66 31.1
1552106408.67 32.2
1552106418.69 31.1
1552106428.71 30.6
1552106438.72 31.6
1552106448.74 31.6
1552106458.76 31.6
1552106468.78 31.6
1552106478.79 30.6
1552106488.81 31.1
1552106498.83 32.2
1552106508.84 31.1
1552106518.86 30.6
1552106528.88 31.1
1552106538.9 31.6
1552106548.92 31.1
1552106558.94 31.1
1552106568.96 31.1
1552106578.98 31.1
1552106588.99 31.6
1552106599.02 31.1
1552106609.04 30.6
1552106619.06 30.6
1552106629.08 30.6
1552106639.1 31.1
1552106649.11 30.6
1552106659.13 31.1
1552106669.15 31.1
1552106679.16 31.1
1552106689.18 31.1
1552106699.19 31.1
1552106709.21 30.6
1552106719.23 31.1
1552106729.25 30.6
1552106739.27 31.1
1552106749.28 31.1
1552106759.3 31.1
1552106769.32 30.6
1552106779.33 30.6
1552106789.35 31.1
1552106799.37 31.1
1552106809.38 30.6
1552106819.39 31.6
1552106829.41 31.1
1552106839.43 31.1
1552106849.44 31.1
1552106859.46 31.6
1552106869.47 31.6
1552106879.49 31.1
1552106889.51 31.1
1552106899.52 30.0
1552106909.54 31.1
1552106919.55 31.1
1552106929.57 31.1
1552106939.59 30.6
1552106949.6 30.6
1552106959.62 30.6
1552106969.64 30.6
1552106979.66 30.6
1552106989.67 31.1
1552106999.69 30.6
1552107009.71 31.1
1552107019.73 32.2
1552107029.75 31.1
1552107039.77 31.1
1552107049.79 30.6
1552107059.8 31.1
1552107069.82 30.6
1552107079.84 31.1
1552107089.86 31.1
1552107099.87 30.6
1552107109.89 30.0
1552107119.91 30.6
1552107129.93 30.6
1552107139.95 31.1
1552107149.97 31.1
1552107159.98 31.1
1552107169.99 31.1
1552107180.01 31.1
1552107190.03 31.1
1552107200.05 31.1
1552107210.07 31.1
1552107220.08 31.1
1552107230.1 31.1
1552107240.11 31.1
1552107250.13 31.1
1552107260.15 30.6
1552107270.17 30.6
1552107280.18 31.1
1552107290.2 31.1
1552107300.22 31.1
1552107310.24 31.1
1552107320.26 30.6
1552107330.29 30.0
1552107340.3 31.1
1552107350.32 31.1
1552107360.35 31.1
1552107370.37 30.6
1552107380.38 31.1
1552107390.39 31.1
1552107400.41 30.6
1552107410.42 31.1
1552107420.44 30.6
1552107430.46 31.1
1552107440.48 31.1
1552107450.5 31.1
1552107460.51 31.1
1552107470.53 30.6
1552107480.55 30.0
1552107490.56 30.6
1552107500.58 31.1
1552107510.6 30.6
1552107520.62 31.1
1552107530.64 30.0
1552107540.66 30.6
1552107550.68 30.0
1552107560.71 30.0
1552107570.73 31.1
1552107580.75 30.6
1552107590.76 30.6
1552107600.77 31.1
