1553200004.32 48.9
1553200014.33 48.3
1553200024.34 49.4
1553200034.36 48.3
1553200044.38 48.3
1553200054.4 48.3
1553200064.41 48.3
1553200074.43 47.8
1553200084.44 48.3
1553200094.46 48.9
1553200104.48 48.3
1553200114.49 48.3
1553200124.51 47.8
1553200134.53 48.3
1553200144.54 48.3
1553200154.55 48.3
1553200164.57 47.8
1553200174.58 47.8
1553200184.59 48.3
1553200194.61 48.3
1553200204.62 48.3
1553200214.69 48.3
1553200224.71 48.3
1553200234.73 48.3
1553200244.74 47.8
1553200254.76 47.2
1553200264.78 48.3
1553200274.8 47.8
1553200284.81 47.8
1553200294.83 48.3
1553200304.84 48.3
1553200314.86 47.2
1553200324.87 47.8
1553200334.89 48.9
1553200344.9 48.3
1553200354.92 48.3
1553200364.94 47.8
1553200374.96 47.2
1553200384.98 47.8
1553200395.0 48.3
1553200405.01 47.8
1553200415.03 48.3
1553200425.05 47.8
1553200435.06 48.3
1553200445.08 47.8
1553200455.09 47.2
1553200465.11 48.3
1553200475.12 48.3
1553200485.14 48.3
1553200495.16 48.3
1553200505.17 49.4
1553200515.19 48.3
1553200525.2 48.3
1553200535.21 47.8
1553200545.23 47.2
1553200555.24 47.2
1553200565.26 47.8
1553200575.28 47.8
1553200585.29 47.8
1553200595.31 48.3
1553200605.32 47.8
1553200615.34 47.8
1553200625.35 48.3
1553200635.36 47.8
1553200645.38 48.3
1553200655.39 48.9
1553200665.4 48.3
1553200675.42 48.3
1553200685.43 48.3
1553200695.45 48.3
1553200705.46 48.3
1553200715.48 48.3
1553200725.5 48.3
1553200735.51 48.3
1553200745.52 48.3
1553200755.53 48.3
1553200765.54 48.3
1553200775.55 48.3
1553200785.57 48.3
1553200795.58 48.3
1553200805.6 48.9
1553200815.61 48.9
1553200825.63 49.4
1553200835.64 48.3
1553200845.66 49.4
1553200855.67 48.9
1553200865.68 48.3
1553200875.7 48.3
1553200885.72 48.3
1553200895.73 48.9
1553200905.75 48.3
1553200915.77 49.4
1553200925.78 48.9
1553200935.8 48.3
1553200945.81 48.9
1553200955.83 48.9
1553200965.84 49.4
1553200975.85 48.9
1553200985.86 49.4
1553200995.88 48.9
1553201005.91 48.3
1553201015.92 48.9
1553201025.94 48.3
1553201035.96 49.4
1553201045.98 48.3
1553201056.0 48.9
1553201066.02 49.4
1553201076.03 48.9
1553201086.05 48.3
1553201096.07 48.9
1553201106.08 48.3
1553201116.1 48.9
1553201126.11 48.9
1553201136.13 48.3
1553201146.15 48.3
1553201156.16 48.3
1553201166.18 49.4
1553201176.19 48.9
1553201186.21 49.4
1553201196.23 48.9
1553201206.25 48.3
1553201216.26 48.3
1553201226.28 49.4
1553201236.3 47.8
1553201246.31 48.3
1553201256.33 47.8
1553201266.34 48.3
1553201276.36 47.8
1553201286.37 48.3
1553201296.39 48.3
1553201306.4 48.3
1553201316.42 48.3
1553201326.44 48.9
1553201336.45 48.3
1553201346.46 48.3
1553201356.47 48.3
1553201366.49 48.3
1553201376.51 48.3
1553201386.53 48.3
1553201396.55 48.3
1553201406.57 48.9
1553201416.58 48.3
1553201426.59 48.3
1553201436.6 48.9
1553201446.62 47.8
1553201456.63 48.9
1553201466.65 48.3
1553201476.66 48.3
1553201486.68 47.8
1553201496.69 48.3
1553201506.7 48.3
1553201516.71 48.3
1553201526.72 48.3
1553201536.74 48.3
1553201546.75 48.3
1553201556.77 48.3
1553201566.79 47.8
1553201576.81 47.8
1553201586.82 48.3
1553201596.83 48.3
1553201606.84 47.8
1553201616.86 48.3
1553201626.87 48.3
1553201636.89 48.3
1553201646.91 47.8
1553201656.92 48.3
1553201666.94 47.2
1553201676.96 48.3
1553201686.97 47.8
1553201696.99 47.8
1553201707.0 48.3
1553201717.02 47.8
1553201727.03 47.8
1553201737.05 48.3
1553201747.07 48.3
1553201757.09 48.3
1553201767.1 48.3
1553201777.12 48.3
1553201787.13 48.3
1553201797.15 47.8
1553201807.16 47.8
1553201817.18 47.8
1553201827.2 47.8
1553201837.22 47.2
1553201847.24 48.3
1553201857.25 48.3
1553201867.27 47.8
1553201877.28 48.3
1553201887.3 48.3
1553201897.32 47.8
1553201907.34 47.8
1553201917.36 47.8
1553201927.38 47.2
1553201937.4 47.8
1553201947.42 48.3
1553201957.43 48.3
1553201967.45 48.3
1553201977.47 48.3
1553201987.49 47.2
1553201997.51 47.2
1553202007.52 49.4
1553202017.54 47.2
1553202027.56 47.2
1553202037.58 47.2
1553202047.59 47.2
1553202057.61 46.7
1553202067.63 47.2
1553202077.65 47.2
1553202087.67 46.7
1553202097.69 47.2
1553202107.7 47.2
1553202117.72 47.2
1553202127.74 46.7
1553202137.76 46.7
1553202147.78 47.8
1553202157.8 47.2
1553202167.82 46.7
1553202177.83 47.2
1553202187.86 46.7
1553202197.87 47.2
1553202207.89 47.2
1553202217.91 47.2
1553202227.93 47.2
1553202237.95 46.7
1553202247.97 47.2
1553202257.99 47.2
1553202268.01 47.2
1553202278.03 47.2
1553202288.05 46.7
1553202298.06 47.8
1553202308.07 47.8
1553202318.09 47.2
1553202328.11 47.2
1553202338.14 46.2
1553202348.15 47.2
1553202358.16 46.7
1553202368.18 47.2
1553202378.2 46.7
1553202388.22 46.7
1553202398.23 47.2
1553202408.25 47.2
1553202418.27 47.2
1553202428.29 47.2
1553202438.3 46.7
1553202448.32 46.2
1553202458.34 47.2
1553202468.35 47.2
1553202478.37 47.8
1553202488.4 46.2
1553202498.41 47.8
1553202508.43 47.2
1553202518.45 47.2
1553202528.46 47.8
1553202538.47 47.8
1553202548.49 47.8
1553202558.51 47.2
1553202568.52 47.2
1553202578.54 46.2
1553202588.56 47.2
1553202598.57 46.7
1553202608.59 47.2
1553202618.6 47.2
1553202628.62 47.2
1553202638.63 47.2
1553202648.65 47.2
1553202658.67 47.2
1553202668.68 47.2
1553202678.7 46.7
1553202688.71 47.2
1553202698.72 47.2
1553202708.73 47.2
1553202718.75 47.2
1553202728.76 47.2
1553202738.78 47.2
1553202748.8 46.7
1553202758.81 47.2
1553202768.83 46.2
1553202778.85 47.8
1553202788.87 46.2
1553202798.88 47.2
1553202808.9 47.2
1553202818.91 46.7
1553202828.93 46.2
1553202838.95 47.2
1553202848.97 47.2
1553202858.98 47.2
1553202869.0 47.2
1553202879.02 47.2
1553202889.03 47.2
1553202899.05 46.2
1553202909.07 47.2
1553202919.08 46.7
1553202929.1 46.7
1553202939.12 46.7
1553202949.14 46.2
1553202959.15 46.7
1553202969.17 46.2
1553202979.2 46.7
1553202989.21 47.2
1553202999.23 47.2
1553203009.25 47.2
1553203019.27 46.7
1553203029.29 46.2
1553203039.3 47.2
1553203049.32 47.2
1553203059.34 47.2
1553203069.35 47.2
1553203079.37 47.2
1553203089.39 47.8
1553203099.4 47.2
1553203109.42 47.2
1553203119.43 47.8
1553203129.44 47.8
1553203139.45 47.2
1553203149.47 47.2
1553203159.49 47.2
1553203169.51 46.2
1553203179.52 47.8
1553203189.53 47.2
1553203199.55 46.7
1553203209.57 47.2
1553203219.59 46.2
1553203229.61 47.8
1553203239.63 47.2
1553203249.65 47.2
1553203259.66 47.2
1553203269.68 47.2
1553203279.7 46.7
1553203289.72 45.6
1553203299.73 47.2
1553203309.75 47.2
1553203319.76 46.7
1553203329.77 47.8
1553203339.79 47.2
1553203349.81 47.2
1553203359.82 47.2
1553203369.85 47.2
1553203379.86 47.2
1553203389.88 47.2
1553203399.89 47.2
1553203409.9 47.8
1553203419.91 47.2
1553203429.93 47.2
1553203439.95 47.2
1553203449.97 46.2
1553203459.98 47.2
1553203470.0 47.2
1553203480.02 47.2
1553203490.03 47.2
1553203500.05 46.7
1553203510.06 46.2
1553203520.08 46.2
1553203530.1 47.2
1553203540.12 46.2
1553203550.13 47.2
1553203560.15 47.2
1553203570.16 46.7
1553203580.18 46.2
1553203590.2 46.2
1553203600.22 47.2
1553203610.24 46.2
1553203620.26 46.2
1553203630.28 46.2
1553203640.29 46.7
1553203650.31 46.2
1553203660.32 46.2
1553203670.34 46.2
1553203680.36 47.2
1553203690.37 46.2
1553203700.39 46.2
1553203710.41 46.2
1553203720.42 46.2
1553203730.44 47.2
1553203740.45 46.2
1553203750.47 47.2
1553203760.49 46.2
1553203770.51 46.7
1553203780.53 46.2
1553203790.55 46.2
1553203800.56 46.2
1553203810.58 46.2
1553203820.59 46.2
1553203830.61 45.6
1553203840.63 46.2
1553203850.66 45.1
1553203860.67 46.7
1553203870.69 45.6
1553203880.7 45.6
1553203890.72 45.1
1553203900.74 45.6
1553203910.76 46.2
1553203920.77 46.2
1553203930.79 45.1
1553203940.82 45.6
1553203950.84 45.6
1553203960.86 45.6
1553203970.87 45.1
1553203980.89 45.6
1553203990.91 46.2
1553204000.92 46.2
1553204010.94 45.6
1553204020.96 46.2
1553204030.97 46.2
1553204040.99 46.2
1553204051.01 46.2
1553204061.02 46.2
1553204071.04 45.1
1553204081.06 45.6
1553204091.08 46.2
1553204101.09 46.2
1553204111.1 46.7
1553204121.12 46.7
1553204131.14 46.7
1553204141.16 46.7
1553204151.17 46.7
1553204161.19 46.2
1553204171.21 46.2
1553204181.22 46.2
1553204191.24 46.2
1553204201.26 46.2
1553204211.27 46.2
1553204221.29 46.2
1553204231.32 46.2
1553204241.34 46.2
1553204251.36 46.2
1553204261.38 46.2
1553204271.39 46.2
1553204281.41 46.7
1553204291.43 46.2
1553204301.44 46.2
1553204311.46 46.2
1553204321.48 46.7
1553204331.5 46.2
1553204341.51 46.2
1553204351.53 46.7
1553204361.55 46.7
1553204371.57 46.2
1553204381.58 46.2
1553204391.59 46.2
1553204401.61 45.6
1553204411.63 45.6
1553204421.65 46.2
1553204431.66 46.2
1553204441.68 46.2
1553204451.69 45.6
1553204461.71 45.6
1553204471.73 46.2
1553204481.74 45.1
1553204491.76 45.1
1553204501.78 45.1
1553204511.8 45.6
1553204521.81 45.1
1553204531.83 45.6
1553204541.85 46.2
1553204551.87 45.1
1553204561.89 45.1
1553204571.91 45.1
1553204581.93 45.1
1553204591.94 46.2
1553204601.95 45.1
1553204611.97 45.1
1553204621.99 45.1
1553204632.0 45.1
1553204642.01 45.1
1553204652.03 44.5
1553204662.05 45.1
1553204672.06 45.1
1553204682.09 45.1
1553204692.1 44.5
1553204702.12 45.1
1553204712.13 45.1
1553204722.14 45.1
1553204732.16 45.1
1553204742.18 45.1
1553204752.2 46.2
1553204762.21 45.6
1553204772.22 45.1
1553204782.23 45.6
1553204792.25 45.1
1553204802.27 45.1
1553204812.3 45.6
1553204822.31 45.1
1553204832.33 45.1
1553204842.35 45.1
1553204852.37 45.1
1553204862.39 45.1
1553204872.4 45.1
1553204882.42 44.5
1553204892.44 45.1
1553204902.45 45.1
1553204912.47 45.6
1553204922.49 45.1
1553204932.5 45.1
1553204942.52 45.1
1553204952.54 45.1
1553204962.56 45.1
1553204972.58 45.1
1553204982.59 45.6
1553204992.6 45.6
1553205002.62 45.1
1553205012.64 45.6
1553205022.65 45.6
1553205032.67 45.1
1553205042.69 45.1
1553205052.73 45.1
1553205062.74 45.1
1553205072.76 45.6
1553205082.77 44.5
1553205092.79 45.6
1553205102.81 45.6
1553205112.82 46.2
1553205122.84 45.1
1553205132.86 46.2
1553205142.87 45.6
1553205152.89 45.1
1553205162.91 45.6
1553205172.93 45.1
1553205182.94 45.1
1553205192.96 45.1
1553205202.98 45.6
1553205213.04 45.6
1553205223.05 46.2
1553205233.07 45.1
1553205243.09 45.6
1553205253.11 45.1
1553205263.13 46.2
1553205273.14 46.2
1553205283.16 45.1
1553205293.18 45.6
1553205303.2 46.2
1553205313.22 45.1
1553205323.24 45.6
1553205333.26 45.1
1553205343.28 45.1
1553205353.3 45.1
1553205363.31 45.6
1553205373.33 45.1
1553205383.35 46.2
1553205393.36 45.6
1553205403.37 45.1
1553205413.39 45.1
1553205423.41 45.1
1553205433.43 45.1
1553205443.45 45.6
1553205453.46 45.1
1553205463.47 45.6
1553205473.49 46.2
1553205483.5 46.2
1553205493.52 46.2
1553205503.53 45.6
1553205513.55 45.6
1553205523.56 46.2
1553205533.57 46.2
1553205543.59 46.2
1553205553.61 45.6
1553205563.62 46.7
1553205573.64 45.6
1553205583.65 46.2
1553205593.67 46.2
