1553700008.35 54.2
1553700018.37 54.2
1553700028.39 55.3
1553700038.4 54.8
1553700048.42 54.8
1553700058.44 54.8
1553700068.46 55.3
1553700078.47 54.8
1553700088.49 54.8
1553700098.51 55.3
1553700108.53 55.8
1553700118.55 55.3
1553700128.57 55.8
1553700138.59 55.3
1553700148.6 55.8
1553700158.62 54.8
1553700168.63 55.8
1553700178.65 55.8
1553700188.66 55.8
1553700198.68 55.3
1553700208.7 55.8
1553700218.71 55.8
1553700228.73 55.3
1553700238.75 55.3
1553700248.76 55.8
1553700258.79 54.8
1553700268.8 55.3
1553700278.82 55.3
1553700288.84 55.8
1553700298.86 54.8
1553700308.87 54.8
1553700318.89 55.8
1553700328.91 55.8
1553700338.93 55.8
1553700348.95 55.3
1553700358.96 54.8
1553700368.98 54.8
1553700379.0 55.8
1553700389.02 55.3
1553700399.03 54.8
1553700409.05 54.8
1553700419.07 54.8
1553700429.09 54.8
1553700439.1 54.2
1553700449.12 54.8
1553700459.14 54.2
1553700469.16 54.8
1553700479.18 54.8
1553700489.19 54.2
1553700499.21 54.8
1553700509.23 54.8
1553700519.25 54.8
1553700529.26 55.3
1553700539.29 54.2
1553700549.31 54.8
1553700559.33 54.8
1553700569.35 54.8
1553700579.37 54.8
1553700589.39 54.8
1553700599.41 54.8
1553700609.43 54.8
1553700619.45 54.8
1553700629.46 55.3
1553700639.48 55.3
1553700649.5 54.8
1553700659.52 54.8
1553700669.53 54.8
1553700679.55 55.3
1553700689.57 54.8
1553700699.59 54.8
1553700709.61 54.8
1553700719.63 54.8
1553700729.65 55.8
1553700739.66 54.8
1553700749.68 55.8
1553700759.7 55.3
1553700769.72 55.3
1553700779.75 55.8
1553700789.82 55.8
1553700799.84 54.8
1553700809.86 55.8
1553700819.88 55.8
1553700829.89 55.8
1553700839.91 56.4
1553700849.92 56.4
1553700859.94 55.8
1553700869.96 56.4
1553700879.97 56.4
1553700889.99 55.8
1553700900.0 56.4
1553700910.02 56.4
1553700920.03 56.4
1553700930.04 56.4
1553700940.07 56.4
1553700950.08 56.4
1553700960.09 56.4
1553700970.11 56.4
1553700980.13 55.8
1553700990.14 56.9
1553701000.16 56.9
1553701010.17 56.4
1553701020.19 57.5
1553701030.21 56.9
1553701040.22 56.9
1553701050.24 56.9
1553701060.26 56.9
1553701070.28 56.9
1553701080.29 56.9
1553701090.3 56.9
1553701100.32 56.9
1553701110.33 56.4
1553701120.35 56.9
1553701130.37 56.9
1553701140.39 56.4
1553701150.4 56.9
1553701160.41 56.9
1553701170.44 56.9
1553701180.45 56.9
1553701190.47 56.9
1553701200.48 55.8
1553701210.49 56.9
1553701220.51 56.9
1553701230.53 56.9
1553701240.55 56.4
1553701250.57 56.9
1553701260.59 56.9
1553701270.6 56.4
1553701280.62 56.4
1553701290.64 56.9
1553701300.66 56.4
1553701310.68 56.4
1553701320.69 56.4
1553701330.71 55.8
1553701340.73 55.8
1553701350.74 56.4
1553701360.76 56.4
1553701370.78 55.8
1553701380.8 55.8
1553701390.81 56.4
1553701400.83 55.8
1553701410.85 55.8
1553701420.87 55.3
1553701430.89 55.8
1553701440.91 55.8
1553701450.93 55.3
1553701460.95 55.8
1553701470.97 55.8
1553701480.98 55.8
1553701491.0 54.8
1553701501.02 55.8
1553701511.04 54.8
1553701521.05 55.3
1553701531.07 55.3
1553701541.09 54.8
1553701551.11 54.8
1553701561.13 54.2
1553701571.14 55.3
1553701581.16 55.3
1553701591.18 54.2
1553701601.2 54.8
1553701611.22 54.2
1553701621.24 54.2
1553701631.25 54.8
1553701641.27 53.7
1553701651.29 54.2
1553701661.31 54.8
1553701671.33 54.2
1553701681.35 54.2
1553701691.36 54.8
1553701701.39 54.2
1553701711.4 54.8
1553701721.42 54.8
1553701731.43 55.3
1553701741.45 55.3
1553701751.47 54.8
1553701761.48 54.2
1553701771.5 53.7
1553701781.52 54.8
1553701791.54 54.2
1553701801.55 54.2
1553701811.57 53.7
1553701821.59 54.8
1553701831.61 54.8
1553701841.62 53.7
1553701851.64 54.2
1553701861.66 54.2
1553701871.68 54.2
1553701881.7 54.2
1553701891.72 53.7
1553701901.74 54.2
1553701911.75 54.2
1553701921.77 54.8
1553701931.79 53.7
1553701941.8 54.8
1553701951.82 53.7
1553701961.84 54.8
1553701971.86 54.8
1553701981.88 53.7
1553701991.9 54.8
1553702001.91 54.8
1553702011.93 55.3
1553702021.94 54.8
1553702031.96 55.3
1553702041.98 54.8
1553702052.0 54.2
1553702062.01 54.8
1553702072.03 54.8
1553702082.04 54.8
1553702092.06 54.8
1553702102.08 54.8
1553702112.09 54.8
1553702122.11 54.8
1553702132.13 54.8
1553702142.14 55.3
1553702152.16 55.3
1553702162.17 55.8
1553702172.18 55.8
1553702182.19 55.8
1553702192.21 55.8
1553702202.23 55.3
1553702212.24 55.8
1553702222.26 54.8
1553702232.28 55.8
1553702242.3 55.8
1553702252.31 55.8
1553702262.33 55.8
1553702272.34 56.4
1553702282.35 55.8
1553702292.37 56.4
1553702302.39 55.8
1553702312.41 56.4
1553702322.42 55.8
1553702332.44 56.4
1553702342.46 55.8
1553702352.47 55.8
1553702362.49 55.8
1553702372.51 55.8
1553702382.52 55.8
1553702392.54 56.4
1553702402.56 55.3
