1553800004.55 56.9
1553800014.56 56.9
1553800024.58 56.9
1553800034.6 56.9
1553800044.61 58.0
1553800054.63 56.9
1553800064.65 58.0
1553800074.66 56.9
1553800084.68 57.5
1553800094.7 56.9
1553800104.71 57.5
1553800114.73 56.4
1553800124.75 56.9
1553800134.78 56.4
1553800144.79 58.0
1553800154.81 56.9
1553800164.83 57.5
1553800174.85 56.9
1553800184.87 56.4
1553800194.89 56.4
1553800204.91 56.9
1553800214.93 57.5
1553800224.95 56.9
1553800234.97 56.9
1553800244.99 56.9
1553800255.01 58.0
1553800265.03 56.9
1553800275.05 56.4
1553800285.07 56.4
1553800295.09 56.9
1553800305.11 56.9
1553800315.12 57.5
1553800325.14 56.9
1553800335.15 57.5
1553800345.17 56.9
1553800355.19 56.9
1553800365.21 56.4
1553800375.22 56.9
1553800385.24 57.5
1553800395.26 57.5
1553800405.28 56.9
1553800415.29 56.4
1553800425.31 56.9
1553800435.33 56.9
1553800445.34 56.9
1553800455.36 56.9
1553800465.38 56.9
1553800475.4 56.9
1553800485.42 56.4
1553800495.44 55.8
1553800505.46 56.4
1553800515.47 56.4
1553800525.49 55.8
1553800535.51 56.4
1553800545.53 56.4
1553800555.54 56.9
1553800565.56 55.8
1553800575.58 56.9
1553800585.6 55.8
1553800595.61 55.8
1553800605.63 56.4
1553800615.65 55.8
1553800625.67 55.8
1553800635.68 55.8
1553800645.7 55.8
1553800655.72 55.3
1553800665.74 55.3
1553800675.75 55.8
1553800685.77 54.8
1553800695.79 55.3
1553800705.81 55.3
1553800715.83 55.3
1553800725.85 55.3
1553800735.86 55.3
1553800745.89 54.8
1553800755.9 55.8
1553800765.92 54.8
1553800775.94 55.8
1553800785.95 55.3
1553800795.97 55.8
1553800805.99 55.3
1553800816.0 55.8
1553800826.01 55.3
1553800836.04 55.3
1553800846.05 55.8
1553800856.07 56.4
1553800866.08 55.8
1553800876.11 55.8
1553800886.13 55.8
1553800896.14 55.8
1553800906.16 55.8
1553800916.18 55.8
1553800926.2 55.8
1553800936.22 55.8
1553800946.23 55.8
1553800956.25 55.8
1553800966.26 55.8
1553800976.28 55.8
1553800986.29 56.4
1553800996.31 55.8
1553801006.32 56.4
1553801016.35 55.8
1553801026.36 55.8
1553801036.38 56.9
1553801046.39 55.8
1553801056.41 56.9
1553801066.43 56.9
1553801076.45 56.9
1553801086.47 56.4
1553801096.49 56.4
1553801106.51 56.9
1553801116.52 56.4
1553801126.54 56.9
1553801136.56 55.8
1553801146.58 56.9
1553801156.6 56.9
1553801166.62 56.4
1553801176.63 56.9
1553801186.65 56.4
1553801196.66 57.5
1553801206.69 56.9
1553801216.7 56.9
1553801226.72 56.9
1553801236.73 56.9
1553801246.76 56.4
1553801256.78 56.4
1553801266.79 56.4
1553801276.81 56.4
1553801286.82 56.9
1553801296.85 57.5
1553801306.86 56.9
1553801316.88 56.4
1553801326.89 56.9
1553801336.91 56.9
1553801346.93 56.9
1553801356.94 57.5
1553801366.96 56.9
1553801376.98 56.9
1553801386.99 56.9
1553801397.01 56.9
1553801407.03 56.9
1553801417.04 57.5
1553801427.06 57.5
1553801437.08 56.9
1553801447.1 56.9
1553801457.11 56.9
1553801467.13 57.5
1553801477.14 56.9
1553801487.16 57.5
1553801497.17 56.9
1553801507.19 56.9
1553801517.22 56.9
1553801527.24 56.9
1553801537.26 56.9
1553801547.28 55.8
1553801557.29 56.4
1553801567.32 56.4
1553801577.33 56.4
1553801587.35 55.8
1553801597.37 56.4
1553801607.39 56.4
1553801617.41 56.4
1553801627.42 56.4
1553801637.44 56.4
1553801647.46 56.9
1553801657.47 57.5
1553801667.49 56.9
1553801677.51 56.9
1553801687.52 56.9
1553801697.54 56.9
1553801707.56 56.9
1553801717.57 56.4
1553801727.59 56.9
1553801737.61 56.4
1553801747.63 56.9
1553801757.65 56.9
1553801767.66 56.9
1553801777.67 56.9
1553801787.69 57.5
1553801797.71 56.9
1553801807.73 56.9
1553801817.75 56.9
1553801827.76 56.4
1553801837.78 56.9
1553801847.8 56.9
1553801857.81 57.5
1553801867.83 56.9
1553801877.85 56.9
1553801887.87 56.9
1553801897.89 56.9
1553801907.9 56.9
1553801917.91 57.5
1553801927.92 56.9
1553801937.93 56.9
1553801947.94 56.4
1553801957.95 56.9
1553801967.96 56.9
1553801977.97 56.4
1553801987.99 56.9
1553801998.01 55.8
1553802008.02 56.9
1553802018.04 55.8
1553802028.06 56.4
1553802038.07 56.4
1553802048.09 55.8
1553802058.11 55.8
1553802068.13 56.4
1553802078.15 54.8
1553802088.17 55.8
1553802098.18 55.8
1553802108.21 54.8
1553802118.22 55.3
1553802128.24 55.8
1553802138.25 55.8
1553802148.27 54.8
1553802158.3 54.8
1553802168.31 55.8
1553802178.33 56.4
1553802188.34 56.4
1553802198.36 56.4
1553802208.38 55.8
1553802218.4 55.8
1553802228.42 55.3
1553802238.43 55.8
1553802248.45 55.8
1553802258.47 55.8
1553802268.49 54.8
1553802278.5 55.3
1553802288.52 55.8
1553802298.54 55.8
1553802308.56 55.8
1553802318.58 54.8
1553802328.59 55.8
1553802338.61 55.8
1553802348.63 55.8
1553802358.65 55.3
1553802368.67 55.8
1553802378.68 54.8
1553802388.7 55.8
1553802398.71 55.8
1553802408.73 55.8
1553802418.75 55.8
1553802428.76 55.8
1553802438.78 55.8
1553802448.8 55.3
1553802458.82 55.8
1553802468.83 55.8
1553802478.85 55.8
1553802488.87 56.4
1553802498.88 55.8
1553802508.9 56.4
1553802518.92 55.8
1553802528.94 56.4
1553802538.96 55.8
1553802548.97 56.4
1553802559.0 56.4
1553802569.01 56.9
1553802579.03 56.9
1553802589.05 56.4
1553802599.06 56.4
1553802609.08 56.4
1553802619.11 56.4
1553802629.12 55.8
1553802639.14 56.4
1553802649.16 56.4
1553802659.17 56.9
1553802669.19 56.4
1553802679.21 56.9
1553802689.23 56.9
1553802699.25 56.4
1553802709.27 56.9
1553802719.29 56.4
1553802729.31 56.9
1553802739.32 56.4
1553802749.33 56.9
1553802759.35 55.8
1553802769.37 56.4
1553802779.39 56.4
1553802789.4 56.9
1553802799.41 56.9
1553802809.42 55.8
1553802819.43 56.9
1553802829.45 56.4
1553802839.47 55.8
1553802849.49 56.9
1553802859.5 55.8
1553802869.52 55.8
1553802879.53 55.8
1553802889.55 55.8
1553802899.56 55.8
1553802909.58 56.4
1553802919.6 56.4
1553802929.61 56.9
1553802939.63 56.9
1553802949.65 56.4
1553802959.66 56.4
1553802969.68 56.4
1553802979.69 55.8
1553802989.71 56.9
1553802999.72 56.9
1553803009.74 56.9
1553803019.75 56.9
1553803029.77 56.9
1553803039.79 56.4
1553803049.81 56.9
1553803059.82 56.9
1553803069.84 56.9
1553803079.86 56.4
1553803089.87 56.9
1553803099.89 56.9
1553803109.91 56.9
1553803119.92 56.9
1553803129.94 56.9
1553803139.95 56.4
1553803149.97 56.9
1553803159.99 56.9
1553803170.0 56.9
1553803180.02 56.9
1553803190.03 56.9
1553803200.05 56.9
1553803210.07 58.0
1553803220.08 57.5
1553803230.1 57.5
1553803240.12 56.9
1553803250.14 56.9
1553803260.16 56.9
1553803270.17 56.9
1553803280.19 56.9
1553803290.21 56.9
1553803300.22 56.9
1553803310.24 56.4
1553803320.26 56.9
1553803330.28 56.9
1553803340.29 56.4
1553803350.31 55.8
1553803360.33 55.8
1553803370.35 55.8
1553803380.37 56.4
1553803390.39 56.4
1553803400.41 55.8
1553803410.43 55.8
1553803420.44 56.4
1553803430.46 56.9
1553803440.48 56.4
1553803450.5 56.4
1553803460.52 55.8
1553803470.53 56.4
1553803480.55 56.9
1553803490.56 55.8
1553803500.58 55.8
1553803510.6 56.4
1553803520.61 56.9
1553803530.63 56.4
1553803540.65 56.4
1553803550.66 56.9
1553803560.67 56.4
1553803570.68 55.8
1553803580.7 56.4
1553803590.72 55.8
1553803600.74 55.8
1553803610.76 55.8
1553803620.77 55.8
1553803630.79 55.8
1553803640.81 55.8
1553803650.83 55.8
1553803660.85 55.3
1553803670.87 55.3
1553803680.88 55.3
1553803690.89 55.3
1553803700.91 55.3
1553803710.92 55.3
1553803720.94 55.8
1553803730.96 54.8
1553803740.97 55.3
1553803750.99 55.3
1553803761.0 55.3
1553803771.02 54.8
1553803781.04 55.8
1553803791.05 54.8
1553803801.07 55.3
1553803811.08 54.2
1553803821.1 54.8
1553803831.12 54.8
1553803841.13 55.3
1553803851.15 54.8
1553803861.16 54.2
1553803871.18 54.2
1553803881.2 53.7
1553803891.21 54.8
1553803901.23 54.2
1553803911.24 53.7
1553803921.26 53.7
1553803931.28 53.7
1553803941.29 54.8
1553803951.3 53.7
1553803961.32 54.8
1553803971.33 53.7
1553803981.35 54.8
1553803991.36 54.2
1553804001.38 54.2
1553804011.39 54.8
1553804021.4 53.7
1553804031.42 53.7
1553804041.44 53.7
1553804051.45 54.2
1553804061.46 54.2
1553804071.48 53.7
1553804081.5 54.8
1553804091.51 53.7
1553804101.53 53.7
1553804111.54 54.2
1553804121.56 53.7
1553804131.58 53.7
1553804141.59 53.7
1553804151.61 54.2
1553804161.63 54.2
1553804171.65 53.7
1553804181.67 54.2
1553804191.68 54.2
1553804201.7 53.7
1553804211.72 54.8
1553804221.74 54.8
1553804231.76 53.7
1553804241.78 54.8
1553804251.8 54.2
1553804261.81 54.2
1553804271.82 54.2
1553804281.84 53.7
1553804291.86 53.2
1553804301.88 53.7
1553804311.9 53.2
1553804321.92 53.7
1553804331.94 53.7
1553804341.96 53.7
1553804351.97 53.7
1553804361.99 53.7
1553804372.01 53.7
1553804382.04 53.7
1553804392.06 54.2
1553804402.07 53.7
1553804412.09 53.7
1553804422.11 53.7
1553804432.12 53.7
1553804442.14 53.2
1553804452.16 53.2
1553804462.18 53.2
1553804472.19 53.2
1553804482.21 53.7
1553804492.23 52.6
1553804502.25 53.2
1553804512.27 53.2
1553804522.29 53.7
1553804532.31 53.2
1553804542.32 53.7
1553804552.34 53.7
1553804562.36 53.7
1553804572.37 53.7
1553804582.39 53.7
1553804592.41 54.2
1553804602.42 53.7
1553804612.43 54.8
1553804622.45 54.2
1553804632.47 54.2
1553804642.49 54.8
1553804652.5 54.8
1553804662.52 54.8
1553804672.54 54.8
1553804682.56 54.2
1553804692.57 54.2
1553804702.59 54.2
1553804712.61 54.2
1553804722.63 54.2
1553804732.65 53.7
1553804742.67 53.7
1553804752.69 53.7
1553804762.71 54.2
1553804772.72 53.7
1553804782.74 54.2
1553804792.75 53.7
1553804802.76 54.2
1553804812.78 53.7
1553804822.79 53.7
1553804832.81 54.8
1553804842.83 54.2
1553804852.84 54.2
1553804862.86 53.7
1553804872.88 53.7
1553804882.89 54.8
1553804892.91 54.8
1553804902.92 54.2
1553804912.94 54.8
1553804922.95 54.8
1553804932.97 54.2
1553804942.99 53.7
1553804953.01 53.7
1553804963.03 53.7
1553804973.04 53.7
1553804983.05 53.7
1553804993.08 53.7
1553805003.1 54.2
1553805013.11 54.8
1553805023.12 53.7
1553805033.13 54.2
1553805043.15 53.7
1553805053.16 54.2
1553805063.18 54.2
1553805073.19 53.7
1553805083.21 53.7
1553805093.22 53.7
1553805103.24 53.7
1553805113.25 53.7
1553805123.27 54.2
1553805133.29 54.2
1553805143.31 53.7
1553805153.32 54.8
1553805163.34 53.7
1553805173.36 54.2
1553805183.38 54.2
1553805193.39 54.8
1553805203.41 54.2
1553805213.43 54.2
1553805223.45 53.7
1553805233.47 54.2
1553805243.48 54.2
1553805253.5 53.7
1553805263.51 54.2
1553805273.52 54.2
1553805283.53 53.7
1553805293.55 54.2
1553805303.56 54.2
1553805313.58 53.7
1553805323.6 53.7
1553805333.61 54.2
1553805343.63 54.2
1553805353.64 53.7
1553805363.66 54.2
1553805373.68 54.2
1553805383.69 54.2
1553805393.7 54.2
1553805403.71 53.7
1553805413.73 54.2
1553805423.75 54.8
1553805433.76 53.7
1553805443.78 54.2
1553805453.79 53.7
1553805463.81 54.2
1553805473.82 54.2
1553805483.83 53.7
1553805493.85 53.7
1553805503.87 54.8
1553805513.89 53.7
1553805523.92 53.7
1553805533.93 54.2
1553805543.95 53.7
1553805553.96 54.2
1553805563.97 53.7
1553805573.98 53.7
1553805584.0 53.7
1553805594.01 54.2
1553805604.03 54.8
1553805614.04 54.8
1553805624.06 53.7
1553805634.07 54.2
1553805644.08 54.8
1553805654.1 54.2
1553805664.12 54.8
1553805674.13 54.8
1553805684.15 54.2
1553805694.16 54.8
1553805704.18 54.8
1553805714.19 54.2
1553805724.22 54.2
1553805734.23 54.2
1553805744.25 53.7
1553805754.26 53.7
1553805764.27 53.2
1553805774.29 53.2
1553805784.3 53.7
1553805794.31 53.7
1553805804.33 54.2
1553805814.34 53.2
1553805824.35 53.2
1553805834.37 53.7
1553805844.38 53.7
1553805854.39 53.7
1553805864.4 53.7
1553805874.42 53.7
1553805884.43 52.6
1553805894.45 53.7
1553805904.47 53.7
1553805914.48 52.1
1553805924.5 52.6
1553805934.51 52.6
1553805944.53 52.6
1553805954.54 53.2
1553805964.55 52.6
1553805974.57 51.5
1553805984.59 52.1
1553805994.6 52.6
1553806004.63 51.5
1553806014.65 52.6
1553806024.66 52.1
1553806034.68 52.1
1553806044.69 52.6
1553806054.7 52.1
1553806064.72 52.1
1553806074.74 51.5
1553806084.75 52.1
1553806094.76 51.5
1553806104.78 52.1
1553806114.8 51.5
1553806124.82 52.6
1553806134.83 51.5
1553806144.85 52.1
1553806154.87 51.0
1553806164.88 51.0
1553806174.9 51.5
1553806184.92 51.5
1553806194.93 51.5
1553806204.94 51.5
1553806214.96 50.5
1553806224.98 50.5
1553806235.0 50.5
1553806245.01 51.5
1553806255.04 50.5
1553806265.05 51.0
1553806275.07 50.5
1553806285.08 50.5
1553806295.1 51.0
1553806305.12 51.0
1553806315.14 51.5
1553806325.15 52.1
1553806335.16 51.5
1553806345.18 52.1
1553806355.19 51.5
1553806365.21 51.0
1553806375.22 51.5
1553806385.24 51.5
1553806395.26 51.5
1553806405.28 52.1
1553806415.29 51.5
1553806425.3 51.5
1553806435.31 50.5
1553806445.33 50.5
1553806455.35 52.1
1553806465.37 51.5
1553806475.39 50.5
1553806485.4 51.5
1553806495.42 51.5
1553806505.44 51.0
1553806515.45 51.5
1553806525.47 51.0
1553806535.49 51.0
1553806545.5 51.5
1553806555.51 50.5
1553806565.52 49.9
1553806575.54 50.5
1553806585.56 50.5
1553806595.58 50.5
1553806605.6 50.5
1553806615.62 50.5
1553806625.63 50.5
1553806635.65 51.5
1553806645.67 50.5
1553806655.69 50.5
1553806665.71 51.5
1553806675.73 50.5
1553806685.75 50.5
1553806695.76 51.5
1553806705.78 51.5
1553806715.79 51.0
1553806725.8 50.5
1553806735.83 51.0
1553806745.84 50.5
1553806755.87 50.5
1553806765.89 51.0
1553806775.9 51.5
1553806785.91 51.0
1553806795.94 51.0
1553806805.95 51.5
1553806815.97 51.0
1553806825.98 51.0
1553806836.0 51.5
1553806846.01 51.5
1553806856.03 51.0
1553806866.04 51.5
1553806876.06 49.9
1553806886.08 50.5
1553806896.1 50.5
1553806906.12 50.5
1553806916.14 52.1
1553806926.15 50.5
1553806936.17 51.0
1553806946.19 51.5
1553806956.2 50.5
1553806966.22 51.0
1553806976.25 51.0
1553806986.26 51.5
1553806996.28 51.5
1553807006.29 51.5
1553807016.31 50.5
1553807026.33 50.5
1553807036.36 50.5
1553807046.37 52.1
1553807056.39 51.0
1553807066.41 51.5
1553807076.43 51.5
1553807086.45 51.5
1553807096.47 50.5
1553807106.49 50.5
1553807116.5 50.5
1553807126.52 50.5
1553807136.55 51.5
1553807146.57 50.5
1553807156.58 51.0
1553807166.6 51.5
1553807176.62 51.0
1553807186.63 51.5
1553807196.65 51.0
1553807206.66 51.5
1553807216.67 51.5
1553807226.69 52.1
1553807236.7 52.1
1553807246.71 51.5
1553807256.73 51.5
1553807266.75 51.5
1553807276.76 51.0
1553807286.78 51.5
1553807296.8 51.5
1553807306.82 51.0
1553807316.83 51.0
1553807326.84 51.0
1553807336.85 51.5
1553807346.87 50.5
1553807356.89 51.5
1553807366.9 51.5
1553807376.92 51.5
1553807386.93 51.5
1553807396.94 51.5
1553807406.96 51.5
1553807416.97 51.5
1553807426.98 51.5
1553807436.99 51.5
1553807447.01 51.5
1553807457.02 51.5
1553807467.04 50.5
1553807477.05 51.0
1553807487.06 51.5
1553807497.08 50.5
1553807507.09 51.0
1553807517.1 50.5
1553807527.12 50.5
1553807537.13 50.5
1553807547.15 50.5
1553807557.16 50.5
1553807567.17 50.5
1553807577.19 50.5
1553807587.2 49.9
1553807597.22 49.4
1553807607.23 51.0
1553807617.24 50.5
1553807627.25 50.5
1553807637.27 51.0
1553807647.29 51.5
1553807657.3 50.5
1553807667.31 50.5
1553807677.32 50.5
1553807687.35 50.5
1553807697.37 50.5
1553807707.38 50.5
1553807717.39 50.5
1553807727.41 50.5
1553807737.43 50.5
1553807747.44 50.5
1553807757.45 51.5
1553807767.46 51.0
1553807777.48 49.9
1553807787.49 50.5
1553807797.51 50.5
1553807807.52 50.5
1553807817.53 50.5
1553807827.54 50.5
1553807837.56 51.0
1553807847.58 51.0
1553807857.59 50.5
1553807867.61 50.5
1553807877.63 50.5
1553807887.64 50.5
1553807897.66 49.4
1553807907.68 49.9
1553807917.7 49.4
1553807927.72 49.4
1553807937.74 49.4
1553807947.76 49.4
1553807957.77 49.9
1553807967.8 49.4
1553807977.81 49.4
1553807987.83 49.4
1553807997.85 49.9
1553808007.87 49.9
1553808017.88 50.5
1553808027.89 49.9
1553808037.91 49.9
1553808047.93 49.9
1553808057.95 49.9
1553808067.97 49.9
1553808077.99 49.4
1553808088.0 50.5
1553808098.02 49.4
1553808108.03 49.4
1553808118.06 49.4
1553808128.07 50.5
1553808138.09 50.5
1553808148.11 49.9
1553808158.12 50.5
1553808168.14 50.5
1553808178.16 49.4
1553808188.17 50.5
1553808198.19 49.9
1553808208.21 50.5
1553808218.22 49.4
1553808228.24 50.5
1553808238.26 50.5
1553808248.28 49.9
1553808258.29 49.4
1553808268.31 49.9
1553808278.33 50.5
1553808288.35 49.9
1553808298.37 49.4
1553808308.39 49.4
1553808318.4 49.9
1553808328.41 49.9
1553808338.43 49.4
1553808348.44 49.4
1553808358.46 50.5
1553808368.48 49.4
1553808378.5 49.4
1553808388.52 49.4
1553808398.53 49.9
1553808408.55 49.9
1553808418.57 49.9
1553808428.59 49.4
1553808438.61 49.4
1553808448.63 50.5
1553808458.64 50.5
1553808468.67 49.9
1553808478.68 49.4
1553808488.71 49.4
1553808498.72 49.4
1553808508.73 49.4
1553808518.74 49.4
1553808528.75 49.4
1553808538.77 49.4
1553808548.78 49.4
1553808558.79 48.9
1553808568.81 49.4
1553808578.82 49.4
1553808588.83 49.9
1553808598.85 49.4
1553808608.86 50.5
1553808618.87 50.5
1553808628.89 50.5
1553808638.91 49.9
1553808648.93 50.5
1553808658.94 49.9
1553808668.96 50.5
1553808678.97 50.5
1553808688.99 50.5
1553808699.02 50.5
1553808709.03 51.0
1553808719.05 49.9
1553808729.05 50.5
1553808739.07 51.5
1553808749.08 50.5
1553808759.1 50.5
1553808769.12 50.5
1553808779.13 50.5
1553808789.15 51.5
1553808799.16 51.5
1553808809.17 51.0
1553808819.18 49.9
1553808829.2 49.9
1553808839.21 51.0
1553808849.22 51.0
1553808859.25 50.5
1553808869.26 50.5
1553808879.27 51.0
1553808889.29 50.5
1553808899.31 50.5
1553808909.32 50.5
1553808919.33 50.5
1553808929.34 50.5
1553808939.36 50.5
1553808949.37 50.5
1553808959.38 50.5
1553808969.4 50.5
1553808979.42 49.9
1553808989.44 50.5
1553808999.46 50.5
1553809009.47 49.4
1553809019.49 49.9
1553809029.51 49.9
1553809039.52 50.5
1553809049.54 49.4
1553809059.56 49.4
1553809069.57 49.4
1553809079.58 49.4
1553809089.6 49.4
1553809099.62 49.9
1553809109.63 49.4
1553809119.65 49.9
1553809129.66 49.4
1553809139.68 49.4
1553809149.69 49.4
1553809159.71 49.4
1553809169.73 48.9
1553809179.75 49.4
1553809189.76 49.9
1553809199.77 49.4
1553809209.79 48.3
1553809219.8 49.9
1553809229.82 49.4
1553809239.84 49.9
1553809249.86 49.4
1553809259.87 49.4
1553809269.89 49.4
1553809279.9 50.5
1553809289.92 49.4
1553809299.93 49.4
1553809309.95 49.4
1553809319.97 49.9
1553809329.99 49.4
1553809340.01 49.4
1553809350.03 49.4
1553809360.06 48.3
1553809370.08 48.9
1553809380.1 49.4
1553809390.12 48.3
1553809400.14 49.4
1553809410.15 49.4
1553809420.17 49.4
1553809430.18 49.4
1553809440.19 49.4
1553809450.2 49.4
1553809460.22 49.4
1553809470.23 48.3
1553809480.25 49.4
1553809490.27 49.4
1553809500.28 49.4
1553809510.3 48.3
1553809520.31 48.3
1553809530.33 48.9
1553809540.35 48.9
1553809550.36 48.3
1553809560.37 48.3
1553809570.39 48.9
1553809580.4 48.3
1553809590.41 48.3
1553809600.43 48.3
1553809610.44 48.3
1553809620.46 48.3
1553809630.47 48.9
1553809640.49 48.3
1553809650.51 48.3
1553809660.53 48.9
1553809670.55 48.9
1553809680.56 49.4
1553809690.58 48.9
1553809700.59 48.3
1553809710.61 48.3
1553809720.62 48.9
1553809730.64 49.4
1553809740.65 48.3
1553809750.67 48.3
1553809760.68 48.3
1553809770.7 49.4
1553809780.72 48.3
1553809790.73 48.9
1553809800.75 49.4
1553809810.76 48.3
1553809820.77 49.4
1553809830.78 49.4
1553809840.8 49.4
1553809850.82 49.4
1553809860.83 48.3
1553809870.85 49.4
1553809880.86 48.3
1553809890.88 49.4
1553809900.89 48.3
1553809910.91 48.9
1553809920.92 49.4
1553809930.94 48.9
1553809940.96 49.4
1553809950.97 49.4
1553809960.99 49.4
1553809971.0 48.9
1553809981.01 49.4
1553809991.03 49.4
1553810001.04 48.9
1553810011.06 49.4
1553810021.07 49.9
1553810031.08 49.4
1553810041.09 49.4
1553810051.11 49.4
1553810061.13 49.4
1553810071.14 49.4
1553810081.17 49.4
1553810091.19 49.9
1553810101.2 49.9
1553810111.22 50.5
1553810121.24 49.4
1553810131.26 49.9
1553810141.28 49.4
1553810151.3 50.5
1553810161.32 49.4
1553810171.34 49.4
1553810181.35 49.4
1553810191.37 49.4
1553810201.39 49.4
1553810211.41 49.4
1553810221.43 49.4
1553810231.44 49.4
1553810241.47 49.4
1553810251.48 49.9
1553810261.5 49.9
1553810271.51 49.9
1553810281.53 49.4
1553810291.55 49.9
1553810301.56 49.9
1553810311.58 49.9
1553810321.6 49.4
1553810331.62 49.4
1553810341.64 49.9
1553810351.65 49.4
1553810361.67 49.4
1553810371.68 49.4
1553810381.69 49.4
1553810391.71 49.4
1553810401.72 48.9
