1553100005.91 59.1
1553100015.92 60.1
1553100025.94 59.6
1553100035.95 59.6
1553100045.97 59.6
1553100055.98 60.1
1553100065.99 60.1
1553100076.01 59.1
1553100086.03 60.1
1553100096.04 60.1
1553100106.06 60.1
1553100116.08 60.1
1553100126.09 59.1
1553100136.11 60.1
1553100146.12 60.1
1553100156.14 60.1
1553100166.15 60.1
1553100176.17 59.1
1553100186.19 59.1
1553100196.21 59.6
1553100206.23 59.1
1553100216.25 59.6
1553100226.26 59.6
1553100236.28 60.1
1553100246.3 59.6
1553100256.31 59.1
1553100266.33 59.6
1553100276.34 59.1
1553100286.36 59.1
1553100296.38 59.1
1553100306.4 59.1
1553100316.42 58.5
1553100326.43 59.1
1553100336.45 58.5
1553100346.46 58.5
1553100356.48 59.1
1553100366.5 59.1
1553100376.52 59.6
1553100386.54 59.1
1553100396.56 58.5
1553100406.57 59.1
1553100416.59 60.1
1553100426.6 59.6
1553100436.62 59.1
1553100446.64 60.1
1553100456.65 60.1
1553100466.67 59.1
1553100476.68 59.6
1553100486.7 59.1
1553100496.71 59.1
1553100506.72 59.1
1553100516.74 59.6
1553100526.76 59.1
1553100536.78 58.5
1553100546.79 59.1
1553100556.81 59.1
1553100566.83 59.1
1553100576.84 59.1
1553100586.86 59.6
1553100596.88 59.6
1553100606.9 58.5
1553100616.92 59.1
1553100626.94 59.1
1553100636.95 60.1
1553100646.97 59.6
1553100656.99 59.1
1553100667.01 59.1
1553100677.02 60.1
1553100687.03 59.6
1553100697.04 60.1
1553100707.06 59.1
1553100717.07 59.1
1553100727.08 59.1
1553100737.1 58.5
1553100747.11 59.1
1553100757.14 59.1
1553100767.15 59.1
1553100777.17 59.1
1553100787.19 59.1
1553100797.2 60.1
1553100807.21 60.1
1553100817.22 59.6
1553100827.24 60.1
1553100837.25 60.7
1553100847.26 60.1
1553100857.28 60.1
1553100867.3 59.1
1553100877.31 59.1
1553100887.33 59.1
1553100897.34 59.1
1553100907.36 58.5
1553100917.38 59.1
1553100927.39 59.1
1553100937.41 59.1
1553100947.43 59.1
1553100957.45 58.5
1553100967.47 58.5
1553100977.48 59.1
1553100987.49 59.1
1553100997.51 58.5
1553101007.53 59.6
1553101017.54 59.6
1553101027.57 59.1
1553101037.58 59.1
1553101047.6 60.1
1553101057.61 59.1
1553101067.63 60.1
1553101077.64 59.1
1553101087.66 59.6
1553101097.68 59.1
1553101107.69 59.1
1553101117.7 59.6
1553101127.71 60.1
1553101137.73 59.1
1553101147.75 59.1
1553101157.77 59.6
1553101167.79 59.1
1553101177.8 59.1
1553101187.83 59.1
1553101197.85 60.1
1553101207.86 60.7
1553101217.88 60.7
1553101227.9 59.6
1553101237.92 59.6
1553101247.93 60.7
1553101257.95 60.1
1553101267.96 60.1
1553101277.98 60.1
1553101288.0 60.1
1553101298.02 59.6
1553101308.04 60.1
1553101318.05 60.1
1553101328.06 60.1
1553101338.08 60.1
1553101348.1 59.6
1553101358.12 60.1
1553101368.14 60.1
1553101378.16 60.1
1553101388.18 60.7
1553101398.19 60.1
1553101408.21 60.7
1553101418.22 60.1
1553101428.23 60.1
1553101438.25 60.1
1553101448.26 60.1
1553101458.28 60.7
1553101468.29 60.1
1553101478.31 60.7
1553101488.33 60.7
1553101498.35 61.2
1553101508.37 61.2
1553101518.39 61.2
1553101528.4 61.8
1553101538.42 61.8
1553101548.44 62.3
1553101558.46 61.2
1553101568.48 61.8
1553101578.49 61.2
1553101588.51 61.8
1553101598.54 61.2
1553101608.56 61.2
1553101618.58 61.2
1553101628.6 61.2
1553101638.62 61.8
1553101648.64 62.3
1553101658.66 61.8
1553101668.68 61.2
1553101678.7 61.2
1553101688.71 62.3
1553101698.74 62.3
1553101708.75 62.3
1553101718.77 62.3
1553101728.79 62.3
1553101738.81 62.3
1553101748.82 62.3
1553101758.83 63.4
1553101768.85 62.3
1553101778.87 62.8
1553101788.89 62.8
1553101798.96 62.3
1553101808.98 62.3
1553101818.99 62.3
1553101829.01 62.3
1553101839.03 61.2
1553101849.05 62.8
1553101859.07 62.3
1553101869.08 62.3
1553101879.1 62.3
1553101889.12 62.3
1553101899.13 62.3
1553101909.15 62.3
1553101919.17 62.3
1553101929.19 62.3
1553101939.2 62.8
1553101949.21 62.8
1553101959.24 62.8
1553101969.25 62.8
1553101979.27 62.3
1553101989.28 62.3
1553101999.3 62.3
1553102009.31 62.8
1553102019.32 62.8
1553102029.34 62.8
1553102039.36 62.8
1553102049.37 62.3
1553102059.39 62.3
1553102069.41 62.3
1553102079.42 62.3
1553102089.43 62.8
1553102099.45 62.3
1553102109.47 62.8
1553102119.48 62.3
1553102129.5 62.8
1553102139.52 62.8
1553102149.54 62.3
1553102159.55 62.8
1553102169.57 62.8
1553102179.58 62.3
1553102189.59 62.3
1553102199.61 61.8
1553102209.62 61.2
1553102219.64 61.2
1553102229.66 61.8
1553102239.68 61.2
1553102249.69 61.2
1553102259.71 61.8
1553102269.72 61.2
1553102279.73 62.3
1553102289.76 61.8
1553102299.77 61.8
1553102309.79 61.2
1553102319.8 61.8
1553102329.81 61.8
1553102339.82 61.2
1553102349.83 61.8
1553102359.85 61.8
1553102369.86 61.8
1553102379.88 61.8
1553102389.89 61.2
1553102399.9 61.2
1553102409.92 61.8
1553102419.93 61.2
1553102429.95 61.2
1553102439.97 61.8
1553102449.99 61.2
1553102460.0 61.2
1553102470.01 62.3
1553102480.02 61.2
1553102490.03 61.2
1553102500.05 61.2
1553102510.07 61.8
1553102520.08 60.7
1553102530.1 61.8
1553102540.11 61.2
1553102550.13 61.2
1553102560.15 60.7
1553102570.17 61.2
1553102580.18 61.8
1553102590.2 61.2
1553102600.22 60.7
1553102610.24 61.2
1553102620.26 61.2
1553102630.28 60.7
1553102640.29 60.1
1553102650.31 60.7
1553102660.32 60.1
1553102670.34 60.7
1553102680.35 60.7
1553102690.37 60.1
1553102700.39 60.1
1553102710.41 59.1
1553102720.43 60.1
1553102730.45 60.7
1553102740.46 60.7
1553102750.47 60.1
1553102760.49 60.1
1553102770.51 59.6
1553102780.52 59.1
1553102790.54 60.7
1553102800.55 60.1
1553102810.56 60.7
1553102820.57 60.7
1553102830.59 60.1
1553102840.6 59.1
1553102850.62 59.6
1553102860.64 59.1
1553102870.65 58.5
1553102880.67 59.1
1553102890.69 58.5
1553102900.7 58.5
1553102910.72 59.1
1553102920.74 59.1
1553102930.75 59.1
1553102940.77 59.1
1553102950.79 58.5
1553102960.81 58.0
1553102970.82 58.0
1553102980.84 58.5
1553102990.85 58.0
1553103000.86 58.0
1553103010.87 58.0
1553103020.89 58.0
1553103030.91 57.5
1553103040.93 58.0
1553103050.95 57.5
1553103060.97 58.0
1553103070.98 58.0
1553103081.0 56.9
1553103091.03 57.5
1553103101.05 57.5
1553103111.07 56.9
1553103121.08 56.9
1553103131.1 58.0
1553103141.12 57.5
1553103151.14 58.0
1553103161.15 58.0
1553103171.17 56.9
1553103181.2 57.5
1553103191.21 56.9
1553103201.23 56.4
1553103211.25 58.0
1553103221.27 57.5
1553103231.28 56.9
1553103241.29 56.9
1553103251.31 56.4
1553103261.33 56.4
1553103271.35 56.9
1553103281.37 56.9
1553103291.39 57.5
1553103301.41 56.9
1553103311.43 56.9
1553103321.44 56.9
1553103331.46 56.9
1553103341.47 56.9
1553103351.49 56.9
1553103361.51 56.9
1553103371.53 56.4
1553103381.55 56.4
1553103391.57 56.4
1553103401.59 56.9
1553103411.6 56.9
1553103421.61 56.9
1553103431.62 57.5
1553103441.64 56.9
1553103451.65 56.9
1553103461.67 58.0
1553103471.68 58.0
1553103481.7 56.9
1553103491.72 57.5
1553103501.73 57.5
1553103511.74 56.9
1553103521.76 58.0
1553103531.78 57.5
1553103541.8 57.5
1553103551.81 56.9
1553103561.83 56.9
1553103571.84 56.9
1553103581.86 56.9
1553103591.88 56.9
1553103601.9 56.9
1553103611.92 57.5
1553103621.93 56.9
1553103631.95 56.4
1553103641.97 56.9
1553103651.98 57.5
1553103661.99 57.5
1553103672.01 56.9
1553103682.02 56.9
1553103692.03 58.0
1553103702.05 56.9
1553103712.07 56.9
1553103722.09 58.0
1553103732.1 58.0
1553103742.12 58.0
1553103752.13 56.9
1553103762.15 57.5
1553103772.16 58.0
1553103782.17 56.9
1553103792.19 58.0
1553103802.2 58.0
1553103812.22 56.9
1553103822.23 58.0
1553103832.25 58.0
1553103842.26 58.0
1553103852.28 58.0
1553103862.29 58.0
1553103872.31 58.5
1553103882.32 58.0
1553103892.34 58.0
1553103902.35 58.0
1553103912.37 58.0
1553103922.38 58.5
1553103932.41 58.0
1553103942.42 58.5
1553103952.44 58.5
1553103962.46 58.0
1553103972.48 59.1
1553103982.49 58.5
1553103992.51 58.5
1553104002.53 58.5
1553104012.55 58.5
1553104022.57 58.5
1553104032.59 58.0
1553104042.6 58.0
1553104052.62 58.0
1553104062.64 58.5
1553104072.66 58.5
1553104082.67 58.5
1553104092.68 58.0
1553104102.69 58.5
1553104112.71 59.1
1553104122.73 58.0
1553104132.74 58.0
1553104142.76 58.0
1553104152.77 59.1
1553104162.79 57.5
1553104172.81 58.0
1553104182.83 58.5
1553104192.85 58.0
1553104202.86 58.0
1553104212.88 58.5
1553104222.89 59.1
1553104232.91 58.0
1553104242.92 59.1
1553104252.95 58.5
1553104262.97 59.1
1553104272.98 59.6
1553104283.01 59.1
1553104293.02 59.1
1553104303.04 59.6
1553104313.06 59.1
1553104323.07 60.1
1553104333.08 59.1
1553104343.09 59.6
1553104353.11 59.1
1553104363.12 59.1
1553104373.14 60.1
1553104383.15 60.1
1553104393.17 59.6
1553104403.18 59.1
1553104413.2 59.1
1553104423.21 59.1
1553104433.23 60.1
1553104443.24 59.6
1553104453.25 60.1
1553104463.26 60.1
1553104473.27 60.1
1553104483.29 60.1
1553104493.31 60.7
1553104503.33 60.1
1553104513.34 60.7
1553104523.35 60.1
1553104533.36 60.1
1553104543.38 60.1
1553104553.41 60.1
1553104563.42 60.1
1553104573.43 60.7
1553104583.45 60.1
1553104593.47 60.7
1553104603.49 60.1
1553104613.5 59.6
1553104623.51 60.1
1553104633.53 60.1
1553104643.55 59.1
1553104653.57 59.1
1553104663.59 60.1
1553104673.6 59.6
1553104683.62 60.1
1553104693.63 59.6
1553104703.66 59.1
1553104713.68 59.1
1553104723.69 59.1
1553104733.71 59.1
1553104743.72 58.5
1553104753.74 58.0
1553104763.76 59.1
1553104773.78 59.1
1553104783.8 58.5
1553104793.82 59.1
1553104803.84 60.1
1553104813.86 59.1
1553104823.88 59.1
1553104833.9 59.1
1553104843.92 60.1
1553104853.93 59.1
1553104863.95 58.0
1553104873.97 59.1
1553104883.99 59.6
1553104894.0 59.1
1553104904.02 59.1
1553104914.03 59.6
1553104924.05 58.5
1553104934.07 59.1
1553104944.08 58.5
1553104954.1 59.1
1553104964.12 59.1
1553104974.14 58.5
1553104984.25 59.1
1553104994.27 59.1
1553105004.29 59.1
1553105014.31 58.5
1553105024.32 60.1
1553105034.34 59.1
1553105044.36 59.1
1553105054.38 58.0
1553105064.4 59.1
1553105074.42 58.5
1553105084.44 58.0
1553105094.45 58.5
1553105104.47 59.1
1553105114.49 58.0
1553105124.51 58.5
1553105134.52 58.5
1553105144.54 59.1
1553105154.56 59.1
1553105164.57 59.1
1553105174.59 58.5
1553105184.6 59.1
1553105194.62 59.1
1553105204.64 59.1
1553105214.66 59.1
1553105224.67 60.1
1553105234.69 59.1
1553105244.7 59.1
1553105254.72 58.5
1553105264.74 59.1
1553105274.76 59.1
1553105284.78 59.1
1553105294.79 59.1
1553105304.81 59.1
1553105314.83 59.1
1553105324.85 59.1
1553105334.87 58.5
1553105344.88 59.1
1553105354.9 58.5
1553105364.92 58.0
1553105374.94 58.5
1553105384.95 58.5
1553105394.97 59.1
1553105404.98 58.5
1553105415.0 59.1
1553105425.02 58.5
1553105435.05 57.5
1553105445.06 58.5
1553105455.08 59.1
1553105465.11 58.0
1553105475.12 59.1
1553105485.14 59.1
1553105495.16 58.0
1553105505.17 59.1
1553105515.2 58.0
1553105525.22 59.1
1553105535.23 59.1
1553105569.81 58.0
1553105579.83 58.0
1553105589.85 58.5
1553105599.87 58.0
1553105609.88 58.5
1553105619.9 58.0
1553105629.92 59.1
1553105639.93 58.0
1553105649.95 58.5
1553105659.97 58.0
1553105669.99 59.1
1553105680.0 59.1
1553105690.02 58.5
1553105700.04 58.5
1553105710.06 59.1
1553105720.08 58.5
1553105730.09 58.5
1553105740.12 58.5
1553105750.13 59.6
1553105760.15 58.5
1553105770.17 58.0
1553105780.19 59.1
1553105790.21 58.5
1553105800.23 59.1
1553105810.25 59.1
1553105820.27 58.5
1553105830.28 59.1
1553105840.29 59.1
1553105850.3 58.5
1553105860.32 59.1
1553105870.33 58.5
1553105880.35 59.1
1553105890.37 59.1
1553105900.38 59.1
1553105910.4 59.1
1553105920.41 59.1
1553105930.43 59.1
1553105940.45 58.5
1553105950.46 58.5
1553105960.47 59.1
1553105970.48 59.1
1553105980.5 59.1
1553105990.51 58.5
1553106000.53 59.1
1553106010.54 59.1
1553106020.55 58.5
1553106030.57 59.6
1553106040.59 59.1
1553106050.61 58.5
1553106060.63 58.0
1553106070.65 59.1
1553106080.66 58.5
1553106090.68 58.0
1553106100.71 58.5
1553106110.72 59.1
1553106120.73 59.1
1553106130.75 59.1
1553106140.76 59.1
1553106150.78 59.1
1553106160.79 59.1
1553106170.81 59.1
1553106180.83 58.5
1553106190.84 59.1
1553106200.86 58.5
1553106210.87 58.5
1553106220.89 58.5
1553106230.9 58.0
1553106240.91 58.5
1553106250.93 58.5
1553106260.94 58.5
1553106270.97 58.5
1553106280.98 58.0
1553106291.0 58.5
1553106301.01 58.0
1553106311.03 58.0
1553106321.05 58.0
1553106331.06 58.0
1553106341.07 58.5
1553106351.08 58.5
1553106361.09 58.0
1553106371.11 58.0
1553106381.13 58.0
1553106391.15 58.0
1553106401.17 58.0
1553106411.18 58.0
1553106421.19 58.0
1553106431.2 58.0
1553106441.21 58.0
1553106451.22 58.5
1553106461.23 58.5
1553106471.25 58.0
1553106481.26 58.0
1553106491.28 58.0
1553106501.3 58.0
1553106511.31 58.0
1553106521.32 57.5
1553106531.34 57.5
1553106541.35 58.0
1553106551.38 56.9
1553106561.39 58.0
1553106571.4 58.0
1553106581.41 58.0
1553106591.43 58.0
1553106601.45 58.0
1553106611.46 58.0
1553106621.48 58.0
1553106631.49 58.0
1553106641.51 57.5
1553106651.52 58.5
1553106661.54 58.0
1553106671.56 58.0
1553106681.57 56.9
1553106691.59 57.5
1553106701.6 58.0
1553106711.61 57.5
1553106721.62 58.0
1553106731.63 57.5
1553106741.65 57.5
1553106751.67 57.5
1553106761.68 57.5
1553106771.69 58.0
1553106781.7 57.5
1553106791.71 56.9
1553106801.73 57.5
1553106811.74 57.5
1553106821.75 58.0
1553106831.76 58.0
1553106841.78 56.9
1553106851.8 56.9
1553106861.81 58.0
1553106871.83 58.0
1553106881.84 58.0
1553106891.86 58.0
1553106901.88 58.0
1553106911.9 58.0
1553106921.92 56.9
1553106931.93 58.0
1553106941.95 58.0
1553106951.97 58.0
1553106961.99 58.0
1553106972.01 58.0
1553106982.03 58.0
1553106992.04 58.0
1553107002.05 58.0
1553107012.06 58.0
1553107022.08 58.0
1553107032.09 58.0
1553107042.12 58.0
1553107052.13 58.0
1553107062.15 58.0
1553107072.16 58.5
1553107082.18 58.0
1553107092.2 58.0
1553107102.22 58.0
1553107112.24 58.0
1553107122.26 58.0
1553107132.27 58.0
1553107142.29 59.1
1553107152.3 58.0
1553107162.31 58.0
1553107172.33 58.5
1553107182.35 58.0
1553107192.36 58.0
1553107202.38 59.1
1553107212.39 58.5
1553107222.41 59.1
1553107232.42 58.5
1553107242.44 59.1
1553107252.45 59.1
1553107262.47 58.0
1553107272.49 58.0
1553107282.5 58.0
1553107292.52 58.5
1553107302.53 58.5
1553107312.54 58.5
1553107322.56 58.0
1553107332.58 58.5
1553107342.6 58.5
1553107352.61 58.0
1553107362.62 58.5
1553107372.64 58.0
1553107382.65 59.1
1553107392.66 58.5
1553107402.68 58.0
1553107412.7 58.0
1553107422.71 58.0
1553107432.72 58.0
1553107442.74 57.5
1553107452.76 58.0
1553107462.78 57.5
1553107472.8 56.9
1553107482.81 57.5
1553107492.82 58.0
1553107502.84 58.0
1553107512.85 56.9
1553107522.87 57.5
1553107532.89 56.9
1553107542.91 56.9
1553107552.92 57.5
1553107562.94 56.9
1553107572.96 57.5
1553107582.98 56.9
1553107593.0 58.0
1553107603.02 58.5
1553107613.04 56.9
1553107623.05 58.0
1553107633.06 58.0
1553107643.08 58.0
1553107653.09 58.0
1553107663.11 58.0
1553107673.13 58.0
1553107683.15 58.0
1553107693.16 58.0
1553107703.18 58.0
1553107713.2 58.0
1553107723.22 56.9
1553107733.23 58.0
1553107743.24 58.0
1553107753.25 58.0
1553107763.27 58.0
1553107773.29 56.9
1553107783.31 58.0
1553107793.32 58.0
1553107803.33 58.0
1553107813.35 58.0
1553107823.36 58.0
1553107833.38 56.9
1553107843.39 58.0
1553107853.4 58.0
1553107863.42 58.0
1553107873.43 58.0
1553107883.45 58.0
1553107893.47 58.0
1553107903.49 58.0
1553107913.51 58.0
1553107923.53 58.5
1553107933.54 58.0
1553107943.56 58.5
1553107953.57 58.5
1553107963.59 58.5
1553107973.61 58.0
1553107983.62 58.0
1553107993.64 58.0
1553108003.65 58.5
1553108013.67 58.5
1553108023.69 58.0
1553108033.7 58.0
1553108043.72 58.0
1553108053.73 58.5
1553108063.74 58.5
1553108073.76 58.5
1553108083.77 58.0
1553108093.78 58.0
1553108103.8 58.0
1553108113.83 58.0
1553108123.84 58.0
1553108133.85 58.0
1553108143.86 58.0
1553108153.88 58.0
1553108163.9 58.0
1553108173.91 58.5
1553108183.93 58.0
1553108193.94 58.0
1553108203.96 57.5
1553108213.97 58.0
1553108223.99 58.0
1553108234.01 58.0
1553108244.03 58.0
1553108254.06 58.0
1553108264.07 58.0
1553108274.09 58.0
1553108284.11 58.0
1553108294.13 56.9
1553108304.15 58.0
1553108314.17 58.0
1553108324.18 57.5
1553108334.2 57.5
1553108344.21 57.5
1553108354.23 58.0
1553108364.25 57.5
1553108374.27 58.0
1553108384.28 58.0
1553108394.3 58.0
1553108404.31 58.0
