1553400005.2 35.4
1553400015.22 34.9
1553400025.24 35.4
1553400035.26 35.4
1553400045.28 34.3
1553400055.29 34.3
1553400065.31 34.9
1553400075.33 34.9
1553400085.34 34.9
1553400095.37 34.9
1553400105.39 34.3
1553400115.4 34.9
1553400125.42 35.4
1553400135.45 34.3
1553400145.47 34.3
1553400155.49 34.3
1553400165.52 34.3
1553400175.54 34.9
1553400185.56 35.4
1553400195.58 34.9
1553400205.6 34.3
1553400215.62 34.3
1553400225.64 34.3
1553400235.66 34.3
1553400245.68 34.3
1553400255.7 33.8
1553400265.72 34.9
1553400275.74 34.3
1553400285.76 34.3
1553400295.78 34.9
1553400305.8 34.9
1553400315.82 34.3
1553400325.84 34.3
1553400335.85 35.4
1553400345.87 34.3
1553400355.89 34.3
1553400365.91 35.4
1553400375.92 34.3
1553400385.94 34.3
1553400395.96 35.4
1553400405.98 34.3
1553400416.0 34.9
1553400426.02 34.3
1553400436.03 34.9
1553400446.05 34.3
1553400456.07 35.4
1553400466.09 34.9
1553400476.11 34.9
1553400486.13 34.3
1553400496.15 35.4
1553400506.17 34.9
1553400516.18 34.9
1553400526.2 35.4
1553400536.22 34.3
1553400546.24 34.9
1553400556.26 35.4
1553400566.27 35.9
1553400576.29 34.9
1553400586.31 35.4
1553400596.33 34.3
1553400606.35 34.3
1553400616.37 34.9
1553400626.39 34.3
1553400636.41 34.3
1553400646.43 34.3
1553400656.45 34.3
1553400666.47 34.3
1553400676.49 34.3
1553400686.52 34.3
1553400696.54 35.4
1553400706.56 34.3
1553400716.58 34.3
1553400726.6 34.9
1553400736.62 34.3
1553400746.64 33.8
1553400756.66 34.3
1553400766.68 34.3
1553400776.7 34.9
1553400786.72 34.9
1553400796.74 34.3
1553400806.76 34.3
1553400816.78 34.3
1553400826.8 34.3
1553400836.82 34.3
1553400846.83 35.4
1553400856.85 34.3
1553400866.87 34.9
1553400876.89 34.3
1553400886.91 33.8
1553400896.93 33.8
1553400906.95 34.3
1553400916.97 34.3
1553400926.99 34.3
1553400937.01 34.3
1553400947.03 34.3
1553400957.05 34.3
1553400967.07 34.3
1553400977.08 34.3
1553400987.1 34.3
1553400997.13 33.8
1553401007.14 34.3
1553401017.16 34.9
1553401027.18 34.3
1553401037.2 34.3
1553401047.22 34.3
1553401057.24 34.3
1553401067.26 34.9
1553401077.27 35.4
1553401087.29 34.3
1553401097.31 34.3
1553401107.33 35.4
1553401117.35 35.4
1553401127.37 35.4
1553401137.38 35.4
1553401147.4 35.4
1553401157.41 35.4
1553401167.42 35.4
1553401177.45 34.9
1553401187.47 35.4
1553401197.48 34.3
1553401207.5 35.4
1553401217.52 34.3
1553401227.54 35.4
1553401237.56 35.4
1553401247.58 35.4
1553401257.59 35.4
1553401267.61 34.3
1553401277.64 34.9
1553401287.67 35.4
1553401297.69 35.4
1553401307.71 34.9
1553401317.73 34.9
1553401327.75 34.9
1553401337.76 34.9
1553401347.77 34.9
1553401357.79 34.9
1553401367.81 34.9
1553401377.83 34.3
1553401387.85 34.9
1553401397.87 34.9
1553401407.89 34.9
1553401417.91 35.4
1553401427.93 34.9
1553401437.94 34.3
1553401447.96 34.3
1553401457.98 34.9
1553401468.0 34.9
1553401478.02 34.3
1553401488.03 35.4
1553401498.04 35.4
1553401508.06 35.4
1553401518.08 34.3
1553401528.09 34.9
1553401538.11 34.3
1553401548.12 35.4
1553401558.14 34.9
1553401568.16 35.4
1553401578.17 35.4
1553401588.19 34.9
1553401598.21 34.3
1553401608.22 34.9
1553401618.23 34.9
1553401628.24 34.9
1553401638.26 34.9
1553401648.28 34.9
1553401658.3 35.4
1553401668.31 34.9
1553401678.33 34.3
1553401688.35 34.3
1553401698.37 34.3
1553401708.39 34.9
1553401718.41 34.3
1553401728.43 33.8
1553401738.45 34.3
1553401748.47 34.3
1553401758.49 34.3
1553401768.51 34.3
1553401778.53 34.3
1553401788.54 34.9
1553401798.55 34.9
1553401808.57 34.9
1553401818.58 34.9
1553401828.6 34.9
1553401838.62 34.3
1553401848.63 34.9
1553401858.65 34.3
1553401868.67 34.3
1553401878.68 34.9
1553401888.69 35.4
1553401898.71 34.3
1553401908.73 34.3
1553401918.74 34.3
1553401928.75 35.4
1553401938.77 34.9
1553401948.78 34.3
1553401958.81 34.3
1553401968.83 34.3
1553401978.84 34.9
1553401988.85 35.4
1553401998.87 34.9
1553402008.88 35.4
1553402018.9 34.9
1553402028.92 34.9
1553402038.93 34.9
1553402048.94 35.4
1553402058.96 35.4
1553402068.97 34.9
1553402078.99 35.4
1553402089.01 34.9
1553402099.02 35.4
1553402109.04 35.4
1553402119.06 34.3
1553402129.07 35.9
1553402139.09 34.9
1553402149.11 34.9
1553402159.12 35.4
1553402169.13 35.4
1553402179.15 34.9
1553402189.17 34.9
1553402199.19 34.9
1553402209.2 35.4
1553402219.21 34.9
1553402229.23 34.3
1553402239.24 34.3
1553402249.27 34.9
1553402259.29 33.8
1553402269.31 34.3
1553402279.32 34.9
1553402289.34 35.4
1553402299.36 34.9
1553402309.38 34.3
1553402319.4 34.3
1553402329.42 34.3
1553402339.43 34.3
1553402349.46 34.3
1553402359.47 34.3
1553402369.5 34.9
1553402379.51 34.3
1553402389.53 34.3
1553402399.55 34.3
1553402409.57 34.9
1553402419.59 34.3
1553402429.6 34.9
1553402439.62 34.9
1553402449.63 34.9
1553402459.65 34.9
1553402469.67 34.3
1553402479.69 33.8
1553402489.71 34.3
1553402499.73 34.3
1553402509.75 34.3
1553402519.76 34.3
1553402529.78 34.3
1553402539.81 34.3
1553402549.82 34.9
1553402559.83 34.3
1553402569.85 34.3
1553402579.87 34.3
1553402589.88 34.3
1553402599.89 34.9
1553402609.91 34.3
1553402619.93 34.3
1553402629.95 34.3
1553402639.97 34.3
1553402649.99 33.8
1553402660.01 34.3
1553402670.03 34.9
1553402680.04 33.8
1553402690.07 33.2
1553402700.08 34.3
1553402710.1 33.8
1553402720.12 34.3
1553402730.14 34.3
1553402740.16 33.8
1553402750.17 34.3
1553402760.19 34.9
1553402770.21 34.3
1553402780.23 34.3
1553402790.25 34.3
1553402800.27 34.3
1553402810.29 34.3
1553402820.31 34.3
1553402830.33 34.3
1553402840.35 33.8
1553402850.37 34.3
1553402860.38 34.3
1553402870.4 34.3
1553402880.41 34.3
1553402890.43 33.2
1553402900.45 34.3
1553402910.47 33.8
1553402920.49 34.3
1553402930.51 34.3
1553402940.53 33.8
1553402950.54 34.3
1553402960.56 34.3
1553402970.58 33.8
1553402980.6 34.3
1553402990.61 34.3
1553403000.63 33.2
1553403010.65 34.3
1553403020.67 34.3
1553403030.68 34.3
1553403040.71 33.8
1553403050.72 34.3
1553403060.74 34.3
1553403070.77 33.8
1553403080.79 33.2
1553403090.8 34.3
1553403100.82 33.8
1553403110.84 34.3
1553403120.87 33.8
1553403130.88 34.3
1553403140.9 34.3
1553403150.92 34.3
1553403160.93 34.3
1553403170.95 34.3
1553403180.97 33.8
1553403190.99 33.2
1553403201.01 34.3
1553403211.02 34.9
1553403221.04 34.3
1553403231.06 34.3
1553403241.08 34.3
1553403251.09 33.8
1553403261.11 34.3
1553403271.13 33.8
1553403281.15 33.8
1553403291.17 34.3
1553403301.18 33.2
1553403311.2 33.8
1553403321.23 33.8
1553403331.25 34.3
1553403341.27 34.3
1553403351.29 33.8
1553403361.3 34.3
1553403371.32 34.3
1553403381.34 33.8
1553403391.35 34.3
1553403401.37 34.3
1553403411.38 34.9
1553403421.4 34.3
1553403431.42 33.8
1553403441.43 34.3
1553403451.46 34.3
1553403461.47 34.3
1553403471.49 33.8
1553403481.51 33.2
1553403491.53 33.2
1553403501.54 33.8
1553403511.56 33.2
1553403521.58 33.8
1553403531.6 33.8
1553403541.62 33.2
1553403551.64 33.8
1553403561.66 33.8
1553403571.69 33.2
1553403581.71 33.8
1553403591.72 33.8
1553403601.74 34.3
1553403611.76 34.3
1553403621.78 33.8
1553403631.79 33.2
1553403641.81 33.2
1553403651.83 33.2
1553403661.84 33.8
1553403671.86 34.3
1553403681.87 33.2
1553403691.88 33.8
1553403701.9 33.8
1553403711.92 33.8
1553403721.93 34.3
1553403731.95 34.3
1553403741.96 34.3
1553403751.98 34.3
1553403762.0 33.2
1553403772.02 33.8
1553403782.04 34.3
1553403792.06 33.8
1553403802.08 33.8
1553403812.1 33.8
1553403822.11 33.8
1553403832.13 33.2
1553403842.14 34.3
1553403852.16 33.2
1553403862.17 34.3
1553403872.19 33.8
1553403882.2 33.8
1553403892.22 33.8
1553403902.23 33.2
1553403912.25 33.8
1553403922.27 33.2
1553403932.3 33.2
1553403942.32 33.2
1553403952.34 33.8
1553403962.36 33.2
1553403972.37 33.2
1553403982.39 33.2
1553403992.41 34.3
1553404002.43 34.3
1553404012.45 33.2
1553404022.46 34.3
1553404032.48 34.3
1553404042.5 33.8
1553404052.52 34.3
1553404062.54 33.2
1553404072.56 33.8
1553404082.58 33.8
1553404092.6 33.8
1553404102.62 34.3
1553404112.64 33.2
1553404122.66 33.2
1553404132.67 33.2
1553404142.69 33.8
1553404152.71 33.2
1553404162.73 33.2
1553404172.75 33.2
1553404182.77 33.2
1553404192.79 34.3
1553404202.81 33.8
1553404212.82 33.8
1553404222.84 33.8
1553404232.85 33.2
1553404242.87 34.3
1553404252.89 33.2
1553404262.91 33.8
1553404272.93 33.8
1553404282.95 34.3
1553404292.96 34.3
1553404302.98 33.8
1553404313.0 34.3
1553404323.02 34.3
1553404333.04 34.3
1553404343.05 34.3
1553404353.07 34.3
1553404363.09 34.3
1553404373.11 34.3
1553404383.13 34.3
1553404393.14 34.9
1553404403.15 33.8
1553404413.16 34.3
1553404423.18 34.9
1553404433.2 34.3
1553404443.22 33.8
1553404453.23 33.8
1553404463.26 34.3
1553404473.28 33.2
1553404483.29 34.3
1553404493.31 33.8
1553404503.33 33.8
1553404513.35 33.8
1553404523.37 33.8
1553404533.39 33.2
1553404543.4 33.2
1553404553.43 33.8
1553404563.45 34.3
1553404573.46 33.2
1553404583.48 33.8
1553404593.49 34.3
1553404603.51 33.2
1553404613.52 33.2
1553404623.55 33.2
1553404633.56 33.2
1553404643.58 33.2
1553404653.6 33.2
1553404663.62 33.2
1553404673.63 33.8
1553404683.65 33.2
1553404693.68 33.2
1553404703.69 34.3
1553404713.71 33.2
1553404723.72 33.2
1553404733.74 34.3
1553404743.75 33.2
1553404753.77 33.2
1553404763.79 34.3
1553404773.81 33.2
1553404783.83 33.2
1553404793.85 34.3
1553404803.87 33.2
1553404813.89 33.8
1553404823.91 33.8
1553404833.93 33.8
1553404843.94 33.2
1553404853.97 33.2
1553404863.99 33.2
1553404874.0 33.2
1553404884.02 33.2
1553404894.05 34.3
1553404904.07 33.2
1553404914.09 33.2
1553404924.12 33.2
1553404934.14 33.8
1553404944.16 33.2
1553404954.18 33.8
1553404964.2 33.2
1553404974.22 33.2
1553404984.23 33.8
1553404994.25 33.8
1553405004.27 33.2
1553405014.3 33.8
1553405024.32 33.2
1553405034.34 33.2
1553405044.35 33.8
1553405054.37 32.7
1553405064.39 33.2
1553405074.41 33.2
1553405084.43 33.2
1553405094.44 34.3
1553405104.46 33.2
1553405114.48 33.2
1553405124.5 33.2
1553405134.52 33.2
1553405144.53 33.2
1553405154.55 33.2
1553405164.57 33.8
1553405174.59 33.8
1553405184.61 33.8
1553405194.63 33.2
1553405204.65 33.8
1553405214.67 33.2
1553405224.69 33.2
1553405234.71 34.3
1553405244.73 33.2
1553405254.74 34.3
1553405264.76 33.2
1553405274.79 33.8
1553405284.81 33.2
1553405294.83 33.2
1553405304.85 33.8
1553405314.87 33.2
1553405324.89 33.8
1553405334.9 34.3
1553405344.92 33.8
1553405354.94 33.8
1553405364.96 34.3
1553405374.97 33.2
1553405384.99 33.8
1553405395.01 33.8
1553405405.04 33.8
1553405415.06 33.8
1553405425.08 33.8
1553405435.1 33.2
1553405445.12 33.8
1553405455.14 33.2
1553405465.16 33.2
1553405475.18 33.2
1553405485.2 33.2
1553405495.22 33.2
1553405505.24 33.2
1553405515.26 33.2
1553405525.28 33.8
1553405535.3 33.2
1553405545.32 33.2
1553405555.34 33.2
1553405565.36 34.3
1553405575.38 34.3
1553405585.39 34.3
1553405595.41 33.8
1553405605.42 33.8
1553405615.44 34.3
1553405625.46 33.8
1553405635.48 34.3
1553405645.5 33.8
1553405655.52 33.8
1553405665.54 34.3
1553405675.56 33.2
1553405685.59 33.2
1553405695.61 33.8
1553405705.63 34.3
1553405715.65 33.2
1553405725.67 33.2
1553405735.69 33.2
1553405745.71 33.2
1553405755.73 33.2
1553405765.75 33.8
1553405775.77 33.8
1553405785.79 33.8
1553405795.81 33.8
1553405805.82 33.8
1553405815.84 33.8
1553405825.87 33.2
1553405835.89 33.2
1553405845.92 33.8
1553405855.94 34.3
1553405865.95 33.8
1553405875.97 33.2
1553405885.99 33.2
1553405896.01 33.2
1553405906.03 33.2
1553405916.05 33.8
1553405926.07 33.2
1553405936.09 33.2
1553405946.11 33.8
1553405956.13 33.2
1553405966.14 34.3
1553405976.16 33.8
1553405986.18 33.8
1553405996.2 33.2
1553406006.22 33.2
1553406016.24 33.2
1553406026.26 33.2
1553406036.28 33.2
1553406046.3 33.2
1553406056.32 33.8
1553406066.34 33.8
1553406076.36 33.2
1553406086.38 33.2
1553406096.4 34.3
1553406106.42 33.2
1553406116.44 33.2
1553406126.46 33.2
1553406136.48 33.2
1553406146.5 33.2
1553406156.52 33.2
1553406166.54 33.8
1553406176.56 33.2
1553406186.58 33.2
1553406196.6 33.8
1553406206.62 33.2
1553406216.64 33.8
1553406226.66 32.7
1553406236.68 32.7
1553406246.7 33.2
1553406256.72 33.8
1553406266.75 33.2
1553406276.77 33.8
1553406286.79 33.8
1553406296.8 34.3
1553406306.82 33.8
1553406316.84 33.8
1553406326.85 33.2
1553406336.88 33.8
1553406346.9 34.3
1553406356.92 33.8
1553406366.94 33.8
1553406376.96 33.8
1553406386.98 33.2
1553406397.0 33.8
1553406407.03 33.2
1553406417.05 33.2
1553406427.06 33.8
1553406437.08 33.2
1553406447.1 33.8
1553406457.12 33.2
1553406467.14 33.8
1553406477.16 33.2
1553406487.18 34.3
1553406497.2 33.8
1553406507.22 33.2
1553406517.23 34.3
1553406527.26 33.8
1553406537.28 33.8
1553406547.3 34.3
1553406557.32 33.2
1553406567.34 33.8
1553406577.36 33.2
1553406587.39 33.2
1553406597.41 33.2
1553406607.43 33.8
1553406617.45 33.2
1553406627.47 33.2
1553406637.5 33.2
1553406647.52 33.8
1553406657.54 33.2
1553406667.56 33.2
1553406677.58 33.2
1553406687.6 33.2
1553406697.63 33.2
1553406707.64 32.7
1553406717.66 33.2
1553406727.68 33.2
1553406737.7 33.2
1553406747.72 33.2
1553406757.74 33.2
1553406767.76 33.2
1553406777.78 33.2
1553406787.8 33.2
1553406797.82 33.2
1553406807.84 33.2
1553406817.86 32.7
1553406827.88 32.2
1553406837.9 33.8
1553406847.92 33.2
1553406857.93 33.8
1553406867.95 33.2
1553406877.97 33.2
1553406887.99 33.8
1553406898.01 32.7
1553406908.03 33.2
1553406918.05 33.8
1553406928.07 33.2
1553406938.09 33.2
1553406948.11 32.7
1553406958.13 32.7
1553406968.15 33.2
1553406978.17 33.2
1553406988.19 33.2
1553406998.21 33.2
1553407008.23 33.2
1553407018.25 33.2
1553407028.27 33.2
1553407038.3 33.2
1553407048.32 32.2
1553407058.34 32.7
1553407068.36 33.2
1553407078.38 33.2
1553407088.4 33.2
1553407098.43 32.7
1553407108.45 32.7
1553407118.47 32.7
1553407128.49 33.2
1553407138.51 33.2
1553407148.53 33.2
1553407158.54 33.2
1553407168.56 32.2
1553407178.58 33.2
1553407188.6 33.2
1553407198.63 33.2
1553407208.65 33.2
1553407218.66 33.2
1553407228.68 33.2
1553407238.7 33.2
1553407248.72 33.2
1553407258.74 33.2
1553407268.76 33.2
1553407278.78 33.2
1553407288.8 33.2
1553407298.82 33.2
1553407308.84 33.2
1553407318.86 33.2
1553407328.88 33.8
1553407338.9 33.2
1553407348.92 33.2
1553407358.94 33.2
1553407368.95 33.2
1553407378.97 33.2
1553407388.99 32.7
1553407399.0 33.8
1553407409.03 33.2
1553407419.05 33.2
1553407429.07 33.2
1553407439.08 32.7
1553407449.1 33.2
1553407459.12 33.8
1553407469.14 33.2
1553407479.16 32.7
1553407489.18 32.7
1553407499.2 33.2
1553407509.22 33.8
1553407519.24 33.8
1553407529.26 33.8
1553407539.28 33.8
1553407549.3 33.2
1553407559.32 33.2
1553407569.34 33.2
1553407579.36 33.2
1553407589.38 33.2
1553407599.4 33.2
1553407609.42 33.2
1553407619.44 33.2
1553407629.46 33.2
1553407639.48 33.2
1553407649.5 33.2
1553407659.52 32.2
1553407669.54 32.7
1553407679.56 32.7
1553407689.58 33.2
1553407699.6 32.7
1553407709.62 32.7
1553407719.65 33.2
1553407729.67 33.8
1553407739.69 33.2
1553407749.71 33.2
1553407759.73 33.8
1553407769.75 32.7
1553407779.77 32.7
1553407789.79 32.7
1553407799.82 33.2
1553407809.84 32.2
1553407819.86 32.7
1553407829.88 33.2
1553407839.91 32.7
1553407849.93 32.7
1553407859.94 32.7
1553407869.97 33.2
1553407879.98 32.7
1553407890.0 32.7
1553407900.01 33.2
1553407910.03 33.2
1553407920.05 33.2
1553407930.07 33.8
1553407940.08 33.2
1553407950.1 33.8
1553407960.12 33.2
1553407970.14 32.7
1553407980.16 33.8
1553407990.17 33.2
1553408000.19 32.2
1553408010.21 33.2
1553408020.23 33.2
1553408030.25 34.3
1553408040.26 33.2
1553408050.27 33.8
1553408060.29 33.2
1553408070.31 32.7
1553408080.33 33.2
1553408090.34 33.2
1553408100.36 32.2
1553408110.38 32.7
1553408120.39 33.2
1553408130.41 33.2
1553408140.43 33.2
1553408150.45 33.2
1553408160.47 33.2
1553408170.49 33.2
1553408180.51 33.2
1553408190.53 33.2
1553408200.55 32.7
1553408210.56 33.2
1553408220.58 33.2
1553408230.6 33.2
1553408240.62 33.2
1553408250.64 33.2
1553408260.66 33.2
1553408270.68 33.2
1553408280.7 33.2
1553408290.72 33.2
1553408300.73 33.2
1553408310.76 33.2
1553408320.77 32.7
1553408330.79 32.7
1553408340.81 33.2
1553408350.82 32.7
1553408360.84 32.7
1553408370.86 33.2
1553408380.88 32.7
1553408390.89 33.2
1553408400.92 32.7
1553408410.94 32.2
1553408420.95 32.7
1553408430.97 33.8
1553408440.98 33.2
1553408451.0 32.7
1553408461.01 33.8
1553408471.03 33.8
1553408481.05 33.2
1553408491.07 32.2
1553408501.08 32.7
1553408511.1 33.8
1553408521.11 32.7
1553408531.14 32.7
1553408541.16 32.7
1553408551.19 32.7
1553408561.2 32.7
1553408571.22 33.2
1553408581.24 33.2
1553408591.26 33.2
1553408601.28 32.7
1553408611.3 33.2
1553408621.32 32.7
1553408631.33 32.2
1553408641.35 32.2
1553408651.37 32.7
1553408661.4 32.7
1553408671.41 32.2
1553408681.44 32.7
1553408691.45 32.7
1553408701.47 32.7
1553408711.49 32.2
1553408721.51 32.7
1553408731.53 32.7
1553408741.55 32.7
1553408751.56 32.2
1553408761.59 32.2
1553408771.6 33.2
1553408781.61 33.2
1553408791.64 32.7
1553408801.66 32.7
1553408811.68 32.2
1553408821.7 33.2
1553408831.72 33.2
1553408841.74 33.2
1553408851.76 32.7
1553408861.78 32.7
1553408871.8 33.2
1553408881.82 32.7
1553408891.84 32.7
1553408901.86 32.2
1553408911.88 33.2
1553408921.9 32.7
1553408931.91 33.8
1553408941.93 32.7
1553408951.96 33.2
1553408961.98 33.2
1553408971.99 33.2
1553408982.01 33.8
1553408992.03 33.2
1553409002.05 33.2
1553409012.06 33.8
1553409022.08 32.7
1553409032.09 34.3
1553409042.12 33.2
1553409052.13 33.2
1553409062.15 32.7
1553409072.16 33.2
1553409082.18 33.2
1553409092.2 33.2
1553409102.21 33.2
1553409112.23 33.2
1553409122.25 32.7
1553409132.26 33.2
1553409142.27 33.2
1553409152.29 33.2
1553409162.31 32.7
1553409172.33 32.7
1553409182.35 32.7
1553409192.37 33.2
1553409202.39 33.2
1553409212.41 33.2
1553409222.42 33.2
1553409232.44 33.2
1553409242.46 32.7
1553409252.48 33.2
1553409262.5 32.7
1553409272.52 33.2
1553409282.54 33.2
1553409292.56 32.7
1553409302.58 33.2
1553409312.6 33.2
1553409322.62 32.7
1553409332.64 33.2
1553409342.66 33.2
1553409352.68 33.2
1553409362.7 32.7
1553409372.72 32.2
1553409382.74 32.2
1553409392.76 33.2
1553409402.78 33.2
1553409412.8 32.7
1553409422.82 32.2
1553409432.84 33.2
1553409442.86 32.7
1553409452.88 33.2
1553409462.9 32.7
1553409472.92 32.7
1553409482.94 32.7
1553409492.96 33.2
1553409502.99 32.7
1553409513.01 33.2
1553409523.03 33.2
1553409533.05 32.2
1553409543.07 33.8
1553409553.09 32.2
1553409563.11 33.2
1553409573.13 32.7
1553409583.15 32.7
1553409593.18 32.7
1553409603.19 33.2
1553409613.21 32.2
1553409623.23 33.2
1553409633.24 33.2
1553409643.26 32.7
1553409653.28 33.2
1553409663.3 33.8
1553409673.32 33.2
1553409683.34 32.7
1553409693.36 33.2
1553409703.38 32.7
1553409713.4 33.8
1553409723.42 33.2
1553409733.44 32.7
1553409743.46 33.2
1553409753.48 33.2
1553409763.5 32.7
1553409773.52 33.2
1553409783.54 34.3
1553409793.56 33.2
1553409803.58 32.7
1553409813.6 33.2
1553409823.62 32.7
1553409833.64 33.2
1553409843.66 32.7
1553409853.68 32.7
1553409863.7 32.7
1553409873.72 32.7
1553409883.74 32.2
1553409893.76 32.7
1553409903.78 32.7
1553409913.8 32.7
1553409923.82 33.2
1553409933.84 32.7
1553409943.86 32.7
1553409953.88 32.2
1553409963.91 32.7
1553409973.93 32.2
1553409983.94 32.2
1553409993.95 33.2
1553410003.98 33.2
1553410013.99 32.2
1553410024.01 32.2
1553410034.02 33.2
1553410044.04 32.7
1553410054.06 32.7
1553410064.07 33.2
1553410074.08 33.2
1553410084.09 33.2
1553410094.11 33.2
1553410104.13 32.2
1553410114.14 33.2
1553410124.16 32.7
1553410134.18 33.2
1553410144.19 33.2
1553410154.21 32.7
1553410164.22 33.2
1553410174.24 33.2
1553410184.26 32.7
1553410194.28 32.2
1553410204.29 33.2
1553410214.31 32.7
1553410224.33 32.7
1553410234.34 32.7
1553410244.36 32.7
1553410254.38 32.7
1553410264.4 33.2
1553410274.41 32.7
1553410284.43 32.2
1553410294.45 33.2
1553410304.46 33.2
1553410314.48 32.2
1553410324.5 32.2
1553410334.52 32.2
1553410344.53 33.2
1553410354.56 32.2
1553410364.58 32.2
1553410374.6 32.7
1553410384.62 32.7
1553410394.63 33.2
1553410404.65 32.7
1553410414.66 32.7
1553410424.68 33.2
1553410434.7 32.7
1553410444.72 32.7
1553410454.73 32.7
1553410464.75 32.7
1553410474.77 32.2
1553410484.79 32.2
1553410494.81 32.7
1553410504.83 32.7
1553410514.85 33.2
1553410524.86 33.2
1553410534.88 33.2
1553410544.91 32.7
1553410554.93 32.7
1553410564.95 33.2
1553410574.97 32.7
1553410584.99 32.7
1553410595.01 32.2
1553410605.03 32.7
1553410615.05 32.2
1553410625.07 32.7
1553410635.08 32.7
1553410645.1 32.7
1553410655.12 33.2
1553410665.14 32.2
1553410675.16 32.2
1553410685.18 32.2
1553410695.2 32.2
1553410705.22 32.2
1553410715.24 32.2
1553410725.25 32.2
1553410735.27 32.2
1553410745.29 32.2
1553410755.31 32.2
1553410765.32 32.2
1553410775.34 32.7
1553410785.36 32.2
1553410795.37 32.2
1553410805.39 33.2
1553410815.41 32.7
1553410825.43 32.2
1553410835.44 32.2
1553410845.46 32.7
1553410855.48 32.7
1553410865.5 32.2
1553410875.51 32.7
1553410885.53 32.2
1553410895.55 32.7
1553410905.57 32.7
1553410915.59 32.7
1553410925.6 32.2
1553410935.62 33.2
1553410945.64 32.2
1553410955.65 32.7
1553410965.67 33.2
1553410975.69 33.2
1553410985.71 32.2
1553410995.72 32.2
1553411005.74 32.2
1553411015.76 32.2
1553411025.78 32.7
1553411035.8 32.2
1553411045.81 32.7
1553411055.83 33.2
1553411065.84 33.2
1553411075.86 32.7
1553411085.88 32.7
1553411095.89 32.2
1553411105.91 32.7
1553411115.93 32.2
1553411125.95 32.7
1553411135.96 32.2
1553411145.98 32.2
1553411156.0 32.2
1553411166.02 33.2
1553411176.04 32.2
1553411186.06 32.2
1553411196.07 33.2
1553411206.09 32.2
1553411216.11 32.2
1553411226.12 32.2
1553411236.14 32.2
1553411246.16 32.7
1553411256.17 32.2
1553411266.19 32.7
1553411276.2 32.2
1553411286.22 32.2
1553411296.24 32.2
1553411306.26 32.2
1553411316.28 32.2
1553411326.29 32.2
1553411336.31 32.7
1553411346.33 33.2
1553411356.34 33.2
1553411366.36 32.7
1553411376.38 32.2
1553411386.4 32.2
1553411396.42 32.2
1553411406.44 32.2
1553411416.46 32.2
1553411426.48 32.2
1553411436.5 32.2
1553411446.52 32.7
1553411456.54 32.2
1553411466.56 32.7
1553411476.58 32.2
1553411486.6 32.7
1553411496.62 32.2
1553411506.64 32.2
1553411516.65 32.7
1553411526.67 32.2
1553411536.7 32.2
1553411546.71 32.2
1553411556.74 33.2
1553411566.76 32.2
1553411576.77 32.2
1553411586.79 32.2
1553411596.81 32.2
1553411606.83 32.2
1553411616.85 32.2
1553411626.87 32.2
1553411636.89 32.2
1553411646.91 32.2
1553411656.93 32.7
1553411666.95 32.2
1553411676.97 32.2
1553411686.99 32.2
1553411697.01 32.2
1553411707.03 32.2
1553411717.05 32.7
1553411727.07 32.2
1553411737.09 32.7
1553411747.11 32.7
1553411757.14 33.2
1553411767.16 32.2
1553411777.18 32.7
1553411787.2 32.2
1553411797.22 32.2
1553411807.25 32.2
1553411817.27 32.2
1553411827.28 32.7
1553411837.3 32.2
1553411847.33 32.2
1553411857.34 32.2
1553411867.35 32.2
1553411877.38 32.2
1553411887.4 32.2
1553411897.42 32.7
1553411907.44 32.2
1553411917.46 32.2
1553411927.48 32.2
1553411937.5 32.7
1553411947.52 32.2
1553411957.54 32.2
1553411967.56 32.7
1553411977.59 32.2
1553411987.61 32.7
1553411997.63 32.2
1553412007.65 32.2
1553412017.67 32.7
1553412027.69 32.2
1553412037.71 33.2
1553412047.73 32.7
1553412057.75 32.2
1553412067.77 32.2
1553412077.79 32.2
1553412087.8 32.7
1553412097.82 32.7
1553412107.84 32.2
1553412117.86 32.2
1553412127.88 32.7
1553412137.9 32.2
1553412147.92 32.2
1553412157.94 32.2
1553412167.96 32.2
1553412177.98 32.7
1553412188.0 32.2
1553412198.02 32.7
1553412208.04 32.7
1553412218.06 32.7
1553412228.08 32.2
1553412238.1 32.2
1553412248.12 32.2
1553412258.14 32.2
1553412268.16 32.2
1553412278.19 32.2
1553412288.2 33.2
1553412298.22 32.2
1553412308.24 32.2
1553412318.26 32.2
1553412328.28 32.2
1553412338.31 32.7
1553412348.33 32.2
1553412358.34 32.2
1553412368.36 32.2
1553412378.38 33.2
1553412388.4 32.2
1553412398.42 32.2
1553412408.44 32.2
1553412418.46 32.7
1553412428.48 32.2
1553412438.5 32.2
1553412448.52 32.2
1553412458.54 32.2
1553412468.56 32.2
1553412478.58 32.2
1553412488.59 32.7
1553412498.61 32.2
1553412508.64 32.2
1553412518.66 32.2
1553412528.68 32.2
1553412538.69 33.2
1553412548.72 32.2
1553412558.74 32.2
1553412568.76 32.2
1553412578.78 32.2
1553412588.8 32.2
1553412598.82 32.7
1553412608.84 32.2
1553412618.86 32.7
1553412628.88 32.7
1553412638.9 32.2
1553412648.92 32.7
1553412658.94 33.2
1553412668.96 32.7
1553412678.98 32.2
1553412689.0 32.2
1553412699.02 32.7
1553412709.04 32.2
1553412719.06 32.2
1553412729.08 32.2
1553412739.1 32.2
1553412749.12 32.7
1553412759.14 32.2
1553412769.16 32.2
1553412779.18 32.2
1553412789.2 32.7
1553412799.22 32.2
1553412809.24 32.7
1553412819.26 32.2
1553412829.28 32.7
1553412839.3 32.2
1553412849.32 32.2
1553412859.34 32.2
1553412869.36 32.2
1553412879.38 32.7
1553412889.4 32.2
1553412899.42 32.7
1553412909.44 32.2
1553412919.46 32.2
1553412929.47 33.2
1553412939.49 32.2
1553412949.51 32.2
1553412959.53 32.2
1553412969.55 32.2
1553412979.57 32.7
1553412989.59 32.2
1553412999.61 33.2
1553413009.63 32.7
1553413019.65 32.2
1553413029.67 32.2
1553413039.68 33.2
1553413049.7 32.2
1553413059.72 32.2
1553413069.74 32.2
1553413079.76 32.2
1553413089.78 32.2
1553413099.8 32.2
1553413109.83 32.2
1553413119.85 32.2
1553413129.86 32.2
1553413139.88 32.2
1553413149.9 32.2
1553413159.92 32.2
1553413169.94 32.2
1553413179.96 31.6
1553413189.98 32.2
1553413200.0 32.2
1553413210.02 32.2
1553413220.04 32.2
1553413230.06 32.2
1553413240.09 32.2
1553413250.11 32.2
1553413260.13 32.2
1553413270.15 32.2
1553413280.17 32.2
1553413290.19 32.2
1553413300.21 32.2
1553413310.23 32.2
1553413320.25 32.2
1553413330.28 32.2
1553413340.3 32.2
1553413350.32 32.7
1553413360.34 32.2
1553413370.36 32.2
1553413380.38 32.7
1553413390.4 32.2
1553413400.42 32.2
1553413410.44 32.2
1553413420.46 32.2
1553413430.48 32.2
1553413440.5 32.2
1553413450.52 32.2
1553413460.54 32.2
1553413470.56 32.2
1553413480.58 32.2
1553413490.6 32.2
1553413500.61 32.7
1553413510.64 32.2
1553413520.66 32.2
1553413530.68 32.2
1553413540.7 32.2
1553413550.71 32.7
1553413560.73 32.2
1553413570.75 32.2
1553413580.77 32.2
1553413590.79 32.7
1553413600.81 32.7
1553413610.83 32.2
1553413620.85 32.7
1553413630.86 33.2
1553413640.88 32.2
1553413650.91 32.2
1553413660.92 33.2
1553413670.94 32.2
1553413680.97 32.2
1553413690.99 32.7
1553413701.01 32.7
1553413711.03 33.2
1553413721.05 32.7
1553413731.07 32.7
1553413741.09 32.7
1553413751.11 32.7
1553413761.13 32.2
1553413771.15 32.2
1553413781.17 32.2
1553413791.19 32.2
1553413801.21 32.2
1553413811.23 32.2
1553413821.25 32.2
1553413831.27 32.7
1553413841.29 32.2
1553413851.31 32.2
1553413861.33 32.2
1553413871.36 32.7
1553413881.37 32.2
1553413891.39 32.7
1553413901.41 32.2
1553413911.43 32.2
1553413921.45 33.2
1553413931.47 32.2
1553413941.49 32.2
1553413951.5 32.2
1553413961.53 32.2
1553413971.54 33.2
1553413981.56 32.2
1553413991.58 33.2
1553414001.61 32.2
1553414011.63 32.7
1553414021.65 32.2
1553414031.67 33.2
1553414041.69 32.7
1553414051.71 32.7
1553414061.73 32.7
1553414071.75 32.2
1553414081.77 32.2
1553414091.81 33.2
1553414101.82 33.2
1553414111.84 33.2
1553414121.86 32.7
1553414131.89 32.7
1553414141.91 32.2
1553414151.93 32.7
1553414161.95 32.7
1553414171.98 33.2
1553414181.99 32.7
1553414192.01 32.7
1553414202.03 32.7
1553414212.05 32.7
1553414222.07 32.2
1553414232.09 32.2
1553414242.11 32.7
1553414252.13 32.2
1553414262.15 32.2
1553414272.17 31.6
1553414282.19 33.2
1553414292.2 33.2
1553414302.22 32.2
1553414312.24 32.7
1553414322.26 32.7
1553414332.29 32.2
1553414342.31 32.2
1553414352.32 32.7
1553414362.34 32.2
1553414372.36 32.2
1553414382.38 32.2
1553414392.4 32.2
