1553600003.4 36.5
1553600013.42 36.5
1553600023.43 35.4
1553600033.45 36.5
1553600043.46 35.4
1553600053.48 36.5
1553600063.49 36.5
1553600073.51 36.5
1553600083.53 36.5
1553600093.54 36.5
1553600103.56 36.5
1553600113.57 36.5
1553600123.58 36.5
1553600133.6 36.5
1553600143.62 36.5
1553600153.63 36.5
1553600163.65 36.5
1553600173.67 36.5
1553600183.68 36.5
1553600193.69 37.0
1553600203.71 36.5
1553600213.72 37.0
1553600223.74 36.5
1553600233.75 36.5
1553600243.77 36.5
1553600253.78 37.0
1553600263.8 36.5
1553600273.82 35.9
1553600283.84 36.5
1553600293.85 36.5
1553600303.87 36.5
1553600313.89 36.5
1553600323.91 35.9
1553600333.93 36.5
1553600343.95 37.0
1553600353.96 36.5
1553600363.98 37.0
1553600374.0 36.5
1553600384.01 37.0
1553600394.03 36.5
1553600404.04 37.0
1553600414.06 36.5
1553600424.09 37.0
1553600434.1 37.0
1553600444.12 37.0
1553600454.14 37.0
1553600464.16 36.5
1553600474.18 36.5
1553600484.2 36.5
1553600494.21 37.0
1553600504.23 37.0
1553600514.25 37.6
1553600524.27 36.5
1553600534.29 36.5
1553600544.3 37.0
1553600554.32 37.0
1553600564.33 37.0
1553600574.35 37.6
1553600584.36 37.6
1553600594.37 37.0
1553600604.39 36.5
1553600614.41 37.0
1553600624.43 36.5
1553600634.45 37.0
1553600644.47 36.5
1553600654.48 37.6
1553600664.5 37.6
1553600674.52 37.0
1553600684.53 37.0
1553600694.55 37.6
1553600704.57 37.6
1553600714.59 37.0
1553600724.6 37.6
1553600734.62 37.6
1553600744.64 36.5
1553600754.66 36.5
1553600764.67 37.6
1553600774.69 37.0
1553600784.71 37.0
1553600794.73 37.6
1553600804.75 37.6
1553600814.77 37.0
1553600824.79 37.0
1553600834.81 37.0
1553600844.83 37.6
1553600854.85 37.0
1553600864.87 37.6
1553600874.88 37.6
1553600884.9 37.6
1553600894.92 37.0
1553600904.94 37.6
1553600914.96 38.1
1553600924.97 38.1
1553600934.99 37.6
1553600945.0 37.6
1553600955.02 37.6
1553600965.04 37.6
1553600975.05 38.6
1553600985.07 37.6
1553600995.09 37.0
1553601005.1 38.1
1553601015.12 38.1
1553601025.14 38.1
1553601035.15 38.6
1553601045.17 37.6
1553601055.19 38.6
1553601065.21 37.6
1553601075.23 37.6
1553601085.25 37.6
1553601095.26 38.1
1553601105.28 38.1
1553601115.3 38.1
1553601125.32 37.6
1553601135.33 37.6
1553601145.35 37.6
1553601155.37 37.6
1553601165.39 37.0
1553601175.41 37.0
1553601185.43 37.6
1553601195.45 37.0
1553601205.47 37.0
1553601215.49 36.5
1553601225.51 36.5
1553601235.53 37.6
1553601245.55 37.6
1553601255.57 37.6
1553601265.58 37.6
1553601275.6 37.6
1553601285.63 36.5
1553601295.65 37.6
1553601305.66 37.6
1553601315.69 36.5
1553601325.7 37.6
1553601335.72 38.1
1553601345.74 37.6
1553601355.75 37.0
1553601365.77 37.6
1553601375.79 37.6
1553601385.81 37.6
1553601395.83 37.6
1553601405.84 38.1
1553601415.86 37.6
1553601425.87 38.1
1553601435.89 38.1
1553601445.91 37.6
1553601455.92 38.6
1553601465.93 38.6
1553601475.95 38.6
1553601485.97 38.6
1553601495.99 37.6
1553601506.01 38.6
1553601516.02 38.1
1553601526.04 38.6
1553601536.05 37.6
1553601546.07 38.1
1553601556.08 38.6
1553601566.1 37.6
1553601576.13 38.1
1553601586.14 39.2
1553601596.15 38.6
