1553900004.26 47.8
1553900014.28 47.8
1553900024.3 47.2
1553900034.32 47.2
1553900044.34 46.7
1553900054.36 47.2
1553900064.38 47.2
1553900074.4 47.8
1553900084.41 47.2
1553900094.43 46.2
1553900104.45 46.7
1553900114.47 47.2
1553900124.49 46.2
1553900134.51 47.2
1553900144.52 47.2
1553900154.54 47.2
1553900164.56 47.2
1553900174.59 46.2
1553900184.62 46.7
1553900194.63 47.2
1553900204.65 47.2
1553900214.67 46.2
1553900224.68 47.2
1553900234.7 47.2
1553900244.72 46.2
1553900254.74 47.2
1553900264.76 46.2
1553900274.78 46.2
1553900284.8 46.2
1553900294.82 46.2
1553900304.84 45.6
1553900314.86 45.1
1553900324.88 46.2
1553900334.9 45.6
1553900344.92 45.6
1553900354.94 45.6
1553900364.96 45.6
1553900374.98 45.1
1553900385.0 45.6
1553900395.02 45.1
1553900405.04 45.1
1553900415.06 47.2
1553900425.08 46.2
1553900435.09 46.7
1553900445.11 45.1
1553900455.12 46.2
1553900465.13 46.2
1553900475.15 46.7
1553900485.16 46.2
1553900495.18 46.2
1553900505.2 46.2
1553900515.21 46.2
1553900525.23 46.2
1553900535.24 46.2
1553900545.26 46.2
1553900555.27 46.2
1553900565.29 46.2
1553900575.3 46.2
1553900585.32 46.2
1553900595.34 46.2
1553900605.36 45.6
1553900615.38 46.7
1553900625.39 46.2
1553900635.41 46.7
1553900645.43 45.6
1553900655.45 46.2
1553900665.47 46.2
1553900675.49 46.2
1553900685.51 46.2
1553900695.52 46.2
1553900705.54 45.6
1553900715.56 46.2
1553900725.58 46.2
1553900735.6 46.2
1553900745.61 46.7
1553900755.63 47.2
1553900765.64 46.7
1553900775.66 46.2
1553900785.67 46.2
1553900795.69 46.7
1553900805.71 45.6
1553900815.72 46.2
1553900825.73 45.6
1553900835.75 45.6
1553900845.77 46.2
1553900855.79 45.6
1553900865.8 46.7
1553900875.83 45.6
1553900885.85 46.2
1553900895.87 46.7
1553900905.88 47.2
1553900915.9 47.8
1553900925.91 47.8
1553900935.93 47.2
1553900945.94 48.3
1553900955.96 47.2
1553900965.97 48.3
1553900975.99 47.8
1553900986.01 47.8
1553900996.02 47.2
1553901006.04 47.2
1553901016.06 47.8
1553901026.08 47.8
1553901036.09 48.3
1553901046.11 48.3
1553901056.12 48.3
1553901066.14 47.2
1553901076.16 47.8
1553901086.17 48.3
1553901096.19 48.3
1553901106.2 48.3
1553901116.21 48.3
1553901126.24 47.2
1553901136.26 48.3
1553901146.27 48.3
1553901156.29 48.3
1553901166.3 48.3
1553901176.32 48.3
1553901186.33 48.3
1553901196.35 47.8
1553901206.37 48.3
1553901216.39 48.3
1553901226.4 48.3
1553901236.41 48.3
1553901246.43 48.3
1553901256.44 48.3
1553901266.45 47.2
1553901276.47 48.3
1553901286.49 47.8
1553901296.51 47.8
1553901306.52 47.8
1553901316.54 48.3
1553901326.55 48.3
1553901336.56 48.3
1553901346.57 48.3
1553901356.57 48.3
1553901366.59 47.8
1553901376.6 48.3
1553901386.62 48.3
1553901396.64 48.3
1553901406.65 48.9
1553901416.66 48.3
1553901426.68 48.3
1553901436.7 48.9
1553901446.71 48.9
1553901456.73 48.3
1553901466.74 48.3
1553901476.75 48.9
1553901486.77 48.3
1553901496.79 48.3
1553901506.81 48.9
1553901516.82 48.3
1553901526.84 48.3
1553901536.85 47.8
1553901546.87 48.3
1553901556.88 47.8
1553901566.9 48.3
1553901576.92 47.8
1553901586.93 47.2
1553901596.94 47.8
1553901606.96 47.8
1553901616.98 47.8
1553901626.99 47.8
1553901637.02 47.8
1553901647.04 47.8
1553901657.06 47.8
1553901667.08 47.8
1553901677.09 47.8
1553901687.11 47.8
1553901697.13 48.3
1553901707.14 47.2
1553901717.16 47.8
1553901727.17 48.3
1553901737.19 48.3
1553901747.2 47.2
1553901757.22 48.3
1553901767.23 48.3
1553901777.26 47.2
1553901787.28 47.8
1553901797.29 48.3
1553901807.3 47.8
1553901817.32 48.3
1553901827.33 48.3
1553901837.35 47.2
1553901847.37 48.3
1553901857.38 47.2
1553901867.4 47.2
1553901877.41 47.2
1553901887.43 47.2
1553901897.44 47.8
1553901907.46 47.2
1553901917.48 47.2
1553901927.5 46.7
1553901937.51 47.8
1553901947.53 47.2
1553901957.55 47.8
1553901967.56 47.8
1553901977.58 47.8
1553901987.59 47.2
1553901997.6 47.2
1553902007.62 47.2
1553902017.63 47.2
1553902027.65 47.2
1553902037.67 47.8
1553902047.69 47.8
1553902057.7 47.2
1553902067.72 47.8
1553902077.74 47.2
1553902087.76 47.2
1553902097.78 47.2
1553902107.8 47.2
1553902117.81 47.2
1553902127.83 47.2
1553902137.85 46.7
1553902147.86 47.2
1553902157.88 47.2
1553902167.9 47.2
1553902177.92 47.2
1553902187.94 46.7
1553902197.95 47.2
1553902207.97 47.2
1553902217.99 46.7
1553902228.01 47.2
1553902238.02 47.2
1553902248.04 47.2
1553902258.05 47.2
1553902268.07 46.7
1553902278.09 47.2
1553902288.11 47.8
1553902298.13 47.2
1553902308.15 47.8
1553902318.16 47.8
1553902328.18 47.2
1553902338.2 47.2
1553902348.22 47.8
1553902358.23 47.2
1553902368.25 47.2
1553902378.27 47.2
1553902388.29 47.2
1553902398.3 47.8
1553902408.32 47.8
1553902418.34 47.2
1553902428.36 47.2
1553902438.37 47.2
1553902448.39 47.2
1553902458.41 47.8
1553902468.42 47.2
1553902478.44 47.2
1553902488.46 47.8
1553902498.47 47.8
1553902508.49 47.2
1553902518.51 47.2
1553902528.53 47.2
1553902538.55 47.8
1553902548.56 47.8
1553902558.58 46.2
1553902568.6 47.2
1553902578.62 46.7
1553902588.64 47.2
1553902598.66 46.2
1553902608.68 46.7
1553902618.7 47.2
1553902628.72 47.2
1553902638.73 47.2
1553902648.76 47.2
1553902658.78 47.2
1553902668.79 47.2
1553902678.81 47.2
1553902688.83 46.7
1553902698.84 47.2
1553902708.86 46.2
1553902718.88 46.2
1553902728.9 46.2
1553902738.92 46.2
1553902748.93 46.2
1553902758.94 45.6
1553902768.96 46.2
1553902778.98 46.7
1553902789.0 46.2
1553902799.02 46.2
1553902809.03 46.2
1553902819.04 46.2
1553902829.06 46.2
1553902839.08 45.6
1553902849.1 46.2
1553902859.12 46.2
1553902869.14 46.2
1553902879.16 46.7
1553902889.17 46.7
1553902899.18 47.2
1553902909.19 46.2
1553902919.21 46.2
1553902929.23 47.2
1553902939.24 47.2
1553902949.25 46.2
1553902959.27 46.7
1553902969.29 47.2
1553902979.3 47.2
1553902989.32 47.8
1553902999.33 46.2
1553903009.35 47.2
1553903019.36 47.2
1553903029.38 47.2
1553903039.4 47.2
1553903049.42 47.2
1553903059.43 47.8
1553903069.44 47.2
1553903079.45 47.2
1553903089.47 47.2
1553903099.49 47.2
1553903109.51 47.2
1553903119.53 46.2
1553903129.55 47.2
1553903139.57 47.2
1553903149.59 47.2
1553903159.61 47.2
1553903169.62 47.2
1553903179.64 47.2
1553903189.66 47.2
1553903199.68 47.2
1553903209.7 46.7
1553903219.72 46.7
1553903229.74 47.2
1553903239.75 47.2
1553903249.77 47.2
1553903259.8 46.7
1553903269.81 47.2
1553903279.82 47.2
1553903289.84 46.2
1553903299.86 46.2
1553903309.87 47.2
1553903319.89 46.2
1553903329.92 46.2
1553903339.93 47.2
1553903349.94 46.7
1553903359.95 47.2
1553903369.97 46.2
1553903379.99 46.7
1553903390.0 47.2
1553903400.01 47.2
1553903410.04 46.2
1553903420.06 46.2
1553903430.08 47.2
1553903440.1 47.2
1553903450.11 46.7
1553903460.13 46.7
1553903470.15 45.6
1553903480.17 47.2
1553903490.18 47.2
1553903500.19 47.2
1553903510.21 47.2
1553903520.23 47.2
1553903530.25 46.7
1553903540.26 47.2
1553903550.28 47.2
1553903560.3 47.2
1553903570.31 47.2
1553903580.34 46.2
1553903590.35 46.2
1553903600.37 47.2
1553903610.39 47.2
1553903620.41 47.2
1553903630.43 47.2
1553903640.44 47.8
1553903650.46 48.3
1553903660.48 47.2
1553903670.5 47.8
1553903680.51 47.8
1553903690.53 47.2
1553903700.55 47.2
1553903710.57 47.8
1553903720.59 47.2
1553903730.61 47.2
1553903740.63 47.2
1553903750.65 47.2
1553903760.67 47.8
1553903770.69 48.3
1553903780.7 47.2
1553903790.72 47.2
1553903800.73 47.2
1553903810.75 46.7
1553903820.77 47.2
1553903830.79 47.2
1553903840.81 47.2
1553903850.83 47.8
1553903860.84 47.8
1553903870.86 47.2
1553903880.88 47.8
1553903890.9 47.2
1553903900.92 47.2
1553903910.93 46.7
1553903920.95 46.2
1553903930.97 46.2
1553903940.99 47.2
1553903951.02 46.2
1553903961.03 47.2
1553903971.05 47.2
1553903981.07 47.2
1553903991.09 46.7
1553904001.11 47.2
1553904011.13 47.2
1553904021.15 48.3
1553904031.16 47.2
1553904041.18 47.8
1553904051.2 47.2
1553904061.21 47.8
1553904071.23 47.8
1553904081.25 47.8
1553904091.27 47.8
1553904101.28 47.8
1553904111.31 47.2
1553904121.32 47.8
1553904131.34 47.8
1553904141.36 47.8
1553904151.37 47.8
1553904161.38 47.2
1553904171.39 47.2
1553904181.4 47.2
1553904191.41 47.2
1553904201.42 47.8
1553904211.44 47.8
1553904221.46 47.2
1553904231.48 46.2
1553904241.49 47.2
1553904251.51 47.2
1553904261.54 47.8
1553904271.55 47.8
1553904281.57 47.2
1553904291.59 47.2
1553904301.6 47.2
1553904311.62 47.2
1553904321.64 47.2
1553904331.65 47.8
1553904341.67 47.8
1553904351.68 47.8
1553904361.7 47.2
1553904371.72 47.2
1553904381.73 47.2
1553904391.75 46.7
1553904401.77 46.7
1553904411.79 46.2
1553904421.82 46.2
1553904431.84 46.2
1553904441.86 47.2
1553904451.88 47.2
1553904461.89 47.2
1553904471.91 46.7
1553904481.93 47.2
1553904491.94 46.7
1553904501.96 46.7
1553904511.97 47.2
1553904521.99 47.2
1553904532.01 46.2
1553904542.03 46.2
1553904552.05 46.7
1553904562.06 47.2
1553904572.08 46.7
1553904582.1 47.2
1553904592.12 47.2
1553904602.13 47.2
1553904612.15 47.2
1553904622.16 47.2
1553904632.18 47.2
1553904642.21 47.8
1553904652.22 47.2
1553904662.24 47.2
1553904672.25 47.2
1553904682.27 48.3
1553904692.29 47.8
1553904702.3 47.2
1553904712.32 46.7
1553904722.33 46.7
1553904732.35 47.2
1553904742.37 47.2
1553904752.39 47.2
1553904762.41 46.7
1553904772.43 47.2
1553904782.45 46.2
1553904792.47 46.2
1553904802.49 46.2
1553904812.51 47.2
1553904822.53 47.2
1553904832.55 47.2
1553904842.56 47.2
1553904852.58 46.7
1553904862.6 46.2
1553904872.61 47.2
1553904882.63 47.2
1553904892.65 47.8
1553904902.66 47.2
1553904912.68 47.2
1553904922.69 47.8
1553904932.71 47.8
1553904942.72 47.2
1553904952.74 47.2
1553904962.75 47.2
1553904972.77 46.2
1553904982.79 47.2
1553904992.81 47.8
1553905002.83 47.2
1553905012.84 47.8
1553905022.86 47.2
1553905032.88 47.2
1553905042.89 47.8
1553905052.91 47.2
1553905062.93 47.2
1553905072.95 47.8
1553905082.96 47.2
1553905092.98 47.2
1553905102.99 47.2
1553905113.01 47.2
1553905123.03 47.2
1553905133.05 47.2
1553905143.07 47.2
1553905153.09 47.2
1553905163.11 47.2
1553905173.13 47.2
1553905183.14 47.2
1553905193.16 47.8
1553905203.18 47.2
1553905213.19 47.8
1553905223.21 47.2
1553905233.22 47.8
1553905243.24 47.8
1553905253.26 47.2
1553905263.27 48.3
1553905273.29 47.2
1553905283.3 48.9
1553905293.32 47.8
1553905303.34 47.2
1553905313.35 48.3
1553905323.37 47.8
1553905333.39 47.2
1553905343.41 47.2
1553905353.43 47.2
1553905363.45 47.2
1553905373.46 47.2
1553905383.48 47.2
1553905393.5 47.2
1553905403.53 47.2
1553905413.55 47.2
1553905423.57 46.7
1553905433.59 46.2
1553905443.61 47.2
1553905453.63 47.2
1553905463.65 46.7
1553905473.67 46.2
1553905483.68 47.2
1553905493.7 46.7
1553905503.71 46.7
1553905513.73 46.2
1553905523.75 46.2
1553905533.77 47.2
1553905543.78 46.2
1553905553.8 45.6
1553905563.82 47.2
1553905573.84 46.2
1553905583.86 46.2
1553905593.87 47.2
1553905603.89 46.7
1553905613.91 46.2
1553905623.93 47.2
1553905633.94 46.7
1553905643.95 46.7
1553905653.97 47.2
1553905663.99 46.2
1553905674.01 45.6
1553905684.03 46.7
1553905694.05 46.2
1553905704.07 46.2
1553905714.07 46.2
1553905724.09 47.2
1553905734.11 47.2
1553905744.13 46.2
1553905754.14 46.2
1553905764.16 46.2
1553905774.18 46.2
1553905784.19 46.2
1553905794.21 46.2
1553905804.23 46.2
1553905814.25 46.2
1553905824.27 46.7
1553905834.28 46.7
1553905844.3 45.6
1553905854.32 46.2
1553905864.35 46.2
1553905874.36 46.7
1553905884.38 46.2
1553905894.39 46.2
1553905904.41 46.7
1553905914.43 47.2
1553905924.45 46.2
1553905934.46 46.2
1553905944.48 46.7
1553905954.5 46.2
1553905964.53 46.7
1553905974.55 46.2
1553905984.56 46.7
1553905994.58 46.7
1553906004.6 46.2
1553906014.62 46.7
1553906024.64 46.2
1553906034.66 45.6
1553906044.67 46.2
1553906054.69 46.2
1553906064.71 47.2
1553906074.73 46.2
1553906084.74 46.2
1553906094.76 46.2
1553906104.79 46.7
1553906114.8 46.2
1553906124.82 46.2
1553906134.83 46.7
1553906144.85 46.7
1553906154.87 46.2
1553906164.88 46.2
1553906174.9 47.2
1553906184.92 46.2
1553906194.93 46.2
1553906204.95 46.7
1553906214.97 46.7
1553906224.98 47.2
1553906235.0 46.7
1553906245.02 46.2
1553906255.04 46.2
1553906265.06 46.2
1553906275.08 46.7
1553906285.09 47.2
1553906295.11 47.2
1553906305.13 47.2
1553906315.15 46.7
1553906325.17 46.2
1553906335.18 46.2
1553906345.2 47.2
1553906355.21 46.2
1553906365.23 46.2
1553906375.26 45.6
1553906385.27 45.6
1553906395.29 46.7
1553906405.31 46.7
1553906415.32 46.2
1553906425.35 45.6
1553906435.36 46.2
1553906445.38 46.2
1553906455.4 45.6
1553906465.41 46.2
1553906475.43 46.2
1553906485.45 46.2
1553906495.47 46.2
1553906505.49 46.2
1553906515.5 46.2
1553906525.53 46.2
1553906535.54 46.2
1553906545.56 45.1
1553906555.58 46.2
1553906565.61 46.2
1553906575.62 46.2
1553906585.64 45.6
1553906595.66 46.2
1553906605.68 46.2
1553906615.7 46.2
1553906625.72 46.2
1553906635.74 45.6
1553906645.76 45.1
1553906655.77 46.2
1553906665.79 45.1
1553906675.81 46.2
1553906685.83 45.6
1553906695.85 46.2
1553906705.86 46.2
1553906715.87 46.2
1553906725.89 46.2
1553906735.9 45.1
1553906745.92 46.2
1553906755.93 45.6
1553906765.95 45.1
1553906775.97 45.6
1553906785.99 45.1
1553906796.01 46.2
1553906806.03 45.6
1553906816.04 45.6
1553906826.06 46.7
1553906836.08 45.6
1553906846.1 46.2
1553906856.11 45.6
1553906866.13 45.1
1553906876.15 46.2
1553906886.16 45.1
1553906896.18 46.2
1553906906.2 45.6
1553906916.22 46.2
1553906926.24 45.6
1553906936.26 45.6
1553906946.28 46.2
1553906956.3 46.2
1553906966.32 46.2
1553906976.33 46.2
1553906986.35 46.2
1553906996.36 46.2
1553907006.38 46.7
1553907016.4 46.2
1553907026.41 46.7
1553907036.43 47.2
1553907046.45 46.2
1553907056.46 46.2
1553907066.47 46.2
1553907076.49 47.2
1553907086.51 47.2
1553907096.52 46.7
1553907106.54 46.2
1553907116.56 46.7
1553907126.58 47.2
1553907136.6 46.2
1553907146.61 47.2
1553907156.63 47.2
1553907166.64 47.2
1553907176.66 46.2
1553907186.68 46.7
1553907196.69 46.7
1553907206.71 46.2
1553907216.72 46.7
1553907226.73 47.2
1553907236.75 46.7
1553907246.77 46.2
1553907256.78 47.2
1553907266.8 47.2
1553907276.81 46.7
1553907286.82 46.2
1553907296.84 46.2
1553907306.86 46.2
1553907316.88 47.2
1553907326.89 47.2
1553907336.91 47.2
1553907346.92 47.2
1553907356.94 47.2
1553907366.96 46.2
1553907376.97 47.2
1553907386.98 47.2
1553907396.99 46.7
1553907407.01 46.2
1553907417.04 46.2
1553907427.05 46.7
1553907437.07 46.7
1553907447.09 46.2
1553907457.11 45.6
1553907467.13 46.2
1553907477.15 46.2
1553907487.17 46.2
1553907497.19 46.2
1553907507.21 45.6
1553907517.22 46.2
1553907527.25 45.1
1553907537.26 45.6
1553907547.28 46.7
1553907557.3 46.2
1553907567.31 46.2
1553907577.33 46.2
1553907587.34 46.2
1553907597.36 46.7
