1553000005.44 41.9
1553000015.46 42.9
1553000025.48 42.4
1553000035.5 41.9
1553000045.51 42.4
1553000055.53 41.9
1553000065.55 42.9
1553000075.56 41.3
1553000085.58 41.9
1553000095.6 41.9
1553000105.62 42.9
1553000115.64 41.9
1553000125.65 42.9
1553000135.67 41.9
1553000145.69 42.4
1553000155.71 41.9
1553000165.72 41.9
1553000175.74 41.9
1553000185.75 42.4
1553000195.77 42.9
1553000205.79 41.9
1553000215.81 41.9
1553000225.82 42.4
1553000235.84 41.3
1553000245.86 41.3
1553000255.88 40.8
1553000265.9 40.8
1553000275.91 41.9
1553000285.93 41.3
1553000295.96 41.3
1553000305.98 41.3
1553000316.0 40.8
1553000326.02 41.9
1553000336.04 41.9
1553000346.06 41.9
1553000356.07 41.9
1553000366.09 42.4
1553000376.11 41.3
1553000386.13 41.3
1553000396.15 41.3
