1553300005.16 40.2
1553300015.17 40.8
1553300025.19 40.8
1553300035.2 40.8
1553300045.22 40.8
1553300055.23 40.8
1553300065.24 40.8
1553300075.25 40.8
1553300085.27 40.2
1553300095.29 39.7
1553300105.31 40.8
1553300115.33 40.8
1553300125.34 40.2
1553300135.36 40.2
1553300145.38 40.8
1553300155.4 39.7
1553300165.41 39.7
1553300175.43 39.7
1553300185.45 40.2
1553300195.47 39.7
1553300205.48 40.8
1553300215.5 40.8
1553300225.52 40.8
1553300235.53 40.8
1553300245.55 39.7
1553300255.57 40.8
1553300265.59 40.2
1553300275.61 40.8
1553300285.63 39.7
1553300295.65 39.7
1553300305.67 39.7
1553300315.69 40.8
1553300325.71 39.7
1553300335.73 39.7
1553300345.75 40.2
1553300355.77 39.7
1553300365.79 40.2
1553300375.79 39.7
1553300385.82 39.2
1553300395.83 39.7
1553300405.85 40.8
1553300415.87 39.7
1553300425.88 40.2
1553300435.9 39.7
1553300445.92 40.8
1553300455.93 39.7
1553300465.95 39.7
1553300475.97 40.2
1553300485.99 40.2
1553300496.0 40.8
1553300506.02 40.8
1553300516.03 40.8
1553300526.05 39.7
1553300536.07 40.2
1553300546.09 40.8
1553300556.11 39.7
1553300566.12 40.8
1553300576.14 40.8
1553300586.16 39.7
1553300596.18 39.7
1553300606.2 40.8
1553300616.22 40.2
1553300626.24 40.8
1553300636.26 40.8
1553300646.28 39.7
1553300656.29 40.2
1553300666.31 39.7
1553300676.33 39.7
1553300686.35 39.7
1553300696.37 39.2
1553300706.39 40.2
1553300716.41 39.7
1553300726.43 39.7
1553300736.44 40.8
1553300746.46 40.8
1553300756.48 39.7
1553300766.5 40.8
1553300776.51 40.8
1553300786.53 40.2
1553300796.55 40.2
1553300806.57 40.8
1553300816.58 40.2
1553300826.61 40.2
1553300836.63 39.7
1553300846.65 40.8
1553300856.67 40.2
1553300866.68 39.7
1553300876.7 39.7
1553300886.72 39.7
1553300896.73 40.8
1553300906.75 40.8
1553300916.76 40.2
1553300926.79 39.7
1553300936.81 39.7
1553300946.83 40.2
1553300956.85 39.7
1553300966.86 39.2
1553300976.88 39.7
1553300986.9 39.7
1553300996.91 39.7
1553301006.94 40.2
1553301016.96 39.7
1553301026.98 39.7
1553301037.0 39.7
1553301047.01 39.7
1553301057.03 39.7
1553301067.05 39.7
1553301077.06 39.7
1553301087.08 39.2
1553301097.1 39.7
1553301107.12 39.2
1553301117.14 39.7
1553301127.16 39.7
1553301137.17 39.7
1553301147.19 39.7
1553301157.21 39.7
1553301167.23 39.2
1553301177.25 39.7
1553301187.26 39.7
1553301197.28 39.7
1553301207.29 39.7
1553301217.31 39.7
1553301227.32 39.2
1553301237.34 39.7
1553301247.36 39.2
1553301257.38 39.2
1553301267.4 39.7
1553301277.42 39.7
1553301287.43 39.7
1553301297.45 39.7
1553301307.47 40.8
1553301317.48 39.7
1553301327.5 40.2
1553301337.52 40.8
1553301347.53 40.8
1553301357.54 40.2
1553301367.56 40.8
1553301377.57 40.8
1553301387.58 39.2
1553301397.6 40.2
1553301407.61 40.2
1553301417.63 39.2
1553301427.65 39.7
1553301437.66 39.7
1553301447.67 40.8
1553301457.69 40.2
1553301467.7 39.7
1553301477.73 39.7
1553301487.74 40.8
1553301497.76 40.8
1553301507.77 40.8
1553301517.79 39.7
1553301527.8 40.8
1553301537.82 40.8
1553301547.83 40.8
1553301557.85 40.8
1553301567.87 40.8
1553301577.89 40.2
1553301587.91 39.7
1553301597.93 39.7
1553301607.94 40.2
1553301617.96 39.7
1553301627.98 39.7
1553301637.99 40.8
1553301648.01 39.7
1553301658.03 39.7
1553301668.05 40.8
1553301678.06 40.8
1553301688.07 40.2
1553301698.09 40.8
1553301708.11 40.8
1553301718.12 39.7
1553301728.15 40.2
1553301738.16 39.7
1553301748.17 40.2
1553301758.19 39.7
1553301768.2 40.8
1553301778.22 40.8
1553301788.24 40.8
1553301798.26 40.8
1553301808.27 40.8
1553301818.29 40.8
1553301828.31 40.8
1553301838.33 40.8
1553301848.34 39.7
1553301858.35 40.8
1553301868.37 40.8
1553301878.39 40.8
1553301888.41 40.8
1553301898.42 40.8
1553301908.43 41.3
1553301918.45 40.8
1553301928.47 40.8
1553301938.48 40.2
1553301948.5 39.7
1553301958.52 40.2
1553301968.53 40.8
1553301978.55 40.2
1553301988.57 40.8
1553301998.59 41.3
1553302008.61 40.8
1553302018.62 40.8
1553302028.64 40.8
1553302038.66 39.7
1553302048.67 39.7
1553302058.7 40.8
1553302068.71 40.8
1553302078.72 40.8
1553302088.74 40.8
1553302098.76 40.8
1553302108.78 40.2
1553302118.8 40.2
1553302128.82 40.8
1553302138.84 39.7
1553302148.86 39.7
1553302158.87 40.8
1553302168.9 39.7
1553302178.92 39.2
1553302188.93 39.7
1553302198.94 40.2
1553302208.96 39.7
1553302218.98 39.2
1553302229.0 40.2
1553302239.02 39.7
1553302249.04 39.7
1553302259.05 39.2
1553302269.07 39.7
1553302279.09 39.2
1553302289.11 39.7
1553302299.13 39.7
1553302309.14 38.6
1553302319.16 39.2
1553302329.18 39.2
1553302339.2 39.7
1553302349.22 39.7
1553302359.23 39.7
1553302369.25 39.2
1553302379.26 39.7
1553302389.28 40.2
1553302399.3 40.8
1553302409.32 40.2
1553302419.33 40.2
1553302429.34 40.8
1553302439.36 40.8
1553302449.37 40.8
1553302459.39 40.8
1553302469.41 39.7
1553302479.42 39.2
1553302489.44 39.7
1553302499.46 39.2
1553302509.47 39.7
1553302519.49 39.7
1553302529.5 39.7
1553302539.52 39.7
1553302549.55 39.7
1553302559.56 40.2
1553302569.58 39.2
1553302579.6 39.7
1553302589.61 39.7
1553302599.63 40.2
1553302609.65 39.2
1553302619.68 39.7
1553302629.69 40.2
1553302639.72 39.2
1553302649.73 39.7
1553302659.75 39.7
1553302669.76 39.7
1553302679.78 39.7
1553302689.81 39.7
1553302699.82 39.7
1553302709.84 39.7
1553302719.86 39.7
1553302729.88 40.2
1553302739.9 39.7
1553302749.92 38.6
1553302759.94 39.7
1553302769.96 40.2
1553302779.98 39.7
1553302790.0 39.7
1553302800.01 40.8
