1553500005.42 38.6
1553500015.44 38.1
1553500025.46 38.6
1553500035.48 39.2
1553500045.5 38.6
1553500055.52 39.2
1553500065.54 38.6
1553500075.56 38.6
1553500085.58 39.2
1553500095.6 39.2
1553500105.62 39.2
1553500115.65 38.6
1553500125.66 39.2
1553500135.68 39.2
1553500145.7 39.7
1553500155.72 38.6
1553500165.74 39.2
1553500175.76 39.2
1553500185.78 39.2
1553500195.8 39.7
1553500205.82 39.2
1553500215.85 39.2
1553500225.87 39.2
1553500235.89 38.6
1553500245.91 39.2
1553500255.93 39.2
1553500265.94 39.7
1553500275.97 39.2
1553500285.99 39.2
1553500296.01 39.7
1553500306.02 39.7
1553500316.05 38.6
1553500326.07 39.2
1553500336.08 39.7
1553500346.1 39.2
1553500356.12 39.2
1553500366.13 39.7
1553500376.14 39.2
1553500386.16 39.7
1553500396.18 38.6
1553500406.2 38.6
1553500416.21 39.2
1553500426.23 39.2
1553500436.25 39.7
1553500446.27 39.2
1553500456.28 39.7
1553500466.3 39.7
1553500476.33 39.7
1553500486.34 39.2
1553500496.36 39.2
1553500506.38 38.6
1553500516.4 38.6
1553500526.42 39.2
1553500536.44 39.2
1553500546.46 39.7
1553500556.48 39.2
1553500566.51 39.7
1553500576.53 38.6
1553500586.54 39.7
1553500596.56 39.2
1553500606.58 39.2
1553500616.6 38.6
1553500626.62 38.6
1553500636.64 39.7
1553500646.66 39.7
1553500656.68 39.7
1553500666.7 39.2
1553500676.72 38.6
1553500686.73 39.7
1553500696.75 39.2
1553500706.77 39.7
1553500716.78 39.7
1553500726.81 39.2
1553500736.83 39.2
1553500746.84 39.2
1553500756.87 39.2
1553500766.88 39.7
1553500776.9 39.2
1553500786.91 39.7
1553500796.93 39.7
