1554900008.59 43.5
1554900018.61 44.0
1554900028.62 44.0
1554900038.63 44.0
1554900048.65 44.0
1554900058.67 44.0
1554900068.69 44.5
1554900078.71 44.0
1554900088.72 44.0
1554900098.74 42.9
1554900108.76 44.0
1554900118.78 44.5
1554900128.79 44.5
1554900138.8 44.0
1554900148.82 43.5
1554900158.84 44.0
1554900168.85 44.5
1554900178.86 44.5
1554900188.87 44.0
1554900198.89 44.0
1554900208.91 44.5
1554900218.92 43.5
1554900228.94 44.0
1554900238.96 44.0
1554900248.98 44.0
1554900258.99 44.0
1554900269.01 44.5
1554900279.02 44.0
1554900289.04 44.0
1554900299.05 44.0
1554900309.07 44.5
1554900319.08 43.5
1554900329.1 44.0
1554900339.12 44.0
1554900349.14 44.0
1554900359.16 43.5
1554900369.18 44.0
1554900379.19 44.0
1554900389.21 43.5
1554900399.23 43.5
1554900409.24 43.5
1554900419.26 43.5
1554900429.27 44.0
1554900439.31 43.5
1554900449.32 44.0
1554900459.34 44.5
1554900469.35 44.0
1554900479.37 44.5
1554900489.38 44.0
1554900499.4 44.0
1554900509.41 43.5
1554900519.43 44.0
1554900529.44 44.5
1554900539.46 44.0
1554900549.48 43.5
1554900559.49 44.0
1554900569.51 43.5
1554900579.53 44.0
1554900589.55 43.5
1554900599.56 43.5
1554900609.59 44.0
1554900619.6 45.1
1554900629.62 43.5
1554900639.64 44.5
1554900649.66 44.0
1554900659.67 44.0
1554900669.69 44.0
1554900679.71 44.0
1554900689.73 44.0
1554900699.75 44.0
1554900709.78 44.0
1554900719.79 44.0
1554900729.81 44.0
1554900739.82 44.5
1554900749.85 44.0
1554900759.87 43.5
1554900769.88 44.0
1554900779.9 43.5
1554900789.92 44.0
1554900799.94 44.0
1554900809.95 44.0
1554900819.97 44.0
1554900829.98 44.0
1554900840.0 43.5
1554900850.01 44.0
1554900860.03 44.0
1554900870.05 43.5
1554900880.06 43.5
1554900890.09 43.5
1554900900.1 42.9
1554900910.12 43.5
1554900920.14 43.5
1554900930.15 42.9
1554900940.17 42.9
1554900950.19 44.0
1554900960.21 43.5
1554900970.24 43.5
1554900980.25 44.0
1554900990.27 42.9
1554901000.29 43.5
1554901010.31 43.5
1554901020.33 44.0
1554901030.34 44.0
1554901040.36 44.0
1554901050.37 44.0
1554901060.4 43.5
1554901070.41 44.0
1554901080.43 44.0
1554901090.44 44.0
1554901100.46 44.0
1554901110.48 43.5
1554901120.5 43.5
1554901130.52 42.9
1554901140.53 44.0
1554901150.55 44.0
1554901160.57 44.0
1554901170.58 44.5
1554901180.6 44.0
1554901190.62 44.0
1554901200.64 44.0
1554901210.65 45.6
1554901220.67 44.0
1554901230.69 43.5
1554901240.71 44.0
1554901250.72 44.0
1554901260.74 44.0
1554901270.76 43.5
1554901280.78 43.5
1554901290.8 43.5
1554901300.81 44.5
1554901310.83 44.0
1554901320.85 45.1
1554901330.86 45.1
1554901340.87 45.1
1554901350.88 45.1
1554901360.9 44.0
1554901370.92 45.1
1554901380.94 44.0
1554901390.96 44.5
1554901400.97 45.1
1554901410.99 45.1
1554901421.01 45.1
1554901431.02 45.6
1554901441.04 44.0
1554901451.05 45.1
1554901461.07 45.1
1554901471.09 44.0
1554901481.1 44.5
1554901491.12 44.0
1554901501.13 45.1
1554901511.14 45.1
1554901521.16 45.1
1554901531.18 44.5
1554901541.19 45.1
1554901551.21 45.6
1554901561.23 45.6
1554901571.24 45.6
1554901581.26 45.1
1554901591.28 45.1
1554901601.3 45.1
1554901611.31 45.6
1554901621.32 45.6
1554901631.33 45.6
1554901641.35 45.1
1554901651.36 45.6
1554901661.37 45.6
1554901671.39 45.1
1554901681.4 45.1
1554901691.42 45.1
1554901701.43 46.2
1554901711.45 45.1
1554901721.47 45.6
1554901731.48 45.1
1554901741.5 45.1
1554901751.51 45.1
1554901761.53 45.6
1554901771.54 46.2
1554901781.55 46.2
1554901791.57 45.1
1554901801.58 46.2
1554901811.6 46.2
1554901821.61 45.1
1554901831.63 45.6
1554901841.64 45.6
1554901851.65 46.2
1554901861.67 45.6
1554901871.69 45.6
1554901881.71 45.6
1554901891.72 45.6
1554901901.74 45.1
1554901911.75 46.2
1554901921.77 46.2
1554901931.79 45.1
1554901941.8 46.2
1554901951.82 45.6
1554901961.83 46.2
1554901971.85 46.7
1554901981.86 47.2
1554901991.88 46.2
1554902001.89 45.6
1554902011.91 46.2
1554902021.92 47.2
1554902031.93 47.2
1554902041.94 46.7
1554902051.95 46.7
1554902061.97 46.7
1554902072.0 47.2
1554902082.01 47.2
1554902092.02 46.7
1554902102.04 46.2
1554902112.06 46.7
1554902122.07 47.2
1554902132.09 47.2
1554902142.11 46.2
1554902152.12 46.2
1554902162.14 47.2
1554902172.16 46.7
1554902182.17 47.2
1554902192.19 46.7
1554902202.21 46.2
1554902212.23 46.2
1554902222.25 46.2
1554902232.27 46.2
1554902242.29 47.2
1554902252.3 47.2
1554902262.33 47.2
1554902272.35 47.2
1554902282.36 47.8
1554902292.38 47.2
1554902302.4 47.2
1554902312.44 47.2
1554902322.45 47.2
1554902332.47 47.2
1554902342.48 47.2
1554902352.5 47.2
1554902362.52 47.2
1554902372.54 47.8
1554902382.55 48.3
1554902392.56 47.2
1554902402.58 47.8
1554902412.6 47.2
1554902422.62 47.2
1554902432.64 47.8
1554902442.65 47.8
1554902452.68 48.3
1554902462.7 48.3
1554902472.71 48.3
1554902482.73 47.8
1554902492.75 48.3
1554902502.76 48.3
1554902512.78 48.3
1554902522.79 47.8
1554902532.8 48.3
1554902542.82 48.3
1554902552.83 48.3
1554902562.85 47.8
1554902572.87 48.3
1554902582.89 48.3
1554902592.91 48.3
1554902602.93 48.3
1554902612.95 47.8
1554902622.97 47.8
1554902632.98 48.3
1554902643.0 48.3
1554902653.02 47.2
1554902663.04 47.8
1554902673.06 47.8
1554902683.08 48.3
1554902693.09 47.8
1554902703.11 48.3
1554902713.13 47.2
1554902723.15 47.2
1554902733.17 47.8
1554902743.19 47.8
1554902753.2 47.8
1554902763.22 48.3
1554902773.24 47.2
1554902783.26 47.8
1554902793.29 47.8
1554902803.31 48.3
1554902813.33 48.3
1554902823.35 48.3
1554902833.36 48.3
1554902843.38 48.3
1554902853.4 48.3
1554902863.42 48.3
1554902873.43 47.8
1554902883.44 48.3
1554902893.45 48.3
1554902903.46 47.8
1554902913.48 48.3
1554902923.5 48.3
1554902933.51 48.3
1554902943.52 48.3
1554902953.54 48.3
1554902963.56 48.3
1554902973.58 47.8
1554902983.59 47.8
1554902993.61 47.8
1554903003.62 48.3
1554903013.64 48.3
1554903023.65 47.8
1554903033.67 47.8
1554903043.69 48.3
1554903053.71 47.2
1554903063.73 47.8
1554903073.75 47.2
1554903083.78 48.3
1554903093.8 48.3
1554903103.81 47.2
1554903113.83 48.3
1554903123.85 47.8
1554903133.87 47.8
1554903143.89 47.2
1554903153.91 47.2
1554903163.92 47.8
1554903173.94 47.2
1554903183.96 48.3
1554903193.97 47.2
1554903203.99 47.2
1554903214.01 47.8
1554903224.03 47.2
1554903234.05 47.2
1554903244.06 47.8
1554903254.08 47.2
1554903264.1 47.2
1554903274.12 47.8
1554903284.13 48.3
1554903294.15 47.8
1554903304.16 47.2
1554903314.18 48.3
1554903324.2 47.8
1554903334.21 47.2
1554903344.23 48.3
1554903354.25 48.3
1554903364.27 48.3
1554903374.28 48.3
1554903384.29 48.3
1554903394.31 47.8
1554903404.32 48.3
1554903414.33 47.8
1554903424.35 48.3
1554903434.36 47.2
1554903444.38 48.3
1554903454.4 48.3
1554903464.41 48.3
1554903474.43 48.3
1554903484.44 48.3
1554903494.46 48.3
1554903504.48 48.3
1554903514.49 48.3
1554903524.51 48.3
1554903534.52 48.9
1554903544.54 48.3
1554903554.56 48.3
1554903564.57 48.3
1554903574.59 48.9
1554903584.6 48.3
1554903594.62 48.3
1554903604.63 48.3
1554903614.65 49.4
1554903624.67 48.3
1554903634.68 49.4
1554903644.7 48.9
1554903654.72 48.9
1554903664.74 48.3
1554903674.76 48.3
1554903684.77 48.9
1554903694.8 48.3
1554903704.81 48.9
1554903714.83 48.9
1554903724.84 48.9
1554903734.86 48.9
1554903744.88 48.3
1554903754.9 47.2
1554903764.92 48.3
1554903774.94 48.9
1554903784.96 48.9
1554903794.97 47.8
1554903804.99 48.3
1554903815.01 48.3
1554903825.03 48.3
1554903835.05 47.8
1554903845.06 47.8
1554903855.08 48.3
1554903865.1 47.8
1554903875.11 48.3
1554903885.13 48.3
1554903895.14 48.3
1554903905.16 48.3
1554903915.18 47.8
1554903925.2 48.3
1554903935.21 48.3
1554903945.22 48.3
1554903955.24 48.3
1554903965.26 48.3
1554903975.27 47.8
1554903985.29 48.3
1554903995.3 47.2
1554904005.32 47.8
1554904015.34 47.8
1554904025.35 47.8
1554904035.36 47.8
1554904045.38 47.8
1554904055.4 47.8
1554904065.42 47.8
1554904075.43 47.8
1554904085.44 47.2
1554904095.46 47.2
1554904105.48 47.2
1554904115.49 47.2
1554904125.51 47.2
1554904135.52 47.2
1554904145.55 47.8
1554904155.57 47.2
1554904165.59 47.8
1554904175.6 47.8
1554904185.61 47.8
1554904195.63 47.2
1554904205.65 47.8
1554904215.66 47.8
1554904225.68 47.8
1554904235.7 47.8
1554904245.71 47.2
1554904255.73 47.2
1554904265.74 47.8
1554904275.76 47.8
1554904285.77 47.8
1554904295.79 47.2
1554904305.81 47.8
1554904315.82 47.2
1554904325.84 47.2
1554904335.86 47.2
1554904345.87 47.2
1554904355.89 47.2
1554904365.91 47.2
1554904375.92 47.2
1554904385.94 47.2
1554904395.96 47.8
1554904405.97 47.8
1554904415.99 47.2
1554904426.0 47.2
1554904436.02 47.2
1554904446.04 47.2
1554904456.06 47.2
1554904466.07 46.7
1554904476.09 47.2
1554904486.1 47.2
1554904496.11 47.2
1554904506.13 47.2
1554904516.14 47.2
1554904526.16 46.7
1554904536.18 47.8
1554904546.19 47.2
1554904556.2 47.2
1554904566.22 47.2
1554904576.23 47.2
1554904586.25 47.8
1554904596.27 47.2
1554904606.28 47.2
1554904616.3 46.2
1554904626.33 46.2
1554904636.35 47.2
1554904646.36 47.2
1554904656.38 46.7
1554904666.4 46.7
1554904676.42 46.2
1554904686.44 46.7
1554904696.45 46.7
1554904706.47 46.2
1554904716.48 46.7
1554904726.5 46.2
1554904736.51 46.2
1554904746.53 47.2
1554904756.55 46.7
1554904766.57 46.7
1554904776.59 47.2
1554904786.61 46.2
1554904796.63 46.2
