1554400005.18 56.9
1554400015.2 56.9
1554400025.22 56.9
1554400035.24 56.9
1554400045.26 56.4
1554400055.27 57.5
1554400065.29 56.9
1554400075.3 56.9
1554400085.32 56.9
1554400095.35 57.5
1554400105.36 56.9
1554400115.37 57.5
1554400125.39 56.9
1554400135.4 56.9
1554400145.42 56.9
1554400155.43 56.9
1554400165.44 56.9
1554400175.46 55.8
1554400185.47 56.9
1554400195.49 56.9
1554400205.51 55.8
1554400215.52 56.9
1554400225.53 56.9
1554400235.55 56.4
1554400245.57 56.4
1554400255.59 56.4
1554400265.61 56.4
1554400275.61 56.9
1554400285.63 56.4
1554400295.65 55.8
1554400305.67 56.4
1554400315.69 55.8
1554400325.71 56.4
1554400335.72 56.4
1554400345.74 56.4
1554400355.76 56.4
1554400365.77 56.4
1554400375.79 56.9
1554400385.81 56.9
1554400395.82 56.9
1554400405.83 56.9
1554400415.85 56.4
1554400425.87 56.9
1554400435.89 57.5
1554400445.91 56.4
1554400455.92 56.9
1554400465.94 56.4
1554400475.96 55.8
1554400485.98 56.9
1554400496.0 56.9
1554400506.01 56.9
1554400516.03 56.9
1554400526.03 56.9
1554400536.05 56.9
1554400546.07 56.9
1554400556.09 56.4
1554400566.11 56.9
1554400576.13 58.0
1554400586.15 56.9
1554400596.16 56.9
1554400606.19 56.9
1554400616.2 57.5
1554400626.22 56.9
1554400636.23 56.9
1554400646.25 56.4
1554400656.28 57.5
1554400666.29 56.9
1554400676.3 56.9
1554400686.32 56.9
1554400696.34 56.9
1554400706.35 58.0
1554400716.37 56.9
1554400726.39 56.9
1554400736.4 56.9
1554400746.41 56.9
1554400756.43 55.8
1554400766.45 56.4
1554400776.47 56.4
1554400786.48 56.4
1554400796.5 56.9
1554400806.51 59.1
1554400816.53 57.5
1554400826.54 58.0
1554400836.9 56.4
1554400846.91 56.9
1554400856.93 56.9
1554400866.94 56.9
1554400876.96 56.4
1554400886.97 56.4
1554400896.99 56.4
1554400907.01 56.9
1554400917.02 56.9
1554400927.04 55.8
1554400937.05 56.9
1554400947.07 56.4
1554400957.08 57.5
1554400967.1 56.9
1554400977.12 56.9
1554400987.15 56.9
1554400997.16 57.5
1554401007.18 58.0
1554401017.2 56.4
1554401027.22 56.9
1554401037.22 57.5
1554401047.23 57.5
1554401057.26 57.5
1554401067.27 56.4
1554401077.29 56.9
1554401087.3 56.9
1554401097.32 56.9
1554401107.33 56.9
1554401117.35 57.5
1554401127.37 56.9
1554401137.39 56.9
1554401147.41 56.9
1554401157.43 56.9
1554401167.44 56.9
1554401177.46 56.9
1554401187.48 57.5
1554401197.5 58.0
1554401207.52 58.0
1554401217.54 56.9
1554401227.56 56.9
1554401237.58 56.9
1554401247.6 56.4
1554401257.62 56.9
1554401267.63 56.9
1554401277.66 56.4
1554401287.68 56.9
1554401297.69 56.9
1554401307.71 56.4
1554401317.73 57.5
1554401327.75 56.9
1554401337.76 56.9
1554401347.78 57.5
1554401357.8 56.9
1554401367.82 58.0
1554401377.83 57.5
1554401387.85 56.9
1554401397.86 57.5
1554401407.88 57.5
1554401417.9 57.5
1554401427.92 56.9
1554401437.92 57.5
1554401447.94 56.9
1554401457.95 57.5
1554401467.97 56.9
1554401477.99 56.9
1554401488.01 56.9
1554401498.02 57.5
1554401508.04 57.5
1554401518.06 56.9
1554401528.08 56.9
1554401538.11 56.9
1554401548.12 56.9
1554401558.13 57.5
1554401568.15 57.5
1554401578.17 57.5
1554401588.19 56.4
1554401598.21 56.9
1554401608.23 57.5
1554401618.24 56.9
1554401628.26 56.9
1554401638.27 57.5
1554401648.3 57.5
1554401658.32 58.0
1554401668.34 56.9
1554401678.35 56.9
1554401688.37 56.9
1554401698.38 56.9
1554401708.4 56.4
1554401718.41 56.9
1554401728.43 56.4
1554401738.45 56.9
1554401748.47 56.9
1554401758.49 56.9
1554401768.51 56.4
1554401778.53 56.4
1554401788.53 56.4
1554401798.55 56.4
1554401808.57 56.4
1554401818.59 55.8
1554401828.6 56.4
1554401838.62 55.8
1554401848.62 56.4
1554401858.64 56.4
1554401868.66 56.4
1554401878.67 56.4
1554401888.69 55.3
1554401898.71 56.4
1554401908.73 56.9
1554401918.74 56.4
1554401928.76 56.9
1554401938.78 56.4
1554401948.79 56.4
1554401958.81 56.9
1554401968.83 55.8
1554401978.85 56.9
1554401988.87 56.4
1554401998.88 56.9
1554402008.9 56.9
1554402018.92 57.5
1554402028.94 56.9
1554402038.96 57.5
1554402048.97 56.9
1554402058.99 56.9
1554402069.01 56.9
1554402079.03 56.9
1554402089.03 56.9
1554402099.05 56.9
1554402109.07 56.9
1554402119.08 56.4
1554402129.1 55.8
1554402139.12 56.9
1554402149.13 56.9
1554402159.15 56.9
1554402169.17 56.9
1554402179.19 56.4
1554402189.21 55.8
1554402199.23 56.4
1554402209.24 56.4
1554402219.26 56.9
1554402229.27 56.4
1554402239.29 56.9
1554402249.3 56.9
1554402259.33 56.4
1554402269.34 56.9
1554402279.36 56.4
1554402289.37 55.8
1554402299.39 56.4
1554402309.41 56.4
1554402319.43 56.4
1554402329.44 56.4
1554402339.46 56.4
1554402349.48 56.4
1554402359.49 56.4
1554402369.51 56.4
1554402379.52 56.9
1554402389.52 56.4
1554402399.54 56.4
1554402409.56 56.9
1554402419.57 56.4
1554402429.59 55.8
1554402439.61 56.4
1554402449.62 56.4
1554402459.64 56.4
1554402469.66 56.4
1554402479.67 56.4
1554402489.69 55.8
1554402499.71 56.4
1554402509.72 56.9
1554402519.74 56.9
1554402529.76 56.4
1554402539.78 55.8
1554402549.79 56.9
1554402559.81 56.4
1554402569.82 55.8
1554402579.84 56.4
1554402589.86 56.4
1554402599.86 56.9
1554402609.88 56.4
1554402619.9 56.9
1554402629.92 56.4
1554402639.93 56.9
1554402649.95 56.9
1554402659.98 56.9
1554402670.0 56.9
1554402680.01 56.4
1554402690.03 56.9
1554402700.03 56.9
1554402710.06 56.4
1554402720.07 56.9
1554402730.09 56.9
1554402740.1 56.9
1554402750.12 56.9
1554402760.13 56.4
1554402770.15 56.9
1554402780.17 56.4
1554402790.18 56.4
1554402800.2 55.8
1554402810.22 56.4
1554402820.23 55.8
1554402830.25 56.9
1554402840.26 56.9
1554402850.28 56.9
1554402860.3 56.9
1554402870.31 56.9
1554402880.33 56.4
1554402890.35 56.4
1554402900.37 56.9
1554402910.39 56.9
1554402920.41 57.5
1554402930.43 56.4
1554402940.45 56.9
1554402950.47 56.9
1554402960.48 56.9
1554402970.49 56.9
1554402980.51 56.4
1554402990.53 56.9
1554403000.55 56.9
1554403010.57 56.9
1554403020.59 56.9
1554403030.61 56.9
1554403040.63 56.9
1554403050.65 55.8
1554403060.67 56.9
1554403070.68 56.9
1554403080.7 56.4
1554403090.72 56.4
1554403100.73 56.4
1554403110.75 56.4
1554403120.78 56.4
1554403130.8 56.4
1554403140.82 56.4
1554403150.84 56.4
1554403160.86 55.8
1554403170.88 55.8
1554403180.89 55.8
1554403190.9 55.8
1554403200.92 55.3
1554403210.94 55.8
1554403220.95 55.8
1554403230.97 55.8
1554403240.99 55.8
1554403251.01 55.8
1554403261.03 55.8
1554403271.04 55.8
1554403281.06 55.8
1554403291.09 55.8
1554403301.1 56.4
1554403311.12 56.4
1554403321.14 56.9
1554403331.16 55.8
1554403341.18 56.4
1554403351.19 56.9
1554403361.22 57.5
1554403371.23 56.9
1554403381.25 56.9
1554403391.27 58.0
1554403401.28 57.5
1554403411.3 58.0
1554403421.31 58.0
1554403431.33 56.9
1554403441.35 58.0
1554403451.37 58.0
1554403461.39 58.0
1554403471.4 58.0
1554403481.42 58.0
1554403491.44 57.5
1554403501.46 56.9
1554403511.48 56.4
1554403521.5 57.5
1554403531.51 58.0
1554403541.52 58.0
1554403551.53 57.5
1554403561.55 58.0
1554403571.56 58.0
1554403581.57 57.5
1554403591.58 58.0
1554403601.61 57.5
1554403611.62 56.9
1554403621.63 58.0
1554403631.66 56.9
1554403641.67 58.0
1554403651.68 58.0
1554403661.7 56.9
1554403671.71 58.0
1554403681.72 58.0
1554403691.74 56.9
1554403701.75 56.9
1554403711.77 57.5
1554403721.78 57.5
1554403731.79 58.0
1554403741.81 56.9
1554403751.82 56.9
1554403761.83 56.9
1554403771.84 56.4
1554403781.86 56.9
1554403791.88 56.9
1554403801.9 56.9
1554403811.9 56.9
1554403821.92 56.4
1554403831.95 56.9
1554403841.97 56.4
1554403851.98 55.8
1554403862.0 55.8
1554403872.02 55.8
1554403882.04 55.8
1554403892.05 56.4
1554403902.08 56.4
1554403912.1 56.4
1554403922.12 56.9
1554403932.14 56.9
1554403942.16 56.9
1554403952.18 56.9
1554403962.19 56.4
1554403972.21 56.4
1554403982.23 56.4
1554403992.25 55.8
1554404002.27 55.8
1554404012.28 56.4
1554404022.31 56.4
1554404032.32 55.8
1554404042.34 56.4
1554404052.35 55.8
1554404062.37 56.4
1554404072.39 56.4
1554404082.41 56.4
1554404092.43 56.4
1554404102.45 57.5
1554404112.45 56.9
1554404122.47 55.8
1554404132.49 56.9
1554404142.51 57.5
1554404152.52 56.9
1554404162.54 56.9
1554404172.56 56.4
1554404182.57 56.9
1554404192.6 56.9
1554404202.61 55.8
1554404212.63 56.4
1554404222.65 56.9
1554404232.66 56.4
1554404242.67 55.8
1554404252.69 55.8
1554404262.71 55.8
1554404272.73 55.8
1554404282.75 54.8
1554404292.77 55.8
1554404302.79 55.3
1554404312.81 55.8
1554404322.83 55.8
1554404332.85 55.3
1554404342.86 56.4
1554404352.88 55.8
1554404362.91 55.8
1554404372.92 56.4
1554404382.94 55.8
1554404392.95 56.4
1554404402.97 56.9
1554404412.99 56.4
1554404423.01 56.9
1554404433.03 56.9
1554404443.04 56.4
1554404453.06 56.9
1554404463.07 56.9
1554404473.09 56.9
1554404483.11 56.9
1554404493.13 56.9
1554404503.15 56.9
1554404513.17 56.9
1554404523.18 56.9
1554404533.2 56.9
1554404543.22 57.5
1554404553.24 56.9
1554404563.26 56.9
1554404573.27 56.9
1554404583.29 56.9
1554404593.31 56.9
1554404603.32 56.9
1554404613.34 56.9
1554404623.36 56.9
1554404633.37 56.9
1554404643.39 57.5
1554404653.41 57.5
1554404663.43 56.9
1554404673.45 58.0
1554404683.46 57.5
1554404693.48 57.5
1554404703.5 58.0
1554404713.51 58.0
1554404723.53 58.0
1554404733.55 57.5
1554404743.57 57.5
1554404753.59 58.0
1554404763.6 57.5
1554404773.62 56.9
1554404783.64 56.4
1554404793.66 55.8
1554404803.68 58.0
1554404813.7 56.9
1554404823.72 57.5
1554404833.74 57.5
1554404843.75 58.0
1554404853.77 56.9
1554404863.78 56.9
1554404873.8 56.9
1554404883.82 58.0
1554404893.84 56.9
1554404903.85 57.5
1554404913.88 56.4
1554404923.9 57.5
1554404933.92 57.5
1554404943.94 58.0
1554404953.96 58.5
1554404963.97 56.9
1554404973.99 58.5
1554404984.0 58.0
1554404994.02 57.5
1554405004.02 56.9
1554405014.05 56.9
1554405024.06 56.9
1554405034.08 56.9
1554405044.1 56.9
1554405054.12 56.4
1554405064.13 57.5
1554405074.15 56.9
1554405084.16 56.9
1554405094.18 56.9
1554405104.2 56.9
1554405114.22 56.9
1554405124.23 56.9
1554405134.25 56.9
1554405144.27 56.4
1554405154.29 56.9
1554405164.3 56.9
1554405174.31 56.9
1554405184.33 56.9
1554405194.35 56.9
1554405204.37 56.9
1554405214.38 56.4
1554405224.4 56.9
1554405234.42 56.4
1554405244.44 56.4
1554405254.45 56.9
1554405264.48 56.4
1554405274.5 55.8
1554405284.51 56.4
1554405294.53 56.9
1554405304.54 56.4
1554405314.57 56.4
1554405324.58 56.4
1554405334.6 56.9
1554405344.62 56.4
1554405354.64 56.4
1554405364.66 56.9
1554405374.67 56.9
1554405384.69 56.9
1554405394.71 56.4
1554405404.73 56.4
1554405414.74 56.9
1554405424.76 57.5
1554405434.77 57.5
1554405444.79 57.5
1554405454.81 56.9
1554405464.83 56.9
1554405474.83 56.9
1554405484.84 56.9
1554405494.86 56.9
1554405504.88 56.9
1554405514.9 56.9
1554405524.92 56.4
1554405534.94 56.9
1554405544.95 56.9
1554405554.97 56.9
1554405564.98 56.9
1554405575.0 56.4
1554405585.02 56.9
1554405595.03 56.4
1554405605.05 56.9
1554405615.06 56.4
1554405625.08 55.8
1554405635.09 56.4
1554405645.12 56.4
1554405655.13 56.4
1554405665.14 56.9
1554405675.16 55.8
1554405685.18 56.4
1554405695.2 56.4
1554405705.22 55.8
1554405715.23 56.4
1554405725.25 56.4
1554405735.26 55.8
1554405745.28 55.8
1554405755.29 55.8
1554405765.32 54.8
1554405775.33 55.3
1554405785.36 55.8
1554405795.38 55.3
1554405805.4 56.4
1554405815.41 56.4
1554405825.42 55.8
1554405835.44 55.8
1554405845.45 55.8
1554405855.47 55.8
1554405865.48 55.8
1554405875.5 55.8
1554405885.51 56.4
1554405895.53 55.8
1554405905.55 55.8
1554405915.56 56.4
1554405925.58 55.8
1554405935.59 55.8
1554405945.61 56.9
1554405955.63 56.4
1554405965.63 56.4
1554405975.65 56.4
1554405985.67 56.4
1554405995.68 56.9
1554406005.69 56.4
1554406015.71 56.4
1554406025.73 56.4
1554406035.74 56.4
1554406045.75 55.8
1554406055.76 56.9
1554406065.78 56.4
1554406075.79 55.8
1554406085.81 55.8
1554406095.83 56.4
1554406105.84 56.9
1554406115.86 56.4
1554406125.87 56.9
1554406135.9 56.4
1554406145.92 56.4
1554406155.93 56.9
1554406165.94 56.9
1554406175.96 56.4
1554406185.97 55.8
1554406195.98 56.4
1554406206.0 56.4
1554406216.02 56.4
1554406226.03 55.8
1554406236.05 56.9
1554406246.07 56.4
1554406256.08 56.4
1554406266.1 55.8
1554406276.12 56.9
1554406286.14 56.4
1554406296.16 56.4
1554406306.17 56.4
1554406316.19 56.4
1554406326.21 55.8
1554406336.23 55.8
1554406346.25 56.4
1554406356.26 55.8
1554406366.27 56.4
1554406376.29 55.8
1554406386.31 56.4
1554406396.33 56.4
1554406406.34 56.4
1554406416.36 55.8
1554406426.38 55.8
1554406436.4 55.8
1554406446.42 55.8
1554406456.44 56.4
1554406466.44 55.3
1554406476.47 55.8
1554406486.48 55.8
1554406496.5 55.8
1554406506.52 55.8
1554406516.54 55.8
1554406526.56 55.8
1554406536.57 55.8
1554406546.59 55.8
1554406556.61 55.8
1554406566.63 55.8
1554406576.64 55.8
1554406586.66 56.4
1554406596.67 55.8
1554406606.68 55.8
1554406616.7 55.8
1554406626.72 55.8
1554406636.74 55.8
1554406646.75 55.8
1554406656.77 55.8
1554406666.78 55.8
1554406676.8 55.3
1554406686.82 54.8
1554406696.84 55.8
1554406706.85 55.8
1554406716.87 55.8
1554406726.89 55.8
1554406736.9 54.8
1554406746.92 55.8
1554406756.94 55.3
1554406766.95 54.8
1554406776.97 55.8
1554406786.97 55.8
1554406796.99 55.8
1554406807.01 54.8
1554406817.02 54.8
1554406827.04 54.8
1554406837.05 54.8
1554406847.07 55.3
1554406857.09 55.3
1554406867.11 55.3
1554406877.13 55.8
1554406887.15 55.3
1554406897.17 55.8
1554406907.18 54.8
1554406917.2 55.3
1554406927.21 55.3
1554406937.23 54.8
1554406947.24 55.3
1554406957.25 55.3
1554406967.27 55.3
1554406977.29 54.8
1554406987.31 55.3
1554406997.33 55.3
1554407007.36 54.8
1554407017.37 55.8
1554407027.39 54.8
1554407037.41 55.8
1554407047.43 55.3
1554407057.44 54.2
1554407067.46 54.8
1554407077.48 54.8
1554407087.49 55.8
1554407097.51 54.8
1554407107.53 54.8
1554407117.55 54.2
1554407127.57 54.8
1554407137.58 54.8
1554407147.6 54.2
1554407157.61 54.8
1554407167.63 54.8
1554407177.65 54.8
1554407187.67 54.8
1554407197.69 55.3
1554407207.71 54.2
1554407217.72 54.8
1554407227.74 54.8
1554407237.76 55.8
1554407247.78 55.3
1554407257.79 54.8
1554407267.81 54.2
1554407277.83 54.8
1554407287.85 54.8
1554407297.87 54.8
1554407307.88 55.3
1554407317.9 54.8
1554407327.9 55.3
1554407337.92 55.8
1554407347.94 55.3
1554407357.95 55.8
1554407367.97 55.8
1554407377.99 55.3
1554407388.01 55.3
1554407398.03 55.8
1554407408.04 55.3
1554407418.06 55.8
1554407428.06 55.8
1554407438.08 55.8
1554407448.1 55.8
1554407458.12 55.8
1554407468.13 55.8
1554407478.16 56.4
1554407488.18 55.8
1554407498.2 55.8
1554407508.21 55.8
1554407518.23 55.3
1554407528.24 55.8
1554407538.27 54.8
1554407548.28 55.8
1554407558.29 55.8
1554407568.31 55.8
1554407578.33 55.8
1554407588.34 56.4
1554407598.36 55.8
1554407608.37 55.8
1554407618.39 56.9
1554407628.4 56.4
1554407638.42 56.4
1554407648.44 56.4
1554407658.45 56.4
1554407668.47 56.4
1554407678.49 55.8
1554407688.51 55.8
1554407698.52 56.4
1554407708.53 56.4
1554407718.55 56.4
1554407728.57 56.9
1554407738.59 56.4
1554407748.61 55.8
1554407758.62 56.4
1554407768.64 56.9
1554407778.65 56.4
1554407788.67 56.4
1554407798.69 55.8
1554407808.71 56.9
1554407818.73 55.8
1554407828.75 56.4
1554407838.76 56.4
1554407848.78 56.4
1554407858.8 56.9
1554407868.81 56.4
1554407878.83 56.9
1554407888.85 56.9
1554407898.87 56.4
1554407908.88 56.9
1554407918.9 56.4
1554407928.91 56.4
1554407938.93 56.9
1554407948.93 56.4
1554407958.95 55.8
1554407968.97 56.4
1554407978.98 56.4
1554407989.0 56.4
1554407999.02 56.9
