1554200000.31 34.9
1554200010.32 34.3
1554200020.34 34.3
1554200030.36 34.3
1554200040.38 34.3
1554200050.4 34.3
1554200060.41 34.9
1554200070.43 34.9
1554200080.45 35.4
1554200090.47 34.9
1554200100.49 35.4
1554200110.51 34.9
1554200120.52 34.3
1554200130.53 34.9
1554200140.54 34.9
1554200150.56 35.4
1554200160.57 35.4
1554200170.58 34.9
1554200180.6 35.4
1554200190.61 35.4
1554200200.63 35.4
1554200210.65 35.4
1554200220.66 34.9
1554200230.68 35.4
1554200240.7 34.9
1554200250.72 35.4
1554200260.73 34.9
1554200270.75 35.4
1554200280.76 34.9
1554200290.78 35.9
1554200300.8 35.9
1554200310.81 35.4
1554200320.83 35.9
1554200330.85 35.9
1554200340.87 36.5
1554200350.88 35.9
1554200360.9 35.4
1554200370.91 35.4
1554200380.93 35.9
1554200390.94 35.9
1554200400.95 36.5
1554200410.97 35.9
1554200420.99 35.9
1554200431.01 35.4
1554200441.04 35.9
1554200451.05 35.9
1554200461.07 34.9
1554200471.1 35.4
1554200481.12 35.4
1554200491.13 34.3
1554200501.15 35.4
1554200511.16 35.4
1554200521.18 35.4
1554200531.2 35.4
1554200541.21 35.4
1554200551.23 35.4
1554200561.25 35.4
1554200571.26 35.4
1554200581.27 34.9
1554200591.29 35.4
1554200601.31 35.4
1554200611.32 35.4
1554200621.34 35.4
1554200631.35 35.4
1554200641.36 35.4
1554200651.38 35.4
1554200661.39 34.9
1554200671.41 35.9
1554200681.42 35.4
1554200691.44 35.4
1554200701.45 35.4
1554200711.47 35.4
1554200721.48 34.3
1554200731.5 34.9
1554200741.52 34.9
1554200751.54 35.4
1554200761.56 34.3
1554200771.58 34.9
1554200781.6 34.9
1554200791.62 35.4
1554200801.63 35.4
1554200811.65 34.9
1554200821.66 35.4
1554200831.68 34.9
1554200841.69 35.4
1554200851.71 34.3
1554200861.73 35.4
1554200871.75 34.3
1554200881.77 34.9
1554200891.79 34.9
1554200901.8 34.3
1554200911.82 34.3
1554200921.84 34.3
1554200931.86 34.3
1554200941.87 34.9
1554200951.89 34.3
1554200961.9 34.9
1554200971.92 34.9
1554200981.94 34.3
1554200991.97 34.9
1554201001.99 34.3
1554201012.0 34.3
1554201022.02 33.8
1554201032.03 34.3
1554201042.05 34.3
1554201052.07 34.3
1554201062.08 34.3
1554201072.1 34.3
1554201082.11 34.3
1554201092.13 33.2
1554201102.15 33.8
1554201112.17 33.2
1554201122.19 33.2
1554201132.21 33.2
1554201142.24 33.2
1554201152.26 33.8
1554201162.28 34.3
1554201172.29 34.3
1554201182.31 33.8
1554201192.34 33.2
1554201202.35 34.3
1554201212.37 33.8
1554201222.39 33.2
1554201232.4 33.2
1554201242.42 34.3
1554201252.44 33.8
1554201262.45 33.8
1554201272.47 34.3
1554201282.49 34.3
1554201292.51 34.3
1554201302.52 34.3
1554201312.54 34.3
1554201322.55 34.3
1554201332.57 34.3
1554201342.59 34.9
1554201352.61 33.8
1554201362.62 34.3
1554201372.64 34.3
1554201382.66 34.9
1554201392.68 34.3
1554201402.7 33.2
1554201412.71 34.3
1554201422.74 34.3
1554201432.75 34.3
1554201442.77 34.9
1554201452.78 34.3
1554201462.8 34.9
1554201472.82 34.3
1554201482.83 34.3
1554201492.85 34.3
1554201502.87 34.3
1554201512.88 34.3
1554201522.9 34.9
1554201532.91 34.9
1554201542.93 34.9
1554201552.94 34.3
1554201562.95 34.3
1554201572.97 34.9
1554201582.98 34.3
1554201593.0 34.3
1554201603.02 33.8
1554201613.03 34.3
1554201623.05 34.9
1554201633.07 34.9
1554201643.08 34.9
1554201653.09 34.3
1554201663.11 35.4
1554201673.12 34.3
1554201683.14 35.4
1554201693.15 34.9
1554201703.17 35.4
1554201713.19 34.3
1554201723.21 35.4
1554201733.22 35.4
1554201743.24 34.9
1554201753.25 34.3
1554201763.27 35.4
1554201773.28 35.4
1554201783.29 34.9
1554201793.31 34.3
1554201803.33 34.9
1554201813.34 35.4
1554201823.36 34.9
1554201833.38 34.9
1554201843.4 35.4
1554201853.41 35.4
1554201863.43 35.4
1554201873.45 35.9
1554201883.46 34.9
1554201893.48 35.4
1554201903.5 36.5
1554201913.51 35.9
1554201923.53 35.4
1554201933.55 35.9
1554201943.56 36.5
1554201953.57 35.9
1554201963.59 35.4
1554201973.6 35.4
1554201983.63 35.4
1554201993.65 35.9
1554202003.66 35.4
1554202013.68 36.5
1554202023.69 36.5
1554202033.72 36.5
1554202043.74 36.5
1554202053.75 36.5
1554202063.77 36.5
1554202073.78 36.5
1554202083.79 36.5
1554202093.81 35.9
1554202103.82 36.5
1554202113.83 35.4
1554202123.85 36.5
1554202133.86 35.9
1554202143.88 36.5
1554202153.89 36.5
1554202163.91 36.5
1554202173.93 35.9
1554202183.94 36.5
1554202193.95 36.5
1554202203.97 37.0
1554202213.98 37.0
1554202223.99 36.5
1554202234.0 37.6
1554202244.02 37.0
1554202254.03 36.5
1554202264.05 36.5
1554202274.06 36.5
1554202284.07 36.5
1554202294.1 35.9
1554202304.11 36.5
1554202314.13 36.5
1554202324.15 36.5
1554202334.16 36.5
1554202344.18 37.0
1554202354.19 36.5
1554202364.2 36.5
1554202374.22 36.5
1554202384.23 36.5
1554202394.25 35.9
1554202404.27 36.5
1554202414.28 36.5
1554202424.3 36.5
1554202434.31 35.9
1554202444.33 36.5
1554202454.35 36.5
1554202464.36 36.5
1554202474.37 36.5
1554202484.4 36.5
1554202494.42 36.5
1554202504.44 35.9
1554202514.45 36.5
1554202524.46 36.5
1554202534.48 36.5
1554202544.49 36.5
1554202554.5 36.5
1554202564.51 36.5
1554202574.52 35.9
1554202584.54 36.5
1554202594.55 34.3
1554202604.57 35.9
1554202614.59 36.5
1554202624.61 34.9
1554202634.63 35.9
1554202644.65 36.5
1554202654.67 35.9
1554202664.68 35.4
1554202674.7 35.4
1554202684.72 36.5
1554202694.73 36.5
1554202704.74 36.5
1554202714.76 36.5
1554202724.77 36.5
1554202734.78 36.5
1554202744.79 36.5
1554202754.81 37.0
1554202764.82 36.5
1554202774.84 36.5
1554202784.86 36.5
1554202794.87 36.5
1554202804.89 36.5
1554202814.9 37.0
1554202824.92 36.5
1554202834.93 37.0
1554202844.94 36.5
1554202854.95 36.5
1554202864.97 36.5
1554202874.98 36.5
1554202884.99 36.5
1554202895.01 35.9
1554202905.02 36.5
1554202915.04 36.5
1554202925.05 35.9
1554202935.06 36.5
1554202945.08 36.5
1554202955.1 36.5
1554202965.11 36.5
1554202975.13 36.5
1554202985.15 35.9
1554202995.17 36.5
1554203005.18 35.9
1554203015.2 36.5
1554203025.22 36.5
1554203035.24 35.4
1554203045.25 35.9
1554203055.26 36.5
1554203065.28 35.9
1554203075.3 36.5
1554203085.31 36.5
1554203095.32 35.9
1554203105.34 36.5
1554203115.35 36.5
1554203125.37 37.0
1554203135.38 36.5
1554203145.39 36.5
1554203155.41 36.5
1554203165.42 36.5
1554203175.45 36.5
1554203185.47 36.5
1554203195.49 36.5
1554203205.5 36.5
1554203215.51 36.5
1554203225.53 36.5
1554203235.55 36.5
1554203245.57 36.5
1554203255.58 36.5
1554203265.6 35.9
1554203275.62 37.0
1554203285.64 36.5
1554203295.65 36.5
1554203305.67 36.5
1554203315.69 35.9
1554203325.7 36.5
1554203335.72 37.0
1554203345.74 36.5
1554203355.75 37.0
1554203365.77 36.5
1554203375.79 37.6
1554203385.8 37.0
1554203395.82 36.5
1554203405.84 36.5
1554203415.86 37.0
1554203425.88 37.0
1554203435.89 36.5
1554203445.91 36.5
1554203455.92 36.5
1554203465.94 37.0
1554203475.96 37.0
1554203485.98 36.5
1554203496.0 36.5
1554203506.02 35.9
1554203516.03 36.5
1554203526.04 37.0
1554203536.06 36.5
1554203546.07 37.0
1554203556.09 36.5
1554203566.1 37.6
1554203576.12 37.0
1554203586.13 37.0
1554203596.15 37.6
1554203606.16 37.6
1554203616.18 38.1
1554203626.2 37.0
1554203636.22 37.6
1554203646.24 37.6
1554203656.25 37.6
1554203666.27 38.6
1554203676.28 37.6
1554203686.3 37.6
1554203696.32 37.6
1554203706.33 38.6
1554203716.35 37.6
1554203726.37 37.6
1554203736.38 38.1
1554203746.4 37.6
1554203756.42 38.1
1554203766.43 37.6
1554203776.44 38.1
1554203786.46 37.6
1554203796.47 37.6
1554203806.49 37.6
1554203816.51 37.6
1554203826.52 37.6
1554203836.54 37.0
1554203846.55 37.6
1554203856.58 37.0
1554203866.59 38.1
1554203876.61 37.0
1554203886.62 37.0
1554203896.64 37.6
1554203906.65 38.1
1554203916.66 37.6
1554203926.68 38.1
1554203936.69 38.1
1554203946.7 37.6
1554203956.72 37.6
1554203966.74 37.6
1554203976.75 37.6
1554203986.77 38.1
1554203996.79 38.1
1554204006.8 37.6
1554204016.82 37.6
1554204026.83 37.6
1554204036.85 37.6
1554204046.86 37.6
1554204056.88 37.6
1554204066.89 37.6
1554204076.91 38.1
1554204086.92 37.0
1554204096.94 38.1
1554204106.95 37.6
1554204116.97 37.6
1554204126.99 37.0
1554204137.0 37.6
1554204147.02 37.6
1554204157.04 38.1
1554204167.06 38.1
1554204177.07 38.1
1554204187.09 37.6
1554204197.11 37.6
1554204207.12 37.6
1554204217.14 37.6
1554204227.16 37.6
1554204237.17 37.6
1554204247.19 37.6
1554204257.21 37.6
1554204267.22 38.1
1554204277.24 38.1
1554204287.26 38.1
1554204297.28 37.6
1554204307.29 38.1
1554204317.31 38.1
1554204327.32 38.6
1554204337.33 38.1
1554204347.34 38.6
1554204357.36 37.6
1554204367.38 38.6
1554204377.39 38.6
1554204387.41 38.6
1554204397.43 37.6
1554204407.44 38.1
1554204417.46 38.1
1554204427.47 38.6
1554204437.49 38.6
1554204447.5 38.6
1554204457.51 39.2
1554204467.52 38.6
1554204477.54 38.6
1554204487.56 38.6
1554204497.57 38.6
1554204507.59 38.6
1554204517.61 39.2
1554204527.64 39.2
1554204537.65 38.6
1554204547.67 38.6
1554204557.69 39.2
1554204567.7 38.6
1554204577.72 39.7
1554204587.73 38.6
1554204597.75 39.2
1554204607.76 39.2
1554204617.78 38.6
1554204627.79 39.2
1554204637.81 38.6
1554204647.82 38.6
1554204657.84 38.6
1554204667.85 39.2
1554204677.86 39.2
1554204687.88 39.2
1554204697.89 38.6
1554204707.91 38.6
1554204717.93 39.2
1554204727.95 39.2
1554204737.97 38.6
1554204747.99 38.6
1554204758.01 38.6
1554204768.02 38.6
1554204778.04 38.6
1554204788.06 38.6
1554204798.08 38.6
1554204808.1 38.6
1554204818.12 38.6
1554204828.14 38.6
1554204838.15 39.2
1554204848.17 39.2
1554204858.19 39.7
1554204868.21 39.2
1554204878.23 39.7
1554204888.24 39.7
1554204898.26 39.7
1554204908.28 39.7
1554204918.29 39.7
1554204928.31 39.2
1554204938.33 39.2
1554204948.34 39.7
1554204958.36 39.7
1554204968.38 39.7
1554204978.39 39.2
1554204988.41 39.7
1554204998.42 39.7
1554205008.44 39.7
1554205018.46 39.7
1554205028.47 39.7
1554205038.49 38.6
1554205048.5 39.7
1554205058.53 39.2
1554205068.55 39.2
1554205078.56 39.7
1554205088.57 39.2
1554205098.59 39.2
1554205108.62 38.6
1554205118.64 39.7
1554205128.65 39.2
1554205138.67 39.2
1554205148.69 39.2
1554205158.7 39.2
1554205168.72 39.7
1554205178.74 39.2
1554205188.75 39.7
1554205198.77 39.2
1554205208.78 39.2
1554205218.8 39.7
1554205228.82 39.2
1554205238.83 39.2
1554205248.85 39.2
1554205258.87 39.2
1554205268.89 38.6
1554205278.9 39.2
1554205288.91 39.7
1554205298.93 39.2
1554205308.94 39.2
1554205318.96 39.2
1554205328.98 39.7
1554205338.99 38.6
1554205349.01 39.2
1554205359.03 39.2
1554205369.05 38.6
1554205379.06 39.7
1554205389.07 39.2
1554205399.09 38.6
1554205409.1 39.2
1554205419.11 38.6
1554205429.12 38.6
1554205439.14 38.6
1554205449.15 38.6
1554205459.16 38.6
1554205469.18 39.2
1554205479.19 38.6
1554205489.2 38.6
1554205499.22 38.6
1554205509.24 38.6
1554205519.25 39.2
1554205529.26 39.2
1554205539.28 38.6
1554205549.29 39.2
1554205559.31 38.6
1554205569.32 39.2
1554205579.34 38.6
1554205589.36 38.6
1554205599.37 38.6
1554205609.39 39.2
1554205619.41 38.6
1554205629.43 38.6
1554205639.45 38.6
1554205649.46 38.6
1554205659.47 38.6
1554205669.49 38.1
1554205679.5 38.6
1554205689.52 39.2
1554205699.54 38.6
1554205709.56 37.6
1554205719.57 38.6
1554205729.58 38.6
1554205739.6 38.1
1554205749.61 38.1
1554205759.62 38.6
1554205769.64 38.6
1554205779.66 38.6
1554205789.67 38.6
1554205799.69 38.6
1554205809.71 38.6
1554205819.72 39.2
1554205829.74 39.2
1554205839.75 39.2
1554205849.77 39.2
1554205859.79 38.6
1554205869.8 39.2
1554205879.81 39.2
1554205889.83 38.6
1554205899.85 38.6
1554205909.86 38.6
1554205919.88 39.2
1554205929.89 38.6
1554205939.91 38.6
1554205949.93 39.2
1554205959.95 38.6
1554205969.97 38.1
1554205979.99 38.6
1554205990.0 38.6
1554206000.01 39.2
1554206010.03 38.6
1554206020.05 38.6
1554206030.06 38.6
1554206040.08 38.6
1554206050.09 39.2
1554206060.1 39.2
1554206070.11 39.2
1554206080.13 38.6
1554206090.14 38.6
1554206100.15 38.6
1554206110.17 38.1
1554206120.18 38.6
1554206130.2 39.2
1554206140.21 39.2
1554206150.23 39.2
1554206160.24 39.2
1554206170.26 38.6
1554206180.28 39.2
1554206190.3 39.2
1554206200.31 39.2
1554206210.32 39.2
1554206220.34 39.2
1554206230.35 39.2
1554206240.37 39.7
1554206250.39 38.1
1554206260.4 39.2
1554206270.42 39.7
1554206280.43 39.2
1554206290.44 39.7
1554206300.45 39.2
1554206310.47 39.2
1554206320.49 39.2
1554206330.5 39.2
1554206340.51 38.6
1554206350.53 39.2
1554206360.54 39.7
1554206370.55 39.7
1554206380.56 39.7
1554206390.58 40.8
1554206400.59 40.2
