1554300003.69 42.9
1554300013.7 44.0
1554300023.72 43.5
1554300033.75 42.9
1554300043.76 43.5
1554300053.78 43.5
1554300063.8 42.9
1554300073.82 42.9
1554300083.84 42.9
1554300093.86 42.9
1554300103.88 42.9
1554300113.9 42.9
1554300123.92 42.9
1554300133.94 42.9
1554300143.96 42.9
1554300153.98 42.9
1554300164.0 43.5
1554300174.02 42.9
1554300184.04 42.9
1554300194.06 42.4
1554300204.07 42.9
1554300214.09 43.5
1554300224.11 42.9
1554300234.13 43.5
1554300244.15 43.5
1554300254.16 43.5
1554300264.18 43.5
1554300274.19 44.0
1554300284.2 44.0
1554300294.21 42.9
1554300304.23 44.0
1554300314.25 43.5
1554300324.27 43.5
1554300334.29 42.9
1554300344.3 43.5
1554300354.31 44.0
1554300364.33 42.9
1554300374.35 43.5
1554300384.36 43.5
1554300394.38 42.9
1554300404.4 42.9
1554300414.42 44.0
1554300424.44 42.9
1554300434.45 42.9
1554300444.47 42.9
1554300454.48 43.5
1554300464.5 42.9
1554300474.51 43.5
1554300484.53 44.0
1554300494.55 43.5
1554300504.56 44.0
1554300514.58 42.9
1554300524.6 44.0
1554300534.62 42.9
1554300544.64 43.5
1554300554.66 44.0
1554300564.67 42.9
1554300574.69 42.9
1554300584.71 42.4
1554300594.73 42.9
1554300604.75 42.9
1554300614.76 43.5
1554300624.78 44.0
1554300634.8 44.5
1554300644.82 44.5
1554300654.83 44.0
1554300664.85 44.0
1554300674.86 44.0
1554300684.88 44.0
1554300694.9 44.5
1554300704.92 44.0
1554300714.94 44.0
1554300724.96 44.0
1554300734.98 43.5
1554300744.99 44.0
1554300755.01 43.5
1554300765.02 44.0
1554300775.04 44.0
1554300785.06 44.0
1554300795.08 44.0
1554300805.09 44.5
1554300815.11 43.5
1554300825.13 43.5
1554300835.14 43.5
1554300845.16 42.9
1554300855.18 43.5
1554300865.19 44.5
1554300875.21 43.5
1554300885.23 43.5
1554300895.24 44.0
1554300905.26 44.0
1554300915.29 44.5
1554300925.3 45.1
1554300935.32 44.5
1554300945.34 44.0
1554300955.35 45.1
1554300965.37 44.0
1554300975.39 45.1
1554300985.4 44.5
1554300995.42 44.5
1554301005.44 45.1
1554301015.45 44.5
1554301025.47 45.1
1554301035.49 44.0
1554301045.51 44.0
1554301055.52 45.1
1554301065.53 45.1
1554301075.56 44.0
1554301085.58 45.1
1554301095.59 45.6
1554301105.61 45.1
1554301115.62 45.1
1554301125.64 45.1
1554301135.66 45.1
1554301145.69 45.1
1554301155.71 45.1
1554301165.73 45.1
1554301175.74 45.1
1554301185.76 45.1
1554301195.78 45.1
1554301205.8 45.1
1554301215.82 45.1
1554301225.84 46.2
1554301235.86 45.1
1554301245.87 45.6
1554301255.88 46.2
1554301265.9 46.2
1554301275.92 46.2
1554301285.94 46.2
1554301295.96 46.2
1554301305.97 46.2
1554301315.99 46.7
1554301326.01 46.2
1554301336.03 46.2
1554301346.05 46.2
1554301356.07 46.2
1554301366.08 46.2
1554301376.1 46.2
1554301386.11 46.2
1554301396.12 46.2
1554301406.14 47.2
1554301416.15 47.2
1554301426.17 46.2
1554301436.18 46.7
1554301446.2 47.2
1554301456.22 46.2
1554301466.23 46.7
1554301476.25 47.2
1554301486.26 47.2
1554301496.28 47.2
1554301506.3 46.2
1554301516.32 47.2
1554301526.33 47.2
1554301536.35 46.2
1554301546.37 47.2
1554301556.38 47.2
1554301566.4 47.2
1554301576.41 47.8
1554301586.43 47.8
1554301596.45 47.2
1554301606.46 47.8
1554301616.48 47.8
1554301626.5 47.8
1554301636.52 47.2
1554301646.54 47.2
1554301656.56 47.8
1554301666.58 47.2
1554301676.59 47.2
1554301686.62 48.3
1554301696.63 48.3
1554301706.65 47.8
1554301716.67 48.3
1554301726.69 48.3
1554301736.71 47.8
1554301746.73 47.8
1554301756.74 48.3
1554301766.76 48.3
1554301776.79 47.8
1554301786.8 48.3
1554301796.82 47.8
1554301806.84 48.3
1554301816.86 48.3
1554301826.88 48.3
1554301836.89 48.3
1554301846.91 48.9
1554301856.92 49.4
1554301866.94 48.3
1554301876.96 48.9
1554301886.98 49.4
1554301897.01 48.3
1554301907.03 49.4
1554301917.06 48.9
1554301927.07 48.9
1554301937.09 49.4
1554301947.11 49.4
1554301957.12 49.4
1554301967.14 48.9
1554301977.15 49.4
1554301987.16 49.9
1554301997.18 48.3
1554302007.2 49.4
1554302017.21 48.3
1554302027.23 49.4
1554302037.25 48.9
1554302047.27 49.9
1554302057.28 48.9
1554302067.29 49.9
1554302077.3 49.9
1554302087.32 49.9
1554302097.33 49.4
1554302107.35 49.4
1554302117.36 49.4
1554302127.37 49.9
1554302137.4 49.9
1554302147.41 50.5
1554302157.43 49.9
1554302167.45 50.5
1554302177.47 50.5
1554302187.48 50.5
1554302197.5 50.5
1554302207.52 49.4
1554302217.55 50.5
1554302227.57 50.5
1554302237.59 49.9
1554302247.6 50.5
1554302257.62 49.9
1554302267.64 50.5
1554302277.66 50.5
1554302287.67 51.0
1554302297.68 51.0
1554302307.7 51.5
1554302317.72 51.5
1554302327.73 50.5
1554302337.75 50.5
1554302347.77 51.0
1554302357.78 51.0
1554302367.79 51.5
1554302377.82 51.5
1554302387.83 51.5
1554302397.85 50.5
1554302407.86 51.5
1554302417.88 51.5
1554302427.88 51.5
1554302437.91 50.5
1554302447.93 50.5
1554302457.95 51.5
1554302467.97 51.0
1554302477.99 50.5
1554302488.0 50.5
1554302498.02 51.5
1554302508.04 50.5
1554302518.06 51.5
1554302528.07 51.5
1554302538.09 51.5
1554302548.1 50.5
1554302558.12 51.5
1554302568.13 50.5
1554302578.15 51.5
1554302588.17 51.5
1554302598.19 51.5
1554302608.21 51.5
1554302618.23 51.0
1554302628.25 51.0
1554302638.27 51.5
1554302648.29 52.1
1554302658.31 51.5
1554302668.32 51.5
1554302678.34 51.5
1554302688.36 51.5
1554302698.38 52.1
1554302708.39 51.5
1554302718.41 52.1
1554302728.42 51.5
1554302738.44 51.5
1554302748.46 51.5
1554302758.49 51.5
1554302768.51 51.5
1554302778.52 51.5
1554302788.53 51.5
1554302798.55 51.5
1554302808.57 52.1
1554302818.58 51.5
1554302828.6 51.5
1554302838.63 51.5
1554302848.64 52.1
1554302858.66 51.0
1554302868.68 51.0
1554302878.69 52.1
1554302888.71 51.0
1554302898.73 50.5
1554302908.75 51.0
1554302918.77 51.5
1554302928.79 51.0
1554302938.8 50.5
1554302948.82 50.5
1554302958.84 51.0
1554302968.85 52.1
1554302978.87 51.5
1554302988.89 51.5
1554302998.91 52.1
1554303008.92 52.1
1554303018.94 52.1
1554303028.96 51.5
1554303038.98 52.6
1554303048.99 52.6
1554303059.01 52.6
1554303069.02 53.2
1554303079.03 52.6
1554303089.05 52.6
1554303099.08 52.6
1554303109.1 53.7
1554303119.11 53.7
1554303129.13 53.7
1554303139.15 53.7
1554303149.16 53.2
1554303159.18 53.7
1554303169.19 53.2
1554303179.21 53.7
1554303189.22 53.7
1554303199.24 53.7
1554303209.25 53.2
1554303219.26 52.6
1554303229.28 53.2
1554303239.29 53.7
1554303249.3 53.7
1554303259.32 53.2
1554303269.33 53.7
1554303279.34 54.2
1554303289.36 54.2
1554303299.38 53.7
1554303309.4 54.2
1554303319.42 54.2
1554303329.44 53.7
1554303339.46 53.7
1554303349.48 54.2
1554303359.5 53.7
1554303369.52 54.8
1554303379.53 54.2
1554303389.55 53.7
1554303399.57 53.7
1554303409.58 54.2
1554303419.6 53.7
1554303429.61 53.7
1554303439.62 54.2
1554303449.63 54.2
1554303459.65 52.6
1554303469.67 53.7
1554303479.68 53.7
1554303489.69 53.7
1554303499.7 54.8
1554303509.72 53.7
1554303519.73 54.2
1554303529.75 53.7
1554303539.77 53.7
1554303549.79 54.2
1554303559.8 54.2
1554303569.82 53.7
1554303579.84 53.7
1554303589.86 53.7
1554303599.88 54.2
