1554500000.68 45.1
1554500010.7 44.0
1554500020.72 44.0
1554500030.73 45.1
1554500040.75 45.1
1554500050.77 45.1
1554500060.79 45.1
1554500070.81 45.1
1554500080.83 45.6
1554500090.84 45.1
1554500100.86 45.1
1554500110.87 45.1
1554500120.89 45.1
1554500130.91 45.1
1554500140.93 45.1
1554500150.95 45.1
1554500160.97 45.1
1554500170.98 45.1
1554500181.0 44.5
1554500191.01 45.1
1554500201.03 45.1
1554500211.05 45.1
1554500221.07 45.1
1554500231.09 45.6
1554500241.11 45.1
1554500251.13 45.1
1554500261.14 45.1
1554500271.17 45.1
1554500281.18 45.1
1554500291.2 45.1
1554500301.22 45.1
1554500311.23 46.2
1554500321.25 45.1
1554500331.26 45.1
1554500341.28 44.5
1554500351.3 45.1
1554500361.32 44.5
1554500371.34 45.1
1554500381.35 45.1
1554500391.37 45.1
1554500401.38 45.1
1554500411.4 45.1
1554500421.41 45.1
1554500431.43 45.1
1554500441.45 45.1
1554500451.46 45.6
1554500461.48 45.6
1554500471.49 44.5
1554500481.51 45.1
1554500491.53 44.5
1554500501.54 45.1
1554500511.56 45.1
1554500521.58 45.1
1554500531.59 45.1
1554500541.61 45.1
1554500551.62 45.1
1554500561.64 45.1
1554500571.65 45.1
1554500581.68 45.1
1554500591.69 45.1
1554500601.71 44.5
1554500611.73 45.1
1554500621.75 45.1
1554500631.77 45.1
1554500641.79 45.1
1554500651.81 45.1
1554500661.83 45.1
1554500671.85 45.1
1554500681.87 45.1
1554500691.88 45.6
1554500701.9 45.6
1554500711.91 46.2
1554500721.93 45.1
1554500731.95 45.6
1554500741.97 45.1
1554500751.98 45.6
1554500761.99 45.1
1554500772.0 45.1
1554500782.01 46.2
1554500792.02 45.6
1554500802.04 46.2
1554500812.05 46.2
1554500822.07 45.6
1554500832.08 45.1
1554500842.1 45.1
1554500852.12 45.6
1554500862.13 45.1
1554500872.15 45.1
1554500882.18 44.5
1554500892.2 45.1
1554500902.22 45.1
1554500912.23 45.6
1554500922.25 45.1
1554500932.26 45.1
1554500942.28 45.1
1554500952.3 45.1
1554500962.32 46.2
1554500972.33 45.1
1554500982.35 45.6
1554500992.36 45.1
1554501002.37 45.6
1554501012.39 45.1
1554501022.4 45.1
1554501032.42 45.1
1554501042.44 45.1
1554501052.45 44.0
1554501062.47 45.1
1554501072.48 44.5
1554501082.5 45.1
1554501092.51 45.1
1554501102.53 45.1
1554501112.55 45.1
1554501122.56 44.5
1554501132.58 45.1
1554501142.6 44.5
1554501152.62 45.1
1554501162.63 44.0
1554501172.65 44.5
1554501182.67 45.1
1554501192.68 44.0
1554501202.7 44.0
1554501212.72 44.5
1554501222.74 45.1
1554501232.75 44.0
1554501242.77 44.0
1554501252.79 43.5
1554501262.81 43.5
1554501272.82 42.9
1554501282.85 43.5
1554501292.87 44.5
1554501302.89 44.0
1554501312.91 44.0
1554501322.93 44.5
1554501332.94 44.5
1554501342.96 43.5
1554501352.98 44.0
1554501363.0 44.0
1554501373.02 45.1
1554501383.04 44.0
1554501393.05 43.5
1554501403.07 45.1
1554501413.09 43.5
1554501423.11 45.1
1554501433.13 44.0
1554501443.14 45.1
1554501453.16 45.1
1554501463.19 44.5
1554501473.23 44.0
1554501483.24 44.5
1554501493.26 44.0
1554501503.27 45.1
1554501513.29 45.1
1554501523.31 44.0
1554501533.33 44.0
1554501543.35 44.5
1554501553.37 45.1
1554501563.39 44.5
1554501573.4 45.1
1554501583.42 44.5
1554501593.45 44.5
1554501603.46 45.1
1554501613.48 45.6
1554501623.5 45.6
1554501633.51 45.1
1554501643.53 45.1
1554501653.55 45.1
1554501663.57 45.1
1554501673.58 45.1
1554501683.59 45.6
1554501693.61 45.6
1554501703.63 45.1
1554501713.65 46.2
1554501723.67 45.6
1554501733.69 45.1
1554501743.71 46.2
1554501753.73 46.2
1554501763.74 45.6
1554501773.76 45.6
1554501783.77 45.1
1554501793.79 45.6
1554501803.81 45.1
1554501813.83 45.1
1554501823.84 45.6
1554501833.86 45.6
1554501843.87 45.6
1554501853.89 46.2
1554501863.9 45.6
1554501873.91 45.1
1554501883.92 45.1
1554501893.93 45.1
1554501903.94 45.1
1554501913.96 45.6
1554501923.98 45.6
1554501933.99 45.6
1554501944.02 45.6
1554501954.03 46.2
1554501964.05 45.6
1554501974.06 45.1
1554501984.08 45.6
1554501994.1 45.6
1554502004.12 45.6
1554502014.13 46.2
1554502024.15 46.2
1554502034.17 46.2
1554502044.19 46.2
1554502054.2 46.2
1554502064.22 46.2
1554502074.23 47.2
1554502084.26 46.2
1554502094.28 46.2
1554502104.29 47.2
1554502114.31 46.2
1554502124.32 47.2
1554502134.34 46.2
1554502144.35 46.7
1554502154.36 46.7
1554502164.38 47.2
1554502174.39 46.2
1554502184.41 46.7
1554502194.43 47.2
1554502204.44 46.2
1554502214.46 47.2
1554502224.47 46.7
1554502234.48 46.2
1554502244.5 47.2
1554502254.51 47.2
1554502264.53 46.7
1554502274.54 47.2
1554502284.56 46.2
1554502294.58 47.8
1554502304.6 47.2
1554502314.61 47.2
1554502324.63 47.2
1554502334.64 46.2
1554502344.66 47.2
1554502354.67 47.2
1554502364.69 46.2
1554502374.71 46.2
1554502384.72 46.7
1554502394.74 47.2
1554502404.75 47.2
1554502414.78 46.2
1554502424.79 47.2
1554502434.81 47.8
1554502444.82 47.8
1554502454.84 47.8
1554502464.86 47.2
1554502474.88 47.2
1554502484.89 47.2
1554502494.91 47.2
1554502504.93 47.2
1554502514.94 47.2
1554502524.96 47.2
1554502534.97 47.2
1554502544.99 47.2
1554502555.0 47.2
1554502565.02 47.2
1554502575.03 47.2
1554502585.05 47.2
1554502595.07 47.8
1554502605.08 47.2
1554502615.09 47.2
1554502625.11 47.8
1554502635.13 47.2
1554502645.14 47.8
1554502655.15 47.2
1554502665.16 47.2
1554502675.18 47.2
1554502685.2 47.2
1554502695.21 47.2
1554502705.23 47.2
1554502715.24 47.2
1554502725.26 47.2
1554502735.27 47.2
1554502745.29 46.7
1554502755.31 47.2
1554502765.32 46.7
1554502775.34 47.2
1554502785.35 47.8
1554502795.36 47.2
1554502805.37 47.2
1554502815.39 46.2
1554502825.41 47.2
1554502835.43 46.7
1554502845.45 47.8
1554502855.46 47.2
1554502865.48 47.2
1554502875.49 47.2
1554502885.51 47.2
1554502895.53 47.2
1554502905.55 47.8
1554502915.56 47.2
1554502925.58 47.8
1554502935.59 47.2
1554502945.61 47.2
1554502955.62 47.8
1554502965.64 47.2
1554502975.66 47.2
1554502985.67 47.2
1554502995.69 47.2
1554503005.7 47.2
1554503015.72 47.2
1554503025.74 46.7
1554503035.76 47.2
1554503045.77 47.2
1554503055.79 47.2
1554503065.81 47.2
1554503075.82 46.2
1554503085.84 46.2
1554503095.86 46.2
1554503105.88 46.2
1554503115.9 46.2
1554503125.92 45.6
1554503135.93 46.2
1554503145.95 45.1
1554503155.96 45.1
1554503165.98 45.6
1554503175.99 46.2
1554503186.01 45.6
1554503196.03 45.1
1554503206.05 45.6
1554503216.06 45.6
1554503226.07 45.6
1554503236.1 45.6
1554503246.11 45.6
1554503256.12 45.6
1554503266.13 45.6
1554503276.15 45.6
1554503286.16 45.1
1554503296.18 45.1
1554503306.19 45.6
1554503316.21 45.1
1554503326.22 45.1
1554503336.24 45.1
1554503346.26 45.1
1554503356.28 45.1
1554503366.29 45.1
1554503376.31 45.1
1554503386.33 45.1
1554503396.34 45.1
1554503406.37 44.0
1554503416.39 45.1
1554503426.4 45.1
1554503436.42 45.1
1554503446.43 44.5
1554503456.45 45.1
1554503466.47 45.1
1554503476.48 44.5
1554503486.5 45.1
1554503496.52 45.1
1554503506.54 45.6
1554503516.56 45.6
1554503526.58 45.1
1554503536.6 45.1
1554503546.62 45.1
1554503556.63 45.1
1554503566.65 45.1
1554503576.67 45.1
1554503586.68 45.1
1554503596.7 45.1
1554503606.72 45.1
1554503616.74 44.0
1554503626.75 44.0
1554503636.77 44.5
1554503646.78 45.1
1554503656.79 44.5
1554503666.81 45.1
1554503676.82 44.5
1554503686.83 44.0
1554503696.85 44.5
1554503706.86 44.0
1554503716.88 44.0
1554503726.9 44.0
1554503736.91 44.0
1554503746.93 43.5
1554503756.95 42.9
1554503766.97 42.9
1554503776.99 44.0
1554503787.01 42.9
1554503797.02 43.5
1554503807.04 44.0
1554503817.06 44.0
1554503827.08 43.5
1554503837.1 42.9
1554503847.12 42.9
1554503857.13 42.9
1554503867.15 42.9
1554503877.17 42.9
1554503887.19 42.9
1554503897.2 43.5
1554503907.22 44.0
1554503917.23 42.9
1554503927.25 43.5
1554503937.27 43.5
1554503947.29 42.9
1554503957.3 44.0
1554503967.32 43.5
1554503977.34 44.0
1554503987.36 43.5
1554503997.38 44.0
1554504007.4 44.0
1554504017.42 44.0
1554504027.44 42.9
1554504037.45 43.5
1554504047.47 44.0
1554504057.49 44.0
1554504067.51 43.5
1554504077.53 42.9
1554504087.55 43.5
1554504097.57 43.5
1554504107.58 44.0
1554504117.6 44.0
1554504127.62 44.0
1554504137.64 43.5
1554504147.65 43.5
1554504157.67 44.0
1554504167.68 44.0
1554504177.7 43.5
1554504187.71 44.5
1554504197.73 43.5
1554504207.75 44.0
1554504217.77 44.0
1554504227.79 44.0
1554504237.81 44.0
1554504247.83 43.5
1554504257.85 43.5
1554504267.86 43.5
1554504277.88 42.9
1554504287.9 44.0
1554504297.92 44.0
1554504307.94 44.0
1554504317.95 44.0
1554504327.97 44.0
1554504337.98 44.5
1554504348.01 44.0
1554504358.03 44.0
1554504368.04 44.5
1554504378.06 44.5
1554504388.08 44.0
1554504398.1 44.5
1554504408.11 44.5
1554504418.13 44.0
1554504428.15 44.0
1554504438.16 44.5
1554504448.18 44.0
1554504458.2 44.0
1554504468.22 44.5
1554504478.23 44.0
1554504488.25 44.0
1554504498.27 45.1
1554504508.28 44.5
1554504518.29 44.0
1554504528.3 44.5
1554504538.31 45.1
1554504548.33 44.5
1554504558.35 44.0
1554504568.36 44.0
1554504578.38 43.5
1554504588.41 44.5
1554504598.43 44.0
1554504608.45 44.5
1554504618.46 44.0
1554504628.47 43.5
1554504638.5 43.5
1554504648.51 44.5
1554504658.53 43.5
1554504668.55 44.0
1554504678.57 44.0
1554504688.58 44.5
1554504698.6 45.1
1554504708.62 44.0
1554504718.63 44.5
1554504728.66 44.0
1554504738.67 44.0
1554504748.69 44.0
1554504758.71 45.1
1554504768.73 44.0
1554504778.74 44.0
1554504788.77 44.0
1554504798.78 44.5
1554504808.8 44.5
1554504818.81 44.0
1554504828.83 44.5
1554504838.86 44.0
1554504848.87 44.5
1554504858.89 44.5
1554504868.91 45.1
1554504878.93 45.1
1554504888.95 44.5
1554504898.96 44.0
1554504908.97 44.5
1554504918.99 44.0
1554504929.01 45.1
1554504939.03 44.0
1554504949.05 44.0
1554504959.06 44.0
1554504969.08 44.5
1554504979.1 43.5
1554504989.12 44.0
1554504999.14 43.5
1554505009.16 44.0
1554505019.18 44.0
1554505029.2 44.0
1554505039.21 44.5
1554505049.23 44.0
1554505059.25 44.5
1554505069.26 44.5
1554505079.28 44.5
1554505089.3 44.5
1554505099.32 45.1
1554505109.35 44.0
1554505119.37 44.0
1554505129.38 45.1
1554505139.39 44.5
1554505149.41 45.1
1554505159.42 44.5
1554505169.43 45.1
1554505179.44 45.1
1554505189.46 45.1
1554505199.47 44.0
1554505209.49 44.5
1554505219.51 44.0
1554505229.53 44.0
1554505239.54 45.1
1554505249.56 44.0
1554505259.58 45.1
1554505269.59 45.1
1554505279.61 44.0
1554505289.62 45.1
1554505299.64 45.1
1554505309.66 44.5
1554505319.67 44.5
1554505329.69 45.1
1554505339.7 45.1
1554505349.72 45.1
1554505359.74 45.1
1554505369.76 45.1
1554505379.78 45.1
1554505389.79 45.1
1554505399.8 45.6
1554505409.82 45.1
1554505419.84 45.6
1554505429.86 45.1
1554505439.87 45.1
1554505449.89 45.1
1554505459.91 45.1
1554505469.93 45.1
1554505479.95 45.6
1554505489.97 45.1
1554505499.99 45.6
1554505510.01 45.1
1554505520.02 45.6
1554505530.04 45.1
1554505540.05 45.6
1554505550.06 45.6
1554505560.08 46.2
1554505570.09 45.6
1554505580.12 46.2
1554505590.13 46.7
1554505600.15 45.6
1554505610.16 45.6
1554505620.18 45.1
1554505630.19 45.1
1554505640.21 46.2
1554505650.22 45.6
1554505660.23 45.6
1554505670.26 45.1
1554505680.28 45.1
1554505690.3 45.1
1554505700.31 45.1
1554505710.33 45.1
1554505720.34 45.1
1554505730.36 45.1
1554505740.38 45.1
1554505750.39 45.1
1554505760.41 45.1
1554505770.42 45.1
1554505780.44 45.1
1554505790.46 44.0
1554505800.48 45.1
1554505810.5 44.5
1554505820.51 45.1
1554505830.52 45.1
1554505840.54 45.1
1554505850.56 44.5
1554505860.57 45.1
1554505870.59 45.1
1554505880.6 45.1
1554505890.62 45.1
1554505900.64 45.1
1554505910.65 44.5
1554505920.66 45.1
1554505930.68 45.1
1554505940.7 45.1
1554505950.72 45.1
1554505960.74 44.5
1554505970.76 45.1
1554505980.78 44.5
1554505990.8 45.1
1554506000.81 45.1
1554506010.83 45.1
1554506020.84 45.1
1554506030.86 45.1
1554506040.88 45.1
1554506050.89 45.1
1554506060.91 45.1
1554506070.92 45.1
1554506080.94 45.1
1554506090.96 45.1
1554506100.98 44.5
1554506110.99 44.0
1554506121.01 44.5
1554506131.02 45.1
1554506141.04 44.0
1554506151.05 44.5
1554506161.06 44.5
1554506171.08 44.0
1554506181.09 44.0
1554506191.11 44.5
1554506201.13 44.0
1554506211.14 44.0
1554506221.16 44.0
1554506231.17 44.5
1554506241.18 43.5
1554506251.2 44.0
1554506261.22 43.5
1554506271.24 44.0
1554506281.26 43.5
1554506291.28 44.0
1554506301.29 44.0
1554506311.31 44.0
1554506321.33 43.5
1554506331.35 44.0
1554506341.37 44.0
1554506351.39 44.0
1554506361.41 43.5
1554506371.42 44.0
1554506381.44 44.5
1554506391.45 44.0
1554506401.47 44.0
1554506411.49 44.0
1554506421.51 44.0
1554506431.53 44.0
1554506441.55 44.0
1554506451.57 43.5
1554506461.58 44.0
1554506471.6 44.0
1554506481.61 43.5
1554506491.63 44.0
1554506501.65 44.0
1554506511.67 44.0
1554506521.69 44.0
1554506531.7 43.5
1554506541.72 44.0
1554506551.74 44.5
1554506561.75 43.5
1554506571.77 44.0
1554506581.79 43.5
1554506591.81 43.5
1554506601.83 43.5
1554506611.84 44.0
1554506621.85 42.9
1554506631.87 44.0
1554506641.89 44.0
1554506651.91 43.5
1554506661.92 42.9
1554506671.94 44.0
1554506681.96 44.0
1554506691.98 43.5
1554506702.0 43.5
1554506712.02 43.5
1554506722.04 44.0
1554506732.05 44.0
1554506742.07 44.0
1554506752.09 44.5
1554506762.1 44.0
1554506772.12 44.0
1554506782.13 44.0
1554506792.15 43.5
1554506802.17 44.0
1554506812.19 44.0
1554506822.2 44.0
1554506832.21 44.0
1554506842.22 43.5
1554506852.24 42.9
1554506862.26 43.5
1554506872.27 43.5
1554506882.29 42.9
1554506892.3 43.5
1554506902.32 43.5
1554506912.33 42.9
1554506922.35 42.9
1554506932.37 42.9
1554506942.39 43.5
1554506952.4 42.9
1554506962.41 43.5
1554506972.43 44.0
1554506982.45 42.9
1554506992.47 43.5
1554507002.48 42.9
1554507012.5 43.5
1554507022.51 42.9
1554507032.53 42.9
1554507042.55 44.0
1554507052.57 42.4
1554507062.59 43.5
1554507072.6 42.9
1554507082.62 42.9
1554507092.64 43.5
1554507102.65 42.9
1554507112.67 43.5
1554507122.69 42.9
1554507132.71 42.9
1554507142.72 43.5
1554507152.74 43.5
1554507162.75 43.5
1554507172.77 42.9
1554507182.79 42.9
1554507192.8 42.9
1554507202.82 42.9
1554507212.84 42.9
1554507222.86 42.9
1554507232.87 42.9
1554507242.88 43.5
1554507252.89 42.9
1554507262.91 42.9
1554507272.93 41.9
1554507282.95 41.9
1554507292.96 42.4
1554507302.98 43.5
1554507313.0 42.9
1554507323.02 43.5
1554507333.04 42.9
1554507343.06 42.9
1554507353.08 42.9
1554507363.1 43.5
1554507373.13 42.9
1554507383.15 43.5
1554507393.17 43.5
1554507403.18 43.5
1554507413.2 42.9
1554507423.21 42.9
1554507433.23 42.9
1554507443.24 42.9
1554507453.26 42.9
1554507463.28 42.9
1554507473.29 43.5
1554507483.33 42.9
1554507493.34 42.9
1554507503.36 43.5
1554507513.38 43.5
1554507523.39 42.9
1554507533.41 43.5
1554507543.43 42.9
1554507553.45 42.9
1554507563.46 42.9
1554507573.48 43.5
1554507583.49 42.9
1554507593.51 42.9
1554507603.53 42.9
1554507613.54 42.9
1554507623.55 43.5
1554507633.57 42.4
1554507643.6 42.4
1554507653.62 42.9
1554507663.63 42.9
1554507673.64 42.4
1554507683.66 42.9
1554507693.69 42.9
1554507703.7 42.9
1554507713.72 41.9
1554507723.74 42.4
1554507733.75 42.9
1554507743.77 42.4
1554507753.79 42.4
1554507763.81 41.9
1554507773.82 42.9
1554507783.85 41.3
1554507793.86 41.9
1554507803.88 42.4
1554507813.9 41.3
1554507823.92 41.3
1554507833.93 41.9
1554507843.95 41.9
1554507853.97 40.8
1554507863.99 41.9
1554507874.0 41.3
1554507884.02 41.3
1554507894.04 40.8
1554507904.06 41.3
1554507914.07 41.9
1554507924.09 41.9
1554507934.11 41.9
1554507944.13 42.4
1554507954.15 42.9
1554507964.17 41.9
1554507974.19 42.4
1554507984.21 41.9
1554507994.23 41.9
1554508004.25 41.9
1554508014.27 41.9
1554508024.29 41.9
1554508034.3 41.9
1554508044.32 42.4
1554508054.39 41.9
1554508064.41 41.9
1554508074.43 41.3
1554508084.44 42.4
1554508094.45 42.9
1554508104.47 42.4
1554508114.49 42.4
1554508124.51 41.9
1554508134.53 42.9
1554508144.55 41.9
1554508154.58 42.4
1554508164.6 41.9
1554508174.61 41.9
1554508184.63 42.4
1554508194.65 41.9
1554508204.67 42.9
1554508214.68 42.9
1554508224.7 41.9
1554508234.72 42.4
1554508244.74 42.4
1554508254.76 41.9
1554508264.78 41.9
1554508274.8 42.9
1554508284.81 42.4
1554508294.82 42.9
1554508304.83 41.9
1554508314.85 42.4
1554508324.86 41.9
1554508334.87 41.9
1554508344.89 42.4
1554508354.9 41.9
1554508364.92 41.9
1554508374.94 41.3
1554508384.96 41.9
1554508394.98 41.9
1554508404.99 41.9
1554508415.0 41.9
1554508425.02 41.9
1554508435.03 41.9
1554508445.05 41.3
1554508455.07 41.9
1554508465.08 41.9
1554508475.1 42.9
1554508485.12 42.4
1554508495.13 41.9
1554508505.14 41.9
1554508515.16 42.9
1554508525.18 42.4
1554508535.19 42.4
1554508545.21 41.9
1554508555.23 42.4
1554508565.24 41.9
1554508575.26 42.4
1554508585.27 42.9
1554508595.29 41.9
1554508605.31 41.3
1554508615.32 42.4
1554508625.34 42.4
1554508635.37 41.9
1554508645.39 42.9
1554508655.41 42.4
1554508665.43 42.9
1554508675.44 41.9
1554508685.45 42.4
1554508695.47 42.9
1554508705.48 42.4
1554508715.49 42.9
1554508725.51 41.9
1554508735.53 42.9
1554508745.55 41.9
1554508755.57 41.9
1554508765.58 42.4
1554508775.6 41.3
1554508785.62 41.3
1554508795.64 41.3
