1554100007.3 35.4
1554100017.31 35.4
1554100027.34 35.4
1554100037.35 35.4
1554100047.37 35.4
1554100057.38 35.9
1554100067.4 34.9
1554100077.42 35.4
1554100087.43 36.5
1554100097.45 35.4
1554100107.47 35.4
1554100117.49 35.4
1554100127.51 35.4
1554100137.52 36.5
1554100147.54 35.4
1554100157.56 35.4
1554100167.58 35.4
1554100177.6 35.9
1554100187.62 35.4
1554100197.64 35.4
1554100207.65 35.9
1554100217.67 35.4
1554100227.69 35.4
1554100237.71 34.9
1554100247.73 35.9
1554100257.74 35.4
1554100267.76 35.9
1554100277.78 35.4
1554100287.79 36.5
1554100297.81 35.9
1554100307.83 35.4
1554100317.85 35.9
1554100327.87 36.5
1554100337.88 35.4
1554100347.91 35.4
1554100357.92 35.4
1554100367.94 35.9
1554100377.96 35.9
1554100387.98 35.4
1554100398.0 35.4
1554100408.02 34.9
1554100418.04 35.4
1554100428.06 35.4
1554100438.08 34.9
1554100448.09 35.4
1554100458.12 35.4
1554100468.14 35.4
1554100478.15 36.5
1554100488.16 36.5
1554100498.18 35.4
1554100508.2 35.9
1554100518.22 35.4
1554100528.24 35.4
1554100538.26 35.4
1554100548.28 35.4
1554100558.3 35.4
1554100568.32 34.9
1554100578.33 35.9
1554100588.35 35.4
1554100598.37 35.4
1554100608.39 35.4
1554100618.41 35.4
1554100628.42 35.9
1554100638.44 35.4
1554100648.46 35.4
1554100658.48 35.4
1554100668.5 36.5
1554100678.51 35.9
1554100688.53 35.4
1554100698.55 35.4
1554100708.57 35.4
1554100718.59 35.4
1554100728.61 36.5
1554100738.62 34.9
1554100748.64 35.4
1554100758.66 35.4
1554100768.68 35.4
1554100778.7 34.9
1554100788.72 36.5
1554100798.73 35.9
1554100808.75 35.4
1554100818.77 35.4
1554100828.78 35.4
1554100838.8 35.4
1554100848.82 35.4
1554100858.84 35.4
1554100868.85 35.4
1554100878.87 35.4
1554100888.89 35.4
1554100898.9 35.4
1554100908.92 35.4
1554100918.94 34.9
1554100928.95 35.4
1554100938.97 35.9
1554100948.99 35.4
1554100959.01 35.4
1554100969.03 35.4
1554100979.05 35.4
1554100989.07 35.9
1554100999.09 36.5
1554101009.11 35.9
1554101019.13 35.4
1554101029.15 35.4
1554101039.17 35.4
1554101049.19 35.4
1554101059.21 35.4
1554101069.23 35.4
1554101079.25 35.4
1554101089.27 35.9
1554101099.29 34.9
1554101109.3 36.5
1554101119.33 35.4
1554101129.34 35.9
1554101139.36 35.4
1554101149.38 35.4
1554101159.4 34.9
1554101169.42 35.4
1554101179.44 35.9
1554101189.46 35.4
1554101199.48 35.4
1554101209.5 35.4
1554101219.52 35.9
1554101229.53 35.4
1554101239.55 35.4
1554101249.57 35.9
1554101259.59 35.4
1554101269.61 35.4
1554101279.62 35.4
1554101289.64 35.9
1554101299.66 36.5
1554101309.67 36.5
1554101319.69 36.5
1554101329.7 35.4
1554101339.72 35.4
1554101349.74 35.4
1554101359.76 35.4
1554101369.77 35.9
1554101379.79 35.4
1554101389.81 35.4
1554101399.83 35.4
1554101409.85 35.9
1554101419.87 35.4
1554101429.89 35.9
1554101439.92 35.4
1554101449.93 35.9
1554101459.95 35.9
1554101469.97 35.4
1554101479.99 35.4
1554101490.0 35.4
1554101500.02 35.4
1554101510.04 35.4
1554101520.06 35.9
1554101530.08 35.4
1554101540.1 35.9
1554101550.11 35.4
1554101560.13 35.4
1554101570.15 35.9
1554101580.17 35.9
1554101590.19 36.5
1554101600.21 35.4
1554101610.23 35.4
1554101620.24 36.5
1554101630.26 35.4
1554101640.28 36.5
1554101650.3 35.9
1554101660.32 35.9
1554101670.35 35.4
1554101680.37 35.9
1554101690.39 35.9
1554101700.41 35.9
1554101710.43 35.9
1554101720.45 36.5
1554101730.47 36.5
1554101740.49 35.9
1554101750.51 35.9
1554101760.52 36.5
1554101770.55 35.4
1554101780.57 36.5
1554101790.59 35.9
1554101800.61 35.9
1554101810.62 36.5
1554101820.65 35.9
1554101830.67 35.4
1554101840.69 35.9
1554101850.71 35.4
1554101860.73 35.9
1554101870.75 35.4
1554101880.77 35.9
1554101890.79 35.4
1554101900.81 35.9
1554101910.83 35.4
1554101920.86 35.9
1554101930.88 35.4
1554101940.9 35.9
1554101950.92 35.4
1554101960.94 35.4
1554101970.96 36.5
1554101980.98 35.4
1554101991.0 35.4
1554102001.02 35.4
