1554000000.94 48.3
1554000010.96 48.3
1554000020.97 48.3
1554000030.99 48.3
1554000041.0 48.3
1554000051.02 47.2
1554000061.04 47.8
1554000071.06 47.8
1554000081.07 47.8
1554000091.1 47.2
1554000101.12 47.2
1554000111.13 47.8
1554000121.14 48.3
1554000131.15 48.3
1554000141.17 48.3
1554000151.18 47.2
1554000161.2 48.3
1554000171.21 47.8
1554000181.23 47.8
1554000191.24 48.3
1554000201.26 47.8
1554000211.27 47.8
1554000221.29 47.2
1554000231.31 47.2
1554000241.33 47.8
1554000251.35 48.3
1554000261.37 48.3
1554000271.39 47.2
1554000281.4 47.8
1554000291.42 47.2
1554000301.44 47.8
1554000311.46 48.3
1554000321.47 47.8
1554000331.49 48.3
1554000341.5 48.3
1554000351.52 47.8
1554000361.54 47.8
1554000371.55 47.2
1554000381.57 47.8
1554000391.58 47.8
1554000401.6 48.3
1554000411.61 47.8
1554000421.63 48.3
1554000431.65 47.8
1554000441.67 47.2
1554000451.69 48.3
1554000461.7 47.8
1554000471.72 47.8
1554000481.74 47.8
1554000491.76 48.3
1554000501.77 48.3
1554000511.79 48.3
1554000521.81 48.3
1554000531.83 48.3
1554000541.85 47.8
1554000551.86 47.8
1554000561.88 47.2
1554000571.9 47.8
1554000581.92 47.8
1554000591.93 47.8
1554000601.95 47.2
1554000611.97 47.8
1554000621.99 47.2
1554000632.0 47.8
1554000642.02 47.2
1554000652.04 47.2
1554000662.06 47.2
1554000672.07 47.8
1554000682.08 47.8
1554000692.09 47.2
1554000702.11 47.2
1554000712.13 47.2
1554000722.15 47.2
1554000732.17 47.2
1554000742.18 47.8
1554000752.2 47.2
1554000762.21 47.2
1554000772.23 47.8
1554000782.24 48.3
1554000792.25 47.2
1554000802.27 47.2
1554000812.29 48.3
1554000822.31 47.8
1554000832.33 47.8
1554000842.34 48.3
1554000852.35 47.8
1554000862.37 47.8
1554000872.38 48.3
1554000882.4 47.8
1554000892.41 47.2
1554000902.43 47.8
1554000912.45 48.3
1554000922.46 47.2
1554000932.48 48.3
1554000942.49 47.8
1554000952.5 48.3
1554000962.52 47.8
1554000972.54 48.3
1554000982.55 47.8
1554000992.57 48.3
1554001002.59 47.2
1554001012.61 47.8
1554001022.63 47.8
1554001032.65 48.3
1554001042.66 48.3
1554001052.68 48.9
1554001062.69 48.3
1554001072.71 48.3
1554001082.72 48.3
1554001092.74 48.3
1554001102.76 48.3
1554001112.78 48.3
1554001122.8 48.3
1554001132.82 48.3
1554001142.83 48.9
1554001152.85 48.9
1554001162.86 49.4
1554001172.88 48.9
1554001182.91 47.8
1554001192.93 48.3
1554001202.94 49.4
1554001212.96 49.4
1554001222.98 49.4
1554001233.0 48.9
1554001243.01 49.4
1554001253.03 49.4
1554001263.05 49.4
1554001273.07 48.3
1554001283.09 49.4
1554001293.11 49.4
1554001303.12 49.4
1554001313.14 49.4
1554001323.15 49.4
1554001333.17 48.3
1554001343.19 49.4
1554001353.2 48.9
1554001363.22 49.4
1554001373.23 48.3
1554001383.25 49.4
1554001393.27 49.4
1554001403.29 49.4
1554001413.31 49.4
1554001423.32 49.9
1554001433.34 49.9
1554001443.35 49.4
1554001453.37 48.3
1554001463.39 48.3
1554001473.41 48.9
1554001483.43 48.9
1554001493.45 48.3
1554001503.47 48.3
1554001513.49 48.3
1554001523.51 48.3
1554001533.53 48.3
1554001543.55 48.9
1554001553.57 48.3
1554001563.59 48.9
1554001573.61 48.9
1554001583.63 49.4
1554001593.64 48.9
1554001603.67 47.2
1554001613.68 47.8
1554001623.7 47.8
1554001633.71 48.3
1554001643.73 48.3
1554001653.74 48.3
1554001663.75 48.3
1554001673.76 48.3
1554001683.78 48.9
1554001693.79 48.3
1554001703.81 48.3
1554001713.82 48.3
1554001723.83 48.9
1554001733.84 48.3
1554001743.86 48.3
1554001753.87 48.3
1554001763.89 47.2
1554001773.91 47.8
1554001783.93 47.2
1554001793.95 47.8
1554001803.96 48.3
1554001813.97 48.3
1554001823.99 48.3
1554001834.0 48.9
1554001844.03 47.8
1554001854.05 48.3
1554001864.06 48.3
1554001874.08 46.7
1554001884.1 48.3
1554001894.12 47.2
1554001904.14 47.8
1554001914.15 48.3
1554001924.18 47.8
1554001934.19 47.8
1554001944.21 48.3
1554001954.23 47.2
1554001964.25 48.3
1554001974.27 46.7
1554001984.29 47.2
1554001994.31 47.2
1554002004.33 46.2
1554002014.35 47.2
1554002024.37 46.7
1554002034.39 47.2
1554002044.4 47.2
1554002054.42 48.3
1554002064.44 46.7
1554002074.46 46.2
1554002084.48 47.2
1554002094.5 46.2
1554002104.52 46.2
1554002114.54 47.2
1554002124.56 47.2
1554002134.57 47.2
1554002144.59 47.2
1554002154.61 47.2
1554002164.63 46.7
1554002174.65 47.2
1554002184.67 46.2
1554002194.69 47.2
1554002204.7 46.7
1554002214.73 46.2
1554002224.75 46.2
1554002234.77 45.6
1554002244.78 46.2
1554002254.8 46.2
1554002264.82 46.2
1554002274.84 46.2
1554002284.86 46.7
1554002294.88 46.7
1554002304.9 46.2
1554002314.92 46.2
1554002324.94 46.2
1554002334.98 45.6
1554002344.99 46.2
1554002355.01 46.2
1554002365.03 46.2
1554002375.05 45.6
1554002385.06 46.2
1554002395.08 46.7
1554002405.1 46.2
1554002415.11 46.2
1554002425.13 45.6
1554002435.15 47.2
1554002445.17 46.7
1554002455.18 46.2
1554002465.2 46.2
1554002475.22 46.2
1554002485.24 45.6
1554002495.26 46.2
1554002505.27 46.2
1554002515.3 46.2
1554002525.31 46.7
1554002535.33 47.2
1554002545.36 47.2
1554002555.38 47.8
1554002565.4 47.2
1554002575.42 46.7
1554002585.44 47.2
1554002595.46 47.2
1554002605.47 47.2
1554002615.48 47.8
1554002625.5 47.2
1554002635.52 47.2
1554002645.54 47.2
1554002655.56 46.2
1554002665.58 46.7
1554002675.6 46.2
1554002685.62 46.2
1554002695.64 46.2
1554002705.65 47.2
1554002715.67 46.2
1554002725.7 45.6
1554002735.71 46.2
1554002745.73 46.2
1554002755.75 46.2
1554002765.76 47.2
1554002775.78 46.2
1554002785.8 45.1
1554002795.82 46.7
1554002805.84 45.1
1554002815.86 46.2
1554002825.88 46.2
1554002835.9 46.2
1554002845.92 46.2
1554002855.95 46.2
1554002865.97 45.6
1554002875.99 45.1
1554002886.01 46.2
1554002896.04 45.6
1554002906.05 46.2
1554002916.07 46.2
1554002926.09 46.2
1554002936.11 45.6
1554002946.13 45.6
1554002956.15 46.2
1554002966.17 45.1
1554002976.18 46.2
1554002986.19 46.2
1554002996.21 45.6
1554003006.23 45.6
1554003016.25 45.6
1554003026.27 46.2
1554003036.29 45.1
1554003046.32 46.2
1554003056.34 46.2
1554003066.35 46.2
1554003076.37 47.2
1554003086.38 46.7
1554003096.4 47.2
1554003106.42 45.6
1554003116.43 46.2
1554003126.45 46.2
1554003136.47 46.2
1554003146.48 46.7
1554003156.5 45.6
1554003166.52 46.2
1554003176.54 45.6
1554003186.56 46.2
1554003196.59 46.2
1554003206.6 46.2
1554003216.62 45.6
1554003226.64 46.7
1554003236.66 45.6
1554003246.68 46.2
1554003256.7 46.2
1554003266.73 46.7
1554003276.75 46.7
1554003286.77 46.2
1554003296.78 46.2
1554003306.8 46.7
1554003316.82 46.2
1554003326.82 46.2
1554003336.85 46.2
1554003346.86 47.2
1554003356.88 46.2
1554003366.9 46.2
1554003376.92 46.2
1554003386.94 46.2
1554003396.96 46.2
1554003406.97 45.6
1554003416.99 46.2
1554003427.01 46.2
1554003437.03 46.2
1554003447.05 46.2
1554003457.07 46.2
1554003467.09 46.2
1554003477.11 46.2
1554003487.12 47.2
1554003497.14 46.2
1554003507.16 46.2
1554003517.18 47.2
1554003527.19 46.2
1554003537.21 47.2
1554003547.23 46.2
1554003557.24 46.2
1554003567.26 46.2
1554003577.29 46.2
1554003587.31 46.2
1554003597.32 46.7
1554003607.34 46.7
1554003617.36 47.2
1554003627.38 47.2
1554003637.4 46.7
1554003647.41 47.2
1554003657.43 47.2
1554003667.45 47.2
1554003677.47 46.7
1554003687.49 46.2
1554003697.51 46.7
1554003707.53 46.2
1554003717.54 46.7
1554003727.57 46.2
1554003737.59 45.6
1554003747.6 46.7
1554003757.62 46.2
1554003767.64 46.2
1554003777.66 46.2
1554003787.68 46.2
1554003797.69 46.2
1554003807.71 46.7
1554003817.73 46.2
1554003827.75 46.2
1554003837.77 46.7
1554003847.78 46.2
1554003857.8 46.2
1554003867.82 45.6
1554003877.85 46.2
1554003887.87 46.2
1554003897.89 47.2
1554003907.9 46.7
1554003917.92 46.7
1554003927.94 46.7
1554003937.95 46.2
1554003947.97 46.2
1554003957.99 46.2
1554003968.01 45.6
1554003978.03 46.7
1554003988.04 46.2
1554003998.06 46.2
1554004008.08 45.6
1554004018.11 45.6
1554004028.13 45.1
1554004038.15 45.6
1554004048.16 45.1
1554004058.18 45.1
1554004068.2 45.1
1554004078.22 46.2
1554004088.25 45.1
1554004098.26 46.2
1554004108.28 45.1
1554004118.3 45.6
1554004128.32 45.1
1554004138.34 45.6
1554004148.36 45.6
1554004158.38 45.1
1554004168.4 45.1
1554004178.42 45.1
1554004188.44 45.6
1554004198.46 45.1
1554004208.48 45.6
1554004218.5 46.2
1554004228.52 45.6
1554004238.54 46.2
1554004248.56 45.6
1554004258.58 45.6
1554004268.6 46.2
1554004278.62 45.6
1554004288.64 46.2
1554004298.66 45.6
1554004308.68 46.2
1554004318.7 45.6
1554004328.71 46.2
1554004338.73 46.7
1554004348.74 47.2
1554004358.76 47.2
1554004368.77 46.2
1554004378.79 47.2
1554004388.81 47.2
1554004398.82 47.2
1554004408.84 46.2
1554004418.86 46.7
1554004428.88 47.2
1554004438.9 46.2
1554004448.92 46.2
1554004458.93 47.2
1554004468.95 46.2
1554004478.96 46.2
1554004488.98 46.7
1554004499.0 46.7
1554004509.02 46.2
1554004519.04 47.2
1554004529.06 46.2
1554004539.09 47.8
1554004549.12 47.2
1554004559.14 47.2
1554004569.15 47.8
1554004579.17 47.2
1554004589.19 47.2
1554004599.21 47.2
1554004609.23 47.2
1554004619.25 48.3
1554004629.27 47.2
1554004639.28 47.2
1554004649.3 47.2
1554004659.31 47.8
1554004669.33 47.2
1554004679.35 47.2
1554004689.36 47.8
1554004699.38 47.8
1554004709.4 48.3
1554004719.42 48.3
1554004729.44 47.8
1554004739.45 48.3
1554004749.47 47.8
1554004759.49 47.2
1554004769.51 47.8
1554004779.53 48.3
1554004789.55 47.2
1554004799.56 47.8
1554004809.58 47.8
1554004819.6 47.8
1554004829.62 47.8
1554004839.63 47.8
1554004849.65 47.8
1554004859.67 47.2
1554004869.69 47.8
1554004879.71 47.8
1554004889.73 47.8
1554004899.74 47.8
1554004909.76 47.2
1554004919.78 48.3
1554004929.8 47.2
1554004939.82 47.8
1554004949.84 47.2
1554004959.85 47.8
1554004969.87 48.3
1554004979.89 47.8
1554004989.91 47.8
1554004999.93 47.8
1554005009.95 47.8
1554005019.97 47.2
1554005029.99 47.2
1554005040.01 47.8
1554005050.03 46.2
1554005060.05 47.8
1554005070.07 47.2
1554005080.09 46.2
1554005090.11 47.2
1554005100.12 47.2
1554005110.14 47.2
1554005120.16 46.7
1554005130.17 47.2
1554005140.19 46.7
1554005150.21 47.8
1554005160.24 47.2
1554005170.25 47.8
1554005180.27 47.2
1554005190.28 47.2
1554005200.3 46.2
1554005210.31 47.8
1554005220.33 47.2
1554005230.35 47.8
1554005240.37 47.2
1554005250.38 47.8
1554005260.39 47.2
1554005270.41 47.2
1554005280.43 47.2
1554005290.45 46.7
1554005300.46 47.2
1554005310.47 47.2
1554005320.48 47.2
1554005330.5 47.2
1554005340.51 45.6
1554005350.52 46.7
1554005360.54 47.2
1554005370.56 46.2
1554005380.57 47.2
1554005390.6 46.2
1554005400.62 46.2
1554005410.63 47.2
1554005420.65 46.7
1554005430.68 46.2
1554005440.7 46.2
1554005450.72 46.2
1554005460.74 46.2
1554005470.75 46.2
1554005480.77 46.2
1554005490.8 46.2
1554005500.82 45.6
1554005510.82 46.2
1554005520.85 46.2
1554005530.87 46.2
1554005540.89 46.2
1554005550.9 47.2
1554005560.92 46.2
1554005570.94 46.7
1554005580.97 46.2
1554005590.99 46.7
1554005601.01 46.2
1554005611.02 46.2
1554005621.04 46.2
1554005631.06 45.6
1554005641.08 46.2
1554005651.09 46.7
1554005661.11 46.2
1554005671.13 46.2
1554005681.15 46.2
1554005691.17 46.2
1554005701.19 46.2
1554005711.2 46.2
1554005721.22 46.2
1554005731.24 45.6
1554005741.25 46.2
1554005751.27 45.1
1554005761.29 45.6
1554005771.3 46.2
1554005781.32 46.2
1554005791.34 46.2
1554005801.36 47.2
1554005811.38 46.7
1554005821.39 46.2
1554005831.41 46.2
1554005841.43 46.2
1554005851.45 46.2
1554005861.46 47.2
1554005871.48 46.2
1554005881.5 45.6
1554005891.52 46.7
1554005901.53 46.2
1554005911.55 46.2
1554005921.57 47.2
1554005931.59 46.2
1554005941.6 46.7
1554005951.62 46.2
1554005961.64 46.2
1554005971.65 47.2
1554005981.67 46.2
1554005991.7 47.2
1554006001.72 46.2
1554006011.73 47.2
1554006021.75 47.2
1554006031.77 46.2
1554006041.79 46.7
1554006051.81 46.7
1554006061.82 47.2
1554006071.84 46.7
1554006081.86 46.2
1554006091.87 46.7
1554006101.89 46.7
1554006111.91 46.7
1554006121.93 47.2
1554006131.94 47.2
1554006141.96 46.7
1554006151.98 47.2
1554006162.0 46.2
1554006172.03 46.7
1554006182.05 46.2
1554006192.07 46.2
1554006202.1 47.2
1554006212.12 46.2
1554006222.14 46.2
1554006232.16 46.2
1554006242.17 46.2
1554006252.19 46.2
1554006262.21 46.2
1554006272.23 45.6
1554006282.25 46.2
1554006292.28 45.6
1554006302.3 46.2
1554006312.32 46.7
1554006322.33 46.7
1554006332.35 46.2
1554006342.37 45.6
1554006352.38 46.2
1554006362.4 45.1
1554006372.42 45.6
1554006382.44 45.6
1554006392.45 46.2
1554006402.47 45.1
1554006412.49 45.1
1554006422.51 45.1
1554006432.53 45.1
1554006442.55 46.2
1554006452.57 46.2
1554006462.59 46.2
1554006472.61 45.1
1554006482.64 46.7
1554006492.65 46.2
1554006502.67 46.2
1554006512.69 46.2
1554006522.7 46.2
1554006532.72 46.2
1554006542.74 46.2
1554006552.76 46.7
1554006562.78 45.6
1554006572.8 46.2
1554006582.81 46.2
1554006592.83 46.2
1554006602.85 46.2
1554006612.87 46.2
1554006622.88 46.2
1554006632.9 46.2
1554006642.91 47.2
1554006652.93 46.2
1554006662.95 47.2
1554006672.97 46.7
1554006682.99 46.2
1554006693.01 46.2
1554006703.03 46.2
1554006713.04 46.7
1554006723.06 47.2
1554006733.08 45.6
1554006743.09 46.7
1554006753.11 46.7
1554006763.13 47.2
1554006773.15 46.7
1554006783.17 47.2
1554006793.19 46.2
1554006803.21 46.2
1554006813.23 46.7
1554006823.25 46.2
1554006833.27 45.1
1554006843.28 46.2
1554006853.3 45.6
1554006863.32 45.6
1554006873.34 45.1
1554006883.37 46.2
1554006893.38 46.2
1554006903.4 45.1
1554006913.42 45.6
1554006923.44 45.1
1554006933.46 45.6
1554006943.48 46.2
1554006953.5 45.1
1554006963.52 46.2
1554006973.53 46.2
1554006983.55 45.1
1554006993.57 45.6
1554007003.59 45.6
1554007013.61 45.1
1554007023.63 45.6
1554007033.64 46.2
1554007043.66 45.6
1554007053.68 45.1
1554007063.71 45.1
1554007073.73 45.6
1554007083.75 46.2
1554007093.76 45.6
1554007103.78 45.6
1554007113.8 45.1
1554007123.82 45.1
1554007133.84 45.1
1554007143.86 45.6
1554007153.88 45.1
1554007163.91 45.1
1554007173.93 45.1
1554007183.95 45.1
1554007193.97 45.1
1554007204.0 45.1
1554007214.02 45.1
1554007224.04 45.1
1554007234.06 45.1
1554007244.08 45.1
1554007254.1 45.1
1554007264.12 45.1
1554007274.14 45.1
1554007284.16 45.6
1554007294.19 45.1
1554007304.21 45.1
1554007314.23 45.1
1554007324.25 45.1
1554007334.27 44.5
1554007344.29 44.5
1554007354.31 45.1
1554007364.33 44.5
1554007374.35 45.6
1554007384.37 44.5
1554007394.38 45.6
1554007404.4 45.1
1554007414.42 45.1
1554007424.44 45.1
1554007434.46 45.1
1554007444.48 45.1
1554007454.5 44.5
1554007464.52 45.1
1554007474.54 45.1
1554007484.56 45.1
1554007494.58 45.1
1554007504.6 45.1
1554007514.62 45.1
1554007524.64 45.1
1554007534.66 45.1
1554007544.68 44.5
1554007554.7 45.1
1554007564.72 45.1
1554007574.74 45.1
1554007584.76 45.1
1554007594.78 44.5
1554007604.8 44.5
1554007614.82 45.1
1554007624.84 45.6
1554007634.86 45.1
1554007644.88 45.1
1554007654.9 44.5
1554007664.93 45.1
1554007674.95 44.5
1554007684.97 45.1
1554007694.99 44.5
1554007705.01 44.5
1554007715.03 45.1
1554007725.06 45.1
1554007735.08 45.1
1554007745.1 46.2
1554007755.12 45.6
1554007765.14 45.1
1554007775.16 46.2
1554007785.19 45.1
1554007795.21 45.6
1554007805.23 45.1
1554007815.25 45.6
1554007825.26 45.1
1554007835.28 45.6
1554007845.3 45.1
1554007855.32 45.1
1554007865.34 45.1
1554007875.36 45.6
1554007885.38 45.6
1554007895.4 45.6
1554007905.42 46.2
1554007915.43 45.1
1554007925.45 46.2
1554007935.46 46.7
1554007945.48 45.6
1554007955.5 46.7
1554007965.51 46.2
1554007975.53 46.7
1554007985.55 46.2
1554007995.57 45.6
1554008005.59 46.2
1554008015.61 45.6
1554008025.63 46.2
1554008035.65 46.2
1554008045.67 45.6
1554008055.69 46.2
1554008065.7 47.2
1554008075.72 46.7
1554008085.74 47.2
1554008095.76 46.2
1554008105.78 47.2
1554008115.8 46.2
1554008125.82 46.2
1554008135.84 46.2
1554008145.86 46.2
1554008155.88 46.2
1554008165.9 46.2
1554008175.91 47.2
1554008185.93 46.7
1554008195.97 46.2
1554008205.99 47.2
1554008216.01 46.2
1554008226.03 46.2
1554008236.05 46.2
1554008246.06 46.7
1554008256.08 46.2
1554008266.1 46.2
1554008276.12 46.2
1554008286.13 46.7
1554008296.15 46.2
1554008306.17 46.7
1554008316.18 46.2
1554008326.2 46.2
1554008336.22 46.2
1554008346.24 46.2
1554008356.26 45.6
1554008366.27 46.2
1554008376.29 46.2
1554008386.31 46.2
1554008396.33 46.2
