1554700009.6 46.2
1554700019.62 45.1
1554700029.64 45.1
1554700039.66 46.2
1554700049.68 45.6
1554700059.7 46.2
1554700069.72 45.6
1554700079.74 46.2
1554700089.76 45.6
1554700099.78 46.2
1554700109.8 45.6
1554700119.81 46.2
1554700129.83 45.6
1554700139.85 45.6
1554700149.87 46.2
1554700159.89 46.7
1554700169.91 46.2
1554700179.93 46.2
1554700189.95 46.2
1554700199.97 45.6
1554700209.99 45.6
1554700220.01 45.1
1554700230.03 45.6
1554700240.05 45.6
1554700250.07 45.6
1554700260.09 46.2
1554700270.11 45.1
1554700280.13 45.6
1554700290.15 46.2
1554700300.17 45.1
1554700310.19 45.1
1554700320.21 45.6
1554700330.23 45.6
1554700340.25 46.2
1554700350.26 46.2
1554700360.28 45.6
1554700370.31 46.2
1554700380.32 46.2
1554700390.34 45.6
1554700400.36 46.7
1554700410.38 46.2
1554700420.4 46.7
1554700430.41 46.7
1554700440.43 45.6
1554700450.45 46.2
1554700460.47 46.2
1554700470.49 45.1
1554700480.51 46.2
1554700490.53 45.6
1554700500.56 46.2
1554700510.58 46.2
1554700520.59 46.2
1554700530.61 46.7
1554700540.63 45.6
1554700550.64 45.1
1554700560.67 46.2
1554700570.69 46.2
1554700580.7 46.7
1554700590.72 45.6
1554700600.74 46.2
1554700610.76 45.6
1554700620.77 45.6
1554700630.79 46.2
1554700640.81 45.6
1554700650.82 46.2
1554700660.84 46.2
1554700670.86 45.6
1554700680.87 46.2
1554700690.89 46.2
1554700700.91 46.2
1554700710.92 46.7
1554700720.94 46.7
1554700730.96 46.2
1554700740.98 46.2
1554700751.0 45.6
1554700761.02 46.2
1554700771.04 46.2
1554700781.06 46.2
1554700791.08 46.2
1554700801.1 46.7
1554700811.12 46.2
1554700821.13 46.7
1554700831.15 46.7
1554700841.17 46.2
1554700851.19 46.2
1554700861.2 46.7
1554700871.22 46.2
1554700881.24 45.6
1554700891.27 46.2
1554700901.29 46.2
1554700911.3 46.2
1554700921.32 47.2
1554700931.34 46.2
1554700941.36 45.6
1554700951.38 46.2
1554700961.4 45.1
1554700971.41 46.2
1554700981.43 46.2
1554700991.45 46.2
1554701001.47 46.2
1554701011.49 46.7
1554701021.51 46.7
1554701031.53 46.7
1554701041.54 47.2
1554701051.56 47.2
1554701061.58 46.2
1554701071.59 47.2
1554701081.61 47.2
1554701091.63 46.2
1554701101.64 47.2
1554701111.66 46.2
1554701121.68 46.7
1554701131.7 47.2
1554701141.71 46.7
1554701151.73 47.2
1554701161.74 46.2
1554701171.76 46.2
1554701181.78 46.2
1554701191.79 47.2
1554701201.81 46.2
1554701211.83 46.2
1554701221.85 46.2
1554701231.87 46.2
1554701241.88 46.2
1554701251.9 46.2
1554701261.92 46.7
1554701271.94 45.6
1554701281.95 46.2
1554701291.96 46.2
1554701301.98 46.2
1554701312.0 46.2
1554701322.02 47.2
1554701332.04 46.2
1554701342.06 46.2
1554701352.08 45.6
1554701362.09 45.1
1554701372.11 46.2
1554701382.13 47.2
1554701392.15 46.2
1554701402.17 46.2
1554701412.19 46.7
1554701422.21 46.2
1554701432.22 46.2
1554701442.24 46.2
1554701452.26 46.2
1554701462.28 46.2
1554701472.3 47.2
1554701482.31 45.6
1554701492.33 45.6
1554701502.35 46.2
1554701512.36 46.2
1554701522.38 45.6
1554701532.4 46.2
1554701542.42 46.2
1554701552.44 45.6
1554701562.44 46.2
1554701572.47 46.2
1554701582.48 46.7
1554701592.5 45.6
1554701602.52 45.6
1554701612.54 46.2
1554701622.56 46.2
1554701632.58 46.2
1554701642.59 46.7
1554701652.61 46.2
1554701662.62 46.2
1554701672.64 45.6
1554701682.66 46.2
1554701692.68 45.6
1554701702.7 46.2
1554701712.72 46.2
1554701722.73 46.2
1554701732.75 46.2
1554701742.78 46.7
1554701752.8 45.6
1554701762.81 46.7
1554701772.83 46.2
1554701782.85 46.2
1554701792.87 46.2
1554701802.89 45.6
1554701812.91 47.2
1554701822.93 46.2
1554701832.95 46.2
1554701842.96 46.7
1554701852.97 46.7
1554701862.99 45.6
1554701873.01 46.2
1554701883.03 46.2
1554701893.05 45.6
1554701903.08 46.2
1554701913.1 45.6
1554701923.11 45.6
1554701933.13 45.6
1554701943.14 46.2
1554701953.15 46.2
1554701963.16 45.6
1554701973.19 45.6
1554701983.21 45.1
1554701993.23 45.6
1554702003.24 45.6
1554702013.26 45.1
1554702023.28 45.1
1554702033.3 45.1
1554702043.32 45.1
1554702053.34 45.1
1554702063.36 45.6
1554702073.38 45.1
1554702083.41 45.1
1554702093.42 45.1
1554702103.45 45.1
1554702113.47 45.1
1554702123.49 45.1
1554702133.5 45.6
1554702143.51 45.1
1554702153.53 45.1
1554702163.55 45.6
1554702173.57 45.1
1554702183.59 45.1
1554702193.62 45.1
1554702203.64 45.1
1554702213.65 46.2
1554702223.67 45.1
1554702233.7 45.1
1554702243.71 45.1
1554702253.73 45.1
1554702263.75 45.6
1554702273.77 45.1
1554702283.79 45.1
1554702293.81 45.1
1554702303.83 45.6
1554702313.85 45.1
1554702323.87 45.1
1554702333.89 45.1
1554702343.91 46.2
1554702353.92 46.2
1554702363.94 45.6
1554702373.96 45.6
1554702383.98 45.6
1554702394.0 45.1
1554702404.01 45.6
1554702414.04 45.1
1554702424.05 45.6
1554702434.07 45.6
1554702444.09 45.6
1554702454.11 45.1
1554702464.13 45.1
1554702474.15 45.6
1554702484.17 45.1
1554702494.18 46.2
1554702504.2 45.6
1554702514.22 45.1
1554702524.24 45.1
1554702534.25 45.1
1554702544.27 45.1
1554702554.29 45.1
1554702564.31 46.7
1554702574.33 45.1
1554702584.35 45.1
1554702594.37 45.1
1554702604.39 45.1
1554702614.41 45.6
1554702624.43 45.1
1554702634.45 45.1
1554702644.47 44.5
1554702654.5 45.1
1554702664.51 46.2
1554702674.52 46.2
1554702684.54 45.1
1554702694.56 45.1
1554702704.57 45.1
1554702714.59 45.1
1554702724.61 45.1
1554702734.63 45.1
1554702744.64 45.6
1554702754.66 45.6
1554702764.68 45.1
1554702774.69 45.1
1554702784.71 45.1
1554702794.73 45.1
1554702804.75 46.2
1554702814.77 45.6
1554702824.79 45.6
1554702834.81 45.6
1554702844.82 46.2
1554702854.84 46.2
1554702864.86 46.2
1554702874.87 46.2
1554702884.89 45.6
1554702894.91 45.6
1554702904.92 46.2
1554702914.94 46.2
1554702924.96 45.6
1554702934.97 46.2
1554702944.99 46.7
1554702955.01 45.6
1554702965.03 45.1
1554702975.05 45.6
1554702985.06 46.2
1554702995.09 45.6
1554703005.11 46.7
1554703015.13 46.2
1554703025.15 46.2
1554703035.16 46.2
1554703045.18 46.2
1554703055.2 46.2
1554703065.22 45.1
1554703075.23 45.6
1554703085.25 45.1
1554703095.27 45.6
1554703105.29 46.2
1554703115.3 46.2
1554703125.32 45.6
1554703135.34 45.6
1554703145.36 46.7
1554703155.37 46.7
1554703165.39 46.2
1554703175.41 46.2
1554703185.43 46.2
1554703195.46 45.6
1554703205.47 47.8
1554703215.49 46.7
1554703225.51 46.7
1554703235.51 46.2
1554703245.54 46.2
1554703255.56 46.2
1554703265.57 46.7
1554703275.59 45.6
1554703285.61 46.2
1554703295.64 46.2
1554703305.65 46.7
1554703315.67 45.6
1554703325.69 45.6
1554703335.71 46.2
1554703345.73 45.6
1554703355.73 46.2
1554703365.76 46.2
1554703375.77 46.2
1554703385.79 46.2
1554703395.81 46.2
1554703405.83 46.2
1554703415.85 46.2
1554703425.87 45.1
1554703435.89 46.7
1554703445.9 46.2
1554703455.92 45.6
1554703465.94 45.1
1554703475.96 46.2
1554703485.98 46.2
1554703495.99 46.2
1554703506.01 46.2
1554703516.03 46.2
1554703526.05 46.2
1554703536.06 45.6
1554703546.08 45.1
1554703556.1 45.6
1554703566.12 46.7
1554703576.13 46.2
1554703586.16 46.2
1554703596.17 46.2
1554703606.19 45.1
1554703616.21 45.6
1554703626.24 45.6
1554703636.26 46.2
1554703646.27 45.6
1554703656.28 46.2
1554703666.3 46.2
1554703676.32 45.6
1554703686.34 45.1
1554703696.36 46.2
1554703706.37 46.2
1554703716.4 46.2
1554703726.41 46.2
1554703736.43 46.2
1554703746.45 45.6
1554703756.47 46.2
1554703766.48 46.7
1554703776.5 46.2
1554703786.52 45.6
1554703796.54 45.1
1554703806.56 46.2
1554703816.58 45.1
1554703826.6 45.6
1554703836.62 45.6
1554703846.64 45.6
1554703856.66 45.6
1554703866.68 45.1
1554703876.68 46.2
1554703886.71 45.1
1554703896.73 45.1
1554703906.75 45.1
1554703916.76 45.1
1554703926.78 45.1
1554703936.8 45.1
1554703946.82 45.1
1554703956.84 44.5
1554703966.87 45.1
1554703976.88 46.2
1554703986.9 45.1
1554703996.93 45.1
1554704006.95 45.6
1554704016.96 46.2
1554704026.98 45.1
1554704037.0 45.1
1554704047.02 45.1
1554704057.04 45.1
1554704067.06 45.1
1554704077.08 45.1
1554704087.1 45.1
1554704097.12 45.1
1554704107.15 45.1
1554704117.17 45.1
1554704127.19 45.1
1554704137.21 44.5
1554704147.23 45.1
1554704157.25 44.5
1554704167.27 45.1
1554704177.29 44.5
1554704187.31 45.1
1554704197.33 45.1
1554704207.35 45.1
1554704217.37 45.1
1554704227.39 45.1
1554704237.41 44.0
1554704247.43 46.2
1554704257.45 45.1
1554704267.46 45.1
1554704277.48 45.1
1554704287.5 45.1
1554704297.52 44.5
1554704307.54 45.1
1554704317.56 45.1
1554704327.58 45.1
1554704337.6 45.1
1554704347.62 45.1
1554704357.64 44.5
1554704367.65 44.0
1554704377.66 45.1
1554704387.68 45.1
1554704397.7 44.5
1554704407.72 45.1
1554704417.74 44.5
1554704427.76 45.1
1554704437.78 45.1
1554704447.8 45.1
1554704457.82 44.5
1554704467.84 44.5
1554704477.86 45.1
1554704487.88 45.1
1554704497.9 44.5
1554704507.92 44.0
1554704517.94 44.0
1554704527.96 44.5
1554704537.98 45.1
1554704547.99 44.5
1554704558.01 44.5
1554704568.03 44.5
1554704578.06 44.0
1554704588.07 44.0
1554704598.09 44.5
1554704608.11 45.1
1554704618.13 45.1
1554704628.15 45.1
1554704638.17 45.1
1554704648.19 45.1
1554704658.21 44.5
1554704668.23 45.1
1554704678.24 45.6
1554704688.26 44.5
1554704698.28 45.1
1554704708.29 45.1
1554704718.3 44.0
1554704728.31 45.1
1554704738.33 45.1
1554704748.35 45.1
1554704758.37 44.0
1554704768.39 44.5
1554704778.42 44.5
1554704788.44 45.1
1554704798.46 44.5
1554704808.48 44.5
1554704818.5 44.5
1554704828.52 44.0
1554704838.54 44.5
1554704848.56 44.5
1554704858.57 45.6
1554704868.59 44.0
1554704878.61 45.1
1554704888.63 44.5
1554704898.65 44.0
1554704908.66 44.5
1554704918.68 44.5
1554704928.71 44.5
1554704938.72 45.1
1554704948.74 45.1
1554704958.76 44.5
1554704968.78 44.5
1554704978.8 44.0
1554704988.82 45.1
1554704998.83 45.1
1554705008.85 44.0
1554705018.87 45.1
1554705028.89 44.5
1554705038.91 44.5
1554705048.93 44.5
1554705058.95 44.5
1554705068.97 45.1
1554705078.99 44.0
1554705089.01 45.1
1554705099.04 45.1
1554705109.06 44.5
1554705119.08 45.1
1554705129.1 45.1
1554705139.12 44.5
1554705149.14 44.0
1554705159.16 44.5
1554705169.18 45.1
1554705179.2 44.5
1554705189.22 45.1
1554705199.24 44.0
1554705209.26 45.1
1554705219.27 44.5
1554705229.29 45.1
1554705239.31 45.1
1554705249.31 45.1
1554705259.33 44.0
1554705269.35 44.0
1554705279.37 44.5
1554705289.4 45.1
1554705299.41 44.0
1554705309.43 44.5
1554705319.45 44.0
1554705329.47 45.1
1554705339.49 44.5
1554705349.51 44.5
1554705359.53 45.1
1554705369.55 45.1
1554705379.57 44.5
1554705389.59 45.1
1554705399.61 45.1
1554705409.63 45.1
1554705419.65 45.1
1554705429.67 44.0
1554705439.68 45.1
1554705449.7 45.1
1554705459.72 44.5
1554705469.75 45.1
1554705479.77 44.5
1554705489.79 44.0
1554705499.81 45.1
1554705509.82 45.6
1554705519.84 45.1
1554705529.86 45.6
1554705539.88 45.1
1554705549.89 45.6
1554705559.91 45.1
1554705569.93 45.6
1554705579.95 45.6
1554705589.96 45.1
1554705599.98 45.1
1554705609.99 45.1
1554705620.01 45.1
1554705630.03 45.1
1554705640.05 45.1
1554705650.07 44.5
1554705660.09 45.1
1554705670.11 45.1
1554705680.12 45.6
1554705690.14 45.6
1554705700.16 45.1
1554705710.18 45.1
1554705720.19 45.1
1554705730.21 45.1
1554705740.23 45.1
1554705750.25 45.1
1554705760.27 45.1
1554705770.29 45.1
1554705780.3 44.0
1554705790.32 45.1
1554705800.34 45.1
1554705810.36 45.1
1554705820.38 45.1
1554705830.4 45.1
1554705840.42 44.5
1554705850.43 45.1
1554705860.45 45.1
1554705870.47 45.1
1554705880.49 45.1
1554705890.5 45.1
1554705900.52 45.1
1554705910.54 45.1
1554705920.56 45.1
1554705930.58 45.1
1554705940.6 45.1
1554705950.62 45.1
1554705960.64 45.1
1554705970.65 45.1
1554705980.67 45.1
1554705990.69 45.1
1554706000.71 46.2
1554706010.72 45.1
1554706020.74 45.6
1554706030.76 45.1
1554706040.78 45.1
1554706050.8 45.1
1554706060.81 46.2
1554706070.83 45.1
1554706080.86 44.5
1554706090.88 45.6
1554706100.9 45.6
1554706110.92 45.1
1554706120.93 45.6
1554706130.95 45.1
1554706140.97 45.6
1554706150.97 45.1
1554706160.98 45.6
1554706171.0 46.2
1554706181.02 45.1
1554706191.04 45.1
1554706201.06 45.6
1554706211.07 45.1
1554706221.09 45.1
1554706231.11 45.1
1554706241.13 45.1
1554706251.16 45.1
1554706261.17 45.1
1554706271.2 45.1
1554706281.21 45.1
1554706291.23 45.1
1554706301.24 45.1
1554706311.26 45.1
1554706321.27 46.2
1554706331.29 45.1
1554706341.3 45.6
1554706351.32 45.1
1554706361.34 45.1
1554706371.35 45.6
1554706381.37 45.1
1554706391.4 45.6
1554706401.42 45.1
1554706411.44 45.1
1554706421.46 45.1
1554706431.47 46.2
1554706441.49 46.2
1554706451.51 46.2
1554706461.53 45.1
1554706471.54 46.2
1554706481.56 45.1
1554706491.58 46.2
1554706501.6 45.6
1554706511.61 45.1
1554706521.63 45.6
1554706531.64 46.2
1554706541.65 46.2
1554706551.66 46.2
1554706561.68 46.2
1554706571.7 46.2
1554706581.71 46.2
1554706591.73 45.1
1554706601.74 46.2
1554706611.76 45.6
1554706621.77 46.2
1554706631.79 45.6
1554706641.8 45.1
1554706651.82 45.1
1554706661.84 45.6
1554706671.86 45.1
1554706681.88 45.6
1554706691.9 45.1
1554706701.93 45.1
1554706711.95 46.2
1554706721.96 46.2
1554706731.97 45.6
1554706741.99 45.6
1554706752.0 45.1
1554706762.02 45.6
1554706772.04 45.6
1554706782.06 46.2
1554706792.08 45.6
1554706802.1 46.2
1554706812.12 45.6
1554706822.14 45.6
1554706832.16 45.1
1554706842.17 46.2
1554706852.19 45.6
1554706862.22 45.6
1554706872.23 45.6
1554706882.25 45.6
1554706892.27 45.6
1554706902.3 45.6
1554706912.32 45.1
1554706922.33 46.2
1554706932.35 45.1
1554706942.38 45.1
1554706952.4 45.6
1554706962.42 45.6
1554706972.44 46.2
1554706982.46 45.6
1554706992.48 46.2
1554707002.5 45.1
1554707012.52 45.1
1554707022.54 45.6
1554707032.56 45.6
1554707042.58 45.6
1554707052.6 45.6
1554707062.62 45.6
1554707072.63 46.2
1554707082.65 45.6
1554707092.67 45.1
1554707102.69 45.1
1554707112.71 45.1
1554707122.73 45.1
1554707132.75 45.1
1554707142.78 45.1
1554707152.8 45.1
1554707162.82 45.1
1554707172.84 45.1
1554707182.86 45.1
1554707192.88 45.1
1554707202.89 45.1
1554707212.91 45.1
1554707222.93 45.1
1554707232.95 45.1
1554707242.97 45.6
1554707252.99 45.1
1554707263.02 45.1
1554707273.03 45.1
1554707283.05 45.1
1554707293.07 45.1
1554707303.1 45.1
1554707313.12 45.1
1554707323.13 45.1
1554707333.15 45.1
1554707343.17 45.1
1554707353.19 45.1
1554707363.21 44.5
1554707373.23 45.1
1554707383.25 45.1
1554707393.27 45.1
1554707403.29 45.1
1554707413.31 45.1
1554707423.34 44.5
1554707433.35 45.1
1554707443.37 44.5
1554707453.39 45.1
1554707463.41 45.1
1554707473.43 45.6
1554707483.45 45.1
1554707493.47 45.1
1554707503.49 45.1
1554707513.51 45.1
1554707523.52 45.1
1554707533.55 45.1
1554707543.57 45.1
1554707553.58 45.1
1554707563.6 45.6
1554707573.62 45.1
1554707583.64 45.1
1554707593.66 45.1
1554707603.68 45.1
1554707613.7 45.6
1554707623.72 45.1
1554707633.74 45.1
1554707643.75 45.1
1554707653.77 45.1
1554707663.79 45.1
1554707673.81 45.6
1554707683.83 45.1
1554707693.85 45.1
1554707703.87 45.1
1554707713.89 45.1
1554707723.9 45.6
1554707733.92 45.1
1554707743.94 45.6
1554707753.96 45.1
1554707763.98 45.1
1554707774.0 45.1
1554707784.02 45.1
1554707794.04 45.1
1554707804.06 45.1
1554707814.08 45.1
1554707824.09 45.6
1554707834.11 45.1
1554707844.14 45.1
1554707854.16 45.1
1554707864.18 45.1
1554707874.2 45.1
1554707884.21 45.1
1554707894.23 45.1
1554707904.25 45.1
1554707914.27 44.5
1554707924.29 45.1
1554707934.31 45.1
1554707944.33 44.0
1554707954.35 45.1
1554707964.37 45.1
1554707974.39 45.1
1554707984.41 45.1
1554707994.43 45.1
1554708004.45 45.1
1554708014.47 45.1
1554708024.49 45.1
1554708034.51 45.1
1554708044.53 45.1
1554708054.55 45.1
1554708064.56 45.1
1554708074.58 44.5
1554708084.61 45.1
1554708094.62 45.1
1554708104.64 45.1
1554708114.66 44.0
1554708124.68 45.1
1554708134.7 44.5
1554708144.72 45.1
1554708154.74 45.1
1554708164.76 45.1
1554708174.78 45.1
1554708184.8 45.1
1554708194.82 45.1
1554708204.84 45.1
1554708214.85 45.6
1554708224.88 45.1
1554708234.9 45.1
1554708244.92 45.1
1554708254.94 45.1
1554708264.96 44.5
1554708274.98 45.1
1554708285.0 45.1
1554708295.01 45.1
1554708305.03 44.5
1554708315.05 45.1
1554708325.07 45.1
1554708335.09 44.5
1554708345.11 45.6
1554708355.13 45.1
1554708365.15 45.1
1554708375.17 45.1
1554708385.18 45.1
1554708395.2 45.1
1554708405.22 44.0
1554708415.24 45.1
1554708425.26 45.1
1554708435.28 44.5
1554708445.29 44.5
1554708455.31 45.1
1554708465.32 45.1
1554708475.34 44.5
1554708485.36 44.0
1554708495.38 44.5
1554708505.4 44.5
1554708515.42 45.1
1554708525.44 44.5
1554708535.46 45.1
1554708545.47 44.5
1554708555.49 45.1
1554708565.51 44.5
1554708575.52 45.1
1554708585.53 45.1
1554708595.55 45.6
1554708605.56 45.1
1554708615.58 44.5
1554708625.6 45.1
1554708635.61 45.1
1554708645.63 45.1
1554708655.65 45.1
1554708665.66 45.1
1554708675.67 45.1
1554708685.69 44.0
1554708695.71 44.5
1554708705.73 44.0
1554708715.75 44.5
1554708725.77 45.1
1554708735.79 45.1
1554708745.8 45.1
1554708755.81 45.1
1554708765.83 45.1
1554708775.84 44.5
1554708785.86 45.1
1554708795.87 45.1
1554708805.89 45.1
1554708815.91 44.5
1554708825.92 44.5
1554708835.94 44.0
1554708845.95 45.1
1554708855.97 44.5
1554708865.98 44.0
1554708876.0 44.5
1554708886.01 45.1
1554708896.02 45.1
1554708906.04 45.1
1554708916.05 45.1
1554708926.07 45.1
1554708936.08 44.5
1554708946.1 45.1
1554708956.12 44.5
1554708966.13 44.5
1554708976.15 44.5
1554708986.17 45.1
1554708996.18 45.1
1554709006.2 44.0
1554709016.21 44.5
1554709026.23 45.1
1554709036.25 44.0
1554709046.26 44.5
1554709056.28 44.5
1554709066.3 45.1
1554709076.32 45.1
1554709086.34 44.0
1554709096.35 44.0
1554709106.37 44.0
1554709116.39 45.1
1554709126.4 44.0
1554709136.42 44.5
1554709146.44 44.5
1554709156.46 44.5
1554709166.48 44.5
1554709176.5 45.1
1554709186.52 44.0
1554709196.54 44.5
1554709206.57 44.5
1554709216.58 44.0
1554709226.6 44.0
1554709236.62 45.1
1554709246.64 44.0
1554709256.66 44.0
1554709266.67 45.1
1554709276.69 45.1
1554709286.71 44.0
1554709296.72 44.5
1554709306.74 44.5
1554709316.76 44.0
1554709326.78 44.0
1554709336.8 45.1
1554709346.82 44.5
1554709356.83 44.5
1554709366.85 44.0
1554709376.87 44.5
1554709386.88 45.1
1554709396.9 44.5
1554709406.91 44.5
1554709416.93 45.1
1554709426.94 45.1
1554709436.95 45.6
1554709446.97 45.1
1554709456.98 45.6
1554709466.99 45.1
1554709477.01 44.5
1554709487.03 45.1
1554709497.05 45.1
1554709507.06 44.5
1554709517.08 45.1
1554709527.1 44.5
1554709537.12 45.1
1554709547.14 45.1
1554709557.16 45.6
1554709567.17 45.1
1554709577.19 45.1
1554709587.2 45.6
1554709597.21 46.2
1554709607.24 45.6
1554709617.25 45.1
1554709627.27 45.1
1554709637.29 45.1
1554709647.3 45.1
1554709657.32 45.1
1554709667.33 45.6
1554709677.34 44.5
1554709687.36 44.5
1554709697.38 45.6
1554709707.39 45.1
1554709717.41 45.1
1554709727.43 45.1
1554709737.45 45.1
1554709747.47 45.1
1554709757.49 46.2
1554709767.51 45.1
1554709777.53 45.1
1554709787.55 44.5
1554709797.57 45.1
1554709807.59 45.1
1554709817.61 44.5
1554709827.63 44.0
1554709837.67 44.5
1554709847.69 45.1
1554709857.71 45.1
1554709867.73 44.5
1554709877.75 45.1
1554709887.77 45.1
1554709897.79 45.1
1554709907.81 44.5
1554709917.83 45.1
1554709927.85 45.1
1554709937.87 44.5
1554709947.9 45.1
1554709957.92 45.1
1554709967.94 45.1
1554709977.95 45.1
1554709987.98 45.1
1554709998.0 45.1
1554710008.01 44.0
1554710018.02 45.1
1554710028.05 44.5
1554710038.06 45.1
1554710048.07 45.6
1554710058.09 45.1
1554710068.11 45.1
1554710078.13 45.1
1554710088.15 45.1
1554710098.17 45.1
1554710108.19 45.1
1554710118.21 44.0
1554710128.22 44.5
1554710138.24 45.1
1554710148.26 45.1
1554710158.28 45.1
1554710168.29 44.5
1554710178.31 44.5
1554710188.33 44.5
1554710198.35 44.5
1554710208.37 45.1
1554710218.39 44.5
1554710228.41 44.0
1554710238.43 44.0
1554710248.45 44.0
1554710258.47 45.1
1554710268.48 44.5
1554710278.5 44.5
1554710288.52 44.5
1554710298.54 44.0
1554710308.55 45.1
1554710318.58 45.1
1554710328.6 44.0
1554710338.62 44.5
1554710348.64 44.0
1554710358.66 43.5
1554710368.68 44.0
1554710378.7 44.5
1554710388.71 44.0
1554710398.73 44.5
