1554800009.01 37.6
1554800019.02 37.0
1554800029.04 36.5
1554800039.06 37.0
1554800049.07 37.6
1554800059.09 37.0
1554800069.11 37.0
1554800079.13 36.5
1554800089.15 37.6
1554800099.16 37.6
1554800109.18 37.6
1554800119.2 37.6
1554800129.21 37.0
1554800139.23 37.6
1554800149.25 36.5
1554800159.27 37.6
1554800169.31 37.6
1554800179.33 37.6
1554800189.34 37.6
1554800199.35 37.0
1554800209.37 36.5
1554800219.38 37.0
1554800229.4 37.6
1554800239.42 36.5
1554800249.43 37.0
1554800259.45 37.6
1554800269.46 37.6
1554800279.47 37.6
1554800289.49 37.0
1554800299.51 37.0
1554800309.53 37.0
1554800319.55 36.5
1554800329.56 37.6
1554800339.58 37.0
1554800349.6 36.5
1554800359.61 37.0
1554800369.63 36.5
1554800379.65 37.0
1554800389.66 37.0
1554800399.68 36.5
1554800409.7 37.6
1554800419.72 37.0
1554800429.74 36.5
1554800439.76 37.6
1554800449.77 37.0
1554800459.79 36.5
1554800469.81 37.0
1554800479.83 37.0
1554800489.84 37.6
1554800499.86 37.0
1554800509.88 37.0
1554800519.9 37.0
1554800529.91 37.0
1554800539.92 37.6
1554800549.93 37.6
1554800559.96 37.0
1554800569.98 37.0
1554800579.99 37.0
1554800590.01 36.5
1554800600.03 36.5
1554800610.05 37.0
1554800620.07 36.5
1554800630.08 37.6
1554800640.1 36.5
1554800650.12 37.0
1554800660.13 37.0
1554800670.15 36.5
1554800680.16 36.5
1554800690.18 36.5
1554800700.19 36.5
1554800710.21 36.5
1554800720.23 37.0
1554800730.25 36.5
1554800740.26 36.5
1554800750.28 36.5
1554800760.3 36.5
1554800770.31 36.5
1554800780.33 35.9
1554800790.35 36.5
1554800800.37 36.5
1554800810.38 36.5
1554800820.4 35.9
1554800830.41 36.5
1554800840.43 36.5
1554800850.45 36.5
1554800860.46 36.5
1554800870.48 36.5
1554800880.49 36.5
1554800890.5 37.0
1554800900.51 37.6
1554800910.53 36.5
1554800920.55 36.5
1554800930.57 36.5
1554800940.59 37.0
1554800950.61 36.5
1554800960.63 36.5
1554800970.65 37.0
1554800980.67 36.5
1554800990.69 36.5
1554801000.71 36.5
1554801010.73 36.5
1554801020.75 36.5
1554801030.76 36.5
1554801040.78 36.5
1554801050.81 36.5
1554801060.82 37.6
1554801070.84 36.5
1554801080.86 36.5
1554801090.88 36.5
1554801100.9 37.0
1554801110.92 36.5
1554801120.94 36.5
1554801130.95 37.0
1554801140.96 37.6
1554801150.98 37.0
1554801161.0 37.0
1554801171.02 36.5
1554801181.04 37.6
1554801191.05 37.0
1554801201.08 36.5
1554801211.1 37.0
1554801221.12 37.6
1554801231.14 37.0
1554801241.16 37.6
1554801251.17 38.1
1554801261.19 37.0
1554801271.21 38.1
1554801281.23 37.0
1554801291.24 37.6
1554801301.26 37.6
1554801311.27 37.6
1554801321.29 37.0
1554801331.31 37.6
1554801341.33 37.6
1554801351.35 37.0
1554801361.36 37.0
1554801371.38 37.6
1554801381.4 37.6
1554801391.42 37.6
1554801401.43 37.6
1554801411.44 38.6
1554801421.45 38.6
1554801431.47 37.6
1554801441.49 37.6
1554801451.5 38.1
1554801461.52 37.6
1554801471.54 37.6
1554801481.56 37.0
1554801491.57 37.6
1554801501.59 37.6
1554801511.61 37.6
1554801521.62 38.1
1554801531.64 38.1
1554801541.67 37.6
1554801551.69 37.6
1554801561.71 37.6
1554801571.73 38.1
1554801581.75 38.1
1554801591.77 37.0
1554801601.79 37.0
1554801611.81 37.0
1554801621.83 37.6
1554801631.85 36.5
1554801641.87 37.0
1554801651.89 37.6
1554801661.91 37.6
1554801671.93 37.0
1554801681.95 38.1
1554801691.97 37.6
1554801701.99 37.6
1554801712.01 37.0
1554801722.03 36.5
1554801732.05 37.0
1554801742.07 37.0
1554801752.09 37.0
1554801762.11 37.6
1554801772.13 37.0
1554801782.15 36.5
1554801792.17 36.5
1554801802.2 37.0
1554801812.22 37.6
1554801822.24 37.6
1554801832.26 36.5
1554801842.27 37.6
1554801852.29 37.0
1554801862.32 37.6
1554801872.34 37.0
1554801882.36 37.0
1554801892.38 37.0
1554801902.4 37.6
1554801912.42 37.0
1554801922.44 37.0
1554801932.46 37.6
1554801942.49 37.6
1554801952.51 36.5
1554801962.53 37.6
1554801972.55 36.5
1554801982.57 37.6
1554801992.58 38.1
1554802002.6 37.6
1554802012.61 38.1
1554802022.63 37.6
1554802032.65 37.0
1554802042.66 37.6
1554802052.68 37.0
1554802062.71 36.5
1554802072.73 37.0
1554802082.75 37.0
1554802092.77 37.6
1554802102.78 37.6
1554802112.81 37.6
1554802122.83 37.0
1554802132.85 37.0
1554802142.86 37.6
1554802152.88 38.1
1554802162.9 37.0
1554802172.92 37.6
1554802182.94 36.5
1554802192.96 36.5
1554802202.98 37.6
1554802213.0 37.0
1554802223.02 37.0
1554802233.05 37.0
1554802243.07 36.5
1554802253.08 38.1
1554802263.1 38.1
1554802273.12 37.6
1554802283.14 37.6
1554802293.16 37.6
1554802303.18 37.6
1554802313.2 37.0
1554802323.22 37.0
1554802333.24 36.5
1554802343.26 36.5
1554802353.27 36.5
1554802363.29 36.5
1554802373.31 36.5
1554802383.34 37.0
1554802393.35 36.5
1554802403.37 36.5
1554802413.39 36.5
1554802423.41 36.5
1554802433.43 37.0
1554802443.45 36.5
1554802453.47 36.5
1554802463.49 37.0
1554802473.51 36.5
1554802483.53 36.5
1554802493.55 36.5
1554802503.57 36.5
1554802513.58 37.0
1554802523.6 35.9
1554802533.63 37.6
1554802543.64 36.5
1554802553.67 36.5
1554802563.69 36.5
1554802573.7 36.5
1554802583.72 36.5
1554802593.74 36.5
1554802603.76 36.5
1554802613.78 36.5
1554802623.8 36.5
1554802633.82 36.5
1554802643.84 36.5
1554802653.85 37.0
1554802663.87 37.0
1554802673.89 37.0
1554802683.9 37.0
1554802693.92 37.0
1554802703.94 37.6
1554802713.96 37.6
1554802723.97 37.6
1554802733.99 37.6
1554802744.01 36.5
1554802754.03 36.5
1554802764.05 36.5
1554802774.07 37.0
1554802784.09 36.5
1554802794.1 37.0
1554802804.12 36.5
1554802814.14 37.6
1554802824.17 36.5
1554802834.19 36.5
1554802844.2 36.5
1554802854.22 36.5
1554802864.23 37.0
1554802874.24 36.5
1554802884.26 36.5
1554802894.28 36.5
1554802904.3 36.5
1554802914.31 36.5
1554802924.34 36.5
1554802934.36 37.0
1554802944.37 36.5
1554802954.39 36.5
1554802964.41 37.0
1554802974.42 36.5
1554802984.44 37.0
1554802994.46 36.5
1554803004.48 37.0
1554803014.49 37.0
1554803024.51 36.5
1554803034.53 37.6
1554803044.54 36.5
1554803054.56 37.6
1554803064.58 37.0
1554803074.59 36.5
1554803084.6 37.6
1554803094.62 37.0
1554803104.63 37.6
1554803114.65 37.6
1554803124.67 37.6
1554803134.68 37.6
1554803144.69 37.6
1554803154.71 37.0
1554803164.73 37.0
1554803174.74 37.0
1554803184.76 37.6
1554803194.78 37.0
1554803204.79 37.0
1554803214.81 37.0
1554803224.83 37.0
1554803234.85 37.0
1554803244.87 37.0
1554803254.88 37.6
1554803264.89 37.0
1554803274.91 37.6
1554803284.93 37.6
1554803294.94 37.6
1554803304.96 38.1
1554803314.97 38.6
1554803324.99 38.1
1554803335.0 38.6
1554803345.02 37.6
1554803355.04 37.6
1554803365.06 38.6
1554803375.08 38.1
1554803385.09 38.6
1554803395.11 39.2
1554803405.13 38.6
1554803415.14 38.6
1554803425.16 39.2
1554803435.17 39.2
1554803445.18 38.6
1554803455.2 38.1
1554803465.22 38.6
1554803475.23 38.6
1554803485.25 38.6
1554803495.27 38.1
1554803505.28 38.6
1554803515.31 37.6
1554803525.33 37.0
1554803535.35 37.6
1554803566.6 38.6
1554803576.62 38.1
1554803586.64 38.1
1554803596.66 38.6
1554803606.67 38.6
1554803616.68 38.6
1554803626.7 38.6
1554803636.71 38.6
1554803646.73 38.6
1554803656.75 38.6
1554803666.76 38.6
1554803676.78 38.6
1554803686.8 38.6
1554803696.82 38.6
1554803706.83 39.2
1554803716.85 38.6
1554803726.87 38.6
1554803736.89 38.6
1554803746.91 38.6
1554803756.93 39.2
1554803766.95 38.1
1554803776.98 38.6
1554803787.0 38.6
1554803797.01 38.6
1554803807.04 38.1
1554803817.06 38.1
1554803827.08 38.6
1554803837.09 38.6
1554803847.11 38.6
1554803857.13 39.2
1554803867.15 38.6
1554803877.16 38.6
1554803887.18 38.1
1554803897.2 38.1
1554803907.22 38.1
1554803917.24 37.6
1554803927.26 38.6
1554803937.28 38.1
1554803947.29 38.6
1554803957.31 38.6
1554803967.32 39.2
1554803977.35 39.2
1554803987.36 38.6
1554803997.38 38.6
