1555100005.2 51.0
1555100015.22 50.5
1555100025.23 49.9
1555100035.25 50.5
1555100045.27 50.5
1555100055.29 50.5
1555100065.31 49.9
1555100075.32 51.0
1555100085.34 50.5
1555100095.35 50.5
1555100105.37 50.5
1555100115.38 50.5
1555100125.39 50.5
1555100135.4 50.5
1555100145.42 50.5
1555100155.44 50.5
1555100165.45 50.5
1555100175.46 50.5
1555100185.48 50.5
1555100195.5 50.5
1555100205.51 50.5
1555100215.53 50.5
1555100225.54 51.5
1555100235.56 50.5
1555100245.58 51.5
1555100255.6 50.5
1555100265.61 50.5
1555100275.62 50.5
1555100285.63 51.5
1555100295.65 50.5
1555100305.67 49.9
1555100315.68 50.5
1555100325.7 51.0
1555100335.73 49.9
1555100345.75 50.5
1555100355.76 50.5
1555100365.78 50.5
1555100375.8 49.9
1555100385.81 50.5
1555100395.82 50.5
1555100405.85 50.5
1555100415.86 50.5
1555100425.87 50.5
1555100435.89 50.5
1555100445.91 50.5
1555100455.92 50.5
1555100465.94 50.5
1555100475.95 50.5
1555100485.97 50.5
1555100495.99 50.5
1555100506.0 50.5
1555100516.02 50.5
1555100526.03 50.5
1555100536.05 50.5
1555100546.07 50.5
1555100556.09 50.5
1555100566.11 51.0
1555100576.12 50.5
1555100586.14 51.0
1555100596.15 50.5
1555100606.17 49.9
1555100616.19 51.0
1555100626.2 51.0
1555100636.22 50.5
1555100646.23 50.5
1555100656.25 51.5
1555100666.26 51.0
1555100676.29 50.5
1555100686.3 51.5
1555100696.32 50.5
1555100706.34 51.5
1555100716.35 50.5
1555100726.38 51.0
1555100736.39 50.5
1555100746.41 50.5
1555100756.42 51.0
1555100766.44 50.5
1555100776.45 50.5
1555100786.46 50.5
1555100796.48 51.0
1555100806.5 51.0
1555100816.52 51.0
1555100826.53 50.5
1555100836.55 49.9
1555100846.56 50.5
1555100856.58 50.5
1555100866.59 50.5
1555100876.61 50.5
1555100886.63 50.5
1555100896.64 50.5
1555100906.66 50.5
1555100916.67 50.5
1555100926.69 50.5
1555100936.71 51.5
1555100946.72 50.5
1555100956.74 51.0
1555100966.76 51.5
1555100976.78 51.0
1555100986.8 51.0
1555100996.82 51.5
1555101006.83 51.5
1555101016.85 50.5
1555101026.87 51.5
1555101036.88 51.5
1555101046.9 51.0
1555101056.92 50.5
1555101066.93 50.5
1555101076.95 51.0
1555101086.96 50.5
1555101096.98 51.5
1555101107.0 50.5
1555101117.01 51.5
1555101127.03 51.5
1555101137.04 50.5
1555101147.06 51.0
1555101157.08 51.5
1555101167.09 51.5
1555101177.11 51.5
1555101187.13 51.5
1555101197.15 51.5
1555101207.17 50.5
1555101217.19 51.5
1555101227.21 51.0
1555101237.22 51.0
1555101247.24 51.5
1555101257.26 50.5
1555101267.27 51.0
1555101277.29 51.5
1555101287.31 49.9
1555101297.32 50.5
1555101307.34 50.5
1555101317.36 51.5
1555101327.38 51.0
1555101337.39 50.5
1555101347.41 51.5
1555101357.43 51.0
1555101367.44 50.5
1555101377.46 50.5
1555101387.47 50.5
1555101397.49 51.0
1555101407.5 50.5
1555101417.52 50.5
1555101427.54 51.0
1555101437.55 50.5
1555101447.57 50.5
1555101457.59 50.5
1555101467.61 51.0
1555101477.62 50.5
1555101487.64 50.5
1555101497.66 49.9
1555101507.68 49.9
1555101517.69 50.5
1555101527.71 50.5
1555101537.72 50.5
1555101547.74 49.4
1555101557.76 49.9
1555101567.78 49.9
1555101577.8 49.4
1555101587.82 49.9
1555101597.83 49.4
1555101607.85 49.4
1555101617.87 49.4
1555101627.88 49.9
1555101637.9 49.4
1555101647.91 49.4
1555101657.93 49.4
1555101667.95 49.4
1555101677.96 49.4
1555101687.98 49.4
1555101698.0 49.4
1555101708.02 49.4
1555101718.04 49.4
1555101728.06 49.4
1555101738.07 49.4
1555101748.09 49.4
1555101758.1 49.4
1555101768.12 49.4
1555101778.14 49.4
1555101788.16 49.4
1555101798.17 49.4
1555101808.19 49.4
1555101818.2 49.4
1555101828.22 49.4
1555101838.24 49.4
1555101848.26 48.9
1555101858.27 49.4
1555101868.29 49.4
1555101878.31 48.3
1555101888.32 49.4
1555101898.34 49.4
1555101908.36 49.4
1555101918.38 49.4
1555101928.39 49.9
1555101938.41 48.9
1555101948.43 49.4
1555101958.45 48.9
1555101968.47 48.3
1555101978.48 49.4
1555101988.5 48.3
1555101998.52 48.9
1555102008.54 48.9
1555102018.55 48.3
1555102028.57 48.3
1555102038.59 48.3
1555102048.61 48.3
1555102058.63 48.3
1555102068.64 47.8
1555102078.66 48.3
1555102088.68 48.9
1555102098.69 48.3
1555102108.71 48.3
1555102118.72 48.3
1555102128.74 48.3
1555102138.76 48.3
1555102148.78 48.3
1555102158.8 48.9
1555102168.81 48.3
1555102178.83 48.3
1555102188.86 47.8
1555102198.88 48.3
1555102208.89 48.9
1555102218.91 48.9
1555102228.92 48.9
1555102238.94 48.3
1555102248.95 48.3
1555102258.97 48.3
1555102268.98 48.3
1555102279.0 48.3
1555102289.02 48.9
1555102299.03 48.9
1555102309.05 48.3
1555102319.06 48.3
1555102329.08 48.3
1555102339.09 47.8
1555102349.1 48.3
1555102359.12 47.8
1555102369.14 48.3
1555102379.15 48.3
1555102389.16 48.3
1555102399.18 48.3
1555102409.2 48.3
1555102419.21 48.3
1555102429.22 48.3
1555102439.24 49.4
1555102449.26 48.3
1555102459.28 48.3
1555102469.29 48.3
1555102479.31 48.3
1555102489.33 47.8
1555102499.34 48.3
1555102509.36 48.3
1555102519.38 48.9
1555102529.39 48.3
1555102539.41 48.3
1555102549.43 48.3
1555102559.44 48.9
1555102569.46 48.3
1555102579.48 48.3
1555102589.5 47.8
1555102599.51 48.3
1555102609.53 48.3
1555102619.54 47.8
1555102629.56 48.3
1555102639.58 47.2
1555102649.59 48.3
1555102659.61 47.8
1555102669.62 47.8
1555102679.64 48.3
1555102689.66 47.8
1555102699.67 48.3
1555102709.69 48.3
1555102719.7 47.8
1555102729.72 47.8
1555102739.73 48.3
1555102749.74 47.8
1555102759.76 48.3
1555102769.78 47.8
1555102779.8 47.2
1555102789.82 47.8
1555102799.83 47.2
1555102809.86 48.3
1555102819.88 47.8
1555102829.9 48.3
1555102839.91 48.3
1555102849.93 48.3
1555102859.94 47.8
1555102869.96 48.3
1555102879.97 48.3
1555102889.99 48.3
1555102900.01 48.3
1555102910.03 47.8
1555102920.04 47.2
1555102930.06 47.2
1555102940.08 47.2
1555102950.09 47.8
1555102960.1 47.2
1555102970.12 47.2
1555102980.15 46.2
1555102990.16 47.2
1555103000.18 47.2
1555103010.19 47.2
1555103020.21 46.7
1555103030.23 47.2
1555103040.25 47.2
1555103050.27 46.2
1555103060.28 47.2
1555103070.3 47.2
1555103080.32 47.2
1555103090.34 47.8
1555103100.36 47.2
1555103110.38 47.8
1555103120.4 46.7
1555103130.41 47.8
1555103140.43 47.2
1555103150.45 47.2
1555103160.47 46.7
1555103170.48 47.8
1555103180.5 46.2
1555103190.52 47.2
1555103200.54 47.2
1555103210.55 47.2
1555103220.56 47.2
1555103230.58 47.8
1555103240.6 47.8
1555103250.63 47.2
1555103260.65 47.8
1555103270.67 47.2
1555103280.68 47.8
1555103290.7 47.2
1555103300.71 47.2
1555103310.73 48.3
1555103320.74 47.8
1555103330.76 47.2
1555103340.77 48.3
1555103350.78 47.8
1555103360.81 48.3
1555103370.83 47.8
1555103380.84 48.3
1555103390.86 47.8
1555103400.88 47.2
1555103410.9 47.2
1555103420.92 47.8
1555103430.94 47.8
1555103440.96 47.8
1555103450.97 48.3
1555103460.98 47.8
1555103471.01 47.8
1555103481.02 48.3
1555103491.04 48.3
1555103501.05 48.3
1555103511.07 48.3
1555103521.09 47.8
1555103531.11 48.3
1555103541.13 48.3
1555103551.15 47.8
1555103561.16 48.3
1555103571.17 48.9
1555103581.18 48.3
1555103591.19 48.3
1555103601.2 48.3
1555103611.22 47.8
1555103621.23 48.9
1555103631.25 48.3
1555103641.26 49.4
1555103651.28 48.3
1555103661.3 48.3
1555103671.31 49.4
1555103681.33 48.9
1555103691.34 49.4
1555103701.36 48.9
1555103711.38 48.9
1555103721.39 48.3
1555103731.41 48.9
1555103741.42 48.3
1555103751.44 49.4
1555103761.45 48.9
1555103771.47 48.3
1555103781.48 49.4
1555103791.49 48.9
1555103801.5 48.9
1555103811.51 48.3
1555103821.54 48.9
1555103831.56 48.3
1555103841.57 49.4
1555103851.59 48.9
1555103861.6 48.3
1555103871.62 48.3
1555103881.64 49.4
1555103891.66 48.9
1555103901.67 47.8
1555103911.69 48.9
1555103921.71 48.3
1555103931.73 48.3
1555103941.74 48.3
1555103951.76 48.3
1555103961.77 48.3
1555103971.79 48.3
1555103981.81 47.8
1555103991.82 48.3
1555104001.84 48.3
1555104011.86 48.9
1555104021.88 48.9
1555104031.89 49.4
1555104041.91 48.3
1555104051.92 48.3
1555104061.94 47.8
1555104071.95 48.3
1555104081.97 48.3
1555104091.98 48.9
1555104102.0 48.3
1555104112.01 48.3
1555104122.03 48.3
1555104132.04 48.9
1555104142.05 48.9
1555104152.07 48.3
1555104162.08 48.3
1555104172.1 48.9
1555104182.11 48.3
1555104192.13 48.9
1555104202.15 48.3
1555104212.17 48.9
1555104222.18 48.9
1555104232.2 49.4
1555104242.21 48.9
1555104252.23 48.3
1555104262.25 49.4
1555104272.27 48.9
1555104282.28 49.4
1555104292.29 49.4
1555104302.31 48.9
1555104312.33 48.3
1555104322.35 49.4
1555104332.36 49.4
1555104342.38 48.9
1555104352.4 48.9
1555104362.42 49.4
1555104372.43 49.4
1555104382.45 49.4
1555104392.46 49.4
1555104402.48 48.3
1555104412.5 48.9
1555104422.52 49.4
1555104432.54 48.9
1555104442.56 48.9
1555104452.57 48.3
1555104462.58 48.3
1555104472.6 48.3
1555104482.62 48.3
1555104492.63 48.3
1555104502.65 48.3
1555104512.67 48.3
1555104522.68 48.9
1555104532.7 48.9
1555104542.71 48.9
1555104552.73 48.3
1555104562.74 49.4
1555104572.76 48.9
1555104582.77 49.4
1555104592.78 49.4
1555104602.79 49.4
1555104612.81 48.3
1555104622.82 49.4
1555104632.83 48.9
1555104642.85 49.4
1555104652.86 49.4
1555104662.88 49.4
1555104672.9 49.4
1555104682.92 49.4
1555104692.94 49.4
1555104702.95 49.4
1555104712.96 49.4
1555104722.98 49.4
1555104732.99 49.4
1555104743.01 49.4
1555104753.04 49.4
1555104763.05 49.4
1555104773.06 49.4
1555104783.08 48.3
1555104793.09 49.4
1555104803.11 49.4
1555104813.13 49.4
1555104823.14 49.4
1555104833.16 49.4
1555104843.18 49.4
1555104853.2 49.4
1555104863.21 49.4
1555104873.22 49.4
1555104883.24 48.3
1555104893.25 49.4
1555104903.28 48.9
1555104913.29 49.4
1555104923.31 49.4
1555104933.32 49.4
1555104943.34 49.4
1555104953.36 49.4
1555104963.37 49.4
1555104973.39 48.9
1555104983.4 49.4
1555104993.42 49.4
1555105003.43 48.9
1555105013.44 49.9
1555105023.46 49.9
1555105033.48 48.9
1555105043.5 49.4
1555105053.51 49.4
1555105063.53 49.4
1555105073.55 48.9
1555105083.57 48.3
1555105093.58 49.4
1555105103.6 48.9
1555105113.61 48.3
1555105123.63 49.4
1555105133.65 49.4
1555105143.67 48.3
1555105153.68 48.3
1555105163.71 49.4
1555105173.73 48.3
1555105183.75 49.4
1555105193.77 49.4
1555105203.79 48.3
1555105213.8 48.9
1555105223.82 48.3
1555105233.83 48.3
1555105243.85 48.3
1555105253.86 49.4
1555105263.88 48.3
1555105273.89 48.3
1555105283.91 48.9
1555105293.93 49.4
1555105303.94 48.3
1555105313.96 48.9
1555105323.98 49.4
1555105333.99 49.4
1555105344.01 48.9
1555105354.02 48.9
1555105364.04 48.3
1555105374.05 49.4
1555105421.8 48.3
1555105431.82 48.3
1555105441.84 48.3
1555105451.86 49.4
1555105461.87 48.3
1555105471.89 48.9
1555105481.99 48.3
1555105492.02 49.4
1555105502.03 49.4
1555105512.05 48.9
1555105522.06 49.4
1555105532.08 48.3
1555105542.09 49.4
1555105552.1 49.4
1555105562.12 48.3
1555105572.13 49.4
1555105582.15 48.9
1555105592.16 49.4
1555105602.17 48.9
1555105612.19 48.9
1555105622.21 48.9
1555105632.23 49.4
1555105642.24 49.4
1555105652.26 49.4
1555105662.27 49.4
1555105672.28 48.9
1555105682.3 48.9
1555105692.31 48.9
1555105702.33 48.9
1555105712.35 48.3
1555105722.36 48.9
1555105732.38 48.3
1555105742.4 49.4
1555105752.42 49.4
1555105762.44 48.9
1555105772.46 49.4
1555105782.47 49.4
1555105792.49 49.4
1555105802.51 49.4
1555105812.52 48.9
1555105822.54 49.4
1555105832.56 49.4
1555105842.57 48.3
1555105852.58 48.3
1555105862.6 48.9
1555105872.62 48.3
1555105882.64 48.3
1555105892.66 48.3
1555105902.67 48.3
1555105912.69 47.8
1555105922.71 47.2
1555105932.73 48.3
1555105942.74 47.2
1555105952.76 48.3
1555105962.78 47.2
1555105972.8 47.8
1555105982.81 47.8
1555105992.83 48.3
1555106002.85 47.8
1555106012.87 47.8
1555106022.89 47.2
1555106032.9 47.2
1555106042.92 47.2
1555106052.95 48.3
1555106062.97 48.3
1555106072.98 48.3
1555106083.0 48.3
1555106093.02 47.2
1555106103.03 48.3
1555106113.05 47.8
1555106123.07 48.3
1555106133.09 47.8
1555106143.1 48.3
1555106153.12 48.3
1555106163.14 48.3
1555106173.16 47.8
1555106183.17 48.3
1555106193.19 48.9
1555106203.2 48.3
1555106213.22 48.3
1555106223.24 48.3
1555106233.26 47.2
1555106243.28 47.8
1555106253.3 47.2
1555106263.32 47.8
1555106273.34 48.3
1555106283.35 48.3
1555106293.36 47.8
1555106303.38 47.8
1555106313.4 47.8
1555106323.41 47.2
1555106333.42 47.8
1555106343.44 48.3
1555106353.46 48.3
1555106363.48 47.8
1555106373.5 47.8
1555106383.52 47.8
1555106393.53 47.8
1555106403.54 47.2
1555106413.56 47.8
1555106423.58 47.2
1555106433.59 47.8
1555106443.6 47.8
1555106453.62 47.2
1555106463.63 47.2
1555106473.65 47.8
1555106483.67 47.8
1555106493.68 47.8
1555106503.7 47.2
1555106513.71 47.2
1555106523.73 47.2
1555106533.75 47.8
1555106543.76 47.8
1555106553.78 47.2
1555106563.79 47.8
1555106573.81 47.2
1555106583.83 47.8
1555106593.84 48.3
1555106603.86 48.3
1555106613.87 48.3
1555106623.89 48.3
1555106633.9 48.3
1555106643.91 47.8
1555106653.93 48.3
1555106663.95 47.8
1555106673.96 48.3
1555106683.98 48.3
1555106694.0 48.9
1555106704.01 48.3
1555106714.03 48.3
1555106724.04 48.3
1555106734.05 48.9
1555106744.07 49.4
1555106754.08 49.4
1555106764.1 48.9
1555106774.11 49.4
1555106784.13 49.4
1555106794.14 48.9
1555106804.16 48.3
1555106814.17 48.9
1555106824.18 49.4
1555106834.2 48.9
1555106844.21 48.3
1555106854.23 48.9
1555106864.24 49.4
1555106874.26 48.9
1555106884.27 49.4
1555106894.29 49.4
1555106904.3 49.4
1555106914.32 48.3
1555106924.34 48.3
1555106934.35 49.4
1555106944.37 47.8
1555106954.39 48.9
1555106964.41 48.3
1555106974.42 49.4
1555106984.44 48.3
1555106994.45 48.3
1555107004.47 48.3
1555107014.49 48.3
1555107024.51 48.9
1555107034.52 49.4
1555107044.54 48.3
1555107054.55 48.9
1555107064.57 48.9
1555107074.59 47.8
1555107084.6 47.8
1555107094.62 48.3
1555107104.64 48.3
1555107114.66 48.9
1555107124.68 48.3
1555107134.69 48.9
1555107144.71 49.4
1555107154.73 48.3
1555107164.74 48.9
1555107174.75 48.9
1555107184.77 48.3
1555107194.78 48.3
1555107204.79 48.3
1555107214.81 49.4
1555107224.82 48.9
1555107234.84 48.9
1555107244.86 49.4
1555107254.87 48.3
1555107264.89 48.3
1555107274.9 48.9
1555107284.91 49.4
1555107294.93 49.4
1555107304.94 48.3
1555107314.96 48.3
1555107324.98 48.9
1555107334.99 49.4
1555107345.0 48.3
1555107355.01 48.3
1555107365.03 48.3
1555107375.04 48.9
1555107385.06 47.8
1555107395.08 47.8
1555107405.09 48.3
1555107415.11 48.3
1555107425.13 48.3
1555107435.15 48.3
1555107445.18 48.3
1555107455.19 48.9
1555107465.21 48.3
1555107475.23 48.3
1555107485.25 48.3
1555107495.27 48.3
1555107505.28 48.3
1555107515.3 48.3
1555107525.31 48.9
1555107535.33 48.9
1555107545.35 48.9
1555107555.36 48.3
1555107565.38 48.9
1555107575.39 49.4
1555107585.41 48.9
1555107595.42 48.9
1555107605.44 48.9
1555107615.46 48.3
1555107625.47 48.9
1555107635.49 48.9
1555107645.51 49.4
1555107655.53 49.4
1555107665.55 48.9
1555107675.56 49.4
1555107685.58 49.4
1555107695.6 48.3
1555107705.62 49.4
1555107715.64 49.4
1555107725.65 49.4
1555107735.67 48.3
1555107745.69 49.4
1555107755.71 49.4
1555107765.72 49.4
1555107775.74 48.3
1555107785.77 49.4
1555107795.78 49.4
1555107805.8 48.3
1555107815.82 48.9
1555107825.84 48.3
1555107835.86 48.3
1555107845.88 48.9
1555107855.9 48.3
1555107865.91 48.3
1555107875.93 48.3
1555107885.94 48.9
1555107895.96 48.9
1555107905.98 48.3
1555107915.99 48.3
1555107926.01 48.9
1555107936.03 48.3
1555107946.04 49.4
1555107956.06 48.3
1555107966.07 49.4
1555107976.09 48.9
1555107986.11 48.3
1555107996.12 48.9
1555108006.14 48.3
1555108016.15 49.4
1555108026.17 48.9
1555108036.19 48.9
1555108046.21 48.3
1555108056.23 49.4
1555108066.24 48.9
1555108076.25 48.9
1555108086.27 49.4
1555108096.28 48.3
1555108106.3 49.4
1555108116.32 48.9
1555108126.33 49.4
1555108136.34 48.3
1555108146.36 48.9
1555108156.37 48.3
1555108166.39 48.3
1555108176.4 48.9
1555108186.41 48.9
1555108196.42 48.3
1555108206.44 48.9
1555108216.45 48.3
1555108226.46 48.3
1555108236.47 48.3
1555108246.49 48.3
1555108256.5 48.9
1555108266.52 48.3
1555108276.54 48.3
1555108286.55 48.9
1555108296.56 48.3
1555108306.58 48.9
1555108316.59 48.9
1555108326.6 48.3
1555108336.61 49.4
1555108346.63 49.4
1555108356.64 48.3
1555108366.66 48.3
1555108376.67 49.4
1555108386.69 48.9
1555108396.7 48.3
1555108406.72 48.3
1555108416.74 48.3
1555108426.75 48.3
1555108436.77 48.3
1555108446.79 48.3
1555108456.81 48.3
1555108466.82 48.9
1555108476.84 48.3
1555108486.86 47.2
1555108496.87 47.8
1555108506.89 48.3
1555108516.9 48.3
1555108526.92 47.8
1555108536.94 48.3
1555108546.96 48.3
1555108556.97 48.9
1555108566.99 48.3
1555108577.0 48.3
1555108587.02 48.3
1555108597.05 48.3
1555108607.07 48.3
1555108617.08 48.3
1555108627.1 48.3
1555108637.11 48.9
1555108647.13 48.3
1555108657.14 48.3
1555108667.16 48.3
1555108677.18 47.8
1555108687.19 48.3
1555108697.21 48.3
1555108707.23 48.3
1555108717.24 48.3
1555108727.26 47.8
1555108737.27 47.2
1555108747.29 47.8
1555108757.31 48.3
1555108767.33 48.3
1555108777.34 48.3
1555108787.37 48.3
1555108797.38 48.3
1555108807.41 48.3
1555108817.42 48.3
1555108827.43 48.3
1555108837.46 47.8
1555108847.47 47.8
1555108857.49 47.8
1555108867.51 47.8
1555108877.52 47.8
1555108887.54 47.8
1555108897.55 47.2
1555108907.56 47.8
1555108917.58 47.8
1555108927.59 48.3
1555108937.61 47.8
1555108947.63 47.8
1555108957.64 48.3
1555108967.66 47.8
1555108977.67 47.2
1555108987.7 48.3
1555108997.72 47.2
1555109007.73 48.3
1555109017.75 47.8
1555109027.77 47.8
1555109037.78 48.3
1555109047.8 48.3
1555109057.82 47.8
1555109067.84 47.8
1555109077.85 48.3
1555109087.87 47.8
1555109097.89 47.8
1555109107.9 47.8
1555109117.92 48.3
1555109127.93 47.8
1555109137.94 47.8
1555109147.96 47.8
1555109157.98 47.8
1555109167.99 47.8
1555109178.01 48.3
1555109188.03 48.3
1555109198.04 47.8
1555109208.05 47.8
1555109218.07 48.3
1555109228.09 47.8
1555109238.11 47.8
1555109248.13 48.3
1555109258.15 47.8
1555109268.17 48.3
1555109278.18 48.3
1555109288.2 47.8
1555109298.21 48.3
1555109308.23 47.8
1555109318.25 48.3
1555109328.27 47.2
1555109338.29 48.3
1555109348.3 48.3
1555109358.31 47.8
1555109368.33 47.2
1555109378.35 47.8
1555109388.36 47.2
1555109398.37 47.2
1555109408.39 47.2
1555109418.41 47.8
1555109428.42 48.3
1555109438.48 47.8
1555109448.49 47.8
1555109458.51 47.8
1555109468.52 47.8
1555109478.54 47.8
1555109488.56 47.8
1555109498.57 48.3
1555109508.58 48.3
1555109518.6 47.8
1555109528.63 48.3
1555109538.64 48.3
1555109548.66 47.8
1555109558.69 47.8
1555109568.7 48.3
1555109578.72 48.3
1555109588.73 47.2
1555109598.75 48.3
1555109608.77 47.8
1555109618.79 47.8
1555109628.8 48.3
1555109638.82 47.8
1555109648.84 47.8
1555109658.87 47.8
1555109668.88 47.8
1555109678.9 48.3
1555109688.91 48.3
1555109698.92 47.8
1555109708.93 48.9
1555109718.95 48.3
1555109728.96 47.8
1555109738.98 48.3
1555109748.99 48.3
1555109759.01 48.3
1555109769.03 47.8
1555109779.04 48.3
1555109789.05 48.3
1555109799.06 48.9
1555109809.08 48.3
1555109819.1 47.8
1555109829.11 48.3
1555109839.12 48.9
1555109849.13 47.8
1555109859.15 48.3
1555109869.16 48.3
1555109879.17 48.3
1555109889.19 48.9
1555109899.2 48.9
1555109909.21 48.3
1555109919.22 48.3
1555109929.23 48.9
1555109939.25 48.3
1555109949.26 48.3
1555109959.28 48.3
1555109969.3 48.3
1555109979.31 48.3
1555109989.33 48.3
1555109999.34 48.3
