1555200005.03 56.9
1555200015.05 54.8
1555200025.07 54.2
1555200035.09 54.2
1555200045.11 54.8
1555200055.13 55.3
1555200065.14 55.3
1555200075.16 54.2
1555200085.18 54.8
1555200095.19 54.8
1555200105.21 54.8
1555200115.23 54.8
1555200125.24 54.8
1555200135.26 54.8
1555200145.27 54.2
1555200155.29 54.8
1555200165.31 53.7
1555200175.33 54.2
1555200185.34 54.8
1555200195.36 53.7
1555200205.37 54.2
1555200215.38 54.8
1555200225.4 53.7
1555200235.42 54.2
1555200245.43 53.7
1555200255.45 53.7
1555200265.46 53.7
1555200275.48 53.7
1555200285.5 53.2
1555200295.51 54.2
1555200305.53 53.7
1555200315.54 54.2
1555200325.56 54.2
1555200335.57 53.7
1555200345.59 53.7
1555200355.6 54.2
1555200365.62 53.7
1555200375.64 54.2
1555200385.65 54.2
1555200395.67 53.7
1555200405.69 53.2
1555200415.71 53.2
1555200425.72 53.7
1555200435.74 53.7
1555200445.76 53.7
1555200455.78 52.6
1555200465.79 52.6
1555200475.81 52.1
1555200485.83 53.7
1555200495.85 53.2
1555200505.86 53.2
1555200515.87 53.7
1555200525.89 53.2
1555200535.91 53.2
1555200545.93 53.2
1555200555.95 52.6
1555200565.97 52.6
1555200575.99 52.6
1555200586.01 52.6
1555200596.02 53.2
1555200606.04 52.6
1555200616.06 53.7
1555200626.07 53.7
1555200636.09 53.2
1555200646.11 53.7
1555200656.13 53.7
1555200666.15 52.6
1555200676.16 53.7
1555200686.17 53.7
1555200696.19 53.7
1555200706.21 53.7
1555200716.23 53.2
1555200726.25 53.2
1555200736.27 53.7
1555200746.29 52.6
1555200756.31 52.6
1555200766.32 53.2
1555200776.35 53.2
1555200786.37 52.6
1555200796.38 52.6
1555200806.4 52.6
1555200816.43 52.6
1555200826.44 53.2
1555200836.45 53.2
1555200846.47 53.2
1555200856.49 52.6
1555200866.5 53.2
1555200876.52 53.7
1555200886.53 53.2
1555200896.55 52.6
1555200906.57 53.2
1555200916.6 52.6
1555200926.61 53.7
1555200936.64 52.6
1555200946.66 52.6
1555200956.68 53.7
1555200966.7 53.7
1555200976.71 53.2
1555200986.73 53.7
1555200996.74 53.7
1555201006.76 53.7
1555201016.78 52.6
1555201026.8 52.6
1555201036.81 52.6
1555201046.82 53.7
1555201056.84 53.7
1555201066.86 53.7
1555201076.87 53.7
1555201086.89 53.2
1555201096.91 53.7
1555201106.92 53.7
1555201116.94 53.7
1555201126.96 53.7
1555201136.98 54.2
1555201146.99 53.7
1555201157.01 53.7
1555201167.03 53.7
1555201177.04 54.2
1555201187.06 52.6
1555201197.07 53.7
1555201207.1 53.7
1555201217.12 54.2
1555201227.14 53.7
1555201237.16 53.7
1555201247.19 53.7
1555201257.2 53.7
1555201267.22 53.7
1555201277.25 53.7
1555201287.26 53.7
1555201297.28 53.7
1555201307.3 53.7
1555201317.31 53.7
1555201327.33 53.2
1555201337.34 53.7
1555201347.36 53.7
1555201357.38 53.2
1555201367.39 53.7
1555201377.41 53.2
1555201387.43 53.7
1555201397.45 53.7
1555201407.46 53.7
1555201417.48 54.2
1555201427.5 53.7
1555201437.51 53.7
1555201447.52 53.7
1555201457.54 53.7
1555201467.55 53.7
1555201477.57 53.7
1555201487.58 53.7
1555201497.6 53.7
1555201507.62 53.2
1555201517.64 52.6
1555201527.66 53.7
1555201537.68 53.2
1555201547.7 53.2
1555201557.72 52.6
1555201567.74 53.7
1555201577.76 53.2
1555201587.79 52.6
1555201597.81 53.7
1555201607.83 53.7
1555201617.85 52.6
1555201627.87 53.2
1555201637.89 53.7
1555201647.9 53.7
1555201657.92 52.6
1555201667.94 52.6
1555201677.95 52.1
1555201687.96 52.6
1555201697.99 52.6
1555201708.01 53.2
1555201718.02 52.6
1555201728.04 52.6
1555201738.06 52.6
1555201748.08 52.6
1555201758.1 53.2
1555201768.13 53.2
1555201778.14 52.6
1555201788.16 52.6
1555201798.18 53.2
1555201808.19 52.6
1555201818.21 53.2
1555201828.22 53.2
1555201838.24 53.2
1555201848.25 53.7
1555201858.26 53.7
1555201868.28 53.2
1555201878.3 53.2
1555201888.31 53.7
1555201898.33 53.7
1555201908.36 53.2
1555201918.37 53.2
1555201928.39 53.7
1555201938.42 53.2
1555201948.44 53.7
1555201958.46 53.2
1555201968.48 52.6
1555201978.5 52.6
1555201988.51 53.7
1555201998.52 52.6
1555202008.54 53.2
1555202018.55 52.6
1555202028.57 52.6
1555202038.58 52.6
1555202048.6 53.7
1555202058.62 53.2
1555202068.64 53.2
1555202078.65 53.7
1555202088.67 53.7
1555202098.69 53.2
1555202108.71 53.2
1555202118.72 53.7
1555202128.73 53.7
1555202138.75 52.6
1555202148.76 52.6
1555202158.78 52.1
1555202168.8 53.7
1555202178.82 53.7
1555202188.83 53.2
1555202198.85 53.7
1555202208.87 53.7
1555202218.88 52.6
1555202228.92 52.6
1555202238.93 53.7
1555202248.95 53.7
1555202258.96 53.7
1555202268.97 53.7
1555202279.0 53.7
1555202289.01 54.2
1555202299.02 53.2
1555202309.04 53.7
1555202319.05 53.7
1555202329.06 53.7
1555202339.08 53.7
1555202349.1 53.7
1555202359.11 53.7
1555202369.14 53.7
1555202379.15 53.7
1555202389.16 53.7
1555202399.17 54.2
1555202409.19 53.7
1555202419.21 54.2
1555202429.23 53.7
1555202439.25 53.7
1555202449.26 54.2
1555202459.27 53.7
1555202469.29 53.7
1555202479.3 54.2
1555202489.31 53.7
1555202499.33 53.7
1555202509.34 54.2
1555202519.36 54.2
1555202529.38 53.7
1555202539.4 53.7
1555202549.41 54.8
1555202559.43 54.2
1555202569.45 53.7
1555202579.46 53.7
1555202589.48 53.7
1555202599.5 53.7
1555202609.51 53.7
1555202619.53 53.2
1555202629.55 53.7
1555202639.56 54.2
1555202649.58 53.7
1555202659.59 53.7
1555202669.61 53.7
1555202679.63 53.7
1555202689.64 53.7
1555202699.66 53.7
1555202709.68 53.7
1555202719.69 53.7
1555202729.71 53.7
1555202739.73 54.2
1555202749.74 53.7
1555202759.76 54.2
1555202769.77 54.2
1555202779.79 53.7
1555202789.8 53.7
1555202799.82 53.7
1555202809.84 53.7
1555202819.86 53.7
1555202829.89 53.2
1555202839.9 53.7
1555202849.92 53.7
1555202859.93 53.7
1555202869.95 53.7
1555202879.97 54.2
1555202889.99 53.7
1555202900.0 54.2
1555202910.02 53.7
1555202920.03 54.2
1555202930.05 53.7
1555202940.06 53.7
1555202950.08 54.2
1555202960.09 53.7
1555202970.1 53.7
1555202980.12 54.2
1555202990.13 53.2
1555203000.15 53.7
1555203010.16 54.2
1555203020.18 53.2
1555203030.2 53.7
1555203040.22 53.7
1555203050.24 53.7
1555203060.26 52.6
1555203070.27 53.7
1555203080.29 53.7
1555203090.31 53.7
1555203100.32 53.7
1555203110.34 53.7
1555203120.35 53.7
1555203130.37 53.7
1555203140.39 53.7
1555203150.41 53.2
1555203160.43 53.7
1555203170.44 53.7
1555203180.45 53.2
1555203190.47 53.2
1555203200.49 53.2
1555203210.51 53.2
1555203220.52 53.2
1555203230.54 52.6
1555203240.56 52.6
1555203250.58 52.6
1555203260.6 53.2
1555203270.62 53.2
1555203280.64 52.6
1555203290.65 52.6
1555203300.67 52.6
1555203310.69 52.6
1555203320.71 52.1
1555203330.73 53.2
1555203340.74 53.2
1555203350.76 51.5
1555203360.78 52.1
1555203370.8 52.6
1555203380.83 52.6
1555203390.84 52.1
1555203400.86 52.6
1555203410.88 52.1
1555203420.9 53.2
1555203430.91 52.6
1555203440.93 52.1
1555203450.96 52.1
1555203460.98 52.6
1555203471.0 52.6
1555203481.01 52.6
1555203491.03 52.1
1555203501.06 52.6
1555203511.07 53.2
1555203521.09 52.6
1555203531.11 52.6
1555203541.13 53.2
1555203551.15 52.6
1555203561.16 52.1
1555203571.18 52.6
1555203581.2 53.2
1555203591.21 53.2
1555203601.23 52.6
1555203611.25 53.2
1555203621.27 52.6
1555203631.29 53.2
1555203641.31 53.2
1555203651.34 53.2
1555203661.36 52.6
1555203671.37 53.7
1555203681.39 53.7
1555203691.41 53.7
1555203701.43 53.7
1555203711.44 53.2
1555203721.46 52.6
1555203731.48 53.7
1555203741.5 52.1
1555203751.51 52.6
1555203761.53 53.2
1555203771.54 53.7
1555203781.57 53.2
1555203791.58 52.6
1555203801.6 52.6
1555203811.62 52.1
1555203821.64 52.1
1555203831.66 52.6
1555203841.68 52.6
1555203851.7 52.1
1555203861.71 53.2
1555203871.73 52.6
1555203881.75 53.2
1555203891.76 53.2
1555203901.78 53.2
1555203911.8 52.6
1555203921.81 52.1
1555203931.83 52.1
1555203941.86 52.1
1555203951.87 52.6
1555203961.88 53.2
1555203971.9 52.6
1555203981.91 52.6
1555203991.93 53.2
1555204001.94 52.1
1555204011.96 52.6
1555204021.97 53.2
1555204031.99 53.2
1555204042.0 53.2
1555204052.01 53.2
1555204062.03 53.2
1555204072.05 53.2
1555204082.07 52.1
1555204092.08 52.6
1555204102.1 53.2
1555204112.12 52.6
1555204122.14 52.6
1555204132.15 52.1
1555204142.17 52.6
1555204152.18 53.2
1555204162.2 53.7
1555204172.21 52.6
1555204182.23 52.1
1555204192.25 52.6
1555204202.28 52.6
1555204212.29 52.6
1555204222.31 52.6
1555204232.32 53.2
1555204242.34 53.7
1555204252.36 53.7
1555204262.37 53.7
1555204272.38 53.7
1555204282.4 52.6
1555204292.42 53.2
1555204302.43 52.6
1555204312.46 53.2
1555204322.48 53.7
1555204332.5 52.6
1555204342.51 53.7
1555204352.53 53.2
1555204362.54 52.6
1555204372.57 53.2
1555204382.58 53.2
1555204392.6 53.7
1555204402.61 53.2
1555204412.62 52.6
1555204422.64 53.7
1555204432.65 53.7
1555204442.66 52.6
1555204452.67 53.7
1555204462.68 53.7
1555204472.7 54.2
1555204482.71 54.2
1555204492.73 53.2
1555204502.74 53.7
1555204512.76 53.2
1555204522.77 53.2
1555204532.79 53.7
1555204542.81 53.7
1555204552.82 53.7
1555204562.83 53.7
1555204572.85 53.7
1555204582.87 53.2
1555204592.89 52.6
1555204602.9 52.6
1555204612.91 53.7
1555204622.93 53.7
1555204632.94 52.6
1555204642.96 52.1
1555204652.98 51.5
1555204662.99 52.1
1555204673.01 52.6
1555204683.02 53.2
1555204693.04 53.7
1555204703.05 52.6
1555204713.07 52.6
1555204723.09 52.6
1555204733.1 53.7
1555204743.12 52.1
1555204753.14 52.1
1555204763.15 52.1
1555204773.17 52.6
1555204783.18 52.6
1555204793.2 52.6
1555204803.22 53.7
1555204813.24 52.6
1555204823.25 53.7
1555204833.28 52.6
1555204843.29 52.1
1555204853.31 53.7
1555204863.32 52.6
1555204873.34 53.2
1555204883.36 52.6
1555204893.37 53.2
1555204903.39 53.7
1555204913.41 53.2
1555204923.42 53.2
1555204933.43 53.2
1555204943.45 52.6
1555204953.47 52.6
1555204963.49 53.7
1555204973.5 53.2
1555204983.51 53.7
1555204993.53 53.2
1555205003.54 53.7
1555205013.57 53.7
1555205023.58 53.7
1555205033.59 53.2
1555205043.6 53.2
1555205053.62 53.7
1555205063.63 53.7
1555205073.65 53.7
1555205083.66 53.7
1555205093.67 53.7
1555205103.69 52.6
1555205113.7 53.2
1555205123.71 53.7
1555205133.73 53.2
1555205143.74 53.7
1555205153.75 53.7
1555205163.76 52.6
1555205173.78 53.2
1555205183.8 53.7
1555205193.81 53.7
1555205203.82 53.7
1555205213.84 53.7
1555205223.85 52.6
1555205233.87 53.7
1555205243.89 53.7
1555205253.91 52.6
1555205263.93 52.1
1555205273.95 52.6
1555205283.97 53.2
1555205293.99 53.2
1555205304.0 52.6
1555205314.03 52.6
1555205324.04 53.7
1555205334.06 53.7
1555205344.08 53.2
1555205354.1 53.7
1555205364.11 52.6
1555205374.13 52.6
1555205384.14 52.6
1555205394.16 52.1
1555205404.17 53.2
1555205414.19 52.6
1555205424.2 52.1
1555205434.23 52.6
1555205444.24 52.6
1555205454.25 52.1
1555205464.26 52.6
1555205474.28 52.1
1555205484.3 52.1
1555205494.31 52.1
1555205504.33 53.2
1555205514.34 52.6
1555205524.36 52.6
1555205534.37 52.1
1555205544.39 52.6
1555205554.41 52.6
1555205564.42 52.1
1555205574.44 52.1
1555205584.46 52.6
1555205594.48 52.1
1555205604.49 52.6
1555205614.51 52.6
1555205624.53 52.1
1555205634.55 52.6
1555205644.57 52.6
1555205654.58 53.2
1555205664.6 53.2
1555205674.62 52.6
1555205684.64 51.5
1555205694.65 52.6
1555205704.66 52.1
1555205714.68 52.1
1555205724.7 52.6
1555205734.72 52.6
1555205744.74 52.6
1555205754.76 53.2
1555205764.78 52.6
1555205774.8 52.6
1555205784.82 52.6
1555205794.84 51.5
1555205804.85 51.5
1555205814.87 52.1
1555205824.89 52.6
1555205834.9 53.2
1555205844.92 52.6
1555205854.94 52.6
1555205864.96 52.1
1555205874.97 51.5
1555205884.99 51.5
1555205895.01 52.6
1555205905.03 51.5
1555205915.05 52.1
1555205925.07 52.1
1555205935.09 52.1
1555205945.12 52.1
1555205955.13 52.6
1555205965.15 51.5
1555205975.18 52.6
1555205985.2 52.1
1555205995.22 52.1
1555206005.23 51.5
1555206015.25 52.6
1555206025.27 52.6
1555206035.3 52.1
1555206045.31 52.1
1555206055.33 51.5
1555206065.35 51.0
1555206075.37 50.5
1555206085.4 50.5
1555206095.41 51.5
1555206105.43 51.5
1555206115.45 51.5
1555206125.47 51.5
1555206135.48 51.5
1555206145.49 51.0
1555206155.51 52.1
1555206165.53 51.0
1555206175.55 51.0
1555206185.56 51.5
1555206195.58 50.5
1555206205.6 51.0
1555206215.62 51.5
1555206225.65 51.5
1555206235.66 51.0
1555206245.68 51.0
1555206255.7 51.5
1555206265.72 51.5
1555206275.74 51.0
1555206285.76 51.5
1555206295.78 51.5
1555206305.79 51.5
1555206315.81 51.5
1555206325.83 52.6
1555206335.84 51.5
1555206345.87 51.5
1555206355.89 51.5
1555206365.91 50.5
1555206375.93 51.5
1555206385.94 51.5
1555206395.96 51.0
1555206405.98 51.5
1555206416.0 51.5
1555206426.02 51.0
1555206436.04 51.5
1555206446.06 51.5
1555206456.08 51.5
1555206466.09 51.5
1555206476.11 51.5
1555206486.14 51.5
1555206496.16 50.5
1555206506.18 50.5
1555206516.2 49.9
1555206526.22 50.5
1555206536.24 51.5
1555206546.25 51.5
1555206556.27 51.0
1555206566.29 51.0
1555206576.31 51.5
1555206586.33 51.0
1555206596.35 51.5
1555206606.36 51.5
1555206616.38 51.5
1555206626.4 51.0
1555206636.42 51.0
1555206646.43 51.5
1555206656.45 52.1
1555206666.47 51.5
1555206676.49 50.5
1555206686.53 51.5
1555206696.55 51.5
1555206706.56 51.5
1555206716.58 52.1
1555206726.6 52.1
1555206736.62 51.5
1555206746.63 51.5
1555206756.65 52.1
1555206766.66 51.5
1555206776.68 51.5
1555206786.71 51.5
1555206796.72 52.1
1555206806.74 52.6
1555206816.75 52.1
1555206826.77 52.1
1555206836.78 52.6
1555206846.8 52.1
1555206856.82 52.6
1555206866.84 52.1
1555206876.85 52.1
1555206886.87 52.1
1555206896.88 52.1
1555206906.9 52.6
1555206916.91 52.6
1555206926.93 52.1
1555206936.94 52.6
1555206946.95 52.6
1555206956.98 52.1
1555206966.99 52.6
1555206977.01 52.6
1555206987.02 52.1
1555206997.04 52.6
1555207007.05 52.6
1555207017.06 52.6
1555207027.07 53.2
1555207037.09 53.2
1555207047.1 53.2
1555207057.13 53.2
1555207067.14 53.7
1555207077.16 53.7
1555207087.17 53.2
1555207097.18 53.7
1555207107.2 53.7
1555207117.22 53.7
1555207127.23 53.7
1555207137.25 53.2
1555207147.26 53.7
1555207157.28 52.6
1555207167.29 53.7
1555207177.31 52.1
1555207187.33 52.6
1555207197.34 52.1
1555207207.36 52.6
1555207217.38 52.1
1555207227.39 51.5
1555207237.41 52.6
1555207247.42 52.6
1555207257.44 52.1
1555207267.46 52.1
1555207277.48 52.6
1555207287.5 52.1
1555207297.51 52.6
1555207307.52 52.6
1555207317.54 52.1
1555207327.56 52.6
1555207337.57 53.2
1555207347.59 52.1
1555207357.61 52.6
1555207367.63 52.6
1555207377.65 52.6
1555207387.66 52.6
1555207397.68 52.6
1555207407.7 52.1
1555207417.72 52.1
1555207427.74 52.6
1555207437.76 52.1
1555207447.78 52.1
1555207457.8 52.1
1555207467.81 52.1
1555207477.83 52.6
1555207487.85 52.1
1555207497.87 52.6
1555207507.89 52.1
1555207517.9 52.1
1555207527.92 52.6
1555207537.94 52.1
1555207547.96 52.1
1555207557.97 52.6
1555207567.99 52.6
1555207578.01 52.6
1555207588.02 52.1
1555207598.05 52.6
1555207608.06 52.6
1555207618.08 53.2
1555207628.09 52.6
1555207638.1 52.1
1555207648.12 52.6
1555207658.14 52.1
1555207668.15 52.6
1555207678.17 52.6
1555207688.19 53.2
1555207698.2 52.1
1555207708.22 52.1
1555207718.24 52.6
1555207728.25 52.6
1555207738.27 52.6
1555207748.28 52.6
1555207758.3 51.5
1555207768.32 52.1
1555207778.34 51.5
1555207788.36 51.5
1555207798.37 51.5
1555207808.39 52.6
1555207818.41 51.0
1555207828.43 51.0
1555207838.44 52.1
1555207848.46 51.5
1555207858.48 50.5
1555207868.49 52.1
1555207878.51 51.5
1555207888.53 51.5
1555207898.55 50.5
1555207908.57 51.0
1555207918.58 51.5
1555207928.6 51.0
1555207938.62 51.0
1555207948.64 50.5
1555207958.66 51.5
1555207968.68 51.0
1555207978.69 51.0
1555207988.71 50.5
1555207998.73 50.5
1555208008.75 50.5
1555208018.78 50.5
1555208028.79 50.5
1555208038.81 50.5
1555208048.83 50.5
1555208058.85 50.5
1555208068.87 50.5
1555208078.88 51.0
1555208088.89 51.0
1555208098.91 50.5
1555208108.93 49.9
1555208118.95 50.5
1555208128.97 50.5
1555208138.98 49.9
1555208149.0 50.5
1555208159.02 51.0
1555208169.04 49.9
1555208179.06 50.5
1555208189.08 49.9
1555208199.1 50.5
1555208209.11 49.9
1555208219.14 50.5
1555208229.15 50.5
1555208239.17 51.5
1555208249.18 50.5
1555208259.2 51.0
1555208269.22 49.9
1555208279.24 51.0
1555208289.26 51.5
1555208299.28 50.5
1555208309.29 50.5
1555208319.31 51.0
1555208329.32 51.0
1555208339.34 50.5
1555208349.36 50.5
1555208359.38 50.5
1555208369.39 51.5
1555208379.41 50.5
1555208389.42 51.0
1555208399.44 52.1
1555208409.45 51.0
1555208419.47 51.0
1555208429.48 51.5
1555208439.5 49.9
1555208449.52 50.5
1555208459.54 50.5
1555208469.55 51.0
1555208479.57 50.5
1555208489.59 51.5
1555208499.6 50.5
1555208509.61 51.5
1555208519.63 50.5
1555208529.64 50.5
1555208539.66 51.5
1555208549.68 50.5
1555208559.69 51.0
1555208569.71 51.5
1555208579.72 50.5
1555208589.73 50.5
1555208599.75 51.0
1555208609.77 49.9
1555208619.78 50.5
1555208629.79 50.5
1555208639.81 50.5
1555208649.83 50.5
1555208659.86 51.0
1555208669.88 51.0
1555208679.89 51.0
1555208689.91 50.5
1555208699.93 50.5
1555208709.96 50.5
1555208719.98 50.5
1555208730.0 50.5
1555208740.02 50.5
1555208750.05 50.5
1555208760.07 51.5
1555208770.08 50.5
1555208780.1 50.5
1555208790.11 50.5
1555208800.14 50.5
1555208810.15 50.5
1555208820.17 50.5
1555208830.18 50.5
1555208840.2 51.5
1555208850.21 50.5
1555208860.24 50.5
1555208870.25 50.5
1555208880.28 49.4
1555208890.3 51.0
1555208900.31 51.5
1555208910.32 51.0
1555208920.33 50.5
1555208930.35 50.5
1555208940.37 50.5
1555208950.39 50.5
1555208960.41 50.5
1555208970.42 50.5
1555208980.44 49.9
1555208990.45 49.4
1555209000.47 50.5
1555209010.5 49.4
1555209020.52 49.4
1555209030.53 49.9
1555209040.55 50.5
1555209050.56 49.9
1555209060.58 50.5
1555209070.6 49.9
1555209080.62 49.9
1555209090.64 49.4
1555209100.66 49.4
1555209110.68 49.9
1555209120.7 50.5
1555209130.71 50.5
1555209140.73 49.9
1555209150.75 50.5
1555209160.76 49.4
1555209170.78 49.4
1555209180.8 49.4
1555209190.82 49.9
1555209200.84 50.5
1555209210.86 50.5
1555209220.87 49.4
1555209230.89 50.5
1555209240.9 50.5
1555209250.91 51.0
1555209260.93 49.9
1555209270.96 49.4
1555209280.98 50.5
1555209290.99 49.4
1555209301.01 50.5
1555209311.03 50.5
1555209321.04 49.9
1555209331.06 49.9
1555209341.09 49.9
1555209351.11 50.5
1555209361.13 49.9
1555209371.14 50.5
1555209381.16 50.5
1555209391.18 51.0
1555209401.2 49.4
1555209411.22 49.4
1555209421.24 51.0
1555209431.25 50.5
1555209441.27 51.0
1555209451.29 49.9
1555209461.3 51.5
1555209471.32 50.5
1555209481.34 50.5
1555209491.35 51.5
1555209501.37 50.5
1555209511.39 49.9
1555209521.41 49.9
1555209531.44 49.9
1555209541.45 50.5
1555209551.46 50.5
1555209561.47 50.5
1555209571.49 50.5
1555209581.51 50.5
1555209591.53 50.5
1555209601.54 50.5
1555209611.55 51.0
1555209621.57 51.5
1555209631.58 50.5
1555209641.59 51.5
1555209651.6 51.0
1555209661.62 51.0
1555209671.63 50.5
1555209681.64 51.0
1555209691.66 50.5
1555209701.67 51.0
1555209711.69 50.5
1555209721.71 51.0
1555209731.73 50.5
1555209741.74 51.5
1555209751.76 51.0
1555209761.78 50.5
1555209771.8 49.9
1555209781.82 51.0
1555209791.83 50.5
1555209801.85 51.0
1555209811.87 50.5
1555209821.89 49.4
1555209831.9 49.9
1555209841.92 50.5
1555209851.93 51.0
1555209861.95 51.0
1555209871.96 51.5
1555209881.98 50.5
1555209891.99 50.5
1555209902.02 50.5
1555209912.04 49.9
1555209922.06 49.9
1555209932.08 50.5
1555209942.1 50.5
1555209952.12 49.9
1555209962.14 49.9
1555209972.15 50.5
1555209982.17 49.9
1555209992.19 50.5
1555210002.21 49.9
1555210012.22 49.9
1555210022.23 49.9
1555210032.25 49.9
1555210042.27 49.9
1555210052.29 50.5
1555210062.31 49.4
1555210072.33 49.9
1555210082.35 49.9
1555210092.38 50.5
1555210102.4 49.9
1555210112.42 50.5
1555210122.44 49.9
1555210132.47 49.4
1555210142.49 50.5
1555210152.51 50.5
1555210162.53 49.4
1555210172.54 50.5
1555210182.56 50.5
1555210192.58 50.5
1555210202.6 50.5
1555210212.62 49.4
1555210222.63 49.9
1555210232.66 49.9
1555210242.68 49.4
1555210252.7 49.9
1555210262.72 49.9
1555210272.75 50.5
1555210282.77 49.9
1555210292.79 49.4
1555210302.81 50.5
1555210312.83 50.5
1555210322.85 50.5
1555210332.87 50.5
1555210342.89 49.4
1555210352.91 50.5
1555210362.93 49.4
1555210372.95 50.5
1555210382.96 49.9
1555210392.99 49.9
1555210403.01 51.0
1555210413.02 49.9
1555210423.04 49.9
1555210433.06 50.5
1555210443.08 49.9
1555210453.1 50.5
1555210463.12 50.5
1555210473.14 50.5
1555210483.15 49.9
1555210493.17 50.5
1555210503.19 51.5
1555210513.21 50.5
1555210523.23 49.9
1555210533.25 50.5
1555210543.27 50.5
1555210553.29 49.9
1555210563.31 51.0
1555210573.32 50.5
1555210583.33 50.5
1555210593.35 51.5
1555210603.36 49.9
1555210613.39 50.5
1555210623.41 50.5
1555210633.42 50.5
1555210643.44 50.5
1555210653.46 49.4
1555210663.47 50.5
1555210673.49 50.5
1555210683.51 50.5
1555210693.52 50.5
1555210703.53 51.0
1555210713.56 50.5
1555210723.57 51.5
1555210733.59 51.5
1555210743.6 51.5
1555210753.61 51.5
1555210763.63 51.5
1555210773.65 51.0
1555210783.67 51.0
1555210793.69 51.5
1555210803.71 51.5
1555210813.73 51.5
1555210823.75 51.5
1555210833.77 51.5
1555210843.79 50.5
1555210853.8 51.5
1555210863.82 51.5
1555210873.84 51.5
1555210883.86 50.5
1555210893.88 51.0
1555210903.89 51.0
1555210913.91 51.5
1555210923.92 52.1
1555210933.94 51.5
1555210943.96 50.5
1555210953.97 51.5
1555210963.99 50.5
1555210974.01 51.0
1555210984.02 51.5
1555210994.04 50.5
1555211004.06 51.0
1555211014.08 50.5
1555211024.09 49.9
1555211034.11 51.0
1555211044.12 50.5
1555211054.14 50.5
1555211064.16 50.5
1555211074.17 50.5
1555211084.19 50.5
1555211094.21 49.9
1555211104.24 50.5
1555211114.25 50.5
1555211124.27 51.5
1555211134.28 50.5
1555211144.31 51.0
1555211154.32 50.5
1555211164.34 51.5
1555211174.36 50.5
1555211184.37 51.5
1555211194.39 51.5
1555211204.4 51.5
1555211214.42 51.0
1555211224.44 50.5
1555211234.46 50.5
1555211244.48 51.0
1555211254.5 51.0
1555211264.52 50.5
1555211274.54 50.5
1555211284.55 50.5
1555211294.57 50.5
1555211304.59 50.5
1555211314.61 50.5
1555211324.63 50.5
1555211334.65 51.0
1555211344.67 50.5
1555211354.68 51.5
1555211364.7 51.5
1555211374.71 50.5
1555211384.73 50.5
1555211394.75 50.5
1555211404.76 51.5
1555211414.78 51.5
1555211424.8 50.5
1555211434.82 50.5
1555211444.84 50.5
1555211454.86 50.5
1555211464.88 51.5
1555211474.89 51.0
1555211484.91 51.5
1555211494.93 50.5
1555211504.94 50.5
1555211514.96 50.5
1555211524.99 50.5
1555211535.01 51.0
1555211545.03 51.0
1555211555.04 50.5
1555211565.06 51.5
1555211575.07 49.9
1555211585.09 50.5
1555211595.11 51.0
1555211605.13 50.5
1555211615.15 50.5
1555211625.16 49.9
1555211635.18 49.9
1555211645.19 51.5
1555211655.21 50.5
1555211665.23 49.9
1555211675.24 50.5
1555211685.26 49.9
1555211695.28 49.4
1555211705.29 49.4
1555211715.31 49.9
1555211725.32 49.9
1555211735.34 49.4
1555211745.36 49.9
1555211755.38 49.4
1555211765.41 49.4
1555211775.43 49.4
1555211785.45 49.4
1555211795.46 49.4
1555211805.48 49.9
1555211815.49 49.9
1555211825.51 49.9
1555211835.53 50.5
1555211845.55 49.4
1555211855.56 50.5
1555211865.58 49.4
1555211875.6 50.5
1555211885.62 49.4
1555211895.64 49.9
1555211905.67 49.4
1555211915.69 49.4
1555211925.7 49.4
1555211935.72 50.5
1555211945.73 50.5
1555211955.76 50.5
1555211965.78 49.9
1555211975.79 50.5
1555211985.81 49.4
1555211995.83 49.9
1555212005.87 49.9
1555212015.88 50.5
1555212025.9 50.5
1555212035.91 49.9
1555212045.93 50.5
1555212055.95 49.9
1555212065.97 49.9
1555212103.97 49.9
1555212113.99 49.4
1555212124.0 49.9
1555212134.02 49.4
1555212144.05 49.4
1555212154.06 49.9
1555212164.08 50.5
1555212174.09 49.4
1555212184.1 49.9
1555212194.12 49.4
1555212204.15 50.5
1555212214.17 49.4
1555212224.19 49.4
1555212234.21 50.5
1555212244.23 49.4
1555212254.25 49.4
1555212264.27 49.4
1555212274.29 49.4
1555212284.31 49.9
1555212294.33 49.4
1555212304.35 48.9
1555212314.37 49.4
1555212324.38 49.9
1555212334.4 49.4
1555212344.42 49.4
1555212354.44 49.9
1555212364.46 49.4
1555212374.49 49.4
1555212384.51 48.3
1555212394.53 49.4
1555212404.55 49.4
1555212414.57 48.3
1555212424.58 49.9
1555212434.6 49.9
1555212444.62 49.4
1555212454.64 50.5
1555212464.66 49.9
1555212474.68 49.4
1555212484.7 49.9
1555212494.72 49.9
1555212504.74 50.5
1555212514.75 50.5
1555212524.77 49.9
1555212534.79 49.4
1555212544.81 49.4
1555212554.83 49.4
1555212564.85 49.4
1555212574.86 49.4
1555212584.88 49.9
1555212594.9 49.4
1555212604.91 49.4
1555212614.94 49.4
1555212624.96 49.4
1555212634.98 49.4
1555212645.0 49.4
1555212655.01 49.4
1555212665.03 49.4
1555212675.06 49.4
1555212685.07 49.9
1555212695.09 49.4
1555212705.11 49.4
1555212715.14 49.4
1555212725.15 49.9
1555212735.16 50.5
1555212745.18 50.5
1555212755.19 49.4
1555212765.21 48.3
1555212775.23 49.4
1555212785.25 49.4
1555212795.27 49.4
1555212805.28 48.3
1555212815.3 49.4
1555212825.32 48.9
1555212835.34 48.3
1555212845.36 49.4
1555212855.37 49.4
1555212865.39 48.9
1555212875.41 49.4
1555212885.43 48.3
1555212895.44 49.4
1555212905.47 48.3
1555212915.49 49.4
1555212925.5 49.4
1555212935.52 49.4
1555212945.54 48.9
1555212955.56 49.4
1555212965.58 48.9
1555212975.6 49.4
1555212985.62 48.9
1555212995.64 48.3
1555213005.65 49.4
1555213015.67 48.9
1555213025.68 49.4
1555213035.71 48.9
1555213045.72 49.4
1555213055.74 49.4
1555213065.76 48.3
1555213075.78 48.9
1555213085.79 49.4
1555213095.81 49.4
1555213105.83 49.4
1555213115.86 49.4
1555213125.88 49.4
1555213135.89 49.4
1555213145.91 49.4
1555213155.93 48.9
1555213165.95 48.9
1555213175.97 49.4
1555213185.99 48.3
1555213196.01 48.9
1555213206.03 48.3
1555213216.05 49.4
1555213226.07 48.9
1555213236.09 48.3
1555213246.11 47.8
1555213256.13 47.8
1555213266.15 48.3
1555213276.17 48.3
1555213286.19 48.3
1555213296.21 48.3
1555213306.23 48.3
1555213316.24 49.4
1555213326.27 48.3
1555213336.29 48.3
1555213346.3 48.3
1555213356.31 48.3
1555213366.33 48.3
1555213376.35 48.3
1555213386.37 48.3
1555213396.39 48.3
1555213406.41 48.3
1555213416.43 48.3
1555213426.45 48.3
1555213436.47 47.8
1555213446.49 48.3
1555213456.51 48.3
1555213466.52 48.3
1555213476.54 47.8
1555213486.56 47.8
1555213496.58 47.8
1555213506.6 48.3
1555213516.62 47.8
1555213526.64 49.4
1555213536.66 48.3
1555213546.68 48.3
1555213556.7 48.3
1555213566.72 48.9
1555213576.74 48.3
1555213586.76 48.9
1555213596.78 48.9
1555213606.79 49.4
1555213616.81 48.3
1555213626.83 48.9
1555213636.85 49.4
1555213646.87 48.3
1555213656.88 48.3
1555213666.91 48.3
1555213676.92 47.8
1555213686.95 47.8
1555213696.96 49.4
1555213706.98 48.3
1555213717.0 48.3
1555213727.02 48.9
1555213737.04 48.9
1555213747.06 48.3
1555213757.08 48.9
1555213767.1 48.3
1555213777.12 48.3
1555213787.14 48.3
1555213797.16 48.3
1555213807.18 48.3
1555213817.2 48.3
1555213827.22 48.3
1555213837.24 48.3
1555213847.26 48.9
1555213857.29 48.3
1555213867.31 48.3
1555213877.33 48.3
1555213887.34 48.9
1555213897.37 47.8
1555213907.39 48.3
1555213917.4 48.3
1555213927.42 48.3
1555213937.44 49.4
1555213947.46 47.8
1555213957.48 47.8
1555213967.5 47.8
1555213977.52 47.8
1555213987.54 48.3
1555213997.56 47.8
1555214007.58 47.8
1555214017.6 48.3
1555214027.62 47.8
1555214037.64 47.8
1555214047.66 47.8
1555214057.68 48.3
1555214067.7 48.3
1555214077.72 47.2
1555214087.74 47.2
1555214097.76 48.3
1555214107.79 47.8
1555214117.81 47.2
1555214127.82 47.8
1555214137.84 47.8
1555214147.86 47.8
1555214157.88 47.8
1555214167.9 47.2
1555214177.92 47.2
1555214187.94 47.8
1555214197.96 47.8
1555214207.98 47.8
1555214218.0 47.2
1555214228.02 47.2
1555214238.05 47.2
1555214248.07 47.8
1555214258.09 47.2
1555214268.11 47.8
1555214278.13 48.3
1555214288.14 48.3
1555214298.17 47.8
1555214308.19 47.8
1555214318.21 47.8
1555214328.23 47.2
1555214338.25 47.8
1555214348.27 48.3
1555214358.29 47.2
1555214368.3 47.8
1555214378.33 47.8
1555214388.35 47.8
1555214398.37 47.8
1555214408.38 48.3
1555214418.4 47.8
1555214428.42 47.8
1555214438.44 47.2
1555214448.46 47.8
1555214458.48 47.8
1555214468.5 48.9
1555214478.52 48.3
1555214488.54 47.8
1555214498.56 47.8
1555214508.58 47.8
1555214518.6 47.8
1555214528.62 48.3
1555214538.64 47.2
1555214548.65 48.3
1555214558.67 47.8
1555214568.69 47.8
1555214578.71 47.8
1555214588.73 47.8
1555214598.75 47.8
1555214608.77 47.8
1555214618.79 47.2
1555214628.81 47.8
1555214638.83 47.8
1555214648.85 47.8
1555214658.87 48.3
1555214668.89 47.8
1555214678.91 47.2
1555214688.93 47.8
1555214698.95 48.3
1555214708.98 47.2
1555214719.0 47.8
1555214729.02 47.8
1555214739.04 47.8
1555214749.06 47.8
1555214759.08 47.2
1555214769.11 47.2
1555214779.13 48.3
1555214789.15 47.8
1555214799.17 47.2
1555214809.19 47.2
1555214819.21 47.8
1555214829.23 47.8
1555214839.25 48.3
1555214849.26 47.8
1555214859.28 47.2
1555214869.3 47.8
1555214879.32 47.2
1555214889.34 47.8
1555214899.36 48.3
1555214909.38 47.2
1555214919.4 48.3
1555214929.42 47.8
1555214939.44 47.8
1555214949.46 47.2
1555214959.48 47.8
1555214969.5 47.2
1555214979.52 47.8
1555214989.54 47.8
1555214999.56 47.8
1555215009.57 48.3
1555215019.59 48.3
1555215029.61 47.8
1555215039.63 47.2
1555215049.65 47.8
1555215059.67 47.2
1555215069.7 48.3
1555215079.72 47.2
1555215089.74 47.8
1555215099.76 47.8
1555215109.77 47.8
1555215119.79 47.8
1555215129.81 47.8
1555215139.83 47.8
1555215149.85 47.8
1555215159.87 48.3
1555215169.89 47.2
1555215179.91 47.2
1555215189.93 47.8
1555215199.94 48.3
1555215209.97 47.8
1555215219.99 47.8
1555215230.01 47.2
1555215240.03 47.8
1555215250.04 47.8
1555215260.06 47.8
1555215270.08 48.3
1555215280.1 48.3
1555215290.12 48.3
1555215300.13 48.3
1555215310.14 48.3
1555215320.17 48.3
1555215330.19 48.3
1555215340.21 48.3
1555215350.23 47.8
1555215360.25 47.8
1555215370.26 47.8
1555215380.28 47.2
1555215390.3 48.3
1555215400.32 47.8
1555215410.34 47.2
1555215420.35 48.9
1555215430.38 48.3
1555215440.4 47.8
1555215450.41 48.3
1555215460.43 47.8
1555215470.45 48.3
1555215480.48 48.3
1555215490.5 48.3
1555215500.52 47.8
1555215510.54 48.3
1555215520.56 48.3
1555215530.58 48.9
1555215540.6 48.3
1555215550.62 47.8
1555215560.64 48.3
1555215570.65 48.9
1555215580.67 48.3
1555215590.69 47.8
1555215600.71 48.3
1555215610.73 48.3
1555215620.76 48.3
1555215630.78 47.8
1555215640.8 48.3
1555215650.81 48.3
1555215660.83 48.9
1555215670.85 48.3
1555215680.87 48.9
1555215690.88 48.9
1555215700.9 48.9
1555215710.92 47.8
1555215720.94 48.3
1555215730.96 48.3
1555215740.98 48.3
1555215750.99 48.9
1555215761.01 48.9
1555215771.03 48.3
1555215781.05 48.9
1555215791.07 47.8
1555215801.08 48.9
1555215811.1 48.3
1555215821.12 49.4
1555215831.14 48.3
1555215841.16 49.4
1555215851.18 48.9
1555215861.21 49.4
1555215871.23 48.3
1555215881.25 49.4
1555215891.27 49.4
1555215901.29 49.4
1555215911.31 49.4
1555215921.33 47.8
1555215931.35 48.3
1555215941.36 49.4
1555215951.38 49.4
1555215961.39 48.9
1555215971.41 48.9
1555215981.44 49.4
1555215991.46 49.4
1555216001.47 49.4
1555216011.49 48.3
1555216021.51 49.4
1555216031.53 48.9
1555216041.55 48.3
1555216051.57 48.3
1555216061.59 49.4
1555216071.61 48.3
1555216081.63 48.3
1555216091.65 48.9
1555216101.67 48.3
1555216111.69 49.4
1555216121.71 49.4
1555216131.73 49.4
1555216141.75 49.4
1555216151.77 48.3
1555216161.79 48.3
1555216171.81 48.3
1555216181.83 48.3
1555216191.85 47.8
1555216201.88 48.3
1555216211.9 47.8
1555216221.92 48.3
1555216231.95 48.3
1555216241.97 48.3
1555216251.98 48.3
1555216262.0 48.9
1555216272.02 48.9
1555216282.04 48.9
1555216292.06 49.4
1555216302.08 48.3
1555216312.09 48.3
1555216322.11 48.9
1555216332.13 48.3
1555216342.15 49.4
1555216352.17 48.3
1555216362.19 48.3
1555216372.21 49.4
1555216382.22 49.4
1555216392.24 48.3
1555216402.26 48.3
1555216412.28 48.3
1555216422.3 48.3
1555216432.32 48.3
1555216442.34 48.3
1555216452.36 48.3
1555216462.38 48.3
1555216472.4 48.3
1555216482.42 47.8
1555216492.44 48.3
1555216502.46 48.3
1555216512.48 48.3
1555216522.5 48.3
1555216532.52 48.3
1555216542.54 48.3
1555216552.56 47.8
1555216562.58 48.3
1555216572.6 47.8
1555216582.62 48.3
1555216592.64 47.8
1555216602.66 47.8
1555216612.68 48.3
1555216622.7 48.3
1555216632.72 48.3
1555216642.74 48.3
1555216652.75 48.3
1555216662.76 48.3
1555216672.78 48.3
1555216682.8 48.3
1555216692.82 47.8
1555216702.84 47.8
1555216712.86 47.8
1555216722.88 48.3
1555216732.9 48.3
1555216742.92 47.2
1555216752.94 47.8
1555216762.96 47.8
1555216772.98 48.3
1555216783.0 48.9
1555216793.02 48.9
1555216803.05 47.8
1555216813.07 47.8
1555216823.09 47.8
1555216833.11 47.8
1555216843.13 47.8
1555216853.15 47.8
1555216863.17 48.3
1555216873.18 48.3
1555216883.2 47.8
1555216893.22 48.3
1555216903.24 48.3
1555216913.25 48.3
1555216923.27 48.3
1555216933.29 47.8
1555216943.31 47.8
1555216953.33 48.3
1555216963.35 48.3
1555216973.37 47.8
1555216983.4 48.3
1555216993.41 48.3
1555217003.43 48.3
1555217013.45 48.3
1555217023.47 48.3
1555217033.49 48.3
1555217043.51 48.3
1555217053.52 48.9
1555217063.54 48.9
1555217073.56 47.8
1555217083.58 48.3
1555217093.6 47.2
1555217103.62 47.2
1555217113.64 47.8
1555217123.66 47.2
1555217133.68 47.8
1555217143.7 47.8
1555217153.72 47.8
1555217163.74 47.8
1555217173.76 47.8
1555217183.78 47.2
1555217193.8 47.8
1555217203.82 47.8
1555217213.84 48.3
1555217223.86 47.2
1555217233.88 48.3
1555217243.9 47.2
1555217253.92 47.8
1555217263.94 48.3
1555217273.95 47.8
1555217283.97 47.8
1555217293.99 47.2
1555217304.01 48.3
1555217314.03 48.3
1555217324.05 47.8
1555217334.07 47.2
1555217344.08 48.3
1555217354.1 48.3
1555217364.12 48.3
1555217374.14 48.3
1555217384.16 48.3
1555217394.18 47.8
1555217404.2 47.8
1555217414.22 48.9
1555217424.24 48.3
1555217434.26 47.8
1555217444.28 47.8
1555217454.29 47.8
1555217464.31 47.8
1555217474.33 47.8
1555217484.35 47.2
1555217494.36 48.3
1555217504.38 47.8
1555217514.4 48.3
1555217524.42 47.2
1555217534.43 48.3
1555217544.46 48.3
1555217554.48 47.2
1555217564.5 47.2
1555217574.52 47.8
1555217584.54 47.2
1555217594.56 47.8
1555217604.58 47.8
1555217614.6 47.8
1555217624.62 48.3
1555217634.64 48.3
1555217644.66 47.8
1555217654.68 48.3
1555217664.7 48.3
1555217674.72 48.3
1555217684.73 48.3
1555217694.75 48.3
1555217704.77 48.3
1555217714.79 47.8
1555217724.81 47.8
1555217734.83 47.8
1555217744.85 48.3
1555217754.86 48.9
1555217764.88 47.8
1555217774.9 47.8
1555217784.92 48.3
1555217794.94 47.8
1555217804.96 47.8
1555217814.98 47.8
1555217825.0 47.2
1555217835.02 47.8
1555217845.04 48.3
1555217855.06 47.8
1555217865.08 47.8
1555217875.11 48.3
1555217885.13 47.8
1555217895.14 47.8
1555217905.16 47.2
1555217915.18 48.3
1555217925.2 47.8
1555217935.22 47.2
1555217945.24 47.8
1555217955.25 47.8
1555217965.27 47.8
1555217975.28 47.8
1555217985.3 47.8
1555217995.31 47.8
1555218005.32 48.9
1555218015.35 47.8
1555218025.36 47.8
1555218035.38 48.3
1555218045.4 48.3
1555218055.42 47.8
1555218065.44 47.8
1555218075.46 47.8
1555218085.48 47.8
1555218095.5 47.8
1555218105.52 47.8
1555218115.54 47.8
1555218125.56 47.8
1555218135.58 47.2
1555218145.61 47.8
1555218155.63 47.2
1555218165.65 47.8
1555218175.66 47.8
1555218185.68 47.2
1555218195.71 47.2
1555218205.72 47.8
1555218215.74 47.8
1555218225.76 47.2
1555218235.78 47.8
1555218245.81 48.3
1555218255.82 48.3
1555218265.84 48.3
1555218275.86 47.8
1555218285.87 48.3
1555218295.89 48.3
1555218305.89 48.3
1555218315.91 48.3
1555218325.93 48.3
1555218335.95 47.2
1555218345.97 47.8
1555218355.99 47.8
1555218366.01 47.8
1555218376.03 47.8
1555218386.04 47.2
1555218396.06 48.3
1555218406.08 48.3
1555218416.09 47.2
1555218426.11 46.7
1555218436.13 47.2
1555218446.14 47.8
1555218456.16 47.2
1555218466.19 47.8
1555218476.21 47.8
1555218486.23 48.3
1555218496.24 47.2
1555218506.26 47.2
1555218516.28 47.2
1555218526.3 47.8
1555218536.32 47.2
1555218546.34 47.2
1555218556.36 47.2
1555218566.39 46.7
1555218576.4 47.2
1555218586.41 46.2
1555218596.43 47.2
1555218606.45 47.2
1555218616.47 47.8
1555218626.49 47.2
1555218636.51 46.7
1555218646.53 47.2
1555218656.55 47.2
1555218666.57 47.2
1555218676.58 47.8
1555218686.6 48.3
1555218696.62 47.2
1555218706.64 47.2
1555218716.66 47.2
1555218726.68 47.2
1555218736.7 47.2
1555218746.72 47.2
1555218756.74 47.2
1555218766.77 47.2
1555218776.79 46.2
1555218786.81 47.2
1555218796.83 47.2
1555218806.86 46.7
1555218816.88 46.2
1555218826.9 46.2
1555218836.91 47.2
1555218846.92 47.2
1555218856.94 47.2
1555218866.96 45.6
1555218876.98 47.8
1555218886.99 46.7
1555218897.01 47.2
1555218907.02 46.7
1555218917.04 46.2
1555218927.06 47.2
1555218937.07 46.7
1555218947.09 47.8
1555218957.11 47.2
1555218967.12 47.2
1555218977.13 47.2
1555218987.15 47.2
1555218997.16 47.8
1555219007.17 47.2
1555219017.19 47.2
1555219027.21 47.2
1555219037.22 47.2
1555219047.25 47.2
1555219057.27 46.2
1555219067.29 46.7
1555219077.31 47.2
1555219087.33 47.2
1555219097.35 47.2
1555219107.37 47.2
1555219117.38 46.7
1555219127.4 47.2
1555219137.41 47.2
1555219147.43 46.7
1555219157.45 46.7
1555219167.46 47.2
1555219177.49 47.2
1555219187.51 46.7
1555219197.53 46.7
1555219207.55 46.7
1555219217.57 47.2
1555219227.57 47.2
1555219237.6 47.2
1555219247.62 46.7
1555219257.64 47.2
1555219267.66 47.2
1555219277.68 46.7
1555219287.7 47.2
1555219297.71 47.2
1555219307.73 47.8
1555219317.75 47.2
1555219327.76 47.2
1555219337.78 47.2
1555219347.8 47.2
1555219357.82 47.8
1555219367.84 47.2
1555219377.86 47.2
1555219387.88 47.2
1555219397.9 46.2
1555219407.92 47.2
1555219417.93 47.2
1555219427.95 47.8
1555219437.97 47.2
1555219447.99 47.2
1555219458.01 47.8
1555219468.03 47.8
1555219478.05 47.2
1555219488.07 47.2
1555219498.09 47.2
1555219508.11 47.8
1555219518.14 47.2
1555219528.16 47.2
1555219538.17 47.2
1555219548.19 47.2
1555219558.2 47.8
1555219568.22 47.2
1555219578.24 47.2
1555219588.26 47.2
1555219598.28 47.8
1555219608.3 47.2
1555219618.31 47.2
1555219628.33 47.2
1555219638.35 46.7
1555219648.37 47.2
1555219658.39 47.2
1555219668.41 46.7
1555219678.43 47.2
1555219688.45 46.2
1555219698.47 47.2
1555219708.49 46.7
1555219718.51 47.2
1555219728.53 47.2
1555219738.55 46.2
1555219748.57 47.2
1555219758.59 47.2
1555219768.61 46.7
1555219778.64 46.7
1555219788.65 47.2
1555219798.67 46.7
1555219808.69 46.2
1555219818.7 47.2
1555219828.73 46.7
1555219838.75 46.2
1555219848.77 46.2
1555219858.78 47.2
1555219868.8 46.7
1555219878.82 46.2
1555219888.83 47.2
1555219898.85 46.2
1555219908.87 47.2
1555219918.89 47.2
1555219928.9 46.2
1555219938.92 47.2
1555219948.93 46.7
1555219958.95 47.2
1555219968.97 47.2
1555219978.99 47.2
1555219989.0 47.2
1555219999.02 47.2
1555220009.04 46.2
1555220019.06 46.2
1555220029.08 46.2
1555220039.1 46.7
1555220049.12 46.2
1555220059.14 47.2
1555220069.16 47.2
1555220079.18 46.2
1555220089.2 46.7
1555220099.22 46.2
1555220109.24 47.2
1555220119.25 47.2
1555220129.27 47.2
1555220139.28 47.2
1555220149.29 47.2
1555220159.31 47.2
1555220169.33 46.2
1555220179.35 46.2
1555220189.36 46.2
1555220199.38 46.7
1555220209.4 46.2
1555220219.42 46.2
1555220229.44 46.2
1555220239.46 46.7
1555220249.48 47.2
1555220259.49 47.2
1555220269.51 46.7
1555220279.53 46.2
1555220289.56 46.2
1555220299.58 47.2
1555220309.59 46.7
1555220319.61 46.7
1555220329.64 47.2
1555220339.65 46.7
1555220349.67 47.2
1555220359.69 47.2
1555220369.71 46.7
1555220379.73 46.7
1555220389.75 46.7
1555220399.77 47.2
1555220409.79 46.7
1555220419.81 46.2
1555220429.83 46.2
1555220439.85 47.2
1555220449.87 46.2
1555220459.89 46.2
1555220469.91 46.7
1555220479.93 46.7
1555220489.95 47.2
1555220499.97 46.7
1555220509.99 46.2
1555220520.01 47.2
1555220530.03 46.2
1555220540.05 47.2
1555220550.07 46.7
1555220560.09 46.7
1555220570.11 46.2
1555220580.13 46.2
1555220590.15 46.2
1555220600.17 46.2
1555220610.19 45.6
1555220620.21 46.2
1555220630.23 46.2
1555220640.25 46.2
1555220650.27 46.7
1555220660.3 45.6
1555220670.32 46.2
1555220680.33 46.2
1555220690.35 46.2
1555220700.37 46.2
1555220710.39 46.7
1555220720.41 46.2
1555220730.43 46.2
1555220740.45 47.2
1555220750.47 46.2
1555220760.49 46.2
1555220770.52 46.7
1555220780.54 46.7
1555220790.56 47.8
1555220800.58 46.7
1555220810.6 47.2
1555220820.62 46.2
1555220830.64 46.2
1555220840.66 47.2
1555220850.69 46.7
1555220860.71 46.2
1555220870.72 47.2
1555220880.74 47.2
1555220890.76 47.2
1555220900.78 46.2
1555220910.8 47.2
1555220920.82 46.2
1555220930.84 47.2
1555220940.86 47.2
1555220950.88 46.2
1555220960.9 46.2
1555220970.92 47.2
1555220980.94 46.2
1555220990.95 47.2
1555221000.97 47.2
1555221010.99 47.2
1555221021.02 46.7
1555221031.02 46.7
1555221041.04 46.7
1555221051.06 46.2
1555221061.08 46.7
1555221071.1 47.2
1555221081.12 46.7
1555221091.14 46.7
1555221101.15 46.7
1555221111.17 46.2
1555221121.19 46.7
1555221131.21 47.2
1555221141.22 46.2
1555221151.24 46.2
1555221161.26 47.2
1555221171.28 47.2
1555221181.29 47.2
1555221191.31 47.2
1555221201.32 47.2
1555221211.35 46.2
1555221221.38 46.2
1555221231.4 47.2
1555221241.41 46.7
1555221251.44 46.7
1555221261.46 46.7
1555221271.48 46.7
1555221281.49 46.7
1555221291.52 46.7
1555221301.54 46.2
1555221311.56 46.2
1555221321.57 46.2
1555221331.58 46.2
1555221341.61 46.2
1555221351.63 46.2
1555221361.65 45.6
1555221371.67 46.2
1555221381.69 46.2
1555221391.71 46.2
1555221401.72 46.2
1555221411.74 46.2
1555221421.77 46.2
1555221431.79 45.6
1555221441.81 46.2
1555221451.83 45.6
1555221461.85 46.2
1555221471.87 46.2
1555221481.88 46.2
1555221491.9 46.2
1555221501.91 46.7
1555221511.94 46.7
1555221521.95 46.2
1555221531.97 46.2
1555221541.99 46.2
1555221552.02 45.6
1555221562.04 45.6
1555221572.07 46.2
1555221582.08 47.2
1555221592.1 46.2
1555221602.12 46.2
1555221612.14 45.6
1555221622.15 46.2
1555221632.17 46.2
1555221642.19 46.2
1555221652.21 46.2
1555221662.23 46.2
1555221672.25 46.2
1555221682.27 46.2
1555221692.3 46.2
1555221702.32 46.2
1555221712.34 46.2
1555221722.36 46.2
1555221732.38 46.7
1555221742.4 45.6
1555221752.42 46.2
1555221762.44 45.6
1555221772.46 46.2
1555221782.48 46.2
1555221792.49 46.2
1555221802.51 46.2
1555221812.54 46.2
1555221822.55 46.2
1555221832.57 45.6
1555221842.59 46.2
1555221852.61 46.2
1555221862.63 46.2
1555221872.65 45.6
1555221882.66 46.7
1555221892.68 46.2
1555221902.7 46.2
1555221912.73 46.2
1555221922.74 46.2
1555221932.76 45.6
1555221942.78 46.2
1555221952.8 45.6
1555221962.82 45.6
1555221972.83 46.2
1555221982.86 46.2
1555221992.88 46.2
1555222002.9 46.2
1555222012.92 45.6
1555222022.94 45.1
1555222032.96 45.6
1555222042.98 45.1
1555222053.0 45.6
1555222063.02 46.2
1555222073.04 46.2
1555222083.06 46.2
1555222093.08 46.2
1555222103.1 45.6
1555222113.11 47.2
1555222123.13 46.2
1555222133.15 45.1
1555222143.17 45.6
1555222153.19 45.6
1555222163.2 46.2
1555222173.23 46.2
1555222183.25 46.7
1555222193.27 46.7
1555222203.29 45.6
1555222213.31 46.2
1555222223.33 45.1
1555222233.35 45.6
1555222243.37 45.6
1555222253.4 46.2
1555222263.42 45.6
1555222273.44 45.6
1555222283.46 46.2
1555222293.48 45.6
1555222303.49 46.2
1555222313.51 45.6
1555222323.53 45.6
1555222333.55 46.2
1555222343.57 46.2
1555222353.59 46.2
1555222363.61 45.6
1555222373.63 46.2
1555222383.65 45.6
1555222393.67 45.6
1555222403.69 46.2
1555222413.71 45.6
1555222423.73 45.6
1555222433.75 46.2
1555222443.77 45.6
1555222453.79 46.2
1555222463.81 45.6
1555222473.83 46.2
1555222483.85 45.6
1555222493.87 46.2
1555222503.89 46.7
1555222513.9 46.2
1555222523.92 46.2
1555222533.94 45.1
1555222543.96 46.2
1555222553.98 45.6
1555222564.0 46.2
1555222574.02 46.2
1555222584.04 46.2
1555222594.05 46.2
1555222604.07 45.6
1555222614.08 46.2
1555222624.1 46.2
1555222634.12 46.2
1555222644.14 46.2
1555222654.16 46.2
1555222664.18 46.2
1555222674.2 45.1
1555222684.22 45.6
1555222694.24 46.2
1555222704.25 47.2
1555222714.27 46.2
1555222724.29 45.6
1555222734.31 46.2
1555222744.33 45.6
1555222754.35 45.6
1555222764.37 46.2
1555222774.39 46.2
1555222784.41 45.6
1555222794.43 46.2
1555222804.46 45.1
1555222814.48 46.2
1555222824.5 45.6
1555222834.52 46.2
1555222844.54 45.6
1555222854.56 45.6
1555222864.58 45.6
1555222874.6 45.6
1555222884.62 45.1
1555222894.64 45.6
1555222904.66 45.1
1555222914.68 46.2
1555222924.7 45.6
1555222934.72 45.6
1555222944.74 46.2
1555222954.76 46.2
1555222964.78 46.2
1555222974.8 46.2
1555222984.82 46.2
1555222994.84 45.6
1555223004.86 46.2
1555223014.88 46.2
1555223024.9 45.1
1555223034.92 45.6
1555223044.94 46.2
1555223054.96 46.2
1555223064.98 46.2
1555223075.0 45.6
1555223085.02 45.6
1555223095.04 45.1
1555223105.06 46.2
1555223115.07 46.2
1555223125.09 45.6
1555223135.11 45.1
1555223145.13 46.2
1555223155.15 45.6
1555223165.17 45.6
1555223175.19 45.6
1555223185.22 46.2
1555223195.23 46.2
1555223205.25 45.6
1555223215.27 45.1
1555223225.28 46.2
1555223235.3 46.2
1555223245.32 45.6
1555223255.34 45.6
1555223265.36 45.6
1555223275.38 45.1
1555223285.4 45.6
1555223295.42 45.1
1555223305.43 46.2
1555223315.45 45.1
1555223325.47 45.6
1555223335.48 46.2
1555223345.5 45.6
1555223355.52 46.2
1555223365.54 46.2
1555223375.56 45.6
1555223385.58 45.6
1555223395.6 45.6
1555223405.62 45.6
1555223415.65 45.6
1555223425.67 46.2
1555223435.69 45.6
1555223445.72 45.6
1555223455.74 45.1
1555223465.76 45.6
1555223475.78 45.1
1555223485.8 46.2
1555223495.82 45.6
1555223505.84 46.2
1555223515.86 46.2
1555223525.89 45.1
1555223535.91 46.2
1555223545.93 46.2
1555223555.95 45.1
1555223565.97 45.1
1555223575.99 45.6
1555223586.01 45.1
1555223596.03 46.2
1555223606.06 45.1
1555223616.08 45.1
1555223626.1 45.1
1555223636.12 45.1
1555223646.14 45.1
1555223656.16 45.1
1555223666.18 45.1
1555223676.2 45.1
1555223686.22 45.6
1555223696.24 46.2
1555223706.26 45.6
1555223716.28 45.1
1555223726.3 45.1
1555223736.32 45.1
1555223746.34 45.6
1555223756.36 45.6
1555223766.38 45.6
1555223776.4 45.6
1555223786.42 45.6
1555223796.44 45.1
1555223806.46 46.2
1555223816.48 45.6
1555223826.5 45.1
1555223836.52 45.6
1555223846.54 45.6
1555223856.57 45.6
1555223866.59 45.6
1555223876.61 45.1
1555223886.62 46.2
1555223896.64 45.1
1555223906.66 46.2
1555223916.67 45.1
1555223926.69 45.6
1555223936.71 45.1
1555223946.73 45.1
1555223956.75 45.6
1555223966.77 46.2
1555223976.79 46.2
1555223986.8 45.1
1555223996.82 45.6
1555224006.83 46.2
1555224016.85 45.6
1555224026.87 45.6
1555224036.89 45.6
1555224046.9 45.6
1555224056.92 45.6
1555224066.93 45.6
1555224076.95 45.6
1555224086.97 45.6
1555224097.0 45.6
1555224107.01 46.2
1555224117.03 45.1
1555224127.05 46.2
1555224137.07 45.1
1555224147.09 45.6
1555224157.11 45.6
1555224167.13 46.2
1555224177.15 45.6
1555224187.17 45.1
1555224197.19 45.1
1555224207.21 45.1
1555224217.23 45.6
1555224227.25 45.6
1555224237.27 45.6
1555224247.29 45.6
1555224257.31 45.6
1555224267.33 45.6
1555224277.35 45.1
1555224287.37 45.6
1555224297.39 45.1
1555224307.41 45.6
1555224317.43 45.1
1555224327.45 46.2
1555224337.47 45.1
1555224347.49 45.1
1555224357.51 45.1
1555224367.53 45.6
1555224377.55 45.1
1555224387.57 45.6
1555224397.59 45.1
1555224407.61 45.1
1555224417.63 45.1
1555224427.64 46.2
1555224437.66 45.1
1555224447.67 45.6
1555224457.69 45.6
1555224467.71 45.1
1555224477.73 45.1
1555224487.75 45.6
1555224497.77 46.2
1555224507.79 45.1
1555224517.8 45.1
1555224527.82 45.6
1555224537.84 45.6
1555224547.86 45.1
1555224557.88 45.1
1555224567.9 45.6
1555224577.92 45.1
1555224587.93 45.1
1555224597.95 46.2
1555224607.97 45.1
1555224617.98 46.2
1555224628.0 45.6
1555224638.01 45.1
1555224648.03 45.1
1555224658.05 45.6
1555224668.06 45.1
1555224678.07 45.6
1555224688.09 45.6
1555224698.11 45.1
1555224708.12 45.1
1555224718.14 45.1
1555224728.16 45.6
1555224738.18 45.1
1555224748.2 45.6
1555224758.22 45.1
1555224768.24 45.1
1555224778.27 45.1
1555224788.29 45.1
1555224798.32 45.1
1555224808.34 45.1
1555224818.35 45.1
1555224828.38 45.1
1555224838.4 45.1
1555224848.41 45.1
1555224858.43 45.1
1555224868.45 45.1
1555224878.47 45.6
1555224888.49 45.1
1555224898.51 45.1
1555224908.53 45.1
1555224918.55 45.1
1555224928.57 45.6
1555224938.59 45.1
1555224948.61 45.1
1555224958.63 45.1
1555224968.65 45.1
1555224978.67 45.1
1555224988.69 45.1
1555224998.71 45.6
1555225008.73 45.1
1555225018.75 45.1
1555225028.77 45.6
1555225038.78 45.1
1555225048.81 45.1
1555225058.83 45.1
1555225068.84 45.6
1555225078.86 45.6
1555225088.89 45.1
1555225098.91 45.1
1555225108.93 45.1
1555225118.94 45.1
1555225128.96 45.6
1555225138.98 45.1
1555225149.0 45.1
1555225159.02 45.1
1555225169.04 45.1
1555225179.06 45.1
1555225189.08 45.1
1555225199.1 45.1
