1555700006.45 58.5
1555700016.47 58.5
1555700026.49 58.5
1555700036.5 59.1
1555700046.52 59.1
1555700056.54 58.5
1555700066.56 58.5
1555700076.58 58.0
1555700086.59 59.1
1555700096.61 59.1
1555700106.63 58.5
1555700116.65 59.1
1555700126.67 58.0
1555700136.69 58.0
1555700146.71 58.5
1555700156.72 58.5
1555700166.73 59.1
1555700176.75 58.5
1555700186.75 59.1
1555700196.77 59.1
1555700206.78 58.5
1555700216.8 58.5
1555700226.81 58.5
1555700236.83 58.5
1555700246.84 59.1
1555700256.86 58.5
1555700266.88 58.0
1555700276.9 58.0
1555700286.91 59.1
1555700296.93 58.0
1555700306.94 58.5
1555700316.96 59.1
1555700326.98 58.5
1555700337.0 58.5
1555700347.01 58.5
1555700357.03 58.5
1555700367.04 58.5
1555700377.05 59.1
1555700387.08 58.0
1555700397.1 58.0
1555700407.11 60.7
1555700417.13 59.1
1555700427.15 59.1
1555700437.42 58.5
1555700447.44 59.1
1555700457.46 59.1
1555700467.48 58.5
1555700477.5 60.1
1555700487.51 59.1
1555700497.53 59.1
1555700507.54 58.5
1555700517.56 59.1
1555700527.56 59.1
1555700537.58 59.1
1555700547.59 59.1
1555700557.61 59.6
1555700567.63 59.6
1555700577.64 59.6
1555700587.65 60.1
1555700597.67 60.1
1555700607.69 59.6
1555700617.7 60.1
1555700627.72 60.1
1555700637.74 60.1
1555700647.76 59.1
1555700657.77 60.1
1555700667.79 59.6
1555700677.81 59.6
1555700687.83 60.1
1555700697.85 59.1
1555700707.87 59.6
1555700717.89 59.6
1555700727.91 60.1
1555700737.93 60.1
1555700747.95 59.1
1555700757.96 60.1
1555700767.98 59.1
1555700778.0 60.1
1555700788.02 60.1
1555700798.04 59.1
1555700808.05 60.1
1555700818.06 60.1
1555700828.09 60.7
1555700838.11 60.1
1555700848.12 60.1
1555700858.14 60.1
1555700868.16 60.1
1555700878.18 59.1
1555700888.2 60.1
1555700898.22 60.1
1555700908.24 59.1
1555700918.25 59.6
1555700928.27 60.1
1555700938.29 59.6
1555700948.31 59.1
1555700958.33 60.1
1555700968.34 60.1
1555700978.36 60.7
1555700988.38 60.1
1555700998.4 60.1
1555701008.41 60.7
1555701018.43 60.7
1555701028.43 61.2
1555701038.45 61.2
1555701048.47 60.7
1555701058.49 61.2
1555701068.51 61.2
1555701078.53 61.8
1555701088.56 61.2
1555701098.56 61.2
1555701108.58 62.8
1555701118.6 62.3
1555701128.62 61.8
1555701138.63 61.2
1555701148.65 62.3
1555701158.67 62.3
1555701168.68 62.3
1555701178.69 61.8
1555701188.72 62.3
1555701198.73 62.3
1555701208.75 61.8
1555701218.76 62.3
1555701228.78 61.2
1555701238.8 62.3
1555701248.81 62.3
1555701258.82 62.3
1555701268.84 62.8
1555701278.86 62.3
1555701288.88 62.8
1555701298.9 62.8
1555701308.91 62.8
1555701318.93 62.3
1555701328.95 62.3
1555701338.96 62.3
1555701348.98 62.3
1555701359.0 62.3
1555701369.02 62.8
1555701379.03 62.3
1555701389.04 62.8
1555701399.06 62.3
1555701409.08 62.3
1555701419.1 62.3
1555701429.12 63.4
1555701439.13 62.3
1555701449.14 62.8
1555701459.16 62.3
1555701469.18 62.3
1555701479.2 62.3
1555701489.22 62.8
1555701499.23 62.8
1555701509.25 62.8
1555701519.27 62.3
1555701529.28 62.3
1555701539.3 62.8
1555701549.31 62.8
1555701559.34 62.3
1555701569.35 62.3
1555701579.37 62.3
1555701589.39 62.3
1555701599.41 61.8
1555701609.42 62.3
1555701619.44 62.3
1555701629.46 62.3
1555701639.48 62.3
1555701649.49 61.8
1555701659.51 62.3
1555701669.53 62.3
1555701679.55 62.3
1555701689.57 61.2
1555701699.58 62.3
1555701709.6 61.2
1555701719.61 62.3
1555701729.63 62.3
1555701739.64 61.8
1555701749.66 61.2
1555701759.68 60.7
1555701769.71 61.2
1555701779.72 61.2
1555701789.74 61.2
1555701799.76 60.7
1555701809.78 61.2
1555701819.8 61.8
1555701829.81 61.2
1555701839.83 62.3
1555701849.84 61.2
1555701859.86 61.8
1555701869.88 60.7
1555701879.9 61.2
1555701889.92 61.2
1555701899.94 61.2
1555701909.96 60.7
1555701919.98 61.2
1555701929.99 61.8
1555701940.02 60.7
1555701950.03 61.2
1555701960.05 60.7
1555701970.06 60.1
1555701980.08 60.1
1555701990.09 61.2
1555702000.11 61.2
1555702010.12 61.2
1555702020.13 60.7
1555702030.15 60.1
1555702040.16 60.7
1555702050.18 60.1
1555702060.19 60.1
1555702070.21 59.6
1555702080.23 61.2
1555702090.24 61.2
1555702100.25 61.2
1555702110.28 61.8
1555702120.3 60.1
1555702130.32 60.1
1555702140.33 61.8
1555702150.36 60.1
1555702160.36 61.2
1555702170.38 62.3
1555702180.4 61.8
1555702190.4 62.3
1555702200.42 61.2
1555702210.44 62.3
1555702220.45 61.8
1555702230.47 62.3
1555702240.48 62.3
1555702250.5 62.3
1555702260.52 62.3
1555702270.53 62.3
1555702280.55 62.3
1555702290.56 62.3
1555702300.58 62.3
1555702310.6 62.3
1555702320.61 62.3
1555702330.63 62.3
1555702340.65 62.3
1555702350.66 62.3
1555702360.68 62.3
1555702370.69 62.3
1555702380.71 62.3
1555702390.73 62.3
1555702400.75 62.3
1555702410.76 62.3
1555702420.78 62.3
1555702430.81 62.3
1555702440.83 62.3
1555702450.85 62.8
1555702460.87 62.3
1555702470.89 62.3
1555702480.9 62.8
1555702490.92 62.3
1555702500.93 62.8
1555702510.95 61.8
1555702520.97 62.3
1555702530.98 62.3
1555702540.99 62.3
1555702551.0 62.3
1555702561.02 62.3
1555702571.04 62.3
1555702581.05 62.3
1555702591.07 62.8
1555702601.08 62.8
1555702611.1 62.3
1555702621.11 62.3
1555702631.12 62.3
1555702641.14 62.3
1555702651.15 62.8
1555702661.17 62.8
1555702671.19 62.8
1555702681.21 62.8
1555702691.22 62.3
1555702701.24 62.3
1555702711.26 62.8
1555702721.28 62.3
1555702731.28 62.8
1555702741.3 62.3
1555702751.32 62.3
1555702761.35 62.3
1555702771.36 62.8
1555702781.38 62.8
1555702791.39 62.8
1555702801.4 63.4
1555702811.42 62.3
1555702821.43 62.3
1555702831.45 62.8
1555702841.45 63.9
1555702851.46 62.3
1555702861.49 63.4
1555702871.5 62.8
1555702881.52 62.8
1555702891.53 62.3
1555702901.55 63.4
1555702911.57 62.8
1555702921.58 62.8
1555702931.6 63.4
1555702941.61 62.8
1555702951.63 62.8
1555702961.65 62.8
1555702971.67 63.4
1555702981.68 62.3
1555702991.7 62.3
1555703001.73 62.8
1555703011.74 63.4
1555703021.75 62.3
1555703031.77 62.3
1555703041.79 62.8
1555703051.81 62.8
1555703061.82 62.8
1555703071.84 62.8
1555703081.86 62.3
1555703091.87 62.8
1555703101.89 62.3
1555703111.91 62.3
1555703121.93 62.3
1555703131.94 62.8
1555703141.95 62.3
1555703151.97 62.8
1555703161.99 62.8
1555703172.0 62.3
1555703182.02 62.3
1555703192.03 62.8
1555703202.05 62.8
1555703212.06 62.3
1555703222.08 62.8
1555703232.1 62.3
1555703242.12 62.3
1555703252.12 62.3
1555703262.15 62.3
1555703272.17 62.3
1555703282.18 61.8
1555703292.2 62.8
1555703302.22 62.3
1555703312.23 62.3
1555703322.25 63.4
1555703332.26 63.4
1555703342.28 62.3
1555703352.3 62.3
1555703362.31 62.8
1555703372.33 62.3
1555703382.35 62.8
1555703392.36 62.8
1555703402.38 62.8
1555703412.4 62.8
1555703422.42 63.4
1555703432.43 63.4
1555703442.45 62.3
1555703452.47 62.8
1555703462.48 62.3
1555703472.49 62.8
1555703482.51 62.8
1555703492.52 62.3
1555703502.55 62.3
1555703512.57 62.3
1555703522.58 62.3
1555703532.6 62.3
1555703542.62 61.8
1555703552.64 62.3
1555703562.66 62.3
1555703572.67 61.8
1555703582.68 62.3
1555703592.71 62.3
1555703602.72 62.3
1555703612.74 62.3
1555703622.75 62.3
1555703632.77 62.3
1555703642.78 62.3
1555703652.79 62.3
1555703662.81 61.8
1555703672.83 61.8
1555703682.84 61.8
1555703692.86 61.8
1555703702.88 61.8
1555703712.89 61.2
1555703722.91 61.8
1555703732.92 62.3
1555703742.94 61.2
1555703752.95 61.8
1555703762.96 62.3
1555703772.98 61.2
1555703783.0 61.2
1555703793.01 61.2
1555703803.02 61.2
1555703813.04 61.2
1555703823.05 61.2
1555703833.07 61.2
1555703843.08 61.2
1555703853.09 62.3
1555703863.11 61.2
1555703873.13 60.7
1555703883.14 61.2
1555703893.16 60.7
1555703903.17 61.2
1555703913.18 61.8
1555703923.2 61.2
1555703933.21 61.2
1555703943.23 60.7
1555703953.25 61.2
1555703963.26 60.7
1555703973.28 61.2
1555703983.29 61.8
1555703993.31 61.2
