1555500008.53 44.0
1555500018.55 44.0
1555500028.56 43.5
1555500038.58 44.0
1555500048.59 44.0
1555500058.61 44.5
1555500068.65 44.0
1555500078.67 44.0
1555500088.68 44.0
1555500098.7 44.0
1555500108.72 44.0
1555500118.74 44.0
1555500128.75 44.5
1555500138.77 43.5
1555500148.78 43.5
1555500158.81 44.0
1555500168.82 44.0
1555500178.84 44.5
1555500188.85 44.0
1555500198.87 44.0
1555500208.88 44.0
1555500218.9 44.5
1555500228.92 44.0
1555500238.93 45.1
1555500248.94 45.1
1555500258.96 44.5
1555500268.98 45.1
1555500279.0 45.1
1555500289.02 44.0
1555500299.04 44.5
1555500309.05 44.0
1555500319.07 43.5
1555500329.09 44.5
1555500339.11 45.1
1555500349.12 44.5
1555500359.14 44.0
1555500369.17 44.0
1555500379.18 44.0
1555500389.2 45.1
1555500399.21 44.5
1555500409.23 45.1
1555500419.25 44.5
1555500429.26 45.1
1555500439.28 44.0
1555500449.3 45.1
1555500459.32 44.0
1555500469.34 45.1
1555500479.36 45.1
1555500489.38 45.1
1555500499.39 45.1
1555500509.41 45.1
1555500519.42 45.1
1555500529.45 45.1
1555500539.46 45.1
1555500549.48 44.5
1555500559.5 45.1
1555500569.52 45.6
1555500579.54 45.1
1555500589.56 45.6
1555500599.57 45.1
1555500609.59 45.6
1555500619.61 45.6
1555500629.63 45.6
1555500639.64 45.6
1555500649.67 44.5
1555500659.68 45.1
1555500669.7 46.2
1555500679.71 45.6
1555500689.73 45.6
1555500699.74 45.1
1555500709.76 45.6
1555500719.78 45.6
1555500729.8 45.6
1555500739.81 46.2
1555500749.83 45.6
1555500759.86 45.6
1555500769.87 46.2
1555500779.89 46.2
1555500789.9 45.6
1555500799.93 45.6
1555500809.94 46.2
1555500819.96 46.2
1555500829.97 45.1
1555500839.99 45.6
1555500850.01 46.2
1555500860.03 45.6
1555500870.05 46.2
1555500880.06 46.7
1555500890.07 46.2
1555500900.09 46.7
1555500910.1 46.2
1555500920.12 46.2
1555500930.14 46.2
1555500940.16 46.7
1555500950.17 46.7
1555500960.19 46.2
1555500970.21 46.7
1555500980.22 46.7
1555500990.24 46.7
1555501000.26 46.2
1555501010.28 46.2
1555501020.3 46.2
1555501030.31 46.7
1555501040.33 46.7
1555501050.35 46.2
1555501060.37 46.2
1555501070.38 46.7
1555501080.4 46.2
1555501090.41 46.2
1555501100.43 46.7
1555501110.45 46.2
1555501120.47 46.2
1555501130.48 46.2
1555501140.5 45.6
1555501150.52 46.7
1555501160.54 45.6
1555501170.56 45.6
1555501180.57 45.6
1555501190.59 46.7
1555501200.61 46.2
1555501210.63 45.6
1555501220.65 45.6
1555501230.67 46.2
1555501240.69 46.7
1555501250.7 46.2
1555501260.72 46.2
1555501270.73 46.2
1555501280.75 46.2
1555501290.77 46.2
1555501300.79 46.7
1555501310.8 45.6
1555501320.82 45.1
1555501330.85 45.1
1555501340.87 45.1
1555501350.88 46.2
1555501360.9 45.1
1555501370.92 45.6
1555501380.94 46.2
1555501390.96 45.6
1555501400.98 45.6
1555501411.0 45.1
1555501421.02 46.2
1555501431.04 46.2
1555501441.06 46.7
1555501451.08 45.1
1555501461.11 46.2
1555501471.13 46.2
1555501481.15 46.2
1555501491.17 46.2
1555501501.19 46.2
1555501511.21 46.2
1555501521.22 47.2
1555501531.24 45.6
1555501541.26 46.2
1555501551.27 46.2
1555501561.29 46.2
1555501571.3 47.2
1555501581.32 47.2
1555501591.33 46.7
1555501601.35 47.2
1555501611.37 47.2
1555501621.39 47.2
1555501631.41 47.8
1555501641.42 47.2
1555501651.44 46.2
1555501661.46 46.2
1555501671.47 47.8
1555501681.49 47.2
1555501691.5 46.2
1555501701.52 46.2
1555501711.54 46.7
1555501721.56 47.2
1555501731.57 47.2
1555501741.59 47.2
1555501751.6 47.8
1555501761.62 47.2
1555501771.63 47.8
1555501781.65 47.2
1555501791.66 47.8
1555501801.68 46.7
1555501811.7 47.8
1555501821.72 47.2
1555501831.73 47.8
1555501841.74 48.3
1555501851.75 47.2
1555501861.77 46.7
1555501871.79 48.3
1555501881.81 47.8
1555501891.82 47.2
1555501901.84 47.2
1555501911.85 47.2
1555501921.87 47.2
1555501931.88 48.3
1555501941.89 48.3
1555501951.91 47.8
1555501961.92 47.8
1555501971.95 47.8
1555501981.97 47.2
1555501991.99 48.3
1555502002.02 48.3
1555502012.04 47.2
1555502022.05 48.3
1555502032.07 48.3
1555502042.09 47.8
1555502052.1 48.3
1555502062.12 47.2
1555502072.14 48.3
1555502082.16 48.3
1555502092.18 48.3
1555502102.2 48.3
1555502112.21 48.3
1555502122.23 48.3
1555502132.24 48.9
1555502142.25 47.8
1555502152.28 48.3
1555502162.3 48.3
1555502172.32 47.8
1555502182.34 48.3
1555502192.35 48.3
1555502202.37 48.9
1555502212.38 48.9
1555502222.4 48.3
1555502232.42 48.9
1555502242.43 48.3
1555502252.45 47.8
1555502262.47 48.3
1555502272.48 48.3
1555502282.5 48.3
1555502292.51 48.3
1555502302.53 48.3
1555502312.55 48.3
1555502322.56 48.3
1555502332.59 48.3
1555502342.61 47.8
1555502352.62 48.3
1555502362.64 48.3
1555502372.66 47.8
1555502382.67 48.3
1555502392.69 47.8
1555502402.71 48.3
1555502412.73 48.3
1555502422.75 47.8
1555502432.76 48.3
1555502442.78 48.3
1555502452.8 47.8
1555502462.81 48.3
1555502472.83 47.8
1555502482.85 47.8
1555502492.86 48.3
1555502502.88 48.3
1555502512.9 48.3
1555502522.92 47.8
1555502532.94 47.8
1555502542.96 47.8
1555502552.97 48.3
1555502562.99 48.3
1555502573.01 47.8
1555502583.02 48.3
1555502593.04 47.8
1555502603.06 47.8
1555502613.08 48.3
1555502623.1 47.2
1555502633.11 48.3
1555502643.14 47.8
1555502653.16 47.8
1555502663.18 48.3
1555502673.21 47.8
1555502683.23 48.3
1555502693.25 47.8
1555502703.27 47.2
1555502713.3 47.8
1555502723.31 47.8
1555502733.33 48.3
1555502743.35 48.3
1555502753.37 48.9
1555502763.39 48.3
1555502773.4 48.9
1555502783.42 48.3
1555502793.44 48.3
1555502803.46 48.3
1555502813.48 48.3
1555502823.5 48.3
1555502833.51 48.3
1555502843.53 48.3
1555502853.55 48.3
1555502863.56 48.9
1555502873.58 48.3
1555502883.6 48.3
1555502893.61 48.3
1555502903.64 48.9
1555502913.65 48.3
1555502923.67 48.3
1555502933.69 48.9
1555502943.71 48.3
1555502953.73 48.3
1555502963.75 48.3
1555502973.77 49.4
1555502983.78 48.9
1555502993.8 48.3
1555503003.82 48.3
1555503013.84 47.8
1555503023.86 48.3
1555503033.88 48.3
1555503043.9 48.3
1555503053.92 49.4
1555503063.94 49.4
1555503073.95 48.9
1555503083.97 48.3
1555503093.99 48.3
1555503104.0 49.4
1555503114.01 49.4
1555503124.03 48.9
1555503134.05 48.9
1555503144.06 48.3
1555503154.08 49.4
1555503164.1 49.4
1555503174.11 49.4
1555503184.13 48.3
1555503194.15 48.9
1555503204.17 48.3
1555503214.19 47.8
1555503224.2 48.3
1555503234.22 48.3
1555503244.23 48.3
1555503254.25 48.3
1555503264.27 48.3
1555503274.29 48.3
1555503284.31 48.3
1555503294.33 48.9
1555503304.35 49.4
1555503314.37 48.3
1555503324.38 48.9
1555503334.4 48.3
1555503344.42 48.3
1555503354.44 49.4
1555503364.45 49.4
1555503374.47 48.3
1555503384.49 49.4
1555503394.51 48.3
1555503404.52 48.3
1555503414.54 48.3
1555503424.56 48.3
1555503434.58 49.4
1555503444.6 48.3
1555503454.62 48.3
1555503464.64 49.4
1555503474.65 49.4
1555503484.67 49.4
1555503494.68 49.9
1555503504.7 49.4
1555503514.72 49.4
1555503524.73 49.4
1555503534.75 49.9
1555503544.76 49.9
1555503554.78 49.4
1555503564.8 49.4
1555503574.81 50.5
1555503584.83 49.4
1555503594.85 49.4
1555503604.87 49.4
1555503614.88 49.4
1555503624.9 49.4
1555503634.92 49.4
1555503644.93 49.9
1555503654.95 49.9
1555503664.97 49.9
1555503674.99 49.4
1555503685.01 49.4
1555503695.02 49.9
1555503705.04 49.9
1555503715.05 50.5
1555503725.07 49.9
1555503735.09 49.9
1555503745.1 49.4
1555503755.12 49.9
1555503765.14 49.4
1555503775.16 49.4
1555503785.17 49.4
1555503795.19 49.4
1555503805.21 49.4
1555503815.23 49.4
1555503825.25 49.4
1555503835.27 49.4
1555503845.29 49.4
1555503855.3 49.4
1555503865.32 49.4
1555503875.34 49.4
1555503885.36 49.4
1555503895.38 49.9
1555503905.39 49.4
1555503915.4 49.4
1555503925.42 49.9
1555503935.44 49.4
1555503945.46 49.4
1555503955.47 49.9
1555503965.49 49.4
1555503975.5 50.5
1555503985.52 50.5
1555503995.54 50.5
1555504005.55 50.5
1555504015.57 50.5
1555504025.59 49.4
1555504035.62 50.5
1555504045.64 49.9
1555504055.65 49.9
1555504065.67 49.9
1555504075.69 49.9
1555504085.71 50.5
1555504095.72 49.9
1555504105.74 49.9
1555504115.75 50.5
1555504125.77 49.4
1555504135.79 49.9
1555504145.81 49.9
1555504155.83 49.4
1555504165.85 49.9
1555504175.86 50.5
1555504185.88 50.5
1555504195.9 50.5
1555504205.91 51.5
1555504215.93 50.5
1555504225.95 51.0
1555504235.97 50.5
1555504245.98 51.0
1555504255.99 49.9
1555504266.0 51.0
1555504276.02 51.5
1555504286.03 51.0
1555504296.05 50.5
1555504306.07 51.5
1555504316.09 51.0
1555504326.1 50.5
1555504336.12 50.5
1555504346.13 51.0
1555504356.15 50.5
1555504366.17 49.9
1555504376.18 50.5
1555504386.2 51.0
1555504396.21 50.5
1555504406.23 50.5
1555504416.25 51.0
1555504426.27 50.5
1555504436.28 51.0
1555504446.3 50.5
1555504456.32 50.5
1555504466.34 50.5
1555504476.36 50.5
1555504486.37 51.0
1555504496.39 49.9
1555504506.4 50.5
1555504516.41 51.0
1555504526.43 51.0
1555504536.44 51.5
1555504546.46 51.5
1555504556.48 50.5
1555504566.49 50.5
1555504576.51 51.0
1555504586.52 51.0
1555504596.53 51.5
1555504606.55 51.0
1555504616.56 51.5
1555504626.58 51.5
1555504636.59 51.5
1555504646.61 51.5
1555504656.62 50.5
1555504666.64 51.5
1555504676.66 51.0
1555504686.67 51.5
1555504696.69 50.5
1555504706.7 51.5
1555504716.71 51.5
1555504726.73 51.0
1555504736.74 51.5
1555504746.75 52.1
1555504756.77 51.5
1555504766.78 52.1
1555504776.81 50.5
1555504786.82 51.5
1555504796.84 50.5
1555504806.85 51.5
1555504816.86 51.5
1555504826.88 51.0
1555504836.89 51.5
1555504846.91 52.1
1555504856.92 51.5
1555504866.94 51.5
1555504876.96 52.1
1555504886.98 51.5
1555504896.99 51.5
1555504907.0 51.5
1555504917.02 51.5
1555504927.04 52.1
1555504937.05 51.5
1555504947.07 51.5
1555504957.08 52.1
1555504967.1 52.1
1555504977.12 51.5
1555504987.13 51.5
1555504997.16 51.5
1555505007.17 52.1
1555505017.19 52.1
1555505027.2 52.1
1555505037.22 52.1
1555505047.24 52.1
1555505057.25 52.1
1555505067.27 52.6
1555505077.29 52.6
1555505087.3 52.1
1555505097.32 52.6
1555505107.34 52.6
1555505117.35 51.5
1555505127.36 52.1
1555505137.37 52.1
1555505147.38 52.6
1555505157.4 52.1
1555505167.42 51.5
1555505177.44 52.6
1555505187.45 52.1
1555505197.47 51.5
1555505207.48 52.6
1555505217.5 52.1
1555505227.52 52.6
1555505237.53 52.1
1555505247.54 51.5
1555505257.56 52.1
1555505267.57 52.1
1555505277.59 51.5
1555505287.62 51.5
1555505297.63 52.1
1555505307.65 52.1
1555505317.66 51.5
1555505327.68 52.1
1555505337.69 51.5
1555505347.71 51.5
1555505357.72 52.1
1555505367.74 51.5
1555505377.76 51.5
1555505387.77 51.0
1555505397.79 51.0
1555505407.8 51.5
1555505417.82 52.1
1555505427.83 51.5
1555505437.85 51.5
1555505447.87 51.5
1555505457.88 51.5
1555505467.9 50.5
1555505477.92 51.0
1555505487.94 50.5
1555505497.96 51.5
1555505507.97 51.5
1555505517.98 52.1
1555505528.0 51.5
1555505538.01 51.5
1555505548.03 50.5
1555505558.05 51.5
1555505568.07 51.5
1555505578.09 51.0
1555505588.11 50.5
1555505598.12 50.5
1555505608.14 50.5
1555505618.16 50.5
1555505628.18 50.5
1555505638.2 49.9
1555505648.22 50.5
1555505658.23 51.5
1555505668.25 51.0
1555505678.28 50.5
1555505688.3 50.5
1555505698.31 51.5
1555505708.33 50.5
1555505718.34 51.5
1555505728.36 51.5
1555505738.37 51.0
1555505748.39 50.5
1555505758.4 50.5
1555505768.42 51.0
1555505778.44 51.5
1555505788.46 51.5
1555505798.48 50.5
1555505808.49 51.0
1555505818.51 51.5
1555505828.53 51.5
1555505838.55 52.1
1555505848.57 50.5
1555505858.59 50.5
1555505868.61 51.5
1555505878.63 51.0
1555505888.64 51.5
1555505898.66 51.0
1555505908.68 52.1
1555505918.7 52.1
1555505928.72 52.1
1555505938.73 52.1
1555505948.75 50.5
1555505958.76 51.5
1555505968.78 52.1
1555505978.8 52.1
1555505988.82 52.1
1555505998.83 51.5
