1555300008.56 47.8
1555300018.58 48.3
1555300028.6 47.2
1555300038.62 47.2
1555300048.64 47.2
1555300058.66 47.2
1555300068.67 48.3
1555300078.69 47.2
1555300088.7 47.8
1555300098.72 47.2
1555300108.75 47.2
1555300118.76 47.8
1555300128.78 47.2
1555300138.8 46.2
1555300148.82 47.2
1555300158.84 46.7
1555300168.86 47.2
1555300178.88 47.8
1555300188.9 47.2
1555300198.91 47.8
1555300208.93 47.2
1555300218.96 47.2
1555300228.98 47.8
1555300239.0 47.8
1555300249.02 47.2
1555300259.04 46.7
1555300269.06 47.2
1555300279.08 47.2
1555300289.1 47.2
1555300299.12 47.2
1555300309.14 46.7
1555300319.16 46.7
1555300329.18 47.2
1555300339.2 47.8
1555300349.22 47.2
1555300359.23 47.2
1555300369.25 46.7
1555300379.28 46.7
1555300389.29 47.8
1555300399.32 47.8
1555300409.34 46.7
1555300419.36 47.2
1555300429.38 47.8
1555300439.39 47.8
1555300449.41 47.8
1555300459.43 47.2
1555300469.45 47.2
1555300479.47 47.2
1555300489.49 47.2
1555300499.51 47.2
1555300509.53 47.2
1555300519.55 47.2
1555300529.57 47.2
1555300539.59 47.8
1555300549.61 47.2
1555300559.63 47.2
1555300569.65 47.2
1555300579.67 47.8
1555300589.68 47.8
1555300599.7 47.2
1555300609.72 47.2
1555300619.73 47.2
1555300629.75 47.8
1555300639.77 47.8
1555300649.78 47.8
1555300659.8 47.2
1555300669.82 47.2
1555300679.83 48.3
1555300689.85 47.2
1555300699.87 47.8
1555300709.88 48.3
1555300719.9 47.8
1555300729.92 48.3
1555300739.94 47.2
1555300749.95 48.3
1555300759.97 48.3
1555300769.99 47.8
1555300780.0 48.3
1555300790.02 47.8
1555300800.04 47.2
1555300810.06 48.3
1555300820.08 47.8
1555300830.1 47.8
1555300840.12 48.3
1555300850.14 48.3
1555300860.16 47.2
1555300870.17 47.8
1555300880.19 47.8
1555300890.21 47.2
1555300900.22 48.3
1555300910.24 48.3
1555300920.26 47.2
1555300930.27 47.2
1555300940.3 47.2
1555300950.32 47.2
1555300960.33 47.2
1555300970.36 47.8
1555300980.38 47.8
1555300990.39 47.8
1555301000.41 47.8
1555301010.43 47.2
1555301020.44 48.3
1555301030.46 47.2
1555301040.48 47.2
1555301050.5 47.8
1555301060.52 47.2
1555301070.54 47.2
1555301080.56 47.2
1555301090.58 47.8
1555301100.6 47.2
1555301110.62 47.8
1555301120.63 47.8
1555301130.65 47.8
1555301140.66 47.8
1555301150.69 47.8
1555301160.7 47.2
1555301170.72 47.2
1555301180.74 47.2
1555301190.76 47.8
1555301200.78 47.2
1555301210.8 47.8
1555301220.82 47.2
1555301230.84 48.3
1555301240.86 47.8
1555301250.88 47.2
1555301260.9 47.2
1555301270.91 47.2
1555301280.93 46.7
1555301290.95 47.2
1555301300.96 47.8
1555301310.97 48.3
1555301320.99 47.2
1555301331.01 46.7
1555301341.03 46.2
1555301351.05 46.7
1555301361.07 47.2
1555301371.09 46.7
1555301381.11 47.2
1555301391.13 46.2
1555301401.16 47.2
1555301411.18 47.2
1555301421.2 47.2
1555301431.22 46.2
1555301441.24 46.7
1555301451.25 47.2
1555301461.27 47.2
1555301471.29 46.7
1555301481.3 46.7
1555301491.32 47.8
1555301501.34 47.2
1555301511.35 47.2
1555301521.37 47.2
1555301531.39 47.2
1555301541.41 47.2
1555301551.43 47.2
1555301561.44 47.8
1555301571.46 47.2
1555301581.47 47.8
1555301591.49 47.2
1555301601.5 47.2
1555301611.53 47.2
1555301621.56 47.2
1555301631.57 47.2
1555301641.58 47.8
1555301651.59 47.8
1555301661.61 47.2
1555301671.63 46.2
1555301681.64 47.8
1555301691.66 46.7
1555301701.68 46.7
1555301711.7 46.2
1555301721.71 47.2
1555301731.73 46.2
1555301741.74 47.2
1555301751.76 47.8
1555301761.77 47.8
1555301771.8 47.2
1555301781.82 47.2
1555301791.83 47.2
1555301801.85 47.2
1555301811.87 48.3
1555301821.88 47.2
1555301831.9 47.2
1555301841.92 46.7
1555301851.94 47.8
1555301861.96 47.2
1555301871.97 47.2
1555301881.99 47.2
1555301892.02 47.2
1555301902.04 47.2
1555301912.05 47.2
1555301922.06 47.2
1555301932.08 47.2
1555301942.1 46.7
1555301952.12 46.7
1555301962.14 47.2
1555301972.16 47.2
1555301982.18 47.2
1555301992.2 46.7
1555302002.21 47.8
1555302012.22 47.8
1555302022.24 47.2
1555302032.26 47.8
1555302042.27 47.2
1555302052.29 47.8
1555302062.31 46.7
1555302072.33 47.2
1555302082.35 47.2
1555302092.37 47.2
1555302102.39 47.2
1555302112.4 47.2
1555302122.42 46.7
1555302132.44 47.8
1555302142.45 47.2
1555302152.47 47.8
1555302162.49 47.2
1555302172.51 46.7
1555302182.53 47.2
1555302192.54 47.2
1555302202.55 48.3
1555302212.56 48.3
1555302222.57 47.2
1555302232.6 47.2
1555302242.61 47.2
1555302252.64 47.2
1555302262.65 47.8
1555302272.67 47.2
1555302282.68 48.3
1555302292.7 47.2
1555302302.71 47.8
1555302312.73 47.2
1555302322.75 47.2
1555302332.76 47.8
1555302342.78 47.2
1555302352.8 47.2
1555302362.81 47.2
1555302372.83 47.8
1555302382.85 47.2
1555302392.87 47.2
1555302402.89 47.8
1555302412.91 47.2
1555302422.93 46.7
1555302432.95 47.2
1555302442.97 47.8
1555302452.99 47.2
1555302463.01 47.8
1555302473.03 47.2
1555302483.04 47.8
1555302493.06 47.2
1555302503.08 46.7
1555302513.1 47.8
1555302523.12 47.2
1555302533.14 47.2
1555302543.16 46.7
1555302553.18 47.2
1555302563.19 47.2
1555302573.21 46.7
1555302583.23 47.2
1555302593.24 47.2
1555302603.27 46.7
1555302613.29 47.2
1555302623.31 46.7
1555302633.32 46.2
1555302643.34 47.2
1555302653.36 46.7
1555302663.37 47.2
1555302673.39 47.2
1555302683.4 47.8
1555302693.42 47.2
1555302703.45 47.2
1555302713.47 46.7
1555302723.49 46.7
1555302733.51 46.2
1555302743.53 46.2
1555302753.55 46.7
1555302763.57 46.7
1555302773.59 46.7
1555302783.61 47.8
1555302793.63 47.2
1555302803.64 47.8
1555302813.66 46.7
1555302823.68 46.7
1555302833.71 47.2
1555302843.73 47.2
1555302853.74 47.2
1555302863.76 47.8
1555302873.78 47.2
1555302883.8 47.2
1555302893.82 47.2
1555302903.84 47.2
1555302913.86 47.2
1555302923.88 47.2
1555302933.9 47.8
1555302943.9 47.8
1555302953.92 47.2
1555302963.95 46.7
1555302973.97 46.7
1555302983.98 47.2
1555302994.0 46.7
1555303004.02 46.7
1555303014.03 47.2
1555303024.05 47.2
1555303034.07 47.8
1555303044.09 47.8
1555303054.11 46.7
1555303064.13 47.2
1555303074.15 46.7
1555303084.17 46.7
1555303094.19 47.8
1555303104.2 47.8
1555303114.22 47.2
1555303124.24 47.2
1555303134.27 48.3
1555303144.29 47.2
1555303154.3 47.8
1555303164.32 47.2
1555303174.35 46.7
1555303184.36 47.2
1555303194.38 47.2
1555303204.4 47.2
1555303214.42 46.7
1555303224.45 46.7
1555303234.47 46.7
1555303244.48 46.2
1555303254.5 47.2
1555303264.52 46.7
1555303274.54 46.7
1555303284.56 47.2
1555303294.58 47.2
1555303304.6 47.2
1555303314.61 47.8
1555303324.63 47.2
1555303334.65 46.7
1555303344.66 47.2
1555303354.68 46.7
1555303364.7 46.2
1555303374.71 46.7
1555303384.74 46.2
1555303394.75 46.2
1555303404.78 47.8
1555303414.79 47.2
1555303424.81 47.2
1555303434.83 47.2
1555303444.84 47.8
1555303454.86 46.7
1555303464.87 46.7
1555303474.9 46.7
1555303484.92 46.2
1555303494.94 46.7
1555303504.96 46.7
1555303514.98 46.2
1555303525.0 46.2
1555303535.01 47.2
1555303545.03 46.7
1555303555.05 47.2
1555303565.07 47.2
1555303575.08 46.7
1555303585.1 46.2
1555303595.12 46.2
1555303605.14 46.7
1555303615.16 46.2
1555303625.18 46.7
1555303635.2 46.2
1555303645.22 46.2
1555303655.24 46.7
1555303665.25 46.7
1555303675.27 46.2
1555303685.3 46.2
1555303695.32 46.2
1555303705.34 47.2
1555303715.35 47.8
1555303725.37 46.7
1555303735.38 47.2
1555303745.4 46.2
1555303755.42 46.2
1555303765.44 46.2
1555303775.45 47.2
1555303785.47 47.2
1555303795.49 47.2
1555303805.51 47.2
1555303815.53 47.2
1555303825.54 47.2
1555303835.56 46.7
1555303845.58 46.7
1555303855.6 47.2
1555303865.62 46.2
1555303875.64 47.2
1555303885.66 46.2
1555303895.68 46.7
1555303905.7 46.2
1555303915.72 47.2
1555303925.73 47.2
1555303935.75 47.2
1555303945.77 45.6
1555303955.8 46.7
1555303965.81 47.2
1555303975.83 46.2
1555303985.85 46.7
1555303995.87 46.2
1555304005.89 46.2
1555304015.91 46.2
1555304025.93 46.7
1555304035.95 47.2
1555304045.97 46.7
1555304055.99 46.7
1555304066.01 46.7
1555304076.03 47.2
1555304086.05 47.2
1555304096.08 46.7
1555304106.1 47.2
1555304116.12 47.2
1555304126.14 47.2
1555304136.16 46.2
1555304146.18 46.2
1555304156.2 47.2
1555304166.22 46.2
1555304176.24 46.2
1555304186.26 46.2
1555304196.28 46.2
1555304206.3 46.7
1555304216.32 46.7
1555304226.34 46.2
1555304236.36 46.7
1555304246.37 47.2
1555304256.39 47.2
1555304266.4 47.2
1555304276.42 46.7
1555304286.44 46.2
1555304296.46 46.7
1555304306.48 47.8
1555304316.5 47.2
1555304326.52 46.2
1555304336.54 46.2
1555304346.55 47.2
1555304356.57 46.2
1555304366.59 46.7
1555304376.61 47.2
1555304386.63 47.2
1555304396.65 47.2
1555304406.67 47.2
1555304416.7 46.2
1555304426.72 47.2
1555304436.73 47.2
1555304446.75 47.2
1555304456.77 47.2
1555304466.8 46.7
1555304476.82 46.7
1555304486.84 46.7
1555304496.86 46.2
1555304506.88 46.7
1555304516.9 46.2
1555304526.92 46.2
1555304536.94 46.2
1555304546.96 46.2
1555304556.98 46.2
1555304567.01 46.2
1555304577.03 46.2
1555304587.05 46.2
1555304597.07 46.2
1555304607.09 46.2
1555304617.11 46.7
1555304627.13 46.7
1555304637.14 47.2
1555304647.16 46.2
1555304657.18 46.2
1555304667.2 46.7
1555304677.22 46.2
1555304687.24 46.7
1555304697.26 46.2
1555304707.28 46.2
1555304717.3 46.2
1555304727.32 46.2
1555304737.34 46.2
1555304747.36 45.6
1555304757.38 46.2
1555304767.4 46.2
1555304777.42 46.2
1555304787.44 45.6
1555304797.46 46.2
1555304807.48 46.2
1555304817.5 46.2
1555304827.53 46.2
1555304837.54 46.2
1555304847.56 46.2
1555304857.58 46.2
1555304867.6 46.2
1555304877.62 46.2
1555304887.64 45.6
1555304897.66 45.6
1555304907.68 46.2
1555304917.7 46.2
1555304927.71 46.2
1555304937.73 46.2
1555304947.75 46.2
1555304957.76 46.7
1555304967.78 46.2
1555304977.81 46.7
1555304987.82 45.6
1555304997.84 46.2
1555305007.86 46.2
1555305017.87 47.2
1555305027.89 47.2
1555305037.91 46.2
1555305047.93 46.2
1555305057.94 47.2
1555305067.96 47.2
1555305077.98 47.2
1555305088.0 47.2
1555305098.01 47.2
1555305108.03 46.2
1555305118.06 46.2
1555305128.07 47.2
1555305138.09 47.2
1555305148.11 46.2
1555305158.13 45.6
1555305168.15 47.2
1555305178.16 47.2
1555305188.18 46.2
1555305198.2 46.7
1555305208.22 47.2
1555305218.25 46.2
1555305228.27 46.2
1555305238.29 46.2
1555305248.31 46.2
1555305258.33 46.2
1555305268.35 46.2
1555305278.37 45.6
1555305288.38 47.2
1555305298.4 46.2
1555305308.43 46.2
1555305318.45 45.6
1555305328.46 46.2
1555305338.48 46.2
1555305348.5 45.6
1555305358.52 45.6
1555305368.54 45.6
1555305378.56 45.6
1555305388.58 46.2
1555305398.59 45.6
1555305408.61 45.6
1555305418.63 45.1
1555305428.65 45.1
1555305438.67 45.6
1555305448.7 46.2
1555305458.72 45.6
1555305468.74 46.2
1555305478.75 46.2
1555305488.78 45.6
1555305498.8 45.6
1555305508.82 46.2
1555305518.84 45.6
1555305528.86 45.6
1555305538.88 45.6
1555305548.89 46.7
1555305558.92 45.6
1555305568.94 45.1
1555305578.96 45.6
1555305588.98 45.6
1555305599.0 46.2
1555305609.02 46.2
1555305619.04 45.6
1555305629.06 46.2
1555305639.08 46.7
1555305649.1 46.2
1555305659.12 46.2
1555305669.14 47.2
1555305679.16 46.7
1555305689.18 46.2
1555305699.2 46.2
1555305709.21 46.2
1555305719.23 46.2
1555305729.25 46.2
1555305739.27 46.2
1555305749.29 46.2
1555305759.31 46.7
1555305769.33 46.2
1555305779.34 47.2
1555305789.37 46.2
1555305799.39 46.2
1555305809.41 46.2
1555305819.43 46.7
1555305829.45 46.2
1555305839.46 46.2
1555305849.48 45.6
1555305859.5 47.2
1555305869.52 46.7
1555305879.54 46.2
1555305889.56 46.2
1555305899.58 46.2
1555305909.6 46.2
1555305919.62 47.2
1555305929.62 47.2
1555305939.64 46.7
1555305949.66 46.2
1555305959.68 46.2
1555305969.7 46.2
1555305979.72 46.2
1555305989.74 46.2
1555305999.76 46.2
1555306009.78 46.2
1555306019.8 45.6
1555306029.82 46.7
1555306039.84 46.2
1555306049.86 45.6
1555306059.88 45.6
1555306069.9 46.2
1555306079.92 46.2
1555306089.94 47.2
1555306099.96 45.6
1555306109.98 46.2
1555306120.0 46.2
1555306130.02 46.2
1555306140.04 45.6
1555306150.06 46.2
1555306160.08 46.2
1555306170.1 46.2
1555306180.12 46.2
1555306190.14 46.2
1555306200.16 46.2
1555306210.17 46.2
1555306220.19 45.6
1555306230.21 46.2
1555306240.23 46.2
1555306250.25 45.6
1555306260.27 46.2
1555306270.29 45.6
1555306280.31 46.2
1555306290.33 46.2
1555306300.35 45.6
1555306310.36 46.2
1555306320.38 46.2
1555306330.4 46.2
1555306340.42 46.2
1555306350.44 45.6
1555306360.46 46.2
1555306370.47 46.7
1555306380.5 46.2
1555306390.51 46.2
1555306400.53 46.2
1555306410.56 45.6
1555306420.57 45.6
1555306430.6 46.2
1555306440.61 46.2
1555306450.64 46.2
1555306460.65 46.2
1555306470.67 45.1
1555306480.69 45.6
1555306490.71 46.7
1555306500.73 45.1
1555306510.75 45.6
1555306520.77 46.2
1555306530.79 45.6
1555306540.82 46.2
1555306550.83 46.2
1555306560.85 46.2
1555306570.87 46.2
1555306580.89 46.2
1555306590.91 46.2
1555306600.93 46.2
1555306610.95 45.6
1555306620.97 45.6
1555306630.99 45.6
1555306641.01 46.2
1555306651.03 45.1
1555306661.05 46.2
1555306671.07 46.2
1555306681.09 46.2
1555306691.11 46.2
1555306701.13 45.1
1555306711.14 46.2
1555306721.16 46.2
1555306731.18 45.1
1555306741.2 45.1
1555306751.22 46.7
1555306761.24 46.2
1555306771.26 46.2
1555306781.28 46.7
1555306791.3 46.2
1555306801.32 46.2
1555306811.34 46.2
1555306821.35 47.2
1555306831.37 46.2
1555306841.4 46.2
1555306851.41 46.7
1555306861.43 47.2
1555306871.45 46.2
1555306881.47 46.2
1555306891.49 45.6
1555306901.51 46.2
1555306911.52 46.7
1555306921.54 45.6
1555306931.56 46.2
1555306941.57 46.2
1555306951.6 46.2
1555306961.62 46.2
1555306971.63 47.2
1555306981.65 46.2
1555306991.67 46.2
1555307001.69 46.7
1555307011.71 46.2
1555307021.73 45.6
1555307031.74 46.2
1555307041.76 46.7
1555307051.78 46.2
1555307061.8 46.2
1555307071.82 45.6
1555307081.84 46.2
1555307091.86 45.6
1555307101.88 46.2
1555307111.9 45.6
1555307121.92 45.6
1555307131.94 46.2
1555307141.95 46.2
1555307151.97 46.2
1555307161.99 45.6
1555307172.01 46.2
1555307182.03 46.7
1555307192.05 46.2
1555307202.07 47.2
1555307212.09 46.2
1555307222.11 45.6
1555307232.13 46.7
1555307242.15 45.6
1555307252.17 45.6
1555307262.19 45.6
1555307272.21 46.2
1555307282.23 45.6
1555307292.25 45.6
1555307302.27 45.6
1555307312.29 46.2
1555307322.31 46.2
1555307332.33 46.2
1555307342.35 46.2
1555307352.37 46.2
1555307362.39 46.2
1555307372.41 45.6
1555307382.43 46.2
1555307392.45 46.2
1555307402.47 46.2
1555307412.48 45.6
1555307422.5 46.2
1555307432.52 45.1
1555307442.54 46.2
1555307452.56 46.2
1555307462.58 46.2
1555307472.6 46.2
1555307482.62 46.2
1555307492.64 46.2
1555307502.66 46.2
1555307512.68 45.6
1555307522.7 46.2
1555307532.73 46.2
1555307542.75 46.2
1555307552.77 45.6
1555307562.79 46.2
1555307572.81 46.2
1555307582.83 46.2
1555307592.85 46.2
1555307602.87 45.6
1555307612.89 45.6
1555307622.91 46.2
1555307632.93 46.2
1555307642.95 45.6
1555307652.96 46.2
1555307662.98 46.2
1555307673.0 46.7
1555307683.02 46.2
1555307693.05 46.2
1555307703.07 46.2
1555307713.09 46.2
1555307723.1 46.2
1555307733.12 46.2
1555307743.13 46.2
1555307753.15 45.6
1555307763.17 46.2
1555307773.19 46.2
1555307783.21 46.2
1555307793.23 46.2
1555307803.25 45.6
1555307813.27 46.2
1555307823.29 47.2
1555307833.31 46.7
1555307843.33 46.7
1555307853.34 47.2
1555307863.37 46.2
1555307873.38 47.2
1555307883.4 46.2
1555307893.42 46.2
1555307903.44 46.2
1555307913.46 46.2
1555307923.49 46.2
1555307933.5 47.2
1555307943.52 46.2
1555307953.54 46.2
1555307963.56 46.2
1555307973.58 46.7
1555307983.6 46.2
1555307993.62 46.2
1555308003.64 46.2
1555308013.66 45.6
1555308023.68 46.2
1555308033.7 46.2
1555308043.72 46.2
1555308053.74 46.2
1555308063.76 46.2
1555308073.78 46.2
1555308083.8 46.2
1555308093.82 46.2
1555308103.84 46.2
1555308113.86 46.2
1555308123.88 46.2
1555308133.9 46.2
1555308143.92 46.7
1555308153.94 46.2
1555308163.96 46.2
1555308173.98 46.7
1555308184.0 46.2
1555308194.02 46.7
1555308204.04 46.2
1555308214.06 46.2
1555308224.08 46.2
1555308234.09 46.2
1555308244.11 46.2
1555308254.13 47.2
1555308264.15 46.2
1555308274.17 46.2
1555308284.19 46.2
1555308294.21 46.2
1555308304.23 46.2
1555308314.24 47.2
1555308324.26 46.2
1555308334.28 46.2
1555308344.3 47.2
1555308354.31 46.2
1555308364.33 46.2
1555308374.35 46.2
1555308384.37 46.2
1555308394.39 47.2
1555308404.41 47.2
1555308414.43 46.2
1555308424.45 47.2
1555308434.46 46.7
1555308444.48 46.2
1555308454.5 46.2
1555308464.52 46.2
1555308474.54 47.2
1555308484.56 46.2
1555308494.58 46.2
1555308504.6 46.2
1555308514.62 46.2
1555308524.64 47.2
1555308534.65 47.2
1555308544.67 46.2
1555308554.69 46.2
1555308564.71 46.7
1555308574.73 46.2
1555308584.75 46.2
1555308594.77 46.2
1555308604.79 47.2
1555308614.8 46.7
1555308624.82 46.2
1555308634.84 45.6
1555308644.86 45.6
1555308654.88 46.2
1555308664.89 46.7
1555308674.91 46.2
1555308684.93 46.2
1555308694.95 46.2
1555308704.98 46.2
1555308715.0 46.2
1555308725.01 46.2
1555308735.03 46.2
1555308745.04 47.2
1555308755.07 46.2
1555308765.09 46.2
1555308775.11 46.2
1555308785.13 46.2
1555308795.15 45.6
1555308805.16 46.7
1555308815.18 46.2
1555308825.21 45.6
1555308835.23 46.2
1555308845.25 45.1
1555308855.27 46.2
1555308865.28 45.6
1555308875.3 46.2
1555308885.33 46.2
1555308895.35 45.6
1555308905.37 46.2
1555308915.39 46.2
1555308925.41 46.2
1555308935.43 46.2
1555308945.45 45.6
1555308955.47 46.2
1555308965.49 45.6
1555308975.5 46.7
1555308985.52 45.1
1555308995.55 45.6
1555309005.56 45.6
1555309015.58 46.2
1555309025.59 46.2
1555309035.61 45.6
1555309045.63 46.2
1555309055.65 46.2
1555309065.67 45.6
1555309075.69 46.2
1555309085.71 46.2
1555309095.73 45.1
1555309105.75 45.6
1555309115.77 45.6
1555309125.78 45.6
1555309135.81 46.2
1555309145.83 45.6
1555309155.85 45.6
1555309165.86 46.2
1555309175.88 45.6
1555309185.9 45.6
1555309195.92 45.6
1555309205.93 46.7
1555309215.95 46.2
1555309225.97 46.2
1555309235.99 46.2
1555309246.01 46.2
1555309256.03 46.2
1555309266.05 46.2
1555309276.07 46.2
1555309286.09 46.2
1555309296.1 46.7
1555309306.12 46.2
1555309316.14 45.1
1555309326.16 45.6
1555309336.18 45.1
1555309346.2 46.2
1555309356.22 45.6
1555309366.24 45.1
1555309376.26 46.2
1555309386.28 46.2
1555309396.3 46.2
1555309406.32 45.6
1555309416.34 46.2
1555309426.36 45.6
1555309436.38 45.6
1555309446.4 45.1
1555309456.42 46.2
1555309466.44 45.6
1555309476.46 45.6
1555309486.48 45.6
1555309496.5 46.2
1555309506.52 45.1
1555309516.54 46.2
1555309526.55 46.2
1555309536.57 46.2
1555309546.59 45.6
1555309556.6 46.2
1555309566.62 45.6
1555309576.64 46.2
1555309586.66 45.1
1555309596.68 46.2
1555309606.69 46.2
1555309616.71 46.2
1555309626.73 46.2
1555309636.74 46.2
1555309646.76 45.6
1555309656.78 45.6
1555309666.8 46.2
1555309676.82 45.1
1555309686.84 46.2
1555309696.86 45.6
1555309706.88 45.1
1555309716.9 45.6
1555309726.92 45.6
1555309736.94 45.6
1555309746.95 46.2
1555309756.97 46.2
1555309766.99 45.6
1555309777.01 45.6
1555309787.03 45.6
1555309797.06 45.1
1555309807.07 45.1
1555309817.09 45.6
1555309827.11 45.1
1555309837.13 45.1
1555309847.15 45.6
1555309857.17 45.6
1555309867.19 45.1
1555309877.21 45.6
1555309887.23 45.1
1555309897.26 45.1
1555309907.28 45.1
1555309917.3 45.1
1555309927.3 46.2
1555309937.32 46.2
1555309947.34 45.6
1555309957.36 45.1
1555309967.37 46.2
1555309977.39 45.1
1555309987.41 45.1
1555309997.43 45.1
1555310007.45 45.1
1555310017.46 45.6
1555310027.48 45.1
1555310037.5 45.1
1555310047.52 45.1
1555310057.54 45.1
1555310067.56 45.6
1555310077.57 45.6
1555310087.59 46.2
1555310097.61 45.6
1555310107.63 45.1
1555310117.64 45.6
1555310127.66 45.1
1555310137.68 45.1
1555310147.7 45.1
1555310157.72 45.6
1555310167.74 46.2
1555310177.75 45.6
1555310187.77 45.1
1555310197.79 45.6
1555310207.81 45.1
1555310217.83 45.6
1555310227.85 45.6
1555310237.87 45.1
1555310247.88 45.6
1555310257.9 46.2
1555310267.92 45.1
1555310277.94 45.1
1555310287.96 45.6
1555310297.98 45.1
1555310308.0 45.1
1555310318.02 45.1
1555310328.04 45.6
1555310338.06 45.1
1555310348.09 45.1
1555310358.1 46.2
1555310368.12 46.2
1555310378.14 45.6
1555310388.16 45.6
1555310398.18 45.1
1555310408.2 45.6
1555310418.22 45.1
1555310428.24 46.2
1555310438.26 45.1
1555310448.27 45.1
1555310458.29 45.1
1555310468.3 45.6
1555310478.33 45.1
1555310488.34 45.1
1555310498.36 45.6
1555310508.38 45.1
1555310518.4 45.1
1555310528.42 45.6
1555310538.45 45.1
1555310548.46 45.6
1555310558.48 45.6
1555310568.5 45.6
1555310578.52 45.6
1555310588.53 45.6
1555310598.55 46.2
1555310608.57 45.6
1555310618.59 45.6
1555310628.61 45.1
1555310638.63 45.1
1555310648.65 45.6
1555310658.67 45.1
1555310668.69 45.6
1555310678.71 46.2
1555310688.73 45.6
1555310698.75 45.1
1555310708.77 45.6
1555310718.79 45.6
1555310728.81 45.6
1555310738.83 45.1
1555310748.85 45.1
1555310758.87 45.6
1555310768.89 46.2
1555310778.91 45.1
1555310788.93 45.6
1555310798.94 45.1
1555310808.95 45.6
1555310818.97 45.6
1555310828.99 45.6
1555310839.01 45.1
1555310849.03 45.1
1555310859.06 45.1
1555310869.08 45.1
1555310879.1 45.1
1555310889.12 45.1
1555310899.14 45.1
1555310909.16 45.1
1555310919.18 45.1
1555310929.2 45.1
1555310939.22 45.1
1555310949.24 45.1
1555310959.25 45.1
1555310969.27 45.1
1555310979.29 45.1
1555310989.31 45.1
1555310999.33 45.1
1555311009.35 45.1
1555311019.37 45.1
1555311029.39 45.1
1555311039.41 45.1
1555311049.43 45.1
1555311059.45 45.1
1555311069.47 45.1
1555311079.49 45.1
1555311089.51 45.1
1555311099.52 45.1
1555311109.54 45.1
1555311119.56 45.1
1555311129.58 45.1
1555311139.6 45.1
1555311149.62 45.1
1555311159.65 45.1
1555311169.67 45.6
1555311179.69 44.5
1555311189.71 45.1
1555311199.73 44.5
1555311209.75 45.1
1555311219.78 45.1
1555311229.8 45.1
1555311239.82 44.5
1555311249.84 44.5
1555311259.85 45.6
1555311269.87 45.1
1555311279.89 45.1
1555311289.91 45.1
1555311299.93 45.1
1555311309.95 45.1
1555311319.97 45.1
1555311329.99 45.1
1555311340.01 45.1
1555311350.03 45.1
1555311360.05 45.1
1555311370.07 45.6
1555311380.09 45.1
1555311390.1 45.1
1555311400.14 45.1
1555311410.16 45.1
1555311420.18 45.1
1555311430.2 45.1
1555311440.22 45.1
1555311450.24 45.1
1555311460.26 45.1
1555311470.28 45.1
1555311480.3 45.1
1555311490.32 45.1
1555311500.34 45.1
1555311510.36 44.5
1555311520.38 44.5
1555311530.39 45.1
1555311540.41 45.1
1555311550.43 45.6
1555311560.45 45.1
1555311570.47 45.6
1555311580.48 45.6
1555311590.5 44.5
1555311600.52 45.1
1555311610.55 45.1
1555311620.57 45.1
1555311630.59 44.5
1555311640.6 45.1
1555311650.62 45.1
1555311660.64 45.1
1555311670.66 45.1
1555311680.67 45.1
1555311690.69 44.5
1555311700.71 45.1
1555311710.73 45.1
1555311720.75 44.5
1555311730.77 44.5
1555311740.79 44.5
1555311750.81 45.1
1555311760.83 44.0
1555311770.85 44.5
1555311780.87 45.1
1555311790.89 44.5
1555311800.91 44.5
1555311810.93 44.5
1555311820.96 45.1
1555311830.98 44.5
1555311841.0 44.5
1555311851.02 44.5
1555311861.04 45.1
1555311871.06 45.1
1555311881.08 44.5
1555311891.1 45.1
1555311901.12 45.1
1555311911.14 45.1
1555311921.16 44.5
1555311931.18 45.1
1555311941.2 45.1
1555311951.24 45.1
1555311961.26 45.1
1555311971.28 44.5
1555311981.3 44.5
1555311991.32 45.1
1555312001.34 44.5
1555312011.36 45.6
1555312021.38 45.1
1555312031.4 45.6
1555312041.42 45.1
1555312051.44 44.5
1555312061.47 45.1
1555312071.49 45.1
1555312081.58 45.1
1555312091.6 45.1
1555312101.62 45.1
1555312111.64 45.1
1555312121.66 45.1
1555312131.68 45.1
1555312141.71 45.1
1555312151.73 45.6
1555312161.75 45.1
1555312171.77 45.1
1555312181.79 45.1
1555312191.81 45.1
1555312201.83 45.1
1555312211.85 45.1
1555312221.87 44.5
1555312231.89 45.1
1555312241.92 45.1
1555312251.93 45.1
1555312261.95 45.6
1555312271.97 45.6
1555312281.99 45.1
1555312292.01 45.1
1555312302.03 44.5
1555312312.05 44.5
1555312322.07 45.1
1555312332.09 45.1
1555312342.11 45.1
1555312352.13 45.1
1555312362.15 45.1
1555312372.17 45.6
1555312382.19 45.1
1555312392.21 45.1
1555312402.23 45.1
1555312412.25 45.1
1555312422.27 44.0
1555312432.29 45.1
1555312442.31 45.1
1555312452.33 44.5
1555312462.35 45.1
1555312472.37 45.1
1555312482.39 44.5
1555312492.41 44.5
1555312502.43 45.1
1555312512.45 45.1
1555312522.47 44.5
1555312532.49 44.5
1555312542.51 45.1
1555312552.53 45.1
1555312562.55 44.5
1555312572.57 45.1
1555312582.6 44.5
1555312592.62 45.1
1555312602.64 44.0
1555312612.66 45.1
1555312622.68 45.1
1555312632.7 45.1
1555312642.72 45.1
1555312652.75 45.1
1555312662.77 45.1
1555312672.79 45.1
1555312682.81 45.1
1555312692.83 45.1
1555312702.85 44.5
1555312712.88 44.5
1555312722.9 45.1
1555312732.92 44.5
1555312742.94 45.1
1555312752.97 44.5
1555312762.99 44.5
1555312773.01 44.0
1555312783.03 44.5
1555312793.05 45.1
1555312803.06 45.1
1555312813.08 45.1
1555312823.1 44.5
1555312833.11 45.1
1555312843.13 45.1
1555312853.15 45.6
1555312863.17 45.1
1555312873.19 45.1
1555312883.21 45.1
1555312893.23 45.1
1555312903.24 45.1
1555312913.26 45.1
1555312923.28 45.1
1555312933.3 45.1
1555312943.32 45.1
1555312953.34 45.1
1555312963.36 45.1
1555312973.38 45.6
1555312983.4 45.1
1555312993.42 45.1
1555313003.44 45.6
1555313013.46 44.0
1555313023.48 45.1
1555313033.5 45.1
1555313043.53 45.1
1555313053.55 45.1
1555313063.57 45.1
1555313073.58 45.1
1555313083.6 45.1
1555313093.62 44.5
1555313103.63 45.6
1555313113.65 45.1
1555313123.68 44.5
1555313133.7 45.1
1555313143.72 45.1
1555313153.74 44.5
1555313163.76 44.5
1555313173.78 45.1
1555313183.8 45.1
1555313193.81 45.1
1555313203.83 45.1
1555313213.85 44.0
1555313223.87 44.0
1555313233.89 45.1
1555313243.92 45.1
1555313253.94 44.5
1555313263.96 45.1
1555313273.98 44.5
1555313283.99 45.6
1555313294.01 44.5
1555313304.03 45.1
1555313314.05 44.5
1555313324.07 44.5
1555313334.1 44.5
1555313344.12 45.1
1555313354.14 45.1
1555313364.16 44.5
1555313374.18 44.5
1555313384.2 44.5
1555313394.22 44.0
1555313404.25 44.5
1555313414.27 44.5
1555313424.29 44.5
1555313434.31 44.0
1555313444.33 45.1
1555313454.35 44.5
1555313464.37 44.5
1555313474.39 44.5
1555313484.41 44.0
1555313494.43 44.0
1555313504.45 44.5
1555313514.47 45.1
1555313524.49 44.0
1555313534.51 44.5
1555313544.53 45.1
1555313554.55 44.5
1555313564.57 45.1
1555313574.59 44.0
1555313584.61 45.1
1555313594.63 44.5
1555313604.65 44.0
1555313614.67 45.1
1555313624.69 44.5
1555313634.71 45.1
1555313644.73 44.5
1555313654.75 44.5
1555313664.77 45.1
1555313674.79 44.5
1555313684.81 44.0
1555313694.83 44.0
1555313704.85 44.0
1555313714.87 44.5
1555313724.89 44.5
1555313734.91 44.5
1555313744.94 45.1
1555313754.96 45.1
1555313764.98 44.0
1555313775.0 45.1
1555313785.02 44.5
1555313795.04 44.5
1555313805.06 45.1
1555313815.08 44.5
1555313825.1 44.5
1555313835.12 45.1
1555313845.14 44.0
1555313855.16 45.1
1555313865.18 44.5
1555313875.2 44.0
1555313885.23 44.0
1555313895.25 44.5
1555313905.26 44.0
1555313915.28 44.0
1555313925.31 44.0
1555313935.33 44.5
1555313945.35 44.0
1555313955.37 44.0
1555313965.39 45.1
1555313975.41 44.0
1555313985.43 44.0
1555313995.45 44.5
1555314005.48 44.5
1555314015.49 44.0
1555314025.51 44.5
1555314035.53 44.0
1555314045.55 45.1
1555314055.56 44.0
1555314065.57 45.1
1555314075.59 44.0
1555314085.61 44.5
1555314095.63 44.5
1555314105.65 44.0
1555314115.67 44.5
1555314125.69 45.1
1555314135.71 44.0
1555314145.73 44.5
1555314155.75 44.5
1555314165.77 44.0
1555314175.78 45.1
1555314185.8 44.5
1555314195.82 44.0
1555314205.84 45.1
1555314215.86 44.5
1555314225.88 44.0
1555314235.9 44.5
1555314245.92 44.0
1555314255.93 45.1
1555314265.94 45.1
1555314275.96 45.1
1555314285.98 45.1
1555314295.99 44.5
1555314306.0 45.1
1555314316.02 45.1
1555314326.03 45.6
1555314336.05 45.1
1555314346.07 45.1
1555314356.09 45.1
1555314366.11 45.1
1555314376.13 45.1
1555314386.15 45.1
1555314396.17 45.1
1555314406.19 45.1
1555314416.21 45.1
1555314426.23 45.1
1555314436.25 45.1
1555314446.27 45.1
1555314456.29 45.1
1555314466.3 45.1
1555314476.32 45.1
1555314486.34 45.1
1555314496.36 45.1
1555314506.38 44.5
1555314516.4 45.1
1555314526.42 45.1
1555314536.44 44.0
1555314546.46 45.1
1555314556.48 45.1
1555314566.5 45.1
1555314576.52 45.1
1555314586.54 45.1
1555314596.56 45.1
1555314606.58 45.1
1555314616.6 44.5
1555314626.62 45.6
1555314636.64 45.1
1555314646.66 45.1
1555314656.68 45.1
1555314666.7 45.1
1555314676.71 45.1
1555314686.72 45.1
1555314696.75 45.1
1555314706.76 45.1
1555314716.77 44.5
1555314726.8 44.5
1555314736.82 45.1
1555314746.84 44.5
1555314756.86 45.1
1555314766.88 45.1
1555314776.9 44.5
1555314786.92 44.0
1555314796.94 45.1
1555314806.96 45.1
1555314816.98 44.0
1555314827.0 44.5
1555314837.02 45.1
1555314847.03 45.1
1555314857.06 45.1
1555314867.08 44.5
1555314877.09 45.1
1555314887.11 45.1
1555314897.13 45.6
1555314907.15 45.1
1555314917.16 45.1
1555314927.18 44.5
1555314937.2 44.5
1555314947.22 44.0
1555314957.25 44.5
1555314967.26 45.1
1555314977.28 44.5
1555314987.3 44.0
1555314997.33 45.1
1555315007.35 44.0
1555315017.37 44.5
1555315027.39 44.0
1555315037.4 45.1
1555315047.42 45.1
1555315057.44 45.1
1555315067.45 45.1
1555315077.47 45.1
1555315087.49 45.1
1555315097.52 44.0
1555315107.54 45.1
1555315117.55 45.1
1555315127.57 44.0
1555315137.6 45.1
1555315147.62 44.5
1555315157.64 44.0
1555315167.66 44.5
1555315177.68 44.0
1555315187.7 44.5
1555315197.72 44.0
