1555600000.06 45.6
1555600010.07 45.6
1555600020.1 46.2
1555600030.12 45.1
1555600040.13 45.1
1555600050.16 45.1
1555600060.17 45.1
1555600070.19 45.6
1555600080.21 45.1
1555600090.23 45.1
1555600100.25 45.1
1555600110.27 45.1
1555600120.28 45.1
1555600130.3 44.5
1555600140.32 45.1
1555600150.34 44.5
1555600160.36 45.1
1555600170.38 45.1
1555600180.4 45.1
1555600190.42 44.5
1555600200.44 45.1
1555600210.45 45.1
1555600220.47 45.6
1555600230.48 45.6
1555600240.49 45.1
1555600250.51 45.1
1555600260.53 45.1
1555600270.55 45.6
1555600280.57 45.1
1555600290.59 45.1
1555600300.6 45.1
1555600310.63 45.1
1555600320.65 45.1
1555600330.67 45.1
1555600340.69 45.1
1555600350.71 45.1
1555600360.73 45.1
1555600370.75 45.1
1555600380.77 45.6
1555600390.79 45.1
1555600400.8 45.1
1555600410.83 45.1
1555600420.84 45.1
1555600430.85 44.5
1555600440.87 45.1
1555600450.9 44.0
1555600460.91 45.1
1555600470.93 44.0
1555600480.95 45.1
1555600490.97 45.1
1555600500.97 45.1
1555600510.98 44.5
1555600521.0 45.1
1555600531.02 45.1
1555600541.04 44.0
1555600551.06 45.1
1555600561.07 45.1
1555600571.09 45.1
1555600581.11 45.1
1555600591.13 45.6
1555600601.14 45.6
1555600611.16 45.6
1555600621.17 45.6
1555600631.19 45.1
1555600641.21 45.1
1555600651.23 45.6
1555600661.25 45.1
1555600671.26 45.6
1555600681.28 45.6
1555600691.3 45.1
1555600701.32 45.1
1555600711.33 45.1
1555600721.36 45.1
1555600731.38 45.1
1555600741.39 45.1
1555600751.41 44.5
1555600761.43 45.1
1555600771.45 45.1
1555600781.47 45.1
1555600791.49 45.1
1555600801.5 45.1
1555600811.52 45.1
1555600821.54 45.1
1555600831.56 45.6
1555600841.58 45.1
1555600851.6 45.1
1555600861.62 45.1
1555600871.64 45.6
1555600881.65 45.6
1555600891.67 45.1
1555600901.68 45.1
1555600911.69 45.6
1555600921.71 45.1
1555600931.73 45.1
1555600941.75 45.1
1555600951.78 45.1
1555600961.79 45.1
1555600971.8 45.6
1555600981.82 45.1
1555600991.84 45.6
1555601001.85 45.6
1555601011.87 45.1
1555601021.89 45.1
1555601031.91 45.1
1555601041.92 45.6
1555601051.94 45.1
1555601061.96 45.6
1555601071.98 46.2
1555601081.99 46.2
1555601092.01 45.6
1555601102.04 45.6
1555601112.05 45.1
1555601122.07 46.2
1555601132.09 46.2
1555601142.1 46.2
1555601152.12 46.2
1555601162.14 46.2
1555601172.15 46.2
1555601182.17 45.1
1555601192.18 46.2
1555601202.2 46.2
1555601212.22 45.6
1555601222.24 46.2
1555601232.25 46.7
1555601242.28 46.2
1555601252.3 47.2
1555601262.32 46.7
1555601272.33 47.2
1555601282.35 46.2
1555601292.37 46.2
1555601302.41 46.2
1555601312.43 46.2
1555601322.45 46.2
1555601332.47 46.7
1555601342.48 47.2
1555601352.5 46.7
1555601362.52 46.2
1555601372.54 46.2
1555601382.55 47.2
1555601392.57 46.7
1555601402.58 47.2
1555601412.6 46.7
1555601422.62 46.2
1555601432.64 47.2
1555601442.65 46.2
1555601452.67 47.2
1555601462.69 47.2
1555601472.71 46.2
1555601482.73 46.7
1555601492.74 46.7
1555601502.76 46.7
1555601512.78 46.2
1555601522.8 46.2
1555601532.81 46.2
1555601542.83 46.7
1555601552.85 46.2
1555601562.86 47.2
1555601572.88 46.7
1555601582.89 46.7
1555601592.91 46.7
1555601602.92 46.2
1555601612.95 46.7
1555601622.97 46.2
1555601632.99 46.7
1555601643.01 46.7
1555601653.03 46.2
1555601663.05 47.2
1555601673.06 46.7
1555601683.08 46.2
1555601693.09 46.2
1555601703.1 46.7
1555601713.11 47.2
1555601723.13 46.2
1555601733.15 47.2
1555601743.17 47.2
1555601753.18 47.2
1555601763.2 46.2
1555601773.21 46.2
1555601783.23 46.2
1555601793.24 46.2
1555601803.26 46.2
1555601813.28 46.2
1555601823.3 46.2
1555601833.31 46.7
1555601843.33 46.2
1555601853.35 46.2
1555601863.37 46.2
1555601873.39 45.6
1555601883.4 46.2
1555601893.42 46.2
1555601903.43 46.2
1555601913.45 46.2
1555601923.46 46.2
1555601933.48 46.2
1555601943.49 46.2
1555601953.52 45.6
1555601963.52 46.2
1555601973.53 46.7
1555601983.55 46.7
1555601993.58 46.2
1555602003.6 45.6
1555602013.61 46.7
1555602023.63 45.6
1555602033.65 46.7
1555602043.67 46.2
1555602053.69 46.2
1555602063.7 47.2
1555602073.72 46.7
1555602083.74 46.2
1555602093.76 46.2
1555602103.78 46.2
1555602113.79 46.7
1555602123.81 46.2
1555602133.83 46.2
1555602143.84 45.6
1555602153.86 46.2
1555602163.88 45.6
1555602173.9 46.2
1555602183.92 46.2
1555602193.94 45.6
1555602203.95 45.6
1555602213.97 45.6
1555602223.99 46.7
1555602234.0 46.2
1555602244.02 46.2
1555602254.04 46.2
1555602264.05 47.2
1555602274.07 47.2
1555602284.09 47.2
1555602294.1 47.2
1555602304.12 46.7
1555602314.14 47.2
1555602324.15 46.7
1555602334.17 46.2
1555602344.19 47.2
1555602354.21 46.2
1555602364.23 47.2
1555602374.24 47.2
1555602384.26 47.2
1555602394.28 47.2
1555602404.29 47.8
1555602414.31 47.2
1555602424.32 47.2
1555602434.34 47.2
1555602444.36 46.7
1555602454.37 46.7
1555602464.39 47.2
1555602474.41 46.7
1555602484.42 47.8
1555602494.44 47.2
1555602504.46 46.7
1555602514.48 46.7
1555602524.48 47.2
1555602534.5 47.2
1555602544.51 47.2
1555602554.53 47.8
1555602564.55 47.2
1555602574.56 47.2
1555602584.57 46.7
1555602594.58 47.2
1555602604.59 48.3
1555602614.61 47.2
1555602624.63 47.2
1555602634.64 47.2
1555602644.66 47.2
1555602654.68 47.2
1555602664.69 47.2
1555602674.71 47.2
1555602684.72 47.2
1555602694.74 47.2
1555602704.76 47.2
1555602714.78 47.2
1555602724.79 47.8
1555602734.81 47.2
1555602744.83 47.2
1555602754.84 47.2
1555602764.86 47.8
1555602774.87 47.2
1555602784.89 47.2
1555602794.92 47.2
1555602804.94 46.2
1555602814.96 47.2
1555602824.98 47.8
1555602834.99 47.2
1555602845.01 47.2
1555602855.03 47.2
1555602865.05 47.8
1555602875.07 46.7
1555602996.39 47.2
1555603006.41 47.2
1555603016.43 46.7
1555603026.45 47.8
1555603036.47 47.2
1555603046.48 46.7
1555603056.5 46.7
1555603066.52 46.7
1555603076.53 47.2
1555603086.55 47.2
1555603096.57 47.8
1555603106.59 47.2
1555603116.6 47.2
1555603126.62 46.7
1555603136.63 47.2
1555603146.65 46.2
1555603156.67 47.2
1555603166.68 47.2
1555603176.71 47.2
1555603186.73 46.2
1555603196.74 46.7
1555603206.75 48.3
1555603216.77 47.8
1555603226.78 47.2
1555603236.8 47.2
1555603246.82 46.2
1555603256.84 46.2
1555603266.85 46.7
1555603276.86 47.2
1555603286.88 47.2
1555603296.89 46.7
1555603306.91 45.1
1555603316.93 46.7
1555603326.94 47.2
1555603336.96 47.2
1555603346.98 47.2
1555603356.99 46.2
1555603367.0 46.2
1555603377.02 46.7
1555603387.04 47.2
1555603397.05 47.8
1555603407.06 46.7
1555603417.08 46.7
1555603427.1 46.7
1555603437.12 46.2
1555603447.14 46.2
1555603457.15 46.2
1555603467.17 45.6
1555603477.19 46.2
1555603487.21 45.6
1555603497.22 46.2
1555603507.24 46.2
1555603517.25 45.6
1555603527.27 45.1
1555603537.29 45.6
1555603547.31 45.6
1555603557.33 45.1
1555603567.35 45.1
1555603577.37 45.6
1555603587.39 45.1
1555603597.41 45.6
1555603607.43 45.6
1555603617.44 46.2
1555603627.47 46.2
1555603637.49 45.6
1555603647.5 46.2
1555603657.52 45.1
1555603667.55 45.1
1555603677.57 45.1
1555603687.59 45.1
1555603697.61 45.6
1555603707.63 45.1
1555603717.65 45.1
1555603727.68 45.1
1555603737.7 45.1
1555603747.72 44.0
1555603757.74 45.1
1555603767.76 45.1
1555603777.78 45.6
1555603787.79 45.6
1555603797.81 45.1
1555603807.83 45.1
1555603817.85 45.1
1555603827.87 45.1
1555603837.89 45.1
1555603847.91 44.5
1555603857.93 45.1
1555603867.95 45.1
1555603877.97 45.1
1555603887.99 45.6
1555603898.01 45.1
1555603908.03 45.1
1555603918.04 44.5
1555603928.07 44.5
1555603938.08 44.5
1555603948.1 45.1
1555603958.12 45.6
1555603968.14 45.1
1555603978.16 46.2
1555603988.18 45.1
1555603998.2 45.6
1555604008.21 45.1
1555604018.22 45.6
1555604028.24 45.1
1555604038.26 45.1
1555604048.28 45.1
1555604058.3 45.1
1555604068.32 45.1
1555604078.34 45.6
1555604088.36 45.1
1555604098.38 45.6
1555604108.4 45.1
1555604118.42 45.6
1555604128.44 45.1
1555604138.45 46.2
1555604148.47 46.2
1555604158.49 45.6
1555604168.51 45.1
1555604178.52 45.1
1555604188.55 45.6
1555604198.56 46.2
1555604208.58 45.6
1555604218.6 46.2
1555604228.63 46.2
1555604238.64 45.6
1555604248.66 45.6
1555604258.68 46.7
1555604268.7 46.2
1555604278.71 46.7
1555604288.73 46.2
1555604298.74 46.2
1555604308.76 46.2
1555604318.78 46.2
1555604328.79 46.2
1555604338.82 46.2
1555604348.83 47.2
1555604358.85 46.7
1555604368.87 47.2
1555604378.89 47.2
1555604388.91 46.7
1555604398.93 46.7
1555604408.95 47.2
1555604418.97 47.2
1555604428.99 47.2
1555604439.0 47.2
1555604449.03 46.7
1555604459.04 46.7
1555604469.06 47.2
1555604479.08 47.2
1555604489.1 47.2
1555604499.12 46.2
1555604509.14 46.2
1555604519.15 47.2
1555604529.17 46.2
1555604539.19 47.2
1555604549.2 47.2
1555604559.23 46.7
1555604569.24 46.7
1555604579.26 47.2
1555604589.27 47.2
1555604599.29 47.2
1555604609.31 46.2
1555604619.33 47.8
1555604629.35 46.2
1555604639.37 46.2
1555604649.39 47.2
1555604659.41 46.2
1555604669.42 47.2
1555604679.44 47.2
1555604689.45 46.2
1555604699.48 46.7
1555604709.5 46.7
1555604719.51 46.2
1555604729.53 47.2
1555604739.55 46.2
1555604749.57 46.2
1555604759.58 47.2
1555604769.6 46.7
1555604779.62 46.7
1555604789.63 46.7
1555604799.65 47.2
1555604809.66 47.8
1555604819.68 47.2
1555604829.7 47.2
1555604839.73 46.2
1555604849.74 47.8
1555604859.75 47.8
1555604869.76 47.8
1555604879.78 47.2
1555604889.8 47.8
1555604899.81 47.2
1555604909.83 47.8
1555604919.85 47.8
1555604929.87 47.8
1555604939.89 46.7
1555604949.91 47.2
1555604959.94 47.2
1555604969.96 47.2
1555604979.97 46.7
1555604989.99 47.2
1555605000.01 47.2
1555605010.02 47.2
1555605020.04 46.2
1555605030.06 47.2
1555605040.08 47.2
1555605050.1 47.8
1555605060.12 47.2
1555605070.14 47.2
1555605080.16 47.2
1555605090.18 47.2
1555605100.2 48.3
1555605110.21 47.2
1555605120.23 47.2
1555605130.25 47.8
1555605140.27 47.2
1555605150.29 47.2
1555605160.32 47.2
1555605170.33 47.8
1555605180.36 47.2
1555605190.38 47.2
1555605200.39 47.2
1555605210.41 46.2
1555605220.42 46.2
1555605230.44 46.7
1555605240.46 47.2
1555605250.47 47.2
1555605260.49 46.2
1555605270.51 46.7
1555605280.54 46.2
1555605290.55 47.2
1555605300.56 47.2
1555605310.57 46.7
1555605320.59 47.2
1555605330.61 46.2
1555605340.63 47.2
1555605350.65 46.7
1555605360.67 47.2
1555605370.68 46.7
1555605380.7 47.2
1555605390.71 47.2
1555605400.73 47.2
1555605410.74 47.2
1555605420.76 47.2
1555605430.78 47.2
1555605440.8 47.2
1555605450.82 47.2
1555605460.84 47.8
1555605470.86 47.2
1555605480.88 47.2
1555605490.91 47.2
1555605500.92 47.2
1555605510.94 47.2
1555605520.96 47.2
1555605530.98 48.3
1555605540.99 47.2
1555605551.02 47.2
1555605561.03 48.3
1555605571.05 47.2
1555605581.07 47.2
1555605591.09 47.8
1555605601.11 47.2
1555605611.13 48.3
1555605621.14 47.8
1555605631.15 47.8
1555605641.17 48.3
1555605651.19 48.3
1555605661.2 47.8
1555605671.22 48.3
1555605681.23 48.3
1555605691.25 48.9
1555605701.27 48.3
1555605711.29 48.3
1555605721.3 48.3
1555605731.32 48.3
1555605741.34 48.3
1555605751.36 48.3
1555605761.37 48.3
1555605771.39 48.3
1555605781.41 48.3
1555605791.42 48.3
1555605801.44 47.8
1555605811.45 48.3
1555605821.47 47.8
1555605831.49 48.9
1555605841.58 48.3
1555605851.61 48.3
1555605861.62 48.3
1555605871.64 48.3
1555605881.65 48.3
1555605891.67 49.4
1555605901.69 47.8
1555605911.71 48.3
1555605921.72 48.3
1555605931.73 49.4
1555605941.75 48.3
1555605951.77 48.3
1555605961.79 47.8
1555605971.8 48.9
1555605981.82 48.3
1555605991.84 48.3
1555606001.86 48.3
1555606011.88 48.3
1555606021.89 48.3
1555606031.91 48.9
1555606041.93 47.8
1555606051.95 48.3
1555606061.96 48.3
1555606071.98 48.3
1555606081.99 47.8
1555606092.01 47.8
1555606102.03 48.9
1555606112.04 48.3
1555606122.05 48.3
1555606132.07 48.3
1555606142.09 48.3
1555606152.1 48.3
1555606162.12 47.8
1555606172.13 48.3
1555606182.15 48.3
1555606192.17 47.8
1555606202.18 47.8
1555606212.2 48.3
1555606222.22 48.3
1555606232.23 48.3
1555606242.25 48.3
1555606252.27 47.8
1555606262.29 48.3
1555606272.31 47.2
1555606282.33 47.8
1555606292.35 47.8
1555606302.37 47.2
1555606312.39 48.3
1555606322.4 47.2
1555606332.42 47.2
1555606342.44 47.2
1555606352.46 47.8
1555606362.48 47.2
1555606372.49 47.2
1555606382.51 47.8
1555606392.52 47.8
1555606402.54 47.8
1555606412.56 47.2
1555606422.58 48.3
1555606432.59 47.8
1555606442.61 47.8
1555606452.63 47.8
1555606462.65 47.8
1555606472.67 47.8
1555606482.69 48.3
1555606492.7 47.8
1555606502.72 48.3
1555606512.74 47.8
1555606522.75 48.3
1555606532.77 48.3
1555606542.78 47.8
1555606552.79 47.8
1555606562.81 48.3
1555606572.83 47.2
1555606582.85 47.8
1555606592.87 48.3
1555606602.89 47.2
1555606612.91 47.8
1555606622.92 47.8
1555606632.95 46.7
1555606642.97 46.7
1555606652.98 47.8
1555606663.0 47.2
1555606673.02 47.2
1555606683.03 47.2
1555606693.05 47.2
1555606703.07 47.2
1555606713.09 47.2
1555606723.11 47.2
1555606733.12 47.2
1555606743.14 47.2
1555606753.16 47.2
1555606763.18 47.8
1555606773.2 46.7
1555606783.22 47.2
1555606793.24 46.7
1555606803.26 47.2
1555606813.28 47.8
1555606823.29 47.8
1555606833.31 47.2
1555606843.33 47.8
1555606853.35 47.8
1555606863.37 46.2
1555606873.39 47.8
1555606883.4 47.2
1555606893.42 46.7
1555606903.44 47.2
1555606913.45 47.8
1555606923.47 47.2
1555606933.49 47.2
1555606943.51 47.8
1555606953.52 47.8
1555606963.55 47.8
1555606973.56 47.8
1555606983.58 48.3
1555606993.6 48.3
1555607003.61 47.8
1555607013.62 48.3
1555607023.64 48.3
1555607033.66 47.8
1555607043.67 48.3
1555607053.7 47.2
1555607063.72 47.8
1555607073.73 48.3
1555607083.74 48.3
1555607093.76 47.8
1555607103.78 47.8
1555607113.79 47.8
1555607123.81 48.3
1555607133.82 48.3
1555607143.84 47.8
1555607153.85 48.3
1555607163.87 48.3
1555607173.89 48.9
1555607183.9 48.3
1555607193.93 48.3
1555607203.94 48.3
1555607213.96 48.3
1555607223.97 48.3
1555607233.99 48.3
1555607244.0 48.3
1555607254.02 48.3
1555607264.04 48.9
1555607274.05 48.3
1555607284.06 49.4
1555607294.08 48.3
1555607304.1 48.9
1555607314.11 49.4
1555607324.13 48.9
1555607334.14 49.4
1555607344.16 49.4
1555607354.17 48.9
1555607364.19 49.4
1555607374.21 49.4
1555607384.22 48.3
1555607394.25 48.3
1555607404.26 48.3
1555607414.28 48.9
1555607424.29 48.3
1555607434.31 48.3
1555607444.33 48.9
1555607454.34 48.9
1555607464.36 49.4
1555607474.38 49.4
1555607484.4 49.4
1555607494.42 48.3
1555607504.43 48.9
1555607514.45 49.4
1555607524.47 49.4
1555607534.48 49.4
1555607544.5 49.4
1555607554.52 49.9
1555607564.54 49.4
1555607574.55 49.4
1555607584.58 48.9
1555607594.6 49.9
1555607604.61 49.9
1555607614.63 50.5
1555607624.65 49.4
1555607634.66 49.4
1555607644.68 49.4
1555607654.69 49.4
1555607664.7 49.9
1555607674.72 49.4
1555607684.73 49.4
1555607694.75 49.4
1555607704.77 49.4
1555607714.78 49.9
1555607724.79 49.9
1555607734.81 49.9
1555607744.83 49.4
1555607754.85 49.4
1555607764.86 49.9
1555607774.88 49.4
1555607784.89 49.4
1555607794.9 49.4
1555607804.92 49.4
1555607814.93 49.4
1555607824.95 49.4
1555607834.97 49.4
1555607844.98 49.4
1555607855.0 48.3
1555607865.02 49.4
1555607875.04 48.3
1555607885.06 48.9
1555607895.08 48.9
1555607905.09 49.9
1555607915.11 49.4
1555607925.13 49.4
1555607935.14 49.4
1555607945.16 49.9
1555607955.18 49.4
1555607965.2 49.4
1555607975.22 49.4
1555607985.24 48.9
1555607995.26 49.4
1555608005.27 49.4
1555608015.29 49.4
1555608025.31 49.4
1555608035.32 48.9
1555608045.34 48.3
1555608055.36 48.9
1555608065.38 48.9
1555608075.4 48.3
1555608085.42 49.4
1555608095.44 49.4
1555608105.46 49.4
1555608115.48 48.9
1555608125.5 49.4
1555608135.52 49.4
1555608145.54 49.9
1555608155.55 49.4
1555608165.57 49.4
1555608175.58 49.4
1555608185.6 49.4
1555608195.61 49.4
1555608205.62 49.4
1555608215.64 49.9
1555608225.66 49.4
1555608235.68 49.4
1555608245.7 49.4
1555608255.71 49.4
1555608265.74 49.4
1555608275.76 49.4
1555608285.77 49.4
1555608295.79 49.4
1555608305.81 49.4
1555608315.82 49.4
1555608325.84 49.4
1555608335.86 49.4
1555608345.87 49.9
1555608355.89 49.4
1555608365.9 49.4
1555608375.92 49.4
1555608385.94 49.4
1555608395.95 49.4
1555608405.97 49.9
1555608415.99 49.4
1555608426.0 49.4
1555608436.02 49.4
1555608446.04 49.4
1555608456.05 50.5
1555608466.07 49.9
1555608476.09 49.4
1555608486.1 49.4
1555608496.12 49.4
1555608506.13 49.4
1555608516.15 49.4
1555608526.17 49.4
1555608536.18 49.9
1555608546.19 49.4
1555608556.2 49.4
1555608566.21 49.9
1555608576.23 49.4
1555608586.24 50.5
1555608596.26 49.4
1555608606.27 49.9
1555608616.29 49.9
1555608626.31 50.5
1555608636.32 50.5
1555608646.34 51.0
1555608656.35 50.5
1555608666.37 50.5
1555608676.38 51.0
1555608686.4 50.5
1555608696.41 49.9
1555608706.42 50.5
1555608716.45 50.5
1555608726.46 51.0
1555608736.48 50.5
1555608746.5 50.5
1555608756.51 50.5
1555608766.54 50.5
1555608776.55 50.5
1555608786.57 50.5
1555608796.58 50.5
1555608806.6 50.5
1555608816.62 50.5
1555608826.64 50.5
1555608836.65 51.0
1555608846.67 50.5
1555608856.68 51.0
1555608866.7 50.5
1555608876.72 51.0
1555608886.73 51.5
1555608896.75 49.4
1555608906.77 50.5
1555608916.79 51.5
1555608926.8 50.5
1555608936.82 51.0
1555608946.83 50.5
1555608956.85 50.5
1555608966.87 49.9
1555608976.89 50.5
1555608986.9 50.5
1555608996.92 50.5
1555609006.93 51.0
1555609016.95 49.9
1555609026.97 50.5
1555609037.0 49.4
1555609047.02 49.4
1555609057.04 49.9
1555609067.06 50.5
1555609077.08 50.5
1555609087.09 51.0
1555609097.11 50.5
1555609107.13 50.5
1555609117.15 50.5
1555609127.16 50.5
1555609137.18 50.5
1555609147.2 49.9
1555609157.22 50.5
1555609167.23 49.4
1555609177.25 50.5
1555609187.27 49.4
1555609197.28 49.9
1555609207.29 49.4
1555609217.32 49.9
1555609227.34 49.9
1555609237.36 49.9
1555609247.37 50.5
1555609257.39 49.9
1555609267.41 50.5
1555609277.43 49.9
1555609287.44 51.5
1555609297.46 49.9
1555609307.48 51.0
1555609317.49 50.5
1555609327.51 50.5
1555609337.53 49.9
1555609347.54 50.5
1555609357.56 50.5
1555609367.58 49.9
1555609377.6 50.5
1555609387.63 49.9
1555609397.65 50.5
1555609407.67 49.4
1555609417.69 49.9
1555609427.71 50.5
1555609437.72 50.5
1555609447.75 49.9
1555609457.77 50.5
1555609467.78 50.5
1555609477.8 50.5
1555609487.82 50.5
1555609497.83 50.5
1555609507.85 50.5
1555609517.86 50.5
1555609527.88 50.5
1555609537.9 50.5
1555609547.92 49.9
1555609557.94 49.9
1555609567.96 50.5
1555609577.97 49.9
1555609587.99 50.5
1555609598.01 49.9
1555609608.03 49.9
1555609618.04 49.9
1555609628.06 49.9
1555609638.08 50.5
1555609648.1 49.4
1555609658.11 50.5
1555609668.12 49.4
1555609678.14 49.4
1555609688.16 50.5
1555609698.18 49.9
1555609708.2 49.9
1555609718.22 49.9
1555609728.24 49.4
1555609738.25 49.9
1555609748.27 49.4
1555609758.28 49.9
1555609768.29 49.4
1555609778.31 49.4
1555609788.33 49.4
1555609798.35 49.4
1555609808.37 48.3
1555609818.39 49.4
1555609828.42 49.4
1555609838.43 49.4
1555609848.45 49.4
1555609858.46 49.4
1555609868.49 49.4
1555609878.5 49.4
1555609888.52 49.4
1555609898.54 49.9
1555609908.56 49.4
1555609918.58 49.9
1555609928.6 49.4
1555609938.62 48.3
1555609948.65 48.9
1555609958.68 48.3
1555609968.69 49.9
1555609978.71 49.4
1555609988.73 49.4
1555609998.75 49.4
1555610008.77 50.5
1555610018.79 49.4
1555610028.81 49.4
1555610038.82 49.4
1555610048.84 49.4
1555610058.86 49.4
1555610068.88 48.9
1555610078.89 49.4
1555610088.91 48.3
1555610098.94 48.9
1555610108.96 48.3
1555610118.98 48.9
1555610129.0 48.3
1555610139.02 48.3
1555610149.04 49.4
1555610159.05 49.4
1555610169.07 49.4
1555610179.09 49.4
1555610189.11 48.3
1555610199.12 49.4
1555610209.14 48.3
1555610219.16 48.3
1555610229.17 49.4
1555610239.19 48.3
1555610249.21 49.4
1555610259.23 49.4
1555610269.24 49.4
1555610279.26 49.4
1555610289.28 48.9
1555610299.3 48.9
1555610309.32 49.4
1555610319.34 49.4
1555610329.35 49.4
1555610339.37 49.4
1555610349.4 48.9
1555610359.42 49.4
1555610369.44 48.9
1555610379.46 48.9
1555610389.48 49.4
1555610399.5 48.9
1555610409.52 49.4
1555610419.53 48.9
1555610429.54 49.4
1555610439.56 49.4
1555610449.58 49.4
1555610459.6 49.4
1555610469.61 49.4
1555610479.63 50.5
1555610489.65 49.4
1555610499.67 49.4
1555610509.69 49.4
1555610519.71 49.4
1555610529.73 49.4
1555610539.74 49.4
1555610549.76 49.4
1555610559.78 49.4
1555610569.79 49.9
1555610579.81 49.4
1555610589.83 49.4
1555610599.85 49.9
1555610609.87 49.4
1555610619.89 48.3
1555610629.91 49.4
1555610639.93 49.4
1555610649.95 49.4
1555610659.97 49.4
1555610669.98 49.4
1555610680.0 48.9
1555610690.03 49.4
1555610700.04 49.4
1555610710.06 49.4
1555610720.07 49.4
1555610730.09 49.4
1555610740.1 49.4
1555610750.12 49.4
1555610760.13 49.4
1555610770.16 48.9
1555610780.17 49.4
1555610790.19 49.4
1555610800.2 49.4
1555610810.22 48.9
1555610820.23 49.4
1555610830.25 48.3
1555610840.27 49.4
1555610850.28 49.4
1555610860.3 49.4
1555610870.31 49.4
1555610880.33 48.9
1555610890.34 48.3
1555610900.37 48.3
1555610910.39 48.3
1555610920.4 49.4
1555610930.42 49.4
1555610940.44 49.4
1555610950.46 49.4
1555610960.48 48.9
1555610970.49 49.4
1555610980.51 49.4
1555610990.52 49.4
1555611000.54 48.3
1555611010.56 49.9
1555611020.57 49.4
1555611030.59 48.9
1555611040.61 48.9
1555611050.62 47.8
1555611060.64 48.9
1555611070.65 49.4
1555611080.68 48.9
1555611090.69 49.4
1555611100.71 49.4
1555611110.72 48.9
1555611120.73 48.3
1555611130.75 49.4
1555611140.77 49.4
1555611150.78 49.4
1555611160.8 48.3
1555611170.82 49.4
1555611180.83 49.4
1555611190.85 49.4
1555611200.86 49.4
1555611210.88 49.9
1555611220.89 49.4
1555611230.91 49.4
1555611240.93 49.9
1555611250.94 49.9
1555611260.96 49.4
1555611270.98 49.9
1555611281.0 49.9
1555611291.02 49.9
1555611301.04 49.4
1555611311.05 49.4
1555611321.07 49.4
1555611331.09 49.9
1555611341.11 49.4
1555611351.13 49.4
1555611361.15 49.9
1555611371.16 49.4
1555611381.18 49.9
1555611391.2 49.4
1555611401.22 49.4
1555611411.24 49.4
1555611421.25 49.4
1555611431.28 49.9
1555611441.29 49.9
1555611451.31 49.4
1555611461.32 49.9
1555611471.34 49.4
1555611481.35 49.4
1555611491.37 49.9
1555611501.39 49.4
1555611511.4 49.9
1555611521.41 49.4
1555611531.43 49.9
1555611541.45 48.9
1555611551.47 49.4
1555611561.48 49.4
1555611571.5 49.4
1555611581.51 49.4
1555611591.52 49.4
1555611601.54 49.9
1555611611.55 49.9
1555611621.56 49.4
1555611631.58 48.9
1555611641.6 48.3
1555611651.61 49.4
1555611661.63 49.4
1555611671.64 49.4
1555611681.66 49.4
1555611691.67 48.3
1555611701.68 48.9
1555611711.7 48.3
1555611721.71 49.4
1555611731.72 49.4
1555611741.73 49.4
1555611751.74 49.9
1555611761.76 48.3
1555611771.78 49.4
1555611781.79 49.4
1555611791.81 49.4
1555611801.83 48.9
1555611811.84 48.9
1555611821.85 49.4
1555611831.87 48.9
1555611841.88 48.3
1555611851.9 49.4
1555611861.91 49.4
1555611871.94 48.3
1555611881.96 48.3
1555611891.98 48.9
1555611901.99 49.4
1555611912.01 48.9
1555611922.03 48.9
1555611932.04 48.3
1555611942.06 48.9
1555611952.08 48.9
1555611962.09 48.9
1555611972.11 48.3
1555611982.13 48.9
1555611992.14 48.3
1555612002.16 48.9
1555612012.17 48.3
1555612022.19 48.3
1555612032.2 49.4
1555612042.22 48.3
1555612052.24 48.3
1555612062.26 48.9
1555612072.28 48.3
1555612082.3 49.4
1555612092.31 48.3
1555612102.32 49.4
1555612112.35 48.3
1555612122.36 48.9
1555612132.38 48.9
1555612142.4 48.3
1555612152.42 49.4
1555612162.43 48.9
1555612172.44 48.3
1555612182.46 48.3
1555612192.48 48.3
1555612202.5 48.3
1555612212.52 48.3
1555612222.54 47.8
1555612232.55 48.3
1555612242.58 48.9
1555612252.6 48.3
1555612262.62 48.3
1555612272.63 48.3
1555612282.65 49.4
1555612292.68 49.4
1555612302.69 49.4
1555612312.7 48.9
1555612322.72 48.3
1555612332.74 49.4
1555612342.76 48.3
1555612352.77 48.3
1555612362.79 48.9
1555612372.8 49.4
1555612382.81 48.3
1555612392.83 48.3
1555612402.85 49.4
1555612412.87 48.9
1555612422.89 48.3
1555612432.9 49.4
1555612442.92 48.3
1555612452.94 48.3
1555612462.96 49.4
1555612472.97 49.4
1555612482.99 49.4
1555612493.01 48.9
1555612503.02 49.4
1555612513.04 49.4
1555612523.06 49.4
1555612533.08 49.4
1555612543.1 48.9
1555612553.11 49.4
1555612563.13 48.9
1555612573.15 49.4
1555612583.17 49.4
1555612593.18 49.4
1555612603.2 48.9
1555612613.22 49.4
1555612623.24 49.4
1555612633.26 48.3
1555612643.28 49.4
1555612653.3 48.3
1555612663.32 49.4
1555612673.34 48.3
1555612683.36 48.3
1555612693.38 49.4
1555612703.4 49.4
1555612713.41 49.4
1555612723.43 48.3
1555612733.45 48.3
1555612743.47 48.3
1555612753.49 49.4
1555612763.5 48.3
1555612773.52 48.3
1555612783.54 48.9
1555612793.56 49.4
1555612803.58 48.3
1555612813.59 48.9
1555612823.62 48.9
1555612833.63 49.4
1555612843.65 49.4
1555612853.66 48.9
1555612863.68 49.4
1555612873.7 49.4
1555612883.72 48.9
1555612893.74 49.4
1555612903.75 48.9
1555612913.77 48.3
1555612923.79 48.3
1555612933.8 48.3
1555612943.82 48.3
1555612953.84 48.3
1555612963.86 48.3
1555612973.87 49.4
1555612983.89 48.9
1555612993.91 49.4
1555613003.93 48.3
1555613013.94 49.4
1555613023.96 49.4
1555613033.97 49.4
1555613043.99 48.9
1555613054.01 49.4
1555613064.03 49.4
1555613074.05 48.9
1555613084.07 49.4
1555613094.09 49.4
1555613104.1 48.9
1555613114.12 48.3
1555613124.14 49.4
1555613134.16 48.3
1555613144.18 49.4
1555613154.2 49.4
1555613164.23 49.4
1555613174.24 49.4
1555613184.26 49.4
1555613194.28 49.4
1555613204.3 49.4
1555613214.31 49.4
1555613224.33 49.4
1555613234.34 49.4
1555613244.36 48.3
1555613254.38 49.4
1555613264.4 48.9
1555613274.41 49.4
1555613284.43 48.3
1555613294.45 48.3
1555613304.46 49.4
1555613314.48 49.4
1555613324.49 48.3
1555613334.51 49.4
1555613344.52 48.9
1555613354.54 48.9
1555613364.56 48.9
1555613374.58 48.9
1555613384.59 49.4
1555613394.61 48.3
1555613404.63 48.3
1555613414.65 48.3
1555613424.66 49.4
1555613434.68 48.3
1555613444.7 48.3
1555613454.72 48.3
1555613464.73 48.3
1555613474.75 49.4
1555613484.76 49.4
1555613494.78 48.3
1555613504.8 48.3
1555613514.81 48.3
1555613524.83 49.4
1555613534.84 48.3
1555613544.86 48.3
1555613554.88 48.3
1555613564.9 47.8
1555613574.91 48.9
1555613584.93 47.8
1555613594.95 48.3
1555613604.97 48.9
1555613614.99 48.3
1555613625.01 47.8
1555613635.03 47.8
1555613645.04 48.3
1555613655.06 48.3
1555613665.07 48.9
1555613675.09 48.3
1555613685.1 47.2
1555613695.12 47.8
1555613705.13 47.8
1555613715.15 48.3
1555613725.17 47.8
1555613735.19 48.3
1555613745.21 48.3
1555613755.24 48.3
1555613765.25 47.8
1555613775.27 48.3
1555613785.29 48.3
1555613795.31 47.2
1555613805.33 48.3
1555613815.34 48.9
1555613825.35 47.8
1555613835.38 48.3
1555613845.39 48.3
1555613855.4 48.3
1555613865.42 48.3
1555613875.43 48.9
1555613885.45 47.2
1555613895.47 47.2
1555613905.5 47.8
1555613915.51 47.8
1555613925.53 47.8
1555613935.54 48.3
1555613945.56 47.8
1555613955.57 47.8
1555613965.58 48.3
1555613975.6 47.2
1555613985.62 47.2
1555613995.63 47.8
1555614005.65 48.3
1555614015.67 48.3
1555614025.68 47.8
1555614035.69 47.8
1555614045.71 47.8
1555614055.73 48.3
1555614065.74 47.2
1555614075.77 47.8
1555614085.79 46.7
1555614095.8 47.2
1555614105.82 47.2
1555614115.84 47.2
1555614125.86 47.2
1555614135.88 46.2
1555614145.9 47.2
1555614155.92 47.2
1555614165.93 47.2
1555614175.95 47.2
1555614185.97 47.2
1555614196.0 47.2
1555614206.01 47.2
1555614216.02 47.2
1555614226.04 47.2
1555614236.06 46.2
1555614246.07 46.2
1555614256.09 47.2
1555614266.11 46.2
1555614276.13 47.2
1555614286.15 46.7
1555614296.16 47.2
1555614306.18 47.2
1555614316.19 47.2
1555614326.21 47.2
1555614336.22 47.2
1555614346.24 47.2
1555614356.26 47.8
1555614366.28 48.3
1555614376.29 48.3
1555614386.31 48.3
1555614396.32 48.3
1555614406.34 48.3
1555614416.35 48.3
1555614426.36 48.3
1555614436.39 48.3
1555614446.4 48.3
1555614456.42 48.3
1555614466.44 48.3
1555614476.45 48.3
1555614486.46 48.3
1555614496.49 47.8
1555614506.5 48.3
1555614516.52 48.3
1555614526.54 48.3
1555614536.55 48.3
1555614546.57 48.3
1555614556.59 48.3
1555614566.6 48.3
1555614576.62 48.3
1555614586.64 48.3
1555614596.67 48.3
1555614606.68 47.8
1555614616.69 48.3
1555614626.7 48.3
1555614636.72 48.9
1555614646.74 48.3
1555614656.76 48.3
1555614666.77 48.3
1555614676.78 48.3
1555614686.8 48.3
1555614696.82 47.8
1555614706.84 48.3
1555614716.85 48.3
1555614726.87 48.3
1555614736.88 47.8
1555614746.9 48.3
1555614756.92 47.8
1555614766.93 47.8
1555614776.95 48.3
1555614786.96 47.2
1555614796.98 47.2
1555614807.0 47.8
1555614817.02 48.3
1555614827.03 48.3
1555614837.04 47.8
1555614847.06 47.8
1555614857.08 47.8
1555614867.09 47.8
1555614877.11 47.8
1555614887.13 48.3
1555614897.14 47.8
1555614907.16 47.8
1555614917.17 48.3
1555614927.19 47.8
1555614937.2 47.8
1555614947.21 48.3
1555614957.23 47.8
1555614967.25 48.3
1555614977.26 47.8
1555614987.28 47.2
1555614997.3 47.8
1555615007.32 48.3
1555615017.34 47.2
1555615027.35 47.8
1555615037.36 47.8
1555615047.38 47.8
1555615057.4 47.2
1555615067.41 48.3
1555615077.42 47.2
1555615087.44 47.2
1555615097.46 47.2
1555615107.47 47.8
1555615117.49 47.2
1555615127.51 47.8
1555615137.52 47.8
1555615147.55 47.8
1555615157.56 47.8
1555615167.57 47.8
1555615177.59 47.2
1555615187.61 47.8
1555615197.62 48.3
1555615207.64 47.8
1555615217.66 48.3
1555615227.67 47.8
1555615237.68 47.8
1555615247.7 47.8
1555615257.73 47.2
1555615267.74 47.8
1555615277.76 48.3
1555615287.78 47.2
1555615297.79 47.2
1555615307.82 47.8
1555615317.83 47.2
1555615327.85 47.2
1555615337.87 47.2
1555615347.89 47.2
1555615357.91 47.8
1555615367.93 47.2
1555615377.95 47.2
1555615387.97 47.2
1555615397.99 47.8
1555615408.0 47.8
1555615418.02 47.8
1555615428.04 47.2
1555615438.07 47.2
1555615448.08 47.8
1555615458.1 47.8
1555615468.12 48.3
1555615478.13 47.8
1555615488.14 48.3
1555615498.15 47.2
1555615508.17 47.2
1555615518.19 47.8
1555615528.21 47.8
1555615538.22 47.8
1555615548.24 47.8
1555615558.26 47.2
1555615568.28 48.3
1555615578.29 47.2
1555615588.3 47.2
1555615598.32 48.3
1555615608.33 47.2
1555615618.34 47.8
1555615628.36 47.8
1555615638.37 47.8
1555615648.39 48.3
1555615658.4 47.8
1555615668.42 48.3
1555615678.43 47.2
1555615688.45 47.8
1555615698.47 48.3
1555615708.48 47.8
1555615718.5 48.3
1555615728.52 47.8
1555615738.54 48.3
1555615748.55 48.3
1555615758.57 48.3
1555615768.58 48.3
1555615778.6 48.9
1555615788.61 48.3
1555615798.63 48.3
1555615808.64 48.3
1555615818.65 48.3
1555615828.66 48.3
1555615838.68 48.3
1555615848.69 48.3
1555615858.71 48.3
1555615868.73 48.3
1555615878.74 48.3
1555615888.76 48.3
1555615898.77 48.3
1555615908.79 47.2
1555615918.81 48.3
1555615928.82 47.8
1555615938.84 47.8
1555615948.85 47.8
1555615958.87 47.2
1555615968.88 47.8
1555615978.9 47.8
1555615988.92 48.3
1555615998.94 48.3
1555616008.95 48.3
1555616018.98 48.3
1555616029.0 47.8
1555616039.01 47.8
1555616049.02 47.2
1555616059.04 47.8
1555616069.05 47.8
1555616079.07 48.3
1555616089.09 47.2
1555616099.1 47.2
1555616109.12 47.2
1555616119.14 48.3
1555616129.16 48.3
1555616139.17 47.8
1555616149.19 47.8
1555616159.21 47.2
1555616169.22 47.8
1555616179.24 47.2
1555616189.26 47.8
1555616199.28 46.7
1555616209.3 47.2
1555616219.32 47.2
1555616229.34 46.7
1555616239.35 47.2
1555616249.36 47.2
1555616259.38 46.2
1555616269.4 47.2
1555616279.41 47.8
1555616289.42 47.2
1555616299.44 47.2
1555616309.45 46.7
1555616319.47 47.2
1555616329.49 47.2
1555616339.5 47.2
1555616349.52 47.2
1555616359.53 47.8
1555616369.55 47.2
1555616379.57 46.2
1555616389.58 47.2
1555616399.59 47.2
1555616409.61 47.2
1555616419.63 47.2
1555616429.65 46.2
1555616439.66 47.2
1555616449.67 47.2
1555616459.69 46.7
1555616469.71 46.2
1555616479.73 46.2
1555616489.74 46.2
1555616499.76 46.2
1555616509.78 46.2
1555616519.79 47.2
1555616529.81 47.2
1555616539.83 47.2
1555616549.85 46.2
1555616559.87 47.2
1555616569.88 47.2
1555616579.9 47.2
1555616589.91 47.2
1555616599.93 47.2
1555616609.95 47.2
1555616619.96 47.2
1555616629.98 46.7
1555616640.0 46.7
1555616650.02 47.2
1555616660.04 47.2
1555616670.06 47.2
1555616680.07 47.8
1555616690.08 47.2
1555616700.09 46.2
1555616710.1 47.2
1555616720.12 47.2
1555616730.13 46.7
1555616740.15 46.2
1555616750.16 46.7
1555616760.19 47.2
1555616770.2 47.2
1555616780.22 46.2
1555616790.23 47.2
1555616800.24 47.2
1555616810.26 46.2
1555616820.27 45.6
1555616830.29 47.2
1555616840.31 46.2
1555616850.33 46.2
1555616860.35 46.2
1555616870.37 46.7
1555616880.38 46.7
1555616890.4 46.2
1555616900.42 47.2
1555616910.43 46.7
1555616920.45 46.2
1555616930.47 47.2
1555616940.49 46.7
1555616950.5 47.2
1555616960.51 46.7
1555616970.53 47.2
1555616980.54 46.7
1555616990.56 47.2
1555617000.58 47.2
1555617010.59 46.2
1555617020.61 46.7
1555617030.63 47.2
1555617040.64 46.7
1555617050.66 45.6
1555617060.68 46.7
1555617070.7 47.2
1555617080.71 46.7
1555617090.72 47.2
1555617100.74 45.6
1555617110.75 46.7
1555617120.77 46.7
1555617130.78 47.2
1555617140.79 47.2
1555617150.81 47.2
1555617160.82 46.2
1555617170.84 47.2
1555617180.85 46.7
1555617190.87 46.2
1555617200.88 46.2
1555617210.9 46.2
1555617220.92 46.2
1555617230.93 46.7
1555617240.94 46.2
1555617250.97 46.2
1555617260.99 46.2
1555617271.01 46.2
1555617281.03 45.6
1555617291.04 46.7
1555617301.06 45.6
1555617311.08 45.1
1555617321.1 46.2
1555617331.12 46.2
1555617341.14 46.2
1555617351.15 46.2
1555617361.17 46.2
1555617371.18 46.2
1555617381.2 46.2
1555617391.21 45.6
1555617401.22 46.7
1555617411.24 45.1
1555617421.26 45.6
1555617431.28 45.6
1555617441.29 46.2
1555617451.31 45.1
1555617461.33 46.2
1555617471.38 45.1
1555617481.4 46.2
1555617491.42 45.6
1555617501.44 45.6
1555617511.47 46.2
1555617521.48 46.2
1555617531.5 46.2
1555617541.52 46.2
1555617551.53 46.2
1555617561.55 45.6
1555617571.56 45.1
1555617581.57 46.2
1555617591.59 45.1
1555617601.61 45.6
1555617611.63 45.6
1555617621.64 46.2
1555617631.65 45.6
1555617641.67 45.1
1555617651.69 45.6
1555617661.7 46.2
1555617671.71 45.1
1555617681.72 46.2
1555617691.73 45.6
1555617701.75 46.2
1555617711.76 45.6
1555617721.78 45.6
1555617731.79 46.2
1555617741.81 46.2
1555617751.83 46.2
1555617761.85 46.2
1555617771.86 46.2
1555617781.87 46.2
1555617791.89 46.2
1555617801.9 46.7
1555617811.91 46.2
1555617821.93 46.2
1555617831.95 46.2
1555617841.96 46.2
1555617851.98 46.2
1555617861.99 46.2
1555617872.01 46.2
1555617882.03 46.2
1555617892.04 46.2
1555617902.06 46.2
1555617912.07 46.2
1555617922.08 45.1
1555617932.09 45.6
1555617942.11 46.2
1555617952.13 45.6
1555617962.15 45.6
1555617972.16 45.1
1555617982.18 45.6
1555617992.19 45.1
1555618002.21 45.1
1555618012.23 45.1
1555618022.24 46.2
1555618032.26 46.2
1555618042.28 45.6
1555618052.29 46.2
1555618062.31 46.2
1555618072.32 45.6
1555618082.34 45.1
1555618092.35 46.7
1555618102.37 45.6
1555618112.39 46.2
1555618122.41 45.6
1555618132.43 45.6
1555618142.44 45.1
1555618152.46 46.2
1555618162.47 45.1
1555618172.49 46.2
1555618182.51 45.1
1555618192.52 45.6
1555618202.54 45.6
1555618212.55 45.6
1555618222.56 45.6
1555618232.59 45.1
1555618242.61 46.2
1555618252.62 46.2
1555618262.64 46.2
1555618272.66 46.2
1555618282.68 46.2
1555618292.69 46.2
1555618302.72 46.2
1555618312.74 46.2
1555618322.76 46.2
1555618332.79 46.2
1555618342.8 45.6
1555618352.82 45.6
1555618362.84 46.2
1555618372.86 45.6
1555618382.88 45.1
1555618392.9 46.2
1555618402.92 45.6
1555618412.94 46.2
1555618422.96 46.2
1555618432.98 45.6
1555618443.0 46.2
1555618453.01 46.2
1555618463.03 46.2
1555618473.05 45.6
1555618483.07 46.2
1555618493.08 46.2
1555618503.1 46.7
1555618513.12 46.2
1555618523.13 46.2
1555618533.15 46.2
1555618543.16 46.2
1555618553.18 46.2
1555618563.2 46.2
1555618573.22 46.7
1555618583.24 46.7
1555618593.25 46.7
1555618603.26 46.2
1555618613.28 46.2
1555618623.29 46.7
1555618633.31 46.7
1555618643.32 46.2
1555618653.34 46.7
1555618663.36 46.2
1555618673.38 47.2
1555618683.4 46.7
1555618693.41 46.7
1555618703.43 46.7
1555618713.44 46.2
1555618723.46 46.2
1555618733.48 46.7
1555618743.49 46.7
1555618753.51 46.7
1555618763.52 46.7
1555618773.54 46.7
1555618783.56 46.2
1555618793.58 46.2
1555618803.6 46.7
1555618813.62 46.2
1555618823.63 47.2
1555618833.65 45.6
1555618843.67 46.7
1555618853.69 46.7
1555618863.71 46.2
1555618873.72 46.7
1555618883.74 46.2
1555618893.76 46.2
1555618903.78 46.2
1555618913.79 46.7
1555618923.81 46.7
1555618933.82 46.2
1555618943.85 46.2
1555618953.86 46.2
1555618963.88 46.2
1555618973.9 45.6
1555618983.92 46.2
1555618993.94 45.6
1555619003.96 46.7
1555619013.97 45.6
1555619023.99 46.2
1555619034.01 45.6
1555619044.02 45.6
1555619054.05 45.6
1555619064.06 46.2
1555619074.08 46.2
1555619084.09 46.7
1555619094.11 46.2
1555619104.13 46.7
1555619114.14 46.7
1555619124.16 47.2
1555619134.18 46.2
1555619144.2 46.7
1555619154.22 46.7
1555619164.23 47.2
1555619174.25 46.7
1555619184.27 45.6
1555619194.29 47.2
1555619204.3 46.2
1555619214.31 46.2
1555619224.33 46.7
1555619234.34 46.7
1555619244.36 46.2
1555619254.37 46.2
1555619264.39 46.2
1555619274.41 46.7
1555619284.42 46.2
1555619294.44 46.7
1555619304.46 46.7
1555619314.47 46.2
1555619324.48 46.7
1555619334.5 46.7
1555619344.52 47.2
1555619354.53 46.7
1555619364.55 46.2
1555619374.57 46.7
1555619384.6 47.2
1555619394.61 46.2
1555619404.63 47.2
1555619414.65 47.2
1555619424.66 47.2
1555619434.68 47.2
1555619444.69 46.7
1555619454.71 47.2
1555619464.72 47.2
1555619474.74 46.2
1555619484.76 47.2
1555619494.78 47.2
1555619504.81 46.7
1555619514.82 47.2
1555619524.84 46.7
1555619534.86 47.2
1555619544.88 46.2
1555619554.9 47.8
1555619564.91 47.2
1555619574.93 47.2
1555619584.94 47.2
1555619594.96 47.2
1555619604.98 46.7
1555619614.99 46.2
1555619625.01 46.2
1555619635.03 47.2
1555619645.04 46.7
1555619655.06 46.7
1555619665.07 46.2
1555619675.1 46.7
1555619685.11 47.2
1555619695.12 46.2
1555619705.13 47.2
1555619715.15 46.7
1555619725.16 47.2
1555619735.17 47.2
1555619745.18 46.7
1555619755.19 47.2
1555619765.2 47.2
1555619775.21 46.7
1555619785.23 47.2
1555619795.25 46.2
1555619805.26 46.2
1555619815.27 46.2
1555619825.29 46.7
1555619835.31 46.2
1555619845.33 46.7
1555619855.35 46.7
1555619865.37 46.2
1555619875.38 47.2
1555619885.4 46.2
1555619895.42 46.2
1555619905.44 45.6
1555619915.45 46.2
1555619925.47 46.2
1555619935.48 45.6
1555619945.5 45.6
1555619955.52 46.2
1555619965.54 46.2
1555619975.55 46.2
1555619985.57 45.6
1555619995.59 45.6
1555620005.62 45.6
1555620015.64 46.2
1555620025.65 46.2
1555620035.67 46.2
1555620045.68 45.6
1555620055.69 46.2
1555620065.7 46.2
1555620075.72 45.6
1555620085.74 45.6
1555620095.76 46.2
1555620105.77 45.6
1555620115.79 45.6
1555620125.81 45.6
1555620135.82 46.2
1555620145.84 46.2
1555620155.85 45.6
1555620165.87 46.2
1555620175.88 46.2
1555620185.9 46.2
1555620195.91 46.2
1555620205.93 46.2
1555620215.95 46.2
1555620225.97 45.6
1555620235.98 45.6
1555620246.0 45.6
1555620256.02 46.2
1555620266.04 46.2
1555620276.05 45.1
1555620286.07 45.6
1555620296.09 45.6
1555620306.11 45.1
1555620316.12 45.6
1555620326.13 45.6
1555620336.14 46.2
1555620346.16 45.1
1555620356.19 45.6
1555620366.2 46.7
1555620376.22 46.2
1555620386.23 46.2
1555620396.25 46.2
1555620406.26 46.2
1555620416.28 46.2
1555620426.29 46.2
1555620436.3 46.2
1555620446.32 46.2
1555620456.34 45.6
1555620466.36 46.2
1555620476.37 46.2
1555620486.39 46.2
1555620496.41 46.2
1555620506.42 46.2
1555620516.44 47.2
1555620526.45 47.2
1555620536.47 47.2
1555620546.48 46.7
1555620556.5 46.7
1555620566.51 46.7
1555620576.53 46.2
1555620586.54 45.6
1555620596.55 45.6
1555620606.57 46.2
1555620616.59 46.2
1555620626.61 45.6
1555620636.62 46.2
1555620646.63 46.2
1555620656.65 46.2
1555620666.66 45.6
1555620676.68 45.1
1555620686.69 45.6
1555620696.71 45.6
1555620706.73 45.1
1555620716.75 45.6
1555620726.77 45.1
1555620736.79 45.1
1555620746.8 46.2
1555620756.82 45.6
1555620766.84 46.2
1555620776.86 45.1
1555620786.88 45.6
1555620796.9 45.1
1555620806.92 45.6
1555620816.94 45.1
1555620826.97 45.1
1555620836.99 45.6
1555620847.0 45.6
1555620857.02 45.1
1555620867.03 45.6
1555620877.05 45.1
1555620887.07 45.6
1555620897.09 45.6
1555620907.11 45.1
1555620917.12 45.1
1555620927.14 45.1
1555620937.16 45.1
1555620947.18 45.6
1555620957.2 46.2
1555620967.21 45.1
1555620977.23 45.6
1555620987.24 45.1
1555620997.25 45.1
1555621007.27 44.5
1555621017.28 44.5
1555621027.31 44.5
1555621037.34 44.5
1555621047.37 44.5
1555621057.39 45.1
1555621067.4 45.1
1555621077.42 45.1
1555621087.44 44.5
1555621097.46 44.0
1555621107.47 45.1
1555621117.49 45.1
1555621127.5 45.1
1555621137.52 45.1
1555621147.54 44.5
1555621157.56 45.1
1555621167.58 45.1
1555621177.6 45.1
1555621187.62 45.1
1555621197.63 45.1
1555621207.65 46.2
1555621217.67 45.1
1555621227.68 45.1
1555621237.7 45.1
1555621247.71 45.1
1555621257.73 45.6
1555621267.75 45.6
1555621277.76 45.1
1555621287.78 45.1
1555621297.81 45.1
1555621307.82 45.1
1555621317.84 45.1
1555621327.86 45.1
1555621337.87 45.1
1555621347.89 45.1
1555621357.92 45.1
1555621367.94 44.5
1555621377.95 45.1
1555621387.97 45.1
1555621397.99 45.1
1555621408.01 45.1
1555621418.03 45.1
1555621428.05 44.0
1555621438.07 44.0
1555621448.09 44.5
1555621458.11 44.5
1555621468.13 44.0
1555621478.15 45.1
1555621488.17 45.1
1555621498.19 44.5
1555621508.2 44.5
1555621518.22 44.0
1555621528.25 44.0
1555621538.26 45.1
1555621548.28 45.1
1555621558.31 45.6
1555621568.32 45.1
1555621578.33 45.1
1555621588.35 45.1
1555621598.36 45.6
1555621608.38 45.6
1555621618.39 45.1
1555621628.41 44.5
1555621638.43 45.1
1555621648.45 45.1
1555621658.47 45.1
1555621668.49 45.1
1555621678.5 45.1
1555621688.52 45.1
1555621698.54 45.1
1555621708.55 45.1
1555621718.57 44.0
1555621728.59 45.1
1555621738.61 45.1
1555621748.63 45.1
1555621758.64 45.1
1555621768.66 45.1
1555621778.68 45.6
1555621788.7 45.1
1555621798.71 45.1
1555621808.73 45.6
1555621818.75 45.1
1555621828.78 45.1
1555621838.8 44.5
1555621848.82 45.6
1555621858.84 45.1
1555621868.85 45.1
1555621878.87 45.6
1555621888.89 45.1
1555621898.9 45.1
1555621908.91 45.1
1555621918.93 46.2
1555621928.95 46.2
1555621938.97 45.1
1555621948.99 45.1
1555621959.01 44.5
1555621969.02 45.1
1555621979.04 45.1
1555621989.05 45.1
1555621999.07 45.1
1555622009.09 45.6
1555622019.11 45.1
1555622029.13 45.1
1555622039.15 45.1
1555622049.17 45.1
1555622059.19 45.1
1555622069.2 45.1
1555622079.22 45.1
1555622089.23 45.1
1555622099.25 45.1
1555622109.26 45.1
1555622119.29 45.1
1555622129.31 45.1
1555622139.32 45.1
1555622149.34 44.5
1555622159.35 45.1
1555622169.37 45.6
1555622179.4 45.6
1555622189.42 45.1
1555622199.43 45.6
1555622209.45 45.1
1555622219.46 45.1
1555622229.48 46.2
1555622239.5 45.6
1555622249.52 45.1
1555622259.54 45.6
1555622269.56 45.6
1555622279.58 45.6
1555622289.59 45.1
1555622299.61 45.1
1555622309.63 45.1
1555622319.65 45.1
1555622329.67 45.6
1555622339.69 45.6
1555622349.7 45.6
1555622359.73 46.2
1555622369.74 45.6
1555622379.76 45.1
1555622389.78 45.6
1555622399.8 45.1
1555622409.81 45.1
1555622419.83 44.5
1555622429.85 45.1
1555622439.87 45.1
1555622449.88 46.2
1555622459.9 45.6
1555622469.91 45.6
1555622479.93 45.6
1555622489.94 45.1
1555622499.96 46.2
1555622509.98 46.2
1555622519.99 46.2
1555622530.01 45.6
1555622540.03 45.6
1555622550.04 46.2
1555622560.06 46.2
1555622570.08 46.2
1555622580.1 46.2
1555622590.11 46.2
1555622600.13 45.1
1555622610.15 45.1
1555622620.18 45.6
1555622630.19 46.2
1555622640.21 45.1
1555622650.23 46.2
1555622660.24 45.6
1555622670.26 45.6
1555622680.27 46.2
1555622690.28 45.6
1555622700.3 46.2
1555622710.32 46.2
1555622720.34 45.1
1555622730.36 46.2
1555622740.38 46.2
1555622750.39 46.2
1555622760.41 45.1
1555622770.43 46.2
1555622780.45 46.2
1555622790.47 46.2
1555622800.48 45.6
1555622810.49 46.2
1555622820.52 45.1
1555622830.53 46.2
1555622840.55 45.6
1555622850.57 46.2
1555622860.58 45.6
1555622870.6 45.6
1555622880.61 45.6
1555622890.62 46.2
1555622900.64 46.2
1555622910.65 46.2
1555622920.67 46.2
1555622930.69 46.2
1555622940.72 46.7
1555622950.73 46.2
1555622960.74 46.7
1555622970.75 46.2
1555622980.76 46.2
1555622990.77 46.2
1555623000.79 46.2
1555623010.8 46.2
1555623020.81 46.2
1555623030.83 46.2
1555623040.84 46.2
1555623050.87 45.1
1555623060.88 46.2
1555623070.9 46.2
1555623080.91 45.1
1555623090.93 46.2
1555623100.94 46.7
1555623110.95 46.2
1555623120.96 45.6
1555623130.98 46.2
1555623141.0 45.6
1555623151.01 45.1
1555623161.03 45.6
1555623171.05 46.2
1555623181.06 45.6
1555623191.07 46.2
1555623201.08 46.2
1555623211.1 46.2
1555623221.11 46.2
1555623231.12 45.6
1555623241.13 46.2
1555623251.14 46.2
1555623261.16 46.2
1555623271.17 45.1
1555623281.19 46.2
1555623291.21 46.7
1555623301.23 46.2
1555623311.24 45.6
1555623321.25 46.2
1555623331.26 45.1
1555623341.28 46.2
1555623351.29 46.2
1555623361.31 46.2
1555623371.32 46.2
1555623381.33 47.2
1555623391.35 46.7
1555623401.36 46.2
1555623411.38 46.2
1555623421.39 46.2
1555623431.41 46.2
1555623441.43 47.2
1555623451.46 46.2
1555623461.47 46.2
1555623471.49 46.2
1555623481.5 47.2
1555623491.52 46.2
1555623501.54 46.2
1555623511.56 46.2
1555623521.57 46.7
1555623531.59 45.6
1555623541.6 46.2
1555623551.62 46.2
1555623561.64 46.2
1555623571.66 46.2
1555623581.67 47.2
1555623591.69 46.2
1555623601.71 46.7
1555623611.73 47.2
1555623621.74 46.2
1555623631.76 46.2
1555623641.78 46.2
1555623651.79 46.2
1555623661.81 46.2
1555623671.82 47.2
1555623681.84 47.2
1555623691.85 46.7
1555623701.87 47.2
1555623711.88 47.2
1555623721.9 47.2
1555623731.91 46.2
1555623741.93 47.2
1555623751.95 47.2
1555623761.96 47.2
1555623771.99 46.2
1555623782.0 47.8
1555623792.02 47.2
1555623802.03 47.2
1555623812.04 47.2
1555623822.05 46.7
1555623832.08 46.2
1555623842.09 46.2
1555623852.11 46.7
1555623862.13 47.2
1555623872.14 47.2
1555623882.16 46.2
1555623892.18 46.2
1555623902.2 46.7
1555623912.22 47.2
1555623922.23 46.2
1555623932.25 46.2
1555623942.26 46.2
1555623952.28 46.2
1555623962.3 45.1
1555623972.31 47.2
1555623982.33 46.2
1555623992.36 46.2
1555624002.38 47.2
1555624012.39 47.2
1555624022.41 46.2
1555624032.43 46.2
1555624042.45 46.7
1555624052.47 46.2
1555624062.5 47.2
1555624072.51 46.7
1555624082.53 46.7
1555624092.55 46.2
1555624102.56 47.2
1555624112.58 46.2
1555624122.59 46.7
1555624132.61 46.2
1555624142.63 46.7
1555624152.65 46.2
1555624162.67 46.2
1555624172.69 47.2
1555624182.7 47.2
1555624192.73 47.2
1555624202.74 47.8
1555624212.76 46.7
1555624222.77 47.2
1555624232.79 46.7
1555624242.81 46.7
1555624252.83 47.2
1555624262.85 47.2
1555624272.86 47.2
1555624282.88 47.2
1555624292.9 47.2
1555624302.91 46.7
1555624312.93 46.2
1555624322.95 46.2
1555624332.98 46.2
1555624343.0 46.7
1555624353.02 46.2
1555624363.04 46.2
1555624373.06 46.2
1555624383.08 46.7
1555624393.1 47.2
1555624403.12 46.2
1555624413.14 46.7
1555624423.16 46.2
1555624433.18 46.2
1555624443.2 46.7
1555624453.21 46.2
1555624463.23 47.2
1555624473.24 46.2
1555624483.26 46.7
1555624493.28 46.7
1555624503.29 46.7
1555624513.32 46.2
1555624523.33 46.2
1555624533.35 46.2
1555624543.37 46.7
1555624553.39 46.2
1555624563.4 46.7
1555624573.42 46.2
1555624583.44 47.2
1555624593.46 46.7
1555624603.48 45.6
1555624613.5 46.7
1555624623.52 46.2
1555624633.54 46.2
1555624643.56 46.2
1555624653.58 46.2
1555624663.59 47.2
1555624673.61 47.8
1555624683.63 47.2
1555624693.64 46.2
1555624703.66 46.2
1555624713.67 46.7
1555624723.69 47.2
1555624733.7 46.2
1555624743.72 47.2
1555624753.73 47.2
1555624763.75 46.7
1555624773.77 46.7
1555624783.79 47.2
1555624793.8 47.2
