1555900009.58 48.3
1555900019.59 48.9
1555900029.6 49.4
1555900039.62 48.9
1555900049.63 49.4
1555900059.65 49.4
1555900069.66 49.9
1555900079.68 49.9
1555900089.69 48.9
1555900099.7 49.4
1555900109.72 49.9
1555900119.74 49.4
1555900129.75 49.4
1555900139.76 50.5
1555900149.78 49.4
1555900159.8 48.3
1555900169.82 49.4
1555900179.83 49.4
1555900189.86 49.4
1555900199.87 49.4
1555900209.88 49.4
1555900219.9 49.4
1555900229.92 48.9
1555900239.93 48.3
1555900249.95 49.4
1555900259.97 49.4
1555900269.99 49.9
1555900280.01 49.4
1555900290.03 49.9
1555900300.04 49.4
1555900310.06 49.4
1555900320.08 49.9
1555900330.1 49.4
1555900340.12 49.9
1555900350.13 49.4
1555900360.15 49.4
1555900370.17 49.9
1555900380.18 49.9
1555900390.2 49.9
1555900400.22 49.9
1555900410.23 49.4
1555900420.25 49.9
1555900430.26 49.4
1555900440.28 49.4
1555900450.3 49.4
1555900460.32 49.4
1555900470.33 49.9
1555900480.35 49.4
1555900490.37 49.4
1555900500.39 49.4
1555900510.41 48.9
1555900520.43 49.4
1555900530.45 49.4
1555900540.46 49.4
1555900550.47 49.9
1555900560.49 49.4
1555900570.51 49.4
1555900580.53 49.4
1555900590.55 49.4
1555900600.56 49.4
1555900610.58 49.9
1555900620.6 49.4
1555900630.6 49.4
1555900640.62 48.3
1555900650.64 49.4
1555900660.66 49.4
1555900670.68 49.4
1555900680.69 49.4
1555900690.72 49.4
1555900700.72 48.9
1555900710.74 48.9
1555900720.77 48.9
1555900730.78 49.4
1555900740.8 48.9
1555900750.81 49.4
1555900760.82 49.9
1555900770.85 48.9
1555900780.86 49.4
1555900790.88 48.9
1555900800.89 49.4
1555900810.9 49.4
1555900820.92 48.3
1555900830.93 49.4
1555900840.95 49.4
1555900850.96 49.4
1555900860.98 49.4
1555900871.0 49.4
1555900881.01 49.4
1555900891.03 49.4
1555900901.05 48.3
1555900911.07 49.4
1555900921.09 48.3
1555900931.11 48.9
1555900941.13 49.4
1555900951.15 49.4
1555900961.16 49.9
1555900971.19 49.4
1555900981.21 49.4
1555900991.22 48.9
1555901001.24 50.5
1555901011.26 49.9
1555901021.28 49.4
1555901031.3 49.4
1555901041.32 49.4
1555901051.34 49.4
1555901061.35 49.4
1555901071.37 49.4
1555901081.39 49.4
1555901091.41 49.4
1555901101.43 48.9
1555901111.45 49.4
1555901121.47 49.4
1555901131.49 49.4
1555901141.51 49.4
1555901151.53 49.4
1555901161.54 49.4
1555901171.56 49.4
1555901181.57 48.3
1555901191.59 48.3
1555901201.61 48.9
1555901211.62 48.9
1555901221.63 48.9
1555901231.65 49.4
1555901241.67 49.4
1555901251.69 49.9
1555901261.71 49.4
1555901271.73 49.4
1555901281.75 48.9
1555901291.76 49.4
1555901301.78 48.9
1555901311.8 49.4
1555901321.81 49.4
1555901331.82 48.3
1555901341.84 48.3
1555901351.86 48.3
1555901361.87 49.4
1555901371.89 48.3
1555901381.91 49.4
1555901391.93 49.9
1555901401.95 48.3
1555901411.97 48.3
1555901421.99 49.4
1555901432.01 48.3
1555901442.03 48.3
1555901452.05 49.4
1555901462.07 48.3
1555901472.09 48.3
1555901482.1 49.9
1555901492.11 49.4
1555901502.13 49.4
1555901512.15 48.3
1555901522.17 49.4
1555901532.19 49.4
1555901542.21 49.4
1555901552.23 49.4
1555901562.25 49.4
1555901572.27 49.4
1555901582.28 49.4
1555901592.3 48.9
1555901602.32 49.4
1555901612.34 49.4
1555901622.36 48.9
1555901632.37 50.5
1555901642.39 49.4
1555901652.41 49.4
1555901662.43 49.4
1555901672.44 49.4
1555901682.46 49.4
1555901692.48 48.3
1555901702.5 49.4
1555901712.51 49.4
1555901722.53 49.4
1555901732.55 49.4
1555901742.57 48.3
1555901752.59 48.9
1555901762.61 49.4
1555901772.62 49.9
1555901782.64 49.4
1555901792.65 49.4
1555901802.68 49.4
1555901812.69 49.4
1555901822.71 49.4
1555901832.73 48.3
1555901842.74 49.4
1555901852.76 48.3
1555901862.77 48.9
1555901872.8 49.4
1555901882.81 49.4
1555901892.83 48.9
1555901902.85 48.9
1555901912.88 48.3
1555901922.89 49.4
1555901932.91 49.4
1555901942.92 49.4
1555901952.94 49.4
1555901962.95 49.4
1555901972.97 49.4
1555901982.99 49.4
1555901993.01 48.9
1555902003.02 51.0
1555902013.04 50.5
1555902023.06 49.9
1555902033.07 50.5
1555902043.09 49.9
1555902053.11 49.9
1555902063.11 50.5
1555902073.13 49.4
1555902083.16 49.4
1555902093.17 50.5
1555902103.19 49.9
1555902113.21 49.4
1555902123.22 49.9
1555902133.24 49.9
1555902143.26 49.9
1555902153.28 50.5
1555902163.29 49.9
1555902173.31 49.9
1555902183.33 49.9
1555902193.35 49.4
1555902203.36 49.9
1555902213.38 50.5
1555902223.4 49.4
1555902233.42 49.4
1555902243.43 49.4
1555902253.45 49.9
1555902263.47 49.4
1555902273.48 49.4
1555902283.5 49.4
1555902293.52 49.4
1555902303.54 48.3
1555902313.56 49.4
1555902323.58 49.4
1555902333.6 49.4
1555902343.62 48.3
1555902353.64 49.4
1555902363.66 49.4
1555902373.7 47.8
1555902383.72 48.3
1555902393.74 48.3
1555902403.75 49.4
1555902413.78 48.3
1555902423.79 48.9
1555902433.81 48.3
1555902443.82 48.3
1555902453.84 47.8
1555902463.86 48.9
1555902473.87 48.3
1555902483.89 48.3
1555902493.91 48.9
1555902503.93 48.3
1555902513.95 48.3
1555902523.97 48.3
1555902533.99 48.3
1555902544.01 48.3
1555902554.02 47.2
1555902564.05 47.8
1555902574.07 47.8
1555902584.09 48.3
1555902594.11 47.8
1555902604.13 48.9
1555902614.14 48.3
1555902624.16 48.3
1555902634.18 47.8
1555902644.2 47.8
1555902654.22 48.3
1555902664.25 47.8
1555902674.27 47.8
1555902684.29 48.3
1555902694.3 48.3
1555902704.32 47.2
1555902714.34 48.3
1555902724.36 47.8
1555902734.37 48.3
1555902744.39 48.3
1555902754.41 48.3
1555902764.43 48.3
1555902774.45 47.8
1555902784.47 48.3
1555902794.48 48.3
1555902804.51 48.3
1555902814.53 47.8
1555902824.55 47.8
1555902834.56 48.3
1555902844.58 48.3
1555902854.62 47.8
1555902864.63 48.3
1555902874.65 48.3
1555902884.67 47.2
1555902894.68 48.3
1555902904.7 47.8
1555902914.72 47.8
1555902924.74 47.2
1555902934.76 47.8
1555902944.78 47.8
1555902954.79 48.3
1555902964.81 47.2
1555902974.83 47.2
1555902984.85 47.2
1555902994.87 47.8
1555903004.88 47.8
1555903014.89 47.8
1555903024.91 47.2
1555903034.93 47.8
1555903044.95 47.2
1555903054.97 47.2
1555903064.99 47.8
1555903075.01 47.8
1555903085.03 47.2
1555903095.05 48.3
1555903105.07 47.2
1555903115.09 47.8
1555903125.11 47.2
1555903135.13 47.8
1555903145.15 47.8
1555903155.18 47.2
1555903165.2 47.2
1555903175.21 47.2
1555903185.23 47.2
1555903195.25 47.2
1555903205.26 48.3
1555903215.28 47.2
1555903225.3 47.8
1555903235.32 47.8
1555903245.34 47.2
1555903255.36 47.8
1555903265.39 47.8
1555903275.41 47.2
1555903285.43 47.2
1555903295.45 47.2
1555903305.47 46.7
1555903315.49 47.2
1555903325.51 46.2
1555903335.53 47.2
1555903345.55 47.2
1555903355.57 46.2
1555903365.59 47.2
1555903375.61 47.2
1555903385.63 46.7
1555903395.65 47.2
1555903405.67 47.2
1555903415.67 47.2
1555903425.7 47.2
1555903435.72 46.2
1555903445.74 47.2
1555903455.76 47.2
1555903465.78 47.2
1555903475.8 47.2
1555903485.82 46.2
1555903495.84 47.2
1555903505.85 46.7
1555903515.87 46.7
1555903525.89 46.7
1555903535.91 46.7
1555903545.93 47.2
1555903555.95 46.2
1555903565.97 47.2
1555903575.99 46.7
1555903586.0 47.2
1555903596.02 46.7
1555903606.04 46.2
1555903616.06 46.2
1555903626.08 47.2
1555903636.09 47.2
1555903646.12 47.2
1555903656.14 47.2
1555903666.16 47.2
1555903676.18 47.2
1555903686.2 46.2
1555903696.22 47.8
1555903706.24 47.2
1555903716.26 46.7
1555903726.28 47.2
1555903736.3 47.2
1555903746.32 47.8
1555903756.34 47.2
1555903766.36 47.2
1555903776.38 47.2
1555903786.39 47.2
1555903796.41 47.2
1555903806.43 46.7
1555903816.44 47.8
1555903826.46 47.2
1555903836.48 47.8
1555903846.5 47.2
1555903856.52 47.2
1555903866.53 48.3
1555903876.55 47.8
1555903886.57 47.8
1555903896.59 47.8
1555903906.61 47.8
1555903916.63 47.8
1555903926.65 47.2
1555903936.67 47.8
1555903946.69 47.2
1555903956.71 47.8
1555903966.72 47.8
1555903976.74 47.2
1555903986.76 47.2
1555903996.78 47.8
1555904006.8 47.2
1555904016.82 47.2
1555904026.83 47.8
1555904036.84 47.8
1555904046.86 48.3
1555904056.88 48.3
1555904066.9 47.8
1555904076.93 48.3
1555904086.95 47.2
1555904096.97 47.8
1555904106.98 47.8
1555904117.0 47.8
1555904127.02 48.3
1555904137.04 48.3
1555904147.07 47.8
1555904157.09 48.3
1555904167.1 48.3
1555904177.12 48.3
1555904187.13 47.8
1555904197.15 47.2
1555904207.17 48.3
1555904217.18 49.4
1555904227.21 47.8
1555904237.22 47.8
1555904247.24 48.9
1555904257.26 47.8
1555904267.28 48.3
1555904277.3 47.8
1555904287.32 48.3
1555904297.34 47.8
1555904307.36 47.2
1555904317.38 47.2
1555904327.4 47.8
1555904337.42 47.8
1555904347.44 47.8
1555904357.46 47.8
1555904367.48 47.8
1555904377.5 47.2
1555904387.51 47.8
1555904397.53 47.2
1555904407.54 48.9
1555904417.55 48.3
1555904427.58 48.3
1555904437.6 48.3
1555904447.62 48.3
1555904457.64 47.2
1555904467.66 47.2
1555904477.68 47.8
1555904487.69 47.8
1555904497.72 47.2
1555904507.73 47.2
1555904517.75 47.8
1555904527.76 48.3
1555904537.78 47.2
1555904547.8 47.2
1555904557.82 47.2
1555904567.84 47.8
1555904577.86 47.8
1555904587.87 48.3
1555904597.89 47.2
1555904607.91 47.2
1555904617.93 47.8
1555904627.95 47.2
1555904637.97 46.7
1555904647.99 47.2
1555904658.01 46.7
1555904668.03 47.2
1555904678.05 47.2
1555904688.06 47.8
1555904698.08 47.8
1555904708.1 47.2
1555904718.11 47.8
1555904728.13 47.2
1555904738.15 47.2
1555904748.17 47.8
1555904758.19 47.8
1555904768.21 47.2
1555904778.23 47.8
1555904788.25 47.2
1555904798.26 47.8
1555904808.28 47.2
1555904818.3 47.8
1555904828.32 47.8
1555904838.34 47.8
1555904848.35 47.2
1555904858.37 48.9
1555904868.38 48.3
1555904878.4 47.8
1555904888.42 47.8
1555904898.43 48.3
1555904908.45 47.8
1555904918.47 47.8
1555904928.49 48.3
1555904938.5 47.8
1555904948.52 47.8
1555904958.54 47.8
1555904968.56 47.8
1555904978.57 48.3
1555904988.58 48.3
1555904998.6 48.3
1555905008.61 48.3
1555905018.63 48.3
1555905028.64 48.9
1555905038.66 48.3
1555905048.69 48.3
1555905058.7 48.3
1555905068.72 48.3
1555905078.74 47.8
1555905088.76 48.3
1555905098.78 48.3
1555905108.8 48.3
1555905118.81 48.3
1555905128.84 47.2
1555905138.86 47.8
1555905148.88 47.2
1555905158.89 48.3
1555905168.91 48.3
1555905178.93 48.3
1555905188.95 48.3
1555905198.97 47.2
1555905208.99 47.2
1555905219.01 47.2
1555905229.03 47.2
1555905239.05 46.2
1555905249.07 47.2
1555905259.09 47.2
1555905269.11 47.8
1555905279.12 47.2
1555905289.15 47.2
1555905299.16 47.8
1555905309.18 47.2
1555905319.2 47.8
1555905329.21 47.8
1555905339.23 46.7
1555905349.25 47.2
1555905359.28 46.7
1555905369.3 47.2
1555905379.32 47.2
1555905389.34 47.2
1555905399.36 47.2
1555905409.37 47.2
1555905419.4 46.2
1555905429.41 47.2
1555905439.43 47.8
1555905449.45 47.2
1555905459.47 47.2
1555905469.49 47.2
1555905479.51 46.2
1555905489.53 47.8
1555905499.55 46.2
1555905509.57 47.2
1555905519.59 47.2
1555905529.6 47.2
1555905539.62 47.8
1555905549.64 47.2
1555905559.66 47.2
1555905569.68 47.2
1555905579.7 47.2
1555905589.72 47.2
1555905599.74 47.2
