1555000004.94 64.5
1555000014.95 64.5
1555000024.97 63.4
1555000034.99 64.5
1555000045.0 64.5
1555000055.03 63.4
1555000065.05 64.5
1555000075.06 64.5
1555000085.08 63.4
1555000095.1 63.9
1555000105.12 63.4
1555000115.14 64.5
1555000125.16 64.5
1555000135.17 64.5
1555000145.19 64.5
1555000155.21 64.5
1555000165.23 64.5
1555000175.25 64.5
1555000185.27 63.4
1555000195.28 64.5
1555000205.3 64.5
1555000215.32 63.4
1555000225.33 64.5
1555000235.35 63.4
1555000245.36 63.4
1555000255.38 64.5
1555000265.4 63.4
1555000275.42 63.4
1555000285.44 63.4
1555000295.46 64.5
1555000305.47 63.9
1555000315.49 63.9
1555000325.51 63.9
1555000335.52 63.9
1555000345.54 63.9
1555000355.56 63.4
1555000365.58 63.4
1555000375.6 62.8
1555000385.61 63.9
1555000395.63 63.4
1555000405.65 63.9
1555000415.67 64.5
1555000425.68 63.4
1555000435.7 63.9
1555000445.71 63.4
1555000455.73 63.4
1555000465.76 64.5
1555000475.77 64.5
1555000485.79 63.4
1555000495.81 64.5
1555000505.83 63.4
1555000515.85 63.4
1555000525.87 62.8
1555000535.89 62.8
1555000545.91 62.8
1555000555.92 63.4
1555000565.94 63.9
1555000575.96 63.4
1555000585.98 63.4
1555000596.0 62.8
1555000606.01 63.9
1555000616.03 63.4
1555000626.04 63.4
1555000636.06 63.4
1555000646.08 63.4
1555000656.1 63.9
1555000666.11 63.9
1555000676.13 64.5
1555000686.14 63.4
1555000696.16 63.4
1555000706.18 63.4
1555000716.2 63.4
1555000726.22 63.9
1555000736.24 63.4
1555000746.25 63.4
1555000756.26 62.8
1555000766.28 63.4
1555000776.3 64.5
1555000786.32 63.4
1555000796.33 64.5
1555000806.35 63.4
1555000816.36 63.4
1555000826.38 64.5
1555000836.4 63.4
1555000846.41 64.5
1555000856.43 63.9
1555000866.44 63.4
1555000876.46 63.4
1555000886.48 63.9
1555000896.5 63.4
1555000906.52 62.3
1555000916.53 63.4
1555000926.55 62.8
1555000936.58 63.4
1555000946.59 63.4
1555000956.61 63.9
1555000966.62 63.4
1555000976.64 63.4
1555000986.65 64.5
1555000996.67 63.9
1555001006.69 62.8
1555001016.7 63.4
1555001026.72 63.4
1555001036.74 64.5
1555001046.75 62.8
1555001056.77 62.3
1555001066.79 63.4
1555001076.81 63.4
1555001086.82 63.4
1555001096.84 62.8
1555001106.86 62.3
1555001116.87 62.3
1555001126.89 62.8
1555001136.91 62.3
1555001146.93 62.3
1555001156.95 62.3
1555001166.97 62.3
1555001176.99 63.4
1555001187.0 63.4
1555001197.02 62.8
1555001207.03 63.4
1555001217.05 62.8
1555001227.07 62.8
1555001237.08 63.4
1555001247.09 63.4
1555001257.11 63.4
1555001267.12 63.4
1555001277.13 62.8
1555001287.15 63.4
1555001297.17 62.8
1555001307.18 63.4
1555001317.2 63.4
1555001327.22 63.4
1555001337.23 62.8
1555001347.25 63.4
1555001357.27 62.8
1555001367.28 63.4
1555001377.3 63.4
1555001387.32 63.4
1555001397.34 63.4
1555001407.36 63.4
1555001417.37 63.4
1555001427.39 63.4
1555001437.4 63.4
1555001447.42 63.4
1555001457.44 63.9
1555001467.46 63.4
1555001477.48 63.9
1555001487.49 63.4
1555001497.51 63.4
1555001507.52 63.9
1555001517.53 63.4
1555001527.54 62.3
1555001537.56 63.4
1555001547.58 62.8
1555001557.59 62.8
1555001567.61 62.3
1555001577.63 62.8
1555001587.64 63.4
1555001597.66 63.4
1555001607.67 63.4
1555001617.7 63.4
1555001627.72 63.4
1555001637.74 62.8
1555001647.76 63.4
1555001657.78 63.4
1555001667.8 62.3
1555001677.81 63.4
1555001687.83 63.4
1555001697.84 63.4
1555001707.85 63.4
1555001717.87 62.8
1555001727.89 63.4
1555001737.91 62.3
1555001747.92 63.4
1555001757.95 62.3
1555001767.96 62.8
1555001777.98 63.4
1555001788.0 61.8
1555001798.03 62.3
1555001808.05 62.8
1555001818.07 62.3
1555001828.09 62.3
1555001838.1 62.3
1555001848.12 62.3
1555001858.14 61.8
1555001868.15 62.3
1555001878.16 62.3
1555001888.18 62.8
1555001898.2 62.3
1555001908.22 62.3
1555001918.23 62.3
1555001928.25 62.8
1555001938.27 61.8
1555001948.28 62.3
1555001958.29 62.3
1555001968.31 61.8
1555001978.33 62.3
1555001988.34 62.3
1555001998.36 61.8
