1555400003.4 37.6
1555400013.41 38.6
1555400023.42 38.6
1555400033.44 38.1
1555400043.46 39.2
1555400053.47 38.6
1555400063.49 39.2
1555400073.5 38.6
1555400083.51 38.6
1555400093.53 38.6
1555400103.54 38.6
1555400113.56 39.2
1555400123.57 39.2
1555400133.58 39.2
1555400143.6 38.6
1555400153.61 39.2
1555400163.63 39.2
1555400173.65 38.6
1555400183.67 38.6
1555400193.69 39.2
1555400203.71 39.2
1555400213.73 38.6
1555400223.75 38.1
1555400233.76 38.6
1555400243.78 38.6
1555400253.8 38.6
1555400263.82 38.6
1555400273.83 38.1
1555400283.86 38.6
1555400293.87 38.6
1555400303.89 38.6
1555400313.91 38.6
1555400323.93 38.6
1555400333.95 38.6
1555400343.98 38.6
1555400353.99 38.1
1555400364.01 38.6
1555400374.03 39.2
1555400384.05 38.6
1555400394.06 39.2
1555400404.08 38.6
1555400414.09 38.6
1555400424.12 38.6
1555400434.14 38.6
1555400444.16 38.6
1555400454.18 38.6
1555400464.21 38.6
1555400474.23 38.6
1555400484.25 38.6
1555400494.27 39.2
1555400504.29 38.6
1555400514.31 38.6
1555400524.33 38.6
1555400534.35 38.6
1555400544.37 38.1
1555400554.39 38.6
1555400564.41 38.6
1555400574.43 38.6
1555400584.45 38.1
1555400594.46 38.1
1555400604.48 38.6
1555400614.5 38.1
1555400624.52 38.1
1555400634.54 38.6
1555400644.56 38.6
1555400654.58 37.6
1555400664.6 38.6
1555400674.62 38.6
1555400684.64 38.6
1555400694.66 37.6
1555400704.68 38.6
1555400714.69 38.6
1555400724.71 38.1
1555400734.73 38.1
1555400744.74 38.6
1555400754.76 38.6
1555400764.78 38.6
1555400774.8 38.6
1555400784.82 38.1
1555400794.84 38.6
1555400804.86 37.6
1555400814.88 39.2
1555400824.9 38.6
1555400834.92 38.6
1555400844.94 38.1
1555400854.96 38.6
1555400864.98 38.6
1555400875.0 37.6
1555400885.02 38.1
1555400895.04 38.6
1555400905.06 38.1
1555400915.07 37.6
1555400925.09 38.1
1555400935.11 37.6
1555400945.13 38.1
1555400955.14 38.6
1555400965.16 38.6
1555400975.18 38.6
1555400985.2 37.6
1555400995.21 38.1
1555401005.22 38.1
1555401015.24 38.1
1555401025.25 38.6
1555401035.26 38.6
1555401045.27 38.6
1555401055.28 39.2
1555401065.3 37.6
1555401075.31 38.6
1555401085.33 38.1
1555401095.34 38.1
1555401105.35 38.6
1555401115.37 37.6
1555401125.38 38.1
1555401135.4 38.6
1555401145.41 38.6
1555401155.43 38.1
1555401165.44 38.1
1555401175.46 37.6
1555401185.47 38.6
1555401195.48 38.1
1555401205.5 39.2
1555401215.51 38.6
1555401225.52 37.6
1555401235.53 38.6
1555401245.55 38.1
1555401255.55 38.6
1555401265.57 38.1
1555401275.59 38.1
1555401285.6 37.6
1555401295.63 37.6
1555401305.63 38.1
1555401315.65 38.6
1555401325.67 38.6
1555401335.69 38.1
1555401345.71 37.6
1555401355.73 38.1
1555401365.75 37.6
1555401375.77 38.1
1555401385.78 38.6
1555401395.8 37.6
1555401405.81 38.6
1555401415.83 37.6
1555401425.85 37.6
1555401435.87 38.1
1555401445.89 38.1
1555401455.91 37.6
1555401465.93 38.1
1555401475.95 38.1
1555401485.97 38.1
1555401496.0 37.6
1555401506.02 38.1
1555401516.04 37.6
1555401526.06 38.6
1555401536.08 38.1
1555401546.1 38.1
1555401556.12 37.6
1555401566.14 37.6
1555401576.16 38.1
1555401586.18 37.6
1555401596.21 37.6
1555401606.21 39.7
1555401616.23 38.6
1555401626.26 38.1
1555401636.28 37.6
1555401646.3 38.6
1555401656.32 38.1
1555401666.34 37.6
1555401676.36 37.6
1555401686.37 38.6
1555401696.4 37.6
1555401706.42 38.1
1555401716.44 38.1
1555401726.46 37.6
1555401736.48 38.1
1555401746.5 37.6
1555401756.52 38.6
1555401766.54 37.6
1555401776.56 38.1
1555401786.58 37.6
1555401796.6 37.6
1555401806.62 37.6
1555401816.64 37.6
1555401826.65 38.6
1555401836.67 37.6
1555401846.69 37.6
1555401856.7 38.1
1555401866.73 37.6
1555401876.75 37.6
1555401886.76 38.6
1555401896.78 37.6
1555401906.81 37.6
1555401916.83 37.6
1555401926.93 37.6
1555401936.95 37.6
1555401946.97 38.1
1555401956.99 37.6
1555401967.02 37.6
1555401977.04 37.6
1555401987.05 38.1
1555401997.07 37.6
1555402007.09 37.6
1555402017.12 38.1
1555402027.13 38.6
1555402037.16 37.6
1555402047.18 38.6
1555402057.2 38.1
1555402067.22 37.6
1555402077.24 37.6
1555402087.26 38.1
1555402097.28 38.6
1555402107.3 38.1
1555402117.31 38.6
1555402127.33 38.6
1555402137.35 38.6
1555402147.37 38.6
1555402157.39 38.1
1555402167.41 38.6
1555402177.43 38.6
1555402187.45 37.6
1555402197.47 37.6
1555402207.49 38.1
1555402217.5 37.6
1555402227.52 38.1
1555402237.54 38.1
1555402247.56 37.6
1555402257.57 37.6
1555402267.59 38.1
1555402277.61 38.1
1555402287.63 37.6
1555402297.64 38.6
1555402307.66 37.6
1555402317.69 37.6
1555402327.71 38.1
1555402337.73 38.6
1555402347.75 37.6
1555402357.77 37.6
1555402367.79 38.6
1555402377.81 37.6
1555402387.82 38.1
1555402397.84 38.6
1555402407.86 38.6
1555402417.88 38.1
1555402427.9 38.6
1555402437.92 38.1
1555402447.94 39.2
1555402457.96 39.2
1555402467.97 38.6
1555402477.99 38.6
1555402488.0 38.6
1555402498.02 38.6
1555402508.05 39.2
1555402518.06 39.2
1555402528.08 38.6
1555402538.1 39.2
1555402548.12 39.7
1555402558.14 38.6
1555402568.16 38.6
1555402578.18 39.2
1555402588.19 38.6
1555402598.21 39.2
1555402608.23 38.6
1555402618.25 39.2
1555402628.27 38.6
1555402638.29 39.2
1555402648.31 39.2
1555402658.33 39.2
1555402668.35 38.6
1555402678.37 38.6
1555402688.39 38.6
1555402698.41 38.6
1555402708.42 39.7
1555402718.44 39.7
1555402728.46 39.2
1555402738.48 38.6
1555402748.5 39.2
1555402758.51 39.7
1555402768.53 38.6
1555402778.54 39.2
1555402788.56 38.6
1555402798.58 38.6
1555402808.59 39.2
1555402818.61 38.1
1555402828.63 39.2
1555402838.64 39.2
1555402848.66 39.2
1555402858.68 38.6
1555402868.7 39.2
1555402878.72 38.6
1555402888.74 39.2
1555402898.76 38.6
1555402908.78 38.6
1555402918.79 38.6
1555402928.81 38.6
1555402938.82 39.2
1555402948.84 39.2
1555402958.86 39.2
1555402968.87 39.2
1555402978.88 39.2
1555402988.9 39.7
1555402998.92 39.2
1555403008.94 38.6
1555403018.96 39.7
1555403028.97 39.2
1555403038.99 39.7
1555403049.01 38.6
1555403059.01 38.6
1555403069.03 38.6
1555403079.04 39.2
1555403089.06 38.6
1555403099.07 38.6
1555403109.09 39.2
1555403119.1 39.7
1555403129.12 38.6
1555403139.13 38.6
1555403149.15 39.2
1555403159.16 38.6
1555403169.18 38.6
1555403179.19 39.2
1555403189.2 39.2
1555403199.22 38.6
1555403209.23 38.6
1555403219.26 38.6
1555403229.27 38.6
1555403239.28 38.6
1555403249.3 38.6
1555403259.32 38.6
1555403269.34 39.7
1555403279.36 39.2
1555403289.37 39.2
1555403299.39 39.2
1555403309.41 37.6
1555403319.43 38.6
1555403329.44 39.2
1555403339.46 38.1
1555403349.48 38.6
1555403359.5 38.1
1555403369.52 38.6
1555403379.53 38.6
1555403389.55 38.1
1555403399.57 38.6
1555403409.59 38.1
1555403419.61 38.1
1555403429.63 38.1
1555403439.65 39.2
1555403449.66 38.6
1555403459.68 38.6
1555403469.69 38.6
1555403479.71 38.1
1555403489.72 38.6
1555403499.74 38.6
1555403509.75 38.6
1555403519.77 38.6
1555403529.79 37.6
1555403539.81 38.6
1555403549.83 38.6
1555403559.84 38.6
1555403569.86 38.6
1555403579.88 38.6
1555403589.9 38.6
1555403599.92 38.6
1555403609.94 38.6
1555403619.96 38.6
1555403629.98 37.6
1555403640.0 37.6
1555403650.01 38.6
1555403660.03 39.2
1555403670.04 39.2
1555403680.06 38.6
1555403690.07 38.6
1555403700.09 37.6
1555403710.1 38.6
1555403720.12 38.6
1555403730.14 39.2
1555403740.16 37.6
1555403750.18 38.6
1555403760.21 39.2
1555403770.22 38.6
1555403780.24 39.7
1555403790.26 39.2
1555403800.28 39.2
1555403810.3 39.7
1555403820.31 39.2
1555403830.33 39.2
1555403840.35 39.2
1555403850.37 38.6
1555403860.39 38.6
1555403870.41 39.2
1555403880.42 39.2
1555403890.44 39.2
1555403900.46 39.2
1555403910.47 38.6
1555403920.48 39.2
1555403930.49 39.7
1555403940.5 39.2
1555403950.52 39.2
1555403960.54 39.2
1555403970.56 38.6
1555403980.57 39.2
1555403990.59 38.6
1555404000.61 39.2
1555404010.62 38.6
1555404020.63 39.2
1555404030.65 39.2
1555404040.66 38.6
1555404050.68 38.6
1555404060.69 39.2
1555404070.71 38.6
1555404080.73 39.2
1555404090.75 39.7
1555404100.77 38.6
1555404110.78 39.7
1555404120.8 38.6
1555404130.82 38.6
1555404140.84 38.1
1555404150.86 39.2
1555404160.88 38.6
1555404170.9 38.6
1555404180.91 39.7
1555404190.92 39.2
1555404200.94 39.2
1555404210.95 39.7
1555404220.96 39.2
1555404230.98 39.2
1555404241.0 38.6
1555404251.02 38.6
1555404261.04 39.2
1555404271.05 39.2
1555404281.07 38.6
1555404291.09 38.6
1555404301.11 39.2
1555404311.12 38.6
1555404321.14 39.2
1555404331.16 39.7
1555404341.17 38.6
1555404351.18 39.2
1555404361.2 39.7
1555404371.21 39.2
1555404381.23 39.2
1555404391.23 39.7
1555404401.25 39.2
1555404411.27 39.2
1555404421.28 39.2
1555404431.3 39.2
1555404441.32 39.2
1555404451.34 38.6
1555404461.35 39.2
1555404471.37 38.6
1555404481.39 39.2
1555404491.4 38.6
1555404501.41 38.6
1555404511.43 39.7
1555404521.45 39.2
1555404531.46 39.2
1555404541.48 38.6
1555404551.49 39.2
1555404561.51 38.6
1555404571.52 38.6
1555404581.54 39.2
1555404591.56 38.6
1555404601.57 38.6
1555404611.59 38.6
1555404621.61 38.6
1555404631.63 38.6
1555404641.65 38.6
1555404651.67 38.6
1555404661.68 38.6
1555404671.7 38.6
1555404681.71 38.6
1555404691.73 38.1
1555404701.75 38.6
1555404711.76 39.2
1555404721.78 38.6
1555404731.8 38.1
1555404741.81 39.2
1555404751.83 39.2
1555404761.84 38.6
1555404771.86 38.6
1555404781.88 38.6
1555404791.9 38.6
1555404801.91 38.1
1555404811.92 39.2
1555404821.93 38.6
1555404831.95 38.1
1555404841.97 38.1
1555404851.99 38.6
1555404862.01 38.6
1555404872.02 38.6
1555404882.04 38.1
1555404892.06 38.6
1555404902.08 38.6
1555404912.1 38.6
1555404922.11 39.2
1555404932.13 38.6
1555404942.15 38.1
1555404952.16 38.1
1555404962.19 38.6
1555404972.21 38.6
1555404982.22 38.6
1555404992.24 38.6
1555405002.25 38.6
1555405012.27 38.6
1555405022.28 38.6
1555405032.29 38.6
1555405042.3 38.6
1555405052.32 37.6
1555405062.34 38.6
1555405072.36 38.1
1555405082.37 38.6
1555405092.39 38.6
1555405102.41 37.6
1555405112.43 38.6
1555405122.47 38.6
1555405132.49 38.6
1555405142.5 38.6
1555405152.52 38.1
1555405162.54 38.1
1555405172.55 37.6
1555405182.57 38.6
1555405192.59 38.6
1555405202.6 38.6
