1556900003.68 57.5
1556900013.7 57.5
1556900023.72 58.0
1556900033.73 58.0
1556900043.75 58.0
1556900053.77 58.0
1556900063.79 58.0
1556900073.8 58.5
1556900083.81 58.0
1556900093.83 58.0
1556900103.84 58.5
1556900113.86 58.0
1556900123.87 58.0
1556900133.89 58.0
1556900143.9 58.0
1556900153.92 58.0
1556900163.94 58.5
1556900173.95 58.0
1556900183.97 58.5
1556900194.0 58.0
1556900204.02 59.1
1556900214.04 58.0
1556900224.05 58.0
1556900234.07 58.0
1556900244.08 59.1
1556900254.1 58.5
1556900264.12 58.5
1556900274.14 58.5
1556900284.16 59.1
1556900294.18 59.1
1556900304.19 58.5
1556900314.21 59.1
1556900324.23 58.5
1556900334.25 58.5
1556900344.26 59.1
1556900354.28 59.1
1556900364.3 59.6
1556900374.31 58.5
1556900384.33 59.1
1556900394.34 59.6
1556900404.36 58.5
1556900414.38 59.1
1556900424.4 59.1
1556900434.42 58.0
1556900444.44 58.5
1556900454.45 59.1
1556900464.46 59.1
1556900474.48 58.5
1556900484.5 59.1
1556900494.52 59.1
1556900504.54 59.1
1556900514.55 58.5
1556900524.57 59.1
1556900534.59 59.1
1556900544.6 59.1
1556900554.62 59.1
1556900564.63 59.1
1556900574.65 59.1
1556900584.66 59.1
1556900594.68 59.1
1556900604.69 59.1
1556900614.71 58.5
1556900624.72 58.5
1556900634.74 59.1
1556900644.75 58.0
1556900654.77 58.5
1556900664.79 58.0
1556900674.8 58.5
1556900684.82 58.0
1556900694.84 58.0
1556900704.86 58.5
1556900714.87 58.0
1556900724.89 58.0
1556900734.91 58.0
1556900744.92 58.0
1556900754.94 56.9
1556900764.96 58.0
1556900774.98 58.0
1556900784.99 58.0
1556900795.01 58.0
1556900805.03 58.0
1556900815.04 58.0
1556900825.06 58.0
1556900835.08 58.0
1556900845.09 56.9
1556900855.11 56.9
1556900865.12 56.9
1556900875.14 56.9
1556900885.16 57.5
1556900895.18 57.5
1556900905.2 56.9
1556900915.22 56.4
1556900925.25 56.9
1556900935.26 56.4
1556900945.28 56.4
1556900955.3 56.4
1556900965.31 56.9
1556900975.33 58.0
1556900985.34 56.9
1556900995.35 56.9
1556901005.37 55.8
1556901015.38 56.4
1556901025.4 56.9
1556901035.42 56.4
1556901045.44 56.9
1556901055.46 56.9
1556901065.47 56.4
1556901075.49 56.9
1556901085.51 56.4
1556901095.53 56.4
1556901105.55 55.8
1556901115.57 56.4
1556901125.59 55.8
1556901135.6 56.4
1556901145.63 56.4
1556901155.65 56.4
1556901165.67 55.8
1556901175.68 55.8
1556901185.7 55.8
1556901195.72 55.8
1556901205.73 56.4
1556901215.75 55.8
1556901225.77 55.8
1556901235.78 56.4
1556901245.8 55.8
1556901255.81 56.9
1556901265.83 55.8
1556901275.84 55.8
1556901285.86 55.8
1556901295.87 56.9
1556901305.89 55.8
1556901315.9 56.4
1556901325.91 56.9
1556901335.92 56.9
1556901345.94 56.9
1556901355.96 56.4
1556901365.98 56.4
1556901375.99 56.4
1556901386.01 56.9
1556901396.02 56.4
1556901406.04 56.9
1556901416.05 55.8
1556901426.07 56.4
1556901436.09 55.8
1556901446.1 55.8
1556901456.12 55.8
1556901466.13 55.8
1556901476.15 55.8
1556901486.17 55.8
1556901496.19 55.8
1556901506.2 56.4
1556901516.22 55.8
1556901526.24 56.9
1556901536.26 55.8
1556901546.27 55.8
1556901556.29 55.8
1556901566.31 55.8
1556901576.33 55.8
1556901586.35 55.8
1556901596.36 55.3
1556901606.37 55.8
1556901616.39 55.8
1556901626.41 55.8
1556901636.43 55.8
1556901646.44 55.3
1556901656.46 55.8
1556901666.47 55.8
1556901676.49 55.8
1556901686.51 55.8
1556901696.52 55.8
1556901706.54 55.3
1556901716.55 55.8
1556901726.57 55.8
1556901736.58 55.8
1556901746.6 55.8
1556901756.62 55.8
1556901766.64 55.3
1556901776.66 54.8
1556901786.68 55.8
1556901796.7 55.8
1556901806.71 55.3
1556901816.72 54.8
1556901826.74 55.3
1556901836.76 54.8
1556901846.77 55.8
1556901856.79 55.3
1556901866.8 55.8
1556901876.82 54.8
1556901886.83 55.8
1556901896.86 55.3
1556901906.88 54.8
1556901916.9 55.3
1556901926.92 55.3
1556901936.94 54.8
1556901946.96 54.8
1556901956.99 54.8
1556901967.02 55.8
1556901977.03 55.3
1556901987.05 55.8
1556901997.07 55.8
1556902007.09 55.8
1556902017.11 55.8
1556902027.12 55.3
1556902037.14 55.8
1556902047.16 55.3
1556902057.17 55.3
1556902067.19 55.8
1556902077.2 55.3
1556902087.23 55.8
1556902097.24 55.8
1556902107.26 56.4
1556902117.27 55.8
1556902127.28 56.4
1556902137.29 56.4
1556902147.31 55.8
1556902157.32 56.9
1556902167.34 56.9
1556902177.36 56.9
1556902187.38 56.4
1556902197.4 56.4
1556902207.41 56.9
1556902217.42 55.8
1556902227.45 56.9
1556902237.46 56.4
1556902247.48 56.4
1556902257.49 56.4
1556902267.5 56.4
1556902277.51 57.5
1556902287.53 57.5
1556902297.54 56.4
1556902307.55 56.9
1556902317.56 57.5
1556902327.58 57.5
1556902337.6 57.5
1556902347.62 56.9
1556902357.63 57.5
1556902367.64 57.5
1556902377.65 57.5
1556902387.67 58.0
1556902397.68 56.9
1556902407.69 56.9
1556902417.71 57.5
1556902427.72 58.0
1556902437.73 58.0
1556902447.75 56.9
1556902457.77 56.9
1556902467.78 58.0
1556902477.8 58.0
1556902487.81 58.0
1556902497.83 57.5
1556902507.85 56.9
1556902517.86 58.0
1556902527.88 57.5
1556902537.9 56.9
1556902547.92 56.9
1556902557.93 58.0
1556902567.94 56.9
1556902577.96 57.5
1556902587.97 56.9
1556902597.98 57.5
1556902607.99 58.0
1556902618.0 58.0
1556902628.01 56.9
1556902638.03 58.0
1556902648.04 56.9
1556902658.06 56.9
1556902668.08 56.9
1556902678.09 56.9
1556902688.11 56.9
1556902698.14 56.9
1556902708.15 56.9
1556902718.17 57.5
1556902728.18 57.5
1556902738.2 56.9
1556902748.21 58.0
1556902758.23 56.9
1556902768.24 56.9
1556902778.26 56.9
1556902788.27 57.5
1556902798.28 56.9
