1556200005.31 60.1
1556200015.33 60.1
1556200025.34 60.1
1556200035.37 60.1
1556200045.39 60.1
1556200055.4 60.7
1556200065.42 60.1
1556200075.44 60.1
1556200085.46 60.1
1556200095.48 60.1
1556200105.49 61.2
1556200115.5 60.7
1556200125.52 60.7
1556200135.53 60.7
1556200145.55 60.7
1556200155.57 60.7
1556200165.59 60.7
1556200175.61 60.1
1556200185.63 60.1
1556200195.65 60.7
1556200205.67 60.1
1556200215.68 60.7
1556200225.7 60.7
1556200235.71 60.7
1556200245.72 61.2
1556200255.73 61.2
1556200265.75 60.7
1556200275.76 61.2
1556200285.77 60.7
1556200295.78 61.2
1556200305.8 61.2
1556200315.81 60.1
1556200325.83 60.7
1556200335.85 61.2
1556200345.86 60.7
1556200355.89 60.1
1556200365.91 60.7
1556200375.93 60.1
1556200385.94 60.7
1556200395.97 60.7
1556200405.98 60.7
1556200416.01 60.1
1556200426.03 60.7
1556200436.04 60.7
1556200446.05 60.7
1556200456.06 60.1
1556200466.08 59.6
1556200476.1 60.7
1556200486.11 61.2
1556200496.13 60.7
1556200506.15 60.7
1556200516.17 60.7
1556200526.18 60.7
1556200536.19 60.7
1556200546.2 61.2
1556200556.22 60.7
1556200566.24 60.7
1556200576.26 60.7
1556200586.28 60.7
1556200596.3 60.7
1556200606.32 60.1
1556200616.33 60.7
1556200626.34 60.7
1556200636.37 60.7
1556200646.39 60.1
1556200656.4 60.7
1556200666.42 61.2
1556200676.43 60.1
1556200686.44 61.2
1556200696.45 61.2
1556200706.46 60.7
1556200716.48 60.7
1556200726.5 61.2
1556200736.52 61.2
1556200746.53 61.2
1556200756.55 61.2
1556200766.56 60.7
1556200776.58 60.7
1556200786.6 61.2
1556200796.61 61.2
1556200806.62 62.8
1556200816.64 62.3
1556200826.66 62.3
1556200836.68 61.8
1556200846.7 61.8
1556200856.72 62.3
1556200866.73 61.8
1556200876.75 61.2
1556200886.77 61.8
1556200896.79 61.2
1556200906.82 61.2
1556200916.84 61.2
1556200926.86 61.8
1556200936.88 61.8
1556200946.9 61.2
1556200956.92 61.8
1556200966.93 61.2
1556200976.95 61.2
1556200986.97 61.2
1556200996.99 60.7
1556201007.0 61.8
1556201017.01 62.3
1556201027.02 61.8
1556201037.04 62.3
1556201047.06 62.3
1556201057.07 61.8
1556201067.09 61.2
1556201077.11 61.2
1556201087.13 61.2
1556201097.15 62.3
1556201107.16 61.2
1556201117.18 61.2
1556201127.2 62.3
1556201137.21 62.8
1556201147.23 62.3
1556201157.24 61.2
1556201167.26 61.2
1556201177.28 61.2
1556201187.29 62.3
1556201197.3 61.8
1556201207.32 61.8
1556201217.33 62.3
1556201227.35 61.8
1556201237.36 62.3
1556201247.37 62.3
1556201257.39 61.2
1556201267.41 61.2
1556201277.43 61.2
1556201287.44 61.8
1556201297.45 61.2
1556201307.47 61.2
1556201317.49 61.2
1556201327.5 61.2
1556201337.51 61.2
1556201347.53 61.8
1556201357.54 62.3
1556201367.55 61.2
1556201377.57 62.3
1556201387.58 61.2
1556201397.6 60.7
1556201407.62 61.2
1556201417.63 61.2
1556201427.65 61.2
1556201437.67 61.8
1556201447.69 61.2
1556201457.7 61.2
1556201467.71 62.3
1556201477.73 61.2
1556201487.74 61.8
1556201497.75 62.3
1556201507.77 61.2
1556201517.79 61.2
1556201527.81 61.8
1556201537.82 61.2
1556201547.83 61.2
1556201557.85 61.2
1556201567.87 62.3
1556201577.88 62.3
1556201587.9 62.3
1556201597.91 62.3
1556201607.92 62.3
1556201617.94 62.3
1556201627.95 62.8
1556201637.96 62.3
1556201647.98 62.3
1556201657.99 62.3
1556201668.0 62.3
1556201678.01 62.3
1556201688.03 62.3
1556201698.04 62.3
1556201708.06 62.3
1556201718.07 62.3
1556201728.08 62.3
1556201738.1 62.3
1556201748.12 61.8
1556201758.13 62.3
1556201768.15 62.3
1556201778.18 62.3
1556201788.2 62.3
1556201798.22 62.3
1556201808.23 62.3
1556201818.25 62.3
1556201828.27 62.3
1556201838.28 61.8
1556201848.3 62.3
1556201858.32 62.3
1556201868.34 62.3
1556201878.35 62.3
1556201888.37 62.8
1556201898.39 62.3
1556201908.41 62.3
1556201918.42 62.3
1556201928.44 62.8
1556201938.46 62.3
1556201948.48 62.8
1556201958.49 62.3
1556201968.51 62.3
1556201978.52 62.3
1556201988.54 62.3
1556201998.56 62.3
1556202008.58 62.3
1556202018.59 63.4
1556202028.61 62.3
1556202038.63 62.8
1556202048.65 62.3
1556202058.67 62.8
1556202068.69 62.3
1556202078.7 62.8
1556202088.72 62.8
1556202098.74 62.8
1556202108.75 63.4
1556202118.77 62.3
1556202128.79 62.8
1556202138.81 62.8
1556202148.82 62.8
1556202158.84 63.4
1556202168.86 62.8
1556202178.87 63.4
1556202188.89 62.3
1556202198.9 62.3
1556202208.91 62.8
1556202218.92 62.3
1556202228.94 62.3
1556202238.95 62.3
1556202248.97 62.3
1556202258.98 62.3
1556202268.99 62.3
1556202279.01 63.4
1556202289.02 62.3
1556202299.04 62.3
1556202309.06 62.3
1556202319.07 63.4
1556202329.09 63.4
1556202339.1 63.4
1556202349.12 63.4
1556202359.13 63.4
1556202369.15 62.8
1556202379.16 63.9
1556202389.17 63.9
1556202399.19 63.4
1556202409.21 63.4
1556202419.22 63.4
1556202429.23 63.9
1556202439.24 63.9
1556202449.25 63.9
1556202459.27 63.9
1556202469.28 64.5
1556202479.3 63.9
1556202489.31 63.4
1556202499.33 64.5
1556202509.34 63.4
1556202519.35 63.9
1556202529.37 63.4
1556202539.38 63.4
1556202549.4 63.4
1556202559.42 62.8
1556202569.43 63.4
1556202579.45 63.4
1556202589.47 63.4
1556202599.48 63.9
1556202609.49 62.3
1556202619.51 62.8
1556202629.52 63.4
1556202639.54 63.4
1556202649.56 62.8
1556202659.57 62.8
1556202669.58 62.3
1556202679.6 62.8
1556202689.62 62.3
1556202699.64 62.3
1556202709.65 63.4
1556202719.67 62.3
1556202729.69 62.3
1556202739.72 62.8
1556202749.74 62.3
1556202759.76 63.4
1556202769.77 63.4
1556202779.79 62.3
1556202789.81 63.4
1556202799.82 62.8
1556202809.83 62.3
1556202819.85 62.8
1556202829.86 63.4
1556202839.88 62.3
1556202849.9 62.3
1556202859.92 62.8
1556202869.95 62.3
1556202879.96 63.4
1556202889.98 63.4
1556202900.0 63.4
1556202910.02 62.3
1556202920.04 63.4
1556202930.05 63.4
1556202940.07 62.3
1556202950.09 62.8
1556202960.1 62.3
1556202970.12 61.8
1556202980.13 62.3
1556202990.15 62.3
1556203000.17 62.3
1556203010.18 62.3
1556203020.2 62.3
1556203030.21 62.8
1556203040.23 61.8
1556203050.24 62.3
1556203060.26 61.8
1556203070.27 62.3
1556203080.28 62.3
1556203090.29 62.8
1556203100.31 62.3
1556203110.33 62.8
1556203120.35 62.8
1556203130.37 62.8
1556203140.38 62.8
1556203150.4 62.8
1556203160.42 63.4
1556203170.43 63.4
1556203180.44 63.4
1556203190.47 62.8
1556203200.48 62.8
1556203210.49 62.8
1556203220.51 63.4
1556203230.52 62.8
1556203240.55 62.3
1556203250.57 62.3
1556203260.58 62.8
1556203270.6 62.8
1556203280.61 62.3
1556203290.64 62.3
1556203300.65 62.3
1556203310.67 63.4
1556203320.7 62.3
1556203330.71 62.3
1556203340.73 63.4
1556203350.75 62.3
1556203360.76 62.3
1556203370.78 61.8
1556203380.8 62.8
1556203390.81 62.3
1556203400.83 62.3
1556203410.84 62.3
1556203420.87 62.3
1556203430.94 62.3
1556203440.96 62.3
1556203450.98 62.8
1556203460.99 62.3
1556203471.01 62.3
1556203481.03 62.3
1556203491.05 62.3
1556203501.06 62.3
1556203511.07 62.3
1556203521.09 62.3
1556203531.11 62.3
1556203541.13 62.3
1556203551.15 62.3
1556203561.16 62.3
1556203571.18 62.3
1556203581.19 62.8
1556203591.2 62.8
1556203601.21 62.3
1556203611.24 62.3
1556203621.26 62.3
1556203631.28 62.3
1556203641.29 62.8
1556203651.31 62.3
1556203661.33 62.3
1556203671.35 62.8
1556203681.37 62.8
1556203691.38 63.4
1556203701.4 62.3
1556203711.42 62.3
1556203721.44 63.4
1556203731.46 62.3
1556203741.47 62.8
1556203751.49 62.3
1556203761.5 62.3
1556203771.51 62.3
1556203781.52 62.8
1556203791.54 63.4
1556203801.56 62.8
1556203811.57 63.4
1556203821.59 62.8
1556203831.6 63.4
1556203841.63 62.3
1556203851.64 62.3
1556203861.66 62.3
1556203871.68 62.3
1556203881.69 62.3
1556203891.71 62.8
1556203901.73 62.3
1556203911.74 63.4
1556203921.75 62.8
1556203931.76 63.4
1556203941.77 63.4
1556203951.79 62.3
1556203961.81 62.3
1556203971.83 62.8
1556203981.84 63.4
1556203991.85 62.8
1556204001.86 63.4
1556204011.88 63.4
1556204021.9 62.8
1556204031.91 63.4
1556204041.93 62.8
1556204051.94 62.3
1556204061.95 62.8
1556204071.97 63.4
1556204081.99 62.8
1556204092.0 62.8
1556204102.02 62.8
1556204112.03 63.4
1556204122.05 62.8
1556204132.07 62.8
1556204142.09 62.3
1556204152.1 62.8
1556204162.12 62.3
1556204172.13 62.3
1556204182.16 62.3
1556204192.17 62.8
1556204202.19 62.3
1556204212.2 62.3
1556204222.22 62.3
1556204232.24 61.8
1556204242.26 61.8
1556204252.28 61.8
1556204262.29 62.3
1556204272.32 61.8
1556204282.34 62.3
1556204292.35 62.3
1556204302.37 62.3
1556204312.39 62.3
1556204322.4 62.3
1556204332.42 62.8
1556204342.44 62.3
1556204352.46 62.3
1556204362.48 62.8
1556204372.49 62.3
1556204382.51 62.3
1556204392.52 62.3
