1556500002.93 44.0
1556500012.94 45.1
1556500022.96 45.1
1556500032.98 45.1
1556500043.0 44.5
1556500053.01 45.1
1556500063.02 44.5
1556500073.04 45.1
1556500083.06 44.0
1556500093.08 44.0
1556500103.09 44.5
1556500113.11 45.1
1556500123.13 44.0
1556500133.14 44.5
1556500143.16 44.5
1556500153.18 44.0
1556500163.2 44.0
1556500173.21 43.5
1556500183.23 44.0
1556500193.25 44.0
1556500203.27 43.5
1556500213.29 42.9
1556500223.31 42.9
1556500233.33 43.5
1556500243.34 44.5
1556500253.35 44.0
1556500263.37 43.5
1556500273.39 43.5
1556500283.4 44.0
1556500293.41 43.5
1556500303.43 43.5
1556500313.45 44.0
1556500323.46 43.5
1556500333.48 43.5
1556500343.5 44.0
1556500353.51 43.5
1556500363.53 44.0
1556500373.55 43.5
1556500383.56 42.9
1556500393.58 44.0
1556500403.59 43.5
1556500413.61 44.0
1556500423.64 42.9
1556500433.64 44.0
1556500443.66 44.0
1556500453.69 43.5
1556500463.71 42.4
1556500473.72 44.0
1556500483.74 43.5
1556500493.75 43.5
1556500503.77 43.5
1556500513.78 43.5
1556500523.8 44.0
1556500533.82 43.5
1556500543.83 43.5
1556500553.85 44.0
1556500563.86 43.5
1556500573.87 44.0
1556500583.89 43.5
1556500593.9 43.5
1556500603.92 43.5
1556500613.94 43.5
1556500623.96 43.5
1556500633.97 44.0
1556500643.98 44.0
1556500653.99 44.0
1556500664.0 44.0
1556500674.02 44.0
1556500684.03 44.0
1556500694.04 44.0
1556500704.06 43.5
1556500714.07 43.5
1556500724.09 43.5
1556500734.1 44.0
1556500744.12 44.0
1556500754.13 44.0
1556500764.14 43.5
1556500774.16 44.0
1556500784.18 44.0
1556500794.19 44.0
1556500804.21 44.0
1556500814.23 44.0
1556500824.25 43.5
1556500834.27 44.0
1556500844.29 43.5
1556500854.31 43.5
1556500864.33 42.9
1556500874.35 44.0
1556500884.36 44.0
1556500894.37 44.0
1556500904.4 43.5
1556500914.41 44.0
1556500924.43 44.0
1556500934.45 45.1
1556500944.47 44.0
1556500954.48 44.5
1556500964.5 42.9
1556500974.52 43.5
1556500984.53 42.9
1556500994.55 43.5
1556501004.57 42.9
1556501014.59 42.9
1556501024.61 42.4
1556501034.62 44.0
1556501044.63 43.5
1556501054.65 43.5
1556501064.67 44.0
1556501074.68 43.5
1556501084.69 43.5
1556501094.71 42.9
1556501104.72 43.5
1556501114.74 43.5
1556501124.75 44.5
1556501134.76 43.5
1556501144.78 43.5
1556501154.8 44.0
1556501164.82 44.0
1556501174.83 43.5
1556501184.86 43.5
1556501194.88 44.0
1556501204.9 44.0
1556501214.9 44.5
1556501224.92 44.0
1556501234.93 44.0
1556501244.94 44.0
1556501254.96 44.0
1556501264.99 44.0
1556501275.0 44.0
1556501285.03 44.0
1556501295.05 44.0
1556501305.07 44.5
1556501315.08 44.5
1556501325.1 43.5
1556501335.12 43.5
1556501345.14 44.5
1556501355.16 44.0
1556501365.17 45.1
1556501375.18 44.5
1556501385.2 44.5
1556501395.21 44.5
1556501405.21 44.0
1556501415.23 44.5
1556501425.25 45.1
1556501435.27 44.5
1556501445.29 44.0
1556501455.3 44.0
1556501465.31 44.0
1556501475.33 44.0
1556501485.35 44.0
1556501495.37 44.0
1556501505.39 44.0
1556501515.4 45.1
1556501525.42 43.5
1556501535.43 44.0
1556501545.45 44.5
1556501555.47 44.0
1556501565.48 44.0
1556501575.5 44.0
1556501585.51 44.0
1556501595.52 44.0
1556501605.54 44.0
1556501615.56 44.0
1556501625.57 43.5
1556501635.58 44.0
1556501645.61 43.5
1556501655.62 43.5
1556501665.63 43.5
1556501675.65 42.9
1556501685.67 43.5
1556501695.69 42.4
1556501705.71 42.4
1556501715.72 42.9
1556501725.74 44.0
1556501735.75 43.5
1556501745.77 42.9
1556501755.78 43.5
1556501765.8 43.5
1556501775.81 42.9
1556501785.83 42.9
1556501795.85 42.9
1556501805.86 42.9
1556501815.88 43.5
1556501825.89 43.5
1556501835.91 42.9
1556501845.92 42.9
1556501855.94 42.9
1556501865.95 43.5
1556501875.97 43.5
1556501885.98 43.5
1556501895.99 43.5
1556501906.01 43.5
1556501916.03 43.5
1556501926.04 43.5
1556501936.07 43.5
1556501946.09 42.9
1556501956.11 42.9
1556501966.12 44.0
1556501976.14 42.9
1556501986.15 43.5
1556501996.17 42.9
1556502006.19 42.9
1556502016.21 42.9
1556502026.23 43.5
1556502036.25 43.5
1556502046.27 43.5
1556502056.28 43.5
1556502066.3 43.5
1556502076.32 42.9
1556502086.34 43.5
1556502096.36 42.9
1556502106.37 42.9
1556502116.39 41.9
1556502126.41 42.9
1556502136.43 42.4
1556502146.44 42.9
1556502156.45 41.9
1556502166.47 42.4
1556502176.49 42.9
1556502186.51 41.9
1556502196.52 42.4
1556502206.54 42.9
1556502216.56 42.9
1556502226.58 42.9
1556502236.6 41.9
1556502246.62 41.9
1556502256.64 42.4
1556502266.66 42.9
1556502276.68 42.9
1556502286.69 42.9
1556502296.71 42.9
1556502306.73 41.9
1556502316.74 41.9
1556502326.76 41.9
1556502336.78 42.9
1556502346.79 42.9
1556502356.81 42.4
1556502366.83 41.9
1556502376.84 41.9
1556502386.86 41.9
1556502396.88 41.9
1556502406.89 42.4
1556502416.91 41.9
1556502426.93 41.9
1556502436.95 41.9
1556502446.97 41.9
1556502456.98 42.4
1556502467.0 41.9
1556502477.01 42.9
1556502487.03 41.9
1556502497.06 41.3
1556502507.08 41.3
1556502517.1 41.9
1556502527.12 41.9
1556502537.14 41.9
1556502547.15 42.4
1556502557.16 41.9
1556502567.18 41.9
1556502577.2 42.4
1556502587.21 42.9
1556502597.22 42.9
1556502607.23 42.9
1556502617.25 42.9
1556502627.26 42.9
1556502637.27 42.9
1556502647.29 42.9
1556502657.31 42.9
1556502667.33 42.4
1556502677.35 42.9
1556502687.37 43.5
1556502697.38 42.4
1556502707.4 42.9
1556502717.42 42.9
1556502727.44 42.9
1556502737.45 42.9
1556502747.46 42.9
1556502757.47 42.9
1556502767.49 43.5
1556502777.51 43.5
1556502787.53 42.9
1556502797.55 42.9
1556502807.57 41.9
1556502817.58 42.4
1556502827.61 42.9
1556502837.62 42.9
1556502847.63 42.9
1556502857.65 42.9
1556502867.67 41.9
1556502877.68 42.9
1556502887.7 41.9
1556502897.74 42.9
1556502907.75 42.4
1556502917.77 42.9
1556502927.79 42.9
1556502937.8 42.9
1556502947.81 42.9
1556502957.83 42.9
1556502967.84 42.9
1556502977.86 42.9
1556502987.87 43.5
1556502997.89 42.9
1556503007.9 42.9
1556503017.92 43.5
1556503027.93 42.9
1556503037.94 42.9
1556503047.96 42.9
1556503057.97 43.5
1556503067.98 42.9
1556503078.0 42.9
1556503088.01 43.5
1556503098.02 43.5
1556503108.05 43.5
1556503118.07 42.9
1556503128.09 42.9
1556503138.1 42.9
1556503148.12 42.9
1556503158.13 43.5
1556503168.15 42.9
1556503178.16 43.5
1556503188.18 42.9
1556503198.2 43.5
