1556000008.35 41.3
1556000018.37 41.9
1556000028.39 41.3
1556000038.41 42.4
1556000048.43 41.3
1556000058.45 41.9
1556000068.48 41.3
1556000078.5 41.9
1556000088.52 41.3
1556000098.54 40.8
1556000108.56 41.3
1556000118.59 41.9
1556000128.61 41.9
1556000138.63 41.3
1556000148.65 41.3
1556000158.67 41.9
1556000168.69 41.9
1556000178.71 41.3
1556000188.73 41.3
1556000198.75 41.9
1556000208.77 42.4
1556000218.79 41.3
1556000228.81 42.4
1556000238.82 41.3
1556000248.84 41.9
1556000258.86 41.3
1556000268.88 41.9
1556000278.9 41.3
1556000288.92 41.9
1556000298.94 41.3
1556000308.96 40.8
1556000318.98 41.9
1556000329.01 41.9
1556000339.02 41.9
1556000349.04 41.3
1556000359.06 41.9
1556000369.08 42.4
1556000379.1 41.9
1556000389.12 41.3
1556000399.14 41.9
1556000409.16 41.3
1556000419.18 41.3
1556000429.2 41.9
1556000439.22 41.3
1556000449.24 41.9
1556000459.26 41.3
1556000469.28 41.9
1556000479.3 41.9
1556000489.32 41.3
1556000499.35 41.9
1556000509.37 41.3
1556000519.39 41.9
1556000529.41 41.9
1556000539.43 41.9
1556000549.45 41.9
1556000559.47 41.9
1556000569.49 41.9
1556000579.51 41.3
1556000589.53 41.3
1556000599.56 42.4
1556000609.58 41.3
1556000619.6 41.9
1556000629.61 42.4
1556000639.64 41.9
1556000649.66 41.9
1556000659.68 41.9
1556000669.7 41.9
1556000679.71 42.4
1556000689.73 41.9
1556000699.75 40.8
1556000709.78 41.9
1556000719.8 41.9
1556000729.81 42.9
1556000739.83 41.3
1556000749.85 41.9
1556000759.87 41.9
1556000769.89 41.3
1556000779.91 41.9
1556000789.93 41.9
1556000799.95 41.9
1556000809.97 41.9
1556000819.99 41.9
1556000830.01 41.9
1556000840.03 41.9
1556000850.05 41.9
1556000860.06 41.9
1556000870.08 41.9
1556000880.11 41.9
1556000890.13 41.3
1556000900.15 41.3
1556000910.17 41.9
1556000920.19 41.3
1556000930.21 41.3
1556000940.23 41.9
1556000950.25 41.9
1556000960.28 41.9
1556000970.3 41.9
1556000980.32 41.9
1556000990.34 41.9
1556001000.36 41.9
1556001010.38 41.9
1556001020.4 41.9
1556001030.42 41.9
1556001040.43 41.9
1556001050.44 41.9
1556001060.47 42.4
1556001070.49 41.9
1556001080.51 41.9
1556001090.52 41.9
1556001100.54 41.9
1556001110.56 41.9
1556001120.58 41.9
1556001130.6 41.9
1556001140.62 41.9
1556001150.64 42.4
1556001160.66 41.9
1556001170.68 42.4
1556001180.7 41.9
1556001190.72 41.9
1556001200.74 42.4
1556001210.76 41.9
1556001220.78 41.9
1556001230.8 41.9
1556001240.82 42.4
1556001250.84 42.4
1556001260.86 41.9
1556001270.86 42.4
1556001280.88 42.9
1556001290.9 41.9
1556001300.92 41.9
1556001310.94 41.3
1556001320.96 41.9
1556001330.98 41.9
1556001341.0 41.9
1556001351.02 42.4
1556001361.05 41.9
1556001371.07 41.9
1556001381.09 41.9
1556001391.11 41.9
1556001401.13 41.9
1556001411.15 41.9
1556001421.17 41.9
1556001431.19 41.9
1556001441.21 41.9
1556001451.23 41.3
1556001461.25 41.9
1556001471.27 41.3
1556001481.29 41.3
1556001491.31 41.9
1556001501.34 41.9
1556001511.36 41.9
1556001521.38 41.9
1556001531.4 41.9
1556001541.42 41.3
1556001551.44 41.9
1556001561.46 41.9
1556001571.48 41.9
1556001581.5 41.9
1556001591.52 41.9
1556001601.54 41.9
1556001611.56 42.9
1556001621.58 41.9
1556001631.6 41.9
1556001641.62 42.9
1556001651.64 41.9
1556001661.66 41.9
1556001671.68 42.4
1556001681.7 41.9
1556001691.72 41.9
1556001701.74 41.3
1556001711.77 41.9
1556001721.79 41.9
1556001731.82 42.4
1556001741.84 41.9
1556001751.86 41.9
1556001761.88 41.9
1556001771.9 41.9
1556001781.92 42.9
1556001791.94 41.9
1556001801.96 41.9
1556001811.97 42.4
1556001821.99 41.9
1556001832.02 41.9
1556001842.04 41.9
1556001852.06 41.9
1556001862.08 41.9
1556001872.1 41.3
1556001882.12 41.9
1556001892.14 42.4
1556001902.16 41.3
1556001912.18 41.3
1556001922.2 42.4
1556001932.22 41.9
1556001942.24 41.9
1556001952.26 42.4
1556001962.28 42.9
1556001972.3 41.3
1556001982.32 41.9
1556001992.34 41.9
1556002002.36 41.9
1556002012.38 41.9
1556002022.4 41.9
1556002032.43 41.9
1556002042.45 41.9
1556002052.47 41.9
1556002062.48 42.9
1556002072.5 42.4
1556002082.52 41.9
1556002092.54 41.9
1556002102.56 41.9
1556002112.58 41.9
1556002122.6 41.9
1556002132.63 42.4
1556002142.65 41.9
1556002152.67 41.9
1556002162.69 41.9
1556002172.71 41.3
1556002182.73 42.4
1556002192.75 41.9
1556002202.77 41.3
1556002212.78 41.9
1556002222.81 41.9
1556002232.83 41.9
1556002242.85 41.9
1556002252.87 41.9
1556002262.89 41.3
1556002272.91 41.9
1556002282.93 41.9
1556002292.96 41.9
1556002302.98 41.9
1556002313.01 41.9
1556002323.02 41.9
1556002333.05 41.9
1556002343.07 41.3
1556002353.1 42.4
1556002363.12 41.9
1556002373.14 41.9
1556002383.16 41.9
1556002393.18 41.9
1556002403.2 41.9
1556002413.22 41.3
1556002423.24 42.4
1556002433.26 41.9
1556002443.28 42.4
1556002453.3 41.9
1556002463.32 41.9
1556002473.35 41.3
1556002483.37 41.9
1556002493.39 42.9
1556002503.41 41.9
1556002513.43 41.9
1556002523.46 41.9
1556002533.48 42.4
1556002543.5 41.9
1556002553.52 41.3
1556002563.54 42.4
1556002573.56 41.9
1556002583.58 41.9
1556002593.6 41.3
1556002603.62 41.9
1556002613.64 41.9
1556002623.66 41.9
1556002633.68 41.9
1556002643.7 41.9
1556002653.72 41.3
1556002663.75 41.9
1556002673.77 41.9
1556002683.79 42.4
1556002693.81 41.9
1556002703.83 41.9
1556002713.85 41.9
1556002723.87 41.9
1556002733.89 41.9
1556002743.91 41.9
1556002753.93 42.4
1556002763.94 41.9
1556002773.96 41.9
1556002783.98 41.9
1556002794.0 41.3
1556002804.02 41.9
1556002814.04 41.9
1556002824.06 41.9
1556002834.08 41.9
1556002844.1 42.9
1556002854.12 41.9
1556002864.14 41.9
1556002874.16 41.9
1556002884.18 42.9
1556002894.2 41.9
1556002904.22 41.9
1556002914.24 41.9
1556002924.26 41.9
1556002934.28 41.9
1556002944.3 41.9
1556002954.33 41.9
1556002964.35 41.9
1556002974.37 42.4
1556002984.4 41.9
1556002994.42 41.9
1556003004.44 41.9
1556003014.46 41.9
1556003024.48 41.9
1556003034.5 41.9
1556003044.52 41.9
1556003054.54 42.4
1556003064.55 41.9
1556003074.57 41.9
1556003084.6 41.9
1556003094.62 42.4
1556003104.64 41.3
1556003114.66 41.3
1556003124.68 41.3
1556003134.7 41.9
1556003144.72 41.3
1556003154.73 41.9
1556003164.76 41.9
1556003174.78 41.9
1556003184.8 41.9
1556003194.82 41.3
1556003204.84 41.9
1556003214.86 41.9
1556003224.88 41.9
1556003234.9 41.3
1556003244.92 41.9
1556003254.94 41.3
1556003264.96 41.9
1556003274.98 41.9
1556003285.0 41.9
1556003295.02 41.3
1556003305.04 41.9
1556003315.05 41.3
1556003325.07 41.9
1556003335.1 41.9
1556003345.11 42.4
1556003355.13 41.9
1556003365.16 41.3
1556003375.18 41.9
1556003385.2 41.3
1556003395.22 41.9
1556003405.24 41.9
1556003415.26 41.3
1556003425.28 41.9
1556003435.29 41.9
1556003445.31 41.9
1556003455.33 41.3
1556003465.35 41.9
1556003475.37 41.9
1556003485.4 41.9
1556003495.42 41.3
1556003505.44 41.9
1556003515.46 41.9
1556003525.48 41.9
1556003535.5 41.9
1556003545.52 41.9
1556003555.54 41.9
1556003565.56 41.3
1556003575.58 41.3
1556003585.6 41.9
1556003595.62 41.9
1556003605.64 41.3
1556003615.66 41.3
1556003625.68 40.8
1556003635.7 41.9
1556003645.72 41.3
1556003655.74 41.9
1556003665.76 41.9
1556003675.78 41.3
1556003685.8 41.3
1556003695.83 41.9
1556003705.85 41.9
1556003715.87 41.3
1556003725.88 41.9
1556003735.9 41.9
1556003745.92 41.3
1556003755.95 41.9
1556003765.97 41.9
1556003775.98 41.9
1556003786.0 41.9
1556003796.02 42.4
1556003806.04 41.9
1556003816.06 41.3
1556003826.08 41.9
1556003836.1 41.3
1556003846.12 41.3
1556003856.15 41.3
1556003866.16 42.4
1556003876.18 41.3
1556003886.2 41.3
1556003896.22 42.4
1556003906.24 41.9
1556003916.26 41.9
1556003926.28 41.9
1556003936.3 41.9
1556003946.32 41.9
1556003956.34 41.3
1556003966.36 42.4
1556003976.38 41.3
1556003986.4 41.9
1556003996.42 42.4
1556004006.44 41.9
1556004016.46 42.9
1556004026.48 41.9
1556004036.5 42.4
1556004046.52 41.9
1556004056.54 41.9
1556004066.56 41.9
1556004076.58 41.9
1556004086.6 41.9
1556004096.62 41.3
1556004106.64 41.9
1556004116.66 41.9
1556004126.68 41.3
1556004136.7 41.9
1556004146.72 41.9
1556004156.76 41.9
1556004166.79 41.9
1556004176.8 41.9
1556004186.82 40.8
1556004196.84 41.3
1556004206.86 42.4
1556004216.88 41.9
1556004226.9 41.9
1556004236.92 41.9
1556004246.94 41.9
1556004256.96 41.9
1556004266.98 41.3
1556004276.99 41.9
1556004287.01 41.9
1556004297.04 41.9
1556004307.06 41.3
1556004317.08 41.3
1556004327.1 41.3
1556004337.12 41.3
1556004347.14 41.9
1556004357.16 41.9
1556004367.18 41.3
1556004377.2 41.9
1556004387.22 41.3
1556004397.24 41.3
1556004407.26 41.3
1556004417.28 41.9
1556004427.3 41.9
1556004437.32 41.9
1556004447.34 41.9
1556004457.36 41.9
1556004467.38 41.9
1556004477.4 41.3
1556004487.42 41.9
1556004497.44 41.9
1556004507.46 41.9
1556004517.48 41.3
1556004527.5 41.9
1556004537.52 41.9
1556004547.54 41.9
1556004557.56 41.9
1556004567.59 41.9
1556004577.61 42.4
1556004587.63 41.9
1556004597.65 41.3
1556004607.67 41.9
1556004617.68 42.9
1556004627.7 41.9
1556004637.73 41.3
1556004647.75 41.9
1556004657.77 41.9
1556004667.79 41.9
1556004677.81 41.9
1556004687.83 41.9
1556004697.85 41.3
1556004707.87 42.4
1556004717.89 41.9
1556004727.91 41.9
1556004737.93 41.9
1556004747.95 41.9
1556004757.97 41.9
1556004767.99 41.9
1556004778.01 41.9
1556004788.03 41.9
1556004798.06 41.9
1556004808.07 41.9
1556004818.1 41.9
1556004828.12 41.9
1556004838.14 41.9
1556004848.16 42.4
1556004858.18 41.9
1556004868.2 41.3
1556004878.22 41.9
1556004888.24 41.9
1556004898.25 41.9
1556004908.27 41.9
1556004918.28 41.9
1556004928.3 41.9
1556004938.32 41.9
1556004948.34 41.9
1556004958.35 40.8
1556004968.37 41.9
1556004978.39 41.9
1556004988.41 41.9
1556004998.43 41.9
1556005008.44 41.9
1556005018.46 41.9
1556005028.48 41.9
1556005038.5 41.3
1556005048.52 41.9
1556005058.54 41.3
1556005068.56 41.9
1556005078.59 40.8
1556005088.61 41.9
1556005098.62 41.9
1556005108.64 41.3
1556005118.66 41.9
1556005128.68 40.8
1556005138.7 41.3
1556005148.72 41.9
1556005158.75 41.9
1556005168.77 41.9
1556005178.79 41.3
1556005188.81 42.4
1556005198.82 41.9
1556005208.84 40.8
1556005218.87 41.9
1556005228.89 41.9
1556005238.91 41.9
1556005248.93 40.8
1556005258.95 41.3
1556005268.97 41.3
1556005278.99 41.9
1556005289.01 41.9
1556005299.03 42.4
1556005309.05 41.9
1556005319.07 41.9
1556005329.09 41.9
1556005339.11 41.9
1556005349.13 41.3
1556005359.15 41.3
1556005369.18 41.3
1556005379.19 42.4
1556005389.21 41.9
1556005399.23 41.3
1556005409.26 41.9
1556005419.28 41.9
1556005429.3 41.9
1556005439.32 41.3
1556005449.34 41.9
1556005459.36 41.3
1556005469.38 41.3
1556005479.4 41.9
1556005489.42 41.9
1556005499.44 40.8
1556005509.46 41.9
1556005519.48 41.9
1556005529.5 41.9
1556005539.52 41.3
1556005549.54 41.9
1556005559.57 41.9
1556005569.59 41.9
1556005579.61 41.9
1556005589.63 41.3
1556005599.65 41.3
1556005609.67 41.3
1556005619.69 41.9
1556005629.71 41.9
1556005639.73 41.9
1556005649.75 41.9
1556005659.77 41.9
1556005669.79 41.9
1556005679.81 42.4
1556005689.84 41.9
1556005699.86 41.9
1556005709.88 41.3
1556005719.9 41.9
1556005729.91 42.4
1556005739.94 41.3
1556005749.96 41.9
1556005759.98 41.9
1556005770.0 41.9
1556005780.02 41.9
1556005790.04 41.9
1556005800.06 41.9
1556005810.08 41.9
1556005820.1 41.9
1556005830.12 41.9
1556005840.14 41.9
1556005850.16 41.3
1556005860.18 41.3
1556005870.2 41.9
1556005880.22 41.9
1556005890.23 41.9
1556005900.26 41.9
1556005910.27 41.3
1556005920.29 41.3
1556005930.31 42.4
1556005940.33 41.9
1556005950.35 41.3
1556005960.37 42.4
1556005970.39 41.9
1556005980.41 41.9
1556005990.43 41.3
1556006000.46 41.9
1556006010.48 41.9
1556006020.5 41.9
1556006030.51 42.4
1556006040.53 41.9
1556006050.55 41.9
1556006060.57 42.4
1556006070.59 42.9
1556006080.6 41.9
1556006090.62 41.9
1556006100.64 41.9
1556006110.66 41.9
1556006120.68 41.3
1556006130.7 41.9
1556006140.72 41.3
1556006150.74 41.9
1556006160.76 41.9
1556006170.78 41.9
1556006180.8 42.9
1556006190.82 41.9
1556006200.84 41.9
1556006210.86 41.9
1556006220.88 41.9
1556006230.9 41.9
1556006240.92 42.4
1556006250.94 41.9
1556006260.96 41.9
1556006270.98 42.9
1556006281.0 42.9
1556006291.01 42.9
1556006301.04 42.9
1556006311.06 41.9
1556006321.07 42.9
1556006331.09 42.4
1556006341.11 42.4
1556006351.14 41.9
1556006361.16 41.9
1556006371.17 42.9
1556006381.19 42.9
1556006391.21 41.9
1556006401.23 41.9
1556006411.25 41.9
1556006421.27 41.9
1556006431.29 41.9
1556006441.31 42.4
1556006451.33 41.9
1556006461.36 41.9
1556006471.38 41.3
1556006481.4 41.9
1556006491.42 41.3
1556006501.44 42.4
1556006511.46 41.9
1556006521.48 41.9
1556006531.5 42.9
1556006541.51 41.9
1556006551.53 41.9
1556006561.55 41.3
1556006571.57 41.9
1556006581.59 41.9
1556006591.61 42.4
1556006601.63 42.4
1556006611.65 41.9
1556006621.67 41.9
1556006655.21 42.4
1556006665.23 41.9
1556006675.26 41.9
1556006685.28 41.9
1556006695.31 41.9
1556006705.33 41.3
1556006715.35 41.9
1556006725.37 41.3
1556006735.39 41.9
1556006745.41 40.8
1556006755.43 41.9
1556006765.45 41.9
1556006775.47 41.9
1556006785.5 41.3
1556006795.51 41.9
1556006805.53 42.9
1556006815.55 41.9
1556006825.58 41.9
1556006835.59 42.4
1556006845.61 41.9
1556006855.63 41.9
1556006865.65 41.9
1556006875.67 41.9
1556006885.69 42.4
1556006895.71 42.9
1556006905.72 42.4
1556006915.74 41.9
1556006925.76 41.9
1556006935.78 41.3
1556006945.81 41.9
1556006955.83 41.9
1556006965.85 41.9
1556006975.87 41.9
1556006985.89 41.9
1556006995.91 41.9
1556007005.93 41.9
1556007015.95 41.9
1556007025.97 42.9
1556007035.99 41.3
1556007046.01 41.9
1556007056.04 41.9
1556007066.06 41.9
1556007076.08 41.9
1556007086.1 42.4
1556007096.12 41.3
1556007106.14 41.9
1556007116.16 41.3
1556007126.18 41.9
1556007136.2 41.9
1556007146.22 41.9
1556007156.24 42.4
1556007166.26 41.9
1556007176.28 41.9
1556007186.3 41.9
1556007196.33 41.3
1556007206.35 41.9
1556007216.37 42.4
1556007226.38 42.9
1556007236.41 41.9
1556007246.43 41.9
1556007256.45 41.9
1556007266.47 41.9
1556007276.49 41.9
1556007286.51 41.9
1556007296.53 42.4
1556007306.55 41.9
1556007316.57 41.9
1556007326.59 41.9
1556007336.61 41.9
1556007346.64 41.9
1556007356.66 41.9
1556007366.68 41.9
1556007376.7 41.9
1556007386.72 41.3
1556007396.74 41.9
1556007406.76 41.9
1556007416.78 41.9
1556007426.8 42.4
1556007436.82 42.4
1556007446.84 42.9
1556007456.86 42.4
1556007466.88 41.9
1556007476.9 41.9
1556007486.91 42.9
1556007496.93 41.9
1556007506.95 41.9
1556007516.97 41.9
1556007526.99 42.4
1556007537.01 41.9
1556007547.03 42.4
1556007557.05 42.4
1556007567.08 42.4
1556007577.1 41.9
1556007587.12 41.9
1556007597.14 41.9
1556007607.16 41.9
1556007617.18 42.4
1556007627.2 41.9
1556007637.22 41.9
1556007647.24 42.4
1556007657.25 41.9
1556007667.27 41.9
1556007677.29 42.4
1556007687.32 41.9
1556007697.34 41.9
1556007707.36 41.9
1556007717.38 41.9
1556007727.39 42.4
1556007737.41 41.9
1556007747.43 41.9
1556007757.45 41.9
1556007767.47 42.4
1556007777.49 42.9
1556007787.51 41.9
1556007797.53 42.9
1556007807.55 41.9
1556007817.57 41.9
1556007827.59 41.9
1556007837.61 42.9
1556007847.63 41.9
1556007857.65 41.9
1556007867.67 41.9
1556007877.69 41.9
1556007887.71 41.9
1556007897.73 41.9
1556007907.75 41.9
1556007917.77 41.9
1556007927.8 41.9
1556007937.82 41.9
1556007947.84 41.9
1556007957.85 41.9
1556007967.87 41.9
1556007977.89 41.9
1556007987.91 41.9
1556007997.93 42.4
1556008007.95 42.4
1556008017.97 41.9
1556008027.99 41.9
1556008038.01 41.9
1556008048.03 41.9
1556008058.05 41.9
1556008068.06 42.9
1556008078.08 42.4
1556008088.1 42.9
1556008098.12 41.9
1556008108.14 41.9
1556008118.16 41.9
1556008128.18 41.9
1556008138.2 42.4
1556008148.23 41.3
1556008158.25 42.4
1556008168.26 41.9
1556008178.28 41.9
1556008188.31 42.4
1556008198.33 42.4
1556008208.34 42.4
1556008218.36 41.9
1556008228.38 41.9
1556008238.4 41.9
1556008248.43 42.4
1556008258.44 42.9
1556008268.46 41.9
1556008278.48 42.4
1556008288.5 42.4
1556008298.52 41.9
1556008308.54 42.4
1556008318.56 42.4
1556008328.58 42.9
1556008338.6 42.9
1556008348.63 41.9
1556008358.65 42.9
1556008368.68 41.9
1556008378.69 42.9
1556008388.71 42.4
1556008398.73 42.9
1556008408.75 41.9
1556008418.77 41.9
1556008428.79 42.4
1556008438.81 41.9
1556008448.83 42.4
1556008458.85 41.9
1556008468.87 42.4
1556008478.89 41.9
1556008488.9 41.9
1556008498.92 41.9
1556008508.94 42.9
1556008518.96 42.4
1556008528.98 41.9
1556008539.0 42.9
1556008549.02 41.9
1556008559.03 42.4
1556008569.05 41.9
1556008579.07 42.4
1556008589.09 42.9
1556008599.11 42.4
1556008609.13 41.9
1556008619.15 42.4
1556008629.17 41.9
1556008639.19 42.4
1556008649.21 42.4
1556008659.23 41.9
1556008669.25 42.4
1556008679.27 41.9
1556008689.29 41.9
1556008699.3 42.9
1556008709.32 41.9
1556008719.34 41.9
1556008729.36 41.9
1556008739.38 41.9
1556008749.41 42.4
1556008759.42 41.9
1556008769.44 42.4
1556008779.46 41.9
1556008789.48 41.9
1556008799.5 41.9
1556008809.52 41.9
1556008819.54 41.9
1556008829.56 41.9
1556008839.58 41.9
1556008849.6 42.4
1556008859.62 41.9
1556008869.64 42.4
1556008879.67 42.4
1556008889.69 43.5
1556008899.7 42.9
1556008909.72 42.4
1556008919.74 42.9
1556008929.75 42.9
1556008939.77 42.9
1556008949.79 42.9
1556008959.81 42.9
1556008969.83 42.9
1556008979.85 42.9
1556008989.87 42.9
1556008999.89 41.9
1556009009.9 42.9
1556009019.92 42.9
1556009029.94 41.9
1556009039.96 42.9
1556009049.98 41.9
1556009060.0 41.9
1556009070.02 41.9
1556009080.04 41.9
1556009090.06 42.4
1556009100.08 42.4
1556009110.1 41.9
1556009120.12 41.9
1556009130.14 42.9
1556009140.16 42.9
1556009150.18 42.9
1556009160.2 41.9
1556009170.21 42.4
1556009180.23 41.9
1556009190.25 42.4
1556009200.27 41.9
1556009210.29 41.9
1556009220.31 42.4
1556009230.33 41.9
1556009240.35 41.9
1556009250.37 42.4
1556009260.39 41.9
1556009270.42 41.9
1556009280.44 42.4
1556009290.46 42.4
1556009300.48 41.9
1556009310.5 41.9
1556009320.52 42.4
1556009330.54 41.9
1556009340.56 41.9
1556009350.58 41.9
1556009360.6 42.9
1556009370.62 41.9
1556009380.64 42.4
1556009390.66 41.9
1556009400.68 41.9
1556009410.7 42.9
1556009420.72 42.4
1556009430.74 42.4
1556009440.75 42.4
1556009450.77 42.4
1556009460.79 41.9
1556009470.81 42.9
1556009480.83 42.4
1556009490.85 42.4
1556009500.87 42.4
1556009510.88 42.4
1556009520.9 42.9
1556009530.92 42.9
1556009540.94 42.9
1556009550.96 41.9
1556009560.98 42.4
1556009571.0 41.9
1556009581.02 42.9
1556009591.03 42.9
1556009601.05 42.9
1556009611.07 41.9
1556009621.08 42.4
1556009631.1 41.9
1556009641.11 42.9
1556009651.14 42.9
1556009661.15 42.9
1556009671.17 42.9
1556009681.19 41.9
1556009691.2 42.4
1556009701.22 42.4
1556009711.24 41.9
1556009721.26 43.5
1556009731.27 43.5
1556009741.29 42.9
1556009751.31 41.9
1556009761.33 41.9
1556009771.35 42.9
1556009781.36 41.9
1556009791.39 42.4
1556009801.4 42.9
1556009811.42 42.4
1556009821.44 41.9
1556009831.46 42.9
1556009841.47 42.4
1556009851.49 41.9
1556009861.51 42.9
1556009871.52 42.9
1556009881.54 42.9
1556009891.56 42.9
1556009901.58 42.4
1556009911.6 42.9
1556009921.62 42.4
1556009931.64 41.9
1556009941.66 42.4
1556009951.68 41.9
1556009961.7 43.5
1556009971.72 42.9
1556009981.74 42.4
1556009991.75 42.9
1556010001.77 42.9
1556010011.79 42.9
1556010021.81 42.9
1556010031.83 42.9
1556010041.85 42.9
1556010051.87 42.9
1556010061.88 42.9
1556010071.9 42.4
1556010081.92 42.9
1556010091.93 42.9
1556010101.95 42.4
1556010111.97 42.4
1556010121.99 43.5
1556010132.01 42.4
1556010142.03 42.4
1556010152.04 42.9
1556010162.06 42.9
1556010172.09 42.9
1556010182.11 42.9
1556010192.12 42.9
1556010202.14 42.9
1556010212.16 43.5
1556010222.18 42.9
1556010232.2 42.9
1556010242.22 42.9
1556010252.23 44.0
1556010262.25 43.5
1556010272.27 42.9
1556010282.29 42.9
1556010292.31 42.9
1556010302.33 42.9
1556010312.35 42.9
1556010322.36 42.9
1556010332.38 42.9
1556010342.4 42.9
1556010352.42 42.9
1556010362.44 42.4
1556010372.46 43.5
1556010382.48 42.9
1556010392.5 44.0
1556010402.52 42.9
1556010412.54 42.9
1556010422.56 42.9
1556010432.59 42.9
1556010442.61 42.9
1556010452.63 42.9
1556010462.65 43.5
1556010472.67 42.9
1556010482.69 42.9
1556010492.71 42.4
1556010502.72 42.9
1556010512.74 42.9
1556010522.76 43.5
1556010532.78 42.9
1556010542.8 42.4
1556010552.81 42.9
1556010562.83 42.4
1556010572.85 42.9
1556010582.87 41.9
1556010592.89 42.9
1556010602.91 42.9
1556010612.93 43.5
1556010622.94 44.0
1556010632.96 42.9
1556010642.98 43.5
1556010653.0 42.9
1556010663.02 42.9
1556010673.03 42.9
1556010683.04 42.9
1556010693.06 43.5
1556010703.08 42.9
1556010713.09 41.9
1556010723.11 42.9
1556010733.13 42.9
1556010743.14 43.5
1556010753.16 42.4
1556010763.18 42.9
1556010773.21 42.9
1556010783.23 42.9
1556010793.25 42.9
1556010803.28 42.9
1556010813.3 44.0
1556010823.32 42.4
1556010833.33 44.0
1556010843.35 42.9
1556010853.37 42.9
1556010863.39 42.9
1556010873.4 43.5
1556010883.42 43.5
1556010893.43 44.0
1556010903.45 43.5
1556010913.46 42.9
1556010923.48 44.0
1556010933.5 42.9
1556010943.51 42.9
1556010953.53 43.5
1556010963.55 43.5
1556010973.57 42.9
1556010983.59 42.4
1556010993.61 42.9
1556011003.62 44.0
1556011013.63 43.5
1556011023.65 43.5
1556011033.67 42.9
1556011043.69 41.9
1556011053.71 42.9
1556011063.73 42.9
1556011073.74 42.9
1556011083.76 42.4
1556011093.78 42.4
1556011103.8 42.9
1556011113.82 42.4
1556011123.84 41.9
1556011133.86 42.4
1556011143.88 42.9
1556011153.9 42.9
1556011163.91 41.9
1556011173.93 42.4
1556011183.95 42.9
1556011193.97 42.9
1556011203.99 42.9
1556011214.01 42.9
1556011224.03 42.4
1556011234.05 42.9
1556011244.06 42.9
1556011254.08 43.5
1556011264.1 42.9
1556011274.12 43.5
1556011284.14 42.9
1556011294.15 43.5
1556011304.17 42.9
1556011314.19 44.0
1556011324.21 42.9
1556011334.23 42.9
1556011344.25 42.9
1556011354.26 43.5
1556011364.28 42.9
1556011374.3 43.5
1556011384.31 44.0
1556011394.33 43.5
1556011404.34 42.9
1556011414.35 44.0
1556011424.37 42.9
1556011434.39 42.9
1556011444.41 43.5
1556011454.43 44.0
1556011464.45 44.0
1556011474.47 43.5
1556011484.49 43.5
1556011494.51 42.9
1556011504.53 43.5
1556011514.55 44.0
1556011524.57 42.9
1556011534.59 44.0
1556011544.61 44.0
1556011554.63 44.0
1556011564.64 45.1
1556011574.66 44.5
1556011584.67 43.5
1556011594.69 43.5
1556011604.71 43.5
1556011614.73 42.9
1556011624.75 43.5
1556011634.77 44.0
1556011644.79 44.0
1556011654.81 42.9
1556011664.83 44.0
1556011674.85 43.5
1556011684.86 43.5
1556011694.88 44.0
1556011704.89 44.0
1556011714.91 43.5
1556011724.93 43.5
1556011734.95 43.5
1556011744.97 42.9
1556011754.99 43.5
1556011765.01 44.0
1556011775.03 42.9
1556011785.05 43.5
1556011795.07 42.9
1556011805.09 43.5
1556011815.11 43.5
1556011825.13 43.5
1556011835.15 42.9
1556011845.17 42.9
1556011855.19 43.5
1556011865.22 42.9
1556011875.23 43.5
1556011885.26 43.5
1556011895.28 42.9
1556011905.3 42.9
1556011915.32 42.9
1556011925.34 42.9
1556011935.36 42.9
1556011945.37 44.0
1556011955.39 43.5
1556011965.41 42.9
1556011975.42 42.9
1556011985.44 42.9
1556011995.46 43.5
1556012005.48 42.9
1556012015.5 43.5
1556012025.52 42.9
1556012035.53 43.5
1556012045.55 44.0
1556012055.56 44.0
1556012065.58 44.0
1556012075.6 44.5
1556012085.62 44.0
1556012095.63 45.1
1556012105.65 44.0
1556012115.67 42.9
1556012125.69 44.0
1556012135.7 44.0
1556012145.72 44.0
1556012155.73 44.0
1556012165.75 43.5
1556012175.77 43.5
1556012185.79 43.5
1556012195.81 44.5
1556012205.83 45.1
1556012215.85 44.0
1556012225.87 44.0
1556012235.88 44.5
1556012245.9 44.0
1556012255.92 44.5
1556012265.94 44.0
1556012275.95 44.5
1556012285.97 44.0
1556012295.99 44.0
1556012306.01 44.0
1556012316.02 45.1
1556012326.04 44.0
1556012336.05 44.0
1556012346.07 44.0
1556012356.09 44.0
1556012366.11 43.5
1556012376.13 44.0
1556012386.14 44.0
1556012396.16 43.5
1556012406.18 44.0
1556012416.2 44.5
1556012426.22 43.5
1556012436.24 45.1
1556012446.25 43.5
1556012456.27 45.1
1556012466.29 43.5
1556012476.31 44.0
1556012486.32 44.5
1556012496.34 44.0
1556012506.36 45.1
1556012516.38 44.0
1556012526.4 44.0
1556012536.42 43.5
1556012546.44 42.9
1556012556.46 43.5
1556012566.48 43.5
1556012576.5 44.0
1556012586.52 43.5
1556012596.54 43.5
1556012606.55 44.0
1556012616.57 44.0
1556012626.59 44.0
1556012636.61 44.0
1556012646.62 44.0
1556012656.64 44.0
1556012666.66 44.0
1556012676.68 43.5
1556012686.69 44.0
1556012696.71 44.0
1556012706.73 43.5
1556012716.75 42.9
1556012726.77 42.9
1556012736.79 43.5
1556012746.81 43.5
1556012756.83 42.9
1556012766.84 43.5
1556012776.86 42.9
1556012786.89 42.9
1556012796.9 44.0
1556012806.92 44.0
1556012816.94 42.9
1556012826.96 44.0
1556012836.97 43.5
1556012847.0 43.5
1556012857.01 43.5
1556012867.03 44.0
1556012877.05 43.5
1556012887.07 44.0
1556012897.09 43.5
1556012907.11 43.5
1556012917.13 44.0
1556012927.14 44.0
1556012937.16 44.5
1556012947.17 44.0
1556012957.19 44.5
1556012967.21 44.0
1556012977.23 43.5
1556012987.25 43.5
1556012997.27 43.5
1556013007.29 43.5
1556013017.31 43.5
1556013027.33 42.9
1556013037.35 44.0
1556013047.37 44.0
1556013057.39 44.0
1556013067.41 44.0
1556013077.43 42.9
1556013087.44 44.0
1556013097.46 43.5
1556013107.49 43.5
1556013117.51 44.5
1556013127.52 44.0
1556013137.54 44.0
1556013147.56 44.0
1556013157.58 43.5
1556013167.6 43.5
1556013177.62 44.0
1556013187.64 43.5
1556013197.65 44.0
1556013207.66 44.0
1556013217.68 43.5
1556013227.69 44.5
1556013237.71 44.0
1556013247.73 44.0
1556013257.74 44.0
1556013267.76 45.1
1556013277.78 44.0
1556013287.79 44.0
1556013297.81 45.1
1556013307.82 44.5
1556013317.84 45.1
1556013327.86 44.5
1556013337.88 44.5
1556013347.89 44.5
1556013357.9 44.5
1556013367.92 44.5
1556013377.93 44.5
1556013387.96 44.0
1556013397.97 44.5
1556013407.99 44.0
1556013418.01 44.5
1556013428.02 44.0
1556013438.04 44.0
1556013448.06 43.5
1556013458.08 44.0
1556013468.1 44.5
1556013478.11 44.0
1556013488.13 45.1
1556013498.14 45.1
1556013508.16 44.0
1556013518.18 44.0
1556013528.2 43.5
1556013538.22 45.1
1556013548.23 45.1
1556013558.25 44.5
1556013568.28 44.0
1556013578.3 44.5
1556013588.31 45.1
1556013598.33 45.1
1556013608.35 45.1
1556013618.36 45.1
1556013628.38 44.0
1556013638.4 45.1
1556013648.42 45.1
1556013658.44 44.0
1556013668.45 44.0
1556013678.47 44.0
1556013688.49 44.0
1556013698.51 45.1
1556013708.53 44.5
1556013718.54 44.5
1556013728.56 44.0
1556013738.58 45.1
1556013748.6 44.5
1556013758.61 45.1
1556013768.63 44.5
1556013778.66 44.5
1556013788.68 45.1
1556013798.7 44.5
1556013808.72 44.0
1556013818.74 44.5
1556013828.76 44.0
1556013838.78 44.0
1556013848.8 44.0
1556013858.82 44.0
1556013868.84 43.5
1556013878.85 44.0
1556013888.87 43.5
1556013898.89 44.0
1556013908.91 44.0
1556013918.93 44.5
1556013928.95 44.0
1556013938.96 44.0
1556013948.98 44.0
1556013959.0 44.0
1556013969.02 44.0
1556013979.05 44.5
1556013989.07 44.5
1556013999.08 44.0
1556014009.09 45.1
1556014019.11 44.5
1556014029.13 45.1
1556014039.15 45.1
1556014049.17 44.5
1556014059.18 44.0
1556014069.2 44.0
1556014079.22 44.0
1556014089.24 44.0
1556014099.26 44.0
1556014109.28 44.5
1556014119.29 43.5
1556014129.31 44.0
1556014139.33 44.0
1556014149.35 42.9
1556014159.36 44.0
1556014169.37 44.5
1556014179.4 44.0
1556014189.41 44.5
1556014199.43 44.0
1556014209.45 44.0
1556014219.46 44.0
1556014229.48 44.5
1556014239.49 44.5
1556014249.5 45.1
1556014259.52 44.5
1556014269.53 44.5
1556014279.54 44.5
1556014289.55 45.1
1556014299.57 44.0
1556014309.59 44.0
1556014319.6 45.1
1556014329.62 44.5
1556014339.64 44.0
1556014349.65 44.0
1556014359.67 44.0
1556014369.69 44.0
1556014379.71 44.0
1556014389.72 44.5
1556014399.74 44.0
1556014409.76 44.0
1556014419.78 44.0
1556014429.79 44.5
1556014439.8 44.5
1556014449.81 45.1
1556014459.82 45.1
1556014469.84 44.5
1556014479.85 44.0
1556014489.87 44.0
1556014499.88 44.0
1556014509.9 44.0
1556014519.91 44.5
1556014529.93 45.1
1556014539.94 44.5
1556014549.96 44.5
1556014559.98 44.5
1556014569.99 45.1
1556014580.0 45.1
1556014590.02 45.1
1556014600.03 44.0
1556014610.04 45.1
1556014620.06 44.0
1556014630.08 44.0
1556014640.09 44.5
1556014650.11 44.0
1556014660.13 43.5
1556014670.15 44.0
1556014680.17 44.0
1556014690.19 44.0
1556014700.21 44.0
1556014710.22 44.0
1556014720.24 43.5
1556014730.25 44.5
1556014740.28 43.5
1556014750.29 44.0
1556014760.31 44.0
1556014770.33 43.5
1556014780.35 44.0
1556014790.36 45.1
1556014800.38 44.5
1556014810.39 45.1
1556014820.41 44.5
1556014830.42 44.5
1556014840.44 44.0
1556014850.46 44.0
1556014860.48 44.0
1556014870.51 44.0
1556014880.53 44.0
1556014890.55 44.5
1556014900.57 44.5
1556014910.59 45.1
1556014920.61 44.0
1556014930.63 45.1
1556014940.65 44.5
1556014950.67 44.0
1556014960.76 45.1
1556014970.78 45.1
1556014980.8 45.1
1556014990.82 45.1
1556015000.84 45.1
1556015010.85 45.1
1556015020.86 44.5
1556015030.88 45.1
1556015040.9 45.1
1556015050.91 45.1
1556015060.93 44.5
1556015070.95 45.1
1556015080.97 45.1
1556015090.99 45.1
1556015101.01 45.1
1556015111.03 45.1
1556015121.05 44.5
1556015131.07 45.1
1556015141.09 45.1
1556015151.11 44.5
1556015161.13 44.0
1556015171.14 44.0
1556015181.16 45.1
1556015191.17 45.1
1556015201.19 44.0
1556015211.21 44.0
1556015221.23 45.1
1556015231.25 44.0
1556015241.27 44.0
1556015251.29 44.0
1556015261.31 44.0
1556015271.33 44.5
1556015281.35 44.0
1556015291.37 45.1
1556015301.38 45.1
1556015311.41 44.5
1556015321.42 45.1
1556015331.44 44.5
1556015341.46 45.6
1556015351.47 45.1
1556015361.49 45.1
1556015371.51 45.1
1556015381.53 45.1
1556015391.54 45.1
1556015401.57 45.1
1556015411.58 45.1
1556015421.6 45.1
1556015431.62 45.1
1556015441.64 44.5
1556015451.66 45.1
1556015461.68 45.1
1556015471.7 45.1
1556015481.71 44.5
1556015491.73 45.1
1556015501.75 44.5
1556015511.77 45.1
1556015521.79 45.1
1556015531.81 45.1
1556015541.82 45.1
1556015551.84 45.1
1556015561.86 45.1
1556015571.88 45.1
1556015581.89 45.1
1556015591.91 45.1
1556015601.93 45.6
1556015611.95 46.2
1556015621.96 45.1
1556015631.98 45.1
1556015641.99 45.1
1556015652.01 45.1
1556015662.02 46.2
1556015672.04 45.6
1556015682.06 46.2
1556015692.08 45.1
1556015702.09 45.6
1556015712.11 45.1
1556015722.12 46.2
1556015732.14 45.1
1556015742.16 45.1
1556015752.18 45.1
1556015762.2 45.1
1556015772.22 46.2
1556015782.24 45.1
1556015792.25 45.6
1556015802.27 45.6
1556015812.28 45.1
1556015822.3 45.1
1556015832.32 44.5
1556015842.34 45.1
1556015852.36 45.1
1556015862.39 44.0
1556015872.41 44.5
1556015882.42 44.5
1556015892.44 44.0
1556015902.46 44.0
1556015912.48 44.0
1556015922.49 45.1
1556015932.51 44.0
1556015942.53 44.0
1556015952.55 44.5
1556015962.57 45.1
1556015972.58 45.1
1556015982.6 45.1
1556015992.62 44.5
1556016002.64 45.1
1556016012.66 45.1
1556016022.68 45.1
1556016032.7 44.0
1556016042.71 45.1
1556016052.73 44.0
1556016062.75 45.1
1556016072.77 44.0
1556016082.79 45.1
1556016092.8 45.1
1556016102.82 45.1
1556016112.85 45.1
1556016122.86 45.1
1556016132.88 45.1
1556016142.9 44.0
1556016152.91 45.6
1556016162.93 45.6
1556016172.94 45.1
1556016182.96 45.1
1556016192.98 45.1
1556016202.99 45.1
1556016213.01 45.1
1556016223.02 45.1
1556016233.04 45.1
1556016243.06 44.5
1556016253.08 45.1
1556016263.09 45.1
1556016273.11 45.6
1556016283.13 45.1
1556016293.14 45.1
1556016303.15 45.1
1556016313.17 45.6
1556016323.18 45.6
1556016333.2 45.1
1556016343.21 45.1
1556016353.23 45.6
1556016363.25 45.1
1556016373.27 45.1
1556016383.29 45.1
1556016393.31 45.1
1556016403.33 44.5
1556016413.34 45.1
1556016423.36 44.5
1556016433.38 45.1
1556016443.4 45.1
1556016453.42 45.1
1556016463.43 45.1
1556016473.45 44.0
1556016483.47 45.1
1556016493.48 45.1
1556016503.5 45.1
1556016513.52 45.1
1556016523.53 45.1
1556016533.55 45.6
1556016543.57 44.5
1556016553.59 45.1
1556016563.61 45.1
1556016573.63 45.1
1556016583.65 45.1
1556016593.67 44.5
1556016603.69 45.1
1556016613.71 44.0
1556016623.73 44.0
1556016633.75 44.5
1556016643.76 45.1
1556016653.79 45.1
1556016663.81 44.0
1556016673.82 45.1
1556016683.84 45.1
1556016693.86 45.1
1556016703.88 45.1
1556016713.9 44.5
1556016723.92 45.1
1556016733.94 45.1
1556016743.96 44.0
1556016753.99 44.5
1556016764.01 45.1
1556016774.03 45.1
1556016784.05 45.1
1556016794.07 44.5
1556016804.09 44.0
1556016814.11 44.5
1556016824.12 45.1
1556016834.14 44.0
1556016844.16 44.5
1556016854.18 44.0
1556016864.2 44.0
1556016874.22 44.0
1556016884.25 44.0
1556016894.27 44.0
1556016904.29 43.5
1556016914.3 44.0
1556016924.32 44.0
1556016934.34 43.5
1556016944.36 43.5
1556016954.38 43.5
1556016964.4 43.5
1556016974.42 44.0
1556016984.43 44.0
1556016994.45 44.0
1556017004.47 44.0
1556017014.49 44.0
1556017024.52 44.5
1556017034.54 44.0
1556017044.56 44.0
1556017054.58 44.5
1556017064.6 44.0
1556017074.62 44.5
1556017084.64 45.1
1556017094.66 44.0
1556017104.68 44.0
1556017114.69 44.5
1556017124.71 44.5
1556017134.73 44.0
1556017144.75 44.0
1556017154.77 44.0
1556017164.79 44.5
1556017174.81 44.5
1556017184.83 44.5
1556017194.84 45.1
1556017204.86 44.5
1556017214.88 45.1
1556017224.9 44.0
1556017234.92 44.0
1556017244.94 45.1
1556017254.96 44.5
1556017264.98 44.5
1556017275.0 45.1
1556017285.02 44.5
1556017295.03 45.1
1556017305.05 45.1
1556017315.07 45.1
1556017325.09 44.0
1556017335.11 44.0
1556017345.13 44.0
1556017355.15 44.0
1556017365.17 45.1
1556017375.18 45.1
1556017385.2 44.5
1556017395.21 44.5
1556017405.23 44.0
1556017415.24 45.1
1556017425.26 44.0
1556017435.28 44.0
1556017445.3 45.1
1556017455.32 44.5
1556017465.34 44.0
1556017475.35 45.1
1556017485.36 45.1
1556017495.38 45.1
1556017505.4 44.5
1556017515.42 44.5
1556017525.44 45.1
1556017535.45 44.5
1556017545.47 45.1
1556017555.48 45.1
1556017565.5 45.1
1556017575.54 45.1
1556017585.56 44.5
1556017595.58 45.1
1556017605.59 45.1
1556017615.61 45.1
1556017625.63 44.5
1556017635.64 45.1
1556017645.66 45.6
1556017655.68 45.6
1556017665.7 45.1
1556017675.72 45.1
1556017685.73 45.6
1556017695.75 45.1
1556017705.76 45.1
1556017715.79 45.1
1556017725.8 46.2
1556017735.82 45.6
1556017745.84 45.1
1556017755.85 45.1
1556017765.87 45.6
1556017775.89 45.1
1556017785.9 45.1
1556017795.92 45.6
1556017805.93 45.1
1556017815.95 45.1
1556017825.97 45.1
1556017835.98 46.2
1556017846.0 45.6
1556017856.01 45.6
1556017866.03 45.6
1556017876.04 45.6
1556017886.05 45.6
1556017896.08 45.6
1556017906.09 45.1
1556017916.11 45.6
1556017926.13 45.1
1556017936.14 45.1
1556017946.16 45.1
1556017956.18 45.1
1556017966.19 45.1
1556017976.21 45.1
1556017986.22 44.5
1556017996.24 45.1
1556018006.26 44.5
1556018016.28 45.1
1556018026.3 44.0
1556018036.31 45.1
1556018046.33 45.1
1556018056.34 45.6
1556018066.36 45.1
1556018076.38 45.1
1556018086.39 45.1
1556018096.41 45.1
1556018106.43 45.1
1556018116.44 46.2
1556018126.46 45.6
1556018136.47 45.1
1556018146.49 45.1
1556018156.51 46.2
1556018166.53 45.1
1556018176.54 45.6
1556018186.56 45.1
1556018196.58 45.1
1556018206.6 45.1
1556018216.62 45.1
1556018226.63 45.1
1556018236.64 45.6
1556018246.66 45.1
1556018256.68 45.1
1556018266.69 45.1
1556018276.71 45.1
1556018286.73 45.1
1556018296.75 45.1
1556018306.76 45.1
1556018316.78 45.6
1556018326.81 45.1
1556018336.83 45.1
1556018346.85 44.5
1556018356.87 45.1
1556018366.89 45.1
1556018376.91 44.0
1556018386.94 45.1
1556018396.95 44.0
1556018406.97 44.0
1556018417.0 44.5
1556018427.02 44.5
1556018437.04 45.1
1556018447.06 44.5
1556018457.08 44.5
1556018467.1 44.0
1556018477.12 44.5
1556018487.14 45.1
1556018497.16 45.1
1556018507.18 44.0
1556018517.2 44.5
1556018527.22 44.0
1556018537.24 44.5
1556018547.26 44.0
1556018557.28 44.0
1556018567.3 45.1
1556018577.32 44.0
1556018587.33 44.0
1556018597.36 44.0
1556018607.37 45.1
1556018617.39 44.0
1556018627.41 44.0
1556018637.42 44.5
1556018647.44 45.1
1556018657.46 45.1
1556018667.48 44.5
1556018677.5 44.5
1556018687.52 45.1
1556018697.54 44.0
1556018707.55 45.1
1556018717.56 44.5
1556018727.58 44.5
1556018737.6 45.1
1556018747.62 44.0
1556018757.64 44.0
1556018767.66 45.1
1556018777.68 44.0
1556018787.7 44.5
1556018797.72 44.0
1556018807.74 45.1
1556018817.77 44.0
1556018827.79 44.5
1556018837.81 44.5
1556018847.83 44.0
1556018857.85 44.5
1556018867.87 44.0
1556018877.88 44.0
1556018887.9 44.5
1556018897.92 44.5
1556018907.94 44.0
1556018917.96 44.5
1556018927.98 44.0
1556018938.0 44.0
1556018948.02 44.5
1556018958.04 44.5
1556018968.06 45.1
1556018978.08 44.5
1556018988.1 45.1
1556018998.11 45.1
1556019008.13 44.0
1556019018.15 45.1
1556019028.16 44.5
1556019038.18 45.1
1556019048.2 45.1
1556019058.21 45.1
1556019068.22 45.1
1556019078.24 44.5
1556019088.26 45.1
1556019098.28 44.5
1556019108.3 44.5
1556019118.31 45.1
1556019128.32 45.6
1556019138.33 45.1
1556019148.35 44.5
1556019158.36 44.0
1556019168.39 44.5
1556019178.41 44.5
1556019188.42 44.0
1556019198.44 44.0
1556019208.45 44.5
1556019218.47 44.5
1556019228.49 44.0
1556019238.5 44.0
1556019248.52 44.5
1556019258.54 45.1
1556019268.55 45.1
1556019278.56 45.6
1556019288.58 45.6
1556019298.59 45.1
1556019308.61 45.1
1556019318.62 45.1
1556019328.64 45.1
1556019338.66 45.1
1556019348.67 45.1
1556019358.69 45.1
1556019368.71 45.1
1556019378.73 44.0
1556019388.74 44.5
1556019398.76 44.5
1556019408.78 44.0
1556019418.8 45.1
1556019428.81 45.1
1556019438.83 44.5
1556019448.85 44.0
1556019458.87 44.0
1556019468.89 44.0
1556019478.91 44.5
1556019488.92 45.1
1556019498.94 45.1
1556019508.95 45.1
1556019518.97 45.1
1556019528.99 45.1
1556019539.0 45.6
1556019549.02 45.1
1556019559.04 45.1
1556019569.06 45.1
1556019579.08 45.1
1556019589.1 44.5
1556019599.12 44.5
1556019609.14 45.1
1556019619.15 44.0
1556019629.17 45.1
1556019639.19 45.1
1556019649.21 45.1
1556019659.23 44.5
1556019669.25 44.5
1556019679.27 44.0
1556019689.29 44.5
1556019699.31 44.0
1556019709.33 44.5
1556019719.35 44.5
1556019729.36 44.0
1556019739.38 45.1
1556019749.45 45.1
1556019759.47 45.1
1556019769.49 45.1
1556019779.5 44.5
1556019789.52 44.5
1556019799.54 44.0
1556019809.55 45.1
1556019819.57 44.5
1556019829.58 45.1
1556019839.61 44.0
1556019849.63 44.0
1556019859.64 45.1
1556019869.66 44.5
1556019879.68 45.1
1556019889.69 44.0
1556019899.71 44.0
1556019909.73 45.1
1556019919.74 45.1
1556019929.76 44.5
1556019939.78 45.1
1556019949.79 45.1
1556019959.81 45.1
1556019969.83 44.5
1556019979.85 44.5
1556019989.86 45.1
1556019999.89 45.1
1556020009.9 45.1
1556020019.91 45.1
1556020029.93 45.1
1556020039.94 45.1
1556020049.96 44.0
1556020059.98 44.5
1556020070.0 45.1
1556020080.02 45.1
1556020090.04 45.1
1556020100.05 45.6
1556020110.06 45.1
1556020120.08 45.1
1556020130.1 46.2
1556020140.12 45.1
1556020150.13 45.6
1556020160.15 45.1
1556020170.17 46.2
1556020180.18 45.1
1556020190.2 45.6
1556020200.21 45.1
1556020210.23 46.2
1556020220.24 46.2
1556020230.26 45.6
1556020240.27 46.2
1556020250.29 46.2
1556020260.3 46.2
1556020270.31 46.2
1556020280.33 45.1
1556020290.35 45.6
1556020300.36 46.2
1556020310.38 46.2
1556020320.4 45.1
1556020330.41 45.6
1556020340.42 45.1
1556020350.45 45.1
1556020360.47 45.1
1556020370.49 45.1
1556020380.51 45.1
1556020390.53 45.1
1556020400.54 45.1
1556020410.56 44.5
1556020420.58 44.5
1556020430.6 44.5
1556020440.62 45.1
1556020450.64 44.5
1556020460.66 44.0
1556020470.68 44.5
1556020480.7 45.1
1556020490.72 45.1
1556020500.74 44.5
1556020510.76 44.0
1556020520.78 45.1
1556020530.8 44.5
1556020540.81 45.1
1556020550.83 45.1
1556020560.85 45.6
1556020570.87 45.1
1556020580.88 45.1
1556020590.9 45.6
1556020600.91 45.1
1556020610.93 45.6
1556020620.94 45.6
1556020630.96 45.1
1556020640.97 45.6
1556020650.99 45.1
1556020661.01 45.1
1556020671.03 45.6
1556020681.04 45.6
1556020691.06 45.1
1556020701.08 45.1
1556020711.1 44.5
1556020721.11 44.5
1556020731.12 45.1
1556020741.14 45.1
1556020751.15 45.6
1556020761.16 46.2
1556020771.18 44.0
1556020781.2 45.1
1556020791.22 44.5
1556020801.24 45.1
1556020811.26 45.1
1556020821.28 45.6
1556020831.29 45.1
1556020841.31 45.1
1556020851.33 45.1
1556020861.35 45.1
1556020871.37 45.6
1556020881.38 46.2
1556020891.39 46.2
1556020901.41 45.6
1556020911.43 45.6
1556020921.45 45.6
1556020931.46 46.2
1556020941.48 46.2
1556020951.5 45.6
1556020961.52 46.7
1556020971.53 46.2
1556020981.55 45.1
1556020991.57 45.1
1556021001.59 46.2
1556021011.61 45.6
1556021021.62 47.2
1556021031.64 46.2
1556021041.65 46.2
1556021051.67 45.6
1556021061.69 46.2
1556021071.7 46.7
1556021081.71 46.7
1556021091.73 46.2
1556021101.75 46.2
1556021111.77 46.2
1556021121.78 46.2
1556021131.8 45.1
1556021141.82 45.6
1556021151.84 46.2
1556021161.87 45.6
1556021171.88 46.2
1556021181.9 46.2
1556021191.92 45.6
1556021201.94 46.2
1556021211.96 46.2
1556021221.98 46.7
1556021231.99 46.2
1556021242.01 46.7
1556021252.02 45.6
1556021262.04 46.2
1556021272.06 46.2
1556021282.07 46.2
1556021292.08 46.2
1556021302.1 46.2
1556021312.11 46.2
1556021322.13 46.2
1556021332.15 46.2
1556021342.17 46.2
1556021352.19 46.2
1556021362.2 46.2
1556021372.22 46.2
1556021382.24 45.6
1556021392.26 47.2
1556021402.27 47.2
1556021412.29 46.2
1556021422.31 46.2
1556021432.33 46.2
1556021442.34 46.2
1556021452.36 45.6
1556021462.38 46.2
1556021472.4 46.7
1556021482.42 46.7
1556021492.44 46.2
1556021502.46 46.2
1556021512.47 46.2
1556021522.49 46.2
1556021532.51 46.2
1556021542.53 46.2
1556021552.54 46.2
1556021562.56 46.7
1556021572.58 46.2
1556021582.6 46.2
1556021592.62 46.2
1556021602.64 46.7
1556021612.66 46.2
1556021622.68 46.2
1556021632.69 46.7
1556021642.71 46.2
1556021652.74 45.6
1556021662.75 46.2
1556021672.77 47.2
1556021682.79 45.6
1556021692.8 46.7
1556021702.82 46.2
1556021712.84 46.2
1556021722.85 46.2
1556021732.87 46.2
1556021742.89 46.2
1556021752.91 46.2
1556021762.93 46.2
1556021772.96 46.2
1556021782.98 45.6
1556021792.99 46.2
1556021803.0 46.2
1556021813.02 45.6
1556021823.05 46.2
1556021833.07 46.2
1556021843.08 45.1
1556021853.1 45.1
1556021863.12 45.6
1556021873.14 45.6
1556021883.16 45.6
1556021893.18 45.6
1556021903.2 45.1
1556021913.22 45.6
1556021923.25 45.1
1556021933.27 45.1
1556021943.29 46.2
1556021953.3 45.6
1556021963.32 45.1
1556021973.34 45.1
1556021983.36 46.2
1556021993.38 45.1
1556022003.4 45.1
1556022013.42 45.6
1556022023.44 45.6
1556022033.45 45.1
1556022043.47 45.1
1556022053.48 45.1
1556022063.5 45.1
1556022073.52 45.1
1556022083.54 45.6
1556022093.56 45.1
1556022103.58 44.5
1556022113.6 45.1
1556022123.61 45.6
1556022133.63 45.1
1556022143.65 45.6
1556022153.66 46.2
1556022163.69 45.6
1556022173.71 45.6
1556022183.73 45.1
1556022193.74 45.6
1556022203.76 44.5
1556022213.77 45.1
1556022223.79 45.6
1556022233.81 45.6
1556022243.83 45.1
1556022253.85 45.1
1556022263.87 46.2
1556022273.88 46.2
1556022283.9 45.6
1556022293.92 45.6
1556022303.94 45.6
1556022313.95 45.6
1556022323.97 45.1
1556022333.99 46.2
1556022344.01 46.7
1556022354.02 45.6
1556022364.04 45.6
1556022374.06 46.2
1556022384.08 45.6
1556022394.1 46.2
1556022404.12 45.6
1556022414.14 45.1
1556022424.16 45.1
1556022434.18 44.5
1556022444.2 46.2
1556022454.21 45.6
1556022464.23 45.1
1556022474.25 45.6
1556022484.26 46.2
1556022494.28 45.6
1556022504.31 45.6
1556022514.33 45.1
1556022524.34 46.2
1556022534.36 45.6
1556022544.37 45.6
1556022554.39 45.1
1556022564.42 45.6
1556022574.5 45.1
1556022584.52 45.1
1556022594.54 45.1
1556022604.55 45.1
1556022614.57 45.1
1556022624.59 45.1
1556022634.61 45.1
1556022644.63 45.1
1556022654.65 45.1
1556022664.66 45.6
1556022674.67 45.1
1556022684.69 45.1
1556022694.71 45.1
1556022704.73 45.6
1556022714.74 45.6
1556022724.76 44.5
1556022734.78 45.1
1556022744.79 45.1
1556022754.81 46.2
1556022764.83 45.1
1556022774.85 46.2
1556022784.87 45.1
1556022794.9 45.6
1556022804.92 45.1
1556022814.93 45.1
1556022824.95 46.2
1556022834.96 47.2
1556022844.99 45.1
1556022855.01 45.1
1556022865.03 45.1
1556022875.05 45.6
1556022885.07 45.1
1556022895.09 46.2
1556022905.11 45.6
1556022915.12 46.2
1556022925.14 46.2
1556022935.15 46.2
1556022945.17 46.7
1556022955.19 46.2
1556022965.2 46.2
1556022983.31 46.2
1556022993.33 46.2
1556023003.35 45.1
1556023013.36 46.2
1556023023.38 46.7
1556023033.41 45.6
1556023043.42 46.2
1556023053.44 45.6
1556023063.46 46.7
1556023073.48 45.6
1556023083.49 46.2
1556023093.51 45.6
1556023103.53 45.6
1556023113.55 45.6
1556023123.56 47.2
1556023133.58 46.2
1556023143.6 46.2
1556023153.63 45.6
1556023163.65 46.2
1556023173.66 46.2
1556023183.68 46.2
1556023193.7 45.6
1556023203.72 45.1
1556023213.74 45.6
1556023223.76 45.1
1556023233.78 45.1
1556023243.8 45.6
1556023253.82 45.1
1556023263.84 45.1
1556023273.86 45.1
1556023283.88 45.1
1556023293.9 45.1
1556023303.92 45.1
1556023313.94 45.1
1556023323.96 45.1
1556023333.98 45.6
1556023344.0 45.6
1556023354.02 45.1
1556023364.04 45.6
1556023374.06 45.6
1556023384.07 45.6
1556023394.13 45.6
1556023404.14 45.6
1556023414.16 45.1
1556023424.17 45.6
1556023434.18 46.2
1556023444.2 45.6
1556023454.22 46.2
1556023464.23 45.1
1556023474.25 45.1
1556023484.27 45.1
1556023494.28 45.1
1556023504.3 45.1
1556023514.32 45.1
1556023524.34 45.1
1556023534.35 45.1
1556023544.37 45.6
1556023554.39 45.6
1556023564.4 45.6
1556023574.42 45.1
1556023584.44 45.1
1556023594.45 45.6
1556023604.47 45.6
1556023614.49 45.6
1556023624.51 45.6
1556023634.53 45.1
1556023644.55 45.6
1556023654.56 45.6
1556023664.58 45.1
1556023674.6 44.5
1556023684.62 44.5
1556023694.64 45.1
1556023704.65 45.1
1556023714.67 45.1
1556023724.69 46.2
1556023734.7 45.1
1556023744.72 46.2
1556023754.73 46.2
1556023764.75 46.2
1556023774.77 46.2
1556023784.79 45.6
1556023794.8 46.2
1556023804.82 46.2
1556023814.83 45.6
1556023824.85 45.1
1556023834.86 46.2
1556023844.87 46.2
1556023854.89 46.2
1556023864.91 46.2
1556023874.92 46.7
1556023884.93 46.2
1556023894.95 46.2
1556023904.97 46.2
1556023914.99 46.2
1556023925.0 46.2
1556023935.02 45.1
1556023945.04 46.7
1556023955.05 46.2
1556023965.07 46.7
1556023975.09 46.7
1556023985.1 47.2
1556023995.12 46.2
1556024005.13 46.2
1556024015.15 46.2
1556024025.16 46.7
1556024035.18 46.2
1556024045.2 46.7
1556024055.22 46.2
1556024065.24 46.2
1556024075.25 45.6
1556024085.27 46.2
1556024095.28 46.2
1556024105.3 46.2
1556024115.31 46.2
1556024125.32 46.2
1556024135.34 46.7
1556024145.36 46.2
1556024155.37 47.2
1556024165.39 46.7
1556024175.41 46.2
1556024185.42 45.6
1556024195.43 46.2
1556024205.46 46.2
1556024215.47 46.2
1556024225.48 46.2
1556024235.5 46.2
1556024245.51 45.1
1556024255.52 45.6
1556024265.54 46.7
1556024275.56 46.2
1556024285.58 46.2
1556024295.6 46.2
1556024305.61 46.2
1556024315.63 45.6
1556024325.65 45.6
1556024335.67 45.1
1556024345.68 45.1
1556024355.7 45.1
1556024365.72 46.2
1556024375.74 46.2
1556024385.76 45.6
1556024395.78 45.1
1556024405.8 45.6
1556024415.82 45.1
1556024425.84 46.2
1556024435.85 45.6
1556024445.87 45.6
1556024455.88 46.2
1556024465.89 46.2
1556024475.91 45.6
1556024485.92 46.2
1556024495.94 45.6
1556024505.96 46.2
1556024515.98 46.2
1556024525.99 46.2
1556024536.01 46.2
1556024546.03 46.2
1556024556.05 46.2
1556024566.06 46.2
1556024576.07 46.7
1556024586.09 46.2
1556024596.11 46.2
1556024606.13 46.2
1556024616.15 46.7
1556024626.17 46.2
1556024636.18 46.2
1556024646.21 46.2
1556024656.23 46.2
1556024666.24 46.2
1556024676.26 45.6
1556024686.27 46.2
1556024696.29 46.2
1556024706.3 46.2
1556024716.32 46.7
1556024726.34 46.2
1556024736.36 45.6
1556024746.38 46.2
1556024756.39 45.6
1556024766.41 46.2
1556024776.42 46.2
1556024786.44 46.2
1556024796.46 46.7
1556024806.48 47.2
1556024816.49 46.2
1556024826.51 46.2
1556024836.53 45.6
1556024846.55 46.2
1556024856.56 45.6
1556024866.58 45.6
1556024876.6 45.1
1556024886.61 45.6
1556024896.63 45.1
1556024906.65 45.1
1556024916.66 45.1
1556024926.67 46.2
1556024936.69 45.6
1556024946.7 46.2
1556024956.72 45.1
1556024966.73 45.1
1556024976.75 45.6
1556024986.76 45.6
1556024996.78 45.1
1556025006.79 45.6
1556025016.81 45.1
1556025026.83 45.1
1556025036.84 45.6
1556025046.86 45.1
1556025056.89 45.6
1556025066.91 44.5
1556025076.93 45.1
1556025086.94 45.1
1556025096.97 46.2
1556025106.98 45.6
1556025117.0 46.2
1556025127.02 45.6
1556025137.03 46.2
1556025147.05 45.6
1556025157.06 45.6
1556025167.08 45.1
1556025177.1 46.2
1556025187.11 46.2
1556025197.13 45.1
1556025207.15 46.2
1556025217.17 46.2
1556025227.19 46.2
1556025237.2 47.2
1556025247.23 46.2
1556025257.25 46.7
1556025267.26 46.2
1556025277.28 46.2
1556025287.29 46.2
1556025297.32 45.6
1556025307.34 46.2
1556025317.35 46.7
1556025327.37 46.2
1556025337.39 45.6
1556025347.41 46.2
1556025357.43 46.2
1556025367.44 46.2
1556025377.46 46.2
1556025387.48 45.6
1556025397.5 45.6
1556025407.52 47.2
1556025417.54 45.6
1556025427.56 45.6
1556025437.58 46.2
1556025447.6 46.7
1556025457.62 45.6
1556025467.64 46.2
1556025477.65 46.2
1556025487.68 45.6
1556025497.7 46.2
1556025507.71 46.7
1556025517.73 45.6
1556025527.74 46.7
1556025537.76 46.7
1556025547.78 46.7
1556025557.79 47.2
1556025567.81 46.2
1556025577.82 46.2
1556025587.84 46.7
1556025597.85 46.7
1556025607.87 47.2
1556025617.89 47.2
1556025627.91 47.2
1556025637.93 46.7
1556025647.94 47.2
1556025657.96 47.2
1556025667.98 47.2
1556025678.0 47.2
1556025688.02 47.2
1556025698.03 46.7
1556025708.05 47.2
1556025718.06 46.2
1556025728.07 47.2
1556025738.09 46.2
1556025748.11 46.2
1556025758.14 46.2
1556025768.16 46.2
1556025778.18 46.2
1556025788.2 46.2
1556025798.22 45.6
1556025808.24 46.7
1556025818.26 46.2
1556025828.29 45.6
1556025838.31 46.2
1556025848.33 45.1
1556025858.35 46.2
1556025868.37 45.1
1556025878.39 46.2
1556025888.41 45.6
1556025898.42 46.7
1556025908.43 46.2
1556025918.45 45.1
1556025928.47 46.2
1556025938.49 45.6
1556025948.51 46.2
1556025958.52 45.6
1556025968.54 46.2
1556025978.56 45.6
1556025988.57 46.2
1556025998.59 46.2
1556026008.61 46.2
1556026018.62 46.7
1556026028.64 45.6
1556026038.66 45.1
1556026048.68 46.2
1556026058.69 46.2
1556026068.71 45.6
1556026078.73 46.2
1556026088.74 45.1
1556026098.75 45.6
1556026108.77 45.6
1556026118.8 45.1
1556026128.82 45.6
1556026138.83 45.6
1556026148.85 46.2
1556026158.87 45.6
1556026168.89 45.6
1556026178.91 45.1
1556026188.93 46.2
1556026198.94 45.6
1556026208.96 45.6
1556026218.98 46.2
1556026228.99 46.2
1556026239.0 46.2
1556026249.01 46.2
1556026259.03 45.1
1556026269.05 45.6
1556026279.06 46.2
1556026289.08 45.6
1556026299.1 46.2
1556026309.12 45.6
1556026319.14 45.1
1556026329.15 45.6
1556026339.17 45.6
1556026349.18 45.1
1556026359.2 45.1
1556026369.22 45.1
1556026379.23 45.1
1556026389.25 45.6
1556026399.27 45.1
1556026409.29 45.1
1556026419.3 45.6
1556026429.32 46.2
1556026439.34 46.2
1556026449.35 46.2
1556026459.37 45.6
1556026469.39 45.6
1556026479.4 45.1
1556026489.42 46.2
1556026499.43 46.2
1556026509.44 45.1
1556026519.45 45.1
1556026529.47 45.1
1556026539.49 45.1
1556026549.5 46.2
1556026559.51 46.2
1556026569.53 46.2
1556026579.54 45.6
1556026589.56 45.1
1556026599.57 46.2
1556026609.58 45.6
1556026619.6 45.1
1556026629.61 45.1
1556026639.63 45.1
1556026649.65 45.1
1556026659.66 45.6
1556026669.68 45.6
1556026679.7 45.6
1556026689.72 45.1
1556026699.73 46.2
1556026709.74 45.1
1556026719.76 45.1
1556026729.78 46.2
1556026739.79 46.2
1556026749.81 45.6
1556026759.82 46.2
1556026769.84 46.2
1556026779.85 45.1
1556026789.87 46.7
1556026799.88 46.2
1556026809.9 45.6
1556026819.92 45.6
1556026829.94 45.6
1556026839.96 46.2
1556026849.98 45.1
1556026860.0 46.2
1556026870.01 46.2
1556026880.02 46.2
1556026890.04 45.1
1556026900.05 46.2
1556026910.07 46.2
1556026920.09 46.2
1556026930.1 46.2
1556026940.12 45.1
1556026950.14 46.2
1556026960.16 46.2
1556026970.17 46.2
1556026980.18 46.2
1556026990.2 46.2
1556027000.22 46.2
1556027010.24 46.2
1556027020.26 45.6
1556027030.28 46.2
1556027040.3 46.7
1556027050.33 46.2
1556027060.35 46.2
1556027070.37 46.7
1556027080.38 46.7
1556027090.4 46.7
1556027100.42 46.7
1556027110.44 46.2
1556027120.46 46.2
1556027130.48 46.2
1556027140.5 46.2
1556027150.51 47.2
1556027160.53 46.2
1556027170.55 45.6
1556027180.57 46.7
1556027190.58 47.2
1556027200.6 46.2
1556027210.63 46.2
1556027220.64 46.7
1556027230.67 46.7
1556027240.69 46.2
1556027250.71 46.2
1556027260.73 46.2
1556027270.75 46.2
1556027280.77 46.7
1556027290.79 46.2
1556027300.81 46.2
1556027310.82 46.2
1556027320.85 46.7
1556027330.86 46.2
1556027340.88 46.2
1556027350.89 47.2
1556027360.9 46.7
1556027370.92 46.7
1556027380.94 47.2
1556027390.96 47.8
1556027400.97 47.2
1556027410.98 47.2
1556027421.0 47.2
1556027431.02 47.2
1556027441.03 46.2
1556027451.05 47.2
1556027461.06 46.2
1556027471.08 46.7
1556027481.09 47.2
1556027491.11 46.7
1556027501.13 46.2
1556027511.15 47.2
1556027521.16 47.2
1556027531.18 47.2
1556027541.2 47.2
1556027551.22 46.7
1556027561.24 47.2
1556027571.25 47.2
1556027581.27 47.2
1556027591.29 46.7
1556027601.31 47.8
1556027611.33 47.2
1556027621.35 47.2
1556027631.37 47.2
1556027641.39 47.8
1556027651.41 46.2
1556027661.43 47.2
1556027671.44 47.2
1556027681.46 46.7
1556027691.48 47.2
1556027701.5 46.7
1556027711.52 46.2
1556027721.54 47.2
1556027731.56 46.7
1556027741.57 47.2
1556027751.59 47.2
1556027761.6 46.7
1556027771.62 46.7
1556027781.65 46.2
1556027791.66 47.2
1556027801.68 46.7
1556027811.7 47.2
1556027821.72 47.2
1556027831.73 45.6
1556027841.75 46.7
1556027851.77 46.7
1556027861.78 46.2
1556027871.8 47.2
1556027881.82 46.2
1556027891.83 46.7
1556027901.85 45.6
1556027911.87 46.7
1556027921.89 46.7
1556027931.9 47.2
1556027941.92 46.7
1556027951.94 46.2
1556027961.96 46.2
1556027971.97 46.2
1556027981.99 46.2
1556027992.01 46.7
1556028002.02 47.2
1556028012.04 46.2
1556028022.06 46.2
1556028032.08 47.2
1556028042.09 46.7
1556028052.11 46.2
1556028062.14 46.7
1556028072.16 46.2
1556028082.17 46.7
1556028092.19 47.2
1556028102.21 46.2
1556028112.23 46.7
1556028122.25 46.2
1556028132.27 46.2
1556028142.29 46.2
1556028152.31 46.2
1556028162.33 46.2
1556028172.35 46.2
1556028182.36 46.2
1556028192.38 46.7
1556028202.4 47.2
1556028212.42 46.7
1556028222.43 46.7
1556028232.45 47.2
1556028242.47 47.2
1556028252.49 46.7
1556028262.51 47.2
1556028272.53 46.7
1556028282.54 47.2
1556028292.56 46.2
1556028302.58 47.2
1556028312.6 46.2
1556028322.62 46.2
1556028332.64 47.2
1556028342.66 46.7
1556028352.68 46.7
1556028362.7 46.2
1556028372.72 46.2
1556028382.74 46.2
1556028392.75 47.2
1556028402.77 47.2
1556028412.79 47.2
1556028422.8 46.7
1556028432.82 46.2
1556028442.84 47.2
1556028452.86 47.2
1556028462.89 46.7
1556028472.9 47.2
1556028482.92 47.2
1556028492.94 47.2
1556028502.97 46.7
1556028512.98 47.2
1556028522.99 47.2
1556028533.01 46.7
1556028543.03 46.7
1556028553.04 47.8
1556028563.05 47.8
1556028573.07 47.8
1556028583.09 47.2
1556028593.11 47.8
1556028603.13 47.2
1556028613.15 46.7
1556028623.17 47.2
1556028633.19 47.8
1556028643.21 47.2
1556028653.23 47.2
1556028663.24 47.2
1556028673.26 47.8
1556028683.28 47.8
1556028693.3 47.2
1556028703.32 47.8
1556028713.33 47.8
1556028723.35 47.2
1556028733.37 47.2
1556028743.38 47.8
1556028753.4 47.8
1556028763.41 47.8
1556028773.43 47.2
1556028783.44 47.2
1556028793.46 47.8
1556028803.47 47.8
1556028813.49 47.2
1556028823.51 47.2
1556028833.53 47.2
1556028843.55 47.8
1556028853.57 47.2
1556028863.58 48.3
1556028873.6 47.8
1556028883.61 48.3
1556028893.63 47.2
1556028903.65 48.3
1556028913.66 47.2
1556028923.68 47.2
1556028933.7 47.8
1556028943.72 47.8
1556028953.74 47.2
1556028963.76 47.2
1556028973.77 47.8
1556028983.79 47.8
1556028993.8 47.2
1556029003.82 47.8
1556029013.84 47.8
1556029023.86 47.8
1556029033.88 47.8
1556029043.9 48.3
1556029053.92 47.8
1556029063.93 47.8
1556029073.95 47.8
1556029083.97 47.8
1556029093.99 47.8
1556029104.01 48.3
1556029114.03 47.2
1556029124.05 48.3
1556029134.07 47.2
1556029144.09 47.8
1556029154.11 47.8
1556029164.13 47.8
1556029174.15 47.8
1556029184.17 47.2
1556029194.19 47.8
1556029204.21 47.8
1556029214.23 48.3
1556029224.25 47.8
1556029234.27 47.2
1556029244.29 47.2
1556029254.31 47.8
1556029264.32 47.8
1556029274.35 47.8
1556029284.37 47.8
1556029294.39 47.2
1556029304.4 47.8
1556029314.42 47.8
1556029324.44 48.3
1556029334.46 48.3
1556029344.47 48.3
1556029354.49 48.3
1556029364.51 48.3
1556029374.53 48.9
1556029384.55 47.2
1556029394.57 48.3
1556029404.59 48.3
1556029414.61 49.4
1556029424.63 48.3
1556029434.64 47.2
1556029444.66 48.3
1556029454.68 48.3
1556029464.7 48.3
1556029474.72 48.3
1556029484.74 48.3
1556029494.75 48.3
1556029504.77 48.3
1556029514.79 47.8
1556029524.82 48.9
1556029534.83 48.3
1556029544.85 48.3
1556029554.85 48.9
1556029564.87 48.9
1556029574.88 47.8
1556029584.89 48.3
1556029594.91 48.9
1556029604.92 49.4
1556029614.93 48.9
1556029624.94 47.8
1556029634.96 48.3
1556029644.98 48.3
1556029655.0 48.3
1556029665.02 48.3
1556029675.04 48.9
1556029685.06 48.3
1556029695.07 48.3
1556029705.09 48.3
1556029715.11 48.3
1556029725.12 48.3
1556029735.14 49.4
1556029745.16 48.9
1556029755.17 49.4
1556029765.19 48.9
1556029775.21 49.4
1556029785.23 48.9
1556029795.25 48.9
1556029805.27 49.9
1556029815.28 49.4
1556029825.31 48.9
1556029835.33 49.4
1556029845.35 49.4
1556029855.36 49.4
1556029865.38 49.9
1556029875.4 48.9
1556029885.42 49.4
1556029895.44 48.3
1556029905.46 49.4
1556029915.48 49.4
1556029925.49 49.4
1556029935.51 49.4
1556029945.53 49.4
1556029955.54 49.9
1556029965.55 49.4
1556029975.57 49.4
1556029985.59 48.9
1556029995.61 49.4
1556030005.63 49.4
1556030015.65 49.4
1556030025.66 49.4
1556030035.68 49.4
1556030045.69 49.4
1556030055.71 49.4
1556030065.73 49.4
1556030075.74 49.4
1556030085.76 49.4
1556030095.78 49.4
1556030105.8 49.4
1556030115.82 49.4
1556030125.84 48.9
1556030135.86 49.4
1556030145.88 49.4
1556030155.89 49.4
1556030165.9 49.9
1556030175.92 49.4
1556030185.94 49.4
1556030195.97 49.4
1556030205.98 49.4
1556030216.0 49.4
1556030226.01 49.9
1556030236.03 49.9
1556030246.05 49.4
1556030256.07 49.9
1556030266.09 49.4
1556030276.1 49.9
1556030286.12 49.9
1556030296.14 49.9
1556030306.16 49.4
1556030316.18 49.9
1556030326.2 49.4
1556030336.21 50.5
1556030346.23 49.9
1556030356.25 49.4
1556030366.27 50.5
1556030376.28 50.5
1556030386.3 50.5
1556030396.32 50.5
1556030406.33 49.9
1556030416.34 49.4
1556030426.36 50.5
1556030436.38 50.5
1556030446.4 50.5
1556030456.41 50.5
1556030466.43 50.5
1556030476.45 50.5
1556030486.47 50.5
1556030496.48 50.5
1556030506.49 51.5
1556030516.51 50.5
1556030526.53 51.5
1556030536.55 50.5
1556030546.57 50.5
1556030556.59 51.5
1556030566.61 51.5
1556030576.62 50.5
1556030586.64 51.5
1556030596.66 51.5
1556030606.68 51.5
1556030616.7 50.5
1556030626.72 51.5
1556030636.74 51.5
1556030646.75 51.0
1556030656.77 50.5
1556030666.79 51.5
1556030676.83 50.5
1556030686.84 51.0
1556030696.86 50.5
1556030706.87 51.5
1556030716.89 51.5
1556030726.91 51.5
1556030736.93 50.5
1556030746.95 50.5
1556030756.97 50.5
1556030766.98 50.5
1556030777.0 49.9
1556030787.02 51.0
1556030797.03 50.5
1556030807.05 50.5
1556030817.07 51.5
1556030827.09 50.5
1556030837.11 50.5
1556030847.13 51.5
1556030857.15 51.5
1556030867.17 51.5
1556030877.19 50.5
1556030887.2 51.5
1556030897.22 50.5
1556030907.24 51.5
1556030917.26 51.0
1556030927.28 51.0
1556030937.3 50.5
1556030947.32 50.5
1556030957.34 51.0
1556030967.36 50.5
1556030977.38 50.5
1556030987.4 50.5
1556030997.42 50.5
1556031007.43 51.5
1556031017.45 51.5
1556031027.47 51.5
1556031037.48 51.5
1556031047.5 50.5
1556031057.52 50.5
1556031067.54 50.5
1556031077.56 50.5
1556031087.58 50.5
1556031097.6 50.5
1556031107.62 50.5
1556031117.64 50.5
1556031127.65 50.5
1556031137.67 50.5
1556031147.69 51.5
1556031157.71 50.5
1556031167.73 50.5
1556031177.75 49.9
1556031187.77 50.5
1556031197.79 50.5
1556031207.81 50.5
1556031217.83 51.5
1556031227.85 50.5
1556031237.87 51.5
1556031247.89 51.0
1556031257.91 49.9
1556031267.94 50.5
1556031277.96 50.5
1556031287.98 50.5
1556031298.0 50.5
1556031308.02 50.5
1556031318.04 50.5
1556031328.05 50.5
1556031338.07 51.5
1556031348.08 51.5
1556031358.1 51.5
1556031368.12 51.0
1556031378.14 50.5
1556031388.16 51.0
1556031398.18 51.5
1556031408.19 52.1
1556031418.22 51.5
1556031428.24 51.5
1556031438.26 51.0
1556031448.28 50.5
1556031458.31 50.5
1556031468.33 50.5
1556031478.34 51.5
1556031488.36 51.5
1556031498.38 50.5
1556031508.39 51.0
1556031518.41 50.5
1556031528.42 50.5
1556031538.44 50.5
1556031548.45 51.5
1556031558.46 50.5
1556031568.49 50.5
1556031578.51 51.5
1556031588.53 51.5
1556031598.55 51.5
1556031608.56 51.0
1556031618.58 51.5
1556031628.59 51.5
1556031638.61 52.1
1556031648.63 51.5
1556031658.65 51.5
1556031668.66 50.5
1556031678.68 51.5
1556031688.7 51.0
1556031698.72 51.0
1556031708.73 51.5
1556031718.75 52.1
1556031728.77 51.5
1556031738.79 51.5
1556031748.81 51.5
1556031758.83 51.0
1556031768.84 51.5
1556031778.86 52.1
1556031788.88 51.5
1556031798.9 51.5
1556031808.91 51.5
1556031818.93 52.1
1556031828.95 51.0
1556031838.96 51.5
1556031848.98 52.1
1556031859.0 52.1
1556031869.02 51.5
1556031879.03 52.1
1556031889.05 52.1
1556031899.07 50.5
1556031909.09 52.1
1556031919.12 51.5
1556031929.14 51.5
1556031939.15 52.1
1556031949.17 51.5
1556031959.19 51.5
1556031969.21 51.5
1556031979.23 51.5
1556031989.24 51.5
1556031999.27 50.5
1556032009.28 51.5
1556032019.29 51.5
1556032029.32 50.5
1556032039.34 50.5
1556032049.36 50.5
1556032059.38 50.5
1556032069.4 51.0
1556032079.41 50.5
1556032089.43 50.5
1556032099.45 51.0
1556032109.46 51.5
1556032119.48 51.5
1556032129.5 50.5
1556032139.52 50.5
1556032149.54 51.5
1556032159.56 51.0
1556032169.58 51.0
1556032179.6 50.5
1556032189.62 51.5
1556032199.64 50.5
1556032209.66 50.5
1556032219.68 50.5
1556032229.7 50.5
1556032239.72 51.0
1556032249.74 50.5
1556032259.76 51.0
1556032269.78 49.9
1556032279.8 49.9
1556032289.82 51.5
1556032299.83 51.0
1556032309.85 51.0
1556032319.87 51.0
1556032329.89 50.5
1556032339.91 50.5
1556032349.92 51.5
1556032359.94 50.5
1556032369.96 50.5
1556032379.98 51.5
1556032390.0 51.0
1556032400.02 51.5
1556032410.04 51.5
1556032420.06 50.5
1556032430.08 51.0
1556032440.1 50.5
1556032450.11 51.5
1556032460.13 51.0
1556032470.14 50.5
1556032480.16 51.5
1556032490.17 50.5
1556032500.19 51.0
1556032510.21 51.5
1556032520.22 52.1
1556032530.24 51.5
1556032540.26 51.0
1556032550.28 51.5
1556032560.3 51.5
1556032570.32 51.0
1556032580.34 50.5
1556032590.35 51.5
1556032600.37 51.5
1556032610.38 50.5
1556032620.4 50.5
1556032630.42 50.5
1556032640.44 51.5
1556032650.46 51.0
1556032660.47 51.5
1556032670.49 50.5
1556032680.5 51.5
1556032690.52 51.0
1556032700.53 51.5
1556032710.55 51.5
1556032720.57 51.5
1556032730.58 51.5
1556032740.6 52.1
1556032750.61 51.0
1556032760.63 50.5
1556032770.64 51.5
1556032780.66 51.5
1556032790.67 50.5
1556032800.69 51.5
1556032810.71 51.5
1556032820.72 51.5
1556032830.74 51.5
1556032840.76 51.5
1556032850.77 52.1
1556032860.79 51.0
1556032870.81 51.0
1556032880.83 51.5
1556032890.84 51.0
1556032900.86 51.5
1556032910.87 51.0
1556032920.89 51.0
1556032930.91 50.5
1556032940.93 50.5
1556032950.95 50.5
1556032960.97 50.5
1556032970.99 50.5
1556032981.01 50.5
1556032991.03 50.5
1556033001.05 51.0
1556033011.06 51.0
1556033021.08 50.5
1556033031.1 49.9
1556033041.12 49.4
1556033051.14 50.5
1556033061.15 50.5
1556033071.17 50.5
1556033081.19 49.9
1556033091.21 50.5
1556033101.23 49.4
1556033111.25 49.4
1556033121.26 50.5
1556033131.28 49.4
1556033141.31 49.4
1556033151.32 50.5
1556033161.34 49.9
1556033171.36 50.5
1556033181.37 49.4
1556033191.4 49.9
1556033201.42 50.5
1556033211.44 51.0
1556033221.46 51.0
1556033231.47 50.5
1556033241.48 50.5
1556033251.5 50.5
1556033261.51 50.5
1556033271.53 50.5
1556033281.55 50.5
1556033291.56 50.5
1556033301.58 50.5
1556033311.6 49.9
1556033321.61 51.0
1556033331.62 50.5
1556033341.63 50.5
1556033351.65 50.5
1556033361.66 50.5
1556033371.68 50.5
1556033381.69 51.5
1556033391.7 50.5
1556033401.72 50.5
1556033411.73 50.5
1556033421.75 50.5
1556033431.76 50.5
1556033441.78 50.5
1556033451.79 50.5
1556033461.81 50.5
1556033471.82 50.5
1556033481.84 50.5
1556033491.85 50.5
1556033501.87 50.5
1556033511.89 49.9
1556033521.91 50.5
1556033531.93 50.5
1556033541.94 50.5
1556033551.96 50.5
1556033561.98 50.5
1556033571.99 50.5
1556033582.01 51.5
1556033592.03 51.0
1556033602.05 50.5
1556033612.07 50.5
1556033622.08 51.0
1556033632.09 50.5
1556033642.11 51.5
1556033652.12 51.0
1556033662.14 49.9
1556033672.16 49.9
1556033682.18 51.5
1556033692.19 51.5
1556033702.21 50.5
1556033712.22 51.0
1556033722.24 50.5
1556033732.26 50.5
1556033742.27 50.5
1556033752.29 50.5
1556033762.31 50.5
1556033772.33 49.9
1556033782.35 49.9
1556033792.37 49.4
1556033802.4 49.9
1556033812.42 50.5
1556033822.44 49.4
1556033832.45 50.5
1556033842.47 50.5
1556033852.48 50.5
1556033862.5 49.9
1556033872.52 50.5
1556033882.54 49.9
1556033892.55 51.0
1556033902.56 50.5
1556033912.58 50.5
1556033922.6 50.5
1556033932.62 50.5
1556033942.64 50.5
1556033952.66 50.5
1556033962.68 50.5
1556033972.7 50.5
1556033982.72 50.5
1556033992.74 51.0
1556034002.75 51.5
1556034012.77 51.0
1556034022.79 51.0
1556034032.81 50.5
1556034042.83 50.5
1556034052.85 51.5
1556034062.87 51.0
1556034072.89 51.5
1556034082.9 51.5
1556034092.92 51.5
1556034102.93 51.5
1556034112.95 51.5
1556034122.97 51.5
1556034132.99 51.5
1556034143.01 51.0
1556034153.03 51.5
1556034163.05 52.1
1556034173.06 52.1
1556034183.08 52.1
1556034193.1 51.5
1556034203.11 52.1
1556034213.14 52.6
1556034223.15 52.1
1556034233.16 52.6
1556034243.18 52.1
1556034253.2 52.6
1556034263.21 52.6
1556034273.23 52.1
1556034283.25 52.6
1556034293.26 53.2
1556034303.27 52.6
1556034313.3 52.1
1556034323.32 52.6
1556034333.33 52.6
1556034343.35 52.6
1556034353.37 52.1
1556034363.39 52.1
1556034373.41 51.5
1556034383.42 51.5
1556034393.44 52.1
1556034403.45 52.1
1556034413.47 52.6
1556034423.48 52.6
1556034433.5 52.1
1556034443.51 52.6
1556034453.53 53.2
1556034463.54 52.1
1556034473.56 52.1
1556034483.58 52.6
1556034493.6 52.6
1556034503.62 52.6
1556034513.64 52.6
1556034523.66 52.6
1556034533.67 53.2
1556034543.69 53.2
1556034553.7 52.6
1556034563.72 52.6
1556034573.74 52.6
1556034583.76 52.1
1556034593.77 52.6
1556034603.79 53.2
1556034613.81 52.1
1556034623.82 53.2
1556034633.84 52.6
1556034643.86 53.2
1556034653.88 52.6
1556034663.9 52.1
1556034673.91 52.6
1556034683.93 52.6
1556034693.95 52.6
1556034703.97 53.2
1556034713.99 52.6
1556034724.01 53.7
1556034734.03 53.2
1556034744.05 52.6
1556034754.07 53.7
1556034764.08 53.7
1556034774.1 52.1
1556034784.12 52.6
1556034794.13 53.2
1556034804.15 53.7
1556034814.17 52.6
1556034824.18 53.7
1556034834.2 53.2
1556034844.22 53.2
1556034854.24 53.2
1556034864.26 53.2
1556034874.27 53.7
1556034884.29 52.6
1556034894.3 53.7
1556034904.32 53.7
1556034914.34 52.6
1556034924.36 53.7
1556034934.38 53.7
1556034944.39 53.7
1556034954.41 53.2
1556034964.43 53.7
1556034974.45 53.2
1556034984.46 54.2
1556034994.48 54.2
1556035004.5 53.2
1556035014.52 53.7
1556035024.53 53.7
1556035034.55 54.8
1556035044.57 54.2
1556035054.58 54.2
1556035064.61 54.8
1556035074.63 53.7
1556035084.65 54.8
1556035094.67 54.8
1556035104.68 54.2
1556035114.7 54.8
1556035124.72 54.8
1556035134.74 55.3
1556035144.75 55.3
1556035154.77 54.8
1556035164.79 54.2
1556035174.8 55.3
1556035184.82 55.3
1556035194.84 55.8
1556035204.86 54.8
1556035214.88 54.2
1556035224.89 54.8
1556035234.9 54.2
1556035244.92 54.8
1556035254.94 55.3
1556035264.95 54.8
1556035274.97 55.8
1556035284.98 54.8
1556035295.0 54.8
1556035305.02 54.8
1556035315.03 54.8
1556035325.05 54.8
1556035335.06 54.8
1556035345.08 54.2
1556035355.11 54.2
1556035365.12 54.2
1556035375.14 54.8
1556035385.16 55.3
1556035395.18 53.7
1556035405.2 54.2
1556035415.22 54.2
1556035425.24 54.2
1556035435.26 54.2
1556035445.28 54.2
1556035455.3 53.7
1556035465.32 54.2
1556035475.33 54.8
1556035485.35 54.8
1556035495.37 54.8
1556035505.38 53.7
1556035515.4 54.8
1556035525.42 54.2
1556035535.44 53.7
1556035545.45 55.3
1556035555.47 54.8
1556035565.49 54.2
1556035575.51 54.8
1556035585.53 54.2
1556035595.55 54.8
1556035605.57 54.8
1556035615.59 55.3
1556035625.6 55.3
1556035635.62 54.8
1556035645.65 54.8
1556035655.66 54.8
1556035665.68 54.8
1556035675.69 54.8
1556035685.71 55.8
1556035695.73 55.3
1556035705.75 55.3
1556035715.76 55.8
1556035725.78 54.2
1556035735.79 54.8
1556035745.81 54.2
1556035755.83 54.8
1556035765.85 54.8
1556035775.87 54.8
1556035785.88 54.8
1556035795.9 54.8
1556035805.92 54.2
1556035815.94 54.2
1556035825.95 55.3
1556035835.97 54.8
1556035845.99 55.3
1556035856.0 54.8
1556035866.02 54.8
1556035876.03 54.8
1556035886.05 55.3
1556035896.06 54.8
1556035906.08 55.3
1556035916.09 55.8
1556035926.1 55.8
1556035936.13 55.3
1556035946.14 55.3
1556035956.16 54.8
1556035966.18 55.3
1556035976.19 55.8
1556035986.21 54.8
1556035996.22 55.8
1556036006.24 55.8
1556036016.26 55.8
1556036026.28 55.3
1556036036.3 55.8
1556036046.32 55.3
1556036056.33 55.8
1556036066.35 55.8
1556036076.37 55.8
1556036086.38 55.8
1556036096.4 55.3
1556036106.42 55.8
1556036116.44 55.8
1556036126.45 55.8
1556036136.47 55.8
1556036146.49 55.8
1556036156.51 56.4
1556036166.53 55.8
1556036176.55 55.8
1556036186.57 55.8
1556036196.6 56.4
1556036206.62 55.8
1556036216.63 55.8
1556036226.65 56.4
1556036236.67 56.4
1556036246.69 55.8
1556036256.7 56.9
1556036266.72 56.4
1556036276.74 55.8
1556036286.76 55.3
1556036296.78 55.8
1556036306.8 56.4
1556036316.81 56.4
1556036326.82 55.8
1556036336.84 55.8
1556036346.86 55.8
1556036356.88 56.9
1556036366.89 56.4
1556036376.91 55.8
1556036386.93 55.8
1556036396.95 55.8
1556036406.97 55.8
1556036416.99 55.8
1556036427.0 55.8
1556036437.02 56.4
1556036447.03 56.4
1556036457.05 55.8
1556036467.07 56.4
1556036477.09 55.8
1556036487.11 55.8
1556036497.13 56.9
1556036507.14 56.4
1556036517.16 56.9
1556036527.18 56.4
1556036537.2 56.9
1556036547.21 57.5
1556036557.23 56.4
1556036567.25 56.9
1556036577.27 56.9
1556036587.28 57.5
1556036597.31 56.4
1556036607.32 56.4
1556036617.34 56.9
1556036627.36 56.9
1556036637.38 56.9
1556036647.39 56.4
1556036657.41 56.4
1556036667.42 56.9
1556036677.44 56.9
1556036687.45 56.4
1556036697.47 56.9
1556036707.48 55.8
1556036717.5 56.4
1556036727.51 56.4
1556036737.53 55.8
1556036747.54 55.8
1556036757.57 55.3
1556036767.59 56.4
1556036777.61 55.8
1556036787.63 56.4
1556036797.65 55.8
1556036807.67 55.8
1556036817.69 56.4
1556036827.7 56.4
1556036837.71 55.8
1556036847.72 55.8
1556036857.75 55.8
1556036867.77 55.8
1556036877.79 56.4
1556036887.8 55.8
1556036897.81 55.8
1556036907.83 55.8
1556036917.85 55.8
1556036927.86 55.3
1556036937.87 55.8
1556036947.89 54.8
1556036957.91 55.8
1556036967.92 55.8
1556036977.94 55.3
1556036987.96 55.8
1556036997.98 55.8
1556037007.99 55.3
1556037018.01 55.8
1556037028.03 55.8
1556037038.05 55.8
1556037048.06 55.8
1556037058.08 55.8
1556037068.1 54.8
1556037078.12 54.8
1556037088.14 54.8
1556037098.16 54.2
1556037108.18 54.8
1556037118.19 54.8
1556037128.2 54.8
1556037138.22 54.2
1556037148.24 54.8
1556037158.26 54.8
1556037168.27 54.2
1556037178.29 54.8
1556037188.3 54.8
1556037198.32 54.2
1556037208.34 54.8
1556037218.35 55.3
1556037228.37 54.8
1556037238.4 54.8
1556037248.41 54.8
1556037258.43 54.8
1556037268.45 53.7
1556037278.47 54.8
1556037288.49 54.8
1556037298.5 54.8
1556037308.52 54.2
1556037318.54 54.2
1556037328.56 54.8
1556037338.58 53.7
1556037348.59 53.7
1556037358.61 54.2
1556037368.64 53.7
1556037378.66 53.7
1556037388.67 54.2
1556037398.69 54.8
1556037408.71 53.7
1556037418.72 53.7
1556037428.73 54.2
1556037438.76 53.7
1556037448.78 53.7
1556037458.79 53.7
1556037468.81 53.7
1556037478.82 54.2
1556037488.84 54.2
1556037498.87 54.2
1556037508.89 54.2
1556037518.9 54.2
1556037528.92 54.2
1556037538.94 54.8
1556037548.96 53.7
1556037558.98 53.7
1556037568.99 53.7
1556037579.0 53.7
1556037589.02 53.2
1556037599.04 53.7
1556037609.05 53.7
1556037619.07 53.7
1556037629.09 53.7
1556037639.1 54.2
1556037649.12 53.7
1556037659.14 53.2
1556037669.16 53.2
1556037679.18 53.7
1556037689.19 53.2
1556037699.21 53.7
1556037709.22 53.7
1556037719.24 53.7
1556037729.25 53.7
1556037739.27 53.7
1556037749.29 53.7
1556037759.3 53.2
1556037769.32 53.7
1556037779.34 53.7
1556037789.36 53.2
1556037799.38 53.7
1556037809.39 53.7
1556037819.41 53.7
1556037829.43 54.2
1556037839.45 53.2
1556037849.47 53.2
1556037859.48 53.7
1556037869.49 53.7
1556037879.51 53.2
1556037889.53 53.7
1556037899.55 53.7
1556037909.56 53.7
1556037919.58 53.2
1556037929.6 53.7
1556037939.61 53.7
1556037949.63 53.7
1556037959.65 53.2
1556037969.66 53.2
1556037979.68 53.2
1556037989.7 52.6
1556037999.72 52.1
1556038009.73 53.2
1556038019.76 52.6
1556038029.78 52.6
1556038039.79 53.2
1556038049.81 52.6
1556038059.82 52.6
1556038069.84 52.6
1556038079.87 52.1
1556038089.88 53.2
1556038099.9 52.6
1556038109.92 52.1
1556038119.94 53.7
1556038129.95 52.6
1556038139.97 52.6
1556038149.99 52.6
1556038160.01 53.7
1556038170.02 52.1
1556038180.04 52.6
1556038190.06 53.2
1556038200.08 53.2
1556038210.09 52.1
1556038220.11 51.5
1556038230.13 52.6
1556038240.15 52.6
1556038250.16 52.6
1556038260.18 52.6
1556038270.19 52.1
1556038280.2 52.6
1556038290.22 52.1
1556038300.24 53.2
1556038310.25 52.1
1556038320.27 52.1
1556038330.29 52.1
1556038340.31 51.5
1556038350.33 52.1
1556038360.35 51.5
1556038370.36 52.1
1556038380.38 51.5
1556038390.39 52.1
1556038400.41 52.6
1556038410.42 52.1
1556038420.44 52.1
1556038430.45 52.1
1556038440.46 52.6
1556038450.47 52.6
1556038460.49 52.1
1556038470.5 52.6
1556038480.52 52.6
1556038490.53 52.6
1556038500.55 52.1
1556038510.57 52.6
1556038520.59 52.6
1556038530.61 52.6
1556038540.62 52.6
1556038550.64 53.2
1556038560.66 52.6
1556038570.68 52.6
1556038580.69 52.6
1556038590.71 52.6
1556038600.73 52.1
1556038610.75 52.6
1556038620.76 52.6
1556038630.78 51.5
1556038640.8 52.6
1556038650.81 52.1
1556038660.83 52.6
1556038670.85 52.6
1556038680.87 52.1
1556038690.89 52.6
1556038700.91 52.1
1556038710.93 51.5
1556038720.94 51.5
1556038730.96 52.6
1556038740.98 52.1
1556038750.99 52.1
1556038761.01 52.1
1556038771.03 52.6
1556038781.05 52.6
1556038791.06 52.6
1556038801.08 52.1
1556038811.1 53.2
1556038821.12 53.2
1556038831.13 52.6
1556038841.15 53.2
1556038851.17 53.7
1556038861.18 53.2
1556038871.2 52.6
1556038881.21 53.7
1556038891.23 53.2
1556038901.24 53.7
1556038911.26 53.7
1556038921.28 53.7
1556038931.3 53.2
1556038941.31 53.7
1556038951.33 53.2
1556038961.35 53.2
1556038971.36 53.2
1556038981.38 52.6
1556038991.4 52.6
1556039001.41 52.6
1556039011.43 52.6
1556039021.44 52.6
1556039031.46 53.2
1556039041.47 53.7
1556039051.49 52.6
1556039061.51 52.6
1556039071.52 53.7
1556039081.54 52.1
1556039091.56 52.1
1556039101.58 52.1
1556039111.59 52.1
1556039121.61 52.6
1556039131.63 52.1
1556039141.64 53.7
1556039151.66 52.6
1556039161.68 52.1
1556039171.7 52.6
1556039181.71 52.6
1556039191.72 52.1
1556039201.74 52.1
1556039211.76 52.1
1556039221.77 52.6
1556039231.79 52.1
1556039241.81 52.6
1556039251.82 52.6
1556039261.83 52.6
1556039271.85 52.6
1556039281.87 52.6
1556039291.89 52.1
1556039301.91 52.6
1556039311.92 52.1
1556039321.94 52.1
1556039331.96 52.6
1556039341.97 52.1
1556039351.99 52.6
1556039362.01 52.6
1556039372.02 52.1
1556039382.04 52.6
1556039392.06 52.6
1556039402.07 52.6
1556039412.1 52.1
1556039422.11 52.1
1556039432.13 52.6
1556039442.15 52.6
1556039452.16 51.5
1556039462.18 52.6
1556039472.19 52.6
1556039482.21 51.5
1556039492.23 52.1
1556039502.25 52.6
1556039512.26 52.6
1556039522.28 52.1
1556039532.3 52.1
1556039542.31 52.6
1556039552.33 52.6
1556039562.35 52.6
1556039572.36 52.6
1556039582.38 52.6
1556039592.39 52.6
1556039602.41 52.6
1556039612.42 52.6
1556039622.44 53.2
1556039632.45 53.2
1556039642.47 52.1
1556039652.49 52.6
1556039662.51 52.6
1556039672.52 52.6
1556039682.55 52.6
1556039692.57 52.6
1556039702.59 52.6
1556039712.61 52.6
1556039722.63 52.6
1556039732.64 52.6
1556039742.66 52.6
1556039752.68 53.2
1556039762.69 53.2
1556039772.71 52.6
1556039782.73 53.2
1556039792.74 52.6
1556039802.76 52.6
1556039812.78 53.2
1556039822.8 52.6
1556039832.82 52.6
1556039842.84 52.6
1556039852.86 52.1
1556039862.88 52.6
1556039872.89 52.6
1556039882.91 53.7
1556039892.93 53.7
1556039902.94 53.2
1556039912.96 52.6
1556039922.98 52.6
1556039932.99 53.2
1556039943.01 52.6
1556039953.02 53.2
1556039963.03 53.7
1556039973.06 52.6
1556039983.07 53.7
1556039993.09 53.7
1556040003.1 53.7
1556040013.12 53.7
1556040023.14 53.7
1556040033.15 53.7
1556040043.17 53.7
1556040053.18 53.7
1556040063.2 53.7
1556040073.22 52.6
1556040083.23 53.7
1556040093.24 53.2
1556040103.26 53.2
1556040113.28 53.7
1556040123.29 53.7
1556040133.31 53.7
1556040143.32 53.7
1556040153.34 54.2
1556040163.35 53.7
1556040173.37 53.7
1556040183.39 53.7
1556040193.4 54.2
1556040203.42 53.2
1556040213.44 53.7
1556040223.46 53.7
1556040233.47 53.7
1556040243.49 53.7
1556040253.5 53.7
1556040263.52 53.7
1556040273.53 53.2
1556040283.54 53.7
1556040293.56 53.7
1556040303.57 53.7
1556040313.59 53.7
1556040323.61 54.2
1556040333.63 54.2
1556040343.64 53.7
1556040353.66 53.7
1556040363.68 53.7
1556040373.69 53.7
1556040383.7 53.7
1556040393.71 53.7
1556040403.73 53.7
1556040413.74 53.7
1556040423.76 54.2
1556040433.77 53.7
1556040443.78 53.7
1556040453.8 53.7
1556040463.82 54.2
1556040473.83 53.7
1556040483.84 53.7
1556040493.86 54.2
1556040503.87 54.8
1556040513.88 53.7
1556040523.9 54.2
1556040533.91 54.8
1556040543.93 54.2
1556040553.94 54.8
1556040563.96 53.7
1556040573.98 54.8
1556040583.99 53.7
1556040594.01 54.8
1556040604.03 54.2
1556040614.05 54.2
1556040624.06 54.2
1556040634.08 54.2
1556040644.1 53.7
1556040654.12 54.8
1556040664.13 54.2
1556040674.15 54.8
1556040684.17 54.2
1556040694.18 53.7
1556040704.19 54.2
1556040714.21 54.8
1556040724.22 54.2
1556040734.24 54.2
1556040744.25 53.7
1556040754.28 53.7
1556040764.29 54.8
1556040774.31 54.2
1556040784.33 54.2
1556040794.35 53.7
1556040804.37 53.7
1556040814.39 53.7
1556040824.41 53.7
1556040834.42 54.2
1556040844.44 53.7
1556040854.46 54.2
1556040864.48 53.7
1556040874.49 53.7
1556040884.51 53.7
1556040894.52 53.7
1556040904.54 53.7
1556040914.56 53.7
1556040924.57 54.2
1556040934.6 53.7
1556040944.62 53.7
1556040954.64 53.7
1556040964.65 53.7
1556040974.67 53.7
1556040984.69 53.7
1556040994.7 53.7
1556041004.72 53.2
1556041014.74 52.6
1556041024.76 53.7
1556041034.78 52.6
1556041044.79 53.2
1556041054.81 53.7
1556041064.83 52.6
1556041074.85 53.2
1556041084.87 52.1
1556041094.89 53.2
1556041104.91 53.7
1556041114.92 53.2
1556041124.94 53.2
1556041134.96 53.2
1556041144.98 53.2
1556041155.0 52.6
1556041165.02 52.6
1556041175.04 53.2
1556041185.06 52.6
1556041195.08 52.6
1556041205.09 52.6
1556041215.11 53.2
1556041225.12 52.6
1556041235.14 52.6
1556041245.15 52.1
1556041255.17 52.1
1556041265.19 52.1
1556041275.21 52.6
1556041285.22 52.6
1556041295.24 52.6
1556041305.26 53.2
1556041315.28 52.1
1556041325.3 52.6
1556041335.31 52.1
1556041345.33 52.6
1556041355.34 52.1
1556041365.36 52.1
1556041375.37 52.6
1556041385.39 52.6
1556041395.41 52.1
1556041405.43 52.1
1556041415.45 51.5
1556041425.47 52.6
1556041435.49 52.1
1556041445.51 51.5
1556041455.53 52.1
1556041465.55 51.5
1556041475.57 52.6
1556041485.58 52.6
1556041495.6 52.1
1556041505.62 51.5
1556041515.64 51.5
1556041525.66 51.5
1556041535.68 51.5
1556041545.7 51.5
1556041555.72 52.1
1556041565.74 52.6
1556041575.76 51.5
1556041585.78 52.6
1556041595.8 51.5
1556041605.82 52.6
1556041615.84 52.6
1556041625.85 53.2
1556041635.87 52.1
1556041645.89 53.2
1556041655.91 52.6
1556041665.93 53.2
1556041675.95 53.7
1556041685.96 53.7
1556041695.98 53.7
1556041706.0 53.7
1556041716.01 53.7
1556041726.03 53.7
1556041736.05 54.2
1556041746.07 53.7
1556041756.08 54.2
1556041766.1 54.2
1556041776.11 53.7
1556041786.13 54.2
1556041796.15 53.7
1556041806.17 53.7
1556041816.19 54.2
1556041826.2 53.7
1556041836.22 53.7
1556041846.24 53.7
1556041856.26 52.6
1556041866.28 53.7
1556041876.29 54.8
1556041886.31 53.7
1556041896.33 53.7
1556041906.34 53.7
1556041916.36 53.7
1556041926.37 53.7
1556041936.39 53.7
1556041946.4 53.7
1556041956.42 53.7
1556041966.44 53.7
1556041976.46 53.7
1556041986.47 53.7
1556041996.49 53.7
1556042006.51 53.7
1556042016.53 53.7
1556042026.55 53.7
1556042036.56 53.7
1556042046.58 53.2
1556042056.6 54.2
1556042066.61 54.2
1556042076.63 53.7
1556042086.65 54.8
1556042096.67 53.7
1556042106.69 54.8
1556042116.7 54.2
1556042126.72 54.2
1556042136.75 54.2
1556042146.77 53.7
1556042156.79 52.6
1556042166.81 54.2
1556042176.82 54.8
1556042186.85 54.2
1556042196.86 54.8
1556042206.88 54.2
1556042216.9 54.8
1556042226.91 54.8
1556042236.94 53.7
1556042246.95 54.2
1556042256.97 53.7
1556042266.99 53.7
1556042277.01 54.2
1556042287.03 53.7
1556042297.05 53.7
1556042307.07 54.2
1556042317.09 53.7
1556042327.11 53.7
1556042337.13 54.8
1556042347.15 54.8
1556042357.17 54.8
1556042367.19 54.2
1556042377.2 54.2
1556042387.22 53.7
1556042397.24 53.7
1556042407.26 54.8
1556042417.28 53.7
1556042427.3 53.7
1556042437.32 53.7
1556042447.34 53.7
1556042457.36 53.7
1556042467.38 54.2
1556042477.39 54.2
1556042487.41 54.2
1556042497.43 53.2
1556042507.44 53.7
1556042517.46 54.2
1556042527.48 53.7
1556042537.49 53.7
1556042547.5 53.7
1556042557.51 54.8
1556042567.52 54.2
1556042577.54 53.7
1556042587.55 53.7
1556042597.57 53.2
1556042607.58 54.2
1556042617.6 54.8
1556042627.61 54.2
1556042637.63 53.2
1556042647.64 53.7
1556042657.65 53.7
1556042667.67 53.7
1556042677.69 53.7
1556042687.7 53.7
1556042697.71 54.2
1556042707.73 54.2
1556042717.74 53.7
1556042727.76 54.2
1556042737.78 54.2
1556042747.8 54.2
1556042757.81 54.8
1556042767.83 54.2
1556042777.84 53.7
1556042787.85 54.8
1556042797.87 54.2
1556042807.88 53.7
1556042817.89 53.7
1556042827.9 54.2
1556042837.92 53.7
1556042847.93 54.8
1556042857.94 54.8
1556042867.96 54.2
1556042877.97 54.2
1556042887.98 53.7
1556042898.0 54.8
1556042908.02 55.3
1556042918.04 54.2
1556042928.06 54.8
1556042938.07 55.3
1556042948.09 54.8
1556042958.11 54.8
1556042968.12 54.8
1556042978.14 54.8
1556042988.16 54.8
1556042998.18 54.8
1556043008.2 54.8
1556043018.22 54.8
1556043028.24 54.8
1556043038.26 54.2
1556043048.28 54.2
1556043058.29 54.8
1556043068.31 54.8
1556043078.32 55.3
1556043088.34 54.8
1556043098.35 54.2
1556043108.38 54.2
1556043118.39 54.8
1556043128.4 54.8
1556043138.42 53.7
1556043148.44 54.2
1556043158.46 54.8
1556043168.47 54.8
1556043178.48 54.8
1556043188.49 55.8
1556043198.51 54.8
1556043208.52 55.3
1556043218.54 55.3
1556043228.56 55.3
1556043238.58 55.8
1556043248.59 55.8
1556043258.61 55.3
1556043268.63 55.8
1556043278.65 55.8
1556043288.67 54.8
1556043298.69 55.8
1556043308.7 55.8
1556043318.72 55.8
1556043328.74 55.8
1556043338.76 55.8
1556043348.78 55.8
1556043358.8 54.8
1556043368.82 55.3
1556043378.83 55.8
1556043388.85 55.8
1556043398.87 55.8
1556043408.88 55.8
1556043418.9 55.3
1556043428.92 55.8
1556043438.94 55.8
1556043448.95 56.4
1556043458.97 56.4
1556043468.98 56.4
1556043479.0 55.8
1556043489.01 55.8
1556043499.03 56.4
1556043509.04 55.8
1556043519.06 56.4
1556043529.07 56.4
1556043539.09 56.4
1556043549.11 55.8
1556043559.13 56.4
1556043569.14 56.9
1556043579.16 55.8
1556043589.18 56.9
1556043599.2 56.9
1556043609.21 56.4
1556043619.23 56.9
1556043629.25 56.9
1556043639.27 55.8
1556043649.28 56.4
1556043659.3 56.9
1556043669.32 55.8
1556043679.34 56.9
1556043689.36 56.9
1556043699.38 56.9
1556043709.4 56.9
1556043719.41 56.4
1556043729.43 56.9
1556043739.45 56.4
1556043749.47 56.4
1556043759.48 56.9
1556043779.83 56.9
1556043789.84 56.4
1556043799.86 56.9
1556043809.88 56.9
1556043819.89 56.9
1556043829.91 56.9
1556043839.93 55.8
1556043849.95 56.9
1556043859.96 55.8
1556043869.98 56.4
1556043880.0 56.4
1556043890.02 56.9
1556043900.03 56.9
1556043910.05 56.9
1556043920.06 56.9
1556043930.08 56.9
1556043940.1 56.4
1556043950.12 56.4
1556043960.13 56.9
1556043970.14 56.9
1556043980.16 56.9
1556043990.18 56.4
1556044000.19 56.9
1556044010.21 56.9
1556044020.23 56.9
1556044030.24 57.5
1556044040.26 56.9
1556044050.27 56.9
1556044060.29 57.5
1556044070.31 56.9
1556044080.32 56.9
1556044090.34 56.9
1556044100.35 56.9
1556044110.36 56.9
1556044120.38 56.9
1556044130.4 56.9
1556044140.41 56.9
1556044150.43 56.9
1556044160.45 56.9
1556044170.46 56.9
1556044180.48 56.9
1556044190.5 56.4
1556044200.52 56.9
1556044210.54 56.9
1556044220.55 56.9
1556044230.57 56.4
1556044240.59 56.4
1556044250.6 56.4
1556044260.61 56.9
1556044270.62 56.4
1556044280.64 55.8
1556044290.66 56.4
1556044300.67 55.8
1556044310.68 55.8
1556044320.7 56.4
1556044330.71 55.8
1556044340.72 56.4
1556044350.74 56.9
1556044360.76 56.4
1556044370.77 55.8
1556044380.79 56.4
1556044390.81 56.4
1556044400.83 56.4
1556044410.84 56.4
1556044420.85 55.8
1556044430.87 55.8
1556044440.89 55.3
1556044450.9 55.8
1556044460.91 55.8
1556044470.92 55.8
1556044480.94 55.8
1556044490.95 55.8
1556044500.97 55.8
1556044510.99 54.8
1556044521.0 55.3
1556044531.02 54.8
1556044541.04 54.8
1556044551.05 54.2
1556044561.07 54.2
1556044571.08 54.2
1556044581.1 54.2
1556044591.11 54.8
1556044601.13 53.7
1556044611.15 53.7
1556044621.18 53.7
1556044631.19 53.7
1556044641.21 54.2
1556044651.23 53.7
1556044661.25 54.2
1556044671.27 53.7
1556044681.28 53.7
1556044691.3 53.2
1556044701.32 54.2
1556044711.33 54.2
1556044721.35 53.7
1556044731.36 54.2
1556044741.38 54.2
1556044751.39 55.3
1556044761.41 54.2
1556044771.42 54.8
1556044781.44 54.8
1556044791.45 54.8
1556044801.47 55.3
1556044811.48 54.8
1556044821.51 54.8
1556044831.52 54.8
1556044841.54 54.8
1556044851.55 54.8
1556044861.57 54.8
1556044871.59 53.7
1556044881.61 53.7
1556044891.62 54.8
1556044901.64 55.3
1556044911.66 54.8
1556044921.68 54.2
1556044931.69 53.7
1556044941.71 54.2
1556044951.73 54.2
1556044961.74 53.7
1556044971.76 53.7
1556044981.78 53.7
1556044991.79 53.7
1556045001.8 53.7
1556045011.82 53.7
1556045021.84 54.8
1556045031.86 53.7
1556045041.88 54.2
1556045051.89 53.7
1556045061.91 53.7
1556045071.92 53.7
1556045081.94 53.7
1556045092.61 54.8
1556045102.63 53.7
1556045112.64 54.2
1556045122.65 53.7
1556045132.67 53.7
1556045142.69 54.2
1556045152.71 53.7
1556045162.73 53.2
1556045172.75 53.2
1556045182.77 53.7
1556045192.79 53.2
1556045202.81 52.6
1556045212.83 53.2
1556045222.85 52.6
1556045232.87 53.2
1556045242.89 52.6
1556045252.9 53.7
1556045262.91 53.2
1556045272.94 53.7
1556045282.95 52.6
1556045292.96 53.2
1556045302.98 53.2
1556045313.0 52.6
1556045323.01 53.2
1556045333.03 53.7
1556045343.04 52.6
1556045353.07 52.6
1556045363.08 53.2
1556045373.1 53.2
1556045383.12 53.7
1556045393.14 53.2
1556045403.15 52.6
1556045413.17 53.7
1556045423.18 53.7
1556045433.2 52.6
1556045443.22 53.2
1556045453.24 52.6
1556045463.26 52.6
1556045473.28 52.6
1556045483.3 52.6
1556045493.32 53.2
1556045503.33 53.2
1556045513.35 53.2
1556045523.37 53.7
1556045533.39 53.2
1556045543.4 53.7
1556045553.42 52.6
1556045563.44 53.2
1556045573.45 52.6
1556045583.47 53.2
1556045593.48 53.7
1556045603.5 52.6
1556045613.52 53.7
1556045623.54 53.7
1556045633.55 53.7
1556045643.57 52.6
1556045653.59 53.7
1556045663.6 53.7
1556045673.61 53.7
1556045683.63 53.7
1556045693.65 53.7
1556045703.67 53.7
1556045713.68 53.7
1556045723.69 53.7
1556045733.71 53.2
1556045743.73 53.7
1556045753.74 54.2
1556045763.76 53.7
1556045773.77 53.7
1556045783.78 54.2
1556045793.79 54.2
1556045803.81 53.7
1556045813.82 54.2
1556045823.84 53.7
1556045833.85 53.7
1556045843.86 54.2
1556045853.88 53.7
1556045863.9 53.7
1556045873.91 53.7
1556045883.93 53.7
1556045893.94 53.7
1556045903.96 53.7
1556045913.97 53.7
1556045923.99 53.7
1556045934.01 53.7
1556045944.02 53.7
1556045954.04 53.7
1556045964.05 53.7
1556045974.07 53.7
1556045984.08 53.7
1556045994.1 53.7
1556046004.12 53.7
