1556300008.99 46.7
1556300019.01 46.2
1556300029.02 46.2
1556300039.04 46.2
1556300049.06 46.2
1556300059.08 46.7
1556300069.09 47.2
1556300079.11 47.2
1556300089.12 46.2
1556300099.14 46.2
1556300109.15 46.2
1556300119.17 46.7
1556300129.19 46.2
1556300139.21 45.6
1556300149.22 46.2
1556300159.24 46.2
1556300169.25 46.2
1556300179.27 46.2
1556300189.28 46.7
1556300199.29 46.2
1556300209.3 47.2
1556300219.32 47.2
1556300229.33 47.2
1556300239.34 47.2
1556300249.35 46.7
1556300259.37 46.2
1556300269.39 46.7
1556300279.4 47.2
1556300289.41 46.7
1556300299.43 47.2
1556300309.45 47.2
1556300319.47 46.2
1556300329.49 46.2
1556300339.51 46.2
1556300349.53 46.2
1556300359.54 46.7
1556300369.56 46.2
1556300379.58 46.2
1556300389.59 46.7
1556300399.61 45.6
1556300409.62 46.7
1556300419.64 46.2
1556300429.66 46.2
1556300439.67 47.2
1556300449.68 47.2
1556300459.7 47.2
1556300469.71 47.2
1556300479.73 46.2
1556300489.75 46.2
1556300499.77 47.2
1556300509.79 46.2
1556300519.81 47.2
1556300529.82 47.2
1556300539.84 47.2
1556300549.85 47.2
1556300559.87 46.7
1556300569.88 46.7
1556300579.9 46.7
1556300589.91 46.2
1556300599.93 46.2
1556300609.94 46.7
1556300619.96 46.2
1556300629.97 46.2
1556300639.99 45.6
1556300650.01 46.2
1556300660.02 46.7
1556300670.04 46.7
1556300680.06 46.2
1556300690.08 46.2
1556300700.1 46.2
1556300710.11 45.6
1556300720.13 45.6
1556300730.14 46.2
1556300740.16 46.2
1556300750.18 46.7
1556300760.2 46.2
1556300770.21 46.7
1556300780.24 46.2
1556300790.25 46.2
1556300800.27 46.7
1556300810.29 46.2
1556300820.31 45.6
1556300830.33 46.2
1556300840.35 46.7
1556300850.36 46.7
1556300860.38 46.2
1556300870.4 46.2
1556300880.41 45.6
1556300890.43 46.2
1556300900.44 46.7
1556300910.46 46.2
1556300920.48 46.2
1556300930.5 46.2
1556300940.51 47.2
1556300950.53 47.2
1556300960.54 46.2
1556300970.56 46.7
1556300980.58 46.2
1556300990.59 47.2
1556301000.61 46.7
1556301010.63 46.2
1556301020.64 46.2
1556301030.66 46.7
1556301040.68 46.2
1556301050.71 46.7
1556301060.71 47.2
1556301070.73 46.7
1556301080.75 46.2
1556301090.76 47.2
1556301100.78 47.2
1556301110.8 46.2
1556301120.81 46.7
1556301130.82 47.2
1556301140.84 46.7
1556301150.86 47.2
1556301160.87 47.2
1556301170.89 47.2
1556301180.91 47.2
1556301190.92 47.2
1556301200.93 47.2
1556301210.94 47.8
1556301220.95 47.8
1556301230.97 47.8
1556301240.98 47.2
1556301251.0 47.2
1556301261.01 47.2
1556301271.03 47.8
1556301281.04 47.2
1556301291.05 47.8
1556301301.07 47.2
1556301311.08 47.2
1556301321.1 46.2
1556301331.12 47.2
1556301341.14 46.2
1556301351.16 47.2
1556301361.18 46.2
1556301371.19 46.7
1556301381.21 46.2
1556301391.22 47.2
1556301401.23 46.2
1556301411.24 47.2
1556301421.26 46.2
1556301431.27 47.2
1556301441.28 46.2
1556301451.3 46.2
1556301461.31 46.2
1556301471.32 46.7
1556301481.34 46.2
1556301491.35 46.2
1556301501.37 46.2
1556301511.39 46.2
1556301521.4 46.2
1556301531.42 46.7
1556301541.43 46.2
1556301551.45 46.2
1556301561.47 46.2
1556301571.48 46.7
1556301581.51 45.6
1556301591.53 46.2
1556301601.54 46.2
1556301611.55 47.8
1556301621.58 46.2
1556301631.59 45.6
1556301641.61 46.2
1556301651.62 46.2
1556301661.65 45.6
1556301671.67 45.6
1556301681.69 45.1
1556301691.71 45.1
1556301701.72 46.2
1556301711.75 45.6
1556301721.76 46.7
1556301731.78 46.2
1556301741.78 46.2
1556301751.81 46.2
1556301761.83 46.2
1556301771.85 46.2
1556301781.87 46.2
1556301791.89 46.2
1556301801.91 46.2
1556301811.93 45.1
1556301821.95 46.2
1556301831.96 46.7
1556301841.99 45.6
1556301852.0 46.2
1556301862.02 46.2
1556301872.03 46.2
1556301882.05 46.2
1556301892.07 46.2
1556301902.08 46.7
1556301912.1 46.7
1556301922.12 46.2
1556301932.13 46.2
1556301942.14 46.2
1556301952.16 46.2
1556301962.18 46.7
1556301972.2 45.6
1556301982.21 46.2
1556301992.23 46.2
1556302002.25 46.2
1556302012.27 45.6
1556302022.29 46.2
1556302032.31 45.6
1556302042.33 45.6
1556302052.35 45.1
1556302062.36 45.6
1556302072.38 46.2
1556302082.4 45.6
1556302092.41 45.6
1556302102.44 45.1
1556302112.46 45.6
1556302122.47 46.2
1556302132.49 45.6
1556302142.52 45.1
1556302152.53 46.2
1556302162.55 45.6
1556302172.56 45.1
1556302182.58 45.1
1556302192.6 45.6
1556302202.62 45.1
1556302212.63 45.1
1556302222.64 46.2
1556302232.65 46.2
1556302242.67 45.6
1556302252.68 45.6
1556302262.7 45.1
1556302272.73 45.1
1556302282.75 45.1
1556302292.76 45.1
1556302302.78 45.6
1556302312.8 45.1
1556302322.82 45.1
1556302332.84 45.6
1556302342.86 45.1
1556302352.88 45.1
1556302362.9 44.5
1556302372.91 45.6
1556302382.93 45.1
1556302392.95 45.1
1556302402.96 45.1
1556302412.98 45.6
1556302422.99 45.6
1556302433.02 45.6
1556302443.03 45.1
1556302453.05 45.6
1556302463.07 45.6
1556302473.08 45.6
1556302483.1 46.2
1556302493.12 45.1
1556302503.14 45.1
1556302513.16 46.2
1556302523.17 46.2
1556302533.18 45.6
1556302543.2 46.2
1556302553.21 46.2
1556302563.23 46.2
1556302573.23 46.7
1556302583.25 45.6
1556302593.27 46.7
1556302603.27 46.7
1556302613.28 46.2
1556302623.3 46.7
1556302633.32 46.2
1556302643.34 45.6
1556302653.36 46.2
1556302663.38 45.6
1556302673.4 45.6
1556302683.42 45.6
1556302693.44 46.2
1556302703.45 46.2
1556302713.47 46.2
1556302723.49 46.2
1556302733.51 46.2
1556302743.52 47.2
1556302753.54 46.7
1556302763.55 46.2
1556302773.57 46.2
1556302783.58 46.2
1556302793.6 47.2
1556302803.61 46.2
1556302813.62 46.7
1556302823.64 45.6
1556302833.65 46.2
1556302843.67 46.7
1556302853.68 46.7
1556302863.7 46.2
1556302873.71 46.2
1556302883.73 46.2
1556302893.74 46.2
1556302903.75 46.2
1556302913.76 46.7
1556302923.78 47.2
1556302933.79 45.6
1556302943.81 46.7
1556302953.82 46.2
1556302963.84 46.2
1556302973.85 46.7
1556302983.87 47.2
1556302993.88 46.7
1556303003.9 47.2
1556303013.91 46.2
1556303023.93 46.2
1556303033.94 46.7
1556303043.96 47.2
1556303053.97 47.2
1556303063.98 47.2
1556303074.0 47.8
1556303084.01 47.2
1556303094.03 47.2
1556303104.04 46.7
1556303114.06 46.2
1556303124.07 46.2
1556303134.09 46.7
1556303144.1 46.2
1556303154.11 45.6
1556303164.13 46.2
1556303174.14 46.2
1556303184.15 46.2
1556303194.17 46.2
1556303204.28 45.1
1556303214.28 46.2
1556303224.3 46.2
1556303234.31 46.2
1556303244.32 46.2
1556303254.34 46.2
1556303264.36 45.6
1556303274.37 45.6
1556303284.39 45.1
1556303294.41 45.1
1556303304.43 45.1
1556303314.45 45.1
1556303324.47 45.1
1556303334.48 45.1
1556303344.5 45.1
1556303354.51 45.6
1556303364.53 45.6
1556303374.54 45.6
1556303384.56 45.1
1556303394.58 45.1
1556303404.59 45.6
1556303414.63 45.6
1556303424.65 46.2
1556303434.67 45.1
1556303444.7 45.1
1556303454.72 45.1
1556303464.74 45.1
1556303474.75 45.1
1556303484.77 46.2
1556303494.79 45.1
1556303504.8 45.1
1556303514.82 45.6
1556303524.84 45.6
1556303534.85 45.6
1556303544.87 45.1
1556303554.87 45.6
1556303564.89 45.1
1556303574.9 45.6
1556303584.91 45.1
1556303594.93 45.6
1556303604.94 45.1
1556303614.96 45.1
1556303624.98 45.1
1556303635.0 45.1
1556303645.01 45.1
1556303655.02 45.6
1556303665.04 44.5
1556303675.06 45.1
1556303685.07 45.6
1556303695.1 45.1
1556303705.12 45.1
1556303715.14 45.1
1556303725.16 45.6
1556303735.17 44.5
1556303745.19 45.1
1556303755.21 45.6
1556303765.22 45.1
1556303775.25 45.1
1556303785.26 45.6
1556303795.28 45.1
1556303805.3 45.6
1556303815.31 45.1
1556303825.32 45.6
1556303835.34 46.2
1556303845.35 45.1
1556303855.37 45.1
1556303865.38 45.1
1556303875.39 45.6
1556303885.41 45.6
1556303895.42 45.1
1556303905.43 45.6
1556303915.45 45.6
1556303925.47 45.1
1556303935.48 46.2
1556303945.5 45.6
1556303955.52 45.1
1556303965.54 45.1
1556303975.56 45.1
1556303985.58 45.1
1556303995.6 45.6
1556304005.61 45.6
1556304015.63 45.1
1556304025.65 44.5
1556304035.66 45.1
1556304045.67 44.5
1556304055.69 44.0
1556304065.71 44.0
1556304075.73 44.0
1556304085.74 44.0
1556304095.76 43.5
1556304105.78 43.5
1556304115.81 43.5
1556304125.82 44.5
1556304135.84 44.0
1556304145.86 44.0
1556304155.88 44.0
1556304165.89 44.5
1556304175.9 44.5
1556304185.91 44.0
1556304195.93 44.0
1556304205.94 44.0
1556304215.96 44.5
1556304225.97 43.5
1556304235.99 44.0
1556304246.01 44.0
1556304256.02 43.5
1556304266.04 44.0
1556304276.05 44.0
1556304286.07 44.5
1556304296.08 44.0
1556304306.1 44.5
1556304316.11 44.0
1556304326.12 44.5
1556304336.14 44.0
1556304346.15 44.5
1556304356.17 43.5
1556304366.19 43.5
1556304376.21 44.5
1556304386.22 45.1
1556304396.24 44.0
1556304406.25 44.5
1556304416.27 45.1
1556304426.28 44.0
1556304436.3 44.0
1556304446.32 43.5
1556304456.33 44.5
1556304466.35 43.5
1556304476.36 44.0
1556304486.38 44.0
1556304496.39 44.0
1556304506.41 44.0
1556304516.42 44.5
1556304526.44 44.0
1556304536.47 44.5
1556304546.49 44.5
1556304556.5 44.5
1556304566.52 43.5
1556304576.54 44.0
1556304586.56 44.5
1556304596.59 44.5
1556304606.61 44.5
1556304616.62 44.0
1556304626.64 44.5
1556304636.66 44.0
1556304646.68 44.0
1556304656.68 44.0
1556304666.7 44.0
1556304676.72 44.0
1556304686.74 44.0
1556304696.74 44.0
1556304706.76 44.5
1556304716.77 45.1
1556304726.78 44.5
1556304736.79 45.1
1556304746.81 45.1
1556304756.83 44.0
1556304766.85 44.0
1556304776.86 45.1
1556304786.88 44.0
1556304796.89 44.5
1556304806.9 44.0
1556304816.91 44.0
1556304826.94 44.5
1556304836.95 45.1
1556304846.96 44.0
1556304856.97 44.5
1556304866.99 44.0
1556304877.0 44.5
1556304887.02 44.5
1556304897.04 44.0
1556304907.06 43.5
1556304917.07 43.5
1556304927.09 44.0
1556304937.1 44.0
1556304947.14 44.0
1556304957.15 44.0
1556304967.16 44.0
1556304977.18 44.0
1556304987.19 43.5
1556304997.2 44.0
1556305007.22 43.5
1556305017.24 43.5
1556305027.25 43.5
1556305037.27 44.0
1556305047.28 44.0
1556305057.29 44.0
1556305067.31 44.0
1556305077.32 44.0
1556305087.34 43.5
1556305097.36 43.5
1556305107.37 44.0
1556305117.39 43.5
1556305127.41 44.0
1556305137.43 43.5
1556305147.45 43.5
1556305157.47 42.9
1556305167.49 42.9
1556305177.5 43.5
1556305187.51 42.9
1556305197.53 43.5
1556305207.54 44.0
1556305217.56 42.9
1556305227.57 44.0
1556305237.59 43.5
1556305247.61 43.5
1556305257.62 43.5
1556305267.63 43.5
1556305277.65 43.5
1556305287.67 42.9
1556305297.69 42.4
1556305307.7 42.9
1556305317.72 41.9
1556305327.73 42.9
1556305337.75 42.9
1556305347.77 42.9
1556305357.79 42.9
1556305367.81 43.5
1556305377.83 43.5
1556305387.85 43.5
1556305397.87 42.9
1556305407.88 43.5
1556305417.89 43.5
1556305427.9 43.5
1556305437.92 43.5
1556305447.94 42.9
1556305457.95 43.5
1556305467.97 42.9
1556305477.98 43.5
1556305487.99 43.5
1556305498.01 42.9
1556305508.03 43.5
1556305518.04 43.5
1556305528.06 42.9
1556305538.07 43.5
1556305548.08 42.9
1556305558.1 42.9
1556305568.12 42.9
1556305578.13 44.0
1556305588.15 43.5
1556305598.17 44.0
1556305608.18 42.9
1556305618.19 44.0
1556305628.2 43.5
1556305638.22 43.5
1556305648.24 43.5
1556305658.26 43.5
1556305668.27 44.0
1556305678.29 42.9
1556305688.31 42.9
1556305698.33 42.9
1556305708.35 43.5
1556305718.37 42.9
1556305728.38 44.0
1556305738.4 43.5
1556305748.42 42.9
1556305758.44 43.5
1556305768.45 42.9
1556305778.46 44.0
1556305788.48 43.5
1556305798.5 43.5
1556305808.52 43.5
1556305818.54 43.5
1556305828.56 44.0
1556305838.57 44.0
1556305848.59 44.0
1556305858.6 44.0
1556305868.62 44.5
1556305878.64 44.0
1556305888.65 45.1
1556305898.67 44.0
1556305908.69 44.5
1556305918.7 44.5
1556305928.72 45.1
1556305938.73 44.0
1556305948.74 44.5
1556305958.76 45.1
1556305968.78 45.1
1556305978.79 44.0
1556305988.81 44.0
1556305998.83 44.5
1556306008.85 44.0
1556306018.86 44.5
1556306028.88 44.0
1556306038.88 44.5
1556306048.9 44.0
1556306058.91 44.0
1556306068.93 44.0
1556306078.95 44.5
1556306088.96 44.5
1556306098.98 44.0
1556306109.0 44.5
1556306119.02 44.0
1556306129.04 44.5
1556306139.04 44.5
1556306149.06 44.5
1556306159.08 45.1
1556306169.09 45.6
1556306179.11 45.1
1556306189.12 45.1
1556306199.14 45.1
1556306209.16 45.1
1556306219.17 45.1
1556306229.19 45.1
1556306239.21 45.1
1556306249.22 45.1
1556306259.24 44.0
1556306269.25 45.1
1556306279.27 44.5
1556306289.28 45.1
1556306299.3 45.1
1556306309.32 45.1
1556306319.33 45.1
1556306329.34 45.1
1556306339.36 45.1
1556306349.36 45.1
1556306359.38 45.6
1556306369.4 45.1
1556306379.42 44.5
1556306389.43 45.1
1556306399.45 45.1
1556306409.47 45.1
1556306419.49 45.1
1556306429.51 45.1
1556306439.52 45.6
1556306449.53 45.6
1556306459.55 45.1
1556306469.57 46.2
1556306479.59 45.6
1556306489.6 46.2
1556306499.62 45.6
1556306509.64 46.2
1556306519.66 45.1
1556306529.66 45.6
1556306539.68 45.1
1556306549.7 45.1
1556306559.72 45.6
1556306569.73 45.6
1556306579.75 45.1
1556306589.76 45.1
1556306599.78 45.6
1556306609.8 44.5
1556306619.81 45.1
1556306629.83 45.1
1556306639.84 45.6
1556306649.86 45.6
1556306659.88 45.1
1556306669.89 45.6
1556306679.91 45.1
1556306689.93 45.1
1556306699.94 44.5
1556306709.96 44.0
1556306719.98 44.0
1556306730.0 44.0
1556306740.02 44.0
1556306750.04 44.0
1556306760.05 44.0
1556306770.07 44.5
1556306780.09 45.1
1556306790.11 45.1
1556306800.13 44.5
1556306810.14 44.5
1556306820.15 44.0
1556306830.18 45.1
1556306840.19 45.1
1556306850.21 45.1
1556306860.23 45.1
1556306870.25 45.1
1556306880.26 45.1
1556306890.27 44.5
1556306900.28 45.1
1556306910.3 45.1
1556306920.32 45.1
1556306930.32 44.5
1556306940.34 45.1
1556306950.35 45.1
1556306960.36 45.1
1556306970.38 45.1
1556306980.4 45.1
1556306990.41 45.1
1556307000.43 45.1
1556307010.44 45.1
1556307020.46 45.1
1556307030.47 45.1
1556307040.49 45.1
1556307050.5 45.1
1556307060.51 45.1
1556307070.52 45.6
1556307080.53 45.1
1556307090.56 45.1
1556307100.57 45.1
1556307110.59 45.1
1556307120.6 45.1
1556307130.61 45.1
1556307140.63 45.1
1556307150.64 45.1
1556307160.66 44.5
1556307170.67 45.1
1556307180.7 45.1
1556307190.71 45.1
1556307200.73 45.6
1556307210.74 45.1
1556307220.76 45.1
1556307230.77 45.1
1556307240.79 44.0
1556307250.8 45.1
1556307260.81 45.1
1556307270.83 45.1
1556307280.84 45.1
1556307290.86 45.1
1556307300.87 45.1
1556307310.88 45.1
1556307320.9 45.1
1556307330.91 45.1
1556307340.93 45.1
1556307350.97 44.5
1556307360.98 45.1
1556307371.0 45.1
1556307381.02 45.1
1556307391.03 45.6
1556307401.05 45.6
1556307411.07 45.1
1556307421.08 45.1
1556307431.1 45.1
1556307441.11 44.5
1556307451.12 45.1
1556307461.13 45.1
1556307471.15 45.1
1556307481.17 45.1
1556307491.18 45.1
1556307501.19 45.1
1556307511.21 45.6
1556307521.22 45.1
1556307531.23 45.6
1556307541.26 45.1
1556307551.27 45.1
1556307561.29 45.6
1556307571.3 45.1
1556307581.32 45.1
1556307591.34 45.1
1556307601.35 45.1
1556307611.37 45.1
1556307621.39 46.2
1556307631.4 45.1
1556307641.42 45.6
1556307651.43 46.2
1556307661.44 45.6
1556307671.46 45.6
1556307681.48 45.6
1556307691.5 45.6
1556307701.51 46.2
1556307711.52 46.2
1556307721.54 45.6
1556307731.56 45.1
1556307741.57 46.2
1556307751.58 45.6
1556307761.6 46.2
1556307771.61 46.2
1556307781.63 45.6
1556307791.64 46.2
1556307801.66 46.2
1556307811.67 45.6
1556307821.68 45.1
1556307831.69 45.1
1556307841.72 46.2
1556307851.73 45.6
1556307861.74 46.2
1556307871.76 46.2
1556307881.77 45.6
1556307891.78 46.2
1556307901.8 46.2
1556307911.81 46.2
1556307921.83 45.6
1556307931.84 46.2
1556307941.86 46.2
1556307951.87 46.2
1556307961.89 45.6
1556307971.9 46.2
1556307981.91 46.2
1556307991.93 46.2
1556308001.94 46.2
1556308011.96 45.6
1556308021.98 46.2
1556308031.99 46.2
1556308042.0 46.2
1556308052.02 46.2
1556308062.04 46.2
1556308072.05 45.6
1556308082.07 45.1
1556308092.09 46.2
1556308102.11 45.6
1556308112.12 45.6
1556308122.13 46.2
1556308132.15 45.1
1556308142.17 44.0
1556308152.19 44.5
1556308162.2 45.1
1556308172.22 45.1
1556308182.23 45.1
1556308192.25 45.1
1556308202.26 45.1
1556308212.28 45.1
1556308222.3 45.1
1556308232.31 45.6
1556308242.33 45.6
1556308252.34 45.6
1556308262.36 45.1
1556308272.38 46.2
1556308282.4 45.1
1556308292.42 45.1
1556308302.44 45.1
1556308312.45 45.1
1556308322.47 45.1
1556308332.49 46.2
1556308342.51 46.2
1556308352.52 45.6
1556308362.53 46.2
1556308372.55 45.6
1556308382.57 45.6
1556308392.58 45.1
1556308402.6 45.1
1556308412.62 45.6
1556308422.64 45.1
1556308432.66 45.1
1556308442.67 45.6
1556308452.69 45.1
1556308462.7 45.1
1556308472.73 45.6
1556308482.75 45.1
1556308492.77 45.1
1556308502.78 45.1
1556308512.8 44.0
1556308522.83 45.1
1556308532.85 45.6
1556308542.86 44.5
1556308552.88 45.1
1556308562.9 45.1
1556308572.92 45.1
1556308582.94 45.1
1556308592.96 45.1
1556308602.98 45.6
1556308613.0 45.1
1556308623.01 45.6
1556308633.03 45.6
1556308643.05 45.1
1556308653.06 45.1
1556308663.07 45.1
1556308673.1 45.1
1556308683.12 45.1
1556308693.13 45.1
1556308703.15 45.1
1556308713.17 45.1
1556308723.19 45.1
1556308733.21 45.1
1556308743.22 45.6
1556308753.24 45.1
1556308763.26 45.1
1556308773.28 45.1
1556308783.29 45.6
1556308793.31 45.6
1556308803.33 45.6
1556308813.35 45.1
1556308823.37 45.1
1556308833.38 45.1
1556308843.4 45.1
1556308853.42 45.1
1556308863.43 45.1
1556308873.45 45.6
1556308883.46 45.1
1556308893.48 45.1
1556308903.5 45.1
1556308913.51 45.1
1556308923.53 45.1
1556308933.56 45.1
1556308943.57 45.1
1556308953.59 45.1
1556308963.62 44.5
1556308973.64 45.1
1556308983.66 45.1
1556308993.68 44.5
1556309003.7 44.5
1556309013.71 45.1
1556309023.73 44.5
1556309033.75 44.5
1556309043.77 44.5
1556309053.79 44.0
1556309063.81 45.1
1556309073.83 44.5
1556309083.84 45.1
1556309093.86 44.0
1556309103.88 44.5
1556309113.9 45.1
1556309123.91 45.1
1556309133.94 45.1
1556309143.94 45.6
1556309153.96 45.1
1556309163.98 45.1
1556309174.0 45.1
1556309184.02 44.5
1556309194.03 45.1
1556309204.05 44.5
1556309214.06 44.5
1556309224.11 45.1
1556309234.13 45.1
1556309244.15 45.1
1556309254.16 45.1
1556309264.18 45.1
1556309274.2 44.5
1556309284.21 45.1
1556309294.23 45.1
1556309304.25 44.5
1556309314.27 44.0
1556309324.29 44.0
1556309334.31 45.1
1556309344.32 44.5
1556309354.34 44.0
1556309364.35 44.0
1556309374.37 45.1
1556309384.39 44.5
1556309394.4 44.5
1556309404.42 44.5
1556309414.44 45.1
1556309424.46 44.5
1556309434.48 44.5
1556309444.5 44.0
1556309454.52 44.0
1556309464.53 44.0
1556309474.55 44.5
1556309484.57 44.5
1556309494.59 43.5
1556309504.6 44.5
1556309514.62 43.5
1556309524.64 43.5
1556309534.66 43.5
1556309544.68 44.0
1556309554.7 43.5
1556309564.72 44.0
1556309574.72 44.5
1556309584.75 44.0
1556309594.76 44.0
1556309604.78 43.5
1556309614.8 44.0
1556309624.82 43.5
1556309634.83 44.0
1556309644.85 44.0
1556309654.87 43.5
1556309664.89 44.0
1556309674.91 43.5
1556309684.93 42.9
1556309694.94 44.0
1556309704.96 42.9
1556309714.98 43.5
1556309725.0 44.0
1556309735.02 43.5
1556309745.04 44.0
1556309755.16 44.0
1556309765.18 42.4
1556309775.2 42.9
1556309785.22 42.9
1556309795.24 42.9
1556309805.26 42.9
1556309815.28 42.9
1556309825.3 43.5
1556309835.31 44.0
1556309845.32 43.5
1556309855.35 42.9
1556309865.36 42.9
1556309875.38 43.5
1556309885.4 44.0
1556309895.41 43.5
1556309905.43 44.0
1556309915.44 44.0
1556309925.46 43.5
1556309935.48 42.9
1556309945.49 42.9
1556309955.51 43.5
1556309965.53 43.5
1556309975.54 43.5
1556309985.55 43.5
1556309995.56 42.9
1556310005.58 42.9
1556310015.6 42.9
1556310025.62 42.4
1556310035.63 42.9
1556310045.65 42.9
1556310055.67 44.0
1556310065.69 42.4
1556310075.7 42.9
1556310085.71 42.9
1556310095.73 43.5
1556310105.75 42.4
1556310115.76 43.5
1556310125.78 42.9
1556310135.79 42.9
1556310145.8 42.9
1556310155.83 42.4
1556310165.84 41.9
1556310175.86 42.9
1556310185.87 42.9
1556310195.88 43.5
1556310205.9 42.4
1556310215.91 42.9
1556310225.93 42.9
1556310235.94 43.5
1556310245.96 42.9
1556310255.97 41.9
1556310265.99 42.9
1556310276.01 42.9
1556310286.02 43.5
1556310296.04 43.5
1556310306.06 43.5
1556310316.07 42.9
1556310326.08 43.5
1556310336.1 41.9
1556310346.11 42.9
1556310356.12 42.9
1556310366.14 42.9
1556310376.16 42.9
1556310386.18 42.9
1556310396.2 42.9
1556310406.22 43.5
1556310416.24 44.0
1556310426.25 42.9
1556310436.26 43.5
1556310446.28 43.5
1556310456.29 44.0
1556310466.3 43.5
1556310476.31 44.0
1556310486.33 44.0
1556310496.35 44.0
1556310506.37 44.0
1556310516.38 43.5
1556310526.39 44.0
1556310536.41 44.0
1556310546.42 44.0
1556310556.44 44.0
1556310566.45 44.5
1556310576.47 43.5
1556310586.48 44.0
1556310596.5 44.0
1556310606.52 44.0
1556310616.53 44.0
1556310626.55 44.5
1556310636.56 44.0
1556310646.57 44.0
1556310656.59 44.0
1556310666.6 44.5
1556310676.62 43.5
1556310686.63 44.5
1556310696.64 44.5
1556310706.67 44.0
1556310716.68 44.0
1556310726.7 44.0
1556310736.71 44.5
1556310746.73 43.5
1556310756.74 44.5
1556310766.75 44.0
1556310776.77 44.0
1556310786.79 44.5
1556310796.8 44.0
1556310806.82 44.0
1556310816.84 44.0
1556310826.86 44.5
1556310836.87 44.0
1556310846.89 44.0
1556310856.91 44.5
1556310866.93 43.5
1556310876.94 44.0
1556310886.96 44.0
1556310896.98 44.0
1556310907.0 44.5
1556310917.02 42.9
1556310927.02 44.0
1556310937.04 44.0
1556310947.06 44.0
1556310957.08 44.0
1556310967.08 44.0
1556310977.11 44.0
1556310987.13 42.9
1556310997.15 42.9
1556311007.17 44.0
1556311017.18 44.0
1556311027.2 44.0
1556311037.22 43.5
1556311047.24 42.9
1556311057.26 43.5
1556311067.28 42.9
1556311077.29 43.5
1556311087.3 43.5
1556311097.32 43.5
1556311107.34 43.5
1556311117.35 42.9
1556311127.37 43.5
1556311137.38 43.5
1556311147.4 42.9
1556311157.41 42.9
1556311167.43 44.0
1556311177.44 42.9
1556311187.45 43.5
1556311197.47 43.5
1556311207.49 44.0
1556311217.51 43.5
1556311227.53 43.5
1556311237.55 42.9
1556311247.65 44.0
1556311257.66 43.5
1556311267.68 43.5
1556311277.7 42.9
1556311287.71 43.5
1556311297.73 42.9
1556311307.77 43.5
1556311317.78 42.9
1556311327.8 44.0
1556311337.82 42.4
1556311347.84 42.9
1556311357.87 43.5
1556311367.89 42.4
1556311377.9 42.9
1556311387.92 42.4
1556311397.94 42.9
1556311407.96 42.4
1556311417.98 42.9
1556311428.0 42.9
1556311438.02 42.9
1556311448.04 43.5
1556311458.05 43.5
1556311468.06 42.9
1556311478.09 42.4
1556311488.11 42.4
1556311498.13 42.4
1556311508.15 43.5
1556311518.17 42.9
1556311528.19 42.9
1556311538.21 41.9
1556311548.23 41.9
1556311558.25 42.4
1556311568.27 43.5
1556311578.29 41.9
1556311588.3 43.5
1556311598.32 43.5
1556311608.34 42.9
1556311618.36 42.9
1556311628.38 42.4
1556311638.39 42.9
1556311648.41 42.9
1556311658.43 42.9
1556311668.44 42.9
1556311678.45 42.9
1556311688.46 42.9
1556311698.49 42.9
1556311708.5 43.5
1556311718.52 42.9
1556311728.54 42.9
1556311738.55 43.5
1556311748.57 43.5
1556311758.59 42.4
1556311768.6 42.9
1556311778.62 42.9
1556311788.63 42.9
1556311798.65 42.9
1556311808.67 42.9
1556311818.69 42.9
1556311828.71 42.9
1556311838.72 42.9
1556311848.74 42.9
1556311858.76 41.9
1556311868.78 42.9
1556311878.79 41.9
1556311888.81 41.9
1556311898.82 41.9
1556311908.84 41.9
1556311918.87 41.3
1556311928.88 41.9
1556311938.9 41.9
1556311948.92 42.4
1556311958.94 41.9
1556311968.96 41.9
1556311978.96 41.9
1556311988.99 42.9
1556311999.01 42.4
1556312009.03 41.9
1556312019.04 42.9
1556312029.06 42.9
1556312039.08 41.9
1556312049.09 42.9
1556312059.11 41.3
1556312069.13 42.4
1556312079.15 42.9
1556312089.16 42.9
1556312099.19 41.9
1556312109.2 42.9
1556312119.22 42.9
1556312129.24 42.9
1556312139.26 43.5
1556312149.28 42.9
1556312159.3 42.9
1556312169.32 42.9
1556312179.34 42.9
1556312189.37 42.4
1556312199.39 42.9
1556312209.41 42.9
1556312219.43 42.9
1556312229.44 43.5
1556312239.46 42.9
1556312249.48 42.9
1556312259.5 42.9
1556312269.52 42.9
1556312279.54 43.5
1556312289.55 42.9
1556312299.57 43.5
1556312309.58 42.9
1556312319.6 44.0
1556312329.62 43.5
1556312339.64 43.5
1556312349.66 43.5
1556312359.68 43.5
1556312369.69 42.9
1556312379.71 42.9
1556312389.73 44.0
1556312399.74 44.0
1556312409.76 43.5
1556312419.77 44.0
1556312429.79 44.0
1556312439.81 43.5
1556312449.83 43.5
1556312459.85 43.5
1556312469.86 43.5
1556312479.88 44.0
1556312489.89 44.0
1556312499.91 43.5
1556312509.93 42.9
1556312519.95 43.5
1556312529.97 42.9
1556312539.99 43.5
1556312550.01 42.9
1556312560.02 42.9
1556312570.03 42.9
1556312580.05 42.9
1556312590.07 42.9
1556312600.09 43.5
1556312610.11 43.5
1556312620.13 44.0
1556312630.15 43.5
1556312640.15 43.5
1556312650.17 42.9
1556312660.18 42.9
1556312670.21 42.9
1556312680.22 42.9
1556312690.24 43.5
1556312700.25 42.9
1556312710.27 42.9
1556312720.28 43.5
1556312730.3 42.9
1556312740.32 42.9
1556312750.34 43.5
1556312760.35 42.9
1556312770.36 43.5
1556312780.38 43.5
1556312790.4 42.9
1556312800.42 42.9
1556312810.43 42.9
1556312820.45 42.4
1556312830.48 42.9
1556312840.5 42.4
1556312850.52 41.9
1556312860.54 42.9
1556312870.55 42.9
1556312880.56 43.5
1556312890.57 43.5
1556312900.59 42.9
1556312910.61 43.5
1556312920.63 43.5
1556312930.64 43.5
1556312940.67 42.9
1556312950.68 42.9
1556312960.69 44.0
1556312970.71 44.0
1556312980.73 44.0
1556312990.75 44.0
1556313000.77 42.4
1556313010.78 44.0
1556313020.8 42.9
1556313030.83 43.5
1556313040.84 44.0
1556313050.86 44.0
1556313060.88 44.0
1556313070.9 43.5
1556313080.91 43.5
1556313090.93 44.0
1556313100.94 43.5
1556313110.95 44.0
1556313120.98 44.0
1556313131.0 44.0
1556313141.02 43.5
1556313151.03 44.0
1556313161.05 43.5
1556313171.07 43.5
1556313181.09 44.0
1556313191.11 43.5
1556313201.13 43.5
1556313211.14 44.0
1556313221.16 44.0
1556313231.18 42.9
1556313241.18 44.5
1556313251.2 44.0
1556313261.21 44.0
1556313271.23 43.5
1556313281.24 44.0
1556313291.26 44.0
1556313301.28 44.0
1556313311.29 44.0
1556313321.31 43.5
1556313331.33 43.5
1556313341.35 44.0
1556313351.36 43.5
1556313361.37 43.5
1556313371.39 43.5
1556313381.41 43.5
1556313391.42 43.5
1556313401.43 44.0
1556313411.45 43.5
1556313421.47 43.5
1556313431.49 43.5
1556313441.51 43.5
1556313451.53 44.0
1556313461.55 43.5
1556313471.57 44.0
1556313481.59 43.5
1556313491.61 42.9
1556313501.63 42.4
1556313511.65 42.9
1556313521.66 42.9
1556313531.68 42.9
1556313541.7 42.4
1556313551.72 42.4
1556313561.73 42.9
1556313571.76 42.4
1556313581.78 42.9
1556313591.79 42.9
1556313601.8 42.9
1556313611.83 43.5
1556313621.84 43.5
1556313631.86 42.9
1556313641.88 43.5
1556313651.89 43.5
1556313661.91 43.5
1556313671.93 43.5
1556313681.94 42.9
1556313691.96 42.9
1556313701.97 43.5
1556313711.99 43.5
1556313722.01 42.9
1556313732.03 42.9
1556313742.05 42.4
1556313752.07 43.5
1556313762.09 42.9
1556313772.1 43.5
1556313782.13 42.9
1556313792.14 42.9
1556313802.16 43.5
1556313812.18 42.9
1556313822.19 44.0
1556313832.21 43.5
1556313842.22 43.5
1556313852.25 42.9
1556313862.26 43.5
1556313872.3 44.0
1556313882.32 42.9
1556313892.34 43.5
1556313902.36 44.0
1556313912.38 44.0
1556313922.39 43.5
1556313932.41 42.9
1556313942.43 44.0
1556313952.45 43.5
1556313962.46 44.0
1556313972.48 43.5
1556313982.5 42.9
1556313992.53 43.5
1556314002.54 43.5
1556314012.56 43.5
1556314022.57 43.5
1556314032.59 43.5
1556314042.61 43.5
1556314052.63 42.9
1556314062.65 43.5
1556314072.67 44.0
1556314082.69 42.9
1556314092.71 42.9
1556314102.73 43.5
1556314112.75 43.5
1556314122.77 42.9
1556314132.78 42.9
1556314142.8 43.5
1556314152.82 42.9
1556314162.83 43.5
1556314172.85 42.9
1556314182.87 43.5
1556314192.89 42.9
1556314202.91 42.9
1556314212.93 42.9
1556314222.95 42.9
1556314232.97 42.9
1556314242.98 43.5
1556314253.0 44.0
1556314263.02 42.9
1556314273.04 43.5
1556314283.05 42.9
1556314293.07 43.5
1556314303.09 43.5
1556314313.11 43.5
1556314323.13 42.9
1556314333.14 43.5
1556314343.16 43.5
1556314353.18 42.9
1556314363.2 42.9
1556314373.22 42.9
1556314383.24 42.9
1556314393.26 42.4
1556314403.28 42.9
1556314413.29 42.9
1556314423.31 42.9
1556314433.34 42.4
1556314443.36 41.9
1556314453.37 42.9
1556314463.39 42.9
1556314473.4 42.9
1556314483.42 42.9
1556314493.43 42.9
1556314503.45 42.9
1556314513.47 42.9
1556314523.48 42.9
1556314533.5 42.9
1556314543.51 42.9
1556314553.53 41.9
1556314563.55 42.9
1556314573.57 42.9
1556314583.59 42.9
1556314593.61 43.5
1556314603.62 43.5
1556314613.64 43.5
1556314623.66 43.5
1556314633.68 43.5
1556314643.7 43.5
1556314653.72 42.9
1556314663.74 42.9
1556314673.75 42.9
1556314683.77 43.5
1556314693.78 43.5
1556314703.8 43.5
1556314713.82 42.9
1556314723.84 42.9
1556314733.86 43.5
1556314743.87 44.0
1556314753.89 44.0
1556314763.91 44.0
1556314773.93 42.9
1556314783.95 42.9
1556314793.96 43.5
1556314803.98 42.9
1556314814.0 43.5
1556314824.02 44.0
1556314834.04 43.5
1556314844.05 44.0
1556314854.07 44.0
1556314864.08 43.5
1556314874.1 43.5
1556314884.12 43.5
1556314894.13 43.5
1556314904.15 43.5
1556314914.17 43.5
1556314924.19 44.0
1556314934.21 44.0
1556314944.22 44.0
1556314954.23 44.0
1556314964.25 42.9
1556314974.26 44.0
1556314984.28 42.9
1556314994.29 42.9
1556315004.31 42.9
1556315014.32 43.5
1556315024.34 42.9
1556315034.35 43.5
1556315044.37 43.5
1556315054.39 42.4
1556315064.41 42.9
1556315074.41 43.5
1556315084.44 42.9
1556315094.46 43.5
1556315104.47 43.5
1556315114.49 42.9
1556315124.51 43.5
1556315134.53 42.9
1556315144.55 42.4
1556315154.57 42.9
1556315164.58 42.9
1556315174.6 43.5
1556315184.62 42.4
1556315194.64 42.4
1556315204.66 41.9
1556315214.67 42.9
1556315224.68 42.9
1556315234.7 42.9
1556315244.72 42.9
1556315254.74 42.9
1556315264.75 44.0
1556315274.77 42.9
1556315284.79 42.9
1556315294.8 43.5
1556315304.82 42.9
1556315314.84 42.9
1556315324.85 43.5
1556315334.86 43.5
1556315344.88 42.9
1556315354.9 42.9
1556315364.91 42.9
1556315374.93 43.5
1556315384.93 43.5
1556315394.95 42.9
1556315404.97 43.5
1556315414.98 42.9
1556315425.0 43.5
1556315435.02 43.5
1556315445.03 44.0
1556315455.05 44.0
1556315465.07 42.9
1556315475.08 42.9
1556315485.09 43.5
1556315495.11 44.0
1556315505.13 43.5
1556315515.15 43.5
1556315525.17 44.0
1556315535.18 44.0
1556315545.2 43.5
1556315555.21 44.0
1556315565.23 44.0
1556315575.24 43.5
1556315585.26 44.0
1556315595.29 43.5
1556315605.3 44.0
1556315615.32 44.5
1556315625.33 44.0
1556315635.35 44.0
1556315645.37 44.0
1556315655.39 43.5
1556315665.41 43.5
1556315675.42 44.0
1556315685.44 44.0
1556315695.46 44.0
1556315705.47 44.0
1556315715.49 44.0
1556315725.51 44.0
1556315735.53 44.5
1556315745.55 44.5
1556315755.56 44.0
1556315765.58 44.0
1556315775.59 44.5
1556315785.61 45.1
1556315795.63 44.0
1556315805.64 44.5
1556315815.66 44.5
1556315825.68 44.5
1556315835.69 44.0
1556315845.71 45.1
1556315855.72 44.5
1556315865.74 44.5
1556315875.75 44.5
1556315885.77 45.1
1556315895.79 44.0
1556315905.81 44.0
1556315915.82 44.0
1556315925.83 44.5
1556315935.85 44.0
1556315945.86 44.0
1556315955.87 44.0
1556315965.89 43.5
1556315975.9 44.0
1556315985.92 45.1
1556315995.94 45.1
1556316005.96 45.1
1556316015.98 44.0
1556316026.0 44.0
1556316036.0 44.5
1556316046.02 45.1
1556316056.03 44.0
1556316066.06 43.5
1556316076.06 43.5
1556316086.09 44.0
1556316096.1 44.0
1556316106.12 43.5
1556316116.13 44.0
1556316126.15 43.5
1556316136.17 44.0
1556316146.19 44.0
1556316156.2 43.5
1556316166.22 43.5
1556316176.24 44.5
1556316186.26 43.5
1556316196.27 43.5
1556316206.29 44.5
1556316216.31 44.0
1556316226.33 44.5
1556316236.35 44.0
1556316246.37 44.0
1556316256.38 44.5
1556316266.4 44.0
1556316276.41 43.5
1556316286.43 42.9
1556316296.46 42.9
1556316306.48 43.5
1556316316.5 42.9
1556316326.51 43.5
1556316336.53 43.5
1556316346.55 44.0
1556316356.55 43.5
1556316366.57 43.5
1556316376.59 44.0
1556316386.6 43.5
1556316396.63 43.5
1556316406.65 43.5
1556316416.67 43.5
1556316426.69 44.0
1556316436.71 42.9
1556316446.73 43.5
1556316456.75 43.5
1556316466.77 42.9
1556316476.79 43.5
1556316486.81 43.5
1556316496.83 42.9
1556316506.85 43.5
1556316516.87 43.5
1556316526.89 44.0
1556316536.9 43.5
1556316546.91 43.5
1556316556.93 44.0
1556316566.95 43.5
1556316576.97 43.5
1556316586.99 44.0
1556316596.99 44.0
1556316607.0 43.5
1556316617.02 44.0
1556316627.04 43.5
1556316637.06 43.5
1556316647.07 42.9
1556316657.09 43.5
1556316667.1 44.5
1556316677.13 43.5
1556316687.15 42.9
1556316697.16 43.5
1556316707.18 43.5
1556316717.21 42.9
1556316727.22 43.5
1556316737.24 42.4
1556316747.26 44.0
1556316757.27 42.9
1556316767.29 42.9
1556316777.31 42.9
1556316787.32 42.4
1556316797.34 42.9
1556316807.36 42.9
1556316817.38 43.5
1556316827.39 42.9
1556316837.41 42.9
1556316847.43 41.9
1556316857.45 43.5
1556316867.47 42.9
1556316877.48 42.9
1556316887.5 42.9
1556316897.52 42.9
1556316907.53 43.5
1556316917.55 42.4
1556316927.57 42.9
1556316937.58 42.9
1556316947.6 42.9
1556316957.62 44.0
1556316967.64 42.9
1556316977.64 43.5
1556316987.66 42.9
1556316997.67 43.5
1556317007.68 42.9
1556317017.71 42.9
1556317027.73 43.5
1556317037.75 42.9
1556317047.77 42.4
1556317057.78 42.9
1556317067.8 42.9
1556317077.82 43.5
1556317087.84 42.9
1556317097.85 42.9
1556317107.86 41.9
1556317117.89 42.4
1556317127.91 42.9
1556317137.92 43.5
1556317147.94 42.9
1556317157.96 43.5
1556317167.97 42.9
1556317177.99 43.5
1556317188.0 44.0
1556317198.02 42.9
1556317208.04 42.9
1556317218.06 42.9
1556317228.08 42.4
1556317238.09 42.9
1556317248.11 43.5
1556317258.12 42.9
1556317268.14 43.5
1556317278.15 42.9
1556317288.17 42.4
1556317298.19 42.4
1556317308.21 43.5
1556317318.23 42.9
1556317328.26 42.9
1556317338.27 43.5
1556317348.29 42.9
1556317358.3 43.5
1556317368.31 43.5
1556317378.32 43.5
1556317388.34 42.9
1556317398.43 43.5
1556317408.45 42.9
1556317418.46 43.5
1556317428.47 42.9
1556317438.49 43.5
1556317448.51 43.5
1556317458.52 42.9
1556317468.54 42.9
1556317478.56 42.9
1556317488.57 42.9
1556317498.59 42.9
1556317508.61 43.5
1556317518.63 42.9
1556317528.64 43.5
1556317538.66 42.9
1556317548.67 42.4
1556317558.69 42.9
1556317568.71 42.9
1556317578.73 42.9
1556317588.75 42.4
1556317598.77 44.0
1556317608.78 42.9
1556317618.79 42.9
1556317628.81 42.9
1556317638.82 42.9
1556317648.84 44.0
1556317658.86 42.9
1556317668.87 42.9
1556317678.89 42.9
1556317688.91 41.9
1556317698.93 42.9
1556317708.95 42.4
1556317718.97 41.9
1556317728.99 42.9
1556317739.01 41.9
1556317749.02 42.9
1556317759.04 42.9
1556317769.06 42.9
1556317779.08 42.9
1556317789.1 42.4
1556317799.1 42.9
1556317809.12 42.9
1556317819.14 42.9
1556317829.16 41.9
1556317839.18 42.4
1556317849.2 42.4
1556317859.21 42.9
1556317869.23 42.9
1556317879.25 42.4
1556317889.26 42.9
1556317899.27 42.9
1556317909.29 42.9
1556317919.3 43.5
1556317929.32 41.9
1556317939.34 42.9
1556317949.35 42.9
1556317959.37 41.9
1556317969.38 42.9
1556317979.4 42.4
1556317989.42 41.9
1556317999.43 41.9
1556318009.45 41.9
1556318019.47 41.9
1556318029.48 41.9
1556318039.5 41.9
1556318049.52 41.9
1556318059.54 41.9
1556318069.55 42.4
1556318079.57 41.9
1556318089.58 41.9
1556318099.6 41.9
1556318109.62 41.9
1556318119.64 41.9
1556318129.65 41.9
1556318139.68 41.3
1556318149.7 41.9
1556318159.72 42.4
1556318169.73 42.4
1556318179.75 42.4
1556318189.76 42.4
1556318199.79 41.3
1556318209.81 41.9
1556318219.82 41.9
1556318229.84 42.9
1556318239.86 42.4
1556318249.88 41.9
1556318259.89 41.9
1556318269.91 42.4
1556318279.93 42.4
1556318289.95 42.4
1556318299.97 42.4
1556318309.98 41.9
1556318319.99 42.4
1556318330.01 42.4
1556318340.03 42.4
1556318350.05 42.9
1556318360.07 42.9
1556318370.08 42.9
1556318380.09 43.5
1556318390.1 42.9
1556318400.13 42.9
1556318410.14 42.9
1556318420.16 42.4
1556318430.17 42.9
1556318440.18 42.9
1556318450.2 42.9
1556318460.21 43.5
1556318470.23 42.9
1556318480.25 42.9
1556318490.27 42.9
1556318500.3 43.5
1556318510.31 43.5
1556318520.33 42.9
1556318530.34 42.9
1556318540.36 42.9
1556318550.38 42.9
1556318560.4 43.5
1556318570.42 43.5
1556318580.43 44.0
1556318590.44 43.5
1556318600.46 42.9
1556318610.48 44.0
1556318620.5 42.9
1556318630.51 43.5
1556318640.53 43.5
1556318650.53 44.0
1556318660.55 43.5
1556318670.57 42.9
1556318680.59 42.9
1556318690.6 43.5
1556318700.62 42.9
1556318710.64 42.9
1556318720.64 43.5
1556318730.66 42.9
1556318740.68 43.5
1556318750.7 43.5
1556318760.72 42.9
1556318770.73 43.5
1556318780.75 43.5
1556318790.76 42.9
1556318800.78 42.9
1556318810.79 43.5
1556318820.81 43.5
1556318830.82 42.9
1556318840.84 42.9
1556318850.86 42.4
1556318860.88 42.9
1556318870.9 43.5
1556318880.91 43.5
1556318890.93 42.4
1556318900.94 42.9
1556318910.96 42.4
1556318920.98 42.9
1556318930.99 42.9
1556318941.02 42.4
1556318951.03 42.9
1556318961.04 43.5
1556318971.06 42.9
1556318981.07 42.9
1556318991.09 42.4
1556319001.1 42.9
1556319011.13 42.4
1556319021.15 43.5
1556319031.15 42.9
1556319041.17 42.9
1556319051.18 43.5
1556319061.2 42.4
1556319071.22 42.9
1556319081.24 42.4
1556319091.25 42.9
1556319101.27 42.9
1556319111.29 42.4
1556319121.31 42.9
1556319131.32 42.9
1556319141.34 42.9
1556319151.35 43.5
1556319161.36 42.9
1556319171.38 43.5
1556319181.4 43.5
1556319191.42 43.5
1556319201.44 42.9
1556319211.45 44.0
1556319221.47 42.9
1556319231.49 43.5
1556319241.51 43.5
1556319251.52 43.5
1556319261.53 44.0
1556319271.55 44.0
1556319281.56 43.5
1556319291.58 42.9
1556319301.6 42.9
1556319311.61 44.0
1556319321.63 43.5
1556319331.64 43.5
1556319341.65 44.0
1556319351.67 44.0
1556319361.69 43.5
1556319371.7 44.0
1556319381.72 44.0
1556319391.73 43.5
1556319401.75 43.5
1556319411.76 44.0
1556319421.78 42.9
1556319431.8 43.5
1556319441.81 43.5
1556319451.83 43.5
1556319461.85 43.5
1556319471.86 43.5
1556319481.88 43.5
1556319491.9 43.5
1556319501.91 43.5
1556319511.94 42.9
1556319521.95 43.5
1556319531.97 43.5
1556319541.98 44.0
1556319552.0 43.5
1556319562.02 43.5
1556319572.04 44.0
1556319582.06 43.5
1556319592.08 43.5
1556319602.1 44.0
1556319612.12 44.0
1556319622.14 44.0
1556319632.15 43.5
1556319642.17 44.0
1556319652.19 43.5
1556319662.2 43.5
1556319672.21 43.5
1556319682.23 43.5
1556319692.25 44.5
1556319702.27 43.5
1556319712.29 44.0
1556319722.3 44.0
1556319732.31 44.0
1556319742.33 43.5
1556319752.34 44.0
1556319762.36 44.5
1556319772.37 44.0
1556319782.39 43.5
1556319792.4 44.5
1556319802.42 44.5
1556319812.44 44.0
1556319822.45 44.5
1556319832.46 44.5
1556319842.48 44.0
1556319852.5 43.5
1556319862.51 44.0
1556319872.53 44.0
1556319882.55 44.5
1556319892.57 44.0
1556319902.58 44.5
1556319912.6 45.1
1556319922.62 44.0
1556319932.64 44.5
1556319942.66 44.0
1556319952.68 43.5
1556319962.69 44.5
1556319972.7 44.5
1556319982.71 44.0
1556319992.73 44.0
1556320002.75 44.0
1556320012.76 44.5
1556320022.77 44.0
1556320032.78 44.0
1556320042.79 44.0
1556320052.8 44.5
1556320062.82 44.5
1556320072.83 44.0
1556320082.84 44.0
1556320092.85 44.5
1556320102.87 44.0
1556320112.88 44.0
1556320122.89 44.0
1556320132.91 44.0
1556320142.92 44.5
1556320152.93 44.0
1556320162.94 44.0
1556320172.95 44.5
1556320182.96 44.5
1556320192.97 44.5
1556320202.98 44.0
1556320213.0 44.0
1556320223.01 44.0
1556320233.03 44.0
1556320243.04 43.5
1556320253.06 44.0
1556320263.07 44.0
1556320273.08 44.0
1556320283.1 44.5
1556320293.11 44.0
1556320303.13 43.5
1556320313.15 44.0
1556320323.15 43.5
1556320333.16 44.0
1556320343.18 44.0
1556320353.2 44.0
1556320363.22 42.9
1556320373.24 43.5
1556320383.25 44.0
1556320393.27 43.5
1556320403.29 44.0
1556320413.3 44.0
1556320423.32 44.0
1556320433.34 43.5
1556320443.35 44.0
1556320453.37 44.0
1556320463.38 44.0
1556320473.39 44.5
1556320483.42 44.0
1556320493.43 44.0
1556320503.45 44.0
1556320513.46 44.0
1556320523.47 44.0
1556320533.48 44.5
1556320543.5 44.0
1556320553.52 44.5
1556320563.54 44.0
1556320573.55 44.5
1556320583.58 44.0
1556320593.59 44.0
1556320603.6 44.0
1556320613.62 42.9
1556320623.64 44.5
1556320633.65 44.0
1556320643.67 44.5
1556320653.69 44.0
1556320663.71 43.5
1556320673.73 43.5
1556320683.74 44.0
1556320693.76 44.0
1556320703.78 44.0
1556320713.79 43.5
1556320723.81 44.5
1556320733.82 44.5
1556320743.85 44.5
1556320753.86 44.0
1556320763.88 44.0
1556320773.89 44.0
1556320783.9 44.5
1556320793.92 44.5
1556320803.93 44.0
1556320813.95 44.0
1556320823.97 44.0
1556320833.98 44.0
1556320843.99 44.0
1556320854.0 45.1
1556320864.01 44.5
1556320874.03 44.0
1556320884.04 44.0
1556320894.05 44.0
1556320904.07 44.0
1556320914.09 43.5
1556320924.1 44.0
1556320934.11 44.5
1556320944.13 44.0
1556320954.15 44.0
1556320964.16 43.5
1556320974.17 44.5
1556320984.19 44.5
1556320994.21 44.0
1556321004.23 44.0
1556321014.24 44.0
1556321024.25 44.5
1556321034.27 44.0
1556321044.3 42.9
1556321054.32 43.5
1556321064.34 44.0
1556321074.35 44.0
1556321084.36 44.0
1556321094.38 44.5
1556321104.4 44.0
1556321114.42 44.0
1556321124.43 44.0
1556321134.45 45.1
1556321144.46 44.5
1556321154.48 44.5
1556321164.5 44.5
1556321174.5 44.0
1556321184.52 44.5
1556321194.53 44.5
1556321204.55 44.5
1556321214.56 44.5
1556321224.58 44.0
1556321234.6 44.5
1556321244.61 44.0
1556321254.63 44.0
1556321264.64 44.0
1556321274.66 44.5
1556321284.67 44.5
1556321294.68 44.0
1556321304.69 44.0
1556321314.71 44.0
1556321324.72 44.0
1556321334.74 43.5
1556321344.76 43.5
1556321354.78 44.0
1556321364.79 43.5
1556321374.81 43.5
1556321384.83 43.5
1556321394.85 44.0
1556321404.87 43.5
1556321414.89 44.0
1556321424.91 43.5
1556321434.93 43.5
1556321444.94 43.5
1556321454.96 43.5
1556321464.98 44.0
1556321475.0 42.9
1556321485.02 43.5
1556321495.03 43.5
1556321505.05 42.9
1556321515.07 44.0
1556321525.09 42.9
1556321535.1 43.5
1556321545.12 43.5
1556321555.14 42.9
1556321565.16 43.5
1556321575.18 43.5
1556321585.2 44.0
1556321595.21 44.0
1556321605.23 42.9
1556321615.24 43.5
1556321625.26 43.5
1556321635.28 43.5
1556321645.3 42.9
1556321655.32 42.9
1556321665.33 43.5
1556321675.35 43.5
1556321685.37 42.9
1556321695.39 42.9
1556321705.4 43.5
1556321715.42 42.9
1556321725.44 42.4
1556321735.45 43.5
1556321745.46 43.5
1556321755.47 43.5
1556321765.5 42.9
1556321775.52 43.5
1556321785.53 44.0
1556321795.54 44.0
1556321805.56 44.0
1556321815.58 44.0
1556321825.59 43.5
1556321835.61 44.0
1556321845.63 43.5
1556321855.65 44.0
1556321865.66 43.5
1556321875.68 42.9
1556321885.7 44.0
1556321895.7 43.5
1556321905.71 44.0
1556321915.72 44.0
1556321925.73 44.0
1556321935.75 44.5
1556321945.76 44.0
1556321955.77 44.0
1556321965.78 43.5
1556321975.8 44.0
1556321985.82 44.0
1556321995.84 44.0
1556322005.85 44.0
1556322015.87 44.0
1556322025.88 44.0
1556322035.91 45.1
1556322045.93 44.5
1556322055.94 44.5
1556322065.96 44.5
1556322075.98 45.1
1556322086.0 44.5
1556322096.02 44.5
1556322106.03 44.5
1556322116.05 44.0
1556322126.06 44.0
1556322136.08 43.5
1556322146.1 44.0
1556322156.11 44.0
1556322166.13 44.5
1556322176.15 43.5
1556322186.17 43.5
1556322196.18 44.0
1556322206.2 44.0
1556322216.22 44.5
1556322226.23 44.0
1556322236.25 44.0
1556322246.27 44.0
1556322256.29 44.5
1556322266.31 44.5
1556322276.32 44.5
1556322286.34 44.0
1556322296.36 44.0
1556322306.38 44.0
1556322316.4 44.0
1556322326.41 44.0
1556322336.43 43.5
1556322346.45 44.0
1556322356.47 43.5
1556322366.48 43.5
1556322376.5 42.9
1556322386.52 43.5
1556322396.54 42.9
1556322406.56 42.9
1556322416.58 43.5
1556322426.6 42.9
1556322436.61 43.5
1556322446.63 44.5
1556322456.64 42.9
1556322466.65 42.9
1556322476.67 42.9
1556322486.69 43.5
1556322496.69 43.5
1556322506.71 42.9
1556322516.74 42.9
1556322526.75 42.9
1556322536.77 43.5
1556322546.78 42.9
1556322556.8 42.9
1556322566.81 44.0
1556322576.83 42.9
1556322586.85 42.9
1556322596.86 43.5
1556322606.88 42.9
1556322616.9 41.9
1556322626.92 42.4
1556322636.94 42.9
1556322646.96 42.9
1556322656.98 41.9
1556322667.0 42.9
1556322677.02 42.4
1556322687.04 41.9
1556322697.05 42.9
1556322707.07 41.9
1556322717.09 42.4
1556322727.11 42.4
1556322737.13 41.9
1556322747.14 41.9
1556322757.16 41.9
1556322767.18 41.9
1556322777.19 42.9
1556322787.2 43.5
1556322797.23 41.9
1556322807.25 41.9
1556322817.26 42.9
1556322827.28 41.9
1556322837.3 41.9
1556322847.32 42.9
1556322857.34 42.4
1556322867.35 42.9
1556322877.37 41.9
1556322887.39 42.4
1556322897.41 41.9
1556322907.42 42.9
1556322917.44 41.9
1556322927.45 42.9
1556322937.48 41.9
1556322947.5 42.9
1556322957.51 42.4
1556322967.53 41.9
1556322977.56 42.9
1556322987.58 41.9
1556322997.58 42.9
1556323007.6 42.9
1556323017.62 42.9
1556323027.64 41.9
1556323037.65 42.9
1556323047.66 42.4
1556323057.68 41.9
1556323067.7 42.9
1556323077.72 41.9
1556323087.74 41.9
1556323097.76 42.4
1556323107.77 42.9
1556323117.79 41.9
1556323127.81 42.9
1556323137.81 41.9
1556323147.83 42.9
1556323157.85 41.9
1556323167.87 42.9
1556323177.88 43.5
1556323187.91 42.9
1556323197.93 42.9
1556323207.94 42.4
1556323217.96 42.9
1556323227.98 42.9
1556323237.99 42.9
1556323248.01 42.9
1556323258.02 42.9
1556323268.04 42.9
1556323278.06 42.9
1556323288.08 42.9
1556323298.09 42.9
1556323308.11 42.9
1556323318.12 43.5
1556323328.14 42.9
1556323338.16 42.9
1556323348.18 41.9
1556323358.2 42.9
1556323368.22 42.9
1556323378.24 42.9
1556323388.26 42.9
1556323398.27 42.9
1556323408.29 42.9
1556323418.31 42.9
1556323428.32 42.9
1556323438.34 42.9
1556323448.35 42.4
1556323458.37 41.9
1556323468.39 42.4
1556323478.41 42.9
1556323488.42 41.9
1556323498.44 42.4
1556323508.46 42.9
1556323518.48 41.9
1556323528.49 41.9
1556323538.51 41.9
1556323548.53 42.4
1556323558.54 41.9
1556323568.55 41.9
1556323578.58 41.9
1556323588.59 42.9
1556323598.61 42.9
1556323608.63 42.4
1556323618.65 42.4
1556323628.67 41.9
1556323638.69 42.9
1556323648.71 42.4
1556323658.73 42.4
1556323668.75 41.9
1556323678.76 41.9
1556323688.78 42.4
1556323698.8 42.9
1556323708.83 41.9
1556323718.84 42.9
1556323728.86 42.9
1556323738.88 42.9
1556323748.91 41.9
1556323758.93 41.9
1556323768.94 42.9
1556323778.96 42.9
1556323788.98 41.3
1556323799.0 42.9
1556323809.0 42.9
1556323819.02 42.4
1556323829.03 42.9
1556323839.06 41.9
1556323849.07 42.4
1556323859.09 42.4
1556323869.11 42.4
1556323879.13 41.9
1556323889.15 41.9
1556323899.16 42.9
1556323909.18 43.5
1556323919.19 42.9
1556323929.22 42.4
1556323939.24 42.4
1556323949.26 41.9
1556323959.27 42.9
1556323969.29 42.4
1556323979.3 42.4
1556323989.32 42.4
1556323999.34 41.9
1556324009.36 42.4
1556324019.37 41.9
1556324029.4 41.9
1556324039.42 41.3
1556324049.44 41.9
1556324059.45 42.4
1556324069.48 41.9
1556324079.5 41.9
1556324089.52 41.3
1556324099.54 41.9
1556324109.56 40.8
1556324119.57 41.3
1556324129.59 41.9
1556324139.61 41.3
1556324149.62 41.9
1556324159.64 41.9
1556324169.65 41.9
1556324179.67 41.3
1556324189.69 41.9
1556324199.71 41.3
1556324209.73 42.4
1556324219.74 42.9
1556324229.76 41.9
1556324239.78 41.3
1556324249.8 41.9
1556324259.82 41.9
1556324269.84 41.9
1556324279.86 42.4
1556324289.88 41.9
1556324299.89 42.4
1556324309.92 41.9
1556324319.93 41.3
1556324329.95 40.8
1556324339.97 41.3
1556324349.98 41.9
1556324360.0 41.3
1556324370.02 41.3
1556324380.04 41.9
1556324390.06 42.4
1556324400.08 42.4
1556324410.1 41.3
1556324420.12 41.9
1556324430.14 42.4
1556324440.16 41.9
1556324450.17 41.9
1556324460.19 41.9
1556324470.21 41.9
1556324480.23 41.9
1556324490.25 41.9
1556324500.27 40.8
1556324510.29 42.4
1556324520.31 41.3
1556324530.32 41.3
1556324540.34 41.9
1556324550.36 41.3
1556324560.38 41.9
1556324570.4 41.9
1556324580.42 41.9
1556324590.44 41.9
1556324600.46 41.3
1556324610.48 41.9
1556324620.5 41.3
1556324630.51 40.8
1556324640.53 41.3
1556324650.53 41.9
1556324660.55 42.4
1556324670.57 40.8
1556324680.59 41.3
1556324690.61 41.3
1556324700.62 40.8
1556324710.65 42.4
1556324720.66 42.4
1556324730.68 41.9
1556324740.7 41.9
1556324750.71 41.9
1556324760.73 41.9
1556324770.76 42.4
1556324780.77 42.4
1556324790.79 41.9
1556324800.8 42.9
1556324810.82 41.9
1556324820.84 41.9
1556324830.84 42.4
1556324840.86 41.9
1556324850.88 41.3
1556324860.89 41.9
1556324870.91 41.3
1556324880.93 41.9
1556324890.95 42.4
1556324900.97 41.3
1556324910.98 41.3
1556324921.0 41.9
1556324931.02 41.3
1556324941.04 41.3
1556324951.06 40.8
1556324961.08 41.3
1556324971.1 41.3
1556324981.12 41.3
1556324991.14 41.3
1556325001.16 41.9
1556325011.18 41.3
1556325021.19 42.4
1556325031.21 41.9
1556325041.23 41.9
1556325051.25 41.9
1556325061.26 41.3
1556325071.28 41.3
1556325081.3 41.9
1556325091.31 42.9
1556325101.33 40.8
1556325111.35 41.3
1556325121.38 41.3
1556325131.4 40.8
1556325141.42 40.8
1556325151.44 41.9
1556325161.46 40.8
1556325171.48 41.3
1556325181.49 40.8
1556325191.51 40.8
1556325201.53 41.9
1556325211.53 41.3
1556325221.55 40.8
1556325231.57 41.3
1556325241.58 40.8
1556325251.6 40.8
1556325261.62 40.8
1556325271.63 41.3
1556325281.65 40.8
1556325291.66 41.3
1556325301.68 41.3
1556325311.7 40.8
1556325321.72 40.8
1556325331.74 40.8
1556325341.75 41.3
1556325351.77 40.8
1556325361.79 41.3
1556325371.8 41.3
1556325381.83 40.8
1556325391.84 40.8
1556325401.86 40.8
1556325411.87 41.9
1556325421.89 41.3
1556325431.9 41.3
1556325441.92 40.8
1556325451.94 40.8
1556325461.95 40.8
1556325471.97 40.8
1556325481.99 41.3
1556325492.0 41.3
1556325502.03 41.3
1556325512.04 41.3
1556325522.06 41.3
1556325532.08 40.8
1556325542.1 41.3
1556325552.11 41.3
1556325562.13 40.8
1556325572.14 41.9
1556325582.17 40.8
1556325592.17 41.9
1556325602.19 40.8
1556325612.21 40.8
1556325622.23 40.8
1556325632.25 40.8
1556325642.27 40.8
1556325652.28 40.8
1556325662.3 41.3
1556325672.32 40.8
1556325682.34 40.8
1556325692.35 40.8
1556325702.38 40.8
1556325712.4 41.3
1556325722.41 40.8
1556325732.43 40.8
1556325742.45 40.8
1556325752.47 41.3
1556325762.48 41.9
1556325772.5 41.9
1556325782.51 41.9
1556325792.53 42.4
1556325802.55 41.9
1556325812.57 41.3
1556325822.58 41.3
1556325832.6 41.3
1556325842.62 41.3
1556325852.64 41.3
1556325862.66 40.8
1556325872.67 41.3
1556325882.68 41.9
1556325892.7 41.9
1556325902.72 40.8
1556325912.74 40.8
1556325922.75 41.3
1556325932.77 41.9
1556325942.79 41.9
1556325952.8 41.9
1556325962.82 41.3
1556325972.83 41.3
1556325982.85 41.9
1556325992.86 41.3
1556326002.87 41.9
1556326012.89 41.3
1556326022.91 41.3
1556326032.93 40.8
1556326042.95 42.4
1556326052.96 41.9
1556326062.98 41.9
1556326072.99 41.3
1556326083.01 40.8
1556326093.03 41.3
1556326103.04 40.8
1556326113.05 41.3
1556326123.07 41.3
1556326133.09 40.8
1556326143.1 40.8
1556326153.12 41.3
1556326163.14 41.9
1556326173.15 41.9
1556326183.16 40.8
1556326193.18 41.9
1556326203.19 40.8
1556326213.21 41.3
1556326223.23 41.3
1556326233.24 41.9
1556326243.25 41.9
1556326253.27 41.9
1556326263.29 42.4
1556326273.3 40.8
1556326283.32 41.9
1556326293.33 41.3
1556326303.34 41.9
1556326313.36 40.8
1556326323.37 41.9
1556326333.39 41.9
1556326343.41 41.3
1556326353.42 41.9
1556326363.43 42.4
1556326373.44 41.9
1556326383.45 41.3
1556326393.47 41.3
1556326403.49 41.3
1556326413.51 40.8
1556326423.52 40.8
1556326433.54 40.8
1556326443.55 41.3
1556326453.56 41.9
1556326463.58 40.8
1556326473.6 40.8
1556326483.61 40.8
1556326493.63 40.8
1556326503.65 40.8
1556326513.66 41.3
1556326523.67 41.9
1556326533.69 41.9
1556326543.7 40.8
1556326553.71 41.9
1556326563.73 40.8
1556326573.74 40.8
1556326583.76 40.8
1556326593.77 41.9
1556326603.79 41.9
1556326613.8 40.8
1556326623.82 41.9
1556326633.83 40.8
1556326643.86 41.9
1556326653.87 41.9
1556326663.89 41.9
1556326673.91 41.3
1556326683.93 40.8
1556326693.95 41.3
1556326703.97 41.9
1556326713.99 40.8
1556326724.0 41.9
1556326734.01 41.9
1556326744.03 41.3
1556326754.05 41.9
1556326764.05 41.9
1556326774.07 40.8
1556326784.09 41.3
1556326794.11 41.3
1556326804.12 42.4
1556326814.14 40.8
1556326824.16 41.3
1556326834.18 40.8
1556326844.19 41.9
1556326854.21 40.8
1556326864.24 41.9
1556326874.25 41.9
1556326884.28 41.3
1556326894.3 41.9
1556326904.32 41.9
1556326914.34 41.9
1556326924.36 41.9
1556326934.38 41.9
1556326944.4 41.3
1556326954.42 41.9
1556326964.43 42.4
1556326974.45 42.4
1556326984.45 42.4
1556326994.47 42.9
1556327004.49 42.9
1556327014.51 42.9
1556327024.53 42.4
1556327034.55 41.3
1556327044.57 40.8
1556327054.59 41.9
1556327064.61 41.9
1556327074.63 42.9
1556327084.65 41.9
1556327094.67 42.4
1556327104.69 41.9
1556327114.71 41.3
1556327124.73 41.9
1556327134.75 42.4
1556327144.77 42.4
1556327154.79 41.9
1556327164.8 42.9
1556327174.81 42.9
1556327184.83 42.4
1556327194.85 41.9
1556327204.86 43.5
1556327214.87 42.9
1556327224.89 42.4
1556327234.9 42.9
1556327244.92 42.9
1556327254.95 42.9
1556327264.97 42.9
1556327274.99 43.5
1556327285.0 42.9
1556327295.02 42.4
1556327305.04 41.9
1556327315.06 41.9
1556327325.07 42.9
1556327335.08 42.9
1556327345.1 42.9
1556327355.12 41.9
1556327365.13 42.9
1556327375.15 41.9
1556327385.18 41.9
1556327395.2 42.4
1556327405.21 41.9
1556327415.24 41.9
1556327425.26 41.9
1556327435.28 41.9
1556327445.3 41.9
1556327455.32 41.9
1556327465.34 41.9
1556327475.35 41.9
1556327485.37 41.9
1556327495.38 41.3
1556327505.41 41.3
1556327515.43 41.9
1556327525.44 41.3
1556327535.46 41.9
1556327545.48 41.9
1556327555.5 41.9
1556327565.52 40.8
1556327575.53 41.9
1556327585.55 41.9
1556327595.57 41.3
1556327605.59 41.9
1556327615.6 41.3
1556327625.62 41.9
1556327635.64 40.8
1556327645.66 41.3
1556327655.67 41.9
1556327665.69 40.8
1556327675.7 41.3
1556327685.72 40.8
1556327695.74 41.3
1556327705.76 40.8
1556327715.77 40.8
1556327725.79 40.8
1556327735.81 41.3
1556327745.82 41.3
1556327755.83 41.3
1556327765.85 40.8
1556327775.88 40.8
1556327785.9 40.8
1556327795.92 40.8
1556327805.94 40.8
1556327815.96 40.8
1556327825.98 40.8
1556327835.99 41.9
1556327846.01 41.3
1556327856.03 40.8
1556327866.05 41.3
1556327876.07 40.8
1556327886.08 41.9
1556327896.1 41.3
1556327906.12 40.8
1556327916.14 40.8
1556327926.16 40.8
1556327936.17 41.3
1556327946.19 41.3
1556327956.21 40.8
1556327966.22 41.9
1556327976.23 41.9
1556327986.25 40.8
1556327996.27 40.8
1556328006.29 40.8
1556328016.31 41.3
1556328026.33 41.3
1556328036.35 41.3
1556328046.36 41.3
1556328056.38 40.8
1556328066.4 40.8
1556328076.41 41.9
1556328086.43 41.9
1556328096.45 40.8
1556328106.47 41.9
1556328116.49 41.9
1556328126.51 41.3
1556328136.53 42.4
1556328146.55 40.8
1556328156.57 40.8
1556328166.58 41.9
1556328176.6 41.9
1556328186.62 41.3
1556328196.64 41.9
1556328206.66 41.3
1556328216.67 41.9
1556328226.69 41.3
1556328236.71 41.3
1556328246.73 40.8
1556328256.75 41.9
1556328266.76 41.9
1556328276.78 41.9
1556328286.8 40.8
1556328296.82 41.3
1556328306.83 42.4
1556328316.85 42.9
1556328326.87 42.4
1556328336.89 42.4
1556328346.9 41.3
1556328356.93 41.9
1556328366.95 41.3
1556328376.97 40.8
1556328386.99 41.3
1556328397.01 41.9
1556328407.03 42.4
1556328417.05 41.9
1556328427.07 41.9
1556328437.08 41.9
1556328447.09 41.9
1556328457.11 42.9
1556328467.13 42.9
1556328477.15 42.9
1556328487.16 42.9
1556328497.17 42.9
1556328507.19 41.9
1556328517.21 41.9
1556328527.22 42.9
1556328537.23 41.9
1556328547.25 41.9
1556328557.27 42.9
1556328567.29 42.9
1556328577.31 41.9
1556328587.32 42.9
1556328597.35 42.4
1556328607.36 42.9
1556328617.38 43.5
1556328627.4 42.9
1556328637.42 42.4
1556328647.43 42.4
1556328657.45 42.9
1556328667.47 42.4
1556328677.48 42.4
1556328687.5 42.9
1556328697.51 42.9
1556328707.53 42.9
1556328717.54 42.9
1556328727.56 42.9
1556328737.57 42.9
1556328747.58 42.9
1556328757.59 42.9
1556328767.6 42.9
1556328777.61 42.9
1556328787.63 42.9
1556328797.64 43.5
1556328807.65 42.9
1556328817.67 42.9
1556328827.68 42.9
1556328837.69 42.9
1556328847.71 42.9
1556328857.72 42.4
1556328867.74 42.9
1556328877.75 42.9
1556328887.76 42.9
1556328897.77 42.9
1556328907.79 42.9
1556328917.81 42.9
1556328927.82 42.4
1556328937.84 41.9
1556328947.85 42.4
1556328957.87 41.9
1556328967.89 42.4
1556328977.91 41.9
1556328987.92 41.9
1556328997.94 42.4
1556329007.96 41.9
1556329017.97 42.4
1556329027.98 41.9
1556329037.99 42.9
1556329048.01 41.9
1556329058.02 41.9
1556329068.03 42.9
1556329078.05 42.9
1556329088.06 42.4
1556329098.08 41.3
1556329108.1 42.4
1556329118.12 41.9
1556329128.13 42.4
1556329138.14 42.4
1556329148.16 41.9
1556329158.18 41.9
1556329168.19 42.4
1556329178.21 42.4
1556329188.23 42.9
1556329198.24 41.9
1556329208.26 41.9
1556329218.28 42.4
1556329228.28 41.9
1556329238.3 41.9
1556329248.32 41.9
1556329258.34 41.9
1556329268.35 41.9
1556329278.37 42.9
1556329288.38 42.9
1556329298.39 42.4
1556329308.41 41.9
1556329318.43 41.9
1556329328.44 42.9
1556329338.45 42.9
1556329348.47 41.9
1556329358.49 41.9
1556329368.51 41.9
1556329378.52 42.9
1556329388.54 42.9
1556329398.55 42.4
1556329408.57 42.4
1556329418.59 42.9
1556329428.61 42.4
1556329438.63 42.4
1556329448.64 41.9
1556329458.66 41.9
1556329468.68 41.9
1556329478.7 42.4
1556329488.72 41.9
1556329498.74 41.9
1556329508.75 41.9
1556329518.77 41.9
1556329528.79 41.9
1556329538.81 42.4
1556329548.83 41.9
1556329558.85 41.9
1556329568.87 41.3
1556329578.88 41.3
1556329588.9 41.3
1556329598.92 41.9
1556329608.94 42.9
1556329618.95 41.9
1556329628.97 41.9
1556329638.98 41.9
1556329649.0 41.9
1556329659.01 42.9
1556329669.03 41.9
1556329679.05 42.9
1556329689.07 41.9
1556329699.09 41.9
1556329709.11 41.9
1556329719.12 41.9
1556329729.14 42.9
1556329739.16 41.3
1556329749.17 42.4
1556329759.18 42.9
1556329769.21 41.9
1556329779.22 41.3
1556329789.25 41.9
1556329799.26 42.4
1556329809.28 41.9
1556329819.3 42.4
1556329829.31 42.9
1556329839.33 42.9
1556329849.35 41.9
1556329859.37 41.9
1556329869.39 42.9
1556329879.41 42.9
1556329889.42 42.4
1556329899.44 41.9
1556329909.45 42.4
1556329919.47 41.9
1556329929.49 41.9
1556329939.51 41.9
1556329949.53 42.4
1556329959.56 41.3
1556329969.58 42.9
1556329979.6 41.9
1556329989.61 42.4
1556329999.63 41.9
1556330009.65 42.4
1556330019.67 42.9
1556330029.68 42.9
1556330039.69 42.9
1556330049.7 42.4
1556330059.72 42.9
1556330069.73 43.5
1556330079.76 42.9
1556330089.77 42.9
1556330099.78 42.4
1556330109.8 42.4
1556330119.82 43.5
1556330129.83 42.4
1556330139.85 42.9
1556330149.87 42.9
1556330159.87 42.9
1556330169.89 42.9
1556330179.91 43.5
1556330189.93 42.9
1556330199.95 42.9
1556330209.97 41.9
1556330219.99 42.9
1556330230.02 41.9
1556330240.04 41.9
1556330250.06 42.9
1556330260.06 42.9
1556330270.08 42.9
1556330280.1 42.9
1556330290.12 42.9
1556330300.14 43.5
1556330310.15 44.0
1556330320.17 43.5
1556330330.19 42.9
1556330340.21 42.4
1556330350.25 41.9
1556330360.26 42.9
1556330370.28 42.4
1556330380.3 42.9
1556330390.32 41.9
1556330400.34 43.5
1556330410.35 42.9
1556330420.37 42.9
1556330430.39 42.4
1556330440.41 42.9
1556330450.44 42.9
1556330460.46 42.9
1556330470.48 42.9
1556330480.49 42.9
1556330490.51 42.9
1556330500.54 42.9
1556330510.56 42.4
1556330520.58 41.9
1556330530.6 41.9
1556330540.62 42.4
1556330550.64 42.9
1556330560.65 42.9
1556330570.67 41.9
1556330580.7 42.4
1556330590.72 41.9
1556330600.73 41.9
1556330610.75 42.4
1556330620.76 42.9
1556330630.79 42.9
1556330640.81 41.9
1556330650.83 41.9
1556330660.85 41.9
1556330670.87 41.9
1556330680.88 42.9
1556330690.9 42.9
1556330700.92 42.9
1556330710.94 41.9
1556330720.95 42.9
1556330730.97 41.9
1556330740.98 42.9
1556330751.0 42.9
1556330761.02 42.4
1556330771.03 41.9
1556330781.04 42.9
1556330791.06 42.9
1556330801.08 42.4
1556330811.09 42.9
1556330821.11 41.9
1556330831.13 41.9
1556330841.15 42.4
1556330851.16 42.4
1556330861.18 42.9
1556330871.2 42.4
1556330881.21 42.9
1556330891.23 42.9
1556330901.24 42.9
1556330911.26 42.4
1556330921.27 42.9
1556330931.29 42.9
1556330941.31 42.4
1556330951.33 41.9
1556330961.34 42.9
1556330971.35 42.9
1556330981.37 42.9
1556330991.38 42.9
1556331001.39 42.4
1556331011.4 42.9
1556331021.42 42.9
1556331031.43 42.9
1556331041.44 42.9
1556331051.46 41.9
1556331061.48 43.5
1556331071.51 41.9
1556331081.53 42.4
1556331091.53 42.9
1556331101.56 42.4
1556331111.57 42.9
1556331121.59 41.9
1556331131.61 42.9
1556331141.63 42.9
1556331151.65 42.9
1556331161.67 42.9
1556331171.69 42.9
1556331181.71 42.9
1556331191.73 43.5
1556331201.75 42.9
1556331211.77 42.9
1556331221.78 43.5
1556331231.8 42.9
1556331241.81 42.4
1556331251.83 43.5
1556331261.85 42.9
1556331271.87 42.4
1556331281.9 42.9
1556331291.92 41.9
1556331301.94 42.9
1556331311.96 42.9
1556331321.97 42.9
1556331331.99 42.9
1556331342.01 42.4
1556331352.03 42.9
1556331362.05 42.4
1556331372.07 41.9
1556331382.08 42.9
1556331392.1 41.9
1556331402.13 41.9
1556331412.15 41.9
1556331422.17 41.9
1556331432.19 42.9
1556331442.2 42.9
1556331452.23 42.9
1556331462.25 42.4
1556331472.26 42.9
1556331482.28 43.5
1556331492.31 43.5
1556331502.32 43.5
1556331512.34 42.9
1556331522.36 42.9
1556331532.38 41.9
1556331542.4 42.9
1556331552.41 43.5
1556331562.44 42.9
1556331572.46 42.9
1556331582.47 42.9
1556331592.49 43.5
1556331602.5 43.5
1556331612.53 42.9
1556331622.54 42.9
1556331632.56 42.9
1556331642.57 43.5
1556331652.59 42.9
1556331662.61 43.5
1556331672.63 44.0
1556331682.65 44.0
1556331692.66 43.5
1556331702.67 44.0
1556331712.7 44.0
1556331722.72 43.5
1556331732.73 43.5
1556331742.75 44.0
1556331752.77 44.0
1556331762.79 44.0
1556331772.81 44.0
1556331782.82 44.5
1556331792.84 44.0
1556331802.86 44.0
1556331812.87 44.0
1556331822.89 44.5
1556331832.91 44.5
1556331842.93 44.0
1556331852.95 44.0
1556331862.97 44.0
1556331872.98 44.0
1556331883.0 44.0
1556331893.02 44.0
1556331903.04 44.0
1556331913.06 44.0
1556331923.08 44.5
1556331933.1 44.5
1556331943.12 44.0
1556331953.13 44.0
1556331963.15 44.0
1556331973.17 44.0
1556331983.19 43.5
1556331993.21 43.5
1556332003.23 44.0
1556332013.24 44.0
1556332023.26 43.5
1556332033.28 42.9
1556332043.31 42.9
1556332053.33 42.9
1556332063.35 43.5
1556332073.36 42.9
1556332083.38 44.0
1556332093.39 43.5
1556332103.41 44.0
1556332113.43 44.0
1556332123.44 43.5
1556332133.46 44.0
1556332143.47 44.0
1556332153.49 44.0
1556332163.5 42.9
1556332173.52 42.9
1556332183.53 43.5
1556332193.55 43.5
1556332203.57 42.9
1556332213.58 43.5
1556332223.59 42.9
1556332233.62 42.9
1556332243.64 42.9
1556332253.65 42.4
1556332263.67 41.9
1556332273.7 42.4
1556332283.72 42.9
1556332293.74 41.9
1556332303.76 41.9
1556332313.78 41.9
1556332323.8 42.4
1556332333.82 42.4
1556332343.84 42.9
1556332353.86 41.9
1556332363.88 41.9
1556332373.9 42.9
1556332383.91 43.5
1556332393.93 42.9
1556332403.94 42.9
1556332413.96 42.9
1556332423.98 42.4
1556332434.0 42.9
1556332444.02 42.9
1556332454.02 42.9
1556332464.04 42.9
1556332474.07 42.9
1556332484.09 43.5
1556332494.1 42.9
1556332504.12 43.5
1556332514.14 42.9
1556332524.16 43.5
1556332534.17 43.5
1556332544.19 43.5
1556332554.21 42.9
1556332564.22 42.9
1556332574.24 43.5
1556332584.26 44.0
1556332594.28 42.9
1556332604.3 42.9
1556332614.32 42.9
1556332624.34 42.9
1556332634.35 43.5
1556332644.37 42.9
1556332654.39 43.5
1556332664.4 43.5
1556332674.42 44.0
1556332684.44 44.0
1556332694.46 43.5
1556332704.48 42.9
1556332714.5 43.5
1556332724.52 43.5
1556332734.54 42.9
1556332744.55 43.5
1556332754.57 42.9
1556332764.59 42.9
1556332774.6 42.9
1556332784.62 43.5
1556332794.63 43.5
1556332804.65 42.9
1556332814.67 43.5
1556332824.69 43.5
1556332834.71 44.0
1556332844.73 42.9
1556332854.74 43.5
1556332864.76 42.9
1556332874.79 42.9
1556332884.81 43.5
1556332894.83 42.9
1556332904.84 42.9
1556332914.86 43.5
1556332924.88 42.9
1556332934.9 43.5
1556332944.91 42.9
1556332954.93 42.9
1556332964.95 42.9
1556332974.96 42.9
1556332984.98 42.9
1556332995.0 43.5
1556333005.02 42.4
1556333015.05 42.9
1556333025.06 42.9
1556333035.08 43.5
1556333045.09 43.5
1556333055.11 43.5
1556333065.11 43.5
1556333075.13 42.9
1556333085.15 42.9
1556333095.17 44.0
1556333105.17 43.5
1556333115.19 42.9
1556333125.2 43.5
1556333135.21 43.5
1556333145.23 42.9
1556333155.25 42.9
1556333165.27 42.9
1556333175.27 42.9
1556333185.29 42.9
1556333195.31 42.4
1556333205.33 42.9
1556333215.33 42.9
1556333225.35 42.9
1556333235.37 42.9
1556333245.38 42.9
1556333255.4 42.9
1556333265.42 41.9
1556333275.43 43.5
1556333285.46 42.9
1556333295.47 42.9
1556333305.49 43.5
1556333315.51 41.9
1556333325.53 42.9
1556333335.56 42.9
1556333345.58 42.9
1556333355.6 41.9
1556333365.62 42.9
1556333375.65 42.9
1556333385.66 42.9
1556333395.68 42.9
1556333405.7 42.9
1556333415.73 42.9
1556333425.74 43.5
1556333435.76 42.4
1556333445.78 41.9
1556333455.8 42.9
1556333465.82 42.4
1556333475.84 41.9
1556333485.85 41.9
1556333495.87 41.9
1556333505.9 42.9
1556333515.91 42.4
1556333525.92 42.9
1556333535.94 42.9
1556333545.96 42.4
1556333555.97 42.4
1556333565.99 41.9
1556333576.01 42.4
1556333586.03 41.9
1556333596.04 41.9
1556333606.06 41.3
1556333616.08 42.9
1556333626.11 42.4
1556333636.13 41.9
1556333646.15 42.4
1556333656.16 42.4
1556333666.18 41.9
1556333676.19 42.9
1556333686.21 41.3
1556333696.23 42.9
1556333706.25 41.9
1556333716.27 42.4
1556333726.29 42.4
1556333736.31 42.4
1556333746.33 41.9
1556333756.34 42.4
1556333766.36 42.9
1556333776.38 41.9
1556333786.39 42.9
1556333796.41 42.9
1556333806.43 42.4
1556333816.45 42.4
1556333826.46 42.9
1556333836.48 41.9
1556333846.48 42.9
1556333856.5 42.9
1556333866.51 42.9
1556333876.54 41.9
1556333886.56 42.9
1556333896.58 41.9
1556333906.59 41.9
1556333916.61 42.4
1556333926.63 42.9
1556333936.65 42.9
1556333946.67 42.9
1556333956.69 42.9
1556333966.71 42.9
1556333976.73 42.9
1556333986.75 42.9
1556333996.76 42.9
1556334006.78 42.9
1556334016.79 42.9
1556334026.81 42.9
1556334036.82 43.5
1556334046.84 43.5
1556334056.86 42.9
1556334066.87 42.9
1556334076.89 43.5
1556334086.91 44.0
1556334096.92 43.5
1556334106.93 43.5
1556334116.95 43.5
1556334126.98 42.9
1556334136.99 42.9
1556334147.02 42.9
1556334157.03 41.9
1556334167.05 41.9
1556334177.06 42.9
1556334187.08 42.9
1556334197.1 42.4
1556334207.12 42.4
1556334217.14 42.9
1556334227.18 42.9
1556334237.2 42.9
1556334247.21 43.5
1556334257.23 42.9
1556334267.25 42.9
1556334277.27 42.9
1556334287.29 42.9
1556334297.3 44.0
1556334307.32 42.9
1556334317.34 42.9
1556334327.36 43.5
1556334337.38 43.5
1556334347.39 44.0
1556334357.41 43.5
1556334367.43 42.9
1556334377.44 43.5
1556334387.46 42.9
1556334397.48 42.9
1556334407.5 42.9
1556334417.52 42.9
1556334427.54 42.9
1556334437.56 42.9
1556334447.58 42.9
1556334457.6 42.9
1556334467.62 42.9
1556334477.63 42.9
1556334487.64 43.5
1556334497.67 42.9
1556334507.68 44.0
1556334517.7 42.9
1556334527.72 42.9
1556334537.74 44.0
1556334547.75 44.0
1556334557.76 43.5
1556334567.78 43.5
1556334577.8 43.5
1556334587.82 43.5
1556334597.82 44.0
1556334607.84 43.5
1556334617.86 43.5
1556334627.87 43.5
1556334637.89 42.9
1556334647.91 43.5
1556334657.93 43.5
1556334667.95 44.0
1556334677.97 42.9
1556334687.98 44.0
1556334698.0 42.9
1556334708.01 44.0
1556334718.03 42.9
1556334728.05 44.0
1556334738.08 42.9
1556334748.08 42.9
1556334758.11 42.9
1556334768.13 43.5
1556334778.15 43.5
1556334788.17 43.5
1556334798.19 44.0
1556334808.21 43.5
1556334818.23 44.0
1556334828.24 43.5
1556334838.26 44.0
1556334848.28 42.9
1556334858.28 44.0
1556334868.3 42.9
1556334878.32 43.5
1556334888.34 42.9
1556334898.34 43.5
1556334908.36 43.5
1556334918.39 43.5
1556334928.42 42.9
1556334938.43 43.5
1556334948.45 42.9
1556334958.47 42.9
1556334968.49 44.0
1556334978.51 44.0
1556334988.53 42.9
1556334998.55 44.0
1556335008.56 42.9
1556335018.57 44.0
1556335028.59 44.0
1556335038.61 44.0
1556335048.62 44.0
1556335058.64 43.5
1556335068.66 42.9
1556335078.67 42.9
1556335088.69 43.5
1556335098.71 44.0
1556335108.72 44.0
1556335118.75 43.5
1556335128.78 42.9
1556335138.8 42.9
1556335148.82 42.9
1556335158.84 42.9
1556335168.86 42.9
1556335178.88 42.9
1556335188.9 43.5
1556335198.92 43.5
1556335208.94 43.5
1556335218.95 44.0
1556335228.98 42.9
1556335239.0 42.9
1556335249.03 42.9
1556335259.04 43.5
1556335269.06 44.0
1556335279.08 44.0
1556335289.09 43.5
1556335299.1 44.0
1556335309.11 43.5
1556335319.13 44.0
1556335329.14 43.5
1556335339.16 43.5
1556335349.18 44.0
1556335359.2 43.5
1556335369.22 42.9
1556335379.24 42.9
1556335389.25 44.0
1556335399.27 43.5
1556335409.28 43.5
1556335419.3 43.5
1556335429.32 43.5
1556335439.34 42.9
1556335449.36 43.5
1556335459.38 42.9
1556335469.39 44.0
1556335479.4 43.5
1556335489.42 43.5
1556335499.43 44.0
1556335509.44 43.5
1556335519.46 44.0
1556335529.47 43.5
1556335539.49 44.0
1556335549.5 44.0
1556335559.52 43.5
1556335569.53 43.5
1556335579.55 43.5
1556335589.56 43.5
1556335599.58 42.9
1556335609.6 42.9
1556335619.62 42.9
1556335629.64 42.9
1556335639.66 42.9
1556335649.68 43.5
1556335659.7 42.9
1556335669.71 43.5
1556335679.72 42.9
1556335689.74 43.5
1556335699.76 42.9
1556335709.78 43.5
1556335719.8 43.5
1556335729.82 43.5
1556335739.83 42.9
1556335749.85 42.9
1556335759.87 42.9
1556335769.89 42.9
1556335779.9 42.9
1556335789.92 43.5
1556335799.93 43.5
1556335809.95 43.5
1556335819.97 44.0
1556335829.98 44.0
1556335840.0 43.5
1556335850.01 42.9
1556335860.03 43.5
1556335870.05 43.5
1556335880.07 42.9
1556335890.09 43.5
1556335900.11 43.5
1556335910.12 43.5
1556335920.14 42.9
1556335930.16 43.5
1556335940.18 44.0
1556335950.2 42.9
1556335960.22 42.9
1556335970.24 43.5
1556335980.26 42.9
1556335990.28 42.9
1556336000.3 43.5
1556336010.31 43.5
1556336020.33 42.9
1556336030.35 42.9
1556336040.37 42.9
1556336050.39 42.9
1556336060.41 42.9
1556336070.42 42.4
1556336080.44 42.4
1556336090.46 41.9
1556336100.48 42.4
1556336110.5 42.9
1556336120.52 42.9
1556336130.54 41.9
1556336140.54 42.9
1556336150.57 41.9
1556336160.57 42.9
1556336170.6 42.9
1556336180.62 41.3
1556336190.63 41.9
1556336200.65 41.9
1556336210.66 42.4
1556336220.68 41.9
1556336230.69 42.4
1556336240.71 42.4
1556336250.73 41.9
1556336260.75 42.4
1556336270.77 42.4
1556336280.78 42.9
1556336290.79 41.9
1556336300.81 42.4
1556336310.82 42.9
1556336320.84 42.4
1556336330.86 42.9
1556336340.87 42.9
1556336350.89 42.9
1556336360.91 42.9
1556336370.93 42.9
1556336380.94 42.9
1556336390.95 43.5
1556336400.96 42.9
1556336410.97 42.9
1556336420.98 42.9
1556336430.99 43.5
1556336441.01 42.4
1556336451.02 43.5
1556336461.04 42.9
1556336471.05 42.9
1556336481.06 42.9
1556336491.07 44.0
1556336501.09 42.9
1556336511.11 43.5
1556336521.13 43.5
1556336531.14 43.5
1556336541.16 42.9
1556336551.18 44.0
1556336561.19 42.4
1556336571.2 42.9
1556336581.22 41.9
1556336591.24 42.9
1556336601.27 42.4
1556336611.29 42.9
1556336621.3 43.5
1556336631.32 42.9
1556336641.34 43.5
1556336651.36 42.9
1556336661.37 42.9
1556336671.39 42.9
1556336681.41 44.0
1556336691.43 42.9
1556336701.44 42.9
1556336711.47 43.5
1556336721.48 43.5
1556336731.5 42.9
1556336741.52 43.5
1556336751.53 42.9
1556336761.55 42.9
1556336771.57 42.9
1556336781.59 42.9
1556336791.61 41.9
1556336801.62 42.9
1556336811.64 42.9
1556336821.66 42.9
1556336831.68 43.5
1556336841.7 42.9
1556336851.71 42.4
1556336861.73 42.9
1556336871.74 43.5
1556336881.76 43.5
1556336891.77 43.5
1556336901.79 42.9
1556336911.8 42.9
1556336921.82 43.5
1556336931.84 43.5
1556336941.86 42.9
1556336951.88 42.9
1556336961.9 41.9
1556336971.92 42.4
1556336981.94 42.9
1556336991.96 42.9
1556337001.96 42.9
1556337011.98 41.9
1556337022.0 42.4
1556337032.02 42.9
1556337042.03 42.9
1556337052.05 43.5
1556337062.07 42.9
1556337072.09 42.9
1556337082.11 42.9
1556337092.11 42.9
1556337102.13 42.9
1556337112.15 41.9
1556337122.17 43.5
1556337132.19 42.9
1556337142.21 42.9
1556337152.22 42.9
1556337162.24 42.9
1556337172.25 43.5
1556337182.27 42.9
1556337192.28 43.5
1556337202.29 43.5
1556337212.32 42.9
1556337222.33 43.5
1556337232.35 42.9
1556337242.37 42.9
1556337252.39 42.9
1556337262.4 42.9
1556337272.42 42.9
1556337282.44 42.9
1556337292.46 42.9
1556337302.47 42.9
1556337312.48 43.5
1556337322.5 42.9
1556337332.52 43.5
1556337342.54 43.5
1556337352.56 41.9
1556337362.58 42.9
1556337372.59 42.9
1556337382.61 42.9
1556337392.63 42.9
1556337402.65 42.9
1556337412.66 42.9
1556337422.68 42.9
1556337432.7 42.9
1556337442.72 42.9
1556337452.73 42.9
1556337462.75 44.0
1556337472.77 42.9
1556337482.79 42.9
1556337492.8 42.9
1556337502.81 42.9
1556337512.84 43.5
1556337522.84 43.5
1556337532.87 42.9
1556337542.89 42.9
1556337552.91 42.9
1556337562.93 42.9
1556337572.94 42.9
1556337582.97 42.9
1556337592.99 42.4
1556337603.0 44.0
1556337613.02 42.9
1556337623.04 42.4
1556337633.06 43.5
1556337643.07 42.9
1556337653.09 41.9
1556337663.11 42.9
1556337673.13 41.9
1556337683.15 42.4
1556337693.17 42.9
1556337703.18 42.4
1556337713.2 41.9
1556337723.22 42.9
1556337733.23 43.5
1556337743.25 41.9
1556337753.27 42.9
1556337763.29 41.9
1556337773.3 41.9
1556337783.32 42.9
1556337793.33 42.9
1556337803.34 42.9
1556337813.36 42.9
1556337823.38 42.9
1556337833.39 42.9
1556337843.4 42.9
1556337853.42 42.9
1556337863.44 41.9
1556337873.46 42.9
1556337883.48 42.9
1556337893.5 42.9
1556337903.52 42.4
1556337913.54 42.9
1556337923.56 42.9
1556337933.57 42.9
1556337943.59 42.4
1556337953.6 42.9
1556337963.62 42.9
1556337973.64 41.9
1556337983.66 41.9
1556337993.68 41.9
1556338003.7 42.4
1556338013.71 42.4
1556338023.73 41.9
1556338033.75 42.4
1556338043.77 42.4
1556338053.79 41.9
1556338063.81 41.9
1556338073.82 42.4
1556338083.85 42.4
1556338093.87 41.9
1556338103.88 42.4
1556338113.9 42.4
1556338123.93 41.9
1556338133.95 41.9
1556338143.97 41.9
1556338153.99 41.9
1556338164.01 41.9
1556338174.03 41.3
1556338184.05 41.9
1556338194.07 41.9
1556338204.09 41.3
1556338214.11 41.9
1556338224.13 42.4
1556338234.15 41.9
1556338244.17 41.3
1556338254.19 41.9
1556338264.21 41.9
1556338274.23 41.9
1556338284.25 41.3
1556338294.27 42.4
1556338304.29 41.3
1556338314.31 41.9
1556338324.33 41.3
1556338334.35 41.3
1556338344.37 42.4
1556338354.39 42.9
1556338364.41 41.3
1556338374.43 41.9
1556338384.44 42.4
1556338394.46 41.3
1556338404.49 41.3
1556338414.51 40.8
1556338424.54 41.3
1556338434.56 41.3
1556338444.58 41.3
1556338454.59 42.4
1556338464.61 40.8
1556338474.63 41.3
1556338484.65 41.3
1556338494.67 41.9
1556338504.69 41.9
1556338514.7 41.9
1556338524.72 41.9
1556338534.74 41.9
1556338544.76 41.9
1556338554.78 41.9
1556338564.8 41.9
1556338574.82 41.3
1556338584.84 41.3
1556338594.86 40.8
1556338604.88 40.8
1556338614.9 41.3
1556338624.92 41.3
1556338634.94 41.9
1556338644.96 41.3
1556338654.98 41.3
1556338665.0 42.4
1556338675.01 41.3
1556338685.03 41.3
1556338695.04 41.3
1556338705.07 40.8
1556338715.09 41.3
1556338725.11 40.8
1556338735.13 40.8
1556338745.15 40.8
1556338755.17 40.8
1556338765.19 41.3
1556338775.21 41.9
1556338785.23 41.9
1556338795.25 40.8
1556338805.27 40.8
1556338815.29 40.8
1556338825.31 40.8
1556338835.33 40.8
1556338845.35 41.3
1556338855.37 40.8
1556338865.39 41.3
1556338875.41 40.8
1556338885.43 40.8
1556338895.46 40.8
1556338905.48 40.8
1556338915.5 41.3
1556338925.52 41.3
1556338935.54 41.3
1556338945.56 41.3
1556338955.58 40.8
1556338965.6 41.9
1556338975.62 42.4
1556338985.64 41.3
1556338995.66 40.8
1556339005.68 41.3
1556339015.7 40.8
1556339025.72 40.8
1556339035.74 40.8
1556339045.76 40.8
1556339055.78 40.8
1556339065.8 41.3
1556339075.82 40.8
1556339085.84 40.8
1556339095.86 40.8
1556339105.88 39.7
1556339115.9 40.2
1556339125.92 41.3
1556339135.94 40.8
1556339145.97 41.3
1556339155.99 40.8
1556339166.01 41.3
1556339176.03 40.8
1556339186.05 40.8
1556339196.07 40.8
1556339206.09 41.3
1556339216.11 40.8
1556339226.13 40.8
1556339236.16 41.9
1556339246.18 41.9
1556339256.2 40.8
1556339266.22 40.8
1556339276.24 40.8
1556339286.27 40.8
1556339296.29 40.8
1556339306.31 40.8
1556339316.33 41.3
1556339326.35 41.3
1556339336.38 40.8
1556339346.4 40.8
1556339356.42 41.3
1556339366.44 40.8
1556339376.46 41.3
1556339386.48 40.8
1556339396.5 40.8
1556339406.52 40.8
1556339416.56 40.8
1556339426.58 40.8
1556339436.6 40.8
1556339446.62 40.8
1556339456.64 40.8
1556339466.66 40.8
1556339476.68 41.3
1556339486.7 40.8
1556339496.71 40.8
1556339506.73 40.8
1556339516.75 40.8
1556339526.77 41.3
1556339536.79 40.8
1556339546.8 41.9
1556339556.82 40.8
1556339566.84 40.8
1556339576.86 40.2
1556339586.88 41.3
1556339596.9 40.8
1556339606.91 40.8
1556339616.93 40.2
1556339626.95 41.3
1556339636.97 40.8
1556339646.99 40.8
1556339657.01 40.8
1556339667.03 40.8
1556339677.04 40.8
1556339687.06 41.9
1556339697.08 40.8
1556339707.1 40.8
1556339717.12 41.3
1556339727.14 41.3
1556339737.16 41.3
1556339747.18 40.8
1556339757.2 40.8
1556339767.22 41.3
1556339777.24 40.8
1556339787.26 40.8
1556339797.28 40.8
1556339807.29 40.8
1556339817.31 40.2
1556339827.33 40.2
1556339837.35 40.8
1556339847.37 40.8
1556339857.39 40.8
1556339867.41 41.3
1556339877.43 40.8
1556339887.45 40.8
1556339897.46 40.8
1556339907.48 40.8
1556339917.5 40.8
1556339927.53 40.8
1556339937.54 40.8
1556339947.57 40.8
1556339957.59 40.8
1556339967.61 40.2
1556339977.62 40.8
1556339987.64 40.8
1556339997.66 40.8
1556340007.68 39.7
1556340017.69 40.8
1556340027.71 40.8
1556340037.73 40.8
1556340047.75 40.8
1556340057.77 40.8
1556340067.79 40.8
1556340077.81 40.2
1556340087.83 40.8
1556340097.85 41.3
1556340107.86 40.2
1556340117.88 40.8
1556340127.9 40.8
1556340137.92 40.8
1556340147.94 40.8
1556340157.96 41.3
1556340167.97 41.3
1556340178.0 40.8
1556340188.02 41.3
1556340198.05 40.8
1556340208.07 40.8
1556340218.08 40.8
1556340228.1 40.8
1556340238.12 40.8
1556340248.14 40.8
1556340258.15 40.8
1556340268.17 40.8
1556340278.19 41.3
1556340288.21 40.8
1556340298.23 41.9
1556340308.24 41.3
1556340318.27 40.8
1556340328.28 41.3
1556340338.3 40.8
1556340348.32 40.8
1556340358.34 41.9
1556340368.36 41.3
1556340378.37 40.8
1556340388.39 40.8
1556340398.42 40.8
1556340408.44 40.8
1556340418.45 41.3
1556340428.47 40.8
1556340438.5 40.8
1556340448.52 40.8
1556340458.53 41.3
1556340468.56 40.8
1556340478.57 40.8
1556340488.59 41.3
1556340498.61 41.3
1556340508.63 40.8
1556340518.65 40.8
1556340528.67 40.8
1556340538.69 40.8
1556340548.71 40.2
1556340558.72 41.3
1556340568.74 40.8
1556340578.76 40.8
1556340588.78 40.8
1556340598.8 41.3
1556340608.82 40.8
1556340618.84 40.8
1556340628.86 40.8
1556340638.88 40.8
1556340648.9 40.8
1556340658.92 41.3
1556340668.94 40.8
1556340678.96 40.8
1556340688.98 40.8
1556340699.0 40.8
1556340709.02 40.8
1556340719.04 40.8
1556340729.07 40.8
1556340739.09 40.8
1556340749.11 40.8
1556340759.13 40.8
1556340769.15 41.3
1556340779.17 40.8
1556340789.18 41.9
1556340799.2 40.8
1556340809.22 41.3
1556340819.24 41.3
1556340829.26 41.9
1556340839.28 41.3
1556340849.3 41.9
1556340859.32 40.8
1556340869.34 40.2
1556340879.36 41.3
1556340889.38 40.8
1556340899.4 40.8
1556340909.42 40.8
1556340919.44 40.8
1556340929.45 41.9
1556340939.47 40.8
1556340949.49 41.3
1556340959.51 40.8
1556340969.53 41.3
1556340979.55 40.8
1556340989.57 40.8
1556340999.59 40.8
1556341009.61 40.8
1556341019.63 40.8
1556341029.65 40.8
1556341039.67 40.8
1556341049.69 40.8
1556341059.71 40.8
1556341069.73 40.8
1556341079.75 40.8
1556341089.77 40.8
1556341099.79 40.8
1556341109.8 40.8
1556341119.82 40.8
1556341129.84 40.8
1556341139.86 40.2
1556341149.88 40.8
1556341159.9 41.9
1556341169.91 41.9
1556341179.93 40.8
1556341189.95 40.8
1556341199.97 41.3
1556341209.99 41.3
1556341220.01 40.8
1556341230.03 40.8
1556341240.05 40.8
1556341250.07 40.8
1556341260.09 41.3
1556341270.11 41.9
1556341280.13 42.4
1556341290.14 40.8
1556341300.17 41.3
1556341310.2 40.8
1556341320.22 41.3
1556341330.24 40.8
1556341340.26 41.3
1556341350.28 40.8
1556341360.3 40.8
1556341370.32 41.9
1556341380.34 40.8
1556341390.36 40.8
1556341400.38 40.8
1556341410.4 41.3
1556341420.42 40.8
1556341430.44 40.8
1556341440.46 41.3
1556341450.49 40.8
1556341460.5 41.9
1556341470.52 40.8
1556341480.53 41.9
1556341490.55 41.3
1556341500.57 40.8
1556341510.59 41.9
1556341520.61 41.3
1556341530.63 41.3
1556341540.65 40.8
1556341550.67 41.9
1556341560.69 41.9
1556341570.71 41.3
1556341580.73 41.9
1556341590.75 40.8
1556341600.77 41.9
1556341610.79 41.3
1556341620.81 41.3
1556341630.83 41.3
1556341640.85 41.3
1556341650.86 41.3
1556341660.88 41.9
1556341670.91 41.3
1556341680.93 41.9
1556341690.95 41.3
1556341700.97 41.3
1556341710.99 41.3
1556341721.01 40.8
1556341731.03 41.3
1556341741.05 41.3
1556341751.07 41.3
1556341761.08 42.4
1556341771.1 41.9
1556341781.13 41.3
1556341791.15 40.8
1556341801.16 41.9
1556341811.18 41.3
1556341821.2 41.3
1556341831.22 41.3
1556341841.24 41.3
1556341851.26 41.9
1556341861.28 41.9
1556341871.29 41.9
1556341881.31 40.8
1556341891.33 40.8
1556341901.35 41.9
1556341911.37 41.9
1556341921.39 40.8
1556341931.42 41.9
1556341941.43 41.3
1556341951.45 41.3
1556341961.47 41.3
1556341971.48 40.8
1556341981.5 41.3
1556341991.51 41.3
1556342001.53 41.3
1556342011.55 40.8
1556342021.56 41.3
1556342031.57 41.9
1556342041.59 41.3
1556342051.6 40.8
1556342061.62 41.9
1556342071.64 40.8
1556342081.65 41.3
1556342091.67 41.3
1556342101.69 41.3
1556342111.7 41.9
1556342121.72 40.8
1556342131.73 41.3
1556342141.75 41.3
1556342151.77 40.8
1556342161.78 41.9
1556342171.8 41.3
1556342181.81 41.3
1556342191.83 40.8
1556342201.85 40.8
1556342211.86 40.8
1556342221.88 40.8
1556342231.9 40.8
1556342241.92 40.8
1556342251.94 41.3
1556342261.96 41.3
1556342271.97 41.9
1556342281.99 41.3
1556342292.01 41.3
1556342302.03 41.9
1556342312.04 41.3
1556342322.05 42.4
1556342332.07 41.3
1556342342.09 41.3
1556342352.11 41.3
1556342362.13 42.4
1556342372.14 41.9
1556342382.15 41.3
1556342392.16 41.9
1556342402.19 41.3
1556342412.21 41.3
1556342422.23 41.9
1556342432.25 41.9
1556342442.26 41.9
1556342452.28 42.4
1556342462.31 41.9
1556342472.32 41.3
1556342482.34 41.9
1556342492.36 41.3
1556342502.38 41.3
1556342512.4 40.8
1556342522.42 41.3
1556342532.44 40.8
1556342542.46 41.9
1556342552.49 41.9
1556342562.51 41.9
1556342572.53 41.9
1556342582.54 41.3
1556342592.56 41.9
1556342602.58 40.8
1556342612.6 41.9
1556342622.62 41.3
1556342632.64 41.9
1556342642.66 41.9
1556342652.68 41.9
1556342662.7 41.9
1556342672.72 40.8
1556342682.74 41.9
1556342692.76 41.9
1556342702.78 41.3
1556342712.8 41.9
1556342722.82 41.3
1556342732.84 41.3
1556342742.86 41.9
1556342752.88 41.9
1556342762.89 42.4
1556342772.91 41.3
1556342782.93 42.9
1556342792.93 42.9
1556342802.95 41.9
1556342812.97 41.3
1556342823.0 41.9
1556342833.01 41.3
1556342843.03 42.4
1556342853.05 41.9
1556342863.07 41.9
1556342873.09 41.3
1556342883.11 41.9
1556342893.13 41.9
1556342903.14 42.4
1556342913.17 41.9
1556342923.19 41.9
1556342933.21 41.9
1556342943.23 41.9
1556342953.25 41.3
1556342963.27 41.9
1556342973.29 41.3
1556342983.31 40.8
1556342993.33 42.4
1556343003.35 41.9
1556343013.37 41.3
1556343023.39 41.9
1556343033.41 40.8
1556343043.43 41.9
1556343053.45 41.9
1556343063.47 41.3
1556343073.49 41.3
1556343083.51 41.9
1556343093.53 41.3
1556343103.55 41.3
1556343113.57 42.4
1556343123.58 41.9
1556343133.6 41.9
1556343143.62 41.3
1556343153.64 40.8
1556343163.66 41.9
1556343173.68 41.3
1556343183.7 41.9
1556343193.72 41.9
1556343203.74 41.3
1556343213.76 41.9
1556343223.78 41.9
1556343233.8 41.3
1556343243.82 41.9
1556343253.84 41.9
1556343263.86 40.8
1556343273.88 41.9
1556343283.9 41.9
1556343293.92 41.9
1556343303.94 41.9
1556343313.96 42.4
1556343323.97 42.4
1556343333.99 41.9
1556343344.0 41.9
1556343354.01 41.3
1556343364.03 41.9
1556343374.05 41.9
1556343384.06 40.8
1556343394.08 41.3
1556343404.1 41.9
1556343414.12 41.3
1556343424.13 41.9
1556343434.15 41.9
1556343444.16 41.3
1556343454.18 41.3
1556343464.2 41.9
1556343474.22 41.9
1556343484.24 41.9
1556343494.26 41.9
1556343504.28 41.9
1556343514.3 42.4
1556343524.32 41.3
1556343534.34 41.9
1556343544.36 42.4
1556343554.38 41.9
1556343564.4 41.9
1556343574.42 41.9
1556343584.44 41.3
1556343594.47 41.3
1556343604.49 41.3
1556343614.51 41.3
1556343624.53 41.9
1556343634.55 41.9
1556343644.57 41.3
1556343654.59 41.9
1556343664.61 41.3
1556343674.63 41.9
1556343684.65 40.8
1556343694.67 41.9
1556343704.69 41.9
1556343714.71 41.3
1556343724.73 41.9
1556343734.74 41.9
1556343744.76 41.9
1556343754.78 41.9
1556343764.8 41.9
1556343774.82 41.9
1556343784.84 41.3
1556343794.85 41.9
1556343804.88 41.3
1556343814.89 41.9
1556343824.91 41.3
1556343834.93 41.3
1556343844.95 42.4
1556343854.97 41.9
1556343864.99 41.9
1556343875.01 41.3
1556343885.03 41.3
1556343895.05 41.9
1556343905.07 41.9
1556343915.09 41.3
1556343925.11 40.8
1556343935.12 41.3
1556343945.14 41.9
1556343955.16 40.8
1556343965.18 41.3
1556343975.2 41.3
1556343985.22 41.3
1556343995.24 41.9
1556344005.26 41.3
1556344015.28 41.9
1556344025.3 41.3
1556344035.32 40.8
1556344045.34 41.3
1556344055.36 41.9
1556344065.38 41.9
1556344075.4 41.3
1556344085.42 41.3
1556344095.44 41.3
1556344105.46 41.9
1556344115.48 40.8
1556344125.5 41.3
1556344135.52 41.9
1556344145.54 40.8
1556344155.56 40.8
1556344165.58 40.8
1556344175.59 41.9
1556344185.61 40.8
1556344195.63 41.9
1556344205.65 40.8
1556344215.67 41.3
1556344225.69 40.8
1556344235.71 40.8
1556344245.73 40.8
1556344255.75 40.8
1556344265.77 40.8
1556344275.79 41.9
1556344285.81 41.3
1556344295.83 40.8
1556344305.85 41.3
1556344315.87 40.8
1556344325.89 41.3
1556344335.91 41.3
1556344345.92 41.9
1556344355.94 41.3
1556344365.96 41.3
1556344375.98 41.3
1556344386.0 41.3
1556344396.01 41.3
1556344406.03 41.3
1556344416.05 40.8
1556344426.07 41.3
1556344436.09 41.3
1556344446.11 40.8
1556344456.13 41.3
1556344466.15 40.8
1556344476.17 40.8
1556344486.19 40.8
1556344496.21 40.8
1556344506.23 41.3
1556344516.25 41.9
1556344526.27 41.3
1556344536.29 40.8
1556344546.31 40.8
1556344556.33 41.3
1556344566.35 41.3
1556344576.37 41.3
1556344586.39 41.3
1556344596.41 40.8
1556344606.43 41.3
1556344616.45 40.8
1556344626.47 41.3
1556344636.49 40.8
1556344646.51 41.9
1556344656.53 41.3
1556344666.55 40.8
1556344676.57 41.9
1556344686.58 41.9
1556344696.6 41.9
1556344706.61 41.3
1556344716.63 41.3
1556344726.66 41.3
1556344736.67 40.8
1556344746.7 40.8
1556344756.72 42.4
1556344766.73 41.9
1556344776.75 41.9
1556344786.77 41.9
1556344796.79 41.9
