1556100002.09 46.2
1556100012.11 46.2
1556100022.13 46.2
1556100032.14 45.6
1556100042.15 45.6
1556100052.17 45.1
1556100062.18 45.1
1556100072.19 45.6
1556100082.21 45.1
1556100092.23 46.2
1556100102.24 46.2
1556100112.26 46.2
1556100122.27 45.6
1556100132.29 45.1
1556100142.31 45.1
1556100152.33 45.6
1556100162.35 45.6
1556100172.37 45.1
1556100182.4 45.6
1556100192.41 46.2
1556100202.43 45.6
1556100212.45 45.6
1556100222.47 46.2
1556100232.48 45.6
1556100242.51 45.6
1556100252.53 45.1
1556100262.55 46.2
1556100272.56 45.6
1556100282.57 46.2
1556100292.59 46.2
1556100302.6 45.6
1556100312.62 46.2
1556100322.64 46.2
1556100332.66 46.7
1556100342.67 46.7
1556100352.68 46.7
1556100362.7 46.7
1556100372.72 46.2
1556100382.73 46.7
1556100392.75 46.7
1556100402.76 46.2
1556100412.78 47.2
1556100422.8 45.6
1556100432.81 46.2
1556100442.83 45.6
1556100452.84 46.7
1556100462.86 46.7
1556100472.87 46.7
1556100482.89 47.2
1556100492.9 46.7
1556100502.92 47.2
1556100512.93 47.2
1556100522.95 46.7
1556100532.97 46.7
1556100542.99 47.2
1556100553.0 47.2
1556100563.02 46.2
1556100573.04 47.2
1556100583.06 46.2
1556100593.07 47.2
1556100603.09 46.7
1556100613.11 47.2
1556100623.13 47.2
1556100633.14 47.2
1556100643.16 47.8
1556100653.17 47.2
1556100663.19 47.2
1556100673.2 47.2
1556100683.22 47.2
1556100693.23 47.8
1556100703.25 47.2
1556100713.27 47.2
1556100723.28 47.2
1556100733.3 47.2
1556100743.32 47.2
1556100753.33 47.8
1556100763.35 47.2
1556100773.37 47.8
1556100783.39 47.2
1556100793.41 47.2
1556100803.43 46.7
1556100813.45 46.7
1556100823.47 47.2
1556100833.48 47.2
1556100843.49 47.8
1556100853.51 47.8
1556100863.53 46.2
1556100873.55 47.2
1556100883.57 47.2
1556100893.59 47.2
1556100903.6 47.8
1556100913.62 47.2
1556100923.63 47.2
1556100933.65 47.2
1556100943.66 47.2
1556100953.68 47.2
1556100963.7 47.2
1556100973.71 47.2
1556100983.72 47.2
1556100993.74 47.2
1556101003.76 46.7
1556101013.78 46.7
1556101023.8 46.2
1556101033.81 47.2
1556101043.83 47.2
1556101053.85 47.2
1556101063.87 46.7
1556101073.88 47.8
1556101083.91 46.2
1556101093.92 47.8
1556101103.94 47.2
1556101113.95 47.2
1556101123.98 46.7
1556101133.99 47.2
1556101144.01 47.8
1556101154.02 47.2
1556101164.04 47.8
1556101174.07 47.2
1556101184.08 47.8
1556101194.11 47.2
1556101204.13 47.2
1556101214.14 47.2
1556101224.16 47.8
1556101234.18 46.7
1556101244.2 47.2
1556101254.21 47.2
1556101264.23 47.2
1556101274.24 47.8
1556101284.26 47.2
1556101294.28 47.8
1556101304.3 47.2
1556101314.32 47.8
1556101324.33 47.2
1556101334.35 47.2
1556101344.37 47.2
1556101354.38 47.2
1556101364.4 47.8
1556101374.42 47.2
1556101384.43 47.2
1556101394.45 46.2
1556101404.47 46.2
1556101414.48 47.2
1556101424.5 47.2
1556101434.52 46.7
1556101444.53 47.2
1556101454.54 47.2
1556101464.56 46.2
1556101474.57 46.7
1556101484.58 45.6
1556101494.6 46.2
1556101504.62 47.2
1556101514.64 47.2
1556101524.66 46.7
1556101534.67 47.2
1556101544.69 46.2
1556101554.7 46.2
1556101564.72 46.7
1556101574.73 46.2
1556101584.76 46.7
1556101594.78 47.2
1556101604.8 46.2
1556101614.82 46.7
1556101624.85 46.7
1556101634.87 47.2
1556101644.89 46.7
1556101654.91 46.7
1556101664.92 46.2
1556101674.94 46.2
1556101684.95 46.7
1556101694.97 45.1
1556101704.99 46.2
1556101715.01 46.2
1556101725.02 46.7
1556101735.04 46.2
1556101745.06 46.2
1556101755.07 46.7
1556101765.09 47.2
1556101775.11 47.2
1556101785.13 45.6
1556101795.15 46.2
1556101805.16 46.7
1556101815.18 46.2
1556101825.2 47.2
1556101835.22 46.2
1556101845.23 46.7
1556101855.24 46.2
1556101865.26 46.2
1556101875.27 45.6
1556101885.28 46.2
1556101895.3 46.7
1556101905.32 45.6
1556101915.33 46.7
1556101925.35 46.2
1556101935.36 46.2
1556101945.38 47.2
1556101955.4 46.2
1556101965.42 47.2
1556101975.44 46.7
1556101985.45 46.2
1556101995.47 47.2
1556102005.48 46.2
1556102015.5 47.2
1556102025.52 47.2
1556102035.53 46.7
1556102045.55 46.2
1556102055.57 47.2
1556102065.59 46.2
1556102075.6 46.2
1556102085.62 47.2
1556102095.64 46.7
1556102105.66 46.2
1556102115.67 46.7
1556102125.7 45.6
1556102135.72 46.2
1556102145.73 46.2
1556102155.75 47.2
1556102165.77 45.1
1556102175.79 45.6
1556102185.81 46.2
1556102195.82 46.2
1556102205.84 46.2
1556102215.86 46.2
1556102225.88 47.2
1556102235.89 47.2
1556102245.91 47.2
1556102255.93 46.7
1556102265.94 47.2
1556102275.96 47.2
1556102285.98 46.2
1556102296.0 46.2
1556102306.02 46.2
1556102316.04 45.6
1556102326.06 46.7
1556102336.07 46.2
1556102346.1 45.6
1556102356.11 46.2
1556102366.13 46.7
1556102376.15 45.6
1556102386.17 47.2
1556102396.19 46.7
1556102406.2 47.2
1556102416.22 46.7
1556102426.24 47.2
1556102436.25 46.2
1556102446.27 47.2
1556102456.28 47.2
1556102466.29 47.2
1556102476.31 46.2
1556102486.33 46.2
1556102496.35 46.7
1556102506.36 47.2
1556102516.38 46.7
1556102526.4 47.2
1556102536.41 47.2
1556102546.43 47.2
1556102556.45 46.7
1556102566.47 46.7
1556102576.49 47.2
1556102586.51 47.2
1556102596.53 47.2
1556102606.55 46.2
1556102616.57 47.8
1556102626.58 47.2
1556102636.6 47.2
1556102646.62 46.7
1556102656.64 47.2
1556102666.66 47.2
1556102676.68 47.2
1556102686.7 47.2
1556102696.72 46.2
1556102706.74 47.2
1556102716.77 47.2
1556102726.79 46.2
1556102736.8 47.2
1556102746.82 47.2
1556102756.84 47.2
1556102766.85 47.8
1556102776.87 47.8
1556102786.89 46.2
1556102796.9 47.2
1556102806.92 47.2
1556102816.94 46.2
1556102826.96 46.2
1556102836.97 46.7
1556102846.99 46.2
1556102857.01 46.7
1556102867.04 47.2
1556102877.05 47.2
1556102887.07 46.2
1556102897.09 46.2
1556102907.11 46.2
1556102917.13 46.2
1556102927.14 46.2
1556102937.17 46.2
1556102947.18 46.7
1556102957.2 46.2
1556102967.23 46.2
1556102977.25 45.6
1556102987.27 46.2
1556102997.28 47.2
1556103007.29 47.2
1556103017.31 46.2
1556103027.33 46.2
1556103037.35 45.6
1556103047.37 45.6
1556103057.39 46.2
1556103067.4 45.6
1556103077.42 46.2
1556103087.43 46.2
1556103097.45 46.2
1556103107.47 46.2
1556103117.49 46.2
1556103127.51 46.2
1556103137.53 46.2
1556103147.55 46.2
1556103157.57 45.6
1556103167.58 46.2
1556103177.6 46.2
1556103187.62 46.2
1556103197.63 46.2
1556103207.65 46.2
1556103217.67 46.7
1556103227.68 46.2
1556103237.69 46.2
1556103247.71 46.2
1556103257.73 46.2
1556103267.74 46.2
1556103277.76 46.2
1556103287.77 45.6
1556103297.79 45.6
1556103307.81 45.6
1556103317.82 46.2
1556103327.84 45.1
1556103337.86 46.2
1556103347.88 46.2
1556103357.89 45.6
1556103367.9 46.2
1556103377.92 46.2
1556103387.94 46.2
1556103397.95 46.2
1556103407.97 46.2
1556103417.98 46.7
1556103428.0 46.2
1556103438.02 45.6
1556103448.03 46.2
1556103458.05 46.2
1556103468.07 46.2
1556103478.08 47.2
1556103488.1 46.2
1556103498.12 46.2
1556103508.13 46.2
1556103518.15 45.6
1556103528.17 46.2
1556103538.19 46.2
1556103548.21 47.2
1556103558.23 46.7
1556103568.25 46.2
1556103578.27 47.2
1556103588.29 46.2
1556103598.31 46.2
