1556600005.62 44.0
1556600015.64 45.1
1556600025.66 44.5
1556600035.68 44.0
1556600045.69 45.1
1556600055.71 44.0
1556600065.74 44.0
1556600075.76 44.5
1556600085.78 45.1
1556600095.8 44.5
1556600105.81 45.1
1556600115.84 44.5
1556600125.86 45.1
1556600135.88 45.1
1556600145.9 44.5
1556600155.91 44.5
1556600165.94 45.1
1556600175.96 45.1
1556600185.98 44.5
1556600195.99 45.1
1556600206.01 45.1
1556600216.03 45.1
1556600226.05 45.1
1556600236.07 45.1
1556600246.09 45.1
1556600256.12 45.1
1556600266.14 44.0
1556600276.16 45.1
1556600286.18 44.5
1556600296.2 44.0
1556600306.22 45.1
1556600316.24 45.1
1556600326.27 44.5
1556600336.29 45.1
1556600346.31 44.5
1556600356.33 44.5
1556600366.35 44.0
1556600376.37 44.0
1556600386.39 44.0
1556600396.41 44.5
1556600406.42 46.7
1556600416.44 44.5
1556600426.46 44.5
1556600436.48 45.1
1556600446.5 44.5
1556600456.52 44.0
1556600466.54 44.0
1556600476.55 44.5
1556600486.57 45.1
1556600496.59 45.1
1556600506.6 44.0
1556600516.62 44.5
1556600526.63 44.5
1556600536.65 44.5
1556600546.67 44.0
1556600556.69 44.5
1556600566.77 44.5
1556600576.79 44.5
1556600586.8 44.5
1556600596.82 44.5
1556600606.83 44.0
1556600616.85 45.1
1556600626.87 45.1
1556600636.89 44.5
1556600646.9 44.0
1556600656.92 44.5
1556600666.94 44.5
1556600676.96 44.0
1556600686.97 44.5
1556600696.98 44.5
1556600706.99 45.1
1556600717.01 45.1
1556600727.03 44.5
1556600737.05 44.0
1556600747.07 45.1
1556600757.09 44.5
1556600767.1 44.5
1556600777.13 45.1
1556600787.15 45.1
1556600797.17 44.5
1556600807.18 45.1
1556600817.21 44.0
1556600827.22 44.5
1556600837.25 44.0
1556600847.27 44.5
1556600857.28 44.5
1556600867.3 44.0
1556600877.33 44.0
1556600887.35 44.0
1556600897.36 45.1
1556600907.38 45.1
1556600917.4 45.1
1556600927.43 44.5
1556600937.44 44.5
1556600947.46 45.1
1556600957.47 45.1
1556600967.5 44.5
1556600977.51 44.0
1556600987.53 45.6
1556600997.55 44.0
1556601007.57 45.1
1556601017.59 44.0
1556601027.61 45.1
1556601037.62 45.1
1556601047.64 44.5
1556601057.67 44.0
1556601067.69 44.0
1556601077.7 44.0
1556601087.73 44.0
1556601097.75 44.0
1556601107.77 44.0
1556601117.79 45.1
1556601127.81 44.0
1556601137.83 44.0
1556601147.85 44.0
1556601157.87 44.0
1556601167.89 44.0
1556601177.91 44.0
1556601187.94 43.5
1556601197.96 44.0
1556601207.98 44.0
1556601217.99 44.5
1556601228.01 44.0
1556601238.03 43.5
1556601248.05 44.0
1556601258.08 43.5
1556601268.1 44.0
1556601278.12 44.0
1556601288.13 44.5
1556601298.15 44.0
1556601308.18 44.0
1556601318.2 44.0
1556601328.22 44.0
1556601338.23 44.0
1556601348.25 44.0
1556601358.27 44.0
1556601368.29 45.1
1556601378.31 44.0
1556601388.33 43.5
1556601398.35 44.5
1556601408.37 44.0
1556601418.39 43.5
1556601428.41 44.0
1556601438.42 44.0
1556601448.44 44.5
1556601458.45 45.1
1556601468.47 44.0
1556601478.49 44.0
1556601488.5 44.5
1556601498.52 43.5
1556601508.54 44.0
1556601518.55 45.1
1556601528.57 44.5
1556601538.59 44.0
1556601548.61 44.5
1556601558.62 45.1
1556601568.63 44.0
1556601578.65 44.0
1556601588.67 44.5
1556601598.69 44.0
1556601608.71 45.1
1556601618.72 45.1
1556601628.74 45.1
1556601638.75 44.5
1556601648.77 44.5
1556601658.79 44.0
1556601668.81 45.1
1556601678.82 45.1
1556601688.84 43.5
1556601698.86 44.0
1556601708.88 44.0
1556601718.9 44.0
1556601728.92 44.0
1556601738.94 43.5
1556601748.96 43.5
1556601758.98 43.5
1556601769.0 44.0
1556601779.01 44.0
1556601789.04 44.0
1556601799.05 44.5
1556601809.07 44.0
1556601819.09 44.0
1556601829.11 43.5
1556601839.13 44.0
1556601849.15 44.0
1556601859.16 44.0
1556601869.18 43.5
1556601879.19 44.0
1556601889.21 44.0
1556601899.22 43.5
1556601909.24 44.0
1556601919.25 44.0
1556601929.26 44.5
1556601939.28 44.0
1556601949.29 44.0
1556601959.31 43.5
1556601969.33 44.0
1556601979.35 43.5
1556601989.36 44.0
1556601999.37 44.0
1556602009.38 44.0
1556602019.4 44.0
1556602029.41 43.5
1556602039.43 43.5
1556602049.45 43.5
1556602059.46 44.0
1556602069.47 45.1
1556602079.49 44.0
1556602089.5 44.0
1556602099.52 44.5
1556602109.54 45.1
1556602119.55 45.1
1556602129.57 44.5
1556602139.58 45.1
1556602149.59 45.1
1556602159.61 44.5
1556602169.63 44.5
1556602179.65 45.1
1556602189.67 44.5
1556602199.68 45.1
1556602209.7 45.1
1556602219.73 45.1
1556602229.74 45.1
1556602239.75 45.1
1556602249.77 44.0
1556602259.79 44.5
1556602269.8 44.5
1556602279.82 44.0
1556602289.84 44.5
1556602299.85 45.1
1556602309.87 44.0
1556602319.89 45.1
1556602329.9 44.0
1556602339.92 44.0
1556602349.93 44.5
1556602359.95 44.5
1556602369.97 44.5
1556602379.98 44.0
1556602390.0 44.0
1556602400.02 44.5
1556602410.04 45.1
1556602420.06 44.0
1556602430.08 45.1
1556602440.1 44.0
1556602450.11 44.0
1556602460.13 44.0
1556602470.15 44.0
1556602480.17 43.5
1556602490.2 45.1
1556602500.22 44.0
1556602510.24 44.0
1556602520.25 44.0
1556602530.27 45.1
1556602540.29 44.0
1556602550.31 44.0
1556602560.33 43.5
1556602570.35 44.0
1556602580.38 44.0
1556602590.39 44.0
1556602600.41 44.5
1556602610.43 44.0
1556602620.46 43.5
1556602630.47 44.0
1556602640.49 43.5
1556602650.52 43.5
1556602660.53 43.5
1556602670.55 43.5
1556602680.57 44.0
1556602690.59 44.0
1556602700.61 44.0
1556602710.63 43.5
1556602720.65 44.0
1556602730.67 43.5
1556602740.69 44.0
1556602750.71 44.0
1556602760.72 44.0
1556602770.75 44.0
1556602780.77 44.0
1556602790.78 44.0
1556602800.8 44.0
1556602810.82 43.5
1556602820.84 43.5
1556602830.86 43.5
1556602840.88 43.5
1556602850.9 44.0
1556602860.92 43.5
1556602870.95 43.5
1556602880.97 44.0
1556602890.99 44.0
1556602901.01 44.5
1556602911.02 44.0
1556602921.04 44.0
1556602931.05 44.5
1556602941.06 43.5
1556602951.08 44.5
1556602961.1 43.5
1556602971.12 44.0
1556602981.14 43.5
1556602991.16 43.5
1556603001.18 44.0
1556603011.19 43.5
1556603021.22 43.5
1556603031.24 44.0
1556603041.26 43.5
1556603051.28 43.5
1556603061.3 42.9
1556603071.32 43.5
1556603081.33 44.0
1556603091.35 43.5
1556603101.37 42.9
1556603111.4 42.9
1556603121.41 44.0
1556603131.43 44.0
1556603141.44 44.0
1556603151.46 43.5
1556603161.47 43.5
1556603171.5 43.5
1556603181.52 42.9
1556603191.53 44.0
1556603201.55 43.5
1556603211.57 43.5
1556603221.6 42.9
1556603231.62 42.9
1556603241.63 42.9
1556603251.65 42.9
1556603261.67 43.5
1556603271.7 43.5
1556603281.72 42.9
1556603291.73 44.0
1556603301.75 43.5
1556603311.77 43.5
1556603321.8 42.9
1556603331.82 42.9
1556603341.84 42.9
1556603351.85 43.5
1556603361.88 42.9
1556603371.9 42.9
1556603381.91 42.4
1556603391.93 42.9
1556603401.96 42.4
1556603411.97 43.5
1556603421.99 42.9
1556603432.02 42.9
1556603442.03 42.4
1556603452.06 42.9
1556603462.07 42.9
1556603472.09 42.4
1556603482.11 42.9
1556603492.14 41.9
1556603502.16 41.9
1556603512.18 42.4
1556603522.2 42.4
1556603532.22 42.4
1556603542.24 42.9
1556603552.26 42.9
1556603562.28 42.4
1556603572.3 41.9
1556603582.32 42.9
1556603592.34 41.9
1556603602.36 41.9
1556603612.38 41.9
1556603622.4 42.4
1556603632.42 41.9
1556603642.45 42.4
1556603652.47 41.9
1556603662.48 42.9
1556603672.5 41.9
1556603682.52 41.9
1556603692.54 42.4
1556603702.56 41.9
1556603712.58 41.9
1556603722.6 41.9
1556603732.62 41.9
1556603742.64 41.9
1556603752.66 42.9
1556603762.68 41.3
1556603772.7 41.9
1556603782.72 41.9
1556603792.75 41.9
1556603802.77 41.9
1556603812.79 42.4
1556603822.81 41.9
1556603832.83 41.9
1556603842.85 41.9
1556603852.87 41.9
1556603862.89 41.9
1556603872.9 41.9
1556603882.92 41.3
1556603892.95 41.3
1556603902.97 41.9
1556603912.99 41.3
1556603923.01 41.3
1556603933.03 41.3
1556603943.05 42.4
1556603953.07 42.4
1556603963.09 41.9
1556603973.11 41.9
1556603983.12 41.9
1556603993.15 42.4
1556604003.17 42.4
1556604013.19 41.3
1556604023.21 42.4
1556604033.22 41.9
1556604043.25 41.9
1556604053.27 41.3
1556604063.29 41.3
1556604073.31 41.9
1556604083.33 41.9
1556604093.35 42.4
1556604103.37 42.4
1556604113.39 41.3
1556604123.41 40.8
1556604133.42 42.4
1556604143.44 42.4
1556604153.46 41.9
1556604163.48 41.9
1556604173.49 41.9
1556604183.52 42.4
1556604193.54 41.9
1556604203.55 42.4
1556604213.57 42.9
1556604223.58 41.9
1556604233.6 41.9
1556604243.62 41.9
1556604253.64 42.4
1556604263.66 41.9
1556604273.68 41.3
1556604283.7 41.3
1556604293.72 41.9
1556604303.74 41.9
1556604313.76 41.9
1556604323.79 41.9
1556604333.8 41.9
1556604343.82 41.9
1556604353.83 42.4
1556604363.85 41.9
1556604373.87 41.9
1556604383.89 41.9
1556604393.91 42.4
1556604403.93 41.9
1556604413.95 41.3
1556604423.97 41.9
1556604433.99 41.9
1556604444.01 41.9
1556604454.03 41.3
1556604464.05 41.3
1556604474.07 41.3
1556604484.09 41.9
1556604494.1 42.4
1556604504.12 41.9
1556604514.14 41.9
1556604524.16 41.9
1556604534.18 42.9
1556604544.2 41.9
1556604554.22 41.9
1556604564.24 41.9
1556604574.25 41.9
1556604584.27 41.9
1556604594.29 41.9
1556604604.31 41.3
1556604614.33 41.9
1556604624.35 41.3
1556604634.37 42.4
1556604644.39 41.9
1556604654.41 41.9
1556604664.43 41.9
1556604674.45 41.9
1556604684.47 41.9
1556604694.49 41.9
1556604704.5 41.9
1556604714.52 42.9
1556604724.54 42.4
1556604734.56 41.9
1556604744.57 41.3
1556604754.59 41.3
1556604764.61 41.9
1556604774.63 41.3
1556604784.65 41.9
1556604794.67 41.9
1556604804.68 41.9
1556604814.7 41.3
1556604824.72 41.3
1556604834.74 41.3
1556604844.76 41.9
1556604854.78 41.3
1556604864.8 41.3
1556604874.82 41.9
1556604884.84 41.3
1556604894.86 41.3
1556604904.87 41.3
1556604914.9 40.8
1556604924.91 41.9
1556604934.93 40.8
1556604944.95 41.3
1556604954.96 40.8
1556604964.98 40.8
1556604975.01 40.8
1556604985.02 40.8
1556604995.04 41.3
1556605005.06 41.3
1556605015.08 40.8
1556605025.11 40.8
1556605035.12 40.8
1556605045.15 40.8
1556605055.21 40.2
1556605065.23 40.8
1556605075.25 40.8
1556605085.28 40.8
1556605095.29 41.3
1556605105.31 40.8
1556605115.33 40.8
1556605125.35 40.8
1556605135.37 40.8
1556605145.4 40.8
1556605155.41 41.3
1556605165.43 40.8
1556605175.45 40.8
1556605185.47 40.8
1556605195.49 40.2
1556605205.51 40.8
1556605215.53 40.8
1556605225.55 40.8
1556605235.57 40.8
1556605245.59 40.8
1556605255.61 40.8
1556605265.63 40.8
1556605275.65 40.8
1556605285.68 40.8
1556605295.7 40.8
1556605305.72 40.8
1556605315.74 40.8
1556605325.76 40.8
1556605335.78 40.8
1556605345.8 40.8
1556605355.82 40.8
1556605365.84 40.2
1556605375.86 40.8
1556605385.88 40.8
1556605395.9 40.2
1556605405.92 40.8
1556605415.94 40.8
1556605425.96 40.8
1556605435.98 40.2
1556605446.0 39.7
1556605456.02 40.8
1556605466.04 40.8
1556605476.06 40.8
1556605486.08 40.8
1556605496.1 40.2
1556605506.12 40.8
1556605516.14 40.8
1556605526.16 40.2
1556605536.18 40.8
1556605546.19 40.8
1556605556.21 40.2
1556605566.23 40.8
1556605576.25 40.8
1556605586.27 39.7
1556605596.3 39.7
1556605606.31 41.3
1556605616.33 40.8
1556605626.35 39.7
1556605636.37 40.8
1556605646.39 40.8
1556605656.41 40.8
1556605666.42 40.8
1556605676.44 40.8
1556605686.46 40.8
1556605696.48 40.8
1556605706.5 40.8
1556605716.52 40.8
1556605726.53 41.3
1556605736.56 40.2
1556605746.57 40.8
1556605756.59 40.8
1556605766.61 40.2
1556605776.63 40.2
1556605786.65 40.8
1556605796.67 40.8
1556605806.69 40.2
1556605816.71 40.8
1556605826.72 40.2
1556605836.74 40.8
1556605846.76 41.3
1556605856.78 39.7
1556605866.8 40.2
1556605876.82 40.2
1556605886.84 40.8
1556605896.86 40.2
1556605906.88 40.2
1556605916.9 40.8
1556605926.92 40.8
1556605936.93 40.8
1556605946.96 39.7
1556605956.97 40.8
1556605967.0 40.2
1556605977.02 40.8
1556605987.04 39.7
1556605997.06 40.2
1556606007.07 40.8
1556606017.1 39.7
1556606027.11 40.8
1556606037.13 39.7
1556606047.15 40.8
1556606057.17 40.8
1556606067.2 39.7
1556606077.22 40.2
1556606087.24 39.7
1556606097.26 39.7
1556606107.28 40.8
1556606117.3 40.2
1556606127.32 40.2
1556606137.34 40.2
1556606147.37 40.2
1556606157.39 39.7
1556606167.41 40.8
1556606177.43 40.2
1556606187.45 40.8
1556606197.47 40.2
1556606207.49 40.2
1556606217.51 40.2
1556606227.53 41.3
1556606237.56 40.8
1556606247.57 40.8
1556606257.59 40.2
1556606267.61 40.8
1556606277.63 40.8
1556606287.64 40.8
1556606297.66 40.8
1556606307.68 40.8
1556606317.7 39.7
1556606327.71 39.7
1556606337.73 39.7
1556606347.75 39.7
1556606357.77 40.2
1556606367.79 40.8
1556606377.81 40.8
1556606387.83 39.7
1556606397.84 40.8
1556606407.85 40.8
1556606417.87 39.7
1556606427.89 40.2
1556606437.91 39.7
1556606447.92 40.8
1556606457.94 39.7
1556606467.96 39.7
1556606477.98 39.7
1556606488.0 40.2
1556606498.01 40.2
1556606508.03 40.2
1556606518.05 40.8
1556606528.06 39.7
1556606538.08 39.7
1556606548.1 39.7
1556606558.12 39.7
1556606568.14 39.7
1556606578.16 40.8
1556606588.18 40.8
1556606598.2 40.8
1556606608.22 39.7
1556606618.24 39.7
1556606628.26 39.7
1556606638.27 40.2
1556606648.29 39.7
1556606658.32 39.2
1556606668.34 39.7
1556606678.36 39.7
1556606688.38 39.7
1556606698.39 40.8
1556606708.42 40.2
1556606718.44 39.7
1556606728.45 40.8
1556606738.47 39.7
1556606748.49 39.7
1556606758.51 39.2
1556606768.53 39.7
1556606778.55 39.7
1556606788.57 40.8
1556606798.59 39.7
1556606808.6 39.7
1556606818.62 40.2
1556606828.64 39.2
1556606838.66 39.7
1556606848.68 39.2
1556606858.71 39.7
1556606868.73 39.2
1556606878.75 39.7
1556606888.76 39.7
1556606898.79 39.7
1556606908.81 39.7
1556606918.83 39.7
1556606928.84 40.2
1556606938.87 39.7
1556606948.89 39.7
1556606958.91 39.7
1556606968.93 40.2
1556606978.95 39.2
1556606988.97 40.2
1556606998.99 39.7
1556607009.01 39.7
1556607019.03 39.7
1556607029.05 39.2
1556607039.07 39.7
1556607049.09 39.7
1556607059.11 39.7
1556607069.13 39.2
1556607079.15 39.7
1556607089.17 39.7
1556607099.18 39.7
1556607109.21 39.7
1556607119.23 39.7
1556607129.25 40.2
1556607139.27 39.7
1556607149.28 40.2
1556607159.3 40.2
1556607169.32 39.7
1556607179.34 39.7
1556607189.36 39.7
1556607199.38 39.7
1556607209.4 39.7
1556607219.42 40.2
1556607229.44 39.7
1556607239.46 39.7
1556607249.47 40.2
1556607259.49 39.7
1556607269.51 39.2
1556607279.52 40.2
1556607289.54 39.2
1556607299.56 39.7
1556607309.58 39.7
1556607319.6 39.2
1556607329.62 39.7
1556607339.64 39.7
1556607349.66 39.7
1556607359.68 39.2
1556607369.7 39.7
1556607379.72 40.2
1556607389.74 40.8
1556607399.76 39.7
1556607409.77 40.2
1556607419.79 39.2
1556607429.81 39.2
1556607439.83 39.7
1556607449.85 39.7
1556607459.86 39.7
1556607469.88 39.7
1556607479.9 39.7
1556607489.92 39.7
1556607499.94 39.7
1556607509.96 39.2
1556607519.98 39.2
1556607529.99 39.7
1556607540.01 39.7
1556607550.04 39.2
1556607560.06 39.2
1556607570.08 39.7
1556607580.1 39.7
1556607590.12 39.7
1556607600.14 39.7
