1556400001.2 50.5
1556400011.22 49.9
1556400021.24 49.4
1556400031.26 49.4
1556400041.27 50.5
1556400051.29 49.9
1556400061.32 49.9
1556400071.33 49.9
1556400081.35 49.9
1556400091.37 50.5
1556400101.39 49.4
1556400111.41 49.4
1556400121.42 50.5
1556400131.44 49.9
1556400141.45 51.0
1556400151.47 50.5
1556400161.49 51.0
1556400171.5 50.5
1556400181.51 50.5
1556400191.53 51.0
1556400201.54 51.0
1556400211.56 51.0
1556400221.58 50.5
1556400231.6 50.5
1556400241.62 50.5
1556400251.64 49.4
1556400261.65 49.9
1556400271.66 50.5
1556400281.67 50.5
1556400291.68 50.5
1556400301.7 50.5
1556400311.72 49.9
1556400321.73 50.5
1556400331.75 50.5
1556400341.76 49.9
1556400351.77 50.5
1556400361.79 50.5
1556400371.81 49.9
1556400381.83 49.4
1556400391.85 50.5
1556400401.87 49.9
1556400411.89 49.4
1556400421.9 49.9
1556400431.92 50.5
1556400441.94 49.4
1556400451.96 50.5
1556400461.98 49.4
1556400472.0 48.3
1556400482.01 49.4
1556400492.03 49.9
1556400502.04 48.9
1556400512.06 49.4
1556400522.08 49.4
1556400532.1 48.9
1556400542.12 48.3
1556400552.14 48.9
1556400562.16 48.3
1556400572.17 48.9
1556400582.19 48.3
1556400592.21 49.4
1556400602.23 48.9
1556400612.25 49.4
1556400622.27 48.3
1556400632.28 49.4
1556400642.3 48.3
1556400652.32 49.4
1556400662.33 49.4
1556400672.35 48.9
1556400682.37 49.4
1556400692.39 49.4
1556400702.41 49.4
1556400712.42 49.4
1556400722.44 49.4
1556400732.46 49.4
1556400742.49 49.4
1556400752.51 49.9
1556400762.52 49.4
1556400772.54 49.4
1556400782.56 49.4
1556400792.57 49.4
1556400802.59 49.4
1556400812.61 49.4
1556400822.63 49.4
1556400832.64 49.9
1556400842.66 49.9
1556400852.68 49.4
1556400862.69 49.9
1556400872.71 50.5
1556400882.72 49.9
1556400892.73 51.0
1556400902.75 49.9
1556400912.77 50.5
1556400922.79 49.4
1556400932.8 50.5
1556400942.82 50.5
1556400952.83 49.9
1556400962.86 49.4
1556400972.87 49.9
1556400982.89 50.5
1556400992.91 49.9
1556401002.93 49.9
1556401012.94 50.5
1556401022.96 49.4
1556401032.98 49.4
1556401043.0 50.5
1556401053.02 49.9
1556401063.04 49.9
1556401073.05 49.9
1556401083.07 50.5
1556401093.08 50.5
1556401103.1 49.9
1556401113.12 49.9
1556401123.14 49.9
1556401133.16 49.4
1556401143.18 49.4
1556401153.2 50.5
1556401163.21 48.9
1556401173.23 49.4
1556401183.25 49.4
1556401193.26 49.9
1556401203.28 49.4
1556401213.29 49.4
1556401223.3 49.9
1556401233.32 49.4
1556401243.34 49.4
1556401253.35 49.9
1556401263.37 49.9
1556401273.38 50.5
1556401283.4 49.4
1556401293.42 49.4
1556401303.44 49.4
1556401313.46 49.9
1556401323.47 49.9
1556401333.49 49.9
1556401343.51 49.9
1556401353.53 49.4
1556401363.55 48.9
1556401373.57 49.9
1556401383.59 49.4
1556401393.59 49.9
1556401403.61 49.9
1556401413.62 49.9
1556401423.64 50.5
1556401433.66 49.9
1556401443.67 49.9
1556401453.68 49.4
1556401463.7 50.5
1556401473.72 49.4
1556401483.74 49.4
1556401493.76 49.9
1556401503.78 49.4
1556401513.8 49.4
1556401523.82 48.9
1556401533.84 48.9
1556401543.86 48.3
1556401553.88 48.3
1556401563.89 49.4
1556401573.91 48.9
1556401583.94 48.3
1556401593.96 48.9
1556401603.96 48.9
1556401613.98 48.3
1556401624.0 48.3
1556401634.01 49.4
1556401644.03 48.9
1556401654.05 48.9
1556401664.06 48.3
1556401674.08 48.3
1556401684.09 48.9
1556401694.12 48.3
1556401704.14 48.3
1556401731.05 48.3
1556401741.08 48.3
1556401751.09 48.3
1556401761.11 47.8
1556401771.13 48.3
1556401781.15 48.3
1556401791.16 47.8
1556401801.18 47.8
1556401811.2 47.8
1556401821.21 47.2
1556401831.23 48.3
1556401841.25 48.3
1556401851.26 47.8
1556401861.28 47.2
1556401871.3 47.8
1556401881.32 48.3
1556401891.34 47.8
1556401901.35 48.3
1556401911.37 48.3
1556401921.39 48.3
1556401931.4 48.3
1556401941.42 47.8
1556401951.44 48.3
1556401961.46 48.3
1556401971.48 47.8
1556401981.5 47.8
1556401991.52 48.3
1556402001.54 48.9
1556402011.56 48.3
1556402021.58 48.3
1556402031.6 48.3
1556402041.62 48.3
1556402051.64 49.4
1556402061.65 48.3
1556402071.67 48.9
1556402081.68 48.3
1556402091.7 47.8
1556402101.73 47.8
1556402111.74 48.3
1556402121.76 48.3
1556402131.77 48.3
1556402141.79 48.3
1556402151.81 48.9
1556402161.82 48.3
1556402171.84 48.3
1556402181.85 48.3
1556402191.87 48.3
1556402201.89 48.3
1556402211.9 48.3
1556402221.92 48.3
1556402231.94 48.3
1556402241.96 48.3
1556402251.97 48.3
1556402261.99 48.3
1556402272.01 48.3
1556402282.03 48.3
1556402292.04 48.9
1556402302.06 48.9
1556402312.08 48.3
1556402322.09 48.3
1556402332.11 48.3
1556402342.12 47.2
1556402352.14 47.8
1556402362.18 47.8
1556402372.2 47.2
1556402382.22 47.2
1556402392.24 47.2
1556402402.25 47.8
1556402412.27 48.9
1556402422.28 48.3
1556402432.3 47.8
1556402442.31 48.3
1556402452.33 47.2
1556402462.35 47.2
1556402472.37 47.8
1556402482.38 48.3
1556402492.4 47.2
1556402502.42 48.3
1556402512.43 48.3
1556402522.45 48.3
1556402532.46 48.3
1556402542.48 48.3
1556402552.49 47.8
1556402562.51 47.8
1556402572.52 48.3
1556402582.54 48.3
1556402592.55 48.3
1556402602.57 47.2
1556402612.59 47.2
1556402622.6 47.8
1556402632.62 47.2
1556402642.63 48.3
1556402652.65 47.2
1556402662.67 47.2
1556402672.69 47.2
1556402682.7 47.8
1556402692.72 47.2
1556402702.74 47.2
1556402712.76 47.2
1556402722.77 46.7
1556402732.79 47.8
1556402742.81 46.7
1556402752.82 47.2
1556402762.84 47.2
1556402772.86 47.2
1556402782.88 47.2
1556402792.9 47.2
1556402802.92 47.2
1556402812.94 47.2
1556402822.95 47.8
1556402832.97 47.8
1556402842.98 48.3
1556402853.0 47.8
1556402863.02 47.8
1556402873.03 47.2
1556402883.05 47.2
1556402893.06 47.2
1556402903.08 47.2
1556402913.1 47.2
1556402923.12 47.2
1556402933.13 48.3
1556402943.15 47.8
1556402953.17 47.2
1556402963.18 47.2
1556402973.2 47.8
1556402983.21 47.8
1556402993.23 48.3
1556403003.25 48.3
1556403013.26 47.8
1556403023.28 47.8
1556403033.3 47.8
1556403043.32 47.2
1556403053.34 47.8
1556403063.36 47.8
1556403073.38 47.2
1556403083.39 47.2
1556403093.41 47.8
1556403103.42 47.8
1556403113.44 47.2
1556403123.46 47.2
1556403133.48 47.2
1556403143.5 47.8
1556403153.51 47.8
1556403163.52 47.8
1556403173.53 48.3
1556403183.55 48.3
1556403193.57 47.8
1556403203.59 47.8
1556403213.6 48.3
1556403223.62 48.3
1556403233.63 47.8
1556403243.65 47.8
1556403253.67 47.8
1556403263.69 47.2
1556403273.7 47.2
1556403283.72 47.8
1556403293.74 47.8
1556403303.76 47.2
1556403313.78 47.2
1556403323.8 47.2
1556403333.82 47.2
1556403343.84 47.2
1556403353.85 46.7
1556403363.87 46.2
1556403373.89 47.2
1556403383.91 47.2
1556403393.92 46.7
1556403403.94 46.2
1556403413.96 46.7
1556403423.97 47.2
1556403434.0 46.2
1556403444.01 47.2
1556403454.03 47.2
1556403464.04 47.2
1556403474.06 47.2
1556403484.07 47.2
1556403494.09 46.2
1556403504.12 47.2
1556403514.13 47.2
1556403524.15 47.8
1556403534.17 47.8
1556403544.2 46.7
1556403554.21 47.2
1556403564.23 46.2
1556403574.25 46.2
1556403584.26 47.2
1556403594.28 47.2
1556403604.3 47.2
1556403614.31 47.2
1556403624.33 47.2
1556403634.34 47.2
1556403644.36 47.2
1556403654.37 47.2
1556403664.38 47.2
1556403674.4 47.2
1556403684.42 47.2
1556403694.43 47.2
1556403704.45 47.2
1556403714.46 47.2
1556403724.48 46.2
1556403734.49 47.2
1556403744.5 47.2
1556403755.52 47.8
1556403765.53 47.8
1556403775.55 47.2
1556403785.58 46.2
1556403795.59 46.7
1556403805.61 46.2
1556403815.63 47.2
1556403825.65 46.7
1556403835.67 46.7
1556403845.68 46.7
1556403855.7 47.2
1556403865.71 47.2
1556403875.74 46.2
1556403885.75 47.2
1556403895.77 46.7
1556403905.78 47.8
1556403915.8 47.2
1556403925.83 46.7
1556403935.84 47.2
1556403945.86 47.2
1556403955.87 47.2
1556403965.89 46.2
1556403975.91 47.2
1556403985.92 47.2
1556403995.93 46.7
1556404005.95 47.2
1556404015.97 47.2
1556404025.99 46.2
1556404036.01 46.2
1556404046.03 47.2
1556404056.04 46.7
1556404066.06 46.2
1556404076.08 46.2
1556404086.1 46.2
1556404096.13 46.2
1556404106.15 46.2
1556404116.17 45.1
1556404126.19 46.7
1556404136.2 46.2
1556404146.22 46.2
1556404156.24 46.7
1556404166.25 46.2
1556404176.27 46.2
1556404186.28 46.2
1556404196.3 46.7
1556404206.33 46.2
1556404216.34 46.2
1556404226.36 46.2
1556404236.37 45.6
1556404246.4 46.2
1556404256.41 46.2
1556404266.43 46.2
1556404276.46 46.7
1556404286.47 46.2
1556404296.5 46.2
1556404306.52 47.2
1556404316.53 47.2
1556404326.55 46.2
1556404336.56 46.2
1556404346.57 47.2
1556404356.59 46.2
1556404366.61 45.1
1556404376.63 46.2
1556404386.64 46.2
1556404396.66 45.6
1556404406.68 46.2
1556404416.69 46.2
1556404426.71 46.2
1556404436.73 46.7
1556404446.75 45.6
1556404456.77 45.6
1556404466.79 46.2
1556404476.82 46.2
1556404486.84 46.2
1556404496.86 46.2
1556404506.88 46.2
1556404516.89 46.2
1556404526.91 46.2
1556404536.93 46.2
1556404546.95 45.6
1556404556.97 45.6
1556404566.99 46.2
1556404577.01 45.1
1556404587.03 46.2
1556404597.05 45.1
1556404607.07 46.2
1556404617.08 46.2
1556404627.11 46.2
1556404637.12 46.2
1556404647.15 46.2
1556404657.17 45.6
1556404667.18 46.2
1556404677.2 45.6
1556404687.22 45.1
1556404697.24 45.1
1556404707.25 45.1
1556404717.27 45.1
1556404727.29 44.5
1556404737.3 45.1
1556404747.33 45.1
1556404757.34 45.1
1556404767.36 45.1
1556404777.37 45.1
1556404787.39 45.6
1556404797.4 45.1
1556404807.42 45.1
1556404817.43 45.6
1556404827.44 45.6
1556404837.45 45.1
1556404847.48 45.1
1556404857.5 45.1
1556404867.51 45.6
1556404877.53 45.6
1556404887.54 45.6
1556404897.57 45.1
1556404907.58 45.6
1556404917.6 45.6
1556404927.61 45.1
1556404937.63 45.1
1556404947.64 45.6
1556404957.65 45.1
1556404967.66 45.6
1556404977.68 45.6
1556404987.69 45.1
1556404997.71 45.6
1556405007.73 45.6
1556405017.75 45.6
1556405027.76 45.1
1556405037.78 45.1
1556405047.79 46.2
1556405057.81 45.1
1556405067.82 45.6
1556405077.84 45.6
1556405087.86 45.6
1556405097.87 45.1
1556405107.89 45.1
1556405117.9 45.1
1556405127.91 45.6
1556405137.93 45.6
1556405147.94 45.1
1556405157.96 45.1
1556405167.97 45.1
1556405177.98 45.6
1556405188.0 45.1
1556405198.02 45.1
1556405208.03 45.6
1556405218.04 45.1
1556405228.06 45.6
1556405238.07 46.2
1556405248.09 45.6
1556405258.11 45.1
1556405268.12 45.6
1556405278.13 45.1
1556405288.15 45.6
1556405298.17 45.1
1556405308.18 45.1
1556405318.2 45.1
1556405328.22 45.1
1556405338.23 45.1
1556405348.25 45.1
1556405358.26 45.6
1556405368.28 45.1
1556405378.3 45.1
1556405388.31 45.6
1556405398.33 45.1
1556405408.36 45.1
1556405418.38 45.1
1556405428.39 45.6
1556405438.41 45.1
1556405448.42 45.6
1556405458.44 45.1
1556405468.45 45.6
1556405478.46 46.2
1556405488.48 45.1
1556405498.5 45.1
1556405508.52 45.1
1556405518.53 45.6
1556405528.55 45.6
1556405538.56 45.1
1556405548.58 45.6
1556405558.6 45.6
1556405568.62 45.1
1556405578.63 45.1
1556405588.65 45.1
1556405598.66 45.1
1556405608.68 45.1
1556405618.7 45.1
1556405628.72 45.1
1556405638.74 46.2
1556405648.77 45.1
1556405658.78 46.2
1556405668.8 45.1
1556405678.81 45.1
1556405688.83 45.1
1556405698.84 45.6
1556405708.85 45.1
1556405718.87 45.6
1556405728.89 45.6
1556405738.9 45.1
1556405748.92 45.1
1556405758.93 45.6
1556405768.94 45.1
1556405778.96 45.6
1556405788.98 45.1
1556405798.99 45.1
1556405809.01 45.1
1556405819.02 45.1
1556405829.04 45.1
1556405839.05 45.6
1556405849.07 44.5
1556405859.09 45.6
1556405869.1 44.5
1556405879.11 44.5
1556405889.13 44.5
1556405899.14 45.1
1556405909.17 44.0
1556405919.19 44.0
1556405929.21 45.1
1556405939.23 44.5
1556405949.25 43.5
1556405959.26 45.1
1556405969.28 45.1
1556405979.29 44.5
1556405989.31 44.5
1556405999.33 45.1
1556406009.35 45.1
1556406019.37 45.1
1556406029.39 45.1
1556406039.41 44.0
1556406049.43 44.0
1556406059.45 45.1
1556406069.47 44.0
1556406079.49 44.0
1556406089.51 44.0
1556406099.52 45.1
1556406109.54 44.5
1556406119.56 44.0
1556406129.58 44.5
1556406139.6 44.0
1556406149.61 44.0
1556406159.62 44.0
1556406169.64 43.5
1556406179.66 44.0
1556406189.68 42.9
1556406199.7 44.0
1556406209.72 44.0
1556406219.74 42.9
1556406229.76 43.5
1556406239.78 43.5
1556406249.8 43.5
1556406259.82 43.5
1556406269.84 44.0
1556406279.87 43.5
1556406289.89 42.9
1556406299.91 44.0
1556406309.94 44.0
1556406319.96 43.5
1556406329.98 42.9
1556406340.0 42.9
1556406350.02 43.5
1556406360.04 43.5
1556406370.06 42.9
1556406380.09 42.9
1556406390.1 42.9
1556406400.12 43.5
1556406410.14 42.9
1556406420.16 42.9
1556406430.18 43.5
1556406440.2 42.9
1556406450.21 42.9
1556406460.23 43.5
1556406470.25 42.9
1556406480.27 42.9
1556406490.29 42.9
1556406500.31 42.9
1556406510.32 42.9
1556406520.34 42.9
1556406530.36 42.9
1556406540.37 42.9
1556406550.39 42.9
1556406560.41 42.9
1556406570.43 42.9
1556406580.45 42.9
1556406590.47 42.9
1556406600.49 43.5
1556406610.51 42.9
1556406620.53 43.5
1556406630.55 43.5
1556406640.57 43.5
1556406650.59 42.9
1556406660.61 42.9
1556406670.63 42.9
1556406680.64 43.5
1556406690.66 42.9
1556406700.68 43.5
1556406710.69 42.9
1556406720.71 42.9
1556406730.72 42.9
1556406740.73 42.9
1556406750.75 42.9
1556406760.77 42.4
1556406770.78 42.9
1556406780.8 42.4
1556406790.82 42.4
1556406800.83 42.4
1556406810.85 41.9
1556406820.87 42.9
1556406830.89 42.4
1556406840.9 41.9
1556406850.92 41.9
1556406860.93 42.4
1556406870.95 41.9
1556406880.97 42.9
1556406890.99 41.9
1556406901.0 42.4
1556406911.02 41.9
1556406921.04 41.9
1556406931.06 42.9
1556406941.07 41.9
1556406951.09 42.4
1556406961.1 41.9
1556406971.12 42.9
1556406981.13 42.9
1556406991.15 42.9
1556407001.16 41.9
1556407011.17 42.4
1556407021.18 42.4
1556407031.2 41.9
1556407041.22 41.9
1556407051.24 41.9
1556407061.26 42.4
1556407071.27 42.4
1556407081.29 42.9
1556407091.31 41.9
1556407101.33 41.9
1556407111.34 42.9
1556407121.36 42.4
1556407131.38 42.4
1556407141.4 41.9
1556407151.42 42.9
1556407161.44 42.4
1556407171.46 41.9
1556407181.48 41.9
1556407191.5 41.9
1556407201.52 41.9
1556407211.53 41.9
1556407221.56 42.4
1556407231.58 41.9
1556407241.6 41.9
1556407251.62 42.4
1556407261.64 42.9
1556407271.66 42.4
1556407281.68 42.9
1556407291.7 42.9
1556407301.72 42.9
1556407311.74 42.4
1556407321.76 42.4
1556407331.78 41.9
1556407341.8 42.9
1556407351.82 42.9
1556407361.84 41.9
1556407371.86 42.9
1556407381.87 42.9
1556407391.89 42.9
1556407401.91 42.9
1556407411.92 43.5
1556407421.94 42.9
1556407431.96 42.9
1556407441.98 42.4
1556407451.99 42.9
1556407462.01 42.9
1556407472.03 42.9
1556407482.05 42.9
1556407492.07 42.9
1556407502.08 42.9
1556407512.1 42.9
1556407522.12 42.9
1556407532.14 42.9
1556407542.15 42.9
1556407552.17 42.4
1556407562.19 42.9
1556407572.21 42.9
1556407582.23 42.9
1556407592.25 42.9
1556407602.28 42.4
1556407612.31 42.9
1556407622.33 42.9
1556407632.36 41.9
1556407642.38 42.4
1556407652.39 41.9
1556407662.41 41.9
1556407672.43 42.4
1556407682.46 41.9
1556407692.47 42.9
1556407702.48 42.9
1556407712.49 42.9
1556407722.51 43.5
1556407732.52 42.9
1556407742.54 42.9
1556407752.56 43.5
1556407762.57 42.9
1556407772.58 42.4
1556407782.6 41.9
1556407792.62 42.9
1556407802.64 42.9
1556407812.66 42.9
1556407822.68 42.9
1556407832.7 42.9
1556407842.72 42.4
1556407852.74 43.5
1556407862.75 43.5
1556407872.76 42.9
1556407882.78 43.5
1556407892.8 43.5
1556407902.81 42.9
1556407912.82 42.9
1556407922.85 42.9
1556407932.87 42.4
1556407942.88 41.9
1556407952.91 42.4
1556407962.92 42.9
1556407972.94 42.9
1556407982.97 42.4
1556407992.99 42.9
1556408003.01 42.4
1556408013.02 42.9
1556408023.04 42.9
1556408033.06 41.9
1556408043.08 42.4
1556408053.1 42.9
1556408063.12 42.9
1556408073.14 42.9
1556408083.15 43.5
1556408093.17 42.9
1556408103.2 42.9
1556408113.22 42.9
1556408123.23 43.5
1556408133.25 42.9
1556408143.26 44.0
1556408153.28 43.5
1556408163.3 42.9
1556408173.32 41.9
1556408183.34 42.9
1556408193.36 42.4
1556408203.38 43.5
1556408213.39 43.5
1556408223.42 42.4
1556408233.44 42.9
1556408243.46 42.4
1556408253.48 43.5
1556408263.51 42.9
1556408273.53 42.9
1556408283.55 43.5
1556408293.56 43.5
1556408303.58 42.9
1556408313.6 42.9
1556408323.62 42.9
1556408333.64 42.9
1556408343.66 42.9
1556408353.68 42.9
1556408363.69 42.9
1556408373.72 42.4
1556408383.73 43.5
1556408393.75 42.9
1556408403.77 43.5
1556408413.78 43.5
1556408423.81 42.9
1556408433.83 41.9
1556408443.85 42.4
1556408453.86 41.9
1556408463.88 41.9
1556408473.9 42.9
1556408483.92 41.9
1556408493.94 42.9
1556408503.96 41.9
1556408513.98 42.9
1556408524.01 42.9
1556408534.03 43.5
1556408544.04 42.9
1556408554.06 43.5
1556408564.08 41.9
1556408574.1 42.9
1556408584.12 42.9
1556408594.14 43.5
1556408604.15 42.9
1556408614.17 42.9
1556408624.19 42.9
1556408634.22 42.9
1556408644.23 42.9
1556408654.25 42.9
1556408664.27 42.9
1556408674.29 42.9
1556408684.31 43.5
1556408694.33 42.9
1556408704.35 42.9
1556408714.37 41.9
1556408724.38 42.9
1556408734.4 42.4
1556408744.42 42.9
1556408754.44 42.9
1556408764.45 43.5
1556408774.47 43.5
1556408784.49 42.9
1556408794.51 42.9
1556408804.53 43.5
1556408814.55 43.5
1556408824.57 42.9
1556408834.58 43.5
1556408844.6 43.5
1556408854.62 43.5
1556408864.64 42.9
1556408874.66 42.9
1556408884.68 43.5
1556408894.69 42.9
1556408904.72 42.9
1556408914.73 44.0
1556408924.74 43.5
1556408934.76 42.9
1556408944.77 43.5
1556408954.8 42.9
1556408964.82 43.5
1556408974.83 43.5
1556408984.84 42.9
1556408994.86 43.5
1556409004.88 41.9
1556409014.9 42.9
1556409024.91 42.4
1556409034.93 42.9
1556409044.95 42.9
1556409054.97 42.9
1556409064.99 41.9
1556409075.01 42.4
1556409085.03 41.9
1556409095.04 42.9
1556409105.06 42.9
1556409115.07 42.9
1556409125.09 43.5
1556409135.1 42.9
1556409145.12 42.9
1556409155.14 42.9
1556409165.16 42.4
1556409175.18 42.9
1556409185.19 42.9
1556409195.21 42.9
1556409205.23 42.9
1556409215.25 42.9
1556409225.27 42.9
1556409235.29 42.9
1556409245.31 43.5
1556409255.33 42.9
1556409265.36 42.9
1556409275.37 42.9
1556409285.39 43.5
1556409295.41 42.9
1556409305.44 42.9
1556409315.46 42.4
1556409325.48 42.4
1556409335.5 42.4
1556409345.52 42.4
1556409355.54 42.9
1556409365.56 41.9
1556409375.58 42.9
1556409385.6 41.9
1556409395.62 42.4
1556409405.63 42.4
1556409415.65 41.9
1556409425.67 42.4
1556409435.69 42.4
1556409445.71 41.9
1556409455.72 42.4
1556409465.74 41.9
1556409475.76 42.9
1556409485.77 42.4
1556409495.79 42.4
1556409505.81 41.9
1556409515.82 42.9
1556409525.84 41.9
1556409535.86 41.9
1556409545.87 42.4
1556409555.89 41.9
1556409565.91 42.4
1556409575.93 41.9
1556409585.95 41.3
1556409595.97 42.4
1556409605.99 41.9
1556409616.0 41.9
1556409626.02 42.9
1556409636.04 41.9
1556409646.06 42.4
1556409656.08 41.9
1556409666.1 42.4
1556409676.11 42.4
1556409686.13 41.3
1556409696.14 41.9
1556409706.16 42.4
1556409716.18 42.9
1556409726.2 41.9
1556409736.22 42.9
1556409746.24 41.9
1556409756.26 42.9
1556409766.28 42.4
1556409776.3 42.9
1556409786.32 41.9
1556409796.34 42.9
1556409806.36 42.4
1556409816.37 42.9
1556409826.39 42.9
1556409836.4 41.9
1556409846.43 41.9
1556409856.45 41.9
1556409866.47 41.9
1556409876.48 42.9
1556409886.5 42.4
1556409896.52 42.9
1556409906.53 41.9
1556409916.55 42.9
1556409926.57 42.4
1556409936.59 42.9
1556409946.61 41.9
1556409956.62 42.9
1556409966.64 41.9
1556409976.67 41.9
1556409986.68 41.9
1556409996.7 41.3
1556410006.73 41.9
1556410016.74 42.4
1556410026.76 41.9
1556410036.78 41.9
1556410046.79 41.3
1556410056.81 41.9
1556410066.83 41.9
1556410076.85 41.9
1556410086.87 41.9
1556410096.89 41.9
1556410106.9 41.9
1556410116.92 41.9
1556410126.94 41.9
1556410136.96 41.9
1556410146.97 42.4
1556410157.0 42.4
1556410167.01 42.9
1556410177.04 42.9
1556410187.05 42.9
1556410197.07 41.9
1556410207.09 42.9
1556410217.11 42.4
1556410227.13 42.4
1556410237.15 42.9
1556410247.16 42.9
1556410257.18 42.9
1556410267.2 42.4
1556410277.22 41.9
1556410287.23 41.9
1556410297.25 42.9
1556410307.27 42.9
1556410317.29 42.4
1556410327.31 41.3
1556410337.33 42.4
1556410347.35 42.4
1556410357.37 41.9
1556410367.39 42.4
1556410377.41 42.9
1556410387.42 41.9
1556410397.44 41.9
1556410407.46 42.4
1556410417.48 41.9
1556410427.5 42.4
1556410437.51 42.9
1556410447.53 42.4
1556410457.56 41.9
1556410467.58 41.9
1556410477.6 42.4
1556410487.62 41.9
1556410497.64 41.9
1556410507.66 42.9
1556410517.67 42.9
1556410527.7 41.3
1556410537.72 41.9
1556410547.73 41.3
1556410557.76 41.9
1556410567.78 41.3
1556410577.79 41.9
1556410587.81 41.9
1556410597.83 41.9
1556410607.85 41.9
1556410617.87 40.8
1556410627.88 40.8
1556410637.9 41.3
1556410647.92 42.4
1556410657.93 41.9
1556410667.95 41.3
1556410677.97 40.8
1556410687.99 41.9
1556410698.01 41.3
1556410708.03 41.9
1556410718.04 41.9
1556410728.06 42.4
1556410738.07 41.9
1556410748.1 41.9
1556410758.11 42.9
1556410768.12 41.9
1556410778.14 42.4
1556410788.16 42.4
1556410798.17 42.4
1556410808.19 41.9
1556410818.21 41.9
1556410828.24 41.3
1556410838.26 41.9
1556410848.28 41.9
1556410858.29 42.4
1556410868.31 42.4
1556410878.33 42.4
1556410888.35 41.3
1556410898.37 41.3
1556410908.39 42.4
1556410918.4 41.9
1556410928.43 41.3
1556410938.45 40.8
1556410948.46 41.9
1556410958.48 42.4
1556410968.5 41.3
1556410978.53 40.8
1556410988.54 41.9
1556410998.56 41.9
1556411008.58 41.9
1556411018.6 40.8
1556411028.62 41.9
1556411038.64 41.9
1556411048.66 41.9
1556411058.68 41.9
1556411068.7 41.3
1556411078.72 41.9
1556411088.74 41.9
1556411098.76 41.9
1556411108.78 42.4
1556411118.8 41.3
1556411128.82 41.3
1556411138.84 41.9
1556411148.86 41.9
1556411158.87 41.3
1556411168.9 41.9
1556411178.92 41.3
1556411188.94 41.3
1556411198.96 41.9
1556411208.97 41.9
1556411219.0 41.3
1556411229.02 40.8
1556411239.04 40.8
1556411249.06 40.8
1556411259.08 40.8
1556411269.1 41.9
1556411279.12 41.3
1556411289.13 41.3
1556411299.16 41.3
1556411309.18 41.3
1556411319.2 41.3
1556411329.23 40.8
1556411339.25 40.8
1556411349.27 40.8
1556411359.29 40.8
1556411369.31 40.8
1556411379.33 40.8
1556411389.35 41.9
1556411399.37 41.9
1556411409.39 41.3
1556411419.41 41.3
1556411429.42 40.8
1556411439.44 40.8
1556411449.47 40.8
1556411459.49 41.3
1556411469.51 40.8
1556411479.53 40.8
1556411489.55 41.3
1556411499.56 40.8
1556411509.58 41.9
1556411519.59 41.9
1556411529.62 41.9
1556411539.63 41.9
1556411549.65 41.9
1556411559.66 42.4
1556411569.69 42.9
1556411579.7 42.9
1556411589.71 41.9
1556411599.73 42.4
1556411609.74 42.4
1556411619.76 42.9
1556411629.78 42.4
1556411639.79 42.4
1556411649.82 42.4
1556411659.84 41.9
1556411669.85 42.9
1556411679.87 42.9
1556411689.88 42.4
1556411699.9 41.9
1556411709.93 41.9
1556411719.94 41.9
1556411729.96 42.9
1556411739.98 41.3
1556411750.0 41.9
1556411760.02 42.4
1556411770.05 41.9
1556411780.06 42.9
1556411790.08 42.9
1556411800.09 42.9
1556411810.11 42.4
1556411820.13 42.4
1556411830.16 41.9
1556411840.18 41.9
1556411850.2 42.9
1556411860.21 41.9
1556411870.23 42.9
1556411880.25 42.9
1556411890.27 42.9
1556411900.29 42.4
1556411910.31 42.9
1556411920.33 41.9
1556411930.35 42.9
1556411940.36 42.9
1556411950.38 42.4
1556411960.39 42.4
1556411970.41 42.9
1556411980.43 41.9
1556411990.45 41.9
1556412000.47 41.9
1556412010.49 41.9
1556412020.51 42.9
1556412030.53 42.4
1556412040.55 41.3
1556412050.57 42.4
1556412060.59 42.9
1556412070.6 42.4
1556412080.62 41.9
1556412090.64 41.9
1556412100.66 41.3
1556412110.67 41.9
1556412120.69 42.4
1556412130.71 41.9
1556412140.73 41.9
1556412150.74 41.9
1556412160.75 41.3
1556412170.77 41.9
1556412180.79 41.3
1556412190.81 41.9
1556412200.83 41.3
1556412210.85 40.8
1556412220.86 41.9
1556412230.88 41.9
1556412240.91 41.3
1556412250.92 41.9
1556412260.94 41.3
1556412270.96 41.9
1556412280.97 41.3
1556412290.99 40.8
1556412301.01 41.3
1556412311.03 41.9
1556412321.04 41.9
1556412331.06 41.3
1556412341.08 42.4
1556412351.1 41.9
1556412361.12 41.9
1556412371.14 41.9
1556412381.16 41.9
1556412391.18 41.9
1556412401.2 41.3
1556412411.22 41.3
1556412421.24 41.9
1556412431.26 40.8
1556412441.28 41.9
1556412451.3 41.3
1556412461.31 41.3
1556412471.33 41.9
1556412481.35 40.8
1556412491.37 41.3
1556412501.39 40.8
1556412511.41 40.8
1556412521.43 41.3
1556412531.45 40.8
1556412541.46 41.9
1556412551.49 40.8
1556412561.51 41.9
1556412571.53 40.8
1556412581.55 41.9
1556412591.57 40.8
1556412601.59 41.3
1556412611.62 40.8
1556412621.64 41.3
1556412631.65 41.9
1556412641.67 40.8
1556412651.69 41.3
1556412661.71 41.9
1556412671.73 40.8
1556412681.75 40.8
1556412691.77 40.8
1556412701.79 40.8
1556412711.82 40.8
1556412721.84 40.8
1556412731.85 41.9
1556412741.87 41.9
1556412751.89 41.3
1556412761.91 41.3
1556412771.92 41.9
1556412781.94 40.8
1556412791.96 41.3
1556412801.98 40.8
1556412812.0 41.3
1556412822.02 41.9
1556412832.03 41.9
1556412842.05 40.8
1556412852.06 41.3
1556412862.08 40.8
1556412872.1 40.8
1556412882.12 41.9
1556412892.13 41.3
1556412902.15 41.3
1556412912.17 41.9
1556412922.18 40.2
1556412932.21 41.3
1556412942.22 41.9
1556412952.24 40.8
1556412962.26 41.9
1556412972.28 40.8
1556412982.3 40.8
1556412992.32 41.9
1556413002.34 41.3
1556413012.36 40.8
1556413022.38 41.3
1556413032.39 41.3
1556413042.42 40.8
1556413052.45 41.3
1556413062.47 40.8
1556413072.48 41.3
1556413082.49 41.3
1556413092.51 40.8
1556413102.54 41.3
1556413112.55 40.8
1556413122.57 40.8
1556413132.59 40.8
1556413142.61 41.9
1556413152.62 41.3
1556413162.64 41.3
1556413172.65 41.3
1556413182.66 41.9
1556413192.68 41.9
1556413202.7 41.9
1556413212.72 41.9
1556413222.73 41.3
1556413232.75 42.4
1556413242.77 41.3
1556413252.79 41.3
1556413262.81 41.3
1556413272.83 41.3
1556413282.85 41.3
1556413292.86 41.3
1556413302.88 40.8
1556413312.9 41.3
1556413322.92 41.3
1556413332.95 40.8
1556413342.96 41.3
1556413352.98 41.3
1556413362.99 41.3
1556413373.01 41.3
1556413383.03 40.8
1556413393.05 40.8
1556413403.07 41.3
1556413413.09 41.3
1556413423.1 40.8
1556413433.12 40.8
1556413443.14 41.3
1556413453.16 40.8
1556413463.17 40.8
1556413473.19 41.3
1556413483.21 40.8
1556413493.22 41.3
1556413503.24 40.8
1556413513.27 40.8
1556413523.29 41.3
1556413533.3 41.9
1556413543.32 41.3
1556413553.34 41.9
1556413563.35 41.3
1556413573.37 40.8
1556413583.39 41.9
1556413593.41 41.9
1556413603.43 41.3
1556413613.45 40.8
1556413623.46 41.9
1556413633.47 41.3
1556413643.49 41.9
1556413653.51 40.8
1556413663.53 40.2
1556413673.54 40.8
1556413683.56 40.8
1556413693.58 40.8
1556413703.6 41.9
1556413713.62 40.2
1556413723.64 40.8
1556413733.65 40.8
1556413743.68 40.2
1556413753.7 40.2
1556413763.72 40.8
1556413773.74 39.7
1556413783.75 40.8
1556413793.77 40.8
1556413803.78 40.8
1556413813.8 40.2
1556413823.82 39.7
1556413833.84 40.8
1556413843.86 39.7
1556413853.87 39.7
1556413863.89 40.8
1556413873.91 39.7
1556413883.93 39.7
1556413893.95 40.2
1556413903.96 40.8
1556413913.98 40.8
1556413924.0 39.7
1556413934.01 40.2
1556413944.03 40.8
1556413954.04 39.7
1556413964.06 39.7
1556413974.09 39.7
1556413984.11 39.7
1556413994.13 39.7
1556414004.15 40.8
1556414014.17 39.7
1556414024.19 39.7
1556414034.21 40.8
1556414044.22 40.8
1556414054.23 40.2
1556414064.25 40.8
1556414074.27 40.2
1556414084.29 40.8
1556414094.3 40.8
1556414104.32 40.8
1556414114.34 40.2
1556414124.36 39.7
1556414134.38 40.8
1556414144.4 40.2
1556414154.41 40.8
1556414164.43 40.8
1556414174.45 40.8
1556414184.47 40.8
1556414194.49 40.2
1556414204.5 40.8
1556414214.52 40.8
1556414224.54 40.2
1556414234.56 39.7
1556414244.58 40.8
1556414254.6 40.2
1556414264.61 40.2
1556414274.62 41.3
1556414284.64 41.3
1556414294.66 41.3
1556414304.67 41.3
1556414314.69 40.8
1556414324.71 40.8
1556414334.73 40.8
1556414344.75 40.2
1556414354.77 40.8
1556414364.79 40.8
1556414374.81 40.8
1556414384.83 41.9
1556414394.85 40.8
1556414404.87 40.8
1556414414.88 40.8
1556414424.9 41.3
1556414434.91 41.3
1556414444.92 40.8
1556414454.95 41.3
1556414464.96 40.8
1556414474.99 41.3
1556414485.01 40.8
1556414495.03 40.8
1556414505.04 41.3
1556414515.07 40.8
1556414525.08 40.8
1556414535.1 41.3
1556414545.12 40.8
1556414555.14 40.8
1556414565.16 40.8
1556414575.18 40.8
1556414585.2 40.8
1556414595.21 40.2
1556414605.23 40.8
1556414615.25 41.3
1556414625.26 41.3
1556414635.28 40.8
1556414645.3 41.3
1556414655.32 40.8
1556414665.33 40.8
1556414675.36 41.3
1556414685.37 40.8
1556414695.4 40.8
1556414705.42 40.8
1556414715.43 41.3
1556414725.45 40.8
1556414735.47 40.8
1556414745.49 40.8
1556414755.51 41.9
1556414765.53 40.8
1556414775.55 40.8
1556414785.56 41.3
1556414795.58 41.3
1556414805.6 40.8
1556414815.63 40.8
1556414825.64 41.9
1556414835.65 40.8
1556414845.68 41.3
1556414855.69 41.3
1556414865.71 39.7
1556414875.72 40.8
1556414885.75 40.8
1556414895.77 39.7
1556414905.8 40.8
1556414915.82 40.8
1556414925.84 40.8
1556414935.86 40.8
1556414945.88 41.3
1556414955.9 40.8
1556414965.92 40.8
1556414975.94 40.8
1556414985.95 40.8
1556414995.98 40.8
1556415005.99 40.8
1556415016.01 41.3
1556415026.03 40.2
1556415036.05 40.8
1556415046.07 39.7
1556415056.09 40.8
1556415066.11 40.8
1556415076.13 40.8
1556415086.15 40.2
1556415096.17 40.8
1556415106.18 40.2
1556415116.19 40.8
1556415126.2 40.8
1556415136.22 40.2
1556415146.23 39.7
1556415156.24 40.8
1556415166.26 40.8
1556415176.27 40.2
1556415186.28 40.8
1556415196.29 40.2
1556415206.3 40.8
1556415216.31 40.2
1556415226.33 41.3
1556415236.34 40.8
1556415246.36 40.8
1556415256.38 40.8
1556415266.39 40.2
1556415276.41 40.2
1556415286.43 40.8
1556415296.45 40.8
1556415306.47 40.8
1556415316.49 40.8
1556415326.51 40.8
1556415336.52 40.8
1556415346.54 40.8
1556415356.56 40.8
1556415366.58 40.2
1556415376.61 40.8
1556415386.63 40.8
1556415396.64 40.8
1556415406.66 40.2
1556415416.68 40.2
1556415426.7 40.8
1556415436.72 39.7
1556415446.74 39.7
1556415456.76 40.8
1556415466.78 39.7
1556415476.8 39.7
1556415486.82 39.7
1556415496.84 39.7
1556415506.86 40.8
1556415516.87 39.7
1556415526.9 39.7
1556415536.92 39.7
1556415546.94 39.7
1556415556.96 39.7
1556415566.98 40.8
1556415577.0 39.7
1556415587.03 40.8
1556415597.05 40.2
1556415607.07 40.2
1556415617.09 39.7
1556415627.11 39.7
1556415637.12 39.7
1556415647.15 39.7
1556415657.17 39.7
1556415667.19 40.8
1556415677.21 39.7
1556415687.23 40.8
1556415697.25 39.7
1556415707.27 40.2
1556415717.29 39.7
1556415727.32 40.2
1556415737.33 39.7
1556415747.35 39.7
1556415757.37 40.8
1556415767.39 39.7
1556415777.41 39.7
1556415787.43 40.8
1556415797.45 40.8
1556415807.47 39.7
1556415817.48 39.7
1556415827.51 40.2
1556415837.53 40.2
1556415847.55 40.8
1556415857.57 40.8
1556415867.59 40.2
1556415877.61 39.7
1556415887.63 39.7
1556415897.65 39.7
1556415907.67 39.7
1556415917.69 39.7
1556415927.72 39.7
1556415937.74 39.7
1556415947.76 39.7
1556415957.77 39.7
1556415967.8 39.7
1556415977.81 39.7
1556415987.83 39.7
1556415997.85 39.7
1556416007.87 39.7
1556416017.9 39.7
1556416027.92 39.7
1556416037.94 39.7
1556416047.96 39.7
1556416057.98 40.2
1556416068.0 39.2
1556416078.01 39.7
1556416088.02 39.7
1556416098.05 39.7
1556416108.07 39.7
1556416118.09 39.7
1556416128.11 39.2
1556416138.13 39.7
1556416148.15 39.7
1556416158.17 39.7
1556416168.19 39.7
1556416178.21 39.7
1556416188.22 39.7
1556416198.24 40.2
1556416208.25 39.7
1556416218.27 40.2
1556416228.29 39.2
1556416238.31 39.7
1556416248.33 39.7
1556416258.34 39.7
1556416268.37 39.7
1556416278.39 40.2
1556416288.4 39.7
1556416298.43 39.2
1556416308.45 39.7
1556416318.47 39.2
1556416328.49 39.2
1556416338.51 39.2
1556416348.53 39.7
1556416358.55 39.7
1556416368.57 40.2
1556416378.58 39.7
1556416388.6 39.7
1556416398.61 40.2
1556416408.62 39.7
1556416418.64 39.7
1556416428.66 39.7
1556416438.68 39.7
1556416448.7 39.7
1556416458.72 39.7
1556416468.74 39.7
1556416478.76 39.7
1556416488.79 39.7
1556416498.81 40.2
1556416508.83 39.2
1556416518.84 39.7
1556416528.86 39.2
1556416538.89 39.2
1556416548.9 39.7
1556416558.92 39.7
1556416568.94 39.7
1556416578.95 40.2
1556416588.97 40.8
1556416598.99 39.7
1556416609.01 39.7
1556416619.03 39.7
1556416629.05 40.2
1556416639.07 40.2
1556416649.08 39.7
1556416659.1 39.7
1556416669.12 39.7
1556416679.13 39.2
1556416689.16 39.2
1556416699.18 39.7
1556416709.19 39.7
1556416719.21 39.7
1556416729.23 39.2
1556416739.26 39.2
1556416749.28 39.2
1556416759.29 39.7
1556416769.31 39.2
1556416779.33 39.7
1556416789.36 39.2
1556416799.37 39.7
1556416809.39 39.2
1556416819.4 39.2
1556416829.43 39.2
1556416839.44 40.8
1556416849.45 39.2
1556416859.47 39.7
1556416869.49 39.7
1556416879.5 40.2
1556416889.52 39.7
1556416899.54 39.7
1556416909.56 39.7
1556416919.58 40.2
1556416929.59 40.8
1556416939.61 39.7
1556416949.63 39.7
1556416959.65 40.8
1556416969.67 40.2
1556416979.68 39.7
1556416989.7 40.8
1556416999.72 39.7
1556417009.74 40.2
1556417019.76 40.8
1556417029.78 40.2
1556417039.8 40.8
1556417049.82 40.8
1556417059.84 40.2
1556417069.86 40.8
1556417079.87 40.2
1556417089.9 40.8
1556417099.91 39.7
1556417109.93 39.7
1556417119.95 39.7
1556417129.97 39.7
1556417139.99 40.8
1556417150.01 40.2
1556417160.03 40.8
1556417170.05 40.8
1556417180.07 40.8
1556417190.08 40.8
1556417200.1 40.8
1556417210.12 40.8
1556417220.13 41.3
1556417230.16 40.8
1556417240.18 40.8
1556417250.19 40.8
1556417260.21 40.8
1556417270.23 40.8
1556417280.26 40.8
1556417290.27 40.8
1556417300.29 41.9
1556417310.3 41.3
1556417320.31 41.9
1556417330.32 41.3
1556417340.33 40.8
1556417350.35 40.8
1556417360.37 40.2
1556417370.38 40.8
1556417380.4 41.3
1556417390.42 40.8
1556417400.44 40.8
1556417410.46 40.2
1556417420.47 40.8
1556417430.48 41.3
1556417440.5 40.8
1556417450.52 40.8
1556417460.53 41.3
1556417470.55 40.8
1556417480.56 40.8
1556417490.58 40.8
1556417500.6 40.8
1556417510.61 40.8
1556417520.63 39.7
1556417530.65 40.8
1556417540.67 40.8
1556417550.69 40.8
1556417560.71 40.8
1556417570.72 40.2
1556417580.74 40.8
1556417590.76 40.2
1556417600.78 40.8
1556417610.8 40.8
1556417620.82 41.3
1556417630.84 40.2
1556417640.86 40.2
1556417650.88 40.2
1556417660.89 41.3
1556417670.92 40.8
1556417680.93 40.8
1556417690.94 41.3
1556417700.96 40.8
1556417710.97 40.8
1556417720.99 40.8
1556417731.0 41.3
1556417741.02 41.9
1556417751.03 42.4
1556417761.05 41.3
1556417771.06 41.3
1556417781.08 40.8
1556417791.1 40.8
1556417801.12 40.8
1556417811.14 40.8
1556417821.16 40.8
1556417831.18 40.2
1556417841.2 40.8
1556417851.21 40.8
1556417861.23 41.9
1556417871.24 40.8
1556417881.27 40.2
1556417891.29 40.8
1556417901.31 39.7
1556417911.32 40.8
1556417921.35 40.8
1556417931.36 40.8
1556417941.38 40.8
1556417951.4 41.3
1556417961.41 40.8
1556417971.43 40.8
1556417981.44 40.8
1556417991.46 40.8
1556418001.47 40.8
1556418011.49 40.8
1556418021.51 40.8
1556418031.53 40.2
1556418041.55 40.8
1556418051.56 40.8
1556418061.58 40.8
1556418071.59 40.8
1556418081.61 40.8
1556418091.63 40.2
1556418101.64 41.3
1556418111.66 40.8
1556418121.68 40.8
1556418131.7 40.8
1556418141.72 40.8
1556418151.74 40.8
1556418161.76 40.8
1556418171.77 40.8
1556418181.79 41.3
1556418191.8 40.8
1556418201.81 41.9
1556418211.84 41.9
1556418221.85 41.9
1556418231.87 41.9
1556418241.88 41.9
1556418251.9 41.9
1556418261.92 41.9
1556418271.93 41.9
1556418281.94 41.3
1556418291.96 41.9
1556418301.98 41.3
1556418311.99 42.4
1556418322.01 41.3
1556418332.02 41.9
1556418342.04 41.3
1556418352.06 41.9
1556418362.08 41.3
1556418372.1 40.8
1556418382.11 41.9
1556418392.13 41.9
1556418402.15 41.9
1556418412.16 41.9
1556418422.17 41.9
1556418432.19 40.8
1556418442.21 41.9
1556418452.23 41.9
1556418462.24 42.4
1556418472.25 42.4
1556418482.27 41.9
1556418492.29 40.8
1556418502.31 41.9
1556418512.33 41.3
1556418522.34 40.8
1556418532.36 40.8
1556418542.38 41.9
1556418552.4 40.8
1556418562.41 41.3
1556418572.43 41.3
1556418582.44 41.3
1556418592.45 41.3
1556418602.48 40.8
1556418612.49 41.9
1556418622.51 41.9
1556418632.54 42.4
1556418642.55 41.3
1556418652.57 41.9
1556418662.59 41.9
1556418672.6 40.8
1556418682.62 40.8
1556418692.63 41.3
1556418702.65 41.3
1556418712.66 41.3
1556418722.68 41.3
1556418732.69 41.9
1556418742.71 41.3
1556418752.72 40.8
1556418762.74 41.9
1556418772.75 40.8
1556418782.77 40.8
1556418792.79 41.9
1556418802.81 41.3
1556418812.82 41.9
1556418822.84 40.8
1556418832.86 40.8
1556418842.87 41.3
1556418852.89 40.8
1556418862.9 41.3
1556418872.91 40.8
1556418882.93 40.8
1556418892.95 40.8
1556418902.97 41.3
1556418912.98 40.8
1556418922.99 41.9
1556418933.0 41.9
1556418943.02 40.8
1556418953.03 41.3
1556418963.05 41.3
1556418973.07 40.8
1556418983.09 40.2
1556418993.1 40.8
1556419003.12 40.2
1556419013.13 40.8
1556419023.15 40.2
1556419033.17 40.8
1556419043.18 40.8
1556419053.19 40.8
1556419063.21 40.8
1556419073.22 40.8
1556419083.24 40.8
1556419093.25 40.2
1556419103.27 40.8
1556419113.28 40.8
1556419123.29 41.3
1556419133.31 40.8
1556419143.32 40.8
1556419153.34 40.8
1556419163.35 39.7
1556419173.37 40.8
1556419183.39 40.8
1556419193.4 40.8
1556419203.42 40.8
1556419213.43 41.9
1556419223.45 41.3
1556419233.46 40.8
1556419243.48 40.8
1556419253.49 40.8
1556419263.51 41.3
1556419273.53 40.2
1556419283.55 40.8
1556419293.57 40.8
1556419303.58 40.8
1556419313.61 40.8
1556419323.62 40.8
1556419333.64 40.8
1556419343.66 40.8
1556419353.67 40.8
1556419363.69 40.8
1556419373.71 40.8
1556419383.73 40.8
1556419393.75 39.7
1556419403.77 41.3
1556419413.79 40.8
1556419423.8 41.3
1556419433.82 39.7
1556419443.84 40.8
1556419453.86 40.8
1556419463.88 40.8
1556419473.89 40.8
1556419483.9 40.8
1556419493.92 40.2
1556419503.94 40.8
1556419513.96 40.8
1556419523.98 39.7
1556419534.0 40.8
1556419544.01 40.8
1556419554.03 40.8
1556419564.05 40.8
1556419574.07 40.8
1556419584.09 40.8
1556419594.1 40.8
1556419604.12 40.2
1556419614.14 40.2
1556419624.16 40.8
1556419634.18 40.2
1556419644.2 39.7
1556419654.22 39.7
1556419664.23 40.8
1556419674.25 39.7
1556419684.28 39.7
1556419694.3 39.7
1556419704.32 39.7
1556419714.33 40.2
1556419724.35 40.2
1556419734.37 40.2
1556419744.38 39.7
1556419754.39 40.8
1556419764.41 40.2
1556419774.43 39.7
1556419784.45 39.7
1556419794.47 39.7
1556419804.49 40.8
1556419814.51 40.8
1556419824.52 40.8
1556419834.54 40.8
1556419844.56 40.8
1556419854.57 40.8
1556419864.59 40.2
1556419874.61 39.7
1556419884.63 39.2
1556419894.66 40.2
1556419904.67 40.8
1556419914.69 40.8
1556419924.71 40.2
1556419934.73 40.8
1556419944.74 40.8
1556419954.75 40.8
1556419964.77 40.8
1556419974.79 40.2
1556419984.81 40.8
1556419994.82 40.8
1556420004.84 39.7
1556420014.86 39.7
1556420024.88 39.7
1556420034.9 39.7
1556420044.92 39.7
1556420054.94 40.8
1556420064.95 40.2
1556420074.96 40.8
1556420084.98 39.7
1556420095.0 39.7
1556420105.02 39.7
1556420115.03 40.8
1556420125.05 40.2
1556420135.07 39.7
1556420145.09 40.2
1556420155.11 40.8
1556420165.14 40.8
1556420175.16 40.2
1556420185.18 40.8
1556420195.2 39.7
1556420205.21 40.8
1556420215.23 40.8
1556420225.25 40.2
1556420235.27 39.7
1556420245.28 40.8
1556420255.3 40.2
1556420265.32 40.8
1556420275.34 40.8
1556420285.35 40.8
1556420295.37 39.7
1556420305.39 40.8
1556420315.4 41.3
1556420325.42 41.9
1556420335.44 40.8
1556420345.45 41.3
1556420355.47 40.8
1556420365.49 40.8
1556420375.51 41.3
1556420385.53 40.8
1556420395.55 40.8
