1556700006.41 40.2
1556700016.43 39.7
1556700026.45 40.2
1556700036.47 39.7
1556700046.49 40.8
1556700056.51 40.2
1556700066.52 40.8
1556700076.54 40.2
1556700086.56 39.7
1556700096.58 39.7
1556700106.6 40.2
1556700116.62 39.7
1556700126.64 40.8
1556700136.66 39.7
1556700146.68 39.7
1556700156.69 40.8
1556700166.71 39.7
1556700176.73 40.2
1556700186.75 39.7
1556700196.77 40.8
1556700206.79 39.7
1556700216.81 40.8
1556700226.83 39.7
1556700236.85 40.8
1556700246.86 39.7
1556700256.88 40.2
1556700266.9 40.8
1556700276.92 40.8
1556700286.94 40.8
1556700296.96 40.2
1556700306.98 39.7
1556700317.0 40.2
1556700327.02 40.8
1556700337.04 40.8
1556700347.06 40.8
1556700357.08 40.2
1556700367.11 40.2
1556700377.13 40.2
1556700387.15 39.7
1556700397.17 39.7
1556700407.2 39.7
1556700417.22 39.7
1556700427.24 39.7
1556700437.26 40.8
1556700447.28 39.7
1556700457.3 39.7
1556700467.32 40.8
1556700477.32 40.2
1556700487.34 39.7
1556700497.37 39.7
1556700507.39 40.2
1556700517.41 40.2
1556700527.43 40.2
1556700537.45 40.8
1556700547.47 40.2
1556700557.49 40.8
1556700567.51 40.8
1556700577.53 40.8
1556700587.55 40.8
1556700597.57 40.8
1556700607.59 40.8
1556700617.61 40.2
1556700627.63 40.2
1556700637.65 40.8
1556700647.67 40.2
1556700657.69 39.7
1556700667.71 40.8
1556700677.73 40.2
1556700687.75 39.7
1556700697.76 40.8
1556700707.79 40.2
1556700717.81 39.7
1556700727.82 40.8
1556700737.84 39.7
1556700747.86 39.7
1556700757.89 40.2
1556700767.91 40.8
1556700777.93 40.2
1556700787.95 40.2
1556700797.97 40.8
1556700807.99 39.7
1556700818.01 40.8
1556700828.03 40.2
1556700838.06 40.2
1556700848.08 39.7
1556700858.09 40.8
1556700868.11 40.8
1556700878.13 40.8
1556700888.15 40.8
1556700898.17 40.8
1556700908.18 40.8
1556700918.2 40.8
1556700928.23 40.8
1556700938.25 40.8
1556700948.26 40.8
1556700958.28 40.8
1556700968.3 40.8
1556700978.32 40.8
1556700988.34 40.8
1556700998.36 40.8
1556701008.38 40.8
1556701018.39 40.8
1556701028.42 40.2
1556701038.44 40.2
1556701048.46 40.8
1556701058.47 40.8
1556701068.49 39.7
1556701078.51 40.8
1556701088.54 40.8
1556701098.56 40.8
1556701108.57 40.8
1556701118.59 40.8
1556701128.62 40.8
1556701138.64 40.2
1556701148.66 40.8
1556701158.68 40.2
1556701168.71 40.2
1556701178.73 40.8
1556701188.75 39.7
1556701198.78 40.8
1556701208.8 41.9
1556701218.82 40.2
1556701228.84 40.2
1556701238.86 39.7
1556701248.88 40.8
1556701258.9 40.8
1556701268.92 39.7
1556701278.94 40.2
1556701288.96 40.8
1556701298.98 39.7
1556701309.0 40.8
1556701319.02 40.8
1556701329.03 40.2
1556701339.05 40.2
1556701349.07 40.8
1556701359.09 40.2
1556701369.1 40.8
1556701379.12 40.8
1556701389.14 40.8
1556701399.16 40.2
1556701409.18 39.7
1556701419.2 40.8
1556701429.22 40.8
1556701439.24 39.7
1556701449.26 40.2
1556701459.28 39.7
1556701469.3 40.2
1556701479.32 40.2
1556701489.34 40.2
1556701499.36 39.7
1556701509.38 40.8
1556701519.4 40.2
1556701529.41 40.8
1556701539.43 40.8
1556701549.45 40.8
1556701559.47 40.8
1556701569.49 40.8
1556701579.51 40.8
1556701589.53 40.2
1556701599.55 41.3
1556701609.57 40.8
1556701619.59 40.8
1556701629.61 40.8
1556701639.63 40.8
1556701649.65 40.2
1556701659.67 40.2
1556701669.69 40.8
1556701679.71 40.2
1556701689.73 40.2
1556701699.75 40.2
1556701709.77 40.8
1556701719.79 40.2
1556701729.81 39.7
1556701739.83 39.7
1556701749.84 40.8
1556701759.86 39.7
1556701769.88 40.8
1556701779.91 40.8
1556701789.92 40.8
1556701799.94 39.7
1556701809.96 40.2
1556701828.09 40.8
1556701838.1 40.8
1556701848.12 40.8
1556701858.14 40.8
1556701868.16 41.3
1556701878.18 40.8
1556701888.19 40.8
1556701898.21 40.2
1556701908.24 39.7
1556701918.26 40.8
1556701928.28 40.8
1556701938.3 40.2
1556701948.32 40.8
1556701958.34 40.8
1556701968.35 40.8
1556701978.37 41.3
1556701988.39 40.8
1556701998.41 41.3
1556702008.43 40.8
1556702018.45 41.3
1556702028.46 41.3
1556702038.49 40.8
1556702048.51 40.8
1556702058.53 40.8
1556702068.55 40.8
1556702078.57 41.3
1556702088.58 41.9
1556702098.61 40.8
1556702108.63 40.8
1556702118.65 40.8
1556702128.67 40.8
1556702138.68 41.9
1556702148.7 40.8
1556702158.73 40.8
1556702168.74 40.8
1556702178.76 41.3
1556702188.78 40.8
1556702198.8 40.8
1556702208.82 40.8
1556702218.84 40.8
1556702228.86 40.8
1556702238.88 40.8
1556702248.9 41.3
1556702258.91 40.8
1556702268.93 41.9
1556702278.95 40.8
1556702288.97 40.8
1556702298.99 40.8
1556702309.01 40.8
1556702319.03 40.8
1556702329.05 41.3
1556702339.08 40.8
1556702349.09 41.3
1556702359.13 41.3
1556702369.14 41.3
1556702379.16 40.8
1556702389.18 42.4
1556702399.2 41.9
1556702409.21 41.9
1556702419.23 41.9
1556702429.25 40.8
1556702439.27 41.9
1556702449.29 40.8
1556702459.3 41.9
1556702469.31 41.9
1556702479.33 41.3
1556702489.35 41.9
1556702499.37 41.9
1556702509.38 41.3
1556702519.4 41.3
1556702529.41 40.8
1556702539.43 41.3
1556702549.45 40.8
1556702559.47 40.8
1556702569.48 41.3
1556702579.49 40.8
1556702589.51 40.8
1556702599.53 40.8
1556702609.54 40.8
1556702619.56 41.3
1556702629.58 40.8
1556702639.6 41.9
1556702649.62 41.3
1556702659.64 40.8
1556702669.66 41.9
1556702679.68 41.9
1556702689.69 40.8
1556702699.71 41.3
1556702709.74 41.3
1556702719.76 41.3
1556702729.77 41.9
1556702739.79 40.8
1556702749.81 41.9
1556702759.82 41.9
1556702769.85 41.3
1556702779.86 40.8
1556702789.88 41.3
1556702799.9 41.9
1556702809.92 40.8
1556702819.94 40.8
1556702829.96 41.3
1556702839.97 41.3
1556702850.0 40.8
1556702860.02 40.8
1556702870.04 41.3
1556702880.06 40.8
1556702890.08 41.3
1556702900.1 41.3
1556702910.12 41.3
1556702920.14 41.3
1556702930.16 40.8
1556702940.18 40.8
1556702950.2 40.8
1556702960.22 41.3
1556702970.24 40.8
1556702980.26 41.3
1556702990.28 40.8
1556703000.31 41.9
1556703010.32 40.8
1556703020.34 40.8
1556703030.36 40.8
1556703040.38 41.3
1556703050.4 41.3
1556703060.42 40.8
1556703070.44 41.3
1556703080.46 40.8
1556703090.48 40.8
1556703100.5 40.8
1556703110.52 41.3
1556703120.54 40.8
1556703130.56 41.3
1556703140.58 40.8
1556703150.6 41.3
1556703160.61 40.8
1556703170.64 40.8
1556703180.65 41.3
1556703190.66 40.8
1556703200.68 40.8
1556703210.7 40.8
1556703220.72 41.3
1556703230.74 40.8
1556703240.76 40.8
1556703250.78 41.3
1556703260.79 41.3
1556703270.81 41.3
1556703280.83 40.8
1556703290.84 40.8
1556703300.86 40.8
1556703310.88 40.8
1556703320.9 40.8
1556703330.93 40.2
1556703340.95 39.7
1556703350.96 41.3
1556703360.98 40.8
1556703371.01 40.8
1556703381.03 40.8
1556703391.05 40.8
1556703401.06 40.8
1556703411.08 41.9
1556703421.09 40.8
1556703431.11 40.8
1556703441.13 40.8
1556703451.15 41.3
1556703461.17 41.3
1556703471.19 40.8
1556703481.21 40.8
1556703491.23 41.9
1556703501.25 41.3
1556703511.27 40.8
1556703521.29 41.9
1556703531.3 40.8
1556703541.32 40.8
1556703551.35 40.8
1556703561.36 41.3
1556703571.38 40.8
1556703581.4 40.8
1556703591.42 40.8
1556703601.44 40.8
1556703611.46 41.3
1556703621.48 41.3
1556703631.5 41.3
1556703641.52 40.8
1556703651.54 41.9
1556703661.55 41.9
1556703671.56 41.3
1556703681.59 41.3
1556703691.61 41.3
1556703701.63 41.3
1556703711.65 41.3
1556703721.68 41.9
1556703731.7 42.4
1556703741.72 41.9
1556703751.74 41.9
1556703761.76 41.3
1556703771.78 41.9
1556703781.8 41.9
1556703791.82 41.3
1556703801.86 41.9
1556703811.87 41.9
1556703821.89 41.9
1556703831.91 41.9
1556703841.93 41.9
1556703851.94 41.3
1556703861.96 42.9
1556703871.98 41.3
1556703882.0 41.9
1556703892.02 41.3
1556703902.04 41.9
1556703912.06 41.9
1556703922.08 41.9
1556703932.1 41.9
1556703942.12 41.9
1556703952.14 41.9
1556703962.15 41.9
1556703972.17 41.9
1556703982.18 41.9
1556703992.2 41.9
1556704002.22 41.3
1556704012.24 42.4
1556704022.26 41.9
1556704032.28 41.9
1556704042.3 41.9
1556704052.32 41.9
1556704062.34 41.9
1556704072.36 41.3
1556704082.37 41.9
1556704092.4 41.3
1556704102.42 41.3
1556704112.44 41.3
1556704122.46 40.8
1556704132.48 41.3
1556704142.5 41.3
1556704152.52 41.9
1556704162.54 41.3
1556704172.56 40.8
1556704182.57 41.9
1556704192.59 41.3
1556704202.62 41.3
1556704212.64 41.9
1556704222.65 41.9
1556704232.67 41.9
1556704242.69 41.9
1556704252.7 42.9
1556704262.72 41.9
1556704272.74 41.9
1556704282.75 41.9
1556704292.77 41.9
1556704302.79 41.9
1556704312.81 41.9
1556704322.83 40.8
1556704332.85 41.9
1556704342.87 41.3
1556704352.88 41.9
1556704362.89 41.3
1556704372.91 41.3
1556704382.93 41.9
1556704392.95 41.3
1556704402.97 41.9
1556704412.99 41.9
1556704423.0 41.9
1556704433.01 41.9
1556704443.03 41.3
1556704453.04 42.4
1556704463.06 41.3
1556704473.08 41.9
1556704483.09 42.4
1556704493.11 41.9
1556704503.12 41.9
1556704513.14 42.4
1556704523.15 42.9
1556704533.17 42.4
1556704543.19 42.4
1556704553.2 42.9
1556704563.22 42.4
1556704573.23 42.9
1556704583.24 42.9
1556704593.25 42.9
1556704603.26 42.9
1556704613.28 42.9
1556704623.29 42.9
1556704633.31 42.9
1556704643.32 42.9
1556704653.34 42.9
1556704663.35 42.9
1556704673.37 42.9
1556704683.39 43.5
1556704693.4 42.9
1556704703.41 42.9
1556704713.43 42.9
1556704723.44 43.5
1556704733.46 42.9
1556704743.47 43.5
1556704753.48 42.9
1556704763.5 44.0
1556704773.51 41.9
1556704783.53 42.9
1556704793.55 43.5
1556704803.57 42.9
