1557900009.67 41.9
1557900019.68 39.7
1557900029.7 40.2
1557900039.72 40.2
1557900049.74 39.7
1557900059.76 39.7
1557900069.78 39.7
1557900079.8 39.7
1557900089.83 39.7
1557900099.85 39.7
1557900109.87 39.2
1557900119.89 39.7
1557900129.91 40.8
1557900139.92 39.7
1557900149.94 39.7
1557900159.96 39.7
1557900169.98 40.8
1557900180.0 39.2
1557900190.02 39.7
1557900200.04 39.7
1557900210.06 39.7
1557900220.08 39.7
1557900230.09 39.7
1557900240.11 40.2
1557900250.13 39.7
1557900260.15 39.7
1557900270.17 39.2
1557900280.19 40.2
1557900290.22 39.7
1557900300.23 39.7
1557900310.25 39.7
1557900320.27 39.7
1557900330.3 39.7
1557900340.31 39.7
1557900350.33 39.7
1557900360.35 40.2
1557900370.37 39.7
1557900380.39 39.7
1557900390.41 39.7
1557900400.43 39.7
1557900410.45 39.7
1557900420.47 39.7
1557900430.49 39.7
1557900440.5 39.7
1557900450.52 39.7
1557900460.54 39.7
1557900470.56 39.7
1557900480.57 40.8
1557900490.59 40.2
1557900500.61 40.2
1557900510.63 39.7
1557900520.65 39.2
1557900530.67 39.7
1557900540.69 39.7
1557900550.71 39.2
1557900560.73 39.7
1557900570.76 39.7
1557900580.78 39.7
1557900590.8 39.7
1557900600.81 39.7
1557900610.84 39.7
1557900620.85 39.7
1557900630.86 39.7
1557900640.88 40.8
1557900650.89 39.7
1557900660.91 39.7
1557900670.94 39.7
1557900680.96 39.7
1557900690.97 39.7
1557900700.99 39.7
1557900711.01 39.2
1557900721.03 40.2
1557900731.05 39.7
1557900741.06 40.2
1557900751.08 40.2
1557900761.1 39.7
1557900771.12 40.2
1557900781.15 39.7
1557900791.17 39.7
1557900801.19 39.7
1557900811.21 39.7
1557900821.23 39.7
1557900831.26 39.2
1557900841.28 39.7
1557900851.3 39.7
1557900861.32 39.7
1557900871.34 39.7
1557900881.35 40.2
1557900891.38 39.7
1557900901.39 40.8
1557900911.41 39.7
1557900921.43 39.7
1557900931.45 40.8
1557900941.46 39.7
1557900951.48 39.7
1557900961.51 39.7
1557900971.53 40.2
1557900981.54 39.7
1557900991.57 39.7
1557901001.58 39.7
1557901011.6 40.8
1557901021.62 39.7
1557901031.64 39.7
1557901041.65 40.2
1557901051.67 39.7
1557901061.69 39.7
1557901071.71 39.7
1557901081.73 39.7
1557901091.74 39.7
1557901101.76 39.7
1557901111.78 39.7
1557901121.8 39.7
1557901131.82 39.7
1557901141.84 39.7
1557901151.86 39.7
1557901161.88 40.2
1557901171.9 39.7
1557901181.92 39.7
1557901191.94 40.2
1557901201.96 40.8
1557901211.98 40.8
1557901221.99 40.8
1557901232.02 39.7
1557901242.04 39.7
1557901252.05 40.8
1557901262.07 39.7
1557901272.09 39.7
1557901282.11 40.2
1557901292.12 40.8
1557901302.14 40.2
1557901312.16 39.7
1557901322.18 39.7
1557901332.2 39.7
1557901342.22 39.7
1557901352.24 39.7
1557901362.26 39.7
1557901372.28 39.7
1557901382.3 39.7
1557901392.32 39.7
1557901402.33 40.2
1557901412.36 39.7
1557901422.38 39.7
1557901432.4 40.8
1557901442.42 40.8
1557901452.43 40.8
1557901462.45 40.2
1557901472.47 40.2
1557901482.49 39.7
1557901492.51 40.8
1557901502.53 39.7
1557901512.55 39.7
1557901522.57 40.8
1557901532.59 40.8
1557901542.61 39.7
1557901552.63 39.7
1557901562.64 40.8
1557901572.67 40.8
1557901582.69 39.7
1557901592.71 40.2
1557901602.73 40.2
1557901612.75 40.2
1557901622.77 39.7
1557901632.79 40.8
1557901642.81 40.8
1557901652.83 40.2
1557901662.84 40.8
1557901672.86 41.3
1557901682.88 40.2
1557901692.89 40.8
1557901702.91 40.8
1557901712.93 40.8
1557901722.95 40.8
1557901732.97 40.2
1557901742.99 40.2
1557901753.01 40.8
1557901763.02 40.8
1557901773.04 40.8
1557901783.05 40.8
1557901793.08 40.2
1557901803.09 40.8
1557901813.11 40.8
1557901823.14 40.8
1557901833.16 39.7
1557901843.18 40.2
1557901853.19 39.7
1557901863.22 39.7
1557901873.24 39.7
1557901883.26 40.2
1557901893.27 39.2
1557901903.29 39.7
1557901913.31 39.7
1557901923.33 39.7
1557901933.35 39.7
1557901943.37 39.7
1557901953.39 39.7
1557901963.41 39.2
1557901973.43 39.7
1557901983.45 39.7
1557901993.47 39.2
1557902003.49 39.7
1557902013.51 39.7
1557902023.53 39.7
1557902033.55 39.7
1557902043.57 39.7
1557902053.58 40.8
1557902063.6 39.7
1557902073.61 39.7
1557902083.64 39.2
1557902093.66 39.7
1557902103.68 39.7
1557902113.69 39.7
1557902123.71 40.2
1557902133.73 40.2
1557902143.75 39.7
1557902153.77 39.7
1557902163.78 39.7
1557902173.79 40.8
1557902183.81 40.8
1557902193.81 40.8
1557902203.83 40.2
1557902213.84 40.8
1557902223.86 40.2
1557902233.87 40.8
1557902243.89 40.2
1557902253.91 39.7
1557902263.93 39.7
1557902273.94 41.3
1557902283.96 40.2
1557902293.98 39.7
1557902304.0 39.7
1557902314.02 40.2
1557902324.04 39.7
1557902334.06 39.7
1557902344.08 39.7
1557902354.1 39.7
1557902364.12 40.2
1557902374.13 40.8
1557902384.15 39.7
1557902394.17 40.8
1557902404.19 40.8
1557902414.21 40.8
1557902424.22 40.2
1557902434.24 39.7
1557902444.26 40.8
1557902454.28 39.7
1557902464.3 39.7
1557902474.31 40.2
1557902484.33 39.7
1557902494.35 40.2
1557902504.37 39.7
1557902514.39 39.7
1557902524.4 39.7
1557902534.41 40.8
1557902544.43 40.8
1557902554.45 39.7
1557902564.47 40.8
1557902574.48 40.2
1557902584.5 40.8
1557902594.52 40.2
1557902604.54 40.2
1557902614.55 39.7
1557902624.57 39.7
1557902634.59 39.7
1557902644.61 39.7
1557902654.63 39.7
1557902664.64 40.2
1557902674.67 39.7
1557902684.69 40.2
1557902694.7 39.7
1557902704.72 40.8
1557902714.74 40.2
1557902724.75 39.7
1557902734.77 39.7
1557902744.79 39.7
1557902754.82 39.7
1557902764.83 40.8
1557902774.85 39.7
1557902784.87 39.7
1557902794.89 39.7
1557902804.91 39.7
1557902814.93 39.7
1557902824.95 39.2
1557902834.97 40.2
1557902844.98 40.2
1557902855.0 40.2
1557902865.02 39.7
1557902875.04 39.7
1557902885.06 40.2
1557902895.07 40.2
1557902905.09 39.7
1557902915.11 39.7
1557902925.13 40.2
1557902935.14 40.8
1557902945.16 40.2
1557902955.19 39.7
1557902965.2 39.7
1557902975.22 39.7
1557902985.24 39.7
1557902995.26 39.7
1557903005.27 39.7
1557903015.3 39.7
1557903025.31 39.7
1557903035.33 39.7
1557903045.35 40.8
1557903055.37 39.7
1557903065.39 39.7
1557903075.41 39.7
1557903085.42 40.2
1557903095.43 39.7
1557903105.46 39.7
1557903115.47 39.7
1557903125.49 39.7
1557903135.51 39.7
1557903145.52 39.7
1557903155.54 40.2
1557903165.56 39.7
1557903175.58 39.7
1557903185.6 39.7
1557903195.62 39.2
1557903205.64 39.7
1557903215.66 39.7
1557903225.68 39.7
1557903235.7 39.7
1557903245.72 40.2
1557903255.74 40.2
1557903265.75 39.7
1557903275.77 39.7
1557903285.79 39.7
1557903295.81 39.7
1557903305.83 39.7
1557903315.85 39.7
1557903325.86 39.7
1557903335.88 39.7
1557903345.9 39.7
1557903355.92 39.7
1557903365.94 39.7
1557903375.96 39.7
1557903385.98 39.7
1557903396.0 39.7
1557903406.03 39.7
1557903416.05 39.7
1557903426.06 40.8
1557903436.08 39.7
1557903446.1 39.2
1557903456.12 39.7
1557903466.14 39.7
1557903476.17 39.7
1557903486.18 39.7
1557903496.2 39.7
1557903506.21 39.7
1557903516.23 40.2
1557903526.25 39.7
1557903536.27 39.2
1557903546.29 39.7
1557903556.31 39.7
1557903566.33 39.7
1557903576.34 40.8
1557903586.36 39.7
1557903596.38 39.7
