1557300009.27 45.1
1557300019.29 45.6
1557300029.3 45.1
1557300039.32 45.1
1557300049.34 45.6
1557300059.36 45.1
1557300069.38 45.1
1557300079.4 45.6
1557300089.42 45.1
1557300099.44 45.1
1557300109.46 45.1
1557300119.48 45.1
1557300129.51 45.1
1557300139.53 45.1
1557300149.55 45.1
1557300159.57 45.1
1557300169.59 45.1
1557300179.61 45.1
1557300189.63 45.1
1557300199.65 45.1
1557300209.67 45.1
1557300219.69 45.1
1557300229.71 45.1
1557300239.73 44.5
1557300249.75 45.6
1557300259.77 45.1
1557300269.79 45.1
1557300279.81 45.1
1557300289.83 45.1
1557300299.85 45.1
1557300309.87 45.1
1557300319.88 45.1
1557300329.9 45.1
1557300339.92 45.1
1557300349.94 45.1
1557300359.96 44.5
1557300369.99 45.1
1557300380.01 45.1
1557300390.03 45.1
1557300400.05 45.1
1557300410.07 44.5
1557300420.09 44.5
1557300430.12 45.1
1557300440.14 45.1
1557300450.16 45.1
1557300460.18 45.1
1557300470.2 45.1
1557300480.22 45.1
1557300490.25 45.1
1557300500.26 45.1
1557300510.28 45.1
1557300520.3 45.1
1557300530.32 45.1
1557300540.34 45.1
1557300550.36 45.1
1557300560.38 45.1
1557300570.4 45.1
1557300580.42 45.1
1557300590.43 45.1
1557300600.46 45.1
1557300610.48 45.1
1557300620.49 44.5
1557300630.51 45.1
1557300640.53 45.1
1557300650.56 45.1
1557300660.58 45.1
1557300670.6 45.1
1557300680.61 45.1
1557300690.64 45.1
1557300700.65 45.1
1557300710.67 44.5
1557300720.69 45.1
1557300730.71 45.1
1557300740.73 45.1
1557300750.74 44.5
1557300760.76 45.1
1557300770.79 45.1
1557300780.81 45.1
1557300790.83 45.1
1557300800.85 45.1
1557300810.87 45.1
1557300820.89 44.0
1557300830.91 45.1
1557300840.94 45.1
1557300850.96 45.1
1557300860.97 44.5
1557300870.99 45.1
1557300881.02 45.1
1557300891.04 45.1
1557300901.06 44.5
1557300911.08 44.5
1557300921.1 45.1
1557300931.12 44.5
1557300941.14 44.5
1557300951.16 45.1
1557300961.18 45.1
1557300971.2 45.1
1557300981.22 45.1
1557300991.25 45.1
1557301001.27 44.5
1557301011.29 45.1
1557301021.3 45.1
1557301031.32 44.5
1557301041.34 45.1
1557301051.36 45.1
1557301061.38 44.5
1557301071.4 44.5
1557301081.43 45.1
1557301091.45 45.1
1557301101.47 45.1
1557301111.49 44.5
1557301121.51 44.5
1557301131.53 45.1
1557301141.55 45.1
1557301151.57 45.1
1557301161.59 45.1
1557301171.61 45.1
1557301181.63 45.1
1557301191.65 45.1
1557301201.67 45.1
1557301211.69 45.6
1557301221.71 45.1
1557301231.73 45.1
1557301241.74 45.1
1557301251.76 45.1
1557301261.78 45.1
1557301271.81 45.1
1557301281.82 45.1
1557301291.84 45.1
1557301301.86 45.1
1557301311.88 45.1
1557301321.91 45.1
1557301331.92 45.1
1557301341.94 45.1
1557301351.95 45.6
1557301361.98 45.6
1557301371.99 45.1
1557301382.01 45.1
1557301392.03 45.1
1557301402.05 45.1
1557301412.07 45.1
1557301422.08 45.1
1557301432.1 45.1
1557301442.12 45.6
1557301452.14 45.1
1557301462.16 45.6
1557301472.17 45.1
1557301482.19 45.1
1557301492.22 45.1
1557301502.24 45.1
1557301512.26 46.2
1557301522.28 45.6
1557301532.3 45.1
1557301542.33 45.1
1557301552.35 44.5
1557301562.37 45.1
1557301572.39 45.1
1557301582.41 45.1
1557301592.42 44.5
1557301602.44 45.6
1557301612.46 45.1
1557301622.49 45.1
1557301632.51 45.1
1557301642.53 45.1
1557301652.55 45.1
1557301662.57 45.1
1557301672.59 45.1
1557301682.6 46.2
1557301692.62 45.6
1557301702.64 45.1
1557301712.66 45.1
1557301722.68 45.6
1557301732.7 45.1
1557301742.72 45.1
1557301752.74 45.1
1557301762.76 45.1
1557301772.79 45.1
1557301782.81 45.1
1557301792.83 45.1
1557301802.85 45.1
1557301812.87 45.1
1557301822.89 45.6
1557301832.91 44.5
1557301842.92 45.1
1557301852.94 45.1
1557301862.97 45.1
1557301872.99 45.1
1557301883.0 45.6
1557301893.02 45.1
1557301903.04 45.1
1557301913.07 45.1
1557301923.09 45.1
1557301933.11 44.5
1557301943.13 44.5
1557301953.15 45.1
1557301963.17 45.1
1557301973.19 45.1
1557301983.21 45.1
1557301993.24 44.5
1557302003.26 45.1
1557302013.28 45.1
1557302023.3 45.1
1557302033.32 45.1
1557302043.34 44.5
1557302053.35 45.6
1557302063.37 45.1
1557302073.39 45.1
1557302083.41 45.1
1557302093.42 45.1
1557302103.44 45.1
1557302113.47 45.1
1557302123.49 45.1
1557302133.51 45.1
1557302143.53 45.1
1557302153.55 45.1
1557302163.57 45.1
1557302173.59 45.1
1557302183.61 45.1
1557302193.63 45.1
1557302203.65 45.1
1557302213.67 45.6
1557302223.69 45.1
1557302233.71 45.1
1557302243.74 45.1
1557302253.75 45.1
1557302263.77 45.1
1557302273.79 44.5
1557302283.81 45.1
1557302293.83 45.1
1557302303.85 45.6
1557302313.86 45.6
1557302323.89 45.1
1557302333.91 45.1
1557302343.92 45.6
1557302353.93 45.1
1557302363.95 45.6
1557302373.98 45.1
1557302383.99 46.2
1557302394.01 45.1
1557302404.03 47.8
1557302414.05 45.6
1557302424.07 45.6
1557302434.09 45.1
1557302444.11 46.2
1557302454.13 45.1
1557302464.15 45.1
1557302474.17 45.1
1557302484.19 45.1
1557302494.21 45.1
1557302504.24 45.1
1557302514.26 45.1
1557302524.28 45.1
1557302534.3 45.1
1557302544.32 45.6
1557302554.34 45.1
1557302564.36 45.1
1557302574.37 46.2
1557302584.39 45.1
1557302594.42 45.1
1557302604.43 45.1
1557302614.45 45.1
1557302624.47 45.1
1557302634.5 45.1
1557302644.52 44.5
1557302654.54 45.1
1557302664.56 44.5
1557302674.58 45.1
1557302684.6 44.0
1557302694.62 45.1
1557302704.64 45.1
1557302714.66 45.1
1557302724.69 45.1
1557302734.71 45.6
1557302744.73 44.5
1557302754.75 44.5
1557302764.77 45.1
1557302774.79 45.1
1557302784.81 45.1
1557302794.83 45.1
1557302804.86 45.1
1557302814.88 44.5
1557302824.9 44.5
1557302834.93 44.5
1557302844.95 44.0
1557302854.97 45.1
1557302864.99 44.5
1557302875.01 44.5
1557302885.03 45.1
1557302895.04 45.1
1557302905.06 45.1
1557302915.08 44.5
1557302925.11 45.1
1557302935.12 45.1
1557302945.14 44.0
1557302955.16 44.0
1557302965.17 44.5
1557302975.19 44.0
1557302985.21 44.0
1557302995.23 44.5
1557303005.25 45.1
1557303015.27 45.1
1557303025.29 45.1
1557303035.31 45.1
1557303045.33 45.1
1557303055.35 44.5
1557303065.36 45.1
1557303075.38 44.5
1557303085.4 44.5
1557303095.42 44.0
1557303105.44 45.1
1557303115.46 45.1
1557303125.48 44.0
1557303135.5 45.1
1557303145.52 44.0
1557303155.55 44.0
1557303165.58 44.0
1557303175.6 44.5
1557303185.61 45.1
1557303195.64 45.1
1557303205.66 44.0
1557303215.67 45.1
1557303225.69 44.5
1557303235.71 45.1
1557303245.73 44.0
1557303255.75 44.5
1557303265.77 44.5
1557303275.79 45.1
1557303285.81 44.5
1557303295.84 44.0
1557303305.86 44.0
1557303315.88 45.6
1557303325.9 44.0
1557303335.91 44.5
1557303345.94 44.0
1557303355.96 44.0
1557303365.98 44.5
1557303376.0 45.1
1557303386.02 45.1
1557303396.04 45.1
1557303406.05 45.1
1557303416.07 44.5
1557303426.09 44.0
1557303436.12 45.1
1557303446.14 44.5
1557303456.16 45.1
1557303466.17 44.5
1557303476.19 44.0
1557303486.21 45.1
1557303496.23 45.1
1557303506.25 45.1
1557303516.27 45.1
1557303526.29 44.0
1557303536.31 45.1
1557303546.34 44.5
1557303556.36 44.0
1557303566.38 44.0
1557303576.4 44.5
1557303586.42 44.0
1557303596.44 44.5
1557303606.46 44.0
1557303616.48 45.1
1557303626.5 43.5
1557303636.53 43.5
1557303646.55 44.0
1557303656.57 44.0
1557303666.59 44.0
1557303676.61 44.5
1557303686.63 44.0
1557303696.65 44.0
1557303706.67 44.0
1557303716.71 44.0
1557303726.72 44.0
1557303736.74 44.0
1557303746.76 45.1
1557303756.77 45.1
1557303766.79 44.5
1557303776.81 44.0
1557303786.83 44.5
1557303796.85 44.0
1557303806.87 44.0
1557303816.89 44.0
1557303826.91 44.0
1557303836.93 44.0
1557303846.95 44.5
1557303856.97 44.0
1557303866.99 44.0
1557303877.01 44.0
1557303887.03 44.5
1557303897.04 44.0
1557303907.06 44.5
1557303917.08 44.5
1557303927.1 44.5
1557303937.11 45.1
1557303947.13 44.0
1557303957.16 44.0
1557303967.18 45.1
1557303977.2 44.5
1557303987.23 43.5
1557303997.25 44.5
1557304007.27 45.1
1557304017.29 45.1
1557304027.31 44.0
1557304037.33 44.5
1557304047.35 44.0
1557304057.37 44.5
1557304067.39 44.0
1557304077.42 44.5
1557304087.43 45.1
1557304097.45 44.0
1557304107.47 45.1
1557304117.5 45.1
1557304127.52 44.5
1557304137.54 45.1
1557304147.56 44.0
1557304157.58 45.1
1557304167.6 45.1
1557304177.62 45.1
1557304187.64 45.1
1557304197.66 44.5
1557304207.68 45.6
1557304217.7 45.1
1557304227.72 45.1
1557304237.73 45.1
1557304247.75 45.1
1557304257.77 45.1
1557304267.79 45.1
1557304277.81 45.1
1557304287.83 44.0
1557304297.84 44.5
1557304307.87 45.1
1557304317.89 44.0
1557304327.9 44.0
1557304337.92 45.1
1557304347.94 44.5
1557304357.96 44.5
1557304367.98 45.1
1557304378.0 44.5
1557304388.01 45.1
1557304398.03 44.5
1557304408.06 44.0
1557304418.07 45.1
1557304428.09 44.5
1557304438.1 45.6
1557304448.12 45.1
1557304458.14 45.1
1557304468.15 45.1
1557304478.17 45.1
1557304488.18 45.1
1557304498.21 45.1
1557304508.22 45.1
1557304518.23 45.1
1557304528.24 44.5
1557304538.26 45.1
1557304548.28 44.5
1557304558.3 45.1
1557304568.32 45.1
1557304578.33 45.1
1557304588.35 45.1
1557304598.36 44.5
1557304608.37 45.1
1557304618.4 45.1
1557304628.41 45.6
1557304638.42 45.1
1557304648.44 45.1
1557304658.46 45.1
1557304668.48 45.1
1557304678.5 45.1
1557304688.51 44.0
1557304698.53 44.5
1557304708.55 44.5
1557304718.57 45.1
1557304728.59 44.5
1557304738.61 45.1
1557304748.63 45.1
1557304758.65 45.1
1557304768.67 44.0
1557304778.69 45.6
1557304788.7 45.6
1557304798.72 45.1
1557304808.74 45.1
1557304818.76 45.1
1557304828.79 44.5
1557304838.81 45.1
1557304848.83 45.1
1557304858.85 45.1
1557304868.86 45.1
1557304878.88 44.0
1557304888.9 45.1
1557304898.92 44.5
1557304908.94 44.0
1557304918.96 45.1
1557304928.98 44.0
1557304939.0 44.5
1557304949.02 44.5
1557304959.04 45.1
1557304969.05 45.1
1557304979.08 44.5
1557304989.09 44.0
1557304999.11 45.1
1557305009.13 45.1
1557305019.14 45.1
1557305029.16 44.0
1557305039.18 44.0
1557305049.2 43.5
1557305059.21 44.5
1557305069.23 44.0
1557305079.25 45.1
1557305089.27 45.1
1557305099.29 44.5
1557305109.32 45.1
1557305119.33 45.1
1557305129.35 44.5
1557305139.37 44.5
1557305149.38 44.0
1557305159.4 45.1
1557305169.42 44.5
1557305179.43 44.0
1557305189.45 44.5
1557305199.47 44.0
1557305209.49 45.1
1557305219.5 44.5
1557305229.52 44.5
1557305239.54 44.0
1557305249.56 44.0
1557305259.58 44.0
1557305269.6 44.0
1557305279.62 44.5
1557305289.65 44.5
1557305299.66 44.0
1557305309.68 44.5
1557305319.71 44.5
1557305329.73 44.0
1557305339.75 44.0
1557305349.78 44.5
1557305359.8 44.0
1557305369.82 44.0
1557305379.84 44.0
1557305389.86 44.0
1557305399.89 43.5
1557305409.91 44.0
1557305419.92 44.5
1557305429.94 44.0
1557305439.97 44.0
1557305449.99 44.0
1557305460.01 44.0
1557305470.04 44.0
1557305480.06 43.5
1557305490.08 44.0
1557305500.1 44.0
1557305510.12 44.0
1557305520.14 44.0
1557305530.16 44.0
1557305540.18 44.0
1557305550.21 44.0
1557305560.23 44.0
1557305570.25 44.0
1557305580.27 43.5
1557305590.29 43.5
1557305600.31 44.0
1557305610.33 43.5
1557305620.36 44.5
1557305630.38 44.0
1557305640.41 44.0
1557305650.42 44.0
1557305660.44 44.0
1557305670.47 44.0
1557305680.49 44.0
1557305690.51 44.0
1557305700.53 44.0
1557305710.55 44.0
1557305720.57 42.9
1557305730.59 44.0
1557305740.6 44.0
1557305750.61 44.0
1557305760.62 43.5
1557305770.64 44.0
1557305780.67 44.0
1557305790.68 44.0
1557305800.7 43.5
1557305810.72 43.5
1557305820.74 44.0
1557305830.76 43.5
1557305840.78 43.5
1557305850.8 43.5
1557305860.82 43.5
1557305870.83 44.0
1557305880.86 44.0
1557305890.87 44.5
1557305900.89 44.0
1557305910.91 44.0
1557305920.92 43.5
1557305930.93 44.5
1557305940.95 43.5
1557305950.97 43.5
1557305960.98 43.5
1557305971.0 44.0
1557305981.02 43.5
1557305991.03 42.9
1557306001.05 43.5
1557306011.07 43.5
1557306021.09 44.0
1557306031.11 42.9
1557306041.15 43.5
1557306051.17 43.5
1557306061.18 44.0
1557306071.2 43.5
1557306081.22 44.0
1557306091.24 43.5
1557306101.26 44.0
1557306111.29 43.5
1557306121.31 43.5
1557306131.33 44.0
1557306141.34 44.0
1557306151.36 44.0
1557306161.38 44.0
1557306171.4 43.5
1557306181.42 44.0
1557306191.45 44.0
1557306201.46 45.1
1557306211.48 44.5
1557306221.5 44.0
1557306231.52 44.0
1557306241.55 43.5
1557306251.57 44.0
1557306261.59 44.0
1557306271.6 44.0
1557306281.62 44.5
1557306291.64 45.1
1557306301.65 44.5
1557306311.67 44.5
1557306321.69 44.0
1557306331.72 44.0
1557306341.73 44.0
1557306351.75 44.0
1557306361.77 44.5
1557306371.8 44.0
1557306381.81 44.5
1557306391.83 44.0
1557306401.85 44.0
1557306411.88 44.0
1557306421.89 44.5
1557306431.91 44.0
1557306441.93 44.5
1557306451.95 44.0
1557306461.97 44.0
1557306471.99 44.0
1557306482.02 44.0
1557306492.04 43.5
1557306502.05 44.0
1557306512.07 44.0
1557306522.1 44.0
1557306532.12 44.5
1557306542.14 44.0
1557306552.16 44.5
1557306562.18 44.5
1557306572.19 44.5
1557306582.21 44.0
1557306592.23 44.0
1557306602.26 44.5
1557306612.27 43.5
1557306622.29 44.0
1557306632.31 45.1
1557306642.33 44.0
1557306652.35 44.5
1557306662.36 45.1
1557306672.37 44.0
1557306682.39 44.5
1557306692.4 44.0
1557306702.41 44.5
1557306712.42 45.1
1557306722.43 45.1
1557306732.45 44.5
1557306742.47 44.5
1557306752.49 45.1
1557306762.51 45.1
1557306772.52 45.1
1557306782.54 44.5
1557306792.56 45.1
1557306802.58 45.1
1557306812.6 44.5
1557306822.62 44.5
1557306832.63 45.1
1557306842.65 45.1
1557306852.67 45.6
1557306862.68 45.1
1557306872.7 44.5
1557306882.71 45.1
1557306892.73 44.5
1557306902.76 43.5
1557306912.77 45.1
1557306922.79 45.1
1557306932.81 44.0
1557306942.83 45.1
1557306952.85 44.0
1557306962.86 44.0
1557306972.88 45.1
1557306982.89 44.5
1557306992.91 45.1
1557307002.93 45.1
1557307012.94 44.0
1557307022.96 44.0
1557307032.98 44.5
1557307043.0 45.1
1557307053.01 44.0
1557307063.03 44.5
1557307073.04 44.5
1557307083.06 44.5
1557307093.07 45.1
1557307103.09 44.5
1557307113.12 44.5
1557307123.13 45.1
1557307133.14 45.6
1557307143.16 44.5
1557307153.17 45.1
1557307163.19 44.5
1557307173.21 45.1
1557307183.23 44.5
1557307193.24 45.1
1557307203.26 44.5
1557307213.28 44.5
1557307223.29 44.5
1557307233.31 44.5
1557307243.33 44.0
1557307253.34 45.1
1557307263.36 44.0
1557307273.38 44.5
1557307283.39 44.0
1557307293.4 44.0
1557307303.42 44.5
1557307313.44 43.5
1557307323.45 45.1
1557307333.47 45.1
1557307343.49 44.0
1557307353.51 44.0
1557307363.53 45.1
1557307373.55 44.5
1557307383.57 44.5
1557307393.59 45.1
1557307403.61 45.1
1557307413.63 45.1
1557307423.65 44.5
1557307433.66 45.1
1557307443.68 44.0
1557307453.7 44.5
1557307463.71 45.6
1557307473.73 45.1
1557307483.75 45.1
1557307493.76 44.5
1557307503.78 44.5
1557307513.81 45.1
1557307523.82 44.5
1557307533.84 44.5
1557307543.86 45.1
1557307553.88 45.1
1557307563.9 45.1
1557307573.92 45.1
1557307583.93 44.5
1557307593.95 45.1
1557307603.97 45.6
1557307613.98 45.1
1557307623.99 45.1
1557307634.01 45.1
1557307644.03 45.1
1557307654.04 45.1
1557307664.06 44.5
1557307674.08 45.1
1557307684.19 45.6
1557307694.22 45.1
1557307704.23 45.6
1557307714.25 45.1
1557307724.27 45.1
1557307734.29 45.6
1557307744.31 45.6
1557307754.34 45.1
1557307764.36 45.1
1557307774.38 45.6
1557307784.39 45.1
1557307794.41 45.1
1557307804.44 45.1
1557307814.46 45.6
1557307824.47 45.1
1557307834.5 45.6
1557307844.52 45.6
1557307854.53 45.1
1557307864.56 45.1
1557307874.58 45.1
1557307884.6 45.1
1557307894.62 45.1
1557307904.64 45.1
1557307914.66 45.6
1557307924.67 45.1
1557307934.69 45.6
1557307944.71 45.6
1557307954.73 45.1
1557307964.75 45.1
1557307974.77 44.5
1557307984.79 44.0
1557307994.81 45.1
1557308004.83 45.1
1557308014.85 45.1
1557308024.87 45.1
1557308034.89 45.1
1557308044.91 45.1
1557308054.92 45.1
1557308064.94 44.5
1557308074.96 45.1
1557308084.98 45.6
1557308095.0 45.6
1557308105.01 45.1
1557308115.03 45.1
1557308125.06 45.1
1557308135.07 45.6
1557308145.09 46.2
1557308155.11 45.6
1557308165.13 45.1
1557308175.15 45.1
1557308185.17 45.1
1557308195.19 45.1
1557308205.21 45.1
1557308215.22 45.1
1557308225.25 45.1
1557308235.27 44.5
1557308245.29 45.1
1557308255.31 45.1
1557308265.33 45.1
1557308275.35 45.1
1557308285.37 44.5
1557308295.39 45.1
1557308305.41 45.1
1557308315.43 44.5
1557308325.46 44.0
1557308335.47 44.5
1557308345.49 44.5
1557308355.51 45.1
1557308365.53 44.5
1557308375.55 44.0
1557308385.57 44.5
1557308395.59 45.1
1557308405.6 45.1
1557308415.62 44.5
1557308425.64 44.5
1557308435.66 45.1
1557308445.68 44.0
1557308455.71 44.5
1557308465.72 44.0
1557308475.74 43.5
1557308485.76 44.5
1557308495.77 44.5
1557308505.79 44.0
1557308515.8 45.1
1557308525.83 44.5
1557308535.84 44.5
1557308545.86 44.5
1557308555.88 44.0
1557308565.89 44.0
1557308575.91 43.5
1557308585.93 44.0
1557308595.95 43.5
1557308605.97 44.0
1557308615.99 43.5
1557308626.01 43.5
1557308636.03 43.5
1557308646.05 44.0
1557308656.07 44.0
1557308666.09 43.5
1557308676.1 44.0
1557308686.12 44.0
1557308696.14 44.0
1557308706.17 42.9
1557308716.19 42.9
1557308726.2 44.0
1557308736.22 43.5
1557308746.24 42.9
1557308756.26 43.5
1557308766.28 43.5
1557308776.3 42.9
1557308786.32 43.5
1557308796.33 44.0
1557308806.36 43.5
1557308816.38 43.5
1557308826.39 44.0
1557308836.41 44.0
1557308846.43 43.5
1557308856.45 43.5
1557308866.48 43.5
1557308876.49 43.5
1557308886.51 43.5
1557308896.53 44.0
1557308906.55 44.0
1557308916.57 43.5
1557308926.59 44.0
1557308936.61 43.5
1557308946.63 44.0
1557308956.65 44.0
1557308966.67 44.5
1557308976.69 43.5
1557308986.71 43.5
1557308996.73 44.0
1557309006.75 44.0
1557309016.77 44.0
1557309026.79 43.5
1557309036.81 44.0
1557309046.83 44.0
1557309056.85 43.5
1557309066.88 43.5
1557309076.9 42.9
1557309086.91 44.5
1557309096.93 44.0
1557309106.95 44.0
1557309116.97 43.5
1557309126.99 44.0
1557309137.01 44.0
1557309147.03 45.1
1557309157.05 45.1
1557309167.07 44.0
1557309177.08 44.5
1557309187.1 45.1
1557309197.12 44.5
1557309207.14 44.0
1557309217.16 45.1
1557309227.18 45.1
1557309237.2 45.1
1557309247.22 44.5
1557309257.24 44.5
1557309267.26 45.1
1557309277.28 45.1
1557309287.3 44.0
1557309297.32 45.1
1557309307.34 44.5
1557309317.36 45.6
1557309327.38 45.1
1557309337.4 44.5
1557309347.42 44.5
1557309357.44 45.1
1557309367.45 45.1
1557309377.47 45.1
1557309387.49 45.1
1557309397.51 45.1
1557309407.53 45.1
1557309417.55 45.1
1557309427.57 45.6
1557309437.59 45.1
1557309447.61 45.6
1557309457.62 45.1
1557309467.64 45.1
1557309477.67 45.1
1557309487.68 45.6
1557309497.69 45.1
1557309507.71 45.1
1557309517.73 45.1
1557309527.75 45.1
1557309537.77 44.5
1557309547.78 45.1
1557309557.8 45.1
1557309567.82 46.2
1557309577.84 45.6
1557309587.86 45.6
1557309597.88 45.1
