1557400005.66 45.1
1557400015.68 45.1
1557400025.71 45.1
1557400035.72 45.1
1557400045.74 45.1
1557400055.75 45.1
1557400065.76 45.6
1557400075.78 45.1
1557400085.8 45.6
1557400095.81 45.6
1557400105.83 46.2
1557400115.85 45.1
1557400125.87 45.1
1557400135.88 45.1
1557400145.9 45.1
1557400155.92 45.1
1557400165.94 45.1
1557400175.96 45.1
1557400185.98 45.1
1557400196.0 44.5
1557400206.02 45.1
1557400216.04 45.1
1557400226.05 46.2
1557400236.07 45.6
1557400246.09 46.2
1557400256.1 45.6
1557400266.12 45.1
1557400276.14 45.6
1557400286.15 45.1
1557400296.17 46.2
1557400306.19 45.1
1557400316.21 45.1
1557400326.23 45.6
1557400336.25 46.2
1557400346.26 45.6
1557400356.28 46.2
1557400366.29 46.2
1557400376.32 46.2
1557400386.34 45.6
1557400396.35 46.2
1557400406.37 45.1
1557400416.39 46.2
1557400426.41 46.2
1557400436.43 46.2
1557400446.44 47.2
1557400456.46 46.2
1557400466.48 46.2
1557400476.5 45.6
1557400486.51 46.7
1557400496.53 46.2
1557400506.54 46.7
1557400516.56 46.2
1557400526.57 46.7
1557400536.58 46.2
1557400546.59 46.7
1557400556.61 47.2
1557400566.63 47.2
1557400576.64 47.8
1557400586.65 47.2
1557400596.67 47.2
1557400606.71 47.2
1557400616.73 46.7
1557400626.74 47.2
1557400636.76 47.2
1557400646.79 47.2
1557400656.81 47.8
1557400666.83 48.3
1557400676.85 47.8
1557400686.87 47.8
1557400696.88 48.3
1557400706.9 47.2
1557400716.91 48.3
1557400726.92 47.8
1557400736.93 47.8
1557400746.95 48.3
1557400756.97 47.2
1557400766.98 47.8
1557400777.0 48.3
1557400787.02 47.8
1557400797.04 47.8
1557400807.05 47.8
1557400817.07 48.3
1557400827.08 48.3
1557400837.1 47.8
1557400847.11 48.3
1557400857.12 48.3
1557400867.14 48.3
1557400877.15 48.3
1557400887.17 47.8
1557400897.19 47.8
1557400907.21 48.3
1557400917.23 47.8
1557400927.24 47.8
1557400937.26 48.3
1557400947.27 48.3
1557400957.29 47.8
1557400967.31 48.3
1557400977.33 48.3
1557400987.34 48.3
1557400997.35 48.3
1557401007.37 48.3
1557401017.39 47.8
1557401027.4 48.3
1557401037.42 48.3
1557401047.44 48.9
1557401057.46 48.3
1557401067.48 48.9
1557401077.5 48.9
1557401087.51 48.9
1557401097.53 48.9
1557401107.55 49.4
1557401117.56 49.4
1557401127.58 48.3
1557401137.6 49.4
1557401147.61 49.4
1557401157.63 49.4
1557401167.65 49.4
1557401177.67 48.9
1557401187.69 48.3
1557401197.71 49.4
1557401207.73 49.4
1557401217.75 49.9
1557401227.76 49.4
1557401237.78 49.9
1557401247.79 49.9
1557401257.81 49.9
1557401267.83 49.4
1557401277.85 49.9
1557401287.87 49.9
1557401297.89 49.4
1557401307.9 49.4
1557401317.92 49.9
1557401327.93 50.5
1557401337.94 50.5
1557401347.96 50.5
1557401357.98 49.4
1557401368.0 50.5
1557401378.01 49.9
1557401388.02 49.9
1557401398.04 50.5
1557401408.06 49.9
1557401418.08 50.5
1557401428.09 49.4
1557401438.12 49.9
1557401448.13 49.9
1557401458.16 49.9
1557401468.18 50.5
1557401478.19 50.5
1557401488.21 49.4
1557401498.24 49.9
1557401508.25 49.9
1557401518.27 50.5
1557401528.29 49.9
1557401538.3 50.5
1557401548.31 50.5
1557401558.32 50.5
1557401568.34 50.5
1557401578.35 50.5
1557401588.37 50.5
1557401598.38 51.5
1557401608.4 50.5
1557401618.41 51.0
1557401628.42 50.5
1557401638.44 51.5
1557401648.45 50.5
1557401658.46 51.5
1557401668.48 50.5
1557401678.49 51.5
1557401688.51 50.5
1557401698.52 50.5
1557401708.54 51.5
1557401718.55 52.1
1557401728.57 51.5
1557401738.59 51.5
1557401748.61 52.1
1557401758.62 51.5
1557401768.64 50.5
1557401778.66 51.5
1557401788.67 51.5
1557401798.69 51.5
1557401808.71 51.5
1557401818.73 51.5
1557401828.74 51.5
1557401838.75 52.1
1557401848.77 52.1
1557401858.78 52.1
1557401868.79 52.1
1557401878.8 52.1
1557401888.82 52.1
1557401898.84 52.1
1557401908.86 51.5
1557401918.88 52.1
1557401928.89 51.5
1557401938.91 51.5
1557401948.93 52.6
1557401958.94 52.1
1557401968.96 51.5
1557401978.97 52.1
1557401988.99 52.1
1557401999.0 52.1
1557402009.02 51.5
1557402019.04 51.5
1557402029.06 51.5
1557402039.07 51.5
1557402049.09 51.5
1557402059.11 50.5
1557402069.12 52.1
1557402079.14 51.5
1557402089.16 50.5
1557402099.18 52.1
1557402109.19 52.1
1557402119.21 51.5
1557402129.22 52.1
1557402139.24 52.1
1557402149.25 52.1
1557402159.27 52.1
1557402169.3 50.5
1557402179.31 52.1
1557402189.33 51.5
1557402199.35 52.1
1557402209.37 52.1
1557402219.39 52.6
1557402229.4 52.6
1557402239.42 52.6
1557402249.43 52.6
1557402259.45 52.6
1557402269.47 52.6
1557402279.49 52.6
1557402289.5 52.1
1557402299.51 52.6
1557402309.53 52.6
1557402319.55 52.1
1557402329.56 53.2
1557402339.58 52.1
1557402349.61 53.7
1557402359.62 53.7
1557402369.63 53.2
1557402379.64 53.2
1557402389.65 52.6
1557402399.67 52.6
1557402409.69 53.2
1557402419.71 53.7
1557402429.73 53.7
1557402439.75 54.2
1557402449.76 53.7
1557402459.79 53.7
1557402469.81 53.7
1557402479.82 53.7
1557402489.84 53.7
1557402499.85 53.7
1557402509.87 53.7
1557402519.89 53.7
1557402529.9 53.7
1557402539.92 54.2
1557402549.94 53.7
1557402559.95 53.7
1557402569.97 53.7
1557402579.99 53.7
1557402590.01 53.7
1557402600.02 52.6
1557402610.04 53.7
1557402620.06 53.7
1557402630.08 53.7
1557402640.1 53.7
1557402650.11 53.7
1557402660.13 53.7
1557402670.15 53.7
1557402680.16 53.7
1557402690.18 53.2
1557402700.2 53.7
1557402710.22 53.7
1557402720.24 54.2
1557402730.26 53.7
1557402740.27 54.2
1557402750.29 53.7
1557402760.31 53.7
1557402770.32 54.2
1557402780.34 53.7
1557402790.35 53.7
1557402800.36 54.2
1557402810.38 53.7
1557402820.4 53.7
1557402830.41 54.2
1557402840.43 53.7
1557402850.45 53.7
1557402860.46 53.7
1557402870.47 53.7
1557402880.5 53.2
1557402890.52 53.7
1557402900.54 53.2
1557402910.55 53.2
1557402920.57 53.2
1557402930.59 53.7
1557402940.61 53.7
1557402950.63 53.7
1557402960.64 53.7
1557402970.66 54.2
1557402980.67 53.7
1557402990.69 53.7
1557403000.71 53.7
1557403010.72 53.2
1557403020.74 53.2
1557403030.76 53.7
1557403040.77 52.6
1557403050.79 53.2
1557403060.8 52.1
1557403070.82 52.1
1557403080.84 52.6
1557403090.86 51.5
1557403100.87 52.6
1557403110.89 51.5
1557403120.91 51.5
1557403130.92 52.1
1557403140.94 51.5
1557403150.95 51.5
1557403160.97 51.5
1557403170.99 51.5
1557403181.01 51.5
1557403191.03 52.1
1557403201.05 50.5
