1557200006.7 42.9
1557200016.71 43.5
1557200026.73 43.5
1557200036.75 43.5
1557200046.77 42.4
1557200056.79 43.5
1557200066.81 42.9
1557200076.83 42.9
1557200086.85 42.4
1557200096.87 42.4
1557200106.89 42.4
1557200116.91 42.4
1557200126.93 41.9
1557200136.95 42.4
1557200146.97 42.4
1557200156.99 41.9
1557200167.01 41.9
1557200177.02 41.9
1557200187.04 41.9
1557200197.05 42.9
1557200207.06 42.4
1557200217.08 41.9
1557200227.1 41.9
1557200237.12 42.4
1557200247.14 42.4
1557200257.16 42.4
1557200267.18 41.9
1557200277.2 41.9
1557200287.22 41.9
1557200297.24 41.9
1557200307.27 41.3
1557200317.29 41.9
1557200327.3 42.9
1557200337.32 41.9
1557200347.34 42.9
1557200357.37 42.4
1557200367.38 42.4
1557200377.39 42.9
1557200387.41 42.4
1557200397.42 42.4
1557200407.44 41.9
1557200417.46 42.9
1557200427.47 41.9
1557200437.49 42.9
1557200447.5 42.9
1557200457.52 42.9
1557200467.54 41.9
1557200477.56 41.9
1557200487.57 42.4
1557200497.59 42.9
1557200507.6 42.9
1557200517.63 42.4
1557200527.65 42.4
1557200537.66 42.9
1557200547.68 42.9
1557200557.69 42.9
1557200567.71 42.9
1557200577.73 43.5
1557200587.74 42.9
1557200597.76 42.9
1557200607.78 42.9
1557200617.79 43.5
1557200627.81 42.4
1557200637.83 42.9
1557200647.85 42.9
1557200657.86 42.9
1557200667.88 42.9
1557200677.89 42.9
1557200687.91 43.5
1557200697.93 43.5
1557200707.95 42.9
1557200717.96 42.9
1557200727.98 42.9
1557200737.99 42.9
1557200748.02 42.9
1557200758.05 42.9
1557200768.07 43.5
1557200778.09 42.9
1557200788.11 42.9
1557200798.12 43.5
1557200808.14 43.5
1557200818.16 42.4
1557200828.18 41.9
1557200838.2 42.4
1557200848.21 42.9
1557200858.23 41.9
1557200868.25 42.9
1557200878.27 42.9
1557200888.28 42.9
1557200898.3 42.9
1557200908.32 42.9
1557200918.34 43.5
1557200928.36 43.5
1557200938.37 43.5
1557200948.39 44.0
1557200958.41 42.9
1557200968.42 43.5
1557200978.45 42.9
1557200988.47 42.9
1557200998.49 43.5
1557201008.5 42.9
1557201018.53 42.9
1557201028.55 42.9
1557201038.57 42.9
1557201048.59 42.9
1557201058.62 42.9
1557201068.64 42.9
1557201078.65 43.5
1557201088.67 42.9
1557201098.69 43.5
1557201108.71 43.5
1557201118.73 42.9
1557201128.75 42.4
1557201138.76 42.9
1557201148.77 42.9
1557201158.79 42.9
1557201168.8 43.5
1557201178.82 42.4
1557201188.84 43.5
1557201198.86 42.4
1557201208.87 43.5
1557201218.89 42.4
1557201228.92 42.9
1557201238.94 42.9
1557201248.96 42.9
1557201258.97 42.9
1557201268.99 43.5
1557201279.0 42.9
1557201289.02 42.9
1557201299.04 42.4
1557201309.05 42.9
1557201319.07 43.5
1557201329.09 42.9
1557201339.11 42.9
1557201349.13 42.9
1557201359.15 42.4
1557201369.17 42.4
1557201379.18 42.4
1557201389.2 42.9
1557201399.22 42.9
1557201409.25 42.4
1557201419.27 42.9
1557201429.29 42.9
1557201439.31 42.9
1557201449.33 41.9
1557201459.35 42.9
1557201469.37 41.9
1557201479.39 42.4
1557201489.41 41.9
1557201499.44 41.9
1557201509.46 41.9
1557201519.47 41.9
1557201529.49 42.9
1557201539.51 42.9
1557201549.53 41.3
1557201559.55 41.9
1557201569.57 42.9
1557201579.58 42.4
1557201589.6 41.9
1557201599.62 41.9
1557201609.64 42.9
1557201619.66 41.9
1557201629.68 42.9
1557201639.71 42.9
1557201649.73 42.9
1557201659.75 41.9
1557201669.77 41.9
1557201679.79 41.9
1557201689.81 41.9
1557201699.83 41.9
1557201709.85 41.9
1557201719.88 41.9
1557201729.9 41.9
1557201739.91 41.9
1557201749.93 41.9
1557201759.95 41.9
1557201769.96 41.9
1557201779.98 40.8
1557201790.0 41.9
1557201800.03 41.9
1557201810.05 41.3
1557201820.07 41.3
1557201830.09 40.8
1557201840.11 41.9
1557201850.13 41.9
1557201860.15 41.9
1557201870.17 41.3
1557201880.2 41.9
1557201890.23 41.3
1557201900.25 41.3
1557201910.27 40.8
1557201920.29 40.8
1557201930.31 41.3
1557201940.33 40.8
1557201950.35 40.8
1557201960.37 40.8
1557201970.38 41.9
1557201980.4 41.9
1557201990.42 41.9
1557202000.44 41.9
1557202010.46 41.9
1557202020.47 41.9
1557202030.49 41.9
1557202040.51 41.9
1557202050.53 41.9
1557202060.55 41.9
1557202070.57 42.4
1557202080.59 41.3
1557202090.61 42.9
1557202100.62 41.9
1557202110.64 41.9
1557202120.66 41.9
1557202130.68 41.9
1557202140.7 42.9
1557202150.72 41.3
1557202160.74 42.9
1557202170.76 40.8
1557202180.78 41.9
1557202190.8 41.9
1557202200.82 41.9
1557202210.84 41.3
1557202220.87 41.3
1557202230.88 40.8
1557202240.9 40.8
1557202250.92 41.9
1557202260.95 40.8
1557202270.97 41.9
1557202280.98 41.3
1557202291.0 41.3
1557202301.02 41.9
1557202311.03 40.8
1557202321.05 41.3
1557202331.07 41.9
1557202341.09 41.3
1557202351.11 41.3
1557202361.12 41.3
1557202371.13 40.8
1557202381.16 40.8
1557202391.17 41.3
1557202401.19 40.8
1557202411.2 40.8
1557202421.22 40.8
1557202431.24 40.8
1557202441.26 40.8
1557202451.28 40.8
1557202461.3 40.8
1557202471.32 40.8
1557202481.34 40.8
1557202491.35 41.3
1557202501.37 40.8
1557202511.39 40.8
1557202521.41 40.8
1557202531.43 39.7
1557202541.45 40.8
1557202551.47 40.8
1557202561.48 40.8
1557202571.5 40.8
1557202581.52 39.7
1557202591.54 40.8
1557202601.56 40.8
1557202611.59 40.8
1557202621.61 40.8
1557202631.62 41.3
1557202641.64 40.8
1557202651.66 40.8
1557202661.67 40.8
1557202671.69 40.8
1557202681.71 40.8
1557202691.72 40.8
1557202701.74 40.8
1557202711.76 40.8
1557202721.78 40.8
1557202731.8 40.8
1557202741.82 41.9
1557202751.84 40.8
1557202761.85 40.2
1557202771.87 40.8
1557202781.89 40.2
1557202791.91 40.8
1557202801.93 39.7
1557202811.95 40.8
1557202821.97 40.8
1557202831.98 40.8
1557202842.0 40.8
1557202852.02 40.8
1557202862.04 40.8
1557202872.06 40.8
1557202882.08 40.8
1557202892.1 40.2
1557202902.11 40.8
1557202912.13 40.8
1557202922.15 39.7
1557202932.17 39.7
1557202942.19 39.7
1557202952.21 39.7
1557202962.22 40.2
1557202972.24 40.8
1557202982.26 40.2
1557202992.28 40.8
1557203002.3 40.8
1557203012.31 40.8
1557203022.34 40.2
1557203032.35 40.2
1557203042.37 40.8
1557203052.39 40.8
1557203062.4 40.8
1557203072.42 40.2
1557203082.44 40.8
1557203092.45 40.8
1557203102.47 40.8
1557203112.49 40.8
1557203122.51 40.8
1557203132.53 40.8
1557203142.55 41.9
1557203152.57 39.7
1557203162.59 40.8
1557203172.61 40.8
1557203182.63 40.8
1557203192.65 40.2
1557203202.67 40.2
1557203212.69 40.2
1557203222.71 40.8
1557203232.73 40.2
1557203242.75 40.2
1557203252.77 40.8
1557203262.79 40.2
1557203272.81 40.8
1557203282.83 39.7
1557203292.85 39.7
1557203302.87 40.2
1557203312.89 40.2
1557203322.91 39.7
1557203332.93 39.7
1557203342.95 40.2
1557203352.97 40.2
1557203362.99 40.8
1557203373.01 40.8
1557203383.03 40.8
1557203393.05 40.8
1557203403.07 40.2
1557203413.08 40.8
1557203423.1 40.8
1557203433.12 39.7
1557203443.14 40.8
1557203453.16 40.2
1557203463.18 40.8
1557203473.2 40.2
1557203483.21 40.8
1557203493.23 40.8
1557203503.25 40.8
1557203513.27 40.2
1557203523.29 40.8
1557203533.3 40.8
1557203543.32 39.7
1557203553.34 40.8
1557203563.36 40.8
1557203573.38 40.2
1557203583.4 40.8
1557203593.42 40.2
1557203603.44 39.7
1557203613.46 39.7
1557203623.48 39.7
1557203633.5 40.2
1557203643.52 40.8
1557203653.55 39.7
1557203663.57 40.8
1557203673.58 40.8
1557203683.6 40.8
1557203693.62 40.8
1557203703.64 40.8
1557203713.66 40.8
1557203723.68 40.2
1557203733.71 39.7
1557203743.73 40.8
1557203753.75 40.2
1557203763.77 39.7
1557203773.79 40.2
1557203783.8 40.8
1557203793.82 40.8
1557203803.84 39.7
1557203813.86 40.2
1557203823.88 40.8
1557203833.9 40.8
1557203843.92 40.8
1557203853.94 40.8
1557203863.96 40.8
1557203873.98 40.8
1557203884.01 40.8
1557203894.03 40.8
1557203904.04 40.2
1557203914.06 40.2
1557203924.08 40.2
1557203934.1 40.8
1557203944.12 40.8
1557203954.13 40.8
1557203964.15 40.8
1557203974.17 40.2
1557203984.19 40.8
1557203994.21 40.8
1557204004.23 40.8
1557204014.25 40.2
1557204024.26 41.3
1557204034.28 40.8
1557204044.3 40.8
1557204054.32 40.8
1557204064.34 41.3
1557204074.35 40.8
1557204084.36 41.3
1557204094.38 40.8
1557204104.41 40.8
1557204114.42 41.9
1557204124.44 40.8
1557204134.46 40.8
1557204144.47 40.8
1557204154.49 40.8
1557204164.51 40.8
1557204174.53 41.3
1557204184.55 41.3
1557204194.57 41.3
1557204204.58 40.8
1557204214.6 40.8
1557204224.63 40.2
1557204234.64 40.8
1557204244.66 40.8
1557204254.68 40.8
1557204264.7 40.8
1557204274.73 40.8
1557204284.75 40.8
1557204294.77 40.8
1557204304.79 40.8
1557204314.81 40.2
1557204324.82 40.8
1557204334.84 40.2
1557204344.85 40.8
1557204354.87 40.2
1557204364.89 39.7
1557204374.91 40.8
1557204384.93 40.2
1557204394.95 41.3
1557204404.96 39.7
1557204414.99 40.2
1557204425.01 40.2
1557204435.03 40.8
1557204445.04 40.8
1557204455.06 40.2
1557204465.08 40.8
1557204475.1 40.8
1557204485.12 39.7
1557204495.14 39.7
1557204505.15 40.8
1557204515.18 39.7
1557204525.19 40.8
1557204535.21 40.8
1557204545.22 40.8
1557204555.24 40.8
1557204565.25 40.8
1557204575.27 40.8
1557204585.29 40.8
1557204595.31 40.8
1557204605.34 39.7
1557204615.36 40.8
1557204625.37 40.8
1557204635.39 39.7
1557204645.41 40.2
1557204655.43 39.7
1557204665.45 40.2
1557204675.47 39.7
1557204685.49 40.2
1557204695.51 39.7
1557204705.53 39.7
1557204715.55 39.7
1557204725.57 40.2
1557204735.59 40.2
1557204745.62 39.7
1557204755.64 39.7
1557204765.66 39.7
1557204775.68 39.7
1557204785.7 39.2
1557204795.72 39.7
1557204805.74 40.2
1557204815.76 40.2
1557204825.78 40.2
1557204835.8 39.7
1557204845.82 40.8
1557204855.83 39.7
1557204865.85 39.7
1557204875.87 39.7
1557204885.89 39.7
1557204895.91 40.2
1557204905.93 39.7
1557204915.95 40.8
1557204925.97 39.7
1557204935.98 39.7
1557204946.0 39.7
1557204956.02 40.2
1557204966.04 40.2
1557204976.06 40.2
1557204986.08 40.8
1557204996.1 40.8
1557205006.12 40.8
1557205016.14 39.7
1557205026.16 40.8
1557205036.17 39.7
1557205046.19 39.7
1557205056.21 39.7
1557205066.23 40.8
1557205076.25 40.2
1557205086.27 39.7
1557205096.29 39.7
1557205106.31 39.7
1557205116.33 40.8
1557205126.34 39.7
1557205136.36 39.7
1557205146.38 40.8
1557205156.4 39.7
1557205166.42 39.7
1557205176.44 39.7
1557205186.46 40.8
1557205196.48 40.2
1557205206.5 40.2
1557205216.52 40.8
1557205226.53 40.2
1557205236.55 40.2
1557205246.57 40.2
1557205256.59 39.7
1557205266.61 39.7
1557205276.62 40.2
1557205286.64 40.8
1557205296.65 39.7
1557205306.67 39.7
1557205316.69 39.7
1557205326.71 39.7
1557205336.73 40.2
1557205346.75 39.7
1557205356.77 39.7
1557205366.79 39.7
1557205376.8 40.2
1557205386.82 40.2
1557205396.84 39.7
1557205406.85 39.7
1557205416.87 40.2
1557205426.89 39.7
1557205436.91 39.7
1557205446.93 39.7
1557205456.94 39.7
1557205466.96 39.7
1557205476.98 39.7
1557205487.0 39.7
1557205497.02 39.7
1557205507.03 40.8
1557205517.04 40.8
1557205527.06 41.3
1557205537.07 39.7
1557205547.09 40.2
1557205557.11 39.7
1557205567.13 39.7
1557205577.15 40.2
1557205587.17 39.7
1557205597.19 39.7
1557205607.21 40.2
1557205617.22 39.7
1557205627.24 40.2
1557205637.26 39.2
1557205647.27 39.7
1557205657.29 39.7
1557205667.31 40.2
1557205677.33 39.7
1557205687.35 39.2
1557205697.37 39.7
1557205707.38 40.2
1557205717.41 39.7
1557205727.42 39.7
1557205737.44 40.2
1557205747.45 39.7
1557205757.47 40.2
1557205767.49 39.7
1557205777.52 39.7
1557205787.55 39.7
1557205797.56 39.7
1557205807.58 39.7
1557205817.61 39.7
1557205827.63 39.2
1557205837.65 40.2
1557205847.66 39.7
1557205857.68 39.7
1557205867.7 40.8
1557205877.72 39.7
1557205887.74 39.7
1557205897.76 39.7
1557205907.77 39.7
1557205917.79 39.7
1557205927.81 39.7
1557205937.84 40.2
1557205947.86 40.2
1557205957.88 39.7
1557205967.9 39.7
1557205977.92 39.7
1557205987.94 39.7
1557205997.96 39.7
1557206007.97 39.7
1557206017.99 40.2
1557206028.01 40.2
1557206038.04 39.7
1557206048.06 39.7
1557206058.07 39.7
1557206068.09 39.7
1557206078.11 39.7
1557206088.12 39.7
1557206098.14 40.8
1557206108.17 40.2
1557206118.18 40.2
1557206128.2 39.7
1557206138.22 40.2
1557206148.24 39.7
1557206158.26 39.7
1557206168.27 40.8
1557206178.29 39.7
1557206188.31 39.7
1557206198.32 40.8
1557206208.34 39.7
1557206218.36 39.7
1557206228.37 39.7
1557206238.39 39.7
1557206248.41 39.7
1557206258.43 39.7
1557206268.45 39.7
1557206278.47 39.7
1557206288.48 40.8
1557206298.5 40.2
1557206308.52 40.8
1557206318.54 39.7
1557206328.55 40.2
1557206338.57 39.7
1557206348.59 40.2
1557206358.61 40.8
1557206368.62 40.8
1557206378.63 41.3
1557206388.65 40.8
1557206398.66 40.8
1557206408.68 39.7
1557206418.7 40.8
1557206428.71 40.8
1557206438.73 40.8
1557206448.74 40.8
1557206458.76 40.8
1557206468.78 40.8
1557206478.8 41.3
1557206488.82 40.8
1557206498.83 40.8
1557206508.85 40.8
1557206518.87 41.3
1557206528.89 40.8
1557206538.91 40.8
1557206548.93 40.8
1557206558.95 40.8
1557206568.97 40.8
1557206578.99 40.8
1557206589.0 40.8
1557206599.02 40.8
1557206609.03 41.3
1557206619.06 39.7
1557206629.07 40.8
1557206639.09 40.2
1557206649.11 40.8
1557206659.13 40.8
1557206669.15 40.8
1557206679.17 41.3
1557206689.18 41.3
1557206699.2 40.8
1557206709.22 40.8
1557206719.24 40.8
1557206729.26 40.8
1557206739.28 40.8
1557206749.3 41.3
1557206759.32 41.3
1557206769.34 40.8
1557206779.36 40.2
1557206789.38 40.2
1557206799.39 40.8
1557206809.41 40.8
1557206819.43 40.8
1557206829.45 40.8
1557206839.47 40.8
1557206849.48 40.8
1557206859.49 40.2
1557206869.51 39.7
1557206879.53 40.8
1557206889.55 40.8
1557206899.57 40.8
1557206909.59 40.2
1557206919.61 40.8
1557206929.63 40.8
1557206939.64 39.7
1557206949.66 40.8
1557206959.67 40.8
1557206969.69 39.7
1557206979.7 40.8
1557206989.72 39.7
1557206999.74 40.8
1557207009.75 40.2
1557207019.77 40.8
1557207029.79 40.2
1557207039.8 40.2
1557207049.82 40.8
1557207059.83 40.8
1557207069.85 40.8
1557207079.86 40.8
1557207089.88 40.2
1557207099.89 39.7
1557207109.91 39.7
1557207119.92 39.7
1557207129.94 39.7
1557207139.95 40.8
1557207149.96 40.8
1557207159.99 40.8
1557207170.01 40.8
1557207180.04 39.7
1557207190.05 40.8
1557207200.07 40.8
1557207210.08 39.7
1557207220.1 40.2
1557207230.12 39.7
1557207240.13 40.8
1557207250.15 39.7
1557207260.17 40.2
1557207270.19 39.7
1557207280.21 40.8
1557207290.23 39.7
1557207300.25 40.8
1557207310.27 40.2
1557207320.29 40.2
1557207330.31 39.7
1557207340.33 40.8
1557207350.35 39.7
1557207360.37 40.2
1557207370.39 40.2
1557207380.41 39.7
1557207390.43 39.2
1557207400.45 39.7
1557207410.47 40.2
1557207420.49 39.7
1557207430.51 39.7
1557207440.53 39.7
1557207450.55 39.7
1557207460.58 39.7
1557207470.6 39.7
1557207480.62 39.7
1557207490.64 39.7
1557207500.66 39.7
1557207510.69 39.7
1557207520.71 40.8
1557207530.73 40.8
1557207540.75 40.8
1557207550.77 39.7
1557207560.79 39.7
1557207570.81 39.2
1557207580.83 39.7
1557207590.85 39.7
1557207600.87 40.2
1557207610.89 39.7
1557207620.91 39.7
1557207630.94 39.7
1557207640.96 39.7
1557207650.97 39.7
1557207660.99 39.2
1557207671.01 39.7
1557207681.04 39.7
1557207691.06 39.7
1557207701.08 39.7
1557207711.1 39.2
1557207721.12 39.7
1557207731.14 40.2
1557207741.16 39.7
1557207751.18 40.8
1557207761.2 39.7
1557207771.22 39.7
1557207781.23 39.7
1557207791.25 40.2
1557207801.27 40.2
1557207811.29 39.7
1557207821.31 40.2
1557207831.33 40.8
1557207841.35 40.2
1557207851.37 39.7
1557207861.39 39.7
1557207871.41 39.7
1557207881.44 39.7
1557207891.46 39.7
1557207901.48 39.7
1557207911.49 39.7
1557207921.51 40.8
1557207931.53 40.2
1557207941.55 40.2
1557207951.57 40.8
1557207961.59 40.8
1557207971.61 40.8
1557207981.63 40.8
1557207991.65 39.7
1557208001.66 40.8
1557208011.68 40.8
1557208021.71 40.2
1557208031.73 39.7
1557208041.75 40.8
1557208051.77 40.2
1557208061.78 40.8
1557208071.8 40.2
1557208081.82 40.8
1557208091.84 39.7
1557208101.86 40.8
1557208111.88 40.8
1557208121.9 40.2
1557208131.92 39.7
1557208141.94 39.7
1557208151.95 39.7
1557208161.97 39.7
1557208171.99 39.2
1557208182.01 39.2
1557208192.03 39.7
1557208202.05 39.7
1557208212.07 39.7
1557208222.09 39.7
1557208232.11 39.2
1557208242.13 39.7
1557208252.16 39.7
1557208262.18 39.7
1557208272.2 39.7
1557208282.22 39.7
1557208292.24 39.7
1557208302.26 39.7
1557208312.28 39.7
1557208322.3 39.7
1557208332.32 40.8
1557208342.34 39.7
1557208352.36 39.7
1557208362.38 39.7
1557208372.4 39.7
1557208382.42 39.7
1557208392.44 39.2
1557208402.45 39.7
1557208412.47 39.7
1557208422.48 40.8
1557208432.5 39.7
1557208442.52 39.7
1557208452.54 39.7
1557208462.56 39.7
1557208472.58 39.7
1557208482.6 39.7
1557208492.62 39.7
1557208502.64 39.7
1557208512.66 39.7
1557208522.69 39.2
1557208532.7 39.7
1557208542.72 39.2
1557208552.74 39.7
1557208562.76 39.7
1557208572.78 39.7
1557208582.8 39.7
1557208592.82 39.7
1557208602.85 40.2
1557208612.87 39.7
1557208622.89 39.7
1557208632.91 39.7
1557208642.93 39.7
1557208652.95 39.7
1557208662.97 39.7
1557208673.0 39.7
1557208683.02 39.2
1557208693.04 39.7
1557208703.06 39.2
1557208713.08 39.7
1557208723.1 39.7
1557208733.12 39.7
1557208743.14 40.2
1557208753.16 39.7
1557208763.18 39.7
1557208773.2 38.6
1557208783.22 39.2
1557208793.24 39.2
