1557000007.59 54.8
1557000017.61 53.7
1557000027.63 53.7
1557000037.65 53.7
1557000047.66 54.2
1557000057.68 54.2
1557000067.7 53.7
1557000077.71 54.2
1557000087.73 54.2
1557000097.74 54.2
1557000107.76 53.7
1557000117.78 54.8
1557000127.8 53.7
1557000137.81 53.7
1557000147.83 53.7
1557000157.85 53.7
1557000167.87 53.7
1557000177.88 53.7
1557000187.89 52.6
1557000197.91 53.2
1557000207.92 53.7
1557000217.93 53.7
1557000227.95 53.7
1557000237.97 52.6
1557000247.99 52.6
1557000258.01 52.1
1557000268.03 53.2
1557000278.04 52.6
1557000288.07 52.6
1557000298.08 53.2
1557000308.1 52.6
1557000318.12 52.6
1557000328.14 52.6
1557000338.16 52.6
1557000348.18 52.6
1557000358.2 52.6
1557000368.22 53.2
1557000378.24 52.6
1557000388.25 52.6
1557000398.27 53.2
1557000408.29 52.6
1557000418.31 53.2
1557000428.32 53.2
1557000438.34 53.7
1557000448.37 52.6
1557000458.39 52.6
1557000468.41 52.6
1557000478.44 52.6
1557000488.45 53.2
1557000498.47 53.7
1557000508.49 51.5
1557000518.51 52.1
1557000528.52 52.6
1557000538.54 53.7
1557000548.56 52.6
1557000558.58 53.2
1557000568.6 52.6
1557000578.62 53.7
1557000588.64 52.6
1557000598.65 51.5
1557000608.67 52.6
1557000618.69 52.6
1557000628.71 52.6
1557000638.73 53.2
1557000648.75 52.6
1557000658.77 52.6
1557000668.79 52.6
1557000678.81 52.6
1557000688.83 52.6
1557000698.85 52.6
1557000708.87 52.1
1557000718.88 52.6
1557000728.9 52.1
1557000738.91 52.6
1557000748.93 52.6
1557000758.96 52.1
1557000768.98 52.6
1557000779.0 51.5
1557000789.02 51.5
1557000799.04 52.1
1557000809.06 52.1
1557000819.08 52.6
1557000829.1 52.6
1557000839.12 52.6
1557000849.13 52.6
1557000859.15 52.1
1557000869.18 52.6
1557000879.2 51.5
1557000889.21 53.2
1557000899.23 53.2
1557000909.24 52.1
1557000919.26 53.2
1557000929.28 52.6
1557000939.3 52.1
1557000949.32 52.1
1557000959.34 53.2
1557000969.36 52.6
1557000979.37 53.2
1557000989.39 53.2
1557000999.41 53.7
1557001009.43 53.7
1557001019.44 53.2
1557001029.45 52.6
1557001039.46 53.2
1557001049.47 53.7
1557001059.49 53.7
1557001069.51 53.2
1557001079.53 53.7
1557001089.56 53.2
1557001099.57 53.2
1557001109.59 53.7
1557001119.6 52.1
1557001129.62 52.6
1557001139.64 53.2
1557001149.66 53.7
1557001159.67 53.7
1557001169.69 53.2
1557001179.71 52.6
1557001189.72 53.2
1557001199.73 52.1
1557001209.75 52.6
1557001219.77 52.6
1557001229.79 52.6
1557001239.81 52.6
1557001249.82 52.6
1557001259.83 53.2
1557001269.85 52.6
1557001279.87 52.6
1557001289.89 52.6
1557001299.91 53.2
1557001309.92 53.2
1557001319.94 52.6
1557001329.96 52.6
1557001339.98 52.1
1557001349.99 53.7
1557001360.0 52.6
1557001370.03 52.6
1557001380.05 53.2
1557001390.07 52.6
1557001400.08 53.2
1557001410.09 52.6
1557001420.1 52.6
1557001430.12 52.6
1557001440.14 53.7
1557001450.16 53.2
1557001460.17 52.6
1557001470.19 53.2
1557001480.21 53.2
1557001490.23 53.7
1557001500.24 52.6
1557001510.26 53.7
1557001520.28 52.6
1557001530.3 52.1
1557001540.32 53.2
1557001550.33 52.6
1557001560.35 52.6
1557001570.37 52.6
1557001580.39 52.6
1557001590.4 52.6
1557001600.42 53.2
1557001610.44 53.2
1557001620.46 53.2
1557001630.47 53.2
1557001640.49 53.7
1557001650.5 53.7
1557001660.52 53.7
1557001670.53 53.7
1557001680.55 53.2
1557001690.56 53.7
1557001700.58 53.7
1557001710.59 53.2
1557001720.6 53.2
1557001730.62 53.7
1557001740.63 53.7
1557001750.65 53.7
1557001760.66 53.7
1557001770.68 53.7
1557001780.69 53.7
1557001790.7 52.1
1557001800.72 53.7
1557001810.73 53.7
1557001820.75 53.7
1557001830.76 53.2
1557001840.77 53.7
1557001850.8 53.2
1557001860.81 53.2
1557001870.82 53.7
1557001880.84 52.6
1557001890.85 53.2
1557001900.88 53.2
1557001910.89 52.6
1557001920.9 52.6
1557001930.91 53.2
1557001940.93 53.7
1557001950.95 53.7
1557001960.96 53.7
1557001970.97 53.2
1557001980.99 52.6
1557001991.01 52.6
1557002001.03 52.6
1557002011.04 52.1
1557002021.06 52.1
1557002031.08 52.1
1557002041.09 52.6
1557002051.11 52.1
1557002061.12 52.1
1557002071.14 52.6
1557002081.16 52.6
1557002091.17 52.6
1557002101.19 52.6
1557002111.21 52.1
1557002121.23 51.5
1557002131.24 52.6
1557002141.26 53.2
1557002151.27 52.6
1557002161.29 52.6
1557002171.31 52.6
1557002181.33 52.6
1557002191.34 53.7
1557002201.36 53.2
1557002211.37 52.1
1557002221.39 52.6
1557002231.41 52.6
1557002241.42 53.2
1557002251.45 52.6
1557002261.46 52.6
1557002271.47 52.6
1557002281.48 53.7
1557002291.49 52.6
1557002301.51 53.2
1557002311.52 53.2
1557002321.53 52.6
1557002331.55 53.2
1557002341.57 52.6
1557002351.58 52.6
1557002361.6 53.7
1557002371.61 53.2
1557002381.62 53.2
1557002391.64 53.2
1557002401.65 53.7
1557002411.66 53.2
1557002421.67 52.6
1557002431.69 53.2
1557002441.7 53.2
1557002451.72 53.7
1557002461.73 53.2
1557002471.75 53.7
1557002481.76 53.7
1557002491.77 53.2
1557002501.79 52.6
1557002511.8 53.2
1557002521.81 53.2
1557002531.83 53.7
1557002541.84 53.2
1557002551.86 52.6
1557002561.88 53.2
1557002571.9 52.1
1557002581.92 52.6
1557002591.94 53.2
1557002601.96 52.6
1557002611.97 52.6
1557002621.99 52.6
1557002632.01 52.6
1557002642.03 53.2
1557002652.04 53.2
1557002662.06 52.1
1557002672.08 52.1
1557002682.1 52.6
1557002692.11 52.6
1557002702.13 52.6
1557002712.15 52.6
1557002722.17 52.6
1557002732.19 52.1
1557002742.21 53.2
1557002752.22 53.2
1557002762.24 52.1
1557002772.26 52.6
1557002782.28 53.2
1557002792.3 52.6
1557002802.31 53.2
1557002812.33 52.1
1557002822.35 52.1
1557002832.37 52.6
1557002842.39 52.1
1557002852.41 53.2
1557002862.42 53.2
1557002872.43 53.7
1557002882.45 52.1
1557002892.47 52.6
1557002902.49 53.7
1557002912.5 52.6
1557002922.52 53.2
1557002932.53 53.2
1557002942.55 53.2
1557002952.57 53.2
1557002962.58 53.7
1557002972.6 52.6
1557002982.62 52.6
1557002992.64 53.2
1557003002.66 52.1
1557003012.67 53.2
1557003022.69 52.1
1557003032.71 52.1
1557003042.73 52.1
1557003052.75 52.6
1557003062.77 52.6
1557003072.79 53.2
1557003082.8 53.2
1557003092.82 53.2
1557003102.83 53.2
1557003112.85 53.2
1557003122.87 53.7
1557003132.89 52.1
1557003142.9 52.6
1557003152.92 52.6
1557003162.93 52.6
1557003172.94 52.6
1557003182.96 52.6
1557003192.97 52.6
1557003202.98 53.2
1557003213.0 52.6
1557003223.02 52.6
1557003233.03 52.6
1557003243.05 52.6
1557003253.07 52.6
1557003263.09 52.6
1557003273.11 52.1
1557003283.13 52.6
1557003293.14 52.6
1557003303.16 53.7
1557003313.17 53.2
1557003323.19 53.2
1557003333.2 52.1
1557003343.22 52.6
1557003353.24 52.6
1557003363.26 52.6
1557003373.27 53.2
1557003383.3 52.6
1557003393.32 52.6
1557003403.34 52.6
1557003413.35 53.2
1557003423.37 51.5
1557003433.39 52.6
1557003443.4 52.6
1557003453.42 52.6
1557003463.44 52.6
1557003473.45 53.7
1557003483.47 51.5
1557003493.49 52.6
1557003503.5 52.1
1557003513.52 53.2
1557003523.53 53.2
1557003533.55 53.2
1557003543.57 52.1
1557003553.59 52.6
1557003563.61 52.6
1557003573.63 52.6
1557003583.66 53.2
1557003593.67 52.6
