1557800004.86 39.2
1557800014.89 38.6
1557800024.9 39.7
1557800034.92 39.2
1557800044.94 40.2
1557800054.97 39.2
1557800064.99 39.2
1557800075.01 39.2
1557800085.03 39.7
1557800095.05 39.2
1557800105.07 38.6
1557800115.09 39.7
1557800125.11 39.2
1557800135.13 38.6
1557800145.15 39.7
1557800155.17 39.2
1557800165.19 39.2
1557800175.21 38.6
1557800185.24 38.6
1557800195.26 39.7
1557800205.27 38.6
1557800215.29 38.6
1557800225.31 38.6
1557800235.33 38.6
1557800245.35 39.2
1557800255.37 38.1
1557800265.39 38.6
1557800275.41 39.2
1557800285.43 38.6
1557800295.45 38.6
1557800305.47 38.6
1557800315.49 38.6
1557800325.52 38.6
1557800335.53 39.2
1557800345.55 38.6
1557800355.57 38.6
1557800365.59 39.2
1557800375.61 38.6
1557800385.63 39.2
1557800395.65 38.6
1557800405.67 39.7
1557800415.69 39.2
1557800425.71 38.6
1557800435.73 39.2
1557800445.74 39.7
1557800455.77 39.2
1557800465.78 39.7
1557800475.8 39.7
1557800485.82 39.2
1557800495.84 39.2
1557800505.88 39.2
1557800515.88 39.7
1557800525.9 39.7
1557800535.93 39.7
1557800545.94 39.7
1557800555.96 40.8
1557800565.98 39.7
1557800575.99 39.7
1557800586.01 40.2
1557800596.02 40.2
1557800606.04 39.7
1557800616.06 40.8
1557800626.07 40.2
1557800636.09 39.7
1557800646.12 39.7
1557800656.14 39.2
1557800666.16 39.7
1557800676.18 39.7
1557800686.2 39.2
1557800696.23 39.2
1557800706.25 39.7
1557800716.27 39.2
1557800726.29 38.6
1557800736.32 39.2
1557800746.34 39.2
1557800756.36 39.2
1557800766.37 39.7
1557800776.4 39.2
1557800786.42 39.7
1557800796.43 39.7
1557800806.46 39.2
1557800816.47 39.7
1557800826.48 39.7
1557800836.5 39.2
1557800846.52 39.2
1557800856.54 39.7
1557800866.56 40.2
1557800876.58 39.7
1557800886.6 39.7
1557800896.62 39.7
1557800906.64 39.2
1557800916.66 39.7
1557800926.69 39.7
1557800936.71 39.2
1557800946.73 39.2
1557800956.75 39.7
1557800966.76 39.7
1557800976.78 39.7
1557800986.8 39.2
1557800996.82 39.2
1557801006.84 39.2
1557801016.86 39.7
1557801026.88 40.2
1557801036.89 39.7
1557801046.91 40.2
1557801056.93 39.7
1557801066.96 40.8
1557801076.98 40.8
1557801087.0 39.2
1557801097.01 39.7
1557801107.03 40.8
1557801117.05 40.8
1557801127.07 39.7
1557801137.09 40.8
1557801147.11 39.7
1557801157.13 39.7
1557801167.15 40.2
1557801177.16 39.7
1557801187.18 40.8
1557801197.2 39.7
1557801207.22 40.8
1557801217.23 39.7
1557801227.25 39.7
1557801237.27 40.2
1557801247.28 39.7
1557801257.3 40.8
1557801267.32 40.8
1557801277.34 40.8
1557801287.35 40.2
1557801297.37 39.7
1557801307.39 39.7
1557801317.41 39.7
1557801327.43 40.2
1557801337.45 39.7
1557801347.47 39.7
1557801357.49 40.8
1557801367.51 39.7
1557801377.53 39.2
1557801387.55 39.2
1557801397.57 39.2
1557801407.59 39.7
1557801417.61 39.7
1557801427.63 39.7
1557801437.65 39.7
1557801447.67 39.7
1557801457.69 39.7
1557801467.71 39.7
1557801477.73 39.7
1557801487.75 39.2
1557801497.76 40.2
1557801507.78 40.8
1557801517.8 39.7
1557801527.82 39.7
1557801537.85 39.2
1557801547.87 40.2
1557801557.89 39.7
1557801567.91 39.7
1557801577.93 39.7
1557801587.95 39.7
1557801597.97 39.7
1557801607.98 40.8
1557801618.0 40.8
1557801628.01 40.2
1557801638.04 40.8
1557801648.05 40.8
1557801658.07 40.2
1557801668.09 40.2
1557801678.1 40.8
1557801688.12 39.7
1557801698.14 40.2
1557801708.16 39.7
1557801718.18 40.2
1557801728.2 40.8
1557801738.22 40.2
1557801748.23 40.2
1557801758.25 40.2
1557801768.27 40.8
1557801778.29 40.8
1557801788.31 39.7
1557801798.33 39.2
1557801808.35 40.8
1557801818.37 40.2
1557801828.39 40.2
1557801838.41 40.2
1557801848.43 39.7
1557801858.45 39.7
1557801868.47 39.7
1557801878.49 39.7
1557801888.51 39.7
1557801898.52 40.8
1557801908.54 39.7
1557801918.56 39.7
1557801928.58 39.7
1557801938.6 39.7
1557801948.62 40.2
1557801958.63 40.8
1557801968.66 41.9
1557801978.68 40.8
1557801988.7 39.7
1557801998.72 39.7
1557802008.73 40.8
1557802018.75 41.3
1557802028.77 40.8
1557802038.79 39.7
1557802048.81 39.7
1557802058.83 40.2
1557802068.85 39.7
1557802078.87 40.2
1557802088.89 39.7
1557802098.91 39.7
1557802108.93 39.7
1557802118.95 39.7
1557802128.97 39.2
1557802139.0 39.2
1557802149.01 39.7
1557802159.03 39.7
1557802169.05 39.2
1557802179.07 39.2
1557802189.1 39.7
1557802199.12 39.7
1557802209.14 39.7
1557802219.16 39.2
1557802229.17 39.7
1557802239.19 39.7
1557802249.21 39.7
1557802259.23 39.7
1557802269.25 39.2
1557802279.27 39.2
1557802289.29 39.2
1557802299.31 39.2
1557802309.33 39.2
1557802319.35 38.6
1557802329.36 39.7
1557802339.39 39.2
1557802349.41 39.2
1557802359.43 39.2
1557802369.45 39.2
1557802379.47 39.7
1557802389.49 39.7
1557802399.51 39.7
1557802409.53 39.7
1557802419.55 39.7
1557802429.57 39.7
1557802439.58 39.7
1557802449.6 40.2
1557802459.62 39.7
1557802469.63 39.7
1557802479.65 40.2
1557802489.67 40.2
1557802499.69 39.7
1557802509.7 39.7
1557802519.72 39.7
1557802529.74 39.7
1557802539.76 39.7
1557802549.78 39.7
1557802559.8 39.7
1557802569.82 39.2
1557802579.84 39.2
1557802589.86 39.2
1557802599.89 39.7
1557802609.91 39.7
1557802619.92 39.7
1557802629.94 39.7
1557802639.96 40.8
1557802649.98 40.8
1557802659.99 39.7
1557802670.01 39.7
1557802680.03 40.2
1557802690.05 40.2
1557802700.07 39.7
1557802710.09 39.7
1557802720.11 39.7
1557802730.12 40.8
1557802740.14 40.2
1557802750.15 40.8
1557802760.17 39.7
1557802770.21 39.7
1557802780.23 39.7
1557802790.25 39.2
1557802800.27 40.2
