1557600000.58 70.4
1557600010.61 70.4
1557600020.62 70.4
1557600030.64 69.8
1557600040.65 69.3
1557600050.67 69.8
1557600060.69 69.8
1557600070.71 69.8
1557600080.72 70.4
1557600090.74 69.8
1557600100.75 70.9
1557600110.76 70.4
1557600120.77 70.4
1557600130.79 69.8
1557600140.8 69.8
1557600150.81 70.4
1557600160.83 70.4
1557600170.85 69.8
1557600180.86 70.4
1557600190.87 70.9
1557600200.89 69.3
1557600210.91 69.8
1557600220.93 70.4
1557600230.94 69.8
1557600240.96 69.3
1557600250.97 69.3
1557600260.99 69.8
1557600271.01 69.3
1557600281.03 69.3
1557600291.04 69.3
1557600301.06 68.8
1557600311.08 68.8
1557600321.11 69.3
1557600331.13 69.3
1557600341.15 68.8
1557600351.16 69.3
1557600361.18 69.3
1557600371.2 69.3
1557600381.22 69.3
1557600391.23 69.8
1557600401.25 69.8
1557600411.27 69.8
1557600421.29 69.8
1557600431.3 69.8
1557600441.32 69.8
1557600451.33 69.8
1557600461.34 69.8
1557600471.35 69.8
1557600481.37 69.8
1557600491.38 69.8
1557600501.4 69.3
1557600511.41 69.8
1557600521.43 69.8
1557600531.45 69.8
1557600541.47 69.3
1557600551.48 69.8
1557600561.5 69.8
1557600571.51 69.8
1557600581.53 69.8
1557600591.55 69.8
1557600601.56 69.3
1557600611.57 69.8
1557600621.59 69.8
1557600631.61 69.3
1557600641.63 69.3
1557600651.64 69.8
1557600661.65 70.4
1557600671.66 69.8
1557600681.67 69.3
1557600691.69 69.8
1557600701.7 69.8
1557600711.71 69.8
1557600721.72 69.8
1557600731.75 69.8
1557600741.79 69.8
1557600751.8 69.8
1557600761.82 69.8
1557600771.83 69.8
1557600781.85 69.8
1557600791.87 70.4
1557600801.88 70.4
1557600811.9 70.4
1557600821.91 70.9
1557600831.92 70.4
1557600841.93 70.9
1557600851.95 70.4
1557600861.96 70.9
1557600871.98 70.4
1557600881.99 70.4
1557600892.01 70.4
1557600902.02 70.4
1557600912.03 70.9
1557600922.05 70.9
1557600932.07 70.4
1557600942.09 71.4
1557600952.11 70.9
1557600962.13 70.9
1557600972.14 71.4
1557600982.16 70.4
1557600992.17 70.9
1557601002.19 70.9
1557601012.2 70.4
1557601022.22 70.9
1557601032.23 70.9
1557601042.24 70.9
1557601052.26 70.9
1557601062.27 70.9
1557601072.29 70.9
1557601082.3 70.9
1557601092.32 70.9
1557601102.33 70.9
1557601112.34 70.9
1557601122.36 70.4
1557601132.37 70.9
1557601142.38 70.9
1557601152.4 70.9
1557601162.42 70.9
1557601172.43 70.9
1557601182.45 70.9
1557601192.46 70.9
1557601202.47 70.9
