1557100002.73 46.7
1557100012.75 47.2
1557100022.75 47.2
1557100032.77 47.2
1557100042.79 47.2
1557100052.81 47.2
1557100062.82 47.2
1557100072.83 47.2
1557100082.85 46.2
1557100092.86 47.2
1557100102.88 46.7
1557100112.89 47.2
1557100122.91 46.2
1557100132.93 46.2
1557100142.94 46.2
1557100152.96 46.2
1557100162.97 47.2
1557100172.99 47.2
1557100183.0 46.7
1557100193.02 47.2
1557100203.04 46.2
1557100213.06 46.2
1557100223.07 46.7
1557100233.09 47.2
1557100243.1 46.7
1557100253.11 46.2
1557100263.13 46.7
1557100273.15 47.2
1557100283.17 47.2
1557100293.18 47.2
1557100303.2 47.2
1557100313.22 46.2
1557100323.23 47.2
1557100333.25 46.7
1557100343.26 46.7
1557100353.28 47.2
1557100363.3 46.2
1557100373.31 47.2
1557100383.33 45.6
1557100393.35 46.2
1557100403.37 46.2
1557100413.39 46.2
1557100423.41 45.6
1557100433.43 45.6
1557100443.45 45.6
1557100453.47 46.2
1557100463.48 46.2
1557100473.49 47.2
1557100483.5 46.2
1557100493.51 47.2
1557100503.54 46.7
1557100513.56 46.2
1557100523.58 46.2
1557100533.6 46.2
1557100543.61 45.6
1557100553.64 46.2
1557100563.65 46.2
1557100573.67 46.2
1557100583.69 46.7
1557100593.7 46.2
1557100603.71 46.2
1557100613.73 46.7
1557100623.74 46.2
1557100633.75 46.2
1557100643.78 46.2
1557100653.78 46.7
1557100663.8 47.2
1557100673.81 46.2
1557100683.83 45.6
1557100693.85 46.2
1557100703.87 46.2
1557100713.89 46.2
1557100723.9 45.6
1557100733.91 46.2
1557100743.94 46.2
1557100753.95 46.2
1557100763.98 46.7
1557100773.99 46.2
1557100784.01 46.7
1557100794.02 47.2
1557100804.04 48.3
1557100814.05 47.2
1557100824.06 47.2
1557100834.08 47.2
1557100844.09 47.2
1557100854.11 47.8
1557100864.12 47.2
1557100874.14 47.8
1557100884.15 47.8
1557100894.17 47.2
1557100904.18 47.2
1557100914.2 47.8
1557100924.22 47.2
1557100934.22 47.2
1557100944.24 47.2
1557100954.25 47.2
1557100964.27 47.2
1557100974.28 47.2
1557100984.3 47.2
1557100994.32 47.2
1557101004.32 47.2
1557101014.34 47.2
1557101024.35 47.2
1557101034.36 47.8
1557101044.38 47.2
1557101054.4 47.2
1557101064.42 47.2
1557101074.43 47.2
1557101084.45 47.2
1557101094.46 47.2
1557101104.48 47.2
1557101114.48 47.2
1557101124.5 47.2
1557101134.51 46.7
1557101144.53 46.7
1557101154.55 46.2
1557101164.56 46.2
1557101174.58 46.2
1557101184.59 46.2
1557101194.61 46.7
1557101204.63 46.7
1557101214.64 46.7
1557101224.65 47.2
1557101234.67 47.2
1557101244.69 47.2
1557101254.7 47.2
1557101264.72 46.7
1557101274.73 47.2
1557101284.75 46.2
1557101294.77 46.7
1557101304.78 46.7
1557101314.8 47.2
1557101324.81 46.7
1557101334.83 47.2
1557101344.84 47.8
1557101354.86 47.2
1557101364.88 47.2
1557101374.89 46.2
1557101384.9 47.2
1557101394.92 47.2
1557101404.93 46.7
1557101414.95 47.2
1557101424.97 46.2
1557101434.98 46.2
1557101444.99 46.2
1557101455.01 46.7
1557101465.03 46.2
1557101475.05 46.2
1557101485.06 46.7
1557101495.08 47.2
1557101505.09 47.2
1557101515.1 47.2
1557101525.12 47.2
1557101535.14 46.2
1557101545.16 47.2
1557101555.16 47.2
1557101565.18 47.2
1557101575.19 47.2
1557101585.21 47.2
1557101595.23 47.2
1557101605.25 46.2
1557101615.26 47.2
1557101625.28 47.2
1557101635.3 46.7
1557101645.31 47.2
1557101655.34 47.2
1557101665.35 46.7
1557101675.36 47.2
1557101685.38 46.7
1557101695.4 47.2
1557101705.41 47.2
1557101715.42 47.2
1557101725.44 46.7
1557101735.46 45.6
1557101745.48 46.2
1557101755.5 46.2
1557101765.52 45.6
1557101775.54 46.2
1557101785.56 45.6
1557101795.58 46.2
1557101805.59 46.2
1557101815.61 47.2
1557101825.63 45.6
1557101835.65 46.7
1557101845.66 47.2
1557101855.68 46.2
1557101865.7 46.2
1557101875.72 46.2
1557101885.73 46.2
1557101895.75 46.2
1557101905.77 46.2
1557101915.79 45.6
1557101925.81 46.2
1557101935.83 46.2
1557101945.85 46.7
1557101955.87 46.2
1557101965.88 47.2
1557101975.9 46.7
1557101985.92 46.2
1557101995.94 46.2
1557102005.96 45.6
1557102015.98 46.2
1557102026.0 45.6
1557102036.01 46.2
1557102046.03 46.2
1557102056.04 45.1
1557102066.07 46.2
1557102076.09 45.6
1557102086.11 45.6
1557102096.13 45.1
1557102106.16 46.2
1557102116.18 46.7
1557102126.2 46.2
1557102136.22 46.2
1557102146.23 46.2
1557102156.25 46.2
1557102166.26 46.2
1557102176.28 46.2
1557102186.29 46.7
1557102196.31 46.2
1557102206.33 46.2
1557102216.35 46.2
1557102226.37 46.2
1557102236.39 46.2
1557102246.41 46.2
1557102256.42 46.2
1557102266.44 46.2
1557102276.46 46.2
1557102286.47 46.2
1557102296.49 46.2
1557102306.5 46.2
1557102316.52 46.2
1557102326.54 45.6
1557102336.55 47.2
1557102346.57 46.7
1557102356.58 46.2
1557102366.6 46.2
1557102376.62 47.2
1557102386.63 46.2
1557102396.64 46.7
1557102406.66 46.2
1557102416.68 46.2
1557102426.7 46.2
1557102436.72 46.2
1557102446.73 47.2
1557102456.75 46.2
1557102466.77 46.2
1557102476.78 46.7
1557102486.79 47.8
1557102496.81 46.2
1557102506.83 47.2
1557102516.84 46.2
1557102526.86 46.2
1557102536.88 46.7
1557102546.89 46.2
1557102556.91 46.2
1557102566.93 46.2
1557102576.94 46.7
1557102586.95 47.2
1557102596.96 46.7
1557102606.97 47.2
1557102616.99 47.2
1557102627.0 46.7
1557102637.02 46.7
1557102647.03 47.2
1557102657.05 47.2
1557102667.06 46.2
1557102677.08 46.7
1557102687.09 46.7
1557102697.1 46.2
1557102707.12 46.7
1557102717.13 46.2
1557102727.15 46.7
1557102737.17 47.2
1557102747.18 46.2
1557102757.19 47.2
1557102767.22 47.2
1557102777.23 47.2
1557102787.24 47.2
1557102797.26 46.7
1557102807.27 47.2
1557102817.29 46.7
1557102827.3 47.2
1557102837.31 46.7
1557102847.32 46.7
1557102857.33 47.2
1557102867.35 46.2
1557102877.36 47.2
1557102887.37 47.2
1557102897.39 47.2
1557102907.41 46.2
1557102917.43 47.2
1557102927.44 47.2
1557102937.46 47.2
1557102947.48 46.7
1557102957.5 46.2
1557102967.51 46.7
1557102977.53 46.2
1557102987.54 47.2
1557102997.56 46.2
1557103007.58 46.2
1557103017.6 46.2
1557103027.61 46.2
1557103037.63 46.2
1557103047.64 46.2
1557103057.66 47.2
1557103067.67 46.7
1557103077.69 46.2
1557103087.7 46.7
1557103097.71 45.1
1557103107.73 45.6
1557103117.76 45.1
1557103127.77 45.6
1557103137.78 45.6
1557103147.8 46.2
1557103157.82 45.6
1557103167.83 45.1
1557103177.85 45.6
1557103187.87 45.6
1557103197.89 45.1
1557103207.9 46.2
1557103217.91 46.2
1557103227.93 46.2
1557103237.95 45.6
1557103247.96 45.6
1557103257.98 46.2
1557103267.99 45.1
1557103278.01 46.2
1557103288.03 45.1
1557103298.04 45.6
1557103308.06 45.1
1557103318.07 45.6
1557103328.09 45.6
1557103338.11 45.1
1557103348.13 45.1
1557103358.14 45.6
1557103368.16 45.6
1557103378.18 46.2
1557103388.2 45.1
1557103398.21 45.6
1557103408.23 45.6
1557103418.24 46.2
1557103428.26 46.2
1557103438.28 45.6
1557103448.29 45.6
1557103458.3 45.6
1557103468.31 46.2
1557103478.33 45.6
1557103488.34 45.6
1557103498.36 45.1
1557103508.37 45.1
1557103518.39 45.1
1557103528.4 45.6
1557103538.42 45.1
1557103548.44 45.6
1557103558.45 45.1
1557103568.47 45.6
1557103578.48 45.1
1557103588.5 44.5
1557103598.51 44.5
1557103608.53 45.1
1557103618.55 45.1
1557103628.57 44.0
1557103638.58 45.1
1557103648.59 45.1
1557103658.61 44.5
1557103668.63 44.5
1557103678.64 44.5
1557103688.66 44.5
1557103698.67 44.5
1557103708.69 44.5
1557103718.7 45.1
1557103728.72 44.0
1557103738.73 44.5
1557103748.74 44.5
1557103758.76 44.0
1557103768.78 43.5
1557103778.8 44.0
1557103788.81 43.5
1557103798.83 44.0
1557103808.84 44.0
1557103818.86 43.5
1557103828.88 44.5
1557103838.9 44.0
1557103848.91 43.5
1557103858.93 44.0
1557103868.95 44.0
1557103878.96 44.0
1557103888.98 44.0
1557103899.0 44.0
1557103909.02 44.0
1557103919.03 44.0
1557103929.04 45.1
1557103939.06 44.5
1557103949.07 45.1
1557103959.09 44.5
1557103969.1 44.0
1557103979.11 45.6
1557103989.13 45.1
1557103999.15 44.0
1557104009.17 44.0
1557104019.19 44.0
1557104029.21 45.1
1557104039.23 44.5
1557104049.24 45.1
1557104059.26 44.0
1557104069.29 44.5
1557104079.3 44.0
1557104089.32 44.0
1557104099.33 44.5
1557104109.34 45.1
1557104119.35 45.1
1557104129.36 44.0
1557104139.38 45.1
1557104149.4 44.0
1557104159.41 45.1
1557104169.43 44.0
1557104179.44 44.5
1557104189.46 44.5
1557104199.47 44.0
1557104209.48 45.1
1557104219.5 44.0
1557104229.51 45.1
1557104239.52 45.1
1557104249.54 44.5
1557104259.56 45.1
1557104269.57 45.1
1557104279.59 45.1
1557104289.6 44.5
1557104299.62 45.1
1557104309.63 45.1
1557104319.64 45.1
1557104329.66 45.1
1557104339.67 45.1
1557104349.69 45.1
1557104359.7 45.1
1557104369.72 45.1
1557104379.73 45.1
1557104389.75 45.6
1557104399.76 45.1
