1557700009.06 42.9
1557700019.07 42.9
1557700029.08 42.4
1557700039.09 42.9
1557700049.11 44.0
1557700059.13 42.9
1557700069.14 42.9
1557700079.15 42.9
1557700089.17 42.9
1557700099.18 42.9
1557700109.19 42.9
1557700119.2 43.5
1557700129.22 42.9
1557700139.24 42.9
1557700149.25 42.9
1557700159.27 42.9
1557700169.29 42.9
1557700179.3 42.9
1557700189.32 42.9
1557700199.33 42.9
1557700209.35 43.5
1557700219.36 42.9
1557700229.38 42.4
1557700239.4 42.9
1557700249.41 42.9
1557700259.43 42.9
1557700269.44 42.9
1557700279.45 43.5
1557700289.46 43.5
1557700299.48 42.9
1557700309.49 42.9
1557700319.5 43.5
1557700329.52 42.9
1557700339.54 42.9
1557700349.55 42.9
1557700359.57 42.9
1557700369.58 41.9
1557700379.6 42.9
1557700389.61 42.4
1557700399.62 42.4
1557700409.64 42.9
1557700419.65 42.9
1557700429.66 42.9
1557700439.69 42.9
1557700449.7 43.5
1557700459.72 42.9
1557700469.73 42.9
1557700479.75 43.5
1557700489.77 42.4
1557700499.78 43.5
1557700509.79 43.5
1557700519.8 43.5
1557700529.82 43.5
1557700539.84 42.9
1557700549.85 44.0
1557700559.86 42.9
1557700569.88 43.5
1557700579.9 42.9
1557700589.91 42.9
1557700600.05 43.5
1557700610.07 42.9
1557700620.08 43.5
1557700630.1 42.9
1557700640.12 43.5
1557700650.13 43.5
1557700660.15 42.9
1557700670.17 42.9
1557700680.18 42.9
1557700690.19 42.9
1557700700.21 42.9
1557700710.22 43.5
1557700720.24 43.5
1557700730.25 42.9
1557700740.27 42.9
1557700750.29 42.9
1557700760.3 43.5
1557700770.32 42.9
1557700780.33 42.9
1557700790.34 43.5
1557700800.36 42.9
1557700810.37 42.9
1557700820.38 42.4
1557700830.39 42.9
1557700840.41 42.9
1557700850.42 43.5
1557700860.44 42.9
1557700870.45 43.5
1557700880.46 44.0
1557700890.47 42.9
1557700900.49 42.9
1557700910.5 42.9
1557700920.51 42.9
1557700930.52 42.9
1557700940.54 42.9
1557700950.54 43.5
1557700960.56 43.5
1557700970.58 44.0
1557700980.59 44.0
1557700990.61 43.5
1557701000.62 43.5
1557701010.64 43.5
1557701020.66 42.9
1557701030.67 42.9
1557701040.69 42.9
1557701050.71 42.9
1557701060.73 42.9
1557701070.74 42.9
1557701080.76 42.9
1557701090.78 43.5
1557701100.79 42.4
1557701110.81 42.9
1557701120.82 42.9
1557701130.84 42.9
1557701140.85 41.9
1557701150.87 41.9
1557701160.88 42.9
1557701170.9 42.9
1557701180.92 42.9
1557701190.93 44.0
1557701200.95 42.9
1557701210.96 42.9
1557701220.97 42.9
1557701230.99 42.9
1557701241.01 42.9
1557701251.02 42.4
1557701261.04 42.4
1557701271.05 42.9
1557701281.06 42.9
1557701291.09 42.4
1557701301.1 42.9
1557701311.12 43.5
1557701321.14 42.9
1557701331.16 42.4
1557701341.17 42.4
1557701351.18 42.9
1557701361.2 42.9
1557701371.21 42.9
1557701381.22 43.5
1557701391.24 42.9
1557701401.25 42.9
1557701411.27 42.9
1557701421.29 42.9
1557701431.31 42.9
1557701441.33 42.9
1557701451.35 42.9
1557701461.37 42.9
1557701471.39 42.9
1557701481.41 42.9
1557701491.42 43.5
1557701501.44 42.4
1557701511.46 42.9
1557701521.48 42.9
1557701531.5 42.4
1557701541.52 41.9
1557701551.54 41.9
1557701561.56 41.9
1557701571.58 42.9
1557701581.6 41.9
1557701591.62 41.9
1557701601.64 41.9
1557701611.66 40.8
1557701621.67 41.9
1557701631.69 42.4
1557701641.71 42.9
1557701651.72 42.9
1557701661.74 42.4
1557701671.76 42.9
1557701681.78 41.9
1557701691.8 42.4
1557701701.82 41.9
1557701711.84 42.9
1557701721.86 42.9
1557701731.88 41.9
1557701741.89 42.9
1557701751.9 42.9
1557701761.92 42.9
1557701771.93 42.9
1557701781.95 42.9
1557701791.97 42.9
1557701801.97 42.9
1557701811.99 42.4
1557701822.01 42.9
1557701832.02 42.9
1557701842.04 42.9
1557701852.06 42.9
1557701862.08 42.9
1557701872.1 42.9
1557701882.12 42.9
1557701892.14 42.4
1557701902.15 43.5
1557701912.17 42.4
1557701922.19 42.9
1557701932.2 42.9
1557701942.22 42.9
1557701952.24 42.9
1557701962.26 42.9
1557701972.27 42.9
1557701982.29 42.4
1557701992.3 42.9
1557702002.32 43.5
