1558300007.29 64.5
1558300017.31 65.0
1558300027.33 64.5
1558300037.35 63.4
1558300047.37 63.4
1558300057.39 63.4
1558300067.41 63.4
1558300077.43 64.5
1558300087.44 63.9
1558300097.46 63.9
1558300107.48 63.9
1558300117.5 63.9
1558300127.52 63.4
1558300137.54 64.5
1558300147.55 64.5
1558300157.57 63.4
1558300167.59 62.8
1558300177.61 63.4
1558300187.63 62.3
1558300197.64 62.8
1558300207.66 62.8
1558300217.68 62.8
1558300227.7 63.4
1558300237.72 63.9
1558300247.74 62.3
1558300257.76 62.3
1558300267.77 63.4
1558300277.79 62.8
1558300287.81 62.8
1558300297.84 62.3
1558300307.85 63.4
1558300317.87 62.8
1558300327.89 63.4
1558300337.9 63.4
1558300347.92 62.3
1558300357.94 62.8
1558300367.96 63.4
1558300377.97 63.4
1558300387.99 63.9
1558300398.01 63.9
1558300408.02 63.4
1558300418.04 64.5
1558300428.06 64.5
1558300438.08 63.4
1558300448.1 64.5
1558300458.12 63.9
1558300468.13 64.5
1558300478.15 64.5
1558300488.17 64.5
1558300498.2 63.4
1558300508.22 63.4
1558300518.24 63.9
1558300528.26 64.5
1558300538.27 63.9
1558300548.29 63.9
1558300558.31 64.5
1558300568.32 63.4
1558300578.34 63.4
1558300588.36 63.4
1558300598.38 63.9
1558300608.41 63.4
1558300618.43 63.9
1558300628.44 63.4
1558300638.46 63.4
1558300648.48 63.4
1558300658.5 63.4
1558300668.52 63.4
1558300678.54 63.4
1558300688.56 63.9
1558300698.58 63.4
1558300708.6 63.9
1558300718.62 63.4
1558300728.63 63.4
1558300738.65 62.3
1558300748.67 63.4
1558300758.68 63.9
1558300768.7 64.5
1558300778.72 63.9
1558300788.73 64.5
1558300798.75 63.9
1558300808.76 63.4
1558300818.77 63.9
1558300828.79 63.9
1558300838.81 63.4
1558300848.82 64.5
1558300858.84 64.5
1558300868.86 64.5
1558300878.87 64.5
1558300888.89 63.9
1558300898.92 63.9
1558300908.93 64.5
1558300918.95 63.4
1558300928.96 64.5
1558300938.97 64.5
1558300948.99 64.5
1558300959.0 64.5
1558300969.02 64.5
1558300979.03 64.5
1558300989.05 64.5
1558300999.06 63.4
1558301009.08 63.4
1558301019.1 63.4
1558301029.11 63.4
1558301039.13 62.8
1558301049.14 62.3
1558301059.16 63.4
1558301069.18 63.4
1558301079.2 63.4
1558301089.22 63.4
1558301099.23 62.8
1558301109.25 63.4
1558301119.26 63.4
1558301129.28 62.8
1558301139.3 63.4
1558301149.32 63.4
1558301159.34 63.4
1558301169.36 62.3
1558301179.38 62.8
1558301189.4 62.8
1558301199.42 62.8
1558301209.44 62.8
1558301219.46 62.8
1558301229.48 62.3
1558301239.49 62.8
1558301249.51 63.4
1558301259.53 63.4
1558301269.55 62.3
1558301279.56 62.8
1558301289.58 62.8
1558301299.61 63.4
1558301309.62 63.4
1558301319.64 62.8
1558301329.66 62.8
1558301339.69 62.8
1558301349.71 62.8
1558301359.72 63.4
1558301369.74 63.4
1558301379.76 63.4
1558301389.77 63.4
1558301399.79 63.4
1558301409.8 63.9
1558301419.82 63.4
1558301429.83 63.9
1558301439.85 63.9
1558301449.86 63.9
1558301459.88 63.9
1558301469.89 63.9
1558301479.9 64.5
1558301489.91 64.5
1558301499.92 64.5
1558301509.94 64.5
1558301519.95 64.5
1558301529.97 63.9
1558301539.98 63.9
1558301550.0 64.5
1558301560.02 64.5
1558301570.03 64.5
1558301580.05 63.4
1558301590.07 64.5
1558301600.08 64.5
1558301610.1 62.8
1558301620.12 62.8
1558301630.14 63.9
1558301640.15 62.8
1558301650.17 62.3
1558301660.19 62.3
1558301670.21 62.8
1558301680.23 63.4
1558301690.25 63.4
1558301700.26 63.4
1558301710.28 62.8
1558301720.3 63.4
1558301730.32 62.8
1558301740.34 62.8
1558301750.35 63.4
1558301760.37 62.8
1558301770.39 62.3
1558301780.41 62.3
1558301790.43 62.3
1558301800.44 62.3
1558301810.46 62.3
1558301820.49 61.8
1558301830.5 62.3
1558301840.52 61.8
1558301850.54 61.2
1558301860.56 61.8
1558301870.58 61.2
1558301880.6 62.3
1558301890.62 61.2
1558301900.63 62.3
1558301910.65 61.8
1558301920.66 62.3
1558301930.68 61.2
1558301940.71 61.2
1558301950.73 61.8
1558301960.74 62.3
1558301970.76 62.3
1558301980.78 62.3
1558301990.8 61.8
1558302000.82 62.3
1558302010.83 62.3
1558302020.85 62.3
1558302030.86 61.8
1558302040.88 62.3
1558302050.9 62.3
1558302060.92 62.3
1558302070.94 61.8
1558302080.96 61.2
1558302090.98 61.8
1558302101.0 61.2
1558302111.02 61.2
1558302121.05 61.8
1558302131.07 61.2
1558302141.09 61.8
1558302151.11 60.7
1558302161.13 60.7
1558302171.14 61.8
1558302181.16 61.2
1558302191.18 61.2
1558302201.2 61.8
1558302211.21 61.8
1558302221.23 61.2
1558302231.25 62.3
1558302241.27 61.2
1558302251.28 62.3
1558302261.3 62.3
1558302271.31 62.3
1558302281.33 61.8
1558302291.34 61.2
1558302301.36 62.3
1558302311.38 61.8
1558302321.39 62.3
1558302331.41 61.2
1558302341.42 62.3
1558302351.44 62.3
1558302361.45 62.3
1558302371.47 62.3
1558302381.49 61.8
1558302391.51 61.2
1558302401.52 61.8
1558302411.54 62.3
1558302421.56 62.3
1558302431.58 62.3
1558302441.59 61.8
1558302451.61 61.2
1558302461.63 60.7
1558302471.65 61.2
1558302481.67 61.2
1558302491.69 61.2
1558302501.7 60.7
1558302511.72 61.2
1558302521.73 61.2
1558302531.75 61.2
1558302541.77 60.7
1558302551.79 60.7
1558302561.81 60.7
1558302571.82 60.7
1558302581.84 61.2
1558302591.86 61.8
1558302601.89 61.8
1558302611.9 61.8
1558302621.92 61.8
1558302631.93 61.8
1558302641.95 61.8
1558302651.96 61.2
1558302661.98 61.8
1558302672.0 62.3
1558302682.02 62.3
1558302692.03 61.2
1558302702.05 61.2
1558302712.07 61.8
1558302722.08 61.2
1558302732.1 61.2
1558302742.12 61.2
1558302752.14 60.7
1558302762.16 61.8
1558302772.17 61.2
1558302782.19 61.8
1558302792.2 61.2
1558302802.22 60.7
1558302812.24 60.7
1558302822.26 60.7
1558302832.28 60.7
1558302842.29 61.2
1558302852.31 61.2
1558302862.32 61.2
1558302872.34 61.2
1558302882.36 61.2
1558302892.37 61.2
1558302902.39 61.2
1558302912.4 61.8
1558302922.42 61.2
1558302932.44 61.2
1558302942.45 61.2
1558302952.47 60.7
1558302962.49 61.2
1558302972.5 61.2
1558302982.52 61.2
1558302992.53 61.2
1558303002.55 61.2
1558303012.57 61.2
1558303022.59 60.7
1558303032.6 61.2
1558303042.62 61.8
1558303052.63 61.8
1558303062.65 61.2
1558303072.67 61.2
1558303082.68 60.7
1558303092.71 60.7
1558303102.72 60.7
1558303112.74 61.2
1558303122.75 60.7
1558303132.77 60.1
1558303142.79 60.7
1558303152.8 60.7
1558303162.81 60.7
1558303172.83 60.1
1558303182.85 60.1
1558303192.87 60.7
1558303202.88 60.1
1558303212.89 61.8
1558303222.9 61.8
1558303232.91 60.1
1558303242.93 60.7
1558303252.95 60.7
1558303262.97 61.2
1558303272.98 60.7
1558303283.0 59.6
1558303293.02 60.1
1558303303.05 60.1
1558303313.06 60.7
1558303323.08 60.1
1558303333.1 60.1
1558303343.11 60.1
1558303353.13 60.1
1558303363.15 60.7
1558303373.17 61.2
1558303383.18 60.1
1558303393.2 60.7
1558303403.22 60.1
1558303413.23 60.7
1558303423.25 60.7
1558303433.27 60.7
1558303443.29 60.1
1558303453.31 60.1
1558303463.33 60.1
1558303473.35 60.7
1558303483.37 60.1
1558303493.38 60.1
1558303503.4 59.6
1558303513.42 60.1
1558303523.44 60.1
1558303533.46 60.1
1558303543.48 60.1
1558303553.49 60.7
1558303563.5 60.7
1558303573.51 60.7
1558303583.52 61.2
1558303593.54 60.7
1558303603.56 61.2
1558303613.57 60.7
1558303623.59 60.1
1558303633.61 60.7
1558303643.63 60.1
1558303653.65 61.2
1558303663.66 60.7
1558303673.68 60.7
1558303683.69 61.2
1558303693.71 61.2
1558303703.72 60.7
1558303713.74 61.2
1558303723.75 60.7
1558303733.77 60.7
1558303743.78 61.2
1558303753.79 61.2
1558303763.8 61.2
1558303773.82 60.7
1558303783.84 61.2
1558303793.86 61.2
1558303803.87 61.2
1558303813.89 60.7
1558303823.91 61.8
1558303833.93 60.1
1558303843.95 61.2
1558303853.97 61.2
1558303863.98 60.7
1558303874.0 60.7
1558303884.01 60.7
1558303894.03 61.2
1558303904.04 60.7
1558303914.06 60.1
1558303924.08 60.1
1558303934.1 60.1
1558303944.12 59.6
1558303954.14 60.1
1558303964.16 60.1
1558303974.17 60.7
1558303984.19 60.1
1558303994.21 60.1
1558304004.23 60.7
1558304014.24 60.7
1558304024.26 59.6
1558304034.28 60.1
1558304044.3 60.7
1558304054.32 61.2
1558304064.33 60.7
1558304074.34 61.2
1558304084.36 61.8
1558304094.39 61.8
1558304104.4 61.2
1558304114.42 61.2
1558304124.43 60.7
1558304134.44 60.7
1558304144.46 60.7
1558304154.47 60.1
1558304164.49 61.2
1558304174.5 60.7
1558304184.52 60.1
1558304194.54 61.2
1558304204.56 61.8
1558304214.57 61.2
1558304224.59 61.2
1558304234.61 61.8
1558304244.63 61.2
1558304254.64 61.2
1558304264.65 61.2
1558304274.67 61.2
1558304284.68 61.2
1558304294.7 60.7
1558304304.71 61.2
1558304314.72 61.2
1558304324.73 60.7
1558304334.75 60.1
1558304344.76 61.2
1558304354.78 61.2
1558304364.79 60.7
1558304374.81 61.2
1558304384.82 61.2
1558304394.85 61.2
1558304404.86 61.2
1558304414.87 61.2
1558304424.89 61.2
1558304434.9 61.2
1558304444.91 61.2
1558304454.93 61.2
1558304464.95 60.1
1558304474.96 60.1
1558304484.97 61.2
1558304494.99 60.7
1558304505.01 60.7
1558304515.02 60.1
1558304525.04 60.1
1558304535.06 59.6
1558304545.08 60.7
1558304555.09 60.1
1558304565.1 60.7
1558304575.12 60.7
1558304585.13 60.7
1558304595.14 60.7
1558304605.16 60.7
1558304615.17 61.2
1558304625.18 61.2
1558304635.2 60.7
1558304645.21 60.1
1558304655.23 60.7
1558304665.24 60.7
1558304675.25 60.7
1558304685.27 61.2
1558304695.28 61.2
1558304705.3 61.2
1558304715.31 60.7
1558304725.32 60.7
1558304735.33 60.7
1558304745.34 60.7
1558304755.35 60.7
1558304765.38 60.7
1558304775.39 60.7
1558304785.4 60.1
1558304795.41 60.7
1558304805.43 60.1
1558304815.44 60.7
1558304825.46 60.1
1558304835.47 60.1
1558304845.48 60.1
1558304855.49 61.2
1558304865.5 61.2
1558304875.51 60.1
1558304885.53 61.2
1558304895.54 60.7
1558304905.55 60.1
1558304915.57 60.7
1558304925.58 60.1
1558304935.59 60.7
1558304945.61 60.1
1558304955.62 60.7
1558304965.63 60.7
1558304975.64 60.1
1558304985.66 60.7
1558304995.67 61.2
1558305005.69 60.7
1558305015.7 61.2
1558305025.72 60.1
1558305035.73 60.7
1558305045.74 60.1
1558305055.75 61.2
1558305065.76 60.7
1558305075.78 60.1
1558305085.8 60.1
1558305095.82 61.2
1558305105.83 61.2
1558305115.85 60.7
1558305125.87 60.1
1558305135.88 60.7
1558305145.9 60.7
1558305155.91 60.7
1558305165.93 60.1
1558305175.94 60.7
1558305185.95 60.7
1558305195.96 60.1
1558305205.97 60.1
1558305215.99 60.1
1558305226.0 60.1
1558305236.01 60.7
1558305246.03 60.1
1558305256.04 60.7
1558305266.06 60.1
1558305276.07 60.1
1558305286.08 60.1
1558305296.09 60.1
1558305306.11 60.7
1558305316.12 60.7
1558305326.13 60.7
1558305336.15 60.7
1558305346.16 61.2
1558305356.17 61.2
1558305366.19 61.2
1558305376.2 61.2
1558305386.22 60.7
1558305396.23 61.2
1558305406.25 60.7
1558305416.26 61.2
1558305426.28 61.2
1558305436.3 60.7
1558305446.31 61.2
1558305456.32 61.2
1558305466.34 61.2
1558305476.36 61.2
1558305486.37 61.2
1558305496.38 61.2
1558305506.4 61.8
1558305516.41 61.8
1558305526.42 61.2
1558305536.44 61.2
1558305546.45 61.2
1558305556.47 61.2
1558305566.49 61.2
1558305576.51 61.2
1558305586.53 61.8
1558305596.54 60.7
1558305606.55 61.2
1558305616.56 61.2
1558305626.58 61.2
1558305636.6 61.2
1558305646.62 61.2
1558305656.63 61.2
1558305666.64 61.2
1558305676.66 61.2
1558305686.67 61.2
1558305696.68 60.7
1558305706.7 61.2
1558305716.72 60.1
1558305726.74 60.1
1558305736.76 60.1
1558305746.78 60.1
1558305756.79 60.1
1558305766.8 60.7
1558305776.82 60.1
1558305786.83 60.1
1558305796.85 60.1
1558305806.86 60.1
1558305816.88 60.1
1558305826.89 60.1
1558305836.9 60.1
1558305846.92 60.1
1558305856.94 60.1
1558305866.95 59.1
1558305876.97 60.1
1558305886.98 60.1
1558305897.0 60.1
1558305907.01 60.7
1558305917.02 60.1
1558305927.04 60.1
1558305937.06 60.1
1558305947.07 60.1
1558305957.09 60.1
1558305967.11 59.6
1558305977.13 59.1
1558305987.14 59.6
1558305997.16 60.1
1558306007.17 58.5
1558306017.19 58.5
1558306027.21 59.1
1558306037.23 59.1
1558306047.25 59.1
1558306057.26 59.1
1558306067.27 59.1
1558306077.29 59.1
1558306087.3 58.0
1558306097.32 59.6
1558306107.33 59.1
1558306117.34 58.5
1558306127.36 59.1
1558306137.37 59.1
1558306147.38 59.1
1558306157.4 59.1
1558306167.42 59.6
1558306177.43 59.1
1558306187.46 58.5
1558306197.47 59.1
1558306207.49 59.1
1558306217.51 59.1
1558306227.52 59.6
1558306237.54 58.5
1558306247.55 59.1
1558306257.57 59.1
1558306267.59 59.1
1558306277.61 59.6
1558306287.63 59.1
1558306297.65 58.5
1558306307.66 59.6
1558306317.68 59.1
1558306327.7 59.1
1558306337.72 59.6
1558306347.73 59.1
1558306357.75 59.1
1558306367.76 60.1
1558306377.78 59.1
1558306387.8 59.1
1558306397.81 60.1
1558306407.83 59.1
1558306417.84 59.6
1558306427.86 60.1
1558306437.88 59.1
1558306447.9 60.1
1558306457.91 60.1
1558306467.93 60.1
1558306477.95 60.1
1558306487.97 59.6
1558306497.98 59.6
1558306508.0 60.1
1558306518.01 60.1
1558306528.03 60.1
1558306538.04 59.1
1558306548.06 59.1
1558306558.07 59.6
1558306568.09 60.1
1558306578.11 59.1
1558306588.13 59.6
1558306598.14 59.1
1558306608.18 59.1
1558306618.21 59.1
1558306628.23 59.1
1558306638.25 59.6
1558306648.26 60.1
1558306658.28 59.1
1558306668.3 59.1
1558306678.32 59.1
1558306688.33 59.6
1558306698.35 59.1
1558306708.37 59.1
1558306718.38 59.1
1558306728.4 59.1
1558306738.42 59.1
1558306748.44 59.1
1558306758.46 59.1
1558306768.47 59.1
1558306778.49 60.1
1558306788.5 59.6
1558306798.52 60.1
