1558600003.35 42.9
1558600013.37 43.5
1558600023.39 43.5
1558600033.41 42.9
1558600043.43 42.9
1558600053.47 42.9
1558600063.49 42.9
1558600073.51 42.9
1558600083.53 42.9
1558600093.55 42.9
1558600103.57 42.4
1558600113.59 42.4
1558600123.61 42.9
1558600133.63 42.9
1558600143.65 42.9
1558600153.67 42.4
1558600163.68 42.9
1558600173.7 42.9
1558600183.72 43.5
1558600193.74 42.9
1558600203.76 42.9
1558600213.78 42.9
1558600223.8 42.9
1558600233.81 42.9
1558600243.83 43.5
1558600253.86 43.5
1558600263.87 44.0
1558600273.9 44.0
1558600283.91 44.0
1558600293.93 44.0
1558600303.95 42.9
1558600313.97 43.5
1558600323.99 44.0
1558600334.01 44.0
1558600344.03 42.9
1558600354.05 44.0
1558600364.07 43.5
1558600374.09 44.0
1558600384.11 43.5
1558600394.14 42.9
1558600404.16 44.0
1558600414.18 42.9
1558600424.19 44.0
1558600434.21 44.0
1558600444.24 44.0
1558600454.25 44.0
1558600464.27 44.5
1558600474.29 44.0
1558600484.32 42.9
1558600494.34 43.5
1558600504.36 44.0
1558600514.38 43.5
1558600524.4 44.0
1558600534.42 43.5
1558600544.44 43.5
1558600554.46 43.5
1558600564.49 44.0
1558600574.51 43.5
1558600584.53 43.5
1558600594.55 43.5
1558600604.57 43.5
1558600614.59 44.0
1558600624.61 43.5
1558600634.63 44.0
1558600644.66 43.5
1558600654.68 43.5
1558600664.7 44.5
1558600674.71 44.0
1558600684.73 43.5
1558600694.75 43.5
1558600704.78 43.5
1558600714.8 43.5
1558600724.82 44.0
1558600734.84 44.0
1558600744.86 44.0
1558600754.88 43.5
1558600764.9 42.9
1558600774.93 43.5
1558600784.95 43.5
1558600794.97 43.5
1558600804.99 44.0
1558600815.01 42.9
1558600825.03 43.5
1558600835.05 43.5
1558600845.07 44.0
1558600855.09 43.5
1558600865.11 42.9
1558600875.13 43.5
1558600885.15 43.5
1558600895.17 44.0
1558600905.2 43.5
1558600915.21 44.5
1558600925.23 43.5
1558600935.24 44.5
1558600945.27 44.0
1558600955.29 43.5
1558600965.31 44.0
1558600975.33 44.0
1558600985.35 44.0
1558600995.37 44.0
1558601005.38 44.0
1558601015.4 44.0
1558601025.42 44.0
1558601035.44 44.0
1558601045.46 44.0
1558601055.48 44.0
1558601065.5 45.1
1558601075.52 43.5
1558601085.54 45.1
1558601095.56 43.5
1558601105.58 44.0
1558601115.6 44.0
1558601125.62 44.0
1558601135.64 44.0
1558601145.66 45.1
1558601155.68 45.1
1558601165.7 44.0
1558601175.72 44.0
1558601185.74 45.1
1558601195.76 44.0
1558601205.78 44.5
1558601215.79 45.1
1558601225.81 45.1
1558601235.83 44.5
1558601245.85 45.1
1558601255.87 44.5
1558601265.89 44.0
1558601275.91 44.0
1558601285.93 44.0
1558601295.95 44.5
1558601305.97 45.1
1558601315.99 44.0
1558601326.02 44.5
1558601336.04 43.5
1558601346.06 43.5
1558601356.08 44.0
1558601366.1 43.5
1558601376.12 45.1
1558601386.13 44.5
1558601396.15 44.0
1558601406.17 44.0
1558601416.2 44.0
1558601426.22 44.0
1558601436.24 44.0
1558601446.26 44.0
1558601456.28 44.5
1558601466.3 45.1
1558601476.31 44.5
1558601486.33 44.0
1558601496.35 44.0
1558601506.37 44.5
1558601516.39 44.5
1558601526.42 44.0
1558601536.44 44.0
1558601546.46 43.5
1558601556.48 43.5
1558601566.5 43.5
1558601576.52 44.5
1558601586.54 44.0
1558601596.56 44.0
1558601606.58 44.0
1558601616.6 44.0
1558601626.62 44.0
1558601636.64 43.5
1558601646.66 43.5
1558601656.68 44.0
1558601666.69 44.0
1558601676.71 44.0
1558601686.74 44.0
1558601696.75 44.5
1558601706.77 44.5
1558601716.79 43.5
1558601726.82 44.0
1558601736.84 42.9
1558601746.86 44.0
1558601756.88 43.5
1558601766.9 44.0
1558601776.91 44.0
1558601786.93 44.0
1558601796.95 44.0
1558601806.98 44.0
1558601817.0 44.0
1558601827.02 43.5
1558601837.04 43.5
1558601847.06 44.5
1558601857.08 44.0
1558601867.1 44.0
1558601877.12 44.0
1558601887.14 43.5
1558601897.16 44.5
1558601907.18 43.5
1558601917.2 44.0
1558601927.23 43.5
1558601937.25 43.5
1558601947.27 45.1
1558601957.29 43.5
1558601967.31 44.0
1558601977.33 44.5
1558601987.35 44.5
1558601997.37 44.0
1558602007.38 45.1
1558602017.41 44.5
1558602027.43 44.0
1558602037.45 44.0
1558602047.47 44.0
1558602057.49 44.5
1558602067.51 43.5
1558602077.53 44.0
1558602087.55 44.5
1558602097.57 44.0
1558602107.59 45.1
1558602117.61 44.0
1558602127.62 45.1
1558602137.64 44.0
1558602147.66 44.0
1558602157.68 44.0
1558602167.7 44.0
1558602177.72 43.5
1558602187.74 43.5
1558602197.76 43.5
1558602207.78 44.0
1558602217.79 43.5
1558602227.82 43.5
1558602237.84 43.5
1558602247.86 42.9
1558602257.88 43.5
1558602267.9 44.0
1558602277.92 43.5
1558602287.94 44.5
1558602297.96 43.5
1558602307.98 42.9
1558602318.0 43.5
1558602328.02 43.5
1558602338.05 43.5
1558602348.07 43.5
1558602358.09 42.9
1558602368.11 42.9
1558602378.13 43.5
1558602388.15 43.5
1558602398.17 43.5
1558602408.19 44.0
1558602418.21 43.5
1558602428.23 42.9
1558602438.25 42.9
1558602448.27 43.5
1558602458.3 42.9
1558602468.32 42.9
1558602478.33 44.0
1558602488.35 44.0
1558602498.37 44.0
1558602508.39 44.0
1558602518.41 43.5
1558602528.44 43.5
1558602538.46 43.5
1558602548.48 43.5
1558602558.5 45.1
1558602568.52 44.0
1558602578.54 45.1
1558602588.55 44.5
1558602598.57 45.1
1558602608.59 44.0
1558602618.61 44.0
1558602628.63 43.5
1558602638.65 44.5
1558602648.67 44.0
1558602658.69 43.5
1558602668.71 44.0
1558602678.73 44.5
1558602688.75 44.0
1558602698.77 44.0
1558602708.79 43.5
1558602718.81 43.5
1558602728.83 44.0
1558602738.85 43.5
1558602748.87 44.0
1558602758.89 43.5
1558602768.9 44.0
1558602778.92 43.5
1558602788.95 42.9
1558602798.97 43.5
1558602808.99 43.5
1558602819.0 44.0
1558602829.03 43.5
1558602839.04 45.1
1558602849.06 44.5
1558602859.07 45.1
1558602869.09 44.0
1558602879.11 44.0
1558602889.13 43.5
1558602899.16 42.9
1558602909.17 44.0
1558602919.19 44.0
1558602929.21 44.0
1558602939.22 44.0
1558602949.24 45.1
1558602959.25 44.0
1558602969.27 44.0
1558602979.3 44.5
1558602989.32 44.0
1558602999.34 44.0
1558603009.36 44.5
1558603019.37 45.1
1558603029.4 44.0
1558603039.42 44.5
1558603049.43 45.1
1558603059.45 44.5
1558603069.47 45.1
1558603079.5 44.0
1558603089.51 45.6
1558603099.53 45.1
1558603109.55 45.1
1558603119.57 45.1
1558603129.59 45.1
1558603139.6 45.6
1558603149.62 45.1
1558603159.64 45.1
1558603169.66 45.1
1558603179.68 45.6
1558603189.7 46.2
1558603199.72 45.1
1558603209.74 45.1
1558603219.76 45.6
1558603229.78 45.6
1558603239.8 45.6
1558603249.81 45.1
1558603259.83 45.6
1558603269.85 45.1
1558603279.87 45.1
1558603289.89 46.2
1558603299.9 45.1
1558603309.92 45.1
1558603319.94 45.6
1558603329.96 46.2
1558603339.97 45.1
1558603349.99 45.6
1558603360.0 45.6
1558603370.02 45.1
1558603380.04 45.6
1558603390.06 46.2
1558603400.08 46.2
1558603410.1 45.1
1558603420.12 45.6
1558603430.14 45.1
1558603440.15 46.2
1558603450.17 45.1
1558603460.18 45.1
1558603470.2 44.0
1558603480.22 45.1
1558603490.24 45.1
1558603500.26 45.1
1558603510.29 44.5
1558603520.31 45.1
1558603530.33 44.5
1558603540.35 45.1
1558603550.37 45.1
1558603560.39 44.0
1558603570.41 45.1
1558603580.44 45.1
1558603590.46 45.1
1558603600.47 45.6
1558603610.49 44.5
1558603620.52 44.5
1558603630.54 44.5
1558603640.55 45.1
1558603650.57 44.5
1558603660.59 44.5
1558603670.61 44.0
1558603680.63 45.1
1558603690.64 45.1
1558603700.66 45.1
1558603710.68 44.0
1558603720.7 44.5
1558603730.73 44.5
1558603740.75 44.0
1558603750.77 44.0
1558603760.79 44.0
1558603770.8 45.1
1558603780.82 45.1
1558603790.85 45.1
1558603800.87 45.1
1558603810.89 45.1
1558603820.91 44.0
1558603830.92 44.5
1558603840.94 44.0
1558603850.96 45.1
1558603860.98 45.1
1558603871.0 44.0
1558603881.01 45.1
1558603891.03 45.1
1558603901.05 44.0
1558603911.07 45.1
1558603921.08 45.1
1558603931.1 44.5
1558603941.12 45.1
1558603951.14 45.1
1558603961.16 45.1
1558603971.18 45.1
1558603981.19 45.1
1558603991.21 45.1
1558604001.23 45.1
1558604011.25 44.5
1558604021.26 45.1
1558604031.29 44.5
1558604041.3 44.5
1558604051.31 45.1
1558604061.33 45.1
1558604071.35 45.1
1558604081.37 45.1
1558604091.39 45.1
1558604101.41 45.1
1558604111.43 45.1
1558604121.44 45.6
1558604131.46 45.1
1558604141.48 45.6
1558604151.5 45.1
1558604161.52 45.6
1558604171.54 45.1
1558604181.56 45.1
1558604191.58 44.5
1558604201.6 45.1
1558604211.62 45.1
1558604221.64 45.6
1558604231.65 45.1
1558604241.67 45.1
1558604251.7 45.1
1558604261.72 45.1
1558604271.74 45.1
1558604281.76 45.1
1558604291.78 45.1
1558604301.8 45.1
1558604311.82 44.5
1558604321.84 44.5
1558604331.86 44.5
1558604341.88 45.1
1558604351.9 44.0
1558604361.91 45.1
1558604371.93 44.0
1558604381.94 45.1
1558604391.97 44.5
1558604401.99 44.0
1558604412.0 44.0
1558604422.04 45.1
1558604432.05 45.1
1558604442.07 44.0
1558604452.09 44.0
1558604462.12 45.1
1558604472.14 44.0
1558604482.16 44.5
1558604492.18 44.0
1558604502.2 44.0
1558604512.23 44.5
1558604522.25 44.0
1558604532.27 44.0
1558604542.29 44.5
1558604552.31 45.1
1558604562.33 44.5
1558604572.35 44.5
1558604582.37 44.0
1558604592.39 44.0
1558604602.41 44.0
1558604612.43 45.1
1558604622.45 44.0
1558604632.46 45.1
1558604642.48 45.1
1558604652.5 44.5
1558604662.53 45.1
1558604672.54 45.1
1558604682.56 45.1
1558604692.58 45.1
1558604702.6 45.1
1558604712.62 45.1
1558604722.63 45.1
1558604732.65 45.1
1558604742.67 44.5
1558604752.69 45.6
1558604762.71 45.1
1558604772.73 45.1
1558604782.75 45.1
1558604792.77 44.5
1558604802.78 45.1
1558604812.8 45.6
1558604822.82 45.1
1558604832.83 45.1
1558604842.87 45.1
1558604852.89 45.1
1558604862.9 45.1
1558604872.92 45.1
1558604882.93 45.1
1558604892.96 45.1
1558604902.98 45.1
1558604913.0 45.1
1558604923.03 45.6
1558604933.04 45.6
1558604943.06 44.5
1558604953.09 45.1
1558604963.11 45.1
1558604973.13 45.6
1558604983.15 44.5
1558604993.17 45.1
1558605003.19 45.1
1558605013.21 44.5
1558605023.23 45.1
1558605033.25 46.2
1558605043.26 46.2
1558605053.28 46.2
1558605063.3 45.6
1558605073.31 45.6
1558605083.33 46.2
1558605093.35 45.6
1558605103.36 45.6
1558605113.37 45.6
1558605123.39 45.1
1558605133.41 46.2
1558605143.43 45.1
1558605153.45 45.6
1558605163.47 45.1
1558605173.49 45.1
1558605183.52 45.1
1558605193.54 45.1
1558605203.55 45.1
1558605213.57 45.1
1558605223.58 45.6
1558605233.6 46.2
1558605243.62 45.1
1558605253.64 45.1
1558605263.65 45.6
1558605273.66 45.1
1558605283.68 45.1
1558605293.7 45.1
1558605303.73 45.1
1558605313.75 45.1
1558605323.77 45.1
1558605333.78 46.2
1558605343.8 45.6
1558605353.83 45.1
1558605363.84 46.2
1558605373.86 46.2
1558605383.89 46.2
1558605393.91 46.2
1558605403.92 45.6
1558605413.94 46.2
1558605423.96 45.1
1558605433.98 45.6
1558605444.0 45.1
1558605454.02 45.1
1558605464.04 45.6
1558605474.06 45.6
1558605484.08 45.6
1558605494.1 45.1
1558605504.12 45.6
1558605514.14 45.1
1558605524.16 45.1
1558605534.18 45.1
1558605544.2 45.6
1558605554.23 44.5
1558605564.25 45.1
1558605574.27 45.1
1558605584.28 45.1
1558605594.3 45.6
1558605604.31 45.6
