1558700004.21 53.7
1558700014.23 54.2
1558700024.25 53.7
1558700034.27 54.2
1558700044.29 54.2
1558700054.31 53.7
1558700064.33 53.2
1558700074.35 53.7
1558700084.37 53.7
1558700094.38 54.2
1558700104.4 53.7
1558700114.43 54.2
1558700124.45 53.7
1558700134.46 54.8
1558700144.48 54.8
1558700154.49 54.8
1558700164.51 54.8
1558700174.54 53.7
1558700184.55 54.8
1558700194.57 54.8
1558700204.59 54.8
1558700214.61 54.8
1558700224.63 54.2
1558700234.65 54.8
1558700244.66 54.8
1558700254.68 54.2
1558700264.71 54.8
1558700274.72 53.7
1558700284.75 54.2
1558700294.77 54.2
1558700304.79 54.2
1558700314.81 54.2
1558700324.83 54.8
1558700334.85 55.3
1558700344.86 54.8
1558700354.88 54.8
1558700364.9 54.8
1558700374.91 54.8
1558700384.93 54.8
1558700394.95 54.2
1558700404.97 54.8
1558700414.98 54.8
1558700425.0 54.8
1558700435.01 55.8
1558700445.03 55.8
1558700455.05 55.8
1558700465.07 54.8
1558700475.09 55.8
1558700485.1 55.3
1558700495.12 55.3
1558700505.14 54.8
1558700515.16 55.3
1558700525.18 55.8
1558700535.2 55.8
1558700545.22 55.3
1558700555.23 55.8
1558700565.25 54.8
1558700575.28 55.8
1558700585.29 55.8
1558700595.31 55.8
1558700605.33 55.8
1558700615.35 55.8
1558700625.36 55.8
1558700635.38 56.4
1558700645.39 55.8
1558700655.41 55.8
1558700665.43 54.8
1558700675.45 55.8
1558700685.47 55.8
1558700695.49 55.8
1558700705.5 55.8
1558700715.52 55.8
1558700725.54 55.8
1558700735.56 55.8
1558700745.58 55.8
1558700755.59 55.8
1558700765.61 54.8
1558700775.62 55.8
1558700785.63 55.8
1558700795.65 55.3
1558700805.67 55.8
1558700815.69 55.3
1558700825.71 55.8
1558700835.73 54.8
1558700845.74 55.8
1558700855.76 55.3
1558700865.77 55.8
1558700875.79 55.8
1558700885.81 55.8
1558700895.83 55.8
1558700905.85 55.8
1558700915.86 56.4
1558700925.88 55.8
1558700935.89 55.8
1558700945.91 55.8
1558700955.93 55.8
1558700965.95 55.8
1558700975.97 55.8
1558700985.98 55.8
1558700996.0 55.8
1558701006.02 56.4
1558701016.04 55.8
1558701026.05 55.8
1558701036.06 56.9
1558701046.08 55.8
1558701056.09 56.9
1558701066.11 55.8
1558701076.13 55.8
1558701086.14 56.4
1558701096.16 56.9
1558701106.18 55.8
1558701116.19 56.4
1558701126.21 56.4
1558701136.23 55.8
1558701146.24 56.4
1558701156.26 55.8
1558701166.28 57.5
1558701176.29 56.4
1558701186.3 56.9
1558701196.31 56.9
1558701206.33 56.4
1558701216.35 56.4
1558701226.37 56.9
1558701236.38 56.9
1558701246.4 56.9
1558701256.42 56.9
1558701266.43 57.5
1558701276.44 58.0
1558701286.46 58.0
1558701296.48 56.9
1558701306.49 58.0
1558701316.51 58.0
1558701326.53 58.0
1558701336.54 58.5
1558701346.56 58.0
1558701356.58 58.0
1558701366.6 58.0
1558701376.61 58.0
1558701386.63 58.0
1558701396.64 58.0
1558701406.66 58.0
1558701416.67 58.0
1558701426.69 58.5
1558701436.7 58.0
1558701446.72 58.0
1558701456.73 58.0
1558701466.74 58.0
1558701476.76 58.0
1558701486.78 57.5
1558701496.79 58.0
1558701506.8 57.5
1558701516.82 58.0
1558701526.84 58.0
1558701536.86 58.0
1558701546.87 58.0
1558701556.89 59.1
1558701566.91 58.0
1558701576.93 58.0
1558701586.94 58.0
1558701596.96 58.0
1558701606.97 58.0
1558701616.99 58.0
1558701627.01 58.0
1558701637.02 59.1
1558701647.04 58.0
1558701657.05 58.5
1558701667.07 58.0
1558701677.09 58.0
1558701687.11 59.1
1558701697.12 58.5
1558701707.14 58.0
1558701717.15 58.0
1558701727.17 58.5
1558701737.18 58.5
1558701747.2 59.1
1558701757.21 58.0
1558701767.23 58.5
1558701777.24 58.5
1558701787.27 58.5
1558701797.28 59.1
1558701807.3 58.5
1558701817.32 58.5
1558701827.34 58.5
1558701837.35 58.0
1558701847.36 58.5
1558701857.38 59.1
1558701867.39 58.0
1558701877.4 58.0
1558701887.41 58.5
1558701897.43 58.0
1558701907.45 58.0
1558701917.46 58.0
1558701927.49 58.0
1558701937.5 58.0
1558701947.51 58.0
1558701957.53 58.0
1558701967.54 58.0
1558701977.56 58.0
1558701987.58 56.9
1558701997.6 57.5
1558702007.62 58.0
1558702017.64 58.0
1558702027.66 57.5
1558702037.68 58.5
1558702047.69 58.0
1558702057.71 58.0
1558702067.72 58.0
1558702077.74 58.0
1558702087.75 58.0
1558702097.77 58.0
1558702107.79 58.0
1558702117.8 58.0
1558702127.82 58.0
1558702137.84 58.0
1558702147.85 58.0
1558702157.87 58.0
1558702167.89 58.0
1558702177.91 58.0
1558702187.92 57.5
1558702197.94 58.0
1558702207.96 58.0
1558702217.98 57.5
1558702227.99 58.0
1558702238.01 58.0
1558702248.03 58.0
1558702258.04 57.5
1558702268.06 56.9
1558702278.08 56.9
1558702288.1 57.5
1558702298.12 58.0
1558702308.13 58.0
1558702318.15 56.9
1558702328.17 58.0
1558702338.18 57.5
1558702348.2 58.0
1558702358.22 58.0
1558702368.23 58.0
1558702378.25 56.9
1558702388.27 57.5
1558702398.29 57.5
1558702408.31 57.5
1558702418.33 56.9
1558702428.34 58.0
1558702438.36 56.9
1558702448.38 56.9
1558702458.4 57.5
1558702468.41 58.0
1558702478.43 58.0
1558702488.45 58.0
1558702498.46 58.0
1558702508.48 58.5
1558702518.5 58.0
1558702528.51 58.0
1558702538.53 58.0
1558702548.54 58.0
1558702558.56 58.0
1558702568.57 58.0
1558702578.59 58.0
1558702588.61 58.0
1558702598.63 56.9
1558702608.65 58.0
1558702618.67 58.0
1558702628.69 57.5
1558702638.7 58.0
1558702648.71 58.0
1558702658.73 57.5
1558702668.75 57.5
1558702678.77 58.0
1558702688.78 58.0
1558702698.8 58.0
1558702708.82 58.0
1558702718.83 58.0
1558702728.85 56.9
1558702738.87 57.5
1558702748.89 56.9
1558702758.9 58.0
1558702768.91 57.5
1558702778.93 58.0
1558702788.94 58.0
1558702798.96 58.0
