1558200007.55 74.1
1558200017.56 74.7
1558200027.57 74.1
1558200037.58 75.2
1558200047.6 74.1
1558200057.61 74.7
1558200067.63 74.1
1558200077.64 74.7
1558200087.66 74.1
1558200097.68 74.1
1558200107.7 74.7
1558200117.72 74.1
1558200127.73 74.1
1558200137.75 74.1
1558200147.76 74.1
1558200157.78 74.1
1558200167.79 74.7
1558200177.81 74.1
1558200187.82 74.1
1558200197.84 75.2
1558200207.85 75.2
1558200217.87 75.2
1558200227.89 74.1
1558200237.91 74.7
1558200247.92 74.7
1558200257.93 74.7
1558200267.94 75.2
1558200277.96 74.1
1558200287.97 74.1
1558200297.99 75.2
1558200308.0 75.2
1558200318.01 74.7
1558200328.03 74.7
1558200338.04 74.7
1558200348.05 75.2
1558200358.07 74.7
1558200368.08 75.2
1558200378.09 75.2
1558200388.1 75.2
1558200398.11 75.2
1558200408.13 75.2
1558200418.14 75.2
1558200428.15 74.7
1558200438.17 74.7
1558200448.18 75.2
1558200458.2 74.7
1558200468.21 75.2
1558200478.23 75.2
1558200488.24 75.2
1558200498.25 74.7
1558200508.27 75.2
1558200518.29 75.2
1558200528.3 74.7
1558200538.31 75.2
1558200548.33 74.7
1558200558.34 74.1
1558200568.35 74.7
1558200578.36 75.2
1558200588.37 74.1
1558200598.38 74.7
1558200608.4 74.1
1558200618.41 74.7
1558200628.42 74.1
1558200638.43 74.1
1558200648.45 74.1
1558200658.46 74.1
1558200668.47 74.7
1558200678.48 74.1
1558200688.49 74.7
1558200698.5 75.2
1558200708.52 74.1
1558200718.53 74.1
1558200728.55 74.1
1558200738.57 74.1
1558200748.58 74.1
1558200758.59 74.7
1558200768.61 74.1
1558200778.62 74.7
1558200788.63 74.1
1558200798.64 74.1
1558200808.65 74.1
1558200818.67 74.1
1558200828.68 74.1
1558200838.69 74.7
1558200848.71 74.1
1558200858.72 73.6
1558200868.74 74.7
1558200878.75 74.1
1558200888.77 73.6
1558200898.79 74.7
1558200908.8 74.1
1558200918.81 74.1
1558200928.83 74.1
1558200938.84 74.1
1558200948.87 73.6
1558200958.88 74.1
1558200968.89 74.1
1558200978.9 74.1
1558200988.91 74.7
1558200998.93 74.7
1558201008.94 74.1
1558201018.96 74.1
1558201028.97 74.7
1558201038.98 74.7
1558201049.0 74.1
1558201059.01 74.1
1558201069.03 75.2
1558201079.04 74.1
1558201089.06 75.2
1558201099.07 74.1
1558201109.08 74.1
1558201119.1 74.1
1558201129.11 74.1
1558201139.13 73.6
1558201149.16 74.1
1558201159.17 74.1
1558201169.18 74.1
1558201179.2 74.1
1558201189.21 73.6
1558201199.22 74.1
1558201209.24 74.1
1558201219.25 74.1
1558201229.26 74.7
1558201239.28 73.6
1558201249.3 73.1
1558201259.31 73.6
1558201269.33 73.6
1558201279.34 74.1
1558201289.35 73.1
1558201299.37 73.1
1558201309.39 74.1
1558201319.41 73.1
1558201329.43 73.1
1558201339.44 73.6
1558201349.45 73.6
1558201359.47 73.1
1558201369.48 73.6
1558201379.5 74.1
1558201389.52 73.6
1558201399.53 73.1
1558201409.55 73.6
1558201419.57 73.6
1558201429.58 74.1
1558201439.6 74.1
1558201449.61 73.6
1558201459.63 73.6
1558201469.64 73.6
1558201479.67 73.6
1558201489.68 74.1
1558201499.7 74.1
1558201509.71 74.1
1558201519.73 73.1
1558201529.75 74.1
1558201539.76 74.1
1558201549.78 74.1
1558201559.79 73.6
1558201569.81 74.1
1558201579.83 73.1
1558201589.84 73.6
1558201599.85 73.6
1558201609.86 73.1
1558201619.89 73.1
1558201629.91 73.1
1558201639.92 73.1
1558201649.93 73.6
1558201659.94 74.1
1558201669.96 73.6
1558201679.97 73.6
1558201689.99 73.6
1558201700.0 73.6
1558201710.02 72.5
1558201720.04 73.1
1558201730.05 73.1
1558201740.07 73.1
1558201750.08 73.1
1558201760.09 73.1
1558201770.1 73.1
1558201780.12 73.1
1558201790.14 73.1
1558201800.16 72.0
1558201810.18 73.1
1558201820.2 73.1
1558201830.21 73.1
1558201840.23 72.5
1558201850.24 73.1
1558201860.25 73.6
1558201870.27 72.5
1558201880.29 73.1
1558201890.31 72.5
1558201900.33 73.1
1558201910.35 72.0
1558201920.37 72.5
1558201930.38 73.1
1558201940.4 72.0
1558201950.42 72.0
1558201960.43 73.1
1558201970.44 73.1
1558201980.46 72.5
1558201990.47 73.1
1558202000.49 73.1
1558202010.51 73.1
1558202020.52 73.1
1558202030.54 73.1
1558202040.56 73.1
1558202050.58 73.6
1558202060.59 73.6
1558202070.61 73.1
1558202080.63 73.1
1558202090.64 73.1
1558202100.66 73.6
1558202110.68 72.0
1558202120.69 73.1
1558202130.71 73.6
1558202140.73 73.6
1558202150.75 74.1
1558202160.76 73.6
1558202170.78 73.6
1558202180.8 73.1
1558202190.82 73.1
1558202200.84 73.1
1558202210.86 73.6
1558202220.87 73.6
1558202230.89 74.1
1558202240.9 74.1
1558202250.92 73.6
1558202260.94 74.7
1558202270.95 73.6
1558202280.97 74.1
1558202290.98 74.1
1558202301.01 73.6
1558202311.02 74.1
1558202321.04 74.7
1558202331.06 74.1
1558202341.07 74.1
1558202351.09 75.2
1558202361.11 74.7
1558202371.12 74.1
1558202381.13 74.1
1558202391.15 74.1
1558202401.16 74.1
1558202411.19 75.2
1558202421.2 74.1
1558202431.22 75.2
1558202441.23 74.7
1558202451.25 74.1
1558202461.26 74.1
1558202471.28 74.1
1558202481.3 73.6
1558202491.31 73.6
1558202501.33 74.1
1558202511.35 74.1
1558202521.36 74.7
1558202531.37 74.1
1558202541.39 74.7
1558202551.41 74.7
1558202561.42 74.7
1558202571.43 74.1
1558202581.45 73.6
1558202591.47 74.1
1558202601.49 73.6
1558202611.5 73.6
1558202621.51 74.1
1558202631.53 74.1
1558202641.54 74.7
1558202651.56 74.1
1558202661.58 74.1
1558202671.59 74.1
1558202681.6 74.1
1558202691.62 73.6
1558202701.64 73.6
1558202711.66 74.1
1558202721.67 74.1
1558202731.68 74.1
1558202741.7 74.1
1558202751.72 73.6
1558202761.74 73.1
1558202771.76 73.6
1558202781.77 74.1
1558202791.79 73.6
1558202801.8 73.1
1558202811.81 73.6
1558202821.83 74.1
1558202831.84 73.6
1558202841.85 74.1
1558202851.87 74.1
1558202861.88 74.1
1558202871.9 74.1
1558202881.91 74.1
1558202891.93 74.7
1558202901.94 75.2
1558202911.95 74.1
1558202921.96 74.1
1558202931.98 74.1
1558202942.0 74.7
1558202952.01 74.7
1558202962.03 74.1
1558202972.05 73.6
1558202982.06 74.7
1558202992.08 74.7
1558203002.11 74.1
1558203012.13 74.1
1558203022.15 74.1
1558203032.17 73.6
1558203042.18 74.1
1558203052.2 74.1
1558203062.22 74.1
1558203072.24 74.1
1558203082.25 74.1
1558203092.26 75.2
1558203102.28 75.2
1558203112.29 74.1
1558203122.31 75.2
1558203132.33 74.1
1558203142.34 75.2
1558203152.36 74.1
1558203162.38 74.7
1558203172.39 75.2
1558203182.42 74.7
1558203192.44 74.7
1558203202.45 75.2
1558203212.47 75.2
1558203222.49 75.2
1558203232.5 75.2
1558203242.52 75.2
1558203252.53 75.2
1558203262.55 75.2
1558203272.56 75.2
1558203282.58 75.8
1558203292.59 75.8
1558203302.61 75.2
1558203312.62 75.2
1558203322.63 74.7
1558203332.64 75.8
1558203342.66 75.8
1558203352.68 75.2
1558203362.69 76.3
1558203372.7 76.3
1558203382.72 75.8
1558203392.73 75.8
1558203402.74 75.2
1558203412.75 75.8
1558203422.77 75.2
1558203432.78 75.8
1558203442.8 75.8
1558203452.82 75.2
1558203462.83 75.2
1558203472.86 75.2
1558203482.88 75.2
1558203492.89 75.2
1558203502.92 75.2
1558203512.93 75.2
1558203522.95 75.2
1558203532.96 75.8
1558203542.98 75.2
1558203553.0 75.8
1558203563.01 75.2
1558203573.03 75.8
1558203583.04 75.2
1558203593.06 75.2
1558203603.07 75.2
1558203613.09 75.2
1558203623.11 74.7
1558203633.12 75.8
1558203643.14 74.7
1558203653.17 74.7
1558203663.19 75.2
1558203673.21 75.8
1558203683.23 75.2
1558203693.24 75.2
1558203703.25 75.2
1558203713.26 75.2
1558203723.28 74.1
1558203733.29 75.2
1558203743.31 75.2
1558203753.32 74.7
1558203763.34 74.7
1558203773.35 74.1
1558203783.37 75.2
1558203793.39 75.2
1558203803.4 75.2
1558203813.42 75.2
1558203823.43 75.2
1558203833.44 75.2
1558203843.46 75.2
1558203853.47 75.2
1558203863.49 75.2
1558203873.52 75.2
1558203883.53 74.7
1558203893.54 75.8
1558203903.56 75.2
1558203913.57 75.2
1558203923.58 75.2
1558203933.6 74.1
1558203943.61 75.2
1558203953.62 74.1
1558203963.64 74.1
1558203973.66 75.2
1558203983.67 75.2
1558203993.68 74.1
1558204003.7 74.7
1558204013.71 75.2
1558204023.72 75.2
1558204033.74 75.2
1558204043.76 74.1
1558204053.79 74.7
1558204063.8 74.7
1558204073.81 74.7
1558204083.83 74.1
1558204093.85 74.7
1558204103.86 75.2
1558204113.88 74.7
1558204123.9 74.1
1558204133.91 75.2
1558204143.92 74.7
1558204153.94 74.7
1558204163.96 74.7
1558204173.98 74.7
1558204183.99 74.1
1558204194.01 74.7
1558204204.03 74.1
1558204214.05 75.2
1558204224.06 74.7
1558204234.09 74.7
1558204244.1 74.1
1558204254.12 74.1
1558204264.13 74.7
1558204274.15 75.2
1558204284.16 74.7
1558204294.18 74.7
1558204304.19 75.2
1558204314.21 75.2
1558204324.23 75.2
1558204334.24 74.7
1558204344.27 73.6
1558204354.28 74.7
1558204364.3 75.2
1558204374.31 74.7
1558204384.33 75.2
1558204394.35 74.7
1558204404.36 74.7
1558204414.38 75.2
1558204424.39 75.2
1558204434.41 74.1
1558204444.42 74.1
1558204454.43 75.2
1558204464.45 75.2
1558204474.47 75.2
1558204484.48 75.2
1558204494.5 75.2
1558204504.51 75.2
1558204514.52 75.2
1558204524.54 75.2
1558204534.55 75.2
1558204544.57 75.2
1558204554.59 75.2
1558204564.6 75.2
1558204574.62 75.2
1558204584.63 75.2
1558204594.64 75.2
1558204604.66 75.2
1558204614.67 75.2
1558204624.69 75.8
1558204634.71 75.2
1558204644.73 75.8
1558204654.74 75.2
1558204664.76 75.8
1558204674.78 76.3
1558204684.8 75.8
1558204694.82 75.2
1558204704.83 75.8
1558204714.84 76.3
1558204724.85 76.3
1558204734.87 75.8
1558204744.88 75.2
1558204754.89 75.8
1558204764.91 76.3
1558204774.92 76.3
1558204784.94 76.3
1558204794.96 75.2
1558204804.97 75.8
1558204814.99 75.8
1558204825.01 76.3
1558204835.03 75.8
1558204845.05 75.8
1558204855.07 76.3
1558204865.09 76.3
1558204875.1 76.3
1558204885.11 76.3
1558204895.13 75.2
1558204905.15 75.2
1558204915.17 76.3
1558204925.19 75.8
1558204935.21 75.8
1558204945.22 76.3
1558204955.24 75.2
1558204965.27 76.3
1558204975.3 76.3
1558204985.32 75.8
1558204995.33 75.8
1558205005.35 75.2
1558205015.38 76.3
1558205025.39 76.8
1558205035.4 75.8
1558205045.41 75.8
1558205055.42 75.8
1558205065.43 76.8
1558205075.45 76.3
1558205085.47 76.3
1558205095.48 76.3
1558205105.5 76.3
1558205115.51 76.3
1558205125.53 76.3
1558205135.55 76.8
1558205145.56 75.8
1558205155.57 76.8
1558205165.59 77.4
1558205175.6 76.3
1558205185.62 75.8
1558205195.64 76.8
1558205205.65 76.8
1558205215.67 76.3
1558205225.68 76.8
1558205235.7 76.3
1558205245.72 77.4
1558205255.73 77.4
1558205265.74 77.4
1558205275.76 77.4
1558205285.8 77.4
1558205295.82 77.4
1558205305.84 76.8
1558205315.86 77.4
1558205325.87 77.4
1558205335.88 77.4
1558205345.9 76.8
1558205355.92 77.4
1558205365.93 77.4
1558205375.94 77.4
1558205385.96 76.3
1558205395.98 76.8
1558205405.99 77.4
1558205416.0 77.4
1558205426.02 76.8
1558205436.03 76.8
1558205446.05 76.8
1558205456.07 77.4
1558205466.08 77.4
1558205476.1 77.4
1558205486.11 77.4
1558205496.13 77.4
1558205506.15 77.4
1558205516.17 77.4
1558205526.18 77.4
1558205536.2 77.4
1558205546.21 77.4
1558205556.22 77.4
1558205566.24 77.4
1558205576.25 77.9
1558205586.27 77.4
1558205596.28 77.4
1558205606.31 77.4
1558205616.33 77.4
1558205626.34 77.4
1558205636.36 77.4
1558205646.37 77.4
1558205656.39 76.8
1558205666.4 77.4
1558205676.41 76.3
1558205686.43 76.8
1558205696.44 76.3
1558205706.46 75.8
1558205716.47 76.3
1558205726.49 76.3
1558205736.5 76.3
1558205746.52 76.8
1558205756.53 76.3
1558205766.54 76.8
1558205776.56 76.8
1558205786.57 76.3
1558205796.59 77.4
1558205806.61 76.3
1558205816.62 76.8
1558205826.64 76.3
1558205836.66 76.8
1558205846.67 76.3
1558205856.69 75.8
1558205866.71 76.3
1558205876.73 76.8
1558205886.75 75.8
1558205896.76 76.3
1558205906.78 76.8
1558205916.8 76.3
1558205926.81 76.3
1558205936.83 76.8
1558205946.84 76.3
1558205956.86 76.3
1558205966.87 76.3
1558205976.88 77.4
1558205986.9 77.4
1558205996.91 76.3
