1558900003.7 70.4
1558900013.71 69.8
1558900023.73 70.9
1558900033.75 69.8
1558900043.76 70.9
1558900053.78 70.9
1558900063.8 70.9
1558900073.81 69.8
1558900083.83 70.4
1558900093.85 69.3
1558900103.87 70.4
1558900113.89 70.4
1558900123.91 70.4
1558900133.92 70.9
1558900143.94 70.9
1558900153.95 70.9
1558900163.97 70.9
1558900173.99 71.4
1558900184.01 70.4
1558900194.02 70.9
1558900204.04 70.9
1558900214.06 70.9
1558900224.08 70.9
1558900234.1 70.9
1558900244.11 70.9
1558900254.13 70.9
1558900264.15 70.9
1558900274.16 70.9
1558900284.17 70.9
1558900294.19 70.9
1558900304.2 71.4
1558900314.22 72.0
1558900324.24 71.4
1558900334.25 72.0
1558900344.27 71.4
1558900354.28 70.9
1558900364.29 72.0
1558900374.32 71.4
1558900384.34 70.9
1558900394.37 71.4
1558900404.38 71.4
1558900414.4 70.9
1558900424.43 70.9
1558900434.44 71.4
1558900444.46 70.9
1558900454.48 72.0
1558900464.5 70.9
1558900474.52 70.9
1558900484.54 71.4
1558900494.56 71.4
1558900504.57 72.0
1558900514.59 72.0
1558900524.6 72.0
1558900534.62 71.4
1558900544.63 71.4
1558900554.65 72.0
1558900564.66 71.4
1558900574.68 72.0
1558900584.69 72.0
1558900594.71 72.0
1558900604.73 72.0
1558900614.75 71.4
1558900624.76 70.9
1558900634.77 71.4
1558900644.8 71.4
1558900654.82 71.4
1558900664.84 71.4
1558900674.85 72.0
1558900684.86 72.0
1558900694.88 72.0
1558900704.9 70.4
1558900714.92 70.9
1558900724.94 70.9
1558900734.96 70.4
1558900744.97 70.9
1558900755.0 70.9
1558900765.01 71.4
1558900775.03 70.9
1558900785.05 70.9
1558900795.06 70.9
1558900805.07 70.9
1558900815.08 72.0
1558900825.09 72.0
1558900835.12 70.9
1558900845.13 71.4
1558900855.15 70.9
1558900865.16 70.9
1558900875.17 70.9
1558900885.18 71.4
1558900895.2 71.4
1558900905.22 70.9
1558900915.24 70.9
1558900925.26 70.9
1558900935.28 70.9
1558900945.3 70.9
1558900955.31 70.9
1558900965.33 70.9
1558900975.34 71.4
1558900985.35 71.4
1558900995.37 70.9
1558901005.38 70.9
1558901015.4 70.9
1558901025.42 70.9
1558901035.44 70.4
1558901045.45 70.9
1558901055.47 70.4
1558901065.49 70.4
1558901075.51 70.4
1558901085.52 70.4
1558901095.54 69.8
1558901105.55 70.4
1558901115.57 69.3
1558901125.59 69.3
1558901135.61 69.8
1558901145.63 69.8
1558901155.65 68.8
1558901165.67 69.3
1558901175.7 68.8
1558901185.71 69.3
1558901195.73 68.8
1558901205.75 69.3
1558901215.76 68.8
1558901225.78 69.3
1558901235.8 68.8
1558901245.81 68.8
1558901255.83 69.3
1558901265.85 69.3
1558901275.87 68.8
1558901285.89 68.2
1558901295.91 68.8
1558901305.93 68.8
1558901315.96 68.2
1558901325.98 68.8
1558901336.0 67.7
1558901346.02 68.2
1558901356.05 67.7
1558901366.06 68.2
1558901376.08 67.7
1558901386.1 67.7
1558901396.13 67.1
1558901406.14 67.7
1558901416.16 68.2
1558901426.18 67.1
1558901436.2 67.7
1558901446.22 67.7
1558901456.24 67.7
1558901466.26 67.7
1558901476.28 67.1
1558901486.31 66.6
1558901496.32 67.7
1558901506.35 66.6
1558901516.37 66.6
1558901526.38 66.6
1558901536.4 66.6
1558901546.42 66.6
1558901556.44 65.5
1558901566.46 66.6
1558901576.47 65.5
1558901586.5 65.5
1558901596.52 65.5
1558901606.54 65.0
1558901616.56 65.0
1558901626.57 66.1
1558901636.59 65.5
1558901646.61 66.6
1558901656.63 66.1
1558901666.65 65.5
1558901676.66 66.1
1558901686.68 66.6
1558901696.69 66.6
1558901706.71 66.6
1558901716.73 67.1
1558901726.74 65.5
1558901736.76 66.6
1558901746.78 67.1
1558901756.8 65.5
1558901766.82 66.1
1558901776.83 66.1
1558901786.85 66.6
1558901796.87 66.6
1558901806.89 66.1
1558901816.91 66.6
1558901826.93 66.6
1558901836.94 67.7
1558901846.96 67.1
1558901856.98 66.6
1558901867.0 66.6
1558901877.01 66.6
1558901887.02 66.6
1558901897.05 66.1
1558901907.07 66.6
1558901917.08 66.6
1558901927.1 67.1
1558901937.12 66.6
1558901947.13 67.7
1558901957.15 67.7
1558901967.16 67.1
1558901977.18 67.1
1558901987.19 67.7
1558901997.21 67.7
1558902007.22 67.1
1558902017.23 67.1
1558902027.25 67.1
1558902037.27 66.6
1558902047.29 67.7
1558902057.3 66.6
1558902067.31 67.1
1558902077.33 66.6
1558902087.35 66.6
1558902097.36 67.7
1558902107.38 67.7
1558902117.39 67.7
1558902127.41 67.7
1558902137.42 67.7
1558902147.44 68.2
1558902157.46 67.7
1558902167.47 67.7
1558902177.49 67.7
1558902187.51 68.2
1558902197.53 67.7
1558902207.54 67.1
1558902217.56 67.1
1558902227.57 67.7
1558902237.59 67.7
1558902247.6 67.7
1558902257.62 66.6
1558902267.63 67.7
1558902277.65 66.6
1558902287.66 66.6
1558902297.68 66.6
1558902307.7 66.6
1558902317.72 67.1
1558902327.73 67.7
1558902337.75 67.1
1558902347.77 66.6
1558902357.79 67.1
1558902367.81 67.7
1558902377.83 67.7
1558902387.85 67.7
1558902397.87 67.7
1558902407.89 67.1
1558902417.9 67.1
1558902427.91 67.7
1558902437.93 67.7
1558902447.95 67.1
1558902457.96 68.2
1558902467.98 67.7
1558902478.01 67.7
1558902488.04 67.7
1558902498.06 67.7
1558902508.08 67.7
1558902518.1 67.7
1558902528.11 68.2
1558902538.12 67.7
1558902548.14 67.7
1558902558.15 67.7
1558902568.17 67.7
1558902578.18 67.7
1558902588.19 67.7
1558902598.3 67.1
1558902608.32 67.7
1558902618.33 68.2
1558902628.35 66.6
1558902638.37 67.7
1558902648.38 68.8
1558902658.39 68.2
1558902668.41 68.2
1558902678.43 67.7
1558902688.44 68.2
1558902698.46 67.7
1558902708.48 67.7
1558902718.5 67.7
1558902728.52 68.2
1558902738.54 67.7
1558902748.55 68.8
1558902758.57 67.7
1558902768.59 68.2
1558902778.61 67.7
1558902788.64 67.7
1558902798.65 67.1
1558902808.67 67.7
1558902818.68 68.2
1558902828.7 67.1
1558902838.72 66.6
1558902848.74 66.6
1558902858.76 67.7
1558902868.78 67.1
1558902878.79 66.6
1558902888.8 66.6
1558902898.82 66.6
1558902908.83 67.7
1558902918.84 67.7
1558902928.85 67.1
1558902938.88 67.1
1558902948.9 66.6
1558902958.92 66.6
1558902968.94 67.7
1558902978.95 67.7
1558902988.97 67.7
1558902998.99 67.7
1558903009.0 68.2
1558903019.02 67.1
1558903029.04 66.6
1558903039.06 67.7
1558903049.08 67.7
1558903059.09 67.7
1558903069.1 67.7
1558903079.11 67.7
1558903089.13 67.1
1558903099.15 67.1
1558903109.17 67.7
1558903119.19 67.1
1558903129.21 68.8
1558903139.23 67.7
1558903149.25 67.7
1558903159.27 67.7
1558903169.28 67.7
1558903179.3 68.2
1558903189.32 68.2
1558903199.32 68.2
1558903209.34 68.8
1558903219.35 69.3
1558903229.37 68.8
1558903239.38 68.8
1558903249.4 68.2
1558903259.42 69.3
1558903269.43 68.2
1558903279.45 68.8
1558903289.46 68.8
1558903299.48 68.8
1558903309.5 68.8
1558903319.52 68.8
1558903329.53 69.3
1558903339.55 68.8
1558903349.56 69.3
1558903359.58 67.7
1558903369.6 68.8
1558903379.62 69.3
1558903389.63 69.3
1558903399.64 68.8
1558903409.66 69.3
1558903419.67 68.8
1558903429.69 68.8
1558903439.71 68.8
1558903449.73 69.3
1558903459.74 69.3
1558903469.76 69.3
1558903479.77 69.3
1558903489.79 69.3
1558903499.81 68.8
1558903509.83 68.8
1558903519.84 67.7
1558903529.85 69.3
1558903539.86 68.8
1558903549.87 68.8
1558903559.88 67.7
1558903569.89 68.8
1558903579.9 68.8
1558903589.92 67.1
1558903599.93 68.8
1558903609.95 68.8
1558903619.97 68.8
1558903629.98 68.8
1558903640.0 68.8
1558903650.02 68.2
1558903660.04 68.2
1558903670.05 68.8
1558903680.08 68.8
1558903690.1 67.7
1558903700.11 67.7
1558903710.13 68.2
1558903720.15 68.8
1558903730.17 68.8
1558903740.18 68.8
1558903750.2 68.8
1558903760.22 68.8
1558903770.24 68.2
1558903780.26 68.2
1558903790.27 68.8
1558903800.29 68.8
1558903810.3 68.8
1558903820.31 67.7
1558903830.33 68.8
1558903840.34 68.8
1558903850.36 69.3
1558903860.37 68.8
1558903870.39 68.8
1558903880.41 67.7
1558903890.42 68.8
1558903900.43 68.8
1558903910.45 68.8
1558903920.48 68.2
1558903930.49 68.8
1558903940.51 68.8
1558903950.52 67.7
1558903960.54 67.7
1558903970.56 68.2
1558903980.58 67.7
1558903990.59 67.7
1558904000.61 68.2
1558904010.63 68.2
1558904020.65 68.2
1558904030.67 67.7
1558904040.69 67.7
1558904050.71 67.1
1558904060.73 68.2
1558904070.75 66.6
1558904080.77 66.6
1558904090.79 67.1
1558904100.8 67.1
1558904110.82 67.7
1558904120.84 67.7
1558904130.85 67.7
1558904140.87 67.7
1558904150.89 67.7
1558904160.9 68.8
1558904170.92 68.8
1558904180.94 68.2
1558904190.96 68.8
1558904200.98 67.7
1558904210.99 67.7
1558904221.01 68.2
1558904231.02 68.8
1558904241.04 69.3
1558904251.06 68.2
1558904261.08 68.8
1558904271.09 67.7
1558904281.11 68.8
1558904291.13 67.7
1558904301.15 68.2
1558904311.17 67.7
1558904321.18 68.2
1558904331.2 68.2
1558904341.22 67.7
1558904351.24 67.7
1558904361.25 68.2
1558904371.27 68.8
1558904381.29 67.7
1558904391.3 67.7
1558904401.32 68.8
1558904411.33 68.2
1558904421.35 67.7
1558904431.36 67.7
1558904441.38 67.7
1558904451.39 68.2
1558904461.4 67.7
1558904471.42 68.2
1558904481.43 67.7
1558904491.44 67.7
1558904501.45 67.7
1558904511.47 68.2
1558904521.48 67.7
1558904531.5 67.7
1558904541.52 67.7
1558904551.54 67.7
1558904561.57 67.7
1558904571.58 68.2
1558904581.59 67.7
1558904591.6 67.7
1558904601.62 66.6
1558904611.64 67.7
1558904621.66 67.7
1558904631.67 67.7
1558904641.7 66.6
1558904651.72 66.6
1558904661.74 67.7
1558904671.76 67.1
1558904681.77 67.7
1558904691.8 67.1
1558904701.82 66.6
1558904711.84 66.6
1558904721.86 66.1
1558904731.88 67.1
1558904741.9 67.1
1558904751.92 67.1
1558904761.94 67.7
1558904771.95 67.7
1558904781.97 67.1
1558904791.99 66.6
1558904802.01 66.6
1558904812.03 67.7
1558904822.05 67.7
1558904832.06 67.1
1558904842.08 67.7
1558904852.1 67.7
1558904862.12 68.2
1558904872.13 67.7
1558904882.15 67.7
1558904892.17 67.7
1558904902.18 67.7
1558904912.2 68.2
1558904922.22 67.7
1558904932.24 67.1
1558904942.25 67.7
1558904952.27 67.7
1558904962.29 67.1
1558904972.31 67.7
1558904982.33 67.1
1558904992.35 67.7
1558905002.37 67.7
1558905012.39 68.2
1558905022.4 67.1
1558905032.42 67.7
1558905042.44 67.1
1558905052.46 67.1
1558905062.48 67.7
1558905072.49 67.1
1558905082.54 67.1
1558905092.56 66.6
1558905102.58 67.1
1558905112.6 67.1
1558905122.62 66.6
1558905132.64 67.7
1558905142.65 67.1
1558905152.67 67.1
1558905162.68 67.1
1558905172.7 66.6
1558905182.73 67.1
1558905192.75 67.1
1558905202.77 67.7
1558905212.78 67.7
1558905222.8 67.1
1558905232.81 67.1
1558905242.84 67.1
1558905252.85 67.1
1558905262.87 67.1
1558905272.89 67.1
1558905282.91 66.6
1558905292.93 66.6
1558905302.95 67.7
1558905312.97 66.6
1558905322.99 66.6
1558905333.0 66.6
1558905343.02 67.1
1558905353.03 66.6
1558905363.05 66.6
1558905373.07 67.1
1558905383.09 66.6
1558905393.11 67.1
1558905403.13 66.6
1558905413.15 65.5
1558905423.16 67.1
1558905433.18 66.6
1558905443.2 67.1
1558905453.22 66.6
1558905463.24 66.1
1558905473.25 66.6
1558905483.27 66.6
1558905493.29 66.6
1558905503.31 66.6
1558905513.33 66.6
1558905523.35 66.6
1558905533.36 66.6
1558905543.38 66.6
1558905553.39 66.6
1558905563.41 65.5
1558905573.44 66.6
1558905583.45 66.6
1558905593.47 67.1
1558905603.49 66.6
1558905613.51 65.5
1558905623.52 66.6
1558905633.54 66.1
1558905643.56 66.1
1558905653.58 65.5
1558905663.6 65.5
1558905673.61 66.6
1558905683.63 65.5
1558905693.65 66.6
1558905703.67 66.1
1558905713.68 66.6
1558905723.7 66.6
1558905733.71 65.5
1558905743.73 66.1
1558905753.75 65.5
1558905763.77 66.6
1558905773.78 66.6
1558905783.8 66.6
1558905793.82 66.6
1558905803.83 67.1
1558905813.85 66.6
1558905823.86 67.1
1558905833.88 66.6
1558905843.9 66.6
1558905853.92 66.6
1558905863.94 66.6
1558905873.96 67.1
1558905883.98 67.1
1558905893.99 67.1
1558905904.01 66.6
1558905914.02 67.1
1558905924.04 67.1
1558905934.06 67.1
1558905944.07 67.7
1558905954.09 67.1
1558905964.11 66.6
1558905974.13 66.6
1558905984.15 67.7
1558905994.17 67.1
1558906004.18 67.7
1558906014.2 67.7
1558906024.22 67.1
1558906034.23 67.1
1558906044.26 67.1
1558906054.28 67.1
1558906064.3 67.1
1558906074.32 66.6
1558906084.33 67.1
1558906094.35 67.7
1558906104.36 67.1
1558906114.37 67.7
1558906124.39 67.7
1558906134.4 67.7
1558906144.42 67.7
1558906154.44 67.1
1558906164.45 67.7
1558906174.47 67.7
1558906184.49 67.7
1558906194.5 67.1
1558906204.52 67.1
1558906214.53 67.7
1558906224.54 67.7
1558906234.56 66.6
1558906244.58 67.7
1558906254.6 67.7
1558906264.62 66.6
1558906274.63 67.1
1558906284.65 67.1
1558906294.67 66.6
1558906304.68 67.1
1558906314.7 66.6
1558906324.72 67.1
1558906334.73 66.6
1558906344.75 67.1
1558906354.76 67.1
1558906364.77 66.6
1558906374.78 66.6
1558906384.8 65.5
1558906394.82 66.6
1558906404.84 66.6
1558906414.86 66.6
1558906424.88 65.5
1558906434.91 66.1
1558906444.93 65.5
1558906454.95 65.0
1558906464.97 65.5
1558906474.99 66.6
1558906485.0 66.6
1558906495.03 66.6
1558906505.04 66.6
1558906515.05 66.6
1558906525.07 67.1
1558906535.09 66.1
1558906545.11 66.6
1558906555.13 66.6
1558906565.15 66.6
1558906575.17 65.5
1558906585.18 66.1
1558906595.21 66.1
1558906605.22 66.1
1558906615.24 66.1
1558906625.26 65.5
1558906635.28 65.5
1558906645.3 65.5
1558906655.32 65.5
1558906665.35 66.1
1558906675.37 65.5
1558906685.38 66.6
1558906695.42 65.5
1558906705.43 65.5
1558906715.44 66.1
1558906725.46 66.6
1558906735.47 66.6
1558906745.49 65.5
1558906755.5 66.1
1558906765.53 65.5
1558906775.54 65.5
1558906785.56 65.0
1558906795.58 65.5
1558906805.6 65.5
1558906815.62 65.0
1558906825.64 65.5
1558906835.65 65.5
1558906845.67 65.5
1558906855.69 65.5
1558906865.7 66.1
1558906875.72 65.5
1558906885.74 65.5
1558906895.76 66.1
1558906905.78 65.5
1558906915.79 65.5
1558906925.81 66.1
1558906935.82 65.5
1558906945.84 65.5
1558906955.86 65.5
1558906965.88 65.0
1558906975.9 66.6
1558906985.91 65.5
1558906995.93 65.5
1558907005.95 66.1
1558907015.96 65.5
1558907025.98 66.1
1558907036.0 64.5
1558907046.02 64.5
1558907056.03 65.0
1558907066.05 65.0
1558907076.07 64.5
1558907086.09 64.5
1558907096.1 65.0
1558907106.11 65.0
1558907116.13 65.0
1558907126.15 63.4
1558907136.17 65.5
1558907146.19 64.5
1558907156.21 65.0
1558907166.23 64.5
1558907176.25 64.5
1558907186.27 65.0
1558907196.28 65.0
1558907206.31 65.0
1558907216.32 65.0
1558907226.34 65.0
1558907236.36 65.0
1558907246.38 65.5
1558907256.4 65.0
1558907266.41 65.5
1558907276.43 65.5
1558907286.45 65.5
1558907296.47 66.1
1558907306.48 65.5
1558907316.5 65.5
1558907326.52 65.5
1558907336.54 65.5
1558907346.55 66.1
1558907356.57 66.6
1558907366.6 66.6
1558907376.61 66.6
1558907386.63 66.6
1558907396.65 66.6
1558907406.67 67.1
1558907416.68 67.1
1558907426.7 66.6
1558907436.73 66.6
1558907446.74 67.7
1558907456.76 66.6
1558907466.78 67.7
1558907476.8 67.1
1558907486.81 68.2
1558907496.83 67.7
1558907506.84 67.7
1558907516.86 67.7
1558907526.88 67.7
1558907536.89 67.7
1558907546.91 67.1
1558907556.93 67.7
1558907566.95 66.6
1558907576.97 67.1
1558907586.99 66.6
1558907597.01 67.1
1558907607.03 67.1
1558907617.05 66.6
1558907627.07 67.1
1558907637.09 66.6
1558907647.11 67.1
1558907657.12 66.6
1558907667.14 66.1
1558907677.17 67.1
1558907687.18 66.6
1558907697.2 66.6
1558907707.21 66.6
1558907717.23 66.6
1558907727.24 66.6
1558907737.27 66.6
1558907747.29 66.1
1558907757.32 66.6
1558907767.34 66.1
1558907777.36 65.5
1558907787.38 65.5
1558907797.39 65.5
1558907807.42 65.5
1558907817.43 65.5
1558907827.45 65.5
1558907837.47 65.5
1558907847.49 65.5
1558907857.51 65.0
1558907867.59 65.0
1558907877.61 65.5
1558907887.62 65.0
1558907897.64 65.5
1558907907.66 65.5
1558907917.67 64.5
1558907927.69 65.0
1558907937.7 65.5
1558907947.71 66.1
1558907957.73 65.5
1558907967.75 65.5
1558907977.76 65.5
1558907987.78 65.5
1558907997.79 65.5
