1558800009.8 70.9
1558800019.82 69.8
1558800029.84 69.8
1558800039.86 68.8
1558800049.87 69.8
1558800059.89 70.4
1558800069.9 69.8
1558800079.92 69.8
1558800089.94 69.8
1558800099.96 69.3
1558800109.98 69.3
1558800119.99 69.3
1558800130.0 69.8
1558800140.02 69.8
1558800150.03 69.8
1558800160.05 69.8
1558800170.07 68.8
1558800180.08 69.8
1558800190.1 69.3
1558800200.12 69.3
1558800210.14 68.8
1558800220.15 69.8
1558800230.17 69.3
1558800240.19 67.7
1558800250.2 69.8
1558800260.22 69.3
1558800270.23 69.8
1558800280.25 69.3
1558800290.27 69.3
1558800300.29 69.3
1558800310.31 69.3
1558800320.33 69.3
1558800330.35 70.4
1558800340.36 68.8
1558800350.38 69.8
1558800360.39 69.8
1558800370.41 69.8
1558800380.43 70.4
1558800390.45 69.8
1558800400.47 69.3
1558800410.49 69.8
1558800420.5 70.4
1558800430.52 69.3
1558800440.54 69.3
1558800450.56 69.3
1558800460.57 69.8
1558800470.6 69.3
1558800480.62 69.3
1558800490.63 69.3
1558800500.65 69.3
1558800510.67 69.3
1558800520.69 68.8
1558800530.71 69.8
1558800540.73 69.8
1558800550.75 69.8
1558800560.76 69.3
1558800570.78 69.3
1558800580.8 69.3
1558800590.82 69.3
1558800600.84 69.3
1558800610.85 69.8
1558800620.86 69.8
1558800630.87 69.8
1558800640.88 70.4
1558800650.9 69.3
1558800660.92 69.8
1558800670.94 69.8
1558800680.95 68.8
1558800690.96 69.3
1558800700.99 68.8
1558800711.01 69.3
1558800721.02 69.8
1558800731.04 69.3
1558800741.06 69.3
1558800751.08 69.3
1558800761.1 69.8
1558800771.11 70.4
1558800781.13 69.8
1558800791.15 69.8
1558800801.18 69.3
1558800811.19 69.3
1558800821.21 70.9
1558800831.22 69.8
1558800841.24 69.8
1558800851.26 69.8
1558800861.28 69.8
1558800871.29 69.8
1558800881.31 69.8
1558800891.33 69.8
1558800901.35 69.8
1558800911.36 69.8
1558800921.38 70.4
1558800931.4 69.8
1558800941.41 70.9
1558800951.43 70.9
1558800961.44 69.8
1558800971.47 69.8
1558800981.49 69.8
1558800991.5 69.8
1558801001.52 70.4
1558801011.54 69.3
1558801021.56 70.4
1558801031.58 70.4
1558801041.6 69.8
1558801051.61 69.8
1558801061.63 70.4
1558801071.64 69.8
1558801081.66 69.8
1558801091.68 70.4
1558801101.69 70.4
1558801111.7 70.9
1558801121.72 69.8
1558801131.74 69.8
1558801141.76 70.4
1558801151.77 70.9
1558801161.79 70.9
1558801171.81 69.8
1558801181.83 70.4
1558801191.85 69.8
1558801201.86 69.8
1558801211.88 69.8
1558801221.89 70.9
1558801231.91 70.4
1558801241.93 69.8
1558801251.94 70.9
1558801261.96 69.8
1558801271.98 69.8
1558801282.0 69.8
1558801292.01 69.8
1558801302.03 69.8
1558801312.05 69.8
1558801322.07 69.8
1558801332.09 69.8
1558801342.11 70.4
1558801352.13 69.8
1558801362.15 69.8
1558801372.17 69.8
1558801382.18 70.9
1558801392.2 70.4
1558801402.22 69.8
1558801412.23 70.9
1558801422.25 70.4
1558801432.27 70.4
1558801442.29 69.8
1558801452.31 69.8
1558801462.33 69.8
1558801472.34 70.4
1558801482.36 69.8
1558801492.38 70.4
1558801502.4 70.4
1558801512.42 70.9
1558801522.43 70.9
1558801532.45 70.4
1558801542.46 70.9
1558801552.47 70.4
1558801562.49 70.9
1558801572.5 70.9
1558801582.52 70.9
1558801592.54 70.4
1558801602.55 70.9
1558801612.57 69.8
1558801622.59 70.9
1558801632.61 70.9
1558801642.63 70.4
1558801652.65 70.9
1558801662.66 70.9
1558801672.68 70.4
1558801682.7 70.9
1558801692.71 70.9
1558801702.72 70.4
1558801712.74 70.9
1558801722.75 70.9
1558801732.77 70.4
1558801742.79 70.4
1558801752.8 69.8
1558801762.82 70.9
1558801772.84 69.8
1558801782.86 70.4
1558801792.87 69.8
1558801802.89 70.4
1558801812.9 70.4
1558801822.91 70.9
1558801832.93 69.8
1558801842.95 69.8
1558801852.97 69.8
1558801862.98 70.9
1558801873.0 69.8
1558801883.01 69.3
1558801893.03 70.4
1558801903.04 69.8
1558801913.07 69.8
1558801923.08 70.9
1558801933.1 70.4
1558801943.11 70.4
1558801953.13 69.8
1558801963.14 70.4
1558801973.15 70.9
1558801983.17 70.4
1558801993.18 70.9
1558802003.2 70.4
1558802013.22 70.4
1558802023.25 70.4
1558802033.26 70.4
1558802043.28 70.9
1558802053.3 69.8
1558802063.31 70.9
1558802073.33 70.9
1558802083.35 70.4
1558802093.36 70.9
1558802103.38 70.9
1558802113.41 69.8
1558802123.42 70.9
1558802133.44 70.9
1558802143.46 70.9
1558802153.48 70.9
1558802163.49 70.9
1558802173.52 70.9
1558802183.53 70.9
1558802193.55 69.8
1558802203.57 70.9
1558802213.58 70.9
1558802223.61 69.8
1558802233.63 70.9
1558802243.65 71.4
1558802253.66 70.9
1558802263.68 70.9
1558802273.69 70.4
1558802283.71 70.9
1558802293.74 69.8
1558802303.75 70.9
1558802313.77 70.4
1558802323.79 70.9
1558802333.8 71.4
1558802343.82 70.9
1558802353.84 70.4
1558802363.85 70.9
1558802373.87 70.9
1558802383.89 71.4
1558802393.91 70.9
1558802403.93 70.9
1558802413.94 70.9
1558802423.96 71.4
1558802433.98 71.4
1558802444.0 70.9
1558802454.01 71.4
1558802464.03 70.9
1558802474.04 70.9
1558802484.06 70.9
1558802494.08 70.9
1558802504.1 70.9
1558802514.11 71.4
1558802524.13 70.9
1558802534.16 71.4
1558802544.17 71.4
1558802554.19 71.4
1558802564.21 70.9
1558802574.22 70.9
1558802584.24 70.9
1558802594.26 70.9
1558802604.27 70.9
1558802614.29 71.4
1558802624.31 72.0
1558802634.32 71.4
1558802644.34 70.9
1558802654.35 71.4
1558802664.37 71.4
1558802674.39 70.9
1558802684.41 70.9
1558802694.42 71.4
1558802704.43 70.9
1558802714.45 70.9
1558802724.47 70.9
1558802734.48 70.9
1558802744.5 71.4
1558802754.52 71.4
1558802764.54 70.9
1558802774.55 72.0
1558802784.57 70.9
1558802794.58 71.4
1558802804.61 71.4
1558802814.62 71.4
1558802824.64 71.4
1558802834.65 71.4
1558802844.67 71.4
1558802854.69 72.0
1558802864.71 71.4
1558802874.73 71.4
1558802884.74 72.0
1558802894.76 72.0
1558802904.78 72.0
1558802914.79 72.0
1558802924.81 72.0
1558802934.82 72.0
1558802944.84 72.5
1558802954.86 72.0
1558802964.87 73.1
1558802974.89 72.5
1558802984.9 73.1
1558802994.92 72.0
1558803004.93 73.1
1558803014.94 73.1
1558803024.96 73.1
1558803034.97 73.1
1558803044.98 73.1
1558803055.0 73.1
1558803065.02 72.5
1558803075.03 73.1
1558803085.05 72.5
1558803095.06 72.5
1558803105.08 73.1
1558803115.1 73.1
1558803125.11 73.1
1558803135.13 72.5
1558803145.15 73.1
1558803155.17 72.0
1558803165.19 73.1
1558803175.21 72.0
1558803185.22 72.5
1558803195.24 72.5
1558803205.26 73.1
1558803215.28 73.1
1558803225.3 72.5
1558803235.32 73.1
1558803245.34 73.1
1558803255.36 72.5
1558803265.37 73.6
1558803275.39 73.1
1558803285.41 73.1
1558803295.43 73.1
1558803305.45 72.5
1558803315.47 73.1
1558803325.49 73.6
1558803335.5 73.1
1558803345.52 73.1
1558803355.54 73.1
1558803365.56 73.1
1558803375.57 73.1
1558803385.59 73.1
1558803395.6 72.5
1558803405.62 72.5
1558803415.63 73.1
1558803425.65 73.1
1558803435.67 73.1
1558803445.68 73.1
1558803455.7 73.1
1558803465.72 72.5
1558803475.74 73.1
1558803485.76 72.5
1558803495.77 73.6
1558803505.78 73.1
1558803515.8 73.1
1558803525.81 73.1
1558803535.83 73.1
1558803545.85 73.1
1558803555.87 73.6
1558803565.89 73.6
1558803575.9 73.1
1558803585.92 73.1
1558803595.93 73.1
