1558100008.9 48.3
1558100018.92 47.8
1558100028.94 47.2
1558100038.96 47.2
1558100048.97 48.3
1558100058.99 47.2
1558100069.01 47.8
1558100079.03 47.8
1558100089.05 48.3
1558100099.06 48.3
1558100109.08 47.2
1558100119.1 47.2
1558100129.12 47.8
1558100139.14 47.8
1558100149.16 47.8
1558100159.18 48.3
1558100169.2 48.3
1558100179.22 47.8
1558100189.23 47.2
1558100199.25 48.3
1558100209.27 48.3
1558100219.29 47.8
1558100229.3 47.2
1558100239.32 48.3
1558100249.35 47.8
1558100259.37 48.3
1558100269.39 48.3
1558100279.41 47.8
1558100289.42 48.9
1558100299.44 48.3
1558100309.46 48.9
1558100319.47 49.4
1558100329.48 48.9
1558100339.5 48.3
1558100349.52 49.4
1558100359.54 47.8
1558100369.56 48.9
1558100379.58 48.3
1558100389.6 49.4
1558100399.62 48.3
1558100409.63 48.9
1558100419.65 49.4
1558100429.67 48.3
1558100439.68 48.3
1558100449.7 49.4
1558100459.71 49.4
1558100469.73 49.4
1558100479.74 49.4
1558100489.76 49.4
1558100499.78 49.4
1558100509.79 49.4
1558100519.81 49.4
1558100529.82 49.4
1558100539.85 48.9
1558100549.85 48.9
1558100559.87 48.9
1558100569.89 49.4
1558100579.91 49.4
1558100589.93 49.4
1558100599.94 49.4
1558100609.96 49.4
1558100619.97 49.4
1558100630.0 49.4
1558100640.01 49.4
1558100650.03 48.9
1558100660.05 49.4
1558100670.07 49.4
1558100680.09 49.4
1558100690.2 49.4
1558100700.22 49.4
1558100710.23 49.9
1558100720.26 48.9
1558100730.27 49.4
1558100740.29 49.4
1558100750.31 49.4
1558100760.33 49.4
1558100770.36 49.4
1558100780.37 49.4
1558100790.38 49.4
1558100800.4 49.4
1558100810.42 49.4
1558100820.44 49.4
1558100830.46 48.9
1558100840.48 48.3
1558100850.49 48.9
1558100860.51 48.3
1558100870.53 48.9
1558100880.55 49.4
1558100890.56 49.4
1558100900.57 49.4
1558100910.59 49.4
1558100920.6 49.4
1558100930.62 49.4
1558100940.65 48.3
1558100950.66 49.4
1558100960.68 49.4
1558100970.69 49.4
1558100980.71 49.4
1558100990.73 49.4
1558101000.74 49.9
1558101010.76 48.9
1558101020.78 49.4
1558101030.8 49.4
1558101040.81 49.4
1558101050.83 48.3
1558101060.85 49.4
1558101070.86 48.9
1558101080.88 49.4
1558101090.89 49.4
1558101100.92 49.9
1558101110.94 49.4
1558101120.96 49.9
1558101130.97 49.9
1558101140.98 49.4
1558101151.0 49.9
1558101161.01 49.9
1558101171.03 49.4
1558101181.04 49.4
1558101191.06 49.4
1558101201.08 49.9
1558101211.1 49.4
1558101221.12 49.4
1558101231.13 49.9
1558101241.15 50.5
1558101251.16 50.5
1558101261.17 49.9
1558101271.19 49.9
1558101281.21 50.5
1558101291.23 50.5
1558101301.25 50.5
1558101311.26 50.5
1558101321.27 50.5
1558101331.3 50.5
1558101341.32 50.5
1558101351.34 50.5
1558101361.36 50.5
1558101371.38 49.4
1558101381.39 49.9
1558101391.41 49.9
1558101401.43 49.9
1558101411.44 49.9
1558101421.46 50.5
1558101431.47 49.9
1558101441.48 50.5
1558101451.5 49.4
1558101461.52 49.9
1558101471.54 49.9
1558101481.56 49.4
1558101491.58 49.9
1558101501.6 49.4
1558101511.62 49.9
1558101521.65 49.4
1558101531.66 49.9
1558101541.68 50.5
1558101551.7 49.4
1558101561.72 49.4
1558101571.72 49.4
1558101581.74 49.4
1558101591.76 49.4
1558101601.78 49.4
