1558500008.11 45.1
1558500018.13 44.0
1558500028.16 44.0
1558500038.18 44.5
1558500048.19 45.1
1558500058.22 44.0
1558500068.23 45.1
1558500078.25 44.0
1558500088.27 44.0
1558500098.29 44.0
1558500108.31 44.5
1558500118.33 44.0
1558500128.35 43.5
1558500138.36 44.0
1558500148.39 44.0
1558500158.4 44.0
1558500168.42 43.5
1558500178.44 43.5
1558500188.47 44.0
1558500198.48 44.0
1558500208.5 44.5
1558500218.52 44.5
1558500228.54 43.5
1558500238.56 44.0
1558500248.58 45.1
1558500258.6 44.5
1558500268.62 44.0
1558500278.64 44.0
1558500288.66 45.1
1558500298.68 45.1
1558500308.7 45.1
1558500318.73 44.0
1558500328.75 45.1
1558500338.76 45.1
1558500348.79 44.0
1558500358.81 44.0
1558500368.83 44.5
1558500378.84 45.1
1558500388.87 44.5
1558500398.89 44.5
1558500408.91 44.0
1558500418.93 44.5
1558500428.95 44.0
1558500438.97 44.0
1558500448.99 45.1
1558500459.01 44.5
1558500469.03 44.0
1558500479.05 44.5
1558500489.07 44.5
1558500499.09 45.1
1558500509.11 45.1
1558500519.13 44.0
1558500529.15 45.1
1558500539.17 45.1
1558500549.19 44.5
1558500559.21 44.5
1558500569.23 44.0
1558500579.25 44.0
1558500589.27 43.5
1558500599.29 44.0
1558500609.31 45.1
1558500619.32 45.1
1558500629.34 45.1
1558500639.36 45.1
1558500649.38 44.0
1558500659.4 44.5
1558500669.42 44.5
1558500679.44 44.5
1558500689.46 44.0
1558500699.48 44.0
1558500709.5 44.0
1558500719.53 44.0
1558500729.55 45.1
1558500739.57 43.5
1558500749.59 44.5
1558500759.62 44.0
1558500769.63 44.5
1558500779.65 44.5
1558500789.68 44.5
1558500799.7 44.5
1558500809.72 44.0
1558500819.73 45.1
1558500829.76 44.0
1558500839.78 44.5
1558500849.8 44.5
1558500859.81 45.1
1558500869.83 45.1
1558500879.86 44.0
1558500889.88 44.5
1558500899.9 44.0
1558500909.92 44.5
1558500919.94 44.5
1558500929.96 44.5
1558500939.98 44.0
1558500950.0 44.0
1558500960.02 45.1
1558500970.03 44.5
1558500980.06 44.0
1558500990.07 44.0
1558501000.09 43.5
1558501010.11 44.0
1558501020.13 44.5
1558501030.14 44.5
1558501040.15 45.1
1558501050.17 44.0
1558501060.19 44.0
1558501070.21 44.0
1558501080.23 43.5
1558501090.26 44.0
1558501100.28 43.5
1558501110.3 43.5
1558501120.32 44.0
1558501130.34 44.0
1558501140.36 44.5
1558501150.37 44.0
1558501160.39 44.0
1558501170.41 44.0
1558501180.43 44.0
1558501190.45 44.0
1558501200.47 44.0
1558501210.49 45.1
1558501220.51 44.0
1558501230.53 44.0
1558501240.55 45.1
1558501250.59 44.0
1558501260.61 44.5
1558501270.63 44.5
1558501280.65 44.0
1558501290.67 44.0
1558501300.69 44.0
1558501310.71 44.0
1558501320.73 44.0
1558501330.74 44.5
1558501340.76 44.0
1558501350.79 44.0
1558501360.81 44.0
1558501370.83 42.9
1558501380.85 44.0
1558501390.87 43.5
1558501400.89 43.5
1558501410.91 44.0
1558501420.93 43.5
1558501430.95 43.5
1558501440.97 44.0
1558501450.99 44.0
1558501461.01 43.5
1558501471.03 42.9
1558501481.06 43.5
1558501491.07 43.5
1558501501.09 44.0
1558501511.11 43.5
1558501521.14 43.5
1558501531.16 42.9
1558501541.18 43.5
1558501551.2 42.9
1558501561.21 44.0
1558501571.23 43.5
1558501581.25 42.9
1558501591.27 43.5
1558501601.29 43.5
1558501611.31 43.5
1558501621.33 43.5
1558501631.35 43.5
1558501641.37 42.9
1558501651.39 44.0
1558501661.41 43.5
1558501671.43 44.0
1558501681.45 44.0
1558501691.47 44.0
1558501701.49 44.0
1558501711.5 44.5
1558501721.53 44.0
1558501731.55 43.5
1558501741.55 43.5
1558501751.58 43.5
1558501761.59 43.5
1558501771.61 44.0
1558501781.63 44.0
1558501791.65 43.5
1558501801.67 44.0
1558501811.69 43.5
1558501821.71 44.0
1558501831.73 44.0
1558501841.75 44.0
1558501851.77 44.0
1558501861.79 44.0
1558501871.8 44.5
1558501881.82 44.5
1558501891.84 44.0
1558501901.86 44.5
1558501911.87 44.0
1558501921.89 44.0
1558501931.91 44.5
1558501941.93 44.0
1558501951.95 43.5
1558501961.97 44.0
1558501971.99 43.5
1558501982.0 44.5
1558501992.02 44.5
1558502002.04 44.5
1558502012.07 44.5
1558502022.09 44.0
1558502032.11 44.0
1558502042.13 44.0
1558502052.15 44.0
1558502062.17 44.0
1558502072.19 44.0
1558502082.21 43.5
1558502092.23 44.0
1558502102.25 44.0
1558502112.27 44.5
1558502122.28 44.5
1558502132.31 44.0
1558502142.33 44.0
1558502152.35 44.0
1558502162.37 43.5
1558502172.39 44.0
1558502182.41 43.5
1558502192.43 43.5
1558502202.45 43.5
1558502212.46 44.0
1558502222.48 45.1
1558502232.5 43.5
1558502242.52 43.5
1558502252.54 43.5
1558502262.56 43.5
1558502272.58 43.5
1558502282.6 44.0
1558502292.63 44.0
1558502302.64 44.0
1558502312.66 42.9
1558502322.68 44.0
1558502332.71 44.0
1558502342.73 43.5
1558502352.75 43.5
1558502362.76 44.5
1558502372.78 43.5
1558502382.8 43.5
1558502392.82 44.0
1558502402.84 42.9
1558502412.86 43.5
1558502422.88 42.9
1558502432.9 43.5
1558502442.92 43.5
1558502452.95 44.0
1558502462.96 43.5
1558502472.98 43.5
1558502483.0 43.5
1558502493.02 44.0
1558502503.04 42.9
1558502513.05 44.0
1558502523.07 44.0
1558502533.1 43.5
1558502543.12 42.9
1558502553.14 43.5
1558502563.16 42.9
1558502573.18 43.5
1558502583.2 44.0
1558502593.21 44.0
1558502603.23 43.5
1558502613.26 42.9
1558502623.28 42.9
1558502633.3 42.9
1558502643.32 42.9
1558502653.34 42.9
1558502663.36 43.5
1558502673.39 42.9
1558502683.41 42.9
1558502693.43 42.9
1558502703.44 42.9
1558502713.47 43.5
1558502723.49 42.9
1558502733.5 43.5
1558502743.52 42.9
1558502753.55 42.9
1558502763.56 44.0
1558502773.58 43.5
1558502783.61 43.5
1558502793.63 43.5
1558502803.64 42.9
1558502813.66 42.9
1558502823.68 42.9
1558502833.7 42.9
1558502843.72 43.5
1558502853.75 42.9
1558502863.77 42.9
1558502873.79 42.9
1558502883.81 42.4
1558502893.83 42.9
1558502903.85 42.9
1558502913.87 42.9
1558502923.89 42.9
1558502933.92 42.4
1558502943.94 42.9
1558502953.96 42.9
1558502963.98 43.5
1558502974.0 42.9
1558502984.02 43.5
1558502994.04 42.9
1558503004.06 42.9
1558503014.07 43.5
1558503024.1 42.9
1558503034.11 43.5
1558503044.13 43.5
1558503054.15 42.9
1558503064.17 43.5
1558503074.18 44.0
1558503084.2 43.5
1558503094.22 44.0
1558503104.24 42.9
1558503114.26 44.0
1558503124.28 42.9
1558503134.3 42.9
1558503144.32 43.5
1558503154.34 42.9
1558503164.36 42.9
1558503174.38 42.9
1558503184.4 44.0
1558503194.42 43.5
1558503204.44 42.9
1558503214.45 43.5
1558503224.47 42.9
1558503234.5 43.5
1558503244.52 42.9
1558503254.54 43.5
1558503264.56 43.5
1558503274.58 42.9
1558503284.6 42.9
1558503294.62 42.9
1558503304.64 42.9
1558503314.66 42.9
1558503324.69 42.9
1558503334.71 42.9
1558503344.73 43.5
1558503354.75 42.9
1558503364.76 43.5
1558503374.79 42.9
1558503384.8 44.0
1558503394.82 42.4
1558503404.85 42.9
1558503414.86 42.9
1558503424.88 42.9
1558503434.9 42.9
1558503444.92 42.9
1558503454.94 42.9
1558503464.96 42.9
1558503474.98 43.5
1558503485.01 43.5
1558503495.03 43.5
1558503505.05 43.5
1558503515.07 43.5
1558503525.09 42.9
1558503535.11 42.9
1558503545.13 42.9
1558503555.15 42.9
1558503565.18 42.9
1558503575.2 43.5
1558503585.21 42.9
1558503595.23 42.9
1558503605.25 42.9
1558503615.27 43.5
1558503625.29 42.9
1558503635.31 43.5
1558503645.33 42.9
1558503655.35 42.9
1558503665.37 42.9
1558503675.39 44.0
1558503685.41 44.0
1558503695.43 43.5
1558503705.45 42.4
1558503715.47 42.9
1558503725.49 42.9
1558503735.51 43.5
1558503745.53 42.9
1558503755.55 42.9
1558503765.57 43.5
1558503775.58 42.9
1558503785.6 42.9
1558503795.62 44.0
1558503805.63 42.9
1558503815.65 42.9
1558503825.68 42.4
1558503835.7 42.9
1558503845.72 42.9
1558503855.74 43.5
1558503865.76 42.9
1558503875.78 43.5
1558503885.8 43.5
1558503895.8 42.9
1558503905.82 42.9
1558503915.85 43.5
1558503925.86 43.5
1558503935.88 42.9
1558503945.9 43.5
1558503955.92 42.9
1558503965.94 42.9
1558503975.97 42.9
1558503985.99 42.9
1558503996.01 43.5
1558504006.03 42.9
1558504016.05 43.5
1558504026.07 42.9
1558504036.09 42.9
1558504046.11 42.9
1558504056.13 42.4
1558504066.15 42.4
1558504076.17 42.9
1558504086.19 42.9
1558504096.21 42.9
1558504106.23 42.9
1558504116.25 42.4
1558504126.27 42.4
1558504136.3 42.9
1558504146.32 42.9
1558504156.33 43.5
1558504166.36 42.9
1558504176.38 41.9
1558504186.4 42.9
1558504196.42 42.9
1558504206.44 42.9
1558504216.46 42.9
1558504226.48 42.9
1558504236.5 42.9
1558504246.52 42.4
1558504256.54 42.9
1558504266.56 43.5
1558504276.58 42.4
1558504286.6 42.4
1558504296.61 43.5
1558504306.63 42.9
1558504316.65 43.5
1558504326.67 42.9
1558504336.68 42.9
1558504346.7 43.5
1558504356.71 43.5
1558504366.73 42.9
1558504376.75 42.9
1558504386.78 42.9
1558504396.8 42.4
1558504406.81 42.9
1558504416.83 42.9
1558504426.85 42.9
1558504436.87 42.9
1558504446.89 42.9
1558504456.91 42.9
1558504466.93 42.9
1558504476.95 42.9
1558504486.97 42.9
1558504496.99 41.9
1558504507.0 42.9
1558504517.03 42.9
1558504527.05 43.5
1558504537.06 42.9
1558504547.08 44.0
1558504557.1 42.9
1558504567.12 42.9
1558504577.14 42.9
1558504587.16 42.9
1558504597.19 42.4
1558504607.21 42.9
1558504617.23 42.9
1558504627.25 42.9
1558504637.28 42.9
1558504647.3 41.9
1558504657.33 42.9
1558504667.35 41.9
1558504677.37 42.4
1558504687.38 42.4
1558504697.41 42.4
1558504707.43 42.4
1558504717.45 42.4
1558504727.47 42.4
1558504737.49 42.4
1558504747.51 41.9
1558504757.53 42.9
1558504767.55 42.9
1558504777.57 42.9
1558504787.59 42.9
1558504797.61 43.5
1558504807.63 42.9
1558504817.65 42.9
1558504827.67 42.9
1558504837.69 42.9
1558504847.71 42.4
1558504857.73 42.9
1558504867.76 42.9
1558504877.78 42.9
1558504887.79 43.5
1558504897.81 42.4
1558504907.83 42.9
1558504917.85 42.9
1558504927.87 42.9
1558504937.89 41.9
1558504947.91 41.9
1558504957.93 42.9
1558504967.96 42.4
1558504977.98 42.9
1558504988.0 42.4
1558504998.01 43.5
1558505008.03 42.9
1558505018.05 42.9
1558505028.07 41.9
1558505038.09 43.5
1558505048.12 42.4
1558505058.14 42.9
1558505068.16 42.9
1558505078.18 42.4
1558505088.2 42.4
1558505098.22 42.9
1558505108.24 42.9
1558505118.26 42.9
1558505128.27 42.4
1558505138.29 42.9
1558505148.31 42.9
1558505158.33 41.9
1558505168.35 42.9
1558505178.38 41.9
1558505188.4 42.9
1558505198.42 42.9
1558505208.44 42.9
1558505218.46 43.5
1558505228.46 42.9
1558505238.48 42.9
1558505248.5 42.9
1558505258.52 42.4
1558505268.53 42.9
1558505278.55 43.5
1558505288.57 43.5
1558505298.59 42.9
1558505308.61 42.9
1558505318.63 42.9
1558505328.65 42.9
1558505338.66 43.5
1558505348.68 42.9
1558505358.7 42.9
1558505368.72 42.4
1558505378.74 42.9
1558505388.76 42.9
1558505398.78 43.5
1558505408.81 42.9
1558505418.83 42.9
1558505428.85 43.5
1558505438.87 41.9
1558505448.89 42.9
1558505458.9 42.9
1558505468.92 43.5
1558505478.94 42.9
1558505488.96 43.5
1558505498.98 42.9
1558505509.0 42.9
1558505519.02 44.0
1558505529.03 42.4
1558505539.05 43.5
1558505549.07 43.5
1558505559.08 43.5
1558505569.1 43.5
1558505579.13 43.5
1558505589.15 42.9
1558505599.18 42.9
1558505609.2 42.9
1558505619.22 42.9
1558505629.23 43.5
1558505639.26 42.9
1558505649.28 42.9
1558505659.3 41.9
1558505669.32 42.9
1558505679.34 42.9
1558505689.35 42.9
1558505699.37 42.9
1558505709.39 42.9
1558505719.41 42.9
1558505729.43 42.4
1558505739.45 41.9
1558505749.47 42.9
1558505759.49 42.4
1558505769.51 42.9
1558505779.53 41.9
1558505789.55 42.4
1558505799.57 42.4
1558505809.59 41.9
1558505819.61 42.9
1558505829.63 42.9
1558505839.66 42.9
1558505849.67 42.9
1558505859.69 42.9
1558505869.71 42.9
1558505879.73 42.4
1558505889.75 42.9
1558505899.77 42.9
1558505909.79 43.5
1558505919.81 42.9
1558505929.83 42.9
1558505939.85 42.9
1558505949.87 42.9
1558505959.89 42.9
1558505969.92 42.9
1558505979.93 42.9
1558505989.95 44.0
1558505999.97 43.5
1558506010.0 42.9
1558506020.02 43.5
1558506030.04 42.9
1558506040.06 42.9
1558506050.08 42.4
1558506060.1 42.9
1558506070.12 42.4
1558506080.14 43.5
1558506090.16 44.0
1558506100.18 42.9
1558506110.2 42.9
1558506120.22 42.4
1558506130.24 42.9
1558506140.26 44.0
1558506150.28 43.5
1558506160.3 42.9
1558506170.32 42.9
1558506180.34 42.9
1558506190.36 42.9
1558506200.39 42.9
1558506210.4 44.0
1558506220.42 43.5
1558506230.44 43.5
1558506240.46 42.9
1558506250.48 42.9
1558506260.5 43.5
1558506270.55 43.5
1558506280.57 42.9
1558506290.59 43.5
1558506300.61 42.9
1558506310.63 42.9
1558506320.65 42.9
1558506330.69 42.4
1558506340.7 42.9
1558506350.72 41.9
1558506360.75 42.9
1558506370.76 41.9
1558506380.78 43.5
1558506390.8 42.9
1558506400.82 41.9
1558506410.84 42.9
1558506420.86 42.9
1558506430.88 42.4
1558506440.91 42.4
1558506450.93 42.9
1558506460.94 42.9
1558506470.96 41.9
1558506480.99 42.9
1558506491.01 42.4
1558506501.03 41.9
1558506511.05 42.9
1558506521.07 42.4
1558506531.09 42.9
1558506541.11 42.4
1558506551.13 42.9
1558506561.15 43.5
1558506571.16 42.9
1558506581.18 42.9
1558506591.21 42.9
1558506601.22 42.9
1558506611.24 42.9
1558506621.26 42.9
1558506631.28 42.9
1558506641.3 42.9
1558506651.3 42.9
1558506661.32 43.5
1558506671.34 42.9
1558506681.36 42.9
1558506691.38 42.9
1558506701.4 42.9
1558506711.42 42.9
1558506721.44 43.5
1558506731.46 43.5
1558506741.48 42.9
1558506751.5 42.9
1558506761.52 42.9
1558506771.53 42.9
1558506781.55 42.9
1558506791.57 42.9
1558506801.59 42.9
1558506811.62 42.9
1558506821.63 42.9
1558506831.65 42.9
1558506841.67 42.9
1558506851.69 42.4
1558506861.72 42.4
1558506871.73 42.9
1558506881.76 42.9
1558506891.78 42.9
1558506901.8 42.4
1558506911.82 41.9
1558506921.84 42.9
1558506931.85 43.5
1558506941.87 42.9
1558506951.89 42.9
1558506961.91 42.4
1558506971.93 42.9
1558506981.95 41.9
1558506991.97 41.9
1558507001.99 43.5
1558507012.01 42.4
1558507022.03 42.4
1558507032.05 42.9
1558507042.07 42.9
1558507052.09 42.9
1558507062.1 43.5
1558507072.13 42.9
1558507082.14 42.9
1558507092.16 41.9
1558507102.18 42.9
1558507112.2 41.9
1558507122.22 41.9
1558507132.24 41.9
1558507142.26 42.9
1558507152.29 41.9
1558507162.31 41.9
1558507172.33 42.4
1558507182.35 41.9
1558507192.37 41.9
1558507202.39 41.9
1558507212.41 42.9
1558507222.43 42.9
1558507232.45 42.9
1558507242.47 41.9
1558507252.49 42.4
1558507262.51 41.9
1558507272.53 41.9
1558507282.55 41.9
1558507292.57 41.9
1558507302.59 42.4
1558507312.62 42.4
1558507322.64 41.9
1558507332.66 41.9
1558507342.68 42.4
1558507352.7 42.9
1558507362.72 41.9
1558507372.73 42.9
1558507382.75 41.9
1558507392.78 41.9
1558507402.79 42.9
1558507412.81 41.9
1558507422.83 42.9
1558507432.85 42.9
1558507442.87 42.4
1558507452.89 42.9
1558507462.9 42.9
1558507472.93 42.4
1558507482.94 42.9
1558507492.96 41.9
1558507502.98 41.3
1558507513.01 41.9
1558507523.03 41.9
1558507533.05 41.3
1558507543.07 41.3
1558507553.09 41.9
1558507563.11 41.9
1558507573.13 41.9
1558507583.15 41.9
1558507593.17 41.9
1558507603.19 41.9
1558507613.21 41.9
1558507623.23 42.9
1558507633.25 41.9
1558507643.27 41.9
1558507653.29 41.3
1558507663.31 42.4
1558507673.33 41.3
1558507683.35 41.9
1558507693.37 41.3
1558507703.39 41.3
1558507713.41 41.9
1558507723.43 42.4
1558507733.45 41.9
1558507743.47 41.9
1558507753.49 41.9
1558507763.51 41.9
1558507773.54 41.9
1558507783.56 41.9
1558507793.58 41.9
1558507803.59 41.9
1558507813.62 41.9
1558507823.64 41.9
1558507833.66 41.9
1558507843.68 41.9
1558507853.7 41.9
1558507863.72 41.9
1558507873.74 41.3
1558507883.76 40.8
1558507893.78 41.9
1558507903.8 41.9
1558507913.82 41.9
1558507923.84 42.9
1558507933.86 41.9
1558507943.88 40.8
1558507953.9 41.9
1558507963.93 41.3
1558507973.95 41.9
1558507983.97 41.9
1558507993.99 41.9
1558508004.01 40.8
1558508014.03 41.9
1558508024.05 41.9
1558508034.07 41.9
1558508044.09 41.3
1558508054.11 41.3
1558508064.13 42.4
1558508074.15 41.9
1558508084.18 40.8
1558508094.2 41.3
1558508104.22 41.3
1558508114.25 41.9
1558508124.26 41.9
1558508134.29 41.9
1558508144.3 41.9
1558508154.32 41.9
1558508164.34 41.3
1558508174.37 41.3
1558508184.39 41.3
1558508194.4 41.9
1558508204.42 40.8
1558508214.44 41.9
1558508224.46 42.4
1558508234.48 41.9
1558508244.49 41.3
1558508254.52 41.3
1558508264.54 41.9
1558508274.56 41.3
1558508284.58 41.3
1558508294.6 41.3
1558508304.62 41.3
1558508314.65 41.3
1558508324.67 41.3
1558508334.69 41.9
1558508344.71 41.9
1558508354.73 41.3
1558508364.76 41.9
1558508374.78 41.9
1558508384.8 40.8
1558508394.82 41.9
