1558400005.24 56.9
1558400015.26 56.9
1558400025.27 57.5
1558400035.3 56.9
1558400045.3 56.9
1558400055.32 57.5
1558400065.34 57.5
1558400075.36 57.5
1558400085.37 56.9
1558400095.39 56.9
1558400105.41 56.9
1558400115.43 56.4
1558400125.44 56.9
1558400135.46 57.5
1558400145.48 56.9
1558400155.5 58.0
1558400165.51 56.9
1558400175.53 56.9
1558400185.55 56.9
1558400195.56 57.5
1558400205.58 57.5
1558400215.6 56.9
1558400225.61 56.9
1558400235.63 56.9
1558400245.64 56.9
1558400255.66 56.9
1558400265.68 56.9
1558400275.69 56.9
1558400285.71 56.9
1558400295.73 56.9
1558400305.74 56.9
1558400315.76 57.5
1558400325.78 56.9
1558400335.79 56.9
1558400345.81 57.5
1558400355.85 57.5
1558400365.87 57.5
1558400375.87 57.5
1558400385.89 58.5
1558400395.89 58.0
