1559400006.39 69.8
1559400016.41 69.3
1559400026.42 68.8
1559400036.44 69.3
1559400046.45 68.8
1559400056.47 68.8
1559400066.49 68.8
1559400076.51 68.8
1559400086.52 68.8
1559400096.54 68.8
1559400106.55 68.8
1559400116.57 68.8
1559400126.59 68.8
1559400136.61 68.8
1559400146.63 68.8
1559400156.65 68.8
1559400166.66 68.2
1559400176.68 68.2
1559400186.7 68.2
1559400196.71 67.7
1559400206.73 68.8
1559400216.75 68.2
1559400226.76 68.8
1559400236.78 67.7
1559400246.8 67.7
1559400256.82 67.7
1559400266.83 66.6
1559400276.85 67.7
1559400286.87 67.1
1559400296.88 67.7
1559400306.89 67.7
1559400316.9 67.7
1559400326.92 67.7
1559400336.94 67.1
1559400346.96 67.1
1559400356.97 67.1
1559400366.99 66.6
1559400377.01 67.7
1559400387.03 67.1
1559400397.05 66.6
1559400407.06 67.1
1559400417.08 66.6
1559400427.1 66.6
1559400437.11 67.1
1559400447.12 66.6
1559400457.14 66.1
1559400467.16 66.6
1559400477.17 67.1
1559400487.19 66.1
1559400497.21 66.6
1559400507.23 67.1
1559400517.24 66.6
1559400527.26 67.1
1559400537.28 67.1
1559400547.29 67.1
1559400557.3 67.1
1559400567.33 66.6
1559400577.34 66.6
1559400587.36 66.6
1559400597.38 66.6
1559400607.4 66.6
1559400617.42 66.6
1559400627.44 67.1
1559400637.45 66.6
1559400647.47 66.6
1559400657.48 66.6
1559400667.5 66.6
1559400677.51 66.6
1559400687.53 66.1
1559400697.55 65.5
1559400707.56 66.6
1559400717.58 65.5
1559400727.6 65.5
1559400737.62 65.5
1559400747.63 66.1
1559400757.64 66.6
1559400767.65 66.6
1559400777.67 66.6
1559400787.68 66.6
1559400797.7 66.6
1559400807.72 66.6
1559400817.74 66.6
1559400827.75 65.5
1559400837.76 66.6
1559400847.78 66.6
1559400857.8 66.6
1559400867.82 65.5
1559400877.84 66.1
1559400887.85 66.6
1559400897.87 66.1
1559400907.88 66.6
1559400917.9 66.6
1559400927.92 65.5
1559400937.93 65.5
1559400947.95 66.6
1559400957.96 65.5
1559400967.98 65.5
1559400978.0 65.5
1559400988.01 65.5
1559400998.03 65.5
1559401008.05 65.5
1559401018.06 66.1
1559401028.08 65.5
1559401038.1 65.5
1559401048.13 65.5
1559401058.14 65.5
1559401068.16 66.1
1559401078.18 65.5
1559401088.2 64.5
1559401098.21 65.5
1559401108.23 65.5
1559401118.25 65.5
1559401128.27 65.5
1559401138.28 65.5
1559401148.3 66.6
1559401158.32 65.5
1559401168.34 66.1
1559401178.36 66.1
1559401188.37 65.5
1559401198.39 66.1
