1559900007.08 49.9
1559900017.1 49.9
1559900027.11 49.9
1559900037.13 49.4
1559900047.14 49.4
1559900057.16 49.4
1559900067.18 50.5
1559900077.2 49.9
1559900087.21 50.5
1559900097.23 49.9
1559900107.24 50.5
1559900117.25 49.4
1559900127.27 50.5
1559900137.28 50.5
1559900147.3 50.5
1559900157.31 49.9
1559900167.33 49.9
1559900177.35 49.4
1559900187.37 49.9
1559900197.37 49.9
1559900207.39 49.9
1559900217.4 50.5
1559900227.42 49.9
1559900237.44 50.5
1559900247.46 50.5
1559900257.48 50.5
1559900267.49 50.5
1559900277.51 49.9
1559900287.53 49.9
1559900297.55 49.9
1559900307.57 49.9
1559900317.59 50.5
1559900327.61 48.9
1559900337.63 49.4
1559900347.65 49.4
1559900357.66 49.4
1559900367.68 49.9
1559900377.7 50.5
1559900387.71 50.5
1559900397.73 50.5
1559900407.74 50.5
1559900417.76 50.5
1559900427.78 49.9
1559900437.79 49.4
1559900447.81 49.9
1559900457.83 50.5
1559900467.85 49.9
1559900477.86 50.5
1559900487.88 49.4
1559900497.9 49.4
1559900507.92 49.4
1559900517.93 50.5
1559900527.95 49.4
1559900537.97 49.9
1559900547.99 50.5
1559900558.01 50.5
1559900568.03 50.5
1559900578.05 49.4
1559900588.06 49.4
1559900598.07 49.4
1559900608.09 49.4
1559900618.11 49.4
1559900628.13 49.4
1559900638.15 49.9
1559900648.17 49.4
1559900658.18 50.5
1559900668.2 50.5
1559900678.22 49.4
1559900688.24 49.9
1559900698.26 49.9
1559900708.28 49.4
1559900718.29 49.9
1559900728.31 49.9
1559900738.32 50.5
1559900748.34 50.5
1559900758.35 50.5
1559900768.37 50.5
1559900778.38 50.5
1559900788.41 49.9
1559900798.42 50.5
1559900808.44 51.0
1559900818.46 50.5
1559900828.48 50.5
1559900838.49 50.5
1559900848.51 50.5
1559900858.53 49.9
1559900868.55 50.5
1559900878.57 50.5
1559900888.59 50.5
1559900898.62 50.5
1559900908.64 50.5
1559900918.65 50.5
1559900928.68 49.9
1559900938.71 51.0
1559900948.73 50.5
1559900958.74 51.0
1559900968.76 50.5
1559900978.78 51.5
1559900988.8 50.5
1559900998.81 51.0
1559901008.83 50.5
1559901018.84 50.5
1559901028.85 50.5
1559901038.87 50.5
1559901048.88 51.5
1559901058.9 51.5
1559901068.91 51.5
1559901078.93 51.0
1559901088.95 51.5
1559901098.96 52.1
1559901108.98 50.5
1559901118.99 51.0
1559901129.01 51.5
1559901139.02 51.5
1559901149.04 51.0
1559901159.05 51.5
1559901169.07 51.5
1559901179.08 51.5
1559901189.1 51.5
1559901199.12 52.1
1559901209.13 51.5
1559901219.15 52.6
1559901229.16 52.1
1559901239.17 52.1
1559901249.19 51.5
1559901259.2 52.1
1559901269.22 51.0
1559901279.24 51.5
1559901289.25 51.5
1559901299.26 51.5
1559901309.28 52.1
1559901319.29 51.5
1559901329.31 51.5
1559901339.31 51.5
1559901349.33 51.5
1559901359.35 51.5
1559901369.37 51.0
1559901379.39 51.0
1559901389.41 51.5
1559901399.42 50.5
1559901409.43 51.5
1559901419.45 51.5
1559901429.47 50.5
1559901439.49 50.5
1559901449.51 50.5
1559901459.53 50.5
1559901469.55 50.5
1559901479.56 51.5
1559901489.58 51.5
1559901499.6 51.5
1559901509.61 51.5
1559901519.63 51.5
1559901529.65 50.5
1559901539.66 50.5
1559901549.68 51.5
1559901559.7 50.5
1559901569.72 50.5
1559901579.73 51.0
1559901589.75 51.0
1559901599.77 51.0
