1559500008.5 72.5
1559500018.52 73.6
1559500028.54 73.1
1559500038.55 73.1
1559500048.57 73.1
1559500058.58 73.1
1559500068.59 73.1
1559500078.61 73.1
1559500088.62 73.1
1559500098.64 73.1
1559500108.65 73.1
1559500118.66 72.5
1559500128.68 73.1
1559500138.7 72.0
1559500148.71 73.1
1559500158.73 73.1
1559500168.74 72.5
1559500178.76 73.6
1559500188.78 72.5
1559500198.8 73.1
1559500208.81 72.0
1559500218.83 72.0
1559500228.85 73.1
1559500238.86 73.1
1559500248.88 72.0
1559500258.9 72.0
1559500268.92 72.0
1559500278.94 72.5
1559500288.96 72.0
1559500298.97 73.1
1559500308.99 72.5
1559500319.0 72.0
1559500329.01 73.1
1559500339.03 73.1
1559500349.04 72.0
1559500359.06 72.5
1559500369.07 72.5
1559500379.09 72.0
1559500389.1 72.5
1559500399.12 72.5
1559500409.14 72.0
1559500419.16 72.5
1559500429.17 72.0
1559500439.19 72.0
1559500449.2 73.1
1559500459.22 72.5
1559500469.23 72.0
1559500479.26 72.0
1559500489.28 71.4
1559500499.29 72.0
1559500509.31 72.0
1559500519.33 72.0
1559500529.34 72.0
1559500539.36 72.0
1559500549.38 72.0
1559500559.39 72.0
1559500569.41 72.0
1559500579.42 71.4
1559500589.43 72.0
1559500599.44 72.0
1559500609.46 71.4
1559500619.48 71.4
1559500629.49 71.4
1559500639.51 72.0
1559500649.53 72.0
1559500659.54 72.0
1559500669.56 72.0
1559500679.58 70.9
1559500689.59 72.0
1559500699.61 70.9
1559500709.62 71.4
1559500719.64 70.9
1559500729.66 71.4
1559500739.69 71.4
1559500749.7 71.4
1559500759.71 70.9
1559500769.73 70.9
1559500779.74 71.4
1559500789.75 70.9
1559500799.77 70.9
1559500809.79 70.9
1559500819.8 70.9
1559500829.82 70.9
1559500839.84 70.9
1559500849.85 70.4
1559500859.86 70.9
1559500869.88 70.9
1559500879.89 71.4
1559500889.9 70.9
1559500899.91 69.8
1559500909.92 69.8
1559500919.93 70.9
1559500929.95 70.9
1559500939.96 70.9
1559500949.98 70.4
1559500960.0 70.9
1559500970.01 70.4
1559500980.03 69.8
1559500990.05 69.8
1559501000.07 70.4
1559501010.08 70.4
1559501020.09 69.8
1559501030.11 70.9
1559501040.13 70.4
1559501050.15 70.4
1559501060.16 69.8
1559501070.17 70.4
1559501080.2 70.4
1559501090.21 69.8
1559501100.23 70.9
1559501110.24 70.9
1559501120.26 71.4
1559501130.28 70.9
1559501140.29 70.9
1559501150.31 69.8
1559501160.33 70.9
1559501170.34 70.4
1559501180.36 70.4
1559501190.37 70.4
1559501200.38 70.9
1559501210.4 69.8
1559501220.42 69.8
1559501230.43 70.4
1559501240.45 70.9
1559501250.46 70.4
1559501260.48 70.9
1559501270.49 70.9
1559501280.51 70.4
1559501290.52 70.4
1559501300.53 70.9
1559501310.54 69.8
1559501320.56 69.8
1559501330.57 69.8
1559501340.59 70.9
1559501350.6 70.9
1559501360.61 70.4
1559501370.62 70.9
1559501380.63 69.8
1559501390.65 69.8
1559501400.66 69.8
1559501410.68 69.3
1559501420.69 70.9
1559501430.7 70.4
1559501440.72 69.8
1559501450.73 70.4
1559501460.75 69.8
1559501470.76 70.4
1559501480.78 70.9
1559501490.79 69.8
1559501500.81 69.3
1559501510.83 69.8
1559501520.85 69.8
1559501530.87 69.8
1559501540.88 70.4
1559501550.92 69.3
1559501560.93 68.8
1559501570.94 69.8
1559501580.96 68.8
1559501590.97 69.3
1559501600.99 69.3
1559501611.0 69.3
1559501621.01 68.8
1559501631.02 69.8
1559501641.03 69.3
1559501651.04 69.8
1559501661.05 68.8
1559501671.07 69.3
1559501681.09 68.8
1559501691.1 69.8
1559501701.11 69.8
1559501711.12 69.8
1559501721.14 69.8
1559501731.15 69.8
1559501741.18 69.3
1559501751.19 69.3
1559501761.21 68.8
1559501771.22 69.8
1559501781.24 68.8
1559501791.25 69.3
1559501801.26 68.8
1559501811.28 68.8
1559501821.29 69.3
1559501831.31 68.2
1559501841.33 69.8
1559501851.34 69.8
1559501861.35 69.3
1559501871.37 68.8
1559501881.38 68.8
1559501891.4 69.3
1559501901.41 68.8
1559501911.43 68.8
1559501921.45 68.8
1559501931.46 69.3
1559501941.48 68.8
1559501951.49 69.3
1559501961.5 69.8
1559501971.51 69.8
1559501981.52 69.8
1559501991.54 68.8
1559502001.56 68.8
