1559800004.77 51.5
1559800014.79 52.1
1559800024.81 53.2
1559800034.83 52.1
1559800044.85 52.1
1559800054.87 52.1
1559800064.89 52.6
1559800074.91 52.6
1559800084.93 52.1
1559800094.95 51.5
1559800104.97 51.5
1559800114.98 52.1
1559800125.01 51.5
1559800135.02 52.6
1559800145.04 51.5
1559800155.06 52.6
1559800165.07 51.5
1559800175.09 51.5
1559800185.11 51.5
1559800195.14 51.5
1559800205.16 51.0
1559800215.17 52.6
1559800225.19 51.5
1559800235.21 52.6
1559800245.23 52.6
1559800255.25 51.5
1559800265.27 51.5
1559800275.29 52.1
1559800285.31 51.5
1559800295.33 52.1
1559800305.35 51.5
1559800315.37 51.5
1559800325.39 51.5
1559800335.4 51.0
1559800345.42 51.5
1559800355.44 51.5
1559800365.46 51.5
1559800375.49 51.5
1559800385.51 51.5
1559800395.53 51.5
1559800405.55 51.5
1559800415.57 52.1
1559800425.59 51.5
1559800435.61 51.5
1559800445.63 52.1
1559800455.65 51.5
1559800465.66 51.5
1559800475.68 51.5
1559800485.7 51.5
1559800495.73 51.5
1559800505.75 51.5
1559800515.76 52.1
1559800525.78 51.5
1559800535.8 52.1
1559800545.82 51.0
1559800555.84 51.5
1559800565.86 52.1
1559800575.88 52.1
1559800585.9 52.1
1559800595.91 51.5
1559800605.93 52.1
1559800615.95 51.5
1559800625.98 51.5
1559800635.99 51.5
1559800646.01 51.5
1559800656.03 52.1
1559800666.05 51.5
1559800676.07 51.5
1559800686.09 51.5
1559800696.11 51.5
1559800706.13 51.5
1559800716.15 51.5
1559800726.17 51.5
1559800736.19 51.5
1559800746.21 51.5
1559800756.23 51.5
1559800766.25 51.0
1559800776.27 51.5
1559800786.29 51.5
1559800796.31 52.1
