1559100000.43 46.2
1559100010.45 46.2
1559100020.47 45.6
1559100030.49 46.2
1559100040.51 46.2
1559100050.53 46.7
1559100060.54 46.2
1559100070.56 45.6
1559100080.58 46.2
1559100090.61 45.6
1559100100.63 45.6
1559100110.64 46.2
1559100120.66 46.7
1559100130.68 46.2
1559100140.7 46.2
1559100150.72 46.2
1559100160.73 46.7
1559100170.75 46.7
1559100180.77 47.2
1559100190.78 46.2
1559100200.8 46.2
1559100210.82 46.7
1559100220.83 47.2
1559100230.85 47.2
1559100240.87 47.2
1559100250.88 46.2
1559100260.91 46.2
1559100270.94 46.2
1559100280.95 46.2
1559100290.97 46.7
1559100300.99 47.2
1559100311.0 47.2
1559100321.02 46.7
1559100331.05 46.7
1559100341.07 47.2
1559100351.08 46.7
1559100361.1 46.2
1559100371.12 46.7
1559100381.15 46.2
1559100391.17 46.2
1559100401.19 46.7
1559100411.21 46.2
1559100421.23 45.1
1559100431.25 46.2
1559100441.27 46.7
1559100451.29 46.2
1559100461.31 46.2
1559100471.33 45.1
1559100481.35 45.1
1559100491.37 45.1
1559100501.39 45.6
1559100511.41 45.1
1559100521.43 45.6
1559100531.46 46.2
1559100541.48 45.1
1559100551.49 46.2
1559100561.5 46.2
1559100571.52 46.7
1559100581.54 46.7
1559100591.55 45.1
1559100601.59 45.6
1559100611.61 46.2
1559100621.63 46.2
1559100631.64 46.2
1559100641.66 45.6
1559100651.68 46.2
1559100661.7 46.2
1559100671.72 45.6
1559100681.74 46.2
1559100691.76 46.2
1559100701.78 47.2
1559100711.8 46.2
1559100721.82 46.2
1559100731.83 45.1
1559100741.85 45.6
1559100751.88 45.6
1559100761.9 46.2
1559100771.91 46.2
1559100802.19 45.1
1559100812.21 46.2
1559100822.23 45.6
1559100832.25 45.6
1559100842.27 46.2
1559100852.29 46.2
1559100862.31 46.2
1559100872.33 45.1
1559100882.35 46.7
1559100892.37 46.2
1559100902.39 46.2
1559100912.41 46.2
1559100922.43 46.2
1559100932.45 46.2
1559100942.47 45.6
1559100952.5 45.1
1559100962.52 45.6
1559100972.54 46.2
1559100982.56 45.1
1559100992.59 45.1
1559101002.61 45.6
1559101012.63 45.6
1559101022.65 45.1
1559101032.66 45.1
1559101042.68 45.6
1559101052.71 46.2
1559101062.72 46.2
1559101072.74 45.6
1559101082.77 45.6
1559101092.79 45.6
1559101102.8 45.1
1559101112.82 45.6
1559101122.84 45.6
1559101132.86 46.2
1559101142.87 46.2
1559101152.89 45.6
1559101162.91 46.2
1559101172.93 46.2
1559101182.95 45.6
1559101192.97 45.6
1559101202.99 46.2
1559101213.01 45.6
1559101223.02 46.2
1559101233.04 46.2
1559101243.05 45.1
1559101253.07 45.1
1559101263.09 45.6
1559101273.11 46.2
1559101283.13 45.6
1559101293.15 45.6
1559101303.17 46.2
1559101313.19 45.1
1559101323.2 45.1
1559101333.22 45.6
1559101343.24 45.6
1559101353.26 45.6
1559101363.28 46.2
1559101373.29 46.2
1559101383.31 45.6
1559101393.33 45.6
1559101403.35 45.1
1559101413.37 46.2
1559101423.38 45.1
1559101433.4 45.1
1559101443.41 46.2
1559101453.43 45.1
1559101463.45 46.2
1559101473.47 46.2
1559101483.5 46.2
1559101493.52 46.2
1559101503.53 46.2
1559101513.55 45.6
1559101523.57 45.1
1559101533.59 45.1
1559101543.61 45.6
1559101553.63 45.1
1559101563.65 45.1
1559101573.68 45.1
1559101583.7 45.1
1559101593.71 46.2
1559101603.72 45.1
1559101613.75 45.6
1559101623.77 45.6
1559101633.78 45.6
1559101643.8 45.1
1559101653.82 45.1
1559101663.85 45.1
1559101673.87 45.1
1559101683.89 45.1
1559101693.91 45.1
1559101703.93 45.6
1559101713.95 45.1
1559101723.97 45.1
1559101733.99 45.6
1559101744.01 45.1
1559101754.03 45.1
1559101764.05 45.1
1559101774.07 45.6
1559101784.09 46.2
1559101794.1 45.1
1559101804.12 45.1
1559101814.14 45.1
1559101824.16 45.6
1559101834.17 45.1
1559101844.2 45.1
1559101854.21 45.6
1559101864.23 45.1
1559101874.24 45.1
1559101884.26 45.1
1559101894.28 45.1
1559101904.29 45.1
1559101914.31 45.6
1559101924.33 45.1
1559101934.35 45.1
1559101944.37 45.1
1559101954.38 45.1
1559101964.4 45.1
1559101974.41 45.1
1559101984.43 45.1
1559101994.45 45.1
1559102004.47 45.1
1559102014.49 45.1
1559102024.51 45.1
1559102034.53 45.6
1559102044.54 46.2
1559102054.56 45.1
1559102064.58 45.1
1559102074.6 44.5
1559102084.62 45.1
1559102094.64 45.1
1559102104.65 45.1
1559102114.68 45.1
1559102124.69 45.6
1559102134.71 45.1
1559102144.73 45.1
1559102154.75 44.0
1559102164.77 45.1
1559102174.79 44.5
1559102184.81 44.5
1559102194.82 44.5
1559102204.84 44.5
1559102214.86 45.1
1559102224.88 44.5
1559102234.9 44.5
1559102244.92 45.6
1559102254.93 45.1
1559102264.95 45.1
1559102274.97 45.1
1559102284.99 45.1
1559102295.01 45.1
1559102305.03 45.1
1559102315.04 45.1
1559102325.06 44.5
1559102335.08 44.5
1559102345.1 45.6
1559102355.12 45.1
1559102365.13 45.6
1559102375.15 45.1
1559102385.16 45.1
1559102395.18 46.2
1559102405.2 45.1
1559102415.22 45.6
1559102425.24 45.1
1559102435.27 45.1
1559102445.29 45.1
1559102455.3 46.2
1559102465.32 45.6
1559102475.34 45.1
1559102485.36 45.1
1559102495.38 45.1
1559102505.4 45.1
1559102515.42 46.2
1559102525.44 45.1
1559102535.46 45.6
1559102545.49 45.1
1559102555.51 44.5
1559102565.53 45.6
1559102575.54 45.1
1559102585.57 45.1
1559102595.6 44.5
1559102605.62 45.1
1559102615.64 45.1
1559102625.66 44.5
1559102635.68 45.1
1559102645.7 44.5
1559102655.73 45.1
1559102665.75 45.1
1559102675.77 44.0
1559102685.79 45.1
1559102695.8 45.1
1559102705.81 45.1
1559102715.83 44.5
1559102725.85 45.1
1559102735.87 45.1
1559102745.88 45.6
1559102755.9 45.1
1559102765.92 45.1
1559102775.94 44.0
1559102785.96 45.6
1559102795.97 45.6
1559102805.99 45.1
1559102816.01 45.6
1559102826.02 45.1
1559102836.04 45.1
1559102846.06 45.1
1559102856.07 45.6
1559102866.09 45.1
1559102876.11 45.1
1559102886.13 44.5
1559102896.15 45.6
1559102906.18 45.1
1559102916.19 45.6
1559102926.21 45.1
1559102936.22 45.6
1559102946.24 45.1
1559102956.26 45.1
1559102966.28 45.1
1559102976.3 45.6
1559102986.31 45.6
1559102996.33 45.6
1559103006.35 45.1
1559103016.37 46.2
1559103026.39 45.1
1559103036.41 45.1
1559103046.43 45.1
1559103056.45 45.6
1559103066.47 45.1
1559103076.48 45.1
1559103086.5 45.6
1559103096.52 45.1
1559103106.53 46.2
1559103116.55 45.1
1559103126.57 45.1
1559103136.59 46.2
1559103146.6 45.1
1559103156.62 45.6
1559103166.64 45.1
1559103176.65 45.6
1559103186.68 45.6
1559103196.7 46.2
1559103206.72 45.6
1559103216.75 45.1
1559103226.76 46.2
1559103236.78 46.2
1559103246.79 45.6
1559103256.81 46.2
1559103266.83 45.1
1559103276.85 45.6
1559103286.87 45.6
1559103296.89 46.2
1559103306.9 45.6
1559103316.92 46.2
1559103326.93 46.2
1559103336.94 46.2
1559103346.96 45.1
1559103356.98 45.1
1559103367.0 45.1
1559103377.02 45.1
1559103387.04 45.1
1559103397.06 45.1
1559103407.08 44.5
1559103417.1 45.1
1559103427.13 44.5
1559103437.15 45.1
1559103447.17 44.5
1559103457.19 45.1
1559103467.2 44.5
1559103477.22 44.5
1559103487.24 44.0
1559103497.26 45.1
1559103507.28 45.1
1559103517.3 45.1
1559103527.32 45.1
1559103537.34 45.1
1559103547.35 45.1
1559103557.37 44.5
1559103567.4 44.0
1559103577.42 44.0
1559103587.44 45.1
1559103597.45 44.5
1559103607.47 45.1
1559103617.49 44.5
1559103627.51 44.5
1559103637.53 44.0
1559103647.55 45.1
1559103657.57 44.0
1559103667.59 44.0
1559103677.61 44.0
1559103687.64 44.5
1559103697.66 44.0
1559103707.68 44.5
1559103717.7 44.5
1559103727.72 44.0
1559103737.74 44.5
1559103747.77 45.1
1559103757.79 44.0
1559103767.81 44.0
1559103777.84 44.0
1559103787.86 45.1
1559103797.88 44.0
1559103807.9 45.1
1559103817.92 45.1
1559103827.94 44.0
1559103837.96 44.0
1559103847.97 45.1
1559103857.99 44.0
1559103868.02 44.0
1559103878.04 45.1
1559103888.05 45.1
1559103898.07 44.0
1559103908.09 44.0
1559103918.11 44.5
1559103928.13 44.5
1559103938.15 44.5
1559103948.17 44.5
1559103958.19 45.1
1559103968.21 45.1
1559103978.23 44.5
1559103988.25 45.1
1559103998.27 45.1
1559104008.28 45.1
1559104018.3 45.1
1559104028.31 45.1
1559104038.34 44.5
1559104048.36 44.5
1559104058.38 44.5
1559104068.4 44.0
1559104078.41 44.5
1559104088.43 44.5
1559104098.45 44.0
1559104108.46 44.5
1559104118.48 45.1
1559104128.5 45.1
1559104138.52 44.5
1559104148.54 44.5
1559104158.56 44.5
1559104168.58 45.6
1559104178.59 45.1
1559104188.61 44.5
1559104198.63 45.1
1559104208.65 44.5
1559104218.67 44.0
1559104228.68 45.6
1559104238.7 44.5
1559104248.73 44.0
1559104258.74 45.1
1559104268.76 44.0
1559104278.78 45.1
1559104288.8 44.0
1559104298.82 44.5
1559104308.84 44.5
1559104318.86 44.0
1559104328.88 44.0
1559104338.91 45.1
1559104348.93 44.0
1559104358.95 45.1
1559104368.97 44.0
1559104378.99 44.0
1559104389.01 44.0
1559104399.03 44.0
1559104409.05 44.5
1559104419.08 44.0
1559104429.09 44.5
1559104439.11 45.1
1559104449.13 45.1
1559104459.15 44.0
1559104469.17 44.5
1559104479.19 44.5
1559104489.21 44.0
1559104499.23 44.0
1559104509.24 44.0
1559104519.26 44.5
1559104529.27 45.1
1559104539.29 44.0
1559104549.31 44.0
1559104559.33 44.5
1559104569.35 44.5
1559104579.37 45.1
1559104589.39 44.5
1559104599.41 44.5
1559104609.42 45.6
1559104619.44 45.1
1559104629.46 45.1
1559104639.48 45.1
1559104649.5 44.5
1559104659.52 45.6
1559104669.54 45.6
1559104679.56 45.1
1559104689.59 45.1
1559104699.61 44.0
1559104709.63 45.1
1559104719.65 45.6
1559104729.66 45.1
1559104739.69 44.5
1559104749.71 44.5
1559104759.73 45.1
1559104769.74 45.1
1559104779.76 45.1
1559104789.78 44.5
1559104799.8 44.5
1559104809.82 45.1
1559104819.84 44.0
1559104829.85 45.1
1559104839.87 45.1
1559104849.89 45.1
1559104859.91 44.0
1559104869.93 45.1
1559104879.95 44.5
1559104889.97 44.5
1559104899.98 45.1
1559104910.0 44.5
1559104920.02 44.0
1559104930.04 44.0
1559104940.06 45.1
1559104950.07 44.0
1559104960.09 44.0
1559104970.11 45.1
1559104980.13 45.1
1559104990.15 45.1
1559105000.17 44.5
1559105010.19 44.5
1559105020.21 44.0
1559105030.23 44.5
1559105040.25 45.1
1559105050.27 44.5
1559105060.28 45.1
1559105070.3 44.5
1559105080.32 44.5
1559105090.34 44.5
1559105100.36 45.1
1559105110.38 45.1
1559105120.4 45.1
1559105130.42 44.5
1559105140.44 45.1
1559105150.46 45.1
1559105160.48 45.1
1559105170.5 44.5
1559105180.52 45.1
1559105190.54 45.1
1559105200.56 45.1
1559105210.58 45.1
1559105220.6 45.6
1559105230.62 45.1
1559105240.63 45.6
1559105250.65 45.6
1559105260.66 45.6
1559105270.69 46.2
1559105280.7 45.1
1559105290.72 45.1
1559105300.74 45.1
1559105310.76 45.1
1559105320.78 45.1
1559105330.8 45.1
1559105340.82 45.1
1559105350.84 46.2
1559105360.87 45.1
1559105370.89 45.1
1559105380.91 45.1
1559105390.93 45.1
1559105400.95 45.6
1559105410.97 45.1
1559105420.99 45.1
1559105431.01 45.1
1559105441.02 45.1
1559105451.04 45.1
1559105461.05 45.1
1559105471.06 44.5
1559105481.08 45.1
1559105491.1 45.6
1559105501.12 45.1
1559105511.13 45.6
1559105521.15 46.2
1559105531.16 45.1
1559105541.19 45.1
1559105551.21 44.5
1559105561.22 45.1
1559105571.24 44.5
1559105581.26 44.5
1559105591.28 45.6
1559105601.3 44.5
1559105611.32 44.5
1559105621.34 45.1
1559105631.36 44.0
1559105641.37 45.1
1559105651.39 45.1
1559105661.41 44.5
1559105671.43 44.0
1559105681.46 43.5
1559105691.48 44.5
1559105701.5 44.0
1559105711.52 44.5
1559105721.54 45.1
1559105731.56 44.0
1559105741.58 45.1
1559105751.6 44.0
1559105761.62 43.5
1559105771.64 44.5
1559105781.66 44.0
1559105791.68 44.0
1559105801.7 43.5
1559105811.72 45.1
1559105821.74 44.0
1559105831.76 44.0
1559105841.78 44.0
1559105851.8 44.0
1559105861.82 43.5
1559105871.84 43.5
1559105881.86 43.5
1559105891.88 44.0
1559105901.9 44.0
1559105911.92 43.5
1559105921.94 44.0
1559105931.96 44.5
1559105941.98 45.1
1559105952.0 44.5
1559105962.02 44.0
1559105972.04 44.5
1559105982.06 44.5
1559105992.08 44.0
1559106002.1 44.5
1559106012.12 44.5
1559106022.14 43.5
1559106032.16 45.1
1559106042.18 44.0
1559106052.2 44.0
1559106062.21 45.1
1559106072.24 44.0
1559106082.26 44.0
1559106092.28 44.5
1559106102.3 44.0
1559106112.32 43.5
1559106122.34 43.5
1559106132.36 43.5
1559106142.38 43.5
1559106152.4 44.0
1559106162.42 43.5
1559106172.45 43.5
1559106182.47 44.0
1559106192.49 44.0
1559106202.51 44.0
1559106212.53 44.0
1559106222.55 44.0
1559106232.57 44.0
1559106242.59 43.5
1559106252.61 44.5
1559106262.63 44.0
1559106272.65 43.5
1559106282.67 43.5
1559106292.69 44.0
1559106302.71 43.5
1559106312.73 44.0
1559106322.75 44.5
1559106332.77 44.5
1559106342.79 44.5
1559106352.81 44.0
1559106362.83 44.5
1559106372.85 44.0
1559106382.87 43.5
1559106392.89 44.5
1559106402.92 44.0
1559106412.94 44.0
1559106422.96 44.0
1559106432.98 44.0
1559106443.0 44.0
1559106453.02 44.0
1559106463.04 44.0
1559106473.06 44.5
1559106483.09 44.0
1559106493.1 44.0
1559106503.13 44.0
1559106513.15 44.0
1559106523.17 44.5
1559106533.18 44.5
1559106543.2 44.0
1559106553.22 43.5
1559106563.24 44.0
1559106573.26 44.0
1559106583.28 43.5
1559106593.31 44.0
1559106603.32 45.1
1559106613.34 45.1
1559106623.36 45.1
1559106633.38 44.0
1559106643.4 44.0
1559106653.42 44.0
1559106663.45 45.1
1559106673.47 43.5
1559106683.48 44.5
1559106693.5 44.0
1559106703.52 44.0
1559106713.55 44.0
1559106723.57 44.5
1559106733.59 44.0
1559106743.61 44.0
1559106753.62 44.0
1559106763.65 44.0
1559106773.67 44.0
1559106783.69 44.0
1559106793.71 44.5
1559106803.73 44.5
1559106813.75 45.1
1559106823.76 44.0
1559106833.78 44.5
1559106843.8 44.0
1559106853.81 44.0
1559106863.82 44.5
1559106873.84 44.5
1559106883.85 44.0
1559106893.87 44.0
1559106903.89 44.0
1559106913.9 45.1
1559106923.92 43.5
1559106933.94 44.0
1559106943.96 43.5
1559106953.98 44.0
1559106964.0 43.5
1559106974.02 44.0
1559106984.03 44.0
1559106994.05 44.0
1559107004.07 44.0
1559107014.09 43.5
1559107024.11 43.5
1559107034.13 45.1
1559107044.15 44.0
1559107054.17 43.5
1559107064.19 43.5
1559107074.21 44.5
1559107084.23 43.5
1559107094.25 44.0
1559107104.27 44.0
1559107114.29 45.1
1559107124.31 44.0
1559107134.32 45.1
1559107144.34 45.1
1559107154.35 45.1
1559107164.37 45.1
1559107174.39 43.5
1559107184.41 44.0
1559107194.43 44.0
1559107204.45 43.5
1559107214.47 44.0
1559107224.48 44.5
1559107234.5 44.0
1559107244.52 43.5
1559107254.54 42.9
1559107264.56 44.0
1559107274.58 44.0
1559107284.59 44.5
1559107294.62 44.5
1559107304.64 45.1
1559107314.66 44.0
1559107324.67 44.0
1559107334.69 45.1
1559107344.72 42.9
1559107354.73 44.0
1559107364.75 44.0
1559107374.76 44.0
1559107384.78 44.0
1559107394.8 44.0
1559107404.82 43.5
1559107414.84 44.0
1559107424.86 45.1
1559107434.88 44.0
1559107444.9 43.5
1559107454.91 43.5
1559107464.93 44.0
1559107474.95 43.5
1559107484.97 43.5
1559107494.99 44.0
1559107505.01 43.5
1559107515.03 44.0
1559107525.04 44.5
1559107535.06 44.5
1559107545.07 44.0
1559107555.09 44.0
1559107565.11 44.0
1559107575.13 44.0
1559107585.15 43.5
1559107595.17 44.0
1559107605.19 45.1
1559107615.2 44.5
1559107625.21 45.1
1559107635.23 44.5
1559107645.25 44.5
1559107655.27 44.0
1559107665.29 44.5
1559107675.31 44.0
1559107685.33 44.5
1559107695.35 43.5
1559107705.37 44.0
1559107715.39 44.5
1559107725.41 44.0
1559107735.43 44.0
1559107745.45 43.5
1559107755.47 44.0
1559107765.49 44.5
1559107775.51 43.5
1559107785.54 43.5
1559107795.55 44.0
1559107805.57 44.0
1559107815.59 44.0
1559107825.61 44.0
1559107835.63 43.5
1559107845.65 44.5
1559107855.66 43.5
1559107865.69 44.0
1559107875.71 43.5
1559107885.74 44.0
1559107895.75 44.0
1559107905.78 43.5
1559107915.79 44.5
1559107925.81 44.0
1559107935.82 43.5
1559107945.84 44.0
1559107955.86 42.9
1559107965.88 44.0
1559107975.89 44.0
1559107985.91 43.5
1559107995.93 42.9
1559108005.95 44.0
1559108015.97 44.0
1559108025.98 44.5
1559108036.0 44.0
1559108046.01 44.0
1559108056.03 44.0
1559108066.05 43.5
1559108076.06 44.0
1559108086.07 44.0
1559108096.09 45.1
1559108106.1 44.5
1559108116.12 43.5
1559108126.14 44.0
1559108136.15 44.0
1559108146.17 44.0
1559108156.19 44.0
1559108166.2 44.0
1559108176.21 45.1
1559108186.23 45.1
1559108196.24 44.0
1559108206.26 44.0
1559108216.28 44.5
1559108226.29 45.1
1559108236.31 44.5
1559108246.33 44.0
1559108256.34 44.0
1559108266.36 44.0
1559108276.38 43.5
1559108286.4 44.0
1559108296.42 43.5
1559108306.43 43.5
1559108316.45 44.5
1559108326.46 44.0
1559108336.48 44.0
1559108346.5 43.5
1559108356.52 42.9
1559108366.54 43.5
1559108376.55 44.5
1559108386.57 43.5
1559108396.58 43.5
1559108406.6 42.9
1559108416.62 44.0
1559108426.63 43.5
1559108436.65 43.5
1559108446.69 43.5
1559108456.71 42.9
1559108466.73 43.5
1559108476.74 42.9
1559108486.76 42.9
1559108496.78 43.5
1559108506.8 43.5
1559108516.82 42.9
1559108526.84 42.9
1559108536.86 42.9
1559108546.88 42.9
1559108556.9 42.9
1559108566.92 42.9
1559108576.93 43.5
1559108586.95 42.9
1559108596.97 43.5
1559108606.99 42.9
1559108617.01 42.9
1559108627.03 42.9
1559108637.04 43.5
1559108647.06 42.9
1559108657.08 42.9
1559108667.1 42.4
1559108677.12 42.9
1559108687.14 42.9
1559108697.16 42.9
1559108707.18 42.9
1559108717.2 42.9
1559108727.22 42.9
1559108737.24 42.9
1559108747.25 43.5
1559108757.27 42.9
1559108767.29 42.9
1559108777.31 42.9
1559108787.33 42.9
1559108797.35 42.9
1559108807.37 42.9
1559108817.39 42.9
1559108827.41 42.9
1559108837.43 41.9
1559108847.45 42.9
1559108857.47 42.9
1559108867.49 42.9
1559108877.52 42.9
1559108887.54 42.9
1559108897.56 42.9
1559108907.57 43.5
1559108917.59 43.5
1559108927.61 43.5
1559108937.63 42.4
1559108947.65 43.5
1559108957.67 42.9
1559108967.69 42.9
1559108977.71 42.9
1559108987.73 43.5
1559108997.75 42.9
1559109007.77 44.0
1559109017.79 43.5
1559109027.81 43.5
1559109037.83 42.9
1559109047.85 42.9
1559109057.87 43.5
1559109067.89 43.5
1559109077.91 43.5
1559109087.93 42.9
1559109097.95 42.9
1559109107.98 42.9
1559109118.0 43.5
1559109128.02 42.9
1559109138.04 42.9
1559109148.06 43.5
1559109158.08 42.9
1559109168.11 42.9
1559109178.13 43.5
1559109188.16 44.0
1559109198.18 43.5
1559109208.2 42.9
1559109218.22 42.9
1559109228.24 43.5
1559109238.26 43.5
1559109248.28 43.5
1559109258.3 42.9
1559109268.32 42.9
1559109278.34 43.5
1559109288.36 44.0
1559109298.38 42.9
1559109308.4 42.9
1559109318.42 43.5
1559109328.45 42.9
1559109338.47 42.9
1559109348.49 42.9
1559109358.5 44.0
1559109368.52 42.9
1559109378.54 44.0
1559109388.56 43.5
1559109398.58 42.9
1559109408.6 43.5
1559109418.62 42.9
1559109428.64 43.5
1559109438.65 43.5
1559109448.67 43.5
1559109458.7 43.5
1559109468.72 43.5
1559109478.74 42.9
1559109488.76 43.5
1559109498.78 43.5
1559109508.8 43.5
1559109518.82 44.0
1559109528.83 44.0
1559109538.85 44.0
1559109548.87 44.0
1559109558.88 44.0
1559109568.9 43.5
1559109578.92 42.9
1559109588.94 43.5
1559109598.96 44.0
