1559000005.35 56.4
1559000015.37 56.9
1559000025.38 56.9
1559000035.39 56.9
1559000045.4 56.4
1559000055.42 55.8
1559000065.43 56.9
1559000075.44 56.4
1559000085.45 56.4
1559000095.47 56.4
1559000105.47 56.4
1559000115.49 56.4
1559000125.5 56.9
1559000135.52 56.4
1559000145.54 56.9
1559000155.55 56.4
1559000165.57 56.4
1559000175.59 56.4
1559000185.62 56.4
1559000195.63 56.4
1559000205.65 56.4
1559000215.67 55.8
1559000225.68 56.4
1559000235.7 56.4
1559000245.71 56.9
1559000255.73 55.8
1559000265.74 56.9
1559000275.75 56.9
1559000285.76 56.9
1559000295.78 56.9
1559000305.79 56.9
1559000315.81 56.4
1559000325.82 56.9
1559000335.84 56.9
1559000345.86 56.9
1559000355.87 56.9
1559000365.88 56.9
1559000375.9 56.4
1559000385.92 56.4
1559000395.93 56.4
1559000405.95 55.8
1559000415.97 56.4
1559000425.98 56.4
1559000436.0 56.9
1559000446.02 55.8
1559000456.03 56.4
1559000466.05 56.9
1559000476.06 56.4
1559000486.07 56.9
1559000496.09 56.9
1559000506.1 56.4
1559000516.11 56.4
1559000526.13 56.4
1559000536.15 56.4
1559000546.17 56.4
1559000556.18 56.9
1559000566.2 56.4
1559000576.21 56.9
1559000586.23 56.9
1559000596.25 56.9
1559000606.26 56.4
1559000616.27 56.4
1559000626.29 55.8
1559000636.31 55.8
1559000646.34 55.8
1559000656.35 55.8
1559000666.37 56.4
1559000676.39 56.4
1559000686.41 55.8
1559000696.43 55.8
1559000706.44 56.4
1559000716.46 56.4
1559000726.48 55.8
1559000736.49 56.4
1559000746.51 55.8
1559000756.52 55.8
1559000766.54 55.8
1559000776.56 55.8
1559000786.58 55.8
1559000796.6 55.3
1559000806.62 56.4
1559000816.64 55.8
1559000826.66 55.8
1559000836.69 56.4
1559000846.71 55.8
1559000856.74 55.8
1559000866.75 55.8
1559000876.77 55.8
1559000886.78 55.3
1559000896.8 55.8
1559000906.82 55.8
1559000916.83 55.8
1559000926.85 55.8
1559000936.86 55.8
1559000946.88 55.8
1559000956.89 55.8
1559000966.9 56.4
1559000976.92 56.9
1559000986.93 56.4
1559000996.94 56.4
1559001006.95 56.4
1559001016.97 56.4
1559001026.99 56.9
1559001037.0 56.9
1559001047.02 55.8
1559001057.03 55.8
1559001067.04 55.8
1559001077.05 56.4
1559001087.07 56.9
1559001097.08 56.4
1559001107.09 56.9
1559001117.11 55.8
1559001127.12 56.9
1559001137.14 56.4
1559001147.15 56.9
1559001157.17 56.4
1559001167.18 56.9
1559001177.2 55.8
1559001187.22 56.4
1559001197.23 56.4
1559001207.25 56.4
1559001217.26 56.4
1559001227.27 56.4
1559001237.29 56.4
1559001247.3 56.9
1559001257.32 55.8
1559001267.33 55.8
1559001277.35 55.8
1559001287.37 55.8
1559001297.38 55.8
1559001307.4 55.8
1559001317.42 55.8
1559001327.44 55.3
1559001337.45 55.8
1559001347.46 56.4
1559001357.48 55.8
1559001367.49 55.3
1559001377.51 55.8
1559001387.52 55.8
1559001397.53 55.8
1559001407.55 55.8
1559001417.56 55.3
1559001427.58 55.8
1559001437.6 55.8
1559001447.61 55.8
1559001457.62 54.8
1559001467.63 55.3
1559001477.65 54.8
1559001487.67 55.3
1559001497.68 55.8
1559001507.69 54.2
1559001517.7 55.8
1559001527.72 54.8
1559001537.74 55.3
1559001547.75 54.8
1559001557.77 54.8
1559001567.78 54.8
1559001577.8 54.2
1559001587.81 54.8
1559001597.83 54.8
1559001607.85 58.0
1559001617.87 55.8
1559001627.88 56.4
1559001637.9 55.8
1559001647.92 55.8
1559001657.93 55.3
1559001667.95 55.8
1559001677.97 54.8
1559001687.99 55.8
1559001698.01 54.8
1559001708.02 55.3
1559001718.04 55.3
1559001728.05 54.8
1559001738.06 54.8
1559001748.08 54.8
1559001758.09 55.8
1559001768.11 54.8
1559001778.13 54.2
1559001788.14 55.8
1559001798.16 55.3
1559001808.17 54.8
1559001818.19 54.8
1559001828.2 55.3
1559001838.21 54.8
1559001848.22 55.8
1559001858.23 55.3
1559001868.25 55.3
1559001878.26 55.8
1559001888.28 54.8
1559001898.3 55.8
1559001908.31 55.8
1559001918.33 54.8
1559001928.35 54.8
1559001938.36 55.8
1559001948.38 55.3
1559001958.39 55.8
1559001968.42 54.8
1559001978.43 55.8
1559001988.44 55.8
1559001998.46 55.8
1559002008.48 55.8
1559002018.5 55.3
1559002028.51 55.8
1559002038.52 55.8
1559002048.53 55.8
1559002058.55 55.3
1559002068.56 55.8
1559002078.57 55.8
1559002088.58 55.8
1559002098.59 55.8
1559002108.61 55.8
1559002118.63 55.3
1559002128.64 55.8
1559002138.66 55.8
1559002148.68 55.8
1559002158.7 55.8
1559002168.71 55.8
1559002178.74 55.8
1559002188.75 56.4
1559002198.77 56.4
1559002208.79 55.8
1559002218.8 55.8
1559002228.81 55.8
1559002238.83 55.3
1559002248.85 56.4
1559002258.86 55.8
1559002268.88 55.8
1559002278.89 55.8
1559002288.9 56.4
1559002298.92 55.8
1559002308.94 55.8
1559002318.95 55.8
1559002328.97 55.8
1559002338.99 56.4
1559002349.0 55.8
1559002359.01 55.8
1559002369.03 56.4
1559002379.04 55.8
1559002389.05 56.4
1559002399.08 55.8
1559002409.09 56.4
1559002419.11 55.8
1559002429.13 55.8
1559002439.14 55.8
1559002449.15 55.8
1559002459.17 55.3
1559002469.19 55.8
1559002479.21 55.3
1559002489.22 55.8
1559002499.23 55.8
1559002509.25 55.8
1559002519.27 56.4
1559002529.28 55.8
1559002539.3 55.8
1559002549.32 55.8
1559002559.34 55.3
1559002569.36 55.8
1559002579.38 55.3
1559002589.39 55.8
1559002599.41 55.8
1559002609.42 55.8
1559002619.44 55.8
1559002629.45 55.8
1559002639.47 55.8
1559002649.49 55.3
1559002659.5 54.8
1559002669.52 54.8
1559002679.54 55.3
1559002689.56 55.8
1559002699.58 55.3
1559002709.6 54.8
1559002719.61 54.8
1559002729.63 54.8
1559002739.65 54.2
1559002749.67 54.8
1559002759.69 54.8
1559002769.71 54.2
1559002779.72 54.8
1559002789.75 53.7
1559002799.76 53.7
1559002809.78 53.7
1559002819.79 54.8
1559002829.81 54.8
1559002839.83 55.3
1559002849.85 54.8
1559002859.86 55.3
1559002869.88 55.3
1559002879.89 54.8
1559002889.91 54.8
1559002899.93 54.8
1559002909.95 54.8
1559002919.97 54.8
1559002929.99 55.8
1559002940.0 55.8
1559002950.01 55.8
1559002960.03 55.3
1559002970.04 55.8
1559002980.06 55.8
1559002990.08 55.8
1559003000.1 55.8
1559003010.11 55.3
1559003020.12 55.8
1559003030.13 56.4
1559003040.14 55.3
1559003050.16 55.8
1559003060.19 55.8
1559003070.21 55.8
1559003080.23 55.8
1559003090.25 55.3
1559003100.26 54.8
1559003110.29 54.8
1559003120.31 55.8
1559003130.32 56.4
1559003140.34 55.3
1559003150.36 55.3
1559003160.38 55.8
1559003170.39 55.8
1559003180.41 54.2
1559003190.43 54.8
1559003200.44 54.2
1559003210.46 55.3
1559003220.47 55.3
1559003230.48 55.8
1559003240.5 55.3
1559003250.51 55.8
1559003260.52 55.8
1559003270.53 55.8
1559003280.54 55.8
1559003290.56 55.3
1559003300.58 54.8
1559003310.59 55.8
1559003320.61 55.3
1559003330.62 55.8
1559003340.63 54.8
1559003350.64 54.8
1559003360.65 55.8
1559003370.67 55.3
1559003380.69 54.8
1559003390.71 54.8
1559003400.72 54.8
1559003410.74 55.8
1559003420.75 55.3
1559003430.77 54.2
1559003440.79 54.8
1559003450.8 54.8
1559003460.81 54.8
1559003470.83 55.8
1559003480.84 55.3
1559003490.85 55.3
1559003500.86 54.8
1559003510.88 54.8
1559003520.89 54.2
1559003530.91 53.7
1559003540.92 53.7
1559003550.93 54.2
1559003560.95 53.7
1559003570.96 54.2
1559003580.98 54.2
1559003591.0 53.7
1559003601.01 53.7
1559003611.03 54.8
1559003621.04 54.2
1559003631.05 54.8
1559003641.06 53.7
1559003651.07 53.7
1559003661.09 54.2
1559003671.1 54.8
1559003681.12 54.8
1559003691.13 54.8
1559003701.15 54.8
1559003711.17 54.8
1559003721.18 55.8
1559003731.19 55.3
1559003741.21 54.8
1559003751.22 55.3
1559003761.23 54.8
1559003771.25 54.8
1559003781.27 55.3
1559003791.28 54.8
1559003801.29 54.2
1559003811.31 53.7
1559003821.32 54.8
1559003831.34 55.3
1559003841.36 55.3
1559003851.38 54.8
1559003861.39 55.3
1559003871.41 55.8
1559003881.42 55.8
1559003891.43 55.8
1559003901.44 54.8
1559003911.45 55.3
1559003921.46 54.8
1559003931.47 55.8
1559003941.48 54.8
1559003951.5 55.8
1559003961.52 55.8
1559003971.53 55.8
1559003981.55 55.8
1559003991.56 54.8
1559004001.57 55.3
1559004011.59 55.3
1559004021.61 55.8
1559004031.63 55.8
1559004041.64 55.3
1559004051.66 54.8
1559004061.67 55.8
1559004071.7 55.3
1559004081.71 55.8
1559004091.73 55.3
1559004101.75 54.8
1559004111.76 55.8
1559004121.78 55.8
1559004131.79 54.8
1559004141.8 54.8
1559004151.82 55.3
1559004161.84 54.8
1559004171.86 55.3
1559004181.87 54.8
1559004191.89 54.8
1559004201.9 55.8
1559004211.92 54.2
1559004221.93 54.8
1559004231.94 55.3
1559004241.95 55.3
1559004251.97 55.3
1559004261.99 54.2
1559004272.01 55.3
1559004282.02 54.8
1559004292.03 54.8
1559004302.05 54.8
1559004312.07 54.8
1559004322.08 55.3
1559004332.1 54.8
1559004342.11 54.8
1559004352.12 55.3
1559004362.14 54.2
1559004372.15 54.8
1559004382.17 54.8
1559004392.18 54.2
1559004402.2 54.8
1559004412.21 54.8
1559004422.22 54.8
1559004432.24 54.8
1559004442.26 53.7
1559004452.28 54.2
1559004462.29 55.3
1559004472.31 55.8
1559004482.32 54.2
1559004492.34 55.3
1559004502.35 54.8
1559004512.37 55.3
1559004522.39 54.8
1559004532.4 54.8
1559004542.41 54.8
1559004552.43 54.2
1559004562.45 54.8
1559004572.47 54.8
1559004582.48 55.3
1559004592.5 55.3
1559004602.51 53.7
1559004612.53 55.3
1559004622.55 54.8
1559004632.57 54.2
1559004642.59 54.2
1559004652.61 54.8
1559004662.62 54.8
1559004672.64 54.2
1559004682.65 54.8
1559004692.67 53.7
1559004702.69 54.8
1559004712.7 54.8
1559004722.72 53.7
1559004732.73 54.2
1559004742.75 54.2
1559004752.76 54.8
1559004762.78 53.7
1559004772.8 53.7
1559004782.82 54.2
1559004792.84 53.7
1559004802.86 53.7
1559004812.87 53.7
1559004822.88 54.2
1559004832.89 54.2
1559004842.91 53.7
1559004852.92 54.2
1559004862.94 53.2
1559004872.96 53.7
1559004882.96 53.7
1559004892.98 52.6
1559004902.99 53.7
1559004913.01 53.7
1559004923.03 53.7
1559004933.05 53.7
1559004943.07 53.7
1559004953.08 54.2
1559004963.1 53.7
1559004973.11 53.7
1559004983.13 53.7
1559004993.15 53.7
1559005003.17 53.7
1559005013.19 53.7
1559005023.2 53.7
1559005033.22 53.7
1559005043.24 53.7
1559005053.25 53.7
1559005063.27 53.7
1559005073.29 53.7
1559005083.31 53.7
1559005093.33 53.7
1559005103.35 53.7
1559005113.37 53.7
1559005123.39 53.7
1559005133.41 52.6
1559005143.42 53.7
1559005153.45 53.7
1559005163.46 53.7
1559005173.48 52.6
1559005183.49 53.7
1559005193.51 54.2
