1559600009.38 58.0
1559600019.4 58.0
1559600029.41 58.0
1559600039.43 58.0
1559600049.44 58.0
1559600059.46 57.5
1559600069.48 57.5
1559600079.5 58.0
1559600089.51 58.0
1559600099.53 58.0
1559600109.54 58.5
1559600119.56 58.0
1559600129.57 58.0
1559600139.58 58.0
1559600149.59 58.0
1559600159.61 58.0
1559600169.62 57.5
1559600179.64 58.5
1559600189.65 58.0
1559600199.67 58.5
1559600209.68 58.0
1559600219.7 58.0
1559600229.71 58.0
1559600239.73 58.0
1559600249.74 58.0
1559600259.76 58.0
1559600269.78 58.0
1559600279.8 58.0
1559600289.81 58.0
1559600299.83 56.9
1559600309.84 58.0
1559600319.85 58.0
1559600329.86 58.0
1559600339.88 57.5
1559600349.89 58.0
1559600359.9 57.5
1559600369.92 56.9
1559600379.94 58.5
1559600389.96 58.0
1559600399.97 57.5
1559600409.99 58.0
1559600420.0 58.0
1559600430.01 58.0
1559600440.03 58.0
1559600450.04 58.0
1559600460.05 58.0
1559600470.07 56.9
1559600480.09 58.0
1559600490.1 58.0
1559600500.12 57.5
1559600510.13 58.0
1559600520.15 56.9
1559600530.16 58.0
1559600540.17 58.0
1559600550.27 58.0
1559600560.29 58.0
1559600570.3 58.0
1559600580.32 58.0
1559600590.34 56.9
1559600600.36 57.5
1559600610.38 58.0
1559600620.39 57.5
1559600630.4 58.0
1559600640.42 57.5
1559600650.43 58.0
1559600660.45 58.0
1559600670.47 58.0
1559600680.48 58.0
1559600690.49 58.0
1559600700.51 58.0
1559600710.52 57.5
1559600720.53 58.0
1559600730.54 57.5
1559600740.57 58.0
1559600750.58 56.9
1559600760.6 57.5
1559600770.61 58.0
1559600780.63 56.9
1559600790.65 58.0
1559600800.67 58.0
1559600810.68 58.0
1559600820.7 56.9
1559600830.71 58.0
1559600840.72 58.0
1559600850.74 58.0
1559600860.75 58.0
1559600870.76 58.0
1559600880.77 58.0
1559600890.79 58.0
1559600900.8 57.5
1559600910.82 58.0
1559600920.83 58.0
1559600930.86 58.0
1559600940.87 58.0
1559600950.88 58.0
1559600960.9 58.0
1559600970.92 58.0
1559600980.93 58.0
1559600990.96 58.0
1559601000.98 58.0
1559601011.06 58.0
1559601021.07 58.0
1559601031.08 58.0
1559601041.09 58.0
1559601051.11 58.0
1559601061.13 58.0
1559601071.14 56.9
1559601081.16 58.0
1559601091.17 58.0
1559601101.19 58.0
1559601111.21 58.0
1559601121.23 58.0
1559601131.25 58.0
1559601141.27 58.0
1559601151.29 58.0
1559601161.3 58.0
1559601171.31 58.0
1559601181.32 58.0
1559601191.34 58.0
1559601201.36 58.0
1559601211.37 58.5
1559601221.39 58.0
1559601231.4 58.0
1559601241.42 56.9
1559601251.44 58.0
1559601261.45 56.9
1559601271.47 57.5
1559601281.49 58.0
1559601291.51 58.0
1559601301.52 58.0
1559601311.54 58.0
1559601321.56 57.5
1559601331.58 58.5
1559601341.6 58.0
1559601351.61 58.0
1559601361.62 58.0
1559601371.64 58.0
1559601381.65 58.0
1559601391.66 57.5
1559601401.68 57.5
1559601411.7 57.5
1559601421.72 56.9
1559601431.73 58.0
1559601441.75 58.0
1559601451.77 56.9
1559601461.79 56.9
1559601471.8 58.0
1559601481.81 57.5
1559601491.83 58.0
1559601501.85 56.9
1559601511.87 57.5
1559601521.89 56.4
1559601531.9 56.9
1559601541.91 56.9
1559601551.92 57.5
1559601561.93 56.9
1559601571.95 57.5
1559601581.96 56.9
1559601591.99 56.9
1559601602.01 55.8
1559601612.02 56.9
1559601622.04 56.9
1559601632.05 56.9
1559601642.07 56.9
1559601652.08 56.9
1559601662.1 56.9
1559601672.12 56.9
1559601682.13 57.5
1559601692.15 56.9
1559601702.17 58.0
1559601712.18 58.0
1559601722.2 57.5
1559601732.22 56.9
1559601742.23 56.9
1559601752.26 56.9
1559601762.28 57.5
1559601772.3 56.9
1559601782.32 56.9
1559601792.34 57.5
1559601802.36 57.5
1559601812.38 56.9
1559601822.4 57.5
1559601832.41 58.0
1559601842.43 58.0
1559601852.45 58.0
1559601862.47 58.0
1559601872.48 58.0
1559601882.5 56.9
1559601892.53 56.9
1559601902.54 57.5
1559601912.56 58.0
1559601922.57 58.0
1559601932.59 58.0
1559601942.61 58.0
1559601952.63 58.0
1559601962.65 58.0
1559601972.66 58.0
1559601982.68 58.0
1559601992.69 56.9
1559602002.71 58.0
1559602012.73 58.0
1559602022.75 57.5
1559602032.77 58.0
1559602042.79 58.0
1559602052.81 56.9
1559602062.83 57.5
1559602072.84 58.0
1559602082.86 58.0
1559602092.87 58.0
1559602102.89 58.0
1559602112.91 56.9
1559602122.92 57.5
1559602132.94 56.9
1559602142.95 57.5
1559602152.96 57.5
1559602162.98 58.0
1559602172.99 58.0
1559602183.0 57.5
1559602193.01 56.9
1559602203.02 58.0
1559602213.04 57.5
1559602223.06 58.0
1559602233.07 58.0
1559602243.09 58.0
1559602253.11 58.0
1559602263.12 58.0
1559602273.13 58.0
1559602283.14 58.0
1559602293.16 56.9
1559602303.18 57.5
1559602313.19 58.0
1559602323.2 58.0
1559602333.22 58.0
1559602343.24 57.5
1559602353.25 56.9
1559602363.27 58.0
1559602373.28 56.9
1559602383.3 56.9
1559602393.32 58.0
1559602403.33 58.0
1559602413.34 58.0
1559602423.36 58.0
1559602433.37 58.0
1559602443.39 58.0
1559602453.4 58.0
1559602463.42 58.5
1559602473.43 59.1
1559602483.45 58.0
1559602493.47 58.0
1559602503.48 58.0
1559602513.5 57.5
1559602523.52 58.0
1559602533.54 59.1
1559602543.56 58.0
1559602553.58 58.0
1559602563.59 58.5
1559602573.6 58.0
1559602583.62 58.5
1559602593.63 58.0
1559602603.65 58.0
1559602613.67 58.0
1559602623.68 56.9
1559602633.7 58.0
1559602643.73 58.0
1559602653.74 57.5
1559602663.75 58.0
1559602673.76 56.9
1559602683.78 58.0
1559602693.79 58.0
1559602703.8 58.0
1559602713.83 58.0
1559602723.84 58.0
1559602733.85 58.0
1559602743.87 58.0
1559602753.89 58.0
1559602763.91 56.4
1559602773.92 58.0
1559602783.94 57.5
1559602793.96 56.9
1559602803.97 56.9
