1559200009.49 44.5
1559200019.51 45.1
1559200029.53 44.5
1559200039.55 44.5
1559200049.57 45.1
1559200059.59 45.1
1559200069.61 45.1
1559200079.63 45.1
1559200089.65 44.5
1559200099.68 44.5
1559200109.7 44.5
1559200119.72 44.0
1559200129.74 44.0
1559200139.76 44.0
1559200149.78 45.1
1559200159.79 45.1
1559200169.81 45.1
1559200179.83 45.1
1559200189.85 45.1
1559200199.87 45.1
1559200209.88 45.1
1559200219.9 44.5
1559200229.93 44.5
1559200239.95 45.1
1559200249.97 45.1
1559200259.99 45.1
1559200270.01 45.1
1559200280.03 45.1
1559200290.05 45.1
1559200300.06 45.1
1559200310.09 46.2
1559200320.11 45.1
1559200330.12 46.2
1559200340.13 45.1
1559200350.15 45.1
1559200360.17 45.1
1559200370.19 45.1
1559200380.21 45.1
1559200390.24 44.5
1559200400.26 44.5
1559200410.28 45.1
1559200420.3 45.6
1559200430.32 44.5
1559200440.35 44.5
1559200450.36 45.1
1559200460.38 45.1
1559200470.41 45.1
1559200480.44 45.1
1559200490.46 44.5
1559200500.48 45.6
1559200510.49 45.1
1559200520.52 45.1
1559200530.54 44.0
1559200540.56 45.1
1559200550.58 45.1
1559200560.61 45.1
1559200570.63 45.1
1559200580.65 45.1
1559200590.67 45.1
1559200600.69 45.1
1559200610.71 45.1
1559200620.74 45.1
1559200630.76 45.1
1559200640.77 45.1
1559200650.81 44.5
1559200660.82 45.1
1559200670.84 45.1
1559200680.86 45.1
1559200690.89 44.5
1559200700.91 45.1
1559200710.93 44.5
1559200720.95 45.1
1559200730.97 44.5
1559200740.99 45.6
1559200751.01 45.1
1559200761.02 45.1
1559200771.04 45.1
1559200781.07 45.1
1559200791.08 45.1
1559200801.1 45.1
1559200811.12 45.1
1559200821.14 45.1
1559200831.16 45.1
1559200841.18 45.1
1559200851.19 45.1
1559200861.21 45.1
1559200871.23 45.1
1559200881.24 45.1
1559200891.26 45.1
1559200901.28 45.1
1559200911.3 45.1
1559200921.32 45.1
1559200931.34 45.6
1559200941.37 45.1
1559200951.39 45.1
1559200961.41 45.1
1559200971.43 45.1
1559200981.44 45.6
1559200991.46 45.6
1559201001.47 45.1
1559201011.49 45.6
1559201021.5 45.1
1559201031.52 45.1
1559201041.54 45.1
1559201051.56 45.1
1559201061.57 45.1
1559201071.59 45.6
1559201081.61 45.1
1559201091.63 45.1
1559201101.64 44.5
1559201111.66 45.1
1559201121.68 45.6
1559201131.7 45.1
1559201141.72 45.1
1559201151.74 45.1
1559201161.76 45.1
1559201171.78 45.1
1559201181.8 45.1
1559201191.82 44.5
1559201201.84 44.5
1559201211.86 44.5
1559201221.88 45.1
1559201231.9 45.1
1559201241.92 44.5
1559201251.94 45.1
1559201261.96 45.1
1559201271.99 45.1
1559201282.0 44.0
1559201292.01 45.1
1559201302.04 45.1
1559201312.05 44.0
1559201322.07 44.5
1559201332.09 45.1
1559201342.11 45.1
1559201352.13 45.1
1559201362.15 45.1
1559201372.17 45.1
1559201382.19 45.1
1559201392.21 45.1
1559201402.23 45.1
1559201412.24 45.1
1559201422.27 44.5
1559201432.29 45.1
1559201442.31 44.5
1559201452.33 45.1
1559201462.35 45.1
1559201472.37 45.1
1559201482.39 45.1
1559201492.41 44.0
1559201502.42 45.6
1559201512.44 45.1
1559201522.47 45.1
1559201532.49 45.1
1559201542.51 45.1
1559201552.53 45.1
1559201562.55 44.5
1559201572.57 44.5
1559201582.59 45.1
1559201592.6 45.1
1559201602.62 45.6
1559201612.64 45.1
1559201622.65 45.1
1559201632.67 44.5
1559201642.69 45.6
1559201652.71 45.1
1559201662.73 45.1
1559201672.75 45.1
1559201682.77 45.1
1559201692.79 44.5
1559201702.8 45.6
1559201712.82 44.5
1559201722.84 45.1
1559201732.86 45.1
1559201742.88 45.1
1559201752.9 44.5
1559201762.92 45.1
1559201772.94 45.1
1559201782.95 45.1
1559201792.97 45.6
1559201802.99 44.5
1559201813.01 45.1
1559201823.03 45.1
1559201833.05 45.1
1559201843.06 44.5
1559201853.08 45.1
1559201863.1 45.1
1559201873.12 45.6
1559201883.13 44.5
1559201893.15 45.1
1559201903.17 45.1
1559201913.18 45.1
1559201923.2 45.1
1559201933.22 44.5
1559201943.23 44.5
1559201953.25 45.1
1559201963.28 45.1
1559201973.3 44.5
1559201983.32 45.1
1559201993.34 45.1
1559202003.36 44.5
1559202013.38 45.1
1559202023.4 44.5
1559202033.42 45.1
1559202043.44 45.1
1559202053.45 46.2
1559202063.47 45.1
1559202073.49 45.1
1559202083.51 44.5
1559202093.53 45.1
1559202103.55 45.1
1559202113.57 45.1
1559202123.59 45.1
1559202133.61 44.5
1559202171.55 46.2
1559202181.57 46.2
1559202191.59 45.1
1559202201.61 45.1
1559202211.63 45.1
1559202221.66 45.1
1559202231.68 45.1
1559202241.69 45.1
1559202251.71 45.1
1559202261.72 45.6
1559202271.74 45.1
1559202281.75 45.1
1559202291.77 44.5
1559202301.79 45.1
1559202311.81 45.1
1559202321.82 45.1
1559202331.84 45.1
1559202341.86 45.1
1559202351.88 44.5
1559202361.89 44.5
1559202371.91 45.1
1559202381.93 45.1
1559202391.95 44.5
1559202401.96 45.1
1559202411.98 45.1
1559202421.99 45.1
1559202432.01 45.1
1559202442.02 45.1
1559202452.04 45.1
1559202462.06 45.1
1559202472.08 45.1
1559202482.09 45.1
1559202492.1 45.1
1559202502.12 45.1
1559202512.14 44.5
1559202522.15 45.1
1559202532.16 45.1
1559202542.18 45.1
1559202552.2 45.1
1559202562.21 45.1
1559202572.23 45.1
1559202582.25 44.0
1559202592.27 45.1
1559202602.3 45.1
1559202612.32 44.5
1559202622.34 45.1
1559202632.36 45.1
1559202642.37 45.1
1559202652.39 45.1
1559202662.41 44.5
1559202672.43 44.0
1559202682.45 45.1
1559202692.47 45.1
1559202702.49 45.1
1559202712.51 45.1
1559202722.53 44.5
1559202732.55 45.1
1559202742.57 44.5
1559202752.58 45.6
1559202762.59 45.1
1559202772.61 45.6
1559202782.63 44.5
1559202792.65 45.1
1559202802.67 45.1
1559202812.69 45.1
1559202822.71 45.1
1559202832.73 45.1
1559202842.75 44.5
1559202852.78 45.1
1559202862.8 45.1
1559202872.82 45.1
1559202882.84 45.1
1559202892.85 45.6
1559202902.87 46.2
1559202912.88 45.1
1559202922.91 45.1
1559202932.93 45.1
1559202942.94 45.1
1559202952.96 45.1
1559202962.97 45.1
1559202972.99 45.1
1559202983.01 46.2
1559202993.03 45.1
1559203003.04 45.6
1559203013.06 45.1
1559203023.08 45.1
1559203033.1 45.1
1559203043.12 45.1
1559203053.14 44.5
1559203063.16 45.1
1559203073.18 45.6
1559203083.2 45.1
1559203093.24 45.1
1559203103.26 45.1
1559203113.27 46.2
1559203123.28 45.1
1559203133.3 44.5
1559203143.31 45.1
1559203153.33 45.6
1559203163.34 45.6
1559203173.36 45.6
1559203183.37 45.1
1559203193.39 45.1
1559203203.4 46.2
