1559700007.48 53.7
1559700017.51 53.7
1559700027.53 53.2
1559700037.55 52.6
1559700047.56 53.2
1559700057.58 52.6
1559700067.59 52.6
1559700077.62 52.1
1559700087.63 52.1
1559700097.65 52.1
1559700107.67 52.6
1559700117.69 52.1
1559700127.71 52.6
1559700137.72 52.6
1559700147.73 53.2
1559700157.74 52.6
1559700167.77 53.2
1559700177.78 52.6
1559700187.79 53.7
1559700197.81 52.6
1559700207.83 53.2
1559700217.85 53.2
1559700227.86 52.6
1559700237.88 52.6
1559700247.9 53.2
1559700257.92 53.7
1559700267.93 53.7
1559700277.95 53.2
1559700287.96 53.7
1559700297.98 52.6
1559700308.0 53.7
1559700318.01 54.2
1559700328.03 53.7
1559700338.04 54.2
1559700348.05 53.7
1559700358.07 53.7
1559700368.08 53.7
1559700378.1 53.7
1559700388.11 54.2
1559700398.12 53.7
1559700408.14 52.6
1559700418.15 53.7
1559700428.16 53.7
1559700438.18 53.7
1559700448.19 54.2
1559700458.21 54.2
1559700468.23 54.8
1559700478.24 54.8
1559700488.26 54.8
1559700498.28 53.7
1559700508.3 53.7
1559700518.32 53.7
1559700528.34 53.7
1559700538.36 53.7
1559700548.37 54.2
1559700558.38 54.8
1559700568.39 55.3
1559700578.41 54.8
1559700588.42 54.8
1559700598.43 54.2
1559700608.45 54.8
1559700618.46 55.3
1559700628.48 55.8
1559700638.5 54.8
1559700648.52 54.8
1559700658.53 55.3
1559700668.55 55.3
1559700678.57 54.2
1559700688.58 53.7
1559700698.59 54.2
1559700708.61 54.8
1559700718.65 54.2
1559700728.66 54.2
1559700738.68 54.8
1559700748.7 53.7
1559700758.72 54.2
1559700768.74 54.2
1559700778.75 54.8
1559700788.77 54.2
1559700798.79 54.2
1559700808.8 54.2
1559700818.82 54.2
1559700828.84 54.8
1559700838.85 54.8
1559700848.87 54.8
1559700858.89 54.8
1559700868.9 54.8
1559700878.92 54.8
1559700888.94 55.3
1559700898.95 54.8
1559700908.97 54.8
1559700918.99 54.2
1559700929.0 54.8
1559700939.02 55.3
1559700949.04 54.8
1559700959.06 54.8
1559700969.08 54.2
1559700979.09 54.8
1559700989.11 54.8
1559700999.13 54.8
1559701009.14 54.8
1559701019.16 54.8
1559701029.18 53.7
1559701039.2 53.7
1559701049.22 55.3
1559701059.24 54.8
1559701069.25 54.8
1559701079.27 54.2
1559701089.28 54.8
1559701099.29 54.8
1559701109.3 54.8
1559701119.32 54.2
1559701129.34 54.2
1559701139.37 54.2
1559701149.38 54.8
1559701159.4 54.8
1559701169.41 54.2
1559701179.43 54.2
1559701189.44 54.2
1559701199.46 54.2
1559701209.47 54.2
1559701219.49 54.2
1559701229.51 53.7
1559701239.53 54.8
1559701249.54 54.8
1559701259.56 54.8
1559701269.58 55.3
1559701279.6 55.3
1559701289.61 54.8
1559701299.63 55.3
1559701309.65 54.8
1559701319.67 54.2
1559701329.68 54.8
1559701339.7 55.3
1559701349.72 54.8
1559701359.74 54.8
1559701369.76 54.8
1559701379.77 54.8
1559701389.79 54.2
1559701399.81 54.8
1559701409.83 55.3
1559701419.84 55.3
1559701429.86 55.3
1559701439.87 54.8
1559701449.88 55.3
1559701459.9 54.2
1559701469.92 54.8
1559701479.94 55.3
1559701489.96 55.8
1559701499.97 55.8
1559701509.99 55.8
1559701520.0 55.8
1559701530.02 55.8
1559701540.04 55.8
1559701550.06 54.2
1559701560.07 54.8
1559701570.09 54.8
1559701580.11 55.3
1559701590.13 54.8
1559701600.14 54.8
1559701610.16 55.8
1559701620.17 55.3
1559701630.18 54.8
1559701640.2 55.3
1559701650.21 54.8
1559701660.23 54.8
1559701670.25 55.3
1559701680.27 54.8
1559701690.29 54.8
1559701700.31 55.3
1559701710.32 54.2
1559701720.34 54.8
1559701730.36 54.8
1559701740.37 54.8
1559701750.39 55.3
1559701760.4 54.8
1559701770.43 54.8
1559701780.44 55.3
1559701790.46 54.2
1559701800.48 54.8
1559701810.49 55.3
1559701820.51 54.8
1559701830.52 55.8
1559701840.54 54.8
1559701850.56 54.8
1559701860.58 54.8
1559701870.6 55.3
1559701880.62 54.8
1559701890.62 55.3
1559701900.64 55.3
1559701910.65 55.8
1559701920.67 54.8
1559701930.68 54.8
1559701940.7 54.8
1559701950.72 54.8
1559701960.73 54.8
1559701970.75 53.7
1559701980.78 54.2
1559701990.8 54.2
1559702000.81 55.3
1559702010.83 55.3
1559702020.85 55.3
1559702030.86 54.8
1559702040.87 54.8
1559702050.89 54.8
1559702060.91 54.2
1559702070.93 54.8
1559702080.95 54.8
1559702090.97 54.8
1559702100.98 54.8
1559702111.0 54.8
1559702121.02 55.3
1559702131.03 55.3
1559702141.05 55.3
1559702151.07 54.8
1559702161.09 54.8
1559702171.11 54.8
1559702181.13 55.3
1559702191.14 54.8
1559702201.16 54.8
1559702211.18 55.3
1559702221.19 54.8
1559702231.21 54.8
1559702241.22 54.8
1559702251.24 54.2
1559702261.26 55.3
1559702271.28 55.3
1559702281.29 54.8
1559702291.31 54.8
1559702301.33 54.8
1559702311.33 54.8
1559702321.35 54.8
1559702331.37 55.8
1559702341.38 54.8
1559702351.39 54.8
1559702361.41 55.3
1559702371.43 54.8
1559702381.45 54.8
1559702391.47 54.8
1559702401.49 54.2
1559702411.51 55.3
1559702421.52 55.3
1559702431.54 54.8
1559702441.56 54.8
1559702451.58 54.8
1559702461.59 54.8
1559702471.61 55.3
1559702481.63 53.7
1559702491.65 54.2
1559702501.67 53.7
1559702511.68 54.8
1559702521.7 54.8
1559702531.72 54.2
1559702541.73 54.8
1559702551.75 54.8
1559702561.76 54.2
1559702571.78 54.2
1559702581.79 54.2
1559702591.81 54.2
1559702601.83 53.7
1559702611.85 54.8
1559702621.86 54.2
1559702631.88 53.7
1559702641.91 53.7
1559702651.93 53.7
1559702661.95 53.7
1559702671.96 53.7
1559702681.98 53.7
1559702692.0 54.8
1559702702.02 53.7
1559702712.04 54.8
1559702722.05 54.2
1559702732.07 53.7
1559702742.1 53.2
1559702752.11 54.8
1559702762.13 53.7
1559702772.15 53.7
1559702782.18 53.7
1559702792.2 53.7
1559702802.22 53.7
1559702812.23 53.7
1559702822.25 53.7
1559702832.28 53.7
1559702842.3 53.7
1559702852.32 53.7
1559702862.34 54.2
1559702872.35 53.7
1559702882.37 53.7
1559702892.39 53.7
1559702902.41 53.7
1559702912.43 53.7
1559702922.45 52.6
1559702932.47 53.7
1559702942.49 53.7
1559702952.49 53.7
1559702962.51 53.7
1559702972.52 53.7
1559702982.54 53.7
1559702992.56 52.6
1559703002.58 53.7
1559703012.6 53.7
1559703022.61 53.7
1559703032.63 53.7
1559703042.65 52.6
1559703052.67 53.7
1559703062.69 52.6
1559703072.71 52.6
1559703082.73 53.2
1559703092.75 52.6
1559703102.76 53.2
1559703112.79 53.2
1559703122.81 52.6
1559703132.83 52.6
1559703142.84 52.6
1559703152.85 53.2
1559703162.87 53.2
1559703172.89 53.2
1559703182.91 52.6
1559703192.93 52.6
1559703202.95 52.6
1559703212.97 52.6
1559703222.99 53.2
1559703233.01 52.6
1559703243.02 52.6
1559703253.04 52.1
1559703263.06 52.6
1559703273.08 52.6
1559703283.1 53.2
1559703293.12 52.1
1559703303.14 52.6
1559703313.16 53.2
1559703323.18 52.1
1559703333.2 52.1
1559703343.21 52.6
1559703353.23 52.6
1559703363.26 52.1
1559703373.28 52.1
1559703383.29 53.2
1559703393.31 52.6
1559703403.33 52.6
1559703413.35 52.6
1559703423.37 52.1
1559703433.38 52.1
1559703443.4 52.6
1559703453.42 52.6
1559703463.44 53.2
1559703473.46 52.6
1559703483.48 52.6
1559703493.49 52.6
1559703503.51 52.6
1559703513.54 52.6
1559703523.55 52.6
1559703533.57 53.2
1559703543.58 53.2
1559703553.6 52.6
1559703563.62 53.2
1559703573.64 52.6
1559703583.66 52.1
1559703593.67 53.2
1559703603.69 52.6
