1559300005.61 52.1
1559300015.62 51.5
1559300025.63 51.5
1559300035.65 52.1
1559300045.67 51.5
1559300055.69 51.5
1559300065.7 52.1
1559300075.71 51.5
1559300085.72 52.1
1559300095.74 51.5
1559300105.75 52.1
1559300115.77 51.5
1559300125.79 51.5
1559300135.81 51.5
1559300145.83 52.1
1559300155.84 51.5
1559300165.86 51.5
1559300175.88 51.5
1559300185.89 52.1
1559300195.91 51.0
1559300205.92 51.5
1559300215.93 52.6
1559300225.94 52.1
1559300235.96 51.5
1559300245.97 52.6
1559300255.98 52.1
1559300266.0 52.1
1559300276.01 52.6
1559300286.03 52.1
1559300296.05 52.1
1559300306.06 52.6
1559300316.08 51.5
1559300326.09 51.5
1559300336.11 52.6
1559300346.13 51.5
1559300356.15 51.5
1559300366.17 51.5
1559300376.18 52.1
1559300386.2 52.6
1559300396.22 51.5
1559300406.24 52.6
