1560100002.12 77.9
1560100012.14 77.9
1560100022.16 78.4
1560100032.18 78.4
1560100042.2 78.4
1560100052.22 77.9
1560100062.23 77.9
1560100072.25 77.9
1560100082.27 77.9
1560100092.29 77.4
1560100102.31 77.9
1560100112.33 77.4
1560100122.34 77.4
1560100132.36 77.9
1560100142.37 77.4
1560100152.38 77.4
1560100162.4 77.4
1560100172.41 77.4
1560100182.43 77.9
1560100192.45 77.9
1560100202.47 78.4
1560100212.48 78.4
1560100222.49 77.9
1560100232.51 78.4
1560100242.53 77.9
1560100252.54 78.4
1560100262.56 78.4
1560100272.57 79.0
1560100282.59 77.9
1560100292.6 78.4
1560100302.62 78.4
1560100312.64 78.4
1560100322.65 78.4
1560100332.67 77.9
1560100342.69 77.9
1560100352.7 78.4
1560100362.72 78.4
1560100372.74 77.9
1560100382.75 77.9
1560100392.76 77.9
1560100402.78 77.4
1560100412.8 77.9
1560100422.81 77.4
1560100432.83 77.9
1560100442.84 77.9
1560100452.86 77.9
1560100462.88 77.9
1560100472.89 77.9
1560100482.91 77.9
1560100492.92 77.9
1560100502.94 78.4
1560100512.96 77.9
1560100522.98 77.9
1560100533.0 78.4
1560100543.01 78.4
1560100553.03 77.9
1560100563.06 78.4
1560100573.07 78.4
1560100583.09 78.4
1560100593.11 78.4
1560100603.13 78.4
1560100613.14 78.4
1560100623.15 78.4
1560100633.16 77.4
1560100643.18 77.9
1560100653.19 77.9
1560100663.21 78.4
1560100673.23 77.9
1560100683.24 77.9
1560100693.26 77.4
1560100703.28 78.4
1560100713.29 78.4
1560100723.3 78.4
1560100733.31 78.4
1560100743.32 78.4
1560100753.34 78.4
1560100763.35 78.4
1560100773.36 78.4
1560100783.38 77.4
1560100793.39 78.4
1560100803.41 77.9
1560100813.43 77.9
1560100823.44 77.9
1560100833.46 78.4
1560100843.47 77.4
1560100853.49 78.4
1560100863.5 77.4
1560100873.51 78.4
1560100883.52 77.9
1560100893.54 78.4
1560100903.56 79.5
1560100913.57 78.4
1560100923.58 78.4
1560100933.6 78.4
1560100943.62 78.4
1560100953.63 79.5
1560100963.65 78.4
1560100973.66 79.0
1560100983.68 79.0
1560100993.7 79.5
1560101003.71 79.5
1560101013.72 79.5
1560101023.74 79.5
1560101033.76 79.5
1560101043.77 79.5
1560101053.79 79.5
1560101063.81 79.5
1560101073.83 79.0
1560101083.84 79.5
1560101093.85 80.1
1560101103.87 80.1
1560101113.89 80.1
1560101123.9 80.6
1560101133.91 80.6
1560101143.92 80.6
1560101153.93 80.6
1560101163.94 80.6
1560101173.96 81.1
1560101183.97 81.7
1560101193.98 80.6
1560101204.0 80.6
1560101214.01 80.6
1560101224.03 80.6
1560101234.04 80.6
1560101244.06 79.5
1560101254.08 80.1
1560101264.09 79.5
1560101274.1 79.5
1560101284.12 79.5
1560101294.13 79.5
1560101304.14 80.1
1560101314.16 80.1
1560101324.18 79.5
1560101334.19 80.1
1560101344.21 80.1
1560101354.23 79.5
1560101364.24 79.5
1560101374.25 80.1
1560101384.27 79.5
1560101394.28 79.5
1560101404.3 79.0
1560101414.31 79.5
1560101424.33 78.4
1560101434.35 79.0
1560101444.37 79.5
1560101454.38 79.5
1560101464.4 79.5
1560101474.42 79.5
1560101484.43 79.5
1560101494.45 78.4
1560101504.47 79.5
1560101514.48 79.5
1560101524.49 79.5
1560101534.51 79.0
1560101544.53 79.0
1560101554.54 78.4
1560101564.56 79.0
1560101574.58 78.4
1560101584.6 78.4
1560101594.62 78.4
1560101604.64 78.4
1560101614.66 78.4
1560101624.68 78.4
1560101634.69 78.4
1560101644.7 78.4
1560101654.72 78.4
1560101664.73 78.4
1560101674.75 78.4
1560101684.76 79.0
1560101694.78 78.4
1560101704.79 78.4
1560101714.81 78.4
1560101724.82 77.9
1560101734.84 79.0
1560101744.85 78.4
1560101754.86 78.4
1560101764.87 78.4
1560101774.89 77.4
1560101784.91 77.4
1560101794.92 78.4
1560101804.93 78.4
1560101814.94 77.9
1560101824.96 78.4
1560101834.97 78.4
1560101844.99 77.9
1560101855.01 78.4
1560101865.02 78.4
1560101875.03 78.4
1560101885.05 77.9
1560101895.07 77.9
1560101905.08 78.4
1560101915.1 77.4
1560101925.12 78.4
1560101935.14 79.0
1560101945.15 78.4
1560101955.16 78.4
1560101965.18 78.4
1560101975.2 77.9
1560101985.21 78.4
1560101995.22 77.9
1560102005.25 78.4
1560102015.27 77.9
1560102025.29 77.9
1560102035.31 78.4
1560102045.32 78.4
1560102055.34 77.4
1560102065.36 77.9
1560102075.37 77.9
1560102085.38 77.9
1560102095.39 76.8
1560102105.41 77.4
1560102115.42 77.9
1560102125.44 77.9
1560102135.45 77.4
1560102145.47 77.9
1560102155.49 78.4
1560102165.5 79.0
1560102175.51 78.4
1560102185.52 78.4
1560102195.54 78.4
1560102205.55 78.4
1560102215.57 78.4
1560102225.58 78.4
1560102235.6 77.4
1560102245.62 76.8
1560102255.63 77.4
1560102265.65 77.9
1560102275.66 77.9
1560102285.67 76.8
1560102295.69 77.9
1560102305.71 77.4
1560102315.73 77.9
1560102325.75 77.9
1560102335.76 78.4
1560102345.78 77.9
1560102355.79 77.4
1560102365.81 77.9
1560102375.82 77.4
1560102385.83 77.9
1560102395.85 77.9
1560102405.86 78.4
1560102415.88 77.9
1560102425.89 78.4
1560102435.91 78.4
1560102445.92 77.9
1560102455.94 78.4
1560102465.95 79.0
1560102475.96 79.0
1560102485.97 77.9
1560102495.99 78.4
1560102506.01 78.4
1560102516.03 78.4
1560102526.05 77.9
1560102536.07 78.4
1560102546.08 77.9
1560102556.09 78.4
1560102566.11 77.9
1560102576.12 77.9
1560102586.14 78.4
1560102596.15 78.4
1560102606.16 78.4
1560102616.18 78.4
1560102626.2 77.4
1560102636.21 78.4
1560102646.23 77.9
1560102656.24 79.5
1560102666.25 77.9
1560102676.27 77.9
1560102686.29 77.9
1560102696.3 77.9
1560102706.31 78.4
1560102716.32 77.9
1560102726.33 78.4
1560102736.35 78.4
1560102746.36 77.4
1560102756.37 77.4
1560102766.38 78.4
1560102776.4 77.4
1560102786.42 78.4
1560102796.43 78.4
1560102806.45 77.9
1560102816.46 78.4
1560102826.48 78.4
1560102836.49 77.9
1560102846.5 78.4
1560102856.51 78.4
1560102866.53 77.9
1560102876.54 78.4
1560102886.56 78.4
1560102896.58 77.9
1560102906.6 78.4
1560102916.61 77.9
1560102926.63 77.9
1560102936.65 78.4
1560102946.66 78.4
1560102956.67 78.4
1560102966.68 78.4
1560102976.7 78.4
1560102986.72 78.4
1560102996.73 78.4
1560103006.75 77.9
1560103016.77 77.9
1560103026.78 77.4
1560103036.8 78.4
1560103046.82 77.9
1560103056.84 77.9
1560103066.85 77.9
1560103076.87 78.4
1560103086.89 77.9
1560103096.9 77.9
1560103106.91 77.9
1560103116.94 78.4
1560103126.95 77.9
1560103136.97 78.4
1560103146.98 79.0
1560103156.99 77.9
1560103167.01 78.4
1560103177.02 78.4
1560103187.04 79.0
1560103197.06 78.4
