1560400005.7 49.9
1560400015.72 49.4
1560400025.74 49.4
1560400035.76 49.4
1560400045.77 49.9
1560400055.79 50.5
1560400065.81 49.4
1560400075.83 49.9
1560400085.85 49.4
1560400095.87 49.4
1560400105.88 49.4
1560400115.9 49.9
1560400125.92 49.9
1560400135.94 50.5
1560400145.96 49.9
1560400155.98 51.0
1560400166.0 49.9
1560400176.02 49.4
1560400186.04 49.9
1560400196.05 50.5
1560400206.07 49.4
1560400216.09 50.5
1560400226.1 50.5
1560400236.12 50.5
1560400246.14 49.4
1560400256.16 49.4
1560400266.18 49.4
1560400276.19 49.9
1560400286.21 50.5
1560400296.22 49.9
1560400306.25 50.5
1560400316.26 50.5
1560400326.28 50.5
1560400336.3 50.5
1560400346.31 50.5
1560400356.33 50.5
1560400366.34 49.9
1560400376.36 50.5
1560400386.38 49.9
1560400396.4 50.5
1560400406.42 49.9
1560400416.44 49.4
1560400426.46 51.0
1560400436.48 49.4
1560400446.5 49.4
1560400456.51 49.4
1560400466.53 49.9
1560400476.55 49.9
1560400486.57 49.4
1560400496.58 49.9
1560400506.6 49.4
1560400516.62 49.4
1560400526.63 50.5
1560400536.65 50.5
1560400546.67 50.5
1560400556.69 50.5
1560400566.71 49.9
1560400576.72 50.5
1560400586.74 49.9
1560400596.75 49.9
1560400606.77 49.4
1560400616.79 49.4
1560400626.81 49.4
1560400636.82 49.4
1560400646.85 48.9
1560400656.87 48.9
1560400666.88 49.4
1560400676.9 49.4
1560400686.91 49.4
1560400696.93 49.4
1560400706.95 48.3
1560400716.97 49.4
1560400726.99 49.4
1560400737.0 49.4
1560400747.03 49.4
1560400757.05 49.4
1560400767.07 49.4
1560400777.09 49.4
1560400787.11 49.9
1560400797.12 49.4
1560400807.14 49.9
1560400817.16 49.9
1560400827.17 49.9
1560400837.19 49.9
1560400847.21 49.9
1560400857.23 50.5
1560400867.25 49.9
1560400877.27 49.4
1560400887.28 49.9
1560400897.3 49.9
1560400907.32 50.5
1560400917.33 50.5
1560400927.36 49.9
1560400937.37 50.5
1560400947.39 49.4
1560400957.41 49.9
1560400967.43 50.5
1560400977.45 49.4
1560400987.47 49.4
1560400997.48 49.4
1560401007.5 49.9
1560401017.53 49.4
1560401027.54 49.9
1560401037.56 49.9
1560401047.58 49.4
1560401057.61 49.9
1560401067.63 49.4
1560401077.65 50.5
1560401087.66 49.9
1560401097.67 49.9
1560401107.69 49.4
1560401117.71 49.9
1560401127.73 49.4
1560401137.75 49.4
1560401147.76 49.4
1560401157.78 49.4
1560401167.8 49.4
1560401177.82 49.4
1560401187.84 49.4
1560401197.86 49.9
1560401207.87 50.5
1560401217.89 49.4
1560401227.92 49.4
1560401237.93 50.5
1560401247.95 49.4
1560401257.97 50.5
1560401267.99 49.9
1560401278.0 50.5
1560401288.02 50.5
1560401298.04 49.9
1560401308.06 49.4
1560401318.08 49.4
1560401328.1 49.4
1560401338.12 49.4
1560401348.13 49.4
1560401358.15 49.4
1560401368.16 49.4
1560401378.18 49.4
1560401388.2 49.4
1560401398.22 49.4
1560401408.23 49.4
1560401418.26 49.4
1560401428.27 48.9
1560401438.29 49.4
1560401448.31 49.4
1560401458.32 49.4
1560401468.34 48.3
1560401478.35 48.9
1560401488.37 48.3
1560401498.39 48.9
1560401508.41 48.3
1560401518.43 47.8
1560401528.45 48.9
1560401538.47 48.3
1560401548.49 48.3
1560401558.5 49.4
1560401568.52 48.3
1560401578.53 49.4
1560401588.56 47.8
1560401598.58 48.3
1560401608.6 48.9
1560401618.62 48.3
1560401628.64 48.3
1560401638.66 47.8
1560401648.69 48.3
1560401658.71 48.9
1560401668.73 48.3
1560401678.75 48.9
1560401688.77 49.4
1560401698.79 48.3
1560401708.81 48.3
1560401718.83 49.4
1560401728.85 49.4
1560401738.87 49.4
1560401748.89 48.9
1560401758.91 49.4
1560401768.92 49.4
1560401778.94 48.9
1560401788.96 48.9
1560401798.98 49.4
1560401809.0 49.4
1560401819.01 49.4
1560401829.03 48.9
1560401839.04 49.4
1560401849.06 48.9
1560401859.08 49.4
1560401869.1 49.4
1560401879.12 49.4
1560401889.14 48.9
1560401899.16 48.3
1560401909.18 49.4
1560401919.21 48.3
1560401929.23 48.3
1560401939.24 48.9
1560401949.26 49.4
1560401959.28 48.3
1560401969.3 48.3
1560401979.32 48.9
1560401989.34 48.9
1560401999.36 48.9
