1560600005.02 57.5
1560600015.04 56.4
1560600025.06 55.8
1560600035.07 56.9
1560600045.09 56.4
1560600055.11 56.4
1560600065.13 56.9
1560600075.15 56.4
1560600085.17 56.4
1560600095.18 56.4
1560600105.2 56.9
1560600115.21 57.5
1560600125.23 56.9
1560600135.25 56.9
1560600145.26 56.9
1560600155.28 56.4
1560600165.29 56.9
1560600175.3 57.5
1560600185.32 56.9
1560600195.34 56.4
1560600205.36 56.4
1560600215.38 56.9
1560600225.4 55.8
1560600235.42 56.4
1560600245.43 56.4
1560600255.45 55.8
1560600265.47 55.8
1560600275.49 56.9
1560600285.5 56.4
1560600295.52 55.8
1560600305.55 56.4
1560600327.07 55.8
1560600337.09 56.4
1560600347.1 55.8
1560600357.12 56.9
1560600367.13 56.9
1560600377.14 56.9
1560600387.16 56.9
1560600397.17 56.4
1560600407.19 56.9
1560600417.21 56.9
1560600427.23 56.9
1560600437.24 56.9
1560600447.26 56.9
1560600457.28 56.4
1560600467.29 56.9
1560600477.31 56.9
1560600487.32 56.9
1560600497.34 57.5
1560600507.36 56.9
1560600517.37 56.9
1560600527.39 56.9
1560600537.4 56.9
1560600547.42 56.4
1560600557.43 56.9
1560600567.44 56.9
1560600577.46 56.4
1560600587.48 55.8
1560600597.5 55.8
1560600607.51 56.4
1560600617.53 56.4
1560600627.54 56.9
1560600637.56 56.4
1560600647.57 56.9
1560600657.59 56.9
1560600667.61 56.4
1560600677.63 56.9
1560600687.65 56.9
1560600697.66 56.9
1560600707.68 56.9
1560600717.7 56.4
1560600727.72 55.8
1560600737.74 56.4
1560600747.76 56.4
1560600757.78 55.8
1560600767.8 56.4
1560600777.82 56.4
1560600787.83 56.9
1560600797.85 55.8
1560600807.87 56.9
1560600817.89 55.8
1560600827.91 55.8
1560600837.93 55.8
1560600847.95 56.4
1560600857.95 56.9
1560600867.96 56.4
1560600877.98 56.4
1560600888.0 56.4
1560600898.01 56.4
1560600908.03 56.4
1560600918.04 56.9
1560600928.06 56.9
1560600938.07 57.5
1560600948.09 56.9
1560600958.1 57.5
1560600968.12 56.9
1560600978.14 56.9
1560600988.16 56.9
1560600998.17 57.5
1560601008.18 57.5
1560601018.2 56.9
1560601028.22 56.9
1560601038.23 58.0
1560601048.24 58.0
1560601058.26 58.0
1560601068.27 58.0
1560601078.28 56.9
1560601088.3 58.0
1560601098.31 58.0
1560601108.33 58.0
1560601118.35 58.0
1560601128.37 58.0
1560601138.38 58.0
1560601148.41 58.5
1560601158.43 58.5
1560601168.44 58.5
1560601178.47 59.1
1560601188.48 59.1
1560601198.5 58.5
1560601208.52 58.0
1560601218.53 59.1
1560601228.56 58.5
1560601238.58 58.0
1560601248.6 58.0
1560601258.62 59.1
1560601268.64 59.1
1560601278.65 59.1
1560601288.67 58.0
1560601298.69 59.1
1560601308.71 59.1
1560601318.72 59.1
1560601328.74 58.5
1560601338.75 58.5
1560601348.77 59.1
1560601358.79 59.1
1560601368.8 59.1
1560601378.83 59.6
1560601388.84 60.1
1560601398.86 59.1
1560601408.87 60.1
1560601418.89 60.1
1560601428.91 60.1
1560601438.93 60.1
1560601448.94 60.1
1560601458.95 59.1
1560601468.98 59.1
1560601479.0 59.1
1560601489.01 60.1
1560601499.03 60.1
1560601509.03 60.1
1560601519.05 60.1
1560601529.07 60.1
1560601539.09 59.6
1560601549.1 60.1
1560601559.12 59.6
1560601569.13 60.1
1560601579.15 60.1
1560601589.16 60.1
1560601599.18 60.1
1560601609.19 60.7
1560601619.22 60.1
1560601629.23 60.7
1560601639.25 60.1
1560601649.27 60.1
1560601659.29 60.7
1560601669.31 60.1
1560601679.33 60.1
1560601689.34 60.1
1560601699.36 60.1
1560601709.38 60.1
1560601719.4 60.7
1560601729.42 60.7
1560601739.43 60.7
1560601749.44 60.1
1560601759.46 60.1
1560601769.47 60.1
1560601779.49 59.6
1560601789.51 60.1
1560601799.53 61.2
1560601809.54 60.1
1560601819.56 60.1
1560601829.58 60.7
1560601839.59 61.2
1560601849.61 61.2
1560601859.61 61.2
1560601869.62 60.7
1560601879.64 60.7
1560601889.66 61.2
1560601899.67 60.7
1560601909.68 60.7
1560601919.7 60.7
1560601929.79 60.7
1560601939.81 60.7
1560601949.82 61.2
1560601959.84 61.2
1560601969.85 60.7
1560601979.87 60.7
1560601989.89 60.1
1560601999.9 60.7
1560602009.92 60.1
1560602019.93 60.7
1560602029.95 60.1
1560602039.96 60.7
1560602049.98 60.1
1560602060.0 60.7
1560602070.02 60.1
1560602080.03 60.1
1560602090.05 60.1
1560602100.07 60.1
1560602110.09 60.1
1560602120.1 60.1
1560602130.12 60.7
1560602140.14 60.7
1560602150.16 60.7
1560602160.18 60.7
1560602170.2 60.1
1560602180.22 60.7
1560602190.24 61.2
1560602200.26 60.7
1560602210.27 60.7
1560602220.29 60.1
1560602230.31 61.2
1560602240.33 60.1
1560602250.34 60.7
1560602260.36 60.7
1560602270.37 60.7
1560602280.39 61.2
1560602290.4 61.2
1560602300.42 60.7
1560602310.44 61.2
1560602320.45 60.7
1560602330.47 61.2
1560602340.48 61.2
1560602350.5 60.7
1560602360.52 61.2
1560602370.53 61.2
1560602380.55 60.7
1560602390.57 60.7
1560602400.59 61.2
1560602410.6 61.2
1560602420.62 61.2
1560602430.63 61.2
1560602440.65 61.2
1560602450.66 61.2
1560602460.68 62.3
1560602470.69 61.2
1560602480.71 61.8
1560602490.73 61.2
1560602500.74 62.3
1560602510.75 61.8
1560602520.77 62.3
1560602530.78 61.2
1560602540.8 62.3
1560602550.81 62.3
1560602560.83 62.3
1560602570.85 62.3
1560602580.86 62.3
1560602590.87 62.3
1560602600.89 62.3
1560602610.9 62.8
1560602620.92 62.8
1560602630.94 62.3
1560602640.95 62.8
1560602650.97 62.8
1560602660.99 62.8
1560602671.0 62.3
1560602681.01 62.3
1560602691.03 62.8
1560602701.05 61.8
1560602711.06 62.3
1560602721.08 62.8
1560602731.09 62.8
1560602741.11 63.4
1560602751.12 63.4
1560602761.14 62.8
1560602771.15 63.4
1560602781.16 62.8
1560602791.18 63.4
1560602801.19 62.8
1560602811.21 62.3
1560602821.23 63.4
1560602831.24 62.3
1560602841.26 62.3
1560602851.27 62.3
1560602861.28 62.3
1560602871.3 62.3
1560602881.32 62.3
1560602891.34 62.3
1560602901.36 61.8
1560602911.37 62.3
1560602921.38 61.8
1560602931.4 62.3
1560602941.41 61.8
1560602951.43 62.3
1560602961.45 62.3
1560602971.46 62.3
1560602981.48 62.3
1560602991.49 62.3
1560603001.5 62.3
1560603011.52 62.3
1560603021.54 62.3
1560603031.56 62.8
1560603041.57 62.3
1560603051.59 62.8
1560603061.6 62.3
1560603071.61 62.3
1560603081.63 62.3
1560603091.65 62.3
1560603101.67 62.3
1560603111.68 62.3
1560603121.7 62.3
1560603131.72 62.8
1560603141.73 62.3
1560603151.75 62.8
1560603161.76 62.3
1560603171.78 62.3
1560603181.79 62.8
1560603191.81 63.4
1560603201.82 63.4
1560603211.84 62.8
1560603221.84 63.4
1560603231.85 62.8
1560603241.87 62.8
1560603251.89 62.8
1560603261.91 62.8
1560603271.93 63.4
1560603281.94 63.4
1560603291.96 63.4
1560603301.97 63.4
1560603311.99 63.4
1560603322.0 63.4
1560603332.02 63.4
1560603342.02 63.4
1560603352.04 63.4
1560603362.06 63.4
1560603372.07 63.9
1560603382.09 63.9
1560603392.1 63.9
1560603402.11 63.4
1560603412.13 63.9
1560603422.14 63.4
1560603432.25 63.4
1560603442.27 62.8
1560603452.28 63.4
1560603462.3 63.4
1560603472.31 63.4
1560603482.33 62.8
1560603492.34 63.4
1560603502.35 63.9
1560603512.37 64.5
1560603522.38 62.8
1560603532.4 63.9
1560603542.41 63.4
1560603552.42 63.4
1560603562.44 63.4
1560603572.46 63.4
1560603582.47 63.9
1560603592.48 64.5
1560603602.5 63.9
