1560500001.99 44.0
1560500012.01 45.1
1560500022.03 45.1
1560500032.05 45.1
1560500042.07 44.0
1560500052.08 45.1
1560500062.1 44.5
1560500072.11 44.5
1560500082.13 45.1
1560500092.15 44.0
1560500102.16 44.0
1560500112.17 45.1
1560500122.19 44.0
1560500132.21 44.5
1560500142.22 45.1
1560500152.24 44.0
1560500162.25 44.5
1560500172.27 45.1
1560500182.29 45.1
1560500192.3 45.1
1560500202.32 45.1
1560500212.34 45.1
1560500222.35 45.1
1560500232.37 45.6
1560500242.38 45.1
1560500252.4 45.1
1560500262.41 45.1
1560500272.43 45.1
1560500282.45 45.1
1560500292.47 45.1
1560500302.49 45.1
1560500312.5 45.1
1560500322.52 45.6
1560500332.54 46.2
1560500342.55 45.6
1560500352.56 45.1
1560500362.58 45.1
1560500372.59 45.6
1560500382.61 45.1
1560500392.63 45.1
1560500402.64 45.1
1560500412.65 45.6
1560500422.67 45.6
1560500432.69 45.1
1560500442.7 45.1
1560500452.71 45.6
1560500462.73 45.1
1560500472.75 45.1
1560500482.76 45.1
1560500492.77 44.5
1560500502.79 45.1
1560500512.81 45.6
1560500522.84 45.1
1560500532.86 45.6
1560500542.87 45.6
1560500552.89 45.6
1560500562.91 45.1
1560500572.93 44.5
1560500582.95 45.1
1560500592.97 46.2
1560500602.98 46.2
1560500613.0 45.1
1560500623.02 45.1
1560500633.04 44.5
1560500643.06 45.1
1560500653.08 45.1
1560500663.1 45.1
1560500673.12 45.1
1560500683.14 44.5
1560500693.15 46.2
1560500703.18 45.1
1560500713.2 45.1
1560500723.22 45.1
1560500733.24 45.1
1560500743.26 46.2
1560500753.28 45.1
1560500763.3 45.1
1560500773.32 45.1
1560500783.34 45.1
1560500793.36 45.1
1560500803.38 44.5
1560500813.39 45.1
1560500823.41 45.1
1560500833.42 45.1
1560500843.44 45.1
1560500853.45 45.1
1560500863.47 46.2
1560500873.48 44.5
1560500883.5 45.1
1560500893.52 45.6
1560500903.53 46.2
1560500913.54 45.1
1560500923.56 45.1
1560500933.57 45.6
1560500943.59 45.1
1560500953.61 45.1
1560500963.62 46.2
1560500973.64 45.6
1560500983.66 45.1
1560500993.68 45.6
1560501003.69 45.1
1560501013.71 45.6
1560501023.73 45.1
1560501033.75 46.2
1560501043.76 45.1
1560501053.78 45.1
1560501063.79 45.1
1560501073.81 45.1
1560501083.82 45.1
1560501093.83 46.2
1560501103.85 45.6
1560501113.86 45.6
1560501123.88 45.6
1560501133.89 46.2
1560501143.9 46.2
1560501153.92 45.1
1560501163.93 45.6
1560501173.95 45.6
1560501183.97 45.1
1560501193.99 45.1
1560501204.0 45.1
1560501214.02 46.2
1560501224.04 45.1
1560501234.05 45.6
1560501244.07 45.1
1560501254.09 45.1
1560501264.1 45.1
1560501274.12 45.6
1560501284.14 45.1
1560501294.15 45.1
1560501304.17 45.1
1560501314.18 45.1
1560501324.2 45.6
1560501334.22 45.1
1560501344.24 45.6
1560501354.25 45.6
1560501364.27 46.2
1560501374.29 45.1
1560501384.3 45.6
1560501394.33 45.1
1560501404.35 45.6
1560501414.36 45.1
1560501424.38 45.1
1560501434.4 45.6
1560501444.42 45.1
1560501454.44 45.1
1560501464.46 46.2
1560501474.47 45.1
1560501484.49 45.1
1560501494.51 45.1
1560501504.53 45.1
1560501514.54 45.1
1560501524.56 45.6
1560501534.58 45.1
1560501544.6 45.1
1560501554.61 45.1
1560501564.63 45.1
1560501574.65 45.1
1560501584.67 45.6
1560501594.69 45.1
1560501604.71 45.1
1560501614.72 45.1
1560501624.74 45.1
1560501634.76 45.6
1560501644.77 45.1
1560501654.79 46.2
1560501664.81 46.2
1560501674.82 46.2
1560501684.84 45.6
1560501694.86 46.2
1560501704.88 45.1
1560501714.9 45.1
1560501724.91 46.2
1560501734.93 45.6
1560501744.95 45.6
1560501754.96 46.2
1560501764.99 45.6
1560501775.0 45.6
1560501785.02 45.1
1560501795.04 45.1
1560501805.05 46.2
1560501815.08 45.1
1560501825.1 45.6
1560501835.12 45.1
1560501845.14 45.6
1560501855.16 45.6
1560501865.18 45.1
1560501875.2 45.1
1560501885.22 46.2
1560501895.24 45.6
1560501905.26 46.2
1560501915.28 46.2
1560501925.3 46.2
1560501935.32 46.2
1560501945.34 46.2
1560501955.35 46.2
1560501965.37 46.2
1560501975.39 45.6
1560501985.41 46.2
1560501995.42 46.2
1560502005.44 46.7
1560502015.46 46.2
1560502025.47 45.6
1560502035.49 45.6
1560502045.51 46.2
1560502055.53 45.6
1560502065.55 45.6
1560502075.57 45.6
1560502085.6 45.1
1560502095.62 45.1
1560502105.64 46.2
1560502115.65 45.6
1560502125.67 46.2
1560502135.69 45.6
1560502145.71 45.6
1560502155.73 45.6
1560502165.75 46.2
1560502175.77 45.1
1560502185.79 46.2
1560502195.81 45.6
1560502205.83 46.2
1560502215.85 45.6
1560502225.88 45.1
1560502235.9 45.6
1560502245.91 46.2
1560502255.93 46.2
1560502265.95 46.2
1560502275.97 45.6
1560502285.99 45.1
1560502296.02 45.1
1560502306.05 45.1
1560502316.07 46.2
1560502326.08 46.2
1560502336.1 46.2
1560502346.13 45.6
1560502356.15 45.1
1560502366.17 46.7
1560502376.19 45.1
1560502386.21 45.6
1560502396.23 45.1
1560502406.25 46.2
1560502416.26 45.6
1560502426.28 45.1
1560502436.3 45.1
1560502446.32 46.2
1560502456.33 45.6
1560502466.35 45.6
1560502476.37 45.6
1560502486.39 46.2
1560502496.4 45.1
1560502506.42 46.2
1560502516.44 45.1
1560502526.45 45.1
1560502536.47 45.6
1560502546.49 45.1
1560502556.5 46.2
1560502566.52 45.1
1560502576.54 45.6
1560502586.56 45.1
1560502596.58 45.1
1560502606.6 45.1
1560502616.62 45.6
1560502626.64 45.1
1560502636.65 45.1
1560502646.67 46.2
1560502656.68 45.6
1560502666.7 45.6
1560502676.72 45.1
1560502686.74 45.6
1560502696.76 45.1
1560502706.78 45.6
1560502716.79 45.1
1560502726.82 45.1
1560502736.84 45.6
1560502746.87 46.2
1560502756.89 45.6
1560502766.91 45.1
1560502776.93 45.1
1560502786.95 45.1
1560502796.96 45.1
