1560900009.1 59.1
1560900019.12 59.6
1560900029.14 59.1
1560900039.16 58.5
1560900049.18 59.1
1560900059.19 59.1
1560900069.21 58.0
1560900079.23 59.1
1560900089.24 59.1
1560900099.26 59.1
1560900109.27 58.5
1560900119.29 59.1
1560900129.3 58.5
1560900139.31 58.0
1560900149.33 59.1
1560900159.35 59.1
1560900169.36 58.0
1560900179.38 58.0
1560900189.4 58.0
1560900199.42 58.5
1560900209.44 58.0
1560900219.45 58.5
1560900229.47 58.0
1560900239.49 56.9
1560900249.5 58.0
1560900259.52 58.0
1560900269.54 58.0
1560900279.56 58.0
1560900289.57 58.0
1560900299.59 57.5
1560900309.6 58.0
1560900319.62 58.0
1560900329.63 58.0
1560900339.64 58.0
1560900349.65 57.5
1560900359.68 58.0
1560900369.69 58.0
1560900379.71 58.0
1560900389.73 58.0
1560900399.74 58.0
1560900409.76 58.0
1560900419.78 58.0
1560900429.79 58.0
1560900439.81 58.0
1560900449.82 58.0
1560900459.84 56.9
1560900469.86 58.0
1560900479.87 58.0
1560900489.89 57.5
1560900499.91 58.0
1560900509.93 57.5
1560900519.94 57.5
1560900529.96 58.0
1560900539.98 56.9
1560900550.0 58.0
1560900560.01 58.5
1560900570.02 58.0
1560900580.04 58.5
1560900590.05 58.0
1560900600.07 58.0
1560900610.1 58.0
1560900620.12 58.0
1560900630.14 58.5
1560900640.15 58.5
1560900650.17 58.0
1560900660.18 58.5
1560900670.2 58.5
1560900680.22 58.0
1560900690.24 58.5
1560900700.26 58.0
1560900710.27 58.0
1560900720.29 58.0
1560900730.3 58.5
1560900740.31 58.0
1560900750.32 58.0
1560900760.34 58.0
1560900770.36 58.5
1560900780.37 58.0
1560900790.39 58.5
1560900800.41 58.0
1560900810.43 58.5
1560900820.44 58.5
1560900830.47 58.5
1560900840.48 59.1
1560900850.5 59.1
1560900860.52 58.0
1560900870.53 59.1
1560900880.54 59.1
1560900890.56 58.5
1560900900.58 58.0
1560900910.59 58.0
1560900920.61 58.5
1560900930.63 59.1
1560900940.64 58.5
1560900950.66 59.1
1560900960.67 59.1
1560900970.69 58.5
1560900980.71 58.5
1560900990.73 59.1
1560901000.75 58.0
1560901010.76 58.5
1560901020.78 58.0
1560901030.8 59.1
1560901040.82 58.0
1560901050.84 58.5
1560901060.86 58.0
1560901070.88 58.0
1560901080.89 58.0
1560901090.91 58.0
1560901100.93 58.0
1560901110.94 57.5
1560901120.96 58.5
1560901130.98 58.0
1560901140.99 58.0
1560901151.0 58.0
1560901161.02 58.0
1560901171.03 58.0
1560901181.04 58.0
1560901191.06 58.0
1560901201.08 58.0
1560901211.1 57.5
1560901221.11 58.0
1560901231.13 58.0
1560901241.14 58.0
1560901251.15 58.0
1560901261.18 58.0
1560901271.19 58.0
1560901281.2 58.0
1560901291.22 58.0
1560901301.23 58.0
1560901311.25 57.5
1560901321.27 58.0
1560901331.28 58.5
1560901341.29 58.0
1560901351.3 57.5
1560901361.31 58.0
1560901371.32 57.5
1560901381.34 57.5
1560901391.35 57.5
1560901401.37 58.0
1560901411.38 56.9
1560901421.4 58.0
1560901431.42 57.5
1560901441.43 58.5
1560901451.44 58.0
1560901461.45 56.9
1560901471.47 57.5
1560901481.49 56.9
1560901491.5 56.4
1560901501.52 56.9
1560901511.53 57.5
1560901521.55 57.5
1560901531.57 56.4
1560901541.58 56.9
1560901551.6 56.9
1560901561.61 57.5
1560901571.64 56.9
1560901581.65 57.5
1560901591.68 56.9
1560901601.69 56.9
1560901611.71 56.9
1560901621.72 57.5
1560901631.74 56.9
1560901641.76 56.9
1560901651.77 56.9
1560901661.79 57.5
1560901671.8 57.5
1560901681.82 56.4
1560901691.84 57.5
1560901701.85 57.5
1560901711.86 56.9
1560901721.87 57.5
1560901731.89 56.9
1560901741.91 57.5
1560901751.92 58.0
1560901761.94 56.9
1560901771.96 56.9
1560901781.97 56.9
1560901791.99 56.9
1560901802.01 56.9
1560901812.02 58.0
1560901822.04 57.5
1560901832.05 58.0
1560901842.08 56.9
1560901852.1 57.5
1560901862.12 57.5
1560901872.13 56.9
1560901882.14 57.5
1560901892.16 57.5
1560901902.17 57.5
1560901912.19 56.4
1560901922.21 56.9
1560901932.23 56.9
1560901942.24 56.9
1560901952.25 56.9
1560901962.27 56.9
1560901972.28 56.9
1560901982.3 56.9
1560901992.32 56.4
1560902002.34 56.9
1560902012.35 56.9
1560902022.37 55.8
1560902032.39 56.4
1560902042.4 56.9
1560902052.41 56.9
1560902062.43 56.9
1560902072.44 56.9
1560902082.46 56.9
1560902092.47 56.4
1560902102.49 56.9
1560902112.5 57.5
1560902122.51 56.9
1560902132.53 57.5
1560902142.55 56.4
1560902152.56 56.9
1560902162.58 56.9
1560902172.59 56.9
1560902182.61 56.9
1560902192.62 56.9
1560902202.64 56.9
1560902212.66 56.9
1560902222.68 56.9
1560902232.69 56.9
1560902242.7 56.9
1560902252.72 56.9
1560902262.74 56.4
1560902272.76 56.9
1560902282.77 56.9
1560902292.79 56.9
1560902302.81 56.4
1560902312.82 57.5
1560902322.84 56.4
1560902332.86 56.9
1560902342.88 56.9
1560902352.89 56.9
1560902362.91 56.9
1560902372.93 57.5
1560902382.95 56.9
1560902392.96 56.9
1560902402.98 59.1
1560902412.99 57.5
1560902423.01 58.0
1560902433.02 58.0
1560902443.04 58.0
1560902453.05 58.0
1560902463.06 57.5
1560902473.08 58.0
1560902483.1 58.0
1560902493.11 58.0
1560902503.13 57.5
1560902513.15 57.5
1560902523.17 56.9
1560902533.19 56.9
1560902543.21 56.9
1560902553.22 58.0
1560902563.24 58.0
1560902573.26 57.5
1560902583.28 58.0
1560902593.29 58.0
1560902603.31 58.0
1560902613.32 58.0
1560902623.33 58.0
1560902633.35 58.0
1560902643.36 56.9
1560902653.38 58.0
1560902663.4 58.0
1560902673.41 57.5
1560902683.43 58.0
1560902693.45 57.5
1560902703.47 57.5
1560902713.48 57.5
1560902723.5 56.9
1560902733.51 58.0
1560902743.52 58.0
1560902753.54 58.0
1560902763.55 56.9
1560902773.56 58.0
1560902783.58 57.5
1560902793.6 58.0
1560902803.61 56.9
1560902813.63 56.9
1560902823.65 56.9
1560902833.66 57.5
1560902843.68 57.5
1560902853.7 57.5
1560902863.72 58.0
1560902873.73 57.5
1560902883.75 57.5
1560902893.77 57.5
1560902903.78 56.9
1560902913.8 57.5
1560902923.82 57.5
1560902933.84 56.9
1560902943.86 57.5
1560902953.88 57.5
1560902963.9 56.4
1560902973.92 58.0
1560902983.94 56.9
1560902993.95 57.5
1560903003.97 57.5
1560903013.98 58.0
1560903024.0 56.9
1560903034.02 57.5
1560903044.03 56.9
1560903054.05 56.9
1560903064.07 56.9
1560903074.09 56.4
1560903084.11 56.9
1560903094.12 56.9
1560903104.14 56.9
1560903114.16 56.9
1560903124.18 56.9
1560903134.19 56.9
1560903144.2 56.9
1560903154.21 56.9
1560903164.23 56.9
1560903174.24 56.9
1560903184.25 56.9
1560903194.26 57.5
1560903204.29 56.9
1560903214.3 56.9
1560903224.32 56.9
1560903234.34 56.4
1560903244.35 56.9
1560903254.37 56.9
1560903264.38 56.9
1560903274.39 56.4
1560903284.41 56.9
1560903294.43 56.9
1560903304.44 56.9
1560903314.46 56.9
1560903324.47 56.9
1560903334.49 56.9
1560903344.5 57.5
1560903354.52 57.5
1560903364.53 57.5
1560903374.55 56.9
1560903384.56 56.9
1560903394.58 56.9
1560903404.59 56.9
1560903414.61 57.5
1560903424.63 56.9
1560903434.64 57.5
1560903444.66 57.5
1560903454.68 56.9
1560903464.69 57.5
1560903474.71 56.9
1560903484.73 56.9
1560903494.75 57.5
1560903504.76 58.0
1560903514.78 58.0
1560903524.8 58.0
1560903534.82 58.0
1560903544.83 58.0
1560903554.85 58.0
1560903564.86 58.0
1560903574.88 57.5
1560903584.9 58.0
1560903594.91 57.5
1560903604.93 57.5
1560903614.94 57.5
1560903624.96 58.0
1560903634.97 56.9
1560903645.0 56.9
1560903655.01 56.9
1560903665.03 56.9
1560903675.04 56.9
1560903685.07 57.5
1560903695.08 56.9
1560903705.1 56.9
1560903715.12 56.9
1560903725.14 57.5
1560903735.16 58.0
1560903745.17 56.9
1560903755.18 56.9
1560903765.2 56.9
1560903775.21 56.9
1560903785.23 57.5
1560903795.25 56.9
1560903805.26 56.9
1560903815.27 57.5
1560903825.29 58.0
1560903835.31 57.5
1560903845.32 57.5
1560903855.34 57.5
1560903865.36 58.0
1560903875.37 58.0
1560903885.39 58.0
1560903895.41 56.9
1560903905.42 56.9
1560903915.44 58.0
1560903925.46 58.0
1560903935.47 58.0
1560903945.49 58.0
1560903955.5 58.0
1560903965.51 57.5
1560903975.53 58.0
1560903985.55 58.0
1560903995.56 58.0
1560904005.57 58.0
1560904015.59 57.5
1560904025.6 57.5
1560904035.61 58.0
1560904045.63 58.0
1560904055.64 58.0
1560904065.66 57.5
1560904075.67 58.0
1560904085.69 58.0
1560904095.7 57.5
1560904105.72 58.0
1560904115.73 58.0
1560904125.74 58.0
1560904135.76 58.0
1560904145.77 58.5
1560904155.78 58.0
1560904165.79 58.0
1560904175.8 58.0
1560904185.82 58.0
1560904195.83 58.0
1560904205.85 58.0
1560904215.86 58.0
1560904225.87 59.1
1560904235.89 57.5
1560904245.9 58.0
1560904255.92 58.0
1560904265.94 58.5
1560904275.95 58.0
1560904285.97 57.5
1560904295.99 58.0
1560904306.01 58.0
1560904316.02 58.0
1560904326.04 58.0
1560904336.05 58.0
1560904346.07 58.0
1560904356.08 58.0
1560904366.09 58.0
1560904376.11 58.0
1560904386.14 58.0
1560904396.15 58.0
1560904406.18 58.0
1560904416.2 58.0
1560904426.22 58.0
1560904436.23 58.5
1560904446.25 58.0
1560904456.27 58.0
1560904466.29 59.1
1560904476.3 58.0
1560904486.32 58.0
1560904496.33 58.0
1560904506.34 58.0
1560904516.35 57.5
1560904526.37 58.0
1560904536.38 58.0
1560904546.4 58.0
1560904556.41 58.0
1560904566.43 56.9
1560904576.45 57.5
1560904586.46 57.5
1560904596.47 58.0
1560904606.49 56.9
1560904616.51 56.9
1560904626.52 58.0
1560904636.54 57.5
1560904646.55 56.9
1560904656.56 56.9
1560904666.58 56.4
1560904676.6 56.9
1560904686.61 56.9
1560904696.63 56.9
1560904706.65 56.9
1560904716.66 57.5
1560904726.68 56.9
1560904736.7 56.4
1560904746.71 57.5
1560904756.73 56.9
1560904766.74 56.9
1560904776.76 58.0
1560904786.77 56.9
1560904796.79 56.9
1560904806.8 56.9
1560904816.82 56.9
1560904826.83 56.9
1560904836.85 57.5
1560904846.86 56.9
1560904856.87 56.9
1560904866.88 57.5
1560904876.9 56.9
1560904886.91 56.9
1560904896.92 56.9
1560904906.93 56.9
1560904916.94 56.9
1560904926.96 56.9
1560904936.97 56.9
1560904946.99 56.4
1560904957.01 56.4
1560904967.03 55.8
1560904977.04 55.8
1560904987.06 55.8
1560904997.07 56.9
1560905007.09 56.4
1560905017.11 55.8
1560905027.13 55.8
1560905037.14 55.8
1560905047.16 56.4
1560905057.17 55.8
1560905067.19 56.4
1560905077.21 56.4
1560905087.23 55.8
1560905097.25 54.8
1560905107.27 55.8
1560905117.29 55.8
1560905127.3 55.3
1560905137.32 55.3
1560905147.34 54.8
1560905157.36 54.8
1560905167.38 54.8
1560905177.4 54.2
1560905187.41 55.3
1560905197.43 54.8
1560905207.45 54.8
1560905217.46 55.8
1560905227.48 54.8
1560905237.5 53.7
1560905247.52 53.7
1560905257.54 53.7
1560905267.56 54.8
1560905277.57 54.2
1560905287.59 54.8
1560905297.67 53.7
1560905307.69 53.7
1560905317.72 53.7
1560905327.73 54.2
1560905337.74 53.7
1560905347.76 54.2
1560905357.77 53.7
1560905367.79 53.7
1560905377.81 53.7
1560905387.83 53.7
1560905397.84 54.2
1560905407.86 53.7
1560905417.87 54.2
1560905427.89 53.7
1560905437.91 53.7
1560905447.92 53.7
1560905457.94 53.7
1560905467.95 53.7
1560905477.98 53.7
1560905487.99 53.7
1560905498.01 52.6
1560905508.02 53.2
1560905518.04 53.7
1560905528.06 53.2
1560905538.07 53.7
1560905548.08 53.7
1560905558.1 53.7
1560905568.11 53.7
1560905578.13 53.7
1560905588.15 54.2
1560905598.16 53.7
1560905608.19 53.2
1560905618.2 53.7
1560905628.22 53.7
1560905638.24 53.7
1560905648.25 53.7
1560905658.26 53.7
1560905668.28 53.7
1560905678.3 53.7
1560905688.31 53.7
1560905698.33 53.2
1560905708.34 53.7
1560905718.35 53.7
1560905728.37 53.7
1560905738.39 53.2
1560905748.4 53.7
1560905758.42 52.6
1560905768.43 54.2
1560905778.44 53.7
1560905788.46 53.7
1560905798.47 53.7
1560905808.49 54.2
1560905818.52 53.7
1560905828.53 53.7
1560905838.54 54.2
1560905848.55 53.7
1560905858.57 53.7
1560905868.59 54.2
1560905878.61 53.7
1560905888.62 53.7
1560905898.64 54.2
1560905908.65 54.2
1560905918.66 54.2
1560905928.68 54.8
1560905938.7 54.2
1560905948.71 54.8
1560905958.73 54.2
1560905968.74 53.7
1560905978.76 53.7
1560905988.77 53.7
1560905998.79 53.7
