1560000002.21 66.6
1560000012.22 66.6
1560000022.25 65.5
1560000032.27 66.6
1560000042.29 66.6
1560000052.3 66.6
1560000062.32 67.1
1560000072.33 66.1
1560000082.35 66.6
1560000092.37 66.6
1560000102.39 66.6
1560000112.4 66.6
1560000122.42 67.1
1560000132.44 66.6
1560000142.45 67.1
1560000152.47 67.1
1560000162.48 67.1
1560000172.49 66.6
1560000182.5 67.7
1560000192.52 66.6
1560000202.53 66.6
1560000212.55 66.6
1560000222.57 66.1
1560000232.59 66.6
1560000242.6 67.1
1560000252.62 66.6
1560000262.63 66.6
1560000272.65 65.5
1560000282.67 66.1
1560000292.68 66.6
1560000302.7 66.1
1560000312.72 65.5
1560000322.73 66.6
1560000332.74 67.1
1560000342.75 66.6
1560000352.77 67.1
1560000362.78 66.6
1560000372.8 66.6
1560000382.81 66.6
1560000392.83 66.1
1560000402.84 66.6
1560000412.86 66.6
1560000422.87 66.6
1560000432.89 66.6
1560000442.9 66.6
1560000452.91 66.6
1560000462.93 66.1
1560000472.94 66.6
1560000482.96 67.1
1560000492.98 67.1
1560000502.99 66.6
1560000513.0 66.6
1560000523.01 67.1
1560000533.03 66.6
1560000543.04 66.6
1560000553.05 67.1
1560000563.06 66.6
1560000573.08 66.6
1560000583.09 66.6
1560000593.11 66.1
1560000603.12 67.1
1560000613.14 66.6
1560000623.15 66.6
1560000633.16 66.6
1560000643.18 66.6
1560000653.2 66.6
1560000663.21 66.6
1560000673.23 65.5
1560000683.25 66.6
1560000693.26 67.1
1560000703.28 66.6
1560000713.29 67.1
1560000723.31 67.7
1560000733.32 67.1
1560000743.34 67.1
1560000753.36 67.1
1560000763.37 67.7
1560000773.38 67.1
1560000783.4 67.7
1560000793.42 67.7
1560000803.43 67.7
1560000813.45 67.7
1560000823.46 66.6
1560000833.47 67.7
1560000843.49 67.7
1560000853.51 67.7
1560000863.52 67.7
1560000873.53 68.2
1560000883.54 67.7
1560000893.56 67.7
1560000903.58 67.1
1560000913.6 67.7
1560000923.62 67.7
1560000933.64 67.7
1560000943.66 67.7
1560000953.68 66.6
1560000963.7 67.1
1560000973.71 67.1
1560000983.73 67.7
1560000993.74 67.1
1560001003.76 67.7
1560001013.78 67.7
1560001023.79 67.7
1560001033.81 67.7
1560001043.84 67.7
1560001053.85 67.7
1560001063.87 68.8
1560001073.88 68.2
1560001083.9 68.2
1560001093.91 68.8
1560001103.93 68.8
1560001113.95 67.7
1560001123.97 68.2
1560001133.98 67.7
1560001144.0 68.2
1560001154.02 68.2
1560001164.03 68.2
1560001174.05 67.7
1560001184.07 68.8
1560001194.08 68.8
1560001204.1 67.7
1560001214.12 68.8
1560001224.14 68.2
1560001234.15 68.2
1560001244.17 67.7
1560001254.19 68.8
1560001264.2 68.8
1560001274.22 68.2
1560001284.24 68.8
1560001294.25 68.8
1560001304.27 68.8
1560001314.28 68.8
1560001324.3 68.8
1560001334.32 67.7
1560001344.34 68.2
1560001354.35 68.8
1560001364.37 68.8
1560001374.39 68.8
1560001384.42 68.8
1560001394.43 68.8
1560001404.44 69.3
1560001414.46 68.8
1560001424.48 69.3
1560001434.5 68.8
1560001444.5 69.8
1560001454.52 68.8
1560001464.54 69.8
1560001474.55 68.8
1560001484.57 69.3
1560001494.58 68.8
1560001504.6 68.8
1560001514.62 68.8
1560001524.63 68.8
1560001534.65 68.8
1560001544.66 69.3
1560001554.67 68.2
1560001564.69 68.8
1560001574.7 69.3
1560001584.72 68.8
1560001594.74 68.2
1560001604.76 68.2
1560001614.78 68.8
1560001624.79 67.7
1560001634.81 68.2
1560001644.82 68.8
1560001654.84 67.7
1560001664.85 68.8
1560001674.86 69.3
1560001684.88 67.1
1560001694.9 67.7
1560001704.92 67.7
1560001714.93 67.7
1560001724.95 68.8
1560001734.96 68.8
1560001744.98 68.2
1560001754.99 68.8
1560001765.01 68.8
1560001775.02 68.8
1560001785.04 67.7
1560001795.06 67.7
1560001805.07 68.2
1560001815.08 68.2
1560001825.1 67.7
1560001835.12 68.8
1560001845.14 67.7
1560001855.16 67.7
1560001865.17 68.2
1560001875.19 68.8
1560001885.21 68.8
1560001895.22 68.8
1560001905.23 68.8
1560001915.25 68.2
1560001925.27 68.8
1560001935.3 67.7
1560001945.31 68.8
1560001955.33 68.8
1560001965.34 68.8
1560001975.36 67.7
1560001985.38 68.8
1560001995.39 68.8
1560002005.4 68.8
1560002015.42 68.8
1560002025.43 68.8
1560002035.44 68.8
1560002045.46 68.8
1560002055.47 68.2
1560002065.49 67.7
1560002075.5 67.7
1560002085.51 68.8
1560002095.53 68.8
1560002105.54 69.3
1560002115.56 67.7
1560002125.58 68.8
1560002135.59 67.7
1560002145.61 67.7
1560002155.62 67.7
1560002165.63 68.8
1560002175.65 67.1
1560002185.67 67.7
1560002195.69 68.8
1560002205.7 67.7
1560002215.71 68.8
1560002225.72 68.8
1560002235.74 68.8
1560002245.75 68.8
1560002255.76 68.8
1560002265.77 68.2
1560002275.78 68.8
1560002285.81 67.7
1560002295.82 68.8
1560002305.83 68.8
1560002315.86 68.8
1560002325.86 68.8
1560002335.88 67.7
1560002345.9 68.8
1560002355.92 68.8
1560002365.94 69.3
1560002375.95 68.8
1560002385.97 68.8
1560002395.98 69.3
