1560800004.1 67.7
1560800014.11 68.8
1560800024.13 68.8
1560800034.14 67.7
1560800044.16 67.7
1560800054.17 67.7
1560800064.19 67.7
1560800074.21 67.1
1560800084.23 67.1
1560800094.26 67.7
1560800104.27 66.6
1560800114.29 67.7
1560800124.31 67.1
1560800134.32 67.7
1560800144.34 66.6
1560800154.36 67.1
1560800164.38 67.1
1560800174.4 66.6
1560800184.42 66.6
1560800194.44 66.6
1560800204.46 66.6
1560800214.46 66.6
1560800224.48 66.6
1560800234.5 66.6
1560800244.51 66.6
1560800254.53 66.6
1560800264.54 66.6
1560800274.56 66.6
1560800284.58 66.6
1560800294.59 66.6
1560800304.6 67.1
1560800314.62 67.1
1560800324.64 66.6
1560800334.66 66.6
1560800344.67 66.6
1560800354.69 67.1
1560800364.7 67.1
1560800374.71 66.6
1560800384.72 66.6
1560800394.75 66.6
1560800404.76 66.1
1560800414.77 66.6
1560800424.79 66.6
1560800434.81 65.5
1560800444.83 66.6
1560800454.84 66.1
1560800464.86 66.6
1560800474.87 66.6
1560800484.89 66.1
1560800494.9 66.6
1560800504.92 66.6
1560800514.93 66.6
1560800524.95 66.6
1560800534.96 67.1
1560800544.98 66.6
1560800554.99 66.6
1560800565.0 66.6
1560800575.02 67.1
1560800585.03 66.6
1560800595.05 66.1
1560800605.07 67.1
1560800615.09 67.7
1560800625.11 67.1
1560800635.12 66.6
1560800645.14 66.6
1560800655.16 66.6
1560800665.17 66.6
1560800675.19 66.1
1560800685.21 66.6
1560800695.23 65.5
1560800705.25 65.5
1560800715.27 66.6
1560800725.29 65.5
1560800735.31 66.6
1560800745.32 66.6
1560800755.34 66.6
1560800765.36 66.6
1560800775.38 66.6
1560800785.39 66.1
1560800795.41 66.1
1560800805.42 66.6
1560800815.44 66.6
1560800825.45 66.6
1560800835.47 66.6
1560800845.49 66.6
1560800855.51 66.6
1560800865.53 66.6
1560800875.54 66.6
1560800885.55 66.6
1560800895.56 67.1
1560800905.58 66.6
1560800915.6 66.1
1560800925.61 66.6
1560800935.63 66.6
1560800945.64 67.1
1560800955.66 66.6
1560800965.68 66.6
1560800975.7 66.6
1560800985.71 66.6
1560800995.73 66.1
1560801005.74 66.6
1560801015.76 66.6
1560801025.78 66.6
1560801035.79 66.6
1560801045.81 66.6
1560801055.84 66.6
1560801065.85 66.6
1560801075.87 66.6
1560801085.89 66.6
1560801095.9 66.6
1560801105.92 66.6
1560801115.94 66.6
1560801125.95 66.1
1560801135.97 65.5
1560801145.99 66.6
1560801156.01 66.6
1560801166.03 66.6
1560801176.04 66.1
1560801186.06 66.6
1560801196.08 65.5
1560801206.09 65.5
1560801216.1 66.1
1560801226.13 65.5
1560801236.15 65.5
1560801246.16 66.1
1560801256.18 65.5
1560801266.19 65.5
1560801276.22 65.5
1560801286.23 65.5
1560801296.25 65.5
1560801306.27 65.5
1560801316.27 65.5
1560801326.3 65.5
1560801336.31 65.5
1560801346.31 65.5
1560801356.33 65.5
1560801366.35 65.5
1560801376.35 65.0
1560801386.36 65.5
1560801396.37 65.5
1560801406.39 66.1
1560801416.4 66.1
1560801426.42 65.5
1560801436.43 65.5
1560801446.45 66.6
1560801456.46 65.5
1560801466.48 65.5
1560801476.49 66.1
1560801486.5 66.1
1560801496.52 66.6
1560801506.54 66.1
1560801516.54 66.1
1560801526.56 65.5
1560801536.57 65.5
1560801546.59 66.6
1560801556.61 65.0
1560801566.62 65.5
1560801576.64 65.0
1560801586.65 65.5
1560801596.68 65.5
