1560200000.98 73.1
1560200010.99 72.5
1560200021.0 72.0
1560200031.02 72.0
1560200041.04 73.1
1560200051.06 71.4
1560200061.08 72.0
1560200071.1 71.4
1560200081.11 72.0
1560200091.13 72.0
1560200101.14 72.5
1560200111.16 72.0
1560200121.18 72.0
1560200131.2 71.4
1560200141.22 71.4
1560200151.23 72.0
1560200161.25 72.5
1560200171.26 71.4
1560200181.28 72.0
1560200191.3 72.0
1560200201.32 72.5
1560200211.34 72.0
1560200221.35 72.5
1560200231.37 72.5
1560200241.39 73.1
1560200251.4 72.0
1560200261.42 72.0
1560200271.44 72.5
1560200281.46 72.0
1560200291.48 72.0
1560200301.5 71.4
1560200311.52 72.0
1560200321.54 72.0
1560200331.55 72.0
1560200341.57 71.4
1560200351.58 72.5
1560200361.6 72.5
1560200371.61 72.0
1560200381.63 72.5
1560200391.65 72.0
1560200401.67 72.0
