1560700006.81 56.4
1560700016.83 55.8
1560700026.85 56.9
1560700036.86 56.4
1560700046.88 56.4
1560700056.9 56.9
1560700066.92 56.4
1560700076.95 56.4
1560700086.96 56.4
1560700096.98 56.4
1560700106.99 55.8
1560700117.01 55.8
1560700127.03 56.9
1560700137.04 55.8
1560700147.05 55.8
1560700157.07 55.8
1560700167.09 55.8
1560700177.1 55.8
1560700187.12 56.4
1560700197.14 55.8
1560700207.16 54.8
1560700217.18 55.3
1560700227.2 55.8
1560700237.21 55.8
1560700247.22 55.8
1560700257.25 55.8
1560700267.26 55.8
1560700277.28 55.8
1560700287.29 56.4
1560700297.3 55.8
1560700307.32 55.8
1560700317.34 55.3
1560700327.36 55.3
1560700337.37 55.8
1560700347.39 55.8
1560700357.41 56.4
1560700367.43 55.3
1560700377.45 55.3
1560700387.47 55.8
1560700397.48 55.8
1560700407.5 55.8
1560700417.52 55.3
1560700427.54 55.8
1560700437.55 54.8
1560700447.57 55.3
1560700457.57 55.8
1560700467.59 55.3
1560700477.61 55.8
1560700487.62 55.8
1560700497.64 55.3
1560700507.66 55.3
1560700517.67 55.8
1560700527.68 56.4
1560700537.7 55.8
1560700547.72 56.4
1560700557.73 55.8
1560700567.74 56.4
1560700577.76 55.8
1560700587.77 56.4
1560700597.79 55.8
1560700607.8 56.4
1560700617.83 56.9
1560700627.84 56.9
1560700637.86 56.9
1560700647.87 56.9
1560700657.88 56.9
1560700667.89 56.9
1560700677.92 56.4
1560700687.93 56.9
1560700697.95 56.4
1560700707.96 56.9
1560700717.98 56.9
1560700727.99 56.9
1560700738.02 56.9
1560700748.03 56.9
1560700758.05 56.9
1560700768.06 56.9
1560700778.08 56.9
1560700788.09 56.9
1560700798.11 56.9
1560700808.13 59.1
1560700818.13 58.0
1560700828.15 57.5
1560700838.17 57.5
1560700848.18 58.0
1560700858.2 57.5
1560700868.21 58.0
1560700878.23 57.5
1560700888.24 56.9
1560700898.25 57.5
1560700908.28 58.0
1560700918.29 56.9
1560700928.32 56.9
1560700938.33 57.5
1560700948.35 58.0
1560700958.37 58.0
1560700968.38 58.0
1560700978.39 58.0
1560700988.42 56.9
1560700998.43 57.5
1560701008.45 58.0
1560701018.46 58.0
1560701028.48 57.5
1560701038.5 57.5
1560701048.51 56.9
1560701058.52 58.0
1560701068.54 56.9
1560701078.55 56.9
1560701088.57 58.0
1560701098.59 56.9
1560701108.6 56.9
1560701118.62 56.4
1560701128.63 56.4
1560701138.65 56.9
1560701148.66 56.9
1560701158.68 56.9
1560701168.69 56.9
1560701178.73 56.9
1560701188.75 56.4
1560701198.76 56.9
1560701208.78 56.9
1560701218.79 56.9
1560701228.81 55.8
1560701238.83 56.4
1560701248.85 55.8
1560701258.87 55.8
1560701268.88 56.4
1560701278.89 56.4
1560701288.9 56.4
1560701298.92 55.8
1560701308.94 56.9
1560701318.95 56.9
1560701328.96 56.9
1560701338.98 56.9
1560701349.0 56.4
1560701359.01 56.4
1560701369.02 56.9
1560701379.03 56.4
1560701389.05 56.4
1560701399.07 55.8
1560701409.09 56.4
1560701419.11 56.4
1560701429.13 56.9
1560701439.14 55.8
1560701449.15 56.9
1560701459.17 56.4
1560701469.19 55.8
1560701479.2 56.4
1560701489.21 56.4
1560701499.24 56.9
1560701509.26 56.4
1560701519.27 56.4
1560701529.29 57.5
1560701539.31 56.4
1560701549.33 56.4
1560701559.34 56.4
1560701569.36 56.4
1560701579.38 55.8
1560701589.4 55.8
1560701599.42 55.8
1560701609.44 56.4
1560701619.44 56.4
1560701629.45 56.9
1560701639.47 56.9
1560701649.49 56.9
1560701659.5 55.8
1560701669.52 56.4
1560701679.53 56.4
1560701689.54 56.9
1560701699.56 56.4
1560701709.58 56.9
1560701719.6 57.5
1560701729.61 56.9
1560701739.62 56.9
1560701749.64 56.4
1560701759.66 56.4
1560701769.68 57.5
1560701779.7 56.9
1560701789.71 57.5
1560701799.73 56.4
1560701809.75 56.9
1560701819.77 57.5
1560701829.78 57.5
1560701839.8 57.5
1560701849.81 56.9
1560701859.83 56.9
1560701869.85 56.9
1560701879.87 56.9
1560701889.89 56.9
1560701899.9 56.9
1560701909.93 56.9
1560701919.95 56.9
1560701929.96 57.5
1560701939.98 56.4
1560701950.02 56.9
1560701960.03 56.9
1560701970.05 55.8
1560701980.07 57.5
1560701990.09 56.9
1560702000.11 56.9
1560702010.13 56.9
1560702020.14 56.9
1560702030.16 56.9
1560702040.18 56.9
1560702050.2 56.9
1560702060.21 56.4
1560702070.23 56.9
1560702080.23 56.9
1560702090.25 56.9
1560702100.26 56.4
1560702110.28 56.9
1560702120.3 57.5
1560702130.32 56.9
1560702140.33 58.0
1560702150.34 56.9
1560702160.36 56.9
1560702170.38 55.8
1560702180.39 56.9
1560702190.41 56.9
1560702200.43 56.4
1560702210.45 56.9
1560702220.47 56.9
1560702230.49 55.8
1560702240.51 57.5
1560702250.52 56.4
1560702260.53 56.9
1560702270.55 56.9
1560702280.57 56.9
1560702290.59 56.4
1560702300.61 56.4
1560702310.62 56.9
1560702320.64 55.8
1560702330.66 56.9
1560702340.68 56.9
1560702350.7 55.8
1560702360.71 55.8
1560702370.73 56.4
1560702380.74 56.4
1560702390.76 56.4
1560702400.78 56.9
1560702410.79 56.4
1560702420.81 56.4
1560702430.83 55.8
1560702440.84 56.4
1560702450.86 56.4
1560702460.88 56.4
1560702470.9 55.8
1560702480.91 56.4
1560702490.93 55.8
1560702500.95 56.9
1560702510.96 56.4
1560702520.97 56.4
1560702530.99 55.8
1560702541.0 55.8
1560702551.02 56.4
1560702561.04 56.9
1560702571.05 55.8
1560702581.06 56.9
1560702591.08 56.4
1560702601.1 56.4
1560702611.11 56.9
1560702621.14 55.8
1560702631.16 56.9
1560702641.18 56.4
1560702651.19 56.9
1560702661.21 56.9
1560702671.23 56.4
1560702681.25 56.4
1560702691.27 55.8
1560702701.29 56.4
1560702711.3 56.4
1560702721.33 56.9
1560702731.34 55.8
1560702741.36 55.8
1560702751.37 55.8
1560702761.39 56.4
1560702771.41 55.8
1560702781.43 56.4
1560702791.44 56.4
1560702801.46 56.9
1560702811.48 56.9
1560702821.5 56.4
1560702831.52 55.8
1560702841.54 56.9
1560702851.55 56.4
1560702861.58 56.4
1560702871.6 56.4
1560702881.61 56.4
1560702891.63 55.8
1560702901.64 56.4
1560702911.66 56.9
1560702921.68 56.4
1560702931.69 56.9
1560702941.7 56.9
1560702951.73 56.9
1560702961.74 56.9
1560702971.74 57.5
1560702981.76 57.5
1560702991.77 56.9
1560703001.79 57.5
1560703011.8 57.5
1560703021.81 58.0
1560703031.82 57.5
1560703041.84 58.0
1560703051.86 56.9
1560703061.88 56.9
1560703071.89 56.9
1560703081.91 56.9
1560703091.92 57.5
1560703101.93 58.0
1560703111.94 56.9
1560703121.96 57.5
1560703131.97 57.5
1560703141.99 57.5
1560703152.0 57.5
1560703162.01 58.0
1560703172.03 56.9
1560703182.04 57.5
1560703192.05 56.9
1560703202.07 56.9
1560703212.09 56.4
1560703222.1 56.9
1560703232.12 56.9
1560703242.13 56.9
1560703252.15 56.4
1560703262.17 56.9
1560703272.18 56.9
1560703282.19 58.0
1560703292.21 58.0
1560703302.23 56.9
1560703312.24 56.9
1560703322.25 56.9
1560703332.27 57.5
1560703342.28 56.9
1560703352.3 56.9
1560703362.31 56.9
1560703372.32 57.5
1560703382.34 58.0
1560703392.35 56.9
1560703402.37 58.0
1560703412.38 56.9
1560703422.39 56.9
1560703432.41 57.5
1560703442.43 58.0
1560703452.45 56.9
1560703462.46 56.9
1560703472.48 57.5
1560703482.49 58.0
1560703492.51 57.5
1560703502.53 58.0
1560703512.54 58.0
1560703522.55 58.0
1560703532.57 58.0
1560703542.59 58.0
1560703552.61 58.0
1560703562.61 58.0
1560703572.64 58.0
1560703582.65 56.9
1560703592.67 58.0
1560703602.67 58.0
1560703612.69 58.0
1560703622.7 58.5
1560703632.72 58.0
1560703642.74 58.5
1560703652.76 57.5
1560703662.78 58.0
1560703672.8 58.0
1560703682.82 58.0
1560703692.83 58.0
1560703702.85 57.5
1560703712.87 58.0
1560703722.89 58.0
1560703732.9 58.5
1560703742.92 58.0
1560703752.94 58.0
1560703762.95 58.0
1560703772.96 58.5
1560703782.98 58.0
1560703793.0 58.0
1560703803.0 58.0
1560703813.01 58.5
1560703823.04 58.0
1560703833.05 58.0
1560703843.07 58.0
1560703853.09 58.0
1560703863.1 58.0
1560703873.12 58.0
1560703883.14 57.5
1560703893.15 58.0
1560703903.17 58.0
1560703913.19 58.0
1560703923.21 58.0
1560703933.21 58.0
1560703943.23 58.0
1560703953.25 58.5
1560703963.26 58.0
1560703973.28 58.0
1560703983.29 58.5
1560703993.3 59.1
1560704003.32 59.1
1560704013.34 58.5
1560704023.35 59.1
1560704033.37 58.0
1560704043.39 58.0
1560704053.41 58.0
1560704063.43 58.5
1560704073.45 58.0
1560704083.47 58.0
1560704093.48 58.0
1560704103.5 59.1
1560704113.52 58.5
1560704123.53 58.5
1560704133.55 58.0
1560704143.56 58.0
1560704153.58 58.0
1560704163.6 58.0
1560704173.62 58.5
1560704183.63 58.0
1560704193.65 58.0
1560704203.66 58.5
1560704213.68 58.0
1560704223.7 58.5
1560704233.72 58.0
1560704243.74 58.0
1560704253.75 58.0
1560704263.77 58.5
1560704273.78 59.1
1560704283.8 58.5
1560704293.82 58.5
1560704303.84 56.9
1560704313.86 58.0
1560704323.86 58.0
1560704333.88 58.0
1560704343.9 58.5
1560704353.9 59.1
1560704363.93 58.5
1560704373.94 58.0
1560704383.96 58.0
1560704393.96 58.5
