1561300003.83 70.9
1561300013.84 71.4
1561300023.86 70.9
1561300033.87 71.4
1561300043.89 70.9
1561300053.91 70.9
1561300063.92 70.9
1561300073.95 70.4
1561300083.96 70.9
1561300093.98 70.9
1561300103.99 70.4
1561300114.01 70.4
1561300124.02 70.9
1561300134.04 70.9
1561300144.05 70.9
1561300154.07 70.9
1561300164.09 70.4
1561300174.11 70.4
1561300184.13 70.9
1561300194.14 70.9
1561300204.15 70.9
1561300214.16 70.4
1561300224.17 70.9
1561300234.19 70.4
1561300244.21 70.9
1561300254.23 70.4
1561300264.25 69.8
1561300274.26 70.9
1561300284.27 70.4
1561300294.29 70.9
1561300304.3 70.9
1561300314.32 70.9
1561300324.33 70.4
1561300334.35 69.8
1561300344.36 70.9
1561300354.38 70.4
1561300364.4 69.8
1561300374.42 69.8
1561300384.43 70.9
1561300394.45 70.9
1561300404.46 70.9
1561300414.48 70.9
1561300424.49 70.9
1561300434.51 70.9
1561300444.53 70.9
1561300454.55 70.4
1561300464.56 70.4
1561300474.58 70.9
1561300484.6 70.9
1561300494.61 70.9
1561300504.63 70.9
1561300514.64 70.9
1561300524.65 70.9
1561300534.67 71.4
1561300544.68 71.4
1561300554.7 70.9
1561300564.71 71.4
1561300574.73 70.9
1561300584.75 72.0
1561300594.77 70.9
1561300604.78 71.4
1561300614.8 72.0
1561300624.82 70.9
1561300634.84 72.0
1561300644.85 72.0
1561300654.87 71.4
1561300664.89 70.9
1561300674.9 70.9
1561300684.92 70.9
1561300694.95 71.4
1561300704.96 72.5
1561300714.98 71.4
1561300724.99 72.0
1561300735.01 72.0
1561300745.03 72.0
1561300755.04 72.0
1561300765.06 72.0
1561300775.08 72.0
1561300785.09 72.0
1561300795.11 72.0
1561300805.12 72.0
1561300815.14 72.5
1561300825.16 72.0
1561300835.18 72.0
1561300845.19 72.5
1561300855.21 72.5
1561300865.22 71.4
1561300875.23 72.5
1561300885.24 72.0
1561300895.26 72.0
1561300905.28 72.0
1561300915.3 72.0
1561300925.32 71.4
1561300935.34 72.0
1561300945.35 72.0
1561300955.37 72.5
1561300965.39 72.5
1561300975.4 73.1
1561300985.42 72.0
1561300995.45 72.5
1561301005.46 72.0
1561301015.48 73.1
1561301025.49 73.1
1561301035.51 73.1
1561301045.53 73.1
1561301055.54 73.1
1561301065.56 73.1
1561301075.58 73.1
1561301085.59 72.5
1561301095.61 73.1
1561301105.63 73.6
1561301115.64 72.5
1561301125.66 73.6
1561301135.67 73.1
1561301145.7 73.1
1561301155.72 73.1
1561301165.74 73.1
1561301175.75 73.6
1561301185.77 73.6
1561301195.78 73.6
1561301205.79 73.1
1561301215.8 73.1
1561301225.82 72.5
1561301235.83 72.5
1561301245.85 73.1
1561301255.87 73.1
1561301265.88 73.6
1561301275.9 73.1
1561301285.91 73.1
1561301295.93 73.6
1561301305.95 73.1
1561301315.96 73.6
1561301325.97 73.1
1561301335.99 73.1
1561301346.0 73.1
1561301356.02 73.1
1561301366.03 73.1
1561301376.04 73.1
1561301386.07 72.5
1561301396.08 73.1
1561301406.1 73.1
1561301416.12 72.5
1561301426.13 73.1
1561301436.15 73.1
1561301446.17 73.1
1561301456.18 72.5
1561301466.2 73.1
1561301476.21 73.1
1561301486.22 73.6
1561301496.24 73.6
1561301506.25 73.1
1561301516.27 73.1
1561301526.28 73.6
1561301536.3 73.1
1561301546.31 73.1
1561301556.33 73.6
1561301566.35 74.1
1561301576.37 73.1
1561301586.38 73.1
1561301596.4 72.5
1561301606.41 73.1
1561301616.43 73.6
1561301626.44 73.1
1561301636.45 73.1
1561301646.47 73.1
1561301656.48 73.1
1561301666.5 73.1
1561301676.51 73.1
1561301686.53 73.1
1561301696.55 73.6
1561301706.56 74.1
1561301716.57 73.1
1561301726.59 73.1
1561301736.61 73.1
1561301746.63 73.6
1561301756.64 73.6
1561301766.66 73.6
1561301776.68 73.6
1561301786.7 73.1
1561301796.72 73.6
1561301806.73 73.1
1561301816.75 73.6
1561301826.77 73.1
1561301836.79 73.1
1561301846.8 73.1
1561301856.81 73.1
1561301866.83 73.1
1561301876.85 73.1
1561301886.86 73.1
1561301896.88 73.1
1561301906.9 73.1
1561301916.91 73.6
1561301926.93 72.5
1561301936.94 73.1
1561301946.96 72.0
1561301956.98 72.5
1561301967.0 73.1
1561301977.02 72.5
1561301987.03 73.1
1561301997.05 73.1
