1561200003.75 51.5
1561200013.76 52.1
1561200023.78 52.1
1561200033.8 52.1
1561200043.81 52.1
1561200053.83 52.6
1561200063.84 51.5
1561200073.85 52.6
1561200083.88 52.1
1561200093.89 52.6
1561200103.9 52.1
1561200113.93 52.1
1561200123.95 52.1
1561200133.96 52.1
1561200143.98 52.1
1561200154.0 51.5
1561200164.02 52.1
1561200174.03 52.6
1561200184.06 51.5
1561200194.08 51.5
1561200204.1 52.1
1561200214.11 52.1
1561200224.13 52.1
1561200234.15 52.6
1561200244.16 51.5
1561200254.17 52.1
1561200264.19 52.6
1561200274.2 52.6
1561200284.22 52.6
1561200294.23 52.6
1561200304.24 52.1
1561200314.26 53.2
1561200324.28 52.1
1561200334.29 52.6
1561200344.31 52.6
1561200354.33 52.1
1561200364.35 51.5
1561200374.37 51.5
1561200384.38 52.6
1561200394.4 52.1
1561200404.41 52.6
1561200414.42 52.6
1561200424.44 52.6
1561200434.46 51.5
1561200444.48 51.5
1561200454.49 52.1
1561200464.51 52.1
1561200474.53 52.6
1561200484.55 52.1
1561200494.57 52.1
1561200504.58 52.1
1561200514.6 52.6
1561200524.61 52.6
1561200534.63 52.6
1561200544.64 53.2
1561200554.66 52.6
1561200564.68 52.6
1561200574.7 52.1
1561200584.72 52.6
1561200594.73 52.1
1561200604.75 51.5
1561200614.77 52.6
1561200624.79 52.6
1561200634.81 52.6
1561200644.82 52.1
1561200654.84 52.6
1561200664.86 52.6
1561200674.87 52.1
1561200684.89 52.6
1561200694.91 52.6
1561200704.92 51.5
1561200714.94 51.5
1561200724.96 52.1
1561200734.98 51.5
1561200745.0 52.1
1561200755.02 51.0
1561200765.04 51.0
1561200775.06 51.5
1561200785.08 51.5
1561200795.1 52.1
1561200805.11 52.1
1561200815.12 51.5
1561200825.15 51.5
1561200835.17 52.1
1561200845.19 51.5
1561200855.21 51.5
1561200865.23 52.6
1561200875.25 52.1
1561200885.26 52.6
1561200895.28 52.1
1561200905.3 52.1
1561200915.32 52.1
1561200925.34 52.6
1561200935.36 52.6
1561200945.37 52.6
1561200955.39 52.6
1561200965.4 52.6
1561200975.42 52.1
1561200985.44 52.6
1561200995.46 53.2
1561201005.47 53.2
1561201015.49 52.6
1561201025.51 52.6
1561201035.53 52.6
1561201045.55 53.2
1561201055.57 53.2
1561201065.59 51.5
1561201075.6 52.6
1561201085.62 52.6
1561201095.64 52.1
1561201105.66 52.1
1561201115.67 52.6
1561201125.69 53.2
1561201135.7 52.6
1561201145.72 51.5
1561201155.75 52.6
1561201165.76 52.6
1561201175.77 52.6
1561201185.79 52.1
1561201195.81 52.6
1561201205.82 54.8
1561201215.84 52.6
1561201225.86 53.2
1561201235.88 52.6
1561201245.9 52.1
1561201255.93 52.1
1561201265.95 52.1
1561201275.96 51.5
1561201285.98 52.6
1561201296.0 52.6
1561201306.01 52.1
1561201316.04 51.5
1561201326.06 51.5
1561201336.08 52.1
1561201346.1 52.1
1561201356.11 52.1
1561201366.13 51.5
1561201376.15 52.1
1561201386.18 51.0
1561201396.2 51.5
1561201406.21 51.5
1561201416.23 51.5
1561201426.25 51.5
1561201436.27 52.6
1561201446.28 51.5
1561201456.3 51.5
1561201466.32 51.5
1561201476.34 52.1
1561201486.36 52.1
1561201496.38 51.5
1561201506.39 51.5
1561201516.41 52.1
1561201526.44 51.5
1561201536.46 51.5
1561201546.48 51.0
1561201556.51 51.5
1561201566.53 51.5
1561201576.55 51.5
1561201586.57 51.5
1561201596.59 51.5
1561201606.62 51.5
1561201616.64 51.5
1561201626.66 52.1
1561201636.68 51.5
1561201646.7 51.0
1561201656.72 51.5
1561201666.74 50.5
1561201676.76 51.5
1561201686.77 51.5
1561201696.79 52.1
1561201706.81 51.0
1561201716.83 51.5
1561201726.85 51.5
1561201736.87 51.5
1561201746.89 51.5
1561201756.91 51.5
1561201766.93 52.6
1561201776.95 51.5
1561201786.97 52.1
1561201796.99 52.1
1561201807.01 52.6
1561201817.03 52.6
1561201827.04 51.5
1561201837.06 52.1
1561201847.08 51.5
1561201857.1 52.1
1561201867.12 53.2
1561201877.14 52.1
1561201887.16 52.6
1561201897.17 53.2
1561201907.19 52.6
1561201917.21 52.1
1561201927.22 52.6
1561201937.24 52.6
1561201947.26 52.6
1561201957.27 52.6
1561201967.29 52.6
1561201977.31 52.1
1561201987.32 53.2
1561201997.34 53.2
1561202007.36 52.6
1561202017.38 53.2
1561202027.4 53.2
1561202037.42 53.7
1561202047.44 53.7
1561202057.46 52.6
1561202067.47 52.6
1561202077.5 52.6
1561202087.52 53.2
1561202097.54 53.2
1561202107.56 53.2
1561202117.58 52.6
1561202127.59 53.7
1561202137.61 53.7
1561202147.63 53.7
1561202157.65 52.6
1561202167.66 53.7
1561202177.68 53.7
1561202187.7 54.2
1561202197.71 54.2
1561202207.73 53.7
1561202217.74 53.7
1561202227.76 54.2
1561202237.78 53.7
1561202247.8 53.7
1561202257.83 53.2
1561202267.85 52.6
1561202277.87 53.2
1561202287.88 53.7
1561202297.9 53.7
1561202307.92 53.2
1561202317.94 53.7
1561202327.95 53.7
1561202337.97 53.7
1561202347.99 52.6
1561202358.01 53.7
1561202368.03 53.2
1561202378.05 52.6
1561202388.07 53.7
1561202398.09 53.7
1561202408.11 53.7
1561202418.13 53.7
1561202428.14 53.7
1561202438.16 53.7
1561202448.17 53.7
1561202458.19 53.7
1561202468.21 53.7
1561202478.22 53.7
1561202488.24 53.7
1561202498.26 54.2
1561202508.28 53.7
1561202518.3 53.7
1561202528.32 53.7
1561202538.34 54.2
1561202548.36 53.7
1561202558.37 53.7
1561202568.39 53.7
1561202578.41 54.2
1561202588.43 53.7
1561202598.45 53.7
1561202608.46 53.7
1561202618.48 53.2
1561202628.51 53.7
1561202638.52 53.7
1561202648.54 53.7
1561202658.56 54.2
1561202668.58 53.7
1561202678.59 54.2
1561202688.61 53.7
1561202698.63 53.7
1561202708.64 54.2
1561202718.66 53.7
1561202728.68 53.7
1561202738.7 54.2
1561202748.72 54.2
1561202758.74 54.2
1561202768.76 53.7
1561202778.77 54.2
1561202788.79 54.2
1561202798.81 54.2
1561202808.83 54.8
1561202818.85 54.8
1561202828.86 54.2
1561202838.88 54.8
1561202848.89 54.8
1561202858.91 53.7
1561202868.93 53.7
1561202878.95 54.2
1561202888.96 53.7
1561202898.98 54.2
1561202909.0 54.8
1561202919.01 54.2
1561202929.03 54.2
1561202939.05 54.8
1561202949.06 54.8
1561202959.07 54.8
1561202969.09 54.2
1561202979.11 54.2
1561202989.13 53.7
1561202999.14 54.8
1561203009.16 53.2
1561203019.17 54.2
1561203029.19 54.2
1561203039.21 53.7
1561203049.23 53.7
1561203059.25 54.2
1561203069.26 53.7
1561203079.28 53.7
1561203089.3 53.7
1561203099.32 54.2
1561203109.33 53.7
1561203119.35 53.2
1561203129.37 53.7
1561203139.39 53.7
1561203149.41 53.7
1561203159.43 54.8
1561203169.45 54.2
1561203179.47 53.7
1561203189.48 53.7
1561203199.5 54.8
1561203209.52 53.7
1561203219.54 54.8
1561203229.55 54.2
1561203239.57 54.2
1561203249.58 54.8
1561203259.6 54.8
1561203269.61 54.2
1561203279.63 54.8
1561203289.65 55.3
1561203299.66 54.8
1561203309.67 54.8
1561203319.68 54.8
1561203329.7 53.7
1561203339.71 54.2
1561203349.72 54.2
1561203359.74 55.3
1561203369.76 53.7
1561203379.78 53.7
1561203389.8 54.8
1561203399.81 54.8
1561203409.83 53.7
1561203419.85 54.2
1561203429.88 54.8
1561203439.89 54.2
1561203449.91 53.7
1561203459.92 54.2
1561203469.93 54.2
1561203479.95 53.7
1561203489.97 54.2
1561203499.98 53.7
1561203510.01 53.7
1561203520.02 53.7
1561203530.04 53.7
1561203540.05 54.8
1561203550.08 53.7
1561203560.1 53.7
1561203570.11 54.2
1561203580.13 55.3
1561203590.15 54.8
1561203600.16 54.8
1561203610.18 54.8
1561203620.19 55.8
1561203630.21 54.8
1561203640.22 55.3
1561203650.24 54.8
1561203660.25 55.3
1561203670.27 55.3
1561203680.28 55.8
1561203690.29 54.8
1561203700.3 55.3
1561203710.31 54.8
1561203720.33 55.8
1561203730.34 55.3
1561203740.36 54.8
1561203750.38 54.8
1561203760.39 55.8
1561203770.41 55.3
1561203780.43 54.8
1561203790.44 54.8
1561203800.46 54.8
1561203810.48 55.3
1561203820.5 55.8
1561203830.51 54.8
1561203840.53 54.8
1561203850.55 54.8
1561203860.57 54.8
1561203870.58 54.8
1561203880.6 54.2
1561203890.61 55.3
1561203900.62 55.3
1561203910.64 55.3
1561203920.65 54.8
1561203930.67 54.2
1561203940.68 54.2
1561203950.7 54.8
1561203960.72 54.8
1561203970.74 54.8
1561203980.75 54.8
1561203990.77 54.8
1561204000.79 54.2
1561204010.8 54.8
1561204020.82 54.8
1561204030.83 54.8
1561204040.85 53.7
1561204050.87 53.7
1561204060.89 53.7
1561204070.91 53.2
1561204080.92 53.7
1561204090.94 53.7
1561204100.96 53.2
1561204110.98 53.2
1561204120.99 53.7
1561204131.01 53.7
1561204141.03 53.7
1561204151.05 53.7
1561204161.06 53.2
1561204171.08 53.2
1561204181.1 53.2
1561204191.12 53.7
1561204201.14 53.7
1561204211.15 53.2
1561204221.17 53.7
1561204231.19 53.7
1561204241.22 53.7
1561204251.24 53.2
1561204261.26 53.7
1561204271.28 53.7
1561204281.29 53.7
1561204291.31 53.7
1561204301.32 54.2
1561204311.33 53.7
1561204321.35 53.7
1561204331.37 53.7
1561204341.39 53.7
1561204351.41 53.7
1561204361.43 53.2
1561204371.44 53.7
1561204381.46 54.2
1561204391.48 54.2
1561204401.49 53.7
1561204411.51 53.2
1561204421.53 53.7
1561204431.54 53.7
1561204441.56 53.7
1561204451.58 54.2
1561204461.59 53.7
1561204471.61 53.7
1561204481.62 53.7
1561204491.64 54.2
1561204501.66 54.8
1561204511.67 53.7
1561204521.69 53.7
1561204531.71 53.7
1561204541.72 53.2
1561204551.74 53.7
1561204561.76 54.2
1561204571.77 53.2
1561204581.8 53.7
1561204591.82 53.7
1561204601.84 53.7
1561204611.86 53.7
1561204621.88 53.7
1561204631.9 54.2
1561204641.92 53.7
1561204651.93 54.2
1561204661.95 53.7
1561204671.96 54.2
1561204681.98 53.7
1561204692.0 53.7
1561204702.03 53.7
1561204712.04 54.2
1561204722.06 54.2
1561204732.08 53.7
1561204742.11 53.7
1561204752.12 53.7
1561204762.14 53.7
1561204772.16 53.7
1561204782.17 53.7
1561204792.19 53.7
1561204802.21 54.8
1561204812.23 53.7
1561204822.24 54.8
1561204832.26 54.8
1561204842.27 55.3
1561204852.28 54.2
1561204862.3 54.8
1561204872.32 54.2
1561204882.33 55.3
1561204892.35 54.8
1561204902.37 54.8
1561204912.39 55.3
1561204922.4 54.8
1561204932.42 55.8
1561204942.43 55.3
1561204952.45 55.3
1561204962.46 55.8
1561204972.48 54.8
1561204982.49 55.8
1561204992.5 55.3
1561205002.51 55.8
1561205012.53 55.8
1561205022.54 55.3
1561205032.56 55.8
1561205042.57 55.3
1561205052.58 55.8
1561205062.6 55.8
1561205072.61 54.8
1561205082.63 55.8
1561205092.64 55.8
1561205102.65 55.8
1561205112.66 55.3
1561205122.68 55.8
1561205132.7 55.3
1561205142.71 56.4
1561205152.73 55.8
1561205162.74 56.4
1561205172.75 56.4
1561205182.76 55.8
1561205192.77 56.9
1561205202.79 56.4
1561205212.8 56.4
1561205222.83 56.9
1561205232.85 56.9
1561205242.86 56.4
1561205252.88 56.9
1561205262.89 56.9
1561205272.91 56.9
1561205282.92 56.4
1561205292.93 56.9
1561205302.95 56.4
1561205312.97 55.8
1561205322.99 56.9
1561205333.0 56.9
1561205343.03 56.4
1561205353.05 56.9
1561205363.07 56.4
1561205373.08 56.9
1561205383.1 56.9
1561205393.11 56.9
1561205403.12 57.5
1561205413.13 57.5
1561205423.16 56.9
1561205433.18 57.5
1561205443.19 56.9
1561205453.22 56.9
1561205463.23 56.9
1561205473.24 58.0
1561205483.25 58.0
1561205493.27 58.5
1561205503.29 57.5
1561205513.3 57.5
1561205523.32 58.0
1561205533.34 58.0
1561205543.35 58.0
1561205553.37 58.0
1561205563.39 58.0
1561205573.41 58.0
1561205583.42 58.0
1561205593.44 58.0
1561205603.46 58.0
1561205613.48 58.0
1561205623.5 58.5
1561205633.51 58.5
1561205643.53 58.0
1561205653.55 58.0
1561205663.56 59.1
1561205673.58 59.1
1561205683.6 58.5
1561205693.62 59.1
1561205703.63 58.5
1561205713.65 58.0
1561205723.66 58.0
1561205733.68 59.1
1561205743.7 59.1
1561205753.71 58.5
1561205763.72 59.1
1561205773.73 58.5
1561205783.75 59.1
1561205793.77 58.5
1561205803.78 58.5
1561205813.8 59.1
1561205823.82 59.1
1561205833.83 58.5
1561205843.85 58.5
1561205853.87 59.1
1561205863.89 59.1
1561205873.9 59.1
1561205883.92 58.5
1561205893.94 59.1
1561205903.95 59.1
1561205913.96 59.1
1561205923.98 58.5
1561205933.99 59.1
1561205944.0 59.1
1561205954.02 58.0
1561205964.03 59.6
1561205974.05 60.1
1561205984.07 59.1
1561205994.08 60.1
1561206004.1 59.1
1561206014.12 59.1
1561206024.14 59.1
1561206034.16 59.1
1561206044.17 59.1
1561206054.19 59.6
1561206064.22 59.1
1561206074.24 59.1
1561206084.26 60.1
1561206094.27 59.6
1561206104.28 59.6
1561206114.29 60.1
1561206124.31 60.1
1561206134.32 60.1
1561206144.34 60.1
1561206154.35 60.1
1561206164.36 60.1
1561206174.37 60.1
1561206184.4 59.1
1561206194.41 60.1
1561206204.42 60.1
1561206214.44 60.1
1561206224.45 60.1
1561206234.46 60.1
1561206244.48 60.1
1561206254.49 60.1
1561206264.5 60.1
1561206274.52 60.1
1561206284.54 60.7
1561206294.55 60.1
1561206304.56 60.7
1561206314.58 60.1
1561206324.6 60.1
1561206334.61 60.1
1561206344.63 60.1
1561206354.65 60.7
1561206364.66 60.1
1561206374.68 60.1
1561206384.7 60.1
1561206394.72 60.1
1561206404.74 60.7
1561206414.76 60.1
1561206424.78 60.7
1561206434.8 60.1
1561206444.82 60.7
1561206454.84 60.1
1561206464.86 59.1
1561206474.87 60.7
1561206484.89 60.1
1561206494.91 60.1
1561206504.93 59.1
1561206514.95 59.6
1561206524.97 60.1
1561206534.99 60.7
1561206545.0 60.1
1561206555.02 60.1
1561206565.03 60.7
1561206575.05 60.7
1561206585.07 60.1
1561206595.09 60.7
1561206605.11 60.7
1561206615.13 60.7
1561206625.16 60.1
1561206635.17 60.1
1561206645.19 60.7
1561206655.2 60.7
1561206665.22 59.6
1561206675.24 60.1
1561206685.25 60.7
1561206695.27 60.7
1561206705.29 60.1
1561206715.31 60.1
1561206725.32 60.7
1561206735.34 60.7
1561206745.35 60.7
1561206755.37 60.7
1561206765.38 60.7
1561206775.4 60.1
1561206785.42 61.2
1561206795.44 61.2
1561206805.45 60.7
1561206815.46 61.2
1561206825.48 61.2
1561206835.5 61.8
1561206845.51 62.3
1561206855.53 61.8
1561206865.54 61.8
1561206875.56 62.3
1561206885.57 61.8
1561206895.59 61.8
1561206905.6 62.3
1561206915.62 61.8
1561206925.63 61.8
1561206935.65 62.8
1561206945.67 62.3
1561206955.69 62.8
1561206965.7 62.3
1561206975.71 61.8
1561206985.73 61.8
1561206995.75 62.3
1561207005.76 62.3
1561207015.78 62.3
1561207025.79 62.3
1561207035.81 62.3
1561207045.82 63.4
1561207055.84 62.3
1561207065.85 62.3
1561207075.87 62.8
1561207085.88 62.8
1561207095.9 62.8
1561207105.91 62.8
1561207115.93 62.8
1561207125.94 62.8
1561207135.96 62.3
1561207145.97 62.3
1561207155.99 62.3
1561207166.01 62.3
1561207176.02 62.3
1561207186.04 62.8
1561207196.05 62.3
1561207206.08 62.8
1561207216.1 61.8
1561207226.12 62.3
1561207236.13 62.3
1561207246.16 62.3
1561207256.17 61.8
1561207266.19 62.3
1561207276.21 62.8
1561207286.22 62.3
1561207296.24 62.3
1561207306.25 62.3
1561207316.27 61.8
1561207326.28 62.3
1561207336.29 62.3
1561207346.31 62.8
1561207356.32 62.3
1561207366.33 62.3
1561207376.34 62.3
1561207386.35 62.3
1561207396.37 62.3
1561207406.38 61.8
1561207416.4 62.3
1561207426.41 62.8
1561207436.43 62.8
1561207446.44 62.8
1561207456.45 62.3
1561207466.46 62.8
1561207476.48 62.3
1561207486.5 62.8
1561207496.51 62.3
1561207506.53 62.3
1561207516.54 62.3
1561207526.55 62.3
1561207536.56 62.3
1561207546.57 62.3
1561207556.59 62.8
1561207566.6 62.3
1561207576.61 63.4
1561207586.63 62.3
1561207596.64 62.3
1561207606.65 62.3
1561207616.67 62.8
1561207626.68 63.4
1561207636.69 63.4
1561207646.72 62.8
1561207656.73 62.8
1561207666.74 63.4
1561207676.75 63.4
1561207686.76 63.4
1561207696.77 63.4
1561207706.8 62.8
1561207716.81 63.4
1561207726.83 63.4
1561207736.85 63.4
1561207746.86 62.8
1561207756.88 63.4
1561207766.9 63.4
1561207776.91 63.4
1561207786.92 63.4
1561207796.94 63.4
1561207806.96 63.4
1561207816.97 63.4
1561207826.99 63.4
1561207837.0 62.8
1561207847.02 63.9
1561207857.04 64.5
1561207867.06 63.4
1561207877.08 63.9
1561207887.09 63.4
1561207897.11 64.5
1561207907.12 63.9
1561207917.14 64.5
1561207927.16 63.9
1561207937.17 63.4
1561207947.18 63.4
1561207957.19 64.5
1561207967.22 63.4
1561207977.24 63.4
1561207987.26 64.5
1561207997.27 63.9
1561208007.29 64.5
1561208017.3 63.4
1561208027.32 64.5
1561208037.33 64.5
1561208047.35 63.9
1561208057.36 64.5
1561208067.38 63.4
1561208077.4 63.4
1561208087.42 63.4
1561208097.43 63.4
1561208107.45 63.4
1561208117.47 64.5
1561208127.48 63.9
1561208137.5 63.9
1561208147.51 64.5
1561208157.53 63.4
1561208167.55 63.9
1561208177.57 63.9
1561208187.58 63.4
1561208197.6 63.4
1561208207.61 63.9
1561208217.63 63.9
1561208227.65 63.9
1561208237.67 63.4
1561208247.69 63.4
1561208257.71 63.4
1561208267.73 63.4
1561208277.74 63.9
1561208287.76 62.8
1561208297.78 63.4
1561208307.8 63.4
1561208317.82 63.4
1561208327.83 63.9
1561208337.85 62.8
1561208347.86 63.4
1561208357.88 63.4
1561208367.89 63.4
1561208377.91 63.4
1561208387.93 63.4
1561208397.96 62.3
