1561000000.65 56.4
1561000010.67 56.4
1561000020.69 56.4
1561000030.71 55.8
1561000040.73 55.8
1561000050.75 56.4
1561000060.76 56.9
1561000070.78 56.4
1561000080.8 56.9
1561000090.81 55.8
1561000100.83 55.8
1561000110.85 56.4
1561000120.86 55.8
1561000130.88 55.8
1561000140.91 55.8
1561000150.93 55.8
1561000160.95 55.8
1561000170.96 55.8
1561000180.97 55.8
1561000190.99 56.4
1561000201.01 55.8
1561000211.03 55.8
1561000221.05 56.4
1561000231.07 55.3
1561000241.08 55.8
1561000251.1 55.8
1561000261.12 55.8
1561000271.13 56.4
1561000281.14 55.8
1561000291.17 55.8
1561000301.18 55.8
1561000311.19 56.4
1561000321.21 55.8
1561000331.22 56.4
1561000341.24 55.8
1561000351.25 55.8
1561000361.26 56.4
1561000371.28 56.4
1561000381.3 56.4
1561000391.31 56.9
1561000401.33 56.9
1561000411.35 55.8
1561000421.36 55.8
1561000431.38 55.8
1561000441.4 55.8
1561000451.41 56.4
1561000461.42 56.4
1561000471.44 56.4
1561000481.46 56.4
1561000491.48 55.8
1561000501.5 55.8
1561000511.52 55.8
1561000521.54 55.8
1561000531.55 56.4
1561000541.57 55.8
1561000551.59 56.4
1561000561.61 55.8
1561000571.63 55.8
1561000581.64 55.8
1561000591.66 56.4
1561000601.68 56.4
1561000611.69 56.4
1561000621.71 56.4
1561000631.73 56.9
1561000641.75 56.4
1561000651.77 56.4
1561000661.78 56.4
1561000671.79 56.4
1561000681.81 56.4
1561000691.82 56.4
1561000701.84 56.9
1561000711.86 56.4
1561000721.87 56.9
1561000731.89 56.9
1561000741.9 55.8
1561000751.92 56.4
1561000761.94 55.8
1561000771.96 55.8
1561000781.98 55.8
1561000791.99 55.8
1561000802.02 56.4
1561000812.04 55.8
1561000822.06 55.3
1561000832.07 55.3
1561000842.09 55.3
1561000852.11 55.8
1561000862.12 55.8
1561000872.14 55.8
1561000882.16 55.8
1561000892.17 55.8
1561000902.19 55.8
1561000912.21 54.8
1561000922.23 55.3
1561000932.25 55.3
1561000942.27 55.8
1561000952.29 56.4
1561000962.3 56.4
1561000972.32 56.4
1561000982.33 56.9
1561000992.35 55.8
1561001002.36 56.9
1561001012.38 56.4
1561001022.4 56.4
1561001032.42 55.8
1561001042.43 56.4
1561001052.45 55.3
1561001062.48 55.3
1561001072.49 56.4
1561001082.5 56.4
1561001092.52 55.8
1561001102.52 56.4
1561001112.54 55.8
1561001122.56 54.8
1561001132.57 55.8
1561001142.59 55.3
1561001152.6 56.4
1561001162.62 55.8
1561001172.63 55.8
1561001182.65 56.4
1561001192.66 56.9
1561001202.68 55.8
1561001212.7 55.8
1561001222.71 55.8
1561001232.73 55.8
1561001242.75 55.8
1561001252.76 56.4
1561001262.78 56.4
1561001272.8 55.3
1561001282.82 55.8
1561001292.84 55.8
1561001302.86 55.8
1561001312.88 55.8
1561001322.9 56.4
1561001332.92 55.8
1561001342.93 55.8
1561001352.95 55.8
1561001362.97 54.8
1561001373.0 55.8
1561001383.02 55.8
1561001393.04 55.3
1561001403.05 55.8
1561001413.08 55.8
1561001423.1 54.8
1561001433.12 55.3
1561001443.14 55.8
1561001453.15 55.8
1561001463.17 56.4
1561001473.19 54.8
1561001483.21 55.8
1561001493.23 55.3
1561001503.25 56.4
1561001513.26 55.8
1561001523.28 55.8
1561001533.29 56.4
1561001543.31 56.4
1561001553.32 55.8
1561001563.34 55.8
1561001573.36 56.4
1561001583.37 56.4
1561001593.39 56.4
1561001603.4 56.9
1561001613.42 56.4
1561001623.44 56.4
1561001633.45 56.4
1561001643.47 56.4
1561001653.49 55.8
1561001663.51 55.8
1561001673.52 55.8
1561001683.54 55.8
1561001693.56 55.8
1561001703.57 55.3
1561001713.59 55.8
1561001723.61 54.8
1561001733.63 55.8
1561001743.64 55.8
1561001753.66 55.8
1561001763.67 55.8
1561001773.69 55.8
1561001783.71 55.8
1561001793.72 55.8
1561001803.74 55.8
1561001813.75 56.4
1561001823.77 55.3
1561001833.79 55.8
1561001843.8 55.8
1561001853.82 55.8
1561001863.84 55.8
1561001873.85 55.8
1561001883.87 55.8
1561001893.88 55.8
1561001903.9 55.8
1561001913.92 55.8
1561001923.94 55.8
1561001933.96 55.8
1561001943.98 54.8
1561001954.0 55.8
1561001964.02 56.4
1561001974.04 55.8
1561001984.06 55.8
1561001994.07 55.8
1561002004.09 55.8
1561002014.11 55.8
1561002024.12 55.8
1561002034.14 56.4
1561002044.16 55.8
1561002054.17 55.8
1561002064.19 55.8
1561002074.21 56.4
1561002084.23 54.8
1561002094.25 55.3
1561002104.26 55.8
1561002114.28 54.8
1561002124.3 55.8
1561002134.31 54.8
1561002144.33 55.3
1561002154.35 55.3
1561002164.37 54.8
1561002174.39 54.8
1561002184.41 54.8
1561002194.43 54.8
1561002204.45 55.8
1561002214.47 54.8
1561002224.49 55.8
1561002234.51 55.3
1561002244.53 55.8
1561002254.55 55.3
1561002264.56 55.8
1561002274.58 54.8
1561002284.6 54.2
1561002294.62 54.8
1561002304.64 54.8
1561002314.66 54.8
1561002324.67 55.8
1561002334.69 54.8
1561002344.7 55.3
1561002354.72 54.8
1561002364.74 53.7
1561002374.76 53.7
1561002384.78 54.8
1561002394.79 54.8
1561002404.81 54.2
1561002414.83 54.8
1561002424.85 55.3
1561002434.86 55.3
1561002444.88 55.3
1561002454.89 54.8
1561002464.91 54.8
1561002474.92 55.3
1561002484.94 54.8
1561002494.96 55.3
1561002504.98 54.8
1561002515.0 53.7
1561002525.02 54.2
1561002535.04 54.2
1561002545.06 54.2
1561002555.08 53.7
1561002565.1 54.8
1561002575.12 54.8
1561002585.14 54.8
1561002595.15 54.8
1561002605.17 53.7
1561002615.19 54.8
1561002625.21 53.7
1561002635.23 54.8
1561002645.25 54.8
1561002655.26 54.8
1561002665.28 53.7
1561002675.3 54.8
1561002685.32 54.8
1561002695.34 54.8
1561002705.35 54.8
1561002715.36 55.8
1561002725.38 55.3
1561002735.39 55.3
1561002745.41 54.8
1561002755.42 55.8
1561002765.44 54.8
1561002775.46 55.3
1561002785.47 54.2
1561002795.5 54.8
1561002805.51 55.8
1561002815.53 54.8
1561002825.55 55.3
1561002835.56 54.8
1561002845.58 54.8
1561002855.6 55.3
1561002865.61 54.8
1561002875.63 54.8
1561002885.64 54.8
1561002895.66 53.7
1561002905.68 54.2
1561002915.7 54.2
1561002925.72 54.8
1561002935.74 54.8
1561002945.75 54.8
1561002955.77 54.8
1561002965.78 54.8
1561002975.8 54.8
1561002985.82 54.2
1561002995.84 53.7
1561003005.86 54.8
1561003015.88 54.2
1561003025.9 54.8
1561003035.92 54.8
1561003045.94 54.8
1561003055.95 54.8
1561003065.97 55.3
1561003075.99 55.3
1561003086.0 55.3
1561003096.02 54.8
1561003106.04 54.2
1561003116.05 54.8
1561003126.07 54.8
1561003136.08 55.3
1561003146.1 54.8
1561003156.11 55.3
1561003166.13 54.8
1561003176.15 54.8
1561003186.17 54.8
1561003196.18 54.2
