1561500008.67 64.5
1561500018.68 62.3
1561500028.7 62.3
1561500038.72 62.8
1561500048.73 62.3
1561500058.75 62.3
1561500068.76 62.3
1561500078.77 62.3
1561500088.78 62.3
1561500098.79 62.3
1561500108.81 62.3
1561500118.83 62.3
1561500128.85 62.3
1561500138.86 61.8
1561500148.88 62.3
1561500158.89 62.3
1561500168.9 62.8
1561500178.92 62.3
1561500188.94 61.8
1561500198.96 62.3
1561500208.97 62.3
1561500218.99 62.3
1561500229.01 62.3
1561500239.02 62.3
1561500249.04 62.3
1561500259.05 63.4
1561500269.06 62.3
1561500279.07 62.3
1561500289.08 62.3
1561500299.1 62.8
1561500309.11 62.3
1561500319.13 62.8
1561500329.14 62.3
1561500339.15 61.8
1561500349.17 62.3
1561500359.18 62.3
1561500369.2 62.3
1561500379.21 61.8
1561500389.22 62.3
1561500399.23 62.3
1561500409.25 62.3
1561500419.26 62.3
1561500429.27 62.8
1561500439.29 62.3
1561500449.3 61.2
1561500459.32 62.3
1561500469.33 62.8
1561500479.35 62.3
1561500489.36 62.3
1561500499.38 62.3
1561500509.39 62.8
1561500519.41 62.3
1561500529.42 63.4
1561500539.43 62.3
1561500549.45 63.4
1561500559.46 62.8
1561500569.47 62.8
1561500579.48 62.3
1561500589.49 62.3
1561500599.5 62.3
1561500609.51 62.3
1561500619.53 62.3
1561500629.54 62.3
1561500639.56 62.3
1561500649.58 62.3
1561500659.59 62.3
1561500669.61 62.3
1561500679.63 62.3
1561500689.64 62.3
1561500699.65 62.3
1561500709.67 62.3
1561500719.69 62.3
1561500729.71 62.3
1561500739.73 62.3
1561500749.74 62.3
1561500759.76 62.3
1561500769.77 62.3
1561500779.78 62.3
1561500789.79 61.8
1561500799.8 62.3
1561500809.82 61.8
1561500819.83 61.8
1561500829.84 61.2
1561500839.86 61.2
1561500849.87 61.2
1561500859.88 61.8
1561500869.9 61.8
1561500879.92 62.3
1561500889.93 61.8
1561500899.95 62.3
1561500909.96 61.2
1561500919.98 61.8
1561500929.99 61.2
1561500940.01 62.3
1561500950.03 61.8
1561500960.04 62.8
1561500970.06 61.8
1561500980.07 62.3
1561500990.09 62.3
1561501000.1 61.2
1561501010.13 62.3
1561501020.15 61.2
1561501030.16 61.2
1561501040.17 61.2
1561501050.18 61.8
1561501060.2 61.2
1561501070.21 61.2
1561501080.22 61.2
1561501090.23 61.2
1561501100.24 61.8
1561501110.26 61.2
1561501120.28 61.2
1561501130.29 61.2
1561501140.31 61.2
1561501150.32 61.2
1561501160.34 61.2
1561501170.36 60.7
1561501180.38 61.8
1561501190.39 61.2
1561501200.41 61.2
1561501210.43 60.7
1561501220.45 61.2
1561501230.46 61.2
1561501240.48 61.8
1561501250.49 60.7
1561501260.51 61.2
1561501270.52 61.2
1561501280.54 61.8
1561501290.55 61.2
1561501300.56 61.2
1561501310.58 61.8
1561501320.59 62.3
1561501330.6 61.2
1561501340.61 61.2
1561501350.63 61.8
1561501360.65 60.7
1561501370.66 60.7
1561501380.67 61.2
1561501390.68 60.7
1561501400.7 60.7
1561501410.71 61.2
1561501420.73 61.2
1561501430.74 61.2
1561501440.76 61.2
1561501450.78 61.2
1561501460.8 61.2
1561501470.81 61.8
1561501480.83 61.2
1561501490.85 61.2
1561501500.86 62.3
1561501510.87 61.2
1561501520.88 61.8
1561501530.9 61.8
1561501540.91 61.8
1561501550.92 60.7
1561501560.93 61.2
1561501570.95 60.7
1561501580.96 61.2
1561501590.98 61.2
1561501601.0 61.8
1561501611.01 61.2
1561501621.02 61.2
1561501631.03 61.2
1561501641.05 61.2
1561501651.07 61.2
1561501661.08 61.2
1561501671.09 61.2
1561501681.1 61.2
1561501691.11 61.2
1561501701.12 60.1
1561501711.14 60.7
1561501721.16 60.7
1561501731.18 61.2
1561501741.19 60.7
1561501751.21 60.7
1561501761.22 60.7
1561501771.23 60.7
1561501781.25 61.2
1561501791.26 61.8
1561501801.27 61.8
1561501811.29 61.2
1561501821.31 60.7
1561501831.32 61.2
1561501841.34 61.2
1561501851.36 61.2
1561501861.37 61.2
1561501871.39 61.2
1561501881.4 60.1
1561501891.42 61.2
1561501901.43 61.2
1561501911.44 60.7
1561501921.46 61.2
1561501931.48 61.2
1561501941.49 61.2
1561501951.51 60.7
1561501961.52 60.7
1561501971.54 61.2
1561501981.55 60.7
1561501991.57 61.2
1561502001.58 61.8
1561502011.6 61.2
1561502021.61 61.2
1561502031.62 61.8
1561502041.63 61.8
1561502051.65 61.8
1561502061.66 61.8
1561502071.68 61.2
1561502081.69 61.2
1561502091.7 61.2
1561502101.71 61.2
1561502111.73 61.8
1561502121.74 62.3
1561502131.76 61.2
1561502141.78 62.3
1561502151.79 61.2
1561502161.81 62.3
1561502171.83 62.3
1561502181.84 61.8
1561502191.85 62.3
1561502201.86 61.2
1561502211.88 61.8
1561502221.89 62.3
1561502231.9 62.3
1561502241.92 62.3
1561502251.93 61.2
1561502261.94 62.3
1561502271.95 61.8
1561502281.96 62.3
1561502291.97 62.3
1561502301.99 61.2
1561502312.0 61.2
1561502322.01 61.8
1561502332.02 61.8
1561502342.04 61.8
1561502352.05 62.3
1561502362.06 61.8
1561502372.08 62.3
1561502382.09 61.2
1561502392.1 61.2
1561502402.12 61.2
1561502412.13 62.3
1561502422.14 61.8
1561502432.15 62.3
1561502442.17 61.8
1561502452.18 61.2
1561502462.2 61.2
1561502472.21 61.8
1561502482.23 61.2
1561502492.24 61.2
1561502502.26 61.2
1561502512.27 61.8
1561502522.28 61.8
1561502532.29 62.3
1561502542.3 61.2
1561502552.32 61.2
1561502562.33 61.2
1561502572.34 61.8
1561502582.35 61.2
1561502592.37 61.8
1561502602.38 61.2
1561502612.39 61.2
1561502622.4 62.3
1561502632.41 62.3
1561502642.42 62.3
1561502652.44 61.2
1561502662.45 61.8
1561502672.46 61.8
1561502682.48 61.2
1561502692.49 61.2
1561502702.5 62.3
1561502712.51 62.3
1561502722.52 61.2
1561502732.54 61.2
1561502742.55 62.3
1561502752.56 61.8
1561502762.58 61.8
1561502772.59 62.3
1561502782.6 61.2
1561502792.61 61.2
1561502802.63 61.8
1561502812.64 61.2
1561502822.65 61.2
1561502832.67 61.2
1561502842.68 62.3
1561502852.69 61.8
1561502862.7 62.3
1561502872.72 62.3
1561502882.73 62.3
1561502892.74 62.3
1561502902.75 61.8
1561502912.76 62.3
1561502922.78 62.3
1561502932.79 61.8
1561502942.81 61.2
1561502952.82 61.2
1561502962.84 61.2
1561502972.85 61.2
1561502982.87 61.2
1561502992.89 61.2
1561503002.9 61.2
1561503012.92 61.2
1561503022.93 61.2
1561503032.94 60.7
1561503042.95 61.2
1561503052.97 61.8
1561503062.99 61.8
1561503073.0 61.8
1561503083.01 61.2
1561503093.02 60.7
1561503103.04 61.2
1561503113.05 61.2
1561503123.07 62.3
1561503133.09 61.2
1561503143.11 61.8
1561503153.13 61.2
1561503163.14 61.8
1561503173.15 61.8
1561503183.17 61.2
1561503193.18 62.3
1561503203.2 61.8
1561503213.21 61.8
1561503223.23 62.3
1561503233.25 62.3
1561503243.26 62.3
1561503253.27 62.3
1561503263.29 62.3
1561503273.31 62.3
1561503283.33 62.8
1561503293.34 62.8
1561503303.37 62.3
1561503313.39 62.3
1561503323.4 62.3
1561503333.42 62.3
1561503343.43 62.3
1561503353.45 61.8
1561503363.47 62.3
1561503373.49 62.3
1561503383.5 62.3
1561503393.52 62.8
1561503403.54 62.3
1561503413.55 62.3
1561503423.57 63.4
1561503433.59 62.3
1561503443.61 62.3
1561503453.62 62.8
1561503463.63 62.8
1561503473.65 63.4
1561503483.66 62.8
1561503493.67 62.8
1561503503.69 62.8
1561503513.71 62.8
1561503523.72 62.8
1561503533.74 63.4
1561503543.76 62.8
1561503553.77 62.8
1561503563.78 63.4
1561503573.79 62.8
1561503583.81 62.8
1561503593.82 62.8
