1561400001.76 79.0
1561400011.78 78.4
1561400021.79 79.5
1561400031.82 79.5
1561400041.84 79.0
1561400051.85 79.0
1561400061.87 79.0
1561400071.89 78.4
1561400081.91 78.4
1561400091.93 79.0
1561400101.95 79.0
1561400111.97 77.4
1561400121.98 78.4
1561400132.0 79.5
1561400142.02 79.0
1561400152.03 79.0
1561400162.05 79.0
1561400172.07 79.0
1561400182.09 79.5
1561400192.1 79.5
1561400202.11 79.5
1561400212.13 79.5
1561400222.14 79.5
1561400232.16 79.0
1561400242.18 78.4
1561400252.19 79.0
1561400262.21 79.5
1561400272.23 79.5
1561400282.24 79.5
1561400292.25 79.0
1561400302.28 79.5
1561400312.29 78.4
1561400322.31 79.5
1561400332.32 79.5
1561400342.33 79.5
1561400352.34 78.4
1561400362.36 79.5
1561400372.37 79.5
1561400382.38 79.5
1561400392.39 79.5
1561400402.41 79.5
1561400412.42 79.0
1561400422.43 79.5
1561400432.45 79.0
1561400442.47 79.5
1561400452.49 79.5
1561400462.5 78.4
1561400472.52 79.0
1561400482.53 79.5
1561400492.54 79.5
1561400502.55 79.0
1561400512.56 78.4
1561400522.57 79.0
1561400532.58 79.5
1561400542.6 79.0
1561400552.61 79.5
1561400562.62 78.4
1561400572.63 78.4
1561400582.65 78.4
1561400592.66 78.4
1561400602.67 79.0
1561400612.68 77.9
1561400622.69 78.4
1561400632.71 77.9
1561400642.73 77.9
1561400652.75 77.9
1561400662.76 77.4
1561400672.77 77.9
1561400682.79 77.9
1561400692.81 77.4
1561400702.82 77.9
1561400712.84 77.4
1561400722.85 77.9
1561400732.87 77.9
1561400742.87 78.4
1561400752.89 77.4
1561400762.9 77.4
1561400772.91 77.4
1561400782.92 77.4
1561400792.94 77.4
1561400802.95 77.4
1561400812.97 76.3
1561400822.98 77.9
1561400833.01 77.4
1561400843.02 77.4
1561400853.04 77.4
1561400863.06 77.4
1561400873.08 77.9
1561400883.1 77.4
1561400893.11 77.4
1561400903.12 77.4
1561400913.14 77.4
1561400923.15 77.4
1561400933.18 77.4
1561400943.19 77.4
1561400953.21 77.9
1561400963.22 77.9
1561400973.24 77.4
1561400983.25 77.9
1561400993.27 77.4
1561401003.28 77.4
1561401013.3 77.4
1561401023.31 77.9
1561401033.33 77.4
1561401043.34 78.4
1561401053.35 77.4
1561401063.36 77.9
1561401073.38 77.9
1561401083.4 77.9
1561401093.41 77.4
1561401103.43 77.4
1561401113.44 76.8
1561401123.45 77.4
1561401133.47 77.4
1561401143.47 77.9
1561401153.49 77.9
1561401163.5 78.4
1561401173.52 77.9
1561401183.53 77.4
1561401193.55 77.4
1561401203.56 77.9
1561401213.57 77.9
1561401223.58 78.4
1561401233.59 77.9
1561401243.6 77.4
1561401253.61 78.4
1561401263.62 77.9
1561401273.63 77.9
1561401283.64 77.4
1561401293.66 77.9
1561401303.68 77.9
1561401313.69 77.4
1561401323.71 78.4
1561401333.73 77.9
1561401343.75 77.9
1561401353.76 78.4
1561401363.78 78.4
1561401373.8 77.4
1561401383.81 79.0
1561401393.83 78.4
1561401403.85 78.4
1561401413.86 77.9
1561401423.88 77.9
1561401433.89 78.4
1561401443.91 78.4
1561401453.92 78.4
1561401463.93 78.4
1561401473.96 77.9
1561401483.96 77.9
1561401493.98 78.4
1561401503.99 77.9
1561401514.01 77.9
1561401524.03 78.4
1561401534.05 77.4
1561401544.07 77.9
1561401554.08 77.4
1561401564.1 77.9
1561401574.11 77.9
1561401584.13 78.4
1561401594.14 78.4
1561401604.16 78.4
1561401614.18 78.4
1561401624.19 78.4
1561401634.21 77.4
1561401644.23 77.9
1561401654.25 78.4
1561401664.26 78.4
1561401674.28 78.4
1561401684.29 77.4
1561401694.31 78.4
1561401704.33 78.4
1561401714.34 78.4
1561401724.36 78.4
1561401734.38 78.4
1561401744.39 78.4
1561401754.41 77.9
1561401764.43 78.4
1561401774.45 78.4
1561401784.46 77.9
1561401794.48 78.4
1561401804.49 78.4
1561401814.51 77.9
1561401824.53 78.4
1561401834.54 77.4
1561401844.55 77.9
1561401854.57 77.4
1561401864.59 77.4
1561401874.61 77.4
1561401884.62 76.8
1561401894.64 77.4
1561401904.65 77.4
1561401914.66 77.4
1561401924.68 77.9
1561401934.7 77.4
1561401944.73 77.9
1561401954.75 76.3
1561401964.77 76.8
1561401974.78 77.4
1561401984.79 77.4
1561401994.81 77.4
1561402004.83 76.3
1561402014.84 76.8
1561402024.86 76.8
1561402034.88 76.8
1561402044.9 77.9
1561402054.91 77.4
1561402064.92 77.4
1561402074.93 77.4
1561402084.94 76.8
1561402094.96 77.4
1561402104.98 77.4
1561402114.99 76.8
1561402125.01 77.4
1561402135.03 77.4
1561402145.04 77.4
1561402155.08 77.4
1561402165.09 77.4
1561402175.11 77.4
1561402185.13 77.4
1561402195.14 76.3
1561402205.15 77.4
1561402215.16 77.4
1561402225.18 77.4
1561402235.2 76.3
1561402245.22 76.3
1561402255.23 76.8
1561402265.25 77.4
1561402275.27 76.8
1561402285.28 76.3
1561402295.3 76.3
1561402305.32 76.3
1561402315.34 77.4
1561402325.35 77.4
1561402335.37 76.8
1561402345.38 76.3
1561402355.39 76.3
1561402365.42 76.3
1561402375.44 76.3
1561402385.46 76.8
1561402395.48 76.8
1561402405.5 76.8
1561402415.52 75.8
1561402425.54 76.3
1561402435.55 76.3
1561402445.56 76.3
1561402455.57 76.3
1561402465.59 75.8
1561402475.61 77.4
1561402485.61 76.3
1561402495.63 76.8
1561402505.64 76.3
1561402515.66 76.3
1561402525.68 76.3
1561402535.7 75.8
1561402545.71 76.3
1561402555.73 77.4
1561402565.75 76.8
1561402575.76 76.3
1561402585.79 75.8
1561402595.8 76.3
1561402605.82 77.4
1561402615.84 76.3
1561402625.85 76.8
1561402635.87 76.3
1561402645.89 76.3
1561402655.91 75.8
1561402665.92 76.3
1561402675.95 76.3
1561402685.96 76.3
1561402695.98 75.8
1561402706.0 76.3
1561402716.02 75.8
1561402726.04 75.2
1561402736.06 75.8
1561402746.07 75.8
1561402756.09 75.8
1561402766.11 75.2
1561402776.13 75.8
1561402786.15 76.3
1561402796.16 76.3
1561402806.18 78.4
1561402816.2 76.8
1561402826.21 76.8
1561402836.23 75.8
1561402846.25 75.8
1561402856.26 76.3
1561402866.28 76.3
1561402876.29 75.8
1561402886.31 75.8
1561402896.33 75.8
1561402906.35 75.2
1561402916.37 75.2
1561402926.38 75.2
1561402936.4 76.3
1561402946.42 75.8
1561402956.43 76.3
1561402966.45 75.2
1561402976.47 75.2
1561402986.48 75.8
1561402996.5 75.2
1561403006.52 75.2
1561403016.53 75.2
1561403026.55 75.2
1561403036.57 74.7
1561403046.59 75.2
1561403056.6 75.2
1561403066.62 75.2
1561403076.64 74.7
1561403086.65 74.1
1561403096.67 74.7
1561403106.69 75.2
1561403116.71 75.2
1561403126.73 75.2
1561403136.76 75.2
1561403146.77 75.2
1561403156.78 75.2
1561403166.8 75.2
1561403176.82 75.2
1561403186.83 75.8
1561403196.85 75.8
1561403206.86 76.3
1561403216.87 75.2
1561403226.89 75.2
1561403236.9 76.3
1561403246.91 75.8
1561403256.93 75.2
1561403266.95 75.2
1561403276.96 75.8
1561403286.96 75.8
1561403296.98 75.2
1561403306.99 75.2
1561403317.0 75.2
1561403327.01 75.2
1561403337.04 74.7
1561403347.05 75.8
1561403357.07 75.2
1561403367.09 75.2
1561403377.09 75.2
1561403387.11 74.7
1561403397.12 74.7
1561403407.14 74.7
1561403417.16 74.7
1561403427.17 74.1
1561403437.19 74.7
1561403447.2 75.2
1561403457.21 75.8
1561403467.23 75.2
1561403477.25 75.2
1561403487.26 75.2
1561403497.27 75.2
1561403507.29 75.2
1561403517.31 75.2
1561403527.32 75.2
1561403537.35 74.7
1561403547.36 75.8
1561403557.38 75.2
1561403567.39 75.8
1561403577.41 75.2
1561403587.43 76.3
1561403597.45 75.2
1561403607.46 75.2
1561403617.48 75.2
1561403627.5 75.2
1561403637.52 74.7
1561403647.54 75.2
1561403657.55 75.2
1561403667.57 74.7
1561403677.59 74.7
1561403687.6 75.2
1561403697.63 74.1
1561403707.65 74.1
1561403717.67 74.1
1561403727.69 74.7
1561403737.71 74.7
1561403747.74 74.1
1561403757.75 74.7
1561403767.77 75.2
1561403777.79 74.1
1561403787.81 75.2
1561403797.83 74.7
1561403807.85 74.1
1561403817.87 74.1
1561403827.88 75.2
1561403837.89 74.7
1561403847.91 74.1
1561403857.92 74.7
1561403867.93 74.7
1561403877.95 75.2
1561403887.96 74.1
1561403897.98 75.2
1561403908.0 74.1
1561403918.01 74.7
1561403928.03 74.1
1561403938.04 74.1
1561403948.07 74.1
1561403958.09 74.7
1561403968.1 75.2
1561403978.12 74.7
1561403988.13 74.7
1561403998.14 75.2
1561404008.16 74.7
1561404018.18 74.1
1561404028.19 74.7
1561404038.2 74.1
1561404048.22 74.7
1561404058.23 74.1
1561404068.25 74.7
1561404078.26 74.1
1561404088.28 74.1
1561404098.29 75.2
1561404108.3 74.7
1561404118.32 74.7
1561404128.33 74.1
1561404138.34 74.7
1561404148.36 74.7
1561404158.37 74.1
1561404168.39 74.1
1561404178.4 74.1
1561404188.41 74.1
1561404198.42 74.1
1561404208.43 74.1
1561404218.44 75.2
1561404228.46 74.7
1561404238.48 74.7
1561404248.49 74.7
1561404258.5 74.1
1561404268.51 74.1
1561404278.52 75.2
1561404288.54 74.1
1561404298.56 74.1
1561404308.57 75.2
1561404318.59 74.1
1561404328.6 74.7
1561404338.61 74.1
1561404348.63 74.1
1561404358.65 73.1
1561404368.67 74.1
1561404378.68 74.1
1561404388.7 73.1
1561404398.72 74.1
1561404408.73 73.6
1561404418.74 74.1
1561404428.76 73.1
1561404438.78 74.1
1561404448.79 74.1
1561404458.81 73.6
1561404468.84 73.1
1561404478.85 73.6
1561404488.86 74.1
1561404498.88 73.1
1561404508.9 73.6
1561404518.91 73.6
1561404528.93 73.1
1561404538.95 73.6
1561404548.97 73.6
1561404558.98 73.6
1561404568.99 73.6
1561404579.01 73.6
1561404589.03 73.1
1561404599.05 74.1
1561404609.07 73.1
1561404619.08 74.7
1561404629.09 74.1
1561404639.11 73.1
1561404649.13 73.6
1561404659.14 73.1
1561404669.16 73.6
1561404679.17 73.6
1561404689.19 74.1
1561404699.21 73.6
1561404709.22 74.1
1561404719.24 73.6
1561404729.25 73.6
1561404739.27 74.1
1561404749.29 73.6
1561404759.3 73.6
1561404769.32 74.1
1561404779.33 74.1
1561404789.35 74.1
1561404799.36 73.6
1561404809.38 74.1
1561404819.4 73.6
1561404829.41 73.6
1561404839.44 74.1
1561404849.45 73.6
1561404859.46 73.6
1561404869.49 74.1
1561404879.5 74.1
1561404889.52 73.6
1561404899.54 73.6
1561404909.56 73.6
1561404919.58 74.1
1561404929.59 74.1
1561404939.61 73.6
1561404949.62 74.1
1561404959.63 73.6
1561404969.65 73.1
1561404979.67 73.1
1561404989.69 73.1
1561404999.7 73.1
1561405009.72 74.1
1561405019.74 73.1
1561405029.75 73.6
1561405039.76 73.6
1561405049.78 73.6
1561405059.78 73.6
1561405069.8 73.6
1561405079.82 73.1
1561405089.84 73.6
1561405099.85 74.1
1561405109.87 74.1
1561405119.89 74.1
1561405129.9 74.1
1561405139.91 73.6
1561405149.93 73.6
1561405159.94 74.1
1561405169.96 74.1
1561405179.98 74.1
1561405190.0 74.1
1561405200.0 74.7
1561405210.02 74.1
1561405220.04 74.1
1561405230.05 74.1
1561405240.06 74.1
1561405250.08 74.1
1561405260.1 74.1
1561405270.11 74.7
1561405280.19 74.1
1561405290.21 74.1
1561405300.23 74.7
1561405310.24 73.6
1561405320.26 74.1
1561405330.28 74.1
1561405340.28 74.7
1561405350.3 74.1
1561405360.32 74.1
1561405370.34 74.1
1561405380.36 74.1
1561405390.37 74.1
1561405400.38 74.1
1561405410.41 73.1
1561405420.43 74.1
1561405430.44 74.1
1561405440.46 74.1
1561405450.48 75.2
1561405460.49 74.1
1561405470.51 74.1
1561405480.52 74.1
1561405490.54 73.6
1561405500.55 74.1
1561405510.56 74.1
1561405520.58 74.1
1561405530.6 74.1
1561405540.61 74.1
1561405550.62 74.1
1561405560.63 74.1
1561405570.65 73.6
1561405580.66 74.1
1561405590.68 73.6
1561405600.69 73.6
1561405610.71 74.1
1561405620.72 73.6
1561405630.75 73.6
1561405640.77 74.1
1561405650.78 73.6
1561405660.8 74.1
1561405670.81 73.6
1561405680.82 74.1
1561405690.84 74.1
1561405700.85 73.1
1561405710.87 73.6
1561405720.89 74.1
1561405730.91 74.1
1561405740.92 74.1
1561405750.94 74.1
1561405760.95 74.1
1561405770.97 74.1
1561405780.99 74.1
1561405791.0 74.1
1561405801.02 74.1
1561405811.04 74.1
1561405821.05 74.1
1561405831.07 73.6
1561405841.08 74.7
1561405851.09 74.1
1561405861.11 74.7
1561405871.12 74.1
1561405881.14 74.1
1561405891.16 73.6
1561405901.17 74.1
1561405911.18 74.1
1561405921.19 74.1
1561405931.21 74.1
1561405941.22 74.1
1561405951.24 74.1
1561405961.25 74.7
1561405971.27 73.6
1561405981.28 75.2
1561405991.29 74.7
1561406001.3 74.1
1561406011.31 74.7
1561406021.33 75.2
1561406031.34 75.2
1561406041.36 74.1
1561406051.37 74.7
1561406061.39 74.7
1561406071.4 74.1
1561406081.42 75.2
1561406091.43 74.7
1561406101.45 74.7
1561406111.46 74.1
1561406121.47 74.1
1561406131.49 75.2
1561406141.51 75.2
1561406151.52 74.1
1561406161.54 75.2
1561406171.56 75.2
1561406181.58 74.7
1561406191.6 74.1
1561406201.61 74.1
1561406211.63 73.6
1561406221.64 75.2
1561406231.65 74.1
1561406241.67 74.7
1561406251.68 74.7
1561406261.7 74.1
1561406271.71 74.7
1561406281.73 74.1
1561406291.74 74.7
1561406301.75 74.1
1561406311.77 74.1
1561406321.78 74.1
1561406331.8 74.7
1561406341.81 74.1
1561406351.82 74.1
1561406361.84 73.6
1561406371.85 73.6
1561406381.86 74.1
1561406391.87 74.1
