1561700007.17 53.7
1561700017.19 52.6
1561700027.21 52.6
1561700037.22 52.6
1561700047.24 52.1
1561700057.26 52.1
1561700067.28 51.5
1561700077.3 52.1
1561700087.32 52.1
1561700097.34 51.5
1561700107.35 52.6
1561700117.37 52.1
1561700127.38 52.1
1561700137.4 52.6
1561700147.41 52.1
1561700157.43 52.1
1561700167.44 51.5
1561700177.46 52.1
1561700187.48 52.6
1561700197.5 52.6
1561700207.52 51.5
1561700217.54 51.5
1561700227.56 52.1
1561700237.57 52.1
1561700247.59 52.1
1561700257.61 52.6
1561700267.63 51.5
1561700277.64 52.1
1561700287.65 51.5
1561700297.67 52.1
1561700307.68 52.6
1561700317.7 53.7
1561700327.71 52.1
1561700337.73 52.6
1561700347.74 53.7
1561700357.76 52.6
1561700367.78 52.1
1561700377.79 53.2
1561700387.81 53.2
1561700397.82 52.6
1561700407.83 52.6
1561700417.84 52.1
1561700427.87 52.1
1561700437.89 52.6
1561700447.9 53.2
1561700457.91 52.1
1561700467.93 52.6
1561700477.95 53.2
1561700487.96 53.2
1561700497.98 53.2
1561700507.99 52.6
1561700518.01 53.2
1561700528.03 52.6
1561700538.04 52.6
1561700548.06 52.1
1561700558.08 52.1
1561700568.1 52.1
1561700578.13 52.1
1561700588.14 52.6
1561700598.16 52.6
1561700608.18 51.5
1561700618.2 52.1
1561700628.23 52.6
1561700638.25 52.1
1561700648.27 51.5
1561700658.29 51.5
1561700668.31 52.6
1561700678.33 51.5
1561700688.35 52.6
1561700698.37 52.6
1561700708.39 52.1
1561700718.41 52.1
1561700728.43 52.6
1561700738.45 52.6
1561700748.46 53.2
1561700758.49 52.6
1561700768.51 53.2
1561700778.53 52.6
1561700788.55 52.1
1561700798.56 52.6
1561700808.58 52.1
1561700818.6 52.6
1561700828.63 53.2
1561700838.64 53.7
1561700848.66 53.2
1561700858.68 53.2
1561700868.7 53.2
1561700878.71 53.7
1561700888.73 52.6
1561700898.75 53.2
1561700908.76 53.7
1561700918.79 53.2
1561700928.8 53.2
1561700938.82 53.2
1561700948.84 52.1
1561700958.86 51.5
1561700968.88 52.6
1561700978.9 52.1
1561700988.91 52.6
1561700998.94 51.5
1561701008.95 52.1
1561701018.97 51.5
1561701028.99 52.1
1561701039.01 52.6
1561701049.03 52.1
1561701059.04 51.5
1561701069.06 51.5
1561701079.08 51.5
1561701089.1 52.1
1561701099.12 51.5
1561701109.14 52.1
1561701119.16 52.1
1561701129.18 52.1
1561701139.2 52.6
1561701149.21 52.1
1561701159.23 51.5
1561701169.25 51.5
1561701179.28 51.5
1561701189.3 51.5
1561701199.32 51.5
1561701209.33 52.6
1561701219.35 51.5
1561701229.37 51.5
1561701239.39 51.5
1561701249.41 51.5
1561701259.43 51.5
1561701269.45 51.5
1561701279.48 51.5
1561701289.49 51.5
1561701299.51 51.5
1561701309.53 52.1
1561701319.55 51.0
1561701329.58 51.0
1561701339.6 52.1
1561701349.62 51.5
1561701359.64 51.5
1561701369.66 51.5
1561701379.68 51.5
1561701389.7 51.5
1561701399.72 51.5
1561701409.74 51.5
1561701419.76 51.5
1561701429.78 51.5
1561701439.8 50.5
1561701449.82 51.5
1561701459.84 52.1
1561701469.86 52.1
1561701479.88 51.5
1561701489.89 51.5
1561701499.91 51.5
1561701509.93 51.5
1561701519.95 51.5
1561701529.97 52.6
1561701539.99 52.6
1561701550.01 52.1
1561701560.03 52.6
1561701570.05 52.6
1561701580.07 52.1
1561701590.09 52.1
1561701600.11 51.5
