1561900005.02 65.0
1561900015.04 65.0
1561900025.05 64.5
1561900035.07 65.0
1561900045.09 64.5
1561900055.1 65.0
1561900065.11 65.0
1561900075.12 65.0
1561900085.14 65.0
1561900095.15 64.5
1561900105.17 65.5
1561900115.19 65.0
1561900125.2 65.0
1561900135.22 66.1
1561900145.23 66.6
1561900155.25 65.5
1561900165.27 66.1
1561900175.28 65.5
1561900185.3 66.1
1561900195.31 65.5
1561900205.33 65.5
1561900215.35 65.5
1561900225.37 65.5
1561900235.39 65.5
1561900245.41 65.0
1561900255.42 65.5
1561900265.44 65.5
1561900275.46 66.6
1561900285.48 66.6
1561900295.49 65.5
1561900305.51 66.1
1561900315.53 65.5
1561900325.54 66.1
1561900335.56 65.5
1561900345.57 66.1
1561900355.59 66.1
1561900365.61 66.6
1561900375.63 65.5
1561900385.65 66.6
1561900395.66 66.6
1561900405.67 66.6
1561900415.69 66.6
1561900425.7 66.6
1561900435.72 66.6
1561900445.74 66.6
1561900455.75 65.5
1561900465.77 66.6
1561900475.78 66.6
1561900485.8 66.6
1561900495.82 66.6
1561900505.83 66.6
1561900515.85 66.6
1561900525.87 66.6
1561900535.89 67.1
1561900545.9 67.1
1561900555.92 66.6
1561900565.94 66.6
1561900575.95 66.6
1561900585.97 66.6
1561900595.98 66.6
1561900606.0 66.6
1561900616.02 66.6
1561900626.04 66.6
1561900636.05 65.5
1561900646.07 66.6
1561900656.08 66.6
1561900666.1 66.6
1561900676.12 66.6
1561900686.13 66.6
1561900696.15 66.6
1561900706.17 65.5
1561900716.18 66.6
1561900726.2 66.6
1561900736.21 66.1
1561900746.23 65.5
1561900756.25 65.5
1561900766.26 65.5
1561900776.28 66.1
1561900786.3 66.6
1561900796.32 65.5
1561900806.33 66.1
1561900816.35 65.5
1561900826.37 65.5
1561900836.39 65.5
1561900846.4 64.5
1561900856.42 66.1
1561900866.44 65.5
1561900876.45 66.6
1561900886.47 65.5
1561900896.48 66.6
1561900906.5 65.5
1561900916.52 65.5
1561900926.54 65.5
1561900936.55 65.5
1561900946.57 66.6
1561900956.59 65.5
1561900966.61 66.6
1561900976.62 66.6
1561900986.64 66.1
1561900996.65 65.5
1561901006.66 66.6
1561901016.68 66.1
1561901026.7 66.6
1561901036.71 66.6
1561901046.73 66.1
1561901056.75 67.1
1561901066.77 65.5
1561901076.78 66.1
1561901086.8 66.1
1561901096.83 65.5
1561901106.85 66.6
1561901116.86 66.1
1561901126.88 66.6
1561901136.9 66.6
1561901146.92 66.6
1561901156.93 66.6
1561901166.95 66.6
1561901176.97 66.6
1561901186.98 66.6
1561901197.0 67.1
1561901207.02 66.6
1561901217.04 67.1
1561901227.05 67.1
1561901237.07 66.6
1561901247.08 67.7
1561901257.1 67.1
1561901267.11 66.6
1561901277.13 66.6
1561901287.15 66.6
1561901297.16 66.6
1561901307.18 66.6
1561901317.2 66.6
1561901327.21 66.6
1561901337.23 66.6
1561901347.25 66.6
1561901357.26 66.6
1561901367.28 66.6
1561901377.29 66.6
1561901387.3 66.6
1561901397.32 67.1
1561901407.33 66.6
1561901417.35 66.6
1561901427.37 66.6
1561901437.38 65.5
1561901447.4 66.1
1561901457.42 66.1
1561901467.44 66.1
1561901477.45 66.1
1561901487.47 66.6
1561901497.48 66.1
1561901507.49 66.6
1561901517.52 65.5
1561901527.53 66.1
1561901537.55 65.0
1561901547.56 65.0
1561901557.58 65.5
1561901567.59 65.5
1561901577.6 65.5
1561901587.62 66.1
1561901597.63 65.5
1561901607.64 65.5
1561901617.67 65.5
1561901627.69 66.6
1561901637.7 66.6
1561901647.71 66.6
1561901657.73 66.6
1561901667.75 65.5
1561901677.76 66.1
1561901687.78 65.5
1561901697.8 65.5
1561901707.82 66.1
1561901717.83 66.1
1561901727.85 66.6
1561901737.86 66.6
1561901747.88 66.6
1561901757.9 66.1
1561901767.91 65.5
1561901777.92 66.6
1561901787.94 66.6
1561901797.95 66.6
1561901807.97 67.1
1561901817.99 67.1
1561901828.0 66.6
1561901838.02 67.7
1561901848.03 67.7
1561901858.05 66.6
1561901868.07 66.6
1561901878.09 67.1
1561901888.1 67.7
1561901898.12 68.2
1561901908.13 68.2
1561901918.14 68.2
1561901928.16 67.7
1561901938.17 68.8
1561901948.19 67.7
1561901958.21 67.7
1561901968.22 67.7
1561901978.24 67.7
1561901988.25 67.7
1561901998.27 67.7
1561902008.29 67.7
1561902018.3 68.8
1561902028.32 68.8
1561902038.33 68.8
1561902048.34 68.8
1561902058.35 68.8
1561902068.37 67.7
1561902078.38 68.8
1561902088.39 67.7
1561902098.41 68.2
1561902108.44 68.2
1561902118.45 68.8
1561902128.47 68.8
1561902138.49 67.7
1561902148.5 68.8
1561902158.52 67.7
1561902168.54 67.7
1561902178.55 68.8
1561902188.57 68.8
1561902198.58 67.7
1561902208.61 68.8
1561902218.62 68.8
1561902228.64 68.8
1561902238.65 69.3
1561902248.67 68.8
1561902258.69 68.8
1561902268.7 68.2
1561902278.72 68.2
1561902288.73 68.8
1561902298.75 68.2
1561902308.77 67.7
1561902318.79 68.8
1561902328.81 68.8
1561902338.83 68.8
1561902348.85 68.8
1561902358.86 69.3
1561902368.87 68.8
1561902378.89 68.8
1561902388.91 68.8
1561902398.92 68.8
1561902408.94 69.3
1561902418.95 68.8
1561902428.97 68.8
1561902438.99 67.7
1561902449.0 68.2
1561902459.02 68.8
1561902469.03 68.8
1561902479.05 68.8
1561902489.06 69.3
1561902499.08 68.8
1561902509.1 69.3
1561902519.12 68.8
1561902529.13 68.2
1561902539.15 67.7
1561902549.16 68.8
1561902559.18 68.8
1561902569.2 67.7
1561902579.21 68.2
1561902589.23 67.7
1561902599.24 68.2
1561902609.26 68.8
1561902619.28 67.7
1561902629.29 68.8
1561902639.3 68.2
1561902649.31 69.3
1561902659.33 68.8
1561902669.35 68.8
1561902679.36 68.2
1561902689.38 68.8
1561902699.4 68.2
1561902709.42 67.7
1561902719.43 68.8
1561902729.45 67.7
1561902739.47 69.3
1561902749.48 68.2
1561902759.49 67.7
1561902769.51 68.8
1561902779.52 69.3
1561902789.54 68.8
1561902799.56 68.8
1561902809.58 68.8
1561902819.59 68.8
1561902829.6 69.3
1561902839.61 68.8
1561902849.63 68.8
1561902859.64 67.7
1561902869.65 68.8
1561902879.66 69.3
1561902889.69 69.3
1561902899.71 68.2
1561902909.73 67.7
1561902919.75 68.8
1561902929.76 68.8
1561902939.78 69.3
1561902949.79 69.3
1561902959.8 69.3
1561902969.82 69.3
1561902979.83 69.3
1561902989.85 69.3
1561902999.86 68.8
1561903009.88 68.8
1561903019.91 68.2
1561903029.92 68.8
1561903039.94 69.3
1561903049.95 69.3
1561903059.97 69.8
1561903069.99 69.3
1561903080.0 69.3
1561903090.02 69.3
1561903100.04 69.3
1561903110.05 69.3
1561903120.07 69.3
1561903130.09 69.3
1561903140.11 68.8
1561903150.12 69.3
1561903160.14 69.3
1561903170.15 69.3
1561903180.18 68.8
1561903190.19 68.8
1561903200.21 69.3
1561903210.23 71.4
1561903220.24 69.8
1561903230.26 69.8
1561903240.28 68.8
1561903250.29 69.8
1561903260.3 69.3
1561903270.32 69.8
1561903280.33 69.8
1561903290.36 69.8
1561903300.37 69.8
1561903310.38 69.8
1561903320.4 69.8
1561903330.41 69.3
1561903340.42 69.8
1561903350.45 69.8
1561903360.47 69.3
1561903370.49 69.8
1561903380.5 69.8
1561903390.52 69.3
1561903400.54 69.8
1561903410.55 69.3
1561903420.57 69.8
1561903430.58 69.3
1561903440.6 70.4
1561903450.61 69.8
1561903460.63 69.8
1561903470.64 69.8
1561903480.67 68.8
1561903490.68 69.3
1561903500.7 69.8
1561903510.71 69.8
1561903520.73 69.8
1561903530.75 69.3
1561903540.77 69.8
1561903550.78 69.8
1561903560.8 69.8
1561903570.82 69.8
1561903580.84 69.8
1561903590.85 69.8
1561903600.86 69.8
1561903610.87 69.8
1561903620.88 69.3
1561903630.9 69.8
1561903640.91 69.3
1561903650.93 68.8
1561903660.94 69.3
1561903670.96 68.8
1561903680.98 68.2
1561903691.0 68.8
1561903701.02 68.8
1561903711.03 69.3
1561903721.05 68.8
1561903731.06 69.3
1561903741.08 68.8
1561903751.1 69.3
1561903761.11 68.8
1561903771.13 68.8
1561903781.14 68.8
1561903791.16 68.8
1561903801.18 68.8
1561903811.19 69.3
1561903821.21 68.8
1561903831.22 68.8
1561903841.24 68.8
1561903851.26 67.7
1561903861.28 69.3
1561903871.29 68.8
1561903881.31 69.3
1561903891.33 68.2
1561903901.34 68.8
1561903911.36 68.2
1561903921.38 68.8
1561903931.39 67.7
1561903941.41 67.7
1561903951.42 68.2
1561903961.43 68.2
1561903971.45 67.1
1561903981.47 67.1
1561903991.48 67.7
1561904001.5 67.1
1561904011.51 67.1
1561904021.52 67.1
1561904031.53 67.7
1561904041.55 67.1
1561904051.56 67.7
1561904061.57 67.7
1561904071.59 67.7
1561904081.6 67.7
1561904091.61 67.7
1561904101.63 67.7
1561904111.64 67.7
1561904121.66 67.1
1561904131.67 67.7
1561904141.69 67.1
1561904151.7 67.1
1561904161.72 67.7
1561904171.73 67.1
1561904181.75 67.1
1561904191.76 67.7
1561904201.78 67.7
1561904211.79 67.7
1561904221.81 67.7
1561904231.83 67.1
1561904241.84 67.7
1561904251.85 67.7
1561904261.87 67.1
1561904271.89 67.7
1561904281.9 66.6
1561904291.91 66.6
1561904301.93 67.1
1561904311.95 66.6
1561904321.96 66.6
1561904331.98 66.1
1561904342.0 66.6
1561904352.02 65.5
1561904362.04 66.1
1561904372.06 65.5
1561904382.09 66.1
1561904392.11 65.5
1561904402.12 66.1
1561904412.13 65.5
1561904422.16 65.5
1561904432.17 65.5
1561904442.19 65.5
1561904452.21 65.5
1561904462.23 64.5
1561904472.24 65.0
1561904482.25 65.5
1561904492.26 65.5
1561904502.28 64.5
1561904512.31 65.5
1561904522.33 65.5
1561904532.34 65.0
1561904542.37 65.5
1561904552.39 66.1
1561904562.4 65.5
1561904572.42 65.5
1561904582.43 66.1
1561904592.44 65.5
1561904602.46 66.1
1561904612.47 66.1
1561904622.49 66.1
1561904632.51 66.1
1561904642.52 65.5
1561904652.54 67.1
1561904662.56 66.1
1561904672.57 65.5
1561904682.59 66.1
1561904692.6 66.6
1561904702.62 66.1
1561904712.64 65.5
1561904722.65 66.6
1561904732.66 65.5
1561904742.67 66.1
1561904752.69 66.1
1561904762.71 65.5
1561904772.73 65.5
1561904782.74 65.5
1561904792.76 66.1
1561904802.78 65.5
1561904812.8 65.5
1561904822.81 66.1
1561904832.83 65.5
1561904842.85 66.1
1561904852.86 66.6
1561904862.87 65.5
1561904872.89 66.1
1561904882.9 66.1
1561904892.91 65.5
1561904902.92 66.1
1561904912.93 66.6
1561904922.94 65.5
1561904932.96 66.6
1561904942.97 66.1
1561904953.0 65.5
1561904963.01 66.1
1561904973.02 66.6
1561904983.04 65.5
1561904993.06 66.6
1561905003.07 66.6
1561905013.09 66.1
1561905023.1 66.1
1561905033.12 65.5
1561905043.14 65.0
1561905053.16 64.5
1561905063.18 64.5
1561905073.2 65.0
1561905083.22 65.5
1561905093.23 64.5
1561905103.25 65.5
1561905113.27 65.0
1561905123.28 64.5
1561905133.3 64.5
1561905143.32 63.4
1561905153.34 64.5
1561905163.35 65.0
1561905173.37 64.5
1561905183.38 64.5
1561905193.39 63.9
1561905203.41 63.9
1561905213.43 64.5
1561905223.45 64.5
1561905233.47 64.5
1561905243.48 64.5
1561905253.49 63.4
1561905263.52 63.4
1561905273.53 64.5
1561905283.54 64.5
1561905293.56 65.0
1561905303.58 64.5
1561905313.59 64.5
1561905323.61 63.9
1561905333.63 64.5
1561905343.64 64.5
1561905353.66 64.5
1561905363.68 65.0
1561905373.69 64.5
1561905383.71 64.5
1561905393.72 64.5
1561905403.74 63.9
1561905413.76 64.5
1561905423.78 63.9
1561905433.8 63.9
1561905443.81 64.5
1561905453.82 64.5
1561905463.84 63.9
1561905473.85 63.4
1561905483.87 64.5
1561905493.88 64.5
1561905503.9 63.4
1561905513.92 63.4
1561905523.93 63.4
1561905533.95 63.4
1561905543.97 63.4
1561905553.98 63.4
1561905564.0 63.9
1561905574.02 63.4
1561905584.04 63.4
1561905594.05 64.5
1561905604.06 63.4
1561905614.08 63.9
1561905624.09 63.9
1561905634.11 62.8
1561905644.13 62.8
1561905654.15 62.3
1561905664.16 62.8
1561905674.18 62.8
1561905684.19 62.8
1561905694.21 63.4
1561905704.22 63.4
1561905714.24 62.3
1561905724.26 62.8
1561905734.28 62.8
1561905744.29 63.4
1561905754.31 63.4
1561905764.33 62.3
1561905774.34 62.8
1561905784.36 62.3
1561905794.38 62.3
1561905804.49 62.3
1561905814.51 62.3
1561905824.52 62.8
1561905834.54 62.3
1561905844.56 62.3
1561905854.58 61.8
1561905864.59 62.3
1561905874.6 62.3
1561905884.62 61.8
1561905894.63 62.3
1561905904.64 62.3
1561905914.66 62.3
1561905924.67 62.3
1561905934.69 61.2
1561905944.71 61.8
1561905954.73 62.3
1561905964.75 61.8
1561905974.76 61.2
1561905984.78 62.3
1561905994.79 62.3
1561906004.81 61.8
1561906014.82 62.3
1561906024.84 62.3
1561906034.85 61.8
1561906044.87 61.2
1561906054.88 61.2
1561906064.89 61.2
1561906074.91 61.2
1561906084.92 60.7
1561906094.94 61.2
1561906104.95 60.7
1561906114.97 61.2
1561906124.99 60.7
1561906135.0 60.7
1561906145.01 61.2
1561906155.03 61.2
1561906165.04 60.7
1561906175.06 60.7
1561906185.07 60.7
1561906195.09 60.7
1561906205.11 61.2
1561906215.13 61.2
1561906225.15 60.7
1561906235.16 60.7
1561906245.18 61.2
1561906255.19 60.7
1561906265.2 60.7
1561906275.21 60.1
1561906285.22 60.7
1561906295.24 60.1
1561906305.26 60.7
1561906315.28 60.7
1561906325.3 60.1
1561906335.31 60.1
1561906345.33 60.7
1561906355.34 60.7
1561906365.36 60.1
1561906375.38 60.1
1561906385.4 60.1
1561906395.41 60.7
1561906405.42 60.1
1561906415.43 60.7
1561906425.45 60.7
1561906435.47 60.1
1561906445.48 60.1
1561906455.49 60.1
1561906465.51 60.7
1561906475.53 60.1
1561906485.55 60.1
1561906495.56 60.7
1561906505.58 61.2
1561906515.59 60.1
1561906525.6 60.7
1561906535.61 60.1
1561906545.63 60.7
1561906555.65 60.7
1561906565.66 60.1
1561906575.68 60.1
1561906585.69 60.1
1561906595.71 60.7
1561906605.73 60.1
1561906615.74 60.7
1561906625.76 60.7
1561906635.78 60.1
1561906645.79 61.2
1561906655.8 60.7
1561906665.82 60.7
1561906675.83 60.1
1561906685.84 61.2
1561906695.86 60.7
1561906705.87 60.7
1561906715.89 60.1
1561906725.9 60.1
1561906735.91 61.2
1561906745.93 60.7
1561906755.94 60.7
1561906765.96 61.2
1561906775.97 61.2
1561906785.99 61.2
1561906796.0 61.2
1561906806.02 61.2
1561906816.03 61.2
1561906826.05 61.2
1561906836.06 61.2
1561906846.08 61.2
1561906856.1 61.2
1561906866.11 61.2
1561906876.13 61.8
1561906886.14 60.7
1561906896.16 61.2
1561906906.17 61.8
1561906916.18 61.2
1561906926.2 60.7
1561906936.23 60.7
1561906946.25 61.2
1561906956.26 60.7
1561906966.28 61.2
1561906976.3 61.2
1561906986.31 61.8
1561906996.33 61.8
1561907006.35 60.1
1561907016.37 61.8
1561907026.38 61.2
1561907036.4 61.2
1561907046.41 61.2
1561907056.43 61.2
1561907066.44 61.2
1561907076.46 61.2
1561907086.48 61.2
1561907096.5 61.2
1561907106.52 61.2
1561907116.54 60.7
1561907126.55 60.7
1561907136.57 60.1
1561907146.59 60.7
1561907156.6 60.7
1561907166.62 60.7
1561907176.64 60.7
1561907186.66 60.1
1561907196.68 60.1
1561907206.7 60.7
1561907216.71 60.1
1561907226.73 60.1
1561907236.75 60.7
1561907246.77 60.1
1561907256.78 61.2
1561907266.8 60.1
1561907276.81 60.7
1561907286.83 60.7
1561907296.84 60.1
1561907306.86 60.1
1561907316.88 60.7
1561907326.89 61.2
1561907336.91 60.1
1561907346.93 60.7
1561907356.94 60.7
1561907366.96 60.7
1561907376.98 61.2
1561907386.99 61.2
1561907397.01 61.2
1561907407.03 60.7
1561907417.04 60.7
1561907427.06 60.1
1561907437.08 61.2
1561907447.1 60.1
1561907457.11 60.1
1561907467.13 60.7
1561907477.14 60.7
1561907487.16 61.2
1561907497.17 61.2
1561907507.19 60.7
1561907517.22 60.7
1561907527.24 61.2
1561907537.26 61.2
1561907547.28 61.2
1561907557.3 60.7
1561907567.31 60.7
1561907577.33 61.2
1561907587.35 60.7
1561907597.36 60.7
1561907607.38 60.7
1561907617.39 60.1
1561907627.41 60.7
1561907637.42 60.7
1561907647.44 60.7
1561907657.46 60.1
1561907667.47 60.1
1561907677.5 60.7
1561907687.51 60.1
1561907697.52 60.7
1561907707.54 59.6
1561907717.55 59.6
1561907727.57 60.1
1561907737.58 60.1
1561907747.59 60.1
1561907757.62 59.1
1561907767.63 60.1
1561907777.65 59.6
1561907787.67 59.1
1561907797.68 60.1
1561907807.7 59.1
1561907817.71 60.1
1561907827.72 59.1
1561907837.74 59.1
1561907847.76 59.1
1561907857.78 59.1
1561907867.8 58.0
1561907877.82 59.1
1561907887.83 59.1
1561907897.85 59.1
1561907907.87 59.6
1561907917.88 59.1
1561907927.91 59.1
1561907937.92 60.1
1561907947.94 59.6
1561907957.96 60.1
1561907967.98 60.1
1561907977.99 60.1
1561907988.0 60.1
1561907998.02 60.1
1561908008.04 59.1
1561908018.05 59.1
1561908028.07 60.7
1561908038.08 60.1
1561908048.1 60.7
1561908058.12 60.7
1561908068.13 60.1
1561908078.14 60.7
1561908088.16 60.7
1561908098.17 60.7
1561908108.19 60.7
1561908118.21 60.7
1561908128.23 61.2
1561908138.26 61.2
1561908148.27 61.2
1561908158.28 61.2
1561908168.3 61.2
1561908178.32 61.8
1561908188.34 61.8
1561908198.36 61.2
1561908208.37 61.2
1561908218.38 61.2
1561908228.39 60.7
1561908238.41 61.2
1561908248.42 61.8
1561908258.43 61.8
1561908268.44 61.8
1561908278.45 61.8
1561908288.46 61.8
1561908298.47 62.3
1561908308.49 61.8
1561908318.5 62.3
1561908328.51 62.3
1561908338.53 62.3
1561908348.54 62.3
1561908358.56 62.3
1561908368.57 62.8
1561908378.59 62.3
1561908388.6 62.3
1561908398.61 61.8
1561908408.62 62.3
1561908418.64 62.8
1561908428.66 62.8
1561908438.68 62.8
1561908448.69 62.3
1561908458.71 62.3
1561908468.72 62.8
1561908478.73 62.3
1561908488.75 62.3
1561908498.77 62.8
1561908508.78 62.8
1561908518.79 63.4
1561908528.81 63.4
1561908538.83 63.4
1561908548.85 62.8
1561908558.87 62.3
1561908568.88 62.3
1561908578.9 62.8
1561908588.91 63.4
1561908598.92 62.8
1561908608.94 62.3
1561908618.96 62.8
1561908628.97 62.8
1561908638.99 63.9
1561908649.0 63.4
1561908659.02 63.4
1561908669.03 63.4
1561908679.05 63.4
1561908689.06 63.4
1561908699.07 63.4
1561908709.08 62.3
1561908719.1 62.8
1561908729.11 63.4
1561908739.13 62.8
1561908749.14 63.4
1561908759.16 63.4
1561908769.17 63.4
1561908779.19 63.4
1561908789.2 63.4
1561908799.22 63.4
1561908809.23 63.4
1561908819.24 63.9
1561908829.26 63.4
1561908839.27 63.4
1561908849.29 63.4
1561908859.3 63.4
1561908869.32 63.4
1561908879.34 62.8
1561908889.36 63.4
1561908899.38 62.3
1561908909.39 62.8
1561908919.4 62.3
1561908929.42 63.4
1561908939.44 63.4
1561908949.45 63.4
1561908959.47 63.4
1561908969.48 63.4
1561908979.49 63.4
1561908989.51 63.4
1561908999.53 63.4
1561909009.54 63.4
1561909019.56 63.4
1561909029.57 63.4
1561909039.58 63.9
1561909049.6 63.4
1561909059.61 62.3
1561909069.62 63.9
1561909079.64 64.5
1561909089.65 63.4
1561909099.66 63.9
1561909109.68 63.4
1561909119.69 63.4
1561909129.71 63.4
1561909139.72 63.4
1561909149.74 63.4
1561909159.75 63.9
1561909169.77 63.4
1561909179.78 63.9
1561909189.79 63.9
1561909199.8 64.5
1561909209.82 64.5
1561909219.84 63.9
1561909229.86 63.4
1561909239.87 64.5
1561909249.89 64.5
1561909259.9 64.5
1561909269.91 64.5
1561909279.92 64.5
1561909289.94 65.0
1561909299.96 65.0
1561909309.98 65.0
1561909320.0 65.0
1561909330.02 65.5
1561909340.04 64.5
1561909350.05 65.0
1561909360.07 65.0
1561909370.08 65.0
1561909380.1 65.0
1561909390.12 65.0
1561909400.14 65.5
1561909410.15 65.5
1561909420.17 65.5
1561909430.18 65.5
1561909440.2 66.1
1561909450.21 65.5
1561909460.22 65.5
1561909470.24 66.1
1561909480.26 65.5
1561909490.28 65.5
1561909500.3 66.1
1561909510.31 65.5
1561909520.33 65.5
1561909530.35 65.5
1561909540.37 65.5
1561909550.38 66.1
1561909560.4 66.6
1561909570.41 65.5
1561909580.43 67.1
1561909590.45 66.6
1561909600.47 66.6
1561909610.49 65.5
1561909620.5 66.6
1561909630.52 65.5
1561909640.53 66.6
1561909650.54 67.1
1561909660.56 66.6
1561909670.57 67.7
1561909680.59 67.1
1561909690.61 66.6
1561909700.62 66.6
1561909710.64 66.6
1561909720.65 67.1
1561909730.66 67.7
1561909740.67 67.7
1561909750.69 67.1
1561909760.7 67.7
1561909770.71 67.1
1561909780.73 66.6
1561909790.74 67.1
1561909800.76 66.6
1561909810.77 67.1
1561909820.79 66.6
1561909830.8 67.1
1561909840.82 67.1
1561909850.83 66.6
1561909860.85 66.6
1561909870.86 66.6
1561909880.88 67.1
1561909890.89 66.6
1561909900.9 66.6
1561909910.92 66.1
1561909920.93 66.6
1561909930.94 65.5
1561909940.96 66.6
1561909950.97 67.1
1561909960.99 66.6
1561909971.0 66.6
1561909981.03 65.5
1561909991.04 66.1
1561910001.05 66.6
1561910011.07 65.5
1561910021.08 65.5
1561910031.1 66.1
1561910041.11 65.5
1561910051.12 66.1
1561910061.13 65.5
1561910071.15 66.6
1561910081.16 65.5
1561910091.17 65.5
1561910101.19 66.6
1561910111.2 66.1
1561910121.22 66.1
1561910131.23 65.5
1561910141.24 66.1
1561910151.26 66.6
1561910161.27 66.6
1561910171.28 66.6
1561910181.3 66.1
1561910191.31 66.6
1561910201.32 66.6
1561910211.34 66.6
1561910221.35 66.6
1561910231.37 67.1
1561910241.38 66.6
1561910251.4 66.6
1561910261.41 66.6
1561910271.43 66.6
1561910281.45 67.1
1561910291.46 67.1
1561910301.47 66.6
1561910311.49 66.6
1561910321.5 66.6
1561910331.51 67.1
1561910341.53 66.6
1561910351.54 66.6
1561910361.55 66.6
1561910371.56 67.1
1561910381.58 67.1
1561910391.59 67.1
1561910401.6 67.7
