1561600001.41 56.4
1561600011.42 55.3
1561600021.44 55.8
1561600031.45 55.8
1561600041.46 56.4
1561600051.48 56.4
1561600061.5 56.9
1561600071.52 56.4
1561600081.53 56.4
1561600091.55 56.4
1561600101.56 55.8
1561600111.58 55.8
1561600121.59 56.4
1561600131.6 55.3
1561600141.62 56.4
1561600151.64 56.4
1561600161.66 56.4
1561600171.67 56.4
1561600181.68 55.8
1561600191.71 55.8
1561600201.72 55.8
1561600211.74 55.8
1561600221.75 55.8
1561600231.78 55.8
1561600241.8 55.8
1561600251.81 55.8
1561600261.83 55.8
1561600271.85 55.3
1561600281.87 55.8
1561600291.89 54.8
1561600301.91 55.8
1561600311.92 55.3
1561600321.94 55.3
1561600331.96 54.8
1561600341.98 55.3
1561600352.0 55.8
1561600362.02 55.3
1561600372.04 54.8
1561600382.06 54.8
1561600392.08 55.3
1561600402.09 56.4
1561600412.11 55.3
1561600422.13 55.3
1561600432.14 55.3
1561600442.16 55.3
1561600452.17 55.3
1561600462.19 53.7
1561600472.2 54.8
1561600482.22 54.2
1561600492.24 54.2
1561600502.26 54.8
1561600512.27 54.8
1561600522.29 54.8
1561600532.3 54.8
1561600542.31 54.2
1561600552.33 54.2
1561600562.35 54.8
1561600572.37 54.8
1561600582.38 54.8
1561600592.4 53.7
1561600602.42 54.2
1561600612.44 54.2
1561600622.46 54.2
1561600632.47 54.8
1561600642.49 53.7
1561600652.5 54.2
1561600662.52 54.2
1561600672.54 54.8
1561600682.55 55.3
1561600692.56 54.2
1561600702.59 54.8
1561600712.6 54.8
1561600722.62 54.8
1561600732.64 55.8
1561600742.65 55.8
1561600752.67 54.8
1561600762.68 54.8
1561600772.69 55.8
1561600782.71 55.3
1561600792.73 55.8
1561600802.75 56.9
1561600812.77 58.0
1561600822.78 55.8
1561600832.8 56.4
1561600842.81 55.8
1561600852.82 56.4
1561600862.84 56.9
1561600872.86 56.4
1561600882.87 56.9
1561600892.88 56.4
1561600902.89 56.9
1561600912.91 56.9
1561600922.92 56.9
1561600932.93 56.9
1561600942.94 56.9
1561600952.95 56.9
1561600962.97 56.9
1561600972.99 57.5
1561600983.0 56.4
1561600993.02 56.9
1561601003.04 56.9
1561601013.05 56.9
1561601023.07 57.5
1561601033.08 57.5
1561601043.09 56.9
1561601053.1 56.9
1561601063.12 56.9
1561601073.14 56.9
1561601083.15 56.9
1561601093.17 56.4
1561601103.19 56.4
1561601113.2 56.9
1561601123.22 56.9
1561601133.23 56.9
1561601143.25 56.9
1561601153.26 56.9
1561601163.28 56.4
1561601173.3 56.4
1561601183.31 56.9
1561601193.33 56.4
1561601203.35 56.4
1561601213.37 55.8
1561601223.38 56.4
1561601233.4 56.4
1561601243.42 55.8
1561601253.44 55.8
1561601263.46 56.4
1561601273.47 56.9
1561601283.49 56.9
1561601293.5 56.4
1561601303.52 56.4
1561601313.53 56.9
1561601323.55 56.4
1561601333.57 56.4
1561601343.58 56.9
1561601353.6 56.4
1561601363.61 56.4
1561601373.62 56.4
1561601383.63 56.4
1561601393.64 55.8
1561601403.66 56.9
1561601413.68 56.4
1561601423.69 56.4
1561601433.71 56.4
1561601443.72 56.4
1561601453.74 55.8
1561601463.75 56.4
1561601473.77 55.8
1561601483.79 56.4
1561601493.8 56.4
1561601503.81 56.9
1561601513.83 56.9
1561601523.85 56.9
1561601533.87 56.9
1561601543.89 56.9
1561601553.9 56.4
1561601563.92 56.9
1561601573.93 56.9
1561601583.95 56.4
1561601593.97 56.9
1561601603.98 57.5
1561601614.0 56.4
1561601624.02 55.8
1561601634.04 56.4
1561601644.05 56.4
1561601654.06 56.9
1561601664.08 56.9
1561601674.1 56.9
1561601684.11 56.9
1561601694.13 57.5
1561601704.15 56.9
1561601714.17 56.4
1561601724.18 56.9
1561601734.2 56.9
1561601744.22 56.4
1561601754.23 56.4
1561601764.25 56.9
1561601774.26 56.9
1561601784.28 56.9
1561601794.29 55.8
1561601804.3 56.9
1561601814.32 56.9
1561601824.33 56.9
1561601834.34 56.9
1561601844.36 56.9
1561601854.37 56.9
1561601864.39 56.9
1561601874.4 56.9
1561601884.42 56.9
1561601894.44 56.9
1561601904.45 56.9
1561601914.47 56.9
1561601924.48 56.9
1561601934.5 56.9
1561601944.52 55.8
1561601954.54 56.4
1561601964.55 56.4
1561601974.57 55.8
1561601984.59 56.4
1561601994.6 56.4
1561602004.62 56.9
1561602014.64 55.8
1561602024.66 56.4
1561602034.67 56.4
1561602044.69 56.9
1561602054.71 56.4
1561602064.72 56.9
1561602074.74 56.9
1561602084.75 56.4
1561602094.76 56.9
1561602104.78 56.9
1561602114.8 56.9
1561602124.82 56.9
1561602134.84 56.9
1561602144.85 56.9
1561602154.87 56.9
1561602164.89 57.5
1561602174.9 56.9
1561602184.92 56.9
1561602194.93 57.5
1561602204.95 56.9
1561602214.97 57.5
1561602224.99 58.0
1561602235.0 56.9
1561602245.02 56.9
1561602255.04 58.0
1561602265.05 58.0
1561602275.07 58.0
1561602285.09 57.5
1561602295.11 58.0
1561602305.13 58.0
1561602315.14 58.0
1561602325.16 57.5
1561602335.17 58.0
1561602345.18 57.5
1561602355.2 57.5
1561602365.22 57.5
1561602375.24 57.5
1561602385.26 58.0
1561602395.28 58.0
1561602405.29 57.5
1561602415.31 58.0
1561602425.32 58.0
1561602435.33 58.0
1561602445.34 58.0
1561602455.35 58.0
1561602465.37 58.0
1561602475.38 57.5
1561602485.4 58.0
1561602495.42 58.0
1561602505.43 58.0
1561602515.45 58.0
1561602525.46 58.0
1561602535.48 57.5
1561602545.5 58.0
1561602555.51 56.9
1561602565.53 56.9
1561602575.53 58.0
1561602585.55 58.0
1561602595.56 57.5
1561602605.57 58.0
1561602615.59 58.5
1561602625.6 58.0
1561602635.61 58.0
1561602645.63 58.0
1561602655.64 58.0
1561602665.65 57.5
1561602675.67 58.0
1561602685.68 58.0
1561602695.71 58.0
1561602705.72 58.0
1561602715.73 58.0
1561602725.74 58.0
1561602735.76 58.0
1561602745.78 58.0
1561602755.8 56.9
1561602765.81 58.0
1561602775.83 57.5
1561602785.85 56.9
1561602795.87 58.0
1561602805.89 57.5
1561602815.9 57.5
1561602825.92 58.0
1561602835.93 58.0
1561602845.95 58.0
1561602855.96 57.5
1561602865.98 58.0
1561602875.99 58.0
1561602886.01 56.9
1561602896.02 57.5
1561602906.04 58.0
1561602916.06 57.5
1561602926.08 56.9
1561602936.09 56.9
1561602946.1 56.9
1561602956.11 56.9
1561602966.12 58.0
1561602976.13 56.9
1561602986.15 56.9
1561602996.17 56.9
1561603006.18 56.9
1561603016.2 55.8
1561603026.22 56.4
1561603036.23 55.8
1561603046.24 56.9
1561603056.25 56.9
1561603066.26 56.9
1561603076.28 56.4
1561603086.3 55.8
1561603096.32 55.8
1561603106.33 56.4
1561603116.34 56.4
1561603126.36 56.4
1561603136.37 56.4
1561603146.38 55.8
1561603156.4 56.4
1561603166.41 55.3
1561603176.43 55.8
1561603186.45 55.8
1561603196.46 55.8
1561603206.47 55.8
1561603216.49 55.8
1561603226.51 55.8
1561603236.52 56.4
1561603246.53 56.9
1561603256.55 55.8
1561603266.57 55.8
1561603276.59 56.4
1561603286.61 56.9
1561603296.62 56.4
1561603306.64 56.9
1561603316.65 56.4
1561603326.67 56.4
1561603336.68 56.4
1561603346.7 56.4
1561603356.71 56.4
1561603366.74 56.9
1561603376.75 56.4
1561603386.77 56.4
1561603396.8 56.4
1561603406.81 56.4
1561603416.83 56.4
1561603426.85 56.4
1561603436.87 56.9
1561603446.89 56.4
1561603456.9 56.4
1561603466.92 56.9
1561603476.93 56.9
1561603486.95 56.9
1561603496.97 56.4
1561603506.98 56.4
1561603517.0 56.4
1561603527.01 56.4
1561603537.03 56.4
1561603547.05 56.4
1561603557.06 56.4
1561603567.08 56.9
1561603577.09 56.4
1561603587.11 56.4
1561603597.12 56.4
1561603607.14 56.9
1561603617.16 56.4
1561603627.17 55.8
1561603637.19 55.8
1561603647.21 55.8
1561603657.23 56.4
1561603667.25 56.4
1561603677.26 56.4
1561603687.28 55.8
1561603697.29 56.9
1561603707.3 56.4
1561603717.31 56.9
1561603727.32 55.8
1561603737.34 56.4
1561603747.35 56.9
1561603757.37 55.8
1561603767.39 56.4
1561603777.4 56.4
1561603787.41 56.4
1561603797.42 56.4
1561603807.44 56.4
1561603817.45 56.4
1561603827.47 57.5
1561603837.48 56.9
1561603847.49 57.5
1561603857.51 56.4
1561603867.52 56.9
1561603877.53 55.8
1561603887.54 57.5
1561603897.56 57.5
1561603907.57 57.5
1561603917.58 56.4
1561603927.6 56.4
1561603937.61 56.9
1561603947.62 56.9
1561603957.63 56.9
1561603967.64 57.5
1561603977.66 56.9
1561603987.67 56.9
1561603997.68 56.4
1561604007.7 56.4
1561604017.72 56.4
1561604027.73 56.9
1561604037.74 56.4
1561604047.75 56.9
1561604057.77 56.4
1561604067.78 55.8
1561604077.79 55.8
1561604087.81 55.8
1561604097.82 56.9
1561604107.83 56.9
1561604117.84 56.9
1561604127.86 56.9
1561604137.88 56.9
1561604147.89 56.9
1561604157.91 56.4
1561604167.93 56.4
1561604177.94 56.9
1561604187.96 56.9
1561604197.97 56.9
1561604207.99 56.9
1561604218.0 56.9
1561604228.01 56.9
1561604238.02 56.9
1561604248.03 56.9
1561604258.05 56.4
1561604268.06 56.4
1561604278.07 56.9
1561604288.09 56.9
1561604298.1 56.9
1561604308.11 56.4
1561604318.13 56.9
1561604328.14 55.8
1561604338.15 56.4
1561604348.17 55.8
1561604358.18 55.8
1561604368.19 55.8
1561604378.21 55.8
1561604388.22 55.8
1561604398.24 55.8
