1561800000.42 55.8
1561800010.44 56.4
1561800020.46 55.8
1561800030.48 55.3
1561800040.5 55.8
1561800050.52 54.8
1561800060.53 55.8
1561800070.55 55.3
1561800080.57 55.3
1561800090.59 55.8
1561800100.61 54.8
1561800110.63 54.8
1561800120.65 56.4
1561800130.67 55.8
1561800140.68 55.8
1561800150.69 55.8
1561800160.71 56.4
1561800170.73 55.3
1561800180.75 55.8
1561800190.76 55.8
1561800200.78 55.8
1561800210.8 54.8
1561800220.81 55.8
1561800230.83 55.8
1561800240.84 56.4
1561800250.86 55.8
1561800260.87 54.8
1561800270.88 55.8
1561800280.9 54.8
1561800290.92 55.8
1561800300.93 54.8
1561800310.95 55.3
1561800320.96 55.3
1561800330.98 54.8
1561800341.0 55.8
1561800351.01 55.8
1561800361.03 55.8
1561800371.04 55.8
1561800381.05 55.8
1561800391.06 55.8
1561800401.08 55.3
1561800411.1 54.2
1561800421.11 55.3
1561800431.13 55.8
1561800441.14 55.3
1561800451.17 55.8
1561800461.18 54.8
1561800471.2 55.3
1561800481.22 54.2
1561800491.23 54.2
1561800501.25 54.8
1561800511.27 54.8
1561800521.29 54.2
1561800531.3 53.7
1561800541.32 53.7
1561800551.34 54.2
1561800561.35 54.8
1561800571.37 54.2
1561800581.39 54.2
1561800591.4 54.8
1561800601.42 54.2
1561800611.43 54.2
1561800621.45 54.2
1561800631.47 53.7
1561800641.48 54.2
1561800651.5 53.7
1561800661.52 53.7
1561800671.53 54.8
1561800681.54 54.8
1561800691.55 55.3
1561800701.57 54.8
1561800711.59 53.7
1561800721.61 54.2
1561800731.62 54.2
1561800741.63 54.8
1561800751.65 54.8
1561800761.66 53.7
1561800771.68 53.7
1561800781.7 54.8
1561800791.72 54.8
1561800801.74 54.2
1561800811.76 53.7
1561800821.78 53.7
1561800831.8 54.8
1561800841.82 53.7
1561800851.84 53.7
1561800861.86 54.2
1561800871.87 53.7
1561800881.89 53.7
1561800891.91 53.7
1561800901.93 53.2
1561800911.95 54.2
1561800921.97 53.7
1561800931.99 53.7
1561800942.01 53.7
1561800952.03 53.7
1561800962.05 53.7
1561800972.07 54.2
1561800982.09 53.7
1561800992.11 54.8
1561801002.12 53.7
1561801012.14 53.7
1561801022.16 53.7
1561801032.17 53.7
1561801042.19 53.7
1561801052.21 54.2
1561801062.23 54.2
1561801072.24 55.3
1561801082.26 54.8
1561801092.28 53.7
1561801102.29 53.7
1561801112.31 54.8
1561801122.32 53.7
1561801132.34 53.7
1561801142.36 54.2
1561801152.37 54.2
1561801162.4 53.7
1561801172.42 53.2
1561801182.43 53.7
1561801192.44 54.2
1561801202.46 53.7
1561801212.49 53.7
1561801222.51 54.2
1561801232.53 54.2
1561801242.54 54.8
1561801252.56 53.7
1561801262.57 53.7
1561801272.59 53.7
1561801282.61 53.7
1561801292.63 53.7
1561801302.64 53.7
1561801312.66 53.7
1561801322.67 53.7
1561801332.69 54.2
1561801342.71 54.2
1561801352.73 54.2
1561801362.75 53.7
1561801372.77 53.7
1561801382.79 53.7
1561801392.81 53.7
1561801402.82 53.7
1561801412.84 53.7
1561801422.86 53.7
1561801432.88 53.7
1561801442.9 53.7
1561801452.91 53.2
1561801462.93 53.7
1561801472.95 53.7
1561801482.97 52.6
1561801492.99 53.7
1561801503.0 53.2
1561801513.02 53.7
1561801523.04 53.7
1561801533.06 53.2
1561801543.08 53.7
1561801553.1 53.2
1561801563.11 53.7
1561801573.13 54.2
1561801583.14 54.2
1561801593.16 52.6
1561801603.18 53.7
1561801613.2 53.7
1561801623.22 53.7
1561801633.23 53.7
1561801643.25 53.2
1561801653.27 53.7
1561801663.28 53.2
1561801673.3 53.7
1561801683.32 53.2
1561801693.34 53.2
1561801703.36 53.2
1561801713.37 53.7
1561801723.39 53.7
1561801733.41 52.6
1561801743.43 53.2
1561801753.45 52.6
1561801763.46 53.2
1561801773.48 52.6
1561801783.5 53.7
1561801793.52 52.6
1561801803.54 53.7
1561801813.56 53.7
1561801823.58 53.2
1561801833.6 53.7
1561801843.62 53.2
1561801853.64 53.7
1561801863.66 53.7
1561801873.68 54.2
1561801883.7 53.7
1561801893.71 53.7
1561801903.73 54.2
1561801913.74 54.2
1561801923.76 53.7
1561801933.77 53.7
1561801943.79 54.2
1561801953.81 52.6
1561801963.83 53.7
1561801973.84 53.7
1561801983.86 54.2
1561801993.88 54.2
1561802003.89 54.2
1561802013.9 54.2
1561802023.92 53.2
1561802033.93 53.7
1561802043.96 52.6
1561802053.97 54.2
1561802063.99 53.7
1561802074.01 54.2
1561802084.03 53.7
1561802094.04 54.2
1561802104.06 53.7
1561802114.07 53.7
1561802124.09 53.7
1561802134.13 53.7
1561802144.15 53.7
1561802154.17 53.7
1561802164.19 53.7
1561802174.21 53.7
1561802184.23 53.7
1561802194.25 53.7
1561802204.27 54.2
1561802214.29 54.8
1561802224.31 53.7
1561802234.33 54.8
1561802244.35 54.8
1561802254.37 54.8
1561802264.39 55.3
1561802274.4 55.8
1561802284.42 55.8
1561802294.44 54.8
1561802304.46 55.3
1561802314.47 55.8
1561802324.49 55.3
1561802334.51 54.8
1561802344.53 55.3
1561802354.55 55.3
1561802364.57 55.3
1561802374.59 55.8
1561802384.6 55.8
1561802394.62 55.8
1561802404.64 55.8
