1561100008.37 52.1
1561100018.38 52.6
1561100028.39 52.1
1561100038.41 51.5
1561100048.43 52.1
1561100058.45 51.5
1561100068.47 51.0
1561100078.49 51.5
1561100088.5 52.1
1561100098.52 51.5
1561100108.53 51.5
1561100118.55 51.5
1561100128.57 52.1
1561100138.58 52.6
1561100148.61 51.5
1561100158.63 51.5
1561100168.65 51.5
1561100178.67 51.5
1561100188.68 52.1
1561100198.7 51.5
1561100208.72 51.5
1561100218.74 51.5
1561100228.76 52.1
1561100238.78 51.5
1561100248.8 51.5
1561100258.82 51.5
1561100268.84 51.5
1561100278.86 52.1
1561100288.88 52.6
1561100298.89 51.5
1561100308.91 51.5
1561100318.93 51.5
1561100328.95 51.5
1561100338.96 52.6
1561100348.98 51.5
1561100359.0 52.1
1561100369.02 52.1
1561100379.04 51.5
1561100389.06 51.5
1561100399.08 51.5
1561100409.1 53.2
1561100419.12 51.5
1561100429.14 51.5
1561100439.16 52.1
1561100449.18 51.5
1561100459.2 51.5
1561100469.22 51.5
1561100479.24 52.1
1561100489.25 52.6
1561100499.27 51.5
1561100509.28 52.1
1561100519.3 51.5
1561100529.31 51.5
1561100539.33 51.5
1561100549.35 52.1
1561100559.37 51.0
1561100569.39 51.5
1561100579.41 51.5
1561100589.43 51.5
1561100599.44 51.5
1561100609.47 51.5
1561100619.49 51.5
1561100629.51 51.5
1561100639.52 51.5
1561100649.55 51.5
1561100659.57 51.5
1561100669.58 51.5
1561100679.6 51.5
1561100689.62 51.5
1561100699.64 51.5
1561100709.67 51.5
1561100719.69 51.5
1561100729.7 52.1
1561100739.72 51.5
1561100749.74 51.5
1561100759.76 51.5
1561100769.78 50.5
1561100779.81 50.5
1561100789.83 50.5
1561100799.85 50.5
1561100809.86 51.5
1561100819.88 51.5
1561100829.9 51.5
1561100839.93 51.0
1561100849.94 51.5
1561100859.96 51.5
1561100869.98 51.0
1561100880.0 51.0
1561100890.03 50.5
1561100900.05 50.5
1561100910.06 51.0
1561100920.08 50.5
1561100930.1 50.5
1561100940.12 50.5
1561100950.14 51.0
1561100960.16 50.5
1561100970.18 51.0
1561100980.2 50.5
1561100990.22 50.5
1561101000.24 50.5
1561101010.26 50.5
1561101020.28 50.5
1561101030.3 51.5
1561101040.32 50.5
1561101050.34 51.0
1561101060.35 51.5
1561101070.37 50.5
1561101080.4 50.5
1561101090.42 51.0
1561101100.44 50.5
1561101110.47 50.5
1561101120.49 50.5
1561101130.5 51.0
1561101140.52 50.5
1561101150.55 50.5
1561101160.58 50.5
1561101170.6 49.9
1561101180.62 50.5
1561101190.64 50.5
1561101200.66 51.0
1561101210.69 50.5
1561101220.7 51.0
1561101230.73 50.5
1561101240.75 51.0
1561101250.76 51.0
1561101260.78 50.5
1561101270.79 49.9
1561101280.82 50.5
1561101290.84 50.5
1561101300.85 50.5
1561101310.88 50.5
1561101320.89 50.5
1561101330.91 50.5
1561101340.93 50.5
1561101350.95 49.9
1561101360.96 50.5
1561101370.98 50.5
1561101381.0 51.0
1561101391.02 50.5
1561101401.03 51.5
1561101411.05 50.5
1561101421.07 50.5
1561101431.09 49.9
1561101441.1 50.5
1561101451.12 49.4
1561101461.14 49.9
1561101471.15 49.4
1561101481.17 50.5
1561101491.18 50.5
1561101501.2 49.9
1561101511.23 49.9
1561101521.25 50.5
1561101531.27 49.9
1561101541.29 49.4
1561101551.31 49.9
1561101561.33 50.5
1561101571.35 50.5
1561101581.37 49.9
1561101591.39 50.5
1561101601.42 50.5
1561101611.44 50.5
1561101621.46 50.5
1561101631.47 49.4
1561101641.49 49.9
1561101651.51 49.9
1561101661.53 49.9
1561101671.55 50.5
1561101681.57 49.4
1561101691.59 50.5
1561101701.6 50.5
1561101711.62 49.9
1561101721.64 50.5
1561101731.65 50.5
1561101741.67 49.9
1561101751.69 51.0
1561101761.71 50.5
1561101771.72 50.5
1561101781.74 50.5
1561101791.76 50.5
1561101801.78 50.5
1561101811.79 49.4
1561101821.81 50.5
1561101831.83 50.5
1561101841.85 49.4
1561101851.87 50.5
1561101861.88 50.5
1561101871.9 51.0
1561101881.92 49.9
1561101891.93 50.5
1561101901.95 50.5
1561101911.97 49.9
1561101921.99 50.5
1561101932.0 49.4
1561101942.02 49.9
1561101952.04 51.0
1561101962.06 49.9
1561101972.07 51.0
1561101982.08 50.5
1561101992.1 50.5
1561102002.12 50.5
1561102012.14 51.5
1561102022.16 49.9
1561102032.18 49.9
1561102042.2 50.5
1561102052.22 49.4
1561102062.24 49.9
1561102072.26 49.9
1561102082.28 49.4
1561102092.3 50.5
1561102102.31 50.5
1561102112.33 50.5
1561102122.34 50.5
1561102132.36 50.5
1561102142.38 49.9
1561102152.39 49.9
1561102162.41 50.5
1561102172.43 50.5
1561102182.45 49.9
1561102192.47 49.9
1561102202.48 49.9
1561102212.51 49.9
1561102222.52 50.5
1561102232.54 51.0
1561102242.55 50.5
1561102252.58 50.5
1561102262.59 50.5
1561102272.61 49.9
1561102282.63 50.5
1561102292.65 50.5
1561102302.66 49.4
1561102312.68 50.5
1561102322.7 50.5
1561102332.72 50.5
1561102342.74 49.4
1561102352.76 49.4
1561102362.78 49.9
1561102372.8 49.9
1561102382.82 50.5
1561102392.83 49.4
1561102402.85 50.5
1561102412.87 49.9
1561102422.88 49.9
1561102432.9 49.9
1561102442.92 50.5
1561102452.94 50.5
1561102462.95 50.5
1561102472.97 49.4
1561102482.98 49.4
1561102493.0 49.9
1561102503.02 49.4
1561102513.03 49.4
1561102523.05 49.9
1561102533.09 49.9
1561102543.1 49.9
1561102553.12 50.5
1561102563.14 50.5
1561102573.16 49.9
1561102583.17 50.5
1561102593.18 49.9
1561102603.2 49.4
1561102613.22 49.9
1561102623.24 49.9
1561102633.26 49.4
1561102643.28 49.9
1561102653.3 49.4
1561102663.32 49.4
1561102673.34 49.4
1561102683.36 49.4
1561102693.38 49.4
1561102703.4 49.4
1561102713.42 49.4
1561102723.44 49.4
1561102733.46 49.9
1561102743.48 49.4
1561102753.5 49.4
1561102763.52 49.4
1561102773.54 49.4
1561102783.56 49.4
1561102793.58 49.4
1561102803.6 49.4
1561102813.62 49.4
1561102823.64 49.4
1561102833.65 49.4
1561102843.67 49.9
1561102853.69 49.4
1561102863.71 49.4
1561102873.73 49.4
1561102883.75 49.4
1561102893.77 49.4
1561102903.79 49.4
1561102913.81 49.4
1561102923.83 49.4
1561102933.85 49.4
1561102943.87 49.4
1561102953.88 49.9
1561102963.9 49.4
1561102973.92 49.4
1561102983.94 49.4
1561102993.96 49.4
1561103003.97 48.9
1561103013.99 49.4
1561103024.01 49.4
1561103034.02 49.4
1561103044.04 49.9
1561103054.06 49.4
1561103064.09 48.3
1561103074.1 49.4
1561103084.12 49.4
1561103094.14 49.4
1561103104.16 49.4
1561103114.18 49.4
1561103124.2 49.4
1561103134.22 49.4
1561103144.24 49.4
1561103154.26 49.4
1561103164.27 49.9
1561103174.29 49.4
1561103184.31 49.4
1561103194.33 49.4
1561103204.35 49.4
1561103214.37 49.4
1561103224.39 49.4
1561103234.41 49.9
1561103244.43 49.9
1561103254.45 49.4
1561103264.47 49.4
1561103274.49 49.4
1561103284.51 49.4
1561103294.54 49.4
1561103304.55 49.4
1561103314.57 48.9
1561103324.59 49.4
1561103334.61 49.4
1561103344.63 49.9
1561103354.64 50.5
1561103364.66 49.4
1561103374.68 49.4
1561103384.7 49.4
1561103394.72 49.4
1561103404.74 49.9
1561103414.76 48.9
1561103424.77 50.5
1561103434.8 49.4
1561103444.82 49.4
1561103454.84 49.4
1561103464.85 49.4
1561103474.87 49.4
1561103484.89 49.4
1561103494.9 49.9
1561103504.92 49.9
1561103514.94 49.9
1561103524.96 49.9
1561103534.99 49.4
1561103545.0 49.4
1561103555.03 49.4
1561103565.04 49.9
1561103575.06 49.4
1561103585.08 49.4
1561103595.1 49.4
1561103605.12 49.4
1561103615.14 48.9
1561103625.16 48.9
1561103635.18 49.4
1561103645.2 49.4
1561103655.23 49.4
1561103665.25 49.4
1561103675.27 49.4
1561103685.28 49.4
1561103695.31 49.4
1561103705.33 49.4
1561103715.34 49.4
1561103725.36 49.4
1561103735.38 49.9
1561103745.41 49.4
1561103755.43 49.9
1561103765.44 49.9
1561103775.46 49.9
1561103785.48 49.4
1561103795.5 49.9
1561103805.52 49.4
1561103815.54 49.9
1561103825.56 49.4
1561103835.57 49.4
1561103845.58 49.9
1561103855.6 49.4
1561103865.62 49.4
1561103875.64 49.4
1561103885.66 49.9
1561103895.68 49.9
1561103905.7 49.9
1561103915.72 49.4
1561103925.74 49.4
1561103935.75 49.9
1561103945.77 49.9
1561103955.79 49.4
1561103965.81 49.4
1561103975.83 49.4
1561103985.85 49.4
1561103995.87 49.4
