1562200008.89 66.6
1562200018.9 67.1
1562200028.92 66.6
1562200038.94 66.6
1562200048.96 66.6
1562200058.97 67.1
1562200068.99 66.6
1562200079.01 66.6
1562200089.02 66.6
1562200099.04 66.6
1562200109.06 65.5
1562200119.07 65.5
1562200129.09 66.6
1562200139.11 66.6
1562200149.12 65.5
1562200159.13 66.6
1562200169.15 66.6
1562200179.17 66.6
1562200189.19 65.5
1562200199.21 65.5
1562200209.22 66.6
1562200219.24 65.5
1562200229.25 65.5
1562200239.27 65.5
1562200249.28 66.6
1562200259.3 65.5
1562200269.32 66.6
1562200279.33 65.5
1562200289.34 65.5
1562200299.36 66.6
1562200309.37 66.6
1562200319.39 66.6
1562200329.4 65.5
1562200339.42 66.6
1562200349.44 66.6
1562200359.46 66.6
1562200369.47 66.6
1562200379.48 66.1
1562200389.5 66.6
1562200399.52 66.6
1562200409.53 66.6
1562200419.55 65.5
1562200429.56 66.1
1562200439.58 66.6
1562200449.59 66.6
1562200459.61 66.6
1562200469.63 66.1
1562200479.63 66.6
1562200489.65 66.6
1562200499.66 66.6
1562200509.69 66.6
1562200519.7 67.1
1562200529.72 66.6
1562200539.73 66.6
1562200549.74 66.6
1562200559.76 67.1
1562200569.78 66.1
1562200579.8 66.6
1562200589.81 66.6
1562200599.83 66.6
1562200609.85 66.6
1562200619.86 66.6
1562200629.87 66.6
1562200639.89 66.6
1562200649.91 66.6
1562200659.92 67.1
1562200669.94 66.6
1562200679.96 66.6
1562200689.97 66.6
1562200699.98 66.6
1562200709.99 66.6
1562200720.02 66.6
1562200730.04 66.6
1562200740.05 66.6
1562200750.07 67.7
1562200760.08 67.7
1562200770.1 67.1
1562200780.12 67.1
1562200790.13 67.1
1562200800.15 66.6
1562200810.17 66.6
1562200820.18 66.6
1562200830.19 66.6
1562200840.21 67.1
1562200850.23 67.1
1562200860.25 67.7
1562200870.26 68.2
1562200880.28 67.7
1562200890.3 67.1
1562200900.31 66.6
1562200910.32 66.6
1562200920.34 67.1
1562200930.35 67.7
1562200940.37 67.1
1562200950.38 66.6
1562200960.39 67.1
1562200970.42 66.6
1562200980.44 67.1
1562200990.46 67.7
1562201000.47 67.7
1562201010.49 67.1
1562201020.51 67.7
1562201030.52 67.7
1562201040.54 67.7
1562201050.56 67.1
1562201060.57 67.1
1562201070.58 67.7
1562201080.6 67.7
1562201090.61 67.7
1562201100.63 67.1
1562201110.64 67.7
1562201120.66 67.7
1562201130.67 67.7
1562201140.69 67.1
1562201150.71 67.1
1562201160.72 66.6
1562201170.73 67.7
1562201180.75 67.7
1562201190.77 66.6
1562201200.78 66.6
1562201210.79 66.6
1562201220.81 66.6
1562201230.82 67.1
1562201240.84 66.6
1562201250.85 66.6
1562201260.87 67.1
1562201270.88 67.1
1562201280.9 67.1
1562201290.91 66.6
1562201300.93 66.6
1562201310.94 66.6
1562201320.96 66.6
1562201330.97 65.5
1562201340.98 66.6
1562201351.0 66.6
1562201361.01 66.6
1562201371.03 66.1
1562201381.05 66.1
1562201391.06 66.6
1562201401.07 66.6
1562201411.09 66.6
1562201421.1 66.6
1562201431.12 66.6
1562201441.13 66.6
1562201451.14 66.6
1562201461.16 66.6
1562201471.18 66.6
1562201481.19 66.6
1562201491.21 66.6
1562201501.23 66.6
1562201511.24 66.6
1562201521.26 66.1
1562201531.27 66.6
1562201541.29 66.6
1562201551.3 66.6
1562201561.32 66.6
1562201571.34 66.1
1562201581.35 66.6
1562201591.37 65.5
1562201601.39 66.6
1562201611.4 66.6
1562201621.42 65.5
1562201631.43 65.5
1562201641.45 65.5
1562201651.47 65.0
1562201661.48 66.1
1562201671.5 65.5
1562201681.52 66.6
1562201691.53 66.1
1562201701.55 66.6
1562201711.56 66.6
1562201721.58 66.1
1562201731.6 66.6
1562201741.62 66.6
1562201751.64 66.1
1562201761.65 66.6
1562201771.67 66.6
1562201781.69 66.6
1562201791.69 66.6
1562201801.71 65.5
1562201811.72 65.5
1562201821.74 66.6
1562201831.75 66.6
1562201841.77 66.1
1562201851.78 65.5
1562201861.8 65.5
1562201871.82 65.5
1562201881.83 65.0
1562201891.85 65.5
1562201901.87 65.5
1562201911.88 65.5
1562201921.89 65.5
1562201931.9 65.5
1562201941.93 66.1
1562201951.94 66.1
1562201961.96 65.5
1562201971.98 65.0
1562201981.99 65.0
1562201992.01 65.5
1562202002.02 66.6
1562202012.04 68.2
1562202022.05 66.6
1562202032.06 66.6
1562202042.08 66.6
1562202052.1 65.5
1562202062.11 66.6
1562202072.12 66.6
1562202082.14 66.6
1562202092.14 66.6
1562202102.16 65.5
1562202112.17 66.6
1562202122.18 66.6
1562202132.2 66.6
1562202142.2 66.6
1562202152.22 66.6
1562202162.24 65.5
1562202172.25 66.1
1562202182.27 65.5
1562202192.28 66.6
1562202202.3 66.6
1562202212.31 66.6
1562202222.33 66.1
1562202232.35 66.6
1562202242.36 66.6
1562202252.37 67.1
1562202262.39 66.6
1562202272.41 66.1
1562202282.43 66.6
1562202292.44 66.6
1562202302.46 66.1
1562202312.48 66.1
1562202322.5 66.6
1562202332.51 66.6
1562202342.53 66.1
1562202352.55 65.5
1562202362.57 66.6
1562202372.59 66.6
1562202382.6 66.1
1562202392.62 66.6
1562202402.65 66.6
1562202412.66 66.6
1562202422.68 66.6
1562202432.69 66.1
1562202442.71 66.6
1562202452.73 66.6
1562202462.74 66.6
1562202472.76 66.6
1562202482.77 66.6
1562202492.79 66.6
1562202502.8 66.6
1562202512.82 66.6
1562202522.84 67.1
1562202532.85 66.6
1562202542.86 66.1
1562202552.88 66.1
1562202562.9 66.6
1562202572.92 66.6
1562202582.94 66.6
1562202592.96 66.1
1562202602.97 65.5
1562202612.99 66.1
1562202623.01 66.1
1562202633.03 64.5
1562202643.05 65.5
1562202653.07 66.6
1562202663.09 65.5
1562202673.11 65.5
1562202683.12 66.6
1562202693.14 65.5
1562202703.15 65.5
1562202713.17 66.1
1562202723.19 66.1
1562202733.2 65.5
1562202743.21 65.5
1562202753.22 65.5
1562202763.24 66.1
1562202773.26 65.5
1562202783.27 66.1
1562202793.29 65.5
1562202803.31 65.0
1562202813.33 65.5
1562202823.35 65.5
1562202833.37 65.0
1562202843.38 65.5
1562202853.4 65.5
1562202863.41 65.5
1562202873.43 65.5
1562202883.45 65.5
1562202893.47 65.5
1562202903.48 65.5
1562202913.5 66.1
1562202923.51 65.0
1562202933.53 65.5
1562202943.55 65.5
1562202953.56 65.5
1562202963.58 65.5
1562202973.6 65.5
1562202983.62 65.5
1562202993.64 65.5
1562203003.64 65.5
1562203013.65 65.5
1562203023.68 65.0
1562203033.69 65.5
1562203043.71 65.0
1562203053.73 65.5
1562203063.74 64.5
1562203073.76 65.5
1562203083.77 65.0
1562203093.78 65.5
1562203103.8 65.5
1562203113.82 65.5
1562203123.83 66.1
1562203133.85 66.1
1562203143.86 66.1
1562203153.88 65.5
1562203163.9 65.5
1562203173.91 65.5
1562203183.94 65.0
1562203193.95 66.6
1562203203.97 66.1
1562203213.98 65.5
1562203224.0 66.6
1562203234.02 65.5
1562203244.03 66.1
1562203254.05 65.5
1562203264.07 65.5
1562203274.09 66.6
1562203284.11 66.1
1562203294.12 66.6
1562203304.14 66.1
1562203314.16 65.5
1562203324.18 66.6
1562203334.18 66.6
1562203344.2 66.1
1562203354.21 66.6
1562203364.22 66.6
1562203374.24 66.1
1562203384.26 65.5
1562203394.27 66.1
1562203404.29 65.5
1562203414.31 66.6
1562203424.33 65.5
1562203434.34 65.5
1562203444.36 65.5
1562203454.37 66.1
1562203464.38 65.5
1562203474.39 65.5
1562203484.41 65.5
1562203494.43 65.5
1562203504.43 65.5
1562203514.45 65.5
1562203524.46 65.5
1562203534.48 65.5
1562203544.5 65.5
1562203554.52 65.5
1562203564.54 65.0
1562203574.56 64.5
1562203584.58 65.5
1562203594.6 65.0
1562203604.6 65.0
1562203614.62 65.5
1562203624.64 65.5
1562203634.66 65.5
1562203644.68 65.0
1562203654.7 65.0
1562203664.71 66.1
1562203674.73 65.5
1562203684.75 65.0
1562203694.77 65.0
1562203704.79 64.5
1562203714.8 65.0
1562203724.82 64.5
1562203734.83 65.0
1562203744.85 65.0
1562203754.87 65.0
1562203764.89 65.5
1562203774.91 65.5
1562203784.92 65.0
1562203794.94 65.0
1562203804.95 65.5
1562203814.97 65.5
1562203824.99 65.5
1562203835.0 65.5
1562203845.02 65.5
1562203855.04 65.0
1562203865.05 65.5
1562203875.06 65.5
1562203885.08 65.0
1562203895.09 65.5
1562203905.11 65.5
1562203915.13 65.0
1562203925.13 66.1
1562203935.15 65.5
1562203945.17 65.5
1562203955.18 65.5
1562203965.2 65.5
1562203975.22 65.5
1562203985.24 65.5
1562203995.26 65.5
1562204005.27 65.5
1562204015.29 65.5
1562204025.31 65.5
1562204035.33 65.5
1562204045.35 65.0
1562204055.36 65.0
1562204065.37 65.5
1562204075.39 65.0
1562204085.41 65.0
1562204095.42 65.0
1562204105.44 64.5
1562204115.45 65.5
1562204125.48 65.0
1562204135.49 65.0
1562204145.51 65.5
1562204155.52 64.5
1562204165.53 65.0
1562204175.55 65.0
1562204185.57 65.0
1562204195.58 64.5
1562204205.6 64.5
1562204215.61 64.5
1562204225.62 65.0
1562204235.64 64.5
1562204245.66 65.5
1562204255.68 65.5
1562204265.69 65.5
1562204275.72 65.0
1562204285.73 65.0
1562204295.75 64.5
1562204305.76 65.0
1562204315.78 65.0
1562204325.79 65.0
1562204335.8 65.0
1562204345.82 65.5
1562204355.83 65.0
1562204365.85 65.0
1562204375.86 65.5
1562204385.87 65.0
1562204395.89 65.0
1562204405.9 64.5
1562204415.92 63.9
1562204425.93 64.5
1562204435.95 65.0
1562204445.97 64.5
1562204455.99 64.5
1562204466.0 64.5
1562204476.01 65.0
1562204486.03 65.0
1562204496.05 65.0
1562204506.06 65.0
1562204516.07 65.0
1562204526.08 65.5
1562204536.1 65.0
1562204546.11 65.0
1562204556.12 64.5
1562204566.13 64.5
1562204576.15 64.5
1562204586.17 63.4
1562204596.19 65.0
1562204606.2 65.0
1562204616.21 65.5
1562204626.22 65.0
1562204636.24 65.5
1562204646.26 65.5
1562204656.27 64.5
1562204666.28 65.0
1562204676.29 64.5
1562204686.31 64.5
1562204696.32 64.5
1562204706.33 65.0
1562204716.35 65.0
1562204726.37 64.5
1562204736.38 64.5
1562204746.4 64.5
1562204756.41 65.0
1562204766.42 64.5
1562204776.43 65.0
1562204786.45 65.5
1562204796.46 65.5
1562204806.48 65.0
1562204816.49 65.5
1562204826.5 65.5
1562204836.52 64.5
1562204846.53 65.5
1562204856.55 64.5
1562204866.56 65.5
1562204876.57 65.0
1562204886.6 65.0
1562204896.62 65.0
1562204906.63 65.5
1562204916.65 65.0
1562204926.67 65.5
1562204936.68 65.5
1562204946.7 65.5
1562204956.71 65.0
1562204966.73 65.5
1562204976.74 65.5
1562204986.76 65.0
1562204996.77 65.0
1562205006.78 65.0
1562205016.8 65.0
1562205026.82 65.5
1562205036.84 64.5
1562205046.85 65.0
1562205056.87 64.5
1562205066.89 64.5
1562205076.91 63.4
1562205086.92 64.5
1562205096.94 64.5
1562205106.95 64.5
1562205116.97 64.5
1562205127.0 64.5
1562205137.02 64.5
1562205147.04 63.4
1562205157.05 64.5
1562205167.06 63.4
1562205177.07 64.5
1562205187.09 63.4
1562205197.11 63.4
1562205207.13 64.5
1562205217.15 63.4
1562205227.16 64.5
1562205237.18 64.5
1562205247.19 63.4
1562205257.2 64.5
1562205267.22 63.9
1562205277.23 64.5
1562205287.26 63.4
1562205297.27 63.4
1562205307.28 63.4
1562205317.3 63.9
1562205327.31 63.9
1562205337.33 64.5
1562205347.34 63.4
1562205357.35 63.9
1562205367.36 63.9
1562205377.37 64.5
1562205387.38 63.4
1562205397.4 64.5
1562205407.42 63.4
1562205417.44 63.4
1562205427.45 63.9
1562205437.47 63.4
1562205447.49 63.9
1562205457.5 63.4
1562205467.51 63.4
1562205477.53 63.9
1562205487.55 63.4
1562205497.57 63.4
1562205507.59 63.4
1562205517.61 63.4
1562205527.62 63.4
1562205537.64 62.8
1562205547.65 63.4
1562205557.67 63.4
1562205567.69 62.8
1562205577.7 63.4
1562205587.71 63.4
1562205597.73 63.4
1562205607.75 63.4
1562205617.77 63.4
1562205627.79 62.8
1562205637.81 62.8
1562205647.83 63.4
1562205657.84 63.4
1562205667.86 63.4
1562205677.87 62.3
1562205687.89 63.4
1562205697.91 63.4
1562205707.93 63.4
1562205717.94 63.4
1562205727.95 63.4
1562205737.97 62.8
1562205748.0 62.8
1562205758.0 63.4
1562205768.02 63.4
1562205778.04 62.8
1562205788.06 62.8
1562205798.08 63.4
1562205808.1 63.4
1562205818.11 63.4
1562205828.12 62.8
1562205838.14 63.4
1562205848.16 63.4
1562205858.17 63.4
1562205868.19 62.3
1562205878.2 63.4
1562205888.22 63.4
1562205898.25 62.8
1562205908.26 62.8
1562205918.28 62.8
1562205928.31 62.8
1562205938.33 62.8
1562205948.35 62.8
1562205958.36 62.8
1562205968.37 63.4
1562205978.39 63.4
1562205988.41 63.4
1562205998.43 62.3
1562206008.45 62.3
1562206018.46 62.3
1562206028.48 63.4
1562206038.5 62.3
1562206048.52 63.4
1562206058.54 62.8
1562206068.56 62.3
1562206078.58 63.4
1562206088.59 62.8
1562206098.61 62.8
1562206108.62 62.8
1562206118.64 63.4
1562206128.66 63.4
1562206138.66 63.4
1562206148.68 63.4
1562206158.7 63.4
1562206168.71 63.4
1562206178.73 63.9
1562206188.75 63.4
1562206198.77 63.4
1562206208.79 63.4
1562206218.81 62.8
1562206228.83 62.8
1562206238.84 63.4
1562206248.86 63.4
1562206258.87 62.3
1562206268.89 62.8
1562206278.91 62.8
1562206288.93 63.4
1562206298.95 63.4
1562206308.96 63.4
1562206318.98 63.4
1562206329.0 63.4
1562206339.01 63.9
1562206349.03 63.4
1562206359.05 63.4
1562206369.06 63.4
1562206379.08 63.4
1562206389.1 63.9
1562206399.11 63.4
1562206409.13 63.4
1562206419.14 62.8
1562206429.16 63.4
1562206439.18 63.4
1562206449.19 63.4
1562206459.2 63.4
1562206469.22 63.4
1562206479.23 63.9
1562206489.24 63.4
1562206499.25 63.4
1562206509.26 63.4
1562206519.28 63.4
1562206529.3 63.4
1562206539.32 63.4
1562206549.33 63.4
1562206559.34 63.4
1562206569.35 63.9
1562206579.37 63.4
1562206589.38 63.9
1562206599.4 63.4
1562206609.42 63.4
1562206619.44 62.8
1562206629.45 63.4
1562206639.46 63.9
1562206649.49 62.8
1562206659.5 63.4
1562206669.52 63.4
1562206679.54 63.4
1562206689.56 64.5
1562206699.58 64.5
1562206709.6 63.4
1562206719.63 64.5
1562206729.65 63.9
1562206739.66 64.5
1562206749.68 64.5
1562206759.69 64.5
1562206769.71 64.5
1562206779.72 64.5
1562206789.74 64.5
1562206799.75 64.5
1562206809.76 64.5
1562206819.79 64.5
1562206829.8 64.5
1562206839.82 65.0
1562206849.83 65.0
1562206859.85 64.5
1562206869.87 64.5
1562206879.88 64.5
1562206889.89 64.5
1562206899.91 64.5
1562206909.92 63.9
1562206919.94 65.5
1562206929.96 64.5
1562206939.97 65.0
1562206949.99 65.0
1562206960.0 65.0
1562206970.02 64.5
1562206980.03 64.5
1562206990.06 64.5
1562207000.07 64.5
1562207010.09 63.9
1562207020.1 65.0
1562207030.11 65.0
1562207040.12 64.5
1562207050.13 64.5
1562207060.15 64.5
1562207070.17 64.5
1562207080.18 64.5
1562207090.19 64.5
1562207100.21 64.5
1562207110.24 63.9
1562207120.25 64.5
1562207130.26 63.9
1562207140.28 64.5
1562207150.3 65.0
1562207160.31 65.0
1562207170.33 64.5
1562207180.34 65.0
1562207190.36 64.5
1562207200.38 64.5
1562207210.39 65.0
1562207220.41 64.5
1562207230.43 65.0
1562207240.44 64.5
1562207250.46 64.5
1562207260.47 63.9
1562207270.49 64.5
1562207280.51 64.5
1562207290.52 63.9
1562207300.54 64.5
1562207310.56 63.9
1562207320.58 63.4
1562207330.6 64.5
1562207340.62 64.5
1562207350.63 63.9
1562207360.65 63.9
1562207370.66 63.9
1562207380.69 64.5
1562207390.7 64.5
1562207400.72 64.5
1562207410.73 63.9
1562207420.75 64.5
1562207430.77 64.5
1562207440.78 64.5
1562207450.8 64.5
1562207460.82 63.9
1562207470.83 63.4
1562207480.84 63.9
1562207490.86 64.5
1562207500.88 63.9
1562207510.89 63.4
1562207520.9 63.9
1562207530.92 63.4
1562207540.94 63.4
1562207550.96 63.4
1562207560.97 63.4
1562207570.99 63.4
1562207581.01 63.4
1562207591.03 63.4
1562207601.04 63.4
1562207611.06 63.4
1562207621.07 63.4
1562207631.09 63.4
1562207641.09 63.4
1562207651.11 63.4
1562207661.14 63.4
1562207671.16 62.8
1562207681.18 63.4
1562207691.21 63.4
1562207701.22 63.4
1562207711.23 63.4
1562207721.25 63.4
1562207731.27 63.4
1562207741.29 63.4
1562207751.29 63.4
1562207761.3 63.4
1562207771.31 63.4
1562207781.33 63.4
1562207791.35 62.8
1562207801.37 63.4
1562207811.38 63.4
1562207821.4 63.4
1562207831.42 63.4
1562207841.43 63.4
1562207851.45 63.4
1562207861.46 63.4
1562207871.47 63.9
1562207881.49 63.4
1562207891.51 62.8
1562207901.52 62.8
1562207911.54 62.8
1562207921.56 63.4
1562207931.58 62.8
1562207941.59 62.8
1562207951.61 62.8
1562207961.63 62.8
1562207971.65 63.4
1562207981.66 62.8
1562207991.68 62.8
1562208001.69 62.3
1562208011.71 62.3
1562208021.73 62.3
1562208031.74 63.4
1562208041.76 62.3
1562208051.77 62.3
1562208061.79 62.3
1562208071.81 62.3
1562208081.82 62.3
1562208091.84 62.3
1562208101.86 62.3
1562208111.88 62.3
1562208121.89 62.3
1562208131.92 62.3
1562208141.93 62.3
1562208151.94 62.3
1562208161.95 62.3
1562208171.98 61.8
1562208181.99 62.3
1562208192.02 62.3
1562208202.03 62.3
1562208212.04 62.3
1562208222.06 62.3
1562208232.08 62.3
1562208242.1 62.3
1562208252.12 62.3
1562208262.13 62.3
1562208272.16 62.3
1562208282.16 62.3
1562208292.18 61.8
1562208302.2 61.2
1562208312.22 62.3
1562208322.24 62.3
1562208332.25 62.3
1562208342.27 62.3
1562208352.29 62.3
1562208362.3 61.8
1562208372.32 62.3
1562208382.33 62.3
1562208392.35 62.3
1562208402.37 62.3
1562208412.37 62.3
1562208422.39 62.3
1562208432.4 61.8
1562208442.42 62.3
1562208452.44 62.3
1562208462.45 61.8
1562208472.47 62.3
1562208482.48 61.8
1562208492.5 62.3
1562208502.51 62.3
1562208512.54 61.8
1562208522.55 62.3
1562208532.57 62.3
1562208542.59 61.2
1562208552.62 61.8
1562208562.64 61.8
1562208572.65 61.2
1562208582.67 60.7
1562208592.69 61.2
1562208602.71 61.2
1562208612.73 60.7
1562208622.75 60.7
1562208632.78 60.7
1562208642.79 61.2
1562208652.81 60.1
1562208662.83 61.2
1562208672.85 60.7
1562208682.87 60.1
1562208692.89 60.1
1562208702.91 60.7
1562208712.92 61.2
1562208722.93 60.7
1562208732.96 60.1
1562208742.97 61.2
1562208752.98 61.2
1562208763.0 61.2
1562208773.02 60.7
1562208783.04 61.2
1562208793.05 61.2
1562208803.07 61.2
1562208813.09 60.7
1562208823.2 61.2
1562208833.21 61.8
1562208843.23 61.8
1562208853.25 61.2
1562208863.26 61.8
1562208873.28 61.2
1562208883.3 60.7
1562208893.32 61.2
1562208903.32 62.3
1562208913.34 62.3
1562208923.35 61.2
1562208933.37 61.2
1562208943.39 61.2
1562208953.41 61.2
1562208963.43 61.8
1562208973.44 61.2
1562208983.46 61.2
1562208993.48 61.2
1562209003.49 61.2
1562209013.51 61.2
1562209023.52 61.8
1562209033.54 61.2
1562209043.56 61.2
1562209053.57 61.8
1562209063.59 61.2
1562209073.61 61.2
1562209083.63 60.7
1562209093.65 61.2
1562209103.67 60.7
1562209113.69 61.2
1562209123.71 61.2
1562209133.73 61.2
1562209143.75 61.2
1562209153.77 61.8
1562209163.78 61.8
1562209173.8 60.7
1562209183.82 61.2
1562209193.84 61.2
1562209203.86 62.3
1562209213.87 61.8
1562209223.89 61.2
1562209233.91 61.2
1562209243.92 61.8
1562209253.94 62.3
1562209263.96 61.8
1562209273.98 61.2
1562209283.99 61.8
1562209294.01 61.2
1562209304.03 61.8
1562209314.04 62.3
1562209324.06 62.3
1562209334.08 61.2
1562209344.09 61.8
1562209354.11 61.2
1562209364.12 62.3
1562209374.14 61.2
1562209384.17 61.2
1562209394.18 61.8
1562209404.2 61.8
1562209414.21 61.8
1562209424.23 61.8
1562209434.24 61.2
1562209444.26 61.8
1562209454.28 61.8
1562209464.3 62.3
1562209474.32 61.2
1562209484.33 61.8
1562209494.34 62.3
1562209504.35 62.3
1562209514.36 62.3
1562209524.38 62.3
1562209534.4 62.8
1562209544.41 62.3
1562209554.43 62.3
1562209564.45 62.3
1562209574.47 61.8
1562209584.48 62.3
1562209594.49 62.3
1562209604.51 62.3
1562209614.52 62.3
1562209624.54 62.3
1562209634.56 62.3
1562209644.58 62.3
1562209654.6 61.2
1562209664.61 62.3
1562209674.63 61.8
1562209684.65 62.3
1562209694.67 61.8
1562209704.69 61.8
1562209714.71 61.8
1562209724.72 61.8
1562209734.74 62.3
1562209744.75 61.2
1562209754.77 61.2
1562209764.79 61.2
1562209774.81 61.2
1562209784.82 61.8
1562209794.85 61.2
1562209804.86 60.7
1562209814.88 60.7
1562209824.89 61.2
1562209834.91 61.2
1562209844.93 60.7
1562209854.95 60.7
1562209864.97 61.2
1562209874.99 61.2
1562209885.0 60.7
1562209895.02 60.7
1562209905.04 60.7
1562209915.06 60.7
1562209925.08 60.7
1562209935.09 61.2
1562209945.11 60.1
1562209955.12 61.2
1562209965.14 60.7
1562209975.16 61.2
1562209985.18 60.7
1562209995.2 61.2
1562210005.22 60.1
1562210015.24 60.7
1562210025.26 61.2
1562210035.27 60.1
1562210045.29 60.7
1562210055.3 61.2
1562210065.32 60.1
1562210075.34 60.1
1562210085.36 60.7
1562210095.38 60.1
1562210105.39 60.1
1562210115.41 60.7
1562210125.43 60.1
1562210135.45 60.7
1562210145.46 60.7
1562210155.48 60.1
1562210165.5 60.1
1562210175.52 60.1
1562210185.54 59.6
1562210195.55 60.1
1562210205.57 60.1
1562210215.59 59.1
1562210225.61 60.1
1562210235.62 60.1
1562210245.64 59.1
1562210255.66 60.7
1562210265.68 60.1
1562210275.69 60.7
1562210285.71 60.1
1562210295.73 60.1
1562210305.73 60.1
1562210315.75 60.1
1562210325.77 60.1
1562210335.78 59.6
1562210345.8 60.1
1562210355.81 60.1
1562210365.82 60.1
1562210375.84 60.7
1562210385.85 60.1
1562210395.87 59.6
1562210405.88 60.7
1562210415.89 60.7
1562210425.91 60.1
1562210435.92 61.2
1562210445.93 60.7
1562210455.95 60.7
1562210465.96 60.1
1562210475.98 59.6
1562210486.0 60.1
1562210496.01 59.6
1562210506.03 60.1
1562210516.05 60.1
1562210526.06 60.1
1562210536.08 60.1
1562210546.1 59.6
1562210556.11 60.1
1562210566.13 60.1
1562210576.15 60.1
1562210586.16 60.1
1562210596.18 60.7
1562210606.19 60.1
1562210616.21 60.1
1562210626.23 59.6
1562210636.25 60.7
1562210646.27 60.1
1562210656.29 60.1
1562210666.31 61.2
1562210676.32 60.1
1562210686.34 60.7
1562210696.36 61.2
1562210706.38 59.1
1562210716.4 60.1
1562210726.42 60.7
1562210736.44 60.1
1562210746.45 60.1
1562210756.47 60.1
1562210766.48 61.2
1562210776.5 60.7
1562210786.52 60.1
1562210796.53 61.2
1562210806.55 60.7
1562210816.57 60.7
1562210826.6 61.2
1562210836.62 60.7
1562210846.62 61.2
1562210856.64 60.7
1562210866.66 60.1
1562210876.68 60.7
1562210886.7 60.7
1562210896.71 60.1
1562210906.73 60.7
1562210916.75 61.2
1562210926.77 60.7
1562210936.79 60.1
1562210946.81 60.1
1562210956.83 60.7
1562210966.85 60.1
1562210976.86 61.2
1562210986.87 61.2
1562210996.89 61.2
1562211006.91 60.7
1562211016.92 60.7
1562211026.94 60.7
1562211036.96 60.7
1562211046.98 60.1
1562211057.0 61.2
1562211067.01 61.2
1562211077.03 60.7
1562211087.04 61.2
1562211097.06 61.2
1562211107.08 61.2
1562211117.1 61.2
1562211127.11 60.1
1562211137.12 60.7
1562211147.14 60.7
1562211157.16 60.7
1562211167.18 60.1
1562211177.19 60.7
1562211187.21 61.2
1562211197.22 60.1
1562211207.25 60.1
1562211217.26 60.1
1562211227.28 59.6
1562211237.3 60.1
1562211247.32 60.1
1562211257.33 60.1
1562211267.35 59.1
1562211277.37 60.1
1562211287.39 60.1
1562211297.41 60.1
1562211307.43 60.1
1562211317.45 59.1
1562211327.46 60.1
1562211337.48 59.1
1562211347.5 60.1
1562211357.51 59.6
1562211367.53 59.1
1562211377.55 59.6
1562211387.56 59.1
1562211397.58 60.1
1562211407.59 59.6
1562211417.61 60.1
1562211427.62 60.1
1562211437.65 60.1
1562211447.66 60.1
1562211457.68 60.1
1562211467.69 60.1
1562211477.71 60.7
1562211487.72 59.6
1562211497.75 60.1
1562211507.76 59.1
1562211517.78 58.5
1562211527.8 59.1
1562211537.82 59.1
1562211547.84 58.5
1562211557.89 59.6
1562211567.91 59.1
1562211577.93 60.1
1562211587.94 59.6
1562211597.96 59.6
1562211607.98 59.6
1562211618.0 59.6
1562211628.01 59.1
1562211638.03 59.1
1562211648.06 59.1
1562211658.08 58.5
1562211668.09 59.6
1562211678.11 59.6
1562211688.13 58.5
1562211698.15 59.1
1562211708.17 59.1
1562211718.19 59.6
1562211728.21 59.1
1562211738.23 59.6
1562211748.25 60.1
1562211758.27 59.1
1562211768.28 60.1
1562211778.29 59.6
1562211788.3 59.6
1562211798.32 60.1
1562211808.34 59.1
1562211818.36 59.6
1562211828.38 60.1
1562211838.4 60.1
1562211848.42 60.1
1562211858.43 60.7
1562211868.45 60.1
1562211878.46 60.1
1562211888.48 60.7
1562211898.5 61.2
1562211908.52 60.7
1562211918.54 60.7
1562211928.56 60.1
1562211938.57 60.7
1562211948.59 61.2
1562211958.61 60.7
1562211968.63 60.7
1562211978.64 61.2
1562211988.65 60.1
1562211998.67 60.7
1562212008.69 60.7
1562212018.71 60.7
1562212028.73 60.1
1562212038.75 60.7
1562212048.76 61.2
1562212058.78 61.2
1562212068.8 61.2
1562212078.82 61.2
1562212088.83 61.8
1562212098.85 60.7
1562212108.87 60.7
1562212118.89 60.7
1562212128.9 60.7
1562212138.92 60.7
1562212148.94 61.2
1562212158.95 61.2
1562212168.97 60.1
1562212178.99 60.7
1562212189.01 60.7
1562212199.03 60.1
1562212209.04 60.7
1562212219.06 61.2
1562212229.08 61.2
1562212239.08 60.7
1562212249.09 61.2
1562212259.11 60.7
1562212269.12 60.7
1562212279.15 60.7
1562212289.17 60.7
1562212299.19 60.7
1562212309.2 60.7
1562212319.22 61.2
1562212329.24 61.2
1562212339.24 60.7
1562212349.25 61.2
1562212359.26 60.7
1562212369.27 60.7
1562212379.28 60.7
1562212389.3 59.6
1562212399.31 60.7
1562212409.32 60.7
1562212419.34 60.7
1562212429.36 60.1
1562212439.37 61.2
1562212449.39 60.7
1562212459.41 60.1
1562212469.42 60.7
1562212479.44 60.1
1562212489.46 60.7
1562212499.48 60.1
1562212509.5 60.7
1562212519.51 60.7
1562212529.53 60.1
1562212539.54 60.7
1562212549.56 60.7
1562212559.58 60.7
1562212569.6 60.7
1562212579.61 60.1
1562212589.63 60.7
1562212599.65 60.7
1562212609.67 60.1
1562212619.68 60.1
1562212629.7 60.7
1562212639.72 60.1
1562212649.73 61.2
1562212659.75 61.2
1562212669.77 60.7
1562212679.79 59.1
1562212689.81 59.6
1562212699.82 60.7
1562212709.83 61.2
1562212719.85 60.1
1562212729.87 60.7
1562212739.88 60.1
1562212749.9 60.7
1562212759.92 59.6
1562212769.94 60.7
1562212779.96 60.7
1562212789.97 60.7
1562212799.99 60.1
