1562421846.01 72.0
1562421856.02 72.0
1562421866.04 70.9
1562421876.06 71.4
1562421886.07 70.9
1562421896.09 70.9
1562421906.11 70.9
1562421916.13 70.9
1562421926.14 70.9
1562421936.16 69.8
1562421946.18 70.4
1562421956.2 71.4
1562421966.21 70.9
1562421976.23 70.9
1562421986.25 70.9
1562421996.27 70.9
1562422006.29 70.9
1562422016.33 70.9
1562422026.34 70.9
1562422036.36 70.9
1562422046.37 70.9
1562422056.39 71.4
1562422066.4 70.9
1562422076.43 70.4
1562422086.44 70.9
1562422096.46 70.9
1562422106.48 70.4
1562422116.49 70.4
1562422126.51 70.4
1562422136.53 70.4
1562422146.55 70.9
1562422156.57 69.8
1562422166.59 70.9
1562422176.61 70.9
1562422186.62 70.9
1562422196.64 70.9
1562422206.66 70.9
1562422216.68 70.9
1562422226.69 70.9
1562422236.72 70.9
1562422246.74 70.9
1562422256.75 70.9
1562422266.77 70.9
1562422276.78 70.9
1562422286.8 70.9
1562422296.81 71.4
1562422306.83 70.9
1562422316.85 70.9
1562422326.86 70.9
1562422336.88 70.9
1562422346.89 70.9
1562422356.9 71.4
1562422366.92 70.9
1562422376.93 71.4
1562422386.95 70.9
1562422396.97 70.9
1562422406.99 70.9
1562422417.0 71.4
1562422427.02 70.9
1562422437.04 71.4
1562422447.05 71.4
1562422457.07 71.4
1562422467.09 72.0
1562422477.11 71.4
1562422487.12 72.0
1562422497.14 71.4
1562422507.16 71.4
1562422517.18 72.0
1562422527.19 72.0
1562422537.21 72.0
1562422547.23 72.0
1562422557.25 72.0
1562422567.27 72.0
1562422577.28 72.0
1562422587.3 72.0
1562422597.31 72.0
1562422607.33 71.4
1562422617.35 72.0
1562422627.36 72.0
1562422637.38 72.0
1562422647.4 72.0
1562422657.41 72.0
1562422667.42 72.0
1562422677.43 72.0
1562422687.45 72.0
1562422697.47 70.9
1562422707.48 72.0
1562422717.51 70.9
1562422727.52 70.9
1562422737.54 70.9
1562422747.56 70.4
1562422757.58 70.9
1562422767.59 70.9
1562422777.61 70.4
1562422787.63 70.9
1562422797.65 70.9
1562422807.66 70.4
1562422817.68 71.4
1562422827.7 70.9
1562422837.72 70.9
1562422847.73 70.9
1562422857.75 69.8
1562422867.76 70.9
1562422877.78 69.8
1562422887.8 69.8
1562422897.82 70.9
1562422907.83 69.8
1562422917.85 69.8
1562422927.87 69.8
1562422937.88 70.9
1562422947.9 70.9
1562422957.92 69.8
1562422967.94 69.8
1562422977.96 69.8
1562422987.97 70.9
1562422997.99 70.4
1562423008.01 70.4
1562423018.03 69.8
1562423028.04 70.9
1562423038.06 69.8
1562423048.08 69.8
1562423058.1 69.8
1562423068.11 69.8
1562423078.13 69.8
1562423088.15 69.8
1562423098.16 70.4
1562423108.18 69.8
1562423118.19 70.4
1562423128.21 69.3
1562423138.23 69.8
1562423148.24 68.8
1562423158.26 69.3
1562423168.28 69.8
1562423178.3 69.3
1562423188.32 69.3
1562423198.34 69.3
1562423208.36 69.3
1562423218.38 69.8
1562423228.39 69.8
1562423238.41 69.8
1562423248.43 70.4
1562423258.45 69.8
1562423268.47 69.3
1562423278.49 69.8
1562423288.51 69.8
1562423298.53 69.8
1562423308.55 69.8
1562423318.57 69.8
1562423328.58 70.9
1562423338.6 70.4
1562423348.62 69.8
1562423358.64 69.8
1562423368.66 70.4
1562423378.67 70.4
1562423388.69 70.9
1562423398.71 70.9
1562423408.72 70.9
1562423418.74 70.9
1562423428.75 70.9
1562423438.77 70.9
1562423448.78 71.4
1562423458.8 71.4
1562423468.82 71.4
1562423478.83 70.9
1562423488.86 70.9
1562423498.88 70.9
1562423508.89 70.9
1562423518.91 70.9
1562423528.93 71.4
1562423538.94 71.4
1562423548.96 71.4
1562423558.98 71.4
1562423568.99 71.4
1562423579.01 71.4
1562423589.03 70.9
1562423599.05 72.0
1562423609.06 72.0
1562423619.08 71.4
1562423629.1 71.4
1562423639.12 71.4
1562423649.13 70.9
1562423659.15 70.9
1562423669.17 70.9
1562423679.18 72.0
1562423689.2 71.4
1562423699.21 72.0
1562423709.23 72.0
1562423719.25 71.4
1562423729.27 72.0
1562423739.28 72.5
1562423749.3 72.5
1562423759.32 71.4
1562423769.33 71.4
1562423779.35 72.0
1562423789.37 70.9
1562423799.39 71.4
1562423809.4 72.0
1562423819.42 72.0
1562423829.44 70.9
1562423839.46 72.0
1562423849.48 72.0
1562423859.49 72.0
1562423869.51 72.0
1562423879.52 72.0
1562423889.54 72.0
1562423899.56 72.0
1562423909.57 72.0
1562423919.59 72.0
1562423929.61 72.5
1562423939.62 72.0
1562423949.64 72.0
1562423959.66 72.0
1562423969.68 72.0
1562423979.7 72.0
1562423989.71 72.0
1562423999.73 72.0
1562424009.74 72.0
1562424019.75 72.0
1562424029.77 72.0
1562424039.79 72.0
1562424049.8 73.1
1562424059.82 72.5
1562424069.84 72.0
1562424079.86 72.0
1562424089.87 72.5
1562424099.89 72.0
1562424109.9 71.4
1562424119.92 72.5
1562424129.93 72.0
1562424139.95 72.0
1562424149.97 72.5
1562424159.98 72.0
1562424170.0 72.0
1562424180.02 72.0
1562424190.04 72.0
1562424200.07 72.5
1562424210.09 72.0
1562424220.1 71.4
1562424230.12 72.0
1562424240.13 72.0
1562424250.15 72.0
1562424260.16 72.0
1562424270.18 71.4
1562424280.19 72.5
1562424290.2 72.0
1562424300.22 72.0
1562424310.23 72.0
1562424320.25 72.0
1562424330.26 72.5
1562424340.28 72.0
1562424350.29 72.0
1562424360.31 72.0
1562424370.33 72.5
1562424380.34 73.1
1562424390.36 73.1
1562424400.38 72.5
1562424410.39 73.1
1562424420.41 73.1
1562424430.43 72.5
1562424440.45 72.0
1562424450.47 72.5
1562424460.49 73.1
1562424470.5 73.1
1562424480.52 73.1
1562424490.53 73.6
1562424500.55 73.6
1562424510.57 73.6
1562424520.59 73.6
1562424530.6 74.1
1562424540.62 74.1
1562424550.63 74.7
1562424560.64 74.1
1562424570.66 73.6
1562424580.67 73.6
1562424590.69 74.1
1562424600.71 74.1
1562424610.73 74.1
1562424620.74 74.1
1562424630.76 73.1
1562424640.78 73.1
1562424650.79 73.1
1562424660.81 73.6
1562424670.82 73.6
1562424680.84 73.6
1562424690.85 73.6
1562424700.87 74.1
1562424710.88 74.1
1562424720.9 73.6
1562424730.92 73.6
1562424740.93 73.6
1562424750.95 73.6
1562424760.97 73.6
1562424770.99 74.1
1562424781.0 74.1
1562424791.03 74.1
1562424801.04 74.1
1562424811.05 74.1
1562424821.07 74.1
1562424831.09 74.1
1562424841.11 73.6
1562424851.13 74.1
1562424861.15 73.6
1562424871.16 74.1
1562424881.18 74.1
1562424891.2 74.1
1562424901.22 74.1
1562424911.23 73.6
1562424921.25 74.7
1562424931.27 74.1
1562424941.29 73.6
1562424951.3 74.1
1562424961.32 73.6
1562424971.34 73.6
1562424981.36 74.1
1562424991.38 73.6
1562425001.39 74.1
1562425011.41 73.6
1562425021.42 74.1
1562425031.44 73.6
1562425041.46 73.6
1562425051.47 73.6
1562425061.49 73.1
1562425071.51 73.1
1562425081.52 73.6
1562425091.54 73.6
1562425101.55 73.6
1562425111.58 73.1
1562425121.6 74.1
1562425131.61 74.1
1562425141.63 73.6
1562425151.65 74.1
1562425161.66 74.1
1562425171.68 73.6
1562425181.7 73.6
1562425191.72 73.1
1562425201.74 74.1
