1562700002.63 78.4
1562700012.65 79.5
1562700022.66 79.0
1562700032.67 79.0
1562700042.7 79.0
1562700052.71 79.0
1562700062.73 79.5
1562700072.74 79.0
1562700082.77 79.5
1562700092.8 79.0
1562700102.82 79.5
1562700112.84 79.0
1562700122.85 79.5
1562700132.87 79.5
1562700142.88 79.0
1562700152.9 79.5
1562700162.92 78.4
1562700172.93 79.0
1562700182.95 79.5
1562700192.97 79.0
1562700202.98 79.5
1562700213.0 79.0
1562700223.02 79.5
1562700233.03 79.5
1562700243.05 79.5
1562700253.07 79.5
1562700263.09 79.5
1562700273.1 79.0
1562700283.12 78.4
1562700293.13 79.0
1562700303.15 79.5
1562700313.17 79.0
1562700323.19 79.5
1562700333.2 79.5
1562700343.22 79.0
1562700353.24 79.5
1562700363.25 79.5
1562700373.27 79.5
1562700383.27 79.0
1562700393.29 79.5
1562700403.31 79.5
1562700413.32 79.5
1562700423.35 79.5
1562700433.36 80.1
1562700443.38 79.5
1562700453.4 79.5
1562700463.41 79.0
1562700473.43 79.5
1562700483.44 79.5
1562700493.46 79.5
1562700503.48 79.0
1562700513.5 79.5
1562700523.52 79.5
1562700533.54 79.0
1562700543.56 79.5
1562700553.57 79.5
1562700563.59 79.5
1562700573.61 79.5
1562700583.62 79.5
1562700593.64 79.0
1562700603.66 79.0
1562700613.68 79.0
1562700623.7 79.5
1562700633.72 79.0
1562700643.73 79.5
1562700653.76 79.0
1562700663.78 79.5
1562700673.8 79.0
1562700683.82 78.4
1562700693.83 79.0
1562700703.85 79.5
1562700713.86 79.5
1562700723.87 79.5
1562700733.89 79.5
1562700743.91 79.0
1562700753.92 80.1
1562700763.94 79.5
1562700773.96 79.0
1562700783.98 79.5
1562700793.99 78.4
1562700804.01 79.5
1562700814.03 79.5
1562700824.04 79.5
1562700834.06 78.4
1562700844.08 79.5
1562700854.09 79.5
1562700864.11 78.4
1562700874.12 79.0
1562700884.14 79.5
1562700894.16 79.5
1562700904.17 79.0
1562700914.2 79.5
1562700924.22 78.4
1562700934.24 78.4
1562700944.26 78.4
1562700954.27 79.0
1562700964.29 78.4
1562700974.31 78.4
1562700984.31 78.4
1562700994.33 78.4
1562701004.35 78.4
1562701014.36 78.4
1562701024.38 78.4
1562701034.4 78.4
1562701044.41 79.0
1562701054.43 79.0
1562701064.45 78.4
1562701074.46 79.0
1562701084.48 78.4
1562701094.49 78.4
1562701104.51 79.0
1562701114.53 79.0
1562701124.55 78.4
1562701134.57 79.0
1562701144.58 78.4
1562701154.6 78.4
1562701164.62 78.4
1562701174.64 78.4
1562701184.66 78.4
1562701194.68 77.9
1562701204.7 77.4
1562701214.72 77.9
1562701224.74 77.4
1562701234.76 77.4
1562701244.78 77.4
1562701254.8 77.9
1562701264.81 77.9
1562701274.83 77.9
1562701284.85 77.9
1562701294.88 77.4
1562701304.89 77.4
1562701314.91 78.4
1562701324.92 77.9
1562701334.94 77.4
1562701344.96 77.4
1562701354.97 77.4
1562701364.99 77.4
1562701375.01 77.4
1562701385.02 77.9
1562701395.04 77.9
1562701405.05 76.8
1562701415.07 77.4
1562701425.08 77.4
1562701435.1 77.4
1562701445.12 77.4
1562701455.14 77.4
1562701465.14 77.4
1562701475.16 77.4
1562701485.18 76.8
1562701495.2 77.4
1562701505.22 77.4
1562701515.24 77.4
1562701525.25 77.4
1562701535.27 77.4
1562701545.28 77.4
1562701555.3 76.8
1562701565.32 77.4
1562701575.33 77.4
1562701585.35 76.8
1562701595.37 76.8
1562701605.39 77.4
1562701615.41 77.4
1562701625.42 76.8
1562701635.45 77.4
1562701645.47 76.8
1562701655.49 76.8
1562701665.51 76.3
1562701675.52 76.8
1562701685.55 76.3
1562701695.56 76.8
1562701705.58 76.3
1562701715.6 77.4
1562701725.62 76.8
1562701735.64 77.4
1562701745.66 76.3
1562701755.67 76.3
1562701765.69 76.3
1562701775.71 76.3
1562701785.73 75.2
1562701795.75 76.3
1562701805.76 75.8
1562701815.78 75.8
1562701825.8 75.8
1562701835.82 75.8
1562701845.84 75.2
1562701855.85 75.2
1562701865.87 75.2
1562701875.9 75.8
1562701885.91 76.3
1562701895.93 75.8
1562701905.94 76.3
1562701915.96 76.3
1562701925.98 76.3
1562701935.99 75.8
1562701946.01 76.8
1562701956.03 75.8
1562701966.05 75.8
1562701976.06 76.3
1562701986.08 75.2
1562701996.1 76.3
1562702006.11 76.3
1562702016.14 75.8
1562702026.16 76.3
1562702036.17 77.4
1562702046.19 76.3
1562702056.21 76.3
1562702066.23 76.3
1562702076.24 75.8
1562702086.25 76.3
1562702096.27 76.3
1562702106.29 76.8
1562702116.31 75.8
1562702126.33 75.8
1562702136.35 75.8
1562702146.37 76.3
1562702156.38 75.2
1562702166.4 75.8
1562702176.42 75.2
1562702186.44 75.2
1562702196.45 75.2
1562702206.47 75.8
1562702216.49 75.2
1562702226.51 75.2
1562702236.53 75.8
1562702246.55 76.3
1562702256.56 75.8
1562702266.58 75.8
1562702276.6 75.2
1562702286.62 76.3
1562702296.64 75.2
1562702306.65 75.8
1562702316.67 76.3
1562702326.69 75.8
1562702336.71 76.8
1562702346.72 76.3
1562702356.74 75.8
1562702366.76 76.3
1562702376.78 75.2
1562702386.8 76.3
1562702396.82 76.3
1562702406.83 78.4
1562702416.85 78.4
1562702426.87 76.8
1562702436.89 76.3
1562702446.91 75.2
1562702456.94 75.8
1562702466.95 76.3
1562702476.97 75.8
1562702486.99 76.3
1562702497.02 76.3
1562702507.04 76.3
1562702517.05 76.3
1562702527.07 76.3
1562702537.09 75.2
1562702547.1 76.8
1562702557.13 76.3
1562702567.15 76.3
1562702577.17 76.3
1562702587.18 75.2
1562702597.2 75.2
1562702607.22 75.2
1562702617.23 75.2
1562702627.25 75.2
1562702637.27 75.8
1562702647.29 75.2
1562702657.3 75.2
1562702667.32 75.8
1562702677.34 75.8
1562702687.35 75.8
1562702697.37 75.2
1562702707.39 75.8
1562702717.41 75.2
1562702727.42 75.2
1562702737.44 75.2
1562702747.46 75.2
1562702757.48 75.2
1562702767.49 75.8
1562702777.51 75.8
1562702787.53 76.3
1562702797.55 75.8
1562702807.56 75.8
1562702817.59 75.2
1562702827.6 76.3
1562702837.62 76.3
1562702847.64 75.8
1562702857.65 76.3
1562702867.67 75.2
1562702877.68 76.3
1562702887.7 76.3
1562702897.71 76.3
1562702907.73 76.3
1562702917.76 75.8
1562702927.78 75.8
1562702937.8 75.8
1562702947.82 75.8
1562702957.84 76.3
1562702967.85 76.3
1562702977.87 75.8
1562702987.89 76.3
1562702997.9 76.3
1562703007.92 76.3
1562703017.94 75.2
1562703027.96 76.3
1562703037.97 76.3
1562703047.99 75.8
1562703058.01 76.3
1562703068.03 76.3
1562703078.04 76.3
1562703088.06 76.3
1562703098.08 76.3
1562703108.09 77.4
1562703118.11 76.3
1562703128.13 77.4
1562703138.14 76.3
1562703148.16 76.3
1562703158.18 76.3
1562703168.2 76.3
1562703178.21 76.8
1562703188.23 76.8
1562703198.25 76.8
1562703208.27 76.8
1562703218.28 76.3
1562703228.3 76.3
1562703238.32 76.8
1562703248.34 76.8
1562703258.35 77.4
1562703268.37 76.3
1562703278.39 77.4
1562703288.41 76.8
1562703298.43 76.8
1562703308.45 76.8
1562703318.46 77.9
1562703328.48 76.8
1562703338.5 77.4
1562703348.52 77.4
1562703358.53 77.4
1562703368.55 77.4
1562703378.58 77.9
1562703388.6 77.4
1562703398.61 77.4
1562703408.63 77.4
1562703418.65 77.4
1562703428.66 77.4
1562703438.68 76.8
1562703448.71 76.8
1562703458.73 77.4
1562703468.74 77.4
1562703478.76 77.4
1562703488.78 76.8
1562703498.8 76.8
1562703508.82 76.8
1562703518.83 77.4
1562703528.85 76.8
1562703538.87 77.4
1562703548.88 77.4
1562703558.9 77.4
1562703568.92 77.9
1562703578.93 77.4
1562703588.95 76.8
1562703598.96 77.4
1562703608.98 77.4
1562703619.0 77.4
1562703629.01 76.8
1562703639.03 76.8
1562703649.05 76.8
1562703659.06 77.4
1562703669.08 77.4
1562703679.1 77.4
1562703689.11 77.9
1562703699.13 77.4
1562703709.15 77.4
1562703719.16 77.4
1562703729.18 77.4
1562703739.19 76.8
1562703749.21 76.8
1562703759.23 77.4
1562703769.25 77.4
1562703779.26 76.8
1562703789.28 77.4
1562703799.29 77.4
1562703809.31 77.4
1562703819.33 76.8
1562703829.35 76.3
1562703839.36 76.8
1562703849.38 77.4
1562703859.39 76.3
1562703869.42 76.3
1562703879.44 76.3
1562703889.46 76.8
1562703899.47 76.8
1562703909.5 76.3
1562703919.51 77.4
1562703929.53 76.3
1562703939.55 77.4
1562703949.56 77.4
1562703959.58 77.4
1562703969.59 76.8
1562703979.62 76.3
1562703989.64 76.3
1562703999.64 76.8
1562704009.66 76.3
1562704019.68 76.3
1562704029.69 77.4
1562704039.71 76.3
1562704049.73 76.8
1562704059.75 76.8
1562704069.76 77.4
1562704079.78 77.4
1562704089.8 77.4
1562704099.81 77.4
1562704109.82 76.8
1562704119.84 76.8
1562704129.86 76.8
1562704139.87 76.8
1562704149.89 77.4
1562704159.91 77.4
1562704169.91 76.3
1562704179.93 76.8
1562704189.95 76.8
1562704199.97 76.3
1562704209.99 76.3
1562704220.0 76.8
1562704230.02 76.3
1562704240.04 76.3
1562704250.05 76.3
1562704260.06 76.8
1562704270.08 76.3
1562704280.1 76.3
1562704290.12 76.3
1562704300.13 76.3
1562704310.14 76.3
1562704320.16 76.3
1562704330.18 75.8
1562704340.2 76.3
1562704350.21 76.3
1562704360.23 77.4
1562704370.25 77.4
1562704380.27 76.3
1562704390.29 76.8
1562704400.31 77.4
1562704410.33 76.3
1562704420.34 77.4
1562704430.35 76.8
1562704440.36 76.3
1562704450.37 76.3
1562704460.39 77.4
1562704470.41 76.3
1562704480.42 77.4
1562704490.43 76.8
1562704500.44 76.3
1562704510.47 76.3
1562704520.48 76.3
1562704530.5 76.8
1562704540.51 77.4
1562704550.53 77.4
1562704560.55 76.8
1562704570.56 76.8
1562704580.58 77.4
1562704590.61 76.3
1562704600.63 77.4
1562704610.64 77.4
1562704620.66 77.4
1562704630.68 76.8
1562704640.68 76.8
1562704650.7 76.8
1562704660.71 76.3
1562704670.73 77.4
1562704680.75 77.4
1562704690.76 76.8
1562704700.78 77.4
1562704710.8 77.4
1562704720.82 77.4
1562704730.82 77.4
1562704740.84 77.4
1562704750.86 77.4
1562704760.88 77.4
1562704770.9 76.3
1562704780.91 76.8
1562704790.92 77.4
1562704800.94 76.8
1562704810.96 76.3
1562704820.97 76.8
1562704830.99 76.3
1562704841.01 76.8
1562704851.03 77.4
1562704861.04 76.8
1562704871.06 77.4
1562704881.08 75.2
1562704891.1 75.8
1562704901.12 76.3
1562704911.14 75.8
1562704921.16 75.8
1562704931.18 76.3
1562704941.2 75.2
1562704951.21 75.2
1562704961.23 76.3
1562704971.25 76.3
1562704981.26 76.3
1562704991.28 76.3
1562705001.3 76.3
1562705011.31 76.3
1562705021.33 76.3
1562705031.35 76.3
1562705041.37 76.3
1562705051.39 76.3
1562705061.42 76.3
1562705071.43 76.3
1562705081.45 76.3
1562705091.47 76.3
1562705101.49 76.3
1562705111.5 76.3
1562705121.51 76.3
1562705131.54 76.8
1562705141.55 76.3
1562705151.57 76.3
1562705161.58 77.4
1562705171.61 76.8
1562705181.62 76.3
1562705191.63 77.4
1562705201.65 77.4
1562705211.67 77.9
1562705221.68 77.4
1562705231.7 76.8
1562705241.73 76.8
1562705251.74 77.4
1562705261.76 77.4
1562705271.78 77.4
1562705281.8 77.4
1562705291.81 77.4
1562705301.83 77.4
1562705311.85 76.8
1562705321.87 76.8
1562705331.88 76.3
1562705341.9 76.8
1562705351.92 77.4
1562705361.93 77.4
1562705371.95 77.4
1562705381.96 77.4
1562705391.98 77.4
1562705402.0 77.4
1562705412.02 77.4
1562705422.04 77.4
1562705432.06 77.9
1562705442.08 77.4
1562705452.1 77.4
1562705462.12 76.3
1562705472.14 77.4
1562705482.16 77.4
1562705492.18 77.4
1562705502.19 76.8
1562705512.21 77.4
1562705522.22 77.4
1562705532.24 77.4
1562705542.26 76.8
1562705552.27 76.3
1562705562.29 76.3
1562705572.31 76.3
1562705582.33 76.3
1562705592.34 76.3
1562705602.36 75.8
1562705612.38 76.3
1562705622.4 76.3
1562705632.41 76.3
1562705642.43 76.3
1562705652.45 76.8
1562705662.46 76.3
1562705672.48 75.2
1562705682.5 75.8
1562705692.51 76.3
1562705702.53 75.8
1562705712.56 75.8
1562705722.58 75.8
1562705732.6 75.8
1562705742.63 75.2
1562705752.65 75.8
1562705762.66 76.3
1562705772.68 75.2
1562705782.7 75.2
1562705792.71 75.2
1562705802.74 75.2
1562705812.76 75.8
1562705822.78 75.2
1562705832.8 75.2
1562705842.82 75.2
1562705852.84 75.8
1562705862.86 74.7
1562705872.87 75.2
1562705882.89 75.8
1562705892.91 75.2
1562705902.92 75.2
1562705912.94 75.2
1562705922.96 75.8
1562705932.98 75.2
1562705942.99 76.3
1562705953.0 75.2
1562705963.01 75.2
1562705973.03 75.2
1562705983.05 74.1
1562705993.06 75.2
1562706003.08 75.2
1562706013.1 75.2
1562706023.11 75.2
1562706033.13 75.8
1562706043.15 75.2
1562706053.17 75.2
1562706063.18 75.2
1562706073.2 74.7
1562706083.22 75.8
1562706093.24 75.2
1562706103.25 75.2
1562706113.26 75.2
1562706123.28 75.8
1562706133.3 75.8
1562706143.32 75.2
1562706153.34 75.2
1562706163.36 75.2
1562706173.37 75.2
1562706183.39 74.1
1562706193.41 75.2
1562706203.42 75.2
1562706213.44 75.2
1562706223.46 75.2
1562706233.48 74.7
1562706243.5 75.2
1562706253.51 75.2
1562706263.53 75.8
1562706273.54 75.2
1562706283.56 74.7
1562706293.58 74.1
1562706303.6 75.2
1562706313.62 74.7
1562706323.64 74.7
1562706333.66 74.1
1562706343.68 74.1
1562706353.69 74.1
1562706363.71 74.7
1562706373.73 74.1
1562706383.75 73.6
1562706393.76 74.1
1562706403.78 73.6
1562706413.8 74.1
1562706423.82 74.1
1562706433.83 74.1
1562706443.85 74.1
1562706453.87 74.1
1562706463.89 74.1
1562706473.91 74.1
1562706483.92 74.1
1562706493.94 74.7
1562706503.96 74.7
1562706513.97 75.2
1562706523.99 75.2
1562706534.01 74.1
1562706544.03 75.2
1562706554.04 75.2
1562706564.06 75.2
1562706574.09 74.7
1562706584.1 74.7
1562706594.12 74.7
1562706604.14 75.2
1562706614.16 74.1
1562706624.17 74.1
1562706634.19 74.7
1562706644.21 74.1
1562706654.22 74.7
1562706664.23 74.1
1562706674.25 74.1
1562706684.27 74.1
1562706694.28 74.7
1562706704.3 74.1
1562706714.32 74.1
1562706724.33 74.1
1562706734.35 74.7
1562706744.37 74.7
1562706754.38 75.2
1562706764.4 74.7
1562706774.42 74.1
1562706784.44 74.1
1562706794.46 74.1
1562706804.48 75.2
1562706814.49 75.2
1562706824.52 75.2
1562706834.53 75.2
1562706844.55 74.7
1562706854.57 74.7
1562706864.58 75.8
1562706874.6 75.2
1562706884.62 75.8
1562706894.64 75.8
1562706904.66 75.2
1562706914.66 75.2
1562706924.68 75.2
1562706934.7 75.2
1562706944.72 75.2
1562706954.73 75.8
1562706964.75 76.3
1562706974.76 75.8
1562706984.78 75.8
1562706994.8 75.2
1562707004.81 75.8
1562707014.83 76.3
1562707024.85 75.8
1562707034.87 76.3
1562707044.89 75.8
1562707054.91 75.8
1562707064.93 76.3
1562707074.94 76.3
1562707084.96 75.8
1562707094.98 75.8
1562707105.0 75.8
1562707115.01 76.3
1562707125.03 75.8
1562707135.04 75.8
1562707145.05 76.3
1562707155.07 75.8
1562707165.09 75.2
1562707175.11 76.3
1562707185.12 76.3
1562707195.14 76.3
1562707205.15 76.3
1562707215.17 75.8
1562707225.19 76.3
1562707235.2 76.3
1562707245.22 76.3
1562707255.24 75.2
1562707265.24 75.2
1562707275.26 75.8
1562707285.28 75.8
1562707295.29 75.8
1562707305.31 75.8
1562707315.33 75.8
1562707325.35 75.8
1562707335.35 76.3
1562707345.38 75.8
1562707355.4 76.3
1562707365.41 75.8
1562707375.43 75.8
1562707385.45 75.8
1562707395.46 75.2
1562707405.48 75.2
1562707415.5 75.8
1562707425.51 75.8
1562707435.53 75.8
1562707445.55 75.8
1562707455.56 75.8
1562707465.58 75.8
1562707475.61 75.8
1562707485.63 76.3
1562707495.65 75.8
1562707505.67 75.8
1562707515.69 75.2
1562707525.71 75.8
1562707535.73 75.2
1562707545.74 75.2
1562707555.76 75.8
1562707565.78 75.2
1562707575.79 76.3
1562707585.81 75.2
1562707595.81 75.2
1562707605.84 75.2
1562707615.85 75.2
1562707625.87 75.2
1562707635.88 75.2
1562707645.9 75.2
1562707655.92 76.3
1562707665.94 75.8
1562707675.96 74.1
1562707685.98 74.7
1562707695.99 75.2
1562707706.01 75.2
1562707716.03 75.2
1562707726.05 75.2
1562707736.07 74.1
1562707746.08 74.7
1562707756.1 75.2
1562707766.12 74.1
1562707776.14 75.2
1562707786.16 74.7
1562707796.18 75.2
1562707806.2 75.2
1562707816.21 74.7
1562707826.23 74.7
1562707836.24 74.7
1562707846.26 75.2
1562707856.28 75.2
1562707866.29 75.2
1562707876.31 75.2
1562707886.33 75.2
1562707896.33 75.2
1562707906.35 75.2
1562707916.37 75.2
1562707926.39 75.2
1562707936.41 74.7
1562707946.41 74.7
1562707956.44 74.1
1562707966.46 74.1
1562707976.47 74.7
1562707986.49 74.1
1562707996.52 74.1
1562708006.53 75.2
1562708016.55 74.1
1562708026.56 74.1
1562708036.58 74.7
1562708046.6 73.6
1562708056.62 74.1
1562708066.63 75.2
1562708076.65 75.2
1562708086.67 75.2
1562708096.68 74.1
1562708106.69 74.1
1562708116.71 74.7
1562708126.73 74.7
1562708136.75 74.7
1562708146.77 75.2
1562708156.79 74.7
1562708166.8 74.1
1562708176.82 74.7
1562708186.83 74.1
1562708196.85 74.1
1562708206.87 74.1
1562708216.88 74.1
1562708226.9 75.2
1562708236.92 74.1
1562708246.93 74.1
1562708256.94 74.1
1562708266.96 74.1
1562708276.98 74.1
1562708286.99 74.1
1562708297.01 74.1
1562708307.03 74.1
1562708317.04 74.7
1562708327.06 74.1
1562708337.07 74.7
1562708347.08 74.7
1562708357.11 74.1
1562708367.11 75.2
1562708377.13 75.2
1562708387.15 75.2
1562708397.17 74.7
1562708407.19 74.7
1562708417.2 74.1
1562708427.22 74.1
1562708437.24 74.7
1562708447.24 74.7
1562708457.26 74.7
1562708467.28 75.2
1562708477.29 75.2
1562708487.31 74.7
1562708497.33 74.7
1562708507.35 74.7
1562708517.36 74.1
1562708527.37 74.1
1562708537.4 74.1
1562708547.41 75.2
1562708557.42 74.1
1562708567.44 75.2
1562708577.46 75.2
1562708587.47 75.2
1562708597.48 74.7
1562708607.49 74.7
1562708617.51 75.2
1562708627.53 74.1
1562708637.54 74.7
1562708647.56 74.1
1562708657.59 74.1
1562708667.6 75.2
1562708677.62 75.2
1562708687.64 75.2
1562708697.65 75.2
1562708707.67 74.1
1562708717.69 74.1
1562708727.71 75.2
1562708737.72 74.1
1562708747.74 74.7
1562708757.76 75.2
1562708767.77 75.2
1562708777.78 75.2
1562708787.8 75.2
1562708797.82 75.2
1562708807.82 74.7
1562708817.84 74.1
1562708827.86 74.1
1562708837.87 74.1
1562708847.88 74.7
1562708857.9 74.1
1562708867.92 74.7
1562708877.93 74.1
1562708887.94 75.2
1562708897.96 75.2
1562708907.98 74.1
1562708918.0 75.2
1562708928.02 74.1
1562708938.04 75.2
1562708948.06 75.2
1562708958.08 75.2
1562708968.09 75.2
1562708978.11 74.7
1562708988.13 74.7
1562708998.14 75.2
1562709008.16 75.2
1562709018.18 74.7
1562709028.2 75.2
1562709038.21 74.7
1562709048.23 75.2
1562709058.24 75.2
1562709068.26 75.2
1562709078.28 76.3
1562709088.29 75.8
1562709098.31 75.8
1562709108.32 76.3
1562709118.34 75.2
1562709128.36 75.2
1562709138.38 75.2
1562709148.39 75.2
1562709158.42 75.2
1562709168.43 75.2
1562709178.45 74.7
1562709188.47 75.2
1562709198.49 75.2
1562709208.5 75.2
1562709218.52 75.2
1562709228.53 75.2
1562709238.56 75.2
1562709248.57 75.2
1562709258.59 75.2
1562709268.6 75.2
1562709278.62 75.2
1562709288.64 75.2
1562709298.66 75.2
1562709308.68 75.2
1562709318.69 75.2
1562709328.71 75.2
1562709338.72 75.2
1562709348.74 75.2
1562709358.76 75.2
1562709368.78 75.2
1562709378.8 75.2
1562709388.81 74.7
1562709398.84 74.7
1562709408.85 74.1
1562709418.87 74.1
1562709428.89 74.7
1562709438.91 74.7
1562709448.93 75.2
1562709458.95 74.1
1562709468.96 74.7
1562709478.98 75.2
1562709489.0 75.2
1562709499.0 74.7
1562709509.03 74.7
1562709519.05 74.1
1562709529.07 74.1
1562709539.07 74.7
1562709549.09 74.1
1562709559.11 73.6
1562709569.12 73.6
1562709579.15 73.1
1562709589.17 73.1
1562709599.18 73.1
