1562300006.39 59.1
1562300016.41 59.6
1562300026.41 59.6
1562300036.43 59.1
1562300046.44 60.1
1562300056.46 60.1
1562300066.47 60.1
1562300076.49 59.1
1562300086.5 60.1
1562300096.52 59.1
1562300106.54 59.6
1562300116.56 59.1
1562300126.57 59.1
1562300136.59 58.5
1562300146.61 58.0
1562300156.63 58.0
1562300166.64 59.1
1562300176.66 58.0
1562300186.68 58.0
1562300196.69 58.0
1562300206.71 58.0
1562300216.73 57.5
1562300226.74 58.0
1562300236.76 58.5
1562300246.78 58.0
1562300256.79 58.0
1562300266.81 56.9
1562300276.83 58.0
1562300286.85 56.9
1562300296.87 58.0
1562300306.88 56.9
1562300316.9 56.9
1562300326.91 56.9
1562300336.93 56.9
1562300346.95 56.9
1562300356.96 58.0
1562300366.98 56.9
1562300377.01 56.9
1562300387.03 56.9
1562300397.04 57.5
1562300407.06 56.9
1562300417.08 56.9
1562300427.1 56.9
1562300437.11 58.0
1562300447.13 56.4
1562300457.15 57.5
1562300467.17 56.9
1562300477.19 58.0
1562300487.21 56.9
1562300497.23 56.9
1562300507.25 58.0
1562300517.27 56.9
1562300527.29 58.0
1562300537.31 56.9
1562300547.32 58.0
1562300557.35 56.9
1562300567.36 57.5
1562300577.38 56.9
1562300587.4 56.9
1562300597.42 56.9
1562300607.43 56.9
1562300617.45 56.9
1562300627.47 58.0
1562300637.49 56.4
1562300647.51 56.4
1562300657.53 58.0
1562300667.55 57.5
1562300677.57 56.9
1562300687.59 57.5
1562300697.61 57.5
1562300707.62 57.5
1562300717.64 58.0
1562300727.66 57.5
1562300737.67 58.0
1562300747.68 58.0
1562300757.71 56.9
1562300767.74 56.9
1562300777.75 56.9
1562300787.76 58.0
1562300797.78 56.4
1562300807.8 56.9
1562300817.82 57.5
1562300827.84 58.0
1562300837.85 58.0
1562300847.87 57.5
1562300857.89 56.9
1562300867.91 58.0
1562300877.92 58.0
1562300887.94 57.5
1562300897.96 56.9
1562300907.98 58.0
1562300918.0 57.5
1562300928.01 58.0
1562300938.03 57.5
1562300948.04 58.0
1562300958.06 57.5
1562300968.07 56.9
1562300978.09 57.5
1562300988.11 56.9
1562300998.13 56.9
1562301008.15 58.0
1562301018.17 56.9
1562301028.19 56.9
1562301038.21 57.5
1562301048.23 58.0
1562301058.24 56.9
1562301068.26 56.9
1562301078.28 58.0
1562301088.29 56.9
1562301098.31 56.9
1562301108.33 56.9
1562301118.34 56.9
1562301128.36 56.4
1562301138.38 56.4
1562301148.4 56.9
1562301158.42 56.4
1562301168.44 57.5
1562301178.46 56.4
1562301188.49 55.8
1562301198.51 56.9
1562301208.52 56.9
1562301218.54 56.9
1562301228.56 58.0
1562301238.58 57.5
1562301248.6 58.0
1562301258.62 56.9
1562301268.64 56.9
1562301278.66 56.9
1562301288.68 55.8
1562301298.7 57.5
1562301308.72 56.4
1562301318.73 56.4
1562301328.74 57.5
1562301338.76 56.9
1562301348.78 56.9
1562301358.79 56.9
1562301368.81 56.9
1562301378.82 56.9
1562301388.83 57.5
1562301398.84 56.9
1562301408.85 56.9
1562301418.87 56.9
1562301428.88 56.9
1562301438.89 56.9
1562301448.91 56.4
1562301458.93 56.4
1562301468.94 56.9
1562301478.95 56.9
1562301488.97 56.4
1562301498.98 56.9
1562301509.0 56.9
1562301519.01 56.9
1562301529.02 56.4
1562301539.04 57.5
1562301549.05 56.9
1562301559.07 56.4
1562301569.08 55.8
1562301579.1 56.9
1562301589.11 56.9
1562301599.13 56.9
1562301609.14 57.5
1562301619.16 56.9
1562301629.17 58.0
1562301639.19 57.5
1562301649.2 56.9
1562301659.21 56.9
1562301669.23 56.4
1562301679.24 56.9
1562301689.26 56.9
1562301699.28 58.0
1562301709.29 58.0
1562301719.3 58.0
1562301729.31 56.9
1562301739.33 57.5
1562301749.35 56.9
1562301759.36 57.5
1562301769.37 56.9
1562301779.39 56.9
1562301789.41 56.9
1562301799.42 56.4
1562301809.44 56.9
1562301819.46 56.9
1562301829.47 56.9
1562301839.49 56.9
1562301849.51 56.9
1562301859.52 56.4
1562301869.53 56.9
1562301879.55 56.9
1562301889.57 56.9
1562301899.59 56.9
1562301909.61 56.9
1562301919.62 56.9
1562301929.64 56.4
1562301939.67 56.4
1562301949.69 56.4
1562301959.71 56.4
1562301969.73 56.9
1562301979.75 56.4
1562301989.77 56.4
1562301999.79 56.4
1562302009.81 56.4
1562302019.83 55.8
1562302029.84 55.8
1562302039.86 55.8
1562302049.87 56.4
1562302059.89 55.8
1562302069.91 55.8
1562302079.93 55.8
1562302089.95 56.4
1562302099.96 56.4
1562302109.97 56.4
1562302119.99 56.9
1562302130.02 56.9
1562302140.04 55.8
1562302150.06 56.4
1562302160.07 55.8
1562302170.11 55.8
1562302180.13 55.8
1562302190.15 55.8
1562302200.17 55.8
1562302210.19 55.8
1562302220.21 55.8
1562302230.23 55.8
1562302240.25 55.3
1562302250.26 55.8
1562302260.27 55.8
1562302270.28 55.8
1562302280.31 55.8
1562302290.33 55.8
1562302300.34 55.8
1562302310.36 56.4
1562302320.37 55.3
1562302330.39 55.8
1562302340.41 55.8
1562302350.43 55.8
1562302360.44 55.8
1562302370.45 56.9
1562302380.47 57.5
1562302390.48 56.4
1562302400.5 56.9
1562302410.51 56.4
1562302420.53 56.4
1562302430.53 56.9
1562302440.55 55.8
1562302450.57 55.8
1562302460.59 56.4
1562302470.61 55.8
1562302480.63 56.4
1562302490.63 56.4
1562302500.65 56.9
1562302510.67 55.8
1562302520.69 56.9
1562302530.71 56.9
1562302540.73 56.4
1562302550.75 56.4
1562302560.77 56.9
1562302570.78 56.9
1562302580.8 56.9
1562302590.81 55.8
1562302600.83 56.4
1562302610.95 56.4
1562302620.96 56.9
1562302630.98 56.9
1562302640.99 56.9
1562302651.01 56.4
1562302661.03 56.4
1562302671.05 56.4
1562302681.07 55.8
1562302691.09 56.4
1562302701.1 56.4
1562302711.12 56.9
1562302721.14 56.4
1562302731.16 56.9
1562302741.17 55.8
1562302751.19 56.4
1562302761.21 56.4
1562302771.23 56.9
1562302781.25 56.4
1562302791.27 56.4
1562302801.29 55.8
1562302811.31 58.0
1562302821.33 56.4
1562302831.35 56.9
1562302841.37 56.9
1562302851.39 56.4
1562302861.41 57.5
1562302871.43 56.4
1562302881.45 56.4
1562302891.47 55.8
1562302901.49 55.8
1562302911.51 55.8
1562302921.52 56.4
1562302931.54 56.4
1562302941.57 56.4
1562302951.59 55.8
1562302961.6 56.4
1562302971.62 55.8
1562302981.64 55.8
1562302991.66 56.4
1562303001.68 55.8
1562303011.69 55.3
1562303021.71 55.8
1562303031.73 56.4
1562303041.75 55.3
1562303051.77 54.8
1562303061.79 55.3
1562303071.8 55.3
1562303081.83 55.3
1562303091.84 55.8
1562303101.86 55.8
1562303111.88 55.3
1562303121.89 55.8
1562303131.91 55.8
1562303141.93 54.8
1562303151.95 55.3
1562303161.97 55.3
1562303171.99 54.8
1562303182.01 55.3
1562303192.02 55.8
1562303202.04 54.8
1562303212.06 55.3
1562303222.08 55.8
1562303232.1 55.3
1562303242.12 54.8
1562303252.14 55.8
1562303262.16 54.8
1562303272.18 54.8
1562303282.19 54.8
1562303292.21 54.8
1562303302.23 54.8
1562303312.25 54.8
1562303322.27 54.8
1562303332.29 54.8
1562303342.31 54.8
1562303352.33 55.3
1562303362.35 54.8
1562303372.37 54.8
1562303382.39 54.2
1562303392.41 55.8
1562303402.42 55.3
1562303412.44 55.3
1562303422.46 55.8
1562303432.48 55.3
1562303442.5 55.8
1562303452.52 54.8
1562303462.54 55.8
1562303472.56 54.8
1562303482.58 55.3
1562303492.59 55.3
1562303502.61 54.8
1562303512.63 55.3
1562303522.64 55.8
1562303532.66 55.8
1562303542.68 54.8
1562303552.69 55.3
1562303562.71 55.8
1562303572.73 55.8
1562303582.74 55.8
1562303592.75 56.4
1562303602.77 55.3
1562303612.79 56.4
1562303622.81 56.4
1562303632.83 55.3
1562303642.85 55.8
1562303652.87 55.8
1562303662.89 55.8
1562303672.91 55.8
1562303682.93 55.8
1562303692.94 55.8
1562303702.96 55.8
1562303712.98 55.3
1562303722.99 55.3
1562303733.01 56.4
1562303743.02 56.4
1562303753.03 55.3
1562303763.05 55.8
1562303773.07 54.8
1562303783.08 54.8
1562303793.1 56.4
1562303803.11 55.8
1562303813.12 55.3
1562303823.15 55.8
1562303833.17 55.3
1562303843.19 55.8
1562303853.21 55.3
1562303863.23 54.8
1562303873.25 55.8
1562303883.27 54.8
1562303893.28 55.8
1562303903.29 55.8
1562303913.31 55.3
1562303923.33 56.4
1562303933.35 55.3
1562303943.37 55.3
1562303953.38 55.8
1562303963.39 55.8
1562303973.42 54.8
1562303983.43 55.3
1562303993.45 55.3
1562304003.47 55.8
1562304013.48 55.8
1562304023.5 55.8
1562304033.52 55.8
1562304043.54 55.8
1562304053.56 54.8
1562304063.58 55.8
1562304073.6 56.4
1562304083.62 54.8
1562304093.62 55.8
1562304103.64 55.8
1562304113.65 55.8
1562304123.67 55.3
1562304133.69 55.8
1562304143.7 55.8
1562304153.72 55.3
1562304163.74 55.3
1562304173.76 54.8
1562304183.78 55.3
1562304193.8 54.8
1562304203.82 54.8
1562304213.84 54.8
1562304223.86 55.3
1562304233.87 55.3
1562304243.89 55.3
1562304253.91 55.3
1562304263.93 55.3
1562304273.95 54.8
1562304283.97 54.8
1562304293.99 54.8
1562304304.01 55.3
1562304314.03 55.3
1562304324.05 55.3
1562304334.07 55.3
1562304344.09 54.8
1562304354.11 54.8
1562304364.12 54.8
1562304374.14 54.8
1562304384.16 54.8
1562304394.18 54.8
1562304404.2 55.3
1562304414.22 54.8
1562304424.24 54.8
1562304434.26 54.2
1562304444.28 54.2
1562304454.29 55.8
1562304464.31 54.8
1562304474.33 55.3
1562304484.35 54.8
1562304494.37 55.3
1562304504.39 55.3
1562304514.41 55.3
1562304524.41 55.3
1562304534.43 55.3
1562304544.45 55.3
1562304554.47 55.3
1562304564.49 54.8
1562304574.51 54.8
1562304584.53 54.8
1562304594.55 55.8
1562304604.57 55.3
1562304614.59 55.8
1562304624.6 55.8
1562304634.62 55.8
1562304644.64 55.3
1562304654.66 55.8
1562304664.68 55.3
1562304674.7 54.8
1562304684.72 55.3
1562304694.74 54.8
1562304704.76 55.8
1562304714.78 55.3
1562304724.8 54.8
1562304734.81 54.8
1562304744.83 55.8
1562304754.85 54.8
1562304764.87 54.8
1562304774.89 54.8
1562304784.91 55.3
1562304794.93 55.3
1562304804.94 55.8
1562304814.97 54.8
1562304824.99 54.8
1562304835.01 54.8
1562304845.03 54.8
1562304855.05 55.3
1562304865.07 54.2
1562304875.09 54.8
1562304885.1 55.3
1562304895.12 54.2
1562304905.14 55.3
1562304915.15 54.8
1562304925.18 54.8
1562304935.19 54.8
1562304945.21 54.8
1562304955.23 54.8
1562304965.25 54.8
1562304975.26 54.8
1562304985.28 54.8
1562304995.29 55.8
1562305005.31 54.8
1562305015.33 55.3
1562305025.35 54.8
1562305035.37 54.8
1562305045.37 55.8
1562305055.39 54.2
1562305065.42 54.8
1562305075.44 54.8
1562305085.46 54.8
1562305095.48 54.2
1562305105.5 54.8
1562305115.52 55.8
1562305125.54 54.8
1562305135.56 55.3
1562305145.58 54.8
1562305155.6 54.8
1562305165.62 55.8
1562305175.62 55.3
1562305185.64 55.3
1562305195.66 54.8
1562305205.68 55.8
1562305215.72 54.2
1562305225.74 54.8
1562305235.76 54.8
1562305245.78 54.2
1562305255.8 55.3
1562305265.81 55.3
1562305275.83 54.8
1562305285.85 54.2
1562305295.87 54.8
1562305305.88 54.8
1562305315.9 54.8
1562305325.92 54.2
1562305335.93 55.3
1562305345.95 54.8
1562305355.97 55.8
1562305365.98 54.8
1562305376.0 54.8
1562305386.01 55.3
1562305396.03 54.2
1562305406.05 54.2
1562305416.07 54.8
1562305426.09 54.8
1562305436.11 54.2
1562305446.13 54.8
1562305456.16 54.8
1562305466.18 54.8
1562305476.19 55.3
1562305486.21 55.8
1562305496.22 54.8
1562305506.24 54.2
1562305516.25 55.3
1562305526.27 54.8
1562305536.29 54.8
1562305546.3 54.8
1562305556.32 54.8
1562305566.34 54.8
1562305576.35 54.8
1562305586.37 54.8
1562305596.38 54.8
1562305606.4 55.3
1562305616.41 55.3
1562305626.43 54.2
1562305636.45 54.8
1562305646.46 54.8
1562305656.48 54.8
1562305666.5 54.2
1562305676.51 54.8
1562305686.53 54.8
1562305696.55 54.2
1562305706.57 54.8
1562305716.58 54.8
1562305726.6 55.8
1562305736.62 54.8
1562305746.64 54.8
1562305756.65 54.8
1562305766.66 55.3
1562305776.68 54.2
1562305786.7 54.8
1562305796.72 54.2
1562305806.73 55.8
1562305816.75 54.8
1562305826.76 54.8
1562305836.77 54.8
1562305846.79 54.8
1562305856.8 54.8
1562305866.82 54.8
1562305876.83 54.8
1562305886.85 54.8
1562305896.87 54.8
1562305906.89 54.8
1562305916.9 54.8
1562305926.92 54.2
1562305936.94 54.2
1562305946.96 53.7
1562305956.97 55.3
1562305966.99 54.8
1562305977.01 54.2
1562305987.03 54.8
1562305997.04 54.2
1562306007.06 54.8
1562306017.08 54.8
1562306027.1 54.8
1562306037.11 54.8
1562306047.13 54.8
1562306057.14 54.2
1562306067.16 54.2
1562306077.18 54.8
1562306087.2 54.8
1562306097.21 54.8
1562306107.23 54.2
1562306117.25 54.8
1562306127.27 54.8
1562306137.29 54.8
1562306147.3 54.8
1562306157.33 54.8
1562306167.34 54.8
1562306177.36 54.8
1562306187.38 54.8
1562306197.4 54.8
1562306207.42 54.8
1562306217.43 55.8
1562306227.45 54.2
1562306237.47 54.2
1562306247.49 54.8
1562306257.51 54.2
1562306267.53 54.2
1562306277.55 55.3
1562306287.56 54.8
1562306297.57 55.3
1562306307.6 54.8
1562306317.62 54.2
1562306327.63 54.8
1562306337.65 54.8
1562306347.67 54.8
1562306357.69 54.2
1562306367.71 54.8
1562306377.72 54.8
1562306387.74 54.8
1562306397.77 55.3
1562306407.79 54.8
1562306417.81 54.8
1562306427.86 54.2
1562306437.88 54.8
1562306447.9 55.3
1562306457.92 54.2
1562306467.94 54.2
1562306477.96 54.8
1562306487.98 54.8
1562306498.0 54.2
1562306508.02 54.8
1562306518.04 53.7
1562306528.06 54.2
1562306538.08 55.3
1562306548.1 54.2
1562306558.11 54.8
1562306568.13 54.2
1562306578.15 53.7
1562306588.17 54.8
1562306598.19 53.7
1562306608.21 53.7
1562306618.22 54.8
1562306628.24 54.2
1562306638.26 53.7
1562306648.28 54.2
1562306658.3 53.7
1562306668.32 53.7
1562306678.33 53.7
1562306688.34 53.7
1562306698.37 54.2
1562306708.38 53.7
1562306718.4 54.2
1562306728.42 54.2
1562306738.43 53.7
1562306748.45 53.7
1562306758.47 53.7
1562306768.49 53.7
1562306778.51 54.8
1562306788.53 53.7
1562306798.55 54.2
1562306808.57 53.7
1562306818.59 53.7
1562306828.61 53.7
1562306838.63 53.7
1562306848.65 53.7
1562306858.66 54.2
1562306868.69 54.2
1562306878.7 53.7
1562306888.73 54.2
1562306898.75 54.8
1562306908.76 53.7
1562306918.78 53.7
1562306928.81 53.7
1562306938.83 53.7
1562306948.85 54.2
1562306958.87 53.7
1562306968.89 53.7
1562306978.9 53.7
1562306988.92 53.7
1562306998.94 54.2
1562307008.95 54.2
1562307018.98 53.7
1562307029.0 54.2
1562307039.01 53.7
1562307049.04 53.7
1562307059.05 53.7
1562307069.07 53.7
1562307079.09 53.7
1562307089.11 53.7
1562307099.11 53.7
1562307109.13 53.7
1562307119.15 53.7
1562307129.17 53.7
1562307139.19 53.7
1562307149.21 53.7
1562307159.23 54.8
1562307169.25 53.7
1562307179.26 54.2
1562307189.28 53.7
1562307199.3 54.2
1562307209.32 54.2
1562307219.34 54.2
1562307229.35 53.7
1562307239.37 53.7
1562307249.39 53.7
1562307259.4 53.7
1562307269.41 53.7
1562307279.44 53.7
1562307289.45 53.7
1562307299.47 53.7
1562307309.49 54.2
1562307319.51 54.2
1562307329.53 53.7
1562307339.54 54.2
1562307349.56 53.7
1562307359.58 54.2
1562307369.6 53.7
1562307379.61 53.7
1562307389.63 53.7
1562307399.65 53.7
1562307409.67 54.2
1562307419.69 54.2
1562307429.71 54.2
1562307439.73 54.2
1562307449.75 54.2
1562307459.77 53.7
1562307469.79 53.7
1562307479.81 53.7
1562307489.83 53.7
1562307499.85 53.7
1562307509.87 53.7
1562307519.88 54.2
1562307529.9 53.7
1562307539.92 53.7
1562307549.94 53.7
1562307559.96 54.2
1562307569.98 53.7
1562307579.99 53.7
1562307590.01 53.7
1562307600.03 53.7
1562307610.05 53.7
1562307620.07 53.7
1562307630.09 53.7
1562307640.1 54.2
1562307650.12 53.7
1562307660.14 53.7
1562307670.16 53.2
1562307680.18 53.7
1562307690.2 53.7
1562307700.22 53.7
1562307710.24 53.7
1562307720.25 53.7
1562307730.27 53.7
1562307740.29 53.7
1562307750.31 53.7
1562307760.33 54.2
1562307770.35 53.7
1562307780.37 53.7
1562307790.39 54.2
1562307800.41 53.7
1562307810.43 53.7
1562307820.45 53.7
1562307830.47 53.7
1562307840.49 53.7
1562307850.51 54.8
1562307860.53 53.7
1562307870.54 53.7
1562307880.56 53.7
1562307890.58 53.7
1562307900.6 54.2
1562307910.62 53.7
1562307920.64 53.7
1562307930.66 53.7
1562307940.68 53.7
1562307950.7 53.7
1562307960.72 53.7
1562307970.74 53.7
1562307980.75 53.7
1562307990.77 53.7
1562308000.79 53.2
1562308010.81 53.7
1562308020.83 53.2
1562308030.84 53.7
1562308040.86 53.7
1562308050.88 54.8
1562308060.9 53.7
1562308070.92 53.7
1562308080.94 53.7
1562308090.96 54.2
1562308100.98 53.7
1562308110.99 53.7
1562308121.01 53.7
1562308131.03 53.7
1562308141.05 53.7
1562308151.06 53.7
1562308161.09 53.7
1562308171.11 53.2
1562308181.13 53.7
1562308191.14 53.7
1562308201.16 53.7
1562308211.17 53.7
1562308221.19 53.7
1562308231.21 53.7
1562308241.22 53.7
1562308251.24 53.7
1562308261.27 53.7
1562308271.29 53.7
1562308281.3 54.8
1562308291.32 53.7
1562308301.34 53.2
1562308311.36 53.7
1562308321.38 53.7
1562308331.39 54.2
1562308341.42 53.7
1562308351.44 53.7
1562308361.45 53.7
1562308371.47 53.7
1562308381.49 54.2
1562308391.51 53.7
1562308401.53 53.7
1562308411.54 54.2
1562308421.56 53.7
1562308431.58 53.7
1562308441.6 53.2
1562308451.62 53.2
1562308461.64 53.7
1562308471.66 53.7
1562308481.67 53.2
1562308491.69 53.7
1562308501.71 54.2
1562308511.73 53.7
1562308521.75 53.7
1562308531.76 53.7
1562308541.78 53.7
1562308551.8 53.7
1562308561.82 53.7
1562308571.84 53.7
1562308581.86 54.2
1562308591.88 53.7
1562308601.9 53.7
1562308611.92 53.7
1562308621.94 53.2
1562308631.96 53.7
1562308641.98 53.7
1562308652.0 53.7
1562308662.02 53.7
1562308672.04 53.7
1562308682.06 53.2
1562308692.08 53.7
1562308702.1 53.7
1562308712.14 53.7
1562308722.16 53.7
1562308732.18 53.7
1562308742.2 53.7
1562308752.22 53.7
1562308762.24 53.7
1562308772.26 53.7
1562308782.28 53.7
1562308792.3 53.7
1562308802.32 53.7
1562308812.34 53.7
1562308822.36 53.7
1562308832.38 53.2
1562308842.4 53.7
1562308852.42 53.7
1562308862.44 53.7
1562308872.45 53.7
1562308882.47 54.2
1562308892.49 53.7
1562308902.51 53.7
1562308912.51 54.8
1562308922.53 53.7
1562308932.55 53.7
1562308942.57 53.7
1562308952.6 53.7
1562308962.62 53.2
1562308972.64 53.2
1562308982.66 53.7
1562308992.68 52.6
1562309002.69 53.7
1562309012.71 53.7
1562309022.73 53.2
1562309032.75 53.2
1562309042.77 53.7
1562309052.78 53.7
1562309062.8 53.7
1562309072.82 53.7
1562309082.84 53.7
1562309092.85 54.8
1562309102.86 53.7
1562309112.88 53.7
1562309122.89 54.2
1562309132.91 53.7
1562309142.93 54.2
1562309152.95 53.2
1562309162.97 54.2
1562309172.98 53.7
1562309183.0 54.2
1562309193.02 53.7
1562309203.04 53.2
1562309213.06 53.7
1562309223.08 54.2
1562309233.09 53.7
1562309243.11 53.7
1562309253.13 53.7
1562309263.15 54.2
1562309273.16 54.2
1562309283.18 53.7
1562309293.19 54.2
1562309303.21 53.7
1562309313.23 53.7
1562309323.25 53.7
1562309333.26 53.7
1562309343.28 53.7
1562309353.29 53.7
1562309363.31 53.7
1562309373.33 53.7
1562309383.35 53.7
1562309393.37 54.2
1562309403.39 53.7
1562309413.41 53.7
1562309423.42 54.2
1562309433.43 54.8
1562309443.45 54.2
1562309453.48 53.7
1562309463.49 53.7
1562309473.51 54.2
1562309483.52 53.7
1562309493.54 53.7
1562309503.56 53.2
1562309513.57 53.7
1562309523.59 53.7
1562309533.6 54.2
1562309543.61 53.7
1562309553.63 54.2
1562309563.64 54.2
1562309573.66 54.8
1562309583.67 54.8
1562309593.69 53.7
1562309603.71 53.7
1562309613.73 53.7
1562309623.75 53.7
1562309633.77 53.7
1562309643.79 54.2
1562309653.81 53.7
1562309663.83 54.8
1562309673.85 54.8
1562309683.87 53.7
1562309693.89 53.7
1562309703.91 53.7
1562309713.93 54.2
1562309723.95 54.2
1562309733.97 54.2
1562309743.99 54.2
1562309754.01 54.8
1562309764.03 53.7
1562309774.05 54.2
1562309784.07 53.7
1562309794.09 53.7
1562309804.11 53.7
1562309814.13 53.7
1562309824.15 53.7
1562309834.17 53.7
1562309844.19 53.7
1562309854.21 54.2
1562309864.24 53.7
1562309874.25 53.7
1562309884.27 54.8
1562309894.28 54.2
1562309904.3 53.7
1562309914.32 53.7
1562309924.34 54.2
1562309934.36 54.2
1562309944.38 54.2
1562309954.4 53.7
1562309964.42 53.7
1562309974.44 53.7
1562309984.46 53.7
1562309994.49 53.7
1562310004.51 53.7
1562310014.52 54.8
1562310024.54 53.7
1562310034.56 53.7
1562310044.58 54.2
1562310054.59 53.7
1562310064.61 53.7
1562310074.63 53.7
1562310084.65 53.7
1562310094.67 53.7
1562310104.68 53.7
1562310114.7 53.7
1562310124.73 53.7
1562310134.75 53.7
1562310144.78 53.7
1562310154.8 53.7
1562310164.81 54.2
1562310174.83 53.7
1562310184.86 53.2
1562310194.88 53.7
1562310204.91 53.7
1562310214.93 53.7
1562310224.95 53.7
1562310234.97 53.7
1562310244.99 53.7
1562310255.01 53.7
1562310265.02 54.2
1562310275.03 54.2
1562310285.05 53.7
1562310295.07 53.7
1562310305.08 53.2
1562310315.11 52.6
1562310325.13 53.7
1562310335.15 53.7
1562310345.17 52.6
1562310355.19 53.7
1562310365.21 53.7
1562310375.23 53.7
1562310385.25 53.2
1562310395.26 53.7
1562310405.28 53.7
1562310415.3 53.7
1562310425.32 53.7
1562310435.33 53.7
1562310445.36 53.7
1562310455.38 53.7
1562310465.4 53.7
1562310475.42 54.2
1562310485.44 53.7
1562310495.46 53.7
1562310505.48 53.7
1562310515.49 53.2
1562310525.51 53.7
1562310535.53 53.7
1562310545.54 53.7
1562310555.56 54.2
1562310565.58 54.2
1562310575.59 53.7
1562310585.61 53.7
1562310595.63 53.7
1562310605.65 53.7
1562310615.66 54.2
1562310625.68 53.2
1562310635.7 53.7
1562310645.71 53.7
1562310655.73 53.7
1562310665.75 54.2
1562310675.77 53.7
1562310685.78 53.7
1562310695.79 53.7
1562310705.81 53.7
1562310715.83 53.7
1562310725.85 53.7
1562310735.86 53.7
1562310745.88 53.7
1562310755.9 53.7
1562310765.92 53.7
1562310775.93 54.8
1562310785.95 53.7
1562310795.97 54.2
1562310805.99 53.7
1562310816.01 53.2
1562310826.03 53.7
1562310836.05 53.7
1562310846.07 53.7
1562310856.09 53.7
1562310866.11 53.7
1562310876.14 53.7
1562310886.16 53.2
1562310896.17 53.7
1562310906.19 53.7
1562310916.21 54.2
1562310926.23 53.7
1562310936.25 53.7
1562310946.27 53.7
1562310956.29 53.7
1562310966.31 53.7
1562310976.33 53.7
1562310986.35 53.7
1562310996.37 53.7
1562311006.39 53.2
1562311016.41 53.7
1562311026.43 53.7
1562311036.45 53.7
1562311046.47 53.7
1562311056.48 53.7
1562311066.5 53.7
1562311076.52 54.2
1562311086.54 53.7
1562311096.56 53.7
1562311106.57 54.2
1562311116.59 53.2
1562311126.61 53.2
1562311136.63 53.7
1562311146.65 53.2
1562311156.67 53.7
1562311166.69 53.2
1562311176.71 53.7
1562311186.74 53.2
1562311196.76 53.7
1562311206.78 54.2
1562311216.8 53.7
1562311226.82 53.7
1562311236.84 53.2
1562311246.86 53.2
1562311256.87 53.7
1562311266.89 52.6
1562311276.91 53.2
1562311286.93 52.6
1562311296.95 53.7
1562311306.97 52.6
1562311316.99 52.6
1562311327.01 52.6
1562311337.03 52.6
1562311347.05 52.6
1562311357.07 53.7
1562311367.09 53.7
1562311377.11 53.7
1562311387.13 53.2
1562311397.15 53.2
1562311407.17 53.7
1562311417.19 53.7
1562311427.2 53.7
1562311437.22 53.2
1562311447.24 53.7
1562311457.26 52.6
1562311467.28 53.2
1562311477.3 53.7
1562311487.32 53.7
1562311497.34 53.7
1562311507.36 53.7
1562311517.38 53.7
1562311527.4 53.7
1562311537.42 54.2
1562311547.44 53.7
1562311557.46 53.7
1562311567.48 53.2
1562311577.5 53.2
1562311587.52 53.7
1562311597.54 52.6
1562311607.56 53.2
1562311617.59 53.2
1562311627.61 52.6
1562311637.63 52.6
1562311647.65 52.6
1562311657.67 53.2
1562311667.69 52.6
1562311677.71 53.2
1562311687.73 53.2
1562311697.75 52.6
1562311707.77 53.2
1562311717.79 52.6
1562311727.81 53.7
1562311737.83 53.2
1562311747.85 52.6
1562311757.87 52.6
1562311767.89 52.6
1562311777.92 52.6
1562311787.94 52.6
1562311797.96 53.2
1562311807.98 52.6
1562311818.0 53.2
1562311828.02 53.2
1562311838.04 52.6
1562311848.07 52.6
1562311858.08 53.7
1562311868.11 53.7
1562311878.12 53.2
1562311888.14 52.6
1562311898.16 52.6
1562311908.17 53.7
1562311918.2 52.6
1562311928.22 53.2
1562311938.24 52.6
1562311948.26 52.6
1562311958.28 53.2
1562311968.29 52.6
1562311978.31 52.6
1562311988.33 53.2
1562311998.35 52.6
1562312008.36 53.7
1562312018.38 53.2
1562312028.4 53.2
1562312038.42 53.7
1562312048.44 53.2
1562312058.46 52.6
1562312068.47 53.2
1562312078.49 53.7
1562312088.51 53.7
1562312098.53 53.2
1562312108.56 52.6
1562312118.58 52.6
1562312128.6 53.2
1562312138.62 53.7
1562312148.64 53.2
1562312158.67 53.2
1562312168.69 52.6
1562312178.7 53.2
1562312188.72 53.2
1562312198.74 52.6
1562312208.76 52.6
1562312218.79 52.6
1562312228.81 52.6
1562312238.82 53.7
1562312248.84 53.2
1562312258.86 52.6
1562312268.88 52.6
1562312278.9 53.7
1562312288.92 52.6
1562312298.94 53.7
1562312308.96 53.7
1562312318.98 53.7
1562312329.0 53.2
1562312339.02 52.6
1562312349.04 53.2
1562312359.06 53.2
1562312369.08 53.2
1562312379.1 52.6
1562312389.12 53.2
1562312399.14 52.6
1562312409.16 52.6
1562312419.2 52.6
1562312429.22 52.6
1562312439.24 53.2
1562312449.26 53.2
1562312459.28 53.2
1562312469.3 52.6
1562312479.32 52.6
1562312489.34 53.7
1562312499.36 53.2
1562312509.38 52.6
1562312519.4 53.2
1562312529.42 53.2
1562312539.44 52.6
1562312549.46 53.2
1562312559.48 52.6
1562312569.5 53.2
1562312579.53 52.6
1562312589.55 52.6
1562312599.56 53.2
1562312609.58 52.6
1562312619.6 52.6
1562312629.62 52.6
1562312639.64 52.6
1562312649.66 52.6
1562312659.68 53.2
1562312669.71 53.2
1562312679.73 53.2
1562312689.75 52.6
1562312699.77 53.2
1562312709.79 53.2
1562312719.81 52.6
1562312729.84 53.2
1562312739.85 53.7
1562312749.87 53.7
1562312759.88 53.7
1562312769.91 53.7
1562312779.92 53.7
1562312789.94 52.6
1562312799.96 53.7
1562312809.98 53.7
1562312820.0 53.7
1562312830.02 53.7
1562312840.04 53.7
1562312850.06 53.7
1562312860.08 53.2
1562312870.1 53.7
1562312880.12 53.7
1562312890.14 53.7
1562312900.15 53.7
1562312910.17 53.7
1562312920.19 53.2
1562312930.21 52.6
1562312940.23 53.2
1562312950.25 53.7
1562312960.26 54.2
1562312970.27 53.7
1562312980.29 53.7
1562312990.3 53.7
1562313000.32 54.2
1562313010.34 53.2
1562313020.35 53.7
1562313030.36 53.2
1562313040.38 53.7
1562313050.4 53.7
1562313060.41 53.7
1562313070.43 54.8
1562313080.44 53.7
1562313090.46 54.2
1562313100.47 53.7
1562313110.48 54.8
1562313120.5 53.7
1562313130.52 53.7
1562313140.53 53.7
1562313150.55 53.7
1562313160.57 53.7
1562313170.59 53.2
1562313180.61 53.7
1562313190.62 53.7
1562313200.65 53.7
1562313210.66 53.2
1562313220.67 54.2
1562313230.69 54.2
1562313240.7 53.7
1562313250.72 54.2
1562313260.74 53.7
1562313270.76 53.7
1562313280.78 53.7
1562313290.79 53.7
1562313300.81 53.7
1562313310.83 53.7
1562313320.84 53.7
1562313330.85 53.7
1562313340.87 53.7
1562313350.89 53.7
1562313360.9 53.7
1562313370.92 54.2
1562313380.94 53.7
1562313390.95 54.2
1562313400.96 54.2
1562313410.98 54.2
1562313421.0 53.7
1562313431.02 53.7
1562313441.04 53.7
1562313451.05 53.7
1562313461.07 53.7
1562313471.08 54.8
1562313481.09 54.2
1562313491.11 53.7
1562313501.13 53.7
1562313511.14 53.7
1562313521.16 53.7
1562313531.17 54.2
1562313541.19 53.7
1562313551.21 53.7
1562313561.22 53.7
1562313571.24 53.7
1562313581.25 53.7
1562313591.27 53.7
1562313601.28 54.2
1562313611.3 53.7
1562313621.32 53.7
1562313631.33 54.2
1562313641.35 54.8
1562313651.36 53.7
1562313661.38 53.2
1562313671.4 53.7
1562313681.42 53.7
1562313691.43 53.7
1562313701.44 53.7
1562313711.46 52.6
1562313721.48 53.2
1562313731.49 53.7
1562313741.5 53.2
1562313751.52 52.6
1562313761.54 53.7
1562313771.55 53.2
1562313781.57 53.2
1562313791.59 52.6
1562313801.6 53.7
1562313811.62 53.2
1562313821.64 53.2
1562313831.65 53.2
1562313841.67 52.6
1562313851.68 53.2
1562313861.7 52.6
1562313871.72 53.7
1562313881.73 53.7
1562313891.75 53.2
1562313901.77 53.2
1562313911.78 52.6
1562313921.8 53.7
1562313931.81 53.7
1562313941.83 53.7
1562313951.84 53.7
1562313961.86 52.6
1562313971.87 53.2
1562313981.89 53.2
1562313991.91 53.7
1562314001.93 53.2
1562314011.94 52.6
1562314021.95 53.2
1562314031.97 53.7
1562314041.98 53.7
1562314052.0 52.6
1562314062.01 52.6
1562314072.03 53.2
1562314082.05 53.7
1562314092.07 53.7
1562314102.09 53.2
1562314112.11 53.2
1562314122.12 53.2
1562314132.13 53.7
1562314142.15 52.6
1562314152.16 53.7
1562314162.18 53.7
1562314172.2 53.7
1562314182.21 54.2
1562314192.23 53.7
1562314202.24 53.7
1562314212.25 53.7
1562314222.27 53.7
1562314232.29 53.7
1562314242.31 53.2
1562314252.32 53.2
1562314262.34 53.2
1562314272.36 53.2
1562314282.37 53.7
1562314292.38 53.7
1562314302.4 53.7
1562314312.42 52.6
1562314322.43 53.7
1562314332.44 52.6
1562314342.46 52.6
1562314352.48 53.7
1562314362.5 52.6
1562314372.51 53.2
1562314382.53 53.7
1562314392.54 53.2
1562314402.56 52.6
1562314412.58 53.7
1562314422.59 53.2
1562314432.61 53.7
1562314442.62 54.2
1562314452.64 53.7
1562314462.65 53.7
1562314472.67 53.7
1562314482.68 53.7
1562314492.7 53.7
1562314502.72 53.7
1562314512.74 54.2
1562314522.75 53.7
1562314532.77 53.7
1562314542.79 53.2
1562314552.8 54.2
1562314562.82 54.2
1562314572.83 53.2
1562314582.85 53.7
1562314592.87 53.7
1562314602.89 53.7
1562314612.9 53.7
1562314622.92 53.7
1562314632.94 53.7
1562314642.96 53.7
1562314652.97 53.2
1562314662.99 53.7
1562314673.01 53.2
1562314683.02 53.7
1562314693.03 53.7
1562314703.05 53.7
1562314713.06 53.7
1562314723.08 53.7
1562314733.1 53.2
1562314743.11 53.7
1562314753.13 53.7
1562314763.14 53.7
1562314773.16 53.2
1562314783.18 52.6
1562314793.19 53.7
1562314803.21 53.7
1562314813.23 52.6
1562314823.25 53.2
1562314833.26 53.2
1562314843.28 53.2
1562314853.3 52.6
1562314863.31 52.6
1562314873.33 53.2
1562314883.34 53.2
1562314893.36 53.7
1562314903.37 53.2
1562314913.39 53.2
1562314923.4 52.6
1562314933.42 52.6
1562314943.44 53.2
1562314953.45 53.2
1562314963.47 52.6
1562314973.49 53.7
1562314983.5 52.6
1562314993.52 53.2
1562315003.53 52.1
1562315013.55 53.2
1562315023.57 53.7
1562315033.58 53.7
1562315043.6 53.7
1562315053.61 53.7
1562315063.63 54.2
1562315073.64 53.7
1562315083.66 52.6
1562315093.68 53.7
1562315103.69 53.7
1562315113.71 53.2
1562315123.73 53.7
1562315133.74 53.2
1562315143.76 53.2
1562315153.78 54.2
1562315163.79 53.7
1562315173.82 53.2
1562315183.84 53.7
1562315193.85 52.6
1562315203.87 53.7
1562315213.89 53.2
1562315223.91 53.2
1562315233.93 52.6
1562315243.95 52.6
1562315253.96 52.6
1562315263.97 53.2
1562315273.99 53.2
1562315284.01 53.7
1562315294.04 52.6
1562315304.06 53.2
1562315314.08 53.2
1562315324.1 53.7
1562315334.12 53.2
1562315344.15 53.2
1562315354.17 53.2
1562315364.18 52.6
1562315374.2 53.2
1562315384.22 52.6
1562315394.24 53.7
1562315404.25 53.2
1562315414.26 52.6
1562315424.28 52.6
1562315434.3 52.6
1562315444.31 53.2
1562315454.33 52.6
1562315464.34 53.2
1562315474.36 53.7
1562315484.38 52.6
1562315494.39 53.2
1562315504.41 52.6
1562315514.42 52.6
1562315524.44 53.2
1562315534.46 53.7
1562315544.47 53.2
1562315554.49 53.2
1562315564.51 53.2
1562315574.53 52.6
1562315584.54 53.7
1562315594.56 53.2
1562315604.57 52.6
1562315614.59 52.6
1562315624.61 52.6
1562315634.62 52.6
1562315644.64 52.6
1562315654.66 53.2
1562315664.68 52.6
1562315674.7 52.6
1562315684.72 53.7
1562315694.73 53.7
1562315704.75 52.6
1562315714.76 53.7
1562315724.79 52.6
1562315734.8 53.2
1562315744.81 53.7
1562315754.83 53.7
1562315764.85 53.7
1562315774.87 53.2
1562315784.88 53.7
1562315794.9 53.7
1562315804.92 53.2
1562315814.94 53.2
1562315824.96 53.7
1562315834.98 53.2
1562315845.0 52.6
1562315855.02 53.7
1562315865.04 53.2
1562315875.06 53.2
1562315885.08 52.6
1562315895.1 52.6
1562315905.11 53.2
1562315915.13 52.6
1562315925.16 53.2
1562315935.18 53.2
1562315945.19 52.6
1562315955.21 52.6
1562315965.22 53.7
1562315975.24 52.6
1562315985.26 52.6
1562315995.27 52.6
1562316005.29 53.2
1562316015.31 53.7
1562316025.33 53.7
1562316035.35 53.2
1562316045.37 53.7
1562316055.38 53.2
1562316065.4 53.7
1562316075.41 53.2
1562316085.43 53.2
1562316095.44 53.2
1562316105.46 53.2
1562316115.47 53.7
1562316125.48 53.7
1562316135.49 54.2
1562316145.51 53.7
1562316155.53 52.6
1562316165.54 53.2
1562316175.56 53.7
1562316185.57 53.7
1562316195.59 52.6
1562316205.6 53.7
1562316215.62 53.7
1562316225.63 54.8
1562316235.66 53.7
1562316245.67 53.7
1562316255.69 53.7
1562316265.71 53.7
1562316275.72 53.7
1562316285.74 54.2
1562316295.75 53.7
1562316305.77 54.8
1562316315.78 53.7
1562316325.8 54.2
1562316335.81 53.7
1562316345.83 53.7
1562316355.85 53.7
1562316365.86 54.8
1562316375.88 53.7
1562316385.89 53.7
1562316395.91 53.7
1562316405.93 53.7
1562316415.94 54.2
1562316425.96 53.7
1562316435.98 53.7
1562316445.99 53.7
1562316456.0 54.8
1562316466.01 53.7
1562316476.03 53.7
1562316486.04 54.8
1562316496.06 53.7
1562316506.07 53.7
1562316516.08 54.8
1562316526.1 53.7
1562316536.11 53.7
1562316546.13 53.7
1562316556.15 54.8
1562316566.16 54.2
1562316576.18 54.2
1562316586.2 54.2
1562316596.21 53.7
1562316606.23 54.8
1562316616.25 54.8
1562316626.27 54.2
1562316636.29 53.7
1562316646.3 54.2
1562316656.32 53.7
1562316666.34 53.7
1562316676.36 54.2
1562316686.38 53.7
1562316696.39 54.2
1562316706.41 53.7
1562316716.42 54.2
1562316726.44 53.7
1562316736.45 54.2
1562316746.47 53.7
1562316756.49 54.8
1562316766.51 54.2
1562316776.53 53.7
1562316786.54 54.8
1562316796.56 54.2
1562316806.58 54.2
1562316816.6 54.8
1562316826.62 54.8
1562316836.63 53.7
1562316846.66 53.7
1562316856.67 54.8
1562316866.69 54.2
1562316876.71 53.7
1562316886.73 53.7
1562316896.74 54.8
1562316906.76 54.2
1562316916.78 54.2
1562316926.8 53.7
1562316936.82 54.8
1562316946.84 54.2
1562316956.86 54.8
1562316966.88 54.2
1562316976.9 54.2
1562316986.91 53.7
1562316996.94 53.7
1562317006.95 53.7
1562317016.97 53.7
1562317026.99 53.7
1562317037.01 53.7
1562317047.02 53.7
1562317057.04 54.2
1562317067.05 53.7
1562317077.07 53.7
1562317087.09 54.8
1562317097.11 54.8
1562317107.13 53.7
1562317117.15 54.2
1562317127.16 54.2
1562317137.18 54.2
1562317147.19 53.7
1562317157.21 53.7
1562317167.22 53.7
1562317177.24 53.7
1562317187.25 53.7
1562317197.27 53.7
1562317207.29 53.7
1562317217.31 53.7
1562317227.33 53.7
1562317237.36 53.2
1562317247.37 54.2
1562317257.38 54.2
1562317267.4 53.7
1562317277.42 53.7
1562317287.43 53.7
1562317297.45 53.7
1562317307.47 53.7
1562317317.49 52.6
1562317327.5 53.7
1562317337.52 53.2
1562317347.54 53.2
1562317357.55 53.7
1562317367.57 53.2
1562317377.59 53.7
1562317387.61 53.7
1562317397.63 53.2
1562317407.65 52.6
1562317417.67 53.2
1562317427.68 53.7
1562317437.7 53.7
1562317447.72 53.7
1562317457.74 52.6
1562317467.76 53.7
1562317477.77 52.6
1562317487.79 53.2
1562317497.81 53.7
1562317507.83 52.6
1562317517.84 53.2
1562317527.86 52.6
1562317537.88 52.6
1562317547.9 53.2
1562317557.92 52.6
1562317567.94 53.2
1562317577.96 53.2
1562317587.98 52.6
1562317598.0 53.2
1562317608.02 53.2
1562317618.04 52.1
1562317628.07 52.6
1562317638.08 52.6
1562317648.1 52.6
1562317658.12 52.6
1562317668.14 52.6
1562317678.16 52.6
1562317688.18 53.7
1562317698.2 53.2
1562317708.22 52.6
1562317718.25 52.6
1562317728.27 53.7
1562317738.29 52.6
1562317748.31 52.6
1562317758.33 53.2
1562317768.35 53.2
1562317778.37 53.2
1562317788.39 53.2
1562317798.41 53.7
1562317808.43 53.2
1562317818.44 53.7
1562317828.46 53.7
1562317838.48 53.7
1562317848.5 53.2
1562317858.51 53.2
1562317868.53 53.2
1562317878.55 53.2
1562317888.57 53.2
1562317898.58 53.7
1562317908.61 53.7
1562317918.63 53.2
1562317928.65 53.2
1562317938.67 53.7
1562317948.69 53.7
1562317958.71 53.7
1562317968.72 54.2
1562317978.73 54.2
1562317988.75 53.7
1562317998.78 53.7
1562318008.79 54.2
1562318018.81 53.7
1562318028.83 53.7
1562318038.85 53.7
1562318048.88 54.2
1562318058.89 54.2
1562318068.91 53.7
1562318078.93 53.7
1562318088.95 53.7
1562318098.97 53.7
1562318108.99 54.2
1562318119.01 54.8
1562318129.02 54.8
1562318139.04 54.8
1562318149.06 53.7
1562318159.08 54.2
1562318169.1 53.7
1562318179.12 53.7
1562318189.14 53.7
1562318199.17 53.7
1562318209.18 54.2
1562318219.2 53.7
1562318229.22 54.2
1562318239.24 54.2
1562318249.26 53.7
1562318259.28 54.2
1562318269.3 54.2
1562318279.32 53.7
1562318289.33 53.7
1562318299.35 53.2
1562318309.37 53.7
1562318319.39 53.7
1562318329.41 52.6
1562318339.42 54.2
1562318349.44 53.7
1562318359.45 53.7
1562318369.48 53.7
1562318379.49 54.2
1562318389.51 53.7
1562318399.54 53.7
1562318409.56 53.7
1562318419.58 53.7
1562318429.6 53.7
1562318439.61 54.2
1562318449.63 53.7
1562318459.65 53.7
1562318469.67 53.7
1562318479.69 54.2
1562318489.7 53.7
1562318499.71 53.7
1562318509.73 53.7
1562318519.74 53.7
1562318529.76 53.7
1562318539.78 53.2
1562318549.79 53.7
1562318559.81 53.7
1562318569.82 53.7
1562318579.84 53.7
1562318589.85 53.7
1562318599.87 53.7
1562318609.89 53.7
1562318619.91 53.7
1562318629.93 53.7
1562318639.95 53.7
1562318649.95 53.7
1562318659.97 53.7
1562318669.99 53.7
1562318680.02 53.7
1562318690.03 54.2
1562318700.06 53.7
1562318710.08 54.2
1562318720.1 53.7
1562318730.11 54.8
1562318740.13 54.2
1562318750.15 54.2
1562318760.17 53.7
1562318770.19 53.7
1562318780.21 54.8
1562318790.23 54.2
1562318800.25 54.8
1562318810.28 54.2
1562318820.3 53.7
1562318830.32 53.7
1562318840.33 54.8
1562318850.35 53.7
1562318860.37 53.2
1562318870.39 53.7
1562318880.41 54.8
1562318890.43 54.2
1562318900.45 54.2
1562318910.47 53.7
1562318920.48 54.2
1562318930.5 54.2
1562318940.52 53.7
1562318950.54 53.7
1562318960.56 54.2
1562318970.58 54.8
1562318980.6 53.7
1562318990.62 53.7
1562319000.64 53.7
1562319010.67 54.2
1562319020.69 54.8
1562319030.7 55.3
1562319040.72 54.8
1562319050.74 54.8
1562319060.76 54.2
1562319070.78 54.8
1562319080.81 54.8
1562319090.83 53.7
1562319100.84 54.8
1562319110.86 54.8
1562319120.87 54.8
1562319130.88 54.8
1562319140.9 54.8
1562319150.92 54.8
1562319160.93 54.8
1562319170.95 54.2
1562319180.97 54.8
1562319190.98 55.3
1562319201.0 54.2
1562319211.03 54.2
1562319221.04 54.2
1562319231.07 54.8
1562319241.09 54.8
1562319251.11 54.2
1562319261.12 54.8
1562319271.14 54.2
1562319281.16 54.8
1562319291.18 54.2
1562319301.19 55.3
1562319311.22 53.7
1562319321.23 54.8
1562319331.25 54.8
1562319341.27 54.2
1562319351.3 53.7
1562319361.32 54.2
1562319371.34 54.2
1562319381.36 53.7
1562319391.38 54.2
1562319401.4 53.7
1562319411.41 55.3
1562319421.43 54.8
1562319431.45 54.8
1562319441.47 53.7
1562319451.48 54.2
1562319461.5 54.2
1562319471.52 54.8
1562319481.54 53.7
1562319491.56 54.8
1562319501.58 54.8
1562319511.59 54.2
1562319521.61 53.7
1562319531.63 54.2
1562319541.65 53.7
1562319551.67 54.2
1562319561.69 53.7
1562319571.71 54.2
1562319581.73 53.7
1562319591.74 54.8
1562319601.76 54.2
1562319611.78 55.3
1562319621.8 54.8
1562319631.82 54.8
1562319641.84 54.2
1562319651.86 54.8
1562319661.88 54.2
1562319671.9 53.7
1562319681.92 53.7
1562319691.94 55.8
1562319701.95 55.3
1562319711.97 54.8
1562319721.99 54.8
1562319732.01 54.8
1562319742.03 54.8
1562319752.05 54.2
1562319762.07 54.8
1562319772.09 53.7
1562319782.11 54.2
1562319792.13 54.8
1562319802.15 54.2
1562319812.17 54.2
1562319822.18 54.8
1562319832.2 54.2
1562319842.22 53.7
1562319852.24 54.8
1562319862.26 54.2
1562319872.28 54.2
1562319882.3 54.2
1562319892.31 55.3
1562319902.33 54.8
1562319912.35 54.2
1562319922.37 54.8
1562319932.39 54.2
1562319942.4 54.2
1562319952.43 53.7
1562319962.45 54.2
1562319972.47 54.2
1562319982.48 54.8
1562319992.5 54.8
1562320002.52 53.7
1562320012.54 54.2
1562320022.56 53.7
1562320032.58 54.8
1562320042.6 54.8
1562320052.62 54.8
1562320062.64 54.8
1562320072.65 54.8
1562320082.67 54.8
1562320092.69 54.8
1562320102.71 54.2
1562320112.73 54.2
1562320122.75 53.7
1562320132.77 53.7
1562320142.78 54.8
1562320152.81 54.2
1562320162.82 53.7
1562320172.84 53.7
1562320182.86 54.2
1562320192.88 54.2
1562320202.89 54.2
1562320212.92 53.7
1562320222.94 53.7
1562320232.96 53.7
1562320242.98 53.7
1562320253.0 53.7
1562320263.02 54.2
1562320273.04 53.7
1562320283.06 54.2
1562320293.08 54.2
1562320303.1 54.2
1562320313.12 54.8
1562320323.13 53.7
1562320333.14 54.8
1562320343.16 54.8
1562320353.18 54.8
1562320363.19 54.8
1562320373.21 54.2
1562320383.23 54.2
1562320393.24 54.2
1562320403.26 54.8
1562320413.29 53.7
1562320423.3 54.8
1562320433.32 54.2
1562320443.34 54.8
1562320453.35 54.8
1562320463.37 54.2
1562320473.39 54.8
1562320483.4 55.3
1562320493.42 55.3
1562320503.43 55.3
1562320513.45 54.8
1562320523.47 55.8
1562320533.49 54.8
1562320543.5 54.2
1562320553.52 55.3
1562320563.54 53.7
1562320573.55 54.2
1562320583.56 54.8
1562320593.57 54.8
1562320603.59 54.8
1562320613.61 54.8
1562320623.62 54.8
1562320633.64 53.7
1562320643.66 54.2
1562320653.68 54.2
1562320663.7 53.7
1562320673.72 54.2
1562320683.73 54.2
1562320693.75 54.8
1562320703.77 53.7
1562320713.78 54.8
1562320723.8 54.8
1562320733.82 53.7
1562320743.84 53.7
1562320753.86 54.2
1562320763.88 53.7
1562320773.9 54.8
1562320783.91 54.8
1562320793.93 54.8
