1562500003.14 58.0
1562500013.16 57.5
1562500023.18 56.9
1562500033.2 58.0
1562500043.22 56.4
1562500053.24 56.9
1562500063.26 57.5
1562500073.27 56.9
1562500083.3 57.5
1562500093.32 56.9
1562500103.34 56.9
1562500113.36 56.9
1562500123.38 56.9
1562500133.4 56.9
1562500143.42 56.9
1562500153.44 56.9
1562500163.47 56.9
1562500173.48 56.9
1562500183.51 56.9
1562500193.53 57.5
1562500203.54 56.4
1562500213.57 57.5
1562500223.59 57.5
1562500233.61 56.9
1562500243.62 56.9
1562500253.64 58.0
1562500263.66 56.9
1562500273.68 56.9
1562500283.7 57.5
1562500293.71 58.0
1562500303.73 57.5
1562500313.74 58.0
1562500323.76 58.0
1562500333.77 58.0
1562500343.78 58.0
1562500353.8 58.0
1562500363.82 57.5
1562500373.84 58.0
1562500383.86 58.0
1562500393.88 58.0
1562500403.9 58.0
1562500413.92 58.0
1562500423.93 58.0
1562500433.95 58.0
1562500443.97 58.5
1562500453.98 58.5
1562500464.0 58.5
1562500474.02 58.0
1562500484.03 58.0
1562500494.05 57.5
1562500504.07 58.0
1562500514.09 58.0
1562500524.11 57.5
1562500534.13 58.0
1562500544.14 58.0
1562500554.16 58.0
1562500564.17 58.5
1562500574.19 58.0
1562500584.21 57.5
1562500594.23 58.0
1562500604.25 58.0
1562500614.26 58.0
1562500624.28 58.0
1562500634.3 58.0
1562500644.33 58.0
1562500654.34 58.0
1562500664.37 58.0
1562500674.38 58.0
1562500684.4 58.0
1562500694.42 58.0
1562500704.44 58.0
1562500714.46 58.0
1562500724.48 56.9
1562500734.51 58.0
1562500744.52 58.0
1562500754.54 57.5
1562500764.57 58.0
1562500774.58 58.0
1562500784.6 58.0
1562500794.61 58.0
