1562100005.67 73.6
1562100015.68 73.6
1562100025.7 73.6
1562100035.72 73.6
1562100045.73 74.1
1562100055.74 74.1
1562100065.76 73.6
1562100075.77 74.1
1562100085.79 74.1
1562100095.8 73.6
1562100105.81 73.1
1562100115.83 74.1
1562100125.83 73.6
1562100135.85 73.6
1562100145.87 73.6
1562100155.89 74.1
1562100165.91 74.1
1562100175.92 74.1
1562100185.93 74.1
1562100195.94 74.1
1562100205.95 74.1
1562100215.97 75.2
1562100225.98 74.7
1562100236.0 75.2
1562100246.0 74.7
1562100256.02 74.1
1562100266.03 75.2
1562100276.05 74.1
1562100286.06 73.6
1562100296.08 74.1
1562100306.09 74.1
1562100316.1 74.1
1562100326.12 74.1
1562100336.14 74.7
1562100346.15 74.1
1562100356.16 75.2
1562100366.18 74.7
1562100376.19 74.1
1562100386.2 74.7
1562100396.22 74.1
1562100406.23 75.2
1562100416.24 75.2
1562100426.25 75.2
1562100436.27 75.2
1562100446.29 74.7
1562100456.29 75.2
1562100466.31 75.2
1562100476.32 75.2
1562100486.34 74.1
1562100496.36 74.1
1562100506.38 74.7
1562100516.39 75.2
1562100526.4 75.2
1562100536.49 75.8
1562100546.5 75.2
1562100556.51 75.2
1562100566.53 75.2
1562100576.54 75.2
1562100586.56 75.8
1562100596.57 75.8
1562100606.59 75.2
1562100616.6 76.3
1562100626.62 75.2
1562100636.64 75.8
1562100646.65 75.8
1562100656.67 75.8
1562100666.68 75.8
1562100676.7 75.2
1562100686.72 75.2
1562100696.73 75.8
1562100706.75 75.8
1562100716.76 75.2
1562100726.78 76.3
1562100736.78 75.2
1562100746.79 75.8
1562100756.83 75.8
1562100766.84 75.8
1562100776.86 76.3
1562100786.88 75.8
1562100796.89 76.3
1562100806.91 75.2
1562100816.92 75.8
1562100826.94 76.3
1562100836.95 76.3
1562100846.96 76.3
1562100856.97 75.8
1562100866.99 76.3
1562100877.01 75.8
1562100887.02 76.3
1562100897.04 75.8
1562100907.06 75.8
1562100917.07 75.8
1562100927.09 75.8
1562100937.11 76.3
1562100947.13 75.8
1562100957.15 75.2
1562100967.17 75.8
1562100977.18 75.8
1562100987.19 75.2
1562100997.2 75.2
1562101007.21 75.2
1562101017.22 75.2
1562101027.24 75.8
1562101037.25 75.2
1562101047.26 75.2
1562101057.27 74.7
1562101067.28 75.2
1562101077.29 75.2
1562101087.31 75.2
1562101097.32 75.2
1562101107.33 75.2
1562101117.35 75.2
1562101127.36 75.2
1562101137.38 74.7
1562101147.39 75.2
1562101157.41 75.2
1562101167.42 75.2
1562101177.44 75.2
1562101187.46 75.2
1562101197.48 74.7
