1562600009.66 74.7
1562600019.67 75.2
1562600029.69 74.1
1562600039.71 74.7
1562600049.73 74.1
1562600059.75 74.1
1562600069.78 74.1
1562600079.79 75.2
1562600089.81 75.2
1562600099.83 75.2
1562600109.85 74.7
1562600119.86 75.2
1562600129.88 75.2
1562600139.9 75.2
1562600149.91 75.2
1562600159.93 75.2
1562600169.95 75.2
1562600179.96 75.2
1562600189.98 75.2
1562600200.0 75.8
1562600210.02 75.2
1562600220.04 75.2
1562600230.06 76.3
1562600240.08 75.2
1562600250.09 75.2
1562600260.12 75.8
1562600270.13 75.8
1562600280.14 74.7
1562600290.16 75.2
1562600300.17 75.2
1562600310.19 75.2
1562600320.21 75.8
1562600330.22 75.2
1562600340.24 75.2
1562600350.26 75.8
1562600360.28 75.8
1562600370.29 75.2
1562600380.31 75.2
1562600390.33 75.8
1562600400.34 75.8
1562600410.36 75.8
1562600420.37 76.3
1562600430.39 75.2
1562600440.4 75.8
1562600450.43 75.2
1562600460.44 75.2
1562600470.46 75.8
1562600480.47 75.8
1562600490.49 75.8
1562600500.5 75.8
1562600510.52 76.3
1562600520.54 76.3
1562600530.55 76.3
1562600540.57 75.8
1562600550.59 75.8
1562600560.6 75.8
1562600570.62 76.3
1562600580.63 76.3
1562600590.65 75.8
1562600600.66 76.3
1562600610.68 76.3
1562600620.7 76.3
1562600630.71 76.3
1562600640.73 76.3
1562600650.74 76.8
1562600660.76 76.3
1562600670.77 76.3
1562600680.79 76.3
1562600690.81 76.3
1562600700.83 76.3
1562600710.85 76.3
1562600720.87 76.3
1562600730.89 76.8
1562600740.91 77.4
1562600750.93 77.4
1562600760.94 76.8
1562600770.96 77.4
1562600780.98 77.4
1562600791.0 77.4
1562600801.02 77.4
1562600811.03 77.9
1562600821.05 77.4
1562600831.07 77.9
1562600841.08 77.9
1562600851.09 77.9
1562600861.11 77.4
1562600871.13 77.4
1562600881.14 77.9
1562600891.16 77.9
1562600901.17 77.4
1562600911.19 77.4
1562600921.2 77.4
1562600931.22 77.4
1562600941.23 77.9
1562600951.24 77.9
1562600961.26 78.4
1562600971.27 77.9
1562600981.29 77.9
1562600991.31 77.9
1562601001.32 78.4
1562601011.34 77.9
1562601021.35 78.4
1562601031.37 78.4
1562601041.38 77.9
1562601051.4 77.9
1562601061.42 78.4
1562601071.44 78.4
1562601081.45 78.4
1562601091.47 79.0
1562601101.49 79.5
1562601111.51 79.0
1562601121.52 77.9
1562601131.54 77.9
1562601141.56 78.4
1562601151.58 78.4
1562601161.6 78.4
1562601171.62 77.9
1562601181.64 77.9
1562601191.65 77.9
1562601201.67 78.4
1562601211.69 78.4
1562601221.7 79.0
1562601231.72 79.0
1562601241.74 77.9
1562601251.76 78.4
1562601261.78 77.9
1562601271.8 77.9
1562601281.82 77.9
1562601291.84 77.4
1562601301.85 77.4
1562601311.87 77.9
1562601321.9 77.4
1562601331.92 77.4
1562601341.94 77.9
1562601351.95 77.4
1562601361.97 77.4
1562601371.99 77.4
1562601382.01 77.4
1562601392.03 77.4
1562601402.05 77.9
1562601412.06 77.4
1562601422.08 78.4
1562601432.1 78.4
1562601442.11 77.9
1562601452.13 77.9
1562601462.15 77.9
1562601472.17 77.9
1562601482.18 77.4
1562601492.2 77.9
1562601502.22 77.4
1562601512.24 77.9
1562601522.26 77.4
1562601532.27 77.4
1562601542.29 77.9
1562601552.31 77.4
1562601562.32 76.8
1562601572.34 77.9
1562601582.36 77.4
1562601592.37 77.4
1562601602.39 77.4
1562601612.41 80.1
1562601622.43 77.4
1562601632.44 77.9
1562601642.46 77.9
1562601652.48 77.9
1562601662.49 77.4
1562601672.51 76.8
1562601682.52 77.4
1562601692.54 77.4
1562601702.56 76.3
1562601712.57 76.8
1562601722.59 76.8
1562601732.61 76.8
1562601742.62 76.3
1562601752.64 76.8
1562601762.66 76.8
1562601772.67 76.3
1562601782.69 76.3
1562601792.71 76.8
1562601802.74 75.8
1562601812.75 76.3
1562601822.77 76.3
1562601832.79 75.8
1562601842.81 76.3
1562601852.83 75.8
1562601862.85 75.2
1562601872.86 75.8
1562601882.88 75.2
1562601892.9 75.2
1562601902.92 75.2
1562601912.93 74.7
1562601922.95 74.7
1562601932.97 74.1
1562601942.98 74.1
1562601953.01 74.1
1562601963.03 75.2
1562601973.04 74.1
1562601983.06 74.1
1562601993.09 73.6
1562602003.11 73.6
1562602013.13 73.6
1562602023.14 74.1
1562602033.16 74.7
1562602043.18 74.1
1562602053.19 74.1
1562602063.21 74.1
1562602073.24 74.1
1562602083.26 74.7
1562602093.27 74.1
1562602103.29 74.1
1562602113.31 74.1
1562602123.33 74.1
1562602133.35 73.6
1562602143.37 73.6
1562602153.39 73.1
1562602163.41 73.6
1562602173.43 73.1
1562602183.44 73.1
1562602193.47 73.1
1562602203.48 73.1
1562602213.5 72.0
1562602223.53 73.1
1562602233.55 72.5
1562602243.57 72.5
1562602253.59 72.5
1562602263.6 72.5
1562602273.62 73.1
1562602283.64 73.1
1562602293.66 73.1
1562602303.7 73.1
1562602313.72 73.1
1562602323.74 73.1
1562602333.76 73.1
1562602343.77 73.1
1562602353.79 73.1
1562602363.81 73.1
1562602373.82 73.6
1562602383.84 73.1
1562602393.86 73.1
1562602403.88 73.1
1562602413.89 73.6
1562602423.91 73.6
1562602433.93 73.6
1562602443.95 73.1
1562602453.97 73.6
1562602463.98 73.6
1562602474.0 73.1
1562602484.02 73.6
1562602494.03 73.1
1562602504.05 73.6
1562602514.07 73.1
1562602524.09 73.1
1562602534.11 72.5
1562602544.13 73.1
1562602554.15 72.5
1562602564.16 73.1
1562602574.18 73.1
1562602584.2 73.1
1562602594.22 73.1
1562602604.24 73.1
1562602614.26 73.1
1562602624.28 73.1
1562602634.29 73.1
1562602644.31 74.1
1562602654.33 73.1
1562602664.34 73.1
1562602674.36 73.6
1562602684.38 73.6
1562602694.4 73.1
1562602704.41 73.6
1562602714.43 73.1
1562602724.44 73.1
1562602734.46 73.6
1562602744.48 73.1
1562602754.5 73.6
1562602764.52 73.6
1562602774.53 73.1
1562602784.55 72.5
1562602794.56 72.5
1562602804.57 72.5
1562602814.6 72.0
1562602824.61 73.1
1562602834.63 73.1
1562602844.65 73.1
1562602854.66 73.1
1562602864.69 72.5
1562602874.7 73.1
1562602884.72 73.6
1562602894.74 73.1
1562602904.76 73.1
1562602914.78 72.0
1562602924.8 73.1
1562602934.81 73.1
1562602944.83 73.1
1562602954.85 73.1
1562602964.87 72.0
1562602974.88 73.1
1562602984.9 73.1
1562602994.92 73.1
1562603004.93 73.1
1562603014.95 73.1
1562603024.97 73.1
1562603034.99 73.6
1562603045.01 73.6
1562603055.02 73.6
1562603065.04 73.1
1562603075.06 73.6
1562603085.07 73.1
1562603095.09 73.6
1562603105.11 73.1
1562603115.13 73.6
1562603125.14 74.1
1562603135.16 73.1
1562603145.18 73.6
1562603155.2 73.6
1562603165.22 73.1
1562603175.24 73.6
1562603185.26 74.1
1562603195.27 73.6
1562603205.29 72.5
1562603215.31 73.1
1562603225.34 73.1
1562603235.36 73.1
1562603245.38 74.1
1562603255.4 73.6
1562603265.42 73.6
1562603275.43 73.6
1562603285.45 74.1
1562603295.47 73.6
1562603305.49 73.6
1562603315.51 73.6
1562603325.53 73.6
1562603335.55 73.6
1562603345.57 73.6
1562603355.59 73.1
1562603365.61 73.6
1562603375.62 73.1
1562603385.64 73.6
1562603395.66 73.6
1562603405.67 74.1
1562603415.7 73.6
1562603425.71 73.6
1562603435.73 74.1
1562603445.75 73.6
1562603455.77 73.6
1562603465.79 73.1
1562603475.8 73.6
1562603485.82 73.1
1562603495.84 73.6
1562603505.86 73.6
1562603515.88 73.1
1562603525.9 73.1
1562603535.91 73.6
1562603545.93 73.6
1562603555.95 73.1
1562603565.97 73.1
1562603575.99 73.1
1562603586.0 73.1
1562603596.01 73.1
1562603606.03 73.6
1562603616.05 73.1
1562603626.06 73.6
1562603636.07 73.1
1562603646.09 73.1
1562603656.1 73.6
1562603666.12 73.1
1562603676.13 73.1
1562603686.15 73.1
1562603696.17 72.5
1562603706.18 73.1
1562603716.2 73.1
1562603726.22 72.5
1562603736.24 73.1
1562603746.25 73.1
1562603756.27 73.6
1562603766.29 73.6
1562603776.32 72.5
1562603786.33 73.6
1562603796.35 73.6
1562603806.37 73.1
1562603816.39 73.1
1562603826.41 73.6
1562603836.42 73.6
1562603846.44 73.1
1562603856.46 73.6
1562603866.48 73.6
1562603876.49 73.1
1562603886.51 73.6
1562603896.53 73.1
1562603906.54 73.6
1562603916.56 73.1
1562603926.58 73.6
1562603936.61 73.6
1562603946.62 73.6
1562603956.63 73.1
1562603966.65 73.1
1562603976.67 73.1
1562603986.69 73.6
1562603996.7 73.1
1562604006.72 73.6
1562604016.73 73.1
1562604026.75 73.1
1562604036.77 73.1
1562604046.79 73.1
1562604056.8 73.6
1562604066.82 73.1
1562604076.84 73.6
1562604086.85 73.1
1562604096.87 73.6
1562604106.89 73.6
1562604116.9 73.6
1562604126.92 74.1
1562604136.94 73.6
1562604146.95 73.1
1562604156.97 73.6
1562604166.99 74.1
1562604177.01 73.6
1562604187.03 73.1
1562604197.05 74.1
1562604207.06 74.1
1562604217.08 74.1
1562604227.1 73.6
1562604237.11 74.1
1562604247.13 74.1
1562604257.15 73.6
1562604267.16 74.1
1562604277.18 74.1
1562604287.2 73.6
1562604297.22 74.1
1562604307.24 73.6
1562604317.26 74.1
1562604327.27 74.1
1562604337.29 74.7
1562604347.31 75.2
1562604357.32 75.2
1562604367.34 74.7
1562604377.36 75.2
1562604387.37 75.2
1562604397.39 74.7
1562604407.4 75.2
1562604417.42 75.2
1562604427.43 75.2
1562604437.45 74.7
1562604447.46 74.7
1562604457.48 75.2
1562604467.49 75.2
1562604477.51 75.2
1562604487.53 74.1
1562604497.56 74.7
1562604507.57 74.7
1562604517.59 74.7
1562604527.6 75.2
1562604537.62 74.7
1562604547.64 74.7
1562604557.66 75.2
1562604567.67 74.7
1562604577.69 75.2
1562604587.71 75.2
1562604597.73 74.7
1562604607.74 74.1
1562604617.76 75.2
1562604627.78 75.2
1562604637.8 74.7
1562604647.81 74.7
1562604657.83 75.2
1562604667.85 75.2
1562604677.86 74.1
1562604687.88 74.1
1562604697.89 75.2
1562604707.91 74.1
1562604717.92 74.1
1562604727.94 74.7
1562604737.95 75.2
1562604747.97 74.7
1562604757.99 75.2
1562604768.01 74.1
1562604778.02 75.2
1562604788.04 75.2
1562604798.06 75.2
1562604808.08 74.7
1562604818.1 74.1
1562604828.11 75.2
1562604838.13 74.1
1562604848.15 75.2
1562604858.16 74.7
1562604868.18 74.7
1562604878.2 75.2
1562604888.22 74.7
1562604898.24 74.1
1562604908.26 74.1
1562604918.28 75.2
1562604928.3 75.2
1562604938.32 75.2
1562604948.33 74.1
1562604958.35 74.1
1562604968.37 74.1
1562604978.39 74.7
1562604988.4 74.1
1562604998.42 74.1
1562605008.44 73.6
1562605018.45 74.1
1562605028.48 73.6
1562605038.5 74.1
1562605048.51 74.1
1562605058.54 73.1
1562605068.55 74.1
1562605078.56 74.1
1562605088.58 73.6
1562605098.6 74.1
1562605108.61 74.1
1562605118.63 73.6
1562605128.64 73.6
1562605138.66 73.6
1562605148.68 74.1
1562605158.69 74.1
1562605168.71 74.1
1562605178.73 74.1
1562605188.74 74.1
1562605198.76 74.7
1562605208.78 74.7
1562605218.8 74.1
1562605228.81 74.1
1562605238.83 74.1
1562605248.85 74.1
1562605258.86 75.2
1562605268.88 74.7
1562605278.89 74.7
1562605288.92 74.1
1562605298.94 74.1
1562605308.95 74.1
1562605318.96 74.7
1562605328.98 75.2
1562605338.99 74.1
1562605349.01 74.7
1562605359.03 74.7
1562605369.05 75.2
1562605379.07 75.2
1562605389.09 75.2
1562605399.11 75.2
1562605409.12 75.2
1562605419.14 75.2
1562605429.16 75.2
1562605439.17 75.2
1562605449.19 75.8
1562605459.21 75.2
1562605469.22 75.2
1562605479.25 74.7
1562605489.26 75.8
1562605499.28 76.3
1562605509.3 75.2
1562605519.32 74.7
1562605529.34 75.2
1562605539.35 74.1
1562605549.37 75.2
1562605559.38 75.2
1562605569.4 75.2
1562605579.41 75.2
1562605589.43 75.2
1562605599.44 75.2
1562605609.46 75.8
1562605619.47 75.2
1562605629.49 75.2
1562605639.51 75.2
1562605649.53 74.7
1562605659.55 75.8
1562605669.57 75.2
1562605679.58 75.8
1562605689.6 75.8
1562605699.62 76.3
1562605709.64 75.2
1562605719.65 75.8
1562605729.67 75.8
1562605739.69 75.8
1562605749.71 75.8
1562605759.73 75.2
1562605769.75 75.2
1562605779.77 75.8
1562605789.78 75.8
1562605799.8 76.3
1562605809.81 75.8
1562605819.83 75.2
1562605829.84 75.8
1562605839.86 75.8
1562605849.87 76.3
1562605859.89 76.3
1562605869.91 75.2
1562605879.92 76.3
1562605889.94 75.8
1562605899.96 75.8
1562605909.98 76.3
1562605919.99 76.3
1562605930.01 76.3
1562605940.03 75.8
1562605950.04 76.3
1562605960.06 77.4
1562605970.08 76.3
1562605980.1 75.8
1562605990.12 76.8
1562606000.13 76.3
1562606010.15 76.3
1562606020.17 76.3
1562606030.18 76.3
1562606040.2 76.3
1562606050.21 76.3
1562606060.23 76.3
1562606070.24 75.8
1562606080.26 76.3
1562606090.27 76.3
1562606100.29 76.3
1562606110.31 76.3
1562606120.32 77.4
1562606130.33 77.4
1562606140.35 77.4
1562606150.36 76.3
1562606160.37 76.3
1562606170.39 76.8
1562606180.41 76.8
1562606190.44 76.8
1562606200.45 76.3
1562606210.48 75.8
1562606220.49 76.3
1562606230.51 76.3
1562606240.53 76.3
1562606250.54 75.8
1562606260.55 76.3
1562606270.57 76.3
1562606280.58 76.3
1562606290.6 75.2
1562606300.62 76.3
1562606310.63 75.8
1562606320.65 76.3
1562606330.66 75.8
1562606340.68 75.8
1562606350.69 75.8
1562606360.71 75.8
1562606370.73 76.3
1562606380.75 76.3
1562606390.77 76.3
1562606400.78 76.3
1562606410.8 76.3
1562606420.82 75.2
1562606430.83 75.8
1562606440.85 76.3
1562606450.86 76.3
1562606460.88 75.8
1562606470.89 76.3
1562606480.91 76.3
1562606490.92 76.3
1562606500.95 75.8
1562606510.97 75.8
1562606520.99 75.2
1562606531.01 75.2
1562606541.02 75.2
1562606551.04 75.2
1562606561.06 75.2
1562606571.08 75.2
1562606581.1 75.2
1562606591.12 75.2
1562606601.13 75.8
1562606611.16 75.2
1562606621.18 75.2
1562606631.2 75.2
1562606641.21 75.8
1562606651.24 75.2
1562606661.25 75.8
1562606671.27 75.2
1562606681.29 75.8
1562606691.31 75.2
1562606701.33 75.2
1562606711.35 75.2
1562606721.37 75.2
1562606731.39 75.2
1562606741.4 75.2
1562606751.42 75.2
1562606761.44 74.7
1562606771.46 75.2
1562606781.48 75.8
1562606791.5 75.2
1562606801.51 76.3
1562606811.52 76.3
1562606821.54 76.3
1562606831.56 75.8
1562606841.58 76.3
1562606851.59 75.8
1562606861.61 76.3
1562606871.63 76.8
1562606881.64 76.3
1562606891.66 76.8
1562606901.67 76.8
1562606911.69 75.8
1562606921.71 75.8
1562606931.72 75.8
1562606941.74 76.3
1562606951.76 76.3
1562606961.78 75.2
1562606971.8 76.3
1562606981.81 75.8
1562606991.83 75.8
1562607001.86 75.2
1562607011.87 75.8
1562607021.89 75.8
1562607031.91 76.3
1562607042.02 76.3
1562607052.04 76.3
1562607062.06 75.8
1562607072.08 75.8
1562607082.1 75.2
1562607092.12 76.3
1562607102.15 75.8
1562607112.16 76.3
1562607122.18 76.3
1562607132.2 75.8
1562607142.22 76.3
1562607152.24 76.3
1562607162.26 75.8
1562607172.28 76.8
1562607182.3 76.3
1562607192.32 76.3
1562607202.34 76.3
1562607212.35 76.8
1562607222.37 76.3
1562607232.4 76.3
1562607242.41 76.3
1562607252.43 75.8
1562607262.45 76.8
1562607272.47 76.3
1562607282.48 76.3
1562607292.5 76.8
1562607302.52 76.3
1562607312.54 75.8
1562607322.55 76.3
1562607332.57 76.3
1562607342.59 76.3
1562607352.6 76.3
1562607362.62 76.3
1562607372.64 76.3
1562607382.66 76.3
1562607392.67 76.3
1562607402.69 76.8
1562607412.7 77.4
1562607422.72 76.3
1562607432.73 76.8
1562607442.75 76.3
1562607452.77 76.3
1562607462.78 76.3
1562607472.8 76.3
1562607482.81 76.3
1562607492.82 76.8
1562607502.84 76.3
1562607512.85 76.3
1562607522.87 76.3
1562607532.89 76.3
1562607542.91 76.3
1562607552.93 76.8
1562607562.95 76.8
1562607572.97 76.8
1562607582.99 76.3
1562607593.01 76.8
1562607603.02 77.4
1562607613.05 77.4
1562607623.07 77.4
1562607633.08 77.4
1562607643.1 77.4
1562607653.12 77.4
1562607663.14 77.4
1562607673.15 78.4
1562607683.17 77.4
1562607693.19 77.4
1562607703.21 77.4
1562607713.23 77.9
1562607723.25 77.4
1562607733.26 77.9
1562607743.28 77.4
1562607753.31 77.4
1562607763.32 77.9
1562607773.34 77.9
1562607783.36 77.9
1562607793.38 77.4
1562607803.4 77.4
1562607813.42 76.3
1562607823.44 77.4
1562607833.46 76.8
1562607843.48 77.4
1562607853.49 77.4
1562607863.51 77.4
1562607873.53 76.3
1562607883.55 76.8
1562607893.57 76.8
1562607903.58 77.4
1562607913.6 76.8
1562607923.61 77.4
1562607933.63 77.4
1562607943.64 77.4
1562607953.67 77.4
1562607963.68 77.9
1562607973.7 77.4
1562607983.72 77.4
1562607993.73 77.4
1562608003.75 77.4
1562608013.77 77.9
1562608023.78 77.4
1562608033.8 77.4
1562608043.82 77.9
1562608053.83 77.9
1562608063.85 77.4
1562608073.87 77.9
1562608083.89 78.4
1562608093.91 77.4
1562608103.93 78.4
1562608113.95 77.9
1562608123.97 78.4
1562608133.98 77.9
1562608144.01 78.4
1562608154.04 78.4
1562608164.06 78.4
1562608174.07 78.4
1562608184.09 78.4
1562608194.11 79.5
1562608204.12 79.5
1562608214.14 79.0
1562608224.16 79.5
1562608234.18 79.5
1562608244.2 79.5
1562608254.21 79.5
1562608264.23 79.5
1562608274.24 79.5
1562608284.26 79.0
1562608294.28 80.1
1562608304.29 79.0
1562608314.31 79.5
1562608324.32 79.5
1562608334.33 79.5
1562608344.35 79.5
1562608354.36 79.5
1562608364.37 79.5
1562608374.39 79.0
1562608384.41 79.5
1562608394.42 79.5
1562608404.44 79.5
1562608414.46 80.1
1562608424.47 79.5
1562608434.49 80.1
1562608444.51 79.5
1562608454.52 79.5
1562608464.54 79.5
1562608474.55 79.5
1562608484.57 79.5
1562608494.58 79.5
1562608504.59 80.1
1562608514.61 80.6
1562608524.62 80.1
1562608534.64 80.6
1562608544.65 80.6
1562608554.67 81.1
1562608564.68 80.6
1562608574.7 80.6
1562608584.71 80.6
1562608594.72 80.6
1562608604.74 80.6
1562608614.76 80.1
1562608624.77 80.6
1562608634.79 80.6
1562608644.81 80.6
1562608654.82 80.6
1562608664.84 80.1
1562608674.86 80.1
1562608684.87 79.5
1562608694.89 80.1
1562608704.91 80.6
1562608714.92 80.1
1562608724.94 80.1
1562608734.96 80.6
1562608744.97 79.5
1562608754.99 80.1
1562608765.01 80.6
1562608775.02 79.5
1562608785.04 80.1
1562608795.05 80.6
1562608805.06 81.7
1562608815.07 80.6
1562608825.09 79.5
1562608835.1 80.6
1562608845.12 80.6
1562608855.14 80.6
1562608865.15 80.6
1562608875.17 80.6
1562608885.19 80.6
1562608895.21 79.5
1562608905.22 80.6
1562608915.24 79.5
1562608925.26 80.1
1562608935.28 80.1
1562608945.3 80.6
1562608955.31 79.5
1562608965.33 79.5
1562608975.35 79.5
1562608985.37 80.1
1562608995.39 79.5
1562609005.4 80.1
1562609015.42 80.1
1562609025.43 79.5
1562609035.44 79.5
1562609045.46 80.1
1562609055.48 79.5
1562609065.49 80.1
1562609075.52 79.5
1562609085.53 79.5
1562609095.55 79.5
1562609105.57 79.5
1562609115.58 79.5
1562609125.6 79.5
1562609135.62 79.5
1562609145.63 79.5
1562609155.64 79.0
1562609165.66 79.5
1562609175.67 79.0
1562609185.69 79.5
1562609195.71 79.0
1562609205.73 79.0
1562609215.75 79.5
1562609225.77 79.5
1562609235.78 79.5
1562609245.8 79.5
1562609255.82 79.0
1562609265.84 79.5
1562609275.86 78.4
1562609285.88 79.5
1562609295.9 79.5
1562609305.91 79.5
1562609315.93 78.4
1562609325.95 79.0
1562609335.97 78.4
1562609345.98 78.4
1562609356.0 78.4
1562609366.02 77.9
1562609376.04 77.9
1562609386.05 78.4
1562609396.07 77.9
1562609406.08 78.4
1562609416.1 78.4
1562609426.11 78.4
1562609436.13 77.9
1562609446.14 78.4
1562609456.17 77.9
1562609466.19 77.9
1562609476.21 77.9
1562609486.22 78.4
1562609496.23 77.9
1562609506.24 77.4
1562609516.26 78.4
1562609526.27 77.9
1562609536.29 77.9
1562609546.31 77.9
1562609556.32 77.9
1562609566.34 77.4
1562609576.36 77.9
1562609586.38 77.4
1562609596.4 77.9
1562609606.42 77.9
1562609616.43 77.9
1562609626.46 77.4
1562609636.48 77.4
1562609646.49 77.9
1562609656.51 77.4
1562609666.52 77.4
1562609676.53 77.9
1562609686.55 77.9
1562609696.56 78.4
1562609706.57 78.4
1562609716.59 77.9
1562609726.61 78.4
1562609736.63 78.4
1562609746.65 77.9
1562609756.66 78.4
1562609766.68 78.4
1562609776.7 78.4
1562609786.72 78.4
1562609796.74 79.0
1562609806.75 78.4
1562609816.77 78.4
1562609826.79 78.4
1562609836.81 77.9
1562609846.83 78.4
1562609856.85 78.4
1562609866.86 78.4
1562609876.88 78.4
1562609886.9 77.9
1562609896.92 77.9
1562609906.94 79.0
1562609916.95 77.9
1562609926.97 78.4
1562609936.99 77.9
1562609947.01 78.4
1562609957.03 77.9
1562609967.04 78.4
1562609977.06 77.9
1562609987.09 77.9
1562609997.11 77.4
1562610007.13 77.9
1562610017.15 77.4
1562610027.17 77.4
1562610037.19 78.4
1562610047.2 77.4
1562610057.23 78.4
1562610067.25 77.9
1562610077.27 77.9
1562610087.29 77.4
1562610097.31 77.9
1562610107.34 77.4
1562610117.35 77.9
1562610127.37 77.4
1562610137.39 78.4
1562610147.41 77.4
1562610157.44 77.4
1562610167.45 77.9
1562610177.48 77.9
1562610187.49 77.9
1562610197.52 78.4
1562610207.54 78.4
1562610217.56 78.4
1562610227.58 78.4
1562610237.6 78.4
1562610247.62 78.4
1562610257.64 78.4
1562610267.66 77.9
1562610277.69 78.4
1562610287.71 77.4
1562610297.73 77.9
1562610307.75 77.4
1562610317.78 77.4
1562610327.81 77.4
1562610337.82 77.4
1562610347.83 77.4
1562610357.85 77.9
1562610367.87 77.9
1562610377.89 77.4
1562610387.9 77.4
1562610397.92 77.4
1562610407.94 77.9
1562610417.96 77.9
1562610427.98 78.4
1562610437.99 77.9
1562610448.01 77.4
1562610458.03 77.9
1562610468.05 78.4
1562610478.07 78.4
1562610488.08 78.4
1562610498.09 78.4
1562610508.11 78.4
1562610518.13 78.4
1562610528.14 77.9
1562610538.16 79.0
1562610548.18 78.4
1562610558.2 78.4
1562610568.22 77.9
1562610578.24 77.9
1562610588.26 78.4
1562610598.27 78.4
1562610608.29 78.4
1562610618.31 79.0
1562610628.33 77.9
1562610638.36 78.4
1562610648.38 77.4
1562610658.4 78.4
1562610668.42 77.9
1562610678.45 78.4
1562610688.46 78.4
1562610698.47 79.0
1562610708.49 78.4
1562610718.51 78.4
1562610728.52 78.4
1562610738.55 78.4
1562610748.57 78.4
1562610758.58 79.5
1562610768.6 79.0
1562610778.62 79.0
1562610788.64 79.0
1562610798.65 79.0
1562610808.67 79.5
1562610818.68 78.4
1562610828.7 79.5
1562610838.72 78.4
1562610848.74 79.5
1562610858.75 79.5
1562610868.77 79.0
1562610878.79 78.4
1562610888.81 78.4
1562610898.83 78.4
1562610908.85 79.5
1562610918.87 78.4
1562610928.89 79.5
1562610938.91 79.0
1562610948.93 79.0
1562610958.95 79.0
1562610968.98 79.0
1562610979.0 79.0
1562610989.02 79.5
1562610999.04 79.5
1562611009.06 78.4
1562611019.08 79.5
1562611029.1 79.0
1562611039.12 79.5
1562611049.15 78.4
1562611059.17 79.0
1562611069.19 79.5
1562611079.21 79.0
1562611089.23 79.0
1562611099.26 79.0
1562611109.28 79.5
1562611119.3 77.9
1562611129.32 79.0
1562611139.34 78.4
1562611149.36 78.4
1562611159.38 79.5
1562611169.39 78.4
1562611179.41 79.5
1562611189.43 79.5
1562611199.44 79.5
1562611209.47 79.0
1562611219.48 79.0
1562611229.5 79.0
1562611239.52 79.0
1562611249.54 79.5
1562611259.56 79.0
1562611269.57 78.4
1562611279.59 79.5
1562611289.61 79.5
1562611299.63 79.5
1562611309.64 79.5
1562611319.66 78.4
1562611329.68 79.0
1562611339.7 78.4
1562611349.72 79.0
1562611359.75 78.4
1562611369.77 78.4
1562611379.79 79.0
1562611389.81 79.0
1562611399.83 78.4
1562611409.85 78.4
1562611419.87 78.4
1562611429.89 79.0
1562611439.92 78.4
1562611449.94 78.4
1562611459.97 78.4
1562611469.99 79.0
1562611480.01 78.4
1562611490.03 79.5
1562611500.05 79.0
1562611510.07 78.4
1562611520.09 78.4
1562611530.12 78.4
1562611540.14 79.0
1562611550.17 78.4
1562611560.19 78.4
1562611570.21 79.0
1562611580.23 78.4
1562611590.25 79.0
1562611600.27 78.4
1562611610.3 79.0
1562611620.32 79.0
1562611630.34 79.5
1562611640.36 79.0
1562611650.39 78.4
1562611660.41 78.4
1562611670.43 79.5
1562611680.45 79.0
1562611690.48 79.0
1562611700.5 79.5
1562611710.52 79.5
1562611720.54 78.4
1562611730.56 79.0
1562611740.59 79.0
1562611750.61 79.0
1562611760.62 78.4
1562611770.65 79.0
1562611780.66 79.0
1562611790.68 79.0
1562611800.69 79.5
1562611810.71 79.5
1562611820.73 78.4
1562611830.75 79.5
1562611840.77 79.0
1562611850.78 78.4
1562611860.81 79.5
1562611870.83 78.4
1562611880.84 79.0
1562611890.87 79.5
1562611900.89 79.5
1562611910.9 79.0
1562611920.92 79.5
1562611930.94 79.5
1562611940.96 79.5
1562611950.98 79.5
1562611960.99 79.5
1562611971.01 79.5
1562611981.03 79.5
1562611991.04 79.5
1562612001.06 79.0
1562612011.09 78.4
1562612021.11 79.5
1562612031.13 78.4
1562612041.14 79.5
1562612051.16 78.4
1562612061.19 79.5
1562612071.2 79.5
1562612081.22 79.0
1562612091.23 79.5
1562612101.26 79.5
1562612111.27 79.5
1562612121.29 79.0
1562612131.31 79.0
1562612141.32 78.4
1562612151.34 79.5
1562612161.35 79.5
1562612171.37 79.5
1562612181.39 79.0
1562612191.41 79.5
1562612201.43 79.5
1562612211.44 79.5
1562612221.46 79.5
1562612231.48 79.5
1562612241.5 79.5
1562612251.52 79.5
1562612261.54 78.4
1562612271.55 79.5
1562612281.57 79.0
1562612291.6 79.5
1562612301.61 80.1
1562612311.62 79.0
1562612321.64 79.0
1562612331.65 79.0
1562612341.66 79.5
1562612351.68 79.5
1562612361.7 79.5
1562612371.73 79.5
1562612381.74 79.5
1562612391.76 79.0
1562612401.78 79.5
