1562000007.8 77.9
1562000017.81 79.0
1562000027.83 78.4
1562000037.85 80.1
1562000047.87 79.5
1562000057.88 79.5
1562000067.89 79.5
1562000077.91 79.5
1562000087.92 79.5
1562000097.93 79.5
1562000107.95 80.1
1562000117.96 79.5
1562000127.98 79.5
1562000137.99 79.5
1562000148.01 79.5
1562000158.02 80.1
1562000168.04 80.6
1562000178.05 80.6
1562000188.07 80.6
1562000198.08 80.1
1562000208.1 80.6
1562000218.11 80.6
1562000228.13 80.1
1562000238.14 80.6
1562000248.15 80.1
1562000258.16 80.6
1562000268.18 81.1
1562000278.19 81.7
1562000288.2 80.6
1562000298.22 81.1
1562000308.23 80.6
1562000318.25 80.6
1562000328.26 80.6
1562000338.27 80.1
1562000348.29 80.6
1562000358.3 80.1
1562000368.31 80.6
1562000378.32 81.1
1562000388.34 80.6
1562000398.35 81.1
1562000408.37 82.2
1562000418.38 82.2
1562000428.4 81.7
1562000438.41 81.1
1562000448.43 81.7
1562000458.45 81.7
1562000468.46 81.7
1562000478.48 80.6
1562000488.5 82.2
1562000498.51 81.7
1562000508.53 80.6
1562000518.55 81.1
1562000528.56 80.6
1562000538.58 80.6
1562000548.6 81.1
1562000558.6 80.6
1562000568.62 81.1
1562000578.63 80.6
1562000588.65 80.6
1562000598.67 80.6
1562000608.68 81.1
1562000618.7 80.6
1562000628.72 80.6
1562000638.74 81.1
1562000648.75 80.1
1562000658.77 80.6
1562000668.79 80.6
1562000678.8 81.1
1562000688.81 80.6
1562000698.83 80.6
1562000708.84 80.1
1562000718.86 81.1
1562000728.87 81.1
1562000738.89 80.6
1562000748.9 80.6
1562000758.92 80.6
1562000768.93 81.1
1562000778.95 80.1
1562000788.96 80.6
1562000798.97 81.1
1562000808.99 79.5
1562000819.0 80.6
1562000829.02 80.6
1562000839.04 81.1
1562000849.05 81.1
1562000859.06 80.6
1562000869.08 80.6
1562000879.09 80.6
1562000889.11 81.7
1562000899.13 81.7
1562000909.14 82.2
1562000919.16 81.7
1562000929.18 81.1
1562000939.19 82.2
1562000949.21 82.2
1562000959.22 81.7
1562000969.24 81.7
1562000979.26 81.1
1562000989.27 82.2
1562000999.28 81.7
1562001009.3 81.7
1562001019.32 81.7
1562001029.34 81.7
1562001039.35 80.6
1562001049.36 81.7
1562001059.38 81.7
1562001069.39 82.2
1562001079.41 82.2
1562001089.42 82.2
1562001099.44 82.2
1562001109.45 81.7
1562001119.47 82.2
1562001129.49 82.2
1562001139.51 82.2
1562001149.52 82.7
1562001159.54 81.7
1562001169.55 82.2
1562001179.57 82.2
1562001189.58 82.7
1562001199.6 82.7
1562001209.62 82.7
1562001219.63 82.7
1562001229.64 82.7
1562001239.65 82.7
1562001249.67 82.7
1562001259.69 82.7
1562001269.71 82.7
1562001279.72 82.7
1562001289.74 82.2
1562001299.76 82.7
1562001309.78 82.7
1562001319.79 82.7
1562001329.81 81.7
1562001339.83 82.2
1562001349.84 82.7
1562001359.86 82.2
1562001369.88 82.7
1562001379.9 82.7
1562001389.91 82.2
1562001399.92 82.7
1562001409.94 82.2
1562001419.96 82.2
1562001429.97 81.7
1562001440.0 81.7
1562001450.01 82.2
1562001460.03 82.7
1562001470.04 82.2
1562001480.06 82.7
1562001490.08 82.7
1562001500.09 82.2
1562001510.11 82.2
1562001520.12 82.2
1562001530.13 82.7
1562001540.14 81.7
1562001550.16 82.7
1562001560.18 82.7
1562001570.19 81.7
1562001580.21 81.7
1562001590.23 81.7
1562001600.25 82.2
1562001610.27 81.7
1562001620.28 82.2
1562001630.3 82.2
1562001640.31 81.7
1562001650.32 82.2
1562001660.34 81.7
1562001670.36 82.2
1562001680.37 82.2
1562001690.39 81.7
1562001700.41 82.2
1562001710.43 82.7
1562001720.45 82.2
1562001730.46 81.7
1562001740.48 82.2
1562001750.49 82.2
1562001760.51 82.7
1562001770.52 82.2
1562001780.54 82.2
1562001790.56 82.2
1562001800.57 82.2
1562001810.59 82.7
1562001820.61 82.7
1562001830.62 81.7
1562001840.64 82.2
1562001850.66 81.7
1562001860.67 81.7
1562001870.69 82.2
1562001880.7 81.7
1562001890.72 81.7
1562001900.74 81.7
1562001910.75 81.7
1562001920.77 81.7
1562001930.78 80.6
1562001940.8 81.7
1562001950.82 82.2
1562001960.83 82.2
1562001970.85 82.2
1562001980.87 81.7
1562001990.88 81.7
1562002000.9 82.7
1562002010.92 81.7
1562002020.93 82.7
1562002030.95 82.2
1562002040.97 81.7
1562002050.99 81.7
1562002061.0 81.7
1562002071.02 81.7
1562002081.04 81.7
1562002091.06 82.2
1562002101.07 81.7
1562002111.09 81.7
1562002121.11 81.1
1562002131.12 81.1
1562002141.14 81.1
1562002151.16 80.6
1562002161.17 81.7
1562002171.18 81.7
1562002181.2 81.1
1562002191.22 81.1
1562002201.23 81.1
1562002211.25 81.1
1562002221.26 81.7
1562002231.28 81.7
1562002241.3 81.7
1562002251.31 82.2
1562002261.33 81.7
1562002271.35 81.7
1562002281.37 82.2
1562002291.38 81.7
1562002301.4 81.7
1562002311.41 82.2
1562002321.43 81.7
1562002331.45 81.7
1562002341.47 81.7
1562002351.47 81.7
1562002361.49 81.7
1562002371.51 81.7
1562002381.52 82.2
1562002391.54 82.7
1562002401.55 82.2
1562002411.57 82.2
1562002421.58 82.2
1562002431.59 81.7
1562002441.61 81.7
1562002451.62 81.7
1562002461.64 81.1
1562002471.65 80.6
1562002481.67 81.7
1562002491.69 81.7
1562002501.7 81.7
1562002511.72 81.1
1562002521.73 81.7
1562002531.75 81.1
1562002541.76 81.7
1562002551.78 80.6
1562002561.79 81.7
1562002571.81 81.1
1562002581.82 80.6
1562002591.84 80.6
1562002601.86 80.6
1562002611.87 80.6
1562002621.89 80.6
1562002631.91 80.6
1562002641.92 80.6
1562002651.93 80.6
1562002661.95 80.6
1562002671.96 81.1
1562002681.98 80.6
1562002692.0 81.7
1562002702.02 81.7
1562002712.03 81.1
1562002722.05 81.1
1562002732.07 81.1
1562002742.08 80.6
1562002752.1 80.6
1562002762.11 81.1
1562002772.13 80.6
1562002782.15 80.6
1562002792.16 80.6
1562002802.18 81.7
1562002812.19 81.7
1562002822.21 81.7
1562002832.22 81.7
1562002842.23 81.7
1562002852.24 80.6
1562002862.26 81.7
1562002872.27 81.7
1562002882.29 81.7
1562002892.3 82.2
1562002902.31 81.1
1562002912.32 80.6
1562002922.34 81.7
1562002932.35 81.1
1562002942.37 81.1
1562002952.38 81.7
1562002962.39 80.6
1562002972.4 80.6
1562002982.42 81.7
1562002992.44 81.7
1562003002.45 81.7
1562003012.46 80.6
1562003022.48 81.7
1562003032.5 81.1
1562003042.51 81.7
1562003052.52 81.1
1562003062.54 81.7
1562003072.55 81.7
1562003082.56 81.1
1562003092.58 81.7
1562003102.6 82.2
1562003112.61 82.2
1562003122.63 81.7
1562003132.64 81.7
1562003142.65 82.2
1562003152.67 82.7
1562003162.68 82.7
1562003172.7 82.2
1562003182.72 82.2
1562003192.74 81.7
1562003202.75 82.2
1562003212.77 82.2
1562003222.78 82.7
1562003232.79 82.2
1562003242.81 82.2
1562003252.83 82.2
1562003262.85 81.7
1562003272.86 82.7
1562003282.88 82.7
1562003292.89 82.2
1562003302.91 82.7
1562003312.93 82.7
1562003322.94 82.2
1562003332.96 82.2
1562003342.97 81.7
1562003352.99 82.2
1562003363.0 81.7
1562003373.02 82.2
1562003383.03 82.2
1562003393.05 82.2
1562003403.07 81.7
1562003413.08 82.7
1562003423.09 81.7
1562003433.1 82.7
1562003443.11 82.7
1562003453.13 82.2
1562003463.14 82.2
1562003473.16 81.7
1562003483.18 82.7
1562003493.19 82.7
1562003517.97 82.7
1562003527.98 82.2
1562003538.0 81.7
1562003548.02 82.7
1562003558.03 82.7
1562003568.04 82.2
1562003578.06 82.7
1562003588.07 82.7
1562003598.09 82.7
1562003608.11 82.7
1562003618.12 82.7
1562003628.14 82.7
1562003638.15 82.7
1562003648.17 82.7
1562003658.19 82.7
1562003668.21 81.7
1562003678.22 82.7
1562003688.24 82.7
1562003698.25 82.2
1562003708.26 82.2
1562003718.28 82.2
1562003728.3 82.7
1562003738.32 81.7
1562003748.33 82.2
1562003758.34 82.7
1562003768.36 81.7
1562003778.38 82.2
1562003788.39 82.7
1562003798.4 82.2
1562003808.41 82.2
1562003818.43 82.7
1562003828.44 81.7
1562003838.46 81.7
1562003848.47 81.1
1562003858.49 81.7
1562003868.51 81.7
1562003878.53 82.2
1562003888.54 81.7
1562003898.56 81.1
1562003908.57 80.6
1562003918.59 81.1
1562003928.6 81.7
1562003938.62 81.1
1562003948.63 81.7
1562003958.65 81.1
1562003968.67 81.7
1562003978.68 81.7
1562003988.7 80.6
1562003998.71 80.6
